0: output to Pd.dmc.o
Read took 28 seconds
 setting eref= -127.315604264868
 start branch cut at 11.2107290682218
 stop branch cut at 16.8160936023326
matching: 0.005156
sending branch: 0.073501
Finding out where to send: 0.0008
sending walkers:9e-06
matching: 0.005036
sending branch: 0.071825
Finding out where to send: 0.000859
sending walkers:8e-06
matching: 0.00503
sending branch: 0.073066
Finding out where to send: 0.000758
sending walkers:1.1e-05
matching: 0.005014
sending branch: 0.075989
Finding out where to send: 0.00076
sending walkers:9e-06
matching: 0.005007
sending branch: 0.078186
Finding out where to send: 0.000738
sending walkers:0.000382
matching: 0.005124
sending branch: 0.076213
Finding out where to send: 0.000891
sending walkers:9e-06
matching: 0.004991
sending branch: 0.082146
Finding out where to send: 0.00075
sending walkers:1e-05
matching: 0.005021
sending branch: 0.073198
Finding out where to send: 0.000761
sending walkers:1e-05
matching: 0.005085
sending branch: 0.07648
Finding out where to send: 0.000755
sending walkers:1e-05
matching: 0.005038
sending branch: 0.076405
Finding out where to send: 0.000769
sending walkers:1e-05
matching: 0.004991
sending branch: 0.072525
Finding out where to send: 0.000979
sending walkers:9e-06
matching: 0.004997
sending branch: 0.073703
Finding out where to send: 0.000752
sending walkers:9e-06
matching: 0.00504
sending branch: 0.073361
Finding out where to send: 0.000773
sending walkers:9e-06
matching: 0.005049
sending branch: 0.076802
Finding out where to send: 0.000761
sending walkers:1.2e-05
matching: 0.005052
sending branch: 0.074493
Finding out where to send: 0.000871
sending walkers:1.1e-05
matching: 0.005022
sending branch: 0.172015
Finding out where to send: 0.000742
sending walkers:9e-06
matching: 0.005098
sending branch: 0.071694
Finding out where to send: 0.00076
sending walkers:9e-06
matching: 0.005206
sending branch: 0.073516
Finding out where to send: 0.000777
sending walkers:1e-05
matching: 0.005077
sending branch: 0.076121
Finding out where to send: 0.000834
sending walkers:1.1e-05
matching: 0.005026
sending branch: 0.071614
Finding out where to send: 0.00075
sending walkers:1.3e-05
matching: 0.005026
sending branch: 0.071629
Finding out where to send: 0.000871
sending walkers:8e-06
matching: 0.00499
sending branch: 0.073008
Finding out where to send: 0.000892
sending walkers:8e-06
matching: 0.00512
sending branch: 0.073318
Finding out where to send: 0.000763
sending walkers:1.1e-05
matching: 0.005064
sending branch: 0.078745
Finding out where to send: 0.000757
sending walkers:9e-06
matching: 0.004981
sending branch: 0.11004
Finding out where to send: 0.000759
sending walkers:1.1e-05
matching: 0.005073
sending branch: 0.074111
Finding out where to send: 0.000769
sending walkers:9e-06
matching: 0.005193
sending branch: 0.182188
Finding out where to send: 0.000743
sending walkers:9e-06
matching: 0.00509
sending branch: 0.074755
Finding out where to send: 0.000755
sending walkers:9e-06
matching: 0.005013
sending branch: 0.074778
Finding out where to send: 0.000886
sending walkers:9e-06
matching: 0.004994
sending branch: 0.076304
Finding out where to send: 0.000748
sending walkers:1.1e-05
matching: 0.005126
sending branch: 0.077429
Finding out where to send: 0.000763
sending walkers:1e-05
matching: 0.005079
sending branch: 0.076634
Finding out where to send: 0.000768
sending walkers:9e-06
matching: 0.005186
sending branch: 0.079494
Finding out where to send: 0.000751
sending walkers:1e-05
matching: 0.00508
sending branch: 0.076706
Finding out where to send: 0.000752
sending walkers:9e-06
matching: 0.005015
sending branch: 0.072371
Finding out where to send: 0.000775
sending walkers:1.1e-05
matching: 0.00502
sending branch: 0.076852
Finding out where to send: 0.000765
sending walkers:1.6e-05
matching: 0.004994
sending branch: 0.072943
Finding out where to send: 0.000757
sending walkers:1.6e-05
matching: 0.005087
sending branch: 0.076143
Finding out where to send: 0.000734
sending walkers:0.000156
matching: 0.005026
sending branch: 0.072417
Finding out where to send: 0.000759
sending walkers:8e-06
matching: 0.005116
sending branch: 0.114773
Finding out where to send: 0.000779
sending walkers:9e-06
1: Write took 1 seconds
matching: 0.005005
sending branch: 0.073121
Finding out where to send: 0.000774
sending walkers:9e-06
matching: 0.005057
sending branch: 0.070518
Finding out where to send: 0.000774
sending walkers:1e-05
matching: 0.005031
sending branch: 0.073187
Finding out where to send: 0.000791
sending walkers:8e-06
matching: 0.004966
sending branch: 0.078386
Finding out where to send: 0.0009
sending walkers:1e-05
matching: 0.005098
sending branch: 0.077222
Finding out where to send: 0.000763
sending walkers:8.3e-05
matching: 0.004963
sending branch: 0.072914
Finding out where to send: 0.000899
sending walkers:9e-06
matching: 0.005024
sending branch: 0.072868
Finding out where to send: 0.000944
sending walkers:1.2e-05
matching: 0.005004
sending branch: 0.081853
Finding out where to send: 0.000809
sending walkers:9e-06
matching: 0.005038
sending branch: 0.074924
Finding out where to send: 0.000795
sending walkers:8e-06
matching: 0.005011
sending branch: 0.07795
Finding out where to send: 0.000824
sending walkers:1e-05
matching: 0.005063
sending branch: 0.073342
Finding out where to send: 0.000785
sending walkers:1.1e-05
matching: 0.004988
sending branch: 0.070659
Finding out where to send: 0.000783
sending walkers:1.6e-05
matching: 0.00501
sending branch: 0.075216
Finding out where to send: 0.000792
sending walkers:1.1e-05
matching: 0.005042
sending branch: 0.076413
Finding out where to send: 0.000797
sending walkers:1e-05
matching: 0.005074
sending branch: 0.073367
Finding out where to send: 0.000782
sending walkers:1e-05
matching: 0.00516
sending branch: 0.108215
Finding out where to send: 0.000778
sending walkers:9e-06
matching: 0.00505
sending branch: 0.077693
Finding out where to send: 0.000788
sending walkers:1.7e-05
matching: 0.005281
sending branch: 0.072235
Finding out where to send: 0.000812
sending walkers:1.1e-05
matching: 0.004969
sending branch: 0.084873
Finding out where to send: 0.000779
sending walkers:1.3e-05
matching: 0.004993
sending branch: 0.074042
Finding out where to send: 0.000789
sending walkers:9e-06
matching: 0.005162
sending branch: 0.073697
Finding out where to send: 0.000799
sending walkers:1e-05
matching: 0.004965
sending branch: 0.07233
Finding out where to send: 0.00079
sending walkers:7e-06
matching: 0.005011
sending branch: 0.074024
Finding out where to send: 0.000844
sending walkers:1e-05
matching: 0.005014
sending branch: 0.079077
Finding out where to send: 0.000786
sending walkers:9e-06
matching: 0.005017
sending branch: 0.075408
Finding out where to send: 0.000815
sending walkers:1e-05
matching: 0.004989
sending branch: 0.074521
Finding out where to send: 0.000986
sending walkers:1.2e-05
matching: 0.005055
sending branch: 0.074658
Finding out where to send: 0.000792
sending walkers:1.3e-05
matching: 0.004992
sending branch: 0.074081
Finding out where to send: 0.000814
sending walkers:1e-05
matching: 0.004968
sending branch: 0.077614
Finding out where to send: 0.000799
sending walkers:1e-05
matching: 0.004996
sending branch: 0.072554
Finding out where to send: 0.001045
sending walkers:1e-05
matching: 0.005066
sending branch: 0.074948
Finding out where to send: 0.000793
sending walkers:1.1e-05
matching: 0.005033
sending branch: 0.073244
Finding out where to send: 0.001069
sending walkers:1e-05
matching: 0.005021
sending branch: 0.076959
Finding out where to send: 0.000821
sending walkers:1.1e-05
matching: 0.004995
sending branch: 0.077058
Finding out where to send: 0.000882
sending walkers:1e-05
matching: 0.005072
sending branch: 0.072207
Finding out where to send: 0.000833
sending walkers:1.1e-05
matching: 0.004995
sending branch: 0.072794
Finding out where to send: 0.000783
sending walkers:1.1e-05
matching: 0.005001
sending branch: 0.074027
Finding out where to send: 0.000787
sending walkers:1e-05
matching: 0.005153
sending branch: 0.082218
Finding out where to send: 0.00085
sending walkers:1.4e-05
matching: 0.004974
sending branch: 0.074006
Finding out where to send: 0.000811
sending walkers:1.3e-05
matching: 0.005174
sending branch: 0.110022
Finding out where to send: 0.000784
sending walkers:7e-06
1: Write took 0 seconds
matching: 0.005058
sending branch: 0.073086
Finding out where to send: 0.000772
sending walkers:8e-06
matching: 0.005029
sending branch: 0.073113
Finding out where to send: 0.000975
sending walkers:9e-06
matching: 0.004974
sending branch: 0.074335
Finding out where to send: 0.000771
sending walkers:1e-05
matching: 0.004943
sending branch: 0.071053
Finding out where to send: 0.000812
sending walkers:2e-05
matching: 0.005046
sending branch: 0.075362
Finding out where to send: 0.000856
sending walkers:1.1e-05
matching: 0.005027
sending branch: 0.073703
Finding out where to send: 0.000817
sending walkers:1.1e-05
matching: 0.00502
sending branch: 0.075038
Finding out where to send: 0.000849
sending walkers:1e-05
matching: 0.004995
sending branch: 0.134247
Finding out where to send: 0.000932
sending walkers:1e-05
matching: 0.005064
sending branch: 0.081977
Finding out where to send: 0.000798
sending walkers:1.1e-05
matching: 0.005112
sending branch: 0.075036
Finding out where to send: 0.000808
sending walkers:1.5e-05
matching: 0.005004
sending branch: 0.074151
Finding out where to send: 0.000805
sending walkers:1e-05
matching: 0.005054
sending branch: 0.072411
Finding out where to send: 0.000897
sending walkers:9e-06
matching: 0.00508
sending branch: 0.071666
Finding out where to send: 0.000821
sending walkers:8e-06
matching: 0.005048
sending branch: 0.072714
Finding out where to send: 0.000801
sending walkers:1.3e-05
matching: 0.005054
sending branch: 0.077729
Finding out where to send: 0.000826
sending walkers:1.2e-05
matching: 0.005132
sending branch: 0.071773
Finding out where to send: 0.000802
sending walkers:7e-06
matching: 0.004972
sending branch: 0.077381
Finding out where to send: 0.000857
sending walkers:1.1e-05
matching: 0.004973
sending branch: 0.074672
Finding out where to send: 0.000822
sending walkers:1.2e-05
matching: 0.005178
sending branch: 0.076452
Finding out where to send: 0.000786
sending walkers:1.1e-05
matching: 0.00499
sending branch: 0.073157
Finding out where to send: 0.001011
sending walkers:1e-05
matching: 0.005108
sending branch: 0.072395
Finding out where to send: 0.000916
sending walkers:1.1e-05
matching: 0.005021
sending branch: 0.072774
Finding out where to send: 0.000805
sending walkers:8e-06
matching: 0.005068
sending branch: 0.08066
Finding out where to send: 0.000784
sending walkers:1e-05
matching: 0.005064
sending branch: 0.082449
Finding out where to send: 0.000876
sending walkers:9e-06
matching: 0.005118
sending branch: 0.082448
Finding out where to send: 0.000881
sending walkers:8e-06
matching: 0.005097
sending branch: 0.083263
Finding out where to send: 0.000796
sending walkers:1e-05
matching: 0.005072
sending branch: 0.080085
Finding out where to send: 0.000814
sending walkers:1.1e-05
matching: 0.005022
sending branch: 0.077164
Finding out where to send: 0.000942
sending walkers:1e-05
matching: 0.005036
sending branch: 0.083868
Finding out where to send: 0.000806
sending walkers:8e-06
matching: 0.005039
sending branch: 0.077924
Finding out where to send: 0.000977
sending walkers:1e-05
matching: 0.005083
sending branch: 0.078578
Finding out where to send: 0.000898
sending walkers:1e-05
matching: 0.004967
sending branch: 0.078532
Finding out where to send: 0.000798
sending walkers:1.5e-05
matching: 0.005092
sending branch: 0.078905
Finding out where to send: 0.000841
sending walkers:1.1e-05
matching: 0.005094
sending branch: 0.086151
Finding out where to send: 0.00087
sending walkers:1.3e-05
matching: 0.005081
sending branch: 0.079649
Finding out where to send: 0.000866
sending walkers:9e-06
matching: 0.005037
sending branch: 0.079146
Finding out where to send: 0.000786
sending walkers:1e-05
matching: 0.00507
sending branch: 0.07682
Finding out where to send: 0.000805
sending walkers:9e-06
matching: 0.00498
sending branch: 0.081425
Finding out where to send: 0.000809
sending walkers:9e-06
matching: 0.005092
sending branch: 0.078531
Finding out where to send: 0.000807
sending walkers:1e-05
matching: 0.005033
sending branch: 0.113508
Finding out where to send: 0.000791
sending walkers:9e-06
1: Write took 0 seconds
