#-------------------------------------------------
#VMC run: timestep 1.8 nconfig 8192 steps 30
#-------------------------------------------------


init { 
   label vmc
}
block { 
   label vmc
   totweight 245760
   nautocorr 0
   total_energy { -10.69644808524829   } 
   total_energyvar { 0.868257731111388   } 
   weight { 1   } 
   weightvar { 0   } 
   kinetic_energy { 3.865930963244393   } 
   kinetic_energyvar { 4.606743062751348   } 
   potential_energy { -14.91388313203459   } 
   potential_energyvar { 3.184526315984626   } 
   nonlocal_energy { 0.3515040835419075   } 
   nonlocal_energyvar { 5.656418121319664   } 
   autocorr_energy { } 
} 

block { 
   label vmc
   totweight 245760
   nautocorr 0
   total_energy { -10.69536665631751   } 
   total_energyvar { 0.9646022286476733   } 
   weight { 1   } 
   weightvar { 0   } 
   kinetic_energy { 3.881873214221619   } 
   kinetic_energyvar { 4.449999606046702   } 
   potential_energy { -14.90457752215972   } 
   potential_energyvar { 3.27269059474748   } 
   nonlocal_energy { 0.3273376516205853   } 
   nonlocal_energyvar { 5.494955663871695   } 
   autocorr_energy { } 
} 

block { 
   label vmc
   totweight 245760
   nautocorr 0
   total_energy { -10.69638933666319   } 
   total_energyvar { 0.8942525344202455   } 
   weight { 1   } 
   weightvar { 0   } 
   kinetic_energy { 3.872145473602143   } 
   kinetic_energyvar { 4.543909629439325   } 
   potential_energy { -14.91003813066875   } 
   potential_energyvar { 3.191453198451361   } 
   nonlocal_energy { 0.3415033204034127   } 
   nonlocal_energyvar { 5.57987636431568   } 
   autocorr_energy { } 
} 

block { 
   label vmc
   totweight 245760
   nautocorr 0
   total_energy { -10.69285919228219   } 
   total_energyvar { 1.001309527213365   } 
   weight { 1   } 
   weightvar { 0   } 
   kinetic_energy { 3.874947785729627   } 
   kinetic_energyvar { 4.590181997873678   } 
   potential_energy { -14.8944685682045   } 
   potential_energyvar { 3.229780411028282   } 
   nonlocal_energy { 0.3266615901926843   } 
   nonlocal_energyvar { 5.590539061358798   } 
   autocorr_energy { } 
} 

block { 
   label vmc
   totweight 245760
   nautocorr 0
   total_energy { -10.69419240390805   } 
   total_energyvar { 0.9173872762150889   } 
   weight { 1   } 
   weightvar { 0   } 
   kinetic_energy { 3.87576423543478   } 
   kinetic_energyvar { 4.470881978897065   } 
   potential_energy { -14.89951196467639   } 
   potential_energyvar { 3.208570741053555   } 
   nonlocal_energy { 0.3295553253335567   } 
   nonlocal_energyvar { 5.492898289291618   } 
   autocorr_energy { } 
} 

block { 
   label vmc
   totweight 245760
   nautocorr 0
   total_energy { -10.69332131609965   } 
   total_energyvar { 1.401718295958325   } 
   weight { 1   } 
   weightvar { 0   } 
   kinetic_energy { 3.872526019800578   } 
   kinetic_energyvar { 4.751062022711117   } 
   potential_energy { -14.90129924971721   } 
   potential_energyvar { 3.18466695059864   } 
   nonlocal_energy { 0.3354519138169759   } 
   nonlocal_energyvar { 5.580273256454078   } 
   autocorr_energy { } 
} 

block { 
   label vmc
   totweight 245760
   nautocorr 0
   total_energy { -10.69972586746092   } 
   total_energyvar { 0.9195254104938596   } 
   weight { 1   } 
   weightvar { 0   } 
   kinetic_energy { 3.883219917386846   } 
   kinetic_energyvar { 4.514539647716181   } 
   potential_energy { -14.90696169493415   } 
   potential_energyvar { 3.193004620436772   } 
   nonlocal_energy { 0.3240159100863906   } 
   nonlocal_energyvar { 5.404099758176246   } 
   autocorr_energy { } 
} 

block { 
   label vmc
   totweight 245760
   nautocorr 0
   total_energy { -10.69827533364303   } 
   total_energyvar { 0.8899786963329334   } 
   weight { 1   } 
   weightvar { 0   } 
   kinetic_energy { 3.86648280432353   } 
   kinetic_energyvar { 4.625383752638983   } 
   potential_energy { -14.91132336498085   } 
   potential_energyvar { 3.218153940932261   } 
   nonlocal_energy { 0.3465652270142942   } 
   nonlocal_energyvar { 5.667911419740724   } 
   autocorr_energy { } 
} 

block { 
   label vmc
   totweight 245760
   nautocorr 0
   total_energy { -10.69701720281494   } 
   total_energyvar { 0.9359865757290547   } 
   weight { 1   } 
   weightvar { 0   } 
   kinetic_energy { 3.877425237917315   } 
   kinetic_energyvar { 4.544373134281148   } 
   potential_energy { -14.89508892649208   } 
   potential_energyvar { 3.209730877355631   } 
   nonlocal_energy { 0.3206464857598235   } 
   nonlocal_energyvar { 5.475881402172324   } 
   autocorr_energy { } 
} 

block { 
   label vmc
   totweight 245760
   nautocorr 0
   total_energy { -10.6988202644449   } 
   total_energyvar { 0.9002194143559794   } 
   weight { 1   } 
   weightvar { 0   } 
   kinetic_energy { 3.882417036777724   } 
   kinetic_energyvar { 4.476203480604897   } 
   potential_energy { -14.90526026321292   } 
   potential_energyvar { 3.174143855367759   } 
   nonlocal_energy { 0.3240229619902957   } 
   nonlocal_energyvar { 5.367395599752108   } 
   autocorr_energy { } 
} 

block { 
   label vmc
   totweight 245760
   nautocorr 0
   total_energy { -10.68973278446555   } 
   total_energyvar { 1.311201281762709   } 
   weight { 1   } 
   weightvar { 0   } 
   kinetic_energy { 3.871000289374289   } 
   kinetic_energyvar { 4.698888803830939   } 
   potential_energy { -14.89713724359096   } 
   potential_energyvar { 3.206678965961753   } 
   nonlocal_energy { 0.3364041697511223   } 
   nonlocal_energyvar { 5.579678853153742   } 
   autocorr_energy { } 
} 

block { 
   label vmc
   totweight 245760
   nautocorr 0
   total_energy { -10.69352093168252   } 
   total_energyvar { 0.96812007450466   } 
   weight { 1   } 
   weightvar { 0   } 
   kinetic_energy { 3.866775037006286   } 
   kinetic_energyvar { 4.61929918316473   } 
   potential_energy { -14.9033492033569   } 
   potential_energyvar { 3.207840888373436   } 
   nonlocal_energy { 0.3430532346680917   } 
   nonlocal_energyvar { 5.597370866726078   } 
   autocorr_energy { } 
} 

block { 
   label vmc
   totweight 245760
   nautocorr 0
   total_energy { -10.69530213596436   } 
   total_energyvar { 0.8966359065835882   } 
   weight { 1   } 
   weightvar { 0   } 
   kinetic_energy { 3.867580181745592   } 
   kinetic_energyvar { 4.536098919737474   } 
   potential_energy { -14.89675852584773   } 
   potential_energyvar { 3.192361107124559   } 
   nonlocal_energy { 0.3338762081377775   } 
   nonlocal_energyvar { 5.545622611262275   } 
   autocorr_energy { } 
} 

block { 
   label vmc
   totweight 245760
   nautocorr 0
   total_energy { -10.6948532094799   } 
   total_energyvar { 0.9011400515270588   } 
   weight { 1   } 
   weightvar { 0   } 
   kinetic_energy { 3.870766293376882   } 
   kinetic_energyvar { 4.608145574466779   } 
   potential_energy { -14.89860796217517   } 
   potential_energyvar { 3.176476086216945   } 
   nonlocal_energy { 0.3329884593183872   } 
   nonlocal_energyvar { 5.640117922110342   } 
   autocorr_energy { } 
} 

block { 
   label vmc
   totweight 245760
   nautocorr 0
   total_energy { -10.69518821394955   } 
   total_energyvar { 0.9132364351925986   } 
   weight { 1   } 
   weightvar { 0   } 
   kinetic_energy { 3.870222140178916   } 
   kinetic_energyvar { 4.615989887739915   } 
   potential_energy { -14.90217158054688   } 
   potential_energyvar { 3.209069684160531   } 
   nonlocal_energy { 0.3367612264184152   } 
   nonlocal_energyvar { 5.61443765093074   } 
   autocorr_energy { } 
} 

block { 
   label vmc
   totweight 245760
   nautocorr 0
   total_energy { -10.69177192641104   } 
   total_energyvar { 0.8975304559041798   } 
   weight { 1   } 
   weightvar { 0   } 
   kinetic_energy { 3.869711950165305   } 
   kinetic_energyvar { 4.642620624206465   } 
   potential_energy { -14.90095697196576   } 
   potential_energyvar { 3.192925395365296   } 
   nonlocal_energy { 0.3394730953894175   } 
   nonlocal_energyvar { 5.750193174903417   } 
   autocorr_energy { } 
} 

block { 
   label vmc
   totweight 245760
   nautocorr 0
   total_energy { -10.69327099142198   } 
   total_energyvar { 0.915239539564107   } 
   weight { 1   } 
   weightvar { 0   } 
   kinetic_energy { 3.873528609651971   } 
   kinetic_energyvar { 4.471706937247153   } 
   potential_energy { -14.9044568374667   } 
   potential_energyvar { 3.21864940427595   } 
   nonlocal_energy { 0.3376572363927497   } 
   nonlocal_energyvar { 5.453612314897392   } 
   autocorr_energy { } 
} 

block { 
   label vmc
   totweight 245760
   nautocorr 0
   total_energy { -10.69743574394662   } 
   total_energyvar { 0.9218002607944434   } 
   weight { 1   } 
   weightvar { 0   } 
   kinetic_energy { 3.883728287295275   } 
   kinetic_energyvar { 4.508927717970325   } 
   potential_energy { -14.91437343771853   } 
   potential_energyvar { 3.192757910486575   } 
   nonlocal_energy { 0.3332094064766405   } 
   nonlocal_energyvar { 5.46849330160404   } 
   autocorr_energy { } 
} 

block { 
   label vmc
   totweight 245760
   nautocorr 0
   total_energy { -10.69700939341981   } 
   total_energyvar { 0.8838511722901897   } 
   weight { 1   } 
   weightvar { 0   } 
   kinetic_energy { 3.874553099622763   } 
   kinetic_energyvar { 4.522458019899491   } 
   potential_energy { -14.91191456839732   } 
   potential_energyvar { 3.189649904881684   } 
   nonlocal_energy { 0.3403520753547497   } 
   nonlocal_energyvar { 5.619038806214202   } 
   autocorr_energy { } 
} 

block { 
   label vmc
   totweight 245760
   nautocorr 0
   total_energy { -10.69200609187218   } 
   total_energyvar { 2.559610757120556   } 
   weight { 1   } 
   weightvar { 0   } 
   kinetic_energy { 3.872398958585104   } 
   kinetic_energyvar { 5.611042127100903   } 
   potential_energy { -14.89926979953333   } 
   potential_energyvar { 3.172279299843729   } 
   nonlocal_energy { 0.3348647490760489   } 
   nonlocal_energyvar { 5.637311944666876   } 
   autocorr_energy { } 
} 

