#-------------------------------------------------
#DMC run: timestep 0.005
#-------------------------------------------------


init { 
   label spin_0.005
}
block { 
   label spin_0.005
   totweight 870400
   nautocorr 0
   total_energy { -7.783030264040232   } 
   total_energyvar { 0.09810942687854822   } 
   weight { 0.9757819259166987   } 
   weightvar { 0.004841287092574096   } 
   kinetic_energy { 2.372397036702129   } 
   kinetic_energyvar { 3.031935988739042   } 
   potential_energy { -11.23094981737299   } 
   potential_energyvar { 3.114853244580243   } 
   nonlocal_energy { 1.075522516630631   } 
   nonlocal_energyvar { 5.489840495482684   } 
   autocorr_energy { } 
} 

block { 
   label spin_0.005
   totweight 870400
   nautocorr 0
   total_energy { -7.76876357278524   } 
   total_energyvar { 0.0767008982546843   } 
   weight { 0.9660898262804457   } 
   weightvar { 0.01674027186964097   } 
   kinetic_energy { 2.370280246573257   } 
   kinetic_energyvar { 2.771202497931219   } 
   potential_energy { -11.11290421384068   } 
   potential_energyvar { 3.054612367447415   } 
   nonlocal_energy { 0.9738603944821809   } 
   nonlocal_energyvar { 4.659202937303144   } 
   autocorr_energy { } 
} 

block { 
   label spin_0.005
   totweight 870400
   nautocorr 0
   total_energy { -7.76330755486905   } 
   total_energyvar { 0.0913186989410594   } 
   weight { 0.9781053291334938   } 
   weightvar { 0.03048191067739393   } 
   kinetic_energy { 2.381716381389855   } 
   kinetic_energyvar { 2.95064499132149   } 
   potential_energy { -11.1276088633591   } 
   potential_energyvar { 3.096332902560111   } 
   nonlocal_energy { 0.9825849271002014   } 
   nonlocal_energyvar { 5.06783593499697   } 
   autocorr_energy { } 
} 

block { 
   label spin_0.005
   totweight 870400
   nautocorr 0
   total_energy { -7.761640983737944   } 
   total_energyvar { 0.08582499707697333   } 
   weight { 0.9844367665341374   } 
   weightvar { 0.0448264401482378   } 
   kinetic_energy { 2.393221574349518   } 
   kinetic_energyvar { 2.84440423866369   } 
   potential_energy { -11.11662433892343   } 
   potential_energyvar { 3.082322501009224   } 
   nonlocal_energy { 0.9617617808359679   } 
   nonlocal_energyvar { 4.84261956174804   } 
   autocorr_energy { } 
} 

block { 
   label spin_0.005
   totweight 870400
   nautocorr 0
   total_energy { -7.759056131089753   } 
   total_energyvar { 0.08973007740973379   } 
   weight { 0.987615061463618   } 
   weightvar { 0.05882792444608107   } 
   kinetic_energy { 2.407202348660861   } 
   kinetic_energyvar { 2.789677495791764   } 
   potential_energy { -11.12675816826284   } 
   potential_energyvar { 3.164796885140608   } 
   nonlocal_energy { 0.9604996885122256   } 
   nonlocal_energyvar { 4.815118300971633   } 
   autocorr_energy { } 
} 

block { 
   label spin_0.005
   totweight 870400
   nautocorr 0
   total_energy { -7.762770150698025   } 
   total_energyvar { 0.08892454555678228   } 
   weight { 0.9912222557184197   } 
   weightvar { 0.06980319424875006   } 
   kinetic_energy { 2.40984154326363   } 
   kinetic_energyvar { 2.849920933080197   } 
   potential_energy { -11.14467750459575   } 
   potential_energyvar { 3.156154233929004   } 
   nonlocal_energy { 0.9720658106340938   } 
   nonlocal_energyvar { 4.842406326972457   } 
   autocorr_energy { } 
} 

block { 
   label spin_0.005
   totweight 870400
   nautocorr 0
   total_energy { -7.758515674933185   } 
   total_energyvar { 0.07605637279851531   } 
   weight { 0.9936821131714121   } 
   weightvar { 0.07654966708070124   } 
   kinetic_energy { 2.424475375930556   } 
   kinetic_energyvar { 2.768923372472064   } 
   potential_energy { -11.1411273936222   } 
   potential_energyvar { 3.10389881962044   } 
   nonlocal_energy { 0.9581363427584575   } 
   nonlocal_energyvar { 4.697924743710205   } 
   autocorr_energy { } 
} 

block { 
   label spin_0.005
   totweight 870400
   nautocorr 0
   total_energy { -7.762530223484187   } 
   total_energyvar { 0.08497732068579643   } 
   weight { 0.9972420681313315   } 
   weightvar { 0.08340919223483186   } 
   kinetic_energy { 2.42897644345047   } 
   kinetic_energyvar { 2.921946969625368   } 
   potential_energy { -11.1407491336584   } 
   potential_energyvar { 3.091892028562362   } 
   nonlocal_energy { 0.9492424667237361   } 
   nonlocal_energyvar { 4.818254970206269   } 
   autocorr_energy { } 
} 

block { 
   label spin_0.005
   totweight 870400
   nautocorr 0
   total_energy { -7.765967088058481   } 
   total_energyvar { 0.08169619413571383   } 
   weight { 1.000344152845015   } 
   weightvar { 0.08684910374478884   } 
   kinetic_energy { 2.43271802240935   } 
   kinetic_energyvar { 2.766234483552537   } 
   potential_energy { -11.13887239659582   } 
   potential_energyvar { 3.072423616512934   } 
   nonlocal_energy { 0.9401872861279912   } 
   nonlocal_energyvar { 4.688630781087675   } 
   autocorr_energy { } 
} 

block { 
   label spin_0.005
   totweight 870400
   nautocorr 0
   total_energy { -7.761092431543799   } 
   total_energyvar { 0.07913405338465139   } 
   weight { 1.001020671400342   } 
   weightvar { 0.08917774150708517   } 
   kinetic_energy { 2.444802833250702   } 
   kinetic_energyvar { 2.723806973705027   } 
   potential_energy { -11.15821017206799   } 
   potential_energyvar { 3.04703701963919   } 
   nonlocal_energy { 0.9523149072734854   } 
   nonlocal_energyvar { 4.59542955330668   } 
   autocorr_energy { } 
} 

block { 
   label spin_0.005
   totweight 870400
   nautocorr 0
   total_energy { -7.764084169859135   } 
   total_energyvar { 0.0925019957997844   } 
   weight { 1.000713500585838   } 
   weightvar { 0.09255109201716652   } 
   kinetic_energy { 2.418176126325361   } 
   kinetic_energyvar { 2.72877716168702   } 
   potential_energy { -11.131000099111   } 
   potential_energyvar { 3.045920470740555   } 
   nonlocal_energy { 0.9487398029265063   } 
   nonlocal_energyvar { 4.663398197907605   } 
   autocorr_energy { } 
} 

block { 
   label spin_0.005
   totweight 870400
   nautocorr 0
   total_energy { -7.760927808290451   } 
   total_energyvar { 0.07636345998401639   } 
   weight { 1.000402915463578   } 
   weightvar { 0.09433999646035991   } 
   kinetic_energy { 2.435099784683953   } 
   kinetic_energyvar { 2.761826979305049   } 
   potential_energy { -11.14814100366932   } 
   potential_energyvar { 3.078535572861998   } 
   nonlocal_energy { 0.9521134106949188   } 
   nonlocal_energyvar { 4.688828217884567   } 
   autocorr_energy { } 
} 

block { 
   label spin_0.005
   totweight 870400
   nautocorr 0
   total_energy { -7.760387712945118   } 
   total_energyvar { 0.07992655060780345   } 
   weight { 0.99889027351774   } 
   weightvar { 0.09492048617311635   } 
   kinetic_energy { 2.440037386993848   } 
   kinetic_energyvar { 2.762636013682247   } 
   potential_energy { -11.13588720999303   } 
   potential_energyvar { 3.045330492543721   } 
   nonlocal_energy { 0.9354621100540613   } 
   nonlocal_energyvar { 4.659074871548058   } 
   autocorr_energy { } 
} 

block { 
   label spin_0.005
   totweight 870400
   nautocorr 0
   total_energy { -7.761454544015534   } 
   total_energyvar { 0.08769508730505261   } 
   weight { 0.9981551420715762   } 
   weightvar { 0.09525735402614391   } 
   kinetic_energy { 2.434257440165573   } 
   kinetic_energyvar { 2.864955928681355   } 
   potential_energy { -11.17041092922539   } 
   potential_energyvar { 3.089642163053154   } 
   nonlocal_energy { 0.9746989450442783   } 
   nonlocal_energyvar { 4.86933771294185   } 
   autocorr_energy { } 
} 

block { 
   label spin_0.005
   totweight 870400
   nautocorr 0
   total_energy { -7.760562021442874   } 
   total_energyvar { 0.08060289613958146   } 
   weight { 0.9988893494178052   } 
   weightvar { 0.09465050010643436   } 
   kinetic_energy { 2.444007233720001   } 
   kinetic_energyvar { 2.730095149921789   } 
   potential_energy { -11.13723576629278   } 
   potential_energyvar { 3.071064524362976   } 
   nonlocal_energy { 0.9326665111299046   } 
   nonlocal_energyvar { 4.674278000820896   } 
   autocorr_energy { } 
} 

block { 
   label spin_0.005
   totweight 870400
   nautocorr 0
   total_energy { -7.759449438857692   } 
   total_energyvar { 0.08592073155817256   } 
   weight { 0.9982274821389628   } 
   weightvar { 0.09696366863099952   } 
   kinetic_energy { 2.458842752807623   } 
   kinetic_energyvar { 2.814598035405384   } 
   potential_energy { -11.17234255101063   } 
   potential_energyvar { 3.10099325627307   } 
   nonlocal_energy { 0.9540503593453175   } 
   nonlocal_energyvar { 4.766447173132131   } 
   autocorr_energy { } 
} 

block { 
   label spin_0.005
   totweight 870400
   nautocorr 0
   total_energy { -7.756732625368101   } 
   total_energyvar { 0.08080736151102737   } 
   weight { 0.9961191490934215   } 
   weightvar { 0.09643573262731481   } 
   kinetic_energy { 2.430015267540897   } 
   kinetic_energyvar { 2.838500822562489   } 
   potential_energy { -11.17068414375358   } 
   potential_energyvar { 3.118918321343879   } 
   nonlocal_energy { 0.9839362508445849   } 
   nonlocal_energyvar { 4.8324299169273   } 
   autocorr_energy { } 
} 

block { 
   label spin_0.005
   totweight 870400
   nautocorr 0
   total_energy { -7.758623010771277   } 
   total_energyvar { 0.08051274750076043   } 
   weight { 0.9962348283494379   } 
   weightvar { 0.09717568260571452   } 
   kinetic_energy { 2.433808283079744   } 
   kinetic_energyvar { 2.67724156017377   } 
   potential_energy { -11.14103225166888   } 
   potential_energyvar { 3.058561252758687   } 
   nonlocal_energy { 0.948600957817862   } 
   nonlocal_energyvar { 4.544862398502309   } 
   autocorr_energy { } 
} 

block { 
   label spin_0.005
   totweight 870400
   nautocorr 0
   total_energy { -7.760693023937182   } 
   total_energyvar { 0.07734654462023619   } 
   weight { 0.9980090978255529   } 
   weightvar { 0.0979732023381476   } 
   kinetic_energy { 2.449078893039127   } 
   kinetic_energyvar { 2.842118136885205   } 
   potential_energy { -11.17804169065004   } 
   potential_energyvar { 3.077523980249267   } 
   nonlocal_energy { 0.9682697736737319   } 
   nonlocal_energyvar { 4.814275854550858   } 
   autocorr_energy { } 
} 

block { 
   label spin_0.005
   totweight 870400
   nautocorr 0
   total_energy { -7.758849452892703   } 
   total_energyvar { 0.09325783800548917   } 
   weight { 0.9980787355515225   } 
   weightvar { 0.09772321248967354   } 
   kinetic_energy { 2.435412741959444   } 
   kinetic_energyvar { 2.965792267661096   } 
   potential_energy { -11.21117728274745   } 
   potential_energyvar { 3.187556210214635   } 
   nonlocal_energy { 1.016915087895301   } 
   nonlocal_energyvar { 5.189288068533278   } 
   autocorr_energy { } 
} 

block { 
   label spin_0.005
   totweight 870400
   nautocorr 0
   total_energy { -7.760987747055078   } 
   total_energyvar { 0.07918339566111626   } 
   weight { 0.9986086555519441   } 
   weightvar { 0.09740875435487395   } 
   kinetic_energy { 2.459342436937139   } 
   kinetic_energyvar { 2.773687383826081   } 
   potential_energy { -11.16307524718565   } 
   potential_energyvar { 3.04062457951817   } 
   nonlocal_energy { 0.9427450631934245   } 
   nonlocal_energyvar { 4.770904298390521   } 
   autocorr_energy { } 
} 

block { 
   label spin_0.005
   totweight 870400
   nautocorr 0
   total_energy { -7.758028700978194   } 
   total_energyvar { 0.08509929735065917   } 
   weight { 0.9980449968116959   } 
   weightvar { 0.09500610848105807   } 
   kinetic_energy { 2.453028991279924   } 
   kinetic_energyvar { 2.636688842373242   } 
   potential_energy { -11.12361888131178   } 
   potential_energyvar { 3.014400773696778   } 
   nonlocal_energy { 0.912561189053662   } 
   nonlocal_energyvar { 4.346444035584836   } 
   autocorr_energy { } 
} 

block { 
   label spin_0.005
   totweight 870400
   nautocorr 0
   total_energy { -7.758475754903723   } 
   total_energyvar { 0.08647175752725206   } 
   weight { 0.9979350413916179   } 
   weightvar { 0.09651851981062305   } 
   kinetic_energy { 2.441026653089406   } 
   kinetic_energyvar { 2.802090718691502   } 
   potential_energy { -11.14528638107573   } 
   potential_energyvar { 3.03718607831428   } 
   nonlocal_energy { 0.9457839730826021   } 
   nonlocal_energyvar { 4.811862775832855   } 
   autocorr_energy { } 
} 

block { 
   label spin_0.005
   totweight 870400
   nautocorr 0
   total_energy { -7.759746801872151   } 
   total_energyvar { 0.08832292840037882   } 
   weight { 0.997473433438383   } 
   weightvar { 0.09459426162628437   } 
   kinetic_energy { 2.462338378510129   } 
   kinetic_energyvar { 2.749372723838894   } 
   potential_energy { -11.18093414716702   } 
   potential_energyvar { 3.061304471776335   } 
   nonlocal_energy { 0.9588489667847401   } 
   nonlocal_energyvar { 4.742361024949905   } 
   autocorr_energy { } 
} 

block { 
   label spin_0.005
   totweight 870400
   nautocorr 0
   total_energy { -7.76143044568955   } 
   total_energyvar { 0.08330565536586837   } 
   weight { 0.9992312714706459   } 
   weightvar { 0.09585782328723227   } 
   kinetic_energy { 2.414459835874843   } 
   kinetic_energyvar { 2.924337712704007   } 
   potential_energy { -11.14102403221815   } 
   potential_energyvar { 3.128233416857756   } 
   nonlocal_energy { 0.9651337506537515   } 
   nonlocal_energyvar { 5.009187011279464   } 
   autocorr_energy { } 
} 

block { 
   label spin_0.005
   totweight 870400
   nautocorr 0
   total_energy { -7.762127365063298   } 
   total_energyvar { 0.113867333431808   } 
   weight { 0.9996721863058659   } 
   weightvar { 0.09905287610618158   } 
   kinetic_energy { 2.425754391389685   } 
   kinetic_energyvar { 2.850718320310926   } 
   potential_energy { -11.14430984130584   } 
   potential_energyvar { 3.147929374039171   } 
   nonlocal_energy { 0.9564280848528587   } 
   nonlocal_energyvar { 4.892638582278971   } 
   autocorr_energy { } 
} 

block { 
   label spin_0.005
   totweight 870400
   nautocorr 0
   total_energy { -7.761031544421912   } 
   total_energyvar { 0.09233511788919563   } 
   weight { 1.000281858829072   } 
   weightvar { 0.09936855370508454   } 
   kinetic_energy { 2.416227441980455   } 
   kinetic_energyvar { 2.828430049017795   } 
   potential_energy { -11.14098848149485   } 
   potential_energyvar { 3.114942437211844   } 
   nonlocal_energy { 0.9637294950924823   } 
   nonlocal_energyvar { 4.827885078651604   } 
   autocorr_energy { } 
} 

block { 
   label spin_0.005
   totweight 870400
   nautocorr 0
   total_energy { -7.761781085750622   } 
   total_energyvar { 0.09293540979395626   } 
   weight { 0.999851721067454   } 
   weightvar { 0.09654263225116533   } 
   kinetic_energy { 2.410140768915516   } 
   kinetic_energyvar { 2.754554694681168   } 
   potential_energy { -11.13257673382621   } 
   potential_energyvar { 3.110072211507374   } 
   nonlocal_energy { 0.9606548791600747   } 
   nonlocal_energyvar { 4.667031745126792   } 
   autocorr_energy { } 
} 

block { 
   label spin_0.005
   totweight 870400
   nautocorr 0
   total_energy { -7.760815345571688   } 
   total_energyvar { 0.07449727227098317   } 
   weight { 1.000402985877815   } 
   weightvar { 0.09581152709821836   } 
   kinetic_energy { 2.41667561996656   } 
   kinetic_energyvar { 2.758044564166264   } 
   potential_energy { -11.1263756813713   } 
   potential_energyvar { 3.057506218540785   } 
   nonlocal_energy { 0.9488847158330561   } 
   nonlocal_energyvar { 4.687651080012625   } 
   autocorr_energy { } 
} 

block { 
   label spin_0.005
   totweight 870400
   nautocorr 0
   total_energy { -7.75988151365473   } 
   total_energyvar { 0.1148629012643577   } 
   weight { 0.9988837830580714   } 
   weightvar { 0.09807727737630563   } 
   kinetic_energy { 2.433110291628329   } 
   kinetic_energyvar { 2.751461150814657   } 
   potential_energy { -11.13920152914691   } 
   potential_energyvar { 3.341142574990662   } 
   nonlocal_energy { 0.9462097238638478   } 
   nonlocal_energyvar { 4.822504145343625   } 
   autocorr_energy { } 
} 

block { 
   label spin_0.005
   totweight 870400
   nautocorr 0
   total_energy { -7.762964189283308   } 
   total_energyvar { 0.09421485539034946   } 
   weight { 0.9999657190283661   } 
   weightvar { 0.09931738378138637   } 
   kinetic_energy { 2.43999109178333   } 
   kinetic_energyvar { 2.756131064861238   } 
   potential_energy { -11.15208072855174   } 
   potential_energyvar { 3.145331721627783   } 
   nonlocal_energy { 0.9491254474851069   } 
   nonlocal_energyvar { 4.611200485198121   } 
   autocorr_energy { } 
} 

block { 
   label spin_0.005
   totweight 870400
   nautocorr 0
   total_energy { -7.760094950538453   } 
   total_energyvar { 0.08381966456112994   } 
   weight { 1.00019744080815   } 
   weightvar { 0.09972229716908408   } 
   kinetic_energy { 2.426275494111829   } 
   kinetic_energyvar { 2.831586746878076   } 
   potential_energy { -11.16712384820182   } 
   potential_energyvar { 3.103709556623889   } 
   nonlocal_energy { 0.9807534035515354   } 
   nonlocal_energyvar { 4.91596345395527   } 
   autocorr_energy { } 
} 

block { 
   label spin_0.005
   totweight 870400
   nautocorr 0
   total_energy { -7.764689576126234   } 
   total_energyvar { 0.08405052649975178   } 
   weight { 1.00029827662156   } 
   weightvar { 0.09932245070044435   } 
   kinetic_energy { 2.440784375503751   } 
   kinetic_energyvar { 2.832634136414313   } 
   potential_energy { -11.17147696073795   } 
   potential_energyvar { 3.039498468252896   } 
   nonlocal_energy { 0.966003009107963   } 
   nonlocal_energyvar { 4.83609529122424   } 
   autocorr_energy { } 
} 

block { 
   label spin_0.005
   totweight 870400
   nautocorr 0
   total_energy { -7.765367080663698   } 
   total_energyvar { 0.1151699082034896   } 
   weight { 1.002758813994731   } 
   weightvar { 0.0991704297599586   } 
   kinetic_energy { 2.427576143407045   } 
   kinetic_energyvar { 2.826486635931669   } 
   potential_energy { -11.1443108400007   } 
   potential_energyvar { 3.073862016817322   } 
   nonlocal_energy { 0.9513676159299622   } 
   nonlocal_energyvar { 4.71920279649768   } 
   autocorr_energy { } 
} 

block { 
   label spin_0.005
   totweight 870400
   nautocorr 0
   total_energy { -7.76000036232376   } 
   total_energyvar { 0.08328745596764787   } 
   weight { 1.001466016720694   } 
   weightvar { 0.09833684507227185   } 
   kinetic_energy { 2.430763941263889   } 
   kinetic_energyvar { 2.870796390571591   } 
   potential_energy { -11.16682359973488   } 
   potential_energyvar { 3.084976219014552   } 
   nonlocal_energy { 0.9760592961472332   } 
   nonlocal_energyvar { 4.888145793870187   } 
   autocorr_energy { } 
} 

block { 
   label spin_0.005
   totweight 870400
   nautocorr 0
   total_energy { -7.75993659843128   } 
   total_energyvar { 0.08347359846871956   } 
   weight { 0.9994260576821822   } 
   weightvar { 0.09902357776658037   } 
   kinetic_energy { 2.41562364075378   } 
   kinetic_energyvar { 2.776298103496369   } 
   potential_energy { -11.1525399509637   } 
   potential_energyvar { 3.080007218948789   } 
   nonlocal_energy { 0.9769797117786424   } 
   nonlocal_energyvar { 4.754712411571462   } 
   autocorr_energy { } 
} 

block { 
   label spin_0.005
   totweight 870400
   nautocorr 0
   total_energy { -7.757532183046321   } 
   total_energyvar { 0.08220827728895161   } 
   weight { 0.997580284115359   } 
   weightvar { 0.09939362708843684   } 
   kinetic_energy { 2.429631792994591   } 
   kinetic_energyvar { 2.842562917001919   } 
   potential_energy { -11.14546227326937   } 
   potential_energyvar { 3.10034919084418   } 
   nonlocal_energy { 0.9582982972284538   } 
   nonlocal_energyvar { 4.791986171610941   } 
   autocorr_energy { } 
} 

block { 
   label spin_0.005
   totweight 870400
   nautocorr 0
   total_energy { -7.759114311644896   } 
   total_energyvar { 0.0778911453926424   } 
   weight { 0.9968918121331637   } 
   weightvar { 0.09888660326027007   } 
   kinetic_energy { 2.441780737932012   } 
   kinetic_energyvar { 2.788915524188175   } 
   potential_energy { -11.15094477124391   } 
   potential_energyvar { 3.070612636438262   } 
   nonlocal_energy { 0.9500497216669992   } 
   nonlocal_energyvar { 4.68497019003951   } 
   autocorr_energy { } 
} 

block { 
   label spin_0.005
   totweight 870400
   nautocorr 0
   total_energy { -7.759249970524577   } 
   total_energyvar { 0.07832928214487345   } 
   weight { 0.9982336258188204   } 
   weightvar { 0.09957767635765458   } 
   kinetic_energy { 2.428185204301203   } 
   kinetic_energyvar { 2.761833851300747   } 
   potential_energy { -11.12976707046596   } 
   potential_energyvar { 3.032401424527961   } 
   nonlocal_energy { 0.9423318956401862   } 
   nonlocal_energyvar { 4.632742438417893   } 
   autocorr_energy { } 
} 

block { 
   label spin_0.005
   totweight 870400
   nautocorr 0
   total_energy { -7.761957292637272   } 
   total_energyvar { 0.09513511504071734   } 
   weight { 0.9988371061034393   } 
   weightvar { 0.1003851326259961   } 
   kinetic_energy { 2.429044218616519   } 
   kinetic_energyvar { 2.770289959673711   } 
   potential_energy { -11.14011733379515   } 
   potential_energyvar { 3.154589992183233   } 
   nonlocal_energy { 0.9491158225413532   } 
   nonlocal_energyvar { 4.778135699589678   } 
   autocorr_energy { } 
} 

block { 
   label spin_0.005
   totweight 870400
   nautocorr 0
   total_energy { -7.764016912353712   } 
   total_energyvar { 0.07909347759592034   } 
   weight { 1.001356675339179   } 
   weightvar { 0.09947277048214796   } 
   kinetic_energy { 2.449630561938357   } 
   kinetic_energyvar { 2.689452454141754   } 
   potential_energy { -11.15043491273873   } 
   potential_energyvar { 3.05684234128154   } 
   nonlocal_energy { 0.9367874384466669   } 
   nonlocal_energyvar { 4.490259152916601   } 
   autocorr_energy { } 
} 

block { 
   label spin_0.005
   totweight 870400
   nautocorr 0
   total_energy { -7.763573424893157   } 
   total_energyvar { 0.09800355954560128   } 
   weight { 1.001442775154414   } 
   weightvar { 0.09609664764367648   } 
   kinetic_energy { 2.437367375757765   } 
   kinetic_energyvar { 2.803941421835107   } 
   potential_energy { -11.18293958080891   } 
   potential_energyvar { 3.134333451889418   } 
   nonlocal_energy { 0.9819987801579844   } 
   nonlocal_energyvar { 4.843108320171722   } 
   autocorr_energy { } 
} 

block { 
   label spin_0.005
   totweight 870400
   nautocorr 0
   total_energy { -7.763034890932874   } 
   total_energyvar { 0.09615223517855166   } 
   weight { 1.000875016957462   } 
   weightvar { 0.09449941250351594   } 
   kinetic_energy { 2.429823837244957   } 
   kinetic_energyvar { 2.884030866497999   } 
   potential_energy { -11.17696781988724   } 
   potential_energyvar { 3.163404137055026   } 
   nonlocal_energy { 0.9841090917094122   } 
   nonlocal_energyvar { 4.957142462081898   } 
   autocorr_energy { } 
} 

block { 
   label spin_0.005
   totweight 870400
   nautocorr 0
   total_energy { -7.760392203503683   } 
   total_energyvar { 0.09288216328532616   } 
   weight { 0.999776026732509   } 
   weightvar { 0.09559886660710964   } 
   kinetic_energy { 2.426976900530961   } 
   kinetic_energyvar { 2.805377874065472   } 
   potential_energy { -11.13520642925467   } 
   potential_energyvar { 3.109496818542344   } 
   nonlocal_energy { 0.9478373252200267   } 
   nonlocal_energyvar { 4.75978355406807   } 
   autocorr_energy { } 
} 

block { 
   label spin_0.005
   totweight 870400
   nautocorr 0
   total_energy { -7.761892229127096   } 
   total_energyvar { 0.07959349221411785   } 
   weight { 1.000099303711057   } 
   weightvar { 0.09758842823610162   } 
   kinetic_energy { 2.43099810727325   } 
   kinetic_energyvar { 2.766591393484602   } 
   potential_energy { -11.13898754673611   } 
   potential_energyvar { 3.034167226904617   } 
   nonlocal_energy { 0.9460972103357707   } 
   nonlocal_energyvar { 4.710448590574818   } 
   autocorr_energy { } 
} 

block { 
   label spin_0.005
   totweight 870400
   nautocorr 0
   total_energy { -7.759238440184719   } 
   total_energyvar { 0.07854237815806256   } 
   weight { 0.999143219817315   } 
   weightvar { 0.09731636625465385   } 
   kinetic_energy { 2.439842755045845   } 
   kinetic_energyvar { 2.813392843053132   } 
   potential_energy { -11.14819154679001   } 
   potential_energyvar { 3.097711258503069   } 
   nonlocal_energy { 0.9491103515594519   } 
   nonlocal_energyvar { 4.785908532297249   } 
   autocorr_energy { } 
} 

block { 
   label spin_0.005
   totweight 870400
   nautocorr 0
   total_energy { -7.760757486188132   } 
   total_energyvar { 0.08246447777908367   } 
   weight { 0.9995163881674125   } 
   weightvar { 0.09597511634602672   } 
   kinetic_energy { 2.458426632677979   } 
   kinetic_energyvar { 2.918792368783886   } 
   potential_energy { -11.21659860349516   } 
   potential_energyvar { 3.085016444525694   } 
   nonlocal_energy { 0.9974144846290504   } 
   nonlocal_energyvar { 5.014532696793202   } 
   autocorr_energy { } 
} 

block { 
   label spin_0.005
   totweight 870400
   nautocorr 0
   total_energy { -7.762346268665925   } 
   total_energyvar { 0.08559043671450048   } 
   weight { 0.999384396815754   } 
   weightvar { 0.0965994710265785   } 
   kinetic_energy { 2.458302717153991   } 
   kinetic_energyvar { 2.813280310039425   } 
   potential_energy { -11.17950347971041   } 
   potential_energyvar { 3.114720708123797   } 
   nonlocal_energy { 0.958854493890496   } 
   nonlocal_energyvar { 4.867038247810445   } 
   autocorr_energy { } 
} 

block { 
   label spin_0.005
   totweight 870400
   nautocorr 0
   total_energy { -7.761654667703867   } 
   total_energyvar { 0.08442300951966525   } 
   weight { 1.000312706914243   } 
   weightvar { 0.09493120328418453   } 
   kinetic_energy { 2.441216782416951   } 
   kinetic_energyvar { 2.741197692095642   } 
   potential_energy { -11.1514223099915   } 
   potential_energyvar { 3.063590634017655   } 
   nonlocal_energy { 0.9485508598706822   } 
   nonlocal_energyvar { 4.710163813100699   } 
   autocorr_energy { } 
} 

block { 
   label spin_0.005
   totweight 870400
   nautocorr 0
   total_energy { -7.765151435838376   } 
   total_energyvar { 0.08883621735227933   } 
   weight { 1.000914509814266   } 
   weightvar { 0.09679210271362279   } 
   kinetic_energy { 2.434339933867973   } 
   kinetic_energyvar { 2.737851844417173   } 
   potential_energy { -11.13998468320883   } 
   potential_energyvar { 3.072224677776626   } 
   nonlocal_energy { 0.9404933135024797   } 
   nonlocal_energyvar { 4.628717420358317   } 
   autocorr_energy { } 
} 

