#-------------------------------------------------
#VMC run: timestep 0.42 nconfig 3072 steps 20
#-------------------------------------------------


init { 
   label vmc
}
block { 
   label vmc
   totweight 61440
   nautocorr 0
   total_energy { -7.658281021319021   } 
   total_energyvar { 0.3749604329868726   } 
   weight { 1   } 
   weightvar { 0   } 
   kinetic_energy { 2.320556784839604   } 
   kinetic_energyvar { 2.650528958754382   } 
   potential_energy { -10.93640532807653   } 
   potential_energyvar { 3.494545894627917   } 
   nonlocal_energy { 0.9575675219179043   } 
   nonlocal_energyvar { 4.765814125324603   } 
   autocorr_energy { } 
} 

block { 
   label vmc
   totweight 61440
   nautocorr 0
   total_energy { -7.655062670683355   } 
   total_energyvar { 0.3964815524742208   } 
   weight { 1   } 
   weightvar { 0   } 
   kinetic_energy { 2.345379948760846   } 
   kinetic_energyvar { 2.671853836627983   } 
   potential_energy { -10.96061442240193   } 
   potential_energyvar { 3.521385673700232   } 
   nonlocal_energy { 0.9601718029577299   } 
   nonlocal_energyvar { 4.824462837905105   } 
   autocorr_energy { } 
} 

block { 
   label vmc
   totweight 61440
   nautocorr 0
   total_energy { -7.650262513767922   } 
   total_energyvar { 0.502938684901811   } 
   weight { 1   } 
   weightvar { 0   } 
   kinetic_energy { 2.352982181475137   } 
   kinetic_energyvar { 2.636728285775665   } 
   potential_energy { -10.96565022646406   } 
   potential_energyvar { 3.644081518095494   } 
   nonlocal_energy { 0.962405531221   } 
   nonlocal_energyvar { 4.824371074432507   } 
   autocorr_energy { } 
} 

block { 
   label vmc
   totweight 61440
   nautocorr 0
   total_energy { -7.655065652313815   } 
   total_energyvar { 0.3900600560259375   } 
   weight { 1   } 
   weightvar { 0   } 
   kinetic_energy { 2.348507369033966   } 
   kinetic_energyvar { 2.681930444205092   } 
   potential_energy { -10.96270255528939   } 
   potential_energyvar { 3.469141614800847   } 
   nonlocal_energy { 0.959129533941607   } 
   nonlocal_energyvar { 4.758700005638937   } 
   autocorr_energy { } 
} 

block { 
   label vmc
   totweight 61440
   nautocorr 0
   total_energy { -7.663094511323989   } 
   total_energyvar { 0.4369456041960101   } 
   weight { 1   } 
   weightvar { 0   } 
   kinetic_energy { 2.345893422894035   } 
   kinetic_energyvar { 2.798587483903679   } 
   potential_energy { -10.98402289511791   } 
   potential_energyvar { 3.577030848591337   } 
   nonlocal_energy { 0.9750349608998844   } 
   nonlocal_energyvar { 5.18340564046093   } 
   autocorr_energy { } 
} 

block { 
   label vmc
   totweight 61440
   nautocorr 0
   total_energy { -7.653937833858454   } 
   total_energyvar { 0.3936398558025835   } 
   weight { 1   } 
   weightvar { 0   } 
   kinetic_energy { 2.359630893438166   } 
   kinetic_energyvar { 2.566604549787915   } 
   potential_energy { -10.95655384986723   } 
   potential_energyvar { 3.466495781132293   } 
   nonlocal_energy { 0.9429851225706029   } 
   nonlocal_energyvar { 4.642820292570893   } 
   autocorr_energy { } 
} 

block { 
   label vmc
   totweight 61440
   nautocorr 0
   total_energy { -7.657640434043058   } 
   total_energyvar { 0.4112800563697379   } 
   weight { 1   } 
   weightvar { 0   } 
   kinetic_energy { 2.349318323541731   } 
   kinetic_energyvar { 2.709392971178859   } 
   potential_energy { -10.96717499353278   } 
   potential_energyvar { 3.545297672293633   } 
   nonlocal_energy { 0.9602162359479895   } 
   nonlocal_energyvar { 4.93420451209138   } 
   autocorr_energy { } 
} 

block { 
   label vmc
   totweight 61440
   nautocorr 0
   total_energy { -7.658398906530262   } 
   total_energyvar { 0.3828645929748305   } 
   weight { 1   } 
   weightvar { 0   } 
   kinetic_energy { 2.348653352218397   } 
   kinetic_energyvar { 2.611472178101688   } 
   potential_energy { -10.95899086952464   } 
   potential_energyvar { 3.49446514085733   } 
   nonlocal_energy { 0.951938610775983   } 
   nonlocal_energyvar { 4.663591636169611   } 
   autocorr_energy { } 
} 

block { 
   label vmc
   totweight 61440
   nautocorr 0
   total_energy { -7.654630259327499   } 
   total_energyvar { 0.4595430056241612   } 
   weight { 1   } 
   weightvar { 0   } 
   kinetic_energy { 2.357532497906273   } 
   kinetic_energyvar { 2.585380641556279   } 
   potential_energy { -10.96377887107788   } 
   potential_energyvar { 3.55394628608462   } 
   nonlocal_energy { 0.9516161138441127   } 
   nonlocal_energyvar { 4.677994202198187   } 
   autocorr_energy { } 
} 

block { 
   label vmc
   totweight 61440
   nautocorr 0
   total_energy { -7.659911203345592   } 
   total_energyvar { 0.3675797917888345   } 
   weight { 1   } 
   weightvar { 0   } 
   kinetic_energy { 2.342613531712004   } 
   kinetic_energyvar { 2.650104023575279   } 
   potential_energy { -10.95053625237653   } 
   potential_energyvar { 3.473926026109807   } 
   nonlocal_energy { 0.9480115173189355   } 
   nonlocal_energyvar { 4.797840017811837   } 
   autocorr_energy { } 
} 

block { 
   label vmc
   totweight 61440
   nautocorr 0
   total_energy { -7.661584759907866   } 
   total_energyvar { 0.3680951374580657   } 
   weight { 1   } 
   weightvar { 0   } 
   kinetic_energy { 2.354888282938587   } 
   kinetic_energyvar { 2.694674122628275   } 
   potential_energy { -10.97924390087334   } 
   potential_energyvar { 3.452351436208007   } 
   nonlocal_energy { 0.9627708580268909   } 
   nonlocal_energyvar { 4.856151536464986   } 
   autocorr_energy { } 
} 

block { 
   label vmc
   totweight 61440
   nautocorr 0
   total_energy { -7.657387220607855   } 
   total_energyvar { 0.4208757023224659   } 
   weight { 1   } 
   weightvar { 0   } 
   kinetic_energy { 2.349665288414905   } 
   kinetic_energyvar { 2.620918220085578   } 
   potential_energy { -10.95977792198689   } 
   potential_energyvar { 3.521909943441412   } 
   nonlocal_energy { 0.9527254129641293   } 
   nonlocal_energyvar { 4.765917931240905   } 
   autocorr_energy { } 
} 

block { 
   label vmc
   totweight 61440
   nautocorr 0
   total_energy { -7.654481673255629   } 
   total_energyvar { 0.4264235433164732   } 
   weight { 1   } 
   weightvar { 0   } 
   kinetic_energy { 2.347995620072839   } 
   kinetic_energyvar { 2.735318464592021   } 
   potential_energy { -10.96093591345047   } 
   potential_energyvar { 3.558846594423955   } 
   nonlocal_energy { 0.9584586201219992   } 
   nonlocal_energyvar { 4.969572719271445   } 
   autocorr_energy { } 
} 

block { 
   label vmc
   totweight 61440
   nautocorr 0
   total_energy { -7.64842051214188   } 
   total_energyvar { 0.5568595386483463   } 
   weight { 1   } 
   weightvar { 0   } 
   kinetic_energy { 2.354845792422388   } 
   kinetic_energyvar { 2.701291243826278   } 
   potential_energy { -10.95418653936551   } 
   potential_energyvar { 3.670828395332598   } 
   nonlocal_energy { 0.9509202348012477   } 
   nonlocal_energyvar { 4.820866167372077   } 
   autocorr_energy { } 
} 

block { 
   label vmc
   totweight 61440
   nautocorr 0
   total_energy { -7.654499841754574   } 
   total_energyvar { 0.3975318406907874   } 
   weight { 1   } 
   weightvar { 0   } 
   kinetic_energy { 2.347885450414563   } 
   kinetic_energyvar { 2.648486848943409   } 
   potential_energy { -10.96103854914558   } 
   potential_energyvar { 3.523952891445481   } 
   nonlocal_energy { 0.9586532569764482   } 
   nonlocal_energyvar { 4.810320979738082   } 
   autocorr_energy { } 
} 

block { 
   label vmc
   totweight 61440
   nautocorr 0
   total_energy { -7.652176349388648   } 
   total_energyvar { 0.4335905480973993   } 
   weight { 1   } 
   weightvar { 0   } 
   kinetic_energy { 2.356089405966885   } 
   kinetic_energyvar { 2.703545085299038   } 
   potential_energy { -10.96216718725077   } 
   potential_energyvar { 3.524444971432408   } 
   nonlocal_energy { 0.9539014318952354   } 
   nonlocal_energyvar { 4.825022723757055   } 
   autocorr_energy { } 
} 

block { 
   label vmc
   totweight 61440
   nautocorr 0
   total_energy { -7.657220884641856   } 
   total_energyvar { 0.4220798403686555   } 
   weight { 1   } 
   weightvar { 0   } 
   kinetic_energy { 2.350996261166641   } 
   kinetic_energyvar { 2.691506680892725   } 
   potential_energy { -10.96510738050759   } 
   potential_energyvar { 3.515492291095877   } 
   nonlocal_energy { 0.9568902346990946   } 
   nonlocal_energyvar { 4.804653442371941   } 
   autocorr_energy { } 
} 

block { 
   label vmc
   totweight 61440
   nautocorr 0
   total_energy { -7.657340532200039   } 
   total_energyvar { 0.4104204996928827   } 
   weight { 1   } 
   weightvar { 0   } 
   kinetic_energy { 2.350528271332048   } 
   kinetic_energyvar { 2.653509668226199   } 
   potential_energy { -10.96252615324432   } 
   potential_energyvar { 3.52246514197646   } 
   nonlocal_energy { 0.9546573497122324   } 
   nonlocal_energyvar { 4.669274978891811   } 
   autocorr_energy { } 
} 

block { 
   label vmc
   totweight 61440
   nautocorr 0
   total_energy { -7.652284345350572   } 
   total_energyvar { 0.4031864949538247   } 
   weight { 1   } 
   weightvar { 0   } 
   kinetic_energy { 2.348175198526043   } 
   kinetic_energyvar { 2.765087732981677   } 
   potential_energy { -10.96609062499896   } 
   potential_energyvar { 3.53960935895474   } 
   nonlocal_energy { 0.9656310811223432   } 
   nonlocal_energyvar { 4.996267082029447   } 
   autocorr_energy { } 
} 

block { 
   label vmc
   totweight 61440
   nautocorr 0
   total_energy { -7.660686933979374   } 
   total_energyvar { 0.4183999546084466   } 
   weight { 1   } 
   weightvar { 0   } 
   kinetic_energy { 2.347303477580231   } 
   kinetic_energyvar { 2.712283714688804   } 
   potential_energy { -10.96318439866944   } 
   potential_energyvar { 3.540006475716638   } 
   nonlocal_energy { 0.9551939871098403   } 
   nonlocal_energyvar { 4.933692115607694   } 
   autocorr_energy { } 
} 

