#-------------------------------------------------
#DMC run: timestep 0.005
#-------------------------------------------------


init { 
   label spin_0.005
}
block { 
   label spin_0.005
   totweight 870400
   nautocorr 0
   total_energy { -271.5901411813869   } 
   total_energyvar { 12.62436265019804   } 
   weight { 1.084224253304077   } 
   weightvar { 0.06480169808472694   } 
   kinetic_energy { 90.8664047565757   } 
   kinetic_energyvar { 292.530438512905   } 
   potential_energy { -398.3784305038997   } 
   potential_energyvar { 534.1120759345738   } 
   nonlocal_energy { 35.92188456593696   } 
   nonlocal_energyvar { 572.5868726229556   } 
   autocorr_energy { } 
} 

block { 
   label spin_0.005
   totweight 870400
   nautocorr 0
   total_energy { -271.5545219143667   } 
   total_energyvar { 13.01768643779753   } 
   weight { 1.089277224261234   } 
   weightvar { 0.08518990778581041   } 
   kinetic_energy { 92.36817774501466   } 
   kinetic_energyvar { 283.8138989853553   } 
   potential_energy { -399.9499765864369   } 
   potential_energyvar { 533.8254244050597   } 
   nonlocal_energy { 36.0272769270556   } 
   nonlocal_energyvar { 565.5880899163825   } 
   autocorr_energy { } 
} 

block { 
   label spin_0.005
   totweight 870400
   nautocorr 0
   total_energy { -271.5347941691574   } 
   total_energyvar { 13.06250391407704   } 
   weight { 1.00630288872338   } 
   weightvar { 0.1001979533769594   } 
   kinetic_energy { 92.58668787062547   } 
   kinetic_energyvar { 288.9539764762175   } 
   potential_energy { -400.1409769649686   } 
   potential_energyvar { 534.1755602681243   } 
   nonlocal_energy { 36.01949492518568   } 
   nonlocal_energyvar { 563.7506360610964   } 
   autocorr_energy { } 
} 

block { 
   label spin_0.005
   totweight 870400
   nautocorr 0
   total_energy { -271.5351006914653   } 
   total_energyvar { 13.17235257349616   } 
   weight { 0.9803383500157411   } 
   weightvar { 0.1057374913498797   } 
   kinetic_energy { 92.51591940436532   } 
   kinetic_energyvar { 289.9724208319375   } 
   potential_energy { -400.0444351157984   } 
   potential_energyvar { 533.2007667822802   } 
   nonlocal_energy { 35.99341501996773   } 
   nonlocal_energyvar { 564.8858164248308   } 
   autocorr_energy { } 
} 

block { 
   label spin_0.005
   totweight 870400
   nautocorr 0
   total_energy { -271.5456028319829   } 
   total_energyvar { 13.0926590782784   } 
   weight { 0.979926157734435   } 
   weightvar { 0.1095332602821366   } 
   kinetic_energy { 92.55901055243071   } 
   kinetic_energyvar { 285.5772790326853   } 
   potential_energy { -400.1298940013983   } 
   potential_energyvar { 521.7676707001013   } 
   nonlocal_energy { 36.0252806169846   } 
   nonlocal_energyvar { 565.4715820020401   } 
   autocorr_energy { } 
} 

block { 
   label spin_0.005
   totweight 870400
   nautocorr 0
   total_energy { -271.5520414973743   } 
   total_energyvar { 13.49714518953641   } 
   weight { 0.98852637151417   } 
   weightvar { 0.1087200322943523   } 
   kinetic_energy { 92.91545922938651   } 
   kinetic_energyvar { 287.8242496583844   } 
   potential_energy { -400.6594695953695   } 
   potential_energyvar { 531.1412639513836   } 
   nonlocal_energy { 36.19196886860873   } 
   nonlocal_energyvar { 565.2467041411414   } 
   autocorr_energy { } 
} 

block { 
   label spin_0.005
   totweight 870400
   nautocorr 0
   total_energy { -271.5370892346143   } 
   total_energyvar { 13.29361698110282   } 
   weight { 0.9903828590312158   } 
   weightvar { 0.1091276550413134   } 
   kinetic_energy { 92.75731584394181   } 
   kinetic_energyvar { 288.6248158043192   } 
   potential_energy { -400.4570417440583   } 
   potential_energyvar { 527.8420439007377   } 
   nonlocal_energy { 36.16263666550218   } 
   nonlocal_energyvar { 565.7357735814004   } 
   autocorr_energy { } 
} 

block { 
   label spin_0.005
   totweight 870400
   nautocorr 0
   total_energy { -271.5359657647593   } 
   total_energyvar { 13.36532210216748   } 
   weight { 0.9850750063902085   } 
   weightvar { 0.1067800964865312   } 
   kinetic_energy { 92.692725772426   } 
   kinetic_energyvar { 285.5059005998178   } 
   potential_energy { -400.3005031071462   } 
   potential_energyvar { 531.5317886290056   } 
   nonlocal_energy { 36.07181156996101   } 
   nonlocal_energyvar { 570.5495688865583   } 
   autocorr_energy { } 
} 

block { 
   label spin_0.005
   totweight 870400
   nautocorr 0
   total_energy { -271.5544137087307   } 
   total_energyvar { 13.34617523527732   } 
   weight { 0.998373329482673   } 
   weightvar { 0.1039758834272233   } 
   kinetic_energy { 92.83049771345397   } 
   kinetic_energyvar { 287.8919268453368   } 
   potential_energy { -400.4722391067336   } 
   potential_energyvar { 526.995508268807   } 
   nonlocal_energy { 36.08732768454895   } 
   nonlocal_energyvar { 562.8694296780191   } 
   autocorr_energy { } 
} 

block { 
   label spin_0.005
   totweight 870400
   nautocorr 0
   total_energy { -271.5452269023779   } 
   total_energyvar { 13.23661656863041   } 
   weight { 1.002191703678333   } 
   weightvar { 0.1037090918314358   } 
   kinetic_energy { 92.90694773045338   } 
   kinetic_energyvar { 288.5165237094686   } 
   potential_energy { -400.6281974926146   } 
   potential_energyvar { 536.037547762208   } 
   nonlocal_energy { 36.17602285978329   } 
   nonlocal_energyvar { 568.4750450679982   } 
   autocorr_energy { } 
} 

block { 
   label spin_0.005
   totweight 870400
   nautocorr 0
   total_energy { -271.5367013932503   } 
   total_energyvar { 13.59608501256611   } 
   weight { 0.994148991706729   } 
   weightvar { 0.1039442075391934   } 
   kinetic_energy { 93.01950539633295   } 
   kinetic_energyvar { 288.5561983299574   } 
   potential_energy { -400.7922166372878   } 
   potential_energyvar { 527.7278343768886   } 
   nonlocal_energy { 36.23600984770444   } 
   nonlocal_energyvar { 565.7613111734678   } 
   autocorr_energy { } 
} 

block { 
   label spin_0.005
   totweight 870400
   nautocorr 0
   total_energy { -271.5345416786187   } 
   total_energyvar { 13.22524744608246   } 
   weight { 0.9909856883366019   } 
   weightvar { 0.1068288067550545   } 
   kinetic_energy { 92.8411290449247   } 
   kinetic_energyvar { 287.7745748246915   } 
   potential_energy { -400.579161380073   } 
   potential_energyvar { 533.7809287015899   } 
   nonlocal_energy { 36.20349065652966   } 
   nonlocal_energyvar { 566.3076907924869   } 
   autocorr_energy { } 
} 

block { 
   label spin_0.005
   totweight 870400
   nautocorr 0
   total_energy { -271.5518663620927   } 
   total_energyvar { 13.29868302902979   } 
   weight { 0.99463684276195   } 
   weightvar { 0.1066615032081925   } 
   kinetic_energy { 93.17756126314667   } 
   kinetic_energyvar { 286.4330494059741   } 
   potential_energy { -401.0843077769505   } 
   potential_energyvar { 530.7416303777788   } 
   nonlocal_energy { 36.35488015171127   } 
   nonlocal_energyvar { 570.9351340309996   } 
   autocorr_energy { } 
} 

block { 
   label spin_0.005
   totweight 870400
   nautocorr 0
   total_energy { -271.5416879296235   } 
   total_energyvar { 13.41299323769585   } 
   weight { 0.9971988777889486   } 
   weightvar { 0.1052665986516801   } 
   kinetic_energy { 93.06115526726846   } 
   kinetic_energyvar { 285.3279548446524   } 
   potential_energy { -400.9947541991921   } 
   potential_energyvar { 532.6062025631672   } 
   nonlocal_energy { 36.39191100230013   } 
   nonlocal_energyvar { 571.3949080493621   } 
   autocorr_energy { } 
} 

block { 
   label spin_0.005
   totweight 870400
   nautocorr 0
   total_energy { -271.5268549045281   } 
   total_energyvar { 12.97155388968693   } 
   weight { 0.9953065311102396   } 
   weightvar { 0.1039781461588082   } 
   kinetic_energy { 92.80424301904064   } 
   kinetic_energyvar { 284.3547137212561   } 
   potential_energy { -400.4415558462881   } 
   potential_energyvar { 525.8674509316804   } 
   nonlocal_energy { 36.11045792271931   } 
   nonlocal_energyvar { 564.1201833962306   } 
   autocorr_energy { } 
} 

block { 
   label spin_0.005
   totweight 870400
   nautocorr 0
   total_energy { -271.5211210267377   } 
   total_energyvar { 13.07473637649274   } 
   weight { 0.9842118707086349   } 
   weightvar { 0.1062683426796558   } 
   kinetic_energy { 93.1093095178809   } 
   kinetic_energyvar { 284.1228154294588   } 
   potential_energy { -400.7245244824246   } 
   potential_energyvar { 527.9987884272382   } 
   nonlocal_energy { 36.09409393780607   } 
   nonlocal_energyvar { 563.7055213472672   } 
   autocorr_energy { } 
} 

block { 
   label spin_0.005
   totweight 870400
   nautocorr 0
   total_energy { -271.5407773015678   } 
   total_energyvar { 13.39713633760284   } 
   weight { 0.9859817230136686   } 
   weightvar { 0.106343667916715   } 
   kinetic_energy { 92.95485577813194   } 
   kinetic_energyvar { 288.6451296625105   } 
   potential_energy { -400.744724611432   } 
   potential_energyvar { 533.1675945770273   } 
   nonlocal_energy { 36.24909153173243   } 
   nonlocal_energyvar { 571.9904023173224   } 
   autocorr_energy { } 
} 

block { 
   label spin_0.005
   totweight 870400
   nautocorr 0
   total_energy { -271.5515677424128   } 
   total_energyvar { 13.6088709957953   } 
   weight { 0.9959709850033543   } 
   weightvar { 0.1053578111247792   } 
   kinetic_energy { 92.84580452179419   } 
   kinetic_energyvar { 285.7116028141975   } 
   potential_energy { -400.5692414293384   } 
   potential_energyvar { 529.1772814582795   } 
   nonlocal_energy { 36.17186916513131   } 
   nonlocal_energyvar { 572.7018141770285   } 
   autocorr_energy { } 
} 

block { 
   label spin_0.005
   totweight 870400
   nautocorr 0
   total_energy { -271.5416594467453   } 
   total_energyvar { 13.08158971076104   } 
   weight { 1.002166936504303   } 
   weightvar { 0.1056082953812117   } 
   kinetic_energy { 92.98170598566614   } 
   kinetic_energyvar { 284.8806021070372   } 
   potential_energy { -400.6706381619302   } 
   potential_energyvar { 527.7815687518771   } 
   nonlocal_energy { 36.14727272951875   } 
   nonlocal_energyvar { 560.9311310178562   } 
   autocorr_energy { } 
} 

block { 
   label spin_0.005
   totweight 870400
   nautocorr 0
   total_energy { -271.5329880926317   } 
   total_energyvar { 13.13403386692097   } 
   weight { 0.9974683402144193   } 
   weightvar { 0.1037212409468134   } 
   kinetic_energy { 93.00619086988776   } 
   kinetic_energyvar { 285.5928663451445   } 
   potential_energy { -400.7600336360826   } 
   potential_energyvar { 528.9158689404925   } 
   nonlocal_energy { 36.22085467356312   } 
   nonlocal_energyvar { 568.6783794757998   } 
   autocorr_energy { } 
} 

block { 
   label spin_0.005
   totweight 870400
   nautocorr 0
   total_energy { -271.5447172721801   } 
   total_energyvar { 13.67115758530877   } 
   weight { 0.9940014955977791   } 
   weightvar { 0.1061613797921277   } 
   kinetic_energy { 92.81476909364163   } 
   kinetic_energyvar { 286.2918314972792   } 
   potential_energy { -400.6019210801293   } 
   potential_energyvar { 531.0026153548114   } 
   nonlocal_energy { 36.24243471430763   } 
   nonlocal_energyvar { 570.9198593087502   } 
   autocorr_energy { } 
} 

block { 
   label spin_0.005
   totweight 870400
   nautocorr 0
   total_energy { -271.5395763704909   } 
   total_energyvar { 13.4452499101398   } 
   weight { 0.9972226784730451   } 
   weightvar { 0.1049498776140675   } 
   kinetic_energy { 92.81496998386449   } 
   kinetic_energyvar { 284.85476885526   } 
   potential_energy { -400.5101913821418   } 
   potential_energyvar { 524.0185789410108   } 
   nonlocal_energy { 36.1556450277865   } 
   nonlocal_energyvar { 561.0772502479749   } 
   autocorr_energy { } 
} 

#-------------------------------------------------
#DMC run: timestep 0.005
#-------------------------------------------------


init { 
   label spin_0.005
}
block { 
   label spin_0.005
   totweight 870400
   nautocorr 0
   total_energy { -271.5361483679559   } 
   total_energyvar { 13.17351185600045   } 
   weight { 0.9847519146651786   } 
   weightvar { 0.1045621963060015   } 
   kinetic_energy { 92.88396139835967   } 
   kinetic_energyvar { 287.514247821601   } 
   potential_energy { -400.6976071426361   } 
   potential_energyvar { 532.7570200237445   } 
   nonlocal_energy { 36.2774973763205   } 
   nonlocal_energyvar { 570.9252072893163   } 
   autocorr_energy { } 
} 

block { 
   label spin_0.005
   totweight 870400
   nautocorr 0
   total_energy { -271.5468424331124   } 
   total_energyvar { 13.32145092885752   } 
   weight { 0.9893468576531889   } 
   weightvar { 0.1064700937260104   } 
   kinetic_energy { 92.90709745016862   } 
   kinetic_energyvar { 285.7148454952184   } 
   potential_energy { -400.6107467545818   } 
   potential_energyvar { 528.4620250181513   } 
   nonlocal_energy { 36.15680687130083   } 
   nonlocal_energyvar { 565.9187533498508   } 
   autocorr_energy { } 
} 

block { 
   label spin_0.005
   totweight 870400
   nautocorr 0
   total_energy { -271.5105620664831   } 
   total_energyvar { 13.34763105095368   } 
   weight { 0.9857455042809327   } 
   weightvar { 0.103937736943746   } 
   kinetic_energy { 92.8398781166983   } 
   kinetic_energyvar { 288.645749081362   } 
   potential_energy { -400.6232325243865   } 
   potential_energyvar { 532.4822739293348   } 
   nonlocal_energy { 36.2727923412051   } 
   nonlocal_energyvar { 578.1095123177546   } 
   autocorr_energy { } 
} 

block { 
   label spin_0.005
   totweight 870400
   nautocorr 0
   total_energy { -271.5208616198248   } 
   total_energyvar { 13.39783370782113   } 
   weight { 0.9775408124418444   } 
   weightvar { 0.1086334222082615   } 
   kinetic_energy { 93.06765105722164   } 
   kinetic_energyvar { 287.4733244114445   } 
   potential_energy { -400.8056729658153   } 
   potential_energyvar { 530.3026481285252   } 
   nonlocal_energy { 36.21716028876897   } 
   nonlocal_energyvar { 573.8675928366391   } 
   autocorr_energy { } 
} 

block { 
   label spin_0.005
   totweight 870400
   nautocorr 0
   total_energy { -271.5663790964131   } 
   total_energyvar { 13.28813399207946   } 
   weight { 1.001142646017684   } 
   weightvar { 0.1039899654620922   } 
   kinetic_energy { 93.09722946787791   } 
   kinetic_energyvar { 288.3488994309034   } 
   potential_energy { -400.8498399646547   } 
   potential_energyvar { 534.8114792184202   } 
   nonlocal_energy { 36.18623140036372   } 
   nonlocal_energyvar { 567.7847136510499   } 
   autocorr_energy { } 
} 

block { 
   label spin_0.005
   totweight 870400
   nautocorr 0
   total_energy { -271.5382497700417   } 
   total_energyvar { 13.20209354735212   } 
   weight { 1.007057691697933   } 
   weightvar { 0.1021327624507304   } 
   kinetic_energy { 93.18919697299015   } 
   kinetic_energyvar { 287.0443759242663   } 
   potential_energy { -400.8975525005943   } 
   potential_energyvar { 534.1404290016338   } 
   nonlocal_energy { 36.17010575756247   } 
   nonlocal_energyvar { 565.1120197384259   } 
   autocorr_energy { } 
} 

block { 
   label spin_0.005
   totweight 870400
   nautocorr 0
   total_energy { -271.5319874060402   } 
   total_energyvar { 13.06854531112401   } 
   weight { 1.000153949248031   } 
   weightvar { 0.1031431154235159   } 
   kinetic_energy { 92.93646829824546   } 
   kinetic_energyvar { 283.6763935599727   } 
   potential_energy { -400.6132526254022   } 
   potential_energyvar { 527.0261501878568   } 
   nonlocal_energy { 36.14479692111661   } 
   nonlocal_energyvar { 565.6339383779292   } 
   autocorr_energy { } 
} 

block { 
   label spin_0.005
   totweight 870400
   nautocorr 0
   total_energy { -271.5322252413726   } 
   total_energyvar { 13.08009567407868   } 
   weight { 0.99837769985987   } 
   weightvar { 0.1049949509661039   } 
   kinetic_energy { 92.82415191053649   } 
   kinetic_energyvar { 288.6113149419897   } 
   potential_energy { -400.6822671572576   } 
   potential_energyvar { 529.9456020905094   } 
   nonlocal_energy { 36.32589000534843   } 
   nonlocal_energyvar { 574.6549588648662   } 
   autocorr_energy { } 
} 

block { 
   label spin_0.005
   totweight 870400
   nautocorr 0
   total_energy { -271.5356492513816   } 
   total_energyvar { 13.50157453745274   } 
   weight { 0.9949462642426269   } 
   weightvar { 0.1070495595974274   } 
   kinetic_energy { 92.90965806843263   } 
   kinetic_energyvar { 285.2998773665589   } 
   potential_energy { -400.4595742681466   } 
   potential_energyvar { 530.0126070747165   } 
   nonlocal_energy { 36.01426694833232   } 
   nonlocal_energyvar { 566.7109238762629   } 
   autocorr_energy { } 
} 

block { 
   label spin_0.005
   totweight 870400
   nautocorr 0
   total_energy { -271.5277344813925   } 
   total_energyvar { 13.6346330885758   } 
   weight { 0.9920167075186345   } 
   weightvar { 0.1034973863938376   } 
   kinetic_energy { 92.95492631522858   } 
   kinetic_energyvar { 285.8561827905427   } 
   potential_energy { -400.6190131279033   } 
   potential_energyvar { 530.8665737192625   } 
   nonlocal_energy { 36.13635233128215   } 
   nonlocal_energyvar { 560.1158673915239   } 
   autocorr_energy { } 
} 

block { 
   label spin_0.005
   totweight 870400
   nautocorr 0
   total_energy { -271.5260398254076   } 
   total_energyvar { 13.31580293013349   } 
   weight { 0.9884606877308287   } 
   weightvar { 0.1081350118023505   } 
   kinetic_energy { 92.87871096843311   } 
   kinetic_energyvar { 287.5378999233214   } 
   potential_energy { -400.4347297301701   } 
   potential_energyvar { 522.2445980826926   } 
   nonlocal_energy { 36.02997893632934   } 
   nonlocal_energyvar { 561.9532142276244   } 
   autocorr_energy { } 
} 

block { 
   label spin_0.005
   totweight 870400
   nautocorr 0
   total_energy { -271.5403662164064   } 
   total_energyvar { 13.92098558534688   } 
   weight { 0.9954468291986778   } 
   weightvar { 0.1052565948478939   } 
   kinetic_energy { 92.8913920528471   } 
   kinetic_energyvar { 289.0860364277022   } 
   potential_energy { -400.4551437472044   } 
   potential_energyvar { 533.0515516511075   } 
   nonlocal_energy { 36.02338547795089   } 
   nonlocal_energyvar { 564.4444686898682   } 
   autocorr_energy { } 
} 

block { 
   label spin_0.005
   totweight 870400
   nautocorr 0
   total_energy { -271.5333685462269   } 
   total_energyvar { 13.35777758623327   } 
   weight { 0.9976622470844182   } 
   weightvar { 0.1041990966141921   } 
   kinetic_energy { 92.83883862477772   } 
   kinetic_energyvar { 287.2484556682896   } 
   potential_energy { -400.5821148634254   } 
   potential_energyvar { 527.0857221028141   } 
   nonlocal_energy { 36.20990769242098   } 
   nonlocal_energyvar { 570.5596337232679   } 
   autocorr_energy { } 
} 

block { 
   label spin_0.005
   totweight 870400
   nautocorr 0
   total_energy { -271.534232795724   } 
   total_energyvar { 13.20281618144625   } 
   weight { 0.9952114532163334   } 
   weightvar { 0.1048932110454069   } 
   kinetic_energy { 92.73323123063889   } 
   kinetic_energyvar { 285.5704485168864   } 
   potential_energy { -400.4203169984516   } 
   potential_energyvar { 526.8362888891041   } 
   nonlocal_energy { 36.15285297208883   } 
   nonlocal_energyvar { 568.2867730952545   } 
   autocorr_energy { } 
} 

block { 
   label spin_0.005
   totweight 870400
   nautocorr 0
   total_energy { -271.5477679939116   } 
   total_energyvar { 13.04777296894389   } 
   weight { 1.000681954062441   } 
   weightvar { 0.1041674406649532   } 
   kinetic_energy { 92.81668108450772   } 
   kinetic_energyvar { 284.8666225314097   } 
   potential_energy { -400.4389621910803   } 
   potential_energyvar { 524.1007294308398   } 
   nonlocal_energy { 36.07451311266089   } 
   nonlocal_energyvar { 560.0787928351555   } 
   autocorr_energy { } 
} 

block { 
   label spin_0.005
   totweight 870400
   nautocorr 0
   total_energy { -271.5498808447146   } 
   total_energyvar { 13.36466936252447   } 
   weight { 1.008851887478031   } 
   weightvar { 0.1028457507418057   } 
   kinetic_energy { 92.93436351236147   } 
   kinetic_energyvar { 284.0393375185782   } 
   potential_energy { -400.6700435667667   } 
   potential_energyvar { 528.0300034740322   } 
   nonlocal_energy { 36.18579920969069   } 
   nonlocal_energyvar { 562.3643038212232   } 
   autocorr_energy { } 
} 

block { 
   label spin_0.005
   totweight 870400
   nautocorr 0
   total_energy { -271.5344012947349   } 
   total_energyvar { 13.54279322616944   } 
   weight { 1.005428801635288   } 
   weightvar { 0.1017637656539144   } 
   kinetic_energy { 93.04762725839416   } 
   kinetic_energyvar { 288.5959379348037   } 
   potential_energy { -401.0145633410615   } 
   potential_energyvar { 534.1138108686898   } 
   nonlocal_energy { 36.43253478793243   } 
   nonlocal_energyvar { 568.4274958652346   } 
   autocorr_energy { } 
} 

block { 
   label spin_0.005
   totweight 870400
   nautocorr 0
   total_energy { -271.5293012085614   } 
   total_energyvar { 13.19598778684331   } 
   weight { 0.9962951543223748   } 
   weightvar { 0.1035802136644816   } 
   kinetic_energy { 92.96804339338713   } 
   kinetic_energyvar { 285.3850873669048   } 
   potential_energy { -400.6993246766012   } 
   potential_energyvar { 529.152318243032   } 
   nonlocal_energy { 36.20198007465269   } 
   nonlocal_energyvar { 567.8183624051443   } 
   autocorr_energy { } 
} 

block { 
   label spin_0.005
   totweight 870400
   nautocorr 0
   total_energy { -271.5394316639814   } 
   total_energyvar { 13.58401870528078   } 
   weight { 0.9953657371985882   } 
   weightvar { 0.106053374376838   } 
   kinetic_energy { 93.07404717865849   } 
   kinetic_energyvar { 285.7463555778974   } 
   potential_energy { -400.7854900796012   } 
   potential_energyvar { 532.6305164856136   } 
   nonlocal_energy { 36.17201123696139   } 
   nonlocal_energyvar { 564.8301837402422   } 
   autocorr_energy { } 
} 

block { 
   label spin_0.005
   totweight 870400
   nautocorr 0
   total_energy { -271.5415774864654   } 
   total_energyvar { 13.21598740105422   } 
   weight { 0.9969073935134672   } 
   weightvar { 0.1063191890680359   } 
   kinetic_energy { 92.95543406712875   } 
   kinetic_energyvar { 287.5590805580422   } 
   potential_energy { -400.6781294767337   } 
   potential_energyvar { 531.4000357660557   } 
   nonlocal_energy { 36.18111792313942   } 
   nonlocal_energyvar { 564.6938824149317   } 
   autocorr_energy { } 
} 

block { 
   label spin_0.005
   totweight 870400
   nautocorr 0
   total_energy { -271.5235408934726   } 
   total_energyvar { 13.25313026476385   } 
   weight { 0.9959364880994379   } 
   weightvar { 0.104171398247689   } 
   kinetic_energy { 92.94535387202342   } 
   kinetic_energyvar { 287.0526183148092   } 
   potential_energy { -400.5945707863692   } 
   potential_energyvar { 530.664831179063   } 
   nonlocal_energy { 36.12567602087326   } 
   nonlocal_energyvar { 570.078068019684   } 
   autocorr_energy { } 
} 

block { 
   label spin_0.005
   totweight 870400
   nautocorr 0
   total_energy { -271.5153369478433   } 
   total_energyvar { 13.15765068976146   } 
   weight { 0.9859728865224169   } 
   weightvar { 0.104837946432685   } 
   kinetic_energy { 93.01056537162403   } 
   kinetic_energyvar { 288.5741622080195   } 
   potential_energy { -400.5768399725097   } 
   potential_energyvar { 534.3310151995393   } 
   nonlocal_energy { 36.05093765304228   } 
   nonlocal_energyvar { 565.9644949373049   } 
   autocorr_energy { } 
} 

