#-------------------------------------------------
#VMC run: timestep 0.5 nconfig 2560 steps 20
#-------------------------------------------------


init { 
   label vmc
}
block { 
   label vmc
   totweight 51200
   nautocorr 0
   total_energy { -134.4677659659705   } 
   total_energyvar { 2.79472638610745   } 
   weight { 1   } 
   weightvar { 0   } 
   kinetic_energy { 47.59688186811277   } 
   kinetic_energyvar { 149.6336316009433   } 
   potential_energy { -195.6746474872533   } 
   potential_energyvar { 168.7202514841829   } 
   nonlocal_energy { 13.60999965317004   } 
   nonlocal_energyvar { 220.5159534095467   } 
   autocorr_energy { } 
} 

block { 
   label vmc
   totweight 51200
   nautocorr 0
   total_energy { -134.4639314241061   } 
   total_energyvar { 2.905198770695671   } 
   weight { 1   } 
   weightvar { 0   } 
   kinetic_energy { 47.38491238991485   } 
   kinetic_energyvar { 154.2723297672613   } 
   potential_energy { -195.4463997537614   } 
   potential_energyvar { 167.6787250512635   } 
   nonlocal_energy { 13.59755593974046   } 
   nonlocal_energyvar { 221.4950010645019   } 
   autocorr_energy { } 
} 

block { 
   label vmc
   totweight 51200
   nautocorr 0
   total_energy { -134.4627287381535   } 
   total_energyvar { 2.922569544524614   } 
   weight { 1   } 
   weightvar { 0   } 
   kinetic_energy { 47.30381479798059   } 
   kinetic_energyvar { 158.9959174755546   } 
   potential_energy { -195.6367892514355   } 
   potential_energyvar { 170.0569064530599   } 
   nonlocal_energy { 13.87024571530143   } 
   nonlocal_energyvar { 240.3986481370174   } 
   autocorr_energy { } 
} 

block { 
   label vmc
   totweight 51200
   nautocorr 0
   total_energy { -134.4631788382449   } 
   total_energyvar { 2.86065180347556   } 
   weight { 1   } 
   weightvar { 0   } 
   kinetic_energy { 47.4970067587528   } 
   kinetic_energyvar { 153.9103642098494   } 
   potential_energy { -195.5978150815855   } 
   potential_energyvar { 168.7034296987235   } 
   nonlocal_energy { 13.63762948458779   } 
   nonlocal_energyvar { 225.4242891039962   } 
   autocorr_energy { } 
} 

block { 
   label vmc
   totweight 51200
   nautocorr 0
   total_energy { -134.4519674275356   } 
   total_energyvar { 2.778687023974327   } 
   weight { 1   } 
   weightvar { 0   } 
   kinetic_energy { 47.41907433644546   } 
   kinetic_energyvar { 156.3893376197898   } 
   potential_energy { -195.6087705501154   } 
   potential_energyvar { 169.2708410644061   } 
   nonlocal_energy { 13.73772878613434   } 
   nonlocal_energyvar { 230.8521945488501   } 
   autocorr_energy { } 
} 

block { 
   label vmc
   totweight 51200
   nautocorr 0
   total_energy { -134.4655340810103   } 
   total_energyvar { 2.837879661792255   } 
   weight { 1   } 
   weightvar { 0   } 
   kinetic_energy { 47.36077761151708   } 
   kinetic_energyvar { 151.4196411473426   } 
   potential_energy { -195.5183386583142   } 
   potential_energyvar { 169.2548291308293   } 
   nonlocal_energy { 13.69202696578689   } 
   nonlocal_energyvar { 224.8877999884588   } 
   autocorr_energy { } 
} 

block { 
   label vmc
   totweight 51200
   nautocorr 0
   total_energy { -134.4704416638559   } 
   total_energyvar { 2.822076427760978   } 
   weight { 1   } 
   weightvar { 0   } 
   kinetic_energy { 47.48916816344572   } 
   kinetic_energyvar { 148.7226316350089   } 
   potential_energy { -195.5585613329942   } 
   potential_energyvar { 167.5993415194748   } 
   nonlocal_energy { 13.59895150569266   } 
   nonlocal_energyvar { 217.7177529693844   } 
   autocorr_energy { } 
} 

block { 
   label vmc
   totweight 51200
   nautocorr 0
   total_energy { -134.4581945705369   } 
   total_energyvar { 2.930270419042331   } 
   weight { 1   } 
   weightvar { 0   } 
   kinetic_energy { 47.34307004629543   } 
   kinetic_energyvar { 156.9400845303882   } 
   potential_energy { -195.6147130592211   } 
   potential_energyvar { 169.7684001408536   } 
   nonlocal_energy { 13.8134484423888   } 
   nonlocal_energyvar { 235.8738624519666   } 
   autocorr_energy { } 
} 

block { 
   label vmc
   totweight 51200
   nautocorr 0
   total_energy { -134.4406674182589   } 
   total_energyvar { 2.899110562091771   } 
   weight { 1   } 
   weightvar { 0   } 
   kinetic_energy { 47.48571843188587   } 
   kinetic_energyvar { 150.0192237765873   } 
   potential_energy { -195.655887094844   } 
   potential_energyvar { 167.5401322031025   } 
   nonlocal_energy { 13.72950124469927   } 
   nonlocal_energyvar { 222.4445400972425   } 
   autocorr_energy { } 
} 

block { 
   label vmc
   totweight 51200
   nautocorr 0
   total_energy { -134.4643367173554   } 
   total_energyvar { 2.864594216459629   } 
   weight { 1   } 
   weightvar { 0   } 
   kinetic_energy { 47.24280341967711   } 
   kinetic_energyvar { 159.1341123838398   } 
   potential_energy { -195.668327859788   } 
   potential_energyvar { 169.4026943622426   } 
   nonlocal_energy { 13.96118772275554   } 
   nonlocal_energyvar { 238.509459832944   } 
   autocorr_energy { } 
} 

block { 
   label vmc
   totweight 51200
   nautocorr 0
   total_energy { -134.4620066981826   } 
   total_energyvar { 2.968778398592967   } 
   weight { 1   } 
   weightvar { 0   } 
   kinetic_energy { 47.35369399905874   } 
   kinetic_energyvar { 153.8937010136527   } 
   potential_energy { -195.5132340681323   } 
   potential_energyvar { 170.0424167360609   } 
   nonlocal_energy { 13.69753337089091   } 
   nonlocal_energyvar { 226.6348226204575   } 
   autocorr_energy { } 
} 

block { 
   label vmc
   totweight 51200
   nautocorr 0
   total_energy { -134.4535014528975   } 
   total_energyvar { 2.787687975115043   } 
   weight { 1   } 
   weightvar { 0   } 
   kinetic_energy { 47.4826765113156   } 
   kinetic_energyvar { 151.9288892993156   } 
   potential_energy { -195.657004145749   } 
   potential_energyvar { 169.3605176593825   } 
   nonlocal_energy { 13.7208261815359   } 
   nonlocal_energyvar { 222.9175481431593   } 
   autocorr_energy { } 
} 

block { 
   label vmc
   totweight 51200
   nautocorr 0
   total_energy { -134.4657885235321   } 
   total_energyvar { 2.934967688133797   } 
   weight { 1   } 
   weightvar { 0   } 
   kinetic_energy { 47.35099861239698   } 
   kinetic_energyvar { 155.5502058121756   } 
   potential_energy { -195.4314328839392   } 
   potential_energyvar { 168.8293664828884   } 
   nonlocal_energy { 13.61464574801005   } 
   nonlocal_energyvar { 227.1807395415596   } 
   autocorr_energy { } 
} 

block { 
   label vmc
   totweight 51200
   nautocorr 0
   total_energy { -134.4445984235781   } 
   total_energyvar { 2.871252967217667   } 
   weight { 1   } 
   weightvar { 0   } 
   kinetic_energy { 47.39301035007094   } 
   kinetic_energyvar { 151.3113567647957   } 
   potential_energy { -195.5102742986871   } 
   potential_energyvar { 168.4692042628726   } 
   nonlocal_energy { 13.67266552503806   } 
   nonlocal_energyvar { 222.5736726964102   } 
   autocorr_energy { } 
} 

block { 
   label vmc
   totweight 51200
   nautocorr 0
   total_energy { -134.469241603867   } 
   total_energyvar { 2.816014722535991   } 
   weight { 1   } 
   weightvar { 0   } 
   kinetic_energy { 47.34020686989845   } 
   kinetic_energyvar { 153.4876299129149   } 
   potential_energy { -195.4617230489258   } 
   potential_energyvar { 169.119557801152   } 
   nonlocal_energy { 13.65227457516032   } 
   nonlocal_energyvar { 226.6226418096461   } 
   autocorr_energy { } 
} 

block { 
   label vmc
   totweight 51200
   nautocorr 0
   total_energy { -134.4591731423318   } 
   total_energyvar { 2.841071716431532   } 
   weight { 1   } 
   weightvar { 0   } 
   kinetic_energy { 47.33207370465403   } 
   kinetic_energyvar { 156.4987833759889   } 
   potential_energy { -195.6770119942864   } 
   potential_energyvar { 168.6310787646448   } 
   nonlocal_energy { 13.88576514730061   } 
   nonlocal_energyvar { 234.0009965225438   } 
   autocorr_energy { } 
} 

block { 
   label vmc
   totweight 51200
   nautocorr 0
   total_energy { -134.4602066880142   } 
   total_energyvar { 2.822998028420002   } 
   weight { 1   } 
   weightvar { 0   } 
   kinetic_energy { 47.4362628291007   } 
   kinetic_energyvar { 151.4398413036376   } 
   potential_energy { -195.5749057578983   } 
   potential_energyvar { 169.7280497506283   } 
   nonlocal_energy { 13.67843624078349   } 
   nonlocal_energyvar { 223.412571536189   } 
   autocorr_energy { } 
} 

block { 
   label vmc
   totweight 51200
   nautocorr 0
   total_energy { -134.4588632482224   } 
   total_energyvar { 2.935946587916503   } 
   weight { 1   } 
   weightvar { 0   } 
   kinetic_energy { 47.40925155901738   } 
   kinetic_energyvar { 153.2322801762066   } 
   potential_energy { -195.6558444886045   } 
   potential_energyvar { 171.5683445438489   } 
   nonlocal_energy { 13.78772968136477   } 
   nonlocal_energyvar { 228.1579136943491   } 
   autocorr_energy { } 
} 

block { 
   label vmc
   totweight 51200
   nautocorr 0
   total_energy { -134.4625637183662   } 
   total_energyvar { 2.954622418680212   } 
   weight { 1   } 
   weightvar { 0   } 
   kinetic_energy { 47.17301564875146   } 
   kinetic_energyvar { 157.645698498301   } 
   potential_energy { -195.6279102837599   } 
   potential_energyvar { 170.3961200485489   } 
   nonlocal_energy { 13.99233091664218   } 
   nonlocal_energyvar { 239.5319155658639   } 
   autocorr_energy { } 
} 

block { 
   label vmc
   totweight 51200
   nautocorr 0
   total_energy { -134.4451795209869   } 
   total_energyvar { 2.940057833358847   } 
   weight { 1   } 
   weightvar { 0   } 
   kinetic_energy { 47.30096208977443   } 
   kinetic_energyvar { 157.6576273992181   } 
   potential_energy { -195.7159651311148   } 
   potential_energyvar { 170.2114058452094   } 
   nonlocal_energy { 13.96982352035348   } 
   nonlocal_energyvar { 239.2831074688084   } 
   autocorr_energy { } 
} 

