#-------------------------------------------------
#VMC run: timestep 0.42 nconfig 3072 steps 20
#-------------------------------------------------


init { 
   label vmc
}
block { 
   label vmc
   totweight 61440
   nautocorr 0
   total_energy { -7.60203544956146   } 
   total_energyvar { 0.4361274549029113   } 
   weight { 1   } 
   weightvar { 0   } 
   kinetic_energy { 2.301070254785876   } 
   kinetic_energyvar { 2.645405402680487   } 
   potential_energy { -10.85631071656291   } 
   potential_energyvar { 3.572413787163093   } 
   nonlocal_energy { 0.9532050122155707   } 
   nonlocal_energyvar { 4.806986242291692   } 
   autocorr_energy { } 
} 

block { 
   label vmc
   totweight 61440
   nautocorr 0
   total_energy { -7.604757840024623   } 
   total_energyvar { 0.447553615521723   } 
   weight { 1   } 
   weightvar { 0   } 
   kinetic_energy { 2.349673628840507   } 
   kinetic_energyvar { 2.731734064390045   } 
   potential_energy { -10.90635916082848   } 
   potential_energyvar { 3.545754929169298   } 
   nonlocal_energy { 0.9519276919633488   } 
   nonlocal_energyvar { 4.957461514961874   } 
   autocorr_energy { } 
} 

block { 
   label vmc
   totweight 61440
   nautocorr 0
   total_energy { -7.606928774085033   } 
   total_energyvar { 0.4680714263234759   } 
   weight { 1   } 
   weightvar { 0   } 
   kinetic_energy { 2.369225390287976   } 
   kinetic_energyvar { 2.615542525827071   } 
   potential_energy { -10.9326496924897   } 
   potential_energyvar { 3.51835222307921   } 
   nonlocal_energy { 0.9564955281166896   } 
   nonlocal_energyvar { 4.662717559381473   } 
   autocorr_energy { } 
} 

block { 
   label vmc
   totweight 61440
   nautocorr 0
   total_energy { -7.610884467720639   } 
   total_energyvar { 0.4265230276818494   } 
   weight { 1   } 
   weightvar { 0   } 
   kinetic_energy { 2.343778407625794   } 
   kinetic_energyvar { 2.736911127287771   } 
   potential_energy { -10.91815788683489   } 
   potential_energyvar { 3.515256159931093   } 
   nonlocal_energy { 0.9634950114884527   } 
   nonlocal_energyvar { 4.916255093246698   } 
   autocorr_energy { } 
} 

block { 
   label vmc
   totweight 61440
   nautocorr 0
   total_energy { -7.602524553296188   } 
   total_energyvar { 0.4274820466146861   } 
   weight { 1   } 
   weightvar { 0   } 
   kinetic_energy { 2.346180842340356   } 
   kinetic_energyvar { 2.694798237986189   } 
   potential_energy { -10.9108666744778   } 
   potential_energyvar { 3.557278216347658   } 
   nonlocal_energy { 0.9621612788412531   } 
   nonlocal_energyvar { 4.920521549745862   } 
   autocorr_energy { } 
} 

block { 
   label vmc
   totweight 61440
   nautocorr 0
   total_energy { -7.610482609736013   } 
   total_energyvar { 0.4430921044254772   } 
   weight { 1   } 
   weightvar { 0   } 
   kinetic_energy { 2.351606194974652   } 
   kinetic_energyvar { 2.623548005500912   } 
   potential_energy { -10.9070433371733   } 
   potential_energyvar { 3.523513523635629   } 
   nonlocal_energy { 0.9449545324626399   } 
   nonlocal_energyvar { 4.711627067773431   } 
   autocorr_energy { } 
} 

block { 
   label vmc
   totweight 61440
   nautocorr 0
   total_energy { -7.611760801580302   } 
   total_energyvar { 0.4286414806488464   } 
   weight { 1   } 
   weightvar { 0   } 
   kinetic_energy { 2.351923915370294   } 
   kinetic_energyvar { 2.596957233575405   } 
   potential_energy { -10.8971964544485   } 
   potential_energyvar { 3.469313068937927   } 
   nonlocal_energy { 0.9335117374978985   } 
   nonlocal_energyvar { 4.519421098574347   } 
   autocorr_energy { } 
} 

block { 
   label vmc
   totweight 61440
   nautocorr 0
   total_energy { -7.606997479030243   } 
   total_energyvar { 0.4397375675029975   } 
   weight { 1   } 
   weightvar { 0   } 
   kinetic_energy { 2.360807727310691   } 
   kinetic_energyvar { 2.701169999416324   } 
   potential_energy { -10.92234025376498   } 
   potential_energyvar { 3.539391858325029   } 
   nonlocal_energy { 0.9545350474240476   } 
   nonlocal_energyvar { 4.879152266466662   } 
   autocorr_energy { } 
} 

block { 
   label vmc
   totweight 61440
   nautocorr 0
   total_energy { -7.613169654851434   } 
   total_energyvar { 0.4423268654260755   } 
   weight { 1   } 
   weightvar { 0   } 
   kinetic_energy { 2.336978076080999   } 
   kinetic_energyvar { 2.688388393674876   } 
   potential_energy { -10.91492918130969   } 
   potential_energyvar { 3.569130435563761   } 
   nonlocal_energy { 0.9647814503772625   } 
   nonlocal_energyvar { 4.860773790735299   } 
   autocorr_energy { } 
} 

block { 
   label vmc
   totweight 61440
   nautocorr 0
   total_energy { -7.607955618082527   } 
   total_energyvar { 0.4117188937281307   } 
   weight { 1   } 
   weightvar { 0   } 
   kinetic_energy { 2.36084119977857   } 
   kinetic_energyvar { 2.6319260099388   } 
   potential_energy { -10.91538592291846   } 
   potential_energyvar { 3.459871902645575   } 
   nonlocal_energy { 0.9465891050573607   } 
   nonlocal_energyvar { 4.723339947006412   } 
   autocorr_energy { } 
} 

block { 
   label vmc
   totweight 61440
   nautocorr 0
   total_energy { -7.609561790479712   } 
   total_energyvar { 0.453137323453084   } 
   weight { 1   } 
   weightvar { 0   } 
   kinetic_energy { 2.33694238483771   } 
   kinetic_energyvar { 2.657884929493504   } 
   potential_energy { -10.89690565781967   } 
   potential_energyvar { 3.569615512690181   } 
   nonlocal_energy { 0.9504014825022475   } 
   nonlocal_energyvar { 4.779550445855595   } 
   autocorr_energy { } 
} 

block { 
   label vmc
   totweight 61440
   nautocorr 0
   total_energy { -7.616973189431667   } 
   total_energyvar { 0.3975288601875136   } 
   weight { 1   } 
   weightvar { 0   } 
   kinetic_energy { 2.33982807207019   } 
   kinetic_energyvar { 2.653513360553625   } 
   potential_energy { -10.90571269512743   } 
   potential_energyvar { 3.473752095547385   } 
   nonlocal_energy { 0.9489114336255752   } 
   nonlocal_energyvar { 4.6887230496657   } 
   autocorr_energy { } 
} 

block { 
   label vmc
   totweight 61440
   nautocorr 0
   total_energy { -7.610411381493596   } 
   total_energyvar { 0.4293583505846183   } 
   weight { 1   } 
   weightvar { 0   } 
   kinetic_energy { 2.342412812791688   } 
   kinetic_energyvar { 2.699135128499835   } 
   potential_energy { -10.92454283024131   } 
   potential_energyvar { 3.548361763004723   } 
   nonlocal_energy { 0.9717186359560308   } 
   nonlocal_energyvar { 4.910164793046611   } 
   autocorr_energy { } 
} 

block { 
   label vmc
   totweight 61440
   nautocorr 0
   total_energy { -7.612434712353653   } 
   total_energyvar { 0.4319236513626043   } 
   weight { 1   } 
   weightvar { 0   } 
   kinetic_energy { 2.35213477492429   } 
   kinetic_energyvar { 2.630333793646469   } 
   potential_energy { -10.9071931827586   } 
   potential_energyvar { 3.502557783211825   } 
   nonlocal_energy { 0.9426236954806597   } 
   nonlocal_energyvar { 4.665414515270254   } 
   autocorr_energy { } 
} 

block { 
   label vmc
   totweight 61440
   nautocorr 0
   total_energy { -7.606997648058289   } 
   total_energyvar { 0.4496499001604471   } 
   weight { 1   } 
   weightvar { 0   } 
   kinetic_energy { 2.362616913723611   } 
   kinetic_energyvar { 2.660574434391647   } 
   potential_energy { -10.92348145880042   } 
   potential_energyvar { 3.526502217238514   } 
   nonlocal_energy { 0.9538668970185166   } 
   nonlocal_energyvar { 4.735797618161459   } 
   autocorr_energy { } 
} 

block { 
   label vmc
   totweight 61440
   nautocorr 0
   total_energy { -7.607649174599531   } 
   total_energyvar { 0.4249697464035193   } 
   weight { 1   } 
   weightvar { 0   } 
   kinetic_energy { 2.370152160942756   } 
   kinetic_energyvar { 2.61781599152878   } 
   potential_energy { -10.93441283197851   } 
   potential_energyvar { 3.47768369579457   } 
   nonlocal_energy { 0.9566114964362225   } 
   nonlocal_energyvar { 4.695075103167442   } 
   autocorr_energy { } 
} 

block { 
   label vmc
   totweight 61440
   nautocorr 0
   total_energy { -7.605977199365286   } 
   total_energyvar { 0.4221556008795985   } 
   weight { 1   } 
   weightvar { 0   } 
   kinetic_energy { 2.341803357706702   } 
   kinetic_energyvar { 2.768798999067392   } 
   potential_energy { -10.9263275831777   } 
   potential_energyvar { 3.550273791895446   } 
   nonlocal_energy { 0.9785470261057081   } 
   nonlocal_energyvar { 4.966456236930851   } 
   autocorr_energy { } 
} 

block { 
   label vmc
   totweight 61440
   nautocorr 0
   total_energy { -7.605655310347763   } 
   total_energyvar { 0.4557655689699048   } 
   weight { 1   } 
   weightvar { 0   } 
   kinetic_energy { 2.349149002762543   } 
   kinetic_energyvar { 2.66262812492925   } 
   potential_energy { -10.91654033061891   } 
   potential_energyvar { 3.534227471634618   } 
   nonlocal_energy { 0.961736017508606   } 
   nonlocal_energyvar { 4.834920209373852   } 
   autocorr_energy { } 
} 

block { 
   label vmc
   totweight 61440
   nautocorr 0
   total_energy { -7.607629986984407   } 
   total_energyvar { 0.460040681907168   } 
   weight { 1   } 
   weightvar { 0   } 
   kinetic_energy { 2.337759327623079   } 
   kinetic_energyvar { 2.694311785918522   } 
   potential_energy { -10.88439859304854   } 
   potential_energyvar { 3.531945859109172   } 
   nonlocal_energy { 0.9390092784410513   } 
   nonlocal_energyvar { 4.741673389920583   } 
   autocorr_energy { } 
} 

block { 
   label vmc
   totweight 61440
   nautocorr 0
   total_energy { -7.604463634872597   } 
   total_energyvar { 0.4569179845053726   } 
   weight { 1   } 
   weightvar { 0   } 
   kinetic_energy { 2.355500104689853   } 
   kinetic_energyvar { 2.639286815565204   } 
   potential_energy { -10.90828001406459   } 
   potential_energyvar { 3.535534212825637   } 
   nonlocal_energy { 0.9483162745021381   } 
   nonlocal_energyvar { 4.797526356839759   } 
   autocorr_energy { } 
} 

