#-------------------------------------------------
#VMC run: timestep 0.47 nconfig 2176 steps 30
#-------------------------------------------------


init { 
   label vmc
}
block { 
   label vmc
   totweight 65280
   nautocorr 0
   total_energy { -66.06525883148778   } 
   total_energyvar { 7.715171066933904   } 
   weight { 1   } 
   weightvar { 1.776356839400247e-15   } 
   kinetic_energy { 22.74367241472292   } 
   kinetic_energyvar { 74.472709405811   } 
   potential_energy { -95.28731286040593   } 
   potential_energyvar { 98.24096453614315   } 
   nonlocal_energy { 6.478381614195258   } 
   nonlocal_energyvar { 109.5494575988611   } 
   autocorr_energy { } 
} 

block { 
   label vmc
   totweight 65280
   nautocorr 0
   total_energy { -66.05962255925056   } 
   total_energyvar { 5.09793430219365   } 
   weight { 1   } 
   weightvar { 1.776356839400247e-15   } 
   kinetic_energy { 22.78601793739358   } 
   kinetic_energyvar { 79.65758820759017   } 
   potential_energy { -95.43042246845813   } 
   potential_energyvar { 95.90025143239723   } 
   nonlocal_energy { 6.584781971814   } 
   nonlocal_energyvar { 119.0354440110986   } 
   autocorr_energy { } 
} 

block { 
   label vmc
   totweight 65280
   nautocorr 0
   total_energy { -66.07461076995652   } 
   total_energyvar { 4.944377242816207   } 
   weight { 1   } 
   weightvar { 1.776356839400247e-15   } 
   kinetic_energy { 22.82453792696277   } 
   kinetic_energyvar { 74.19253449592112   } 
   potential_energy { -95.40806157623325   } 
   potential_energyvar { 95.07728064819   } 
   nonlocal_energy { 6.508912879313955   } 
   nonlocal_energyvar { 110.3219478883148   } 
   autocorr_energy { } 
} 

block { 
   label vmc
   totweight 65280
   nautocorr 0
   total_energy { -66.05843326515817   } 
   total_energyvar { 4.95645299318114   } 
   weight { 1   } 
   weightvar { 1.776356839400247e-15   } 
   kinetic_energy { 22.78558455767332   } 
   kinetic_energyvar { 77.57699697306776   } 
   potential_energy { -95.34762469775278   } 
   potential_energyvar { 95.7964027425067   } 
   nonlocal_energy { 6.50360687492127   } 
   nonlocal_energyvar { 114.645339414864   } 
   autocorr_energy { } 
} 

block { 
   label vmc
   totweight 65280
   nautocorr 0
   total_energy { -66.05053426948777   } 
   total_energyvar { 5.661968745413466   } 
   weight { 1   } 
   weightvar { 1.776356839400247e-15   } 
   kinetic_energy { 22.77445812937448   } 
   kinetic_energyvar { 78.5508228316767   } 
   potential_energy { -95.43270783880567   } 
   potential_energyvar { 96.08374608422201   } 
   nonlocal_energy { 6.607715439943417   } 
   nonlocal_energyvar { 116.0640651012612   } 
   autocorr_energy { } 
} 

block { 
   label vmc
   totweight 65280
   nautocorr 0
   total_energy { -66.05852054784947   } 
   total_energyvar { 5.593420954126698   } 
   weight { 1   } 
   weightvar { 1.776356839400247e-15   } 
   kinetic_energy { 22.74766784748325   } 
   kinetic_energyvar { 74.21523732179259   } 
   potential_energy { -95.3243652804161   } 
   potential_energyvar { 96.34342810531926   } 
   nonlocal_energy { 6.518176885083383   } 
   nonlocal_energyvar { 111.1466443590408   } 
   autocorr_energy { } 
} 

block { 
   label vmc
   totweight 65280
   nautocorr 0
   total_energy { -66.08284846316477   } 
   total_energyvar { 4.661143362795498   } 
   weight { 1   } 
   weightvar { 1.776356839400247e-15   } 
   kinetic_energy { 22.90430061522926   } 
   kinetic_energyvar { 77.0848009680775   } 
   potential_energy { -95.50809127378763   } 
   potential_energyvar { 95.09956687957623   } 
   nonlocal_energy { 6.52094219539358   } 
   nonlocal_energyvar { 112.3138505954529   } 
   autocorr_energy { } 
} 

block { 
   label vmc
   totweight 65280
   nautocorr 0
   total_energy { -66.04897322904812   } 
   total_energyvar { 5.143726071573314   } 
   weight { 1   } 
   weightvar { 1.776356839400247e-15   } 
   kinetic_energy { 22.74335918948897   } 
   kinetic_energyvar { 74.98738850353195   } 
   potential_energy { -95.29081354166541   } 
   potential_energyvar { 95.45517942540199   } 
   nonlocal_energy { 6.498481123128336   } 
   nonlocal_energyvar { 111.2495894301704   } 
   autocorr_energy { } 
} 

block { 
   label vmc
   totweight 65280
   nautocorr 0
   total_energy { -66.08303133947635   } 
   total_energyvar { 5.148684617823533   } 
   weight { 1   } 
   weightvar { 1.776356839400247e-15   } 
   kinetic_energy { 22.80639898536   } 
   kinetic_energyvar { 77.26903363039396   } 
   potential_energy { -95.52292164418907   } 
   potential_energyvar { 95.13073925361705   } 
   nonlocal_energy { 6.633491319352727   } 
   nonlocal_energyvar { 114.5661727433096   } 
   autocorr_energy { } 
} 

block { 
   label vmc
   totweight 65280
   nautocorr 0
   total_energy { -66.07642840627651   } 
   total_energyvar { 4.875659237280262   } 
   weight { 1   } 
   weightvar { 1.776356839400247e-15   } 
   kinetic_energy { 22.80334145773044   } 
   kinetic_energyvar { 76.1323365625113   } 
   potential_energy { -95.34344023637885   } 
   potential_energyvar { 95.31146492244889   } 
   nonlocal_energy { 6.463670372371899   } 
   nonlocal_energyvar { 110.8513233417312   } 
   autocorr_energy { } 
} 

block { 
   label vmc
   totweight 65280
   nautocorr 0
   total_energy { -66.07826683607846   } 
   total_energyvar { 5.082629457064108   } 
   weight { 1   } 
   weightvar { 1.776356839400247e-15   } 
   kinetic_energy { 22.78836853531329   } 
   kinetic_energyvar { 78.45646750477795   } 
   potential_energy { -95.41221189482732   } 
   potential_energyvar { 94.95461247733761   } 
   nonlocal_energy { 6.545576523435561   } 
   nonlocal_energyvar { 115.6256531195007   } 
   autocorr_energy { } 
} 

block { 
   label vmc
   totweight 65280
   nautocorr 0
   total_energy { -66.06982176782647   } 
   total_energyvar { 4.937166566516925   } 
   weight { 1   } 
   weightvar { 1.776356839400247e-15   } 
   kinetic_energy { 22.84528467086674   } 
   kinetic_energyvar { 79.40352235373373   } 
   potential_energy { -95.38435278480135   } 
   potential_energyvar { 94.91196453120277   } 
   nonlocal_energy { 6.469246346108144   } 
   nonlocal_energyvar { 116.6637426425967   } 
   autocorr_energy { } 
} 

block { 
   label vmc
   totweight 65280
   nautocorr 0
   total_energy { -66.06590772237541   } 
   total_energyvar { 5.105327562992253   } 
   weight { 1   } 
   weightvar { 1.776356839400247e-15   } 
   kinetic_energy { 22.76300397380247   } 
   kinetic_energyvar { 75.86118227039803   } 
   potential_energy { -95.3105011420258   } 
   potential_energyvar { 95.18303838548989   } 
   nonlocal_energy { 6.481589445847909   } 
   nonlocal_energyvar { 111.8713349682876   } 
   autocorr_energy { } 
} 

block { 
   label vmc
   totweight 65280
   nautocorr 0
   total_energy { -66.05715605781316   } 
   total_energyvar { 5.132092232217328   } 
   weight { 1   } 
   weightvar { 1.776356839400247e-15   } 
   kinetic_energy { 22.75511428613951   } 
   kinetic_energyvar { 77.0128968837772   } 
   potential_energy { -95.31830377638056   } 
   potential_energyvar { 95.18413313465787   } 
   nonlocal_energy { 6.506033432427901   } 
   nonlocal_energyvar { 114.3265437448155   } 
   autocorr_energy { } 
} 

block { 
   label vmc
   totweight 65280
   nautocorr 0
   total_energy { -66.08213294628689   } 
   total_energyvar { 4.838482847975181   } 
   weight { 1   } 
   weightvar { 1.776356839400247e-15   } 
   kinetic_energy { 22.77267844119293   } 
   kinetic_energyvar { 77.79629389148648   } 
   potential_energy { -95.33072331654897   } 
   potential_energyvar { 95.14161751510676   } 
   nonlocal_energy { 6.475911929069155   } 
   nonlocal_energyvar { 114.3748153778541   } 
   autocorr_energy { } 
} 

block { 
   label vmc
   totweight 65280
   nautocorr 0
   total_energy { -66.07171561829509   } 
   total_energyvar { 5.377322211882733   } 
   weight { 1   } 
   weightvar { 1.776356839400247e-15   } 
   kinetic_energy { 22.81550820798873   } 
   kinetic_energyvar { 76.31731861969833   } 
   potential_energy { -95.4698951679121   } 
   potential_energyvar { 95.23993972599668   } 
   nonlocal_energy { 6.582671341628273   } 
   nonlocal_energyvar { 113.7887104034473   } 
   autocorr_energy { } 
} 

block { 
   label vmc
   totweight 65280
   nautocorr 0
   total_energy { -66.07370892410054   } 
   total_energyvar { 5.408698920755419   } 
   weight { 1   } 
   weightvar { 1.776356839400247e-15   } 
   kinetic_energy { 22.73058176630403   } 
   kinetic_energyvar { 78.0151483472042   } 
   potential_energy { -95.41069928852161   } 
   potential_energyvar { 94.92638820518073   } 
   nonlocal_energy { 6.60640859811707   } 
   nonlocal_energyvar { 116.1279550470396   } 
   autocorr_energy { } 
} 

block { 
   label vmc
   totweight 65280
   nautocorr 0
   total_energy { -66.06100169730978   } 
   total_energyvar { 5.107381143626673   } 
   weight { 1   } 
   weightvar { 1.776356839400247e-15   } 
   kinetic_energy { 22.78894312287162   } 
   kinetic_energyvar { 79.96429196608651   } 
   potential_energy { -95.35859755602515   } 
   potential_energyvar { 96.33592189945713   } 
   nonlocal_energy { 6.508652735843776   } 
   nonlocal_energyvar { 117.9137512636733   } 
   autocorr_energy { } 
} 

block { 
   label vmc
   totweight 65280
   nautocorr 0
   total_energy { -66.06332863814549   } 
   total_energyvar { 5.452219611699338   } 
   weight { 1   } 
   weightvar { 1.776356839400247e-15   } 
   kinetic_energy { 22.90026248773132   } 
   kinetic_energyvar { 75.86003291910757   } 
   potential_energy { -95.45099055412267   } 
   potential_energyvar { 95.78721399843209   } 
   nonlocal_energy { 6.487399428245848   } 
   nonlocal_energyvar { 112.792935628391   } 
   autocorr_energy { } 
} 

block { 
   label vmc
   totweight 65280
   nautocorr 0
   total_energy { -66.08482774456039   } 
   total_energyvar { 5.071155439548585   } 
   weight { 1   } 
   weightvar { 1.776356839400247e-15   } 
   kinetic_energy { 22.78888337387125   } 
   kinetic_energyvar { 79.0346166623761   } 
   potential_energy { -95.44468944391576   } 
   potential_energyvar { 95.80996609297225   } 
   nonlocal_energy { 6.570978325484157   } 
   nonlocal_energyvar { 117.7925957385982   } 
   autocorr_energy { } 
} 

block { 
   label vmc
   totweight 65280
   nautocorr 0
   total_energy { -66.08206500379576   } 
   total_energyvar { 5.060338354162649   } 
   weight { 1   } 
   weightvar { 1.776356839400247e-15   } 
   kinetic_energy { 22.87703302781655   } 
   kinetic_energyvar { 75.69762443051273   } 
   potential_energy { -95.41927514448093   } 
   potential_energyvar { 95.04898451379046   } 
   nonlocal_energy { 6.460177112868619   } 
   nonlocal_energyvar { 113.0827850339328   } 
   autocorr_energy { } 
} 

block { 
   label vmc
   totweight 65280
   nautocorr 0
   total_energy { -66.0811809534158   } 
   total_energyvar { 5.092931740943489   } 
   weight { 1   } 
   weightvar { 1.776356839400247e-15   } 
   kinetic_energy { 22.77138196946776   } 
   kinetic_energyvar { 74.75600595474944   } 
   potential_energy { -95.34294018390275   } 
   potential_energyvar { 94.70962390652259   } 
   nonlocal_energy { 6.490377261019206   } 
   nonlocal_energyvar { 111.3550675391742   } 
   autocorr_energy { } 
} 

block { 
   label vmc
   totweight 65280
   nautocorr 0
   total_energy { -66.06079431136634   } 
   total_energyvar { 4.781600446903011   } 
   weight { 1   } 
   weightvar { 1.776356839400247e-15   } 
   kinetic_energy { 22.74668712135602   } 
   kinetic_energyvar { 76.97832230226061   } 
   potential_energy { -95.29788854769166   } 
   potential_energyvar { 94.8263056744252   } 
   nonlocal_energy { 6.490407114969298   } 
   nonlocal_energyvar { 113.7206436502371   } 
   autocorr_energy { } 
} 

block { 
   label vmc
   totweight 65280
   nautocorr 0
   total_energy { -66.06190276017082   } 
   total_energyvar { 4.879334411184881   } 
   weight { 1   } 
   weightvar { 1.776356839400247e-15   } 
   kinetic_energy { 22.77809888338708   } 
   kinetic_energyvar { 76.75375257100937   } 
   potential_energy { -95.41522696402667   } 
   potential_energyvar { 95.41816810270912   } 
   nonlocal_energy { 6.575225320468794   } 
   nonlocal_energyvar { 114.2297183252137   } 
   autocorr_energy { } 
} 

block { 
   label vmc
   totweight 65280
   nautocorr 0
   total_energy { -66.05117566516988   } 
   total_energyvar { 5.312060980808192   } 
   weight { 1   } 
   weightvar { 1.776356839400247e-15   } 
   kinetic_energy { 22.78475915017839   } 
   kinetic_energyvar { 77.21994616939662   } 
   potential_energy { -95.44389547285674   } 
   potential_energyvar { 96.39517905082225   } 
   nonlocal_energy { 6.60796065750844   } 
   nonlocal_energyvar { 115.647407751922   } 
   autocorr_energy { } 
} 

block { 
   label vmc
   totweight 65280
   nautocorr 0
   total_energy { -66.08308837958758   } 
   total_energyvar { 5.298925746574064   } 
   weight { 1   } 
   weightvar { 1.776356839400247e-15   } 
   kinetic_energy { 22.85685514101368   } 
   kinetic_energyvar { 75.04713212933343   } 
   potential_energy { -95.45066714823923   } 
   potential_energyvar { 95.20517839985204   } 
   nonlocal_energy { 6.510723627637965   } 
   nonlocal_energyvar { 110.4286755681148   } 
   autocorr_energy { } 
} 

block { 
   label vmc
   totweight 65280
   nautocorr 0
   total_energy { -66.04680229700841   } 
   total_energyvar { 8.919495358348369   } 
   weight { 1   } 
   weightvar { 1.776356839400247e-15   } 
   kinetic_energy { 22.74857972273027   } 
   kinetic_energyvar { 77.372725154515   } 
   potential_energy { -95.31667003536761   } 
   potential_energyvar { 96.23486197341248   } 
   nonlocal_energy { 6.521288015628906   } 
   nonlocal_energyvar { 118.5297398543963   } 
   autocorr_energy { } 
} 

block { 
   label vmc
   totweight 65280
   nautocorr 0
   total_energy { -66.07168759966727   } 
   total_energyvar { 5.228663108108543   } 
   weight { 1   } 
   weightvar { 1.776356839400247e-15   } 
   kinetic_energy { 22.82299917095676   } 
   kinetic_energyvar { 75.56641340090583   } 
   potential_energy { -95.37738329665113   } 
   potential_energyvar { 94.79961841859787   } 
   nonlocal_energy { 6.482696526027088   } 
   nonlocal_energyvar { 111.1983195575948   } 
   autocorr_energy { } 
} 

block { 
   label vmc
   totweight 65280
   nautocorr 0
   total_energy { -66.05619168226669   } 
   total_energyvar { 5.012180118536101   } 
   weight { 1   } 
   weightvar { 1.776356839400247e-15   } 
   kinetic_energy { 22.80651958889358   } 
   kinetic_energyvar { 75.55171735531317   } 
   potential_energy { -95.34536587642877   } 
   potential_energyvar { 95.35618082914846   } 
   nonlocal_energy { 6.482654605268517   } 
   nonlocal_energyvar { 111.8519861840305   } 
   autocorr_energy { } 
} 

block { 
   label vmc
   totweight 65280
   nautocorr 0
   total_energy { -66.06657934321012   } 
   total_energyvar { 5.021146090274944   } 
   weight { 1   } 
   weightvar { 1.776356839400247e-15   } 
   kinetic_energy { 22.78698937336337   } 
   kinetic_energyvar { 79.36086966284383   } 
   potential_energy { -95.3832108386663   } 
   potential_energyvar { 94.92700348350306   } 
   nonlocal_energy { 6.529642122092793   } 
   nonlocal_energyvar { 116.1738744228238   } 
   autocorr_energy { } 
} 

