#-------------------------------------------------
#DMC run: timestep 0.005
#-------------------------------------------------


init { 
   label spin_0.005
}
block { 
   label spin_0.005
   totweight 870400
   nautocorr 0
   total_energy { -66.48991833892012   } 
   total_energyvar { 0.461426602847111   } 
   weight { 1.020316411256962   } 
   weightvar { 0.01061000786105989   } 
   kinetic_energy { 22.84118399777259   } 
   kinetic_energyvar { 75.87743451472679   } 
   potential_energy { -95.82425462800917   } 
   potential_energyvar { 83.62531432089203   } 
   nonlocal_energy { 6.493152291316473   } 
   nonlocal_energyvar { 113.267056724247   } 
   autocorr_energy { } 
} 

block { 
   label spin_0.005
   totweight 870400
   nautocorr 0
   total_energy { -66.44837043625913   } 
   total_energyvar { 0.4911486225798617   } 
   weight { 1.001996324637105   } 
   weightvar { 0.03895225824209168   } 
   kinetic_energy { 23.00163180119796   } 
   kinetic_energyvar { 74.15889844269739   } 
   potential_energy { -95.90403132663474   } 
   potential_energyvar { 82.801919246776   } 
   nonlocal_energy { 6.454029089177662   } 
   nonlocal_energyvar { 109.2410137528624   } 
   autocorr_energy { } 
} 

block { 
   label spin_0.005
   totweight 870400
   nautocorr 0
   total_energy { -66.44085984032166   } 
   total_energyvar { 0.4871523146991644   } 
   weight { 0.9807920344373483   } 
   weightvar { 0.06284864617304649   } 
   kinetic_energy { 22.99063866723067   } 
   kinetic_energyvar { 73.92999274636827   } 
   potential_energy { -95.92157727026273   } 
   potential_energyvar { 82.61893184369789   } 
   nonlocal_energy { 6.490078762710378   } 
   nonlocal_energyvar { 110.2889463456378   } 
   autocorr_energy { } 
} 

block { 
   label spin_0.005
   totweight 870400
   nautocorr 0
   total_energy { -66.43316072365623   } 
   total_energyvar { 0.502295468590084   } 
   weight { 0.9748970149254002   } 
   weightvar { 0.07792626212154626   } 
   kinetic_energy { 23.12024346088014   } 
   kinetic_energyvar { 73.44811214447279   } 
   potential_energy { -96.05731882711001   } 
   potential_energyvar { 82.37210263435573   } 
   nonlocal_energy { 6.503914642573641   } 
   nonlocal_energyvar { 109.5520843058456   } 
   autocorr_energy { } 
} 

block { 
   label spin_0.005
   totweight 870400
   nautocorr 0
   total_energy { -66.43745882686278   } 
   total_energyvar { 0.497941802655241   } 
   weight { 0.9782719152420476   } 
   weightvar { 0.08506630535793468   } 
   kinetic_energy { 23.04746503473306   } 
   kinetic_energyvar { 73.8551184163728   } 
   potential_energy { -95.95059721960867   } 
   potential_energyvar { 83.4574421972856   } 
   nonlocal_energy { 6.465673358012834   } 
   nonlocal_energyvar { 108.9233708475026   } 
   autocorr_energy { } 
} 

block { 
   label spin_0.005
   totweight 870400
   nautocorr 0
   total_energy { -66.43826935516617   } 
   total_energyvar { 0.5069406784433099   } 
   weight { 0.9823673459813   } 
   weightvar { 0.08844537590459273   } 
   kinetic_energy { 22.99053692296998   } 
   kinetic_energyvar { 75.43266142325847   } 
   potential_energy { -95.92265011148818   } 
   potential_energyvar { 83.66416844563675   } 
   nonlocal_energy { 6.493843833352046   } 
   nonlocal_energyvar { 112.3129412184161   } 
   autocorr_energy { } 
} 

block { 
   label spin_0.005
   totweight 870400
   nautocorr 0
   total_energy { -66.43810158002623   } 
   total_energyvar { 0.507767504801885   } 
   weight { 0.9905568271896795   } 
   weightvar { 0.0920538380496187   } 
   kinetic_energy { 23.04089670077762   } 
   kinetic_energyvar { 74.87004791228   } 
   potential_energy { -95.96101673376923   } 
   potential_energyvar { 83.84130399381876   } 
   nonlocal_energy { 6.482018452965375   } 
   nonlocal_energyvar { 110.7237408659619   } 
   autocorr_energy { } 
} 

block { 
   label spin_0.005
   totweight 870400
   nautocorr 0
   total_energy { -66.43777017832184   } 
   total_energyvar { 0.4981830249085477   } 
   weight { 0.9956546590392651   } 
   weightvar { 0.09095906997799258   } 
   kinetic_energy { 23.08180867318597   } 
   kinetic_energyvar { 74.07696034355295   } 
   potential_energy { -95.99414096901599   } 
   potential_energyvar { 83.92628870623615   } 
   nonlocal_energy { 6.474562117508172   } 
   nonlocal_energyvar { 109.4125764057954   } 
   autocorr_energy { } 
} 

block { 
   label spin_0.005
   totweight 870400
   nautocorr 0
   total_energy { -66.44153682812563   } 
   total_energyvar { 0.4990215908851689   } 
   weight { 0.998803213624165   } 
   weightvar { 0.09264530906058854   } 
   kinetic_energy { 22.99875964881858   } 
   kinetic_energyvar { 76.10876554315331   } 
   potential_energy { -95.93808487034877   } 
   potential_energyvar { 84.04309360927553   } 
   nonlocal_energy { 6.497788393404575   } 
   nonlocal_energyvar { 113.6448083900552   } 
   autocorr_energy { } 
} 

block { 
   label spin_0.005
   totweight 870400
   nautocorr 0
   total_energy { -66.43796312488143   } 
   total_energyvar { 0.4958323850106827   } 
   weight { 1.001155433566614   } 
   weightvar { 0.09252993701439713   } 
   kinetic_energy { 23.12271691377379   } 
   kinetic_energyvar { 75.46426709884231   } 
   potential_energy { -96.03424516975588   } 
   potential_energyvar { 83.76322735478792   } 
   nonlocal_energy { 6.473565131100662   } 
   nonlocal_energyvar { 110.7937372382621   } 
   autocorr_energy { } 
} 

block { 
   label spin_0.005
   totweight 870400
   nautocorr 0
   total_energy { -66.43887602806518   } 
   total_energyvar { 0.5043927256036509   } 
   weight { 0.9995418154632427   } 
   weightvar { 0.09332397754676323   } 
   kinetic_energy { 23.01544845862977   } 
   kinetic_energyvar { 76.29663152963329   } 
   potential_energy { -96.02485773511226   } 
   potential_energyvar { 83.24412053483702   } 
   nonlocal_energy { 6.570533248417307   } 
   nonlocal_energyvar { 113.941266977168   } 
   autocorr_energy { } 
} 

block { 
   label spin_0.005
   totweight 870400
   nautocorr 0
   total_energy { -66.44001994993579   } 
   total_energyvar { 0.5044039898630526   } 
   weight { 1.00006049688312   } 
   weightvar { 0.09172646810409012   } 
   kinetic_energy { 23.03546949005067   } 
   kinetic_energyvar { 76.20161000992448   } 
   potential_energy { -96.06052322574364   } 
   potential_energyvar { 84.15045750223003   } 
   nonlocal_energy { 6.585033785757175   } 
   nonlocal_energyvar { 113.6915938217058   } 
   autocorr_energy { } 
} 

block { 
   label spin_0.005
   totweight 870400
   nautocorr 0
   total_energy { -66.43784007471413   } 
   total_energyvar { 0.5004383772056816   } 
   weight { 1.00075795369773   } 
   weightvar { 0.09084569017114648   } 
   kinetic_energy { 23.051452477078   } 
   kinetic_energyvar { 75.37254721281313   } 
   potential_energy { -96.06038160899813   } 
   potential_energyvar { 83.3048848301344   } 
   nonlocal_energy { 6.571089057206004   } 
   nonlocal_energyvar { 113.5189556865589   } 
   autocorr_energy { } 
} 

block { 
   label spin_0.005
   totweight 870400
   nautocorr 0
   total_energy { -66.43470283694681   } 
   total_energyvar { 0.4975883530249443   } 
   weight { 0.9990000487452003   } 
   weightvar { 0.08977666270109601   } 
   kinetic_energy { 23.04690873172146   } 
   kinetic_energyvar { 74.68587593670287   } 
   potential_energy { -95.99229225746669   } 
   potential_energyvar { 82.92011968207001   } 
   nonlocal_energy { 6.510680688798412   } 
   nonlocal_energyvar { 110.9718247331664   } 
   autocorr_energy { } 
} 

block { 
   label spin_0.005
   totweight 870400
   nautocorr 0
   total_energy { -66.43797902528604   } 
   total_energyvar { 0.5054452354179922   } 
   weight { 0.9971331930269689   } 
   weightvar { 0.09285323015691931   } 
   kinetic_energy { 23.00652277716166   } 
   kinetic_energyvar { 76.26048035335012   } 
   potential_energy { -96.01847215832916   } 
   potential_energyvar { 84.24206048651986   } 
   nonlocal_energy { 6.573970355881466   } 
   nonlocal_energyvar { 113.0263364591754   } 
   autocorr_energy { } 
} 

block { 
   label spin_0.005
   totweight 870400
   nautocorr 0
   total_energy { -66.44077845103685   } 
   total_energyvar { 0.5004931718665877   } 
   weight { 0.999202105858767   } 
   weightvar { 0.09254094136403729   } 
   kinetic_energy { 23.06118412266009   } 
   kinetic_energyvar { 75.83960791956356   } 
   potential_energy { -96.07073376374899   } 
   potential_energyvar { 84.29543337135424   } 
   nonlocal_energy { 6.568771190052041   } 
   nonlocal_energyvar { 113.1435491665073   } 
   autocorr_energy { } 
} 

block { 
   label spin_0.005
   totweight 870400
   nautocorr 0
   total_energy { -66.43658583424433   } 
   total_energyvar { 0.5042644424463943   } 
   weight { 0.9992378537534854   } 
   weightvar { 0.09219413210687571   } 
   kinetic_energy { 23.07755946179472   } 
   kinetic_energyvar { 74.07774436185052   } 
   potential_energy { -95.95780798378908   } 
   potential_energyvar { 83.04052942931033   } 
   nonlocal_energy { 6.443662687750011   } 
   nonlocal_energyvar { 109.0796383282151   } 
   autocorr_energy { } 
} 

block { 
   label spin_0.005
   totweight 870400
   nautocorr 0
   total_energy { -66.43496126491598   } 
   total_energyvar { 0.5000798969808038   } 
   weight { 0.9990836261427384   } 
   weightvar { 0.09210953136504084   } 
   kinetic_energy { 23.02456212626737   } 
   kinetic_energyvar { 74.50475377626583   } 
   potential_energy { -95.94709567679169   } 
   potential_energyvar { 83.39624821741702   } 
   nonlocal_energy { 6.487572285608352   } 
   nonlocal_energyvar { 110.6198670366677   } 
   autocorr_energy { } 
} 

block { 
   label spin_0.005
   totweight 870400
   nautocorr 0
   total_energy { -66.43469506384663   } 
   total_energyvar { 0.4997233069530088   } 
   weight { 0.9955432208214948   } 
   weightvar { 0.09196260946881982   } 
   kinetic_energy { 23.17832887718572   } 
   kinetic_energyvar { 74.79975006104246   } 
   potential_energy { -96.18802026022759   } 
   potential_energyvar { 82.87713381650916   } 
   nonlocal_energy { 6.574996319195242   } 
   nonlocal_energyvar { 111.1554138091513   } 
   autocorr_energy { } 
} 

block { 
   label spin_0.005
   totweight 870400
   nautocorr 0
   total_energy { -66.42997249498363   } 
   total_energyvar { 0.5022725924270713   } 
   weight { 0.9949284133552722   } 
   weightvar { 0.09118705253204108   } 
   kinetic_energy { 23.08559769224808   } 
   kinetic_energyvar { 73.57773846769904   } 
   potential_energy { -96.03552672093481   } 
   potential_energyvar { 82.72960986010575   } 
   nonlocal_energy { 6.51995653370311   } 
   nonlocal_energyvar { 110.7527747649498   } 
   autocorr_energy { } 
} 

block { 
   label spin_0.005
   totweight 870400
   nautocorr 0
   total_energy { -66.44164918813141   } 
   total_energyvar { 0.6854166260431436   } 
   weight { 0.9973537158903681   } 
   weightvar { 0.09073371072417145   } 
   kinetic_energy { 23.16283005461096   } 
   kinetic_energyvar { 75.72611376243444   } 
   potential_energy { -96.16597911457994   } 
   potential_energyvar { 83.06869741104082   } 
   nonlocal_energy { 6.561499871837561   } 
   nonlocal_energyvar { 113.7053719667976   } 
   autocorr_energy { } 
} 

block { 
   label spin_0.005
   totweight 870400
   nautocorr 0
   total_energy { -66.43948699166884   } 
   total_energyvar { 0.4945995997944845   } 
   weight { 1.000373601981783   } 
   weightvar { 0.09291533059544312   } 
   kinetic_energy { 23.08242162751589   } 
   kinetic_energyvar { 74.39205198313034   } 
   potential_energy { -96.01576250571014   } 
   potential_energyvar { 83.92288227293928   } 
   nonlocal_energy { 6.493853886525419   } 
   nonlocal_energyvar { 110.8475201991181   } 
   autocorr_energy { } 
} 

block { 
   label spin_0.005
   totweight 870400
   nautocorr 0
   total_energy { -66.43714382352729   } 
   total_energyvar { 0.501772907597514   } 
   weight { 0.9998457627669463   } 
   weightvar { 0.09344454888443593   } 
   kinetic_energy { 23.08193930296651   } 
   kinetic_energyvar { 74.6191755797411   } 
   potential_energy { -95.95903864379726   } 
   potential_energyvar { 84.11665031407048   } 
   nonlocal_energy { 6.439955517303425   } 
   nonlocal_energyvar { 110.0059065880805   } 
   autocorr_energy { } 
} 

block { 
   label spin_0.005
   totweight 870400
   nautocorr 0
   total_energy { -66.43587643366212   } 
   total_energyvar { 0.5049990576805696   } 
   weight { 0.9993118947584023   } 
   weightvar { 0.09186818261439919   } 
   kinetic_energy { 23.19247184520467   } 
   kinetic_energyvar { 75.29156996685556   } 
   potential_energy { -96.20005762463502   } 
   potential_energyvar { 83.76207001330152   } 
   nonlocal_energy { 6.571709345768245   } 
   nonlocal_energyvar { 111.5323492710072   } 
   autocorr_energy { } 
} 

block { 
   label spin_0.005
   totweight 870400
   nautocorr 0
   total_energy { -66.43073523841699   } 
   total_energyvar { 0.50061327165312   } 
   weight { 0.9961791387566417   } 
   weightvar { 0.09122902272267357   } 
   kinetic_energy { 23.11957670934249   } 
   kinetic_energyvar { 73.74923648189218   } 
   potential_energy { -96.01398970456273   } 
   potential_energyvar { 83.1072650960534   } 
   nonlocal_energy { 6.463677756803252   } 
   nonlocal_energyvar { 109.9378533490097   } 
   autocorr_energy { } 
} 

block { 
   label spin_0.005
   totweight 870400
   nautocorr 0
   total_energy { -66.43641422770122   } 
   total_energyvar { 0.5004171894344924   } 
   weight { 0.9965207014669777   } 
   weightvar { 0.09171686573218886   } 
   kinetic_energy { 23.10920075142312   } 
   kinetic_energyvar { 74.3383150384354   } 
   potential_energy { -95.97440977768193   } 
   potential_energyvar { 84.39880751607296   } 
   nonlocal_energy { 6.4287947985576   } 
   nonlocal_energyvar { 109.4336782141916   } 
   autocorr_energy { } 
} 

block { 
   label spin_0.005
   totweight 870400
   nautocorr 0
   total_energy { -66.4321431943406   } 
   total_energyvar { 0.5024172075647049   } 
   weight { 0.9957393073941812   } 
   weightvar { 0.09200553583227787   } 
   kinetic_energy { 22.96819804272598   } 
   kinetic_energyvar { 73.99305803760869   } 
   potential_energy { -95.81298873194154   } 
   potential_energyvar { 84.41860870964946   } 
   nonlocal_energy { 6.412647494874962   } 
   nonlocal_energyvar { 108.1293192124839   } 
   autocorr_energy { } 
} 

block { 
   label spin_0.005
   totweight 870400
   nautocorr 0
   total_energy { -66.43752531940858   } 
   total_energyvar { 0.5006886171175602   } 
   weight { 0.9974710203623421   } 
   weightvar { 0.09084439225197101   } 
   kinetic_energy { 23.12690052988249   } 
   kinetic_energyvar { 74.29080930431648   } 
   potential_energy { -96.09957940897309   } 
   potential_energyvar { 84.88388743132077   } 
   nonlocal_energy { 6.535153559682034   } 
   nonlocal_energyvar { 109.8745817180631   } 
   autocorr_energy { } 
} 

block { 
   label spin_0.005
   totweight 870400
   nautocorr 0
   total_energy { -66.43755755183743   } 
   total_energyvar { 0.5084235444755946   } 
   weight { 0.9987349238503617   } 
   weightvar { 0.09186995156435442   } 
   kinetic_energy { 23.15323799259921   } 
   kinetic_energyvar { 76.16987511826601   } 
   potential_energy { -96.17483770630058   } 
   potential_energyvar { 83.52856943879904   } 
   nonlocal_energy { 6.584042161863952   } 
   nonlocal_energyvar { 113.2896575588933   } 
   autocorr_energy { } 
} 

block { 
   label spin_0.005
   totweight 870400
   nautocorr 0
   total_energy { -66.4303612261329   } 
   total_energyvar { 0.5081530205932542   } 
   weight { 0.9969783428307881   } 
   weightvar { 0.09194609547955784   } 
   kinetic_energy { 23.03501414674814   } 
   kinetic_energyvar { 75.05236560061115   } 
   potential_energy { -96.00704972180273   } 
   potential_energyvar { 84.0855627732825   } 
   nonlocal_energy { 6.541674348921671   } 
   nonlocal_energyvar { 111.2831584568122   } 
   autocorr_energy { } 
} 

block { 
   label spin_0.005
   totweight 870400
   nautocorr 0
   total_energy { -66.43818792255482   } 
   total_energyvar { 0.4985491224530646   } 
   weight { 0.9971535369478725   } 
   weightvar { 0.09248588726564005   } 
   kinetic_energy { 23.12300871739044   } 
   kinetic_energyvar { 75.81920117618803   } 
   potential_energy { -96.08319266209384   } 
   potential_energyvar { 83.21787332039827   } 
   nonlocal_energy { 6.521996022148579   } 
   nonlocal_energyvar { 111.1222483949191   } 
   autocorr_energy { } 
} 

block { 
   label spin_0.005
   totweight 870400
   nautocorr 0
   total_energy { -66.44106663149421   } 
   total_energyvar { 0.4985604502717615   } 
   weight { 1.000796196849228   } 
   weightvar { 0.09317453027988522   } 
   kinetic_energy { 23.222040561804   } 
   kinetic_energyvar { 75.46156030573025   } 
   potential_energy { -96.18945065238576   } 
   potential_energyvar { 83.15317181757136   } 
   nonlocal_energy { 6.526343459087569   } 
   nonlocal_energyvar { 111.5958049130851   } 
   autocorr_energy { } 
} 

block { 
   label spin_0.005
   totweight 870400
   nautocorr 0
   total_energy { -66.43457752126598   } 
   total_energyvar { 0.5046491279763009   } 
   weight { 0.999582235516731   } 
   weightvar { 0.09212357613398993   } 
   kinetic_energy { 23.12959040645551   } 
   kinetic_energyvar { 75.24399452791232   } 
   potential_energy { -96.08987568503198   } 
   potential_energyvar { 83.91936187944391   } 
   nonlocal_energy { 6.525707757310506   } 
   nonlocal_energyvar { 111.5610258207413   } 
   autocorr_energy { } 
} 

block { 
   label spin_0.005
   totweight 870400
   nautocorr 0
   total_energy { -66.4350689719187   } 
   total_energyvar { 0.5015363073091141   } 
   weight { 0.9988260451958652   } 
   weightvar { 0.09401799858768796   } 
   kinetic_energy { 23.11401505151597   } 
   kinetic_energyvar { 74.12097098325513   } 
   potential_energy { -96.03576859635157   } 
   potential_energyvar { 83.91686199535624   } 
   nonlocal_energy { 6.486684572916926   } 
   nonlocal_energyvar { 109.7147479294138   } 
   autocorr_energy { } 
} 

block { 
   label spin_0.005
   totweight 870400
   nautocorr 0
   total_energy { -66.43311955266928   } 
   total_energyvar { 0.5018187378280113   } 
   weight { 0.99734349732315   } 
   weightvar { 0.09592098719446482   } 
   kinetic_energy { 23.09765650015069   } 
   kinetic_energyvar { 74.83784964765994   } 
   potential_energy { -96.02614300065476   } 
   potential_energyvar { 82.65028665530618   } 
   nonlocal_energy { 6.495366947834806   } 
   nonlocal_energyvar { 110.2993611492105   } 
   autocorr_energy { } 
} 

block { 
   label spin_0.005
   totweight 870400
   nautocorr 0
   total_energy { -66.44059773398898   } 
   total_energyvar { 0.5036471417308833   } 
   weight { 0.9992568149353153   } 
   weightvar { 0.09235564334843263   } 
   kinetic_energy { 23.05207209137743   } 
   kinetic_energyvar { 74.45316610757334   } 
   potential_energy { -96.01763052266128   } 
   potential_energyvar { 83.39544443516863   } 
   nonlocal_energy { 6.524960697294881   } 
   nonlocal_energyvar { 111.4762044241479   } 
   autocorr_energy { } 
} 

block { 
   label spin_0.005
   totweight 870400
   nautocorr 0
   total_energy { -66.43597733510194   } 
   total_energyvar { 0.4976014389712456   } 
   weight { 0.9997283409722776   } 
   weightvar { 0.09233388212280511   } 
   kinetic_energy { 23.13352699445995   } 
   kinetic_energyvar { 74.53402520584841   } 
   potential_energy { -96.0512145630436   } 
   potential_energyvar { 83.69824973106464   } 
   nonlocal_energy { 6.481710233481708   } 
   nonlocal_energyvar { 109.7593701332747   } 
   autocorr_energy { } 
} 

block { 
   label spin_0.005
   totweight 870400
   nautocorr 0
   total_energy { -66.43880891364732   } 
   total_energyvar { 0.5002290710042876   } 
   weight { 1.001002639383622   } 
   weightvar { 0.09395475829192197   } 
   kinetic_energy { 23.08622068534447   } 
   kinetic_energyvar { 73.82424590184675   } 
   potential_energy { -95.96191111119354   } 
   potential_energyvar { 84.46086628766759   } 
   nonlocal_energy { 6.436881512201774   } 
   nonlocal_energyvar { 108.1890291018131   } 
   autocorr_energy { } 
} 

block { 
   label spin_0.005
   totweight 870400
   nautocorr 0
   total_energy { -66.44314927623242   } 
   total_energyvar { 0.4965519089244313   } 
   weight { 1.001685925186891   } 
   weightvar { 0.09265840660035321   } 
   kinetic_energy { 23.09953404656153   } 
   kinetic_energyvar { 75.06237548016475   } 
   potential_energy { -96.10241648794641   } 
   potential_energyvar { 82.93927006394287   } 
   nonlocal_energy { 6.559733165152442   } 
   nonlocal_energyvar { 112.0407614842649   } 
   autocorr_energy { } 
} 

block { 
   label spin_0.005
   totweight 870400
   nautocorr 0
   total_energy { -66.4394907291439   } 
   total_energyvar { 0.5025704224112435   } 
   weight { 1.002515430470414   } 
   weightvar { 0.08958541739821123   } 
   kinetic_energy { 23.06758030391951   } 
   kinetic_energyvar { 75.75837795444473   } 
   potential_energy { -96.0642854146034   } 
   potential_energyvar { 84.45307772671904   } 
   nonlocal_energy { 6.557214381539996   } 
   nonlocal_energyvar { 113.2799404045903   } 
   autocorr_energy { } 
} 

block { 
   label spin_0.005
   totweight 870400
   nautocorr 0
   total_energy { -66.43814612812021   } 
   total_energyvar { 0.4959960683928878   } 
   weight { 1.002796386706207   } 
   weightvar { 0.09066670024616806   } 
   kinetic_energy { 23.02618415608899   } 
   kinetic_energyvar { 74.8103763991855   } 
   potential_energy { -95.98201009297543   } 
   potential_energyvar { 83.76462381058963   } 
   nonlocal_energy { 6.51767980876622   } 
   nonlocal_energyvar { 110.5993751761463   } 
   autocorr_energy { } 
} 

block { 
   label spin_0.005
   totweight 870400
   nautocorr 0
   total_energy { -66.43514859294955   } 
   total_energyvar { 0.504616444204889   } 
   weight { 0.9999887986304336   } 
   weightvar { 0.09082152212671442   } 
   kinetic_energy { 23.12020667122911   } 
   kinetic_energyvar { 76.12917905398903   } 
   potential_energy { -96.14102217041547   } 
   potential_energyvar { 85.84473526343579   } 
   nonlocal_energy { 6.585666906236798   } 
   nonlocal_energyvar { 112.9322330945594   } 
   autocorr_energy { } 
} 

block { 
   label spin_0.005
   totweight 870400
   nautocorr 0
   total_energy { -66.43870327558669   } 
   total_energyvar { 0.4940298828729809   } 
   weight { 0.9999043550771488   } 
   weightvar { 0.09227106565830702   } 
   kinetic_energy { 23.16115791544573   } 
   kinetic_energyvar { 74.31105724392916   } 
   potential_energy { -96.07243014986686   } 
   potential_energyvar { 83.24061474747943   } 
   nonlocal_energy { 6.472568958834432   } 
   nonlocal_energyvar { 109.9232270115888   } 
   autocorr_energy { } 
} 

block { 
   label spin_0.005
   totweight 870400
   nautocorr 0
   total_energy { -66.43705631687394   } 
   total_energyvar { 0.5135839852985394   } 
   weight { 0.9994861375972098   } 
   weightvar { 0.09321452028038922   } 
   kinetic_energy { 23.2286794695675   } 
   kinetic_energyvar { 75.6172560940431   } 
   potential_energy { -96.32628081121486   } 
   potential_energyvar { 83.15155229675707   } 
   nonlocal_energy { 6.660545024773404   } 
   nonlocal_energyvar { 113.5972538985738   } 
   autocorr_energy { } 
} 

block { 
   label spin_0.005
   totweight 870400
   nautocorr 0
   total_energy { -66.43819764099831   } 
   total_energyvar { 0.4966659306814569   } 
   weight { 0.9997199040473914   } 
   weightvar { 0.09243604361085506   } 
   kinetic_energy { 23.13679956420852   } 
   kinetic_energyvar { 74.39139650928236   } 
   potential_energy { -96.13790816095818   } 
   potential_energyvar { 83.03186746185011   } 
   nonlocal_energy { 6.562910955751335   } 
   nonlocal_energyvar { 111.788397745015   } 
   autocorr_energy { } 
} 

block { 
   label spin_0.005
   totweight 870400
   nautocorr 0
   total_energy { -66.43845042959389   } 
   total_energyvar { 0.5048086161975242   } 
   weight { 1.000071276163789   } 
   weightvar { 0.09157575514275806   } 
   kinetic_energy { 23.09868134192363   } 
   kinetic_energyvar { 75.32040023783516   } 
   potential_energy { -96.01942470137209   } 
   potential_energyvar { 83.26617807816865   } 
   nonlocal_energy { 6.482292929854571   } 
   nonlocal_energyvar { 110.2909993769591   } 
   autocorr_energy { } 
} 

block { 
   label spin_0.005
   totweight 870400
   nautocorr 0
   total_energy { -66.43778361377601   } 
   total_energyvar { 0.4961595476434341   } 
   weight { 1.000683964752258   } 
   weightvar { 0.09096158578692655   } 
   kinetic_energy { 23.0522016701907   } 
   kinetic_energyvar { 75.30371674666789   } 
   potential_energy { -95.95219846852818   } 
   potential_energyvar { 84.36529925009773   } 
   nonlocal_energy { 6.462213184561477   } 
   nonlocal_energyvar { 111.0239619223018   } 
   autocorr_energy { } 
} 

block { 
   label spin_0.005
   totweight 870400
   nautocorr 0
   total_energy { -66.43779241561825   } 
   total_energyvar { 0.4968338497147332   } 
   weight { 1.000356759009972   } 
   weightvar { 0.09318570813816193   } 
   kinetic_energy { 23.15646486551703   } 
   kinetic_energyvar { 74.64492399045805   } 
   potential_energy { -96.05538671428803   } 
   potential_energyvar { 83.02283973011237   } 
   nonlocal_energy { 6.461129433152768   } 
   nonlocal_energyvar { 110.2715574839343   } 
   autocorr_energy { } 
} 

block { 
   label spin_0.005
   totweight 870400
   nautocorr 0
   total_energy { -66.43749264786771   } 
   total_energyvar { 0.5071750918538414   } 
   weight { 1.000199950888271   } 
   weightvar { 0.09298098778518013   } 
   kinetic_energy { 23.09735010968938   } 
   kinetic_energyvar { 73.94409234518412   } 
   potential_energy { -96.0812733982491   } 
   potential_energyvar { 84.02898137092508   } 
   nonlocal_energy { 6.546430640691955   } 
   nonlocal_energyvar { 109.680270607186   } 
   autocorr_energy { } 
} 

block { 
   label spin_0.005
   totweight 870400
   nautocorr 0
   total_energy { -66.43699873950362   } 
   total_energyvar { 0.5001685408608345   } 
   weight { 0.9996496947919593   } 
   weightvar { 0.09339711737982753   } 
   kinetic_energy { 23.21095312654839   } 
   kinetic_energyvar { 74.22186940277336   } 
   potential_energy { -96.16443883296763   } 
   potential_energyvar { 83.52546841462225   } 
   nonlocal_energy { 6.516486966915602   } 
   nonlocal_energyvar { 109.7641829303009   } 
   autocorr_energy { } 
} 

block { 
   label spin_0.005
   totweight 870400
   nautocorr 0
   total_energy { -66.43682292529755   } 
   total_energyvar { 0.5031171855833737   } 
   weight { 0.9985944095395601   } 
   weightvar { 0.09106276470425893   } 
   kinetic_energy { 23.11523392744167   } 
   kinetic_energyvar { 76.39770612550484   } 
   potential_energy { -96.14273125259938   } 
   potential_energyvar { 84.3282039084237   } 
   nonlocal_energy { 6.590674399860124   } 
   nonlocal_energyvar { 112.8780845288563   } 
   autocorr_energy { } 
} 

block { 
   label spin_0.005
   totweight 870400
   nautocorr 0
   total_energy { -66.43415203327538   } 
   total_energyvar { 0.5017632018124898   } 
   weight { 0.999505896724324   } 
   weightvar { 0.09013116300725307   } 
   kinetic_energy { 23.15357470066231   } 
   kinetic_energyvar { 76.07510801136399   } 
   potential_energy { -96.16976292986023   } 
   potential_energyvar { 84.39163575182828   } 
   nonlocal_energy { 6.582036195922536   } 
   nonlocal_energyvar { 112.4117616721329   } 
   autocorr_energy { } 
} 

block { 
   label spin_0.005
   totweight 870400
   nautocorr 0
   total_energy { -66.43666209473314   } 
   total_energyvar { 0.5081866890325278   } 
   weight { 0.9974563652147472   } 
   weightvar { 0.09214293269582165   } 
   kinetic_energy { 23.11095763846505   } 
   kinetic_energyvar { 75.15474787076135   } 
   potential_energy { -96.02524433815947   } 
   potential_energyvar { 84.62133874955552   } 
   nonlocal_energy { 6.477624604961287   } 
   nonlocal_energyvar { 110.6102825124634   } 
   autocorr_energy { } 
} 

block { 
   label spin_0.005
   totweight 870400
   nautocorr 0
   total_energy { -66.44150394759534   } 
   total_energyvar { 0.5028331994265283   } 
   weight { 1.000598767101335   } 
   weightvar { 0.09109759525993441   } 
   kinetic_energy { 22.95819865339573   } 
   kinetic_energyvar { 75.24665076459765   } 
   potential_energy { -95.87917605420483   } 
   potential_energyvar { 83.44913287556335   } 
   nonlocal_energy { 6.479473453213743   } 
   nonlocal_energyvar { 111.4881027364777   } 
   autocorr_energy { } 
} 

block { 
   label spin_0.005
   totweight 870400
   nautocorr 0
   total_energy { -66.43904011822909   } 
   total_energyvar { 0.4992479187359098   } 
   weight { 1.001446977133912   } 
   weightvar { 0.09112811008153859   } 
   kinetic_energy { 23.10304308045141   } 
   kinetic_energyvar { 75.42439419257599   } 
   potential_energy { -96.10984718541053   } 
   potential_energyvar { 84.09578440711078   } 
   nonlocal_energy { 6.567763986730013   } 
   nonlocal_energyvar { 112.3369643288546   } 
   autocorr_energy { } 
} 

