#-------------------------------------------------
#DMC run: timestep 0.005
#-------------------------------------------------


init { 
   label spin_0.005
}
block { 
   label spin_0.005
   totweight 1638400
   nautocorr 0
   total_energy { -10.95516861595025   } 
   total_energyvar { 0.2228221985622253   } 
   weight { 1.017986747567378   } 
   weightvar { 0.01315377231431262   } 
   kinetic_energy { 3.735065766073341   } 
   kinetic_energyvar { 4.33427750116091   } 
   potential_energy { -15.0088988971785   } 
   potential_energyvar { 2.628218043741782   } 
   nonlocal_energy { 0.3186645151549033   } 
   nonlocal_energyvar { 5.230178459749225   } 
   autocorr_energy { } 
} 

block { 
   label spin_0.005
   totweight 1638400
   nautocorr 0
   total_energy { -10.94844272888248   } 
   total_energyvar { 0.2326093905638396   } 
   weight { 1.019742735781228   } 
   weightvar { 0.05100730703958169   } 
   kinetic_energy { 3.779189814059707   } 
   kinetic_energyvar { 4.432233261293931   } 
   potential_energy { -15.06054439622699   } 
   potential_energyvar { 2.653093801843959   } 
   nonlocal_energy { 0.3329118532848001   } 
   nonlocal_energyvar { 5.35608716199685   } 
   autocorr_energy { } 
} 

block { 
   label spin_0.005
   totweight 1638400
   nautocorr 0
   total_energy { -10.94335336108012   } 
   total_energyvar { 0.2861994513930302   } 
   weight { 1.001539899960712   } 
   weightvar { 0.07999916338917108   } 
   kinetic_energy { 3.789083518828494   } 
   kinetic_energyvar { 4.474919466157709   } 
   potential_energy { -15.07039898012266   } 
   potential_energyvar { 2.688450024040008   } 
   nonlocal_energy { 0.3379621002140467   } 
   nonlocal_energyvar { 5.536525165395711   } 
   autocorr_energy { } 
} 

block { 
   label spin_0.005
   totweight 1638400
   nautocorr 0
   total_energy { -10.94624275849927   } 
   total_energyvar { 0.2279461020186818   } 
   weight { 0.9964131778562142   } 
   weightvar { 0.09749651444812717   } 
   kinetic_energy { 3.799897189680548   } 
   kinetic_energyvar { 4.434814053162817   } 
   potential_energy { -15.07646753076827   } 
   potential_energyvar { 2.647173706096165   } 
   nonlocal_energy { 0.3303275825884461   } 
   nonlocal_energyvar { 5.373971693622698   } 
   autocorr_energy { } 
} 

block { 
   label spin_0.005
   totweight 1638400
   nautocorr 0
   total_energy { -10.94127092974374   } 
   total_energyvar { 0.2468422684395806   } 
   weight { 0.9940753569004832   } 
   weightvar { 0.1057026554237934   } 
   kinetic_energy { 3.811784919770234   } 
   kinetic_energyvar { 4.377508923691133   } 
   potential_energy { -15.08129390194996   } 
   potential_energyvar { 2.703453282627995   } 
   nonlocal_energy { 0.3282380524359779   } 
   nonlocal_energyvar { 5.300079107009743   } 
   autocorr_energy { } 
} 

block { 
   label spin_0.005
   totweight 1638400
   nautocorr 0
   total_energy { -10.94068095711804   } 
   total_energyvar { 0.3039918949869739   } 
   weight { 0.9920670295078778   } 
   weightvar { 0.1108998884644879   } 
   kinetic_energy { 3.813614230932739   } 
   kinetic_energyvar { 4.425708424610094   } 
   potential_energy { -15.08221277831267   } 
   potential_energyvar { 2.680074668703571   } 
   nonlocal_energy { 0.327917590261898   } 
   nonlocal_energyvar { 5.364995384986676   } 
   autocorr_energy { } 
} 

block { 
   label spin_0.005
   totweight 1638400
   nautocorr 0
   total_energy { -10.93915955373214   } 
   total_energyvar { 0.2606523803728628   } 
   weight { 0.9929830244543498   } 
   weightvar { 0.1134691687489143   } 
   kinetic_energy { 3.796583485721435   } 
   kinetic_energyvar { 4.556532549742269   } 
   potential_energy { -15.06741434661883   } 
   potential_energyvar { 2.654153249243409   } 
   nonlocal_energy { 0.3316713071652549   } 
   nonlocal_energyvar { 5.522559292405062   } 
   autocorr_energy { } 
} 

block { 
   label spin_0.005
   totweight 1638400
   nautocorr 0
   total_energy { -10.93884055812391   } 
   total_energyvar { 0.2497726957248766   } 
   weight { 0.9936926641907305   } 
   weightvar { 0.1156124388025688   } 
   kinetic_energy { 3.802452553831047   } 
   kinetic_energyvar { 4.51522404755174   } 
   potential_energy { -15.05033817013501   } 
   potential_energyvar { 2.645291381210531   } 
   nonlocal_energy { 0.3090450581800509   } 
   nonlocal_energyvar { 5.427117173988442   } 
   autocorr_energy { } 
} 

block { 
   label spin_0.005
   totweight 1638400
   nautocorr 0
   total_energy { -10.94155699968196   } 
   total_energyvar { 0.2571114051115555   } 
   weight { 0.9948811615245142   } 
   weightvar { 0.1158746834525512   } 
   kinetic_energy { 3.800547707440328   } 
   kinetic_energyvar { 4.468655746523481   } 
   potential_energy { -15.05620013990863   } 
   potential_energyvar { 2.638310857326465   } 
   nonlocal_energy { 0.3140954327863351   } 
   nonlocal_energyvar { 5.368736980762995   } 
   autocorr_energy { } 
} 

block { 
   label spin_0.005
   totweight 1638400
   nautocorr 0
   total_energy { -10.93590932998142   } 
   total_energyvar { 0.2679160737762432   } 
   weight { 0.9947295849684806   } 
   weightvar { 0.1165003809162262   } 
   kinetic_energy { 3.786385457055582   } 
   kinetic_energyvar { 4.62607648458287   } 
   potential_energy { -15.08033393065713   } 
   potential_energyvar { 2.660238883308083   } 
   nonlocal_energy { 0.3580391436201253   } 
   nonlocal_energyvar { 5.651132823733581   } 
   autocorr_energy { } 
} 

block { 
   label spin_0.005
   totweight 1638400
   nautocorr 0
   total_energy { -10.93864665654267   } 
   total_energyvar { 0.2494437462345015   } 
   weight { 0.9942241517658733   } 
   weightvar { 0.115093424521819   } 
   kinetic_energy { 3.791546412383696   } 
   kinetic_energyvar { 4.62463044342736   } 
   potential_energy { -15.06305553394669   } 
   potential_energyvar { 2.655309925758518   } 
   nonlocal_energy { 0.3328624650203257   } 
   nonlocal_energyvar { 5.610487505488106   } 
   autocorr_energy { } 
} 

block { 
   label spin_0.005
   totweight 1638400
   nautocorr 0
   total_energy { -10.94072290750579   } 
   total_energyvar { 0.2586029929089732   } 
   weight { 0.9957304925119591   } 
   weightvar { 0.116314827164209   } 
   kinetic_energy { 3.817736916781581   } 
   kinetic_energyvar { 4.489259601139157   } 
   potential_energy { -15.07535730156943   } 
   potential_energyvar { 2.637371448275604   } 
   nonlocal_energy { 0.3168974772820531   } 
   nonlocal_energyvar { 5.369974181104812   } 
   autocorr_energy { } 
} 

block { 
   label spin_0.005
   totweight 1638400
   nautocorr 0
   total_energy { -10.94275184979175   } 
   total_energyvar { 0.2735338373046898   } 
   weight { 0.9985239665444464   } 
   weightvar { 0.1162780690813092   } 
   kinetic_energy { 3.795399238221129   } 
   kinetic_energyvar { 4.569241530247544   } 
   potential_energy { -15.06425923739495   } 
   potential_energyvar { 2.658759701147398   } 
   nonlocal_energy { 0.3261081493820732   } 
   nonlocal_energyvar { 5.452304579064061   } 
   autocorr_energy { } 
} 

block { 
   label spin_0.005
   totweight 1638400
   nautocorr 0
   total_energy { -10.94351787380109   } 
   total_energyvar { 0.2575106594585321   } 
   weight { 0.9992445337071361   } 
   weightvar { 0.115845594248757   } 
   kinetic_energy { 3.790761988700878   } 
   kinetic_energyvar { 4.669286225861445   } 
   potential_energy { -15.08417719799139   } 
   potential_energyvar { 2.670390398188808   } 
   nonlocal_energy { 0.3498973354894226   } 
   nonlocal_energyvar { 5.613356806422336   } 
   autocorr_energy { } 
} 

block { 
   label spin_0.005
   totweight 1638400
   nautocorr 0
   total_energy { -10.94125383337187   } 
   total_energyvar { 0.2531874054599234   } 
   weight { 0.9990496445728099   } 
   weightvar { 0.114591388755747   } 
   kinetic_energy { 3.802335905959756   } 
   kinetic_energyvar { 4.480876053741341   } 
   potential_energy { -15.07070919075896   } 
   potential_energyvar { 2.644590513519854   } 
   nonlocal_energy { 0.3271194514273366   } 
   nonlocal_energyvar { 5.423373328471587   } 
   autocorr_energy { } 
} 

block { 
   label spin_0.005
   totweight 1638400
   nautocorr 0
   total_energy { -10.93825069785701   } 
   total_energyvar { 0.3218756558564717   } 
   weight { 0.9975069348247725   } 
   weightvar { 0.1139209015044105   } 
   kinetic_energy { 3.775046912048764   } 
   kinetic_energyvar { 4.647903688027434   } 
   potential_energy { -15.06725533246996   } 
   potential_energyvar { 2.661047246024818   } 
   nonlocal_energy { 0.3539577225641922   } 
   nonlocal_energyvar { 5.611284120392014   } 
   autocorr_energy { } 
} 

block { 
   label spin_0.005
   totweight 1638400
   nautocorr 0
   total_energy { -10.9395174246141   } 
   total_energyvar { 0.2722441793374807   } 
   weight { 0.9962161396646649   } 
   weightvar { 0.1153498800818841   } 
   kinetic_energy { 3.773348250335774   } 
   kinetic_energyvar { 4.714857465485933   } 
   potential_energy { -15.05150801538357   } 
   potential_energyvar { 2.660020437222695   } 
   nonlocal_energy { 0.3386423404336928   } 
   nonlocal_energyvar { 5.691816024055917   } 
   autocorr_energy { } 
} 

block { 
   label spin_0.005
   totweight 1638400
   nautocorr 0
   total_energy { -10.94025561554013   } 
   total_energyvar { 0.2452500085876949   } 
   weight { 0.9970138117338915   } 
   weightvar { 0.1161129596658658   } 
   kinetic_energy { 3.78037531056764   } 
   kinetic_energyvar { 4.580936040935907   } 
   potential_energy { -15.0784564455776   } 
   potential_energyvar { 2.663418520193245   } 
   nonlocal_energy { 0.3578255194698258   } 
   nonlocal_energyvar { 5.527369631906489   } 
   autocorr_energy { } 
} 

block { 
   label spin_0.005
   totweight 1638400
   nautocorr 0
   total_energy { -10.93928995987634   } 
   total_energyvar { 0.2730017289818416   } 
   weight { 0.9971054464803438   } 
   weightvar { 0.1133265179839893   } 
   kinetic_energy { 3.786475713847718   } 
   kinetic_energyvar { 4.558701917693357   } 
   potential_energy { -15.07651717554732   } 
   potential_energyvar { 2.635533030078281   } 
   nonlocal_energy { 0.3507515018232623   } 
   nonlocal_energyvar { 5.495099337951593   } 
   autocorr_energy { } 
} 

block { 
   label spin_0.005
   totweight 1638400
   nautocorr 0
   total_energy { -10.9407854791898   } 
   total_energyvar { 0.2596340349159368   } 
   weight { 0.9970751407622557   } 
   weightvar { 0.1138400780941294   } 
   kinetic_energy { 3.788767039708788   } 
   kinetic_energyvar { 4.486519061571331   } 
   potential_energy { -15.06192519435468   } 
   potential_energyvar { 2.654476512754104   } 
   nonlocal_energy { 0.3323726754560888   } 
   nonlocal_energyvar { 5.424822929526878   } 
   autocorr_energy { } 
} 

block { 
   label spin_0.005
   totweight 1638400
   nautocorr 0
   total_energy { -10.9418629509711   } 
   total_energyvar { 0.2697636979713335   } 
   weight { 0.9985112953583851   } 
   weightvar { 0.1117003985871518   } 
   kinetic_energy { 3.806010757061281   } 
   kinetic_energyvar { 4.404170612948434   } 
   potential_energy { -15.06588176024693   } 
   potential_energyvar { 2.654460223291769   } 
   nonlocal_energy { 0.3180080522145514   } 
   nonlocal_energyvar { 5.377704322090693   } 
   autocorr_energy { } 
} 

block { 
   label spin_0.005
   totweight 1638400
   nautocorr 0
   total_energy { -10.94615885411944   } 
   total_energyvar { 0.2481470675849782   } 
   weight { 1.000599509713321   } 
   weightvar { 0.1125159165681165   } 
   kinetic_energy { 3.765971523204969   } 
   kinetic_energyvar { 4.471934901608383   } 
   potential_energy { -15.03506058870086   } 
   potential_energyvar { 2.617745197870834   } 
   nonlocal_energy { 0.3229302113764467   } 
   nonlocal_energyvar { 5.365164463162231   } 
   autocorr_energy { } 
} 

block { 
   label spin_0.005
   totweight 1638400
   nautocorr 0
   total_energy { -10.94570797187139   } 
   total_energyvar { 0.2397673395673704   } 
   weight { 1.002006826397323   } 
   weightvar { 0.1109385481575292   } 
   kinetic_energy { 3.776515716590902   } 
   kinetic_energyvar { 4.526518074984106   } 
   potential_energy { -15.04468144328117   } 
   potential_energyvar { 2.647155254664194   } 
   nonlocal_energy { 0.3224577548188705   } 
   nonlocal_energyvar { 5.479953399114398   } 
   autocorr_energy { } 
} 

block { 
   label spin_0.005
   totweight 1638400
   nautocorr 0
   total_energy { -10.94442201261625   } 
   total_energyvar { 0.2398429040952997   } 
   weight { 1.002289698267867   } 
   weightvar { 0.1119905133089171   } 
   kinetic_energy { 3.785109134471502   } 
   kinetic_energyvar { 4.510413053480358   } 
   potential_energy { -15.07013321620974   } 
   potential_energyvar { 2.705998474965732   } 
   nonlocal_energy { 0.3406020691219832   } 
   nonlocal_energyvar { 5.432579696079741   } 
   autocorr_energy { } 
} 

block { 
   label spin_0.005
   totweight 1638400
   nautocorr 0
   total_energy { -10.94005131594504   } 
   total_energyvar { 0.2480725648333769   } 
   weight { 0.9997888669937213   } 
   weightvar { 0.1147723422133998   } 
   kinetic_energy { 3.793325456386306   } 
   kinetic_energyvar { 4.520127234778831   } 
   potential_energy { -15.08137647593061   } 
   potential_energyvar { 2.700432940691948   } 
   nonlocal_energy { 0.3479997035992564   } 
   nonlocal_energyvar { 5.481646274015913   } 
   autocorr_energy { } 
} 

block { 
   label spin_0.005
   totweight 1638400
   nautocorr 0
   total_energy { -10.94132607694275   } 
   total_energyvar { 0.2788710995507388   } 
   weight { 0.9987275070715824   } 
   weightvar { 0.1150477649975352   } 
   kinetic_energy { 3.800496242381518   } 
   kinetic_energyvar { 4.784882894299332   } 
   potential_energy { -15.08781764595957   } 
   potential_energyvar { 2.734731957843678   } 
   nonlocal_energy { 0.345995326635306   } 
   nonlocal_energyvar { 5.763685861509599   } 
   autocorr_energy { } 
} 

block { 
   label spin_0.005
   totweight 1638400
   nautocorr 0
   total_energy { -10.93980157620575   } 
   total_energyvar { 0.2481097759880438   } 
   weight { 0.997629399271622   } 
   weightvar { 0.113349521159302   } 
   kinetic_energy { 3.820162933480529   } 
   kinetic_energyvar { 4.526843504730304   } 
   potential_energy { -15.09478290905278   } 
   potential_energyvar { 2.666531792885166   } 
   nonlocal_energy { 0.334818399366502   } 
   nonlocal_energyvar { 5.475739173253793   } 
   autocorr_energy { } 
} 

block { 
   label spin_0.005
   totweight 1638400
   nautocorr 0
   total_energy { -10.94130638278976   } 
   total_energyvar { 0.2540690422294105   } 
   weight { 0.9972125718025241   } 
   weightvar { 0.1142733737307474   } 
   kinetic_energy { 3.819590885092402   } 
   kinetic_energyvar { 4.575908550742935   } 
   potential_energy { -15.10971500750816   } 
   potential_energyvar { 2.708759302428034   } 
   nonlocal_energy { 0.3488177396259994   } 
   nonlocal_energyvar { 5.631462238301556   } 
   autocorr_energy { } 
} 

block { 
   label spin_0.005
   totweight 1638400
   nautocorr 0
   total_energy { -10.9411909465625   } 
   total_energyvar { 0.2331968651020542   } 
   weight { 0.9974779418877437   } 
   weightvar { 0.1140715635134138   } 
   kinetic_energy { 3.823338196893512   } 
   kinetic_energyvar { 4.366444096551399   } 
   potential_energy { -15.07304377790287   } 
   potential_energyvar { 2.646564783513508   } 
   nonlocal_energy { 0.308514634446859   } 
   nonlocal_energyvar { 5.185242754867134   } 
   autocorr_energy { } 
} 

block { 
   label spin_0.005
   totweight 1638400
   nautocorr 0
   total_energy { -10.93951866140444   } 
   total_energyvar { 0.2486364808824458   } 
   weight { 0.9971652757319412   } 
   weightvar { 0.1113569853010394   } 
   kinetic_energy { 3.811609538491334   } 
   kinetic_energyvar { 4.376152217253226   } 
   potential_energy { -15.07063677933496   } 
   potential_energyvar { 2.62983743298274   } 
   nonlocal_energy { 0.3195085794391875   } 
   nonlocal_energyvar { 5.359946392080849   } 
   autocorr_energy { } 
} 

block { 
   label spin_0.005
   totweight 1638400
   nautocorr 0
   total_energy { -10.93949535488975   } 
   total_energyvar { 0.2631160859229618   } 
   weight { 0.9965922089864782   } 
   weightvar { 0.112797144121234   } 
   kinetic_energy { 3.83068755020168   } 
   kinetic_energyvar { 4.490276491088494   } 
   potential_energy { -15.09714230722797   } 
   potential_energyvar { 2.663835095317845   } 
   nonlocal_energy { 0.326959402136541   } 
   nonlocal_energyvar { 5.380074117334839   } 
   autocorr_energy { } 
} 

block { 
   label spin_0.005
   totweight 1638400
   nautocorr 0
   total_energy { -10.94255982523023   } 
   total_energyvar { 0.2709003279967259   } 
   weight { 0.9975493116168118   } 
   weightvar { 0.1137804959245513   } 
   kinetic_energy { 3.797461369901252   } 
   kinetic_energyvar { 4.512494878640561   } 
   potential_energy { -15.06840898990162   } 
   potential_energyvar { 2.631129595983203   } 
   nonlocal_energy { 0.3283877947701436   } 
   nonlocal_energyvar { 5.47122806660291   } 
   autocorr_energy { } 
} 

block { 
   label spin_0.005
   totweight 1638400
   nautocorr 0
   total_energy { -10.93951543929414   } 
   total_energyvar { 0.2581942365144243   } 
   weight { 0.997535347698504   } 
   weightvar { 0.1149014564584657   } 
   kinetic_energy { 3.814030295796091   } 
   kinetic_energyvar { 4.418100494446288   } 
   potential_energy { -15.09073628859501   } 
   potential_energyvar { 2.612540044000709   } 
   nonlocal_energy { 0.3371905535047757   } 
   nonlocal_energyvar { 5.359158514103027   } 
   autocorr_energy { } 
} 

block { 
   label spin_0.005
   totweight 1638400
   nautocorr 0
   total_energy { -10.94212442553578   } 
   total_energyvar { 0.2380681994318411   } 
   weight { 0.9981211086151776   } 
   weightvar { 0.1139820645217818   } 
   kinetic_energy { 3.802572327653384   } 
   kinetic_energyvar { 4.478124346826308   } 
   potential_energy { -15.09143565986225   } 
   potential_energyvar { 2.633909327074663   } 
   nonlocal_energy { 0.3467389066730885   } 
   nonlocal_energyvar { 5.467810155909294   } 
   autocorr_energy { } 
} 

block { 
   label spin_0.005
   totweight 1638400
   nautocorr 0
   total_energy { -10.93908911094157   } 
   total_energyvar { 0.2518240315657345   } 
   weight { 0.9973028050715346   } 
   weightvar { 0.1141445721114164   } 
   kinetic_energy { 3.795567670412122   } 
   kinetic_energyvar { 4.51619264769943   } 
   potential_energy { -15.07194725253142   } 
   potential_energyvar { 2.700552870960841   } 
   nonlocal_energy { 0.3372904711777305   } 
   nonlocal_energyvar { 5.436809104180753   } 
   autocorr_energy { } 
} 

block { 
   label spin_0.005
   totweight 1638400
   nautocorr 0
   total_energy { -10.94083127755572   } 
   total_energyvar { 0.2578863381450041   } 
   weight { 0.9967320181190744   } 
   weightvar { 0.1175042335031936   } 
   kinetic_energy { 3.801280554801642   } 
   kinetic_energyvar { 4.52218521847549   } 
   potential_energy { -15.07578610949867   } 
   potential_energyvar { 2.661638974200687   } 
   nonlocal_energy { 0.333674277141308   } 
   nonlocal_energyvar { 5.469268323255446   } 
   autocorr_energy { } 
} 

block { 
   label spin_0.005
   totweight 1638400
   nautocorr 0
   total_energy { -10.93888501350753   } 
   total_energyvar { 0.2883942521668331   } 
   weight { 0.9962926827123971   } 
   weightvar { 0.1159331844513678   } 
   kinetic_energy { 3.786648014141271   } 
   kinetic_energyvar { 4.685859134136732   } 
   potential_energy { -15.09334551707417   } 
   potential_energyvar { 2.697571113998806   } 
   nonlocal_energy { 0.3678124894253729   } 
   nonlocal_energyvar { 5.746665455971769   } 
   autocorr_energy { } 
} 

block { 
   label spin_0.005
   totweight 1638400
   nautocorr 0
   total_energy { -10.94037326701935   } 
   total_energyvar { 0.2504308971945014   } 
   weight { 0.9963198523683198   } 
   weightvar { 0.114311122452775   } 
   kinetic_energy { 3.806936858070648   } 
   kinetic_energyvar { 4.716254397643189   } 
   potential_energy { -15.1172952376209   } 
   potential_energyvar { 2.682757307590605   } 
   nonlocal_energy { 0.3699851125308933   } 
   nonlocal_energyvar { 5.786338531558734   } 
   autocorr_energy { } 
} 

block { 
   label spin_0.005
   totweight 1638400
   nautocorr 0
   total_energy { -10.94013906574578   } 
   total_energyvar { 0.3402710755189521   } 
   weight { 0.9961941265462877   } 
   weightvar { 0.1152122686535206   } 
   kinetic_energy { 3.805545136749179   } 
   kinetic_energyvar { 4.696572820467061   } 
   potential_energy { -15.09259909442114   } 
   potential_energyvar { 2.65140653653538   } 
   nonlocal_energy { 0.3469148919261835   } 
   nonlocal_energyvar { 5.681520706669944   } 
   autocorr_energy { } 
} 

block { 
   label spin_0.005
   totweight 1638400
   nautocorr 0
   total_energy { -10.94289887241204   } 
   total_energyvar { 0.3034817859005523   } 
   weight { 0.9980585063019527   } 
   weightvar { 0.1156022087806729   } 
   kinetic_energy { 3.818233272659151   } 
   kinetic_energyvar { 4.476596211248633   } 
   potential_energy { -15.07828494330494   } 
   potential_energyvar { 2.630264535627471   } 
   nonlocal_energy { 0.3171527982337539   } 
   nonlocal_energyvar { 5.339408018745667   } 
   autocorr_energy { } 
} 

block { 
   label spin_0.005
   totweight 1638400
   nautocorr 0
   total_energy { -10.93957198438283   } 
   total_energyvar { 0.3673927840107363   } 
   weight { 0.9980467697734562   } 
   weightvar { 0.1137330876878869   } 
   kinetic_energy { 3.810387604065998   } 
   kinetic_energyvar { 4.523252297363477   } 
   potential_energy { -15.09855473179332   } 
   potential_energyvar { 2.681092642359564   } 
   nonlocal_energy { 0.3485951433444903   } 
   nonlocal_energyvar { 5.445462824273583   } 
   autocorr_energy { } 
} 

block { 
   label spin_0.005
   totweight 1638400
   nautocorr 0
   total_energy { -10.93839882424331   } 
   total_energyvar { 0.2465212414893718   } 
   weight { 0.9963082423227124   } 
   weightvar { 0.1126011881535934   } 
   kinetic_energy { 3.79883950127791   } 
   kinetic_energyvar { 4.633036624556339   } 
   potential_energy { -15.09501828397433   } 
   potential_energyvar { 2.669648499205281   } 
   nonlocal_energy { 0.3577799584531108   } 
   nonlocal_energyvar { 5.580967892186576   } 
   autocorr_energy { } 
} 

block { 
   label spin_0.005
   totweight 1638400
   nautocorr 0
   total_energy { -10.93828598828772   } 
   total_energyvar { 0.2663819857800114   } 
   weight { 0.9951432841243417   } 
   weightvar { 0.1133541155181763   } 
   kinetic_energy { 3.78914965794219   } 
   kinetic_energyvar { 4.570279943271793   } 
   potential_energy { -15.06390646605196   } 
   potential_energyvar { 2.644203191477167   } 
   nonlocal_energy { 0.3364708198220448   } 
   nonlocal_energyvar { 5.506161853635826   } 
   autocorr_energy { } 
} 

block { 
   label spin_0.005
   totweight 1638400
   nautocorr 0
   total_energy { -10.9463479469049   } 
   total_energyvar { 0.2858428796692172   } 
   weight { 0.9984556150304766   } 
   weightvar { 0.1137108443840195   } 
   kinetic_energy { 3.81225333520642   } 
   kinetic_energyvar { 4.711623797852896   } 
   potential_energy { -15.10097418414308   } 
   potential_energyvar { 2.716781538218541   } 
   nonlocal_energy { 0.3423729020317587   } 
   nonlocal_energyvar { 5.706498366227574   } 
   autocorr_energy { } 
} 

block { 
   label spin_0.005
   totweight 1638400
   nautocorr 0
   total_energy { -10.94557883217525   } 
   total_energyvar { 0.2420126650649674   } 
   weight { 1.000931781144012   } 
   weightvar { 0.1147897850925244   } 
   kinetic_energy { 3.803383799182047   } 
   kinetic_energyvar { 4.605601684177186   } 
   potential_energy { -15.09491078383093   } 
   potential_energyvar { 2.685666219418894   } 
   nonlocal_energy { 0.3459481524736419   } 
   nonlocal_energyvar { 5.621798348368769   } 
   autocorr_energy { } 
} 

block { 
   label spin_0.005
   totweight 1638400
   nautocorr 0
   total_energy { -10.93792856970015   } 
   total_energyvar { 0.2499318340842562   } 
   weight { 0.9987895893032658   } 
   weightvar { 0.1147861180789304   } 
   kinetic_energy { 3.804530997881208   } 
   kinetic_energyvar { 4.608191622020124   } 
   potential_energy { -15.08834090277107   } 
   potential_energyvar { 2.702193516280782   } 
   nonlocal_energy { 0.3458813351897094   } 
   nonlocal_energyvar { 5.520875893263481   } 
   autocorr_energy { } 
} 

block { 
   label spin_0.005
   totweight 1638400
   nautocorr 0
   total_energy { -10.94053365570992   } 
   total_energyvar { 0.2430115615689067   } 
   weight { 0.9975101105113899   } 
   weightvar { 0.1130771638314804   } 
   kinetic_energy { 3.815900480454869   } 
   kinetic_energyvar { 4.458609731482226   } 
   potential_energy { -15.08698244455703   } 
   potential_energyvar { 2.659969285328351   } 
   nonlocal_energy { 0.3305483083922464   } 
   nonlocal_energyvar { 5.39781547701591   } 
   autocorr_energy { } 
} 

block { 
   label spin_0.005
   totweight 1638400
   nautocorr 0
   total_energy { -10.94199257649526   } 
   total_energyvar { 0.2503689511184042   } 
   weight { 0.9975720293821095   } 
   weightvar { 0.113758238336769   } 
   kinetic_energy { 3.799466180421   } 
   kinetic_energyvar { 4.506628897560448   } 
   potential_energy { -15.08036023546427   } 
   potential_energyvar { 2.680097141386893   } 
   nonlocal_energy { 0.3389014785480122   } 
   nonlocal_energyvar { 5.455214206046568   } 
   autocorr_energy { } 
} 

block { 
   label spin_0.005
   totweight 1638400
   nautocorr 0
   total_energy { -10.9420185513775   } 
   total_energyvar { 0.3049707216275996   } 
   weight { 0.9989887770971668   } 
   weightvar { 0.1171501062940777   } 
   kinetic_energy { 3.783430558218667   } 
   kinetic_energyvar { 4.75935183503961   } 
   potential_energy { -15.06206346236404   } 
   potential_energyvar { 2.646124884104524   } 
   nonlocal_energy { 0.3366143527678737   } 
   nonlocal_energyvar { 5.689955385098002   } 
   autocorr_energy { } 
} 

block { 
   label spin_0.005
   totweight 1638400
   nautocorr 0
   total_energy { -10.93876267408115   } 
   total_energyvar { 0.2547722762568572   } 
   weight { 0.9978592529378162   } 
   weightvar { 0.1152184942226204   } 
   kinetic_energy { 3.799535769718525   } 
   kinetic_energyvar { 4.533258660888786   } 
   potential_energy { -15.07309985090228   } 
   potential_energyvar { 2.683180315700041   } 
   nonlocal_energy { 0.3348014071026081   } 
   nonlocal_energyvar { 5.498044982952017   } 
   autocorr_energy { } 
} 

