#-------------------------------------------------
#DMC run: timestep 0.001
#-------------------------------------------------


init { 
   label spin_0.001
}
block { 
   label spin_0.001
   totweight 5120000
   nautocorr 0
   total_energy { -5.361841558765091   } 
   total_energyvar { 0.1575760738413158   } 
   weight { 0.9841931579621265   } 
   weightvar { 0.005766185342188806   } 
   kinetic_energy { 1.885717734076219   } 
   kinetic_energyvar { 2.575586882957086   } 
   potential_energy { -7.488882572611752   } 
   potential_energyvar { 1.368918494374515   } 
   nonlocal_energy { 0.2413232797704424   } 
   nonlocal_energyvar { 3.071579511894714   } 
   autocorr_energy { } 
} 

block { 
   label spin_0.001
   totweight 5120000
   nautocorr 0
   total_energy { -5.347198753865629   } 
   total_energyvar { 0.1114255896230268   } 
   weight { 0.9755197955912653   } 
   weightvar { 0.02408254508690659   } 
   kinetic_energy { 1.847506268573567   } 
   kinetic_energyvar { 2.275842834745848   } 
   potential_energy { -7.380909189869154   } 
   potential_energyvar { 1.364430857955777   } 
   nonlocal_energy { 0.1862041674299586   } 
   nonlocal_energyvar { 2.504998580985393   } 
   autocorr_energy { } 
} 

block { 
   label spin_0.001
   totweight 5120000
   nautocorr 0
   total_energy { -5.344048794495087   } 
   total_energyvar { 0.120115637649097   } 
   weight { 0.9813999038281261   } 
   weightvar { 0.04887011159121214   } 
   kinetic_energy { 1.848987671504391   } 
   kinetic_energyvar { 2.319178865463607   } 
   potential_energy { -7.386720798367136   } 
   potential_energyvar { 1.38080928611334   } 
   nonlocal_energy { 0.1936843323676573   } 
   nonlocal_energyvar { 2.621270832176598   } 
   autocorr_energy { } 
} 

block { 
   label spin_0.001
   totweight 5120000
   nautocorr 0
   total_energy { -5.342901883053345   } 
   total_energyvar { 0.1656423939999706   } 
   weight { 0.9850091164048108   } 
   weightvar { 0.07359534029335846   } 
   kinetic_energy { 1.858474893276488   } 
   kinetic_energyvar { 2.454060195720397   } 
   potential_energy { -7.391665157541179   } 
   potential_energyvar { 1.391896264963133   } 
   nonlocal_energy { 0.1902883812113466   } 
   nonlocal_energyvar { 2.828125082586364   } 
   autocorr_energy { } 
} 

block { 
   label spin_0.001
   totweight 5120000
   nautocorr 0
   total_energy { -5.340426762141447   } 
   total_energyvar { 0.1182501119449855   } 
   weight { 0.9872369761052383   } 
   weightvar { 0.08729371388388275   } 
   kinetic_energy { 1.847027023016766   } 
   kinetic_energyvar { 2.396177496998848   } 
   potential_energy { -7.373220106800366   } 
   potential_energyvar { 1.386383409880537   } 
   nonlocal_energy { 0.1857663216421532   } 
   nonlocal_energyvar { 2.638413145834351   } 
   autocorr_energy { } 
} 

block { 
   label spin_0.001
   totweight 5120000
   nautocorr 0
   total_energy { -5.337486756176833   } 
   total_energyvar { 0.1273296344560128   } 
   weight { 0.9875721973440527   } 
   weightvar { 0.09688359917724866   } 
   kinetic_energy { 1.84599917120073   } 
   kinetic_energyvar { 2.366449562438512   } 
   potential_energy { -7.360937398217364   } 
   potential_energyvar { 1.389400222831209   } 
   nonlocal_energy { 0.1774514708398008   } 
   nonlocal_energyvar { 2.655634648572613   } 
   autocorr_energy { } 
} 

block { 
   label spin_0.001
   totweight 5120000
   nautocorr 0
   total_energy { -5.337499668059103   } 
   total_energyvar { 0.1185603665830984   } 
   weight { 0.9894437827493977   } 
   weightvar { 0.1043899689725135   } 
   kinetic_energy { 1.853571978067929   } 
   kinetic_energyvar { 2.373377019066087   } 
   potential_energy { -7.368465161340881   } 
   potential_energyvar { 1.41409347070522   } 
   nonlocal_energy { 0.1773935152138487   } 
   nonlocal_energyvar { 2.587558715602282   } 
   autocorr_energy { } 
} 

block { 
   label spin_0.001
   totweight 5120000
   nautocorr 0
   total_energy { -5.341718368692502   } 
   total_energyvar { 0.1230307771272285   } 
   weight { 0.9937787504990727   } 
   weightvar { 0.1063707613159682   } 
   kinetic_energy { 1.874271609882233   } 
   kinetic_energyvar { 2.444282014841298   } 
   potential_energy { -7.412145199167573   } 
   potential_energyvar { 1.357288220850525   } 
   nonlocal_energy { 0.1961552205928386   } 
   nonlocal_energyvar { 2.726465843333508   } 
   autocorr_energy { } 
} 

block { 
   label spin_0.001
   totweight 5120000
   nautocorr 0
   total_energy { -5.34014099537642   } 
   total_energyvar { 0.1277067437941151   } 
   weight { 0.9959631933773809   } 
   weightvar { 0.1071089750584816   } 
   kinetic_energy { 1.856500661539067   } 
   kinetic_energyvar { 2.485309714895047   } 
   potential_energy { -7.39988728840084   } 
   potential_energyvar { 1.376934958221694   } 
   nonlocal_energy { 0.2032456314853527   } 
   nonlocal_energyvar { 2.782276476046625   } 
   autocorr_energy { } 
} 

block { 
   label spin_0.001
   totweight 5120000
   nautocorr 0
   total_energy { -5.338443298626672   } 
   total_energyvar { 0.1061872414195814   } 
   weight { 0.9958706494594025   } 
   weightvar { 0.106532928645939   } 
   kinetic_energy { 1.904909879483899   } 
   kinetic_energyvar { 2.260107280353374   } 
   potential_energy { -7.417199951443804   } 
   potential_energyvar { 1.39195181099342   } 
   nonlocal_energy { 0.1738467733332325   } 
   nonlocal_energyvar { 2.423887365181958   } 
   autocorr_energy { } 
} 

