#-------------------------------------------------
#VMC run: timestep 1.6 nconfig 2176 steps 40
#-------------------------------------------------


init { 
   label vmc
}
block { 
   label vmc
   totweight 87040
   nautocorr 0
   total_energy { -5.236531617962487   } 
   total_energyvar { 0.3727198614889787   } 
   weight { 1   } 
   weightvar { 1.776356839400247e-15   } 
   kinetic_energy { 1.826132493597654   } 
   kinetic_energyvar { 2.117677369000058   } 
   potential_energy { -7.250962491932803   } 
   potential_energyvar { 1.602768349423678   } 
   nonlocal_energy { 0.1882983803726621   } 
   nonlocal_energyvar { 2.68364565810765   } 
   autocorr_energy { } 
} 

block { 
   label vmc
   totweight 87040
   nautocorr 0
   total_energy { -5.243259376443894   } 
   total_energyvar { 0.3709340032488826   } 
   weight { 1   } 
   weightvar { 1.776356839400247e-15   } 
   kinetic_energy { 1.837494752934922   } 
   kinetic_energyvar { 2.165831683782039   } 
   potential_energy { -7.268820949311153   } 
   potential_energyvar { 1.596045162904606   } 
   nonlocal_energy { 0.1880668199323366   } 
   nonlocal_energyvar { 2.696268703770837   } 
   autocorr_energy { } 
} 

block { 
   label vmc
   totweight 87040
   nautocorr 0
   total_energy { -5.236920667134583   } 
   total_energyvar { 0.3755376010654063   } 
   weight { 1   } 
   weightvar { 1.776356839400247e-15   } 
   kinetic_energy { 1.839942965899775   } 
   kinetic_energyvar { 2.118238965673755   } 
   potential_energy { -7.257678317122862   } 
   potential_energyvar { 1.606777484626416   } 
   nonlocal_energy { 0.1808146840885021   } 
   nonlocal_energyvar { 2.643220885299276   } 
   autocorr_energy { } 
} 

block { 
   label vmc
   totweight 87040
   nautocorr 0
   total_energy { -5.239752368861959   } 
   total_energyvar { 0.3747713870402534   } 
   weight { 1   } 
   weightvar { 1.776356839400247e-15   } 
   kinetic_energy { 1.83165907035896   } 
   kinetic_energyvar { 2.160219757394168   } 
   potential_energy { -7.25999728403955   } 
   potential_energyvar { 1.614121759549909   } 
   nonlocal_energy { 0.1885858448186296   } 
   nonlocal_energyvar { 2.714944305027303   } 
   autocorr_energy { } 
} 

block { 
   label vmc
   totweight 87040
   nautocorr 0
   total_energy { -5.240713547354615   } 
   total_energyvar { 0.346440209850789   } 
   weight { 1   } 
   weightvar { 1.776356839400247e-15   } 
   kinetic_energy { 1.832132425662023   } 
   kinetic_energyvar { 2.285017065482078   } 
   potential_energy { -7.261613333867256   } 
   potential_energyvar { 1.584433748431646   } 
   nonlocal_energy { 0.1887673608506167   } 
   nonlocal_energyvar { 2.793134138906076   } 
   autocorr_energy { } 
} 

block { 
   label vmc
   totweight 87040
   nautocorr 0
   total_energy { -5.233886032303851   } 
   total_energyvar { 1.688172361831107   } 
   weight { 1   } 
   weightvar { 1.776356839400247e-15   } 
   kinetic_energy { 1.846047299021632   } 
   kinetic_energyvar { 2.6700393307435   } 
   potential_energy { -7.246817644086551   } 
   potential_energyvar { 1.643194436934385   } 
   nonlocal_energy { 0.1668843127610668   } 
   nonlocal_energyvar { 2.806969837655874   } 
   autocorr_energy { } 
} 

block { 
   label vmc
   totweight 87040
   nautocorr 0
   total_energy { -5.23875115315299   } 
   total_energyvar { 0.3889458223506326   } 
   weight { 1   } 
   weightvar { 1.776356839400247e-15   } 
   kinetic_energy { 1.843149955930193   } 
   kinetic_energyvar { 2.167886340632328   } 
   potential_energy { -7.259664342187981   } 
   potential_energyvar { 1.577280927744279   } 
   nonlocal_energy { 0.1777632331047979   } 
   nonlocal_energyvar { 2.795756582832861   } 
   autocorr_energy { } 
} 

block { 
   label vmc
   totweight 87040
   nautocorr 0
   total_energy { -5.245065061757032   } 
   total_energyvar { 0.3340636747693148   } 
   weight { 1   } 
   weightvar { 1.776356839400247e-15   } 
   kinetic_energy { 1.845859381193603   } 
   kinetic_energyvar { 2.088663686273088   } 
   potential_energy { -7.265266439768243   } 
   potential_energyvar { 1.576122600875925   } 
   nonlocal_energy { 0.1743419968176078   } 
   nonlocal_energyvar { 2.541600952741308   } 
   autocorr_energy { } 
} 

block { 
   label vmc
   totweight 87040
   nautocorr 0
   total_energy { -5.24230246965667   } 
   total_energyvar { 0.3825688662584618   } 
   weight { 1   } 
   weightvar { 1.776356839400247e-15   } 
   kinetic_energy { 1.839191604995514   } 
   kinetic_energyvar { 2.373035058330654   } 
   potential_energy { -7.260696590931778   } 
   potential_energyvar { 1.586315036138755   } 
   nonlocal_energy { 0.1792025162795931   } 
   nonlocal_energyvar { 2.863045252351333   } 
   autocorr_energy { } 
} 

block { 
   label vmc
   totweight 87040
   nautocorr 0
   total_energy { -5.238537357407423   } 
   total_energyvar { 0.4057395049390543   } 
   weight { 1   } 
   weightvar { 1.776356839400247e-15   } 
   kinetic_energy { 1.837614141624512   } 
   kinetic_energyvar { 2.191589111184178   } 
   potential_energy { -7.264609377908736   } 
   potential_energyvar { 1.621061970026556   } 
   nonlocal_energy { 0.1884578788768005   } 
   nonlocal_energyvar { 2.729346676243561   } 
   autocorr_energy { } 
} 

block { 
   label vmc
   totweight 87040
   nautocorr 0
   total_energy { -5.242810571559945   } 
   total_energyvar { 0.3832874816297828   } 
   weight { 1   } 
   weightvar { 1.776356839400247e-15   } 
   kinetic_energy { 1.823616233412348   } 
   kinetic_energyvar { 2.413548197345877   } 
   potential_energy { -7.268765482342046   } 
   potential_energyvar { 1.591140613073904   } 
   nonlocal_energy { 0.2023386773697523   } 
   nonlocal_energyvar { 3.049814348149323   } 
   autocorr_energy { } 
} 

block { 
   label vmc
   totweight 87040
   nautocorr 0
   total_energy { -5.24253907620727   } 
   total_energyvar { 0.364926299546351   } 
   weight { 1   } 
   weightvar { 1.776356839400247e-15   } 
   kinetic_energy { 1.833582965009073   } 
   kinetic_energyvar { 2.411390260758565   } 
   potential_energy { -7.267671900808803   } 
   potential_energyvar { 1.593322881425822   } 
   nonlocal_energy { 0.1915498595924583   } 
   nonlocal_energyvar { 2.88142910985799   } 
   autocorr_energy { } 
} 

block { 
   label vmc
   totweight 87040
   nautocorr 0
   total_energy { -5.239924261135106   } 
   total_energyvar { 1.413685307117654   } 
   weight { 1   } 
   weightvar { 1.776356839400247e-15   } 
   kinetic_energy { 1.837455248509507   } 
   kinetic_energyvar { 2.74680639277407   } 
   potential_energy { -7.261701007715516   } 
   potential_energyvar { 1.587933846614281   } 
   nonlocal_energy { 0.1843214980709016   } 
   nonlocal_energyvar { 2.900654283193683   } 
   autocorr_energy { } 
} 

block { 
   label vmc
   totweight 87040
   nautocorr 0
   total_energy { -5.246093055449009   } 
   total_energyvar { 0.3595230079117913   } 
   weight { 1   } 
   weightvar { 1.776356839400247e-15   } 
   kinetic_energy { 1.839512255350566   } 
   kinetic_energyvar { 2.195897680306402   } 
   potential_energy { -7.266832478550541   } 
   potential_energyvar { 1.573569693786101   } 
   nonlocal_energy { 0.181227167750966   } 
   nonlocal_energyvar { 2.70300939131808   } 
   autocorr_energy { } 
} 

block { 
   label vmc
   totweight 87040
   nautocorr 0
   total_energy { -5.230847105059975   } 
   total_energyvar { 1.597900821794909   } 
   weight { 1   } 
   weightvar { 1.776356839400247e-15   } 
   kinetic_energy { 1.835741752537417   } 
   kinetic_energyvar { 2.648048289275416   } 
   potential_energy { -7.255245691637454   } 
   potential_energyvar { 1.614196460433215   } 
   nonlocal_energy { 0.1886568340400632   } 
   nonlocal_energyvar { 2.955098656256693   } 
   autocorr_energy { } 
} 

block { 
   label vmc
   totweight 87040
   nautocorr 0
   total_energy { -5.24079058849304   } 
   total_energyvar { 0.3627995632255124   } 
   weight { 1   } 
   weightvar { 1.776356839400247e-15   } 
   kinetic_energy { 1.847409594355337   } 
   kinetic_energyvar { 2.214121161045064   } 
   potential_energy { -7.266137189247922   } 
   potential_energyvar { 1.595581224393019   } 
   nonlocal_energy { 0.1779370063995465   } 
   nonlocal_energyvar { 2.663454326583645   } 
   autocorr_energy { } 
} 

block { 
   label vmc
   totweight 87040
   nautocorr 0
   total_energy { -5.237195274976095   } 
   total_energyvar { 0.3772101682366999   } 
   weight { 1   } 
   weightvar { 1.776356839400247e-15   } 
   kinetic_energy { 1.834588738964525   } 
   kinetic_energyvar { 2.201909269702518   } 
   potential_energy { -7.267144845424391   } 
   potential_energyvar { 1.612128623772121   } 
   nonlocal_energy { 0.1953608314837695   } 
   nonlocal_energyvar { 2.786205857861254   } 
   autocorr_energy { } 
} 

block { 
   label vmc
   totweight 87040
   nautocorr 0
   total_energy { -5.240567935273083   } 
   total_energyvar { 0.3870839215560011   } 
   weight { 1   } 
   weightvar { 1.776356839400247e-15   } 
   kinetic_energy { 1.836455363248506   } 
   kinetic_energyvar { 2.275319275227802   } 
   potential_energy { -7.262775428346004   } 
   potential_energyvar { 1.615896681630169   } 
   nonlocal_energy { 0.1857521298244171   } 
   nonlocal_energyvar { 2.740075112134398   } 
   autocorr_energy { } 
} 

block { 
   label vmc
   totweight 87040
   nautocorr 0
   total_energy { -5.243897890328212   } 
   total_energyvar { 0.3604085548892375   } 
   weight { 1   } 
   weightvar { 1.776356839400247e-15   } 
   kinetic_energy { 1.837436560363347   } 
   kinetic_energyvar { 2.30110694521971   } 
   potential_energy { -7.278665708227789   } 
   potential_energyvar { 1.608239162064022   } 
   nonlocal_energy { 0.1973312575362308   } 
   nonlocal_energyvar { 2.827232189901406   } 
   autocorr_energy { } 
} 

block { 
   label vmc
   totweight 87040
   nautocorr 0
   total_energy { -5.242842357888353   } 
   total_energyvar { 0.3586775321499077   } 
   weight { 1   } 
   weightvar { 1.776356839400247e-15   } 
   kinetic_energy { 1.836010867411151   } 
   kinetic_energyvar { 2.255900945182125   } 
   potential_energy { -7.271311121742233   } 
   potential_energyvar { 1.602243676603739   } 
   nonlocal_energy { 0.192457896442728   } 
   nonlocal_energyvar { 2.836894588159263   } 
   autocorr_energy { } 
} 

block { 
   label vmc
   totweight 87040
   nautocorr 0
   total_energy { -5.240074066416852   } 
   total_energyvar { 0.3726586504576591   } 
   weight { 1   } 
   weightvar { 1.776356839400247e-15   } 
   kinetic_energy { 1.829158715346927   } 
   kinetic_energyvar { 2.341179842019004   } 
   potential_energy { -7.263859773372745   } 
   potential_energyvar { 1.598695291886969   } 
   nonlocal_energy { 0.1946269916089657   } 
   nonlocal_energyvar { 2.986465720016212   } 
   autocorr_energy { } 
} 

block { 
   label vmc
   totweight 87040
   nautocorr 0
   total_energy { -5.239764225590045   } 
   total_energyvar { 0.4329602603782743   } 
   weight { 1   } 
   weightvar { 1.776356839400247e-15   } 
   kinetic_energy { 1.825526108628285   } 
   kinetic_energyvar { 2.31885855062556   } 
   potential_energy { -7.254596721722416   } 
   potential_energyvar { 1.628096942138783   } 
   nonlocal_energy { 0.189306387504086   } 
   nonlocal_energyvar { 2.93850640464064   } 
   autocorr_energy { } 
} 

block { 
   label vmc
   totweight 87040
   nautocorr 0
   total_energy { -5.240034920413492   } 
   total_energyvar { 0.3560666946867711   } 
   weight { 1   } 
   weightvar { 1.776356839400247e-15   } 
   kinetic_energy { 1.843111272766071   } 
   kinetic_energyvar { 2.172503563487113   } 
   potential_energy { -7.264940916868106   } 
   potential_energyvar { 1.584083022403128   } 
   nonlocal_energy { 0.1817947236885424   } 
   nonlocal_energyvar { 2.690501133476279   } 
   autocorr_energy { } 
} 

block { 
   label vmc
   totweight 87040
   nautocorr 0
   total_energy { -5.243714417808472   } 
   total_energyvar { 0.3660920003884024   } 
   weight { 1   } 
   weightvar { 1.776356839400247e-15   } 
   kinetic_energy { 1.839061102560531   } 
   kinetic_energyvar { 2.25497238576008   } 
   potential_energy { -7.274379644826742   } 
   potential_energyvar { 1.599339874482646   } 
   nonlocal_energy { 0.1916041244577387   } 
   nonlocal_energyvar { 2.779993479307568   } 
   autocorr_energy { } 
} 

block { 
   label vmc
   totweight 87040
   nautocorr 0
   total_energy { -5.239331162348764   } 
   total_energyvar { 0.3618562447814173   } 
   weight { 1   } 
   weightvar { 1.776356839400247e-15   } 
   kinetic_energy { 1.834150308800013   } 
   kinetic_energyvar { 2.161505383832146   } 
   potential_energy { -7.254987359928244   } 
   potential_energyvar { 1.58155021082126   } 
   nonlocal_energy { 0.1815058887794688   } 
   nonlocal_energyvar { 2.73016008484615   } 
   autocorr_energy { } 
} 

block { 
   label vmc
   totweight 87040
   nautocorr 0
   total_energy { -5.239810071484627   } 
   total_energyvar { 0.3695710956450357   } 
   weight { 1   } 
   weightvar { 1.776356839400247e-15   } 
   kinetic_energy { 1.851262013655909   } 
   kinetic_energyvar { 2.13716535263043   } 
   potential_energy { -7.260398593719757   } 
   potential_energyvar { 1.591745548031563   } 
   nonlocal_energy { 0.1693265085792215   } 
   nonlocal_energyvar { 2.599467751109671   } 
   autocorr_energy { } 
} 

block { 
   label vmc
   totweight 87040
   nautocorr 0
   total_energy { -5.240024010503459   } 
   total_energyvar { 0.3633673421817052   } 
   weight { 1   } 
   weightvar { 1.776356839400247e-15   } 
   kinetic_energy { 1.829791610536036   } 
   kinetic_energyvar { 2.295085518283432   } 
   potential_energy { -7.25458195935981   } 
   potential_energyvar { 1.591247886146152   } 
   nonlocal_energy { 0.1847663383203134   } 
   nonlocal_energyvar { 2.794163860777458   } 
   autocorr_energy { } 
} 

block { 
   label vmc
   totweight 87040
   nautocorr 0
   total_energy { -5.243965927969399   } 
   total_energyvar { 0.3412653917007366   } 
   weight { 1   } 
   weightvar { 1.776356839400247e-15   } 
   kinetic_energy { 1.834749384018841   } 
   kinetic_energyvar { 2.137748503057839   } 
   potential_energy { -7.259286239312868   } 
   potential_energyvar { 1.562840860706281   } 
   nonlocal_energy { 0.1805709273246263   } 
   nonlocal_energyvar { 2.615892126757   } 
   autocorr_energy { } 
} 

block { 
   label vmc
   totweight 87040
   nautocorr 0
   total_energy { -5.239879882624941   } 
   total_energyvar { 0.4004967490661892   } 
   weight { 1   } 
   weightvar { 1.776356839400247e-15   } 
   kinetic_energy { 1.834271225219626   } 
   kinetic_energyvar { 2.422320368690123   } 
   potential_energy { -7.26421695791576   } 
   potential_energyvar { 1.622184754119583   } 
   nonlocal_energy { 0.1900658500711925   } 
   nonlocal_energyvar { 2.877873603784811   } 
   autocorr_energy { } 
} 

block { 
   label vmc
   totweight 87040
   nautocorr 0
   total_energy { -5.239031778089873   } 
   total_energyvar { 0.3816649467645908   } 
   weight { 1   } 
   weightvar { 1.776356839400247e-15   } 
   kinetic_energy { 1.829031306122856   } 
   kinetic_energyvar { 2.189706121201734   } 
   potential_energy { -7.255971041778845   } 
   potential_energyvar { 1.604442600133598   } 
   nonlocal_energy { 0.1879079575661154   } 
   nonlocal_energyvar { 2.806267025008066   } 
   autocorr_energy { } 
} 

