#-------------------------------------------------
#VMC run: timestep 0.35 nconfig 10 steps 30
#-------------------------------------------------


#-------------------------------------------------
#VMC run: timestep 0.35 nconfig 10 steps 30
#-------------------------------------------------


#-------------------------------------------------
#VMC run: timestep 0.35 nconfig 10 steps 30
#-------------------------------------------------


#-------------------------------------------------
#VMC run: timestep 0.35 nconfig 10 steps 30
#-------------------------------------------------


init { 
   label vmc
}
init { 
   label vmc
}
init { 
   label vmc
}
init { 
   label vmc
}
block { 
   label vmc
   totweight 300
   nautocorr 0
   total_energy { -135.4129441214714   } 
   total_energyvar { 9.922671887125034   } 
   weight { 1   } 
   weightvar { 0   } 
   kinetic_energy { 44.86735849127803   } 
   kinetic_energyvar { 129.709177414748   } 
   potential_energy { -197.6009471108467   } 
   potential_energyvar { 374.7684618125859   } 
   nonlocal_energy { 17.3206444980973   } 
   nonlocal_energyvar { 313.5527423951148   } 
   autocorr_energy { } 
} 

block { 
   label vmc
   totweight 300
   nautocorr 0
   total_energy { -135.1271469310611   } 
   total_energyvar { 10.74923010959537   } 
   weight { 1   } 
   weightvar { 0   } 
   kinetic_energy { 44.15578366911463   } 
   kinetic_energyvar { 203.244260446992   } 
   potential_energy { -199.7234451197893   } 
   potential_energyvar { 374.9028709293343   } 
   nonlocal_energy { 20.4405145196136   } 
   nonlocal_energyvar { 488.8917974349825   } 
   autocorr_energy { } 
} 

block { 
   label vmc
   totweight 300
   nautocorr 0
   total_energy { -134.5831732216474   } 
   total_energyvar { 14.56168035989685   } 
   weight { 1   } 
   weightvar { 0   } 
   kinetic_energy { 45.07584634465633   } 
   kinetic_energyvar { 155.0441540182771   } 
   potential_energy { -197.533787966122   } 
   potential_energyvar { 314.4208648248605   } 
   nonlocal_energy { 17.87476839981826   } 
   nonlocal_energyvar { 267.2955743916156   } 
   autocorr_energy { } 
} 

block { 
   label vmc
   totweight 300
   nautocorr 0
   total_energy { -135.0027040344764   } 
   total_energyvar { 12.9777782651945   } 
   weight { 1   } 
   weightvar { 0   } 
   kinetic_energy { 46.41735013230142   } 
   kinetic_energyvar { 168.7727707025806   } 
   potential_energy { -197.9464826547653   } 
   potential_energyvar { 285.8634277172459   } 
   nonlocal_energy { 16.52642848798753   } 
   nonlocal_energyvar { 271.6654266808771   } 
   autocorr_energy { } 
} 

block { 
   label vmc
   totweight 300
   nautocorr 0
   total_energy { -134.8761211506245   } 
   total_energyvar { 9.929993466517772   } 
   weight { 1   } 
   weightvar { 0   } 
   kinetic_energy { 43.9376688585953   } 
   kinetic_energyvar { 159.833827288563   } 
   potential_energy { -198.3979127224173   } 
   potential_energyvar { 359.649437453234   } 
   nonlocal_energy { 19.58412271319742   } 
   nonlocal_energyvar { 330.2022912641909   } 
   autocorr_energy { } 
} 

block { 
   label vmc
   totweight 300
   nautocorr 0
   total_energy { -135.1543079272085   } 
   total_energyvar { 8.684101339193148   } 
   weight { 1   } 
   weightvar { 0   } 
   kinetic_energy { 44.60690981322914   } 
   kinetic_energyvar { 131.8279683046987   } 
   potential_energy { -194.2968465841236   } 
   potential_energyvar { 275.6748759558031   } 
   nonlocal_energy { 14.53562884368599   } 
   nonlocal_energyvar { 238.4682817795592   } 
   autocorr_energy { } 
} 

block { 
   label vmc
   totweight 300
   nautocorr 0
   total_energy { -134.7927313159455   } 
   total_energyvar { 12.84870667138966   } 
   weight { 1   } 
   weightvar { 0   } 
   kinetic_energy { 46.08883934617806   } 
   kinetic_energyvar { 166.3077054269479   } 
   potential_energy { -199.1864915208538   } 
   potential_energyvar { 344.4339412554327   } 
   nonlocal_energy { 18.30492085873022   } 
   nonlocal_energyvar { 317.8271341879602   } 
   autocorr_energy { } 
} 

block { 
   label vmc
   totweight 300
   nautocorr 0
   total_energy { -134.9892502467822   } 
   total_energyvar { 14.48322165338323   } 
   weight { 1   } 
   weightvar { 0   } 
   kinetic_energy { 48.12558547838243   } 
   kinetic_energyvar { 118.5795520801289   } 
   potential_energy { -200.3352325161889   } 
   potential_energyvar { 297.9145178395556   } 
   nonlocal_energy { 17.22039679102431   } 
   nonlocal_energyvar { 212.1810032150923   } 
   autocorr_energy { } 
} 

block { 
   label vmc
   totweight 300
   nautocorr 0
   total_energy { -134.5027877224657   } 
   total_energyvar { 21.91187259154322   } 
   weight { 1   } 
   weightvar { 0   } 
   kinetic_energy { 48.40695553167962   } 
   kinetic_energyvar { 129.1228532571085   } 
   potential_energy { -201.2143244480177   } 
   potential_energyvar { 293.988356213209   } 
   nonlocal_energy { 18.30458119387242   } 
   nonlocal_energyvar { 275.0865049870301   } 
   autocorr_energy { } 
} 

block { 
   label vmc
   totweight 300
   nautocorr 0
   total_energy { -135.4040920857268   } 
   total_energyvar { 10.72534747282771   } 
   weight { 1   } 
   weightvar { 0   } 
   kinetic_energy { 47.84658721174367   } 
   kinetic_energyvar { 129.3213078729173   } 
   potential_energy { -199.8215446122381   } 
   potential_energyvar { 304.8261143883501   } 
   nonlocal_energy { 16.5708653147676   } 
   nonlocal_energyvar { 190.93469611503   } 
   autocorr_energy { } 
} 

block { 
   label vmc
   totweight 300
   nautocorr 0
   total_energy { -134.8062314061659   } 
   total_energyvar { 11.62630758667001   } 
   weight { 1   } 
   weightvar { 0   } 
   kinetic_energy { 46.44869970308663   } 
   kinetic_energyvar { 152.446344605004   } 
   potential_energy { -201.6337287677649   } 
   potential_energyvar { 321.2422327189415   } 
   nonlocal_energy { 20.37879765851234   } 
   nonlocal_energyvar { 308.8863110776308   } 
   autocorr_energy { } 
} 

block { 
   label vmc
   totweight 300
   nautocorr 0
   total_energy { -135.0762577434005   } 
   total_energyvar { 9.410673738675541   } 
   weight { 1   } 
   weightvar { 0   } 
   kinetic_energy { 44.88227564728614   } 
   kinetic_energyvar { 121.4190220190508   } 
   potential_energy { -197.0759414565618   } 
   potential_energyvar { 301.6292816412169   } 
   nonlocal_energy { 17.1174080658751   } 
   nonlocal_energyvar { 336.7929653296069   } 
   autocorr_energy { } 
} 

block { 
   label vmc
   totweight 300
   nautocorr 0
   total_energy { -135.0432430912694   } 
   total_energyvar { 9.975847547262674   } 
   weight { 1   } 
   weightvar { 0   } 
   kinetic_energy { 44.52316772346752   } 
   kinetic_energyvar { 168.4822836660589   } 
   potential_energy { -195.4469369080132   } 
   potential_energyvar { 317.613924885125   } 
   nonlocal_energy { 15.88052609327637   } 
   nonlocal_energyvar { 316.1354144888557   } 
   autocorr_energy { } 
} 

block { 
   label vmc
   totweight 300
   nautocorr 0
   total_energy { -135.3840345525769   } 
   total_energyvar { 8.754189585732092   } 
   weight { 1   } 
   weightvar { 0   } 
   kinetic_energy { 44.87186253326767   } 
   kinetic_energyvar { 157.0304355567757   } 
   potential_energy { -197.5453398004383   } 
   potential_energyvar { 279.0493656667022   } 
   nonlocal_energy { 17.28944271459369   } 
   nonlocal_energyvar { 261.9308157860697   } 
   autocorr_energy { } 
} 

block { 
   label vmc
   totweight 300
   nautocorr 0
   total_energy { -135.2817448620629   } 
   total_energyvar { 10.52830561745941   } 
   weight { 1   } 
   weightvar { 0   } 
   kinetic_energy { 45.853244960115   } 
   kinetic_energyvar { 178.7451549101947   } 
   potential_energy { -198.6184093447197   } 
   potential_energyvar { 304.4074131663001   } 
   nonlocal_energy { 17.48341952254175   } 
   nonlocal_energyvar { 258.5161731596852   } 
   autocorr_energy { } 
} 

block { 
   label vmc
   totweight 300
   nautocorr 0
   total_energy { -135.0575147681958   } 
   total_energyvar { 12.32045780729095   } 
   weight { 1   } 
   weightvar { 0   } 
   kinetic_energy { 47.47418849115204   } 
   kinetic_energyvar { 141.2527145401054   } 
   potential_energy { -202.5030531685563   } 
   potential_energyvar { 396.8035751321368   } 
   nonlocal_energy { 19.97134990920846   } 
   nonlocal_energyvar { 267.3211800804736   } 
   autocorr_energy { } 
} 

block { 
   label vmc
   totweight 300
   nautocorr 0
   total_energy { -135.1580100757229   } 
   total_energyvar { 10.20892376829579   } 
   weight { 1   } 
   weightvar { 0   } 
   kinetic_energy { 45.80317896921441   } 
   kinetic_energyvar { 171.6840410414479   } 
   potential_energy { -197.9901404682524   } 
   potential_energyvar { 343.4338587171005   } 
   nonlocal_energy { 17.02895142331506   } 
   nonlocal_energyvar { 337.4916734995595   } 
   autocorr_energy { } 
} 

block { 
   label vmc
   totweight 300
   nautocorr 0
   total_energy { -134.7623478461041   } 
   total_energyvar { 14.65512639922963   } 
   weight { 1   } 
   weightvar { 0   } 
   kinetic_energy { 45.06497038636956   } 
   kinetic_energyvar { 108.4515403513756   } 
   potential_energy { -196.8238448361999   } 
   potential_energyvar { 283.0361195057485   } 
   nonlocal_energy { 16.99652660372629   } 
   nonlocal_energyvar { 215.011551825377   } 
   autocorr_energy { } 
} 

block { 
   label vmc
   totweight 300
   nautocorr 0
   total_energy { -135.1116563441915   } 
   total_energyvar { 16.61591101780868   } 
   weight { 1   } 
   weightvar { 0   } 
   kinetic_energy { 45.24232840905806   } 
   kinetic_energyvar { 121.0032516419105   } 
   potential_energy { -198.9192684200657   } 
   potential_energyvar { 282.1978135169629   } 
   nonlocal_energy { 18.56528366681614   } 
   nonlocal_energyvar { 239.9625929660432   } 
   autocorr_energy { } 
} 

block { 
   label vmc
   totweight 300
   nautocorr 0
   total_energy { -135.4312566646573   } 
   total_energyvar { 13.39077672178246   } 
   weight { 1   } 
   weightvar { 0   } 
   kinetic_energy { 46.32180330929945   } 
   kinetic_energyvar { 108.6354085704033   } 
   potential_energy { -199.5580758016515   } 
   potential_energyvar { 340.312195654762   } 
   nonlocal_energy { 17.8050158276948   } 
   nonlocal_energyvar { 301.4229683490489   } 
   autocorr_energy { } 
} 

block { 
   label vmc
   totweight 300
   nautocorr 0
   total_energy { -134.9957568932446   } 
   total_energyvar { 10.13202157982232   } 
   weight { 1   } 
   weightvar { 0   } 
   kinetic_energy { 45.02380330433343   } 
   kinetic_energyvar { 155.2134135311308   } 
   potential_energy { -197.9161506376355   } 
   potential_energyvar { 318.803106769119   } 
   nonlocal_energy { 17.89659044005752   } 
   nonlocal_energyvar { 343.1407222591205   } 
   autocorr_energy { } 
} 

block { 
   label vmc
   totweight 300
   nautocorr 0
   total_energy { -134.9827123269222   } 
   total_energyvar { 13.91721700890048   } 
   weight { 1   } 
   weightvar { 0   } 
   kinetic_energy { 46.8246496611768   } 
   kinetic_energyvar { 165.9199072642868   } 
   potential_energy { -200.2742687437251   } 
   potential_energyvar { 317.6781729404829   } 
   nonlocal_energy { 18.4669067556261   } 
   nonlocal_energyvar { 327.4508338146201   } 
   autocorr_energy { } 
} 

block { 
   label vmc
   totweight 300
   nautocorr 0
   total_energy { -135.1044373863403   } 
   total_energyvar { 11.36265796356747   } 
   weight { 1   } 
   weightvar { 0   } 
   kinetic_energy { 49.42886718195201   } 
   kinetic_energyvar { 229.9267566211497   } 
   potential_energy { -202.1060109867454   } 
   potential_energyvar { 308.9467124207586   } 
   nonlocal_energy { 17.57270641845307   } 
   nonlocal_energyvar { 331.0055285010143   } 
   autocorr_energy { } 
} 

block { 
   label vmc
   totweight 300
   nautocorr 0
   total_energy { -135.2846062250325   } 
   total_energyvar { 11.44209798485826   } 
   weight { 1   } 
   weightvar { 0   } 
   kinetic_energy { 47.27801366189446   } 
   kinetic_energyvar { 129.3062333937892   } 
   potential_energy { -199.5516703133669   } 
   potential_energyvar { 306.8634505741793   } 
   nonlocal_energy { 16.98905042643997   } 
   nonlocal_energyvar { 286.2091113485115   } 
   autocorr_energy { } 
} 

block { 
   label vmc
   totweight 300
   nautocorr 0
   total_energy { -135.1970604671037   } 
   total_energyvar { 9.520908378795866   } 
   weight { 1   } 
   weightvar { 0   } 
   kinetic_energy { 47.25340822352958   } 
   kinetic_energyvar { 126.0987221351597   } 
   potential_energy { -197.8873950194375   } 
   potential_energyvar { 278.3848973689383   } 
   nonlocal_energy { 15.43692632880425   } 
   nonlocal_energyvar { 249.4341179863437   } 
   autocorr_energy { } 
} 

block { 
   label vmc
   totweight 300
   nautocorr 0
   total_energy { -135.0441249991527   } 
   total_energyvar { 15.89069783924788   } 
   weight { 1   } 
   weightvar { 0   } 
   kinetic_energy { 45.74017114177862   } 
   kinetic_energyvar { 146.5207473787018   } 
   potential_energy { -197.1342636467198   } 
   potential_energyvar { 270.7444305436657   } 
   nonlocal_energy { 16.34996750578846   } 
   nonlocal_energyvar { 229.0987941586861   } 
   autocorr_energy { } 
} 

block { 
   label vmc
   totweight 300
   nautocorr 0
   total_energy { -135.1421783602254   } 
   total_energyvar { 8.681499887592508   } 
   weight { 1   } 
   weightvar { 0   } 
   kinetic_energy { 44.6571379097276   } 
   kinetic_energyvar { 185.3133067242693   } 
   potential_energy { -200.7888533886081   } 
   potential_energyvar { 345.4280571429917   } 
   nonlocal_energy { 20.98953711865509   } 
   nonlocal_energyvar { 397.4045647640347   } 
   autocorr_energy { } 
} 

block { 
   label vmc
   totweight 300
   nautocorr 0
   total_energy { -134.9096321880138   } 
   total_energyvar { 13.33357050221821   } 
   weight { 1   } 
   weightvar { 0   } 
   kinetic_energy { 47.3541581834829   } 
   kinetic_energyvar { 157.4297734396655   } 
   potential_energy { -200.5170653545203   } 
   potential_energyvar { 314.0447428141779   } 
   nonlocal_energy { 18.25327498302358   } 
   nonlocal_energyvar { 215.0770101468553   } 
   autocorr_energy { } 
} 

block { 
   label vmc
   totweight 300
   nautocorr 0
   total_energy { -135.3520573254187   } 
   total_energyvar { 11.13104187275167   } 
   weight { 1   } 
   weightvar { 0   } 
   kinetic_energy { 46.7238439845743   } 
   kinetic_energyvar { 119.4512528620294   } 
   potential_energy { -197.4407376128937   } 
   potential_energyvar { 294.5964255481449   } 
   nonlocal_energy { 15.36483630290068   } 
   nonlocal_energyvar { 166.2590908993529   } 
   autocorr_energy { } 
} 

block { 
   label vmc
   totweight 300
   nautocorr 0
   total_energy { -135.0470458831294   } 
   total_energyvar { 15.1343928290953   } 
   weight { 1   } 
   weightvar { 0   } 
   kinetic_energy { 47.43163001393599   } 
   kinetic_energyvar { 139.1086590085033   } 
   potential_energy { -199.518371516449   } 
   potential_energyvar { 316.9629441094949   } 
   nonlocal_energy { 17.03969561938358   } 
   nonlocal_energyvar { 258.2850298119261   } 
   autocorr_energy { } 
} 

block { 
   label vmc
   totweight 300
   nautocorr 0
   total_energy { -135.0142194087259   } 
   total_energyvar { 10.20287926336823   } 
   weight { 1   } 
   weightvar { 0   } 
   kinetic_energy { 47.03701964719683   } 
   kinetic_energyvar { 129.916946912253   } 
   potential_energy { -200.7389185252375   } 
   potential_energyvar { 301.6409383942009   } 
   nonlocal_energy { 18.68767946931477   } 
   nonlocal_energyvar { 275.1371991196805   } 
   autocorr_energy { } 
} 

block { 
   label vmc
   totweight 300
   nautocorr 0
   total_energy { -135.0236394724368   } 
   total_energyvar { 13.16226193347029   } 
   weight { 1   } 
   weightvar { 0   } 
   kinetic_energy { 46.09763254677055   } 
   kinetic_energyvar { 161.4109624645662   } 
   potential_energy { -197.2870369100802   } 
   potential_energyvar { 247.6942216204334   } 
   nonlocal_energy { 16.16576489087285   } 
   nonlocal_energyvar { 264.1350130513732   } 
   autocorr_energy { } 
} 

block { 
   label vmc
   totweight 300
   nautocorr 0
   total_energy { -135.0565981158451   } 
   total_energyvar { 11.10499705362236   } 
   weight { 1   } 
   weightvar { 0   } 
   kinetic_energy { 44.84803574998061   } 
   kinetic_energyvar { 171.2708461723462   } 
   potential_energy { -197.9505505125749   } 
   potential_energyvar { 402.7126593322828   } 
   nonlocal_energy { 18.04591664674921   } 
   nonlocal_energyvar { 297.6703796193908   } 
   autocorr_energy { } 
} 

block { 
   label vmc
   totweight 300
   nautocorr 0
   total_energy { -135.026432147601   } 
   total_energyvar { 11.3273278311608   } 
   weight { 1   } 
   weightvar { 0   } 
   kinetic_energy { 48.49878243429525   } 
   kinetic_energyvar { 187.7635628118683   } 
   potential_energy { -200.1748102825795   } 
   potential_energyvar { 323.8118651365949   } 
   nonlocal_energy { 16.64959570068325   } 
   nonlocal_energyvar { 325.9029119363339   } 
   autocorr_energy { } 
} 

block { 
   label vmc
   totweight 300
   nautocorr 0
   total_energy { -135.2244362462802   } 
   total_energyvar { 11.9799194722109   } 
   weight { 1   } 
   weightvar { 0   } 
   kinetic_energy { 46.81707187952585   } 
   kinetic_energyvar { 129.0993289493435   } 
   potential_energy { -198.9752171270252   } 
   potential_energyvar { 307.2435919963027   } 
   nonlocal_energy { 16.93370900121913   } 
   nonlocal_energyvar { 229.2442995319861   } 
   autocorr_energy { } 
} 

block { 
   label vmc
   totweight 300
   nautocorr 0
   total_energy { -134.5616848592707   } 
   total_energyvar { 13.16290845919866   } 
   weight { 1   } 
   weightvar { 0   } 
   kinetic_energy { 45.70206716087485   } 
   kinetic_energyvar { 191.3114762033765   } 
   potential_energy { -199.0761431120208   } 
   potential_energyvar { 333.7779691241303   } 
   nonlocal_energy { 18.81239109187526   } 
   nonlocal_energyvar { 343.6694902962624   } 
   autocorr_energy { } 
} 

block { 
   label vmc
   totweight 300
   nautocorr 0
   total_energy { -135.3335957124441   } 
   total_energyvar { 8.822354719635769   } 
   weight { 1   } 
   weightvar { 0   } 
   kinetic_energy { 46.49072428353283   } 
   kinetic_energyvar { 114.2265123699895   } 
   potential_energy { -198.7097683996448   } 
   potential_energyvar { 307.0943804882918   } 
   nonlocal_energy { 16.88544840366786   } 
   nonlocal_energyvar { 259.461505191141   } 
   autocorr_energy { } 
} 

block { 
   label vmc
   totweight 300
   nautocorr 0
   total_energy { -135.0521179853079   } 
   total_energyvar { 11.39507987753677   } 
   weight { 1   } 
   weightvar { 0   } 
   kinetic_energy { 43.95441011420891   } 
   kinetic_energyvar { 163.7148735748156   } 
   potential_energy { -194.6217100622243   } 
   potential_energyvar { 334.3160590173356   } 
   nonlocal_energy { 15.61518196270748   } 
   nonlocal_energyvar { 322.0146683523354   } 
   autocorr_energy { } 
} 

block { 
   label vmc
   totweight 300
   nautocorr 0
   total_energy { -135.2148912551676   } 
   total_energyvar { 10.26013369211432   } 
   weight { 1   } 
   weightvar { 0   } 
   kinetic_energy { 47.35916259052643   } 
   kinetic_energyvar { 150.9491293413544   } 
   potential_energy { -200.793034470363   } 
   potential_energyvar { 328.6558549291221   } 
   nonlocal_energy { 18.21898062466898   } 
   nonlocal_energyvar { 294.0457287302718   } 
   autocorr_energy { } 
} 

block { 
   label vmc
   totweight 300
   nautocorr 0
   total_energy { -135.181097758609   } 
   total_energyvar { 11.57086130828975   } 
   weight { 1   } 
   weightvar { 0   } 
   kinetic_energy { 46.85256837145906   } 
   kinetic_energyvar { 96.75203820645947   } 
   potential_energy { -198.0019672948331   } 
   potential_energyvar { 250.4507099501352   } 
   nonlocal_energy { 15.96830116476497   } 
   nonlocal_energyvar { 177.2000693891217   } 
   autocorr_energy { } 
} 

block { 
   label vmc
   totweight 300
   nautocorr 0
   total_energy { -135.3943406696602   } 
   total_energyvar { 8.612914816327248   } 
   weight { 1   } 
   weightvar { 0   } 
   kinetic_energy { 44.78978703237591   } 
   kinetic_energyvar { 151.3517865816771   } 
   potential_energy { -198.0051365828806   } 
   potential_energyvar { 313.2704518962055   } 
   nonlocal_energy { 17.8210088808445   } 
   nonlocal_energyvar { 297.0746964732518   } 
   autocorr_energy { } 
} 

block { 
   label vmc
   totweight 300
   nautocorr 0
   total_energy { -134.9223959208528   } 
   total_energyvar { 11.13749597460264   } 
   weight { 1   } 
   weightvar { 0   } 
   kinetic_energy { 46.7167697618456   } 
   kinetic_energyvar { 127.8776471910155   } 
   potential_energy { -199.1415843211076   } 
   potential_energyvar { 298.4293829034432   } 
   nonlocal_energy { 17.5024186384092   } 
   nonlocal_energyvar { 209.3181508788495   } 
   autocorr_energy { } 
} 

block { 
   label vmc
   totweight 300
   nautocorr 0
   total_energy { -134.927179714685   } 
   total_energyvar { 13.34345095376193   } 
   weight { 1   } 
   weightvar { 0   } 
   kinetic_energy { 47.63289928430073   } 
   kinetic_energyvar { 159.6214821804415   } 
   potential_energy { -197.9376956766343   } 
   potential_energyvar { 289.4900703501698   } 
   nonlocal_energy { 15.37761667764862   } 
   nonlocal_energyvar { 217.6298832410664   } 
   autocorr_energy { } 
} 

block { 
   label vmc
   totweight 300
   nautocorr 0
   total_energy { -134.8857335778704   } 
   total_energyvar { 11.70068052632632   } 
   weight { 1   } 
   weightvar { 0   } 
   kinetic_energy { 48.69926478998639   } 
   kinetic_energyvar { 137.5061867934237   } 
   potential_energy { -201.3386785986963   } 
   potential_energyvar { 293.9865346497827   } 
   nonlocal_energy { 17.75368023083951   } 
   nonlocal_energyvar { 225.7766400061339   } 
   autocorr_energy { } 
} 

block { 
   label vmc
   totweight 300
   nautocorr 0
   total_energy { -135.1393807390551   } 
   total_energyvar { 9.645687290023488   } 
   weight { 1   } 
   weightvar { 0   } 
   kinetic_energy { 46.93227336889454   } 
   kinetic_energyvar { 98.04255507311336   } 
   potential_energy { -199.5356590692321   } 
   potential_energyvar { 317.695629854039   } 
   nonlocal_energy { 17.46400496128243   } 
   nonlocal_energyvar { 211.470173519089   } 
   autocorr_energy { } 
} 

block { 
   label vmc
   totweight 300
   nautocorr 0
   total_energy { -134.6555890225539   } 
   total_energyvar { 12.83995652425438   } 
   weight { 1   } 
   weightvar { 0   } 
   kinetic_energy { 44.94168090161162   } 
   kinetic_energyvar { 122.5107123504722   } 
   potential_energy { -195.0124216817548   } 
   potential_energyvar { 325.3081852836331   } 
   nonlocal_energy { 15.41515175758936   } 
   nonlocal_energyvar { 215.9646788606101   } 
   autocorr_energy { } 
} 

block { 
   label vmc
   totweight 300
   nautocorr 0
   total_energy { -135.2767262346445   } 
   total_energyvar { 9.401502747488848   } 
   weight { 1   } 
   weightvar { 0   } 
   kinetic_energy { 47.01541228587151   } 
   kinetic_energyvar { 106.4041415682555   } 
   potential_energy { -198.4663228700283   } 
   potential_energyvar { 333.6181333895511   } 
   nonlocal_energy { 16.17418434951223   } 
   nonlocal_energyvar { 181.2958580683934   } 
   autocorr_energy { } 
} 

block { 
   label vmc
   totweight 300
   nautocorr 0
   total_energy { -134.7169627870099   } 
   total_energyvar { 12.7549913455041   } 
   weight { 1   } 
   weightvar { 0   } 
   kinetic_energy { 46.93489586916321   } 
   kinetic_energyvar { 139.2270776718469   } 
   potential_energy { -199.2986242438733   } 
   potential_energyvar { 328.6839474210938   } 
   nonlocal_energy { 17.64676558770027   } 
   nonlocal_energyvar { 240.8157405131704   } 
   autocorr_energy { } 
} 

block { 
   label vmc
   totweight 300
   nautocorr 0
   total_energy { -134.726945452788   } 
   total_energyvar { 12.24226129328599   } 
   weight { 1   } 
   weightvar { 0   } 
   kinetic_energy { 46.82866292390928   } 
   kinetic_energyvar { 188.022691574798   } 
   potential_energy { -203.0700002765081   } 
   potential_energyvar { 322.2043696433248   } 
   nonlocal_energy { 21.5143918998108   } 
   nonlocal_energyvar { 420.596899392896   } 
   autocorr_energy { } 
} 

block { 
   label vmc
   totweight 300
   nautocorr 0
   total_energy { -134.846839287177   } 
   total_energyvar { 9.151283999486623   } 
   weight { 1   } 
   weightvar { 0   } 
   kinetic_energy { 44.37870310076991   } 
   kinetic_energyvar { 110.3279291567542   } 
   potential_energy { -193.8851803046009   } 
   potential_energyvar { 297.6298478693134   } 
   nonlocal_energy { 14.65963791665396   } 
   nonlocal_energyvar { 182.1757762369794   } 
   autocorr_energy { } 
} 

block { 
   label vmc
   totweight 300
   nautocorr 0
   total_energy { -135.2053931494706   } 
   total_energyvar { 11.20651158854889   } 
   weight { 1   } 
   weightvar { 0   } 
   kinetic_energy { 45.42552615067284   } 
   kinetic_energyvar { 140.6378560515332   } 
   potential_energy { -197.3292627516243   } 
   potential_energyvar { 312.3326996963442   } 
   nonlocal_energy { 16.69834345148088   } 
   nonlocal_energyvar { 192.7772882760957   } 
   autocorr_energy { } 
} 

block { 
   label vmc
   totweight 300
   nautocorr 0
   total_energy { -135.4087835942125   } 
   total_energyvar { 8.244402774846094   } 
   weight { 1   } 
   weightvar { 0   } 
   kinetic_energy { 46.5459570946723   } 
   kinetic_energyvar { 102.2270662009264   } 
   potential_energy { -196.4139873749498   } 
   potential_energyvar { 271.3028119421142   } 
   nonlocal_energy { 14.45924668606508   } 
   nonlocal_energyvar { 146.5863365246559   } 
   autocorr_energy { } 
} 

block { 
   label vmc
   totweight 300
   nautocorr 0
   total_energy { -135.0503578378625   } 
   total_energyvar { 9.846408709632669   } 
   weight { 1   } 
   weightvar { 0   } 
   kinetic_energy { 46.38623033604546   } 
   kinetic_energyvar { 217.4031552164352   } 
   potential_energy { -199.3823173363122   } 
   potential_energyvar { 325.7424663714264   } 
   nonlocal_energy { 17.94572916240423   } 
   nonlocal_energyvar { 388.5379699768932   } 
   autocorr_energy { } 
} 

block { 
   label vmc
   totweight 300
   nautocorr 0
   total_energy { -135.2790795010506   } 
   total_energyvar { 10.38720599645967   } 
   weight { 1   } 
   weightvar { 0   } 
   kinetic_energy { 47.29139074841126   } 
   kinetic_energyvar { 138.7076964071721   } 
   potential_energy { -198.4940382012252   } 
   potential_energyvar { 294.2835343921324   } 
   nonlocal_energy { 15.92356795176329   } 
   nonlocal_energyvar { 220.0714676181309   } 
   autocorr_energy { } 
} 

block { 
   label vmc
   totweight 300
   nautocorr 0
   total_energy { -135.1928621645015   } 
   total_energyvar { 9.958671828808292   } 
   weight { 1   } 
   weightvar { 0   } 
   kinetic_energy { 48.22931622747966   } 
   kinetic_energyvar { 129.615741040695   } 
   potential_energy { -201.2324215482227   } 
   potential_energyvar { 292.9125079586229   } 
   nonlocal_energy { 17.81024315624155   } 
   nonlocal_energyvar { 249.6113642479916   } 
   autocorr_energy { } 
} 

block { 
   label vmc
   totweight 300
   nautocorr 0
   total_energy { -135.2879524797116   } 
   total_energyvar { 12.20909525542811   } 
   weight { 1   } 
   weightvar { 0   } 
   kinetic_energy { 46.97635897039591   } 
   kinetic_energyvar { 116.0912150519475   } 
   potential_energy { -199.5014309709665   } 
   potential_energyvar { 319.2073402605529   } 
   nonlocal_energy { 17.23711952085894   } 
   nonlocal_energyvar { 246.7368544672181   } 
   autocorr_energy { } 
} 

block { 
   label vmc
   totweight 300
   nautocorr 0
   total_energy { -135.3799647864048   } 
   total_energyvar { 12.35643407620955   } 
   weight { 1   } 
   weightvar { 0   } 
   kinetic_energy { 46.99916546287752   } 
   kinetic_energyvar { 116.2007210976121   } 
   potential_energy { -199.2829766624303   } 
   potential_energyvar { 267.7681793493975   } 
   nonlocal_energy { 16.90384641314799   } 
   nonlocal_energyvar { 247.2720483020528   } 
   autocorr_energy { } 
} 

block { 
   label vmc
   totweight 300
   nautocorr 0
   total_energy { -134.9989634753133   } 
   total_energyvar { 17.56830284793978   } 
   weight { 1   } 
   weightvar { 0   } 
   kinetic_energy { 45.79337879320423   } 
   kinetic_energyvar { 179.562979451483   } 
   potential_energy { -201.0321233128236   } 
   potential_energyvar { 305.7161010647033   } 
   nonlocal_energy { 20.23978104430602   } 
   nonlocal_energyvar { 379.2170624684466   } 
   autocorr_energy { } 
} 

block { 
   label vmc
   totweight 300
   nautocorr 0
   total_energy { -134.936167698071   } 
   total_energyvar { 9.433818808720389   } 
   weight { 1   } 
   weightvar { 0   } 
   kinetic_energy { 45.86011766795256   } 
   kinetic_energyvar { 117.0775037362478   } 
   potential_energy { -197.7973944993872   } 
   potential_energyvar { 328.3659754221517   } 
   nonlocal_energy { 17.0011091333637   } 
   nonlocal_energyvar { 260.1047445393177   } 
   autocorr_energy { } 
} 

block { 
   label vmc
   totweight 300
   nautocorr 0
   total_energy { -135.3384969276438   } 
   total_energyvar { 10.22057896547267   } 
   weight { 1   } 
   weightvar { 0   } 
   kinetic_energy { 46.72298748422143   } 
   kinetic_energyvar { 130.308515027823   } 
   potential_energy { -199.4121984332847   } 
   potential_energyvar { 290.4912475817109   } 
   nonlocal_energy { 17.35071402141943   } 
   nonlocal_energyvar { 232.016710875713   } 
   autocorr_energy { } 
} 

block { 
   label vmc
   totweight 300
   nautocorr 0
   total_energy { -135.0089340522689   } 
   total_energyvar { 12.30916547897141   } 
   weight { 1   } 
   weightvar { 0   } 
   kinetic_energy { 46.77978172856348   } 
   kinetic_energyvar { 163.6630954354573   } 
   potential_energy { -198.578412883756   } 
   potential_energyvar { 320.551537657062   } 
   nonlocal_energy { 16.78969710292368   } 
   nonlocal_energyvar { 281.8425531279836   } 
   autocorr_energy { } 
} 

block { 
   label vmc
   totweight 300
   nautocorr 0
   total_energy { -134.8053843326167   } 
   total_energyvar { 11.4598189323915   } 
   weight { 1   } 
   weightvar { 0   } 
   kinetic_energy { 46.3287449551546   } 
   kinetic_energyvar { 167.5046332144025   } 
   potential_energy { -196.6513091332714   } 
   potential_energyvar { 301.2987977070516   } 
   nonlocal_energy { 15.51717984550014   } 
   nonlocal_energyvar { 348.3778451691738   } 
   autocorr_energy { } 
} 

block { 
   label vmc
   totweight 300
   nautocorr 0
   total_energy { -135.0794444016304   } 
   total_energyvar { 9.679282953467919   } 
   weight { 1   } 
   weightvar { 0   } 
   kinetic_energy { 47.34429211385427   } 
   kinetic_energyvar { 189.4099975292183   } 
   potential_energy { -202.9677168651131   } 
   potential_energyvar { 315.3761261225445   } 
   nonlocal_energy { 20.54398034962846   } 
   nonlocal_energyvar { 394.4202284768816   } 
   autocorr_energy { } 
} 

block { 
   label vmc
   totweight 300
   nautocorr 0
   total_energy { -135.1124471939445   } 
   total_energyvar { 10.21503383609524   } 
   weight { 1   } 
   weightvar { 0   } 
   kinetic_energy { 45.91250751941543   } 
   kinetic_energyvar { 162.1251047555629   } 
   potential_energy { -198.2000102992463   } 
   potential_energyvar { 341.2512555200883   } 
   nonlocal_energy { 17.17505558588642   } 
   nonlocal_energyvar { 312.9652987555614   } 
   autocorr_energy { } 
} 

block { 
   label vmc
   totweight 300
   nautocorr 0
   total_energy { -134.2441961371916   } 
   total_energyvar { 16.35082200922989   } 
   weight { 1   } 
   weightvar { 0   } 
   kinetic_energy { 46.37723970602798   } 
   kinetic_energyvar { 174.1381976592634   } 
   potential_energy { -197.9843394182285   } 
   potential_energyvar { 352.3376997956802   } 
   nonlocal_energy { 17.36290357500889   } 
   nonlocal_energyvar { 322.0378006729412   } 
   autocorr_energy { } 
} 

block { 
   label vmc
   totweight 300
   nautocorr 0
   total_energy { -135.1324034958092   } 
   total_energyvar { 13.9465281633311   } 
   weight { 1   } 
   weightvar { 0   } 
   kinetic_energy { 46.21920869734415   } 
   kinetic_energyvar { 143.5245050541143   } 
   potential_energy { -198.1769456084996   } 
   potential_energyvar { 342.7804863414785   } 
   nonlocal_energy { 16.82533341534629   } 
   nonlocal_energyvar { 234.6119139271784   } 
   autocorr_energy { } 
} 

block { 
   label vmc
   totweight 300
   nautocorr 0
   total_energy { -134.721245254843   } 
   total_energyvar { 17.64246064197141   } 
   weight { 1   } 
   weightvar { 0   } 
   kinetic_energy { 45.08105024037376   } 
   kinetic_energyvar { 105.3394548914212   } 
   potential_energy { -198.7244883535189   } 
   potential_energyvar { 315.0740525188594   } 
   nonlocal_energy { 18.92219285830216   } 
   nonlocal_energyvar { 297.8716161682655   } 
   autocorr_energy { } 
} 

block { 
   label vmc
   totweight 300
   nautocorr 0
   total_energy { -134.8046431764934   } 
   total_energyvar { 15.2552073008228   } 
   weight { 1   } 
   weightvar { 0   } 
   kinetic_energy { 48.39037981040825   } 
   kinetic_energyvar { 100.2911770676897   } 
   potential_energy { -197.5643912091433   } 
   potential_energyvar { 251.637945878043   } 
   nonlocal_energy { 14.36936822224169   } 
   nonlocal_energyvar { 122.2819854412828   } 
   autocorr_energy { } 
} 

block { 
   label vmc
   totweight 300
   nautocorr 0
   total_energy { -134.8646423957642   } 
   total_energyvar { 11.08090273055132   } 
   weight { 1   } 
   weightvar { 0   } 
   kinetic_energy { 44.95911964956017   } 
   kinetic_energyvar { 127.7323168678627   } 
   potential_energy { -197.2734209948044   } 
   potential_energyvar { 323.0737550209378   } 
   nonlocal_energy { 17.44965894948005   } 
   nonlocal_energyvar { 244.9226056721775   } 
   autocorr_energy { } 
} 

block { 
   label vmc
   totweight 300
   nautocorr 0
   total_energy { -134.8071191939688   } 
   total_energyvar { 14.70589749864666   } 
   weight { 1   } 
   weightvar { 0   } 
   kinetic_energy { 46.7797260281109   } 
   kinetic_energyvar { 121.2902971862109   } 
   potential_energy { -198.0096886987014   } 
   potential_energyvar { 289.201851253405   } 
   nonlocal_energy { 16.42284347662165   } 
   nonlocal_energyvar { 180.8716582254936   } 
   autocorr_energy { } 
} 

block { 
   label vmc
   totweight 300
   nautocorr 0
   total_energy { -134.7646315197069   } 
   total_energyvar { 18.39573023215053   } 
   weight { 1   } 
   weightvar { 0   } 
   kinetic_energy { 46.39912535672494   } 
   kinetic_energyvar { 163.4192233487579   } 
   potential_energy { -199.7844737074896   } 
   potential_energyvar { 343.0707642721318   } 
   nonlocal_energy { 18.62071683105781   } 
   nonlocal_energyvar { 307.2626393437006   } 
   autocorr_energy { } 
} 

block { 
   label vmc
   totweight 300
   nautocorr 0
   total_energy { -135.3087205287891   } 
   total_energyvar { 9.803952535945427   } 
   weight { 1   } 
   weightvar { 0   } 
   kinetic_energy { 46.74622837365506   } 
   kinetic_energyvar { 149.2997210809622   } 
   potential_energy { -201.1372184767662   } 
   potential_energyvar { 323.9051110877772   } 
   nonlocal_energy { 19.08226957432208   } 
   nonlocal_energyvar { 361.3539542384695   } 
   autocorr_energy { } 
} 

block { 
   label vmc
   totweight 300
   nautocorr 0
   total_energy { -134.1055007749089   } 
   total_energyvar { 13.58234507451562   } 
   weight { 1   } 
   weightvar { 0   } 
   kinetic_energy { 44.78198415354348   } 
   kinetic_energyvar { 121.4769850401669   } 
   potential_energy { -193.5008470324961   } 
   potential_energyvar { 284.7445657846474   } 
   nonlocal_energy { 14.61336210404367   } 
   nonlocal_energyvar { 175.6505497897767   } 
   autocorr_energy { } 
} 

block { 
   label vmc
   totweight 300
   nautocorr 0
   total_energy { -135.007877087433   } 
   total_energyvar { 9.080336279526819   } 
   weight { 1   } 
   weightvar { 0   } 
   kinetic_energy { 44.87990874613286   } 
   kinetic_energyvar { 174.4791433629118   } 
   potential_energy { -198.388384192407   } 
   potential_energyvar { 300.1513116064234   } 
   nonlocal_energy { 18.50059835884112   } 
   nonlocal_energyvar { 366.6833314947447   } 
   autocorr_energy { } 
} 

block { 
   label vmc
   totweight 300
   nautocorr 0
   total_energy { -134.9937564426307   } 
   total_energyvar { 9.172058764343092   } 
   weight { 1   } 
   weightvar { 0   } 
   kinetic_energy { 41.75553772001422   } 
   kinetic_energyvar { 145.7834404088701   } 
   potential_energy { -194.6988671155819   } 
   potential_energyvar { 344.7769459555348   } 
   nonlocal_energy { 17.94957295293698   } 
   nonlocal_energyvar { 371.6581763214974   } 
   autocorr_energy { } 
} 

block { 
   label vmc
   totweight 300
   nautocorr 0
   total_energy { -135.330293801145   } 
   total_energyvar { 10.17522177211868   } 
   weight { 1   } 
   weightvar { 0   } 
   kinetic_energy { 48.17281165957764   } 
   kinetic_energyvar { 148.831369526788   } 
   potential_energy { -200.0689652928179   } 
   potential_energyvar { 290.0180544780669   } 
   nonlocal_energy { 16.56585983209517   } 
   nonlocal_energyvar { 241.9677093289277   } 
   autocorr_energy { } 
} 

block { 
   label vmc
   totweight 300
   nautocorr 0
   total_energy { -135.1483412123851   } 
   total_energyvar { 13.33899789923817   } 
   weight { 1   } 
   weightvar { 0   } 
   kinetic_energy { 47.04727451564603   } 
   kinetic_energyvar { 107.9876350248451   } 
   potential_energy { -200.2871717898655   } 
   potential_energyvar { 298.0251316152862   } 
   nonlocal_energy { 18.09155606183432   } 
   nonlocal_energyvar { 229.1101223674481   } 
   autocorr_energy { } 
} 

block { 
   label vmc
   totweight 300
   nautocorr 0
   total_energy { -134.7593843755879   } 
   total_energyvar { 12.74501064590731   } 
   weight { 1   } 
   weightvar { 0   } 
   kinetic_energy { 47.52445744367132   } 
   kinetic_energyvar { 118.5336916921201   } 
   potential_energy { -199.8532023353515   } 
   potential_energyvar { 291.5197407627929   } 
   nonlocal_energy { 17.56936051609232   } 
   nonlocal_energyvar { 207.9932757249409   } 
   autocorr_energy { } 
} 

block { 
   label vmc
   totweight 300
   nautocorr 0
   total_energy { -135.578027928421   } 
   total_energyvar { 9.384178351054288   } 
   weight { 1   } 
   weightvar { 0   } 
   kinetic_energy { 45.56780688524979   } 
   kinetic_energyvar { 144.4148485681858   } 
   potential_energy { -201.5275708560693   } 
   potential_energyvar { 274.0862807614103   } 
   nonlocal_energy { 20.38173604239853   } 
   nonlocal_energyvar { 279.6547463089637   } 
   autocorr_energy { } 
} 

block { 
   label vmc
   totweight 300
   nautocorr 0
   total_energy { -134.7320229482783   } 
   total_energyvar { 10.56991814141293   } 
   weight { 1   } 
   weightvar { 0   } 
   kinetic_energy { 46.60735079193531   } 
   kinetic_energyvar { 140.7090008028804   } 
   potential_energy { -197.448387280899   } 
   potential_energyvar { 345.7725204138042   } 
   nonlocal_energy { 16.10901354068542   } 
   nonlocal_energyvar { 267.6686712792527   } 
   autocorr_energy { } 
} 

