#-------------------------------------------------
#VMC run: timestep 0.42 nconfig 3072 steps 20
#-------------------------------------------------


init { 
   label vmc
}
block { 
   label vmc
   totweight 61440
   nautocorr 0
   total_energy { -7.997375939792871   } 
   total_energyvar { 0.4482831905028382   } 
   weight { 1   } 
   weightvar { 0   } 
   kinetic_energy { 2.552859167253597   } 
   kinetic_energyvar { 2.718338164522888   } 
   potential_energy { -11.49758695263496   } 
   potential_energyvar { 3.621789369509675   } 
   nonlocal_energy { 0.9473518455884926   } 
   nonlocal_energyvar { 4.683204702315755   } 
   autocorr_energy { } 
} 

block { 
   label vmc
   totweight 61440
   nautocorr 0
   total_energy { -7.996469197170308   } 
   total_energyvar { 0.4980271062993588   } 
   weight { 1   } 
   weightvar { 0   } 
   kinetic_energy { 2.542325333342903   } 
   kinetic_energyvar { 2.771686563685579   } 
   potential_energy { -11.48830876197827   } 
   potential_energyvar { 3.737606516192642   } 
   nonlocal_energy { 0.9495142314650593   } 
   nonlocal_energyvar { 4.903038265021205   } 
   autocorr_energy { } 
} 

block { 
   label vmc
   totweight 61440
   nautocorr 0
   total_energy { -7.998311986349182   } 
   total_energyvar { 0.5185090389569215   } 
   weight { 1   } 
   weightvar { 0   } 
   kinetic_energy { 2.561324408734733   } 
   kinetic_energyvar { 2.751233102576475   } 
   potential_energy { -11.5058015264028   } 
   potential_energyvar { 3.721421892237668   } 
   nonlocal_energy { 0.9461651313188902   } 
   nonlocal_energyvar { 4.773250438451102   } 
   autocorr_energy { } 
} 

block { 
   label vmc
   totweight 61440
   nautocorr 0
   total_energy { -8.002846139436803   } 
   total_energyvar { 0.5047644067656685   } 
   weight { 1   } 
   weightvar { 0   } 
   kinetic_energy { 2.543213830907249   } 
   kinetic_energyvar { 2.819570697885989   } 
   potential_energy { -11.51264039150372   } 
   potential_energyvar { 3.73899656763036   } 
   nonlocal_energy { 0.966580421159666   } 
   nonlocal_energyvar { 4.915969355714545   } 
   autocorr_energy { } 
} 

block { 
   label vmc
   totweight 61440
   nautocorr 0
   total_energy { -7.993316797039719   } 
   total_energyvar { 0.4866025673738407   } 
   weight { 1   } 
   weightvar { 0   } 
   kinetic_energy { 2.542631017662663   } 
   kinetic_energyvar { 2.778739192932503   } 
   potential_energy { -11.48182692192048   } 
   potential_energyvar { 3.67555185483218   } 
   nonlocal_energy { 0.9458791072181031   } 
   nonlocal_energyvar { 4.783517090962901   } 
   autocorr_energy { } 
} 

block { 
   label vmc
   totweight 61440
   nautocorr 0
   total_energy { -7.99800692993165   } 
   total_energyvar { 0.4710481592391922   } 
   weight { 1   } 
   weightvar { 0   } 
   kinetic_energy { 2.554173022518721   } 
   kinetic_energyvar { 2.747957438267444   } 
   potential_energy { -11.51685303949478   } 
   potential_energyvar { 3.661601310486142   } 
   nonlocal_energy { 0.9646730870444118   } 
   nonlocal_energyvar { 4.785495940951765   } 
   autocorr_energy { } 
} 

block { 
   label vmc
   totweight 61440
   nautocorr 0
   total_energy { -8.000635425393432   } 
   total_energyvar { 0.4827596060916009   } 
   weight { 1   } 
   weightvar { 0   } 
   kinetic_energy { 2.543419359700234   } 
   kinetic_energyvar { 2.834935826247095   } 
   potential_energy { -11.48389841567542   } 
   potential_energyvar { 3.678818649493241   } 
   nonlocal_energy { 0.9398436305817521   } 
   nonlocal_energyvar { 4.789066245495679   } 
   autocorr_energy { } 
} 

block { 
   label vmc
   totweight 61440
   nautocorr 0
   total_energy { -7.997014201887453   } 
   total_energyvar { 0.4942179269163402   } 
   weight { 1   } 
   weightvar { 0   } 
   kinetic_energy { 2.526129434233236   } 
   kinetic_energyvar { 2.904171989204318   } 
   potential_energy { -11.48215356608016   } 
   potential_energyvar { 3.748300076395355   } 
   nonlocal_energy { 0.9590099299594698   } 
   nonlocal_energyvar { 4.992983809212583   } 
   autocorr_energy { } 
} 

block { 
   label vmc
   totweight 61440
   nautocorr 0
   total_energy { -8.005017138696932   } 
   total_energyvar { 0.46942063187862   } 
   weight { 1   } 
   weightvar { 0   } 
   kinetic_energy { 2.562286895813847   } 
   kinetic_energyvar { 2.795497150520194   } 
   potential_energy { -11.51628774458434   } 
   potential_energyvar { 3.644271923375468   } 
   nonlocal_energy { 0.948983710073567   } 
   nonlocal_energyvar { 4.77605548207129   } 
   autocorr_energy { } 
} 

block { 
   label vmc
   totweight 61440
   nautocorr 0
   total_energy { -7.999684916385982   } 
   total_energyvar { 0.461840775220396   } 
   weight { 1   } 
   weightvar { 0   } 
   kinetic_energy { 2.548028402953385   } 
   kinetic_energyvar { 2.690911941805068   } 
   potential_energy { -11.48062163587426   } 
   potential_energyvar { 3.68658192497259   } 
   nonlocal_energy { 0.9329083165349   } 
   nonlocal_energyvar { 4.602693949512805   } 
   autocorr_energy { } 
} 

block { 
   label vmc
   totweight 61440
   nautocorr 0
   total_energy { -7.999016780601889   } 
   total_energyvar { 1.032334546279821   } 
   weight { 1   } 
   weightvar { 0   } 
   kinetic_energy { 2.555906373331655   } 
   kinetic_energyvar { 2.746034388542606   } 
   potential_energy { -11.50120833758227   } 
   potential_energyvar { 4.250590765902737   } 
   nonlocal_energy { 0.946285183648731   } 
   nonlocal_energyvar { 4.782809269656182   } 
   autocorr_energy { } 
} 

block { 
   label vmc
   totweight 61440
   nautocorr 0
   total_energy { -7.996094702735596   } 
   total_energyvar { 0.5732711044101685   } 
   weight { 1   } 
   weightvar { 0   } 
   kinetic_energy { 2.545373247771157   } 
   kinetic_energyvar { 3.025873592346247   } 
   potential_energy { -11.51258310911483   } 
   potential_energyvar { 3.863918018471735   } 
   nonlocal_energy { 0.9711151586080817   } 
   nonlocal_energyvar { 5.322614812831476   } 
   autocorr_energy { } 
} 

block { 
   label vmc
   totweight 61440
   nautocorr 0
   total_energy { -7.997791985134667   } 
   total_energyvar { 0.4770503883580572   } 
   weight { 1   } 
   weightvar { 0   } 
   kinetic_energy { 2.560255330721565   } 
   kinetic_energyvar { 2.774414182850429   } 
   potential_energy { -11.51698976903809   } 
   potential_energyvar { 3.739665870796721   } 
   nonlocal_energy { 0.9589424531818541   } 
   nonlocal_energyvar { 4.859076582543392   } 
   autocorr_energy { } 
} 

block { 
   label vmc
   totweight 61440
   nautocorr 0
   total_energy { -7.998583358842849   } 
   total_energyvar { 0.4847369470978123   } 
   weight { 1   } 
   weightvar { 0   } 
   kinetic_energy { 2.569655544171745   } 
   kinetic_energyvar { 2.753997027719551   } 
   potential_energy { -11.52584448305183   } 
   potential_energyvar { 3.69478633279638   } 
   nonlocal_energy { 0.95760558003723   } 
   nonlocal_energyvar { 4.792089302781687   } 
   autocorr_energy { } 
} 

block { 
   label vmc
   totweight 61440
   nautocorr 0
   total_energy { -7.996576488522504   } 
   total_energyvar { 0.4620273961209138   } 
   weight { 1   } 
   weightvar { 0   } 
   kinetic_energy { 2.564574090657237   } 
   kinetic_energyvar { 2.803750273520579   } 
   potential_energy { -11.52809718472243   } 
   potential_energyvar { 3.623752576861202   } 
   nonlocal_energy { 0.9669466055426903   } 
   nonlocal_energyvar { 4.840631885175379   } 
   autocorr_energy { } 
} 

block { 
   label vmc
   totweight 61440
   nautocorr 0
   total_energy { -8.002655681052476   } 
   total_energyvar { 0.4664590950155756   } 
   weight { 1   } 
   weightvar { 0   } 
   kinetic_energy { 2.55941222209375   } 
   kinetic_energyvar { 2.781744317600434   } 
   potential_energy { -11.51831321010699   } 
   potential_energyvar { 3.695007635395638   } 
   nonlocal_energy { 0.956245306960764   } 
   nonlocal_energyvar { 4.829279787746464   } 
   autocorr_energy { } 
} 

block { 
   label vmc
   totweight 61440
   nautocorr 0
   total_energy { -7.999832137678758   } 
   total_energyvar { 0.457959853127157   } 
   weight { 1   } 
   weightvar { 0   } 
   kinetic_energy { 2.55147665981652   } 
   kinetic_energyvar { 2.809759879826431   } 
   potential_energy { -11.50821709761478   } 
   potential_energyvar { 3.66336023610404   } 
   nonlocal_energy { 0.9569083001195009   } 
   nonlocal_energyvar { 4.846782413591823   } 
   autocorr_energy { } 
} 

block { 
   label vmc
   totweight 61440
   nautocorr 0
   total_energy { -7.999566214205049   } 
   total_energyvar { 0.4799402469171561   } 
   weight { 1   } 
   weightvar { 0   } 
   kinetic_energy { 2.559593259187185   } 
   kinetic_energyvar { 2.744509421824411   } 
   potential_energy { -11.49383806509116   } 
   potential_energyvar { 3.623452478857362   } 
   nonlocal_energy { 0.9346785916989245   } 
   nonlocal_energyvar { 4.660270149417271   } 
   autocorr_energy { } 
} 

block { 
   label vmc
   totweight 61440
   nautocorr 0
   total_energy { -7.99355745040148   } 
   total_energyvar { 0.4936496638638899   } 
   weight { 1   } 
   weightvar { 0   } 
   kinetic_energy { 2.558398995748499   } 
   kinetic_energyvar { 2.759580511460755   } 
   potential_energy { -11.49320612463739   } 
   potential_energyvar { 3.738371780552093   } 
   nonlocal_energy { 0.9412496784874107   } 
   nonlocal_energyvar { 4.760995484417093   } 
   autocorr_energy { } 
} 

block { 
   label vmc
   totweight 61440
   nautocorr 0
   total_energy { -7.991826258795688   } 
   total_energyvar { 0.5112236034356462   } 
   weight { 1   } 
   weightvar { 0   } 
   kinetic_energy { 2.569676162822335   } 
   kinetic_energyvar { 2.702502515855863   } 
   potential_energy { -11.50235767929405   } 
   potential_energyvar { 3.67918176866858   } 
   nonlocal_energy { 0.9408552576760244   } 
   nonlocal_energyvar { 4.601136833095739   } 
   autocorr_energy { } 
} 

