#-------------------------------------------------
#VMC run: timestep 0.47 nconfig 2176 steps 30
#-------------------------------------------------


init { 
   label vmc
}
block { 
   label vmc
   totweight 65280
   nautocorr 0
   total_energy { -66.83923603244573   } 
   total_energyvar { 5.172009095987986   } 
   weight { 1   } 
   weightvar { 1.776356839400247e-15   } 
   kinetic_energy { 23.18607797075506   } 
   kinetic_energyvar { 80.6274797534183   } 
   potential_energy { -96.57857113953796   } 
   potential_energyvar { 98.42149933924163   } 
   nonlocal_energy { 6.553257136337183   } 
   nonlocal_energyvar { 118.3876214351983   } 
   autocorr_energy { } 
} 

block { 
   label vmc
   totweight 65280
   nautocorr 0
   total_energy { -66.83516083745414   } 
   total_energyvar { 5.558907585959694   } 
   weight { 1   } 
   weightvar { 1.776356839400247e-15   } 
   kinetic_energy { 23.21248098507268   } 
   kinetic_energyvar { 79.92387842482405   } 
   potential_energy { -96.64125684817051   } 
   potential_energyvar { 97.22803009771975   } 
   nonlocal_energy { 6.593615025643689   } 
   nonlocal_energyvar { 118.906531837716   } 
   autocorr_energy { } 
} 

block { 
   label vmc
   totweight 65280
   nautocorr 0
   total_energy { -66.82640072243321   } 
   total_energyvar { 5.800534542953691   } 
   weight { 1   } 
   weightvar { 1.776356839400247e-15   } 
   kinetic_energy { 23.21286113980727   } 
   kinetic_energyvar { 76.06281967896446   } 
   potential_energy { -96.48062901254963   } 
   potential_energyvar { 96.68738815111496   } 
   nonlocal_energy { 6.441367150309133   } 
   nonlocal_energyvar { 110.1033117491675   } 
   autocorr_energy { } 
} 

block { 
   label vmc
   totweight 65280
   nautocorr 0
   total_energy { -66.82018868853649   } 
   total_energyvar { 6.484837907373545   } 
   weight { 1   } 
   weightvar { 1.776356839400247e-15   } 
   kinetic_energy { 23.26957053433708   } 
   kinetic_energyvar { 74.60278257844527   } 
   potential_energy { -96.5944273308269   } 
   potential_energyvar { 98.90670756688566   } 
   nonlocal_energy { 6.504668107953326   } 
   nonlocal_energyvar { 107.3785156486038   } 
   autocorr_energy { } 
} 

block { 
   label vmc
   totweight 65280
   nautocorr 0
   total_energy { -66.83582220192623   } 
   total_energyvar { 5.421900493192743   } 
   weight { 1   } 
   weightvar { 1.776356839400247e-15   } 
   kinetic_energy { 23.2158931783858   } 
   kinetic_energyvar { 75.71435711739315   } 
   potential_energy { -96.59962982646064   } 
   potential_energyvar { 96.80579766006781   } 
   nonlocal_energy { 6.547914446148636   } 
   nonlocal_energyvar { 111.3452289894196   } 
   autocorr_energy { } 
} 

block { 
   label vmc
   totweight 65280
   nautocorr 0
   total_energy { -66.83919531427556   } 
   total_energyvar { 5.318568875669333   } 
   weight { 1   } 
   weightvar { 1.776356839400247e-15   } 
   kinetic_energy { 23.2159163356757   } 
   kinetic_energyvar { 77.11863780970818   } 
   potential_energy { -96.45837618384634   } 
   potential_energyvar { 97.05027829108576   } 
   nonlocal_energy { 6.403264533895036   } 
   nonlocal_energyvar { 111.4487446747489   } 
   autocorr_energy { } 
} 

block { 
   label vmc
   totweight 65280
   nautocorr 0
   total_energy { -66.83811807545368   } 
   total_energyvar { 5.369265757450631   } 
   weight { 1   } 
   weightvar { 1.776356839400247e-15   } 
   kinetic_energy { 23.15160425079489   } 
   kinetic_energyvar { 78.02139140664566   } 
   potential_energy { -96.55744999974355   } 
   potential_energyvar { 97.55331124035034   } 
   nonlocal_energy { 6.567727673495005   } 
   nonlocal_energyvar { 115.0287855311918   } 
   autocorr_energy { } 
} 

block { 
   label vmc
   totweight 65280
   nautocorr 0
   total_energy { -66.83315470843361   } 
   total_energyvar { 5.336038743416914   } 
   weight { 1   } 
   weightvar { 1.776356839400247e-15   } 
   kinetic_energy { 23.2402800473862   } 
   kinetic_energyvar { 76.778526648042   } 
   potential_energy { -96.55651958109937   } 
   potential_energyvar { 96.35285068218475   } 
   nonlocal_energy { 6.483084825279561   } 
   nonlocal_energyvar { 110.2796261166256   } 
   autocorr_energy { } 
} 

block { 
   label vmc
   totweight 65280
   nautocorr 0
   total_energy { -66.83143289395026   } 
   total_energyvar { 5.40242570492412   } 
   weight { 1   } 
   weightvar { 1.776356839400247e-15   } 
   kinetic_energy { 23.18196961413296   } 
   kinetic_energyvar { 78.60626708931578   } 
   potential_energy { -96.54267514950801   } 
   potential_energyvar { 97.8259487208996   } 
   nonlocal_energy { 6.529272641424791   } 
   nonlocal_energyvar { 114.6823446675385   } 
   autocorr_energy { } 
} 

block { 
   label vmc
   totweight 65280
   nautocorr 0
   total_energy { -66.79868398369595   } 
   total_energyvar { 5.985013970356236   } 
   weight { 1   } 
   weightvar { 1.776356839400247e-15   } 
   kinetic_energy { 23.11566521650478   } 
   kinetic_energyvar { 79.98168191713883   } 
   potential_energy { -96.51023428705136   } 
   potential_energyvar { 99.12704160065898   } 
   nonlocal_energy { 6.595885086850636   } 
   nonlocal_energyvar { 115.1037043222318   } 
   autocorr_energy { } 
} 

block { 
   label vmc
   totweight 65280
   nautocorr 0
   total_energy { -66.8264948907419   } 
   total_energyvar { 10.51199079149515   } 
   weight { 1   } 
   weightvar { 1.776356839400247e-15   } 
   kinetic_energy { 23.25425656251014   } 
   kinetic_energyvar { 79.7462360067873   } 
   potential_energy { -96.65669389536895   } 
   potential_energyvar { 99.16361733752528   } 
   nonlocal_energy { 6.57594244211692   } 
   nonlocal_energyvar { 122.7822242484439   } 
   autocorr_energy { } 
} 

block { 
   label vmc
   totweight 65280
   nautocorr 0
   total_energy { -66.83533219428845   } 
   total_energyvar { 5.264402829165927   } 
   weight { 1   } 
   weightvar { 1.776356839400247e-15   } 
   kinetic_energy { 23.24136665410322   } 
   kinetic_energyvar { 75.07532028849144   } 
   potential_energy { -96.58367756369762   } 
   potential_energyvar { 96.27192904218087   } 
   nonlocal_energy { 6.506978715305964   } 
   nonlocal_energyvar { 109.7775304266854   } 
   autocorr_energy { } 
} 

block { 
   label vmc
   totweight 65280
   nautocorr 0
   total_energy { -66.84334612077245   } 
   total_energyvar { 5.133945787097063   } 
   weight { 1   } 
   weightvar { 1.776356839400247e-15   } 
   kinetic_energy { 23.19525966513743   } 
   kinetic_energyvar { 77.53163538317852   } 
   potential_energy { -96.53330332989781   } 
   potential_energyvar { 98.07396221161304   } 
   nonlocal_energy { 6.494697543987919   } 
   nonlocal_energyvar { 112.9388300120449   } 
   autocorr_energy { } 
} 

block { 
   label vmc
   totweight 65280
   nautocorr 0
   total_energy { -66.82976858970001   } 
   total_energyvar { 5.110923396557696   } 
   weight { 1   } 
   weightvar { 1.776356839400247e-15   } 
   kinetic_energy { 23.20048343661059   } 
   kinetic_energyvar { 77.18955984278267   } 
   potential_energy { -96.51897265030327   } 
   potential_energyvar { 97.49055838773847   } 
   nonlocal_energy { 6.48872062399267   } 
   nonlocal_energyvar { 112.7422316037705   } 
   autocorr_energy { } 
} 

block { 
   label vmc
   totweight 65280
   nautocorr 0
   total_energy { -66.83483146599495   } 
   total_energyvar { 5.445348327170773   } 
   weight { 1   } 
   weightvar { 1.776356839400247e-15   } 
   kinetic_energy { 23.20248810312714   } 
   kinetic_energyvar { 80.69236660643568   } 
   potential_energy { -96.65283646904204   } 
   potential_energyvar { 97.75423607468019   } 
   nonlocal_energy { 6.615516899919946   } 
   nonlocal_energyvar { 117.8141562385041   } 
   autocorr_energy { } 
} 

block { 
   label vmc
   totweight 65280
   nautocorr 0
   total_energy { -66.83857790467903   } 
   total_energyvar { 5.430734672813784   } 
   weight { 1   } 
   weightvar { 1.776356839400247e-15   } 
   kinetic_energy { 23.07759956151552   } 
   kinetic_energyvar { 82.80476993080016   } 
   potential_energy { -96.53438434461343   } 
   potential_energyvar { 97.65628273722575   } 
   nonlocal_energy { 6.618206878418904   } 
   nonlocal_energyvar { 122.4485474906593   } 
   autocorr_energy { } 
} 

block { 
   label vmc
   totweight 65280
   nautocorr 0
   total_energy { -66.84260886642535   } 
   total_energyvar { 5.293925973955808   } 
   weight { 1   } 
   weightvar { 1.776356839400247e-15   } 
   kinetic_energy { 23.18119213935188   } 
   kinetic_energyvar { 77.86476490286552   } 
   potential_energy { -96.50842481904273   } 
   potential_energyvar { 96.07493578670037   } 
   nonlocal_energy { 6.4846238132655   } 
   nonlocal_energyvar { 112.545085633218   } 
   autocorr_energy { } 
} 

block { 
   label vmc
   totweight 65280
   nautocorr 0
   total_energy { -66.84534776658651   } 
   total_energyvar { 5.053275549339258   } 
   weight { 1   } 
   weightvar { 1.776356839400247e-15   } 
   kinetic_energy { 23.21865431960275   } 
   kinetic_energyvar { 82.26434846625835   } 
   potential_energy { -96.77289287239627   } 
   potential_energyvar { 97.95956748571312   } 
   nonlocal_energy { 6.708890786206998   } 
   nonlocal_energyvar { 121.3319817262905   } 
   autocorr_energy { } 
} 

block { 
   label vmc
   totweight 65280
   nautocorr 0
   total_energy { -66.84309852701821   } 
   total_energyvar { 5.322482372617926   } 
   weight { 1   } 
   weightvar { 1.776356839400247e-15   } 
   kinetic_energy { 23.23597921502229   } 
   kinetic_energyvar { 77.55672841127216   } 
   potential_energy { -96.55199076991053   } 
   potential_energyvar { 96.52223114133321   } 
   nonlocal_energy { 6.472913027870008   } 
   nonlocal_energyvar { 112.1721250710808   } 
   autocorr_energy { } 
} 

block { 
   label vmc
   totweight 65280
   nautocorr 0
   total_energy { -66.82000164673157   } 
   total_energyvar { 5.451558522682151   } 
   weight { 1   } 
   weightvar { 1.776356839400247e-15   } 
   kinetic_energy { 23.23059591018827   } 
   kinetic_energyvar { 81.01657183725175   } 
   potential_energy { -96.61156398413274   } 
   potential_energyvar { 97.54829971495725   } 
   nonlocal_energy { 6.560966427212925   } 
   nonlocal_energyvar { 118.7189392614972   } 
   autocorr_energy { } 
} 

block { 
   label vmc
   totweight 65280
   nautocorr 0
   total_energy { -66.84078150690286   } 
   total_energyvar { 6.802032736622237   } 
   weight { 1   } 
   weightvar { 1.776356839400247e-15   } 
   kinetic_energy { 23.32603004651482   } 
   kinetic_energyvar { 78.12890934594471   } 
   potential_energy { -96.74847782378406   } 
   potential_energyvar { 96.7346871893492   } 
   nonlocal_energy { 6.581666270366377   } 
   nonlocal_energyvar { 117.0525198224815   } 
   autocorr_energy { } 
} 

block { 
   label vmc
   totweight 65280
   nautocorr 0
   total_energy { -66.84380340879157   } 
   total_energyvar { 5.386289494987638   } 
   weight { 1   } 
   weightvar { 1.776356839400247e-15   } 
   kinetic_energy { 23.1542053368139   } 
   kinetic_energyvar { 82.59130189059424   } 
   potential_energy { -96.69836829796547   } 
   potential_energyvar { 98.49024555935134   } 
   nonlocal_energy { 6.700359552360021   } 
   nonlocal_energyvar { 123.8027421891666   } 
   autocorr_energy { } 
} 

block { 
   label vmc
   totweight 65280
   nautocorr 0
   total_energy { -66.82376742645395   } 
   total_energyvar { 5.290955477945789   } 
   weight { 1   } 
   weightvar { 1.776356839400247e-15   } 
   kinetic_energy { 23.19575492867225   } 
   kinetic_energyvar { 79.6598288796374   } 
   potential_energy { -96.56374578938552   } 
   potential_energyvar { 97.67858654098302   } 
   nonlocal_energy { 6.544223434259294   } 
   nonlocal_energyvar { 116.2178491422271   } 
   autocorr_energy { } 
} 

block { 
   label vmc
   totweight 65280
   nautocorr 0
   total_energy { -66.83566910409809   } 
   total_energyvar { 5.92296969882683   } 
   weight { 1   } 
   weightvar { 1.776356839400247e-15   } 
   kinetic_energy { 23.36589497618443   } 
   kinetic_energyvar { 77.17717071194895   } 
   potential_energy { -96.6012803015067   } 
   potential_energyvar { 96.46181888399734   } 
   nonlocal_energy { 6.399716221224186   } 
   nonlocal_energyvar { 109.952330180438   } 
   autocorr_energy { } 
} 

block { 
   label vmc
   totweight 65280
   nautocorr 0
   total_energy { -66.83514157019786   } 
   total_energyvar { 5.50076442225262   } 
   weight { 1   } 
   weightvar { 1.776356839400247e-15   } 
   kinetic_energy { 23.28012618967299   } 
   kinetic_energyvar { 76.3119278686182   } 
   potential_energy { -96.61668249518941   } 
   potential_energyvar { 96.93686895262434   } 
   nonlocal_energy { 6.50141473531856   } 
   nonlocal_energyvar { 110.4211327286596   } 
   autocorr_energy { } 
} 

block { 
   label vmc
   totweight 65280
   nautocorr 0
   total_energy { -66.83400534975519   } 
   total_energyvar { 5.299720206426548   } 
   weight { 1   } 
   weightvar { 1.776356839400247e-15   } 
   kinetic_energy { 23.11992485118282   } 
   kinetic_energyvar { 82.26964835794575   } 
   potential_energy { -96.51524909691609   } 
   potential_energyvar { 96.75036807097862   } 
   nonlocal_energy { 6.561318895978107   } 
   nonlocal_energyvar { 120.7308431706153   } 
   autocorr_energy { } 
} 

block { 
   label vmc
   totweight 65280
   nautocorr 0
   total_energy { -66.83341285717081   } 
   total_energyvar { 6.017447030508089   } 
   weight { 1   } 
   weightvar { 1.776356839400247e-15   } 
   kinetic_energy { 23.27215385301254   } 
   kinetic_energyvar { 78.80935687292788   } 
   potential_energy { -96.66022525539823   } 
   potential_energyvar { 98.86921619767831   } 
   nonlocal_energy { 6.554658545214863   } 
   nonlocal_energyvar { 114.9533925066192   } 
   autocorr_energy { } 
} 

block { 
   label vmc
   totweight 65280
   nautocorr 0
   total_energy { -66.82318326533066   } 
   total_energyvar { 5.14185871865021   } 
   weight { 1   } 
   weightvar { 1.776356839400247e-15   } 
   kinetic_energy { 23.17276728824066   } 
   kinetic_energyvar { 77.13782960661098   } 
   potential_energy { -96.58094881452153   } 
   potential_energyvar { 98.22701225987662   } 
   nonlocal_energy { 6.58499826095024   } 
   nonlocal_energyvar { 112.4196211570388   } 
   autocorr_energy { } 
} 

block { 
   label vmc
   totweight 65280
   nautocorr 0
   total_energy { -66.83454357396084   } 
   total_energyvar { 5.442264886106305   } 
   weight { 1   } 
   weightvar { 1.776356839400247e-15   } 
   kinetic_energy { 23.23951699532414   } 
   kinetic_energyvar { 76.57268795929048   } 
   potential_energy { -96.58357499992056   } 
   potential_energyvar { 97.72736333712137   } 
   nonlocal_energy { 6.509514430635575   } 
   nonlocal_energyvar { 111.2547076954225   } 
   autocorr_energy { } 
} 

block { 
   label vmc
   totweight 65280
   nautocorr 0
   total_energy { -66.83517161243859   } 
   total_energyvar { 5.311998241826578   } 
   weight { 1   } 
   weightvar { 1.776356839400247e-15   } 
   kinetic_energy { 23.36284273112452   } 
   kinetic_energyvar { 77.93457526103599   } 
   potential_energy { -96.69276611838916   } 
   potential_energyvar { 96.91558196774666   } 
   nonlocal_energy { 6.494751774826039   } 
   nonlocal_energyvar { 113.0355126539136   } 
   autocorr_energy { } 
} 

block { 
   label vmc
   totweight 65280
   nautocorr 0
   total_energy { -66.82859149784184   } 
   total_energyvar { 5.368275337681679   } 
   weight { 1   } 
   weightvar { 1.776356839400247e-15   } 
   kinetic_energy { 23.18087923954888   } 
   kinetic_energyvar { 80.38058640984299   } 
   potential_energy { -96.55157228280504   } 
   potential_energyvar { 96.96132115077545   } 
   nonlocal_energy { 6.54210154541431   } 
   nonlocal_energyvar { 117.6439089624757   } 
   autocorr_energy { } 
} 

block { 
   label vmc
   totweight 65280
   nautocorr 0
   total_energy { -66.81939424284226   } 
   total_energyvar { 5.325507962269244   } 
   weight { 1   } 
   weightvar { 1.776356839400247e-15   } 
   kinetic_energy { 23.26332557901289   } 
   kinetic_energyvar { 77.73087023783306   } 
   potential_energy { -96.52051686039687   } 
   potential_energyvar { 97.5167582346437   } 
   nonlocal_energy { 6.437797038541693   } 
   nonlocal_energyvar { 111.2435942866494   } 
   autocorr_energy { } 
} 

block { 
   label vmc
   totweight 65280
   nautocorr 0
   total_energy { -66.84662695334654   } 
   total_energyvar { 5.336076060872688   } 
   weight { 1   } 
   weightvar { 1.776356839400247e-15   } 
   kinetic_energy { 23.24029000556804   } 
   kinetic_energyvar { 77.47006957614668   } 
   potential_energy { -96.61518572852582   } 
   potential_energyvar { 96.9514825615706   } 
   nonlocal_energy { 6.52826876961122   } 
   nonlocal_energyvar { 112.271367253698   } 
   autocorr_energy { } 
} 

block { 
   label vmc
   totweight 65280
   nautocorr 0
   total_energy { -66.82732758037881   } 
   total_energyvar { 5.248718757409732   } 
   weight { 1   } 
   weightvar { 1.776356839400247e-15   } 
   kinetic_energy { 23.21943367715222   } 
   kinetic_energyvar { 79.52305368030373   } 
   potential_energy { -96.54573149766709   } 
   potential_energyvar { 97.47021244147581   } 
   nonlocal_energy { 6.498970240136079   } 
   nonlocal_energyvar { 114.4022074519603   } 
   autocorr_energy { } 
} 

block { 
   label vmc
   totweight 65280
   nautocorr 0
   total_energy { -66.84289931249033   } 
   total_energyvar { 5.441383938137208   } 
   weight { 1   } 
   weightvar { 1.776356839400247e-15   } 
   kinetic_energy { 23.15653525399564   } 
   kinetic_energyvar { 81.41398071756933   } 
   potential_energy { -96.64028292090333   } 
   potential_energyvar { 97.98566709217266   } 
   nonlocal_energy { 6.640848354417338   } 
   nonlocal_energyvar { 119.8665672955814   } 
   autocorr_energy { } 
} 

block { 
   label vmc
   totweight 65280
   nautocorr 0
   total_energy { -66.83058811323249   } 
   total_energyvar { 5.153169653398641   } 
   weight { 1   } 
   weightvar { 1.776356839400247e-15   } 
   kinetic_energy { 23.31379544277301   } 
   kinetic_energyvar { 78.72314915348052   } 
   potential_energy { -96.63437270744478   } 
   potential_energyvar { 97.07765119526164   } 
   nonlocal_energy { 6.489989151439307   } 
   nonlocal_energyvar { 113.11693760366   } 
   autocorr_energy { } 
} 

block { 
   label vmc
   totweight 65280
   nautocorr 0
   total_energy { -66.81341809241673   } 
   total_energyvar { 5.630064975021062   } 
   weight { 1   } 
   weightvar { 1.776356839400247e-15   } 
   kinetic_energy { 23.11116144673639   } 
   kinetic_energyvar { 78.68891287523215   } 
   potential_energy { -96.48983195949927   } 
   potential_energyvar { 98.53811423966017   } 
   nonlocal_energy { 6.56525242034615   } 
   nonlocal_energyvar { 115.9559190074028   } 
   autocorr_energy { } 
} 

block { 
   label vmc
   totweight 65280
   nautocorr 0
   total_energy { -66.83973821894604   } 
   total_energyvar { 5.167976759603959   } 
   weight { 1   } 
   weightvar { 1.776356839400247e-15   } 
   kinetic_energy { 23.22003145449092   } 
   kinetic_energyvar { 79.91999068083609   } 
   potential_energy { -96.64910702100651   } 
   potential_energyvar { 97.81278405383648   } 
   nonlocal_energy { 6.589337347569574   } 
   nonlocal_energyvar { 116.6642201141983   } 
   autocorr_energy { } 
} 

block { 
   label vmc
   totweight 65280
   nautocorr 0
   total_energy { -66.84207017647522   } 
   total_energyvar { 5.183996322859363   } 
   weight { 1   } 
   weightvar { 1.776356839400247e-15   } 
   kinetic_energy { 23.20526463600594   } 
   kinetic_energyvar { 78.12171290407564   } 
   potential_energy { -96.59382538951783   } 
   potential_energyvar { 96.7519651683676   } 
   nonlocal_energy { 6.546490577036661   } 
   nonlocal_energyvar { 114.1591668672047   } 
   autocorr_energy { } 
} 

block { 
   label vmc
   totweight 65280
   nautocorr 0
   total_energy { -66.8298155236788   } 
   total_energyvar { 5.349498169750787   } 
   weight { 1   } 
   weightvar { 1.776356839400247e-15   } 
   kinetic_energy { 23.14306596776007   } 
   kinetic_energyvar { 80.84349883133252   } 
   potential_energy { -96.55905976882566   } 
   potential_energyvar { 97.04337672509619   } 
   nonlocal_energy { 6.586178277386774   } 
   nonlocal_energyvar { 119.7208552662759   } 
   autocorr_energy { } 
} 

