#-------------------------------------------------
#DMC run: timestep 0.001
#-------------------------------------------------


init { 
   label spin_0.001
}
block { 
   label spin_0.001
   totweight 4352000
   nautocorr 0
   total_energy { -11.48025730852695   } 
   total_energyvar { 0.198311412320344   } 
   weight { 0.998575648773197   } 
   weightvar { 0.007847362247134016   } 
   kinetic_energy { 3.601835485336462   } 
   kinetic_energyvar { 4.115808152040368   } 
   potential_energy { -16.44349344306287   } 
   potential_energyvar { 4.931246149878197   } 
   nonlocal_energy { 1.361400649199468   } 
   nonlocal_energyvar { 6.040561785486413   } 
   autocorr_energy { } 
} 

block { 
   label spin_0.001
   totweight 4352000
   nautocorr 0
   total_energy { -11.48350959558672   } 
   total_energyvar { 0.1922913738943464   } 
   weight { 0.9979303052150674   } 
   weightvar { 0.03017871595755934   } 
   kinetic_energy { 3.635184925020964   } 
   kinetic_energyvar { 4.323371621830978   } 
   potential_energy { -16.51915385061432   } 
   potential_energyvar { 4.925111968854476   } 
   nonlocal_energy { 1.400459330006634   } 
   nonlocal_energyvar { 6.534928734490401   } 
   autocorr_energy { } 
} 

block { 
   label spin_0.001
   totweight 4352000
   nautocorr 0
   total_energy { -11.48317348505614   } 
   total_energyvar { 0.1806466591749472   } 
   weight { 0.9982674562478098   } 
   weightvar { 0.05218982248204043   } 
   kinetic_energy { 3.657379431134475   } 
   kinetic_energyvar { 4.235563011169251   } 
   potential_energy { -16.55647104643733   } 
   potential_energyvar { 4.89667279212278   } 
   nonlocal_energy { 1.415918130246718   } 
   nonlocal_energyvar { 6.450328887997297   } 
   autocorr_energy { } 
} 

block { 
   label spin_0.001
   totweight 4352000
   nautocorr 0
   total_energy { -11.48207697056881   } 
   total_energyvar { 0.2080171584376574   } 
   weight { 0.9972407124142342   } 
   weightvar { 0.0664449786953778   } 
   kinetic_energy { 3.674491861354071   } 
   kinetic_energyvar { 4.384115533947292   } 
   potential_energy { -16.58335925212993   } 
   potential_energyvar { 4.917429826645754   } 
   nonlocal_energy { 1.42679042020704   } 
   nonlocal_energyvar { 6.792460826685691   } 
   autocorr_energy { } 
} 

block { 
   label spin_0.001
   totweight 4352000
   nautocorr 0
   total_energy { -11.48134619952156   } 
   total_energyvar { 0.2174715750421435   } 
   weight { 0.9951643301217383   } 
   weightvar { 0.07557353129174076   } 
   kinetic_energy { 3.678686314898631   } 
   kinetic_energyvar { 4.339382646492003   } 
   potential_energy { -16.58436416363703   } 
   potential_energyvar { 4.985987617415181   } 
   nonlocal_energy { 1.424331649216839   } 
   nonlocal_energyvar { 6.538533125493728   } 
   autocorr_energy { } 
} 

block { 
   label spin_0.001
   totweight 4352000
   nautocorr 0
   total_energy { -11.48003959689042   } 
   total_energyvar { 0.2155342168693905   } 
   weight { 0.994431100818146   } 
   weightvar { 0.08164000363077598   } 
   kinetic_energy { 3.662878136327659   } 
   kinetic_energyvar { 4.259144061102788   } 
   potential_energy { -16.54759526226748   } 
   potential_energyvar { 4.95195082882589   } 
   nonlocal_energy { 1.404677529049398   } 
   nonlocal_energyvar { 6.440601037669733   } 
   autocorr_energy { } 
} 

block { 
   label spin_0.001
   totweight 4352000
   nautocorr 0
   total_energy { -11.48393125327023   } 
   total_energyvar { 0.5134553798341607   } 
   weight { 0.9955112716751916   } 
   weightvar { 0.08768247835772595   } 
   kinetic_energy { 3.691505002251802   } 
   kinetic_energyvar { 4.424376470082958   } 
   potential_energy { -16.57834142468511   } 
   potential_energyvar { 4.89561954727111   } 
   nonlocal_energy { 1.402905169163083   } 
   nonlocal_energyvar { 6.317015378600709   } 
   autocorr_energy { } 
} 

block { 
   label spin_0.001
   totweight 4352000
   nautocorr 0
   total_energy { -11.48666563358926   } 
   total_energyvar { 0.1718083868993928   } 
   weight { 0.9984676581515407   } 
   weightvar { 0.08955959117937451   } 
   kinetic_energy { 3.702708526045562   } 
   kinetic_energyvar { 4.206914539678249   } 
   potential_energy { -16.63017080184774   } 
   potential_energyvar { 4.849390239964433   } 
   nonlocal_energy { 1.440796642212906   } 
   nonlocal_energyvar { 6.50469678506507   } 
   autocorr_energy { } 
} 

block { 
   label spin_0.001
   totweight 4352000
   nautocorr 0
   total_energy { -11.4790419746122   } 
   total_energyvar { 0.1627092109004274   } 
   weight { 0.9961815855960257   } 
   weightvar { 0.09060079971520209   } 
   kinetic_energy { 3.703350745335158   } 
   kinetic_energyvar { 4.122567854423192   } 
   potential_energy { -16.60231551632469   } 
   potential_energyvar { 4.841595671276982   } 
   nonlocal_energy { 1.419922796377338   } 
   nonlocal_energyvar { 6.341804395204883   } 
   autocorr_energy { } 
} 

block { 
   label spin_0.001
   totweight 4352000
   nautocorr 0
   total_energy { -11.4833610250392   } 
   total_energyvar { 0.18655907225758   } 
   weight { 0.9956734010069237   } 
   weightvar { 0.09271521422960873   } 
   kinetic_energy { 3.675817020406949   } 
   kinetic_energyvar { 4.242527712612649   } 
   potential_energy { -16.54630915659043   } 
   potential_energyvar { 4.864770601915443   } 
   nonlocal_energy { 1.38713111114429   } 
   nonlocal_energyvar { 6.330951117635609   } 
   autocorr_energy { } 
} 

block { 
   label spin_0.001
   totweight 4352000
   nautocorr 0
   total_energy { -11.48022573705227   } 
   total_energyvar { 0.1979433410542079   } 
   weight { 0.9961383498367941   } 
   weightvar { 0.09227292615764786   } 
   kinetic_energy { 3.684054950638826   } 
   kinetic_energyvar { 4.054887256261926   } 
   potential_energy { -16.53334486481214   } 
   potential_energyvar { 4.799366635199484   } 
   nonlocal_energy { 1.369064177121043   } 
   nonlocal_energyvar { 6.018502914416036   } 
   autocorr_energy { } 
} 

block { 
   label spin_0.001
   totweight 4352000
   nautocorr 0
   total_energy { -11.48071755762781   } 
   total_energyvar { 0.1921650082231545   } 
   weight { 0.9945567552212649   } 
   weightvar { 0.09376863992266841   } 
   kinetic_energy { 3.67177355699403   } 
   kinetic_energyvar { 4.138892055172414   } 
   potential_energy { -16.53909231004714   } 
   potential_energyvar { 4.861257071461462   } 
   nonlocal_energy { 1.386601195425292   } 
   nonlocal_energyvar { 6.268523242851111   } 
   autocorr_energy { } 
} 

block { 
   label spin_0.001
   totweight 4352000
   nautocorr 0
   total_energy { -11.48397427096578   } 
   total_energyvar { 0.2795070246558731   } 
   weight { 0.9961332738863851   } 
   weightvar { 0.09454559788340437   } 
   kinetic_energy { 3.663217974856742   } 
   kinetic_energyvar { 4.200776230546066   } 
   potential_energy { -16.54467754481073   } 
   potential_energyvar { 4.749321916041644   } 
   nonlocal_energy { 1.397485298988206   } 
   nonlocal_energyvar { 6.369977919661869   } 
   autocorr_energy { } 
} 

block { 
   label spin_0.001
   totweight 4352000
   nautocorr 0
   total_energy { -11.48172284968078   } 
   total_energyvar { 0.2420405609286024   } 
   weight { 0.9963111768111382   } 
   weightvar { 0.09434411632137052   } 
   kinetic_energy { 3.654245097984642   } 
   kinetic_energyvar { 4.299443058490986   } 
   potential_energy { -16.53491359785173   } 
   potential_energyvar { 4.805588688712525   } 
   nonlocal_energy { 1.398945650186306   } 
   nonlocal_energyvar { 6.493409498464845   } 
   autocorr_energy { } 
} 

block { 
   label spin_0.001
   totweight 4352000
   nautocorr 0
   total_energy { -11.47911577981464   } 
   total_energyvar { 0.2507780756134335   } 
   weight { 0.9945272165406461   } 
   weightvar { 0.09510844130994715   } 
   kinetic_energy { 3.682890764459935   } 
   kinetic_energyvar { 4.35178816765479   } 
   potential_energy { -16.5834365371207   } 
   potential_energyvar { 4.891242564642485   } 
   nonlocal_energy { 1.42142999284613   } 
   nonlocal_energyvar { 6.578699700719753   } 
   autocorr_energy { } 
} 

block { 
   label spin_0.001
   totweight 4352000
   nautocorr 0
   total_energy { -11.48192920649478   } 
   total_energyvar { 2.946251354676162   } 
   weight { 0.9941242283447168   } 
   weightvar { 0.09492107324216417   } 
   kinetic_energy { 3.689757013025069   } 
   kinetic_energyvar { 6.892650150453507   } 
   potential_energy { -16.59437924271464   } 
   potential_energyvar { 4.830299470656217   } 
   nonlocal_energy { 1.422693023194787   } 
   nonlocal_energyvar { 6.541579491929139   } 
   autocorr_energy { } 
} 

block { 
   label spin_0.001
   totweight 4352000
   nautocorr 0
   total_energy { -11.48243820811643   } 
   total_energyvar { 0.1751777967716734   } 
   weight { 0.9952326999430657   } 
   weightvar { 0.09504547402599686   } 
   kinetic_energy { 3.702509227780738   } 
   kinetic_energyvar { 4.195858010589294   } 
   potential_energy { -16.58332280828691   } 
   potential_energyvar { 4.721295061470789   } 
   nonlocal_energy { 1.398375372389742   } 
   nonlocal_energyvar { 6.3304478047   } 
   autocorr_energy { } 
} 

block { 
   label spin_0.001
   totweight 4352000
   nautocorr 0
   total_energy { -11.48229005303168   } 
   total_energyvar { 0.2731823854644321   } 
   weight { 0.9956140286515722   } 
   weightvar { 0.09295196465792041   } 
   kinetic_energy { 3.680229672005243   } 
   kinetic_energyvar { 4.454179826047602   } 
   potential_energy { -16.56949095678464   } 
   potential_energyvar { 4.94861326002939   } 
   nonlocal_energy { 1.406971231747713   } 
   nonlocal_energyvar { 6.513941965601886   } 
   autocorr_energy { } 
} 

block { 
   label spin_0.001
   totweight 4352000
   nautocorr 0
   total_energy { -11.48235270425655   } 
   total_energyvar { 0.1820236021367293   } 
   weight { 0.9956633753784211   } 
   weightvar { 0.09461085262756917   } 
   kinetic_energy { 3.68214610439331   } 
   kinetic_energyvar { 4.320415514824609   } 
   potential_energy { -16.57285197437071   } 
   potential_energyvar { 4.949144868024465   } 
   nonlocal_energy { 1.408353165720849   } 
   nonlocal_energyvar { 6.391677477603458   } 
   autocorr_energy { } 
} 

block { 
   label spin_0.001
   totweight 4352000
   nautocorr 0
   total_energy { -11.4830039027603   } 
   total_energyvar { 0.1728203727012967   } 
   weight { 0.9962171719467222   } 
   weightvar { 0.09567392345746488   } 
   kinetic_energy { 3.683402882420887   } 
   kinetic_energyvar { 4.15862092288793   } 
   potential_energy { -16.56717122328332   } 
   potential_energyvar { 4.939776900430425   } 
   nonlocal_energy { 1.400764438102137   } 
   nonlocal_energyvar { 6.24849534510805   } 
   autocorr_energy { } 
} 

block { 
   label spin_0.001
   totweight 4352000
   nautocorr 0
   total_energy { -11.48453522355446   } 
   total_energyvar { 0.2025059950066765   } 
   weight { 0.9968914042530904   } 
   weightvar { 0.09710957986158245   } 
   kinetic_energy { 3.656192774200223   } 
   kinetic_energyvar { 4.313564406020499   } 
   potential_energy { -16.51609144844337   } 
   potential_energyvar { 4.873421909925595   } 
   nonlocal_energy { 1.375363450688681   } 
   nonlocal_energyvar { 6.338931342918022   } 
   autocorr_energy { } 
} 

block { 
   label spin_0.001
   totweight 4352000
   nautocorr 0
   total_energy { -11.48689486122429   } 
   total_energyvar { 0.1881379967886471   } 
   weight { 0.9981318465726093   } 
   weightvar { 0.09645941024318466   } 
   kinetic_energy { 3.675032876677485   } 
   kinetic_energyvar { 4.326048268683282   } 
   potential_energy { -16.55195815204149   } 
   potential_energyvar { 4.984855992913331   } 
   nonlocal_energy { 1.390030414139716   } 
   nonlocal_energyvar { 6.318093551115735   } 
   autocorr_energy { } 
} 

block { 
   label spin_0.001
   totweight 4352000
   nautocorr 0
   total_energy { -11.4810335003142   } 
   total_energyvar { 0.1961871849811772   } 
   weight { 0.9977550065052609   } 
   weightvar { 0.09693138213852   } 
   kinetic_energy { 3.677803986524433   } 
   kinetic_energyvar { 4.105722441660504   } 
   potential_energy { -16.55750207462986   } 
   potential_energyvar { 4.773530127886075   } 
   nonlocal_energy { 1.398664587791218   } 
   nonlocal_energyvar { 6.295161617949644   } 
   autocorr_energy { } 
} 

block { 
   label spin_0.001
   totweight 4352000
   nautocorr 0
   total_energy { -11.48221116920702   } 
   total_energyvar { 0.1885927206504485   } 
   weight { 0.995532889731837   } 
   weightvar { 0.09514108740570332   } 
   kinetic_energy { 3.672321069299647   } 
   kinetic_energyvar { 4.080600370047263   } 
   potential_energy { -16.55261338888998   } 
   potential_energyvar { 4.80404899062213   } 
   nonlocal_energy { 1.398081150383309   } 
   nonlocal_energyvar { 6.21089779896688   } 
   autocorr_energy { } 
} 

block { 
   label spin_0.001
   totweight 4352000
   nautocorr 0
   total_energy { -11.48554802660324   } 
   total_energyvar { 0.1933245414197035   } 
   weight { 0.9964178475938741   } 
   weightvar { 0.09401533248002041   } 
   kinetic_energy { 3.668744988753627   } 
   kinetic_energyvar { 4.33986290926621   } 
   potential_energy { -16.56529695212776   } 
   potential_energyvar { 4.915822918928271   } 
   nonlocal_energy { 1.411003936770904   } 
   nonlocal_energyvar { 6.478986030412553   } 
   autocorr_energy { } 
} 

block { 
   label spin_0.001
   totweight 4352000
   nautocorr 0
   total_energy { -11.48419120526345   } 
   total_energyvar { 0.2557142638583998   } 
   weight { 0.9976466857583015   } 
   weightvar { 0.09354244935049667   } 
   kinetic_energy { 3.675788775765831   } 
   kinetic_energyvar { 4.4481967805609   } 
   potential_energy { -16.56844831468406   } 
   potential_energyvar { 4.865130737930511   } 
   nonlocal_energy { 1.408468333654781   } 
   nonlocal_energyvar { 6.533089005399344   } 
   autocorr_energy { } 
} 

block { 
   label spin_0.001
   totweight 4352000
   nautocorr 0
   total_energy { -11.48149561122883   } 
   total_energyvar { 0.1985429704622204   } 
   weight { 0.9958156154201069   } 
   weightvar { 0.09687401956603622   } 
   kinetic_energy { 3.652817167756125   } 
   kinetic_energyvar { 4.251106849079774   } 
   potential_energy { -16.5494205744037   } 
   potential_energyvar { 4.974046478608899   } 
   nonlocal_energy { 1.415107795418743   } 
   nonlocal_energyvar { 6.401478348511451   } 
   autocorr_energy { } 
} 

block { 
   label spin_0.001
   totweight 4352000
   nautocorr 0
   total_energy { -11.48276031775953   } 
   total_energyvar { 0.1814533107568236   } 
   weight { 0.9955333501195611   } 
   weightvar { 0.09964150543137756   } 
   kinetic_energy { 3.666526416987253   } 
   kinetic_energyvar { 4.200773713160407   } 
   potential_energy { -16.54879862769685   } 
   potential_energyvar { 4.872637204111061   } 
   nonlocal_energy { 1.399511892950066   } 
   nonlocal_energyvar { 6.381573716520846   } 
   autocorr_energy { } 
} 

block { 
   label spin_0.001
   totweight 4352000
   nautocorr 0
   total_energy { -11.48398463806551   } 
   total_energyvar { 0.1888976772397783   } 
   weight { 0.9967382330555233   } 
   weightvar { 0.09877108025382644   } 
   kinetic_energy { 3.69524632606847   } 
   kinetic_energyvar { 4.071825858894853   } 
   potential_energy { -16.56924938052037   } 
   potential_energyvar { 4.836573374904838   } 
   nonlocal_energy { 1.390018416386396   } 
   nonlocal_energyvar { 6.194596177582502   } 
   autocorr_energy { } 
} 

block { 
   label spin_0.001
   totweight 4352000
   nautocorr 0
   total_energy { -11.48163474033187   } 
   total_energyvar { 0.2246731089109302   } 
   weight { 0.995870189133459   } 
   weightvar { 0.09647332768044037   } 
   kinetic_energy { 3.710490387124679   } 
   kinetic_energyvar { 4.204250313764251   } 
   potential_energy { -16.5975731979784   } 
   potential_energyvar { 4.912819947669434   } 
   nonlocal_energy { 1.405448070521856   } 
   nonlocal_energyvar { 6.316916679249244   } 
   autocorr_energy { } 
} 

block { 
   label spin_0.001
   totweight 4352000
   nautocorr 0
   total_energy { -11.48129885599163   } 
   total_energyvar { 0.2275868899864891   } 
   weight { 0.9951699944783348   } 
   weightvar { 0.09622402270922351   } 
   kinetic_energy { 3.682995108360436   } 
   kinetic_energyvar { 4.273144954082002   } 
   potential_energy { -16.57808358400708   } 
   potential_energyvar { 4.900819141175318   } 
   nonlocal_energy { 1.413789619655022   } 
   nonlocal_energyvar { 6.568057721116366   } 
   autocorr_energy { } 
} 

block { 
   label spin_0.001
   totweight 4352000
   nautocorr 0
   total_energy { -11.483187240054   } 
   total_energyvar { 0.2278924594922234   } 
   weight { 0.9952988290695556   } 
   weightvar { 0.09445885877711438   } 
   kinetic_energy { 3.652886657851237   } 
   kinetic_energyvar { 4.58294647939079   } 
   potential_energy { -16.55952181846839   } 
   potential_energyvar { 4.838336215279843   } 
   nonlocal_energy { 1.423447920563154   } 
   nonlocal_energyvar { 6.980995612248797   } 
   autocorr_energy { } 
} 

block { 
   label spin_0.001
   totweight 4352000
   nautocorr 0
   total_energy { -11.48207788276157   } 
   total_energyvar { 0.2378273619983395   } 
   weight { 0.9947731883861356   } 
   weightvar { 0.09503942855796135   } 
   kinetic_energy { 3.686932765405108   } 
   kinetic_energyvar { 4.517383420793546   } 
   potential_energy { -16.5998509941381   } 
   potential_energyvar { 4.941925866314334   } 
   nonlocal_energy { 1.430840345971414   } 
   nonlocal_energyvar { 6.819606982060104   } 
   autocorr_energy { } 
} 

block { 
   label spin_0.001
   totweight 4352000
   nautocorr 0
   total_energy { -11.48078294017547   } 
   total_energyvar { 0.201122515190729   } 
   weight { 0.993827235155098   } 
   weightvar { 0.09285009107896741   } 
   kinetic_energy { 3.706997235215501   } 
   kinetic_energyvar { 4.125175441429101   } 
   potential_energy { -16.57873659444676   } 
   potential_energyvar { 4.726360879774864   } 
   nonlocal_energy { 1.39095641905579   } 
   nonlocal_energyvar { 6.145016136661686   } 
   autocorr_energy { } 
} 

block { 
   label spin_0.001
   totweight 4352000
   nautocorr 0
   total_energy { -11.48211168468888   } 
   total_energyvar { 0.1818492346187777   } 
   weight { 0.9946876067572152   } 
   weightvar { 0.09543370197602612   } 
   kinetic_energy { 3.673637488631567   } 
   kinetic_energyvar { 4.206132992491352   } 
   potential_energy { -16.55148401636459   } 
   potential_energyvar { 4.844861661823733   } 
   nonlocal_energy { 1.395734843044138   } 
   nonlocal_energyvar { 6.423219891739461   } 
   autocorr_energy { } 
} 

block { 
   label spin_0.001
   totweight 4352000
   nautocorr 0
   total_energy { -11.47945393210128   } 
   total_energyvar { 0.2544531764073021   } 
   weight { 0.9944688940090372   } 
   weightvar { 0.09452235407276037   } 
   kinetic_energy { 3.653451317665018   } 
   kinetic_energyvar { 4.48365110787377   } 
   potential_energy { -16.5732005826433   } 
   potential_energyvar { 5.032643220034146   } 
   nonlocal_energy { 1.440295332877001   } 
   nonlocal_energyvar { 6.904129617625657   } 
   autocorr_energy { } 
} 

block { 
   label spin_0.001
   totweight 4352000
   nautocorr 0
   total_energy { -11.48586715120384   } 
   total_energyvar { 0.2015557729040999   } 
   weight { 0.9948663910308007   } 
   weightvar { 0.09495706117231774   } 
   kinetic_energy { 3.645472406709862   } 
   kinetic_energyvar { 4.436413888686749   } 
   potential_energy { -16.57333954261819   } 
   potential_energyvar { 4.938151641305275   } 
   nonlocal_energy { 1.44199998470449   } 
   nonlocal_energyvar { 6.834169088497157   } 
   autocorr_energy { } 
} 

block { 
   label spin_0.001
   totweight 4352000
   nautocorr 0
   total_energy { -11.48140917783283   } 
   total_energyvar { 0.1727495481120248   } 
   weight { 0.9969697625888888   } 
   weightvar { 0.09327836828392254   } 
   kinetic_energy { 3.688427118167712   } 
   kinetic_energyvar { 4.0542045023415   } 
   potential_energy { -16.57801614245066   } 
   potential_energyvar { 4.880062906885867   } 
   nonlocal_energy { 1.40817984645011   } 
   nonlocal_energyvar { 6.289069689131139   } 
   autocorr_energy { } 
} 

block { 
   label spin_0.001
   totweight 4352000
   nautocorr 0
   total_energy { -11.47668026428064   } 
   total_energyvar { 0.2705954373605197   } 
   weight { 0.9933875157203361   } 
   weightvar { 0.0940592186076087   } 
   kinetic_energy { 3.667966823265666   } 
   kinetic_energyvar { 4.363387623038609   } 
   potential_energy { -16.54305404602909   } 
   potential_energyvar { 4.905434222450787   } 
   nonlocal_energy { 1.398406958482787   } 
   nonlocal_energyvar { 6.482301507541997   } 
   autocorr_energy { } 
} 

block { 
   label spin_0.001
   totweight 4352000
   nautocorr 0
   total_energy { -11.48028798780651   } 
   total_energyvar { 0.1920250045781851   } 
   weight { 0.9925313227687184   } 
   weightvar { 0.09444179166982045   } 
   kinetic_energy { 3.667946102127027   } 
   kinetic_energyvar { 4.28652976482025   } 
   potential_energy { -16.5711789369772   } 
   potential_energyvar { 4.994804327331216   } 
   nonlocal_energy { 1.422944847043654   } 
   nonlocal_energyvar { 6.571106445564411   } 
   autocorr_energy { } 
} 

block { 
   label spin_0.001
   totweight 4352000
   nautocorr 0
   total_energy { -11.48074215455021   } 
   total_energyvar { 0.1732813191370274   } 
   weight { 0.9938483812783798   } 
   weightvar { 0.09489497735917939   } 
   kinetic_energy { 3.710923260247508   } 
   kinetic_energyvar { 4.102119720382754   } 
   potential_energy { -16.57996639878157   } 
   potential_energyvar { 4.800708567326089   } 
   nonlocal_energy { 1.388300983983855   } 
   nonlocal_energyvar { 6.074293809779651   } 
   autocorr_energy { } 
} 

block { 
   label spin_0.001
   totweight 4352000
   nautocorr 0
   total_energy { -11.48118265342928   } 
   total_energyvar { 0.1886861118204601   } 
   weight { 0.9941076520489061   } 
   weightvar { 0.09464909575770984   } 
   kinetic_energy { 3.694212633480443   } 
   kinetic_energyvar { 4.219575812090449   } 
   potential_energy { -16.5908296893202   } 
   potential_energyvar { 4.889462457349508   } 
   nonlocal_energy { 1.415434402410477   } 
   nonlocal_energyvar { 6.455542165348787   } 
   autocorr_energy { } 
} 

block { 
   label spin_0.001
   totweight 4352000
   nautocorr 0
   total_energy { -11.48148640409179   } 
   total_energyvar { 0.1859175343758979   } 
   weight { 0.9943281519301882   } 
   weightvar { 0.09435257643249259   } 
   kinetic_energy { 3.691650073749251   } 
   kinetic_energyvar { 4.167317570501639   } 
   potential_energy { -16.58809049632232   } 
   potential_energyvar { 4.951579360577864   } 
   nonlocal_energy { 1.414954018481271   } 
   nonlocal_energyvar { 6.39346318650309   } 
   autocorr_energy { } 
} 

block { 
   label spin_0.001
   totweight 4352000
   nautocorr 0
   total_energy { -11.48255772012523   } 
   total_energyvar { 0.2067511452990584   } 
   weight { 0.9950774132302572   } 
   weightvar { 0.09313036138822756   } 
   kinetic_energy { 3.679543408893274   } 
   kinetic_energyvar { 4.367875415687518   } 
   potential_energy { -16.60234478628244   } 
   potential_energyvar { 4.947943905870002   } 
   nonlocal_energy { 1.440243657263943   } 
   nonlocal_energyvar { 6.733971582728001   } 
   autocorr_energy { } 
} 

block { 
   label spin_0.001
   totweight 4352000
   nautocorr 0
   total_energy { -11.4828973798752   } 
   total_energyvar { 0.2422771127255962   } 
   weight { 0.9956807544974042   } 
   weightvar { 0.09520403154666289   } 
   kinetic_energy { 3.654344462595416   } 
   kinetic_energyvar { 4.350876807325225   } 
   potential_energy { -16.55624111536227   } 
   potential_energyvar { 4.813390826863857   } 
   nonlocal_energy { 1.418999272891649   } 
   nonlocal_energyvar { 6.582894496144448   } 
   autocorr_energy { } 
} 

block { 
   label spin_0.001
   totweight 4352000
   nautocorr 0
   total_energy { -11.48043970907504   } 
   total_energyvar { 0.2365454320217539   } 
   weight { 0.9942998031217529   } 
   weightvar { 0.0945667633220615   } 
   kinetic_energy { 3.654428991806033   } 
   kinetic_energyvar { 4.539997527530123   } 
   potential_energy { -16.56816844697488   } 
   potential_energyvar { 4.96885664479228   } 
   nonlocal_energy { 1.433299746093807   } 
   nonlocal_energyvar { 6.802256538280496   } 
   autocorr_energy { } 
} 

