#-------------------------------------------------
#DMC run: timestep 0.001
#-------------------------------------------------


init { 
   label spin_0.001
}
block { 
   label spin_0.001
   totweight 10880000
   nautocorr 0
   total_energy { -11.36187116678139   } 
   total_energyvar { 0.1974706839895913   } 
   weight { 1.001708810617504   } 
   weightvar { 0.007334591944848744   } 
   kinetic_energy { 3.668922254017461   } 
   kinetic_energyvar { 4.772561731797422   } 
   potential_energy { -16.24318753469618   } 
   potential_energyvar { 4.594778297232692   } 
   nonlocal_energy { 1.212394113897328   } 
   nonlocal_energyvar { 6.656267007816406   } 
   autocorr_energy { } 
} 

block { 
   label spin_0.001
   totweight 10880000
   nautocorr 0
   total_energy { -11.36481029642779   } 
   total_energyvar { 0.2174285483076825   } 
   weight { 1.002892090679276   } 
   weightvar { 0.02629254517258372   } 
   kinetic_energy { 3.665454349086829   } 
   kinetic_energyvar { 4.750860069782882   } 
   potential_energy { -16.23790944648727   } 
   potential_energyvar { 4.579621894485157   } 
   nonlocal_energy { 1.20764480097265   } 
   nonlocal_energyvar { 6.608002738430927   } 
   autocorr_energy { } 
} 

block { 
   label spin_0.001
   totweight 10880000
   nautocorr 0
   total_energy { -11.36420809484927   } 
   total_energyvar { 0.246294214441151   } 
   weight { 0.9994174279876323   } 
   weightvar { 0.04385976196056357   } 
   kinetic_energy { 3.639607829995358   } 
   kinetic_energyvar { 4.786253992336366   } 
   potential_energy { -16.20932187048729   } 
   potential_energyvar { 4.53328925898654   } 
   nonlocal_energy { 1.205505945642661   } 
   nonlocal_energyvar { 6.687390795853942   } 
   autocorr_energy { } 
} 

block { 
   label spin_0.001
   totweight 10880000
   nautocorr 0
   total_energy { -11.36484144252412   } 
   total_energyvar { 0.2153740436373017   } 
   weight { 0.9978664731053423   } 
   weightvar { 0.05808205565417855   } 
   kinetic_energy { 3.659146122624074   } 
   kinetic_energyvar { 4.73411285854623   } 
   potential_energy { -16.22061181347891   } 
   potential_energyvar { 4.569472941484154   } 
   nonlocal_energy { 1.196624248330711   } 
   nonlocal_energyvar { 6.644716503624621   } 
   autocorr_energy { } 
} 

block { 
   label spin_0.001
   totweight 10880000
   nautocorr 0
   total_energy { -11.36556388929465   } 
   total_energyvar { 0.240677307940684   } 
   weight { 0.9975619216808235   } 
   weightvar { 0.06913626685312808   } 
   kinetic_energy { 3.654971327082384   } 
   kinetic_energyvar { 4.827160050185869   } 
   potential_energy { -16.22018597306586   } 
   potential_energyvar { 4.640932389386068   } 
   nonlocal_energy { 1.199650756688827   } 
   nonlocal_energyvar { 6.692375712324409   } 
   autocorr_energy { } 
} 

block { 
   label spin_0.001
   totweight 10880000
   nautocorr 0
   total_energy { -11.36334012619175   } 
   total_energyvar { 0.2308615643601035   } 
   weight { 0.9969621738952764   } 
   weightvar { 0.07724209542738304   } 
   kinetic_energy { 3.651758664277515   } 
   kinetic_energyvar { 4.744475685163103   } 
   potential_energy { -16.21672271812955   } 
   potential_energyvar { 4.596031120049856   } 
   nonlocal_energy { 1.201623927660279   } 
   nonlocal_energyvar { 6.602160203647568   } 
   autocorr_energy { } 
} 

block { 
   label spin_0.001
   totweight 10880000
   nautocorr 0
   total_energy { -11.3642284758886   } 
   total_energyvar { 0.2322257165112142   } 
   weight { 0.9956539719300023   } 
   weightvar { 0.08219442967051878   } 
   kinetic_energy { 3.654121219933011   } 
   kinetic_energyvar { 4.906537232851532   } 
   potential_energy { -16.24790486327079   } 
   potential_energyvar { 4.691613730711786   } 
   nonlocal_energy { 1.229555167449179   } 
   nonlocal_energyvar { 6.849417384963176   } 
   autocorr_energy { } 
} 

block { 
   label spin_0.001
   totweight 10880000
   nautocorr 0
   total_energy { -11.36394826772533   } 
   total_energyvar { 0.2055129430355275   } 
   weight { 0.9951609802691533   } 
   weightvar { 0.08460002313934703   } 
   kinetic_energy { 3.648179634188065   } 
   kinetic_energyvar { 4.880332768313814   } 
   potential_energy { -16.23889944827081   } 
   potential_energyvar { 4.575952682272109   } 
   nonlocal_energy { 1.226771546357411   } 
   nonlocal_energyvar { 6.765360185150891   } 
   autocorr_energy { } 
} 

block { 
   label spin_0.001
   totweight 10880000
   nautocorr 0
   total_energy { -11.3647964960395   } 
   total_energyvar { 0.2204658987975448   } 
   weight { 0.9953650570958955   } 
   weightvar { 0.08623356102013482   } 
   kinetic_energy { 3.661100510305244   } 
   kinetic_energyvar { 4.860375306393061   } 
   potential_energy { -16.21662753928436   } 
   potential_energyvar { 4.561425993398043   } 
   nonlocal_energy { 1.190730532939614   } 
   nonlocal_energyvar { 6.63772663469299   } 
   autocorr_energy { } 
} 

