#-------------------------------------------------
#DMC run: timestep 0.001
#-------------------------------------------------


init { 
   label spin_0.005
}
block { 
   label spin_0.005
   totweight 819200
   nautocorr 0
   total_energy { -67.77217115798159   } 
   total_energyvar { 0.5482764967042045   } 
   weight { 0.981825520840646   } 
   weightvar { 0.002291731355442141   } 
   kinetic_energy { 23.07805210529748   } 
   kinetic_energyvar { 57.90548094321979   } 
   potential_energy { -102.400684054637   } 
   potential_energyvar { 121.8914159230616   } 
   nonlocal_energy { 11.55046079135793   } 
   nonlocal_energyvar { 129.5750310306537   } 
   autocorr_energy { } 
} 

block { 
   label spin_0.005
   totweight 819200
   nautocorr 0
   total_energy { -67.7701010364881   } 
   total_energyvar { 0.4586711564333509   } 
   weight { 0.9672285733393505   } 
   weightvar { 0.009678209645058458   } 
   kinetic_energy { 23.24109613818959   } 
   kinetic_energyvar { 57.05883636847111   } 
   potential_energy { -101.8886333312351   } 
   potential_energyvar { 121.877380811017   } 
   nonlocal_energy { 10.87743615655738   } 
   nonlocal_energyvar { 121.0904412884779   } 
   autocorr_energy { } 
} 

block { 
   label spin_0.005
   totweight 819200
   nautocorr 0
   total_energy { -67.76827447582957   } 
   total_energyvar { 0.4614668921760794   } 
   weight { 0.9729958066880223   } 
   weightvar { 0.01895691243972978   } 
   kinetic_energy { 23.48739102818666   } 
   kinetic_energyvar { 53.61571182792122   } 
   potential_energy { -101.8761882291683   } 
   potential_energyvar { 118.7904808702329   } 
   nonlocal_energy { 10.62052272515204   } 
   nonlocal_energyvar { 114.4759455165877   } 
   autocorr_energy { } 
} 

block { 
   label spin_0.005
   totweight 819200
   nautocorr 0
   total_energy { -67.76832661994565   } 
   total_energyvar { 0.5131706034069573   } 
   weight { 0.9771414124852251   } 
   weightvar { 0.02907833470648897   } 
   kinetic_energy { 23.55960237897099   } 
   kinetic_energyvar { 53.24851143489519   } 
   potential_energy { -101.9683270957501   } 
   potential_energyvar { 118.0897576812928   } 
   nonlocal_energy { 10.64039809683351   } 
   nonlocal_energyvar { 112.6540421373589   } 
   autocorr_energy { } 
} 

block { 
   label spin_0.005
   totweight 819200
   nautocorr 0
   total_energy { -67.77704802983835   } 
   total_energyvar { 0.5027005423906894   } 
   weight { 0.9818085908192188   } 
   weightvar { 0.03915271677051008   } 
   kinetic_energy { 23.587773704493   } 
   kinetic_energyvar { 55.69153251239169   } 
   potential_energy { -102.3080897291644   } 
   potential_energyvar { 119.9201179403672   } 
   nonlocal_energy { 10.94326799483309   } 
   nonlocal_energyvar { 119.2445991645333   } 
   autocorr_energy { } 
} 

block { 
   label spin_0.005
   totweight 819200
   nautocorr 0
   total_energy { -67.77707282195209   } 
   total_energyvar { 0.4758313305969554   } 
   weight { 0.9861538241163273   } 
   weightvar { 0.0496097372024092   } 
   kinetic_energy { 23.57546447954812   } 
   kinetic_energyvar { 56.0124700379319   } 
   potential_energy { -102.1882834865388   } 
   potential_energyvar { 118.7380328528758   } 
   nonlocal_energy { 10.83574618503854   } 
   nonlocal_energyvar { 119.5226172644066   } 
   autocorr_energy { } 
} 

block { 
   label spin_0.005
   totweight 819200
   nautocorr 0
   total_energy { -67.76790309383358   } 
   total_energyvar { 0.4825837696613545   } 
   weight { 0.9889866166266214   } 
   weightvar { 0.05808501963767818   } 
   kinetic_energy { 23.67012229646276   } 
   kinetic_energyvar { 53.32281416162058   } 
   potential_energy { -102.2127451699528   } 
   potential_energyvar { 121.0539893947779   } 
   nonlocal_energy { 10.77471977965648   } 
   nonlocal_energyvar { 116.1906305614207   } 
   autocorr_energy { } 
} 

block { 
   label spin_0.005
   totweight 819200
   nautocorr 0
   total_energy { -67.77212130024589   } 
   total_energyvar { 0.645104684816881   } 
   weight { 0.9902082172500092   } 
   weightvar { 0.06555836299150039   } 
   kinetic_energy { 23.73404641423191   } 
   kinetic_energyvar { 53.222708117346   } 
   potential_energy { -102.1157819025273   } 
   potential_energyvar { 119.9321070114516   } 
   nonlocal_energy { 10.60961418804946   } 
   nonlocal_energyvar { 113.7363021263034   } 
   autocorr_energy { } 
} 

block { 
   label spin_0.005
   totweight 819200
   nautocorr 0
   total_energy { -67.77080480828758   } 
   total_energyvar { 0.4927323029316709   } 
   weight { 0.991935601823849   } 
   weightvar { 0.07163575021580368   } 
   kinetic_energy { 23.75540680281021   } 
   kinetic_energyvar { 53.10519264365173   } 
   potential_energy { -102.239307963764   } 
   potential_energyvar { 116.0015572945846   } 
   nonlocal_energy { 10.71309635266617   } 
   nonlocal_energyvar { 113.2321853259503   } 
   autocorr_energy { } 
} 

block { 
   label spin_0.005
   totweight 819200
   nautocorr 0
   total_energy { -67.77239940999767   } 
   total_energyvar { 0.4877333990612455   } 
   weight { 0.9935745575907297   } 
   weightvar { 0.07709138461392431   } 
   kinetic_energy { 23.67378079161161   } 
   kinetic_energyvar { 54.13483519707518   } 
   potential_energy { -102.161684862742   } 
   potential_energyvar { 114.8983993452186   } 
   nonlocal_energy { 10.71550466113269   } 
   nonlocal_energyvar { 114.9778364549624   } 
   autocorr_energy { } 
} 

block { 
   label spin_0.005
   totweight 819200
   nautocorr 0
   total_energy { -67.76285685807593   } 
   total_energyvar { 0.4579735338672961   } 
   weight { 0.9937739792895721   } 
   weightvar { 0.08120867877359934   } 
   kinetic_energy { 23.67000925975108   } 
   kinetic_energyvar { 52.53682877519685   } 
   potential_energy { -102.2333834330813   } 
   potential_energyvar { 117.2051083173901   } 
   nonlocal_energy { 10.80051731525426   } 
   nonlocal_energyvar { 114.3717286661924   } 
   autocorr_energy { } 
} 

block { 
   label spin_0.005
   totweight 819200
   nautocorr 0
   total_energy { -67.76798278998017   } 
   total_energyvar { 0.8175162038428418   } 
   weight { 0.9941048885460462   } 
   weightvar { 0.08528434340696117   } 
   kinetic_energy { 23.6191742260777   } 
   kinetic_energyvar { 55.73734999705859   } 
   potential_energy { -102.1867883490231   } 
   potential_energyvar { 121.678912723996   } 
   nonlocal_energy { 10.79963133296524   } 
   nonlocal_energyvar { 118.7606599081525   } 
   autocorr_energy { } 
} 

block { 
   label spin_0.005
   totweight 819200
   nautocorr 0
   total_energy { -67.7571081363356   } 
   total_energyvar { 0.4592680568323366   } 
   weight { 0.9932875598910472   } 
   weightvar { 0.0879152352732014   } 
   kinetic_energy { 23.7689915463297   } 
   kinetic_energyvar { 52.86786624296308   } 
   potential_energy { -102.1008813684921   } 
   potential_energyvar { 113.8865553543834   } 
   nonlocal_energy { 10.57478168582682   } 
   nonlocal_energyvar { 106.3981427504696   } 
   autocorr_energy { } 
} 

block { 
   label spin_0.005
   totweight 819200
   nautocorr 0
   total_energy { -67.76903609543378   } 
   total_energyvar { 0.508490007865204   } 
   weight { 0.9932798872809863   } 
   weightvar { 0.09024662022265083   } 
   kinetic_energy { 23.72054460352363   } 
   kinetic_energyvar { 54.50522387106115   } 
   potential_energy { -102.1409617612623   } 
   potential_energyvar { 118.0023598841849   } 
   nonlocal_energy { 10.65138106230485   } 
   nonlocal_energyvar { 114.9509369828421   } 
   autocorr_energy { } 
} 

block { 
   label spin_0.005
   totweight 819200
   nautocorr 0
   total_energy { -67.76722478813988   } 
   total_energyvar { 0.4662685901247929   } 
   weight { 0.9941947295932743   } 
   weightvar { 0.09314036903362309   } 
   kinetic_energy { 23.74627040427067   } 
   kinetic_energyvar { 54.45234155493147   } 
   potential_energy { -102.0853979077646   } 
   potential_energyvar { 116.618492075121   } 
   nonlocal_energy { 10.57190271535408   } 
   nonlocal_energyvar { 110.6099080037041   } 
   autocorr_energy { } 
} 

