#-------------------------------------------------
#DMC run: timestep 0.005
#-------------------------------------------------


init { 
   label spin_0.005
}
block { 
   label spin_0.005
   totweight 870400
   nautocorr 0
   total_energy { -104.4849351889709   } 
   total_energyvar { 1.022728717021266   } 
   weight { 1.026255483768547   } 
   weightvar { 0.02844658338592018   } 
   kinetic_energy { 34.9796487046312   } 
   kinetic_energyvar { 106.5062667646023   } 
   potential_energy { -152.8638925957899   } 
   potential_energyvar { 175.7044243060483   } 
   nonlocal_energy { 13.39930870218782   } 
   nonlocal_energyvar { 198.3445401463222   } 
   autocorr_energy { } 
} 

block { 
   label spin_0.005
   totweight 870400
   nautocorr 0
   total_energy { -104.4429209146071   } 
   total_energyvar { 1.194335017174199   } 
   weight { 1.014831065847609   } 
   weightvar { 0.07608444164566634   } 
   kinetic_energy { 35.4180437354408   } 
   kinetic_energyvar { 103.8240872358266   } 
   potential_energy { -153.3962081489038   } 
   potential_energyvar { 173.8330703993982   } 
   nonlocal_energy { 13.53524349885591   } 
   nonlocal_energyvar { 196.416030868482   } 
   autocorr_energy { } 
} 

block { 
   label spin_0.005
   totweight 870400
   nautocorr 0
   total_energy { -104.4316155791731   } 
   total_energyvar { 1.221077477865885   } 
   weight { 0.9812673604519748   } 
   weightvar { 0.0944723613734515   } 
   kinetic_energy { 35.54726489623425   } 
   kinetic_energyvar { 105.4758447641142   } 
   potential_energy { -153.5405906702788   } 
   potential_energyvar { 177.6447549742486   } 
   nonlocal_energy { 13.56171019487152   } 
   nonlocal_energyvar { 198.8152653275564   } 
   autocorr_energy { } 
} 

block { 
   label spin_0.005
   totweight 870400
   nautocorr 0
   total_energy { -104.429435557231   } 
   total_energyvar { 1.225883760756249   } 
   weight { 0.9736397503620924   } 
   weightvar { 0.1015766112468606   } 
   kinetic_energy { 35.44378435176674   } 
   kinetic_energyvar { 106.4840679642227   } 
   potential_energy { -153.433818535078   } 
   potential_energyvar { 177.7415836759412   } 
   nonlocal_energy { 13.56059862608028   } 
   nonlocal_energyvar { 199.8435771284683   } 
   autocorr_energy { } 
} 

block { 
   label spin_0.005
   totweight 870400
   nautocorr 0
   total_energy { -104.4382601688211   } 
   total_energyvar { 1.21877923071475   } 
   weight { 0.9833970653592761   } 
   weightvar { 0.1056479776646849   } 
   kinetic_energy { 35.45973697796117   } 
   kinetic_energyvar { 105.6898253476246   } 
   potential_energy { -153.3881208742274   } 
   potential_energyvar { 176.206213586724   } 
   nonlocal_energy { 13.49012372744518   } 
   nonlocal_energyvar { 196.9551855789075   } 
   autocorr_energy { } 
} 

block { 
   label spin_0.005
   totweight 870400
   nautocorr 0
   total_energy { -104.4238199452582   } 
   total_energyvar { 1.223659704245913   } 
   weight { 0.9815031193414366   } 
   weightvar { 0.1026344775831488   } 
   kinetic_energy { 35.43390756095987   } 
   kinetic_energyvar { 105.0657649197605   } 
   potential_energy { -153.4066170502552   } 
   potential_energyvar { 178.5365033529273   } 
   nonlocal_energy { 13.54888954403711   } 
   nonlocal_energyvar { 198.8447214476668   } 
   autocorr_energy { } 
} 

block { 
   label spin_0.005
   totweight 870400
   nautocorr 0
   total_energy { -104.4202619785428   } 
   total_energyvar { 1.23209829501117   } 
   weight { 0.9842488439744875   } 
   weightvar { 0.1034453576060025   } 
   kinetic_energy { 35.58083828907881   } 
   kinetic_energyvar { 103.8252595396771   } 
   potential_energy { -153.5095840177627   } 
   potential_energyvar { 175.9879060351313   } 
   nonlocal_energy { 13.50848375014108   } 
   nonlocal_energyvar { 196.2001914378978   } 
   autocorr_energy { } 
} 

block { 
   label spin_0.005
   totweight 870400
   nautocorr 0
   total_energy { -104.4206382776121   } 
   total_energyvar { 1.228825634193517   } 
   weight { 0.9873490058905775   } 
   weightvar { 0.1017783651336334   } 
   kinetic_energy { 35.4091824476767   } 
   kinetic_energyvar { 105.4703255927696   } 
   potential_energy { -153.2580431894274   } 
   potential_energyvar { 176.7792077810092   } 
   nonlocal_energy { 13.4282224641385   } 
   nonlocal_energyvar { 197.7148649487966   } 
   autocorr_energy { } 
} 

block { 
   label spin_0.005
   totweight 870400
   nautocorr 0
   total_energy { -104.4139151881757   } 
   total_energyvar { 1.230243935360461   } 
   weight { 0.98787471591308   } 
   weightvar { 0.1041542788416795   } 
   kinetic_energy { 35.47787010779863   } 
   kinetic_energyvar { 105.705655064343   } 
   potential_energy { -153.3277662055046   } 
   potential_energyvar { 178.734037024364   } 
   nonlocal_energy { 13.4359809095302   } 
   nonlocal_energyvar { 198.1789391574006   } 
   autocorr_energy { } 
} 

block { 
   label spin_0.005
   totweight 870400
   nautocorr 0
   total_energy { -104.425166298843   } 
   total_energyvar { 1.241096396012227   } 
   weight { 0.9918408709427401   } 
   weightvar { 0.09988882795375259   } 
   kinetic_energy { 35.65930548606182   } 
   kinetic_energyvar { 104.775299568422   } 
   potential_energy { -153.5648770648076   } 
   potential_energyvar { 179.0137037430349   } 
   nonlocal_energy { 13.48040527990272   } 
   nonlocal_energyvar { 196.5060552604554   } 
   autocorr_energy { } 
} 

block { 
   label spin_0.005
   totweight 870400
   nautocorr 0
   total_energy { -104.4233567202251   } 
   total_energyvar { 1.217595287105708   } 
   weight { 0.9966200904588822   } 
   weightvar { 0.09827049220977425   } 
   kinetic_energy { 35.50317490745513   } 
   kinetic_energyvar { 105.374179856002   } 
   potential_energy { -153.3928886474214   } 
   potential_energyvar { 176.3455655785455   } 
   nonlocal_energy { 13.46635701974123   } 
   nonlocal_energyvar { 198.5162931501325   } 
   autocorr_energy { } 
} 

block { 
   label spin_0.005
   totweight 870400
   nautocorr 0
   total_energy { -104.4359259910304   } 
   total_energyvar { 1.215982060944857   } 
   weight { 1.002509770891244   } 
   weightvar { 0.09991430059955775   } 
   kinetic_energy { 35.53404330944013   } 
   kinetic_energyvar { 103.7048505141461   } 
   potential_energy { -153.3777756125813   } 
   potential_energyvar { 177.5658552735788   } 
   nonlocal_energy { 13.40780631211083   } 
   nonlocal_energyvar { 195.1996783275634   } 
   autocorr_energy { } 
} 

block { 
   label spin_0.005
   totweight 870400
   nautocorr 0
   total_energy { -104.4223986783804   } 
   total_energyvar { 1.232410432232099   } 
   weight { 1.001522740038117   } 
   weightvar { 0.09781811870099331   } 
   kinetic_energy { 35.51041319664606   } 
   kinetic_energyvar { 105.3841438307382   } 
   potential_energy { -153.4388700919478   } 
   potential_energyvar { 178.8249803039591   } 
   nonlocal_energy { 13.50605821692144   } 
   nonlocal_energyvar { 197.5488074070362   } 
   autocorr_energy { } 
} 

block { 
   label spin_0.005
   totweight 870400
   nautocorr 0
   total_energy { -104.4274843913532   } 
   total_energyvar { 1.244316029633696   } 
   weight { 0.9987375157079603   } 
   weightvar { 0.09868531848874391   } 
   kinetic_energy { 35.50723248103827   } 
   kinetic_energyvar { 106.5127493590641   } 
   potential_energy { -153.5682505066887   } 
   potential_energyvar { 178.1322253244775   } 
   nonlocal_energy { 13.63353363429716   } 
   nonlocal_energyvar { 201.7732335523641   } 
   autocorr_energy { } 
} 

block { 
   label spin_0.005
   totweight 870400
   nautocorr 0
   total_energy { -104.4267209712053   } 
   total_energyvar { 1.230596000405712   } 
   weight { 1.000325187813294   } 
   weightvar { 0.09709165917518962   } 
   kinetic_energy { 35.54462671150782   } 
   kinetic_energyvar { 103.9509334262733   } 
   potential_energy { -153.4972205765835   } 
   potential_energyvar { 176.1912124891992   } 
   nonlocal_energy { 13.52587289387034   } 
   nonlocal_energyvar { 198.3010868010416   } 
   autocorr_energy { } 
} 

block { 
   label spin_0.005
   totweight 870400
   nautocorr 0
   total_energy { -104.4246352199881   } 
   total_energyvar { 1.224613435969567   } 
   weight { 0.9994111381242963   } 
   weightvar { 0.09856243190188081   } 
   kinetic_energy { 35.21161124641553   } 
   kinetic_energyvar { 108.3226199677458   } 
   potential_energy { -153.2093808907084   } 
   potential_energyvar { 180.6210395062793   } 
   nonlocal_energy { 13.57313442430472   } 
   nonlocal_energyvar { 203.4893089918561   } 
   autocorr_energy { } 
} 

block { 
   label spin_0.005
   totweight 870400
   nautocorr 0
   total_energy { -104.4244113453932   } 
   total_energyvar { 1.243516284449623   } 
   weight { 0.9973636951823177   } 
   weightvar { 0.1016309262942902   } 
   kinetic_energy { 35.43852647435924   } 
   kinetic_energyvar { 104.5880076677578   } 
   potential_energy { -153.3544857478327   } 
   potential_energyvar { 176.0537146794322   } 
   nonlocal_energy { 13.49154792808023   } 
   nonlocal_energyvar { 195.5738597363821   } 
   autocorr_energy { } 
} 

block { 
   label spin_0.005
   totweight 870400
   nautocorr 0
   total_energy { -104.4267536183842   } 
   total_energyvar { 1.278923609580251   } 
   weight { 1.001582794528561   } 
   weightvar { 0.1003883574792185   } 
   kinetic_energy { 35.38028186287173   } 
   kinetic_energyvar { 108.1665429686733   } 
   potential_energy { -153.3864513747306   } 
   potential_energyvar { 177.655484081194   } 
   nonlocal_energy { 13.57941589347464   } 
   nonlocal_energyvar { 202.1536292151141   } 
   autocorr_energy { } 
} 

block { 
   label spin_0.005
   totweight 870400
   nautocorr 0
   total_energy { -104.4200929420343   } 
   total_energyvar { 1.255487722891944   } 
   weight { 0.9961389646288739   } 
   weightvar { 0.09711390833900363   } 
   kinetic_energy { 35.51753935016058   } 
   kinetic_energyvar { 106.6628393027141   } 
   potential_energy { -153.532392973522   } 
   potential_energyvar { 179.1207271791853   } 
   nonlocal_energy { 13.59476068132705   } 
   nonlocal_energyvar { 200.8955149426778   } 
   autocorr_energy { } 
} 

block { 
   label spin_0.005
   totweight 870400
   nautocorr 0
   total_energy { -104.4313313115739   } 
   total_energyvar { 1.219845809735922   } 
   weight { 0.9989887674871536   } 
   weightvar { 0.09968512579612711   } 
   kinetic_energy { 35.47679820282698   } 
   kinetic_energyvar { 107.8479813581662   } 
   potential_energy { -153.4685242606057   } 
   potential_energyvar { 179.4720685786186   } 
   nonlocal_energy { 13.56039474620484   } 
   nonlocal_energyvar { 197.8324367791854   } 
   autocorr_energy { } 
} 

block { 
   label spin_0.005
   totweight 870400
   nautocorr 0
   total_energy { -104.4237754286485   } 
   total_energyvar { 1.233244909251394   } 
   weight { 1.00190808476568   } 
   weightvar { 0.1007404996216106   } 
   kinetic_energy { 35.43732051563467   } 
   kinetic_energyvar { 104.4610021418107   } 
   potential_energy { -153.3846480937532   } 
   potential_energyvar { 177.7859183036616   } 
   nonlocal_energy { 13.52355214947004   } 
   nonlocal_energyvar { 197.2916365866826   } 
   autocorr_energy { } 
} 

block { 
   label spin_0.005
   totweight 870400
   nautocorr 0
   total_energy { -104.4285183761531   } 
   total_energyvar { 1.231352355680057   } 
   weight { 1.000814875794448   } 
   weightvar { 0.1006054992184898   } 
   kinetic_energy { 35.43362356953074   } 
   kinetic_energyvar { 104.7790238749763   } 
   potential_energy { -153.3258820830841   } 
   potential_energyvar { 178.8676177219691   } 
   nonlocal_energy { 13.46374013740027   } 
   nonlocal_energyvar { 199.0169402530253   } 
   autocorr_energy { } 
} 

block { 
   label spin_0.005
   totweight 870400
   nautocorr 0
   total_energy { -104.4394774385538   } 
   total_energyvar { 1.230367920795968   } 
   weight { 1.005467749445527   } 
   weightvar { 0.1011240805197487   } 
   kinetic_energy { 35.49434716654928   } 
   kinetic_energyvar { 104.8197560794926   } 
   potential_energy { -153.4640115403449   } 
   potential_energyvar { 178.0859705838846   } 
   nonlocal_energy { 13.53018693524184   } 
   nonlocal_energyvar { 196.7655440007943   } 
   autocorr_energy { } 
} 

block { 
   label spin_0.005
   totweight 870400
   nautocorr 0
   total_energy { -104.4318973357942   } 
   total_energyvar { 1.237416637587695   } 
   weight { 1.007206458894119   } 
   weightvar { 0.09842283722860039   } 
   kinetic_energy { 35.35759546852765   } 
   kinetic_energyvar { 107.2870246571046   } 
   potential_energy { -153.2916680237081   } 
   potential_energyvar { 178.4043785715818   } 
   nonlocal_energy { 13.50217521938625   } 
   nonlocal_energyvar { 200.7088955348584   } 
   autocorr_energy { } 
} 

block { 
   label spin_0.005
   totweight 870400
   nautocorr 0
   total_energy { -104.4238799287552   } 
   total_energyvar { 1.226569304845878   } 
   weight { 1.004025824676885   } 
   weightvar { 0.09929311415209256   } 
   kinetic_energy { 35.38898985075264   } 
   kinetic_energyvar { 103.9678604307121   } 
   potential_energy { -153.1313322652959   } 
   potential_energyvar { 176.0311735386606   } 
   nonlocal_energy { 13.318462485788   } 
   nonlocal_energyvar { 193.4161673356405   } 
   autocorr_energy { } 
} 

block { 
   label spin_0.005
   totweight 870400
   nautocorr 0
   total_energy { -104.4249905229498   } 
   total_energyvar { 1.239662265286663   } 
   weight { 0.9990204742421798   } 
   weightvar { 0.1010106308254082   } 
   kinetic_energy { 35.29757949962939   } 
   kinetic_energyvar { 107.6373470708948   } 
   potential_energy { -153.2436943125654   } 
   potential_energyvar { 179.3213697872823   } 
   nonlocal_energy { 13.52112428998626   } 
   nonlocal_energyvar { 201.6072053769312   } 
   autocorr_energy { } 
} 

block { 
   label spin_0.005
   totweight 870400
   nautocorr 0
   total_energy { -104.4192376065306   } 
   total_energyvar { 1.234631593480511   } 
   weight { 0.9974686069226439   } 
   weightvar { 0.1000947600343048   } 
   kinetic_energy { 35.50795018017716   } 
   kinetic_energyvar { 105.8275166349082   } 
   potential_energy { -153.4189332197889   } 
   potential_energyvar { 179.2660424848518   } 
   nonlocal_energy { 13.4917454330811   } 
   nonlocal_energyvar { 198.9445582928535   } 
   autocorr_energy { } 
} 

block { 
   label spin_0.005
   totweight 870400
   nautocorr 0
   total_energy { -104.4308354609059   } 
   total_energyvar { 1.22298461825846   } 
   weight { 0.9976842382936525   } 
   weightvar { 0.1001772336283212   } 
   kinetic_energy { 35.49518242532446   } 
   kinetic_energyvar { 104.8681267011495   } 
   potential_energy { -153.435674528602   } 
   potential_energyvar { 178.3739695201447   } 
   nonlocal_energy { 13.50965664237153   } 
   nonlocal_energyvar { 197.6881093648004   } 
   autocorr_energy { } 
} 

block { 
   label spin_0.005
   totweight 870400
   nautocorr 0
   total_energy { -104.4326126510659   } 
   total_energyvar { 1.226651852700233   } 
   weight { 1.003206665413222   } 
   weightvar { 0.1008157791917319   } 
   kinetic_energy { 35.38734610873198   } 
   kinetic_energyvar { 104.258721816578   } 
   potential_energy { -153.338931850879   } 
   potential_energyvar { 177.6585991996837   } 
   nonlocal_energy { 13.51897309108105   } 
   nonlocal_energyvar { 198.7040059711871   } 
   autocorr_energy { } 
} 

block { 
   label spin_0.005
   totweight 870400
   nautocorr 0
   total_energy { -104.4200661121532   } 
   total_energyvar { 1.235375308978431   } 
   weight { 0.9989986802504724   } 
   weightvar { 0.0988065732648017   } 
   kinetic_energy { 35.4786150368971   } 
   kinetic_energyvar { 105.1457847777195   } 
   potential_energy { -153.4449222270138   } 
   potential_energyvar { 178.236527423065   } 
   nonlocal_energy { 13.54624107796355   } 
   nonlocal_energyvar { 198.3303109453539   } 
   autocorr_energy { } 
} 

block { 
   label spin_0.005
   totweight 870400
   nautocorr 0
   total_energy { -104.4286039845622   } 
   total_energyvar { 1.212989490388875   } 
   weight { 1.0013028730228   } 
   weightvar { 0.1011874309895816   } 
   kinetic_energy { 35.42566750125003   } 
   kinetic_energyvar { 105.78511666592   } 
   potential_energy { -153.2948916756625   } 
   potential_energyvar { 177.034568776394   } 
   nonlocal_energy { 13.44062018985032   } 
   nonlocal_energyvar { 198.4449351084305   } 
   autocorr_energy { } 
} 

block { 
   label spin_0.005
   totweight 870400
   nautocorr 0
   total_energy { -104.4179719575092   } 
   total_energyvar { 1.326395813722671   } 
   weight { 0.994392217575667   } 
   weightvar { 0.09957873072201036   } 
   kinetic_energy { 35.53883184740869   } 
   kinetic_energyvar { 104.0944695396612   } 
   potential_energy { -153.4910364029532   } 
   potential_energyvar { 178.7454520322125   } 
   nonlocal_energy { 13.53423259803541   } 
   nonlocal_energyvar { 195.0650380069829   } 
   autocorr_energy { } 
} 

block { 
   label spin_0.005
   totweight 870400
   nautocorr 0
   total_energy { -104.4275662413843   } 
   total_energyvar { 1.227522091375622   } 
   weight { 0.9964476908205591   } 
   weightvar { 0.100770785154908   } 
   kinetic_energy { 35.49149977280839   } 
   kinetic_energyvar { 104.9831156459043   } 
   potential_energy { -153.3756443328467   } 
   potential_energyvar { 178.822725230426   } 
   nonlocal_energy { 13.45657831865403   } 
   nonlocal_energyvar { 196.6514499125694   } 
   autocorr_energy { } 
} 

block { 
   label spin_0.005
   totweight 870400
   nautocorr 0
   total_energy { -104.4258718916067   } 
   total_energyvar { 1.209519139463449   } 
   weight { 0.9986711701187203   } 
   weightvar { 0.09846401086745968   } 
   kinetic_energy { 35.42346320463092   } 
   kinetic_energyvar { 105.0756276962635   } 
   potential_energy { -153.3471335572513   } 
   potential_energyvar { 176.6758651855865   } 
   nonlocal_energy { 13.49779846101369   } 
   nonlocal_energyvar { 196.2782352886971   } 
   autocorr_energy { } 
} 

block { 
   label spin_0.005
   totweight 870400
   nautocorr 0
   total_energy { -104.4257874909376   } 
   total_energyvar { 1.231370521151652   } 
   weight { 0.9990210832657452   } 
   weightvar { 0.1002432508125323   } 
   kinetic_energy { 35.46513596663958   } 
   kinetic_energyvar { 106.8610161267294   } 
   potential_energy { -153.3468622422897   } 
   potential_energyvar { 181.1023319357183   } 
   nonlocal_energy { 13.45593878471254   } 
   nonlocal_energyvar { 199.4013258436466   } 
   autocorr_energy { } 
} 

block { 
   label spin_0.005
   totweight 870400
   nautocorr 0
   total_energy { -104.4311534500723   } 
   total_energyvar { 1.224000769348039   } 
   weight { 1.000589081325085   } 
   weightvar { 0.09983444336872321   } 
   kinetic_energy { 35.4775603684264   } 
   kinetic_energyvar { 105.2435754036094   } 
   potential_energy { -153.5370086815956   } 
   potential_energyvar { 179.0292271902968   } 
   nonlocal_energy { 13.62829486309693   } 
   nonlocal_energyvar { 199.5892364789938   } 
   autocorr_energy { } 
} 

block { 
   label spin_0.005
   totweight 870400
   nautocorr 0
   total_energy { -104.4284546070526   } 
   total_energyvar { 1.224740619164267   } 
   weight { 1.003244664307708   } 
   weightvar { 0.09950848539889767   } 
   kinetic_energy { 35.54679512057081   } 
   kinetic_energyvar { 105.8005967922443   } 
   potential_energy { -153.528750321002   } 
   potential_energyvar { 176.1127556796793   } 
   nonlocal_energy { 13.55350059337866   } 
   nonlocal_energyvar { 197.8929531158052   } 
   autocorr_energy { } 
} 

block { 
   label spin_0.005
   totweight 870400
   nautocorr 0
   total_energy { -104.4273988546519   } 
   total_energyvar { 1.227820129379924   } 
   weight { 1.000732160324397   } 
   weightvar { 0.09931467386381987   } 
   kinetic_energy { 35.5710231113497   } 
   kinetic_energyvar { 105.3251591315975   } 
   potential_energy { -153.5182611016919   } 
   potential_energyvar { 175.7687510772282   } 
   nonlocal_energy { 13.51983913569034   } 
   nonlocal_energyvar { 198.1846251990305   } 
   autocorr_energy { } 
} 

block { 
   label spin_0.005
   totweight 870400
   nautocorr 0
   total_energy { -104.4289507641755   } 
   total_energyvar { 1.212949867485089   } 
   weight { 1.002442173199388   } 
   weightvar { 0.09927316724355552   } 
   kinetic_energy { 35.48970105776839   } 
   kinetic_energyvar { 104.8422949443414   } 
   potential_energy { -153.3939911944916   } 
   potential_energyvar { 175.3898354279769   } 
   nonlocal_energy { 13.47533937254775   } 
   nonlocal_energyvar { 195.4334661645445   } 
   autocorr_energy { } 
} 

block { 
   label spin_0.005
   totweight 870400
   nautocorr 0
   total_energy { -104.4306157390055   } 
   total_energyvar { 1.209766826274633   } 
   weight { 1.001913708965854   } 
   weightvar { 0.0990863592976382   } 
   kinetic_energy { 35.37163608931633   } 
   kinetic_energyvar { 105.7817749812624   } 
   potential_energy { -153.3276855309399   } 
   potential_energyvar { 177.0543805954632   } 
   nonlocal_energy { 13.52543370261808   } 
   nonlocal_energyvar { 199.2755651664738   } 
   autocorr_energy { } 
} 

block { 
   label spin_0.005
   totweight 870400
   nautocorr 0
   total_energy { -104.4239517274374   } 
   total_energyvar { 1.218350085866767   } 
   weight { 1.000590314640182   } 
   weightvar { 0.1000187396833448   } 
   kinetic_energy { 35.41822050090315   } 
   kinetic_energyvar { 106.5915164730633   } 
   potential_energy { -153.3772945005254   } 
   potential_energyvar { 178.6383023648667   } 
   nonlocal_energy { 13.53512227218495   } 
   nonlocal_energyvar { 200.0947495125422   } 
   autocorr_energy { } 
} 

block { 
   label spin_0.005
   totweight 870400
   nautocorr 0
   total_energy { -104.4183017358448   } 
   total_energyvar { 1.221751911750771   } 
   weight { 0.9950762340017172   } 
   weightvar { 0.1010536310272249   } 
   kinetic_energy { 35.38529193969698   } 
   kinetic_energyvar { 105.0090724388704   } 
   potential_energy { -153.3589858096419   } 
   potential_energyvar { 176.1518305238492   } 
   nonlocal_energy { 13.55539213410015   } 
   nonlocal_energyvar { 198.9008829201414   } 
   autocorr_energy { } 
} 

block { 
   label spin_0.005
   totweight 870400
   nautocorr 0
   total_energy { -104.4216606829255   } 
   total_energyvar { 1.207247711440846   } 
   weight { 0.9957820035926626   } 
   weightvar { 0.09861816553643242   } 
   kinetic_energy { 35.46146692696   } 
   kinetic_energyvar { 106.0897576693657   } 
   potential_energy { -153.4232878054824   } 
   potential_energyvar { 179.6308249693175   } 
   nonlocal_energy { 13.54016019559693   } 
   nonlocal_energyvar { 199.3494790149404   } 
   autocorr_energy { } 
} 

block { 
   label spin_0.005
   totweight 870400
   nautocorr 0
   total_energy { -104.431815633913   } 
   total_energyvar { 1.219930162505656   } 
   weight { 0.9992749374268455   } 
   weightvar { 0.1002487541791883   } 
   kinetic_energy { 35.47489878869394   } 
   kinetic_energyvar { 105.8250829990986   } 
   potential_energy { -153.4542795679958   } 
   potential_energyvar { 178.3809734527948   } 
   nonlocal_energy { 13.54756514538887   } 
   nonlocal_energyvar { 198.7216602461437   } 
   autocorr_energy { } 
} 

block { 
   label spin_0.005
   totweight 870400
   nautocorr 0
   total_energy { -104.4210668121992   } 
   total_energyvar { 1.20783696282104   } 
   weight { 0.9980183727033848   } 
   weightvar { 0.09853023616834508   } 
   kinetic_energy { 35.45355870355435   } 
   kinetic_energyvar { 104.7255757934017   } 
   potential_energy { -153.3696149663216   } 
   potential_energyvar { 176.747187696065   } 
   nonlocal_energy { 13.49498945056805   } 
   nonlocal_energyvar { 196.0226123680968   } 
   autocorr_energy { } 
} 

block { 
   label spin_0.005
   totweight 870400
   nautocorr 0
   total_energy { -104.4259384345495   } 
   total_energyvar { 1.224917164386244   } 
   weight { 0.9986057625003885   } 
   weightvar { 0.0977913417746705   } 
   kinetic_energy { 35.56523098691454   } 
   kinetic_energyvar { 104.7547924500535   } 
   potential_energy { -153.5044373560673   } 
   potential_energyvar { 178.2287699769431   } 
   nonlocal_energy { 13.51326793460329   } 
   nonlocal_energyvar { 197.4304598300579   } 
   autocorr_energy { } 
} 

block { 
   label spin_0.005
   totweight 870400
   nautocorr 0
   total_energy { -104.4190412654148   } 
   total_energyvar { 1.215511877801158   } 
   weight { 0.9956926221589666   } 
   weightvar { 0.09997716108809623   } 
   kinetic_energy { 35.55365728336183   } 
   kinetic_energyvar { 104.2942128340403   } 
   potential_energy { -153.4358426192776   } 
   potential_energyvar { 174.8424995837136   } 
   nonlocal_energy { 13.46314407050106   } 
   nonlocal_energyvar { 196.4711574250744   } 
   autocorr_energy { } 
} 

