#-------------------------------------------------
#VMC run: timestep 0.42 nconfig 3072 steps 20
#-------------------------------------------------


init { 
   label vmc
}
block { 
   label vmc
   totweight 61440
   nautocorr 0
   total_energy { -103.7577451909424   } 
   total_energyvar { 11.91843366327243   } 
   weight { 1   } 
   weightvar { 0   } 
   kinetic_energy { 35.02514615011755   } 
   kinetic_energyvar { 119.7242041505408   } 
   potential_energy { -152.0993809204958   } 
   potential_energyvar { 204.4294304907687   } 
   nonlocal_energy { 13.31648957943588   } 
   nonlocal_energyvar { 214.8803381153817   } 
   autocorr_energy { } 
} 

block { 
   label vmc
   totweight 61440
   nautocorr 0
   total_energy { -103.7342416990769   } 
   total_energyvar { 11.96948744658886   } 
   weight { 1   } 
   weightvar { 0   } 
   kinetic_energy { 35.07757487145958   } 
   kinetic_energyvar { 116.9471498180288   } 
   potential_energy { -152.1084741201507   } 
   potential_energyvar { 206.139149941613   } 
   nonlocal_energy { 13.29665754961417   } 
   nonlocal_energyvar { 214.4883494786355   } 
   autocorr_energy { } 
} 

block { 
   label vmc
   totweight 61440
   nautocorr 0
   total_energy { -103.7452357492138   } 
   total_energyvar { 11.86082467137701   } 
   weight { 1   } 
   weightvar { 0   } 
   kinetic_energy { 34.95265146651825   } 
   kinetic_energyvar { 114.4532303833712   } 
   potential_energy { -151.9981526579652   } 
   potential_energyvar { 205.3564249082772   } 
   nonlocal_energy { 13.30026544223321   } 
   nonlocal_energyvar { 208.2682119225122   } 
   autocorr_energy { } 
} 

block { 
   label vmc
   totweight 61440
   nautocorr 0
   total_energy { -103.7294767929461   } 
   total_energyvar { 11.34812731743459   } 
   weight { 1   } 
   weightvar { 0   } 
   kinetic_energy { 35.19479242853038   } 
   kinetic_energyvar { 110.7347426694281   } 
   potential_energy { -152.0560989998381   } 
   potential_energyvar { 203.8819213744319   } 
   nonlocal_energy { 13.13182977836164   } 
   nonlocal_energyvar { 199.1978901746557   } 
   autocorr_energy { } 
} 

block { 
   label vmc
   totweight 61440
   nautocorr 0
   total_energy { -103.7464593809585   } 
   total_energyvar { 11.83639265732736   } 
   weight { 1   } 
   weightvar { 0   } 
   kinetic_energy { 34.90415346923951   } 
   kinetic_energyvar { 113.0486625409048   } 
   potential_energy { -151.8455948493626   } 
   potential_energyvar { 205.3185744171609   } 
   nonlocal_energy { 13.19498199916462   } 
   nonlocal_energyvar { 204.5983176056718   } 
   autocorr_energy { } 
} 

block { 
   label vmc
   totweight 61440
   nautocorr 0
   total_energy { -103.7587438727061   } 
   total_energyvar { 12.79896286379137   } 
   weight { 1   } 
   weightvar { 0   } 
   kinetic_energy { 35.1060523022288   } 
   kinetic_energyvar { 113.6625353443254   } 
   potential_energy { -151.8908940787139   } 
   potential_energyvar { 205.9888376309069   } 
   nonlocal_energy { 13.02609790377902   } 
   nonlocal_energyvar { 199.9317619073664   } 
   autocorr_energy { } 
} 

block { 
   label vmc
   totweight 61440
   nautocorr 0
   total_energy { -103.7363966334194   } 
   total_energyvar { 12.54272296244047   } 
   weight { 1   } 
   weightvar { 0   } 
   kinetic_energy { 35.00925484642788   } 
   kinetic_energyvar { 111.5084991516256   } 
   potential_energy { -151.9825218966672   } 
   potential_energyvar { 205.2995882045782   } 
   nonlocal_energy { 13.23687041681998   } 
   nonlocal_energyvar { 203.6807431137333   } 
   autocorr_energy { } 
} 

block { 
   label vmc
   totweight 61440
   nautocorr 0
   total_energy { -103.7551644730827   } 
   total_energyvar { 12.38218575787227   } 
   weight { 1   } 
   weightvar { 0   } 
   kinetic_energy { 35.10626497155307   } 
   kinetic_energyvar { 114.3769520782271   } 
   potential_energy { -152.2262035278196   } 
   potential_energyvar { 209.7252438819011   } 
   nonlocal_energy { 13.36477408318384   } 
   nonlocal_energyvar { 206.1065742690096   } 
   autocorr_energy { } 
} 

block { 
   label vmc
   totweight 61440
   nautocorr 0
   total_energy { -103.7115366758102   } 
   total_energyvar { 11.95460237126591   } 
   weight { 1   } 
   weightvar { 0   } 
   kinetic_energy { 35.01042697124569   } 
   kinetic_energyvar { 114.9936433340178   } 
   potential_energy { -151.8891173151606   } 
   potential_energyvar { 205.0819194119652   } 
   nonlocal_energy { 13.16715366810473   } 
   nonlocal_energyvar { 207.4440805783883   } 
   autocorr_energy { } 
} 

block { 
   label vmc
   totweight 61440
   nautocorr 0
   total_energy { -103.7391046400861   } 
   total_energyvar { 12.00267706570607   } 
   weight { 1   } 
   weightvar { 0   } 
   kinetic_energy { 35.20895132885141   } 
   kinetic_energyvar { 114.7278074400698   } 
   potential_energy { -152.1538376772548   } 
   potential_energyvar { 204.5485319397828   } 
   nonlocal_energy { 13.20578170831724   } 
   nonlocal_energyvar { 204.5804164866796   } 
   autocorr_energy { } 
} 

block { 
   label vmc
   totweight 61440
   nautocorr 0
   total_energy { -103.7511605771048   } 
   total_energyvar { 11.82460034328916   } 
   weight { 1   } 
   weightvar { 0   } 
   kinetic_energy { 35.15896999646091   } 
   kinetic_energyvar { 111.965829624243   } 
   potential_energy { -152.1073698689655   } 
   potential_energyvar { 203.8008472750786   } 
   nonlocal_energy { 13.19723929539976   } 
   nonlocal_energyvar { 204.0623224990874   } 
   autocorr_energy { } 
} 

block { 
   label vmc
   totweight 61440
   nautocorr 0
   total_energy { -103.7075306194684   } 
   total_energyvar { 11.91763811018405   } 
   weight { 1   } 
   weightvar { 0   } 
   kinetic_energy { 35.03461559637942   } 
   kinetic_energyvar { 112.8917767225389   } 
   potential_energy { -152.0891358990331   } 
   potential_energyvar { 206.7295660945993   } 
   nonlocal_energy { 13.34698968318524   } 
   nonlocal_energyvar { 204.2717964922933   } 
   autocorr_energy { } 
} 

block { 
   label vmc
   totweight 61440
   nautocorr 0
   total_energy { -103.7314243079838   } 
   total_energyvar { 11.89519494425032   } 
   weight { 1   } 
   weightvar { 0   } 
   kinetic_energy { 34.89007141834747   } 
   kinetic_energyvar { 116.9357070930974   } 
   potential_energy { -151.9485746204515   } 
   potential_energyvar { 205.8143226166021   } 
   nonlocal_energy { 13.32707889412028   } 
   nonlocal_energyvar { 215.5462441939703   } 
   autocorr_energy { } 
} 

block { 
   label vmc
   totweight 61440
   nautocorr 0
   total_energy { -103.7201621362641   } 
   total_energyvar { 12.68317878335414   } 
   weight { 1   } 
   weightvar { 0   } 
   kinetic_energy { 35.06412416722053   } 
   kinetic_energyvar { 113.7281431479046   } 
   potential_energy { -151.9795725224366   } 
   potential_energyvar { 205.8274841436389   } 
   nonlocal_energy { 13.19528621895198   } 
   nonlocal_energyvar { 203.9202499458004   } 
   autocorr_energy { } 
} 

block { 
   label vmc
   totweight 61440
   nautocorr 0
   total_energy { -103.7633595210021   } 
   total_energyvar { 11.79951452185467   } 
   weight { 1   } 
   weightvar { 0   } 
   kinetic_energy { 34.98917558201344   } 
   kinetic_energyvar { 113.8771145717639   } 
   potential_energy { -152.033489239057   } 
   potential_energyvar { 206.886544872187   } 
   nonlocal_energy { 13.28095413604147   } 
   nonlocal_energyvar { 205.6242589396668   } 
   autocorr_energy { } 
} 

block { 
   label vmc
   totweight 61440
   nautocorr 0
   total_energy { -103.7174224245309   } 
   total_energyvar { 12.94754690115804   } 
   weight { 1   } 
   weightvar { 0   } 
   kinetic_energy { 35.06650532996991   } 
   kinetic_energyvar { 113.0864270175761   } 
   potential_energy { -151.9924760995875   } 
   potential_energyvar { 207.3225650942806   } 
   nonlocal_energy { 13.20854834508665   } 
   nonlocal_energyvar { 204.9577922038081   } 
   autocorr_energy { } 
} 

block { 
   label vmc
   totweight 61440
   nautocorr 0
   total_energy { -103.7397519659616   } 
   total_energyvar { 11.98930977068341   } 
   weight { 1   } 
   weightvar { 0   } 
   kinetic_energy { 35.00225256239302   } 
   kinetic_energyvar { 114.2197265834869   } 
   potential_energy { -151.8290331760829   } 
   potential_energyvar { 204.6822636019162   } 
   nonlocal_energy { 13.08702864772828   } 
   nonlocal_energyvar { 203.5717438760051   } 
   autocorr_energy { } 
} 

block { 
   label vmc
   totweight 61440
   nautocorr 0
   total_energy { -103.7395305469368   } 
   total_energyvar { 11.99880041219951   } 
   weight { 1   } 
   weightvar { 0   } 
   kinetic_energy { 35.03914344326791   } 
   kinetic_energyvar { 117.1494547474689   } 
   potential_energy { -151.9956788918212   } 
   potential_energyvar { 203.1615949847414   } 
   nonlocal_energy { 13.21700490161642   } 
   nonlocal_energyvar { 209.8703783461525   } 
   autocorr_energy { } 
} 

block { 
   label vmc
   totweight 61440
   nautocorr 0
   total_energy { -103.7466182338373   } 
   total_energyvar { 12.64791873384406   } 
   weight { 1   } 
   weightvar { 0   } 
   kinetic_energy { 34.97944964335833   } 
   kinetic_energyvar { 119.8584442351764   } 
   potential_energy { -151.9192759206047   } 
   potential_energyvar { 207.2752093306412   } 
   nonlocal_energy { 13.19320804340907   } 
   nonlocal_energyvar { 211.9310539537105   } 
   autocorr_energy { } 
} 

block { 
   label vmc
   totweight 61440
   nautocorr 0
   total_energy { -103.7341197341888   } 
   total_energyvar { 12.29416497192675   } 
   weight { 1   } 
   weightvar { 0   } 
   kinetic_energy { 35.00084713141952   } 
   kinetic_energyvar { 109.6431150389945   } 
   potential_energy { -151.7295750473459   } 
   potential_energyvar { 204.3136102859903   } 
   nonlocal_energy { 12.99460818173753   } 
   nonlocal_energyvar { 196.8918182889466   } 
   autocorr_energy { } 
} 

