#-------------------------------------------------
#DMC run: timestep 0.005
#-------------------------------------------------


init { 
   label spin_0.005
}
block { 
   label spin_0.005
   totweight 870400
   nautocorr 0
   total_energy { -104.4542262581795   } 
   total_energyvar { 4.074552694597436   } 
   weight { 1.036479887224532   } 
   weightvar { 0.03387619403063011   } 
   kinetic_energy { 35.25661508132208   } 
   kinetic_energyvar { 110.847102739194   } 
   potential_energy { -152.9640584416352   } 
   potential_energyvar { 176.5724787873659   } 
   nonlocal_energy { 13.25321710213359   } 
   nonlocal_energyvar { 201.3894247299716   } 
   autocorr_energy { } 
} 

block { 
   label spin_0.005
   totweight 870400
   nautocorr 0
   total_energy { -104.4138208106405   } 
   total_energyvar { 4.201617988440411   } 
   weight { 1.025805262949626   } 
   weightvar { 0.08045813600724673   } 
   kinetic_energy { 35.47990125926389   } 
   kinetic_energyvar { 107.4634644112811   } 
   potential_energy { -153.0624340472561   } 
   potential_energyvar { 172.7712704219501   } 
   nonlocal_energy { 13.16871197735173   } 
   nonlocal_energyvar { 196.8557077239634   } 
   autocorr_energy { } 
} 

block { 
   label spin_0.005
   totweight 870400
   nautocorr 0
   total_energy { -104.3987331284434   } 
   total_energyvar { 4.100314435039474   } 
   weight { 0.9833729658095314   } 
   weightvar { 0.09252619424283404   } 
   kinetic_energy { 35.59452668721623   } 
   kinetic_energyvar { 107.9670517387817   } 
   potential_energy { -153.1775624151044   } 
   potential_energyvar { 174.1476895668107   } 
   nonlocal_energy { 13.18430259944475   } 
   nonlocal_energyvar { 196.5186795169167   } 
   autocorr_energy { } 
} 

block { 
   label spin_0.005
   totweight 870400
   nautocorr 0
   total_energy { -104.3957801934613   } 
   total_energyvar { 4.232218016025609   } 
   weight { 0.9758474679457343   } 
   weightvar { 0.1005499540422153   } 
   kinetic_energy { 35.68201787115785   } 
   kinetic_energyvar { 108.1179212547046   } 
   potential_energy { -153.3884742700935   } 
   potential_energyvar { 176.0216486282299   } 
   nonlocal_energy { 13.31067620547436   } 
   nonlocal_energyvar { 199.2253840820013   } 
   autocorr_energy { } 
} 

block { 
   label spin_0.005
   totweight 870400
   nautocorr 0
   total_energy { -104.401047046403   } 
   total_energyvar { 4.131698609458229   } 
   weight { 0.9761377377048571   } 
   weightvar { 0.1003043620059293   } 
   kinetic_energy { 35.57465574175793   } 
   kinetic_energyvar { 108.754115689949   } 
   potential_energy { -153.1002324768162   } 
   potential_energyvar { 175.3161628794964   } 
   nonlocal_energy { 13.12452968865531   } 
   nonlocal_energyvar { 198.0704997905297   } 
   autocorr_energy { } 
} 

block { 
   label spin_0.005
   totweight 870400
   nautocorr 0
   total_energy { -104.4004249460018   } 
   total_energyvar { 4.290444241564393   } 
   weight { 0.9820726956648579   } 
   weightvar { 0.1022993952878203   } 
   kinetic_energy { 35.5508181151589   } 
   kinetic_energyvar { 109.2103272007372   } 
   potential_energy { -153.2342879707839   } 
   potential_energyvar { 176.6278001299684   } 
   nonlocal_energy { 13.28304490962314   } 
   nonlocal_energyvar { 201.6447507059056   } 
   autocorr_energy { } 
} 

block { 
   label spin_0.005
   totweight 870400
   nautocorr 0
   total_energy { -104.4064001538833   } 
   total_energyvar { 4.150107565286393   } 
   weight { 0.9907551871700629   } 
   weightvar { 0.1000859682246425   } 
   kinetic_energy { 35.50702249551247   } 
   kinetic_energyvar { 109.3996650469917   } 
   potential_energy { -153.1401892425606   } 
   potential_energyvar { 176.8120421091377   } 
   nonlocal_energy { 13.22676659316491   } 
   nonlocal_energyvar { 198.1029295059612   } 
   autocorr_energy { } 
} 

block { 
   label spin_0.005
   totweight 870400
   nautocorr 0
   total_energy { -104.3904990577095   } 
   total_energyvar { 4.166083291266173   } 
   weight { 0.9934008001757925   } 
   weightvar { 0.09953125536310374   } 
   kinetic_energy { 35.53061066858729   } 
   kinetic_energyvar { 110.5597935151558   } 
   potential_energy { -153.2913450517439   } 
   potential_energyvar { 177.118182896513   } 
   nonlocal_energy { 13.37023532544718   } 
   nonlocal_energyvar { 205.0008244401241   } 
   autocorr_energy { } 
} 

block { 
   label spin_0.005
   totweight 870400
   nautocorr 0
   total_energy { -104.3920232633027   } 
   total_energyvar { 4.137866084637156   } 
   weight { 0.9907365701219298   } 
   weightvar { 0.09516798493592991   } 
   kinetic_energy { 35.54892094950696   } 
   kinetic_energyvar { 109.3401390442437   } 
   potential_energy { -153.2101607576747   } 
   potential_energyvar { 174.663778556565   } 
   nonlocal_energy { 13.26921654486499   } 
   nonlocal_energyvar { 200.0066173652184   } 
   autocorr_energy { } 
} 

block { 
   label spin_0.005
   totweight 870400
   nautocorr 0
   total_energy { -104.3877029138216   } 
   total_energyvar { 4.148376347828797   } 
   weight { 0.9905407995129561   } 
   weightvar { 0.09656382742211241   } 
   kinetic_energy { 35.48902479050315   } 
   kinetic_energyvar { 109.628201197589   } 
   potential_energy { -153.0456251104139   } 
   potential_energyvar { 176.4477978905211   } 
   nonlocal_energy { 13.16889740608918   } 
   nonlocal_energyvar { 201.816273387703   } 
   autocorr_energy { } 
} 

block { 
   label spin_0.005
   totweight 870400
   nautocorr 0
   total_energy { -104.3975456300573   } 
   total_energyvar { 4.177656584017481   } 
   weight { 0.9909489049781357   } 
   weightvar { 0.09833771045128238   } 
   kinetic_energy { 35.61402088801407   } 
   kinetic_energyvar { 108.5852905171198   } 
   potential_energy { -153.2226896261392   } 
   potential_energyvar { 174.051587739652   } 
   nonlocal_energy { 13.2111231080679   } 
   nonlocal_energyvar { 199.715230609746   } 
   autocorr_energy { } 
} 

block { 
   label spin_0.005
   totweight 870400
   nautocorr 0
   total_energy { -104.394056767371   } 
   total_energyvar { 4.282101498762271   } 
   weight { 0.9957360464592394   } 
   weightvar { 0.09749621315310956   } 
   kinetic_energy { 35.57809201901774   } 
   kinetic_energyvar { 108.8943776689949   } 
   potential_energy { -153.2878186476983   } 
   potential_energyvar { 176.5673935947449   } 
   nonlocal_energy { 13.31566986130949   } 
   nonlocal_energyvar { 202.6119090969366   } 
   autocorr_energy { } 
} 

block { 
   label spin_0.005
   totweight 870400
   nautocorr 0
   total_energy { -104.3958300655631   } 
   total_energyvar { 4.466942208841746   } 
   weight { 0.9970102724722121   } 
   weightvar { 0.09577988587173344   } 
   kinetic_energy { 35.61820447515594   } 
   kinetic_energyvar { 110.6786189851075   } 
   potential_energy { -153.2057255780926   } 
   potential_energyvar { 175.4140162688833   } 
   nonlocal_energy { 13.1916910373735   } 
   nonlocal_energyvar { 200.8193523291796   } 
   autocorr_energy { } 
} 

block { 
   label spin_0.005
   totweight 870400
   nautocorr 0
   total_energy { -104.3948173348423   } 
   total_energyvar { 4.206406515360682   } 
   weight { 0.9962513626641123   } 
   weightvar { 0.09777814752868685   } 
   kinetic_energy { 35.48309730142286   } 
   kinetic_energyvar { 108.6395760804651   } 
   potential_energy { -153.0261879567419   } 
   potential_energyvar { 174.4702577023982   } 
   nonlocal_energy { 13.14827332047679   } 
   nonlocal_energyvar { 199.9928055110886   } 
   autocorr_energy { } 
} 

block { 
   label spin_0.005
   totweight 870400
   nautocorr 0
   total_energy { -104.3879421099416   } 
   total_energyvar { 4.195139712923323   } 
   weight { 0.9939829837754453   } 
   weightvar { 0.09750002962865413   } 
   kinetic_energy { 35.64139112097572   } 
   kinetic_energyvar { 108.8849329690813   } 
   potential_energy { -153.2175799264794   } 
   potential_energyvar { 174.234082297173   } 
   nonlocal_energy { 13.18824669556203   } 
   nonlocal_energyvar { 199.5754242077134   } 
   autocorr_energy { } 
} 

block { 
   label spin_0.005
   totweight 870400
   nautocorr 0
   total_energy { -104.395594008515   } 
   total_energyvar { 4.145963302520374   } 
   weight { 0.9916880690229906   } 
   weightvar { 0.09943575515350148   } 
   kinetic_energy { 35.58662517700074   } 
   kinetic_energyvar { 107.8515698551659   } 
   potential_energy { -153.1472862848193   } 
   potential_energyvar { 176.0614602528232   } 
   nonlocal_energy { 13.1650670993036   } 
   nonlocal_energyvar { 199.015676076334   } 
   autocorr_energy { } 
} 

block { 
   label spin_0.005
   totweight 870400
   nautocorr 0
   total_energy { -104.3857517370174   } 
   total_energyvar { 4.223385189706793   } 
   weight { 0.993663550941701   } 
   weightvar { 0.09762682893214611   } 
   kinetic_energy { 35.64663343274069   } 
   kinetic_energyvar { 108.4630867544364   } 
   potential_energy { -153.2279334831163   } 
   potential_energyvar { 176.9265391047227   } 
   nonlocal_energy { 13.19554831335822   } 
   nonlocal_energyvar { 198.2297261251748   } 
   autocorr_energy { } 
} 

block { 
   label spin_0.005
   totweight 870400
   nautocorr 0
   total_energy { -104.3972577838442   } 
   total_energyvar { 4.156243349128821   } 
   weight { 0.9929362461851194   } 
   weightvar { 0.09855897914892425   } 
   kinetic_energy { 35.55098589569022   } 
   kinetic_energyvar { 110.804560764783   } 
   potential_energy { -153.2375331969538   } 
   potential_energyvar { 178.0567198913423   } 
   nonlocal_energy { 13.28928951741948   } 
   nonlocal_energyvar { 203.3996684983344   } 
   autocorr_energy { } 
} 

block { 
   label spin_0.005
   totweight 870400
   nautocorr 0
   total_energy { -104.3955165703946   } 
   total_energyvar { 4.169258155475219   } 
   weight { 0.9966358845922098   } 
   weightvar { 0.09775928605129304   } 
   kinetic_energy { 35.69556956948053   } 
   kinetic_energyvar { 107.8406336394521   } 
   potential_energy { -153.3815751962279   } 
   potential_energyvar { 175.2772309594233   } 
   nonlocal_energy { 13.29048905635273   } 
   nonlocal_energyvar { 199.2409378222056   } 
   autocorr_energy { } 
} 

block { 
   label spin_0.005
   totweight 870400
   nautocorr 0
   total_energy { -104.3982133575128   } 
   total_energyvar { 4.223179795980698   } 
   weight { 1.000203851721543   } 
   weightvar { 0.09627913604024949   } 
   kinetic_energy { 35.72035020938556   } 
   kinetic_energyvar { 109.213069395977   } 
   potential_energy { -153.3744125512812   } 
   potential_energyvar { 174.7957948826372   } 
   nonlocal_energy { 13.25584898438274   } 
   nonlocal_energyvar { 199.6294934821005   } 
   autocorr_energy { } 
} 

block { 
   label spin_0.005
   totweight 870400
   nautocorr 0
   total_energy { -104.4014300402158   } 
   total_energyvar { 4.158941133001599   } 
   weight { 0.9999943824347136   } 
   weightvar { 0.09490817260623546   } 
   kinetic_energy { 35.52656132852433   } 
   kinetic_energyvar { 109.398859247949   } 
   potential_energy { -153.1544703951045   } 
   potential_energyvar { 176.1086747113531   } 
   nonlocal_energy { 13.22647902636431   } 
   nonlocal_energyvar { 200.7350827114308   } 
   autocorr_energy { } 
} 

block { 
   label spin_0.005
   totweight 870400
   nautocorr 0
   total_energy { -104.3980157098998   } 
   total_energyvar { 4.227981752711655   } 
   weight { 1.00334081569799   } 
   weightvar { 0.09824850936982375   } 
   kinetic_energy { 35.60900809072536   } 
   kinetic_energyvar { 108.5725817998556   } 
   potential_energy { -153.1562788615657   } 
   potential_energyvar { 175.5598411988963   } 
   nonlocal_energy { 13.14925506094057   } 
   nonlocal_energyvar { 197.2778006199736   } 
   autocorr_energy { } 
} 

block { 
   label spin_0.005
   totweight 870400
   nautocorr 0
   total_energy { -104.3964729092232   } 
   total_energyvar { 4.153316621663448   } 
   weight { 1.000504552055577   } 
   weightvar { 0.09825015640664365   } 
   kinetic_energy { 35.6469395294751   } 
   kinetic_energyvar { 109.0610602233726   } 
   potential_energy { -153.3428067019609   } 
   potential_energyvar { 174.7881054208363   } 
   nonlocal_energy { 13.29939426326258   } 
   nonlocal_energyvar { 198.9226979394779   } 
   autocorr_energy { } 
} 

block { 
   label spin_0.005
   totweight 870400
   nautocorr 0
   total_energy { -104.3890844561076   } 
   total_energyvar { 4.318156773397876   } 
   weight { 0.9960705679129486   } 
   weightvar { 0.09825022077493688   } 
   kinetic_energy { 35.68580994638064   } 
   kinetic_energyvar { 108.5211832891979   } 
   potential_energy { -153.2920359382387   } 
   potential_energyvar { 173.8052109450944   } 
   nonlocal_energy { 13.21714153575047   } 
   nonlocal_energyvar { 198.7087208899912   } 
   autocorr_energy { } 
} 

block { 
   label spin_0.005
   totweight 870400
   nautocorr 0
   total_energy { -104.3933116460074   } 
   total_energyvar { 4.257169058273415   } 
   weight { 0.9924745408497494   } 
   weightvar { 0.1005045382919525   } 
   kinetic_energy { 35.53293489564766   } 
   kinetic_energyvar { 108.9720126539733   } 
   potential_energy { -153.1131035740601   } 
   potential_energyvar { 174.7431239724299   } 
   nonlocal_energy { 13.18685703240508   } 
   nonlocal_energyvar { 198.8207880170621   } 
   autocorr_energy { } 
} 

block { 
   label spin_0.005
   totweight 870400
   nautocorr 0
   total_energy { -104.4040707869975   } 
   total_energyvar { 4.231016571916123   } 
   weight { 0.9984413855911846   } 
   weightvar { 0.09640695569005156   } 
   kinetic_energy { 35.58230604637974   } 
   kinetic_energyvar { 108.6182142170186   } 
   potential_energy { -153.1635142124617   } 
   potential_energyvar { 173.8578422553912   } 
   nonlocal_energy { 13.1771373790845   } 
   nonlocal_energyvar { 198.0820111167109   } 
   autocorr_energy { } 
} 

block { 
   label spin_0.005
   totweight 870400
   nautocorr 0
   total_energy { -104.3896551305079   } 
   total_energyvar { 4.192646109096694   } 
   weight { 0.9987105148039419   } 
   weightvar { 0.0975143915373456   } 
   kinetic_energy { 35.55668680717982   } 
   kinetic_energyvar { 110.0685759335266   } 
   potential_energy { -153.2532890129177   } 
   potential_energyvar { 176.8797188812043   } 
   nonlocal_energy { 13.30694707522997   } 
   nonlocal_energyvar { 202.6769721117296   } 
   autocorr_energy { } 
} 

block { 
   label spin_0.005
   totweight 870400
   nautocorr 0
   total_energy { -104.3925771535258   } 
   total_energyvar { 4.174589916057657   } 
   weight { 0.9965655786739656   } 
   weightvar { 0.09839337291695295   } 
   kinetic_energy { 35.55560652348237   } 
   kinetic_energyvar { 108.8486293068073   } 
   potential_energy { -153.0801062493236   } 
   potential_energyvar { 173.7018489424156   } 
   nonlocal_energy { 13.13192257231543   } 
   nonlocal_energyvar { 198.1871144317407   } 
   autocorr_energy { } 
} 

block { 
   label spin_0.005
   totweight 870400
   nautocorr 0
   total_energy { -104.4036802284347   } 
   total_energyvar { 4.146119503458928   } 
   weight { 0.9986697611444996   } 
   weightvar { 0.09803588544088689   } 
   kinetic_energy { 35.4808619790354   } 
   kinetic_energyvar { 108.8165651634726   } 
   potential_energy { -153.1181017480358   } 
   potential_energyvar { 173.8016217910609   } 
   nonlocal_energy { 13.23355954056574   } 
   nonlocal_energyvar { 200.2797892809097   } 
   autocorr_energy { } 
} 

block { 
   label spin_0.005
   totweight 870400
   nautocorr 0
   total_energy { -104.3977331259741   } 
   total_energyvar { 4.165976785676668   } 
   weight { 0.9996918157782987   } 
   weightvar { 0.09788348093822653   } 
   kinetic_energy { 35.57718734157528   } 
   kinetic_energyvar { 110.9671090676571   } 
   potential_energy { -153.2064027741464   } 
   potential_energyvar { 175.0007188625421   } 
   nonlocal_energy { 13.23148230659706   } 
   nonlocal_energyvar { 201.5554868100479   } 
   autocorr_energy { } 
} 

#-------------------------------------------------
#DMC run: timestep 0.005
#-------------------------------------------------


init { 
   label spin_0.005
}
block { 
   label spin_0.005
   totweight 870400
   nautocorr 0
   total_energy { -104.3941005091124   } 
   total_energyvar { 4.117600491804814   } 
   weight { 0.986885744060311   } 
   weightvar { 0.09962182191929587   } 
   kinetic_energy { 35.51694218118082   } 
   kinetic_energyvar { 109.9546792498295   } 
   potential_energy { -153.1013069910882   } 
   potential_energyvar { 175.5196086564771   } 
   nonlocal_energy { 13.19026430079499   } 
   nonlocal_energyvar { 198.1992728657213   } 
   autocorr_energy { } 
} 

block { 
   label spin_0.005
   totweight 870400
   nautocorr 0
   total_energy { -104.3878053823473   } 
   total_energyvar { 4.184120121448213   } 
   weight { 0.9787138573087387   } 
   weightvar { 0.09960078770496418   } 
   kinetic_energy { 35.46886379716577   } 
   kinetic_energyvar { 110.7439012909719   } 
   potential_energy { -153.015127879437   } 
   potential_energyvar { 177.6458382634844   } 
   nonlocal_energy { 13.15845869992403   } 
   nonlocal_energyvar { 199.9439968845593   } 
   autocorr_energy { } 
} 

block { 
   label spin_0.005
   totweight 870400
   nautocorr 0
   total_energy { -104.3990432800535   } 
   total_energyvar { 4.148554228685728   } 
   weight { 0.9928265066723345   } 
   weightvar { 0.09918127522729167   } 
   kinetic_energy { 35.61866107366133   } 
   kinetic_energyvar { 108.9574893499001   } 
   potential_energy { -153.2534693703523   } 
   potential_energyvar { 177.1211361034138   } 
   nonlocal_energy { 13.23576501663747   } 
   nonlocal_energyvar { 200.2090795962073   } 
   autocorr_energy { } 
} 

block { 
   label spin_0.005
   totweight 870400
   nautocorr 0
   total_energy { -104.3913636215538   } 
   total_energyvar { 4.218992132435535   } 
   weight { 0.9959533110166697   } 
   weightvar { 0.09924105018628408   } 
   kinetic_energy { 35.62231391361336   } 
   kinetic_energyvar { 108.5004689841557   } 
   potential_energy { -153.3176976275427   } 
   potential_energyvar { 175.5782405632207   } 
   nonlocal_energy { 13.30402009237554   } 
   nonlocal_energyvar { 201.8236523357542   } 
   autocorr_energy { } 
} 

block { 
   label spin_0.005
   totweight 870400
   nautocorr 0
   total_energy { -104.3898376936062   } 
   total_energyvar { 4.072134178998774   } 
   weight { 0.9934915024857058   } 
   weightvar { 0.09712883034057131   } 
   kinetic_energy { 35.62715281337553   } 
   kinetic_energyvar { 107.757292777879   } 
   potential_energy { -153.1542618026652   } 
   potential_energyvar { 173.8275502702215   } 
   nonlocal_energy { 13.13727129568342   } 
   nonlocal_energyvar { 195.9164971586193   } 
   autocorr_energy { } 
} 

block { 
   label spin_0.005
   totweight 870400
   nautocorr 0
   total_energy { -104.395046130867   } 
   total_energyvar { 4.20115790784341   } 
   weight { 0.9959455183309089   } 
   weightvar { 0.09709411719903278   } 
   kinetic_energy { 35.69217761571787   } 
   kinetic_energyvar { 108.2540318112868   } 
   potential_energy { -153.2800291554152   } 
   potential_energyvar { 176.2931189926009   } 
   nonlocal_energy { 13.19280540883031   } 
   nonlocal_energyvar { 198.5867845136868   } 
   autocorr_energy { } 
} 

block { 
   label spin_0.005
   totweight 870400
   nautocorr 0
   total_energy { -104.3995957652639   } 
   total_energyvar { 4.287118301769134   } 
   weight { 0.9989496715790465   } 
   weightvar { 0.0973807618217085   } 
   kinetic_energy { 35.43968136438581   } 
   kinetic_energyvar { 109.7595740450648   } 
   potential_energy { -152.9758918674014   } 
   potential_energyvar { 175.4948495500221   } 
   nonlocal_energy { 13.13661473775168   } 
   nonlocal_energyvar { 200.4122778243346   } 
   autocorr_energy { } 
} 

block { 
   label spin_0.005
   totweight 870400
   nautocorr 0
   total_energy { -104.3880939019263   } 
   total_energyvar { 4.224271079002449   } 
   weight { 0.9980123817164201   } 
   weightvar { 0.09470365306482519   } 
   kinetic_energy { 35.69654192644944   } 
   kinetic_energyvar { 107.5405253711413   } 
   potential_energy { -153.3067390175611   } 
   potential_energyvar { 175.4310436027909   } 
   nonlocal_energy { 13.22210318918542   } 
   nonlocal_energyvar { 198.3329849925508   } 
   autocorr_energy { } 
} 

block { 
   label spin_0.005
   totweight 870400
   nautocorr 0
   total_energy { -104.3929248922166   } 
   total_energyvar { 4.285788398933113   } 
   weight { 0.9939844699621645   } 
   weightvar { 0.09650560542313344   } 
   kinetic_energy { 35.63962310347161   } 
   kinetic_energyvar { 110.0229376501673   } 
   potential_energy { -153.2912596120675   } 
   potential_energyvar { 174.9986779639917   } 
   nonlocal_energy { 13.25871161637924   } 
   nonlocal_energyvar { 201.2952175935915   } 
   autocorr_energy { } 
} 

block { 
   label spin_0.005
   totweight 870400
   nautocorr 0
   total_energy { -104.3941608944512   } 
   total_energyvar { 4.238430702052049   } 
   weight { 0.9987308035068351   } 
   weightvar { 0.09505113938650944   } 
   kinetic_energy { 35.62289494958011   } 
   kinetic_energyvar { 110.00363142335   } 
   potential_energy { -153.31609247718   } 
   potential_energyvar { 176.8599978053295   } 
   nonlocal_energy { 13.2990366331487   } 
   nonlocal_energyvar { 201.9502633574131   } 
   autocorr_energy { } 
} 

block { 
   label spin_0.005
   totweight 870400
   nautocorr 0
   total_energy { -104.3906726499375   } 
   total_energyvar { 4.213684524344218   } 
   weight { 0.9949530987879742   } 
   weightvar { 0.09729821971501117   } 
   kinetic_energy { 35.61667181563651   } 
   kinetic_energyvar { 108.7556829983136   } 
   potential_energy { -153.165366716484   } 
   potential_energyvar { 173.9075092290672   } 
   nonlocal_energy { 13.15802225091001   } 
   nonlocal_energyvar { 198.0046550057358   } 
   autocorr_energy { } 
} 

block { 
   label spin_0.005
   totweight 870400
   nautocorr 0
   total_energy { -104.4011656399273   } 
   total_energyvar { 4.206183444715163   } 
   weight { 0.9986671007478177   } 
   weightvar { 0.09788150159531571   } 
   kinetic_energy { 35.43799914819865   } 
   kinetic_energyvar { 108.8390149851524   } 
   potential_energy { -152.9261218962831   } 
   potential_energyvar { 176.4355116633363   } 
   nonlocal_energy { 13.08695710815719   } 
   nonlocal_energyvar { 197.9117446213605   } 
   autocorr_energy { } 
} 

block { 
   label spin_0.005
   totweight 870400
   nautocorr 0
   total_energy { -104.3949588713263   } 
   total_energyvar { 4.184028570296753   } 
   weight { 0.9990572254846865   } 
   weightvar { 0.09762407405786562   } 
   kinetic_energy { 35.62796389772544   } 
   kinetic_energyvar { 108.2405417336777   } 
   potential_energy { -153.1222265754441   } 
   potential_energyvar { 174.6719923792519   } 
   nonlocal_energy { 13.09930380639238   } 
   nonlocal_energyvar { 195.0059566141756   } 
   autocorr_energy { } 
} 

block { 
   label spin_0.005
   totweight 870400
   nautocorr 0
   total_energy { -104.3937941810396   } 
   total_energyvar { 4.236144214619463   } 
   weight { 0.9971081545197367   } 
   weightvar { 0.09717134333412268   } 
   kinetic_energy { 35.62595482904877   } 
   kinetic_energyvar { 109.8441974680516   } 
   potential_energy { -153.3353633754939   } 
   potential_energyvar { 176.6758100240015   } 
   nonlocal_energy { 13.31561436540554   } 
   nonlocal_energyvar { 202.1120768282234   } 
   autocorr_energy { } 
} 

block { 
   label spin_0.005
   totweight 870400
   nautocorr 0
   total_energy { -104.3993334848985   } 
   total_energyvar { 4.197151526151295   } 
   weight { 0.998724647716401   } 
   weightvar { 0.09727985839312979   } 
   kinetic_energy { 35.66481354337896   } 
   kinetic_energyvar { 108.2914888303922   } 
   potential_energy { -153.3101542056411   } 
   potential_energyvar { 175.0698339238425   } 
   nonlocal_energy { 13.24600717736362   } 
   nonlocal_energyvar { 199.4089323659842   } 
   autocorr_energy { } 
} 

block { 
   label spin_0.005
   totweight 870400
   nautocorr 0
   total_energy { -104.3971683215717   } 
   total_energyvar { 4.325004069549865   } 
   weight { 1.001340225495463   } 
   weightvar { 0.09662264124744389   } 
   kinetic_energy { 35.64173183660268   } 
   kinetic_energyvar { 110.0071418365651   } 
   potential_energy { -153.3024158189413   } 
   potential_energyvar { 177.4733881295914   } 
   nonlocal_energy { 13.26351566076695   } 
   nonlocal_energyvar { 200.0805382780015   } 
   autocorr_energy { } 
} 

block { 
   label spin_0.005
   totweight 870400
   nautocorr 0
   total_energy { -104.3888889009969   } 
   total_energyvar { 4.27272175338269   } 
   weight { 0.9949687845558235   } 
   weightvar { 0.09570948331830827   } 
   kinetic_energy { 35.6091681437597   } 
   kinetic_energyvar { 109.9056763127985   } 
   potential_energy { -153.2439181974518   } 
   potential_energyvar { 177.6124302207988   } 
   nonlocal_energy { 13.24586115269519   } 
   nonlocal_energyvar { 200.4177699357186   } 
   autocorr_energy { } 
} 

block { 
   label spin_0.005
   totweight 870400
   nautocorr 0
   total_energy { -104.3985867510596   } 
   total_energyvar { 4.153512674612628   } 
   weight { 0.9958958494125503   } 
   weightvar { 0.09847588674837462   } 
   kinetic_energy { 35.70307716902672   } 
   kinetic_energyvar { 107.4594261172376   } 
   potential_energy { -153.2877262996622   } 
   potential_energyvar { 173.9533851464727   } 
   nonlocal_energy { 13.18606237957595   } 
   nonlocal_energyvar { 195.7319169036355   } 
   autocorr_energy { } 
} 

block { 
   label spin_0.005
   totweight 870400
   nautocorr 0
   total_energy { -104.3987127138559   } 
   total_energyvar { 4.249447015208196   } 
   weight { 0.9996401247825077   } 
   weightvar { 0.09688264530410892   } 
   kinetic_energy { 35.63856732919696   } 
   kinetic_energyvar { 108.3759489393236   } 
   potential_energy { -153.1936130552185   } 
   potential_energyvar { 172.7330218888323   } 
   nonlocal_energy { 13.15633301216568   } 
   nonlocal_energyvar { 197.379330954136   } 
   autocorr_energy { } 
} 

block { 
   label spin_0.005
   totweight 870400
   nautocorr 0
   total_energy { -104.387455839206   } 
   total_energyvar { 4.204390158554236   } 
   weight { 0.9963130474166872   } 
   weightvar { 0.09735149508950681   } 
   kinetic_energy { 35.62264065632952   } 
   kinetic_energyvar { 110.2157677037546   } 
   potential_energy { -153.318530564348   } 
   potential_energyvar { 176.5029353912607   } 
   nonlocal_energy { 13.30843406881248   } 
   nonlocal_energyvar { 201.4429848243901   } 
   autocorr_energy { } 
} 

block { 
   label spin_0.005
   totweight 870400
   nautocorr 0
   total_energy { -104.3980848514474   } 
   total_energyvar { 4.214328017790117   } 
   weight { 0.9957176003210693   } 
   weightvar { 0.09769054558858835   } 
   kinetic_energy { 35.57289560628195   } 
   kinetic_energyvar { 109.7553113542903   } 
   potential_energy { -153.1705963807445   } 
   potential_energyvar { 175.6047166105878   } 
   nonlocal_energy { 13.1996159230151   } 
   nonlocal_energyvar { 200.051754885798   } 
   autocorr_energy { } 
} 

block { 
   label spin_0.005
   totweight 870400
   nautocorr 0
   total_energy { -104.3926980506059   } 
   total_energyvar { 4.20833237270009   } 
   weight { 0.9965535124679096   } 
   weightvar { 0.09857343873984195   } 
   kinetic_energy { 35.74925584175028   } 
   kinetic_energyvar { 105.4433572977425   } 
   potential_energy { -153.3190392457615   } 
   potential_energyvar { 175.0021965580093   } 
   nonlocal_energy { 13.17708535340529   } 
   nonlocal_energyvar { 192.6310785651452   } 
   autocorr_energy { } 
} 

block { 
   label spin_0.005
   totweight 870400
   nautocorr 0
   total_energy { -104.3968356737668   } 
   total_energyvar { 4.103333714716214   } 
   weight { 0.9972855574493248   } 
   weightvar { 0.09741531021824165   } 
   kinetic_energy { 35.55560053078383   } 
   kinetic_energyvar { 109.2663192552422   } 
   potential_energy { -153.0954754604524   } 
   potential_energyvar { 175.7478719505312   } 
   nonlocal_energy { 13.14303925590174   } 
   nonlocal_energyvar { 196.887936249442   } 
   autocorr_energy { } 
} 

block { 
   label spin_0.005
   totweight 870400
   nautocorr 0
   total_energy { -104.4023143852233   } 
   total_energyvar { 4.272401749911893   } 
   weight { 1.001155382921185   } 
   weightvar { 0.09956781513487178   } 
   kinetic_energy { 35.54745392953079   } 
   kinetic_energyvar { 110.6040601349916   } 
   potential_energy { -153.1934624795896   } 
   potential_energyvar { 177.1154870211375   } 
   nonlocal_energy { 13.24369416483553   } 
   nonlocal_energyvar { 204.2516471154014   } 
   autocorr_energy { } 
} 

block { 
   label spin_0.005
   totweight 870400
   nautocorr 0
   total_energy { -104.3951041655106   } 
   total_energyvar { 4.179068172893505   } 
   weight { 0.9999932925949393   } 
   weightvar { 0.09824953468142168   } 
   kinetic_energy { 35.62722925712238   } 
   kinetic_energyvar { 107.6622882278847   } 
   potential_energy { -153.1963952683673   } 
   potential_energyvar { 175.3264834427091   } 
   nonlocal_energy { 13.17406184573423   } 
   nonlocal_energyvar { 195.9257070053301   } 
   autocorr_energy { } 
} 

block { 
   label spin_0.005
   totweight 870400
   nautocorr 0
   total_energy { -104.3887202569989   } 
   total_energyvar { 4.150524999861928   } 
   weight { 0.9957163525314983   } 
   weightvar { 0.09572780858810936   } 
   kinetic_energy { 35.55119894463947   } 
   kinetic_energyvar { 108.0008533355862   } 
   potential_energy { -153.1249366493917   } 
   potential_energyvar { 175.6285227809069   } 
   nonlocal_energy { 13.18501744775323   } 
   nonlocal_energyvar { 197.2148054693213   } 
   autocorr_energy { } 
} 

block { 
   label spin_0.005
   totweight 870400
   nautocorr 0
   total_energy { -104.3915570753121   } 
   total_energyvar { 4.122664874280289   } 
   weight { 0.9924820520164624   } 
   weightvar { 0.09689697042679496   } 
   kinetic_energy { 35.58953394651938   } 
   kinetic_energyvar { 107.7451883364086   } 
   potential_energy { -153.1008654292677   } 
   potential_energyvar { 174.1663524468437   } 
   nonlocal_energy { 13.11977440743619   } 
   nonlocal_energyvar { 195.8597826745435   } 
   autocorr_energy { } 
} 

block { 
   label spin_0.005
   totweight 870400
   nautocorr 0
   total_energy { -104.3988021712901   } 
   total_energyvar { 4.185890478247643   } 
   weight { 0.9965066480420659   } 
   weightvar { 0.09906771165826254   } 
   kinetic_energy { 35.47278431266138   } 
   kinetic_energyvar { 108.4499563346314   } 
   potential_energy { -153.1737450062768   } 
   potential_energyvar { 175.5448282859377   } 
   nonlocal_energy { 13.30215852232537   } 
   nonlocal_energyvar { 201.1614581987138   } 
   autocorr_energy { } 
} 

block { 
   label spin_0.005
   totweight 870400
   nautocorr 0
   total_energy { -104.4072381665407   } 
   total_energyvar { 4.243770358329014   } 
   weight { 1.003578037493255   } 
   weightvar { 0.09978848646813002   } 
   kinetic_energy { 35.54118798464964   } 
   kinetic_energyvar { 109.3841116053118   } 
   potential_energy { -153.1839528244072   } 
   potential_energyvar { 175.1123442093847   } 
   nonlocal_energy { 13.23552667321679   } 
   nonlocal_energyvar { 200.8997372079249   } 
   autocorr_energy { } 
} 

block { 
   label spin_0.005
   totweight 870400
   nautocorr 0
   total_energy { -104.3979699326512   } 
   total_energyvar { 4.25001327157151   } 
   weight { 1.003409279655516   } 
   weightvar { 0.09904181103780293   } 
   kinetic_energy { 35.5755197645239   } 
   kinetic_energyvar { 109.1890646378223   } 
   potential_energy { -153.2491034984962   } 
   potential_energyvar { 174.8177406613488   } 
   nonlocal_energy { 13.27561380132112   } 
   nonlocal_energyvar { 201.6007179186772   } 
   autocorr_energy { } 
} 

