#-------------------------------------------------
#VMC run: timestep 0.35 nconfig 3072 steps 30
#-------------------------------------------------


init { 
   label vmc
}
block { 
   label vmc
   totweight 92160
   nautocorr 0
   total_energy { -134.4447019326489   } 
   total_energyvar { 6.335730736433649   } 
   weight { 1   } 
   weightvar { 0   } 
   kinetic_energy { 47.52447610167172   } 
   kinetic_energyvar { 146.8868768227618   } 
   potential_energy { -199.8644930565919   } 
   potential_energyvar { 270.6104942857793   } 
   nonlocal_energy { 17.8953150222713   } 
   nonlocal_energyvar { 268.7999412877841   } 
   autocorr_energy { } 
} 

block { 
   label vmc
   totweight 92160
   nautocorr 0
   total_energy { -134.4278618587337   } 
   total_energyvar { 6.410025471809777   } 
   weight { 1   } 
   weightvar { 0   } 
   kinetic_energy { 47.43494705727743   } 
   kinetic_energyvar { 147.2761449089369   } 
   potential_energy { -199.6298066471398   } 
   potential_energyvar { 269.0845979316869   } 
   nonlocal_energy { 17.76699773112863   } 
   nonlocal_energyvar { 267.1540472477861   } 
   autocorr_energy { } 
} 

block { 
   label vmc
   totweight 92160
   nautocorr 0
   total_energy { -134.4241377511649   } 
   total_energyvar { 6.245051800448113   } 
   weight { 1   } 
   weightvar { 0   } 
   kinetic_energy { 47.58382452608975   } 
   kinetic_energyvar { 144.4894805470352   } 
   potential_energy { -199.8174220920227   } 
   potential_energyvar { 269.8546724104603   } 
   nonlocal_energy { 17.80945981476809   } 
   nonlocal_energyvar { 266.3520359503527   } 
   autocorr_energy { } 
} 

block { 
   label vmc
   totweight 92160
   nautocorr 0
   total_energy { -134.4276494019588   } 
   total_energyvar { 6.297807811543332   } 
   weight { 1   } 
   weightvar { 0   } 
   kinetic_energy { 47.39045056433295   } 
   kinetic_energyvar { 146.0305293932855   } 
   potential_energy { -199.6636095565896   } 
   potential_energyvar { 272.4857560091164   } 
   nonlocal_energy { 17.84550959029795   } 
   nonlocal_energyvar { 270.010965623948   } 
   autocorr_energy { } 
} 

block { 
   label vmc
   totweight 92160
   nautocorr 0
   total_energy { -134.4338203978292   } 
   total_energyvar { 6.315604531521863   } 
   weight { 1   } 
   weightvar { 0   } 
   kinetic_energy { 47.53541807279481   } 
   kinetic_energyvar { 145.9765594789327   } 
   potential_energy { -199.7802318448624   } 
   potential_energyvar { 268.0617960466655   } 
   nonlocal_energy { 17.81099337423844   } 
   nonlocal_energyvar { 266.2374590483062   } 
   autocorr_energy { } 
} 

block { 
   label vmc
   totweight 92160
   nautocorr 0
   total_energy { -134.4434969859252   } 
   total_energyvar { 6.330626013391349   } 
   weight { 1   } 
   weightvar { 0   } 
   kinetic_energy { 47.4341886896203   } 
   kinetic_energyvar { 145.8188908821739   } 
   potential_energy { -199.7862269493054   } 
   potential_energyvar { 270.919135952998   } 
   nonlocal_energy { 17.90854127375995   } 
   nonlocal_energyvar { 271.3609971764375   } 
   autocorr_energy { } 
} 

block { 
   label vmc
   totweight 92160
   nautocorr 0
   total_energy { -134.4482171556262   } 
   total_energyvar { 6.35878843144265   } 
   weight { 1   } 
   weightvar { 0   } 
   kinetic_energy { 47.42689138962938   } 
   kinetic_energyvar { 147.0143849224384   } 
   potential_energy { -199.7636017774531   } 
   potential_energyvar { 271.9610416238762   } 
   nonlocal_energy { 17.88849323219747   } 
   nonlocal_energyvar { 270.6712635098085   } 
   autocorr_energy { } 
} 

block { 
   label vmc
   totweight 92160
   nautocorr 0
   total_energy { -134.4388834200169   } 
   total_energyvar { 6.350687632864938   } 
   weight { 1   } 
   weightvar { 0   } 
   kinetic_energy { 47.52370026065512   } 
   kinetic_energyvar { 145.1337817389927   } 
   potential_energy { -199.8258148313063   } 
   potential_energyvar { 273.0918017941883   } 
   nonlocal_energy { 17.86323115063442   } 
   nonlocal_energyvar { 264.1564653578761   } 
   autocorr_energy { } 
} 

block { 
   label vmc
   totweight 92160
   nautocorr 0
   total_energy { -134.4213200837527   } 
   total_energyvar { 6.425068375322229   } 
   weight { 1   } 
   weightvar { 0   } 
   kinetic_energy { 47.51197486930328   } 
   kinetic_energyvar { 146.2695178050481   } 
   potential_energy { -199.6958116397278   } 
   potential_energyvar { 266.6822549418576   } 
   nonlocal_energy { 17.76251668667182   } 
   nonlocal_energyvar { 265.8354333088081   } 
   autocorr_energy { } 
} 

block { 
   label vmc
   totweight 92160
   nautocorr 0
   total_energy { -134.4405725200629   } 
   total_energyvar { 6.277948636709836   } 
   weight { 1   } 
   weightvar { 0   } 
   kinetic_energy { 47.48883627931281   } 
   kinetic_energyvar { 142.8628584486613   } 
   potential_energy { -199.7416027438467   } 
   potential_energyvar { 266.7593974700931   } 
   nonlocal_energy { 17.81219394447107   } 
   nonlocal_energyvar { 263.7144411261559   } 
   autocorr_energy { } 
} 

block { 
   label vmc
   totweight 92160
   nautocorr 0
   total_energy { -134.4218501744393   } 
   total_energyvar { 6.897125272891243   } 
   weight { 1   } 
   weightvar { 0   } 
   kinetic_energy { 47.56622387062698   } 
   kinetic_energyvar { 144.4712749765941   } 
   potential_energy { -199.8376626388415   } 
   potential_energyvar { 269.3514358857061   } 
   nonlocal_energy { 17.84958859377513   } 
   nonlocal_energyvar { 265.7764445857138   } 
   autocorr_energy { } 
} 

block { 
   label vmc
   totweight 92160
   nautocorr 0
   total_energy { -134.4265361474703   } 
   total_energyvar { 6.394004598888749   } 
   weight { 1   } 
   weightvar { 0   } 
   kinetic_energy { 47.49188416110287   } 
   kinetic_energyvar { 145.7922143233608   } 
   potential_energy { -199.6666908803137   } 
   potential_energyvar { 268.5189581464998   } 
   nonlocal_energy { 17.74827057174053   } 
   nonlocal_energyvar { 268.1685376095294   } 
   autocorr_energy { } 
} 

block { 
   label vmc
   totweight 92160
   nautocorr 0
   total_energy { -134.4167609418424   } 
   total_energyvar { 6.414251127428336   } 
   weight { 1   } 
   weightvar { 0   } 
   kinetic_energy { 47.46812186492432   } 
   kinetic_energyvar { 147.4859858497108   } 
   potential_energy { -199.6543761014507   } 
   potential_energyvar { 268.4666965558755   } 
   nonlocal_energy { 17.76949329468389   } 
   nonlocal_energyvar { 270.6428547706616   } 
   autocorr_energy { } 
} 

block { 
   label vmc
   totweight 92160
   nautocorr 0
   total_energy { -134.4218067560178   } 
   total_energyvar { 6.189758638963422   } 
   weight { 1   } 
   weightvar { 0   } 
   kinetic_energy { 47.41120269002028   } 
   kinetic_energyvar { 148.6787088507204   } 
   potential_energy { -199.6423891725792   } 
   potential_energyvar { 270.7035983366418   } 
   nonlocal_energy { 17.80937972654112   } 
   nonlocal_energyvar { 273.3600111468327   } 
   autocorr_energy { } 
} 

block { 
   label vmc
   totweight 92160
   nautocorr 0
   total_energy { -134.4212602497466   } 
   total_energyvar { 7.302382261848034   } 
   weight { 1   } 
   weightvar { 0   } 
   kinetic_energy { 47.37235271349534   } 
   kinetic_energyvar { 146.5864628058282   } 
   potential_energy { -199.6901663389475   } 
   potential_energyvar { 271.3986245907504   } 
   nonlocal_energy { 17.89655337570556   } 
   nonlocal_energyvar { 271.2279934982522   } 
   autocorr_energy { } 
} 

block { 
   label vmc
   totweight 92160
   nautocorr 0
   total_energy { -134.4190901144333   } 
   total_energyvar { 6.558606721742463   } 
   weight { 1   } 
   weightvar { 0   } 
   kinetic_energy { 47.51023556090042   } 
   kinetic_energyvar { 144.3409160871032   } 
   potential_energy { -199.720708899835   } 
   potential_energyvar { 268.7477494281719   } 
   nonlocal_energy { 17.79138322450123   } 
   nonlocal_energyvar { 265.6420792585981   } 
   autocorr_energy { } 
} 

block { 
   label vmc
   totweight 92160
   nautocorr 0
   total_energy { -134.4224996905893   } 
   total_energyvar { 6.500655650272821   } 
   weight { 1   } 
   weightvar { 0   } 
   kinetic_energy { 47.57728078599462   } 
   kinetic_energyvar { 145.2487261594234   } 
   potential_energy { -199.8245494984883   } 
   potential_energyvar { 269.7964940679581   } 
   nonlocal_energy { 17.8247690219043   } 
   nonlocal_energyvar { 270.1642216352675   } 
   autocorr_energy { } 
} 

block { 
   label vmc
   totweight 92160
   nautocorr 0
   total_energy { -134.4344899525342   } 
   total_energyvar { 6.237523220408075   } 
   weight { 1   } 
   weightvar { 0   } 
   kinetic_energy { 47.44519720018116   } 
   kinetic_energyvar { 143.543751689745   } 
   potential_energy { -199.5568386721748   } 
   potential_energyvar { 266.987481910319   } 
   nonlocal_energy { 17.67715151945949   } 
   nonlocal_energyvar { 262.2397130687215   } 
   autocorr_energy { } 
} 

block { 
   label vmc
   totweight 92160
   nautocorr 0
   total_energy { -134.4292258977393   } 
   total_energyvar { 6.372185549927485   } 
   weight { 1   } 
   weightvar { 0   } 
   kinetic_energy { 47.36898591050497   } 
   kinetic_energyvar { 147.9343020768693   } 
   potential_energy { -199.6250023064466   } 
   potential_energyvar { 272.3830582438047   } 
   nonlocal_energy { 17.82679049820228   } 
   nonlocal_energyvar { 267.7717260327186   } 
   autocorr_energy { } 
} 

block { 
   label vmc
   totweight 92160
   nautocorr 0
   total_energy { -134.4261896306176   } 
   total_energyvar { 6.215903481939685   } 
   weight { 1   } 
   weightvar { 0   } 
   kinetic_energy { 47.52259023677964   } 
   kinetic_energyvar { 146.0195135624507   } 
   potential_energy { -199.771205775348   } 
   potential_energyvar { 270.2193143680936   } 
   nonlocal_energy { 17.82242590795085   } 
   nonlocal_energyvar { 269.9996748410234   } 
   autocorr_energy { } 
} 

block { 
   label vmc
   totweight 92160
   nautocorr 0
   total_energy { -134.4265343472105   } 
   total_energyvar { 6.279556243884405   } 
   weight { 1   } 
   weightvar { 0   } 
   kinetic_energy { 47.48308111504715   } 
   kinetic_energyvar { 142.8008572902521   } 
   potential_energy { -199.804153617344   } 
   potential_energyvar { 268.9372080602841   } 
   nonlocal_energy { 17.89453815508642   } 
   nonlocal_energyvar { 264.9788226808583   } 
   autocorr_energy { } 
} 

block { 
   label vmc
   totweight 92160
   nautocorr 0
   total_energy { -134.4456670649429   } 
   total_energyvar { 6.316192846001034   } 
   weight { 1   } 
   weightvar { 0   } 
   kinetic_energy { 47.54567601017494   } 
   kinetic_energyvar { 142.100776800996   } 
   potential_energy { -199.8111015202278   } 
   potential_energyvar { 265.0736735953923   } 
   nonlocal_energy { 17.81975844510997   } 
   nonlocal_energyvar { 262.4284769678688   } 
   autocorr_energy { } 
} 

block { 
   label vmc
   totweight 92160
   nautocorr 0
   total_energy { -134.4247650452325   } 
   total_energyvar { 6.236468189598405   } 
   weight { 1   } 
   weightvar { 0   } 
   kinetic_energy { 47.45557906278669   } 
   kinetic_energyvar { 146.3497705600296   } 
   potential_energy { -199.748089163664   } 
   potential_energyvar { 269.760060523302   } 
   nonlocal_energy { 17.86774505564482   } 
   nonlocal_energyvar { 271.6189533661265   } 
   autocorr_energy { } 
} 

block { 
   label vmc
   totweight 92160
   nautocorr 0
   total_energy { -134.4220430172784   } 
   total_energyvar { 6.243756977979305   } 
   weight { 1   } 
   weightvar { 0   } 
   kinetic_energy { 47.48429068129317   } 
   kinetic_energyvar { 145.6226027381418   } 
   potential_energy { -199.8897893192816   } 
   potential_energyvar { 271.8730050047395   } 
   nonlocal_energy { 17.98345562071009   } 
   nonlocal_energyvar { 270.6751162593966   } 
   autocorr_energy { } 
} 

block { 
   label vmc
   totweight 92160
   nautocorr 0
   total_energy { -134.4274075925509   } 
   total_energyvar { 7.10143366577007   } 
   weight { 1   } 
   weightvar { 0   } 
   kinetic_energy { 47.46508231046393   } 
   kinetic_energyvar { 146.8953186521773   } 
   potential_energy { -199.8157758222111   } 
   potential_energyvar { 271.8869224928711   } 
   nonlocal_energy { 17.92328591919624   } 
   nonlocal_energyvar { 270.3678806353404   } 
   autocorr_energy { } 
} 

block { 
   label vmc
   totweight 92160
   nautocorr 0
   total_energy { -134.427801019187   } 
   total_energyvar { 6.180296356796683   } 
   weight { 1   } 
   weightvar { 0   } 
   kinetic_energy { 47.46766035935072   } 
   kinetic_energyvar { 140.9696155202748   } 
   potential_energy { -199.7058334246259   } 
   potential_energyvar { 268.5753430783996   } 
   nonlocal_energy { 17.81037204608816   } 
   nonlocal_energyvar { 262.6802306240947   } 
   autocorr_energy { } 
} 

block { 
   label vmc
   totweight 92160
   nautocorr 0
   total_energy { -134.4467962405167   } 
   total_energyvar { 6.83753863477391   } 
   weight { 1   } 
   weightvar { 0   } 
   kinetic_energy { 47.46870440859857   } 
   kinetic_energyvar { 146.1469394665017   } 
   potential_energy { -199.8030975763236   } 
   potential_energyvar { 270.682049796246   } 
   nonlocal_energy { 17.8875969272084   } 
   nonlocal_energyvar { 272.9773032926737   } 
   autocorr_energy { } 
} 

block { 
   label vmc
   totweight 92160
   nautocorr 0
   total_energy { -134.4327304249115   } 
   total_energyvar { 6.367147285913171   } 
   weight { 1   } 
   weightvar { 0   } 
   kinetic_energy { 47.36040207460095   } 
   kinetic_energyvar { 149.3590560918494   } 
   potential_energy { -199.7837196084938   } 
   potential_energyvar { 270.4038799773475   } 
   nonlocal_energy { 17.9905871089814   } 
   nonlocal_energyvar { 278.3048053090466   } 
   autocorr_energy { } 
} 

block { 
   label vmc
   totweight 92160
   nautocorr 0
   total_energy { -134.4346160933589   } 
   total_energyvar { 6.213229243827372   } 
   weight { 1   } 
   weightvar { 0   } 
   kinetic_energy { 47.43973268334184   } 
   kinetic_energyvar { 145.1719486681661   } 
   potential_energy { -199.6145045025663   } 
   potential_energyvar { 268.6131795506313   } 
   nonlocal_energy { 17.74015572586552   } 
   nonlocal_energyvar { 263.7980292649569   } 
   autocorr_energy { } 
} 

block { 
   label vmc
   totweight 92160
   nautocorr 0
   total_energy { -134.422511669701   } 
   total_energyvar { 6.515652799899841   } 
   weight { 1   } 
   weightvar { 0   } 
   kinetic_energy { 47.56268446923787   } 
   kinetic_energyvar { 146.4603229021978   } 
   potential_energy { -199.9383645045631   } 
   potential_energyvar { 270.6261941040102   } 
   nonlocal_energy { 17.95316836562418   } 
   nonlocal_energyvar { 273.5052869522808   } 
   autocorr_energy { } 
} 

block { 
   label vmc
   totweight 92160
   nautocorr 0
   total_energy { -134.4156601261792   } 
   total_energyvar { 7.051278036401711   } 
   weight { 1   } 
   weightvar { 0   } 
   kinetic_energy { 47.44576910858365   } 
   kinetic_energyvar { 146.7253981689823   } 
   potential_energy { -199.7559308066473   } 
   potential_energyvar { 269.5537399941872   } 
   nonlocal_energy { 17.89450157188453   } 
   nonlocal_energyvar { 272.6002810216072   } 
   autocorr_energy { } 
} 

block { 
   label vmc
   totweight 92160
   nautocorr 0
   total_energy { -134.443544713585   } 
   total_energyvar { 6.544460471710375   } 
   weight { 1   } 
   weightvar { 0   } 
   kinetic_energy { 47.50521168003019   } 
   kinetic_energyvar { 144.0994138898707   } 
   potential_energy { -199.7898977975007   } 
   potential_energyvar { 269.8314196846009   } 
   nonlocal_energy { 17.84114140388548   } 
   nonlocal_energyvar { 266.3004804273976   } 
   autocorr_energy { } 
} 

block { 
   label vmc
   totweight 92160
   nautocorr 0
   total_energy { -134.4100744915765   } 
   total_energyvar { 6.160100040937966   } 
   weight { 1   } 
   weightvar { 0   } 
   kinetic_energy { 47.59663254095202   } 
   kinetic_energyvar { 145.3528200548166   } 
   potential_energy { -199.8358621205688   } 
   potential_energyvar { 270.6669091864619   } 
   nonlocal_energy { 17.82915508804032   } 
   nonlocal_energyvar { 267.1055541494515   } 
   autocorr_energy { } 
} 

block { 
   label vmc
   totweight 92160
   nautocorr 0
   total_energy { -134.4214390176027   } 
   total_energyvar { 6.239533212095976   } 
   weight { 1   } 
   weightvar { 0   } 
   kinetic_energy { 47.57892300299487   } 
   kinetic_energyvar { 145.1772619499253   } 
   potential_energy { -199.8112574553008   } 
   potential_energyvar { 268.8358454087071   } 
   nonlocal_energy { 17.81089543470324   } 
   nonlocal_energyvar { 267.9335176253678   } 
   autocorr_energy { } 
} 

block { 
   label vmc
   totweight 92160
   nautocorr 0
   total_energy { -134.4333126181866   } 
   total_energyvar { 6.306039161381195   } 
   weight { 1   } 
   weightvar { 0   } 
   kinetic_energy { 47.59014349712025   } 
   kinetic_energyvar { 144.617871423784   } 
   potential_energy { -199.9934289942518   } 
   potential_energyvar { 270.6692364235644   } 
   nonlocal_energy { 17.96997287894495   } 
   nonlocal_energyvar { 272.3876068208931   } 
   autocorr_energy { } 
} 

block { 
   label vmc
   totweight 92160
   nautocorr 0
   total_energy { -134.4448814057097   } 
   total_energyvar { 6.307092125781331   } 
   weight { 1   } 
   weightvar { 0   } 
   kinetic_energy { 47.46672657022482   } 
   kinetic_energyvar { 150.646860763447   } 
   potential_energy { -199.9127127526278   } 
   potential_energyvar { 272.7080149497327   } 
   nonlocal_energy { 18.00110477669331   } 
   nonlocal_energyvar { 282.0842880718949   } 
   autocorr_energy { } 
} 

block { 
   label vmc
   totweight 92160
   nautocorr 0
   total_energy { -134.4320146098238   } 
   total_energyvar { 6.222550968718567   } 
   weight { 1   } 
   weightvar { 0   } 
   kinetic_energy { 47.49804070840449   } 
   kinetic_energyvar { 145.6899370795703   } 
   potential_energy { -199.7076546507298   } 
   potential_energyvar { 269.6984056182782   } 
   nonlocal_energy { 17.77759933250159   } 
   nonlocal_energyvar { 268.3118868295163   } 
   autocorr_energy { } 
} 

block { 
   label vmc
   totweight 92160
   nautocorr 0
   total_energy { -134.4364805796432   } 
   total_energyvar { 6.463726296310838   } 
   weight { 1   } 
   weightvar { 0   } 
   kinetic_energy { 47.42085714179781   } 
   kinetic_energyvar { 147.1549559214793   } 
   potential_energy { -199.727408309437   } 
   potential_energyvar { 269.1935694545402   } 
   nonlocal_energy { 17.87007058799597   } 
   nonlocal_energyvar { 273.2206541910543   } 
   autocorr_energy { } 
} 

block { 
   label vmc
   totweight 92160
   nautocorr 0
   total_energy { -134.4269487406073   } 
   total_energyvar { 6.324287252817362   } 
   weight { 1   } 
   weightvar { 0   } 
   kinetic_energy { 47.47096124287192   } 
   kinetic_energyvar { 145.7627056050301   } 
   potential_energy { -199.7608230756196   } 
   potential_energyvar { 272.3202692392542   } 
   nonlocal_energy { 17.86291309214033   } 
   nonlocal_energyvar { 269.1083726836106   } 
   autocorr_energy { } 
} 

block { 
   label vmc
   totweight 92160
   nautocorr 0
   total_energy { -134.4394699153766   } 
   total_energyvar { 6.554212796480744   } 
   weight { 1   } 
   weightvar { 0   } 
   kinetic_energy { 47.46452112791729   } 
   kinetic_energyvar { 145.4406943185918   } 
   potential_energy { -199.7314427849698   } 
   potential_energyvar { 271.2049733883185   } 
   nonlocal_energy { 17.82745174167587   } 
   nonlocal_energyvar { 271.1439503747309   } 
   autocorr_energy { } 
} 

