#-------------------------------------------------
#DMC run: timestep 0.005
#-------------------------------------------------


init { 
   label spin_0.005
}
block { 
   label spin_0.005
   totweight 870400
   nautocorr 0
   total_energy { -134.5342230769367   } 
   total_energyvar { 1.823698675763187   } 
   weight { 1.082307602861276   } 
   weightvar { 0.04860090039229385   } 
   kinetic_energy { 48.68928979478137   } 
   kinetic_energyvar { 155.0404895313707   } 
   potential_energy { -196.7965479893076   } 
   potential_energyvar { 165.7289974887082   } 
   nonlocal_energy { 13.57303511758948   } 
   nonlocal_energyvar { 238.0405064323633   } 
   autocorr_energy { } 
} 

block { 
   label spin_0.005
   totweight 870400
   nautocorr 0
   total_energy { -134.4451516248625   } 
   total_energyvar { 1.915853857761843   } 
   weight { 1.050189004753555   } 
   weightvar { 0.08970262359419996   } 
   kinetic_energy { 48.82870600870696   } 
   kinetic_energyvar { 152.630447765201   } 
   potential_energy { -196.6779068085241   } 
   potential_energyvar { 163.8598072165413   } 
   nonlocal_energy { 13.40404917495469   } 
   nonlocal_energyvar { 233.2550837069026   } 
   autocorr_energy { } 
} 

block { 
   label spin_0.005
   totweight 870400
   nautocorr 0
   total_energy { -134.4301226984713   } 
   total_energyvar { 1.938656756250455   } 
   weight { 0.9718648719175279   } 
   weightvar { 0.1051198804292528   } 
   kinetic_energy { 49.03145665512168   } 
   kinetic_energyvar { 152.9791646419889   } 
   potential_energy { -196.9404012316099   } 
   potential_energyvar { 165.061347037546   } 
   nonlocal_energy { 13.47882187801692   } 
   nonlocal_energyvar { 233.5974169247435   } 
   autocorr_energy { } 
} 

block { 
   label spin_0.005
   totweight 870400
   nautocorr 0
   total_energy { -134.4286892779361   } 
   total_energyvar { 1.927634089095209   } 
   weight { 0.9618550012855172   } 
   weightvar { 0.1100131328221804   } 
   kinetic_energy { 49.10262541741339   } 
   kinetic_energyvar { 152.7165723355325   } 
   potential_energy { -196.974679111391   } 
   potential_energyvar { 165.647923775293   } 
   nonlocal_energy { 13.44336441604152   } 
   nonlocal_energyvar { 231.769183359406   } 
   autocorr_energy { } 
} 

block { 
   label spin_0.005
   totweight 870400
   nautocorr 0
   total_energy { -134.4309767168774   } 
   total_energyvar { 1.959044415387039   } 
   weight { 0.9654920929219516   } 
   weightvar { 0.1105060313235375   } 
   kinetic_energy { 49.18032363882207   } 
   kinetic_energyvar { 152.6768708328156   } 
   potential_energy { -197.1901497015235   } 
   potential_energyvar { 163.4008967963958   } 
   nonlocal_energy { 13.57884934582401   } 
   nonlocal_energyvar { 235.7389522828637   } 
   autocorr_energy { } 
} 

block { 
   label spin_0.005
   totweight 870400
   nautocorr 0
   total_energy { -134.4143792477884   } 
   total_energyvar { 1.941937006698709   } 
   weight { 0.9644099473646173   } 
   weightvar { 0.1109932321537686   } 
   kinetic_energy { 49.03907862674964   } 
   kinetic_energyvar { 153.3404445813132   } 
   potential_energy { -196.9450457749239   } 
   potential_energyvar { 163.5173739744766   } 
   nonlocal_energy { 13.49158790038582   } 
   nonlocal_energyvar { 235.3494799801825   } 
   autocorr_energy { } 
} 

block { 
   label spin_0.005
   totweight 870400
   nautocorr 0
   total_energy { -134.4178441597291   } 
   total_energyvar { 1.945363740880677   } 
   weight { 0.9727431218381256   } 
   weightvar { 0.1141534774314632   } 
   kinetic_energy { 49.13980553620293   } 
   kinetic_energyvar { 152.5711325545906   } 
   potential_energy { -196.9262538750205   } 
   potential_energyvar { 167.028664429342   } 
   nonlocal_energy { 13.36860417908855   } 
   nonlocal_energyvar { 232.9181613430978   } 
   autocorr_energy { } 
} 

block { 
   label spin_0.005
   totweight 870400
   nautocorr 0
   total_energy { -134.4338497938044   } 
   total_energyvar { 1.938633762679465   } 
   weight { 0.9891252184131391   } 
   weightvar { 0.1083074235274722   } 
   kinetic_energy { 49.04393388456391   } 
   kinetic_energyvar { 153.06872782894   } 
   potential_energy { -196.9147546755881   } 
   potential_energyvar { 164.0971565571256   } 
   nonlocal_energy { 13.43697099721977   } 
   nonlocal_energyvar { 233.1414471521919   } 
   autocorr_energy { } 
} 

block { 
   label spin_0.005
   totweight 870400
   nautocorr 0
   total_energy { -134.4302822454804   } 
   total_energyvar { 2.286359788583199   } 
   weight { 0.9976989680661421   } 
   weightvar { 0.1074868344800134   } 
   kinetic_energy { 49.04720790286956   } 
   kinetic_energyvar { 153.6012868526728   } 
   potential_energy { -196.9478385870527   } 
   potential_energyvar { 163.2347765093151   } 
   nonlocal_energy { 13.47034843870285   } 
   nonlocal_energyvar { 233.3215765650554   } 
   autocorr_energy { } 
} 

block { 
   label spin_0.005
   totweight 870400
   nautocorr 0
   total_energy { -134.4281557495553   } 
   total_energyvar { 1.955847036206471   } 
   weight { 1.000829544337592   } 
   weightvar { 0.1074988895103856   } 
   kinetic_energy { 49.13880494890895   } 
   kinetic_energyvar { 154.0704670603762   } 
   potential_energy { -197.1228532262969   } 
   potential_energyvar { 167.0632828471099   } 
   nonlocal_energy { 13.55589252783271   } 
   nonlocal_energyvar { 234.5521142463629   } 
   autocorr_energy { } 
} 

block { 
   label spin_0.005
   totweight 870400
   nautocorr 0
   total_energy { -134.4297779781631   } 
   total_energyvar { 1.927594321585357   } 
   weight { 1.001322040340458   } 
   weightvar { 0.1074773914227618   } 
   kinetic_energy { 49.19248898634552   } 
   kinetic_energyvar { 156.8572527478304   } 
   potential_energy { -197.2848995467125   } 
   potential_energyvar { 168.9353411143011   } 
   nonlocal_energy { 13.66263258220387   } 
   nonlocal_energyvar { 238.4994568070235   } 
   autocorr_energy { } 
} 

block { 
   label spin_0.005
   totweight 870400
   nautocorr 0
   total_energy { -134.4256621354636   } 
   total_energyvar { 1.923066529345261   } 
   weight { 1.000382548707839   } 
   weightvar { 0.1055238237632249   } 
   kinetic_energy { 48.96955620181173   } 
   kinetic_energyvar { 153.5832821840256   } 
   potential_energy { -196.8337384384247   } 
   potential_energyvar { 166.6336941490098   } 
   nonlocal_energy { 13.43852010114931   } 
   nonlocal_energyvar { 234.3850986265753   } 
   autocorr_energy { } 
} 

block { 
   label spin_0.005
   totweight 870400
   nautocorr 0
   total_energy { -134.4474848255985   } 
   total_energyvar { 2.450714549050748   } 
   weight { 1.007693020276173   } 
   weightvar { 0.1060809928316894   } 
   kinetic_energy { 49.11506166476519   } 
   kinetic_energyvar { 154.7181113417583   } 
   potential_energy { -196.9462372040171   } 
   potential_energyvar { 166.2784777408162   } 
   nonlocal_energy { 13.38369071365338   } 
   nonlocal_energyvar { 234.3169657642342   } 
   autocorr_energy { } 
} 

block { 
   label spin_0.005
   totweight 870400
   nautocorr 0
   total_energy { -134.4287328205852   } 
   total_energyvar { 1.940768264659347   } 
   weight { 1.00727327748812   } 
   weightvar { 0.1076300400661719   } 
   kinetic_energy { 49.13690949482991   } 
   kinetic_energyvar { 152.1895674174684   } 
   potential_energy { -197.0135645892476   } 
   potential_energyvar { 165.1162919322948   } 
   nonlocal_energy { 13.44792227383252   } 
   nonlocal_energyvar { 230.8157566047668   } 
   autocorr_energy { } 
} 

block { 
   label spin_0.005
   totweight 870400
   nautocorr 0
   total_energy { -134.4383150188307   } 
   total_energyvar { 1.965368873746419   } 
   weight { 1.005774684890808   } 
   weightvar { 0.1067592012101389   } 
   kinetic_energy { 49.24935548647852   } 
   kinetic_energyvar { 152.4129704153155   } 
   potential_energy { -197.2157459440958   } 
   potential_energyvar { 163.6176698414496   } 
   nonlocal_energy { 13.5280754387866   } 
   nonlocal_energyvar { 233.9069726628315   } 
   autocorr_energy { } 
} 

block { 
   label spin_0.005
   totweight 870400
   nautocorr 0
   total_energy { -134.4185337412499   } 
   total_energyvar { 1.941942301484338   } 
   weight { 1.001925616802955   } 
   weightvar { 0.1050431478528447   } 
   kinetic_energy { 49.14697290709324   } 
   kinetic_energyvar { 153.284912285434   } 
   potential_energy { -197.0982423132043   } 
   potential_energyvar { 165.6266230378972   } 
   nonlocal_energy { 13.53273566486113   } 
   nonlocal_energyvar { 233.2767734985688   } 
   autocorr_energy { } 
} 

block { 
   label spin_0.005
   totweight 870400
   nautocorr 0
   total_energy { -134.4250253093794   } 
   total_energyvar { 1.951632902085978   } 
   weight { 0.9946447100685215   } 
   weightvar { 0.1094617471885408   } 
   kinetic_energy { 49.12772602377403   } 
   kinetic_energyvar { 152.4102968747328   } 
   potential_energy { -196.9546520728314   } 
   potential_energyvar { 164.7883562135313   } 
   nonlocal_energy { 13.40190073967795   } 
   nonlocal_energyvar { 232.0531881009498   } 
   autocorr_energy { } 
} 

block { 
   label spin_0.005
   totweight 870400
   nautocorr 0
   total_energy { -134.428477363692   } 
   total_energyvar { 1.934148113545124   } 
   weight { 0.9968815059550955   } 
   weightvar { 0.1061560739465752   } 
   kinetic_energy { 49.18984072931476   } 
   kinetic_energyvar { 153.0360498977832   } 
   potential_energy { -197.2589516185956   } 
   potential_energyvar { 165.8256483916145   } 
   nonlocal_energy { 13.64063352558881   } 
   nonlocal_energyvar { 233.2596670305258   } 
   autocorr_energy { } 
} 

block { 
   label spin_0.005
   totweight 870400
   nautocorr 0
   total_energy { -134.4231041778167   } 
   total_energyvar { 1.92080528789022   } 
   weight { 0.9956651814685842   } 
   weightvar { 0.1061066861493341   } 
   kinetic_energy { 49.03080371487825   } 
   kinetic_energyvar { 153.1154798750409   } 
   potential_energy { -197.0593604947095   } 
   potential_energyvar { 165.5903590129089   } 
   nonlocal_energy { 13.6054526020146   } 
   nonlocal_energyvar { 235.3411793315593   } 
   autocorr_energy { } 
} 

block { 
   label spin_0.005
   totweight 870400
   nautocorr 0
   total_energy { -134.428139985176   } 
   total_energyvar { 1.944728035526733   } 
   weight { 0.9991045954535284   } 
   weightvar { 0.1102814774290712   } 
   kinetic_energy { 48.98898805023272   } 
   kinetic_energyvar { 154.9418145224533   } 
   potential_energy { -196.9458823261215   } 
   potential_energyvar { 164.7363477694537   } 
   nonlocal_energy { 13.52875429071273   } 
   nonlocal_energyvar { 236.6907571786106   } 
   autocorr_energy { } 
} 

block { 
   label spin_0.005
   totweight 870400
   nautocorr 0
   total_energy { -134.4275431595967   } 
   total_energyvar { 1.969073824742674   } 
   weight { 0.9982022905955725   } 
   weightvar { 0.1103670955260865   } 
   kinetic_energy { 49.0153258050442   } 
   kinetic_energyvar { 154.738142610271   } 
   potential_energy { -197.0110542387387   } 
   potential_energyvar { 163.8161497155306   } 
   nonlocal_energy { 13.5681852740978   } 
   nonlocal_energyvar { 238.7725889248787   } 
   autocorr_energy { } 
} 

block { 
   label spin_0.005
   totweight 870400
   nautocorr 0
   total_energy { -134.4165962614126   } 
   total_energyvar { 1.947658566996365   } 
   weight { 0.9943984906508245   } 
   weightvar { 0.1091463261197247   } 
   kinetic_energy { 48.99271262509824   } 
   kinetic_energyvar { 153.0201279517211   } 
   potential_energy { -196.8268655518835   } 
   potential_energyvar { 163.9598255714672   } 
   nonlocal_energy { 13.41755666537267   } 
   nonlocal_energyvar { 232.9730508256621   } 
   autocorr_energy { } 
} 

block { 
   label spin_0.005
   totweight 870400
   nautocorr 0
   total_energy { -134.4310232335165   } 
   total_energyvar { 1.951407255470883   } 
   weight { 0.9951231422469837   } 
   weightvar { 0.1075612287444158   } 
   kinetic_energy { 49.01782360153933   } 
   kinetic_energyvar { 154.0374522151971   } 
   potential_energy { -196.9240658494736   } 
   potential_energyvar { 165.8670621948643   } 
   nonlocal_energy { 13.47521901441775   } 
   nonlocal_energyvar { 234.9358659190135   } 
   autocorr_energy { } 
} 

block { 
   label spin_0.005
   totweight 870400
   nautocorr 0
   total_energy { -134.4276918308272   } 
   total_energyvar { 1.949818747986698   } 
   weight { 0.9999494792497321   } 
   weightvar { 0.1093216350546583   } 
   kinetic_energy { 49.15364731007667   } 
   kinetic_energyvar { 153.6267028286063   } 
   potential_energy { -197.0791805451182   } 
   potential_energyvar { 164.6850837157244   } 
   nonlocal_energy { 13.49784140421436   } 
   nonlocal_energyvar { 235.0760456053875   } 
   autocorr_energy { } 
} 

block { 
   label spin_0.005
   totweight 870400
   nautocorr 0
   total_energy { -134.4286868128028   } 
   total_energyvar { 1.95584582735208   } 
   weight { 0.9989023311986148   } 
   weightvar { 0.1066711537846278   } 
   kinetic_energy { 49.02927089340265   } 
   kinetic_energyvar { 152.8473455357905   } 
   potential_energy { -197.0202287312245   } 
   potential_energyvar { 164.2807814445723   } 
   nonlocal_energy { 13.56227102501901   } 
   nonlocal_energyvar { 234.1958054477365   } 
   autocorr_energy { } 
} 

block { 
   label spin_0.005
   totweight 870400
   nautocorr 0
   total_energy { -134.4311763689518   } 
   total_energyvar { 1.93920772828696   } 
   weight { 1.001698363821919   } 
   weightvar { 0.1084308740379407   } 
   kinetic_energy { 49.11341779692937   } 
   kinetic_energyvar { 155.8541647777279   } 
   potential_energy { -197.0780113355011   } 
   potential_energyvar { 166.9346147350896   } 
   nonlocal_energy { 13.53341716961991   } 
   nonlocal_energyvar { 237.2605896133801   } 
   autocorr_energy { } 
} 

block { 
   label spin_0.005
   totweight 870400
   nautocorr 0
   total_energy { -134.4199733604354   } 
   total_energyvar { 1.952879443873329   } 
   weight { 0.9973601018889742   } 
   weightvar { 0.1062926745337826   } 
   kinetic_energy { 49.11795412893753   } 
   kinetic_energyvar { 153.0793593224672   } 
   potential_energy { -197.1201251024863   } 
   potential_energyvar { 163.8892660297176   } 
   nonlocal_energy { 13.58219761311341   } 
   nonlocal_energyvar { 235.0739358617841   } 
   autocorr_energy { } 
} 

