#-------------------------------------------------
#DMC run: timestep 0.005
#-------------------------------------------------


init { 
   label spin_0.005
}
block { 
   label spin_0.005
   totweight 3276800
   nautocorr 0
   total_energy { -293.9736484925778   } 
   total_energyvar { 3.814778152225747   } 
   weight { 1.079664791098079   } 
   weightvar { 0.05899373292961493   } 
   kinetic_energy { 111.442698742349   } 
   kinetic_energyvar { 372.4327509628371   } 
   potential_energy { -446.8433031068272   } 
   potential_energyvar { 832.6218426380731   } 
   nonlocal_energy { 41.42695587190047   } 
   nonlocal_energyvar { 672.7270441050479   } 
   autocorr_energy { } 
} 

block { 
   label spin_0.005
   totweight 3276800
   nautocorr 0
   total_energy { -293.930355526333   } 
   total_energyvar { 3.851539414110551   } 
   weight { 1.06489136743828   } 
   weightvar { 0.08677761391701126   } 
   kinetic_energy { 114.0032967098953   } 
   kinetic_energyvar { 358.1016378180624   } 
   potential_energy { -449.866254958788   } 
   potential_energyvar { 815.3187863139692   } 
   nonlocal_energy { 41.93260272255969   } 
   nonlocal_energyvar { 668.9240586582284   } 
   autocorr_energy { } 
} 

block { 
   label spin_0.005
   totweight 3276800
   nautocorr 0
   total_energy { -293.9284116850645   } 
   total_energyvar { 3.85023703602783   } 
   weight { 1.005131733461091   } 
   weightvar { 0.096487915887321   } 
   kinetic_energy { 114.4599425664503   } 
   kinetic_energyvar { 359.0207725130123   } 
   potential_energy { -450.1965657972528   } 
   potential_energyvar { 813.2831425609069   } 
   nonlocal_energy { 41.80821154573811   } 
   nonlocal_energyvar { 666.0987831068694   } 
   autocorr_energy { } 
} 

block { 
   label spin_0.005
   totweight 3276800
   nautocorr 0
   total_energy { -293.9229517790804   } 
   total_energyvar { 3.850788865547257   } 
   weight { 0.9868415046782455   } 
   weightvar { 0.1020957089922193   } 
   kinetic_energy { 114.5284358090465   } 
   kinetic_energyvar { 359.4236955119034   } 
   potential_energy { -450.4819795269137   } 
   potential_energyvar { 822.3092647170961   } 
   nonlocal_energy { 42.03059193878671   } 
   nonlocal_energyvar { 672.3056299908491   } 
   autocorr_energy { } 
} 

block { 
   label spin_0.005
   totweight 3276800
   nautocorr 0
   total_energy { -293.9294658668568   } 
   total_energyvar { 3.909493848421499   } 
   weight { 0.9865674672262561   } 
   weightvar { 0.1031369088529223   } 
   kinetic_energy { 114.670052679306   } 
   kinetic_energyvar { 358.353511517834   } 
   potential_energy { -450.5313125101591   } 
   potential_energyvar { 820.2051866029956   } 
   nonlocal_energy { 41.93179396399637   } 
   nonlocal_energyvar { 668.4318654120509   } 
   autocorr_energy { } 
} 

block { 
   label spin_0.005
   totweight 3276800
   nautocorr 0
   total_energy { -293.936465427919   } 
   total_energyvar { 3.970348771005785   } 
   weight { 0.9901887149943204   } 
   weightvar { 0.1025861288146255   } 
   kinetic_energy { 114.6405041786318   } 
   kinetic_energyvar { 362.4529514195615   } 
   potential_energy { -450.5853592566039   } 
   potential_energyvar { 822.9821193978771   } 
   nonlocal_energy { 42.00838965005299   } 
   nonlocal_energyvar { 670.0572939320213   } 
   autocorr_energy { } 
} 

block { 
   label spin_0.005
   totweight 3276800
   nautocorr 0
   total_energy { -293.9313420945493   } 
   total_energyvar { 4.730020656234979   } 
   weight { 0.9947333002136878   } 
   weightvar { 0.1028801468856719   } 
   kinetic_energy { 114.5890940870429   } 
   kinetic_energyvar { 361.2123101862677   } 
   potential_energy { -450.4697006497281   } 
   potential_energyvar { 816.8954466436688   } 
   nonlocal_energy { 41.94926446813588   } 
   nonlocal_energyvar { 667.5566118015754   } 
   autocorr_energy { } 
} 

block { 
   label spin_0.005
   totweight 3276800
   nautocorr 0
   total_energy { -293.9323230636516   } 
   total_energyvar { 3.89944419441789   } 
   weight { 0.9984522297038176   } 
   weightvar { 0.1011750018484129   } 
   kinetic_energy { 114.5913297403082   } 
   kinetic_energyvar { 358.739877371081   } 
   potential_energy { -450.356201748472   } 
   potential_energyvar { 814.5976296495528   } 
   nonlocal_energy { 41.83254894451223   } 
   nonlocal_energyvar { 664.189808961409   } 
   autocorr_energy { } 
} 

block { 
   label spin_0.005
   totweight 3276800
   nautocorr 0
   total_energy { -293.9210756118485   } 
   total_energyvar { 4.02569890144702   } 
   weight { 0.99562110441312   } 
   weightvar { 0.1012000715570167   } 
   kinetic_energy { 114.5024988801963   } 
   kinetic_energyvar { 360.9670915294265   } 
   potential_energy { -450.3044168454267   } 
   potential_energyvar { 822.5965453683704   } 
   nonlocal_energy { 41.88084235338186   } 
   nonlocal_energyvar { 668.6379002962361   } 
   autocorr_energy { } 
} 

block { 
   label spin_0.005
   totweight 3276800
   nautocorr 0
   total_energy { -293.9310579237672   } 
   total_energyvar { 3.902021967105   } 
   weight { 0.9951670594917065   } 
   weightvar { 0.1018298568143681   } 
   kinetic_energy { 114.5278212825335   } 
   kinetic_energyvar { 359.2155711118359   } 
   potential_energy { -450.3624184112525   } 
   potential_energyvar { 816.8716319930877   } 
   nonlocal_energy { 41.90353920495181   } 
   nonlocal_energyvar { 668.4409809111978   } 
   autocorr_energy { } 
} 

block { 
   label spin_0.005
   totweight 3276800
   nautocorr 0
   total_energy { -293.9274768566273   } 
   total_energyvar { 3.856340281762492   } 
   weight { 0.9964520136441142   } 
   weightvar { 0.1014309558539048   } 
   kinetic_energy { 114.6453505919852   } 
   kinetic_energyvar { 360.8083719741205   } 
   potential_energy { -450.4630375423333   } 
   potential_energyvar { 819.9195274395636   } 
   nonlocal_energy { 41.89021009372087   } 
   nonlocal_energyvar { 668.1852997654057   } 
   autocorr_energy { } 
} 

block { 
   label spin_0.005
   totweight 3276800
   nautocorr 0
   total_energy { -293.9350988394481   } 
   total_energyvar { 3.954724258389307   } 
   weight { 0.9990700073778153   } 
   weightvar { 0.1010862144164672   } 
   kinetic_energy { 114.6970947343747   } 
   kinetic_energyvar { 360.3691818710695   } 
   potential_energy { -450.5980448910489   } 
   potential_energyvar { 819.7640441692329   } 
   nonlocal_energy { 41.96585131722605   } 
   nonlocal_energyvar { 668.6733523560341   } 
   autocorr_energy { } 
} 

block { 
   label spin_0.005
   totweight 3276800
   nautocorr 0
   total_energy { -293.9227010330512   } 
   total_energyvar { 3.835419915020307   } 
   weight { 0.9983768362520664   } 
   weightvar { 0.100645951551962   } 
   kinetic_energy { 114.70669025088   } 
   kinetic_energyvar { 359.1890526525949   } 
   potential_energy { -450.5224356423021   } 
   potential_energyvar { 816.9439787312422   } 
   nonlocal_energy { 41.89304435837089   } 
   nonlocal_energyvar { 664.3583662033217   } 
   autocorr_energy { } 
} 

block { 
   label spin_0.005
   totweight 3276800
   nautocorr 0
   total_energy { -293.9260357694068   } 
   total_energyvar { 3.871269075814929   } 
   weight { 0.9960251492034655   } 
   weightvar { 0.1015966496523189   } 
   kinetic_energy { 114.6978249792512   } 
   kinetic_energyvar { 358.5551494662869   } 
   potential_energy { -450.6158843085713   } 
   potential_energyvar { 818.5364052403087   } 
   nonlocal_energy { 41.99202355991324   } 
   nonlocal_energyvar { 667.5542718757933   } 
   autocorr_energy { } 
} 

block { 
   label spin_0.005
   totweight 3276800
   nautocorr 0
   total_energy { -293.9246215682924   } 
   total_energyvar { 3.893359473934398   } 
   weight { 0.9944839723435124   } 
   weightvar { 0.1016687377810334   } 
   kinetic_energy { 114.7068286442243   } 
   kinetic_energyvar { 359.8576364761921   } 
   potential_energy { -450.6322219802759   } 
   potential_energyvar { 815.0493719132694   } 
   nonlocal_energy { 42.00077176775914   } 
   nonlocal_energyvar { 668.4071040971462   } 
   autocorr_energy { } 
} 

block { 
   label spin_0.005
   totweight 3276800
   nautocorr 0
   total_energy { -293.9217813941403   } 
   total_energyvar { 3.903707825579497   } 
   weight { 0.9932476923700991   } 
   weightvar { 0.1013312921856006   } 
   kinetic_energy { 114.7122595833298   } 
   kinetic_energyvar { 362.1334360558748   } 
   potential_energy { -450.6679050695057   } 
   potential_energyvar { 824.3166810732885   } 
   nonlocal_energy { 42.03386409203559   } 
   nonlocal_energyvar { 668.57810621257   } 
   autocorr_energy { } 
} 

block { 
   label spin_0.005
   totweight 3276800
   nautocorr 0
   total_energy { -293.9199730184323   } 
   total_energyvar { 3.98564391422097   } 
   weight { 0.9917488677730995   } 
   weightvar { 0.1029236110315619   } 
   kinetic_energy { 114.6569569831769   } 
   kinetic_energyvar { 359.3455786874858   } 
   potential_energy { -450.5186470223609   } 
   potential_energyvar { 821.1805401490452   } 
   nonlocal_energy { 41.94171702075159   } 
   nonlocal_energyvar { 667.3343439631749   } 
   autocorr_energy { } 
} 

block { 
   label spin_0.005
   totweight 3276800
   nautocorr 0
   total_energy { -293.9239216084826   } 
   total_energyvar { 3.945924158176679   } 
   weight { 0.9924495802320618   } 
   weightvar { 0.1024437879545252   } 
   kinetic_energy { 114.5809903540292   } 
   kinetic_energyvar { 359.0013888373029   } 
   potential_energy { -450.3132524259873   } 
   potential_energyvar { 819.1802136559564   } 
   nonlocal_energy { 41.80834046347545   } 
   nonlocal_energyvar { 663.8075850495037   } 
   autocorr_energy { } 
} 

block { 
   label spin_0.005
   totweight 3276800
   nautocorr 0
   total_energy { -293.9284658766093   } 
   total_energyvar { 4.849417998903023   } 
   weight { 0.9947786628788132   } 
   weightvar { 0.1024621433579016   } 
   kinetic_energy { 114.5228582201967   } 
   kinetic_energyvar { 359.8460036202907   } 
   potential_energy { -450.3234095322019   } 
   potential_energyvar { 814.5867960278226   } 
   nonlocal_energy { 41.87208543539606   } 
   nonlocal_energyvar { 665.5118934899486   } 
   autocorr_energy { } 
} 

block { 
   label spin_0.005
   totweight 3276800
   nautocorr 0
   total_energy { -293.9252720036127   } 
   total_energyvar { 3.835735253329162   } 
   weight { 0.9959970409113863   } 
   weightvar { 0.1014200433743454   } 
   kinetic_energy { 114.7747884252897   } 
   kinetic_energyvar { 360.7310838598227   } 
   potential_energy { -450.7192749411337   } 
   potential_energyvar { 819.2670159928688   } 
   nonlocal_energy { 42.01921451223141   } 
   nonlocal_energyvar { 670.7963824175999   } 
   autocorr_energy { } 
} 

