#-------------------------------------------------
#VMC run: timestep 1.8 nconfig 4352 steps 50
#-------------------------------------------------


init { 
   label vmc
}
block { 
   label vmc
   totweight 217600
   nautocorr 0
   total_energy { -10.80170637559353   } 
   total_energyvar { 0.1077963668424799   } 
   weight { 1   } 
   weightvar { 1.776356839400247e-15   } 
   kinetic_energy { 3.280656892491948   } 
   kinetic_energyvar { 1.923711836110445   } 
   potential_energy { -15.34604177858547   } 
   potential_energyvar { 4.10083352855576   } 
   nonlocal_energy { 1.263678510499993   } 
   nonlocal_energyvar { 4.733246707339105   } 
   autocorr_energy { } 
} 

block { 
   label vmc
   totweight 217600
   nautocorr 0
   total_energy { -10.79824857459446   } 
   total_energyvar { 0.1113628372130442   } 
   weight { 1   } 
   weightvar { 1.776356839400247e-15   } 
   kinetic_energy { 3.274020028240286   } 
   kinetic_energyvar { 1.942276359576787   } 
   potential_energy { -15.34680376381835   } 
   potential_energyvar { 4.091620139816871   } 
   nonlocal_energy { 1.274535160983597   } 
   nonlocal_energyvar { 4.7808605860014   } 
   autocorr_energy { } 
} 

block { 
   label vmc
   totweight 217600
   nautocorr 0
   total_energy { -10.7992841598977   } 
   total_energyvar { 0.1080339468762194   } 
   weight { 1   } 
   weightvar { 1.776356839400247e-15   } 
   kinetic_energy { 3.279862410759545   } 
   kinetic_energyvar { 1.91702878617424   } 
   potential_energy { -15.34920425574435   } 
   potential_energyvar { 4.093086463024081   } 
   nonlocal_energy { 1.270057685087107   } 
   nonlocal_energyvar { 4.755586108228584   } 
   autocorr_energy { } 
} 

block { 
   label vmc
   totweight 217600
   nautocorr 0
   total_energy { -10.79867378794536   } 
   total_energyvar { 0.1042443674144801   } 
   weight { 1   } 
   weightvar { 1.776356839400247e-15   } 
   kinetic_energy { 3.272008614670336   } 
   kinetic_energyvar { 1.912827294366965   } 
   potential_energy { -15.34324215232992   } 
   potential_energyvar { 4.033375858796521   } 
   nonlocal_energy { 1.272559749714212   } 
   nonlocal_energyvar { 4.767968800109539   } 
   autocorr_energy { } 
} 

block { 
   label vmc
   totweight 217600
   nautocorr 0
   total_energy { -10.80015297525971   } 
   total_energyvar { 0.1068818147265605   } 
   weight { 1   } 
   weightvar { 1.776356839400247e-15   } 
   kinetic_energy { 3.278958777746622   } 
   kinetic_energyvar { 1.911665333786171   } 
   potential_energy { -15.34953350860201   } 
   potential_energyvar { 4.05743708056273   } 
   nonlocal_energy { 1.270421755595675   } 
   nonlocal_energyvar { 4.736682713840368   } 
   autocorr_energy { } 
} 

block { 
   label vmc
   totweight 217600
   nautocorr 0
   total_energy { -10.80036377307093   } 
   total_energyvar { 0.1059964411845759   } 
   weight { 1   } 
   weightvar { 1.776356839400247e-15   } 
   kinetic_energy { 3.279805794248811   } 
   kinetic_energyvar { 1.890807866860674   } 
   potential_energy { -15.33836479585427   } 
   potential_energyvar { 4.059677681958918   } 
   nonlocal_energy { 1.258195228534528   } 
   nonlocal_energyvar { 4.658643257907302   } 
   autocorr_energy { } 
} 

block { 
   label vmc
   totweight 217600
   nautocorr 0
   total_energy { -10.80088470959552   } 
   total_energyvar { 0.1133002431540436   } 
   weight { 1   } 
   weightvar { 1.776356839400247e-15   } 
   kinetic_energy { 3.27382065214988   } 
   kinetic_energyvar { 1.944408086115311   } 
   potential_energy { -15.34812473601518   } 
   potential_energyvar { 4.099990392712971   } 
   nonlocal_energy { 1.273419374269779   } 
   nonlocal_energyvar { 4.776615053036142   } 
   autocorr_energy { } 
} 

block { 
   label vmc
   totweight 217600
   nautocorr 0
   total_energy { -10.80050296371307   } 
   total_energyvar { 0.1064463225385091   } 
   weight { 1   } 
   weightvar { 1.776356839400247e-15   } 
   kinetic_energy { 3.273611945297706   } 
   kinetic_energyvar { 1.899556320835826   } 
   potential_energy { -15.33793062902875   } 
   potential_energyvar { 4.056787991737665   } 
   nonlocal_energy { 1.26381572001797   } 
   nonlocal_energyvar { 4.721179930907142   } 
   autocorr_energy { } 
} 

block { 
   label vmc
   totweight 217600
   nautocorr 0
   total_energy { -10.80029184940357   } 
   total_energyvar { 0.1067144350956507   } 
   weight { 1   } 
   weightvar { 1.776356839400247e-15   } 
   kinetic_energy { 3.279516775012721   } 
   kinetic_energyvar { 1.920073049774314   } 
   potential_energy { -15.34957229735468   } 
   potential_energyvar { 4.046451938837544   } 
   nonlocal_energy { 1.269763672938387   } 
   nonlocal_energyvar { 4.733870593799073   } 
   autocorr_energy { } 
} 

block { 
   label vmc
   totweight 217600
   nautocorr 0
   total_energy { -10.80022927060846   } 
   total_energyvar { 0.1112718976181367   } 
   weight { 1   } 
   weightvar { 1.776356839400247e-15   } 
   kinetic_energy { 3.280997485082058   } 
   kinetic_energyvar { 1.898027092115188   } 
   potential_energy { -15.35026277011783   } 
   potential_energyvar { 4.048720832321255   } 
   nonlocal_energy { 1.269036014427306   } 
   nonlocal_energyvar { 4.681938802093308   } 
   autocorr_energy { } 
} 

