#-------------------------------------------------
#VMC run: timestep 1.2 nconfig 3200 steps 100
#-------------------------------------------------


init { 
   label vmc
}
block { 
   label vmc
   totweight 320000
   nautocorr 0
   total_energy { -10.97497279567907   } 
   total_energyvar { 0.3003821792844372   } 
   weight { 1   } 
   weightvar { 0   } 
   kinetic_energy { 3.463158327522766   } 
   kinetic_energyvar { 4.796790036494785   } 
   potential_energy { -15.61199588370682   } 
   potential_energyvar { 4.480540459668629   } 
   nonlocal_energy { 1.173864760504991   } 
   nonlocal_energyvar { 6.730895783731305   } 
   autocorr_energy { } 
} 

block { 
   label vmc
   totweight 320000
   nautocorr 0
   total_energy { -10.97339153624718   } 
   total_energyvar { 0.6203522172105845   } 
   weight { 1   } 
   weightvar { 0   } 
   kinetic_energy { 3.449912132663713   } 
   kinetic_energyvar { 4.955740370574239   } 
   potential_energy { -15.60522478836868   } 
   potential_energyvar { 4.479337242757318   } 
   nonlocal_energy { 1.181921119457787   } 
   nonlocal_energyvar { 6.920048628294579   } 
   autocorr_energy { } 
} 

block { 
   label vmc
   totweight 320000
   nautocorr 0
   total_energy { -10.97359476993244   } 
   total_energyvar { 0.6488219411019512   } 
   weight { 1   } 
   weightvar { 0   } 
   kinetic_energy { 3.461344338669119   } 
   kinetic_energyvar { 4.961422680974533   } 
   potential_energy { -15.60431508662434   } 
   potential_energyvar { 4.525001343297808   } 
   nonlocal_energy { 1.169375978022788   } 
   nonlocal_energyvar { 6.878181521610472   } 
   autocorr_energy { } 
} 

block { 
   label vmc
   totweight 320000
   nautocorr 0
   total_energy { -10.97450205048138   } 
   total_energyvar { 0.3943546599990617   } 
   weight { 1   } 
   weightvar { 0   } 
   kinetic_energy { 3.458528159421657   } 
   kinetic_energyvar { 4.888740825221975   } 
   potential_energy { -15.6026696444111   } 
   potential_energyvar { 4.486286859086847   } 
   nonlocal_energy { 1.16963943450807   } 
   nonlocal_energyvar { 6.831995319512173   } 
   autocorr_energy { } 
} 

block { 
   label vmc
   totweight 320000
   nautocorr 0
   total_energy { -10.97506835309792   } 
   total_energyvar { 0.2527452725538625   } 
   weight { 1   } 
   weightvar { 0   } 
   kinetic_energy { 3.467963039445304   } 
   kinetic_energyvar { 4.710737481260984   } 
   potential_energy { -15.60370980389675   } 
   potential_energyvar { 4.457854613632113   } 
   nonlocal_energy { 1.160678411353526   } 
   nonlocal_energyvar { 6.530836105283235   } 
   autocorr_energy { } 
} 

block { 
   label vmc
   totweight 320000
   nautocorr 0
   total_energy { -10.97318437379612   } 
   total_energyvar { 1.00271742212491   } 
   weight { 1   } 
   weightvar { 0   } 
   kinetic_energy { 3.456700070640784   } 
   kinetic_energyvar { 5.122045593855946   } 
   potential_energy { -15.5894415587914   } 
   potential_energyvar { 4.529162725610519   } 
   nonlocal_energy { 1.159557114354495   } 
   nonlocal_energyvar { 6.841332300352636   } 
   autocorr_energy { } 
} 

block { 
   label vmc
   totweight 320000
   nautocorr 0
   total_energy { -10.97286586325442   } 
   total_energyvar { 0.755126222512403   } 
   weight { 1   } 
   weightvar { 0   } 
   kinetic_energy { 3.453665473560138   } 
   kinetic_energyvar { 4.903766299477563   } 
   potential_energy { -15.59605853220138   } 
   potential_energyvar { 4.505873962438978   } 
   nonlocal_energy { 1.169527195386822   } 
   nonlocal_energyvar { 7.015072344932199   } 
   autocorr_energy { } 
} 

block { 
   label vmc
   totweight 320000
   nautocorr 0
   total_energy { -10.97564275637125   } 
   total_energyvar { 0.5855611991562594   } 
   weight { 1   } 
   weightvar { 0   } 
   kinetic_energy { 3.46190944536427   } 
   kinetic_energyvar { 4.911280829314882   } 
   potential_energy { -15.60118271376523   } 
   potential_energyvar { 4.48300133485774   } 
   nonlocal_energy { 1.163630512029703   } 
   nonlocal_energyvar { 6.743999971171135   } 
   autocorr_energy { } 
} 

block { 
   label vmc
   totweight 320000
   nautocorr 0
   total_energy { -10.97554764974149   } 
   total_energyvar { 0.3793273078927722   } 
   weight { 1   } 
   weightvar { 0   } 
   kinetic_energy { 3.450462183335423   } 
   kinetic_energyvar { 4.896302445710583   } 
   potential_energy { -15.59815952261113   } 
   potential_energyvar { 4.483872632485467   } 
   nonlocal_energy { 1.172149689534214   } 
   nonlocal_energyvar { 6.775197932872776   } 
   autocorr_energy { } 
} 

block { 
   label vmc
   totweight 320000
   nautocorr 0
   total_energy { -10.97445184177967   } 
   total_energyvar { 0.3130097600504267   } 
   weight { 1   } 
   weightvar { 0   } 
   kinetic_energy { 3.468770566792153   } 
   kinetic_energyvar { 4.731596199210373   } 
   potential_energy { -15.60507108285944   } 
   potential_energyvar { 4.491606679251491   } 
   nonlocal_energy { 1.161848674287626   } 
   nonlocal_energyvar { 6.594023130628123   } 
   autocorr_energy { } 
} 

block { 
   label vmc
   totweight 320000
   nautocorr 0
   total_energy { -10.97438540788812   } 
   total_energyvar { 0.5388350912512994   } 
   weight { 1   } 
   weightvar { 0   } 
   kinetic_energy { 3.459765936461461   } 
   kinetic_energyvar { 4.955410709826636   } 
   potential_energy { -15.60790970850021   } 
   potential_energyvar { 4.495219130324919   } 
   nonlocal_energy { 1.173758364150627   } 
   nonlocal_energyvar { 6.834304661329151   } 
   autocorr_energy { } 
} 

block { 
   label vmc
   totweight 320000
   nautocorr 0
   total_energy { -10.9730473311811   } 
   total_energyvar { 1.928462536138016   } 
   weight { 1   } 
   weightvar { 0   } 
   kinetic_energy { 3.456176544263226   } 
   kinetic_energyvar { 5.956328888994693   } 
   potential_energy { -15.60173244920636   } 
   potential_energyvar { 4.500039536459261   } 
   nonlocal_energy { 1.172508573762039   } 
   nonlocal_energyvar { 6.860157006092247   } 
   autocorr_energy { } 
} 

block { 
   label vmc
   totweight 320000
   nautocorr 0
   total_energy { -10.97181118383603   } 
   total_energyvar { 1.895071064192164   } 
   weight { 1   } 
   weightvar { 0   } 
   kinetic_energy { 3.460484905173323   } 
   kinetic_energyvar { 5.871281761996786   } 
   potential_energy { -15.60344157920221   } 
   potential_energyvar { 4.527430329286899   } 
   nonlocal_energy { 1.171145490192852   } 
   nonlocal_energyvar { 6.968615248158242   } 
   autocorr_energy { } 
} 

block { 
   label vmc
   totweight 320000
   nautocorr 0
   total_energy { -10.97391102115141   } 
   total_energyvar { 0.8030011118162739   } 
   weight { 1   } 
   weightvar { 0   } 
   kinetic_energy { 3.447744794043556   } 
   kinetic_energyvar { 5.104125780753569   } 
   potential_energy { -15.60865407852867   } 
   potential_energyvar { 4.558394551287585   } 
   nonlocal_energy { 1.186998263333702   } 
   nonlocal_energyvar { 7.096328392871023   } 
   autocorr_energy { } 
} 

block { 
   label vmc
   totweight 320000
   nautocorr 0
   total_energy { -10.97101222736234   } 
   total_energyvar { 1.587235524761695   } 
   weight { 1   } 
   weightvar { 0   } 
   kinetic_energy { 3.462221662232265   } 
   kinetic_energyvar { 5.411890856489285   } 
   potential_energy { -15.60483565978128   } 
   potential_energyvar { 4.51334643807948   } 
   nonlocal_energy { 1.171601770186678   } 
   nonlocal_energyvar { 7.055228375939998   } 
   autocorr_energy { } 
} 

block { 
   label vmc
   totweight 320000
   nautocorr 0
   total_energy { -10.97600785101296   } 
   total_energyvar { 0.3432898918950795   } 
   weight { 1   } 
   weightvar { 0   } 
   kinetic_energy { 3.458661244370686   } 
   kinetic_energyvar { 4.810920982712521   } 
   potential_energy { -15.59414513951447   } 
   potential_energyvar { 4.474539394131613   } 
   nonlocal_energy { 1.159476044130824   } 
   nonlocal_energyvar { 6.646108913951167   } 
   autocorr_energy { } 
} 

block { 
   label vmc
   totweight 320000
   nautocorr 0
   total_energy { -10.97417190519729   } 
   total_energyvar { 0.3224952044656033   } 
   weight { 1   } 
   weightvar { 0   } 
   kinetic_energy { 3.458931914215951   } 
   kinetic_energyvar { 4.683273437047985   } 
   potential_energy { -15.59325224570526   } 
   potential_energyvar { 4.59954320752267   } 
   nonlocal_energy { 1.160148426292019   } 
   nonlocal_energyvar { 6.518358389421188   } 
   autocorr_energy { } 
} 

block { 
   label vmc
   totweight 320000
   nautocorr 0
   total_energy { -10.97352840728371   } 
   total_energyvar { 0.8715649463975865   } 
   weight { 1   } 
   weightvar { 0   } 
   kinetic_energy { 3.464300780445614   } 
   kinetic_energyvar { 5.073733460239566   } 
   potential_energy { -15.60984045893099   } 
   potential_energyvar { 4.668319764817529   } 
   nonlocal_energy { 1.172011271201655   } 
   nonlocal_energyvar { 7.074964947692874   } 
   autocorr_energy { } 
} 

block { 
   label vmc
   totweight 320000
   nautocorr 0
   total_energy { -10.97213641861165   } 
   total_energyvar { 1.645695309148294   } 
   weight { 1   } 
   weightvar { 0   } 
   kinetic_energy { 3.454752520029869   } 
   kinetic_energyvar { 5.412885281729499   } 
   potential_energy { -15.60364112483168   } 
   potential_energyvar { 4.673895886472581   } 
   nonlocal_energy { 1.176752186190162   } 
   nonlocal_energyvar { 7.365200653800728   } 
   autocorr_energy { } 
} 

block { 
   label vmc
   totweight 320000
   nautocorr 0
   total_energy { -10.97219113525629   } 
   total_energyvar { 0.9891864017451416   } 
   weight { 1   } 
   weightvar { 0   } 
   kinetic_energy { 3.453477986500815   } 
   kinetic_energyvar { 5.039167148430807   } 
   potential_energy { -15.59887384388461   } 
   potential_energyvar { 4.514741487166368   } 
   nonlocal_energy { 1.173204722127513   } 
   nonlocal_energyvar { 6.945049726395857   } 
   autocorr_energy { } 
} 

