#-------------------------------------------------
#VMC run: timestep 1.8 nconfig 4352 steps 50
#-------------------------------------------------


init { 
   label vmc
}
block { 
   label vmc
   totweight 217600
   nautocorr 0
   total_energy { -10.78837851760884   } 
   total_energyvar { 0.1133363670572196   } 
   weight { 1   } 
   weightvar { 1.776356839400247e-15   } 
   kinetic_energy { 3.246925309734173   } 
   kinetic_energyvar { 1.908996730402088   } 
   potential_energy { -15.29084111543392   } 
   potential_energyvar { 4.066707679682287   } 
   nonlocal_energy { 1.255537288090908   } 
   nonlocal_energyvar { 4.693338412762502   } 
   autocorr_energy { } 
} 

block { 
   label vmc
   totweight 217600
   nautocorr 0
   total_energy { -10.78963961701486   } 
   total_energyvar { 0.1149967370004454   } 
   weight { 1   } 
   weightvar { 1.776356839400247e-15   } 
   kinetic_energy { 3.253724433579417   } 
   kinetic_energyvar { 1.901349640258441   } 
   potential_energy { -15.28565405001816   } 
   potential_energyvar { 4.032447194334935   } 
   nonlocal_energy { 1.242289999423879   } 
   nonlocal_energyvar { 4.591489800524233   } 
   autocorr_energy { } 
} 

block { 
   label vmc
   totweight 217600
   nautocorr 0
   total_energy { -10.78715713742603   } 
   total_energyvar { 0.1167836273914554   } 
   weight { 1   } 
   weightvar { 1.776356839400247e-15   } 
   kinetic_energy { 3.255788904192507   } 
   kinetic_energyvar { 1.913005414376335   } 
   potential_energy { -15.30332961537404   } 
   potential_energyvar { 4.120230035834489   } 
   nonlocal_energy { 1.260383573755503   } 
   nonlocal_energyvar { 4.693300649217102   } 
   autocorr_energy { } 
} 

block { 
   label vmc
   totweight 217600
   nautocorr 0
   total_energy { -10.78886951434965   } 
   total_energyvar { 0.109691237808919   } 
   weight { 1   } 
   weightvar { 1.776356839400247e-15   } 
   kinetic_energy { 3.25257325012905   } 
   kinetic_energyvar { 1.944557390304781   } 
   potential_energy { -15.30392440037748   } 
   potential_energyvar { 4.108776144682447   } 
   nonlocal_energy { 1.262481635898779   } 
   nonlocal_energyvar { 4.720217499608429   } 
   autocorr_energy { } 
} 

block { 
   label vmc
   totweight 217600
   nautocorr 0
   total_energy { -10.78874376306522   } 
   total_energyvar { 0.1084080949089574   } 
   weight { 1   } 
   weightvar { 1.776356839400247e-15   } 
   kinetic_energy { 3.249109778763528   } 
   kinetic_energyvar { 1.923697578255819   } 
   potential_energy { -15.31622710547446   } 
   potential_energyvar { 4.139582928983161   } 
   nonlocal_energy { 1.278373563645714   } 
   nonlocal_energyvar { 4.786856935917177   } 
   autocorr_energy { } 
} 

block { 
   label vmc
   totweight 217600
   nautocorr 0
   total_energy { -10.7884124436653   } 
   total_energyvar { 0.1636800581764206   } 
   weight { 1   } 
   weightvar { 1.776356839400247e-15   } 
   kinetic_energy { 3.257767638344914   } 
   kinetic_energyvar { 2.037589005945244   } 
   potential_energy { -15.30620181154484   } 
   potential_energyvar { 4.331763462137867   } 
   nonlocal_energy { 1.26002172953463   } 
   nonlocal_energyvar { 4.889439859681812   } 
   autocorr_energy { } 
} 

block { 
   label vmc
   totweight 217600
   nautocorr 0
   total_energy { -10.78833591415925   } 
   total_energyvar { 0.1190881235497961   } 
   weight { 1   } 
   weightvar { 1.776356839400247e-15   } 
   kinetic_energy { 3.247483299878987   } 
   kinetic_energyvar { 1.907501541906958   } 
   potential_energy { -15.29723703818481   } 
   potential_energyvar { 4.026702293293766   } 
   nonlocal_energy { 1.261417824146574   } 
   nonlocal_energyvar { 4.674923562173999   } 
   autocorr_energy { } 
} 

block { 
   label vmc
   totweight 217600
   nautocorr 0
   total_energy { -10.78972244631615   } 
   total_energyvar { 0.1171249273811339   } 
   weight { 1   } 
   weightvar { 1.776356839400247e-15   } 
   kinetic_energy { 3.252270055045205   } 
   kinetic_energyvar { 1.94976207264978   } 
   potential_energy { -15.30925688985937   } 
   potential_energyvar { 4.159273151721981   } 
   nonlocal_energy { 1.267264388498018   } 
   nonlocal_energyvar { 4.758937854461183   } 
   autocorr_energy { } 
} 

block { 
   label vmc
   totweight 217600
   nautocorr 0
   total_energy { -10.78875886079593   } 
   total_energyvar { 0.1171019198046851   } 
   weight { 1   } 
   weightvar { 1.776356839400247e-15   } 
   kinetic_energy { 3.249451179043716   } 
   kinetic_energyvar { 1.885076866717163   } 
   potential_energy { -15.29523438315374   } 
   potential_energyvar { 4.008334724032549   } 
   nonlocal_energy { 1.257024343314093   } 
   nonlocal_energyvar { 4.649082113370195   } 
   autocorr_energy { } 
} 

block { 
   label vmc
   totweight 217600
   nautocorr 0
   total_energy { -10.79038833015924   } 
   total_energyvar { 0.1117860118553696   } 
   weight { 1   } 
   weightvar { 1.776356839400247e-15   } 
   kinetic_energy { 3.246260127957368   } 
   kinetic_energyvar { 1.92903412411275   } 
   potential_energy { -15.30782848736153   } 
   potential_energyvar { 4.059381994491203   } 
   nonlocal_energy { 1.271180029244926   } 
   nonlocal_energyvar { 4.758538123561161   } 
   autocorr_energy { } 
} 

