#-------------------------------------------------
#DMC run: timestep 0.001
#-------------------------------------------------


init { 
   label spin_0.005
}
block { 
   label spin_0.005
   totweight 819200
   nautocorr 0
   total_energy { -67.86376091443158   } 
   total_energyvar { 0.5348695627173956   } 
   weight { 0.9992775879641355   } 
   weightvar { 0.002490036349969249   } 
   kinetic_energy { 23.35492018932502   } 
   kinetic_energyvar { 53.97947744714631   } 
   potential_energy { -102.2223967784553   } 
   potential_energyvar { 117.8449452008091   } 
   nonlocal_energy { 11.00371567469869   } 
   nonlocal_energyvar { 121.664489208646   } 
   autocorr_energy { } 
} 

block { 
   label spin_0.005
   totweight 819200
   nautocorr 0
   total_energy { -67.88004635540619   } 
   total_energyvar { 0.6130175089350465   } 
   weight { 1.00026619042034   } 
   weightvar { 0.01033770607533191   } 
   kinetic_energy { 23.61559207650416   } 
   kinetic_energyvar { 52.30860515693404   } 
   potential_energy { -102.1517497155551   } 
   potential_energyvar { 114.6805439653465   } 
   nonlocal_energy { 10.65611128364471   } 
   nonlocal_energyvar { 109.5624133246243   } 
   autocorr_energy { } 
} 

block { 
   label spin_0.005
   totweight 819200
   nautocorr 0
   total_energy { -67.88749026940619   } 
   total_energyvar { 0.5400160600646194   } 
   weight { 1.003193440169294   } 
   weightvar { 0.01903125299228776   } 
   kinetic_energy { 23.67337967915101   } 
   kinetic_energyvar { 53.26901654432907   } 
   potential_energy { -102.2585702151027   } 
   potential_energyvar { 116.5729287361619   } 
   nonlocal_energy { 10.69770026654551   } 
   nonlocal_energyvar { 112.6107619921804   } 
   autocorr_energy { } 
} 

block { 
   label spin_0.005
   totweight 819200
   nautocorr 0
   total_energy { -67.89178216843167   } 
   total_energyvar { 0.5363550544164869   } 
   weight { 1.004991002382008   } 
   weightvar { 0.02781746463065429   } 
   kinetic_energy { 23.62680686545436   } 
   kinetic_energyvar { 54.32716782749073   } 
   potential_energy { -102.2214758975842   } 
   potential_energyvar { 119.7328802981632   } 
   nonlocal_energy { 10.70288686369815   } 
   nonlocal_energyvar { 115.1027498447066   } 
   autocorr_energy { } 
} 

block { 
   label spin_0.005
   totweight 819200
   nautocorr 0
   total_energy { -67.90149981376263   } 
   total_energyvar { 0.521616209006491   } 
   weight { 1.007746863240887   } 
   weightvar { 0.03703008353523289   } 
   kinetic_energy { 23.63219843111549   } 
   kinetic_energyvar { 55.15461318789446   } 
   potential_energy { -102.40536104896   } 
   potential_energyvar { 120.6276310330376   } 
   nonlocal_energy { 10.87166280408193   } 
   nonlocal_energyvar { 120.603304884006   } 
   autocorr_energy { } 
} 

block { 
   label spin_0.005
   totweight 819200
   nautocorr 0
   total_energy { -67.88932856084858   } 
   total_energyvar { 0.5771853658003577   } 
   weight { 1.007698641396776   } 
   weightvar { 0.0446777260153406   } 
   kinetic_energy { 23.75420992118407   } 
   kinetic_energyvar { 54.75962898228823   } 
   potential_energy { -102.6895679915197   } 
   potential_energyvar { 121.6867095353242   } 
   nonlocal_energy { 11.04602950948707   } 
   nonlocal_energyvar { 122.3318383575176   } 
   autocorr_energy { } 
} 

block { 
   label spin_0.005
   totweight 819200
   nautocorr 0
   total_energy { -67.90576738366292   } 
   total_energyvar { 1.694539269663213   } 
   weight { 1.008168857493128   } 
   weightvar { 0.0523481687859211   } 
   kinetic_energy { 23.7532516918233   } 
   kinetic_energyvar { 54.492723662129   } 
   potential_energy { -102.7479140208006   } 
   potential_energyvar { 117.9828737969638   } 
   nonlocal_energy { 11.0888949453144   } 
   nonlocal_energyvar { 119.0669812069448   } 
   autocorr_energy { } 
} 

block { 
   label spin_0.005
   totweight 819200
   nautocorr 0
   total_energy { -67.89142527722649   } 
   total_energyvar { 0.7030271893078125   } 
   weight { 1.007629185305529   } 
   weightvar { 0.05905763522879124   } 
   kinetic_energy { 23.94327517051037   } 
   kinetic_energyvar { 53.05015767318009   } 
   potential_energy { -102.85294876437   } 
   potential_energyvar { 116.1974111420309   } 
   nonlocal_energy { 11.01824831663313   } 
   nonlocal_energyvar { 117.2119981063227   } 
   autocorr_energy { } 
} 

block { 
   label spin_0.005
   totweight 819200
   nautocorr 0
   total_energy { -67.8902889194329   } 
   total_energyvar { 0.5364091966924341   } 
   weight { 1.004810959775353   } 
   weightvar { 0.06408430986387749   } 
   kinetic_energy { 23.87562664486165   } 
   kinetic_energyvar { 53.71041026103325   } 
   potential_energy { -102.9270809205899   } 
   potential_energyvar { 118.8388293852265   } 
   nonlocal_energy { 11.16116535629535   } 
   nonlocal_energyvar { 120.7444718862887   } 
   autocorr_energy { } 
} 

block { 
   label spin_0.005
   totweight 819200
   nautocorr 0
   total_energy { -67.88643180751998   } 
   total_energyvar { 0.5350234261695686   } 
   weight { 1.003221433696938   } 
   weightvar { 0.06763109692602583   } 
   kinetic_energy { 23.88667759589275   } 
   kinetic_energyvar { 54.32228247554153   } 
   potential_energy { -102.7532472460541   } 
   potential_energyvar { 119.8264405414537   } 
   nonlocal_energy { 10.98013784264134   } 
   nonlocal_energyvar { 118.8256664398601   } 
   autocorr_energy { } 
} 

block { 
   label spin_0.005
   totweight 819200
   nautocorr 0
   total_energy { -67.89223567551919   } 
   total_energyvar { 0.5323745176834235   } 
   weight { 1.001780316555228   } 
   weightvar { 0.06958837827924348   } 
   kinetic_energy { 23.83836557148995   } 
   kinetic_energyvar { 53.91217828434446   } 
   potential_energy { -102.8218959185814   } 
   potential_energyvar { 120.9780490593634   } 
   nonlocal_energy { 11.09129467157223   } 
   nonlocal_energyvar { 119.1643411273242   } 
   autocorr_energy { } 
} 

block { 
   label spin_0.005
   totweight 819200
   nautocorr 0
   total_energy { -67.88987145443598   } 
   total_energyvar { 0.5332053927356435   } 
   weight { 1.001198137475825   } 
   weightvar { 0.07300097599561944   } 
   kinetic_energy { 23.80303283716846   } 
   kinetic_energyvar { 55.60072542986081   } 
   potential_energy { -102.6081767211199   } 
   potential_energyvar { 120.5975663546557   } 
   nonlocal_energy { 10.91527242951549   } 
   nonlocal_energyvar { 117.9222290767852   } 
   autocorr_energy { } 
} 

block { 
   label spin_0.005
   totweight 819200
   nautocorr 0
   total_energy { -67.89764305996253   } 
   total_energyvar { 0.5580128748722574   } 
   weight { 1.000777330853817   } 
   weightvar { 0.07681799027706229   } 
   kinetic_energy { 23.83482820451322   } 
   kinetic_energyvar { 52.92729718587817   } 
   potential_energy { -102.4900282005984   } 
   potential_energyvar { 120.3035242342479   } 
   nonlocal_energy { 10.75755693612266   } 
   nonlocal_energyvar { 113.6809296952934   } 
   autocorr_energy { } 
} 

block { 
   label spin_0.005
   totweight 819200
   nautocorr 0
   total_energy { -67.89029976130986   } 
   total_energyvar { 0.5436860284378818   } 
   weight { 1.000774915530839   } 
   weightvar { 0.07833774067737451   } 
   kinetic_energy { 23.800238236625   } 
   kinetic_energyvar { 53.81544960656697   } 
   potential_energy { -102.4329125426251   } 
   potential_energyvar { 119.0882699618492   } 
   nonlocal_energy { 10.74237454469028   } 
   nonlocal_energyvar { 116.2689662196873   } 
   autocorr_energy { } 
} 

block { 
   label spin_0.005
   totweight 819200
   nautocorr 0
   total_energy { -67.89546698128349   } 
   total_energyvar { 0.552115407540954   } 
   weight { 1.000737539900977   } 
   weightvar { 0.08132690748773262   } 
   kinetic_energy { 23.91993278444339   } 
   kinetic_energyvar { 52.98590532479447   } 
   potential_energy { -102.6431971507592   } 
   potential_energyvar { 116.8051770462026   } 
   nonlocal_energy { 10.82779738503229   } 
   nonlocal_energyvar { 111.5643265931755   } 
   autocorr_energy { } 
} 

