
 Primary working directories    : /global/cscratch1/sd/haihan
 Secondary working directories  : /global/cscratch1/sd/haihan
 Wavefunction directory         : /global/homes/h/haihan/wfu/
 Main file repository           : /global/cscratch1/sd/haihan/

 SHA1      : 19cd028119e0e09f93f0674bd8af7968d9b3eff6
 NAME      : 2015.1.36
 ARCHNAME  : linux/x86_64
 FC        : /opt/cray/pe/craype/2.5.14/bin/ftn
 BLASLIB   : -L/opt/intel/compilers_and_libraries_2018.1.163/linux/mkl/lib/intel64 -Wl,-_start-group -lmkl_intel_ilp64 -lmkl_intel_thread -lmkl_core -Wl,-_end-group -liomp5
 id        : lbl

 Nodes     nprocs
 nid00283    11
 Number of processes for MPI-2 version of Molpro:   nprocs(total)=   12   nprocs(compute)=   11   nprocs(helper)=    1

 Using customized tuning parameters: mindgm=7; mindgv=16; mindgc=1; mindgr=1; noblas=0; minvec=7
 default implementation of scratch files=sf  

 ***,Calculation for Mo atom, singlet and triplet
 memory,1,g
 
 gthresh,twoint=1.0E-15
 gthresh,oneint=1.0E-15
 
 geometry={
 1
 Mo
 Mo  0.0 0.0 0.0
 }
 
 basis={
 ECP,Mo,28,3,0;
 4
 1 8.235941  14.000000
 3 9.958580  115.303174000000
 2 4.881780  -14.978390
 2 10.074804  -12.940460
 2
 2 10.141272  180.877034
 2 4.475476  24.698656
 2
 2 8.928054  123.690806
 2 3.787021  18.878203
 2
 2 7.358884  48.296320
 2 2.595282  7.982705
 
 
 Including file /global/u2/h/haihan/Research/HZECP/Mo/atom/ECP1.0/aug-cc-pwCVTZ.basis
 }
 
 
 
 Including file /global/u2/h/haihan/Research/HZECP/Mo/atom/ECP1.0/states.proc
 
 
 do i=5,5
     if (i.eq.1) then
         IId4s2
     else if (i.eq.2) then
         Id5s1
     else if (i.eq.3) then
         Id5p1
     else if (i.eq.4) then
         EAd5s2
     else if (i.eq.5) then
         IId4s1
     else if (i.eq.6) then
         Id5
     else if (i.eq.7) then
         IId3s2
     else if (i.eq.8) then
         IIId4
     else if (i.eq.9) then
         IVd3
     else if (i.eq.10) then
         Vd2
     else if (i.eq.11) then
         VId1
     else if (i.eq.12) then
         VIp1
     else if (i.eq.13) then
         VI5f1
     else if (i.eq.14) then
         VIIXeandF
     else if (i.eq.15) then
         Xp3
     else if (i.eq.16) then
         XIIIs2
     endif
     scf(i)=energy
     _CC_NORM_MAX=2.0
     {rccsd(t),shifts=0.2,shiftp=0.2,thrdis=1.0;diis,1,1,15,1;maxit,100;core
     orbital,ignore_error}
     ccsd(i)=energy
 enddo
 
 table,scf,ccsd
 type,csv
 save

 Variables initialized (889), CPU time= 0.01 sec
 Commands  initialized (702), CPU time= 0.01 sec, 572 directives.
 Default parameters read. Elapsed time= 0.15 sec

 Checking input...
 Passed
1


                                         ***  PROGRAM SYSTEM MOLPRO  ***
                                       Copyright, TTI GmbH Stuttgart, 2015
                                    Version 2015.1 linked Dec 29 2018 15:55:43


 **********************************************************************************************************************************
 LABEL *   Calculation for Mo atom, singlet and triplet                                  
  64 bit mpp version                                                                     DATE: 26-Mar-21          TIME: 21:08:35  
 **********************************************************************************************************************************

 SHA1:             19cd028119e0e09f93f0674bd8af7968d9b3eff6
 **********************************************************************************************************************************

 THRESHOLDS:

 ZERO    =  1.00D-12  ONEINT  =  1.00D-12  TWOINT  =  1.00D-15  PREFAC  =  1.00D-14  LOCALI  =  1.00D-09  EORDER  =  1.00D-04
 ENERGY  =  0.00D+00  ETEST   =  0.00D+00  EDENS   =  0.00D+00  THRDEDEF=  1.00D-06  GRADIENT=  1.00D-02  STEP    =  1.00D-03
 ORBITAL =  1.00D-05  CIVEC   =  1.00D-05  COEFF   =  1.00D-04  PRINTCI =  5.00D-02  PUNCHCI =  9.90D+01  OPTGRAD =  3.00D-04
 OPTENERG=  1.00D-06  OPTSTEP =  3.00D-04  THRGRAD =  1.00D-10  COMPRESS=  1.00D-11  VARMIN  =  1.00D-07  VARMAX  =  1.00D-03
 THRDOUB =  0.00D+00  THRDIV  =  1.00D-05  THRRED  =  1.00D-07  THRPSP  =  1.00D+00  THRDC   =  1.00D-10  THRCS   =  1.00D-10
 THRNRM  =  1.00D-08  THREQ   =  0.00D+00  THRDE   =  1.00D+00  THRREF  =  1.00D-05  SPARFAC =  1.00D+00  THRDLP  =  1.00D-07
 THRDIA  =  1.00D-10  THRDLS  =  1.00D-07  THRGPS  =  0.00D+00  THRKEX  =  0.00D+00  THRDIS  =  2.00D-01  THRVAR  =  1.00D-10
 THRLOC  =  1.00D-06  THRGAP  =  1.00D-06  THRLOCT = -1.00D+00  THRGAPT = -1.00D+00  THRORB  =  1.00D-06  THRMLTP =  0.00D+00
 THRCPQCI=  1.00D-10  KEXTA   =  0.00D+00  THRCOARS=  0.00D+00  SYMTOL  =  1.00D-06  GRADTOL =  1.00D-06  THROVL  =  1.00D-08
 THRORTH =  1.00D-08  GRID    =  1.00D-06  GRIDMAX =  1.00D-03  DTMAX   =  0.00D+00  THROCCDE=  1.00D-01  THROCCDE=  1.00D-01



 THRESHOLDS:

 ZERO    =  1.00D-12  ONEINT  =  1.00D-15  TWOINT  =  1.00D-15  PREFAC  =  1.00D-14  LOCALI  =  1.00D-09  EORDER  =  1.00D-04
 ENERGY  =  0.00D+00  ETEST   =  0.00D+00  EDENS   =  0.00D+00  THRDEDEF=  1.00D-06  GRADIENT=  1.00D-02  STEP    =  1.00D-03
 ORBITAL =  1.00D-05  CIVEC   =  1.00D-05  COEFF   =  1.00D-04  PRINTCI =  5.00D-02  PUNCHCI =  9.90D+01  OPTGRAD =  3.00D-04
 OPTENERG=  1.00D-06  OPTSTEP =  3.00D-04  THRGRAD =  1.00D-10  COMPRESS=  1.00D-11  VARMIN  =  1.00D-07  VARMAX  =  1.00D-03
 THRDOUB =  0.00D+00  THRDIV  =  1.00D-05  THRRED  =  1.00D-07  THRPSP  =  1.00D+00  THRDC   =  1.00D-10  THRCS   =  1.00D-10
 THRNRM  =  1.00D-08  THREQ   =  0.00D+00  THRDE   =  1.00D+00  THRREF  =  1.00D-05  SPARFAC =  1.00D+00  THRDLP  =  1.00D-07
 THRDIA  =  1.00D-10  THRDLS  =  1.00D-07  THRGPS  =  0.00D+00  THRKEX  =  0.00D+00  THRDIS  =  2.00D-01  THRVAR  =  1.00D-10
 THRLOC  =  1.00D-06  THRGAP  =  1.00D-06  THRLOCT = -1.00D+00  THRGAPT = -1.00D+00  THRORB  =  1.00D-06  THRMLTP =  0.00D+00
 THRCPQCI=  1.00D-10  KEXTA   =  0.00D+00  THRCOARS=  0.00D+00  SYMTOL  =  1.00D-06  GRADTOL =  1.00D-06  THROVL  =  1.00D-08
 THRORTH =  1.00D-08  GRID    =  1.00D-06  GRIDMAX =  1.00D-03  DTMAX   =  0.00D+00  THROCCDE=  1.00D-01  THROCCDE=  1.00D-01



Geometry recognized as XYZ


 Variable memory set to 1000000000 words,  buffer space   230000 words

 SETTING BASIS          =    USERDEF

 DO I                   =         5.00000000   

 Running procedure=IID4S1


 Recomputing integrals since basis changed


 Using spherical harmonics



 PROGRAM * SEWARD (Integral evaluation for generally contracted gaussian basis sets)     Author: Roland Lindh, 1990

 Geometry written to block  1 of record 700

 Orientation using atomic masses  
 Molecule type: Atom
 Symmetry elements: X,Y,Z
 Rotational constants:       0.0000000      0.0000000      0.0000000 GHz  (calculated with average atomic masses)

 Point group  D2h 



 ATOMIC COORDINATES

 NR  ATOM    CHARGE       X              Y              Z

   1  MO     14.00    0.000000000    0.000000000    0.000000000

 NUCLEAR CHARGE:                   14
 NUMBER OF PRIMITIVE AOS:         312
 NUMBER OF SYMMETRY AOS:          256
 NUMBER OF CONTRACTIONS:          256   (  74Ag  +  34B3u +  34B2u +  25B1g +  34B1u +  25B2g +  25B3g +   5Au  )
 NUMBER OF CORE ORBITALS:           4   (   1Ag  +   1B3u +   1B2u +   0B1g +   1B1u +   0B2g +   0B3g +   0Au  )
 NUMBER OF VALENCE ORBITALS:        6   (   3Ag  +   0B3u +   0B2u +   1B1g +   0B1u +   1B2g +   1B3g +   0Au  )


 NUCLEAR REPULSION ENERGY    0.00000000

 EXTRA SYMMETRY OF AOS IN SYMMETRY 1:   1 1 1 1 1 1 1 1 1 1   1 1 1 1 1 1 1 1 1 1   1 1 1 1 1 1 1 1 2 3   2 3 2 3 2 3 2 3 2 3
                                        2 3 2 3 2 3 2 3 2 3   2 3 2 3 2 3 2 3 2 3   2 3 4 5 6 4 5 6 4 5   6 4 5 6
 EXTRA SYMMETRY OF AOS IN SYMMETRY 2:   1 1 1 1 1 1 1 1 1 1   1 1 1 1 1 1 1 1 1 1   1 1 1 1 2 3 2 3 2 3   2 3 2 3
 EXTRA SYMMETRY OF AOS IN SYMMETRY 3:   1 1 1 1 1 1 1 1 1 1   1 1 1 1 1 1 1 1 1 1   1 1 1 1 2 3 2 3 2 3   2 3 2 3
 EXTRA SYMMETRY OF AOS IN SYMMETRY 4:   1 1 1 1 1 1 1 1 1 1   1 1 1 1 1 1 1 2 3 2   3 2 3 2 3
 EXTRA SYMMETRY OF AOS IN SYMMETRY 5:   1 1 1 1 1 1 1 1 1 1   1 1 1 1 1 1 1 1 1 1   1 1 1 1 2 3 2 3 2 3   2 3 2 3
 EXTRA SYMMETRY OF AOS IN SYMMETRY 6:   1 1 1 1 1 1 1 1 1 1   1 1 1 1 1 1 1 2 3 2   3 2 3 2 3
 EXTRA SYMMETRY OF AOS IN SYMMETRY 7:   1 1 1 1 1 1 1 1 1 1   1 1 1 1 1 1 1 2 3 2   3 2 3 2 3

 Eigenvalues of metric

         1 0.976E-04 0.242E-03 0.242E-03 0.322E-03 0.749E-03 0.149E-02 0.236E-02 0.325E-02
         2 0.140E-04 0.464E-03 0.146E-02 0.372E-02 0.847E-02 0.144E-01 0.248E-01 0.407E-01
         3 0.140E-04 0.464E-03 0.146E-02 0.372E-02 0.847E-02 0.144E-01 0.248E-01 0.407E-01
         4 0.242E-03 0.325E-02 0.114E-01 0.303E-01 0.500E-01 0.974E-01 0.153E+00 0.193E+00
         5 0.140E-04 0.464E-03 0.146E-02 0.372E-02 0.847E-02 0.144E-01 0.248E-01 0.407E-01
         6 0.242E-03 0.325E-02 0.114E-01 0.303E-01 0.500E-01 0.974E-01 0.153E+00 0.193E+00
         7 0.242E-03 0.325E-02 0.114E-01 0.303E-01 0.500E-01 0.974E-01 0.153E+00 0.193E+00
         8 0.112E+00 0.295E+00 0.757E+00 0.154E+01 0.229E+01


 Contracted 2-electron integrals neglected if value below      1.0D-15
 AO integral compression algorithm  1   Integral accuracy      1.0D-15

     561.250 MB (compressed) written to integral file ( 51.7%)

     Node minimum: 32.768 MB, node maximum: 69.992 MB


 NUMBER OF SORTED TWO-ELECTRON INTEGRALS:    6439622.     BUFFER LENGTH:  32768
 NUMBER OF SEGMENTS:   1  SEGMENT LENGTH:    6439622      RECORD LENGTH: 524288

 Memory used in sort:       7.00 MW

 SORT1 READ   135748860. AND WROTE     4149201. INTEGRALS IN     12 RECORDS. CPU TIME:     2.71 SEC, REAL TIME:     2.82 SEC
 SORT2 READ    45683255. AND WROTE    70721685. INTEGRALS IN   2453 RECORDS. CPU TIME:     0.19 SEC, REAL TIME:     0.32 SEC

 Node minimum:     6370092.  Node maximum:     6530222. integrals

 OPERATOR DM      FOR CENTER  0  COORDINATES:    0.000000    0.000000    0.000000


 **********************************************************************************************************************************
 DATASETS  * FILE   NREC   LENGTH (MB)   RECORD NAMES
              1      19       20.40       500      610      700      900      950      970     1000      129      960     1100   
                                          VAR    BASINP    GEOM    SYMINP    ZMAT    AOBASIS   BASIS     P2S    ABASIS      S 
                                         1400     1410     1420     1200     1210     1080     1600     1650     1700   
                                           T        V       ECP      H0       H01     AOSYM     SMH    MOLCAS    OPER   

 PROGRAMS   *        TOTAL       INT
 CPU TIMES  *        22.37     21.93
 REAL TIME  *        23.77 SEC
 DISK USED  *         1.08 GB      
 GA USED    *         0.00 MB       (max)       0.00 MB       (current)
 **********************************************************************************************************************************


 PROGRAM * RHF-SCF (OPEN SHELL)       Authors: W. Meyer, H.-J. Werner


 NUMBER OF ELECTRONS:       9+    4-    SPACE SYMMETRY=1    SPIN SYMMETRY: Sextet  
 CONVERGENCE THRESHOLDS:    1.00E-05 (Density)    1.00E-07 (Energy)
 MAX. NUMBER OF ITERATIONS:       60
 INTERPOLATION TYPE:            DIIS
 INTERPOLATION STEPS:              2 (START)      1 (STEP)
 LEVEL SHIFTS:                 -0.60 (CLOSED) -0.30 (OPEN) 

 Number of closed-shell orbitals:    4 (   1   1   1   0   1   0   0   0 )
 Number of open-shell orbitals:      5 (   2   0   0   1   0   1   1   0 )


 
 Extra symmetries of mos in symmetry 1:   1   1   3   2
 Orbital guess generated from atomic densities. Full valence occupancy:    4   1   1   1   1   1   1   0


 Molecular orbital dump at record        4202.2

 ITERATION    DDIFF          GRAD             ENERGY        2-EL.EN.            DIPOLE MOMENTS         DIIS   ORB.
    1      0.000D+00      0.000D+00       -66.84646203     80.398208    0.00000    0.00000    0.00000    0    start
    2      0.000D+00      0.178D-01       -67.12451867     87.608064    0.00000    0.00000    0.00000    1    diag,B
    3      0.932D-02      0.643D-02       -67.14533823     87.779471    0.00000    0.00000    0.00000    2    diag,B
    4      0.298D-02      0.239D-02       -67.15360754     88.187989    0.00000    0.00000    0.00000    3    diag,B
    5      0.286D-02      0.491D-03       -67.15425284     88.326834    0.00000    0.00000    0.00000    4    diag,B
    6      0.124D-02      0.102D-03       -67.15429292     88.336874    0.00000    0.00000    0.00000    5    diag,B
    7      0.343D-03      0.366D-04       -67.15430020     88.340253    0.00000    0.00000    0.00000    6    fixocc
    8      0.113D-03      0.186D-04       -67.15430245     88.341259    0.00000    0.00000    0.00000    7    diag,B
    9      0.257D-04      0.187D-04       -67.15429777     88.341157    0.00000    0.00000    0.00000    8    diag,B
   10      0.300D-04      0.170D-04       -67.12603636     87.180973    0.00000    0.00000    0.00000    9    orth
   11      0.432D-02      0.572D-02       -67.12604542     87.181664    0.00000    0.00000    0.00000    9    diag,B
   12      0.135D-04      0.572D-02       -67.12604676     87.181717    0.00000    0.00000    0.00000    9    diag,B
   13      0.612D-06      0.572D-02       -67.12604028     87.181518    0.00000    0.00000    0.00000    9    diag,B
   14      0.420D-05      0.572D-02       -67.12604665     87.181712    0.00000    0.00000    0.00000    9    diag,B
   15      0.379D-05      0.572D-02       -67.12604684     87.181718    0.00000    0.00000    0.00000    9    diag,B
   16      0.128D-06      0.572D-02       -67.12604634     87.181703    0.00000    0.00000    0.00000    9    diag,B
   17      0.359D-06      0.572D-02       -67.12604642     87.181706    0.00000    0.00000    0.00000    9    diag,B
   18      0.586D-07      0.572D-02       -67.12604671     87.181714    0.00000    0.00000    0.00000    9    diag,B
   19      0.214D-06      0.572D-02       -67.12604647     87.181707    0.00000    0.00000    0.00000    9    diag,B
   20      0.184D-06      0.572D-02       -67.12604644     87.181706    0.00000    0.00000    0.00000    9    orth
   21      0.264D-07      0.572D-02       -67.12604659     87.181711    0.00000    0.00000    0.00000    9    diag,B
   22      0.134D-06      0.572D-02       -67.12604648     87.181707    0.00000    0.00000    0.00000    9    diag,B
   23      0.111D-06      0.572D-02       -67.12604648     87.181707    0.00000    0.00000    0.00000    9    diag,B
   24      0.749D-08      0.572D-02       -67.12604656     87.181710    0.00000    0.00000    0.00000    9    diag,B
   25      0.135D-06      0.572D-02       -67.12604654     87.181709    0.00000    0.00000    0.00000    9    diag,B
   26      0.939D-07      0.572D-02       -67.12604655     87.181710    0.00000    0.00000    0.00000    9    diag,B
   27      0.682D-08      0.572D-02       -67.12604618     87.181699    0.00000    0.00000    0.00000    9    diag,B
   28      0.130D-06      0.572D-02       -67.12604643     87.181706    0.00000    0.00000    0.00000    9    diag,B
   29      0.119D-06      0.572D-02       -67.12604656     87.181710    0.00000    0.00000    0.00000    9    diag,B
   30      0.487D-07      0.572D-02       -67.12604621     87.181700    0.00000    0.00000    0.00000    9    orth
   31      0.140D-06      0.572D-02       -67.12604636     87.181704    0.00000    0.00000    0.00000    9    diag,B
   32      0.501D-07      0.572D-02       -67.12604628     87.181702    0.00000    0.00000    0.00000    9    diag,B
   33      0.172D-07      0.572D-02       -67.12604527     87.181673    0.00000    0.00000    0.00000    9    diag,B
   34      0.186D-06      0.572D-02       -67.12604591     87.181691    0.00000    0.00000    0.00000    9    diag,B
   35      0.165D-06      0.572D-02       -67.12604634     87.181704    0.00000    0.00000    0.00000    9    diag,B
   36      0.635D-07      0.572D-02       -67.12604506     87.181667    0.00000    0.00000    0.00000    9    diag,B
   37      0.163D-06      0.572D-02       -67.12604527     87.181674    0.00000    0.00000    0.00000    9    diag,B
   38      0.562D-07      0.572D-02       -67.12604648     87.181707    0.00000    0.00000    0.00000    9    diag,B
   39      0.146D-06      0.572D-02       -67.12604508     87.181669    0.00000    0.00000    0.00000    9    diag,B
   40      0.168D-06      0.572D-02       -67.12604530     87.181675    0.00000    0.00000    0.00000    9    orth
   41      0.298D-07      0.572D-02       -67.12604543     87.181677    0.00000    0.00000    0.00000    9    diag,B
   42      0.875D-07      0.572D-02       -67.12604656     87.181710    0.00000    0.00000    0.00000    9    diag,B
   43      0.140D-06      0.572D-02       -67.12604486     87.181661    0.00000    0.00000    0.00000    9    diag,B
   44      0.199D-06      0.572D-02       -67.12604503     87.181666    0.00000    0.00000    0.00000    9    diag,B
   45      0.302D-07      0.572D-02       -67.12604643     87.181706    0.00000    0.00000    0.00000    9    diag,B
   46      0.155D-06      0.572D-02       -67.12604494     87.181664    0.00000    0.00000    0.00000    9    diag,B
   47      0.167D-06      0.572D-02       -67.12604514     87.181670    0.00000    0.00000    0.00000    9    diag,B
   48      0.329D-07      0.572D-02       -67.12604600     87.181693    0.00000    0.00000    0.00000    9    diag,B
   49      0.178D-06      0.572D-02       -67.12604609     87.181697    0.00000    0.00000    0.00000    9    diag,B
   50      0.165D-06      0.572D-02       -67.12604656     87.181710    0.00000    0.00000    0.00000    9    orth
   51      0.120D-06      0.572D-02       -67.12604623     87.181701    0.00000    0.00000    0.00000    9    diag,B
   52      0.102D-06      0.572D-02       -67.12604631     87.181703    0.00000    0.00000    0.00000    9    diag,B
   53      0.760D-08      0.572D-02       -67.12604441     87.181653    0.00000    0.00000    0.00000    9    diag,B
   54      0.159D-06      0.572D-02       -67.12604552     87.181682    0.00000    0.00000    0.00000    9    diag,B
   55      0.140D-06      0.572D-02       -67.12604637     87.181705    0.00000    0.00000    0.00000    9    diag,B
   56      0.720D-07      0.572D-02       -67.12604467     87.181660    0.00000    0.00000    0.00000    9    diag,B
   57      0.154D-06      0.572D-02       -67.12604520     87.181674    0.00000    0.00000    0.00000    9    diag,B
   58      0.429D-07      0.572D-02       -67.12604526     87.181675    0.00000    0.00000    0.00000    9    diag,B
   59      0.233D-07      0.572D-02       -67.12588660     87.165925    0.00000    0.00000    0.00000    9    orth
   60      0.460D-03      0.568D-02       -67.14775276     88.180691    0.00000    0.00000    0.00000    0    orth

 Final alpha occupancy:   3   1   1   1   1   1   1   0
 Final beta  occupancy:   1   1   1   0   1   0   0   0

 !RHF STATE 1.1 Energy                -67.147752757618
 Nuclear energy                         0.00000000
 One-electron energy                 -111.23809841
 Two-electron energy                   44.09034565
 Virial quotient                       -2.86829834
 !RHF STATE 1.1 Dipole moment           0.00000000     0.00000000     0.00000000
 Dipole moment /Debye                   0.00000000     0.00000000     0.00000000

 ELECTRON ORBITALS
 =================


   Orb  Occ    Energy  Couls-En    Coefficients

                                   1 1s      1 1s      1 1s      1 1s      1 1s      1 1s      1 1s      1 1s      1 1s      1 1s   
                                   1 1s      1 1s      1 1s      1 1s      1 1s      1 1s      1 1s      1 1s      1 1s      1 1s   
                                   1 1s      1 1s      1 1s      1 1s      1 1s      1 1s      1 1s      1 1s      1 3d0     1 3d2+ 
                                   1 3d0     1 3d2+    1 3d0     1 3d2+    1 3d0     1 3d2+    1 3d0     1 3d2+    1 3d0     1 3d2+ 
                                   1 3d0     1 3d2+    1 3d0     1 3d2+    1 3d0     1 3d2+    1 3d0     1 3d2+    1 3d0     1 3d2+ 
                                   1 3d0     1 3d2+    1 3d0     1 3d2+    1 3d0     1 3d2+    1 3d0     1 3d2+    1 3d0     1 3d2+ 
                                   1 3d0     1 3d2+    1 5g0     1 5g4+    1 5g2+    1 5g0     1 5g4+    1 5g2+    1 5g0     1 5g4+ 
                                   1 5g2+    1 5g0     1 5g4+    1 5g2+ 

   1.1   2    -3.4749  -14.4167 -0.000000  0.000000 -0.000000  0.000000 -0.000000  0.000001 -0.000003  0.000009 -0.000026  0.000073
                                -0.000194  0.000500 -0.001260  0.003125 -0.007664  0.018691 -0.043650  0.057233  0.192610 -0.715119
                                -0.031203  0.818677  0.503988  0.012251 -0.004609 -0.000756  0.000515 -0.000152 -0.000000  0.000000
                                 0.000000 -0.000000 -0.000000  0.000000  0.000001 -0.000001 -0.000003  0.000003  0.000009 -0.000008
                                -0.000016 -0.000010 -0.000093  0.000266  0.000098  0.000152  0.000780  0.000278  0.001256 -0.000606
                                 0.000726 -0.000483  0.000242 -0.000251  0.000596 -0.002188  0.000614 -0.002695 -0.000001  0.000008
                                 0.000004 -0.000006 -0.000169 -0.000135  0.000008 -0.000675 -0.000561 -0.000183 -0.000184 -0.000152
                                -0.000147  0.000028  0.000023 -0.000010

   2.1   +    -0.5386   -5.2080  0.000000 -0.000000  0.000000 -0.000000  0.000000 -0.000000  0.000001 -0.000003  0.000010 -0.000029
                                 0.000077 -0.000199  0.000502 -0.001247  0.003061 -0.007487  0.017723 -0.025670 -0.064840  0.276806
                                 0.021976 -0.443412 -0.423837  0.679832  0.530635  0.064724 -0.011446  0.002480  0.000000 -0.000000
                                -0.000000  0.000000  0.000000 -0.000001 -0.000000  0.000004  0.000001 -0.000014 -0.000003  0.000041
                                 0.000006 -0.000063  0.000034 -0.000404 -0.000039  0.000151 -0.000284  0.003143 -0.000534  0.001241
                                -0.000235  0.003720 -0.000008  0.002306 -0.000209  0.003332 -0.000227  0.002903  0.000003 -0.000335
                                -0.000000  0.000102 -0.000144 -0.000139 -0.000097 -0.001379 -0.001190 -0.000988 -0.000967 -0.000805
                                -0.001494  0.000258  0.000235 -0.000572

   3.1   +    -0.6647   -7.3273  0.000000 -0.000000  0.000000 -0.000000  0.000000 -0.000000  0.000000 -0.000000  0.000000 -0.000001
                                 0.000002 -0.000006  0.000014 -0.000036  0.000087 -0.000211  0.000492 -0.000710 -0.001625  0.006882
                                 0.000865 -0.011194 -0.005121  0.008750  0.001162  0.002393 -0.000648  0.000167 -0.000001  0.000001
                                 0.000009 -0.000009 -0.000044  0.000045  0.000177 -0.000178 -0.000598  0.000600  0.001837 -0.001843
                                -0.002919  0.002930 -0.019625  0.019693  0.017725 -0.017787  0.154266 -0.154849  0.267465 -0.268450
                                 0.153437 -0.153892  0.046471 -0.046563  0.125350 -0.125782  0.135480 -0.135947 -0.000635  0.000635
                                 0.000809 -0.000811 -0.000747  0.001164 -0.001345 -0.001740  0.002598 -0.003061 -0.001153  0.001362
                                -0.001760 -0.000128 -0.000274  0.000121

   4.1   0    -0.2690   -6.7572 -0.000000  0.000000 -0.000000  0.000000 -0.000000  0.000000 -0.000000  0.000000 -0.000000  0.000000
                                -0.000001  0.000003 -0.000007  0.000017 -0.000042  0.000101 -0.000236  0.000360  0.000643 -0.003075
                                -0.000450  0.006126  0.002354 -0.007861 -0.000805 -0.001397  0.000566 -0.000146 -0.000001 -0.000001
                                 0.000008  0.000008 -0.000041 -0.000041  0.000165  0.000165 -0.000559 -0.000557  0.001717  0.001711
                                -0.002700 -0.002691 -0.018584 -0.018518  0.016618  0.016558  0.145367  0.144863  0.268008  0.267084
                                 0.178243  0.177548  0.057872  0.057560  0.116897  0.116477  0.128487  0.128036 -0.002195 -0.002199
                                 0.001255  0.001250 -0.000293  0.000068  0.000215 -0.000495  0.000008  0.000277  0.000317 -0.000748
                                -0.000810  0.000743 -0.000827 -0.001117

   5.1   0    -0.0842   -1.7884 -0.000000  0.000000 -0.000000  0.000000 -0.000000  0.000000 -0.000000  0.000001 -0.000003  0.000008
                                -0.000021  0.000055 -0.000140  0.000347 -0.000853  0.002090 -0.004962  0.007176  0.018650 -0.079487
                                -0.005436  0.126980  0.137920 -0.206235 -0.491350 -0.175331  1.141527  0.208117  0.000000 -0.000000
                                -0.000000  0.000000  0.000000 -0.000000 -0.000000  0.000002  0.000001 -0.000005 -0.000002  0.000017
                                 0.000003 -0.000028  0.000019 -0.000181 -0.000018  0.000219 -0.000163  0.001500 -0.000073  0.005008
                                 0.000592  0.004049  0.000758 -0.015583 -0.000145  0.000947 -0.000144  0.001114  0.000098 -0.030877
                                -0.000030 -0.006060  0.000053  0.000035  0.000044  0.000364  0.000285  0.000351  0.000311  0.000206
                                 0.000377  0.000530  0.000646  0.000532

                                   1 2px     1 2px     1 2px     1 2px     1 2px     1 2px     1 2px     1 2px     1 2px     1 2px  
                                   1 2px     1 2px     1 2px     1 2px     1 2px     1 2px     1 2px     1 2px     1 2px     1 2px  
                                   1 2px     1 2px     1 2px     1 2px     1 4f1+    1 4f3+    1 4f1+    1 4f3+    1 4f1+    1 4f3+ 
                                   1 4f1+    1 4f3+    1 4f1+    1 4f3+ 

   1.2   2    -2.1883  -11.6889  0.000000 -0.000000  0.000000 -0.000000  0.000002 -0.000009  0.000031 -0.000098  0.000289 -0.000832
                                 0.002630 -0.011520  0.061543 -0.145036 -0.143504  0.291202  0.553190  0.322535  0.042589 -0.004234
                                 0.002247  0.006637 -0.000962  0.000282  0.001152 -0.002745  0.001920 -0.004360  0.000923 -0.001697
                                -0.000330  0.000324  0.000027 -0.000051

   2.2   0    -0.1735   -3.6579 -0.000000  0.000000 -0.000000  0.000000 -0.000001  0.000002 -0.000008  0.000024 -0.000072  0.000208
                                -0.000664  0.002999 -0.016683  0.041053  0.038456 -0.090387 -0.185543 -0.125864  0.223906  0.581762
                                 0.342684 -0.000845  0.013082  0.001967 -0.000869  0.000920 -0.001409  0.000718 -0.003686 -0.002758
                                -0.006484 -0.003409 -0.003666 -0.001372

   3.2   0    -0.0583   -1.3779  0.000000 -0.000000  0.000000 -0.000000  0.000000 -0.000001  0.000003 -0.000009  0.000027 -0.000077
                                 0.000242 -0.001066  0.005843 -0.014458 -0.011634  0.032750  0.063924  0.045920 -0.083836 -0.270403
                                -0.275090 -0.002014  0.810949  0.428058  0.000271 -0.000287  0.000364 -0.000034  0.001106  0.001134
                                 0.001195  0.003587  0.004296 -0.006271

                                   1 2py     1 2py     1 2py     1 2py     1 2py     1 2py     1 2py     1 2py     1 2py     1 2py  
                                   1 2py     1 2py     1 2py     1 2py     1 2py     1 2py     1 2py     1 2py     1 2py     1 2py  
                                   1 2py     1 2py     1 2py     1 2py     1 4f1-    1 4f3-    1 4f1-    1 4f3-    1 4f1-    1 4f3- 
                                   1 4f1-    1 4f3-    1 4f1-    1 4f3- 

   1.3   2    -2.2025  -11.7058  0.000000 -0.000000  0.000000 -0.000000  0.000002 -0.000009  0.000031 -0.000098  0.000288 -0.000830
                                 0.002627 -0.011509  0.061472 -0.144657 -0.144279  0.290381  0.555750  0.321680  0.041129 -0.004427
                                 0.002169  0.006889 -0.000933  0.000273  0.001070  0.000180  0.002100  0.000873  0.002112  0.002151
                                 0.000019 -0.000089  0.000067  0.000069

   2.3   0    -0.1750   -3.6559 -0.000000  0.000000 -0.000000  0.000000 -0.000001  0.000002 -0.000008  0.000024 -0.000071  0.000206
                                -0.000657  0.002965 -0.016468  0.040457  0.037978 -0.088890 -0.183665 -0.127162  0.222124  0.585035
                                 0.341634 -0.000636  0.012094  0.002049  0.000638  0.000500  0.002690  0.002124  0.006899  0.001032
                                 0.004214 -0.006483  0.000644 -0.005203

   3.3   0    -0.0595   -1.4056  0.000000 -0.000000  0.000000 -0.000000  0.000000 -0.000001  0.000003 -0.000009  0.000027 -0.000077
                                 0.000245 -0.001088  0.005997 -0.014800 -0.012696  0.033145  0.066639  0.048100 -0.087638 -0.290136
                                -0.256519 -0.001187  0.835896  0.395791 -0.000257 -0.000222 -0.000963 -0.000711 -0.002590 -0.000537
                                -0.001375  0.003451 -0.004330 -0.005696

                                   1 3d2-    1 3d2-    1 3d2-    1 3d2-    1 3d2-    1 3d2-    1 3d2-    1 3d2-    1 3d2-    1 3d2- 
                                   1 3d2-    1 3d2-    1 3d2-    1 3d2-    1 3d2-    1 3d2-    1 3d2-    1 5g2-    1 5g4-    1 5g2- 
                                   1 5g4-    1 5g2-    1 5g4-    1 5g2-    1 5g4- 

   1.4   +    -0.7448   -7.7490 -0.000002  0.000014 -0.000069  0.000277 -0.000937  0.002880 -0.004599 -0.030613  0.027645  0.243331
                                 0.391825  0.139276  0.008342  0.197834  0.213524 -0.000665  0.000160  0.000625 -0.000800  0.001408
                                -0.001626  0.000818 -0.000489  0.000003  0.000254

   2.4   0    -0.0553   -1.5374  0.000000 -0.000001  0.000006 -0.000025  0.000084 -0.000262  0.000409  0.003095 -0.003129 -0.018903
                                -0.041081  0.012570  0.126144 -0.018888 -0.026102  0.533601  0.482200 -0.000051  0.000139 -0.000088
                                 0.000115 -0.000080  0.000520 -0.000375 -0.004177

   3.4   0    -0.0244   -1.2654 -0.000000  0.000001 -0.000003  0.000011 -0.000042  0.000147 -0.000078 -0.004483  0.006146 -0.022904
                                 0.067431 -0.049903 -0.084541  0.015484  0.069328 -1.051983  1.217080  0.000058 -0.000153  0.000097
                                -0.000160  0.000092 -0.000459  0.000431  0.004755

                                   1 2pz     1 2pz     1 2pz     1 2pz     1 2pz     1 2pz     1 2pz     1 2pz     1 2pz     1 2pz  
                                   1 2pz     1 2pz     1 2pz     1 2pz     1 2pz     1 2pz     1 2pz     1 2pz     1 2pz     1 2pz  
                                   1 2pz     1 2pz     1 2pz     1 2pz     1 4f0     1 4f2+    1 4f0     1 4f2+    1 4f0     1 4f2+ 
                                   1 4f0     1 4f2+    1 4f0     1 4f2+ 

   1.5   2    -2.1954  -11.6972  0.000000 -0.000000  0.000000 -0.000000  0.000002 -0.000009  0.000031 -0.000098  0.000289 -0.000831
                                 0.002629 -0.011515  0.061508 -0.144850 -0.143852  0.290809  0.554365  0.322154  0.041930 -0.004328
                                 0.002213  0.006731 -0.000949  0.000278 -0.001882 -0.001506 -0.003342 -0.002278 -0.002407 -0.000663
                                 0.000261 -0.000131 -0.000075 -0.000020

   2.5   0    -0.1745   -3.6590 -0.000000  0.000000 -0.000000  0.000000 -0.000001  0.000002 -0.000008  0.000024 -0.000072  0.000207
                                -0.000662  0.002987 -0.016599  0.040815  0.038268 -0.089770 -0.184857 -0.126612  0.223595  0.583646
                                 0.341286 -0.000747  0.012368  0.002022  0.000286 -0.000322 -0.000850 -0.001501 -0.002487 -0.009431
                                 0.001637 -0.014512  0.002277 -0.007413

   3.5   0    -0.0589   -1.3910  0.000000 -0.000000  0.000000 -0.000000  0.000000 -0.000001  0.000003 -0.000009  0.000027 -0.000077
                                 0.000243 -0.001075  0.005911 -0.014607 -0.012157  0.032895  0.065188  0.046895 -0.085629 -0.279631
                                -0.265832 -0.001581  0.823565  0.412000 -0.000053  0.000104  0.000409  0.000590  0.001123  0.003278
                                 0.000322  0.006328 -0.000630 -0.000532

                                   1 3d1+    1 3d1+    1 3d1+    1 3d1+    1 3d1+    1 3d1+    1 3d1+    1 3d1+    1 3d1+    1 3d1+ 
                                   1 3d1+    1 3d1+    1 3d1+    1 3d1+    1 3d1+    1 3d1+    1 3d1+    1 5g1+    1 5g3+    1 5g1+ 
                                   1 5g3+    1 5g1+    1 5g3+    1 5g1+    1 5g3+ 

   1.6   +    -0.7294   -7.7368 -0.000002  0.000014 -0.000070  0.000278 -0.000938  0.002884 -0.004608 -0.030699  0.027898  0.242548
                                 0.392162  0.138419  0.007770  0.198182  0.214336 -0.000574  0.000133 -0.000202 -0.001573 -0.000488
                                -0.003416 -0.000435 -0.001788 -0.000110  0.000052

   2.6   0    -0.0545   -1.5108  0.000000 -0.000001  0.000006 -0.000023  0.000079 -0.000247  0.000383  0.002934 -0.002993 -0.017398
                                -0.039040  0.010705  0.115015 -0.017797 -0.024975  0.521798  0.503216 -0.000001  0.000174  0.000027
                                 0.000201 -0.000141  0.000323  0.001032 -0.002685

   3.6   0    -0.0236   -1.2702 -0.000000  0.000000 -0.000002  0.000010 -0.000036  0.000130 -0.000043 -0.004465  0.006245 -0.026365
                                 0.067718 -0.049834 -0.070057  0.014592  0.071143 -1.080839  1.214121 -0.000000 -0.000200 -0.000021
                                -0.000249  0.000132 -0.000294 -0.001213  0.003163

                                   1 3d1-    1 3d1-    1 3d1-    1 3d1-    1 3d1-    1 3d1-    1 3d1-    1 3d1-    1 3d1-    1 3d1- 
                                   1 3d1-    1 3d1-    1 3d1-    1 3d1-    1 3d1-    1 3d1-    1 3d1-    1 5g1-    1 5g3-    1 5g1- 
                                   1 5g3-    1 5g1-    1 5g3-    1 5g1-    1 5g3- 

   1.7   +    -0.7596   -7.7591 -0.000002  0.000014 -0.000069  0.000277 -0.000935  0.002874 -0.004588 -0.030518  0.027395  0.243949
                                 0.391533  0.140510  0.009038  0.197376  0.212629 -0.000771  0.000190 -0.000329 -0.000354 -0.000676
                                -0.000685 -0.000212 -0.000184  0.000114  0.000075

   2.7   0    -0.0561   -1.5634  0.000000 -0.000001  0.000007 -0.000026  0.000090 -0.000278  0.000435  0.003259 -0.003266 -0.020513
                                -0.043142  0.014523  0.137128 -0.020015 -0.027210  0.543864  0.462401  0.000051  0.000085  0.000055
                                 0.000053  0.000239  0.000143 -0.001120 -0.003445

   3.7   0    -0.0251   -1.2609 -0.000000  0.000001 -0.000003  0.000013 -0.000047  0.000163 -0.000112 -0.004507  0.006061 -0.019620
                                 0.067250 -0.050150 -0.097895  0.016359  0.067701 -1.024261  1.219375 -0.000055 -0.000091 -0.000070
                                -0.000077 -0.000221 -0.000069  0.001234  0.003808

                                   1 4f2-    1 4f2-    1 4f2-    1 4f2-    1 4f2- 

   1.8   0     0.0444   -1.9212  0.008247 -0.004481  0.076641 -0.125294  1.063243

   2.8   0     0.2992   -2.6740  0.013833  0.095586 -0.011454  1.268396 -0.756262

 HOMO      3.1    -0.664722 =     -18.0880eV
 LUMO      4.1    -0.269037 =      -7.3209eV
 LUMO-HOMO         0.395684 =      10.7671eV

 No convergence



 **********************************************************************************************************************************
 DATASETS  * FILE   NREC   LENGTH (MB)   RECORD NAMES
              1      19       20.43       500      610      700      900      950      970     1000      129      960     1100   
                                          VAR    BASINP    GEOM    SYMINP    ZMAT    AOBASIS   BASIS     P2S    ABASIS      S 
                                         1400     1410     1420     1200     1210     1080     1600     1650     1700   
                                           T        V       ECP      H0       H01     AOSYM     SMH    MOLCAS    OPER   

              2       5        5.68       200      700     1000      520     4202   
                                        OPTIONS   GEOM     BASIS   MCVARS     RHF  

 PROGRAMS   *        TOTAL       RHF       INT
 CPU TIMES  *        24.28      1.91     21.93
 REAL TIME  *        26.16 SEC
 DISK USED  *         1.39 GB      
 SF USED    *         0.04 MB      
 GA USED    *         0.00 MB       (max)       0.00 MB       (current)
 **********************************************************************************************************************************


 PROGRAM * POP (Mulliken population analysis)

 
 Density matrix read from record         4202.2  Type=RHF/CHARGE (state 1.1)
 
 Population analysis by basis function type

 Unique atom        s        p        d        f        g    Total    Charge
   1  MO      2.99988  5.99971  4.00000  0.00029  0.00011 13.00000  + 1.00000


 **********************************************************************************************************************************
 DATASETS  * FILE   NREC   LENGTH (MB)   RECORD NAMES
              1      19       20.43       500      610      700      900      950      970     1000      129      960     1100   
                                          VAR    BASINP    GEOM    SYMINP    ZMAT    AOBASIS   BASIS     P2S    ABASIS      S 
                                         1400     1410     1420     1200     1210     1080     1600     1650     1700   
                                           T        V       ECP      H0       H01     AOSYM     SMH    MOLCAS    OPER   

              2       5        5.68       200      700     1000      520     4202   
                                        OPTIONS   GEOM     BASIS   MCVARS     RHF  

 PROGRAMS   *        TOTAL       POP       RHF       INT
 CPU TIMES  *        24.28      0.00      1.91     21.93
 REAL TIME  *        26.16 SEC
 DISK USED  *         1.39 GB      
 SF USED    *         0.04 MB      
 GA USED    *         0.00 MB       (max)       0.00 MB       (current)
 **********************************************************************************************************************************


 PROGRAM * MULTI (Direct Multiconfiguration SCF)       Authors: P.J. Knowles, H.-J. Werner (1984)     S.T. Elbert (1988)


 Number of closed-shell orbitals:   4 (   1   1   1   0   1   0   0   0 )
 Number of active  orbitals:        6 (   3   0   0   1   0   1   1   0 )
 Number of external orbitals:     246 (  70  33  33  24  33  24  24   5 )

 State symmetry 1

 Orbital occupancy restrictions for symmetry 1
  1      1       200000                          

 Number of electrons:     5    Spin symmetry=Sextet    Space symmetry=1
 Number of states:        2
 Number of CSFs:          2

 State symmetry 2

 Orbital occupancy restrictions for symmetry 4
  1      1       200000                          

 Number of electrons:     5    Spin symmetry=Sextet    Space symmetry=4
 Number of states:        1
 Number of CSFs:          1

 State symmetry 3

 Orbital occupancy restrictions for symmetry 6
  1      1       200000                          

 Number of electrons:     5    Spin symmetry=Sextet    Space symmetry=6
 Number of states:        1
 Number of CSFs:          1

 State symmetry 4

 Orbital occupancy restrictions for symmetry 7
  1      1       200000                          

 Number of electrons:     5    Spin symmetry=Sextet    Space symmetry=7
 Number of states:        1
 Number of CSFs:          1
 
 Maximum number of shells:             1
 Maximum number of spin couplings:     1

 Storage for configuration lists      46, coupling coefficients      5, address lists    266

 Molecular orbitals read from record     4202.2  Type=RHF/CANONICAL (state 1.1)
 *** IN SYMMETRY 1 ORBITAL  1 SYMMETRY CONTAMINATION OF 0.563D-02 HAS BEEN REMOVED
 *** IN SYMMETRY 1 ORBITAL  2 SYMMETRY CONTAMINATION OF 0.106D-01 HAS BEEN REMOVED
 *** IN SYMMETRY 1 ORBITAL  3 SYMMETRY CONTAMINATION OF 0.514D+00 HAS BEEN REMOVED
 *** IN SYMMETRY 1 ORBITAL  4 SYMMETRY CONTAMINATION OF 0.507D+00 HAS BEEN REMOVED

 EXTRA SYMMETRY OF MOS IN SYMMETRY 1:   1 1 3 2 1 3 2 1 3 2   1 3 2 1 6 5 4 3 2 6   5 4 2 3 1 3 2 2 3 3   2 2 1 6 5 4 3 2 1 3
                                        2 3 1 1 3 2 1 1 3 2   1 3 2 1 1 3 2 1 3 2   1 1 1 1 1 1 1 1 1 1   1 6 4 5
 *** IN SYMMETRY 2 ORBITAL  1 SYMMETRY CONTAMINATION OF 0.844D-02 HAS BEEN REMOVED
 EXTRA SYMMETRY OF MOS IN SYMMETRY 2:   1 1 1 1 3 2 1 3 2 1   3 2 1 3 2 1 3 2 1 1   1 1 1 1 1 1 1 1 1 1   1 1 1 1
 *** IN SYMMETRY 3 ORBITAL  1 SYMMETRY CONTAMINATION OF 0.546D-02 HAS BEEN REMOVED
 EXTRA SYMMETRY OF MOS IN SYMMETRY 3:   1 1 1 1 1 3 1 2 3 1   2 3 1 2 3 1 2 3 1 1   1 1 1 1 1 1 1 1 1 1   1 1 1 2
 *** IN SYMMETRY 4 ORBITAL  1 SYMMETRY CONTAMINATION OF 0.475D-02 HAS BEEN REMOVED
 EXTRA SYMMETRY OF MOS IN SYMMETRY 4:   1 1 1 1 3 2 1 1 2 1   1 2 3 1 3 2 1 1 1 1   1 1 1 1 3
 *** IN SYMMETRY 5 ORBITAL  1 SYMMETRY CONTAMINATION OF 0.784D-02 HAS BEEN REMOVED
 EXTRA SYMMETRY OF MOS IN SYMMETRY 5:   1 1 1 1 2 3 1 3 2 1   3 2 1 3 2 1 3 2 1 1   1 1 1 1 1 1 1 1 1 1   1 1 1 1
 *** IN SYMMETRY 6 ORBITAL  1 SYMMETRY CONTAMINATION OF 0.635D-02 HAS BEEN REMOVED
 EXTRA SYMMETRY OF MOS IN SYMMETRY 6:   1 1 1 1 3 2 1 3 2 1   1 1 2 1 3 2 1 1 1 1   1 1 1 1 3
 *** IN SYMMETRY 7 ORBITAL  1 SYMMETRY CONTAMINATION OF 0.208D-02 HAS BEEN REMOVED
 EXTRA SYMMETRY OF MOS IN SYMMETRY 7:   1 1 1 1 2 3 1 1 1 1   1 2 3 1 2 3 1 1 1 1   1 1 1 3 2

 Wavefunction dump at record             5202.2

 Convergence thresholds  0.10E-01 (gradient)  0.10E-05 (energy)  0.10E-02 (step length)

 Weight factors for state symmetry  1:    0.20000   0.20000
 Weight factors for state symmetry  2:    0.20000
 Weight factors for state symmetry  3:    0.20000
 Weight factors for state symmetry  4:    0.20000

 Eigenvalues of redundancy matrix
   1-  3   -0.000000    0.000000    1.000000

 Non-redundant active-active orbital rotations:
     1  2  3  4  5
  2   
  3  +   
  4         
  5            
  6               

 Number of orbital rotations:      455   (     3 Core/Active    169 Core/Virtual   1 Active/Active    282 Active/Virtual)
 Total number of variables:        462


 ITER. MIC  NCI  NEG     ENERGY(VAR)     ENERGY(PROJ)   ENERGY CHANGE     GRAD(0)  GRAD(ORB)   GRAD(CI)     STEP       TIME

   1   37   28    0     -67.13404238     -67.15198195   -0.01793957    4.66784434 0.00001665 0.00000000  0.20D+00      0.25
   2   31   32    0     -67.14978754     -67.15193351   -0.00214598   *********** 0.00000161 0.00000000  0.36D-02      0.50
   3   54   20    0     -67.15193351     -67.15193351   -0.00000000    0.00000237 0.00000000 0.00000000  0.17D-05      0.69

 ** WVFN ****  CONVERGENCE REACHED, FINAL GRADIENT:  0.19D-10



 Results for state 1.1
 =====================

 !MCSCF STATE 1.1 Energy              -67.151933514198
 Nuclear energy                         0.00000000
 Kinetic energy                        23.42053939
 One electron energy                 -111.32381875
 Two electron energy                   44.17188524
 Virial ratio                           3.86722404

 !MCSCF STATE 1.1 Dipole moment         0.00000000     0.00000000     0.00000000
 Dipole moment /Debye                   0.00000000     0.00000000     0.00000000

 Results for state 2.1
 =====================

 !MCSCF STATE 2.1 Energy              -67.151933514198
 Nuclear energy                         0.00000000
 Kinetic energy                        23.42053939
 One electron energy                 -111.32381875
 Two electron energy                   44.17188524
 Virial ratio                           3.86722404

 !MCSCF STATE 2.1 Dipole moment         0.00000000     0.00000000     0.00000000
 Dipole moment /Debye                   0.00000000     0.00000000     0.00000000



 Results for state 1.4
 =====================

 !MCSCF STATE 1.4 Energy              -67.151933514198
 Nuclear energy                         0.00000000
 Kinetic energy                        23.42053939
 One electron energy                 -111.32381875
 Two electron energy                   44.17188524
 Virial ratio                           3.86722404

 !MCSCF STATE 1.4 Dipole moment         0.00000000     0.00000000     0.00000000
 Dipole moment /Debye                   0.00000000     0.00000000     0.00000000



 Results for state 1.6
 =====================

 !MCSCF STATE 1.6 Energy              -67.151933514198
 Nuclear energy                         0.00000000
 Kinetic energy                        23.42053939
 One electron energy                 -111.32381875
 Two electron energy                   44.17188524
 Virial ratio                           3.86722404

 !MCSCF STATE 1.6 Dipole moment         0.00000000     0.00000000     0.00000000
 Dipole moment /Debye                   0.00000000     0.00000000     0.00000000



 Results for state 1.7
 =====================

 !MCSCF STATE 1.7 Energy              -67.151933514198
 Nuclear energy                         0.00000000
 Kinetic energy                        23.42053939
 One electron energy                 -111.32381875
 Two electron energy                   44.17188524
 Virial ratio                           3.86722404

 !MCSCF STATE 1.7 Dipole moment         0.00000000     0.00000000     0.00000000
 Dipole moment /Debye                   0.00000000     0.00000000     0.00000000

 State-averaged charge density matrix saved on record  5202.2 (density set 1)


 NATURAL ORBITALS (state averaged)
 =================================

   Orb     Occ        Energy       Coefficients

                                   1 1s      1 1s      1 1s      1 1s      1 1s      1 1s      1 1s      1 1s      1 1s      1 1s   
                                   1 1s      1 1s      1 1s      1 1s      1 1s      1 1s      1 1s      1 1s      1 1s      1 1s   
                                   1 1s      1 1s      1 1s      1 1s      1 1s      1 1s      1 1s      1 1s      1 3d0     1 3d2+ 
                                   1 3d0     1 3d2+    1 3d0     1 3d2+    1 3d0     1 3d2+    1 3d0     1 3d2+    1 3d0     1 3d2+ 
                                   1 3d0     1 3d2+    1 3d0     1 3d2+    1 3d0     1 3d2+    1 3d0     1 3d2+    1 3d0     1 3d2+ 
                                   1 3d0     1 3d2+    1 3d0     1 3d2+    1 3d0     1 3d2+    1 3d0     1 3d2+    1 3d0     1 3d2+ 
                                   1 3d0     1 3d2+    1 5g0     1 5g4+    1 5g2+    1 5g0     1 5g4+    1 5g2+    1 5g0     1 5g4+ 
                                   1 5g2+    1 5g0     1 5g4+    1 5g2+ 

   1.1  2.00000    -3.413973    -0.000000  0.000000 -0.000000  0.000000 -0.000000  0.000001 -0.000003  0.000009 -0.000026  0.000072
                                -0.000193  0.000497 -0.001255  0.003112 -0.007633  0.018614 -0.043470  0.056962  0.192040 -0.712346
                                -0.031052  0.810437  0.509484  0.014285 -0.005618 -0.000159  0.000265 -0.000092  0.000000  0.000000
                                 0.000000  0.000000  0.000000  0.000000  0.000000  0.000000  0.000000  0.000000  0.000000  0.000000
                                 0.000000  0.000000  0.000000  0.000000  0.000000  0.000000  0.000000  0.000000  0.000000  0.000000
                                 0.000000  0.000000  0.000000  0.000000  0.000000  0.000000  0.000000  0.000000  0.000000  0.000000
                                 0.000000  0.000000  0.000000  0.000000  0.000000  0.000000  0.000000  0.000000  0.000000  0.000000
                                 0.000000  0.000000  0.000000  0.000000

   2.1  1.00000    -0.347232     0.000000 -0.000000  0.000000 -0.000000  0.000000 -0.000000  0.000001 -0.000003  0.000010 -0.000028
                                 0.000074 -0.000191  0.000482 -0.001197  0.002941 -0.007208  0.017095 -0.024507 -0.065542  0.275464
                                 0.017212 -0.424819 -0.432991  0.651241  0.560393  0.059173 -0.008015  0.001632  0.000000  0.000000
                                 0.000000  0.000000  0.000000  0.000000  0.000000  0.000000  0.000000  0.000000  0.000000  0.000000
                                 0.000000  0.000000  0.000000  0.000000  0.000000  0.000000  0.000000  0.000000  0.000000  0.000000
                                 0.000000  0.000000  0.000000  0.000000  0.000000  0.000000  0.000000  0.000000  0.000000  0.000000
                                 0.000000  0.000000  0.000000  0.000000  0.000000  0.000000  0.000000  0.000000  0.000000  0.000000
                                 0.000000  0.000000  0.000000  0.000000

   3.1  0.80000    -0.339493     0.000000  0.000000  0.000000  0.000000  0.000000  0.000000  0.000000  0.000000  0.000000  0.000000
                                 0.000000  0.000000  0.000000  0.000000  0.000000  0.000000  0.000000  0.000000  0.000000  0.000000
                                 0.000000  0.000000  0.000000  0.000000  0.000000  0.000000  0.000000  0.000000 -0.000002  0.000000
                                 0.000013  0.000000 -0.000068  0.000000  0.000271  0.000000 -0.000916  0.000000  0.002817  0.000000
                                -0.004480  0.000000 -0.030188  0.000000  0.027362  0.000000  0.237921  0.000000  0.396362  0.000000
                                 0.149103  0.000000  0.009472  0.000000  0.193416  0.000000  0.211286  0.000000 -0.000721  0.000000
                                 0.000167  0.000000  0.000000  0.000000  0.000000  0.000000  0.000000  0.000000  0.000000  0.000000
                                 0.000000  0.000000  0.000000  0.000000

   4.1  0.80000    -0.339493     0.000000  0.000000  0.000000  0.000000  0.000000  0.000000  0.000000  0.000000  0.000000  0.000000
                                 0.000000  0.000000  0.000000  0.000000  0.000000  0.000000  0.000000  0.000000  0.000000  0.000000
                                 0.000000  0.000000  0.000000  0.000000  0.000000  0.000000  0.000000  0.000000  0.000000  0.000002
                                 0.000000 -0.000013  0.000000  0.000068  0.000000 -0.000271  0.000000  0.000916  0.000000 -0.002817
                                 0.000000  0.004480  0.000000  0.030188  0.000000 -0.027362  0.000000 -0.237921  0.000000 -0.396362
                                 0.000000 -0.149103  0.000000 -0.009472  0.000000 -0.193416  0.000000 -0.211286  0.000000  0.000721
                                 0.000000 -0.000167  0.000000  0.000000  0.000000  0.000000  0.000000  0.000000  0.000000  0.000000
                                 0.000000  0.000000  0.000000  0.000000

                                   1 2px     1 2px     1 2px     1 2px     1 2px     1 2px     1 2px     1 2px     1 2px     1 2px  
                                   1 2px     1 2px     1 2px     1 2px     1 2px     1 2px     1 2px     1 2px     1 2px     1 2px  
                                   1 2px     1 2px     1 2px     1 2px     1 4f1+    1 4f3+    1 4f1+    1 4f3+    1 4f1+    1 4f3+ 
                                   1 4f1+    1 4f3+    1 4f1+    1 4f3+ 

   1.2  2.00000    -2.140677     0.000000 -0.000000  0.000000 -0.000000  0.000002 -0.000009  0.000031 -0.000098  0.000288 -0.000830
                                 0.002622 -0.011474  0.061236 -0.144148 -0.142828  0.288228  0.550535  0.326974  0.043584 -0.004856
                                 0.002380  0.006500 -0.001028  0.000301  0.000000  0.000000  0.000000  0.000000  0.000000  0.000000
                                 0.000000  0.000000  0.000000  0.000000

                                   1 2py     1 2py     1 2py     1 2py     1 2py     1 2py     1 2py     1 2py     1 2py     1 2py  
                                   1 2py     1 2py     1 2py     1 2py     1 2py     1 2py     1 2py     1 2py     1 2py     1 2py  
                                   1 2py     1 2py     1 2py     1 2py     1 4f1-    1 4f3-    1 4f1-    1 4f3-    1 4f1-    1 4f3- 
                                   1 4f1-    1 4f3-    1 4f1-    1 4f3- 

   1.3  2.00000    -2.140677     0.000000 -0.000000  0.000000 -0.000000  0.000002 -0.000009  0.000031 -0.000098  0.000288 -0.000830
                                 0.002622 -0.011474  0.061236 -0.144148 -0.142828  0.288228  0.550535  0.326974  0.043584 -0.004856
                                 0.002380  0.006500 -0.001028  0.000301  0.000000  0.000000  0.000000  0.000000  0.000000  0.000000
                                 0.000000  0.000000  0.000000  0.000000

                                   1 3d2-    1 3d2-    1 3d2-    1 3d2-    1 3d2-    1 3d2-    1 3d2-    1 3d2-    1 3d2-    1 3d2- 
                                   1 3d2-    1 3d2-    1 3d2-    1 3d2-    1 3d2-    1 3d2-    1 3d2-    1 5g2-    1 5g4-    1 5g2- 
                                   1 5g4-    1 5g2-    1 5g4-    1 5g2-    1 5g4- 

   1.4  0.80000    -0.339493    -0.000002  0.000013 -0.000068  0.000271 -0.000916  0.002817 -0.004480 -0.030188  0.027362  0.237921
                                 0.396362  0.149103  0.009472  0.193416  0.211286 -0.000721  0.000167  0.000000  0.000000  0.000000
                                 0.000000  0.000000  0.000000  0.000000  0.000000

                                   1 2pz     1 2pz     1 2pz     1 2pz     1 2pz     1 2pz     1 2pz     1 2pz     1 2pz     1 2pz  
                                   1 2pz     1 2pz     1 2pz     1 2pz     1 2pz     1 2pz     1 2pz     1 2pz     1 2pz     1 2pz  
                                   1 2pz     1 2pz     1 2pz     1 2pz     1 4f0     1 4f2+    1 4f0     1 4f2+    1 4f0     1 4f2+ 
                                   1 4f0     1 4f2+    1 4f0     1 4f2+ 

   1.5  2.00000    -2.140677     0.000000 -0.000000  0.000000 -0.000000  0.000002 -0.000009  0.000031 -0.000098  0.000288 -0.000830
                                 0.002622 -0.011474  0.061236 -0.144148 -0.142828  0.288228  0.550535  0.326974  0.043584 -0.004856
                                 0.002380  0.006500 -0.001028  0.000301  0.000000  0.000000  0.000000  0.000000  0.000000  0.000000
                                 0.000000  0.000000  0.000000  0.000000

                                   1 3d1+    1 3d1+    1 3d1+    1 3d1+    1 3d1+    1 3d1+    1 3d1+    1 3d1+    1 3d1+    1 3d1+ 
                                   1 3d1+    1 3d1+    1 3d1+    1 3d1+    1 3d1+    1 3d1+    1 3d1+    1 5g1+    1 5g3+    1 5g1+ 
                                   1 5g3+    1 5g1+    1 5g3+    1 5g1+    1 5g3+ 

   1.6  0.80000    -0.339493    -0.000002  0.000013 -0.000068  0.000271 -0.000916  0.002817 -0.004480 -0.030188  0.027362  0.237921
                                 0.396362  0.149103  0.009472  0.193416  0.211286 -0.000721  0.000167  0.000000  0.000000  0.000000
                                 0.000000  0.000000  0.000000  0.000000  0.000000

                                   1 3d1-    1 3d1-    1 3d1-    1 3d1-    1 3d1-    1 3d1-    1 3d1-    1 3d1-    1 3d1-    1 3d1- 
                                   1 3d1-    1 3d1-    1 3d1-    1 3d1-    1 3d1-    1 3d1-    1 3d1-    1 5g1-    1 5g3-    1 5g1- 
                                   1 5g3-    1 5g1-    1 5g3-    1 5g1-    1 5g3- 

   1.7  0.80000    -0.339493    -0.000002  0.000013 -0.000068  0.000271 -0.000916  0.002817 -0.004480 -0.030188  0.027362  0.237921
                                 0.396362  0.149103  0.009472  0.193416  0.211286 -0.000721  0.000167  0.000000  0.000000  0.000000
                                 0.000000  0.000000  0.000000  0.000000  0.000000

 Total charge:   1.000000000000
 

 EXTRA SYMMETRY OF MOS IN SYMMETRY 1:   1 1 2 3 1 3 2 1 2 3   1 2 3 1 4 5 6 3 2 5   6 4 3 2 1 3 2 6 5 4   2 3 1 4 6 5 3 2 1 3
                                        2 3 2 1 3 2 1 1 3 2   1 3 2 1 1 3 2 1 3 2   1 1 2 3 1 1 1 1 1 1   1 1 1 1
 EXTRA SYMMETRY OF MOS IN SYMMETRY 2:   1 1 1 1 2 3 1 2 3 1   2 3 1 2 3 1 2 3 1 1   1 1 1 1 1 1 1 1 1 1   1 1 1 1
 EXTRA SYMMETRY OF MOS IN SYMMETRY 3:   1 1 1 1 2 3 1 2 3 1   2 3 1 2 3 1 3 2 1 1   1 1 1 1 1 1 1 1 1 1   1 1 1 1
 EXTRA SYMMETRY OF MOS IN SYMMETRY 4:   1 1 1 1 2 3 1 3 2 1   1 3 2 1 3 2 1 1 1 1   1 1 1 1 1
 EXTRA SYMMETRY OF MOS IN SYMMETRY 5:   1 1 1 1 3 2 1 3 2 1   3 2 1 2 3 1 2 3 1 1   1 1 1 1 1 1 1 1 1 1   1 1 1 1
 EXTRA SYMMETRY OF MOS IN SYMMETRY 6:   1 1 1 1 3 2 1 2 3 1   1 3 2 1 3 2 1 1 1 1   1 1 1 1 1
 EXTRA SYMMETRY OF MOS IN SYMMETRY 7:   1 1 1 1 2 3 1 2 3 1   1 2 3 1 2 3 1 1 1 1   1 1 1 1 1

 Natural orbital dump (state averaged) at molpro section  5202.2    (Orbital set 2)


 CI vector for state symmetry 1
 ==============================

 /0/ / / /          0.0000000   1.0000000
 //0 / / /          1.0000000   0.0000000

 TOTAL ENERGIES                       -67.15193351   -67.15193351

 CI vector for state symmetry 2
 ==============================

 /// 0 / /          1.0000000

 TOTAL ENERGIES                       -67.15193351

 CI vector for state symmetry 3
 ==============================

 /// / 0 /          1.0000000

 TOTAL ENERGIES                       -67.15193351

 CI vector for state symmetry 4
 ==============================

 /// / / 0          1.0000000

 TOTAL ENERGIES                       -67.15193351



 **********************************************************************************************************************************
 DATASETS  * FILE   NREC   LENGTH (MB)   RECORD NAMES
              1      20       26.43       500      610      700      900      950      970     1000      129      960     1100   
                                          VAR    BASINP    GEOM    SYMINP    ZMAT    AOBASIS   BASIS     P2S    ABASIS      S 
                                         1400     1410     1420     1200     1210     1080     1600     1650     1700     1380   
                                           T        V       ECP      H0       H01     AOSYM     SMH    MOLCAS    OPER     JKOP   

              2       6        8.57       200      700     1000      520     4202     5202   
                                        OPTIONS   GEOM     BASIS   MCVARS     RHF     MCSCF   

 PROGRAMS   *        TOTAL     MULTI       POP       RHF       INT
 CPU TIMES  *        25.20      0.92      0.00      1.91     21.93
 REAL TIME  *        27.97 SEC
 DISK USED  *         1.39 GB      
 SF USED    *        36.23 MB      
 GA USED    *         0.00 MB       (max)       0.00 MB       (current)
 **********************************************************************************************************************************


 PROGRAM * RHF-SCF (OPEN SHELL)       Authors: W. Meyer, H.-J. Werner


 NUMBER OF ELECTRONS:       9+    4-    SPACE SYMMETRY=1    SPIN SYMMETRY: Sextet  
 CONVERGENCE THRESHOLDS:    1.00E-05 (Density)    1.00E-07 (Energy)
 MAX. NUMBER OF ITERATIONS:        0
 INTERPOLATION TYPE:            DIIS
 INTERPOLATION STEPS:              2 (START)      1 (STEP)
 LEVEL SHIFTS:                 -0.60 (CLOSED) -0.30 (OPEN) 

 Number of closed-shell orbitals:    4 (   1   1   1   0   1   0   0   0 )
 Number of open-shell orbitals:      5 (   2   0   0   1   0   1   1   0 )


 
 Extra symmetries of mos in symmetry 1:   1   1   3   2
 Molecular orbitals read from record     5202.2  Type=MCSCF/NATURAL (state averaged)

 Molecular orbital dump at record        2109.2

 ITERATION    DDIFF          GRAD             ENERGY        2-EL.EN.            DIPOLE MOMENTS         DIIS   ORB.
    1      0.000D+00      0.000D+00       -67.15193351     88.343770    0.00000    0.00000    0.00000    0    start

 Final alpha occupancy:   3   1   1   1   1   1   1   0
 Final beta  occupancy:   1   1   1   0   1   0   0   0

 !RHF STATE 1.1 Energy                -67.151933514198
 Nuclear energy                         0.00000000
 One-electron energy                 -111.32381875
 Two-electron energy                   44.17188524
 Virial quotient                       -2.86722404
 !RHF STATE 1.1 Dipole moment           0.00000000     0.00000000     0.00000000
 Dipole moment /Debye                   0.00000000     0.00000000     0.00000000

 Orbital energies:

         1.1          2.1          3.1          4.1          5.1
     -3.413973    -0.347232    -0.339493    -0.339493    -0.079981

         1.2          2.2          3.2
     -2.140677    -0.132549    -0.054243

         1.3          2.3          3.3
     -2.140677    -0.132549    -0.054243

         1.4          2.4          3.4
     -0.339493    -0.053497    -0.021959

         1.5          2.5          3.5
     -2.140677    -0.132549    -0.054243

         1.6          2.6          3.6
     -0.339493    -0.053497    -0.021959

         1.7          2.7          3.7
     -0.339493    -0.053497    -0.021959

         1.8          2.8
      0.047136     0.327945

 HOMO      3.1    -0.339493 =      -9.2381eV
 LUMO      4.1    -0.339493 =      -9.2381eV
 LUMO-HOMO        -0.000000 =      -0.0000eV


 **********************************************************************************************************************************
 DATASETS  * FILE   NREC   LENGTH (MB)   RECORD NAMES
              1      20       26.43       500      610      700      900      950      970     1000      129      960     1100   
                                          VAR    BASINP    GEOM    SYMINP    ZMAT    AOBASIS   BASIS     P2S    ABASIS      S 
                                         1400     1410     1420     1200     1210     1080     1600     1650     1700     1380   
                                           T        V       ECP      H0       H01     AOSYM     SMH    MOLCAS    OPER     JKOP   

              2       7       11.64       200      700     1000      520     4202     5202     2109   
                                        OPTIONS   GEOM     BASIS   MCVARS     RHF     MCSCF     RHF  

 PROGRAMS   *        TOTAL       RHF     MULTI       POP       RHF       INT
 CPU TIMES  *        25.38      0.18      0.92      0.00      1.91     21.93
 REAL TIME  *        28.17 SEC
 DISK USED  *         1.39 GB      
 SF USED    *        36.23 MB      
 GA USED    *         0.00 MB       (max)       0.00 MB       (current)
 **********************************************************************************************************************************
 SETTING SCF(5)         =       -67.15193351  AU                              
 SETTING _CC_NORM_MAX   =         2.00000000                                  


 PROGRAM * CCSD (Restricted open-shell coupled cluster)     Authors: C. Hampel, H.-J. Werner, 1991, M. Deegan, P.J. Knowles, 1992


 Convergence thresholds:  THRVAR = 1.00D-08  THRDEN = 1.00D-06

 CCSD(T)     terms to be evaluated (factor= 1.000)


 Number of closed-shell orbitals:   4 (   1   1   1   0   1   0   0   0 )
 Number of active  orbitals:        5 (   2   0   0   1   0   1   1   0 )
 Number of external orbitals:     247 (  71  33  33  24  33  24  24   5 )

 Memory could be reduced to 33.55 Mwords without degradation in triples

 Number of N-1 electron functions:              13
 Number of N-2 electron functions:              78
 Number of singly external CSFs:               565
 Number of doubly external CSFs:            463182
 Total number of CSFs:                      463747

 Molecular orbitals read from record     2109.2  Type=RHF/CANONICAL (state 1.1)

 Integral transformation finished. Total CPU:   0.69 sec, npass=  1  Memory used:   5.85 MW

 Starting RMP2 calculation

 Wavefunction is spin-projected

 ITER.      SQ.NORM     CORR.ENERGY   TOTAL ENERGY   ENERGY CHANGE        DEN1      VAR(S)    VAR(P)  DIIS     TIME
   1      1.08137078    -0.41209842   -67.56403193    -0.41209842    -0.00088416  0.12D-04  0.29D-03  1  1     0.74
   2      1.08210719    -0.41305781   -67.56499133    -0.00095939    -0.00000256  0.67D-06  0.10D-05  2  2     0.84
   3      1.08214008    -0.41307617   -67.56500968    -0.00001836    -0.00000006  0.10D-06  0.32D-08  3  3     0.96
   4      1.08214296    -0.41307676   -67.56501027    -0.00000059    -0.00000000  0.76D-08  0.12D-09  4  4     1.00

 Norm of t1 vector:      0.04166069      S-energy:    -0.00555922      T1 diagnostic:  0.00519421
 Norm of t2 vector:      0.28356190      P-energy:    -0.40751754
                                         Alpha-Beta:  -0.27224672
                                         Alpha-Alpha: -0.10713466
                                         Beta-Beta:   -0.02813616

 Spin contamination <S**2-Sz**2-Sz>     0.00000000
  Reference energy                    -67.151933514198
  RHF-RMP2 correlation energy          -0.413076758571
 !RHF-RMP2 energy                     -67.565010272769
 (NB above energy spin projected)

 Starting RCCSD calculation

 ITER.      SQ.NORM     CORR.ENERGY   TOTAL ENERGY   ENERGY CHANGE        DEN1      VAR(S)    VAR(P)  DIIS     TIME
   1      1.07992824    -0.41297580   -67.56490931    -0.41297580    -0.00462091  0.46D-03  0.74D-03  1  1     1.60
   2      1.08304948    -0.41775959   -67.56969310    -0.00478379    -0.00015755  0.57D-04  0.34D-04  2  2     2.11
   3      1.08389713    -0.41814700   -67.57008052    -0.00038741    -0.00001765  0.14D-04  0.27D-05  3  3     2.44
   4      1.08431927    -0.41828634   -67.57021986    -0.00013934    -0.00000129  0.10D-05  0.19D-06  4  4     2.95
   5      1.08442819    -0.41830512   -67.57023863    -0.00001878    -0.00000004  0.29D-07  0.82D-08  5  5     3.40
   6      1.08443987    -0.41830663   -67.57024015    -0.00000151    -0.00000000  0.70D-08  0.68D-09  6  6     3.71
   7      1.08444064    -0.41830678   -67.57024029    -0.00000014    -0.00000000  0.68D-08  0.29D-09  7  7     4.03

 Norm of t1 vector:      0.05715147      S-energy:    -0.00542163      T1 diagnostic:  0.00946114
                                                                       D1 diagnostic:  0.02896047
 Norm of t2 vector:      0.28491113      P-energy:    -0.41288514
                                         Alpha-Beta:  -0.28446525
                                         Alpha-Alpha: -0.10263510
                                         Beta-Beta:   -0.02578480

 Spin contamination <S**2-Sz**2-Sz>     0.00000000

 Memory could be reduced to 35.54 Mwords without degradation in triples
 

  Correlated core orbitals:             1.1       1.2       1.3       1.5
  Orbital energies:                    -3.5251   -2.2918   -2.2918   -2.2614
 
  RCCSD core-core energy               -0.179427637059
  RCCSD core-valence energy            -0.184670157553
  RCCSD valence correlation energy     -0.054208981363
 

 RESULTS
 =======

  Reference energy                    -67.151933514198
  RCCSD singles energy                 -0.005421633909
  RCCSD pair energy                    -0.412885142065
  RCCSD correlation energy             -0.418306775974
  Triples (T) contribution             -0.012625366149
  Total correlation energy             -0.430932142123
 
  RHF-RCCSD energy                    -67.570240290172
  RHF-RCCSD[T] energy                 -67.582861775731
  RHF-RCCSD-T energy                  -67.582855051332
 !RHF-RCCSD(T) energy                 -67.582865656320

 Program statistics:

 Available memory in ccsd:               999999162
 Min. memory needed in ccsd:               1630890
 Max. memory used in ccsd:                 2178804
 Max. memory used in cckext:               1716462 ( 7 integral passes)
 Max. memory used in cckint:               5852116 ( 1 integral passes)



 **********************************************************************************************************************************
 DATASETS  * FILE   NREC   LENGTH (MB)   RECORD NAMES
              1      20       26.43       500      610      700      900      950      970     1000      129      960     1100   
                                          VAR    BASINP    GEOM    SYMINP    ZMAT    AOBASIS   BASIS     P2S    ABASIS      S 
                                         1400     1410     1420     1200     1210     1080     1600     1650     1700     1380   
                                           T        V       ECP      H0       H01     AOSYM     SMH    MOLCAS    OPER     JKOP   

              2       7       11.64       200      700     1000      520     4202     5202     2109   
                                        OPTIONS   GEOM     BASIS   MCVARS     RHF     MCSCF     RHF  

 PROGRAMS   *        TOTAL  RCCSD(T)       RHF     MULTI       POP       RHF       INT
 CPU TIMES  *        33.82      8.44      0.18      0.92      0.00      1.91     21.93
 REAL TIME  *        43.00 SEC
 DISK USED  *         2.28 GB      
 SF USED    *       511.44 MB      
 GA USED    *         0.00 MB       (max)       0.00 MB       (current)
 **********************************************************************************************************************************
 SETTING CCSD(5)        =       -67.58286566  AU                              
 Output type csv         
                                                                                                                                                                                                                                                                

       SCF,CCSD
     0.00000000,     0.00000000
     0.00000000,     0.00000000
     0.00000000,     0.00000000
     0.00000000,     0.00000000
   -67.15193351,   -67.58286566
                                                  

 RCCSD(T)/USERDEF energy=    -67.582865656320

        RCCSD(T)        RHF-SCF         MULTI           RHF-SCF 
    -67.58286566    -67.15193351    -67.15193351    -67.14775276
 **********************************************************************************************************************************
 Molpro calculation terminated
 Variable memory released
