#-------------------------------------------------
#DMC run: timestep 0.005
#-------------------------------------------------


init { 
   label spin_0.005
}
block { 
   label spin_0.005
   totweight 870400
   nautocorr 0
   total_energy { -6.916134261272775   } 
   total_energyvar { 0.06172853708958675   } 
   weight { 1.023844917368713   } 
   weightvar { 0.004210163252553264   } 
   kinetic_energy { 1.965009261352362   } 
   kinetic_energyvar { 2.472804740279476   } 
   potential_energy { -9.716577003507895   } 
   potential_energyvar { 2.617781127426989   } 
   nonlocal_energy { 0.8354334808827574   } 
   nonlocal_energyvar { 4.09410154422642   } 
   autocorr_energy { } 
} 

block { 
   label spin_0.005
   totweight 870400
   nautocorr 0
   total_energy { -6.900206787589494   } 
   total_energyvar { 0.06318271342804863   } 
   weight { 1.021570446143722   } 
   weightvar { 0.01850145856007298   } 
   kinetic_energy { 1.985467763265961   } 
   kinetic_energyvar { 2.533066867948166   } 
   potential_energy { -9.763102102426577   } 
   potential_energyvar { 2.680879205576288   } 
   nonlocal_energy { 0.87742755157112   } 
   nonlocal_energyvar { 4.373819252197046   } 
   autocorr_energy { } 
} 

block { 
   label spin_0.005
   totweight 870400
   nautocorr 0
   total_energy { -6.887683535129829   } 
   total_energyvar { 0.06334980409870965   } 
   weight { 0.9957561889327936   } 
   weightvar { 0.03433743388817386   } 
   kinetic_energy { 1.999292452847955   } 
   kinetic_energyvar { 2.541724823985773   } 
   potential_energy { -9.773727789243356   } 
   potential_energyvar { 2.743342244162532   } 
   nonlocal_energy { 0.8867518012655724   } 
   nonlocal_energyvar { 4.400426049612635   } 
   autocorr_energy { } 
} 

block { 
   label spin_0.005
   totweight 870400
   nautocorr 0
   total_energy { -6.883291655484149   } 
   total_energyvar { 0.06552261253790428   } 
   weight { 0.9863835342510808   } 
   weightvar { 0.05030740215514944   } 
   kinetic_energy { 2.013850932499644   } 
   kinetic_energyvar { 2.478236496802575   } 
   potential_energy { -9.763341326568666   } 
   potential_energyvar { 2.696969990845693   } 
   nonlocal_energy { 0.8661987385848721   } 
   nonlocal_energyvar { 4.183589964122941   } 
   autocorr_energy { } 
} 

block { 
   label spin_0.005
   totweight 870400
   nautocorr 0
   total_energy { -6.88543474964693   } 
   total_energyvar { 0.06740261826390104   } 
   weight { 0.9857280671979936   } 
   weightvar { 0.06593092039395808   } 
   kinetic_energy { 2.012026617372177   } 
   kinetic_energyvar { 2.637962291390612   } 
   potential_energy { -9.785484319673673   } 
   potential_energyvar { 2.649831728373588   } 
   nonlocal_energy { 0.8880229526545631   } 
   nonlocal_energyvar { 4.56504982609732   } 
   autocorr_energy { } 
} 

block { 
   label spin_0.005
   totweight 870400
   nautocorr 0
   total_energy { -6.88393470229025   } 
   total_energyvar { 0.1222003550905335   } 
   weight { 0.9876672633920138   } 
   weightvar { 0.07712596777208496   } 
   kinetic_energy { 2.00702276532587   } 
   kinetic_energyvar { 2.563136978150325   } 
   potential_energy { -9.760832255742269   } 
   potential_energyvar { 2.672936951664157   } 
   nonlocal_energy { 0.8698747881261497   } 
   nonlocal_energyvar { 4.253219548132079   } 
   autocorr_energy { } 
} 

block { 
   label spin_0.005
   totweight 870400
   nautocorr 0
   total_energy { -6.884486210771236   } 
   total_energyvar { 0.08538009568042713   } 
   weight { 0.9919599268122793   } 
   weightvar { 0.08734955826032331   } 
   kinetic_energy { 2.018578599868543   } 
   kinetic_energyvar { 2.597492890202953   } 
   potential_energy { -9.78956945789932   } 
   potential_energyvar { 2.710499862043893   } 
   nonlocal_energy { 0.8865046472595434   } 
   nonlocal_energyvar { 4.392718379357794   } 
   autocorr_energy { } 
} 

block { 
   label spin_0.005
   totweight 870400
   nautocorr 0
   total_energy { -6.886204726383601   } 
   total_energyvar { 0.06531197143427522   } 
   weight { 0.9969587630870886   } 
   weightvar { 0.09596304998209501   } 
   kinetic_energy { 2.017716300481746   } 
   kinetic_energyvar { 2.527820153611485   } 
   potential_energy { -9.788730529125862   } 
   potential_energyvar { 2.696326769838243   } 
   nonlocal_energy { 0.884809502260518   } 
   nonlocal_energyvar { 4.331775770850598   } 
   autocorr_energy { } 
} 

block { 
   label spin_0.005
   totweight 870400
   nautocorr 0
   total_energy { -6.888309940828934   } 
   total_energyvar { 0.08486472292160833   } 
   weight { 1.000197350212409   } 
   weightvar { 0.0984581247372832   } 
   kinetic_energy { 2.022587051653468   } 
   kinetic_energyvar { 2.49038475966569   } 
   potential_energy { -9.79222906252163   } 
   potential_energyvar { 2.701187622730301   } 
   nonlocal_energy { 0.8813320700392289   } 
   nonlocal_energyvar { 4.261226611249281   } 
   autocorr_energy { } 
} 

block { 
   label spin_0.005
   totweight 870400
   nautocorr 0
   total_energy { -6.884815241131202   } 
   total_energyvar { 0.06831544645590076   } 
   weight { 1.00050128923048   } 
   weightvar { 0.09908868834980161   } 
   kinetic_energy { 2.016170301477994   } 
   kinetic_energyvar { 2.534952463855694   } 
   potential_energy { -9.779246059854271   } 
   potential_energyvar { 2.665500278249608   } 
   nonlocal_energy { 0.8782605172450778   } 
   nonlocal_energyvar { 4.303662086615385   } 
   autocorr_energy { } 
} 

block { 
   label spin_0.005
   totweight 870400
   nautocorr 0
   total_energy { -6.882831272998855   } 
   total_energyvar { 0.1008333449107752   } 
   weight { 0.9983516097285516   } 
   weightvar { 0.1010353202840766   } 
   kinetic_energy { 2.030007540924202   } 
   kinetic_energyvar { 2.62742260287438   } 
   potential_energy { -9.79264334472229   } 
   potential_energyvar { 2.772917158337811   } 
   nonlocal_energy { 0.8798045307992309   } 
   nonlocal_energyvar { 4.467461504743752   } 
   autocorr_energy { } 
} 

block { 
   label spin_0.005
   totweight 870400
   nautocorr 0
   total_energy { -6.881940895267975   } 
   total_energyvar { 0.068012740178098   } 
   weight { 0.9975229385719417   } 
   weightvar { 0.1015839174041077   } 
   kinetic_energy { 2.029040681958558   } 
   kinetic_energyvar { 2.533342931798785   } 
   potential_energy { -9.776631128112987   } 
   potential_energyvar { 2.679261314592305   } 
   nonlocal_energy { 0.8656495508864552   } 
   nonlocal_energyvar { 4.323789783744083   } 
   autocorr_energy { } 
} 

block { 
   label spin_0.005
   totweight 870400
   nautocorr 0
   total_energy { -6.880858653390508   } 
   total_energyvar { 0.07177501622054509   } 
   weight { 0.9965493572554944   } 
   weightvar { 0.1005511306830413   } 
   kinetic_energy { 2.011981643506554   } 
   kinetic_energyvar { 2.603154771985469   } 
   potential_energy { -9.781329528558258   } 
   potential_energyvar { 2.75076961599467   } 
   nonlocal_energy { 0.888489231661196   } 
   nonlocal_energyvar { 4.500681221072339   } 
   autocorr_energy { } 
} 

block { 
   label spin_0.005
   totweight 870400
   nautocorr 0
   total_energy { -6.884028580524391   } 
   total_energyvar { 0.0787604422296094   } 
   weight { 0.9970196027546455   } 
   weightvar { 0.09991976157556327   } 
   kinetic_energy { 2.011107808721422   } 
   kinetic_energyvar { 2.555856447465237   } 
   potential_energy { -9.775238148193253   } 
   potential_energyvar { 2.752768970996638   } 
   nonlocal_energy { 0.8801017589474395   } 
   nonlocal_energyvar { 4.404650950393891   } 
   autocorr_energy { } 
} 

block { 
   label spin_0.005
   totweight 870400
   nautocorr 0
   total_energy { -6.883786897996776   } 
   total_energyvar { 0.1972372881193768   } 
   weight { 0.998332883352179   } 
   weightvar { 0.09878115378565103   } 
   kinetic_energy { 2.001670559459376   } 
   kinetic_energyvar { 2.622306140284651   } 
   potential_energy { -9.78508902953021   } 
   potential_energyvar { 2.784656582339637   } 
   nonlocal_energy { 0.8996315720740584   } 
   nonlocal_energyvar { 4.391704897576497   } 
   autocorr_energy { } 
} 

block { 
   label spin_0.005
   totweight 870400
   nautocorr 0
   total_energy { -6.887869835265076   } 
   total_energyvar { 0.07344444605794502   } 
   weight { 0.9998251006905767   } 
   weightvar { 0.1000232005900488   } 
   kinetic_energy { 2.020182952588904   } 
   kinetic_energyvar { 2.562703222960752   } 
   potential_energy { -9.792541505344587   } 
   potential_energyvar { 2.713752110767806   } 
   nonlocal_energy { 0.8844887174906069   } 
   nonlocal_energyvar { 4.331777306681344   } 
   autocorr_energy { } 
} 

block { 
   label spin_0.005
   totweight 870400
   nautocorr 0
   total_energy { -6.889007337315596   } 
   total_energyvar { 0.08573291859312326   } 
   weight { 1.002184395370568   } 
   weightvar { 0.09975536984836429   } 
   kinetic_energy { 2.016813915993972   } 
   kinetic_energyvar { 2.568408840991784   } 
   potential_energy { -9.783588597698502   } 
   potential_energyvar { 2.738797925726553   } 
   nonlocal_energy { 0.8777673443889299   } 
   nonlocal_energyvar { 4.336015848303486   } 
   autocorr_energy { } 
} 

block { 
   label spin_0.005
   totweight 870400
   nautocorr 0
   total_energy { -6.886969425526654   } 
   total_energyvar { 0.06264086649636411   } 
   weight { 1.002838091048128   } 
   weightvar { 0.1002122156809007   } 
   kinetic_energy { 2.015030985577554   } 
   kinetic_energyvar { 2.546305207557944   } 
   potential_energy { -9.786027821983499   } 
   potential_energyvar { 2.739160304573281   } 
   nonlocal_energy { 0.8840274108792876   } 
   nonlocal_energyvar { 4.316980505151244   } 
   autocorr_energy { } 
} 

block { 
   label spin_0.005
   totweight 870400
   nautocorr 0
   total_energy { -6.885243035049172   } 
   total_energyvar { 0.07905291679369389   } 
   weight { 1.001095525511967   } 
   weightvar { 0.102105001813217   } 
   kinetic_energy { 2.016548224219769   } 
   kinetic_energyvar { 2.43104896723082   } 
   potential_energy { -9.746382385719265   } 
   potential_energyvar { 2.708659741090292   } 
   nonlocal_energy { 0.8445911264503251   } 
   nonlocal_energyvar { 4.122469121578659   } 
   autocorr_energy { } 
} 

block { 
   label spin_0.005
   totweight 870400
   nautocorr 0
   total_energy { -6.88724920072335   } 
   total_energyvar { 0.07784587135450133   } 
   weight { 1.001714116129005   } 
   weightvar { 0.1022917366557981   } 
   kinetic_energy { 2.014176113790588   } 
   kinetic_energyvar { 2.496085219811912   } 
   potential_energy { -9.788489084043396   } 
   potential_energyvar { 2.733113432014007   } 
   nonlocal_energy { 0.8870637695294622   } 
   nonlocal_energyvar { 4.350018206808996   } 
   autocorr_energy { } 
} 

block { 
   label spin_0.005
   totweight 870400
   nautocorr 0
   total_energy { -6.88417711913861   } 
   total_energyvar { 0.06795457759012051   } 
   weight { 1.000627986538457   } 
   weightvar { 0.1039475177564271   } 
   kinetic_energy { 2.023498036035714   } 
   kinetic_energyvar { 2.530106135606355   } 
   potential_energy { -9.789196704329576   } 
   potential_energyvar { 2.749910817456309   } 
   nonlocal_energy { 0.8815215491552523   } 
   nonlocal_energyvar { 4.21889041838301   } 
   autocorr_energy { } 
} 

block { 
   label spin_0.005
   totweight 870400
   nautocorr 0
   total_energy { -6.882722221804188   } 
   total_energyvar { 0.08119044226236401   } 
   weight { 0.9992659895588403   } 
   weightvar { 0.1036104185034481   } 
   kinetic_energy { 2.029465297413324   } 
   kinetic_energyvar { 2.595909146243788   } 
   potential_energy { -9.785001171698266   } 
   potential_energyvar { 2.70438559398763   } 
   nonlocal_energy { 0.8728136524807547   } 
   nonlocal_energyvar { 4.357175366179362   } 
   autocorr_energy { } 
} 

block { 
   label spin_0.005
   totweight 870400
   nautocorr 0
   total_energy { -6.881907879067072   } 
   total_energyvar { 0.0733003316792393   } 
   weight { 0.997358111972022   } 
   weightvar { 0.1044475515874261   } 
   kinetic_energy { 2.014584875419483   } 
   kinetic_energyvar { 2.563291207781545   } 
   potential_energy { -9.797737724048778   } 
   potential_energyvar { 2.682039800900717   } 
   nonlocal_energy { 0.9012449695622224   } 
   nonlocal_energyvar { 4.390498732534729   } 
   autocorr_energy { } 
} 

block { 
   label spin_0.005
   totweight 870400
   nautocorr 0
   total_energy { -6.885982194609795   } 
   total_energyvar { 0.07674289800066633   } 
   weight { 0.9980970387785983   } 
   weightvar { 0.1027725660450202   } 
   kinetic_energy { 2.033860776257089   } 
   kinetic_energyvar { 2.489047709675441   } 
   potential_energy { -9.775106556876777   } 
   potential_energyvar { 2.677266430397611   } 
   nonlocal_energy { 0.8552635860098915   } 
   nonlocal_energyvar { 4.153277500329279   } 
   autocorr_energy { } 
} 

block { 
   label spin_0.005
   totweight 870400
   nautocorr 0
   total_energy { -6.884571910836972   } 
   total_energyvar { 0.06617389419608057   } 
   weight { 0.9995618615040787   } 
   weightvar { 0.1040215440620729   } 
   kinetic_energy { 2.00923342720613   } 
   kinetic_energyvar { 2.59692962604189   } 
   potential_energy { -9.782251347830071   } 
   potential_energyvar { 2.78356408104595   } 
   nonlocal_energy { 0.8884460097869712   } 
   nonlocal_energyvar { 4.406484653430956   } 
   autocorr_energy { } 
} 

block { 
   label spin_0.005
   totweight 870400
   nautocorr 0
   total_energy { -6.884474778944376   } 
   total_energyvar { 0.07574336241541774   } 
   weight { 0.9995039992869421   } 
   weightvar { 0.1030400680318101   } 
   kinetic_energy { 2.01243865014384   } 
   kinetic_energyvar { 2.772506166023506   } 
   potential_energy { -9.81899623955327   } 
   potential_energyvar { 2.792025589352158   } 
   nonlocal_energy { 0.9220828104650549   } 
   nonlocal_energyvar { 4.819070700296878   } 
   autocorr_energy { } 
} 

block { 
   label spin_0.005
   totweight 870400
   nautocorr 0
   total_energy { -6.884665064954391   } 
   total_energyvar { 0.06893320260385723   } 
   weight { 0.9996385640662285   } 
   weightvar { 0.1040056817758975   } 
   kinetic_energy { 2.03968356470583   } 
   kinetic_energyvar { 2.583947888943485   } 
   potential_energy { -9.835927801833945   } 
   potential_energyvar { 2.725452647287563   } 
   nonlocal_energy { 0.9115791721737219   } 
   nonlocal_energyvar { 4.467189965646645   } 
   autocorr_energy { } 
} 

block { 
   label spin_0.005
   totweight 870400
   nautocorr 0
   total_energy { -6.886988029545227   } 
   total_energyvar { 0.06616529421530536   } 
   weight { 0.9999260939891002   } 
   weightvar { 0.1069451757403682   } 
   kinetic_energy { 1.996182955697865   } 
   kinetic_energyvar { 2.548574370739322   } 
   potential_energy { -9.772790568793972   } 
   potential_energyvar { 2.706761465928555   } 
   nonlocal_energy { 0.8896195835508827   } 
   nonlocal_energyvar { 4.452027734491128   } 
   autocorr_energy { } 
} 

block { 
   label spin_0.005
   totweight 870400
   nautocorr 0
   total_energy { -6.888138620931469   } 
   total_energyvar { 0.07443217937346502   } 
   weight { 1.00098487467408   } 
   weightvar { 0.1051918978313586   } 
   kinetic_energy { 2.021019609285426   } 
   kinetic_energyvar { 2.557835126512212   } 
   potential_energy { -9.808930532096358   } 
   potential_energyvar { 2.677706076642101   } 
   nonlocal_energy { 0.8997723018794622   } 
   nonlocal_energyvar { 4.390029275334355   } 
   autocorr_energy { } 
} 

block { 
   label spin_0.005
   totweight 870400
   nautocorr 0
   total_energy { -6.886238796695611   } 
   total_energyvar { 0.0713085279182185   } 
   weight { 1.001691530669886   } 
   weightvar { 0.10620573429617   } 
   kinetic_energy { 2.040752901719399   } 
   kinetic_energyvar { 2.468707209629814   } 
   potential_energy { -9.81168662166791   } 
   potential_energyvar { 2.731775171230732   } 
   nonlocal_energy { 0.8846949232529003   } 
   nonlocal_energyvar { 4.168101317174093   } 
   autocorr_energy { } 
} 

block { 
   label spin_0.005
   totweight 870400
   nautocorr 0
   total_energy { -6.881623690165291   } 
   total_energyvar { 0.07036761539157677   } 
   weight { 0.9989358264606898   } 
   weightvar { 0.1048043040157915   } 
   kinetic_energy { 2.021014206539304   } 
   kinetic_energyvar { 2.55625391474278   } 
   potential_energy { -9.782711003029931   } 
   potential_energyvar { 2.707730824037158   } 
   nonlocal_energy { 0.8800731063253338   } 
   nonlocal_energyvar { 4.325193573922186   } 
   autocorr_energy { } 
} 

block { 
   label spin_0.005
   totweight 870400
   nautocorr 0
   total_energy { -6.884211471384443   } 
   total_energyvar { 0.07058495736476192   } 
   weight { 0.9985113526394248   } 
   weightvar { 0.1056385270838737   } 
   kinetic_energy { 2.0253661155931   } 
   kinetic_energyvar { 2.508918554833586   } 
   potential_energy { -9.765324931240986   } 
   potential_energyvar { 2.74869045618316   } 
   nonlocal_energy { 0.8557473442634426   } 
   nonlocal_energyvar { 4.17456802030253   } 
   autocorr_energy { } 
} 

block { 
   label spin_0.005
   totweight 870400
   nautocorr 0
   total_energy { -6.886203706337678   } 
   total_energyvar { 0.07079311862249628   } 
   weight { 0.9991016344450611   } 
   weightvar { 0.1040642224463755   } 
   kinetic_energy { 2.018398264563125   } 
   kinetic_energyvar { 2.540739881938979   } 
   potential_energy { -9.782797257038641   } 
   potential_energyvar { 2.694190818740898   } 
   nonlocal_energy { 0.8781952861378363   } 
   nonlocal_energyvar { 4.299268545374431   } 
   autocorr_energy { } 
} 

block { 
   label spin_0.005
   totweight 870400
   nautocorr 0
   total_energy { -6.887609932595626   } 
   total_energyvar { 0.07016801378812518   } 
   weight { 1.001020305548948   } 
   weightvar { 0.10523857234483   } 
   kinetic_energy { 2.025716711122842   } 
   kinetic_energyvar { 2.523734049032356   } 
   potential_energy { -9.792636998793478   } 
   potential_energyvar { 2.638732565252334   } 
   nonlocal_energy { 0.8793103550750088   } 
   nonlocal_energyvar { 4.291500603175852   } 
   autocorr_energy { } 
} 

block { 
   label spin_0.005
   totweight 870400
   nautocorr 0
   total_energy { -6.884660167018686   } 
   total_energyvar { 0.0673149532126462   } 
   weight { 1.00075607284261   } 
   weightvar { 0.102797154796066   } 
   kinetic_energy { 1.996682025649829   } 
   kinetic_energyvar { 2.679227956140294   } 
   potential_energy { -9.761086152811991   } 
   potential_energyvar { 2.692990676262804   } 
   nonlocal_energy { 0.8797439601434783   } 
   nonlocal_energyvar { 4.622894844080932   } 
   autocorr_energy { } 
} 

block { 
   label spin_0.005
   totweight 870400
   nautocorr 0
   total_energy { -6.883431070592144   } 
   total_energyvar { 0.0730717477807286   } 
   weight { 0.999185308921405   } 
   weightvar { 0.1021592423318469   } 
   kinetic_energy { 2.00361420030068   } 
   kinetic_energyvar { 2.547939094485636   } 
   potential_energy { -9.770361951925624   } 
   potential_energyvar { 2.725361942203021   } 
   nonlocal_energy { 0.8833166810327977   } 
   nonlocal_energyvar { 4.42303966040575   } 
   autocorr_energy { } 
} 

block { 
   label spin_0.005
   totweight 870400
   nautocorr 0
   total_energy { -6.885285232566667   } 
   total_energyvar { 0.06402449952335765   } 
   weight { 0.9991149585012895   } 
   weightvar { 0.1022049435152773   } 
   kinetic_energy { 2.019978744601968   } 
   kinetic_energyvar { 2.532020583759376   } 
   potential_energy { -9.793484637443701   } 
   potential_energyvar { 2.713909939878846   } 
   nonlocal_energy { 0.8882206602750649   } 
   nonlocal_energyvar { 4.296022007445243   } 
   autocorr_energy { } 
} 

block { 
   label spin_0.005
   totweight 870400
   nautocorr 0
   total_energy { -6.884377486959393   } 
   total_energyvar { 0.06601960921772496   } 
   weight { 0.9992693202682101   } 
   weightvar { 0.1037416944999695   } 
   kinetic_energy { 2.009817953549851   } 
   kinetic_energyvar { 2.621644513899183   } 
   potential_energy { -9.793403758352399   } 
   potential_energyvar { 2.746908494872082   } 
   nonlocal_energy { 0.8992083178431545   } 
   nonlocal_energyvar { 4.463753622598956   } 
   autocorr_energy { } 
} 

block { 
   label spin_0.005
   totweight 870400
   nautocorr 0
   total_energy { -6.883053152437661   } 
   total_energyvar { 0.06672323810914783   } 
   weight { 0.9991412176263355   } 
   weightvar { 0.1049208562221194   } 
   kinetic_energy { 2.004487028131596   } 
   kinetic_energyvar { 2.550846578078785   } 
   potential_energy { -9.768313428123356   } 
   potential_energyvar { 2.751775163003094   } 
   nonlocal_energy { 0.8807732475541004   } 
   nonlocal_energyvar { 4.300113064809286   } 
   autocorr_energy { } 
} 

block { 
   label spin_0.005
   totweight 870400
   nautocorr 0
   total_energy { -6.881883763113699   } 
   total_energyvar { 0.06842186564294084   } 
   weight { 0.9975226111479149   } 
   weightvar { 0.1040898669501931   } 
   kinetic_energy { 2.027195294040993   } 
   kinetic_energyvar { 2.57883862166834   } 
   potential_energy { -9.799733889886838   } 
   potential_energyvar { 2.676826217704758   } 
   nonlocal_energy { 0.8906548327321477   } 
   nonlocal_energyvar { 4.36577930629702   } 
   autocorr_energy { } 
} 

block { 
   label spin_0.005
   totweight 870400
   nautocorr 0
   total_energy { -6.885391733156923   } 
   total_energyvar { 0.06798581372168426   } 
   weight { 0.9981145754059176   } 
   weightvar { 0.1012852456523164   } 
   kinetic_energy { 2.030526445043004   } 
   kinetic_energyvar { 2.507521044976884   } 
   potential_energy { -9.800861648648098   } 
   potential_energyvar { 2.661916661417155   } 
   nonlocal_energy { 0.8849434704481712   } 
   nonlocal_energyvar { 4.28300676989505   } 
   autocorr_energy { } 
} 

block { 
   label spin_0.005
   totweight 870400
   nautocorr 0
   total_energy { -6.88613644611347   } 
   total_energyvar { 0.06629818534779985   } 
   weight { 0.9998846960181342   } 
   weightvar { 0.1030084997060689   } 
   kinetic_energy { 2.001937951664218   } 
   kinetic_energyvar { 2.560542274711685   } 
   potential_energy { -9.775963960370921   } 
   potential_energyvar { 2.730813239333361   } 
   nonlocal_energy { 0.8878895625932353   } 
   nonlocal_energyvar { 4.366498184449971   } 
   autocorr_energy { } 
} 

block { 
   label spin_0.005
   totweight 870400
   nautocorr 0
   total_energy { -6.883506954704134   } 
   total_energyvar { 0.07701365221881648   } 
   weight { 1.00012027719246   } 
   weightvar { 0.1011252386223651   } 
   kinetic_energy { 2.022811901168375   } 
   kinetic_energyvar { 2.634641227232445   } 
   potential_energy { -9.801705016489588   } 
   potential_energyvar { 2.751269416632004   } 
   nonlocal_energy { 0.8953861606170795   } 
   nonlocal_energyvar { 4.502377179132858   } 
   autocorr_energy { } 
} 

block { 
   label spin_0.005
   totweight 870400
   nautocorr 0
   total_energy { -6.882344342477952   } 
   total_energyvar { 0.07159962907250342   } 
   weight { 0.997666272362867   } 
   weightvar { 0.09968535984092955   } 
   kinetic_energy { 2.049943132120893   } 
   kinetic_energyvar { 2.474995989956464   } 
   potential_energy { -9.801508910436727   } 
   potential_energyvar { 2.663311109955128   } 
   nonlocal_energy { 0.8692214358378804   } 
   nonlocal_energyvar { 4.175281190909114   } 
   autocorr_energy { } 
} 

block { 
   label spin_0.005
   totweight 870400
   nautocorr 0
   total_energy { -6.886463891321706   } 
   total_energyvar { 0.07405361189131941   } 
   weight { 0.9987096421411339   } 
   weightvar { 0.1013810657754629   } 
   kinetic_energy { 1.997758055547772   } 
   kinetic_energyvar { 2.705644562264782   } 
   potential_energy { -9.794931985244487   } 
   potential_energyvar { 2.770155163415897   } 
   nonlocal_energy { 0.9107100383750076   } 
   nonlocal_energyvar { 4.564173154183083   } 
   autocorr_energy { } 
} 

block { 
   label spin_0.005
   totweight 870400
   nautocorr 0
   total_energy { -6.88455947548362   } 
   total_energyvar { 0.07496623528633049   } 
   weight { 0.9997487712862243   } 
   weightvar { 0.1017793785968076   } 
   kinetic_energy { 2.009034250649461   } 
   kinetic_energyvar { 2.612769284474552   } 
   potential_energy { -9.776747782216523   } 
   potential_energyvar { 2.728565298018597   } 
   nonlocal_energy { 0.8831540560834414   } 
   nonlocal_energyvar { 4.41091910326158   } 
   autocorr_energy { } 
} 

block { 
   label spin_0.005
   totweight 870400
   nautocorr 0
   total_energy { -6.882608034960358   } 
   total_energyvar { 0.0792518602255729   } 
   weight { 0.9994076558261181   } 
   weightvar { 0.105199913400022   } 
   kinetic_energy { 2.015803516920901   } 
   kinetic_energyvar { 2.538180615923864   } 
   potential_energy { -9.781780303198197   } 
   potential_energyvar { 2.732343721090407   } 
   nonlocal_energy { 0.8833687513169368   } 
   nonlocal_energyvar { 4.414725500805391   } 
   autocorr_energy { } 
} 

block { 
   label spin_0.005
   totweight 870400
   nautocorr 0
   total_energy { -6.880985993403547   } 
   total_energyvar { 0.1075097754352616   } 
   weight { 0.9972252005111025   } 
   weightvar { 0.1047484982771365   } 
   kinetic_energy { 2.023661185047519   } 
   kinetic_energyvar { 2.614404053120616   } 
   potential_energy { -9.794283776801706   } 
   potential_energyvar { 2.754569645189488   } 
   nonlocal_energy { 0.889636598350639   } 
   nonlocal_energyvar { 4.498446133651939   } 
   autocorr_energy { } 
} 

block { 
   label spin_0.005
   totweight 870400
   nautocorr 0
   total_energy { -6.886087234979718   } 
   total_energyvar { 0.07086914319961311   } 
   weight { 0.9979990877938427   } 
   weightvar { 0.1028988861550927   } 
   kinetic_energy { 2.021162653880615   } 
   kinetic_energyvar { 2.495753197462832   } 
   potential_energy { -9.795757747007443   } 
   potential_energyvar { 2.701082151138357   } 
   nonlocal_energy { 0.8885078581471101   } 
   nonlocal_energyvar { 4.266253911004733   } 
   autocorr_energy { } 
} 

block { 
   label spin_0.005
   totweight 870400
   nautocorr 0
   total_energy { -6.885062469697029   } 
   total_energyvar { 0.06681291490897702   } 
   weight { 0.9996606090833793   } 
   weightvar { 0.1021594409353529   } 
   kinetic_energy { 2.014768205887217   } 
   kinetic_energyvar { 2.440122599436718   } 
   potential_energy { -9.779609867259282   } 
   potential_energyvar { 2.712074988631949   } 
   nonlocal_energy { 0.8797791916750372   } 
   nonlocal_energyvar { 4.151099009951594   } 
   autocorr_energy { } 
} 

