#-------------------------------------------------
#DMC run: timestep 0.005
#-------------------------------------------------


init { 
   label spin_0.005
}
block { 
   label spin_0.005
   totweight 3481600
   nautocorr 0
   total_energy { -126.2562906371613   } 
   total_energyvar { 1.735812015618583   } 
   weight { 1.016930250217602   } 
   weightvar { 0.02484497325883862   } 
   kinetic_energy { 47.58190670231352   } 
   kinetic_energyvar { 138.3174954824934   } 
   potential_energy { -193.1784416209591   } 
   potential_energyvar { 334.0612147962919   } 
   nonlocal_energy { 19.34024428148424   } 
   nonlocal_energyvar { 277.7332591184645   } 
   autocorr_energy { } 
} 

block { 
   label spin_0.005
   totweight 3481600
   nautocorr 0
   total_energy { -126.2237395448697   } 
   total_energyvar { 1.739819929206599   } 
   weight { 1.002753539975296   } 
   weightvar { 0.06712517884682381   } 
   kinetic_energy { 47.89077738209635   } 
   kinetic_energyvar { 136.8456685318584   } 
   potential_energy { -193.5212735042667   } 
   potential_energyvar { 330.9945915295737   } 
   nonlocal_energy { 19.40675657730054   } 
   nonlocal_energyvar { 274.1920400943135   } 
   autocorr_energy { } 
} 

block { 
   label spin_0.005
   totweight 3481600
   nautocorr 0
   total_energy { -126.2222455506465   } 
   total_energyvar { 1.904217804046282   } 
   weight { 0.9854102011143624   } 
   weightvar { 0.08248015645521092   } 
   kinetic_energy { 47.90490213628738   } 
   kinetic_energyvar { 137.4865092449108   } 
   potential_energy { -193.6302937029324   } 
   potential_energyvar { 334.4071988380898   } 
   nonlocal_energy { 19.50314601599844   } 
   nonlocal_energyvar { 277.8098588394038   } 
   autocorr_energy { } 
} 

block { 
   label spin_0.005
   totweight 3481600
   nautocorr 0
   total_energy { -126.220922091399   } 
   total_energyvar { 1.666293560990859   } 
   weight { 0.9844707281195317   } 
   weightvar { 0.08944447497047957   } 
   kinetic_energy { 47.92611561280981   } 
   kinetic_energyvar { 136.8353658451199   } 
   potential_energy { -193.6066543576943   } 
   potential_energyvar { 329.6600954997272   } 
   nonlocal_energy { 19.45961665348549   } 
   nonlocal_energyvar { 275.441674128126   } 
   autocorr_energy { } 
} 

block { 
   label spin_0.005
   totweight 3481600
   nautocorr 0
   total_energy { -126.2232596740384   } 
   total_energyvar { 1.624145199728963   } 
   weight { 0.9866601855923306   } 
   weightvar { 0.09163668948017979   } 
   kinetic_energy { 47.93537600974015   } 
   kinetic_energyvar { 137.8750221457295   } 
   potential_energy { -193.548042811088   } 
   potential_energyvar { 330.8791154373854   } 
   nonlocal_energy { 19.38940712730946   } 
   nonlocal_energyvar { 275.4329154671967   } 
   autocorr_energy { } 
} 

block { 
   label spin_0.005
   totweight 3481600
   nautocorr 0
   total_energy { -126.2189853737479   } 
   total_energyvar { 1.615367715902491   } 
   weight { 0.9893981200966193   } 
   weightvar { 0.09240496980778776   } 
   kinetic_energy { 47.94060903608615   } 
   kinetic_energyvar { 137.1770485653145   } 
   potential_energy { -193.6072058181998   } 
   potential_energyvar { 334.0323123935358   } 
   nonlocal_energy { 19.44761140836572   } 
   nonlocal_energyvar { 275.5596856277966   } 
   autocorr_energy { } 
} 

block { 
   label spin_0.005
   totweight 3481600
   nautocorr 0
   total_energy { -126.2194247235346   } 
   total_energyvar { 1.845002415977608   } 
   weight { 0.9913716537766144   } 
   weightvar { 0.09219410996860036   } 
   kinetic_energy { 47.95097013052282   } 
   kinetic_energyvar { 137.5431621878503   } 
   potential_energy { -193.6605052772445   } 
   potential_energyvar { 333.8452687798513   } 
   nonlocal_energy { 19.49011042318702   } 
   nonlocal_energyvar { 278.2328631597458   } 
   autocorr_energy { } 
} 

block { 
   label spin_0.005
   totweight 3481600
   nautocorr 0
   total_energy { -126.2243090790092   } 
   total_energyvar { 1.601261932375655   } 
   weight { 0.9960659905669461   } 
   weightvar { 0.09109407979824426   } 
   kinetic_energy { 47.93224893148145   } 
   kinetic_energyvar { 135.8494604443896   } 
   potential_energy { -193.5908946225948   } 
   potential_energyvar { 332.3264070768642   } 
   nonlocal_energy { 19.43433661210416   } 
   nonlocal_energyvar { 277.0601120370678   } 
   autocorr_energy { } 
} 

