#-------------------------------------------------
#DMC run: timestep 0.005
#-------------------------------------------------


init { 
   label spin_0.005
}
block { 
   label spin_0.005
   totweight 19660800
   nautocorr 0
   total_energy { -147.00840064887   } 
   total_energyvar { 1.919195712394008   } 
   weight { 1.044844005652782   } 
   weightvar { 0.03661132459506303   } 
   kinetic_energy { 56.97949325193778   } 
   kinetic_energyvar { 175.9771469087786   } 
   potential_energy { -224.8887056736901   } 
   potential_energyvar { 410.7579153711495   } 
   nonlocal_energy { 20.90081177288233   } 
   nonlocal_energyvar { 327.6404037046797   } 
   autocorr_energy { } 
} 

block { 
   label spin_0.005
   totweight 19660800
   nautocorr 0
   total_energy { -146.9443261060092   } 
   total_energyvar { 2.007154154700009   } 
   weight { 1.013475395818102   } 
   weightvar { 0.08227794644845871   } 
   kinetic_energy { 57.32901544781151   } 
   kinetic_energyvar { 174.4952452376805   } 
   potential_energy { -225.2031386561401   } 
   potential_energyvar { 408.7582849366729   } 
   nonlocal_energy { 20.92979710231939   } 
   nonlocal_energyvar { 326.4040776276443   } 
   autocorr_energy { } 
} 

block { 
   label spin_0.005
   totweight 19660800
   nautocorr 0
   total_energy { -146.9361772662141   } 
   total_energyvar { 2.099976950661086   } 
   weight { 0.9746554292650749   } 
   weightvar { 0.09463135893121702   } 
   kinetic_energy { 57.36242197135054   } 
   kinetic_energyvar { 174.8514151192259   } 
   potential_energy { -225.2200332303796   } 
   potential_energyvar { 409.4108004202005   } 
   nonlocal_energy { 20.92143399281502   } 
   nonlocal_energyvar { 325.5430189710559   } 
   autocorr_energy { } 
} 

block { 
   label spin_0.005
   totweight 19660800
   nautocorr 0
   total_energy { -146.9367818899436   } 
   total_energyvar { 2.002149092180364   } 
   weight { 0.97012320382259   } 
   weightvar { 0.09969430205721097   } 
   kinetic_energy { 57.33955692987714   } 
   kinetic_energyvar { 174.6872161472909   } 
   potential_energy { -225.1758511379358   } 
   potential_energyvar { 409.1389518754896   } 
   nonlocal_energy { 20.89951231811505   } 
   nonlocal_energyvar { 326.3864733382067   } 
   autocorr_energy { } 
} 

block { 
   label spin_0.005
   totweight 19660800
   nautocorr 0
   total_energy { -146.9374489370142   } 
   total_energyvar { 2.009199584092006   } 
   weight { 0.9741946235924074   } 
   weightvar { 0.100700568561725   } 
   kinetic_energy { 57.3790535577973   } 
   kinetic_energyvar { 174.6325894282175   } 
   potential_energy { -225.2304707937055   } 
   potential_energyvar { 408.7893591563131   } 
   nonlocal_energy { 20.913968298894   } 
   nonlocal_energyvar { 326.6435670886866   } 
   autocorr_energy { } 
} 

block { 
   label spin_0.005
   totweight 19660800
   nautocorr 0
   total_energy { -146.935724721613   } 
   total_energyvar { 2.039378136090778   } 
   weight { 0.9786631022715695   } 
   weightvar { 0.1006353531170401   } 
   kinetic_energy { 57.38872408364978   } 
   kinetic_energyvar { 174.9350789976661   } 
   potential_energy { -225.2391254546976   } 
   potential_energyvar { 409.2140390754386   } 
   nonlocal_energy { 20.91467664943483   } 
   nonlocal_energyvar { 327.142748019892   } 
   autocorr_energy { } 
} 

block { 
   label spin_0.005
   totweight 19660800
   nautocorr 0
   total_energy { -146.9337920458219   } 
   total_energyvar { 2.013854762792778   } 
   weight { 0.9850013785813295   } 
   weightvar { 0.09964295572480918   } 
   kinetic_energy { 57.3514239873673   } 
   kinetic_energyvar { 174.0095382358503   } 
   potential_energy { -225.1845981578713   } 
   potential_energyvar { 408.2243470934007   } 
   nonlocal_energy { 20.89938212468211   } 
   nonlocal_energyvar { 325.6612457643527   } 
   autocorr_energy { } 
} 

block { 
   label spin_0.005
   totweight 19660800
   nautocorr 0
   total_energy { -146.9364423146827   } 
   total_energyvar { 2.005518079401908   } 
   weight { 0.9926234722720892   } 
   weightvar { 0.09894813145293797   } 
   kinetic_energy { 57.33445951712383   } 
   kinetic_energyvar { 174.5430814074378   } 
   potential_energy { -225.1549605810277   } 
   potential_energyvar { 409.2328539811215   } 
   nonlocal_energy { 20.88405874922119   } 
   nonlocal_energyvar { 325.5634701451575   } 
   autocorr_energy { } 
} 

block { 
   label spin_0.005
   totweight 19660800
   nautocorr 0
   total_energy { -146.9351288468514   } 
   total_energyvar { 1.998847442677681   } 
   weight { 0.9959341821786345   } 
   weightvar { 0.09774346488374254   } 
   kinetic_energy { 57.34354056651822   } 
   kinetic_energyvar { 174.2357124886277   } 
   potential_energy { -225.1499157391474   } 
   potential_energyvar { 407.3495981377017   } 
   nonlocal_energy { 20.87124632577784   } 
   nonlocal_energyvar { 324.595062858417   } 
   autocorr_energy { } 
} 

block { 
   label spin_0.005
   totweight 19660800
   nautocorr 0
   total_energy { -146.9380289892537   } 
   total_energyvar { 2.032449703738227   } 
   weight { 0.9981547742934543   } 
   weightvar { 0.0977267279981113   } 
   kinetic_energy { 57.36612884107728   } 
   kinetic_energyvar { 174.3056441981517   } 
   potential_energy { -225.2241981402585   } 
   potential_energyvar { 408.3943901590665   } 
   nonlocal_energy { 20.92004030992747   } 
   nonlocal_energyvar { 326.2881056670474   } 
   autocorr_energy { } 
} 

block { 
   label spin_0.005
   totweight 19660800
   nautocorr 0
   total_energy { -146.9360087255063   } 
   total_energyvar { 2.036891129351667   } 
   weight { 0.9989607022429772   } 
   weightvar { 0.09767465109094614   } 
   kinetic_energy { 57.36720739352862   } 
   kinetic_energyvar { 174.4838167583337   } 
   potential_energy { -225.243756373725   } 
   potential_energyvar { 409.2386033587882   } 
   nonlocal_energy { 20.94054025469013   } 
   nonlocal_energyvar { 327.197582328337   } 
   autocorr_energy { } 
} 

block { 
   label spin_0.005
   totweight 19660800
   nautocorr 0
   total_energy { -146.9338226002004   } 
   total_energyvar { 2.001764277731097   } 
   weight { 0.9981723536511902   } 
   weightvar { 0.09716981061193386   } 
   kinetic_energy { 57.35263575497817   } 
   kinetic_energyvar { 173.6691121685614   } 
   potential_energy { -225.1915503882514   } 
   potential_energyvar { 408.0034553774497   } 
   nonlocal_energy { 20.90509203307277   } 
   nonlocal_energyvar { 325.4719058651361   } 
   autocorr_energy { } 
} 

block { 
   label spin_0.005
   totweight 19660800
   nautocorr 0
   total_energy { -146.9336887185789   } 
   total_energyvar { 2.013701675867339   } 
   weight { 0.9968164513551409   } 
   weightvar { 0.09661412824859654   } 
   kinetic_energy { 57.39131785441238   } 
   kinetic_energyvar { 174.485815823653   } 
   potential_energy { -225.2389164046447   } 
   potential_energyvar { 409.0350593418567   } 
   nonlocal_energy { 20.91390983165341   } 
   nonlocal_energyvar { 326.439253278408   } 
   autocorr_energy { } 
} 

block { 
   label spin_0.005
   totweight 19660800
   nautocorr 0
   total_energy { -146.9372796440154   } 
   total_energyvar { 2.037556007430095   } 
   weight { 0.9979250306576672   } 
   weightvar { 0.09726154632823826   } 
   kinetic_energy { 57.39959915606875   } 
   kinetic_energyvar { 174.4865189138929   } 
   potential_energy { -225.2545516522951   } 
   potential_energyvar { 408.31203510256   } 
   nonlocal_energy { 20.91767285221102   } 
   nonlocal_energyvar { 325.9969898401526   } 
   autocorr_energy { } 
} 

block { 
   label spin_0.005
   totweight 19660800
   nautocorr 0
   total_energy { -146.937087722127   } 
   total_energyvar { 2.026854981247598   } 
   weight { 0.9991507338906751   } 
   weightvar { 0.09746695599373294   } 
   kinetic_energy { 57.39067287851829   } 
   kinetic_energyvar { 174.3258759150189   } 
   potential_energy { -225.2487540359172   } 
   potential_energyvar { 409.1024560886905   } 
   nonlocal_energy { 20.92099343527186   } 
   nonlocal_energyvar { 326.4273099377738   } 
   autocorr_energy { } 
} 

block { 
   label spin_0.005
   totweight 19660800
   nautocorr 0
   total_energy { -146.9368994263422   } 
   total_energyvar { 2.069881055615137   } 
   weight { 0.9996133988364824   } 
   weightvar { 0.0968764754891233   } 
   kinetic_energy { 57.42269309162145   } 
   kinetic_energyvar { 174.0622722035052   } 
   potential_energy { -225.2974342243173   } 
   potential_energyvar { 408.8476835795531   } 
   nonlocal_energy { 20.93784170635361   } 
   nonlocal_energyvar { 326.4661140041481   } 
   autocorr_energy { } 
} 

block { 
   label spin_0.005
   totweight 19660800
   nautocorr 0
   total_energy { -146.93469064742   } 
   total_energyvar { 2.0065473434314   } 
   weight { 0.9991701876757819   } 
   weightvar { 0.09663126033195005   } 
   kinetic_energy { 57.39806548536674   } 
   kinetic_energyvar { 174.6819263001836   } 
   potential_energy { -225.2534991277358   } 
   potential_energyvar { 409.334066780271   } 
   nonlocal_energy { 20.92074299494903   } 
   nonlocal_energyvar { 327.5124739276102   } 
   autocorr_energy { } 
} 

block { 
   label spin_0.005
   totweight 19660800
   nautocorr 0
   total_energy { -146.9340619088384   } 
   total_energyvar { 2.028641227429195   } 
   weight { 0.9979410571827877   } 
   weightvar { 0.09708556509076123   } 
   kinetic_energy { 57.38765299839008   } 
   kinetic_energyvar { 174.5146682500108   } 
   potential_energy { -225.2472429021591   } 
   potential_energyvar { 408.7444964509373   } 
   nonlocal_energy { 20.92552799493063   } 
   nonlocal_energyvar { 325.6515963838468   } 
   autocorr_energy { } 
} 

block { 
   label spin_0.005
   totweight 19660800
   nautocorr 0
   total_energy { -146.9377402818603   } 
   total_energyvar { 2.115899437975791   } 
   weight { 0.9982165559349208   } 
   weightvar { 0.09727875061857387   } 
   kinetic_energy { 57.40544363376747   } 
   kinetic_energyvar { 174.1414631458152   } 
   potential_energy { -225.2578050466438   } 
   potential_energyvar { 408.8161623751419   } 
   nonlocal_energy { 20.91462113101603   } 
   nonlocal_energyvar { 325.4893304064603   } 
   autocorr_energy { } 
} 

block { 
   label spin_0.005
   totweight 19660800
   nautocorr 0
   total_energy { -146.9338376313124   } 
   total_energyvar { 2.036990023535617   } 
   weight { 0.9984307547107265   } 
   weightvar { 0.09705484284815641   } 
   kinetic_energy { 57.38752242749743   } 
   kinetic_energyvar { 174.536418294644   } 
   potential_energy { -225.2289876457471   } 
   potential_energyvar { 409.2268133265792   } 
   nonlocal_energy { 20.90762758693731   } 
   nonlocal_energyvar { 325.780875081482   } 
   autocorr_energy { } 
} 

block { 
   label spin_0.005
   totweight 19660800
   nautocorr 0
   total_energy { -146.9340877383904   } 
   total_energyvar { 2.073332111151353   } 
   weight { 0.9973463030479288   } 
   weightvar { 0.09627627386904583   } 
   kinetic_energy { 57.35020302249202   } 
   kinetic_energyvar { 174.3812155032477   } 
   potential_energy { -225.1855522087244   } 
   potential_energyvar { 408.1097602731754   } 
   nonlocal_energy { 20.90126144784195   } 
   nonlocal_energyvar { 326.4432717107038   } 
   autocorr_energy { } 
} 

block { 
   label spin_0.005
   totweight 19660800
   nautocorr 0
   total_energy { -146.9368158834442   } 
   total_energyvar { 1.992180515705505   } 
   weight { 0.9980062460445589   } 
   weightvar { 0.09702941363520369   } 
   kinetic_energy { 57.3893295356516   } 
   kinetic_energyvar { 173.5348923179346   } 
   potential_energy { -225.2505714367555   } 
   potential_energyvar { 407.2827515231285   } 
   nonlocal_energy { 20.92442601765964   } 
   nonlocal_energyvar { 326.0023119743141   } 
   autocorr_energy { } 
} 

block { 
   label spin_0.005
   totweight 19660800
   nautocorr 0
   total_energy { -146.9362014032812   } 
   total_energyvar { 1.989637015841643   } 
   weight { 0.9987925199564679   } 
   weightvar { 0.09693498636477003   } 
   kinetic_energy { 57.36684648105151   } 
   kinetic_energyvar { 174.1629399719389   } 
   potential_energy { -225.2052427882101   } 
   potential_energyvar { 408.2269346655945   } 
   nonlocal_energy { 20.90219490387733   } 
   nonlocal_energyvar { 325.9985562235954   } 
   autocorr_energy { } 
} 

block { 
   label spin_0.005
   totweight 19660800
   nautocorr 0
   total_energy { -146.9345174849598   } 
   total_energyvar { 1.990251585317278   } 
   weight { 0.9991531299636324   } 
   weightvar { 0.09685813710635996   } 
   kinetic_energy { 57.37780314506197   } 
   kinetic_energyvar { 174.3216214852174   } 
   potential_energy { -225.2108786319105   } 
   potential_energyvar { 409.7211860559265   } 
   nonlocal_energy { 20.89855800188872   } 
   nonlocal_energyvar { 325.7115278411551   } 
   autocorr_energy { } 
} 

block { 
   label spin_0.005
   totweight 19660800
   nautocorr 0
   total_energy { -146.934690373163   } 
   total_energyvar { 2.025097685266575   } 
   weight { 0.9977599912488624   } 
   weightvar { 0.09763259048757662   } 
   kinetic_energy { 57.36279528559124   } 
   kinetic_energyvar { 174.5544592122326   } 
   potential_energy { -225.2131959007655   } 
   potential_energyvar { 410.5862104495089   } 
   nonlocal_energy { 20.91571024201119   } 
   nonlocal_energyvar { 326.5509091502876   } 
   autocorr_energy { } 
} 

