#-------------------------------------------------
#VMC run: timestep 0.45 nconfig 5120 steps 30
#-------------------------------------------------


init { 
   label vmc
}
block { 
   label vmc
   totweight 153600
   nautocorr 0
   total_energy { -66.75527928654607   } 
   total_energyvar { 5.506905526888343   } 
   weight { 1   } 
   weightvar { 0   } 
   kinetic_energy { 22.92643272502631   } 
   kinetic_energyvar { 79.03442965810578   } 
   potential_energy { -96.31896570644186   } 
   potential_energyvar { 96.24708073105711   } 
   nonlocal_energy { 6.637253694869472   } 
   nonlocal_energyvar { 117.2448744867007   } 
   autocorr_energy { } 
} 

block { 
   label vmc
   totweight 153600
   nautocorr 0
   total_energy { -66.74539119153084   } 
   total_energyvar { 5.653995416578879   } 
   weight { 1   } 
   weightvar { 0   } 
   kinetic_energy { 22.85306651691627   } 
   kinetic_energyvar { 77.94974771626777   } 
   potential_energy { -96.29089039317499   } 
   potential_energyvar { 97.09191864857409   } 
   nonlocal_energy { 6.692432684727875   } 
   nonlocal_energyvar { 117.8323165305845   } 
   autocorr_energy { } 
} 

block { 
   label vmc
   totweight 153600
   nautocorr 0
   total_energy { -66.76034748178273   } 
   total_energyvar { 5.094800918317844   } 
   weight { 1   } 
   weightvar { 0   } 
   kinetic_energy { 22.92021751241584   } 
   kinetic_energyvar { 78.4540440093826   } 
   potential_energy { -96.34450914320313   } 
   potential_energyvar { 96.04171392850607   } 
   nonlocal_energy { 6.663944149004557   } 
   nonlocal_energyvar { 116.3482292092027   } 
   autocorr_energy { } 
} 

block { 
   label vmc
   totweight 153600
   nautocorr 0
   total_energy { -66.74931692013442   } 
   total_energyvar { 5.202214319260698   } 
   weight { 1   } 
   weightvar { 0   } 
   kinetic_energy { 22.94894282726501   } 
   kinetic_energyvar { 77.50269606031372   } 
   potential_energy { -96.34130884764316   } 
   potential_energyvar { 95.47044212412634   } 
   nonlocal_energy { 6.643049100243737   } 
   nonlocal_energyvar { 115.4248168389753   } 
   autocorr_energy { } 
} 

block { 
   label vmc
   totweight 153600
   nautocorr 0
   total_energy { -66.74176986872871   } 
   total_energyvar { 5.214878318455785   } 
   weight { 1   } 
   weightvar { 0   } 
   kinetic_energy { 22.88042625059906   } 
   kinetic_energyvar { 79.87733577107065   } 
   potential_energy { -96.32091283517431   } 
   potential_energyvar { 96.27437424859204   } 
   nonlocal_energy { 6.698716715846555   } 
   nonlocal_energyvar { 119.2261121634603   } 
   autocorr_energy { } 
} 

block { 
   label vmc
   totweight 153600
   nautocorr 0
   total_energy { -66.73653319549014   } 
   total_energyvar { 5.328139233117564   } 
   weight { 1   } 
   weightvar { 0   } 
   kinetic_energy { 22.87011619173231   } 
   kinetic_energyvar { 78.39116010960034   } 
   potential_energy { -96.23251879915712   } 
   potential_energyvar { 96.39046276061231   } 
   nonlocal_energy { 6.625869411934668   } 
   nonlocal_energyvar { 116.6007792349706   } 
   autocorr_energy { } 
} 

block { 
   label vmc
   totweight 153600
   nautocorr 0
   total_energy { -66.7397548621968   } 
   total_energyvar { 5.357497394776846   } 
   weight { 1   } 
   weightvar { 0   } 
   kinetic_energy { 22.92069624508864   } 
   kinetic_energyvar { 77.05777411615553   } 
   potential_energy { -96.22605517413007   } 
   potential_energyvar { 95.83681982849748   } 
   nonlocal_energy { 6.565604066844637   } 
   nonlocal_energyvar { 114.2985161227221   } 
   autocorr_energy { } 
} 

block { 
   label vmc
   totweight 153600
   nautocorr 0
   total_energy { -66.74903686343941   } 
   total_energyvar { 5.298354022746142   } 
   weight { 1   } 
   weightvar { 0   } 
   kinetic_energy { 22.88239623181435   } 
   kinetic_energyvar { 78.13006857977491   } 
   potential_energy { -96.27862873137343   } 
   potential_energyvar { 96.10861046157798   } 
   nonlocal_energy { 6.647195636119664   } 
   nonlocal_energyvar { 115.8542438860914   } 
   autocorr_energy { } 
} 

block { 
   label vmc
   totweight 153600
   nautocorr 0
   total_energy { -66.75710202268191   } 
   total_energyvar { 5.293317637139732   } 
   weight { 1   } 
   weightvar { 0   } 
   kinetic_energy { 22.91577063615051   } 
   kinetic_energyvar { 76.84220074333113   } 
   potential_energy { -96.30643378221907   } 
   potential_energyvar { 96.19455077098823   } 
   nonlocal_energy { 6.633561123386654   } 
   nonlocal_energyvar { 114.337220974916   } 
   autocorr_energy { } 
} 

block { 
   label vmc
   totweight 153600
   nautocorr 0
   total_energy { -66.74048791345487   } 
   total_energyvar { 5.794653396453784   } 
   weight { 1   } 
   weightvar { 0   } 
   kinetic_energy { 22.87040487420436   } 
   kinetic_energyvar { 78.17324053371571   } 
   potential_energy { -96.29220419087633   } 
   potential_energyvar { 96.52147520164232   } 
   nonlocal_energy { 6.681311403217111   } 
   nonlocal_energyvar { 117.0574840364885   } 
   autocorr_energy { } 
} 

block { 
   label vmc
   totweight 153600
   nautocorr 0
   total_energy { -66.74397410872852   } 
   total_energyvar { 5.251633993277348   } 
   weight { 1   } 
   weightvar { 0   } 
   kinetic_energy { 22.90572575601528   } 
   kinetic_energyvar { 77.425826536344   } 
   potential_energy { -96.27047009772268   } 
   potential_energyvar { 95.27650101700181   } 
   nonlocal_energy { 6.620770232978878   } 
   nonlocal_energyvar { 114.5037079474468   } 
   autocorr_energy { } 
} 

block { 
   label vmc
   totweight 153600
   nautocorr 0
   total_energy { -66.75134227851368   } 
   total_energyvar { 5.170738449593852   } 
   weight { 1   } 
   weightvar { 0   } 
   kinetic_energy { 22.9251371397162   } 
   kinetic_energyvar { 77.70162432728996   } 
   potential_energy { -96.36984397392797   } 
   potential_energyvar { 95.56476017237156   } 
   nonlocal_energy { 6.693364555698118   } 
   nonlocal_energyvar { 116.7005819117442   } 
   autocorr_energy { } 
} 

block { 
   label vmc
   totweight 153600
   nautocorr 0
   total_energy { -66.73072219699249   } 
   total_energyvar { 5.388624973016644   } 
   weight { 1   } 
   weightvar { 0   } 
   kinetic_energy { 22.89974099721906   } 
   kinetic_energyvar { 79.28576617045324   } 
   potential_energy { -96.25637035834573   } 
   potential_energyvar { 95.86103466776852   } 
   nonlocal_energy { 6.62590716413418   } 
   nonlocal_energyvar { 117.2094843721115   } 
   autocorr_energy { } 
} 

block { 
   label vmc
   totweight 153600
   nautocorr 0
   total_energy { -66.74483989849624   } 
   total_energyvar { 7.05399480511073   } 
   weight { 1   } 
   weightvar { 0   } 
   kinetic_energy { 22.91660633379452   } 
   kinetic_energyvar { 76.40918527688986   } 
   potential_energy { -96.26438540407983   } 
   potential_energyvar { 96.46882948446188   } 
   nonlocal_energy { 6.602939171789082   } 
   nonlocal_energyvar { 114.7287427651549   } 
   autocorr_energy { } 
} 

block { 
   label vmc
   totweight 153600
   nautocorr 0
   total_energy { -66.74744521912851   } 
   total_energyvar { 5.072293370280172   } 
   weight { 1   } 
   weightvar { 0   } 
   kinetic_energy { 22.90497991002264   } 
   kinetic_energyvar { 77.98771665132139   } 
   potential_energy { -96.31595378183717   } 
   potential_energyvar { 95.60147351181934   } 
   nonlocal_energy { 6.663528652686019   } 
   nonlocal_energyvar { 116.9949070031781   } 
   autocorr_energy { } 
} 

block { 
   label vmc
   totweight 153600
   nautocorr 0
   total_energy { -66.72822570087453   } 
   total_energyvar { 5.419375145161707   } 
   weight { 1   } 
   weightvar { 0   } 
   kinetic_energy { 22.87161320283968   } 
   kinetic_energyvar { 79.00285832938118   } 
   potential_energy { -96.33001393009945   } 
   potential_energyvar { 96.39244510136601   } 
   nonlocal_energy { 6.730175026385233   } 
   nonlocal_energyvar { 118.4237488022924   } 
   autocorr_energy { } 
} 

block { 
   label vmc
   totweight 153600
   nautocorr 0
   total_energy { -66.74547999737537   } 
   total_energyvar { 5.18090098428186   } 
   weight { 1   } 
   weightvar { 0   } 
   kinetic_energy { 22.85183973028807   } 
   kinetic_energyvar { 78.99610543412216   } 
   potential_energy { -96.22996578315893   } 
   potential_energyvar { 95.283879713099   } 
   nonlocal_energy { 6.63264605549549   } 
   nonlocal_energyvar { 117.4582791193765   } 
   autocorr_energy { } 
} 

block { 
   label vmc
   totweight 153600
   nautocorr 0
   total_energy { -66.74243468276815   } 
   total_energyvar { 5.685756981330539   } 
   weight { 1   } 
   weightvar { 0   } 
   kinetic_energy { 22.92316620619718   } 
   kinetic_energyvar { 77.66144219425792   } 
   potential_energy { -96.29955382009959   } 
   potential_energyvar { 95.91616947154525   } 
   nonlocal_energy { 6.633952931134253   } 
   nonlocal_energyvar { 115.3369257863106   } 
   autocorr_energy { } 
} 

block { 
   label vmc
   totweight 153600
   nautocorr 0
   total_energy { -66.73745015682583   } 
   total_energyvar { 5.420750508388728   } 
   weight { 1   } 
   weightvar { 0   } 
   kinetic_energy { 22.8515675977504   } 
   kinetic_energyvar { 80.11254185942856   } 
   potential_energy { -96.23244239898811   } 
   potential_energyvar { 97.03436127076546   } 
   nonlocal_energy { 6.643424644411867   } 
   nonlocal_energyvar { 119.5607997912344   } 
   autocorr_energy { } 
} 

block { 
   label vmc
   totweight 153600
   nautocorr 0
   total_energy { -66.73842438542434   } 
   total_energyvar { 5.195763402598045   } 
   weight { 1   } 
   weightvar { 0   } 
   kinetic_energy { 22.89023988420406   } 
   kinetic_energyvar { 80.38353048594938   } 
   potential_energy { -96.33971942234886   } 
   potential_energyvar { 96.59221324385315   } 
   nonlocal_energy { 6.711055152720468   } 
   nonlocal_energyvar { 120.9639617398507   } 
   autocorr_energy { } 
} 

#-------------------------------------------------
#VMC run: timestep 0.45 nconfig 5120 steps 30
#-------------------------------------------------


init { 
   label vmc
}
block { 
   label vmc
   totweight 153600
   nautocorr 0
   total_energy { -66.75771167783033   } 
   total_energyvar { 5.627609157951623   } 
   weight { 1   } 
   weightvar { 0   } 
   kinetic_energy { 22.88806145139019   } 
   kinetic_energyvar { 77.92658860959774   } 
   potential_energy { -96.27396682524164   } 
   potential_energyvar { 95.87557553354131   } 
   nonlocal_energy { 6.628193696021126   } 
   nonlocal_energyvar { 117.7039206248991   } 
   autocorr_energy { } 
} 

block { 
   label vmc
   totweight 153600
   nautocorr 0
   total_energy { -66.74944341199189   } 
   total_energyvar { 5.094644900182657   } 
   weight { 1   } 
   weightvar { 0   } 
   kinetic_energy { 22.8767655502702   } 
   kinetic_energyvar { 79.74143174936555   } 
   potential_energy { -96.29387420778258   } 
   potential_energyvar { 96.39744939495414   } 
   nonlocal_energy { 6.667665245520486   } 
   nonlocal_energyvar { 119.1119218749111   } 
   autocorr_energy { } 
} 

block { 
   label vmc
   totweight 153600
   nautocorr 0
   total_energy { -66.73880531566701   } 
   total_energyvar { 5.734708564313189   } 
   weight { 1   } 
   weightvar { 0   } 
   kinetic_energy { 22.86063491442333   } 
   kinetic_energyvar { 79.78338071262401   } 
   potential_energy { -96.27134050102565   } 
   potential_energyvar { 96.1756007131666   } 
   nonlocal_energy { 6.671900270935318   } 
   nonlocal_energyvar { 120.023792312888   } 
   autocorr_energy { } 
} 

block { 
   label vmc
   totweight 153600
   nautocorr 0
   total_energy { -66.74453280628073   } 
   total_energyvar { 5.171245178330177   } 
   weight { 1   } 
   weightvar { 0   } 
   kinetic_energy { 22.91755204945903   } 
   kinetic_energyvar { 77.77098487187867   } 
   potential_energy { -96.26187279507208   } 
   potential_energyvar { 95.64343440380658   } 
   nonlocal_energy { 6.599787939332317   } 
   nonlocal_energyvar { 115.1990132851791   } 
   autocorr_energy { } 
} 

block { 
   label vmc
   totweight 153600
   nautocorr 0
   total_energy { -66.76044880470947   } 
   total_energyvar { 5.857298613150402   } 
   weight { 1   } 
   weightvar { 0   } 
   kinetic_energy { 22.91516462511377   } 
   kinetic_energyvar { 77.386537000579   } 
   potential_energy { -96.27731115388843   } 
   potential_energyvar { 96.04117045688406   } 
   nonlocal_energy { 6.601697724065197   } 
   nonlocal_energyvar { 114.5187979486819   } 
   autocorr_energy { } 
} 

block { 
   label vmc
   totweight 153600
   nautocorr 0
   total_energy { -66.73217353234686   } 
   total_energyvar { 5.642623998582041   } 
   weight { 1   } 
   weightvar { 0   } 
   kinetic_energy { 22.83848907222334   } 
   kinetic_energyvar { 80.90187749407009   } 
   potential_energy { -96.25643752252881   } 
   potential_energyvar { 96.98296026548795   } 
   nonlocal_energy { 6.685774917958603   } 
   nonlocal_energyvar { 120.7867500592549   } 
   autocorr_energy { } 
} 

block { 
   label vmc
   totweight 153600
   nautocorr 0
   total_energy { -66.74654687646915   } 
   total_energyvar { 5.18333405191949   } 
   weight { 1   } 
   weightvar { 0   } 
   kinetic_energy { 22.86576784222981   } 
   kinetic_energyvar { 79.71873225187959   } 
   potential_energy { -96.23895826224953   } 
   potential_energyvar { 95.39578345248107   } 
   nonlocal_energy { 6.626643543550577   } 
   nonlocal_energyvar { 117.8140850648376   } 
   autocorr_energy { } 
} 

block { 
   label vmc
   totweight 153600
   nautocorr 0
   total_energy { -66.75586302891719   } 
   total_energyvar { 5.111930284114851   } 
   weight { 1   } 
   weightvar { 0   } 
   kinetic_energy { 22.94885405561511   } 
   kinetic_energyvar { 77.55904712747012   } 
   potential_energy { -96.33698760046077   } 
   potential_energyvar { 95.68095067928606   } 
   nonlocal_energy { 6.632270515928463   } 
   nonlocal_energyvar { 115.1151447368145   } 
   autocorr_energy { } 
} 

block { 
   label vmc
   totweight 153600
   nautocorr 0
   total_energy { -66.7422601151426   } 
   total_energyvar { 5.365303513683132   } 
   weight { 1   } 
   weightvar { 0   } 
   kinetic_energy { 22.86827700594448   } 
   kinetic_energyvar { 79.45211972924325   } 
   potential_energy { -96.2812045321914   } 
   potential_energyvar { 95.42795460254555   } 
   nonlocal_energy { 6.67066741110432   } 
   nonlocal_energyvar { 118.7958170034302   } 
   autocorr_energy { } 
} 

block { 
   label vmc
   totweight 153600
   nautocorr 0
   total_energy { -66.75801806979747   } 
   total_energyvar { 5.145107421392037   } 
   weight { 1   } 
   weightvar { 0   } 
   kinetic_energy { 22.84857303932029   } 
   kinetic_energyvar { 80.33133318240134   } 
   potential_energy { -96.29113441876898   } 
   potential_energyvar { 95.80874975887781   } 
   nonlocal_energy { 6.684543309651209   } 
   nonlocal_energyvar { 120.0638192998548   } 
   autocorr_energy { } 
} 

block { 
   label vmc
   totweight 153600
   nautocorr 0
   total_energy { -66.73239405778924   } 
   total_energyvar { 5.178475439732185   } 
   weight { 1   } 
   weightvar { 0   } 
   kinetic_energy { 22.83396831189446   } 
   kinetic_energyvar { 77.86039194723952   } 
   potential_energy { -96.24696630833992   } 
   potential_energyvar { 95.57658326039264   } 
   nonlocal_energy { 6.68060393865623   } 
   nonlocal_energyvar { 116.72209739244   } 
   autocorr_energy { } 
} 

block { 
   label vmc
   totweight 153600
   nautocorr 0
   total_energy { -66.73983093898971   } 
   total_energyvar { 5.52495859560306   } 
   weight { 1   } 
   weightvar { 0   } 
   kinetic_energy { 22.88652869081815   } 
   kinetic_energyvar { 76.3237343706455   } 
   potential_energy { -96.24888115271337   } 
   potential_energyvar { 96.38951938694559   } 
   nonlocal_energy { 6.622521522905503   } 
   nonlocal_energyvar { 114.3788946287475   } 
   autocorr_energy { } 
} 

block { 
   label vmc
   totweight 153600
   nautocorr 0
   total_energy { -66.74957176560993   } 
   total_energyvar { 5.416170763075974   } 
   weight { 1   } 
   weightvar { 0   } 
   kinetic_energy { 22.90117109311882   } 
   kinetic_energyvar { 80.3650936977978   } 
   potential_energy { -96.3433502011649   } 
   potential_energyvar { 96.12302078052313   } 
   nonlocal_energy { 6.69260734243614   } 
   nonlocal_energyvar { 119.7936111234328   } 
   autocorr_energy { } 
} 

block { 
   label vmc
   totweight 153600
   nautocorr 0
   total_energy { -66.74631705712808   } 
   total_energyvar { 5.301094831583953   } 
   weight { 1   } 
   weightvar { 0   } 
   kinetic_energy { 22.92440078681056   } 
   kinetic_energyvar { 77.97222317192596   } 
   potential_energy { -96.24991760378977   } 
   potential_energyvar { 95.28481618959349   } 
   nonlocal_energy { 6.579199759851121   } 
   nonlocal_energyvar { 114.2593948615287   } 
   autocorr_energy { } 
} 

block { 
   label vmc
   totweight 153600
   nautocorr 0
   total_energy { -66.74184976868027   } 
   total_energyvar { 6.056190483171327   } 
   weight { 1   } 
   weightvar { 0   } 
   kinetic_energy { 22.88068637003196   } 
   kinetic_energyvar { 79.50119783930273   } 
   potential_energy { -96.30434567068346   } 
   potential_energyvar { 96.24795837400669   } 
   nonlocal_energy { 6.681809531971226   } 
   nonlocal_energyvar { 117.3985373033328   } 
   autocorr_energy { } 
} 

block { 
   label vmc
   totweight 153600
   nautocorr 0
   total_energy { -66.74100065863659   } 
   total_energyvar { 5.45962449285764   } 
   weight { 1   } 
   weightvar { 0   } 
   kinetic_energy { 22.93788809604557   } 
   kinetic_energyvar { 78.96705374165188   } 
   potential_energy { -96.33983110557696   } 
   potential_energyvar { 96.37360073778649   } 
   nonlocal_energy { 6.660942350894792   } 
   nonlocal_energyvar { 117.4889841113711   } 
   autocorr_energy { } 
} 

block { 
   label vmc
   totweight 153600
   nautocorr 0
   total_energy { -66.74408746085204   } 
   total_energyvar { 5.371675513790517   } 
   weight { 1   } 
   weightvar { 0   } 
   kinetic_energy { 22.95234590164614   } 
   kinetic_energyvar { 76.10295813776737   } 
   potential_energy { -96.31725241953194   } 
   potential_energyvar { 96.00772290459184   } 
   nonlocal_energy { 6.620819057033759   } 
   nonlocal_energyvar { 112.2349087255612   } 
   autocorr_energy { } 
} 

block { 
   label vmc
   totweight 153600
   nautocorr 0
   total_energy { -66.74337060390806   } 
   total_energyvar { 5.292991274113613   } 
   weight { 1   } 
   weightvar { 0   } 
   kinetic_energy { 22.92885221655055   } 
   kinetic_energyvar { 75.92545210797525   } 
   potential_energy { -96.25168772238217   } 
   potential_energyvar { 95.54936846875238   } 
   nonlocal_energy { 6.579464901923557   } 
   nonlocal_energyvar { 112.3673194873595   } 
   autocorr_energy { } 
} 

block { 
   label vmc
   totweight 153600
   nautocorr 0
   total_energy { -66.74547935544095   } 
   total_energyvar { 5.200073134160435   } 
   weight { 1   } 
   weightvar { 0   } 
   kinetic_energy { 22.89030689330338   } 
   kinetic_energyvar { 77.09189901192181   } 
   potential_energy { -96.28321687959243   } 
   potential_energyvar { 95.837334118104   } 
   nonlocal_energy { 6.647430630848103   } 
   nonlocal_energyvar { 115.6265056607332   } 
   autocorr_energy { } 
} 

block { 
   label vmc
   totweight 153600
   nautocorr 0
   total_energy { -66.7422016687086   } 
   total_energyvar { 5.46653879351707   } 
   weight { 1   } 
   weightvar { 0   } 
   kinetic_energy { 22.93164695332753   } 
   kinetic_energyvar { 78.78873432780793   } 
   potential_energy { -96.32725492434275   } 
   potential_energyvar { 96.38824845795325   } 
   nonlocal_energy { 6.653406302306607   } 
   nonlocal_energyvar { 116.7011358416319   } 
   autocorr_energy { } 
} 

block { 
   label vmc
   totweight 153600
   nautocorr 0
   total_energy { -66.73674544333591   } 
   total_energyvar { 5.230864776219972   } 
   weight { 1   } 
   weightvar { 0   } 
   kinetic_energy { 22.91344004645046   } 
   kinetic_energyvar { 76.23440877355054   } 
   potential_energy { -96.2766404050892   } 
   potential_energyvar { 95.47971526549961   } 
   nonlocal_energy { 6.626454915302837   } 
   nonlocal_energyvar { 113.1771171179208   } 
   autocorr_energy { } 
} 

block { 
   label vmc
   totweight 153600
   nautocorr 0
   total_energy { -66.75729125252013   } 
   total_energyvar { 5.293867811010588   } 
   weight { 1   } 
   weightvar { 0   } 
   kinetic_energy { 22.82271834589172   } 
   kinetic_energyvar { 79.29293827197627   } 
   potential_energy { -96.28867064864161   } 
   potential_energyvar { 95.94429561773049   } 
   nonlocal_energy { 6.708661050229773   } 
   nonlocal_energyvar { 119.3458806355247   } 
   autocorr_energy { } 
} 

block { 
   label vmc
   totweight 153600
   nautocorr 0
   total_energy { -66.75137508849943   } 
   total_energyvar { 5.169618472057971   } 
   weight { 1   } 
   weightvar { 0   } 
   kinetic_energy { 22.85142635805496   } 
   kinetic_energyvar { 79.51946227943466   } 
   potential_energy { -96.30229334723522   } 
   potential_energyvar { 95.89700881577758   } 
   nonlocal_energy { 6.699491900680828   } 
   nonlocal_energyvar { 118.8424836059472   } 
   autocorr_energy { } 
} 

block { 
   label vmc
   totweight 153600
   nautocorr 0
   total_energy { -66.74389955268553   } 
   total_energyvar { 6.277373237818938   } 
   weight { 1   } 
   weightvar { 0   } 
   kinetic_energy { 22.94058953098281   } 
   kinetic_energyvar { 79.88045650530587   } 
   potential_energy { -96.37267782990624   } 
   potential_energyvar { 95.9922113627463   } 
   nonlocal_energy { 6.688188746237885   } 
   nonlocal_energyvar { 121.1365996775183   } 
   autocorr_energy { } 
} 

block { 
   label vmc
   totweight 153600
   nautocorr 0
   total_energy { -66.75205393245275   } 
   total_energyvar { 5.346223072392891   } 
   weight { 1   } 
   weightvar { 0   } 
   kinetic_energy { 22.87225607529089   } 
   kinetic_energyvar { 78.48499637846216   } 
   potential_energy { -96.31286496554388   } 
   potential_energyvar { 96.0207567622585   } 
   nonlocal_energy { 6.688554957800232   } 
   nonlocal_energyvar { 116.2754105291203   } 
   autocorr_energy { } 
} 

block { 
   label vmc
   totweight 153600
   nautocorr 0
   total_energy { -66.74525067051201   } 
   total_energyvar { 5.297874004470191   } 
   weight { 1   } 
   weightvar { 0   } 
   kinetic_energy { 22.84601734396073   } 
   kinetic_energyvar { 78.08732500404295   } 
   potential_energy { -96.26729490195979   } 
   potential_energyvar { 96.07502639753747   } 
   nonlocal_energy { 6.676026887487041   } 
   nonlocal_energyvar { 116.9477250918078   } 
   autocorr_energy { } 
} 

block { 
   label vmc
   totweight 153600
   nautocorr 0
   total_energy { -66.75698104443507   } 
   total_energyvar { 5.202212858319585   } 
   weight { 1   } 
   weightvar { 0   } 
   kinetic_energy { 22.89539408751316   } 
   kinetic_energyvar { 78.48236711651386   } 
   potential_energy { -96.31504495924297   } 
   potential_energyvar { 95.50806356498003   } 
   nonlocal_energy { 6.662669827294744   } 
   nonlocal_energyvar { 117.4666375035359   } 
   autocorr_energy { } 
} 

block { 
   label vmc
   totweight 153600
   nautocorr 0
   total_energy { -66.74241060565582   } 
   total_energyvar { 5.546236956545795   } 
   weight { 1   } 
   weightvar { 0   } 
   kinetic_energy { 22.94510709553836   } 
   kinetic_energyvar { 76.78684453128199   } 
   potential_energy { -96.31179902500229   } 
   potential_energyvar { 96.11909858467234   } 
   nonlocal_energy { 6.624281323808102   } 
   nonlocal_energyvar { 115.2898177339924   } 
   autocorr_energy { } 
} 

block { 
   label vmc
   totweight 153600
   nautocorr 0
   total_energy { -66.73235059143964   } 
   total_energyvar { 7.3610108140557   } 
   weight { 1   } 
   weightvar { 0   } 
   kinetic_energy { 22.9064507735769   } 
   kinetic_energyvar { 78.04094483141795   } 
   potential_energy { -96.24520608941907   } 
   potential_energyvar { 95.84734531702831   } 
   nonlocal_energy { 6.606404724402536   } 
   nonlocal_energyvar { 116.6544741443237   } 
   autocorr_energy { } 
} 

block { 
   label vmc
   totweight 153600
   nautocorr 0
   total_energy { -66.7492200262497   } 
   total_energyvar { 5.642429355152779   } 
   weight { 1   } 
   weightvar { 0   } 
   kinetic_energy { 22.98023428376947   } 
   kinetic_energyvar { 78.46022488764537   } 
   potential_energy { -96.3708112273109   } 
   potential_energyvar { 95.54229490149368   } 
   nonlocal_energy { 6.641356917291735   } 
   nonlocal_energyvar { 117.8328401485431   } 
   autocorr_energy { } 
} 

block { 
   label vmc
   totweight 153600
   nautocorr 0
   total_energy { -66.74763692635398   } 
   total_energyvar { 5.637846580645947   } 
   weight { 1   } 
   weightvar { 0   } 
   kinetic_energy { 22.85320680394174   } 
   kinetic_energyvar { 78.92246647485871   } 
   potential_energy { -96.32299104237489   } 
   potential_energyvar { 96.68397292984801   } 
   nonlocal_energy { 6.722147312079174   } 
   nonlocal_energyvar { 118.6145115114057   } 
   autocorr_energy { } 
} 

block { 
   label vmc
   totweight 153600
   nautocorr 0
   total_energy { -66.73667735240114   } 
   total_energyvar { 5.254939120826863   } 
   weight { 1   } 
   weightvar { 0   } 
   kinetic_energy { 22.91301620322715   } 
   kinetic_energyvar { 78.15185184479482   } 
   potential_energy { -96.2841416263105   } 
   potential_energyvar { 95.84381079706579   } 
   nonlocal_energy { 6.6344480706822   } 
   nonlocal_energyvar { 116.0542349057573   } 
   autocorr_energy { } 
} 

block { 
   label vmc
   totweight 153600
   nautocorr 0
   total_energy { -66.72640384504149   } 
   total_energyvar { 6.078057498293439   } 
   weight { 1   } 
   weightvar { 0   } 
   kinetic_energy { 22.90970439090371   } 
   kinetic_energyvar { 78.14018336756592   } 
   potential_energy { -96.34476517211239   } 
   potential_energyvar { 97.31202997055105   } 
   nonlocal_energy { 6.708656936167196   } 
   nonlocal_energyvar { 117.2007752102449   } 
   autocorr_energy { } 
} 

block { 
   label vmc
   totweight 153600
   nautocorr 0
   total_energy { -66.74192733706899   } 
   total_energyvar { 5.344795375174121   } 
   weight { 1   } 
   weightvar { 0   } 
   kinetic_energy { 22.86171017441436   } 
   kinetic_energyvar { 78.33825934239   } 
   potential_energy { -96.28058994342197   } 
   potential_energyvar { 96.24245424779706   } 
   nonlocal_energy { 6.676952431938608   } 
   nonlocal_energyvar { 117.3794709395268   } 
   autocorr_energy { } 
} 

block { 
   label vmc
   totweight 153600
   nautocorr 0
   total_energy { -66.73924830187083   } 
   total_energyvar { 5.168027527057331   } 
   weight { 1   } 
   weightvar { 0   } 
   kinetic_energy { 22.90721894331834   } 
   kinetic_energyvar { 78.94075151194733   } 
   potential_energy { -96.30718561545237   } 
   potential_energyvar { 95.70634832275061   } 
   nonlocal_energy { 6.660718370263202   } 
   nonlocal_energyvar { 118.3492770773266   } 
   autocorr_energy { } 
} 

block { 
   label vmc
   totweight 153600
   nautocorr 0
   total_energy { -66.74900498837712   } 
   total_energyvar { 5.459668949361691   } 
   weight { 1   } 
   weightvar { 0   } 
   kinetic_energy { 22.97145389792629   } 
   kinetic_energyvar { 78.14032533609135   } 
   potential_energy { -96.33462954676304   } 
   potential_energyvar { 95.74148582354661   } 
   nonlocal_energy { 6.614170660459639   } 
   nonlocal_energyvar { 115.2338196687348   } 
   autocorr_energy { } 
} 

block { 
   label vmc
   totweight 153600
   nautocorr 0
   total_energy { -66.73863953953202   } 
   total_energyvar { 5.491578140177891   } 
   weight { 1   } 
   weightvar { 0   } 
   kinetic_energy { 22.89020510331381   } 
   kinetic_energyvar { 78.27976789526802   } 
   potential_energy { -96.24443929156155   } 
   potential_energyvar { 96.131713652729   } 
   nonlocal_energy { 6.615594648715751   } 
   nonlocal_energyvar { 117.0989227706938   } 
   autocorr_energy { } 
} 

block { 
   label vmc
   totweight 153600
   nautocorr 0
   total_energy { -66.74700078133935   } 
   total_energyvar { 5.403714195436956   } 
   weight { 1   } 
   weightvar { 0   } 
   kinetic_energy { 22.87768834775134   } 
   kinetic_energyvar { 78.40320615780502   } 
   potential_energy { -96.306636688152   } 
   potential_energyvar { 96.25266282346129   } 
   nonlocal_energy { 6.681947559061301   } 
   nonlocal_energyvar { 116.7567082508148   } 
   autocorr_energy { } 
} 

block { 
   label vmc
   totweight 153600
   nautocorr 0
   total_energy { -66.73144702062285   } 
   total_energyvar { 5.411672165741755   } 
   weight { 1   } 
   weightvar { 0   } 
   kinetic_energy { 22.80839581887177   } 
   kinetic_energyvar { 78.25619805659937   } 
   potential_energy { -96.19576960883296   } 
   potential_energyvar { 96.72332050947979   } 
   nonlocal_energy { 6.655926769338348   } 
   nonlocal_energyvar { 117.7146395398259   } 
   autocorr_energy { } 
} 

block { 
   label vmc
   totweight 153600
   nautocorr 0
   total_energy { -66.74913779652459   } 
   total_energyvar { 5.26368327179961   } 
   weight { 1   } 
   weightvar { 0   } 
   kinetic_energy { 22.89319313527785   } 
   kinetic_energyvar { 78.41967313898942   } 
   potential_energy { -96.33930687665611   } 
   potential_energyvar { 95.98775355415046   } 
   nonlocal_energy { 6.696975944853661   } 
   nonlocal_energyvar { 117.6692704941188   } 
   autocorr_energy { } 
} 

block { 
   label vmc
   totweight 153600
   nautocorr 0
   total_energy { -66.73777415021712   } 
   total_energyvar { 5.865322751199386   } 
   weight { 1   } 
   weightvar { 0   } 
   kinetic_energy { 22.91632753059709   } 
   kinetic_energyvar { 78.3803800371016   } 
   potential_energy { -96.3098315286379   } 
   potential_energyvar { 96.46445766142743   } 
   nonlocal_energy { 6.655729847823687   } 
   nonlocal_energyvar { 116.8714985488965   } 
   autocorr_energy { } 
} 

block { 
   label vmc
   totweight 153600
   nautocorr 0
   total_energy { -66.75172215254446   } 
   total_energyvar { 5.16817399169048   } 
   weight { 1   } 
   weightvar { 0   } 
   kinetic_energy { 22.92782658619724   } 
   kinetic_energyvar { 78.85238350974146   } 
   potential_energy { -96.31425050220452   } 
   potential_energyvar { 96.05191069322021   } 
   nonlocal_energy { 6.634701763462817   } 
   nonlocal_energyvar { 116.6534591735958   } 
   autocorr_energy { } 
} 

block { 
   label vmc
   totweight 153600
   nautocorr 0
   total_energy { -66.74834813743232   } 
   total_energyvar { 5.611648956675044   } 
   weight { 1   } 
   weightvar { 0   } 
   kinetic_energy { 22.88543918063084   } 
   kinetic_energyvar { 78.28326278619295   } 
   potential_energy { -96.28641609867323   } 
   potential_energyvar { 95.67979730390979   } 
   nonlocal_energy { 6.652628780610079   } 
   nonlocal_energyvar { 117.2072612823124   } 
   autocorr_energy { } 
} 

block { 
   label vmc
   totweight 153600
   nautocorr 0
   total_energy { -66.74140861228439   } 
   total_energyvar { 5.282931755115708   } 
   weight { 1   } 
   weightvar { 0   } 
   kinetic_energy { 22.91075916196145   } 
   kinetic_energyvar { 77.25314370946799   } 
   potential_energy { -96.26871744724733   } 
   potential_energyvar { 95.76092259973552   } 
   nonlocal_energy { 6.616549673001478   } 
   nonlocal_energyvar { 114.5034388250627   } 
   autocorr_energy { } 
} 

block { 
   label vmc
   totweight 153600
   nautocorr 0
   total_energy { -66.7457015435259   } 
   total_energyvar { 5.163500753778819   } 
   weight { 1   } 
   weightvar { 0   } 
   kinetic_energy { 22.89287414278295   } 
   kinetic_energyvar { 77.72779898955748   } 
   potential_energy { -96.26621340135203   } 
   potential_energyvar { 95.75139774455114   } 
   nonlocal_energy { 6.627637715043194   } 
   nonlocal_energyvar { 115.5164156476068   } 
   autocorr_energy { } 
} 

block { 
   label vmc
   totweight 153600
   nautocorr 0
   total_energy { -66.74710410774148   } 
   total_energyvar { 5.467263365665608   } 
   weight { 1   } 
   weightvar { 0   } 
   kinetic_energy { 22.89508411797733   } 
   kinetic_energyvar { 78.29532393670229   } 
   potential_energy { -96.29178137001587   } 
   potential_energyvar { 95.53913459763878   } 
   nonlocal_energy { 6.649593144297059   } 
   nonlocal_energyvar { 116.1934680959911   } 
   autocorr_energy { } 
} 

block { 
   label vmc
   totweight 153600
   nautocorr 0
   total_energy { -66.74643469132037   } 
   total_energyvar { 5.308534134482642   } 
   weight { 1   } 
   weightvar { 0   } 
   kinetic_energy { 22.88066645982878   } 
   kinetic_energyvar { 80.00394002237589   } 
   potential_energy { -96.3042241460832   } 
   potential_energyvar { 96.18258367557399   } 
   nonlocal_energy { 6.677122994934049   } 
   nonlocal_energyvar { 119.5942881168005   } 
   autocorr_energy { } 
} 

block { 
   label vmc
   totweight 153600
   nautocorr 0
   total_energy { -66.75391718456245   } 
   total_energyvar { 5.263014727211401   } 
   weight { 1   } 
   weightvar { 0   } 
   kinetic_energy { 22.919276609194   } 
   kinetic_energyvar { 79.37715195597141   } 
   potential_energy { -96.29595898275144   } 
   potential_energyvar { 96.52498561901979   } 
   nonlocal_energy { 6.622765188995008   } 
   nonlocal_energyvar { 118.5371989802013   } 
   autocorr_energy { } 
} 

block { 
   label vmc
   totweight 153600
   nautocorr 0
   total_energy { -66.74752148482186   } 
   total_energyvar { 5.874375833305614   } 
   weight { 1   } 
   weightvar { 0   } 
   kinetic_energy { 22.99420260716824   } 
   kinetic_energyvar { 77.66794774951804   } 
   potential_energy { -96.36108666758093   } 
   potential_energyvar { 96.04885611928376   } 
   nonlocal_energy { 6.619362575590838   } 
   nonlocal_energyvar { 113.7870582539692   } 
   autocorr_energy { } 
} 

block { 
   label vmc
   totweight 153600
   nautocorr 0
   total_energy { -66.74477832500251   } 
   total_energyvar { 10.01914302591756   } 
   weight { 1   } 
   weightvar { 0   } 
   kinetic_energy { 22.9171386790066   } 
   kinetic_energyvar { 78.92011114806834   } 
   potential_energy { -96.28417488796194   } 
   potential_energyvar { 98.19695814645925   } 
   nonlocal_energy { 6.622257883952816   } 
   nonlocal_energyvar { 124.3833516867437   } 
   autocorr_energy { } 
} 

block { 
   label vmc
   totweight 153600
   nautocorr 0
   total_energy { -66.74606503230362   } 
   total_energyvar { 5.25905453492141   } 
   weight { 1   } 
   weightvar { 0   } 
   kinetic_energy { 22.91671011305097   } 
   kinetic_energyvar { 77.40173364353132   } 
   potential_energy { -96.30019223804294   } 
   potential_energyvar { 95.25628897742271   } 
   nonlocal_energy { 6.637417092688351   } 
   nonlocal_energyvar { 115.1857512724343   } 
   autocorr_energy { } 
} 

block { 
   label vmc
   totweight 153600
   nautocorr 0
   total_energy { -66.74758365108477   } 
   total_energyvar { 5.379937737919168   } 
   weight { 1   } 
   weightvar { 0   } 
   kinetic_energy { 22.93807380446721   } 
   kinetic_energyvar { 76.26923268441647   } 
   potential_energy { -96.34648004443736   } 
   potential_energyvar { 96.22068063122406   } 
   nonlocal_energy { 6.660822588885384   } 
   nonlocal_energyvar { 114.4235838572796   } 
   autocorr_energy { } 
} 

block { 
   label vmc
   totweight 153600
   nautocorr 0
   total_energy { -66.73421713259125   } 
   total_energyvar { 5.310411596352945   } 
   weight { 1   } 
   weightvar { 0   } 
   kinetic_energy { 22.90925094488363   } 
   kinetic_energyvar { 79.39271704782696   } 
   potential_energy { -96.30708698624626   } 
   potential_energyvar { 96.31392498106669   } 
   nonlocal_energy { 6.663618908771379   } 
   nonlocal_energyvar { 117.7281395407031   } 
   autocorr_energy { } 
} 

block { 
   label vmc
   totweight 153600
   nautocorr 0
   total_energy { -66.75228023564739   } 
   total_energyvar { 5.162231430284145   } 
   weight { 1   } 
   weightvar { 0   } 
   kinetic_energy { 22.84975931827534   } 
   kinetic_energyvar { 78.74246997335503   } 
   potential_energy { -96.2862508815538   } 
   potential_energyvar { 95.59853418435095   } 
   nonlocal_energy { 6.684211327631067   } 
   nonlocal_energyvar { 118.2565314389532   } 
   autocorr_energy { } 
} 

block { 
   label vmc
   totweight 153600
   nautocorr 0
   total_energy { -66.75123786937291   } 
   total_energyvar { 5.337030508059041   } 
   weight { 1   } 
   weightvar { 0   } 
   kinetic_energy { 22.92851691950885   } 
   kinetic_energyvar { 78.37557845213041   } 
   potential_energy { -96.31039421243825   } 
   potential_energyvar { 96.00184294061894   } 
   nonlocal_energy { 6.630639423556496   } 
   nonlocal_energyvar { 115.7889871354589   } 
   autocorr_energy { } 
} 

block { 
   label vmc
   totweight 153600
   nautocorr 0
   total_energy { -66.73941711677348   } 
   total_energyvar { 5.398991776084172   } 
   weight { 1   } 
   weightvar { 0   } 
   kinetic_energy { 22.87681414768145   } 
   kinetic_energyvar { 79.24946816696428   } 
   potential_energy { -96.34116895689971   } 
   potential_energyvar { 95.72020938897161   } 
   nonlocal_energy { 6.724937692444771   } 
   nonlocal_energyvar { 119.3972200073206   } 
   autocorr_energy { } 
} 

block { 
   label vmc
   totweight 153600
   nautocorr 0
   total_energy { -66.74780334013772   } 
   total_energyvar { 5.152735116780772   } 
   weight { 1   } 
   weightvar { 0   } 
   kinetic_energy { 22.89073518273014   } 
   kinetic_energyvar { 79.50049883901393   } 
   potential_energy { -96.33670658183233   } 
   potential_energyvar { 95.68856441237462   } 
   nonlocal_energy { 6.698168058964464   } 
   nonlocal_energyvar { 119.1639495568208   } 
   autocorr_energy { } 
} 

block { 
   label vmc
   totweight 153600
   nautocorr 0
   total_energy { -66.73534868397934   } 
   total_energyvar { 5.219445027332227   } 
   weight { 1   } 
   weightvar { 0   } 
   kinetic_energy { 22.88824582571309   } 
   kinetic_energyvar { 79.42203384728586   } 
   potential_energy { -96.29080693775509   } 
   potential_energyvar { 95.96893373937634   } 
   nonlocal_energy { 6.667212428062664   } 
   nonlocal_energyvar { 118.537641171863   } 
   autocorr_energy { } 
} 

block { 
   label vmc
   totweight 153600
   nautocorr 0
   total_energy { -66.74347252717004   } 
   total_energyvar { 5.060503645695145   } 
   weight { 1   } 
   weightvar { 0   } 
   kinetic_energy { 22.95463377325979   } 
   kinetic_energyvar { 77.74912115982835   } 
   potential_energy { -96.30916241540118   } 
   potential_energyvar { 95.82485437280691   } 
   nonlocal_energy { 6.611056114971353   } 
   nonlocal_energyvar { 114.3345314015625   } 
   autocorr_energy { } 
} 

block { 
   label vmc
   totweight 153600
   nautocorr 0
   total_energy { -66.76009883429532   } 
   total_energyvar { 5.21337418991064   } 
   weight { 1   } 
   weightvar { 0   } 
   kinetic_energy { 22.85193905622488   } 
   kinetic_energyvar { 78.32631383219204   } 
   potential_energy { -96.32688968526124   } 
   potential_energyvar { 95.88746587724039   } 
   nonlocal_energy { 6.714851794741032   } 
   nonlocal_energyvar { 116.9908607958194   } 
   autocorr_energy { } 
} 

block { 
   label vmc
   totweight 153600
   nautocorr 0
   total_energy { -66.74735304251263   } 
   total_energyvar { 5.270810026938448   } 
   weight { 1   } 
   weightvar { 0   } 
   kinetic_energy { 22.94217156128105   } 
   kinetic_energyvar { 77.50435902348512   } 
   potential_energy { -96.26798880418374   } 
   potential_energyvar { 94.82864482185265   } 
   nonlocal_energy { 6.57846420039006   } 
   nonlocal_energyvar { 114.1251236874132   } 
   autocorr_energy { } 
} 

block { 
   label vmc
   totweight 153600
   nautocorr 0
   total_energy { -66.75046722704548   } 
   total_energyvar { 5.31831797643842   } 
   weight { 1   } 
   weightvar { 0   } 
   kinetic_energy { 22.87646672520777   } 
   kinetic_energyvar { 78.42559552996791   } 
   potential_energy { -96.27135153569324   } 
   potential_energyvar { 95.13115751945058   } 
   nonlocal_energy { 6.644417583439987   } 
   nonlocal_energyvar { 115.8972719636947   } 
   autocorr_energy { } 
} 

block { 
   label vmc
   totweight 153600
   nautocorr 0
   total_energy { -66.73090456117494   } 
   total_energyvar { 5.324759357797832   } 
   weight { 1   } 
   weightvar { 0   } 
   kinetic_energy { 22.85727824858346   } 
   kinetic_energyvar { 78.2660219978932   } 
   potential_energy { -96.23333614280503   } 
   potential_energyvar { 95.76907690785417   } 
   nonlocal_energy { 6.64515333304663   } 
   nonlocal_energyvar { 116.6806036150415   } 
   autocorr_energy { } 
} 

block { 
   label vmc
   totweight 153600
   nautocorr 0
   total_energy { -66.74914452008485   } 
   total_energyvar { 5.456681070912078   } 
   weight { 1   } 
   weightvar { 0   } 
   kinetic_energy { 22.89724908409793   } 
   kinetic_energyvar { 79.99350710833312   } 
   potential_energy { -96.32207980472651   } 
   potential_energyvar { 96.48221878422771   } 
   nonlocal_energy { 6.675686200543719   } 
   nonlocal_energyvar { 119.4231750929551   } 
   autocorr_energy { } 
} 

block { 
   label vmc
   totweight 153600
   nautocorr 0
   total_energy { -66.75345264020322   } 
   total_energyvar { 5.057656883920674   } 
   weight { 1   } 
   weightvar { 0   } 
   kinetic_energy { 22.9231926732183   } 
   kinetic_energyvar { 77.28168924670311   } 
   potential_energy { -96.32625297365392   } 
   potential_energyvar { 96.17617496281349   } 
   nonlocal_energy { 6.649607660232394   } 
   nonlocal_energyvar { 115.2501336670742   } 
   autocorr_energy { } 
} 

block { 
   label vmc
   totweight 153600
   nautocorr 0
   total_energy { -66.7464059794043   } 
   total_energyvar { 5.149224427222867   } 
   weight { 1   } 
   weightvar { 0   } 
   kinetic_energy { 22.88608853199777   } 
   kinetic_energyvar { 77.43638028591538   } 
   potential_energy { -96.31605372566013   } 
   potential_energyvar { 95.88121384315735   } 
   nonlocal_energy { 6.683559214258064   } 
   nonlocal_energyvar { 116.6624731777739   } 
   autocorr_energy { } 
} 

block { 
   label vmc
   totweight 153600
   nautocorr 0
   total_energy { -66.74410520993898   } 
   total_energyvar { 5.170254910172789   } 
   weight { 1   } 
   weightvar { 0   } 
   kinetic_energy { 22.96000956123721   } 
   kinetic_energyvar { 77.93420685120459   } 
   potential_energy { -96.33115138170763   } 
   potential_energyvar { 95.86463915054532   } 
   nonlocal_energy { 6.62703661053143   } 
   nonlocal_energyvar { 115.2262885911584   } 
   autocorr_energy { } 
} 

block { 
   label vmc
   totweight 153600
   nautocorr 0
   total_energy { -66.74992398339836   } 
   total_energyvar { 5.411658855327325   } 
   weight { 1   } 
   weightvar { 0   } 
   kinetic_energy { 22.88977579079164   } 
   kinetic_energyvar { 79.21111414313883   } 
   potential_energy { -96.26887972632261   } 
   potential_energyvar { 96.18475318815972   } 
   nonlocal_energy { 6.629179952132624   } 
   nonlocal_energyvar { 116.791496597714   } 
   autocorr_energy { } 
} 

block { 
   label vmc
   totweight 153600
   nautocorr 0
   total_energy { -66.74840904473947   } 
   total_energyvar { 5.587564272988708   } 
   weight { 1   } 
   weightvar { 0   } 
   kinetic_energy { 22.84344471860586   } 
   kinetic_energyvar { 79.12835553690722   } 
   potential_energy { -96.25275098545399   } 
   potential_energyvar { 96.16081556853047   } 
   nonlocal_energy { 6.660897222108631   } 
   nonlocal_energyvar { 117.1538606373107   } 
   autocorr_energy { } 
} 

block { 
   label vmc
   totweight 153600
   nautocorr 0
   total_energy { -66.75805959153506   } 
   total_energyvar { 5.485711773076457   } 
   weight { 1   } 
   weightvar { 0   } 
   kinetic_energy { 22.89822568845723   } 
   kinetic_energyvar { 77.13604271528195   } 
   potential_energy { -96.3256466150238   } 
   potential_energyvar { 95.99151450914086   } 
   nonlocal_energy { 6.669361335031487   } 
   nonlocal_energyvar { 114.7469623056529   } 
   autocorr_energy { } 
} 

block { 
   label vmc
   totweight 153600
   nautocorr 0
   total_energy { -66.73338977240155   } 
   total_energyvar { 8.324035379543922   } 
   weight { 1   } 
   weightvar { 0   } 
   kinetic_energy { 22.90690757694429   } 
   kinetic_energyvar { 79.82796572847934   } 
   potential_energy { -96.34129692109883   } 
   potential_energyvar { 96.92064362843158   } 
   nonlocal_energy { 6.700999571752991   } 
   nonlocal_energyvar { 121.2446118136296   } 
   autocorr_energy { } 
} 

block { 
   label vmc
   totweight 153600
   nautocorr 0
   total_energy { -66.74699456136787   } 
   total_energyvar { 5.280053825393277   } 
   weight { 1   } 
   weightvar { 0   } 
   kinetic_energy { 22.95110740614155   } 
   kinetic_energyvar { 76.62215288122766   } 
   potential_energy { -96.28210899011405   } 
   potential_energyvar { 95.41510580759632   } 
   nonlocal_energy { 6.58400702260463   } 
   nonlocal_energyvar { 112.6477765225373   } 
   autocorr_energy { } 
} 

block { 
   label vmc
   totweight 153600
   nautocorr 0
   total_energy { -66.74673435135726   } 
   total_energyvar { 5.15419546187897   } 
   weight { 1   } 
   weightvar { 0   } 
   kinetic_energy { 22.93515853928866   } 
   kinetic_energyvar { 77.11357268291691   } 
   potential_energy { -96.31782759385358   } 
   potential_energyvar { 94.89357804582951   } 
   nonlocal_energy { 6.635934703207658   } 
   nonlocal_energyvar { 114.6792300425322   } 
   autocorr_energy { } 
} 

block { 
   label vmc
   totweight 153600
   nautocorr 0
   total_energy { -66.73816144497731   } 
   total_energyvar { 5.316383886041741   } 
   weight { 1   } 
   weightvar { 0   } 
   kinetic_energy { 22.9347691185598   } 
   kinetic_energyvar { 76.93447895114008   } 
   potential_energy { -96.30757334560496   } 
   potential_energyvar { 95.95220419736026   } 
   nonlocal_energy { 6.634642782067864   } 
   nonlocal_energyvar { 113.0702335238841   } 
   autocorr_energy { } 
} 

block { 
   label vmc
   totweight 153600
   nautocorr 0
   total_energy { -66.75325002431947   } 
   total_energyvar { 5.215161827082425   } 
   weight { 1   } 
   weightvar { 0   } 
   kinetic_energy { 22.88610519555201   } 
   kinetic_energyvar { 77.38781553092937   } 
   potential_energy { -96.30287596469931   } 
   potential_energyvar { 95.3901243127498   } 
   nonlocal_energy { 6.663520744827848   } 
   nonlocal_energyvar { 115.3393475046168   } 
   autocorr_energy { } 
} 

block { 
   label vmc
   totweight 153600
   nautocorr 0
   total_energy { -66.7561856817353   } 
   total_energyvar { 5.218904250965129   } 
   weight { 1   } 
   weightvar { 0   } 
   kinetic_energy { 22.89063465744359   } 
   kinetic_energyvar { 77.24854237075819   } 
   potential_energy { -96.24979274149045   } 
   potential_energyvar { 95.68869195523064   } 
   nonlocal_energy { 6.602972402311567   } 
   nonlocal_energyvar { 113.7745283809702   } 
   autocorr_energy { } 
} 

block { 
   label vmc
   totweight 153600
   nautocorr 0
   total_energy { -66.73843724449915   } 
   total_energyvar { 5.666689860665906   } 
   weight { 1   } 
   weightvar { 0   } 
   kinetic_energy { 22.89444375597706   } 
   kinetic_energyvar { 76.69193533070244   } 
   potential_energy { -96.2424871190838   } 
   potential_energyvar { 96.35345329036817   } 
   nonlocal_energy { 6.609606118607592   } 
   nonlocal_energyvar { 113.2117542335703   } 
   autocorr_energy { } 
} 

block { 
   label vmc
   totweight 153600
   nautocorr 0
   total_energy { -66.74420699280714   } 
   total_energyvar { 5.291586687433274   } 
   weight { 1   } 
   weightvar { 0   } 
   kinetic_energy { 22.91544409748783   } 
   kinetic_energyvar { 77.22941769150613   } 
   potential_energy { -96.29267772037434   } 
   potential_energyvar { 95.61618613168498   } 
   nonlocal_energy { 6.633026630079379   } 
   nonlocal_energyvar { 114.2424378493169   } 
   autocorr_energy { } 
} 

block { 
   label vmc
   totweight 153600
   nautocorr 0
   total_energy { -66.73897466865468   } 
   total_energyvar { 5.483885481450208   } 
   weight { 1   } 
   weightvar { 0   } 
   kinetic_energy { 22.96236467197746   } 
   kinetic_energyvar { 77.01581597055009   } 
   potential_energy { -96.27709780764395   } 
   potential_energyvar { 96.2022887388771   } 
   nonlocal_energy { 6.575758467011806   } 
   nonlocal_energyvar { 113.6176584780999   } 
   autocorr_energy { } 
} 

block { 
   label vmc
   totweight 153600
   nautocorr 0
   total_energy { -66.7584629182941   } 
   total_energyvar { 5.071972368014026   } 
   weight { 1   } 
   weightvar { 0   } 
   kinetic_energy { 22.87062071808673   } 
   kinetic_energyvar { 79.56069824506872   } 
   potential_energy { -96.37568182567101   } 
   potential_energyvar { 95.47384667335348   } 
   nonlocal_energy { 6.746598189290161   } 
   nonlocal_energyvar { 119.6829667107957   } 
   autocorr_energy { } 
} 

