
 Primary working directories    : /global/cscratch1/sd/gwang18
 Secondary working directories  : /global/cscratch1/sd/gwang18
 Wavefunction directory         : /global/homes/g/gwang18/wfu/
 Main file repository           : /global/cscratch1/sd/gwang18/

 SHA1      : 19cd028119e0e09f93f0674bd8af7968d9b3eff6
 NAME      : 2015.1.36
 ARCHNAME  : linux/x86_64
 FC        : /opt/cray/pe/craype/2.5.14/bin/ftn
 BLASLIB   : -L/opt/intel/compilers_and_libraries_2018.1.163/linux/mkl/lib/intel64 -Wl,-_start-group -lmkl_intel_ilp64 -lmkl_intel_thread -lmkl_core -Wl,-_end-group -liomp5
 id        : lbl

 Nodes     nprocs
 nid00910    15
 Number of processes for MPI-2 version of Molpro:   nprocs(total)=   16   nprocs(compute)=   15   nprocs(helper)=    1

 Using customized tuning parameters: mindgm=7; mindgv=16; mindgc=1; mindgr=1; noblas=0; minvec=7
 default implementation of scratch files=sf  

 ***,Te
 memory,512,m
 
 gthresh,twoint=1.e-12
 gprint,basis,orbitals
 
 angstrom
 geometry={
 1                                                                               ! Number of atoms
 Te 0.0 0.0 0.0
 }
 
                                                                                 !!! Tenitial guesses from BFD
 s_par=[0.047406, 3.0000]
 p_par=[0.088978, 3.0000]
 d_par=[0.269408, 3.0000]
 
 proc opt_basis
 
                                                                                 !Calculate the exponents
 N=1                                                                             ! Adjust to get enough exponents
 do i=1,N
 s_exp(i)=s_par(1)*s_par(2)^(i-1)
 p_exp(i)=p_par(1)*p_par(2)^(i-1)
 d_exp(i)=d_par(1)*d_par(2)^(i-1)
 enddo
 
 basis={
 Including file /global/u2/g/gwang18/projects/cc-so-ecp/te/basis/cc_dz/ecp.molpro
 Including file /global/u2/g/gwang18/projects/cc-so-ecp/te/basis/cc_dz/basis.molpro
 
 s,Te,s_exp(1)
 p,Te,p_exp(1)
 d,Te,d_exp(1)
 
 }
 
 {rhf
  start,atden
  wf,6,4,2
  occ,1,1,1,0,1,0,0,0
  closed,1,0,0,0,1,0,0,0
  orbital,4202.2
 }
 pop
 {multi
  start,4202.2
  occ,1,1,1,0,1,0,0,0
  closed,1,0,0,0,0,0,0,0
  wf,6,4,2;state,1
  wf,6,6,2;state,1
  wf,6,7,2;state,1
  natorb,ci,print
  orbital,5202.2
 }
 {rhf,nitord=1,maxit=0
  start,5202.2
  wf,6,4,2
  occ,1,1,1,0,1,0,0,0
  closed,1,0,0,0,1,0,0,0
  print,orbitals=2
 }
 data,rename,4202.2,4302.2
 data,rename,5202.2,5302.2
 
 {uccsd(t);maxit,100;core}
 eval=energy
 
 endproc
 
 {minimize,eval,s_par(1),p_par(1),d_par(1)
 method,bfgs,proc=opt_basis,thresh=5e-5,vstep=1e-3
 maxit,100}
 

 Variables initialized (889), CPU time= 0.01 sec
 Commands  initialized (702), CPU time= 0.01 sec, 572 directives.
 Default parameters read. Elapsed time= 0.16 sec

 Checking input...
 Passed
1


                                         ***  PROGRAM SYSTEM MOLPRO  ***
                                       Copyright, TTI GmbH Stuttgart, 2015
                                    Version 2015.1 linked Dec 29 2018 15:55:43


 **********************************************************************************************************************************
 LABEL *   Te                                                                            
  64 bit mpp version                                                                     DATE: 16-Dec-21          TIME: 13:40:53  
 **********************************************************************************************************************************

 SHA1:             19cd028119e0e09f93f0674bd8af7968d9b3eff6
 **********************************************************************************************************************************

 THRESHOLDS:

 ZERO    =  1.00D-12  ONEINT  =  1.00D-12  TWOINT  =  1.00D-12  PREFAC  =  1.00D-14  LOCALI  =  1.00D-09  EORDER  =  1.00D-04
 ENERGY  =  0.00D+00  ETEST   =  0.00D+00  EDENS   =  0.00D+00  THRDEDEF=  1.00D-06  GRADIENT=  1.00D-02  STEP    =  1.00D-03
 ORBITAL =  1.00D-05  CIVEC   =  1.00D-05  COEFF   =  1.00D-04  PRINTCI =  5.00D-02  PUNCHCI =  9.90D+01  OPTGRAD =  3.00D-04
 OPTENERG=  1.00D-06  OPTSTEP =  3.00D-04  THRGRAD =  1.00D-10  COMPRESS=  1.00D-11  VARMIN  =  1.00D-07  VARMAX  =  1.00D-03
 THRDOUB =  0.00D+00  THRDIV  =  1.00D-05  THRRED  =  1.00D-07  THRPSP  =  1.00D+00  THRDC   =  1.00D-10  THRCS   =  1.00D-10
 THRNRM  =  1.00D-08  THREQ   =  0.00D+00  THRDE   =  1.00D+00  THRREF  =  1.00D-05  SPARFAC =  1.00D+00  THRDLP  =  1.00D-07
 THRDIA  =  1.00D-10  THRDLS  =  1.00D-07  THRGPS  =  0.00D+00  THRKEX  =  0.00D+00  THRDIS  =  2.00D-01  THRVAR  =  1.00D-10
 THRLOC  =  1.00D-06  THRGAP  =  1.00D-06  THRLOCT = -1.00D+00  THRGAPT = -1.00D+00  THRORB  =  1.00D-06  THRMLTP =  0.00D+00
 THRCPQCI=  1.00D-10  KEXTA   =  0.00D+00  THRCOARS=  0.00D+00  SYMTOL  =  1.00D-06  GRADTOL =  1.00D-06  THROVL  =  1.00D-08
 THRORTH =  1.00D-08  GRID    =  1.00D-06  GRIDMAX =  1.00D-03  DTMAX   =  0.00D+00  THROCCDE=  1.00D-01  THROCCDE=  1.00D-01



 ZUNIT=ANG
 

Geometry recognized as XYZ

 SETTING S_PAR(1)       =         0.04740600                                  
 SETTING S_PAR(2)       =         3.00000000                                  
 SETTING P_PAR(1)       =         0.08897800                                  
 SETTING P_PAR(2)       =         3.00000000                                  
 SETTING D_PAR(1)       =         0.26940800                                  
 SETTING D_PAR(2)       =         3.00000000                                  

 Variable memory set to  512000000 words,  buffer space   230000 words



 PROGRAM * MINIMIZE (General minimization)     Authors: H.-J. Werner, P.J. Knowles, K.A. Peterson

 Minimize EVAL with respect to:        S_PAR(1)  P_PAR(1)  D_PAR(1)  
 Method BFGS will be used
 Variables are optimized in the space of (x/x0)


 Minimization using procedure=OPT_BASIS

 *** Long output written to logfile /global/u2/g/gwang18/projects/cc-so-ecp/te/basis/cc_dz/atom.log ***


 BFGS update of inverse hessian 

 PROGRAM * MINIMIZE (General minimization)     Authors: H.-J. Werner, P.J. Knowles, K.A. Peterson


 Results for BFGS iteration    1       Current function value  =         -8.080776016
                                     Previous function value =          0.000000000
 Current variables and gradients:
 BFGS       S_PAR(1)                  0.047406       -0.0006991
 BFGS       P_PAR(1)                  0.088978        0.0102826
 BFGS       D_PAR(1)                  0.269408        0.0191786

 BFGS update of inverse hessian 

 Results for BFGS iteration    2       Current function value  =         -8.082577394
                                     Previous function value =         -8.080776016
 Current variables and gradients:
 BFGS       S_PAR(1)                  0.047726       -0.0005937
 BFGS       P_PAR(1)                  0.080152        0.0034569
 BFGS       D_PAR(1)                  0.232288       -0.0048085

 BFGS update of inverse hessian 

 Results for BFGS iteration    3       Current function value  =         -8.082711550
                                     Previous function value =         -8.082577394
 Current variables and gradients:
 BFGS       S_PAR(1)                  0.048004       -0.0005344
 BFGS       P_PAR(1)                  0.076770        0.0006777
 BFGS       D_PAR(1)                  0.238755        0.0004109

 BFGS update of inverse hessian 

 Results for BFGS iteration    4       Current function value  =         -8.082718503
                                     Previous function value =         -8.082711550
 Current variables and gradients:
 BFGS       S_PAR(1)                  0.048302       -0.0004973
 BFGS       P_PAR(1)                  0.075814       -0.0000715
 BFGS       D_PAR(1)                  0.238177        0.0000240

 BFGS update of inverse hessian 

 Results for BFGS iteration    5       Current function value  =         -8.082721951
                                     Previous function value =         -8.082718503
 Current variables and gradients:
 BFGS       S_PAR(1)                  0.048685       -0.0004592
 BFGS       P_PAR(1)                  0.075589       -0.0002536
 BFGS       D_PAR(1)                  0.238040       -0.0000685

 BFGS update of inverse hessian 

 Results for BFGS iteration    6       Current function value  =         -8.082736574
                                     Previous function value =         -8.082721951
 Current variables and gradients:
 BFGS       S_PAR(1)                  0.051069       -0.0002334
 BFGS       P_PAR(1)                  0.075100       -0.0006738
 BFGS       D_PAR(1)                  0.237704       -0.0002991

 BFGS update of inverse hessian 

 Results for BFGS iteration    7       Current function value  =         -8.082744071
                                     Previous function value =         -8.082736574
 Current variables and gradients:
 BFGS       S_PAR(1)                  0.052919       -0.0000667
 BFGS       P_PAR(1)                  0.075331       -0.0005262
 BFGS       D_PAR(1)                  0.237793       -0.0002472

 BFGS update of inverse hessian 

 Results for BFGS iteration    8       Current function value  =         -8.082746682
                                     Previous function value =         -8.082744071
 Current variables and gradients:
 BFGS       S_PAR(1)                  0.053820        0.0000098
 BFGS       P_PAR(1)                  0.075832       -0.0001531
 BFGS       D_PAR(1)                  0.238058       -0.0000744

 BFGS update of inverse hessian 

 Results for BFGS iteration    9       Current function value  =         -8.082746868
                                     Previous function value =         -8.082746682
 Current variables and gradients:
 BFGS       S_PAR(1)                  0.053793        0.0000058
 BFGS       P_PAR(1)                  0.076006       -0.0000177
 BFGS       D_PAR(1)                  0.238157       -0.0000087

 PROGRAM * MINIMIZE (General minimization)     Authors: H.-J. Werner, P.J. Knowles, K.A. Peterson


 Minimization of EVAL using the BFGS method has converged after    9 iterations


 Running procedure=OPT_BASIS
 SETTING N              =         1.00000000                                  

 DO I                   =         1.00000000   
 SETTING S_EXP(1)       =         0.05379270                                  
 SETTING P_EXP(1)       =         0.07600608                                  
 SETTING D_EXP(1)       =         0.23815666                                  
 SETTING BASIS          =    USERDEF


 Current variables in basis input:

 Set= 1  S_EXP(1)            =       0.05379270
 Set= 1  P_EXP(1)            =       0.07600608
 Set= 1  D_EXP(1)            =       0.23815666

 Recomputing integrals since basis changed


 Using spherical harmonics



 PROGRAM * SEWARD (Integral evaluation for generally contracted gaussian basis sets)     Author: Roland Lindh, 1990

 Geometry written to block  1 of record 700

 Orientation using atomic masses  
 Molecule type: Atom
 Symmetry elements: X,Y,Z
 Rotational constants:       0.0000000      0.0000000      0.0000000 GHz  (calculated with average atomic masses)

 Point group  D2h 



 ATOMIC COORDINATES

 NR  ATOM    CHARGE       X              Y              Z

   1  TE      6.00    0.000000000    0.000000000    0.000000000


          TE  CORE POTENTIAL

          f POTENTIAL

 POWERS             1              3              2
 EXPONENTIALS   12.00000       12.00000       12.00000    
 COEFFICIENTS   6.000000       72.00000      -50.50513    

          s - f POTENTIAL

 POWERS             2              2
 EXPONENTIALS   2.656483       2.281974    
 COEFFICIENTS   48.28056      -1.021525    

          p - f POTENTIAL

 POWERS             2              2              2              2
 EXPONENTIALS   2.946988       2.790001       1.750168       1.909579    
 COEFFICIENTS   39.65602       79.54483      -2.600491      -2.728455    

          d - f POTENTIAL

 POWERS             2              2
 EXPONENTIALS   1.107233       1.084059    
 COEFFICIENTS   6.846462       9.411814    


 BASIS DATA

   Nr Sym  Nuc  Type         Exponents   Contraction coefficients

    1.1 Ag    1  1s          61.221383     0.000095
                             29.235423    -0.000554
                             13.960971     0.003321
                              6.666868    -0.022845
                              3.183670     0.181678
                              1.520318    -0.486331
                              0.726007    -0.123985
                              0.346694     0.540846
                              0.165559     0.576067
                              0.079060     0.181822
    2.1 Ag    1  1s           0.053793     1.000000
    3.1 Ag    1  3d0          0.238157     1.000000
    4.1 Ag    1  3d2+         0.238157     1.000000
    1.2 B3u   1  2px         32.189072    -0.000331
                             15.412922     0.002152
                              7.380087    -0.013183
                              3.533768     0.077631
                              1.692055    -0.217605
                              0.810198    -0.015684
                              0.387943     0.319583
                              0.185757     0.473258
                              0.088945     0.308320
                              0.042589     0.065951
    2.2 B3u   1  2px          0.076006     1.000000
    1.3 B2u   1  2py         32.189072    -0.000331
                             15.412922     0.002152
                              7.380087    -0.013183
                              3.533768     0.077631
                              1.692055    -0.217605
                              0.810198    -0.015684
                              0.387943     0.319583
                              0.185757     0.473258
                              0.088945     0.308320
                              0.042589     0.065951
    2.3 B2u   1  2py          0.076006     1.000000
    1.4 B1g   1  3d2-         0.238157     1.000000
    1.5 B1u   1  2pz         32.189072    -0.000331
                             15.412922     0.002152
                              7.380087    -0.013183
                              3.533768     0.077631
                              1.692055    -0.217605
                              0.810198    -0.015684
                              0.387943     0.319583
                              0.185757     0.473258
                              0.088945     0.308320
                              0.042589     0.065951
    2.5 B1u   1  2pz          0.076006     1.000000
    1.6 B2g   1  3d1+         0.238157     1.000000
    1.7 B3g   1  3d1-         0.238157     1.000000

 NUCLEAR CHARGE:                    6
 NUMBER OF PRIMITIVE AOS:          50
 NUMBER OF SYMMETRY AOS:           49
 NUMBER OF CONTRACTIONS:           13   (   4Ag  +   2B3u +   2B2u +   1B1g +   2B1u +   1B2g +   1B3g +   0Au  )
 NUMBER OF CORE ORBITALS:           0   (   0Ag  +   0B3u +   0B2u +   0B1g +   0B1u +   0B2g +   0B3g +   0Au  )
 NUMBER OF VALENCE ORBITALS:        4   (   1Ag  +   1B3u +   1B2u +   0B1g +   1B1u +   0B2g +   0B3g +   0Au  )


 NUCLEAR REPULSION ENERGY    0.00000000


 Maximum number of basis and dump records reached. Truncating dump files before previous basis set!

 EXTRA SYMMETRY OF AOS IN SYMMETRY 1:   1 1 2 3

 Eigenvalues of metric

         1 0.188E+00 0.100E+01 0.100E+01 0.181E+01
         2 0.136E+00 0.186E+01
         3 0.136E+00 0.186E+01
         4 0.100E+01
         5 0.136E+00 0.186E+01
         6 0.100E+01
         7 0.100E+01


 Contracted 2-electron integrals neglected if value below      1.0D-12
 AO integral compression algorithm  1   Integral accuracy      1.0D-12

     3.932 MB (compressed) written to integral file (100.0%)

     Node minimum: 0.262 MB, node maximum: 0.262 MB


 NUMBER OF SORTED TWO-ELECTRON INTEGRALS:        108.     BUFFER LENGTH:  32768
 NUMBER OF SEGMENTS:   1  SEGMENT LENGTH:        108      RECORD LENGTH: 524288

 Memory used in sort:       0.56 MW

 SORT1 READ        1437. AND WROTE         105. INTEGRALS IN      1 RECORDS. CPU TIME:     0.01 SEC, REAL TIME:     0.08 SEC
 SORT2 READ         731. AND WROTE         799. INTEGRALS IN     15 RECORDS. CPU TIME:     0.00 SEC, REAL TIME:     0.05 SEC

 Node minimum:           0.  Node maximum:         382. integrals

 OPERATOR DM      FOR CENTER  0  COORDINATES:    0.000000    0.000000    0.000000


 **********************************************************************************************************************************
 DATASETS  * FILE   NREC   LENGTH (MB)   RECORD NAMES
              1      19       19.86       500      610      700      900      950      970     1029      129      960     1100   
                                          VAR    BASINP    GEOM    SYMINP    ZMAT    AOBASIS   BASIS     P2S    ABASIS      S 
                                         1400     1410     1420     1200     1210     1080     1600     1650     1700   
                                           T        V       ECP      H0       H01     AOSYM     SMH    MOLCAS    OPER   

              2     120      217.78       200      700     1000      520     4302     5302     2101     1001     4302     5302   
                                        OPTIONS   GEOM     BASIS   MCVARS     RHF     MCSCF     RHF     BASIS     RHF     MCSCF   
                                         2102     1002     4302     5302     2103     1003     4302     5302     2104     1004   
                                          RHF     BASIS     RHF     MCSCF     RHF     BASIS     RHF     MCSCF     RHF     BASIS   
                                         4302     5302     2105     1005     4302     5302     2106     1006     4302     5302   
                                          RHF     MCSCF     RHF     BASIS     RHF     MCSCF     RHF     BASIS     RHF     MCSCF   
                                         2107     1007     4302     5302     2108     1008     4302     5302     2109     1009   
                                          RHF     BASIS     RHF     MCSCF     RHF     BASIS     RHF     MCSCF     RHF     BASIS   
                                         4302     5302     2110     1010     4302     5302     2111     1011     4302     5302   
                                          RHF     MCSCF     RHF     BASIS     RHF     MCSCF     RHF     BASIS     RHF     MCSCF   
                                         2112     1012     4302     5302     2113     1013     4302     5302     2114     1014   
                                          RHF     BASIS     RHF     MCSCF     RHF     BASIS     RHF     MCSCF     RHF     BASIS   
                                         4302     5302     2115     1015     4302     5302     2116     1016     4302     5302   
                                          RHF     MCSCF     RHF     BASIS     RHF     MCSCF     RHF     BASIS     RHF     MCSCF   
                                         2117     1017     4302     5302     2118     1018     4302     5302     2119     1019   
                                          RHF     BASIS     RHF     MCSCF     RHF     BASIS     RHF     MCSCF     RHF     BASIS   
                                         4302     5302     2120     1020     4302     5302     2121     1021     4302     5302   
                                          RHF     MCSCF     RHF     BASIS     RHF     MCSCF     RHF     BASIS     RHF     MCSCF   
                                         2122     1022     4302     5302     2123     1023     4302     5302     2124     1024   
                                          RHF     BASIS     RHF     MCSCF     RHF     BASIS     RHF     MCSCF     RHF     BASIS   
                                         4302     5302     2125     1025     4302     5302     2126     1026     4302     5302   
                                          RHF     MCSCF     RHF     BASIS     RHF     MCSCF     RHF     BASIS     RHF     MCSCF   
                                         2127     1027     4302     5302     2128     1028     4302     5302     2129     1029   
                                          RHF     BASIS     RHF     MCSCF     RHF     BASIS     RHF     MCSCF     RHF     BASIS   

 PROGRAMS   *        TOTAL       INT  UCCSD(T)      DATA      DATA       RHF     MULTI       POP       RHF       INT  UCCSD(T)
 CPU TIMES  *        85.74      0.62      0.26      0.00      0.00      0.12      0.23      0.00      0.03      0.68      0.10
 REAL TIME  *       272.49 SEC
 DISK USED  *         3.73 GB      
 SF USED    *         8.92 MB      
 GA USED    *         0.00 MB       (max)       0.00 MB       (current)
 **********************************************************************************************************************************


 PROGRAM * RHF-SCF (OPEN SHELL)       Authors: W. Meyer, H.-J. Werner


 NUMBER OF ELECTRONS:       4+    2-    SPACE SYMMETRY=4    SPIN SYMMETRY: Triplet 
 CONVERGENCE THRESHOLDS:    1.00E-05 (Density)    1.00E-07 (Energy)
 MAX. NUMBER OF ITERATIONS:       60
 INTERPOLATION TYPE:            DIIS
 INTERPOLATION STEPS:              2 (START)      1 (STEP)
 LEVEL SHIFTS:                 -0.60 (CLOSED) -0.30 (OPEN) 

 Number of closed-shell orbitals:    2 (   1   0   0   0   1   0   0 )
 Number of open-shell orbitals:      2 (   0   1   1   0   0   0   0 )



   Atom=TE basis=ECP46MDF_GUESS    lmin=0  lmax=1

 Orbital guess generated from atomic densities. Full valence occupancy:    1   1   1   0   1   0   0   0


 Molecular orbital dump at record        4202.2

 ITERATION    DDIFF          GRAD             ENERGY        2-EL.EN.            DIPOLE MOMENTS         DIIS   ORB.
    1      0.000D+00      0.000D+00        -8.00484868      9.926947    0.00000    0.00000    0.00000    0    start
    2      0.000D+00      0.103D-01        -8.00745948     10.015852    0.00000    0.00000    0.00000    1    diag,B
    3      0.346D-01      0.407D-02        -8.00799282     10.071426    0.00000    0.00000    0.00000    2    diag,B
    4      0.238D-01      0.471D-03        -8.00799775     10.071769    0.00000    0.00000    0.00000    3    diag,B
    5      0.242D-02      0.746D-04        -8.00799783     10.070733    0.00000    0.00000    0.00000    4    diag,B
    6      0.670D-03      0.426D-04        -8.00799786     10.071244    0.00000    0.00000    0.00000    5    diag,B
    7      0.200D-03      0.153D-05        -8.00799786     10.071263    0.00000    0.00000    0.00000    6    fixocc
    8      0.728D-05      0.217D-07        -8.00799786     10.071263    0.00000    0.00000    0.00000    0    orth

 Final alpha occupancy:   1   1   1   0   1   0   0
 Final beta  occupancy:   1   0   0   0   1   0   0

 !RHF STATE 1.4 Energy                 -8.007997864606
 Nuclear energy                         0.00000000
 One-electron energy                  -13.04362918
 Two-electron energy                    5.03563131
 Virial quotient                       -3.11349126
 !RHF STATE 1.4 Dipole moment           0.00000000     0.00000000     0.00000000
 Dipole moment /Debye                   0.00000000     0.00000000     0.00000000

 ELECTRON ORBITALS
 =================


   Orb  Occ    Energy  Couls-En    Coefficients

                                   1 1s      1 1s      1 3d0     1 3d2+ 

   1.1   2    -0.7639   -3.2953  0.999857  0.000172  0.002588 -0.000000

                                   1 2px     1 2px  

   1.2   +    -0.3969   -2.4021  1.028910 -0.033608

                                   1 2py     1 2py  

   1.3   +    -0.3969   -2.4021  1.028910 -0.033608

                                   1 2pz     1 2pz  

   1.5   2    -0.3253   -2.3106  0.971300  0.033041

 HOMO      1.5    -0.325345 =      -8.8531eV
 LUMO      2.2     0.415011 =      11.2930eV
 LUMO-HOMO         0.740355 =      20.1461eV


 **********************************************************************************************************************************
 DATASETS  * FILE   NREC   LENGTH (MB)   RECORD NAMES
              1      19       19.86       500      610      700      900      950      970     1029      129      960     1100   
                                          VAR    BASINP    GEOM    SYMINP    ZMAT    AOBASIS   BASIS     P2S    ABASIS      S 
                                         1400     1410     1420     1200     1210     1080     1600     1650     1700   
                                           T        V       ECP      H0       H01     AOSYM     SMH    MOLCAS    OPER   

              2     121      220.27       200      700     1000      520     4302     5302     2101     1001     4302     5302   
                                        OPTIONS   GEOM     BASIS   MCVARS     RHF     MCSCF     RHF     BASIS     RHF     MCSCF   
                                         2102     1002     4302     5302     2103     1003     4302     5302     2104     1004   
                                          RHF     BASIS     RHF     MCSCF     RHF     BASIS     RHF     MCSCF     RHF     BASIS   
                                         4302     5302     2105     1005     4302     5302     2106     1006     4302     5302   
                                          RHF     MCSCF     RHF     BASIS     RHF     MCSCF     RHF     BASIS     RHF     MCSCF   
                                         2107     1007     4302     5302     2108     1008     4302     5302     2109     1009   
                                          RHF     BASIS     RHF     MCSCF     RHF     BASIS     RHF     MCSCF     RHF     BASIS   
                                         4302     5302     2110     1010     4302     5302     2111     1011     4302     5302   
                                          RHF     MCSCF     RHF     BASIS     RHF     MCSCF     RHF     BASIS     RHF     MCSCF   
                                         2112     1012     4302     5302     2113     1013     4302     5302     2114     1014   
                                          RHF     BASIS     RHF     MCSCF     RHF     BASIS     RHF     MCSCF     RHF     BASIS   
                                         4302     5302     2115     1015     4302     5302     2116     1016     4302     5302   
                                          RHF     MCSCF     RHF     BASIS     RHF     MCSCF     RHF     BASIS     RHF     MCSCF   
                                         2117     1017     4302     5302     2118     1018     4302     5302     2119     1019   
                                          RHF     BASIS     RHF     MCSCF     RHF     BASIS     RHF     MCSCF     RHF     BASIS   
                                         4302     5302     2120     1020     4302     5302     2121     1021     4302     5302   
                                          RHF     MCSCF     RHF     BASIS     RHF     MCSCF     RHF     BASIS     RHF     MCSCF   
                                         2122     1022     4302     5302     2123     1023     4302     5302     2124     1024   
                                          RHF     BASIS     RHF     MCSCF     RHF     BASIS     RHF     MCSCF     RHF     BASIS   
                                         4302     5302     2125     1025     4302     5302     2126     1026     4302     5302   
                                          RHF     MCSCF     RHF     BASIS     RHF     MCSCF     RHF     BASIS     RHF     MCSCF   
                                         2127     1027     4302     5302     2128     1028     4302     5302     2129     1029   
                                          RHF     BASIS     RHF     MCSCF     RHF     BASIS     RHF     MCSCF     RHF     BASIS   
                                         4202   
                                          RHF  

 PROGRAMS   *        TOTAL       RHF       INT  UCCSD(T)      DATA      DATA       RHF     MULTI       POP       RHF       INT
 CPU TIMES  *        85.78      0.04      0.62      0.26      0.00      0.00      0.12      0.23      0.00      0.03      0.68
 REAL TIME  *       272.63 SEC
 DISK USED  *         3.73 GB      
 SF USED    *         8.92 MB      
 GA USED    *         0.00 MB       (max)       0.00 MB       (current)
 **********************************************************************************************************************************


 PROGRAM * POP (Mulliken population analysis)

 
 Density matrix read from record         4202.2  Type=RHF/CHARGE (state 1.4)
 
 Population analysis by basis function type

 Unique atom        s        p        d        f        g    Total    Charge
   1  TE      1.99999  4.00000  0.00001  0.00000  0.00000  6.00000  + 0.00000


 **********************************************************************************************************************************
 DATASETS  * FILE   NREC   LENGTH (MB)   RECORD NAMES
              1      19       19.86       500      610      700      900      950      970     1029      129      960     1100   
                                          VAR    BASINP    GEOM    SYMINP    ZMAT    AOBASIS   BASIS     P2S    ABASIS      S 
                                         1400     1410     1420     1200     1210     1080     1600     1650     1700   
                                           T        V       ECP      H0       H01     AOSYM     SMH    MOLCAS    OPER   

              2     121      220.27       200      700     1000      520     4302     5302     2101     1001     4302     5302   
                                        OPTIONS   GEOM     BASIS   MCVARS     RHF     MCSCF     RHF     BASIS     RHF     MCSCF   
                                         2102     1002     4302     5302     2103     1003     4302     5302     2104     1004   
                                          RHF     BASIS     RHF     MCSCF     RHF     BASIS     RHF     MCSCF     RHF     BASIS   
                                         4302     5302     2105     1005     4302     5302     2106     1006     4302     5302   
                                          RHF     MCSCF     RHF     BASIS     RHF     MCSCF     RHF     BASIS     RHF     MCSCF   
                                         2107     1007     4302     5302     2108     1008     4302     5302     2109     1009   
                                          RHF     BASIS     RHF     MCSCF     RHF     BASIS     RHF     MCSCF     RHF     BASIS   
                                         4302     5302     2110     1010     4302     5302     2111     1011     4302     5302   
                                          RHF     MCSCF     RHF     BASIS     RHF     MCSCF     RHF     BASIS     RHF     MCSCF   
                                         2112     1012     4302     5302     2113     1013     4302     5302     2114     1014   
                                          RHF     BASIS     RHF     MCSCF     RHF     BASIS     RHF     MCSCF     RHF     BASIS   
                                         4302     5302     2115     1015     4302     5302     2116     1016     4302     5302   
                                          RHF     MCSCF     RHF     BASIS     RHF     MCSCF     RHF     BASIS     RHF     MCSCF   
                                         2117     1017     4302     5302     2118     1018     4302     5302     2119     1019   
                                          RHF     BASIS     RHF     MCSCF     RHF     BASIS     RHF     MCSCF     RHF     BASIS   
                                         4302     5302     2120     1020     4302     5302     2121     1021     4302     5302   
                                          RHF     MCSCF     RHF     BASIS     RHF     MCSCF     RHF     BASIS     RHF     MCSCF   
                                         2122     1022     4302     5302     2123     1023     4302     5302     2124     1024   
                                          RHF     BASIS     RHF     MCSCF     RHF     BASIS     RHF     MCSCF     RHF     BASIS   
                                         4302     5302     2125     1025     4302     5302     2126     1026     4302     5302   
                                          RHF     MCSCF     RHF     BASIS     RHF     MCSCF     RHF     BASIS     RHF     MCSCF   
                                         2127     1027     4302     5302     2128     1028     4302     5302     2129     1029   
                                          RHF     BASIS     RHF     MCSCF     RHF     BASIS     RHF     MCSCF     RHF     BASIS   
                                         4202   
                                          RHF  

 PROGRAMS   *        TOTAL       POP       RHF       INT  UCCSD(T)      DATA      DATA       RHF     MULTI       POP       RHF
 CPU TIMES  *        85.78      0.00      0.04      0.62      0.26      0.00      0.00      0.12      0.23      0.00      0.03
 REAL TIME  *       272.64 SEC
 DISK USED  *         3.73 GB      
 SF USED    *         8.92 MB      
 GA USED    *         0.00 MB       (max)       0.00 MB       (current)
 **********************************************************************************************************************************


 Current variables in basis input:

 Set= 1  S_EXP(1)            =       0.05379270
 Set= 1  P_EXP(1)            =       0.07600608
 Set= 1  D_EXP(1)            =       0.23815666

 PROGRAM * MULTI (Direct Multiconfiguration SCF)       Authors: P.J. Knowles, H.-J. Werner (1984)     S.T. Elbert (1988)


 Number of closed-shell orbitals:   1 (   1   0   0   0   0   0   0   0 )
 Number of active  orbitals:        3 (   0   1   1   0   1   0   0   0 )
 Number of external orbitals:       9 (   3   1   1   1   1   1   1   0 )

 State symmetry 1

 Number of electrons:     4    Spin symmetry=Triplet   Space symmetry=4
 Number of states:        1
 Number of CSFs:          1   (1 determinants, 3 intermediate states)

 State symmetry 2

 Number of electrons:     4    Spin symmetry=Triplet   Space symmetry=6
 Number of states:        1
 Number of CSFs:          1   (1 determinants, 3 intermediate states)

 State symmetry 3

 Number of electrons:     4    Spin symmetry=Triplet   Space symmetry=7
 Number of states:        1
 Number of CSFs:          1   (1 determinants, 3 intermediate states)

 Molecular orbitals read from record     4202.2  Type=RHF/CANONICAL (state 1.4)
 *** IN SYMMETRY 1 ORBITAL  1 SYMMETRY CONTAMINATION OF 0.258D-02 HAS BEEN REMOVED

 EXTRA SYMMETRY OF MOS IN SYMMETRY 1:   1 1 3 2

 Wavefunction dump at record             5202.2

 Convergence thresholds  0.10E-01 (gradient)  0.10E-05 (energy)  0.10E-02 (step length)

 Weight factors for state symmetry  1:    0.33333
 Weight factors for state symmetry  2:    0.33333
 Weight factors for state symmetry  3:    0.33333

 Number of orbital rotations:        6   (     0 Core/Active      3 Core/Virtual   0 Active/Active      3 Active/Virtual)
 Total number of variables:          9


 ITER. MIC  NCI  NEG     ENERGY(VAR)     ENERGY(PROJ)   ENERGY CHANGE     GRAD(0)  GRAD(ORB)   GRAD(CI)     STEP       TIME

   1   18   12    0      -8.00676304      -8.00739251   -0.00062947    0.02176112 0.00000000 0.00000000  0.29D-01      0.09
   2   11   12    0      -8.00739370      -8.00739371   -0.00000001    0.00007646 0.00000000 0.00000000  0.87D-04      0.10
   3   11   12    0      -8.00739371      -8.00739371   -0.00000000    0.00000000 0.00000000 0.00000000  0.11D-08      0.12

 ** WVFN ****  CONVERGENCE REACHED, FINAL GRADIENT:  0.12D-14



 Results for state 1.4
 =====================

 !MCSCF STATE 1.4 Energy               -8.007393707455
 Nuclear energy                         0.00000000
 Kinetic energy                         2.57137970
 One electron energy                  -13.04431906
 Two electron energy                    5.03692535
 Virial ratio                           4.11404562

 !MCSCF STATE 1.4 Dipole moment         0.00000000     0.00000000     0.00000000
 Dipole moment /Debye                   0.00000000     0.00000000     0.00000000



 Results for state 1.6
 =====================

 !MCSCF STATE 1.6 Energy               -8.007393707455
 Nuclear energy                         0.00000000
 Kinetic energy                         2.57137970
 One electron energy                  -13.04431906
 Two electron energy                    5.03692535
 Virial ratio                           4.11404562

 !MCSCF STATE 1.6 Dipole moment         0.00000000     0.00000000     0.00000000
 Dipole moment /Debye                   0.00000000     0.00000000     0.00000000



 Results for state 1.7
 =====================

 !MCSCF STATE 1.7 Energy               -8.007393707455
 Nuclear energy                         0.00000000
 Kinetic energy                         2.57137970
 One electron energy                  -13.04431906
 Two electron energy                    5.03692535
 Virial ratio                           4.11404562

 !MCSCF STATE 1.7 Dipole moment         0.00000000     0.00000000     0.00000000
 Dipole moment /Debye                   0.00000000     0.00000000     0.00000000

 State-averaged charge density matrix saved on record  5202.2 (density set 1)


 NATURAL ORBITALS (state averaged)
 =================================

   Orb     Occ        Energy       Coefficients

                                   1 1s      1 1s      1 3d0     1 3d2+ 

   1.1  2.00000    -0.763918     0.999842  0.000195  0.000000  0.000000

                                   1 2px     1 2px  

   1.2  1.33333    -0.240666     1.000012 -0.000014

                                   1 2py     1 2py  

   1.3  1.33333    -0.240666     1.000012 -0.000014

                                   1 2pz     1 2pz  

   1.5  1.33333    -0.240666     1.000012 -0.000014
 

 EXTRA SYMMETRY OF MOS IN SYMMETRY 1:   1 1 2 3

 Natural orbital dump (state averaged) at molpro section  5202.2    (Orbital set 2)


 CI vector for state symmetry 1
 ==============================

 a a 2           1.0000000

 TOTAL ENERGIES                        -8.00739371

 CI vector for state symmetry 2
 ==============================

 a 2 a           1.0000000

 TOTAL ENERGIES                        -8.00739371

 CI vector for state symmetry 3
 ==============================

 2 a a           1.0000000

 TOTAL ENERGIES                        -8.00739371



 **********************************************************************************************************************************
 DATASETS  * FILE   NREC   LENGTH (MB)   RECORD NAMES
              1      20       19.87       500      610      700      900      950      970     1029      129      960     1100   
                                          VAR    BASINP    GEOM    SYMINP    ZMAT    AOBASIS   BASIS     P2S    ABASIS      S 
                                         1400     1410     1420     1200     1210     1080     1600     1650     1700     1380   
                                           T        V       ECP      H0       H01     AOSYM     SMH    MOLCAS    OPER     JKOP   

              2     122      222.76       200      700     1000      520     4302     5302     2101     1001     4302     5302   
                                        OPTIONS   GEOM     BASIS   MCVARS     RHF     MCSCF     RHF     BASIS     RHF     MCSCF   
                                         2102     1002     4302     5302     2103     1003     4302     5302     2104     1004   
                                          RHF     BASIS     RHF     MCSCF     RHF     BASIS     RHF     MCSCF     RHF     BASIS   
                                         4302     5302     2105     1005     4302     5302     2106     1006     4302     5302   
                                          RHF     MCSCF     RHF     BASIS     RHF     MCSCF     RHF     BASIS     RHF     MCSCF   
                                         2107     1007     4302     5302     2108     1008     4302     5302     2109     1009   
                                          RHF     BASIS     RHF     MCSCF     RHF     BASIS     RHF     MCSCF     RHF     BASIS   
                                         4302     5302     2110     1010     4302     5302     2111     1011     4302     5302   
                                          RHF     MCSCF     RHF     BASIS     RHF     MCSCF     RHF     BASIS     RHF     MCSCF   
                                         2112     1012     4302     5302     2113     1013     4302     5302     2114     1014   
                                          RHF     BASIS     RHF     MCSCF     RHF     BASIS     RHF     MCSCF     RHF     BASIS   
                                         4302     5302     2115     1015     4302     5302     2116     1016     4302     5302   
                                          RHF     MCSCF     RHF     BASIS     RHF     MCSCF     RHF     BASIS     RHF     MCSCF   
                                         2117     1017     4302     5302     2118     1018     4302     5302     2119     1019   
                                          RHF     BASIS     RHF     MCSCF     RHF     BASIS     RHF     MCSCF     RHF     BASIS   
                                         4302     5302     2120     1020     4302     5302     2121     1021     4302     5302   
                                          RHF     MCSCF     RHF     BASIS     RHF     MCSCF     RHF     BASIS     RHF     MCSCF   
                                         2122     1022     4302     5302     2123     1023     4302     5302     2124     1024   
                                          RHF     BASIS     RHF     MCSCF     RHF     BASIS     RHF     MCSCF     RHF     BASIS   
                                         4302     5302     2125     1025     4302     5302     2126     1026     4302     5302   
                                          RHF     MCSCF     RHF     BASIS     RHF     MCSCF     RHF     BASIS     RHF     MCSCF   
                                         2127     1027     4302     5302     2128     1028     4302     5302     2129     1029   
                                          RHF     BASIS     RHF     MCSCF     RHF     BASIS     RHF     MCSCF     RHF     BASIS   
                                         4202     5202   
                                          RHF     MCSCF   

 PROGRAMS   *        TOTAL     MULTI       POP       RHF       INT  UCCSD(T)      DATA      DATA       RHF     MULTI       POP
 CPU TIMES  *        86.07      0.27      0.00      0.04      0.62      0.26      0.00      0.00      0.12      0.23      0.00
 REAL TIME  *       273.63 SEC
 DISK USED  *         3.73 GB      
 SF USED    *         8.92 MB      
 GA USED    *         0.00 MB       (max)       0.00 MB       (current)
 **********************************************************************************************************************************


 Current variables in basis input:

 Set= 1  S_EXP(1)            =       0.05379270
 Set= 1  P_EXP(1)            =       0.07600608
 Set= 1  D_EXP(1)            =       0.23815666

 PROGRAM * RHF-SCF (OPEN SHELL)       Authors: W. Meyer, H.-J. Werner


 NUMBER OF ELECTRONS:       4+    2-    SPACE SYMMETRY=4    SPIN SYMMETRY: Triplet 
 CONVERGENCE THRESHOLDS:    1.00E-05 (Density)    1.00E-07 (Energy)
 MAX. NUMBER OF ITERATIONS:        0
 INTERPOLATION TYPE:            DIIS
 INTERPOLATION STEPS:              2 (START)      1 (STEP)
 LEVEL SHIFTS:                 -0.60 (CLOSED) -0.30 (OPEN) 

 Number of closed-shell orbitals:    2 (   1   0   0   0   1   0   0 )
 Number of open-shell orbitals:      2 (   0   1   1   0   0   0   0 )


 Molecular orbitals read from record     5202.2  Type=MCSCF/NATURAL (state averaged)

 Molecular orbital dump at record        2130.2

 ITERATION    DDIFF          GRAD             ENERGY        2-EL.EN.            DIPOLE MOMENTS         DIIS   ORB.
    1      0.000D+00      0.000D+00        -8.00739371     10.073851    0.00000    0.00000    0.00000    0    start

 Final alpha occupancy:   1   1   1   0   1   0   0
 Final beta  occupancy:   1   0   0   0   1   0   0

 !RHF STATE 1.4 Energy                 -8.007393707455
 Nuclear energy                         0.00000000
 One-electron energy                  -13.04431906
 Two-electron energy                    5.03692535
 Virial quotient                       -3.11404562
 !RHF STATE 1.4 Dipole moment           0.00000000     0.00000000     0.00000000
 Dipole moment /Debye                   0.00000000     0.00000000     0.00000000

 ELECTRON ORBITALS
 =================


   Orb  Occ    Energy  Couls-En    Coefficients

                                   1 1s      1 1s      1 3d0     1 3d2+ 

   1.1   2    -0.7639   -3.2953  0.999842  0.000195  0.000000  0.000000

   2.1   0     0.5068   -0.4224 -1.390885  1.712964  0.000000  0.000000

   3.1   0     0.5845   -0.8239  0.000000  0.000000  1.000000  0.000000

                                   1 2px     1 2px  

   1.2   +    -0.2407   -2.2361  1.000012 -0.000014

   2.2   0     0.4423   -0.6543 -1.719617  1.989248

                                   1 2py     1 2py  

   1.3   +    -0.2407   -2.2361  1.000012 -0.000014

   2.3   0     0.4423   -0.6543 -1.719617  1.989248

                                   1 3d2- 

   1.4   0     0.5845   -0.8239  1.000000

                                   1 2pz     1 2pz  

   1.5   2    -0.2407   -2.2361  1.000012 -0.000014

   2.5   0     0.4423   -0.6543 -1.719617  1.989248

                                   1 3d1+ 

   1.6   0     0.5845   -0.8239  1.000000

                                   1 3d1- 

   1.7   0     0.5845   -0.8239  1.000000

 HOMO      1.2    -0.240666 =      -6.5489eV
 LUMO      2.2     0.442278 =      12.0350eV
 LUMO-HOMO         0.682944 =      18.5839eV


 **********************************************************************************************************************************
 DATASETS  * FILE   NREC   LENGTH (MB)   RECORD NAMES
              1      20       19.87       500      610      700      900      950      970     1029      129      960     1100   
                                          VAR    BASINP    GEOM    SYMINP    ZMAT    AOBASIS   BASIS     P2S    ABASIS      S 
                                         1400     1410     1420     1200     1210     1080     1600     1650     1700     1380   
                                           T        V       ECP      H0       H01     AOSYM     SMH    MOLCAS    OPER     JKOP   

              2     123      225.26       200      700     1000      520     4302     5302     2101     1001     4302     5302   
                                        OPTIONS   GEOM     BASIS   MCVARS     RHF     MCSCF     RHF     BASIS     RHF     MCSCF   
                                         2102     1002     4302     5302     2103     1003     4302     5302     2104     1004   
                                          RHF     BASIS     RHF     MCSCF     RHF     BASIS     RHF     MCSCF     RHF     BASIS   
                                         4302     5302     2105     1005     4302     5302     2106     1006     4302     5302   
                                          RHF     MCSCF     RHF     BASIS     RHF     MCSCF     RHF     BASIS     RHF     MCSCF   
                                         2107     1007     4302     5302     2108     1008     4302     5302     2109     1009   
                                          RHF     BASIS     RHF     MCSCF     RHF     BASIS     RHF     MCSCF     RHF     BASIS   
                                         4302     5302     2110     1010     4302     5302     2111     1011     4302     5302   
                                          RHF     MCSCF     RHF     BASIS     RHF     MCSCF     RHF     BASIS     RHF     MCSCF   
                                         2112     1012     4302     5302     2113     1013     4302     5302     2114     1014   
                                          RHF     BASIS     RHF     MCSCF     RHF     BASIS     RHF     MCSCF     RHF     BASIS   
                                         4302     5302     2115     1015     4302     5302     2116     1016     4302     5302   
                                          RHF     MCSCF     RHF     BASIS     RHF     MCSCF     RHF     BASIS     RHF     MCSCF   
                                         2117     1017     4302     5302     2118     1018     4302     5302     2119     1019   
                                          RHF     BASIS     RHF     MCSCF     RHF     BASIS     RHF     MCSCF     RHF     BASIS   
                                         4302     5302     2120     1020     4302     5302     2121     1021     4302     5302   
                                          RHF     MCSCF     RHF     BASIS     RHF     MCSCF     RHF     BASIS     RHF     MCSCF   
                                         2122     1022     4302     5302     2123     1023     4302     5302     2124     1024   
                                          RHF     BASIS     RHF     MCSCF     RHF     BASIS     RHF     MCSCF     RHF     BASIS   
                                         4302     5302     2125     1025     4302     5302     2126     1026     4302     5302   
                                          RHF     MCSCF     RHF     BASIS     RHF     MCSCF     RHF     BASIS     RHF     MCSCF   
                                         2127     1027     4302     5302     2128     1028     4302     5302     2129     1029   
                                          RHF     BASIS     RHF     MCSCF     RHF     BASIS     RHF     MCSCF     RHF     BASIS   
                                         4202     5202     2130   
                                          RHF     MCSCF     RHF  

 PROGRAMS   *        TOTAL       RHF     MULTI       POP       RHF       INT  UCCSD(T)      DATA      DATA       RHF     MULTI
 CPU TIMES  *        86.14      0.07      0.27      0.00      0.04      0.62      0.26      0.00      0.00      0.12      0.23
 REAL TIME  *       273.78 SEC
 DISK USED  *         3.73 GB      
 SF USED    *         8.92 MB      
 GA USED    *         0.00 MB       (max)       0.00 MB       (current)
 **********************************************************************************************************************************

 
 RECORD   4202.2 RENAMED TO   4302.2


 **********************************************************************************************************************************
 DATASETS  * FILE   NREC   LENGTH (MB)   RECORD NAMES
              1      20       19.87       500      610      700      900      950      970     1029      129      960     1100   
                                          VAR    BASINP    GEOM    SYMINP    ZMAT    AOBASIS   BASIS     P2S    ABASIS      S 
                                         1400     1410     1420     1200     1210     1080     1600     1650     1700     1380   
                                           T        V       ECP      H0       H01     AOSYM     SMH    MOLCAS    OPER     JKOP   

              2     123      225.26       200      700     1000      520     4302     5302     2101     1001     4302     5302   
                                        OPTIONS   GEOM     BASIS   MCVARS     RHF     MCSCF     RHF     BASIS     RHF     MCSCF   
                                         2102     1002     4302     5302     2103     1003     4302     5302     2104     1004   
                                          RHF     BASIS     RHF     MCSCF     RHF     BASIS     RHF     MCSCF     RHF     BASIS   
                                         4302     5302     2105     1005     4302     5302     2106     1006     4302     5302   
                                          RHF     MCSCF     RHF     BASIS     RHF     MCSCF     RHF     BASIS     RHF     MCSCF   
                                         2107     1007     4302     5302     2108     1008     4302     5302     2109     1009   
                                          RHF     BASIS     RHF     MCSCF     RHF     BASIS     RHF     MCSCF     RHF     BASIS   
                                         4302     5302     2110     1010     4302     5302     2111     1011     4302     5302   
                                          RHF     MCSCF     RHF     BASIS     RHF     MCSCF     RHF     BASIS     RHF     MCSCF   
                                         2112     1012     4302     5302     2113     1013     4302     5302     2114     1014   
                                          RHF     BASIS     RHF     MCSCF     RHF     BASIS     RHF     MCSCF     RHF     BASIS   
                                         4302     5302     2115     1015     4302     5302     2116     1016     4302     5302   
                                          RHF     MCSCF     RHF     BASIS     RHF     MCSCF     RHF     BASIS     RHF     MCSCF   
                                         2117     1017     4302     5302     2118     1018     4302     5302     2119     1019   
                                          RHF     BASIS     RHF     MCSCF     RHF     BASIS     RHF     MCSCF     RHF     BASIS   
                                         4302     5302     2120     1020     4302     5302     2121     1021     4302     5302   
                                          RHF     MCSCF     RHF     BASIS     RHF     MCSCF     RHF     BASIS     RHF     MCSCF   
                                         2122     1022     4302     5302     2123     1023     4302     5302     2124     1024   
                                          RHF     BASIS     RHF     MCSCF     RHF     BASIS     RHF     MCSCF     RHF     BASIS   
                                         4302     5302     2125     1025     4302     5302     2126     1026     4302     5302   
                                          RHF     MCSCF     RHF     BASIS     RHF     MCSCF     RHF     BASIS     RHF     MCSCF   
                                         2127     1027     4302     5302     2128     1028     4302     5302     2129     1029   
                                          RHF     BASIS     RHF     MCSCF     RHF     BASIS     RHF     MCSCF     RHF     BASIS   
                                         4302     5202     2130   
                                          RHF     MCSCF     RHF  

 PROGRAMS   *        TOTAL      DATA       RHF     MULTI       POP       RHF       INT  UCCSD(T)      DATA      DATA       RHF
 CPU TIMES  *        86.14      0.00      0.07      0.27      0.00      0.04      0.62      0.26      0.00      0.00      0.12
 REAL TIME  *       273.79 SEC
 DISK USED  *         3.73 GB      
 SF USED    *         8.92 MB      
 GA USED    *         0.00 MB       (max)       0.00 MB       (current)
 **********************************************************************************************************************************

 
 RECORD   5202.2 RENAMED TO   5302.2


 **********************************************************************************************************************************
 DATASETS  * FILE   NREC   LENGTH (MB)   RECORD NAMES
              1      20       19.87       500      610      700      900      950      970     1029      129      960     1100   
                                          VAR    BASINP    GEOM    SYMINP    ZMAT    AOBASIS   BASIS     P2S    ABASIS      S 
                                         1400     1410     1420     1200     1210     1080     1600     1650     1700     1380   
                                           T        V       ECP      H0       H01     AOSYM     SMH    MOLCAS    OPER     JKOP   

              2     123      225.26       200      700     1000      520     4302     5302     2101     1001     4302     5302   
                                        OPTIONS   GEOM     BASIS   MCVARS     RHF     MCSCF     RHF     BASIS     RHF     MCSCF   
                                         2102     1002     4302     5302     2103     1003     4302     5302     2104     1004   
                                          RHF     BASIS     RHF     MCSCF     RHF     BASIS     RHF     MCSCF     RHF     BASIS   
                                         4302     5302     2105     1005     4302     5302     2106     1006     4302     5302   
                                          RHF     MCSCF     RHF     BASIS     RHF     MCSCF     RHF     BASIS     RHF     MCSCF   
                                         2107     1007     4302     5302     2108     1008     4302     5302     2109     1009   
                                          RHF     BASIS     RHF     MCSCF     RHF     BASIS     RHF     MCSCF     RHF     BASIS   
                                         4302     5302     2110     1010     4302     5302     2111     1011     4302     5302   
                                          RHF     MCSCF     RHF     BASIS     RHF     MCSCF     RHF     BASIS     RHF     MCSCF   
                                         2112     1012     4302     5302     2113     1013     4302     5302     2114     1014   
                                          RHF     BASIS     RHF     MCSCF     RHF     BASIS     RHF     MCSCF     RHF     BASIS   
                                         4302     5302     2115     1015     4302     5302     2116     1016     4302     5302   
                                          RHF     MCSCF     RHF     BASIS     RHF     MCSCF     RHF     BASIS     RHF     MCSCF   
                                         2117     1017     4302     5302     2118     1018     4302     5302     2119     1019   
                                          RHF     BASIS     RHF     MCSCF     RHF     BASIS     RHF     MCSCF     RHF     BASIS   
                                         4302     5302     2120     1020     4302     5302     2121     1021     4302     5302   
                                          RHF     MCSCF     RHF     BASIS     RHF     MCSCF     RHF     BASIS     RHF     MCSCF   
                                         2122     1022     4302     5302     2123     1023     4302     5302     2124     1024   
                                          RHF     BASIS     RHF     MCSCF     RHF     BASIS     RHF     MCSCF     RHF     BASIS   
                                         4302     5302     2125     1025     4302     5302     2126     1026     4302     5302   
                                          RHF     MCSCF     RHF     BASIS     RHF     MCSCF     RHF     BASIS     RHF     MCSCF   
                                         2127     1027     4302     5302     2128     1028     4302     5302     2129     1029   
                                          RHF     BASIS     RHF     MCSCF     RHF     BASIS     RHF     MCSCF     RHF     BASIS   
                                         4302     5302     2130   
                                          RHF     MCSCF     RHF  

 PROGRAMS   *        TOTAL      DATA      DATA       RHF     MULTI       POP       RHF       INT  UCCSD(T)      DATA      DATA
 CPU TIMES  *        86.14      0.00      0.00      0.07      0.27      0.00      0.04      0.62      0.26      0.00      0.00
 REAL TIME  *       273.80 SEC
 DISK USED  *         3.73 GB      
 SF USED    *         8.92 MB      
 GA USED    *         0.00 MB       (max)       0.00 MB       (current)
 **********************************************************************************************************************************


 Current variables in basis input:

 Set= 1  S_EXP(1)            =       0.05379270
 Set= 1  P_EXP(1)            =       0.07600608
 Set= 1  D_EXP(1)            =       0.23815666

 PROGRAM * CCSD (Unrestricted open-shell coupled cluster)     Authors: C. Hampel, H.-J. Werner, 1991, M. Deegan, P.J. Knowles, 1992


 Convergence thresholds:  THRVAR = 1.00D-08  THRDEN = 1.00D-06

 CCSD(T)     terms to be evaluated (factor= 1.000)


 Number of closed-shell orbitals:   2 (   1   0   0   0   1   0   0 )
 Number of active  orbitals:        2 (   0   1   1   0   0   0   0 )
 Number of external orbitals:       9 (   3   1   1   1   1   1   1 )

 Memory could be reduced to 0.29 Mwords without degradation in triples

 Number of N-1 electron functions:               6
 Number of N-2 electron functions:              15
 Number of singly external CSFs:                12
 Number of doubly external CSFs:               182
 Total number of CSFs:                         194

 Molecular orbitals read from record     2130.2  Type=RHF/CANONICAL (state 1.4)

 Integral transformation finished. Total CPU:   0.00 sec, npass=  1  Memory used:   0.07 MW

 Starting RMP2 calculation

 ITER.      SQ.NORM     CORR.ENERGY   TOTAL ENERGY   ENERGY CHANGE        DEN1      VAR(S)    VAR(P)  DIIS     TIME
   1      1.03502681    -0.06269952    -8.07009322    -0.06269952    -0.00052133  0.24D-04  0.25D-03  1  1     0.00
   2      1.03571294    -0.06327914    -8.07067284    -0.00057962    -0.00000035  0.53D-07  0.14D-06  2  2     0.03
   3      1.03571827    -0.06328130    -8.07067501    -0.00000216    -0.00000000  0.17D-09  0.14D-09  3  3     0.03
   4      1.03571845    -0.06328138    -8.07067509    -0.00000008    -0.00000000  0.34D-12  0.15D-12  4  4     0.03

 Norm of t1 vector:      0.04602097      S-energy:    -0.00248886      T1 diagnostic:  0.00658847
 Norm of t2 vector:      0.18330444      P-energy:    -0.06079252
                                         Alpha-Beta:  -0.04597236
                                         Alpha-Alpha: -0.01287301
                                         Beta-Beta:   -0.00194716

 Spin contamination <S**2-Sz**2-Sz>     0.00400695
  Reference energy                     -8.007393707455
  RHF-RMP2 correlation energy          -0.063281383921
 !RHF-RMP2 energy                      -8.070675091377

 Starting UCCSD calculation

 ITER.      SQ.NORM     CORR.ENERGY   TOTAL ENERGY   ENERGY CHANGE        DEN1      VAR(S)    VAR(P)  DIIS     TIME
   1      1.04413507    -0.07018839    -8.07758210    -0.07018839    -0.00328784  0.13D-03  0.16D-02  1  1     0.04
   2      1.04993011    -0.07416732    -8.08156103    -0.00397893    -0.00010136  0.16D-04  0.42D-04  2  2     0.04
   3      1.05082743    -0.07454686    -8.08194056    -0.00037954    -0.00000173  0.15D-06  0.87D-06  3  3     0.04
   4      1.05090216    -0.07457915    -8.08197286    -0.00003229    -0.00000010  0.85D-08  0.58D-07  4  4     0.04
   5      1.05089297    -0.07457040    -8.08196411     0.00000875    -0.00000001  0.85D-09  0.42D-08  5  5     0.04
   6      1.05090083    -0.07457479    -8.08196849    -0.00000439    -0.00000000  0.71D-10  0.23D-09  6  6     0.05
   7      1.05089922    -0.07457357    -8.08196728     0.00000121    -0.00000000  0.62D-11  0.10D-10  6  1     0.05
   8      1.05089922    -0.07457356    -8.08196727     0.00000001    -0.00000000  0.32D-12  0.75D-12  6  2     0.05

 Norm of t1 vector:      0.05288275      S-energy:    -0.00260394      T1 diagnostic:  0.00962598
                                                                       D1 diagnostic:  0.01655782
 Norm of t2 vector:      0.21932313      P-energy:    -0.07196962
                                         Alpha-Beta:  -0.05716064
                                         Alpha-Alpha: -0.01299960
                                         Beta-Beta:   -0.00180938

 Doubles amplitudes (print threshold =  0.500E-01):

         I         J         SYM. A    SYM. B    A         B      T(IJ, AB) [Alpha-Beta]

         4         4         1         1         2         2     -0.05563266
         2         1         1         2         3         1     -0.05179954
         2         1         4         3         1         1     -0.05179954
         3         1         1         3         3         1      0.05179954
         3         1         4         2         1         1     -0.05179954

 Spin contamination <S**2-Sz**2-Sz>     0.00076553

 Memory could be reduced to 0.29 Mwords without degradation in triples
 

 RESULTS
 =======

  Reference energy                     -8.007393707455
  UCCSD singles energy                 -0.002603939634
  UCCSD pair energy                    -0.071969621251
  UCCSD correlation energy             -0.074573560885
  Triples (T) contribution             -0.000779599941
  Total correlation energy             -0.075353160826
 
  RHF-UCCSD energy                     -8.081967268340
  RHF-UCCSD[T] energy                  -8.082699861115
  RHF-UCCSD-T energy                   -8.082746476111
 !RHF-UCCSD(T) energy                  -8.082746868281

 Program statistics:

 Available memory in ccsd:               511999725
 Min. memory needed in ccsd:                  1791
 Max. memory used in ccsd:                    1910
 Max. memory used in cckext:                 34894 ( 8 integral passes)
 Max. memory used in cckint:                 66558 ( 1 integral passes)



 **********************************************************************************************************************************
 DATASETS  * FILE   NREC   LENGTH (MB)   RECORD NAMES
              1      20       19.87       500      610      700      900      950      970     1029      129      960     1100   
                                          VAR    BASINP    GEOM    SYMINP    ZMAT    AOBASIS   BASIS     P2S    ABASIS      S 
                                         1400     1410     1420     1200     1210     1080     1600     1650     1700     1380   
                                           T        V       ECP      H0       H01     AOSYM     SMH    MOLCAS    OPER     JKOP   

              2     123      225.26       200      700     1000      520     4302     5302     2101     1001     4302     5302   
                                        OPTIONS   GEOM     BASIS   MCVARS     RHF     MCSCF     RHF     BASIS     RHF     MCSCF   
                                         2102     1002     4302     5302     2103     1003     4302     5302     2104     1004   
                                          RHF     BASIS     RHF     MCSCF     RHF     BASIS     RHF     MCSCF     RHF     BASIS   
                                         4302     5302     2105     1005     4302     5302     2106     1006     4302     5302   
                                          RHF     MCSCF     RHF     BASIS     RHF     MCSCF     RHF     BASIS     RHF     MCSCF   
                                         2107     1007     4302     5302     2108     1008     4302     5302     2109     1009   
                                          RHF     BASIS     RHF     MCSCF     RHF     BASIS     RHF     MCSCF     RHF     BASIS   
                                         4302     5302     2110     1010     4302     5302     2111     1011     4302     5302   
                                          RHF     MCSCF     RHF     BASIS     RHF     MCSCF     RHF     BASIS     RHF     MCSCF   
                                         2112     1012     4302     5302     2113     1013     4302     5302     2114     1014   
                                          RHF     BASIS     RHF     MCSCF     RHF     BASIS     RHF     MCSCF     RHF     BASIS   
                                         4302     5302     2115     1015     4302     5302     2116     1016     4302     5302   
                                          RHF     MCSCF     RHF     BASIS     RHF     MCSCF     RHF     BASIS     RHF     MCSCF   
                                         2117     1017     4302     5302     2118     1018     4302     5302     2119     1019   
                                          RHF     BASIS     RHF     MCSCF     RHF     BASIS     RHF     MCSCF     RHF     BASIS   
                                         4302     5302     2120     1020     4302     5302     2121     1021     4302     5302   
                                          RHF     MCSCF     RHF     BASIS     RHF     MCSCF     RHF     BASIS     RHF     MCSCF   
                                         2122     1022     4302     5302     2123     1023     4302     5302     2124     1024   
                                          RHF     BASIS     RHF     MCSCF     RHF     BASIS     RHF     MCSCF     RHF     BASIS   
                                         4302     5302     2125     1025     4302     5302     2126     1026     4302     5302   
                                          RHF     MCSCF     RHF     BASIS     RHF     MCSCF     RHF     BASIS     RHF     MCSCF   
                                         2127     1027     4302     5302     2128     1028     4302     5302     2129     1029   
                                          RHF     BASIS     RHF     MCSCF     RHF     BASIS     RHF     MCSCF     RHF     BASIS   
                                         4302     5302     2130   
                                          RHF     MCSCF     RHF  

 PROGRAMS   *        TOTAL  UCCSD(T)      DATA      DATA       RHF     MULTI       POP       RHF       INT  UCCSD(T)      DATA
 CPU TIMES  *        86.35      0.21      0.00      0.00      0.07      0.27      0.00      0.04      0.62      0.26      0.00
 REAL TIME  *       274.23 SEC
 DISK USED  *         3.73 GB      
 SF USED    *         8.92 MB      
 GA USED    *         0.00 MB       (max)       0.00 MB       (current)
 **********************************************************************************************************************************
 SETTING EVAL           =        -8.08274687  AU                              

 BFGS final minimum    =        -8.082746868       maximum gradient =           -0.18E-04

           variable                 value           gradient
 BFGS       S_PAR(1)                0.053793        0.0000058
 BFGS       P_PAR(1)                0.076006       -0.0000177
 BFGS       D_PAR(1)                0.238157       -0.0000087


 **********************************************************************************************************************************
 DATASETS  * FILE   NREC   LENGTH (MB)   RECORD NAMES
              1      20       19.87       500      610      700      900      950      970     1029      129      960     1100   
                                          VAR    BASINP    GEOM    SYMINP    ZMAT    AOBASIS   BASIS     P2S    ABASIS      S 
                                         1400     1410     1420     1200     1210     1080     1600     1650     1700     1380   
                                           T        V       ECP      H0       H01     AOSYM     SMH    MOLCAS    OPER     JKOP   

              2     123      225.26       200      700     1000      520     4302     5302     2101     1001     4302     5302   
                                        OPTIONS   GEOM     BASIS   MCVARS     RHF     MCSCF     RHF     BASIS     RHF     MCSCF   
                                         2102     1002     4302     5302     2103     1003     4302     5302     2104     1004   
                                          RHF     BASIS     RHF     MCSCF     RHF     BASIS     RHF     MCSCF     RHF     BASIS   
                                         4302     5302     2105     1005     4302     5302     2106     1006     4302     5302   
                                          RHF     MCSCF     RHF     BASIS     RHF     MCSCF     RHF     BASIS     RHF     MCSCF   
                                         2107     1007     4302     5302     2108     1008     4302     5302     2109     1009   
                                          RHF     BASIS     RHF     MCSCF     RHF     BASIS     RHF     MCSCF     RHF     BASIS   
                                         4302     5302     2110     1010     4302     5302     2111     1011     4302     5302   
                                          RHF     MCSCF     RHF     BASIS     RHF     MCSCF     RHF     BASIS     RHF     MCSCF   
                                         2112     1012     4302     5302     2113     1013     4302     5302     2114     1014   
                                          RHF     BASIS     RHF     MCSCF     RHF     BASIS     RHF     MCSCF     RHF     BASIS   
                                         4302     5302     2115     1015     4302     5302     2116     1016     4302     5302   
                                          RHF     MCSCF     RHF     BASIS     RHF     MCSCF     RHF     BASIS     RHF     MCSCF   
                                         2117     1017     4302     5302     2118     1018     4302     5302     2119     1019   
                                          RHF     BASIS     RHF     MCSCF     RHF     BASIS     RHF     MCSCF     RHF     BASIS   
                                         4302     5302     2120     1020     4302     5302     2121     1021     4302     5302   
                                          RHF     MCSCF     RHF     BASIS     RHF     MCSCF     RHF     BASIS     RHF     MCSCF   
                                         2122     1022     4302     5302     2123     1023     4302     5302     2124     1024   
                                          RHF     BASIS     RHF     MCSCF     RHF     BASIS     RHF     MCSCF     RHF     BASIS   
                                         4302     5302     2125     1025     4302     5302     2126     1026     4302     5302   
                                          RHF     MCSCF     RHF     BASIS     RHF     MCSCF     RHF     BASIS     RHF     MCSCF   
                                         2127     1027     4302     5302     2128     1028     4302     5302     2129     1029   
                                          RHF     BASIS     RHF     MCSCF     RHF     BASIS     RHF     MCSCF     RHF     BASIS   
                                         4302     5302     2130   
                                          RHF     MCSCF     RHF  

 PROGRAMS   *        TOTAL  MINIMIZE      DATA      DATA       RHF     MULTI       POP       RHF       INT  UCCSD(T)      DATA
 CPU TIMES  *        86.36      0.22      0.00      0.00      0.07      0.27      0.00      0.04      0.62      0.26      0.00
 REAL TIME  *       274.24 SEC
 DISK USED  *         3.73 GB      
 SF USED    *         8.92 MB      
 GA USED    *         0.00 MB       (max)       0.00 MB       (current)
 **********************************************************************************************************************************

 MINIMIZE/USERDEF energy=     -8.082746868281

        UCCSD(T)        RHF-SCF         MULTI           RHF-SCF         UCCSD(T)        RHF-SCF         MULTI           RHF-SCF 
     -8.08274687     -8.00739371     -8.00739371     -8.00799786     -8.08274678     -8.00739371     -8.00739371     -8.00799792
 **********************************************************************************************************************************
 Molpro calculation terminated
 Variable memory released
