#-------------------------------------------------
#DMC run: timestep 0.001
#-------------------------------------------------


init { 
   label spin_0.005
}
block { 
   label spin_0.005
   totweight 819200
   nautocorr 0
   total_energy { -67.60344555820865   } 
   total_energyvar { 0.6385895796242416   } 
   weight { 0.9823787276712841   } 
   weightvar { 0.00262367612324341   } 
   kinetic_energy { 23.40335305685666   } 
   kinetic_energyvar { 55.49507456162247   } 
   potential_energy { -102.4836723933824   } 
   potential_energyvar { 123.4587253893258   } 
   nonlocal_energy { 11.47687377831715   } 
   nonlocal_energyvar { 129.0204302297169   } 
   autocorr_energy { } 
} 

block { 
   label spin_0.005
   totweight 819200
   nautocorr 0
   total_energy { -67.6132679693271   } 
   total_energyvar { 0.5511915257630985   } 
   weight { 0.9704666939713078   } 
   weightvar { 0.01026690571255037   } 
   kinetic_energy { 23.68807682633448   } 
   kinetic_energyvar { 53.90896213547383   } 
   potential_energy { -101.9144554236089   } 
   potential_energyvar { 119.5527520463374   } 
   nonlocal_energy { 10.61311062794732   } 
   nonlocal_energyvar { 112.2291828142162   } 
   autocorr_energy { } 
} 

block { 
   label spin_0.005
   totweight 819200
   nautocorr 0
   total_energy { -67.62429198433992   } 
   total_energyvar { 0.5811873781964159   } 
   weight { 0.9786569283062554   } 
   weightvar { 0.01900158742796691   } 
   kinetic_energy { 23.72437097525605   } 
   kinetic_energyvar { 54.00030024142811   } 
   potential_energy { -101.9994412799532   } 
   potential_energyvar { 120.345788526919   } 
   nonlocal_energy { 10.65077832035725   } 
   nonlocal_energyvar { 115.7773570346427   } 
   autocorr_energy { } 
} 

block { 
   label spin_0.005
   totweight 819200
   nautocorr 0
   total_energy { -67.63284379824812   } 
   total_energyvar { 0.5739251348455824   } 
   weight { 0.9850608621381269   } 
   weightvar { 0.02783356960373067   } 
   kinetic_energy { 23.85186818887346   } 
   kinetic_energyvar { 53.30883944741414   } 
   potential_energy { -101.9840892732441   } 
   potential_energyvar { 120.9516590765532   } 
   nonlocal_energy { 10.49937728612252   } 
   nonlocal_energyvar { 112.9346819433024   } 
   autocorr_energy { } 
} 

block { 
   label spin_0.005
   totweight 819200
   nautocorr 0
   total_energy { -67.62602928025896   } 
   total_energyvar { 0.5573191606946383   } 
   weight { 0.9901789229681884   } 
   weightvar { 0.03597105512872541   } 
   kinetic_energy { 24.02771328947592   } 
   kinetic_energyvar { 52.76402142665451   } 
   potential_energy { -102.1309445458169   } 
   potential_energyvar { 119.9729010533191   } 
   nonlocal_energy { 10.47720197608206   } 
   nonlocal_energyvar { 108.7854938094368   } 
   autocorr_energy { } 
} 

block { 
   label spin_0.005
   totweight 819200
   nautocorr 0
   total_energy { -67.62147177528294   } 
   total_energyvar { 0.5827865126924402   } 
   weight { 0.9931176615280366   } 
   weightvar { 0.04378665250327061   } 
   kinetic_energy { 23.9926421302763   } 
   kinetic_energyvar { 55.01714964357257   } 
   potential_energy { -102.3402552720712   } 
   potential_energyvar { 120.9719116626603   } 
   nonlocal_energy { 10.72614136651193   } 
   nonlocal_energyvar { 116.2819554131691   } 
   autocorr_energy { } 
} 

block { 
   label spin_0.005
   totweight 819200
   nautocorr 0
   total_energy { -67.62275362209355   } 
   total_energyvar { 31.6830275417349   } 
   weight { 0.9937562687402596   } 
   weightvar { 0.05129927342906762   } 
   kinetic_energy { 24.06197519269448   } 
   kinetic_energyvar { 82.19884085792634   } 
   potential_energy { -102.4183979281284   } 
   potential_energyvar { 127.305795571381   } 
   nonlocal_energy { 10.73366911334038   } 
   nonlocal_energyvar { 124.0912173272048   } 
   autocorr_energy { } 
} 

block { 
   label spin_0.005
   totweight 819200
   nautocorr 0
   total_energy { -67.61950725335915   } 
   total_energyvar { 0.5537290354530213   } 
   weight { 0.994103030089319   } 
   weightvar { 0.05756686167149159   } 
   kinetic_energy { 24.18629818467716   } 
   kinetic_energyvar { 54.13847644076677   } 
   potential_energy { -102.5229410503509   } 
   potential_energyvar { 120.4586815336382   } 
   nonlocal_energy { 10.71713561231459   } 
   nonlocal_energyvar { 111.6055101005202   } 
   autocorr_energy { } 
} 

block { 
   label spin_0.005
   totweight 819200
   nautocorr 0
   total_energy { -67.61986474958709   } 
   total_energyvar { 0.6028135882384466   } 
   weight { 0.99432694322006   } 
   weightvar { 0.06430701311184817   } 
   kinetic_energy { 24.24163666813187   } 
   kinetic_energyvar { 52.97052315666643   } 
   potential_energy { -102.4378570730679   } 
   potential_energyvar { 120.5586054091599   } 
   nonlocal_energy { 10.57635565534897   } 
   nonlocal_energyvar { 110.0913193830246   } 
   autocorr_energy { } 
} 

block { 
   label spin_0.005
   totweight 819200
   nautocorr 0
   total_energy { -67.63143142215164   } 
   total_energyvar { 0.5626183106386069   } 
   weight { 0.9953010878044216   } 
   weightvar { 0.06921148328153376   } 
   kinetic_energy { 24.22840454002078   } 
   kinetic_energyvar { 52.65310980674238   } 
   potential_energy { -102.4518122230189   } 
   potential_energyvar { 122.2998196503371   } 
   nonlocal_energy { 10.59197626084654   } 
   nonlocal_energyvar { 109.8226206319639   } 
   autocorr_energy { } 
} 

block { 
   label spin_0.005
   totweight 819200
   nautocorr 0
   total_energy { -67.63483835469641   } 
   total_energyvar { 0.6011122888603825   } 
   weight { 0.997761834207706   } 
   weightvar { 0.07232399675909575   } 
   kinetic_energy { 24.19969019489298   } 
   kinetic_energyvar { 54.48597914328288   } 
   potential_energy { -102.4911585436019   } 
   potential_energyvar { 120.7646830913826   } 
   nonlocal_energy { 10.65662999401247   } 
   nonlocal_energyvar { 117.2172924953555   } 
   autocorr_energy { } 
} 

block { 
   label spin_0.005
   totweight 819200
   nautocorr 0
   total_energy { -67.63119351924493   } 
   total_energyvar { 0.5420895971936088   } 
   weight { 0.9998125477694887   } 
   weightvar { 0.07483593855575928   } 
   kinetic_energy { 24.37890020702187   } 
   kinetic_energyvar { 52.0536997749364   } 
   potential_energy { -102.485232654041   } 
   potential_energyvar { 118.6838410936948   } 
   nonlocal_energy { 10.47513892777413   } 
   nonlocal_energyvar { 107.336433119467   } 
   autocorr_energy { } 
} 

block { 
   label spin_0.005
   totweight 819200
   nautocorr 0
   total_energy { -67.62841923768315   } 
   total_energyvar { 0.5480678069846662   } 
   weight { 1.000579380080445   } 
   weightvar { 0.07696379406943392   } 
   kinetic_energy { 24.36347108892555   } 
   kinetic_energyvar { 53.00182172342481   } 
   potential_energy { -102.6866148424225   } 
   potential_energyvar { 119.8274591885299   } 
   nonlocal_energy { 10.69472451581378   } 
   nonlocal_energyvar { 111.7501983355986   } 
   autocorr_energy { } 
} 

block { 
   label spin_0.005
   totweight 819200
   nautocorr 0
   total_energy { -67.62660300784761   } 
   total_energyvar { 0.5747314694308366   } 
   weight { 1.00048106138473   } 
   weightvar { 0.08057626910938955   } 
   kinetic_energy { 24.31039339455131   } 
   kinetic_energyvar { 54.1807801618336   } 
   potential_energy { -102.693636724431   } 
   potential_energyvar { 120.1824127822341   } 
   nonlocal_energy { 10.75664032203212   } 
   nonlocal_energyvar { 112.8290377521583   } 
   autocorr_energy { } 
} 

block { 
   label spin_0.005
   totweight 819200
   nautocorr 0
   total_energy { -67.62464946444055   } 
   total_energyvar { 0.5926789600320609   } 
   weight { 1.000158231787211   } 
   weightvar { 0.08306421046856879   } 
   kinetic_energy { 24.32079617028148   } 
   kinetic_energyvar { 53.93434698007059   } 
   potential_energy { -102.7037679192607   } 
   potential_energyvar { 122.8108333644145   } 
   nonlocal_energy { 10.75832228453867   } 
   nonlocal_energyvar { 115.2244852385251   } 
   autocorr_energy { } 
} 

