#-------------------------------------------------
#DMC run: timestep 0.005
#-------------------------------------------------


init { 
   label spin_0.005
}
block { 
   label spin_0.005
   totweight 3481600
   nautocorr 0
   total_energy { -126.3384823502918   } 
   total_energyvar { 1.688117552208846   } 
   weight { 1.021109659241252   } 
   weightvar { 0.02834597251155258   } 
   kinetic_energy { 47.79688516949046   } 
   kinetic_energyvar { 131.016150975047   } 
   potential_energy { -194.9955232546789   } 
   potential_energyvar { 358.5924489554457   } 
   nonlocal_energy { 20.86015573489655   } 
   nonlocal_energyvar { 298.2703423148199   } 
   autocorr_energy { } 
} 

block { 
   label spin_0.005
   totweight 3481600
   nautocorr 0
   total_energy { -126.3086251631142   } 
   total_energyvar { 1.739950022421169   } 
   weight { 1.009553940849466   } 
   weightvar { 0.07029003667672655   } 
   kinetic_energy { 48.01604028073264   } 
   kinetic_energyvar { 130.6350426507209   } 
   potential_energy { -195.2417029996103   } 
   potential_energyvar { 357.8995327203983   } 
   nonlocal_energy { 20.91703755576357   } 
   nonlocal_energyvar { 295.4089370683263   } 
   autocorr_energy { } 
} 

block { 
   label spin_0.005
   totweight 3481600
   nautocorr 0
   total_energy { -126.30735483186   } 
   total_energyvar { 1.723814466963368   } 
   weight { 0.9899345319117566   } 
   weightvar { 0.08483680495622997   } 
   kinetic_energy { 47.99568526999716   } 
   kinetic_energyvar { 130.5150868391722   } 
   potential_energy { -195.1910211421022   } 
   potential_energyvar { 357.7406203391133   } 
   nonlocal_energy { 20.88798104024502   } 
   nonlocal_energyvar { 295.5139888669274   } 
   autocorr_energy { } 
} 

#-------------------------------------------------
#DMC run: timestep 0.005
#-------------------------------------------------


init { 
   label spin_0.005
}
block { 
   label spin_0.005
   totweight 3481600
   nautocorr 0
   total_energy { -126.3070419724767   } 
   total_energyvar { 1.712369978522647   } 
   weight { 0.9896775511705249   } 
   weightvar { 0.09115416347811262   } 
   kinetic_energy { 48.03657334206531   } 
   kinetic_energyvar { 130.4504528279112   } 
   potential_energy { -195.2343795073837   } 
   potential_energyvar { 355.3488340200903   } 
   nonlocal_energy { 20.89076419284163   } 
   nonlocal_energyvar { 295.2089849158647   } 
   autocorr_energy { } 
} 

block { 
   label spin_0.005
   totweight 3481600
   nautocorr 0
   total_energy { -126.3108918406858   } 
   total_energyvar { 1.702864567669353   } 
   weight { 0.9960453253670283   } 
   weightvar { 0.0924054369177475   } 
   kinetic_energy { 47.96728366629203   } 
   kinetic_energyvar { 130.9199749416812   } 
   potential_energy { -195.2030642726303   } 
   potential_energyvar { 356.8994985935335   } 
   nonlocal_energy { 20.92488876565245   } 
   nonlocal_energyvar { 296.8719256013417   } 
   autocorr_energy { } 
} 

block { 
   label spin_0.005
   totweight 3481600
   nautocorr 0
   total_energy { -126.3087108158949   } 
   total_energyvar { 1.856177702760928   } 
   weight { 0.998675586082868   } 
   weightvar { 0.09016143137054902   } 
   kinetic_energy { 47.93254831934888   } 
   kinetic_energyvar { 130.5439198866024   } 
   potential_energy { -195.1131410649583   } 
   potential_energyvar { 356.0785376943789   } 
   nonlocal_energy { 20.87188192971453   } 
   nonlocal_energyvar { 295.5915417876598   } 
   autocorr_energy { } 
} 

block { 
   label spin_0.005
   totweight 3481600
   nautocorr 0
   total_energy { -126.3097704547996   } 
   total_energyvar { 1.783370543561924   } 
   weight { 0.9987887246706842   } 
   weightvar { 0.09114746583213026   } 
   kinetic_energy { 47.93274438900052   } 
   kinetic_energyvar { 130.8661374641569   } 
   potential_energy { -195.1456924689633   } 
   potential_energyvar { 358.3782602682442   } 
   nonlocal_energy { 20.90317762516323   } 
   nonlocal_energyvar { 296.924847429121   } 
   autocorr_energy { } 
} 

block { 
   label spin_0.005
   totweight 3481600
   nautocorr 0
   total_energy { -126.3098135093574   } 
   total_energyvar { 1.698617834373283   } 
   weight { 0.9992284562508027   } 
   weightvar { 0.09191824352932343   } 
   kinetic_energy { 47.95442901806356   } 
   kinetic_energyvar { 130.3871597636742   } 
   potential_energy { -195.1441107669359   } 
   potential_energyvar { 357.0012138964327   } 
   nonlocal_energy { 20.879868239515   } 
   nonlocal_energyvar { 296.7409225492738   } 
   autocorr_energy { } 
} 

block { 
   label spin_0.005
   totweight 3481600
   nautocorr 0
   total_energy { -126.3048755886553   } 
   total_energyvar { 1.708703616676799   } 
   weight { 0.9990547841687885   } 
   weightvar { 0.09122671753708382   } 
   kinetic_energy { 47.96416302503263   } 
   kinetic_energyvar { 130.3306632065832   } 
   potential_energy { -195.1642518647918   } 
   potential_energyvar { 356.4982038947969   } 
   nonlocal_energy { 20.89521325110386   } 
   nonlocal_energyvar { 295.1024056434827   } 
   autocorr_energy { } 
} 

