#-------------------------------------------------
#DMC run: timestep 0.005
#-------------------------------------------------


init { 
   label spin_0.005
}
block { 
   label spin_0.005
   totweight 1740800
   nautocorr 0
   total_energy { -134.6193742641357   } 
   total_energyvar { 3.003185374841637   } 
   weight { 1.033642814166252   } 
   weightvar { 0.04572099913769902   } 
   kinetic_energy { 47.10832674529288   } 
   kinetic_energyvar { 153.8854381484154   } 
   potential_energy { -195.4924737382201   } 
   potential_energyvar { 167.7041824452682   } 
   nonlocal_energy { 13.76477272879146   } 
   nonlocal_energyvar { 228.57208177078   } 
   autocorr_energy { } 
} 

block { 
   label spin_0.005
   totweight 1740800
   nautocorr 0
   total_energy { -134.6044931756294   } 
   total_energyvar { 3.002074695458656   } 
   weight { 1.031572808288978   } 
   weightvar { 0.09031980530991536   } 
   kinetic_energy { 47.29642173255112   } 
   kinetic_energyvar { 154.5749679760595   } 
   potential_energy { -195.6623550280402   } 
   potential_energyvar { 168.7326848676328   } 
   nonlocal_energy { 13.76144011985971   } 
   nonlocal_energyvar { 229.4243959070466   } 
   autocorr_energy { } 
} 

block { 
   label spin_0.005
   totweight 1740800
   nautocorr 0
   total_energy { -134.6043829420618   } 
   total_energyvar { 3.067145872579276   } 
   weight { 1.003881003221316   } 
   weightvar { 0.100473802872768   } 
   kinetic_energy { 47.43337735323735   } 
   kinetic_energyvar { 153.8609630551449   } 
   potential_energy { -195.8872419971635   } 
   potential_energyvar { 169.2346508709886   } 
   nonlocal_energy { 13.84948170186437   } 
   nonlocal_energyvar { 231.2921621781821   } 
   autocorr_energy { } 
} 

block { 
   label spin_0.005
   totweight 1740800
   nautocorr 0
   total_energy { -134.6105482898469   } 
   total_energyvar { 3.026095630089403   } 
   weight { 1.000763258583227   } 
   weightvar { 0.1016747625148682   } 
   kinetic_energy { 47.44275172315292   } 
   kinetic_energyvar { 153.4329863474256   } 
   potential_energy { -195.8424472880859   } 
   potential_energyvar { 167.7261358888742   } 
   nonlocal_energy { 13.78914727508606   } 
   nonlocal_energyvar { 227.6350499982751   } 
   autocorr_energy { } 
} 

block { 
   label spin_0.005
   totweight 1740800
   nautocorr 0
   total_energy { -134.6012480630327   } 
   total_energyvar { 3.036976256227407   } 
   weight { 0.99709331689175   } 
   weightvar { 0.1042702954082264   } 
   kinetic_energy { 47.52537628036131   } 
   kinetic_energyvar { 153.4725183810218   } 
   potential_energy { -195.9870488505337   } 
   potential_energyvar { 165.3776568508835   } 
   nonlocal_energy { 13.86042450713966   } 
   nonlocal_energyvar { 229.2277788861028   } 
   autocorr_energy { } 
} 

block { 
   label spin_0.005
   totweight 1740800
   nautocorr 0
   total_energy { -134.6066311315257   } 
   total_energyvar { 3.030421593166418   } 
   weight { 0.9951288189284334   } 
   weightvar { 0.1049984080341746   } 
   kinetic_energy { 47.51889701080749   } 
   kinetic_energyvar { 153.6674799723122   } 
   potential_energy { -195.9385006511553   } 
   potential_energyvar { 169.2702833632816   } 
   nonlocal_energy { 13.81297250882205   } 
   nonlocal_energyvar { 230.1173179679054   } 
   autocorr_energy { } 
} 

block { 
   label spin_0.005
   totweight 1740800
   nautocorr 0
   total_energy { -134.6070995848286   } 
   total_energyvar { 3.022466556240357   } 
   weight { 0.9977908721215587   } 
   weightvar { 0.1019828400178249   } 
   kinetic_energy { 47.45103715305864   } 
   kinetic_energyvar { 156.4329849270743   } 
   potential_energy { -196.0071954538105   } 
   potential_energyvar { 169.1236490532889   } 
   nonlocal_energy { 13.94905871592334   } 
   nonlocal_energyvar { 234.0242879595352   } 
   autocorr_energy { } 
} 

block { 
   label spin_0.005
   totweight 1740800
   nautocorr 0
   total_energy { -134.6132399063142   } 
   total_energyvar { 3.04559425788398   } 
   weight { 1.00167144340044   } 
   weightvar { 0.1046835778620257   } 
   kinetic_energy { 47.43633355096446   } 
   kinetic_energyvar { 155.6433117654598   } 
   potential_energy { -195.9292027189038   } 
   potential_energyvar { 169.9811228443899   } 
   nonlocal_energy { 13.87962926162518   } 
   nonlocal_energyvar { 231.794565378131   } 
   autocorr_energy { } 
} 

block { 
   label spin_0.005
   totweight 1740800
   nautocorr 0
   total_energy { -134.6063661269184   } 
   total_energyvar { 3.029078336689296   } 
   weight { 1.002736537569527   } 
   weightvar { 0.1017587117673364   } 
   kinetic_energy { 47.44562323793256   } 
   kinetic_energyvar { 154.9198562537434   } 
   potential_energy { -195.8713190363606   } 
   potential_energyvar { 169.5493813944195   } 
   nonlocal_energy { 13.81932967150969   } 
   nonlocal_energyvar { 231.538450256646   } 
   autocorr_energy { } 
} 

block { 
   label spin_0.005
   totweight 1740800
   nautocorr 0
   total_energy { -134.6117447392777   } 
   total_energyvar { 3.166132467812005   } 
   weight { 1.001113095431824   } 
   weightvar { 0.1024652083849788   } 
   kinetic_energy { 47.56416033918834   } 
   kinetic_energyvar { 153.5146139098479   } 
   potential_energy { -195.986190945978   } 
   potential_energyvar { 168.6715300399992   } 
   nonlocal_energy { 13.81028586751194   } 
   nonlocal_energyvar { 229.5872592249223   } 
   autocorr_energy { } 
} 

block { 
   label spin_0.005
   totweight 1740800
   nautocorr 0
   total_energy { -134.6131838063717   } 
   total_energyvar { 3.028582642898291   } 
   weight { 1.00420570947098   } 
   weightvar { 0.1031189762853699   } 
   kinetic_energy { 47.56561882281943   } 
   kinetic_energyvar { 154.6967910269095   } 
   potential_energy { -196.0312691692931   } 
   potential_energyvar { 168.2081166276682   } 
   nonlocal_energy { 13.85246654010188   } 
   nonlocal_energyvar { 230.1968878335217   } 
   autocorr_energy { } 
} 

block { 
   label spin_0.005
   totweight 1740800
   nautocorr 0
   total_energy { -134.6114434320359   } 
   total_energyvar { 3.025460464807325   } 
   weight { 1.003740445131707   } 
   weightvar { 0.1031274062268793   } 
   kinetic_energy { 47.50095095165472   } 
   kinetic_energyvar { 153.1451856438412   } 
   potential_energy { -195.875697520747   } 
   potential_energyvar { 167.7959810181711   } 
   nonlocal_energy { 13.76330313705637   } 
   nonlocal_energyvar { 229.7073958870829   } 
   autocorr_energy { } 
} 

block { 
   label spin_0.005
   totweight 1740800
   nautocorr 0
   total_energy { -134.6038407720554   } 
   total_energyvar { 3.068719796862868   } 
   weight { 0.9991799413063301   } 
   weightvar { 0.1023891555874826   } 
   kinetic_energy { 47.54454376689541   } 
   kinetic_energyvar { 154.5835175622973   } 
   potential_energy { -196.0306721357824   } 
   potential_energyvar { 169.4258536056134   } 
   nonlocal_energy { 13.88228759683166   } 
   nonlocal_energyvar { 230.3153170225239   } 
   autocorr_energy { } 
} 

block { 
   label spin_0.005
   totweight 1740800
   nautocorr 0
   total_energy { -134.6081392843338   } 
   total_energyvar { 3.040075876629035   } 
   weight { 0.9991246900623497   } 
   weightvar { 0.1023315492309851   } 
   kinetic_energy { 47.57414811152759   } 
   kinetic_energyvar { 154.3958181608903   } 
   potential_energy { -196.0150224944201   } 
   potential_energyvar { 169.0510893202359   } 
   nonlocal_energy { 13.83273509855871   } 
   nonlocal_energyvar { 228.5270543142338   } 
   autocorr_energy { } 
} 

block { 
   label spin_0.005
   totweight 1740800
   nautocorr 0
   total_energy { -134.6113112019095   } 
   total_energyvar { 3.038048510378578   } 
   weight { 1.00065501281917   } 
   weightvar { 0.1034363025878392   } 
   kinetic_energy { 47.5235036423564   } 
   kinetic_energyvar { 153.3039804692971   } 
   potential_energy { -195.9208590819968   } 
   potential_energyvar { 169.5086953095805   } 
   nonlocal_energy { 13.78604423773093   } 
   nonlocal_energyvar { 228.1383079644257   } 
   autocorr_energy { } 
} 

block { 
   label spin_0.005
   totweight 1740800
   nautocorr 0
   total_energy { -134.6004316939454   } 
   total_energyvar { 3.04754501983922   } 
   weight { 0.9975676244868825   } 
   weightvar { 0.1041988548734513   } 
   kinetic_energy { 47.49826699123756   } 
   kinetic_energyvar { 155.3215027434362   } 
   potential_energy { -195.9266902218285   } 
   potential_energyvar { 168.2831028287514   } 
   nonlocal_energy { 13.82799153664548   } 
   nonlocal_energyvar { 232.1067539663401   } 
   autocorr_energy { } 
} 

