#-------------------------------------------------
#VMC run: timestep 1.2 nconfig 3200 steps 100
#-------------------------------------------------


init { 
   label vmc
}
block { 
   label vmc
   totweight 320000
   nautocorr 0
   total_energy { -11.31819236498881   } 
   total_energyvar { 0.1865907437986305   } 
   weight { 1   } 
   weightvar { 0   } 
   kinetic_energy { 3.571890590505794   } 
   kinetic_energyvar { 4.171522210870594   } 
   potential_energy { -16.30511778686623   } 
   potential_energyvar { 4.817265501748317   } 
   nonlocal_energy { 1.415034831371636   } 
   nonlocal_energyvar { 6.138518135848562   } 
   autocorr_energy { } 
} 

block { 
   label vmc
   totweight 320000
   nautocorr 0
   total_energy { -11.3213736100662   } 
   total_energyvar { 0.2128679301892494   } 
   weight { 1   } 
   weightvar { 0   } 
   kinetic_energy { 3.553186462102536   } 
   kinetic_energyvar { 4.507652849382847   } 
   potential_energy { -16.31483214104189   } 
   potential_energyvar { 4.874972312412809   } 
   nonlocal_energy { 1.440272068873157   } 
   nonlocal_energyvar { 6.555873728016791   } 
   autocorr_energy { } 
} 

block { 
   label vmc
   totweight 320000
   nautocorr 0
   total_energy { -11.3205144410795   } 
   total_energyvar { 0.1862257330353138   } 
   weight { 1   } 
   weightvar { 0   } 
   kinetic_energy { 3.559683697628317   } 
   kinetic_energyvar { 4.355491170624618   } 
   potential_energy { -16.31638612957582   } 
   potential_energyvar { 4.828827137665174   } 
   nonlocal_energy { 1.436187990868008   } 
   nonlocal_energyvar { 6.37140716051866   } 
   autocorr_energy { } 
} 

block { 
   label vmc
   totweight 320000
   nautocorr 0
   total_energy { -11.32035646993243   } 
   total_energyvar { 0.1719559814316114   } 
   weight { 1   } 
   weightvar { 0   } 
   kinetic_energy { 3.576616609119276   } 
   kinetic_energyvar { 4.220065785717042   } 
   potential_energy { -16.31578942528177   } 
   potential_energyvar { 4.819863512186457   } 
   nonlocal_energy { 1.418816346230069   } 
   nonlocal_energyvar { 6.100119080104101   } 
   autocorr_energy { } 
} 

block { 
   label vmc
   totweight 320000
   nautocorr 0
   total_energy { -11.32062158254513   } 
   total_energyvar { 0.1598918032994912   } 
   weight { 1   } 
   weightvar { 0   } 
   kinetic_energy { 3.570782829875588   } 
   kinetic_energyvar { 4.176849531067649   } 
   potential_energy { -16.30495030821596   } 
   potential_energyvar { 4.798662437215587   } 
   nonlocal_energy { 1.413545895795232   } 
   nonlocal_energyvar { 6.094718756348959   } 
   autocorr_energy { } 
} 

block { 
   label vmc
   totweight 320000
   nautocorr 0
   total_energy { -11.32005129932807   } 
   total_energyvar { 0.1784495065325492   } 
   weight { 1   } 
   weightvar { 0   } 
   kinetic_energy { 3.564515490166929   } 
   kinetic_energyvar { 4.215393611004778   } 
   potential_energy { -16.30225870604225   } 
   potential_energyvar { 4.817397789481893   } 
   nonlocal_energy { 1.417691916547249   } 
   nonlocal_energyvar { 6.20852449206656   } 
   autocorr_energy { } 
} 

block { 
   label vmc
   totweight 320000
   nautocorr 0
   total_energy { -11.31985724550376   } 
   total_energyvar { 0.1596947571852451   } 
   weight { 1   } 
   weightvar { 0   } 
   kinetic_energy { 3.567647740847922   } 
   kinetic_energyvar { 4.152942395770248   } 
   potential_energy { -16.30952993934749   } 
   potential_energyvar { 4.852023589631838   } 
   nonlocal_energy { 1.422024952995806   } 
   nonlocal_energyvar { 6.112151117627074   } 
   autocorr_energy { } 
} 

block { 
   label vmc
   totweight 320000
   nautocorr 0
   total_energy { -11.31948769931861   } 
   total_energyvar { 0.463008627921612   } 
   weight { 1   } 
   weightvar { 0   } 
   kinetic_energy { 3.567292406429901   } 
   kinetic_energyvar { 4.537964681757002   } 
   potential_energy { -16.30146572585469   } 
   potential_energyvar { 4.828488127357446   } 
   nonlocal_energy { 1.414685620106182   } 
   nonlocal_energyvar { 6.192857650332146   } 
   autocorr_energy { } 
} 

block { 
   label vmc
   totweight 320000
   nautocorr 0
   total_energy { -11.32095629249604   } 
   total_energyvar { 0.1970957970795299   } 
   weight { 1   } 
   weightvar { 0   } 
   kinetic_energy { 3.564946653686883   } 
   kinetic_energyvar { 4.379092080737665   } 
   potential_energy { -16.32061971873241   } 
   potential_energyvar { 4.855662221686195   } 
   nonlocal_energy { 1.434716772549486   } 
   nonlocal_energyvar { 6.353324423771711   } 
   autocorr_energy { } 
} 

block { 
   label vmc
   totweight 320000
   nautocorr 0
   total_energy { -11.3201345858224   } 
   total_energyvar { 0.3566676145188665   } 
   weight { 1   } 
   weightvar { 0   } 
   kinetic_energy { 3.568171315325628   } 
   kinetic_energyvar { 4.451545841965047   } 
   potential_energy { -16.3190947644786   } 
   potential_energyvar { 4.8965874610267   } 
   nonlocal_energy { 1.430788863330571   } 
   nonlocal_energyvar { 6.421793466976217   } 
   autocorr_energy { } 
} 

block { 
   label vmc
   totweight 320000
   nautocorr 0
   total_energy { -11.32178733144838   } 
   total_energyvar { 0.1989542554889172   } 
   weight { 1   } 
   weightvar { 0   } 
   kinetic_energy { 3.562555712807507   } 
   kinetic_energyvar { 4.330566697432244   } 
   potential_energy { -16.30739233328361   } 
   potential_energyvar { 4.84154438672436   } 
   nonlocal_energy { 1.423049289027715   } 
   nonlocal_energyvar { 6.295690131958477   } 
   autocorr_energy { } 
} 

block { 
   label vmc
   totweight 320000
   nautocorr 0
   total_energy { -11.32046423021952   } 
   total_energyvar { 0.1631220572423306   } 
   weight { 1   } 
   weightvar { 0   } 
   kinetic_energy { 3.55913730489712   } 
   kinetic_energyvar { 4.210612522693666   } 
   potential_energy { -16.30179427266414   } 
   potential_energyvar { 4.847548884605746   } 
   nonlocal_energy { 1.422192737547499   } 
   nonlocal_energyvar { 6.195219146662239   } 
   autocorr_energy { } 
} 

block { 
   label vmc
   totweight 320000
   nautocorr 0
   total_energy { -11.32048244177468   } 
   total_energyvar { 0.1626147867235557   } 
   weight { 1   } 
   weightvar { 0   } 
   kinetic_energy { 3.561778852405958   } 
   kinetic_energyvar { 4.279016039250214   } 
   potential_energy { -16.30764873558635   } 
   potential_energyvar { 4.853544691776106   } 
   nonlocal_energy { 1.425387441405717   } 
   nonlocal_energyvar { 6.300103921065454   } 
   autocorr_energy { } 
} 

block { 
   label vmc
   totweight 320000
   nautocorr 0
   total_energy { -11.32048857358041   } 
   total_energyvar { 0.1693512688524119   } 
   weight { 1   } 
   weightvar { 0   } 
   kinetic_energy { 3.568681414322008   } 
   kinetic_energyvar { 4.29054411082977   } 
   potential_energy { -16.31051457511463   } 
   potential_energyvar { 4.824109331740978   } 
   nonlocal_energy { 1.421344587212215   } 
   nonlocal_energyvar { 6.229108437010298   } 
   autocorr_energy { } 
} 

block { 
   label vmc
   totweight 320000
   nautocorr 0
   total_energy { -11.32147686977635   } 
   total_energyvar { 0.3237088243694671   } 
   weight { 1   } 
   weightvar { 0   } 
   kinetic_energy { 3.573221331722721   } 
   kinetic_energyvar { 4.409496403811108   } 
   potential_energy { -16.30694179463514   } 
   potential_energyvar { 4.852425464324187   } 
   nonlocal_energy { 1.412243593136073   } 
   nonlocal_energyvar { 6.225614849960398   } 
   autocorr_energy { } 
} 

block { 
   label vmc
   totweight 320000
   nautocorr 0
   total_energy { -11.32011454821491   } 
   total_energyvar { 0.2923898371824912   } 
   weight { 1   } 
   weightvar { 0   } 
   kinetic_energy { 3.559823159765624   } 
   kinetic_energyvar { 4.359770424196538   } 
   potential_energy { -16.30677453593453   } 
   potential_energyvar { 4.853326015902875   } 
   nonlocal_energy { 1.426836827953994   } 
   nonlocal_energyvar { 6.329037438404554   } 
   autocorr_energy { } 
} 

block { 
   label vmc
   totweight 320000
   nautocorr 0
   total_energy { -11.31889208240118   } 
   total_energyvar { 0.3387334525016734   } 
   weight { 1   } 
   weightvar { 0   } 
   kinetic_energy { 3.570819522593924   } 
   kinetic_energyvar { 4.355187493836053   } 
   potential_energy { -16.31222896655557   } 
   potential_energyvar { 4.888696727346892   } 
   nonlocal_energy { 1.422517361560464   } 
   nonlocal_energyvar { 6.246752763821536   } 
   autocorr_energy { } 
} 

block { 
   label vmc
   totweight 320000
   nautocorr 0
   total_energy { -11.31942701819191   } 
   total_energyvar { 0.1948158188235672   } 
   weight { 1   } 
   weightvar { 0   } 
   kinetic_energy { 3.561244251146662   } 
   kinetic_energyvar { 4.253297982448108   } 
   potential_energy { -16.30245855651173   } 
   potential_energyvar { 4.816106916547185   } 
   nonlocal_energy { 1.42178728717316   } 
   nonlocal_energyvar { 6.245184717310946   } 
   autocorr_energy { } 
} 

block { 
   label vmc
   totweight 320000
   nautocorr 0
   total_energy { -11.32059777652911   } 
   total_energyvar { 0.1778702443297731   } 
   weight { 1   } 
   weightvar { 0   } 
   kinetic_energy { 3.568989109869962   } 
   kinetic_energyvar { 4.237999585697384   } 
   potential_energy { -16.31807077505262   } 
   potential_energyvar { 4.81812481507668   } 
   nonlocal_energy { 1.428483888653541   } 
   nonlocal_energyvar { 6.245425369941818   } 
   autocorr_energy { } 
} 

block { 
   label vmc
   totweight 320000
   nautocorr 0
   total_energy { -11.31976992454744   } 
   total_energyvar { 0.2051813933748508   } 
   weight { 1   } 
   weightvar { 0   } 
   kinetic_energy { 3.561438453349669   } 
   kinetic_energyvar { 4.320131846131486   } 
   potential_energy { -16.30924594340021   } 
   potential_energyvar { 4.847385110589897   } 
   nonlocal_energy { 1.428037565503105   } 
   nonlocal_energyvar { 6.283834223579114   } 
   autocorr_energy { } 
} 

