#-------------------------------------------------
#DMC run: timestep 0.001
#-------------------------------------------------


init { 
   label spin_0.001
}
#-------------------------------------------------
#DMC run: timestep 0.001
#-------------------------------------------------


init { 
   label spin_0.001
}
block { 
   label spin_0.001
   totweight 4352000
   nautocorr 0
   total_energy { -10.2689348887731   } 
   total_energyvar { 0.2952840437654025   } 
   weight { 1.012511381680174   } 
   weightvar { 0.00716853986749553   } 
   kinetic_energy { 3.09500316091432   } 
   kinetic_energyvar { 4.623921076329515   } 
   potential_energy { -14.45205955639082   } 
   potential_energyvar { 4.291949487618977   } 
   nonlocal_energy { 1.088121506703398   } 
   nonlocal_energyvar { 6.665570440116857   } 
   autocorr_energy { } 
} 

block { 
   label spin_0.001
   totweight 4352000
   nautocorr 0
   total_energy { -10.26689199230649   } 
   total_energyvar { 0.2456782002693698   } 
   weight { 1.011385938745706   } 
   weightvar { 0.007035626359371202   } 
   kinetic_energy { 3.0992018205565   } 
   kinetic_energyvar { 4.586280662668666   } 
   potential_energy { -14.42884007363215   } 
   potential_energyvar { 4.226756961061598   } 
   nonlocal_energy { 1.062746260769155   } 
   nonlocal_energyvar { 6.529603793216381   } 
   autocorr_energy { } 
} 

block { 
   label spin_0.001
   totweight 4352000
   nautocorr 0
   total_energy { -10.26461925706954   } 
   total_energyvar { 0.2036352804788275   } 
   weight { 1.011428902124879   } 
   weightvar { 0.0264468487976137   } 
   kinetic_energy { 3.10405597486527   } 
   kinetic_energyvar { 4.568232891849348   } 
   potential_energy { -14.45114831347657   } 
   potential_energyvar { 4.237031772683507   } 
   nonlocal_energy { 1.082473081541755   } 
   nonlocal_energyvar { 6.483077513673146   } 
   autocorr_energy { } 
} 

block { 
   label spin_0.001
   totweight 4352000
   nautocorr 0
   total_energy { -10.26621703021572   } 
   total_energyvar { 0.3873545276628125   } 
   weight { 1.012260942450767   } 
   weightvar { 0.02584713907339894   } 
   kinetic_energy { 3.100889772942596   } 
   kinetic_energyvar { 4.750030997978951   } 
   potential_energy { -14.45190638720464   } 
   potential_energyvar { 4.343489631961909   } 
   nonlocal_energy { 1.084799584046319   } 
   nonlocal_energyvar { 6.847656066353685   } 
   autocorr_energy { } 
} 

block { 
   label spin_0.001
   totweight 4352000
   nautocorr 0
   total_energy { -10.25867524479419   } 
   total_energyvar { 0.1992326466113391   } 
   weight { 0.9981663716515299   } 
   weightvar { 0.04438377733683228   } 
   kinetic_energy { 3.12086571630748   } 
   kinetic_energyvar { 4.429960333268597   } 
   potential_energy { -14.43200852770581   } 
   potential_energyvar { 4.251495646859246   } 
   nonlocal_energy { 1.052467566604138   } 
   nonlocal_energyvar { 6.362433155682283   } 
   autocorr_energy { } 
} 

block { 
   label spin_0.001
   totweight 4352000
   nautocorr 0
   total_energy { -10.26474409353281   } 
   total_energyvar { 0.2386053840647604   } 
   weight { 1.000229620911099   } 
   weightvar { 0.04286134398201474   } 
   kinetic_energy { 3.138813647015332   } 
   kinetic_energyvar { 4.708447277217886   } 
   potential_energy { -14.48893864309177   } 
   potential_energyvar { 4.198593826728138   } 
   nonlocal_energy { 1.085380902543631   } 
   nonlocal_energyvar { 6.838064146901832   } 
   autocorr_energy { } 
} 

block { 
   label spin_0.001
   totweight 4352000
   nautocorr 0
   total_energy { -10.26294321025471   } 
   total_energyvar { 0.1884752166785091   } 
   weight { 0.9949362659428929   } 
   weightvar { 0.05850559694237609   } 
   kinetic_energy { 3.125330214369838   } 
   kinetic_energyvar { 4.380913321279298   } 
   potential_energy { -14.46830958289325   } 
   potential_energyvar { 4.251242681135348   } 
   nonlocal_energy { 1.0800361582687   } 
   nonlocal_energyvar { 6.339857218815329   } 
   autocorr_energy { } 
} 

block { 
   label spin_0.001
   totweight 4352000
   nautocorr 0
   total_energy { -10.26044028862982   } 
   total_energyvar { 0.1916498005612117   } 
   weight { 0.9948553194208426   } 
   weightvar { 0.0563282173926378   } 
   kinetic_energy { 3.160146690581477   } 
   kinetic_energyvar { 4.429509965577545   } 
   potential_energy { -14.49415377579981   } 
   potential_energyvar { 4.25132597637043   } 
   nonlocal_energy { 1.073566796588512   } 
   nonlocal_energyvar { 6.443117762724261   } 
   autocorr_energy { } 
} 

block { 
   label spin_0.001
   totweight 4352000
   nautocorr 0
   total_energy { -10.26205105279126   } 
   total_energyvar { 0.2230931346689351   } 
   weight { 0.995256461909937   } 
   weightvar { 0.06944170263169139   } 
   kinetic_energy { 3.110538475009359   } 
   kinetic_energyvar { 4.875581576663382   } 
   potential_energy { -14.48901659049824   } 
   potential_energyvar { 4.304831985003579   } 
   nonlocal_energy { 1.11642706269762   } 
   nonlocal_energyvar { 6.993846780951055   } 
   autocorr_energy { } 
} 

block { 
   label spin_0.001
   totweight 4352000
   nautocorr 0
   total_energy { -10.25663984876349   } 
   total_energyvar { 0.2025254698152666   } 
   weight { 0.9920578047833397   } 
   weightvar { 0.06798481671636868   } 
   kinetic_energy { 3.139371979743237   } 
   kinetic_energyvar { 4.603464407066038   } 
   potential_energy { -14.49224399636962   } 
   potential_energyvar { 4.243327286630861   } 
   nonlocal_energy { 1.096232167862886   } 
   nonlocal_energyvar { 6.752178136032609   } 
   autocorr_energy { } 
} 

block { 
   label spin_0.001
   totweight 4352000
   nautocorr 0
   total_energy { -10.26089068762714   } 
   total_energyvar { 0.3290468381322104   } 
   weight { 0.9936582099013993   } 
   weightvar { 0.07750108496642025   } 
   kinetic_energy { 3.116751807580323   } 
   kinetic_energyvar { 4.795022367148148   } 
   potential_energy { -14.4606773783279   } 
   potential_energyvar { 4.178513973892509   } 
   nonlocal_energy { 1.083034883120443   } 
   nonlocal_energyvar { 7.022202495189877   } 
   autocorr_energy { } 
} 

block { 
   label spin_0.001
   totweight 4352000
   nautocorr 0
   total_energy { -10.25766106261108   } 
   total_energyvar { 0.3301793048023535   } 
   weight { 0.9906350466421393   } 
   weightvar { 0.0750296730465386   } 
   kinetic_energy { 3.136105493258142   } 
   kinetic_energyvar { 4.813401386123255   } 
   potential_energy { -14.49745102925732   } 
   potential_energyvar { 4.243688612121004   } 
   nonlocal_energy { 1.103684473388099   } 
   nonlocal_energyvar { 6.958879455654267   } 
   autocorr_energy { } 
} 

block { 
   label spin_0.001
   totweight 4352000
   nautocorr 0
   total_energy { -10.26106982706308   } 
   total_energyvar { 0.2082801381472906   } 
   weight { 0.9945993078697367   } 
   weightvar { 0.08167165560442756   } 
   kinetic_energy { 3.13679327322304   } 
   kinetic_energyvar { 4.465445534385651   } 
   potential_energy { -14.48952654424959   } 
   potential_energyvar { 4.237536260109407   } 
   nonlocal_energy { 1.091663443963473   } 
   nonlocal_energyvar { 6.477793956652046   } 
   autocorr_energy { } 
} 

block { 
   label spin_0.001
   totweight 4352000
   nautocorr 0
   total_energy { -10.25767780481585   } 
   total_energyvar { 0.3603971132466431   } 
   weight { 0.9916228175823314   } 
   weightvar { 0.08105683760740726   } 
   kinetic_energy { 3.143138338329696   } 
   kinetic_energyvar { 4.737141794140797   } 
   potential_energy { -14.47855507637101   } 
   potential_energyvar { 4.283443900509595   } 
   nonlocal_energy { 1.077738933225462   } 
   nonlocal_energyvar { 6.671996591522927   } 
   autocorr_energy { } 
} 

block { 
   label spin_0.001
   totweight 4352000
   nautocorr 0
   total_energy { -10.25563513257642   } 
   total_energyvar { 0.4076405879960855   } 
   weight { 0.9935575336535354   } 
   weightvar { 0.08385392262081963   } 
   kinetic_energy { 3.139418808559869   } 
   kinetic_energyvar { 4.690729379374975   } 
   potential_energy { -14.4683625769568   } 
   potential_energyvar { 4.246383207687599   } 
   nonlocal_energy { 1.073308635820506   } 
   nonlocal_energyvar { 6.874850517011356   } 
   autocorr_energy { } 
} 

block { 
   label spin_0.001
   totweight 4352000
   nautocorr 0
   total_energy { -10.26213765843834   } 
   total_energyvar { 0.2221664681101448   } 
   weight { 0.994489264676611   } 
   weightvar { 0.08450164661137469   } 
   kinetic_energy { 3.164605566660339   } 
   kinetic_energyvar { 4.438747589353551   } 
   potential_energy { -14.48473057588642   } 
   potential_energyvar { 4.175493427012579   } 
   nonlocal_energy { 1.057987350787739   } 
   nonlocal_energyvar { 6.257336619567978   } 
   autocorr_energy { } 
} 

block { 
   label spin_0.001
   totweight 4352000
   nautocorr 0
   total_energy { -10.25690674447624   } 
   total_energyvar { 0.2510492672205422   } 
   weight { 0.9916936848302195   } 
   weightvar { 0.08723142926796826   } 
   kinetic_energy { 3.128123137264117   } 
   kinetic_energyvar { 4.705034393942108   } 
   potential_energy { -14.49115370620539   } 
   potential_energyvar { 4.24991232164844   } 
   nonlocal_energy { 1.106123824465028   } 
   nonlocal_energyvar { 6.919844003475401   } 
   autocorr_energy { } 
} 

block { 
   label spin_0.001
   totweight 4352000
   nautocorr 0
   total_energy { -10.25858083504672   } 
   total_energyvar { 0.2657025562623228   } 
   weight { 0.9969187811767016   } 
   weightvar { 0.08615377978993499   } 
   kinetic_energy { 3.147276982657396   } 
   kinetic_energyvar { 4.504147834924081   } 
   potential_energy { -14.47652987398218   } 
   potential_energyvar { 4.228940202318264   } 
   nonlocal_energy { 1.070672056278058   } 
   nonlocal_energyvar { 6.545879599119618   } 
   autocorr_energy { } 
} 

block { 
   label spin_0.001
   totweight 4352000
   nautocorr 0
   total_energy { -10.25942873790355   } 
   total_energyvar { 0.2441266335987069   } 
   weight { 0.994501371007169   } 
   weightvar { 0.08930254349662324   } 
   kinetic_energy { 3.134763480458232   } 
   kinetic_energyvar { 4.659550715031427   } 
   potential_energy { -14.48200635762091   } 
   potential_energyvar { 4.2675491504806   } 
   nonlocal_energy { 1.087814139259122   } 
   nonlocal_energyvar { 6.569375122256927   } 
   autocorr_energy { } 
} 

block { 
   label spin_0.001
   totweight 4352000
   nautocorr 0
   total_energy { -10.25902615404827   } 
   total_energyvar { 0.2035865875383956   } 
   weight { 0.9954039943715826   } 
   weightvar { 0.08611491116962429   } 
   kinetic_energy { 3.124652194766042   } 
   kinetic_energyvar { 4.588320863265106   } 
   potential_energy { -14.4805504052836   } 
   potential_energyvar { 4.17892738434957   } 
   nonlocal_energy { 1.096872056469292   } 
   nonlocal_energyvar { 6.746289900421917   } 
   autocorr_energy { } 
} 

block { 
   label spin_0.001
   totweight 4352000
   nautocorr 0
   total_energy { -10.25917792059868   } 
   total_energyvar { 0.2851814769057461   } 
   weight { 0.9949932838604111   } 
   weightvar { 0.08802528950203892   } 
   kinetic_energy { 3.121786856455902   } 
   kinetic_energyvar { 4.62833679980075   } 
   potential_energy { -14.46433716408098   } 
   potential_energyvar { 4.260791892637855   } 
   nonlocal_energy { 1.083372387026399   } 
   nonlocal_energyvar { 6.563464562660519   } 
   autocorr_energy { } 
} 

block { 
   label spin_0.001
   totweight 4352000
   nautocorr 0
   total_energy { -10.2567829623527   } 
   total_energyvar { 0.1861344685824383   } 
   weight { 0.9961517667819729   } 
   weightvar { 0.08572294064511271   } 
   kinetic_energy { 3.149201138523695   } 
   kinetic_energyvar { 4.416599521690564   } 
   potential_energy { -14.49982715818184   } 
   potential_energyvar { 4.208970579725072   } 
   nonlocal_energy { 1.093843057305446   } 
   nonlocal_energyvar { 6.599432510549143   } 
   autocorr_energy { } 
} 

block { 
   label spin_0.001
   totweight 4352000
   nautocorr 0
   total_energy { -10.25869506319853   } 
   total_energyvar { 0.2269180233294018   } 
   weight { 0.9955497591546195   } 
   weightvar { 0.08920999298964291   } 
   kinetic_energy { 3.151670394979642   } 
   kinetic_energyvar { 4.543577232849673   } 
   potential_energy { -14.48212455407565   } 
   potential_energyvar { 4.347977727340418   } 
   nonlocal_energy { 1.071759095897485   } 
   nonlocal_energyvar { 6.486407320362041   } 
   autocorr_energy { } 
} 

block { 
   label spin_0.001
   totweight 4352000
   nautocorr 0
   total_energy { -10.25991551228688   } 
   total_energyvar { 0.2025900719011454   } 
   weight { 0.9957705890234309   } 
   weightvar { 0.08774645150421198   } 
   kinetic_energy { 3.149745063365564   } 
   kinetic_energyvar { 4.628860794220522   } 
   potential_energy { -14.47957579478354   } 
   potential_energyvar { 4.266638836708493   } 
   nonlocal_energy { 1.069915219131099   } 
   nonlocal_energyvar { 6.639275607706482   } 
   autocorr_energy { } 
} 

block { 
   label spin_0.001
   totweight 4352000
   nautocorr 0
   total_energy { -10.26204576489766   } 
   total_energyvar { 0.2247379917786834   } 
   weight { 0.997268636254285   } 
   weightvar { 0.09155093135384831   } 
   kinetic_energy { 3.123787142494737   } 
   kinetic_energyvar { 4.735025932090547   } 
   potential_energy { -14.47324018504689   } 
   potential_energyvar { 4.292265099600622   } 
   nonlocal_energy { 1.087407277654494   } 
   nonlocal_energyvar { 6.823083523633944   } 
   autocorr_energy { } 
} 

block { 
   label spin_0.001
   totweight 4352000
   nautocorr 0
   total_energy { -10.25971259281707   } 
   total_energyvar { 0.2279271242675972   } 
   weight { 0.9969232390253427   } 
   weightvar { 0.08963760521876953   } 
   kinetic_energy { 3.107609239320472   } 
   kinetic_energyvar { 4.790304509988773   } 
   potential_energy { -14.49204639264527   } 
   potential_energyvar { 4.35721110385728   } 
   nonlocal_energy { 1.124724560507725   } 
   nonlocal_energyvar { 7.037064830588238   } 
   autocorr_energy { } 
} 

block { 
   label spin_0.001
   totweight 4352000
   nautocorr 0
   total_energy { -10.2606303177061   } 
   total_energyvar { 0.2042696114607271   } 
   weight { 0.9976208579955281   } 
   weightvar { 0.0895185792378738   } 
   kinetic_energy { 3.119972467953967   } 
   kinetic_energyvar { 4.638768295048371   } 
   potential_energy { -14.45325173476555   } 
   potential_energyvar { 4.236238915253026   } 
   nonlocal_energy { 1.072648949105476   } 
   nonlocal_energyvar { 6.520784106490654   } 
   autocorr_energy { } 
} 

block { 
   label spin_0.001
   totweight 4352000
   nautocorr 0
   total_energy { -10.26310357573464   } 
   total_energyvar { 0.2919799452831309   } 
   weight { 0.998391600927198   } 
   weightvar { 0.09242902136865015   } 
   kinetic_energy { 3.115411521153938   } 
   kinetic_energyvar { 4.643617405324822   } 
   potential_energy { -14.47013474787295   } 
   potential_energyvar { 4.259070391671867   } 
   nonlocal_energy { 1.091619650984375   } 
   nonlocal_energyvar { 6.748664404181327   } 
   autocorr_energy { } 
} 

block { 
   label spin_0.001
   totweight 4352000
   nautocorr 0
   total_energy { -10.2580370296342   } 
   total_energyvar { 0.2102784560127593   } 
   weight { 0.9963553998276197   } 
   weightvar { 0.09328252186054795   } 
   kinetic_energy { 3.133799055494585   } 
   kinetic_energyvar { 4.637818365757937   } 
   potential_energy { -14.47418420079551   } 
   potential_energyvar { 4.222202989956861   } 
   nonlocal_energy { 1.082348115666718   } 
   nonlocal_energyvar { 6.563718799636487   } 
   autocorr_energy { } 
} 

block { 
   label spin_0.001
   totweight 4352000
   nautocorr 0
   total_energy { -10.2576305782081   } 
   total_energyvar { 0.211255260188153   } 
   weight { 0.9977248570015209   } 
   weightvar { 0.09130793423752616   } 
   kinetic_energy { 3.114386322793367   } 
   kinetic_energyvar { 4.630265945049754   } 
   potential_energy { -14.45495483590627   } 
   potential_energyvar { 4.243562512978984   } 
   nonlocal_energy { 1.082937934904799   } 
   nonlocal_energyvar { 6.650983841031914   } 
   autocorr_energy { } 
} 

block { 
   label spin_0.001
   totweight 4352000
   nautocorr 0
   total_energy { -10.25889029222957   } 
   total_energyvar { 0.2374933161883039   } 
   weight { 0.9956950215326826   } 
   weightvar { 0.09352373087963306   } 
   kinetic_energy { 3.136605111695592   } 
   kinetic_energyvar { 4.42157388740003   } 
   potential_energy { -14.47684840935261   } 
   potential_energyvar { 4.294253594906409   } 
   nonlocal_energy { 1.081353005427446   } 
   nonlocal_energyvar { 6.465694079680958   } 
   autocorr_energy { } 
} 

block { 
   label spin_0.001
   totweight 4352000
   nautocorr 0
   total_energy { -10.25282714048309   } 
   total_energyvar { 0.2467273900770446   } 
   weight { 0.9942035434800829   } 
   weightvar { 0.09129938036313782   } 
   kinetic_energy { 3.124780993894579   } 
   kinetic_energyvar { 4.460508835740246   } 
   potential_energy { -14.46198598051979   } 
   potential_energyvar { 4.248585554790683   } 
   nonlocal_energy { 1.084377846142115   } 
   nonlocal_energyvar { 6.572892052949064   } 
   autocorr_energy { } 
} 

block { 
   label spin_0.001
   totweight 4352000
   nautocorr 0
   total_energy { -10.25918341237667   } 
   total_energyvar { 0.2455464148855305   } 
   weight { 0.9962906582635264   } 
   weightvar { 0.09245035405396791   } 
   kinetic_energy { 3.1292566902453   } 
   kinetic_energyvar { 4.745014033194203   } 
   potential_energy { -14.46820274225752   } 
   potential_energyvar { 4.227010449645318   } 
   nonlocal_energy { 1.079762639635545   } 
   nonlocal_energyvar { 6.787022582031637   } 
   autocorr_energy { } 
} 

block { 
   label spin_0.001
   totweight 4352000
   nautocorr 0
   total_energy { -10.2552999557845   } 
   total_energyvar { 0.2286071719126741   } 
   weight { 0.9924065770813318   } 
   weightvar { 0.09376729867752556   } 
   kinetic_energy { 3.122886407978206   } 
   kinetic_energyvar { 4.640788774643664   } 
   potential_energy { -14.45402434810837   } 
   potential_energyvar { 4.240612106036096   } 
   nonlocal_energy { 1.075837984345671   } 
   nonlocal_energyvar { 6.679983959582886   } 
   autocorr_energy { } 
} 

block { 
   label spin_0.001
   totweight 4352000
   nautocorr 0
   total_energy { -10.25763307408118   } 
   total_energyvar { 0.192989156994982   } 
   weight { 0.9953683835113158   } 
   weightvar { 0.09296934948886544   } 
   kinetic_energy { 3.114392076495255   } 
   kinetic_energyvar { 4.490867305627236   } 
   potential_energy { -14.45400787296092   } 
   potential_energyvar { 4.354091783338968   } 
   nonlocal_energy { 1.081982722384479   } 
   nonlocal_energyvar { 6.480748853626179   } 
   autocorr_energy { } 
} 

block { 
   label spin_0.001
   totweight 4352000
   nautocorr 0
   total_energy { -10.25779883503737   } 
   total_energyvar { 0.2617568610384816   } 
   weight { 0.9935765464544213   } 
   weightvar { 0.09245615840211828   } 
   kinetic_energy { 3.1244999592499   } 
   kinetic_energyvar { 4.733561665566386   } 
   potential_energy { -14.47884637274392   } 
   potential_energyvar { 4.216219690536334   } 
   nonlocal_energy { 1.096547578456651   } 
   nonlocal_energyvar { 6.731410276263824   } 
   autocorr_energy { } 
} 

block { 
   label spin_0.001
   totweight 4352000
   nautocorr 0
   total_energy { -10.25576190177667   } 
   total_energyvar { 0.3006228045568333   } 
   weight { 0.9944859208566587   } 
   weightvar { 0.09208067247446994   } 
   kinetic_energy { 3.136179518515622   } 
   kinetic_energyvar { 4.598070380572818   } 
   potential_energy { -14.49922942781487   } 
   potential_energyvar { 4.287654247292919   } 
   nonlocal_energy { 1.107288007522586   } 
   nonlocal_energyvar { 6.659898596426298   } 
   autocorr_energy { } 
} 

block { 
   label spin_0.001
   totweight 4352000
   nautocorr 0
   total_energy { -10.25847497434376   } 
   total_energyvar { 0.1984982828399894   } 
   weight { 0.9947728455066797   } 
   weightvar { 0.0920809894892427   } 
   kinetic_energy { 3.152544541571332   } 
   kinetic_energyvar { 4.425463701568931   } 
   potential_energy { -14.48705204326886   } 
   potential_energyvar { 4.264583193079633   } 
   nonlocal_energy { 1.076032527353762   } 
   nonlocal_energyvar { 6.405488876593457   } 
   autocorr_energy { } 
} 

block { 
   label spin_0.001
   totweight 4352000
   nautocorr 0
   total_energy { -10.25755569435236   } 
   total_energyvar { 0.2439413104943657   } 
   weight { 0.9943372912172206   } 
   weightvar { 0.0918267456287495   } 
   kinetic_energy { 3.12155396426961   } 
   kinetic_energyvar { 4.639009934718378   } 
   potential_energy { -14.48139352340155   } 
   potential_energyvar { 4.272555877771219   } 
   nonlocal_energy { 1.102283864779573   } 
   nonlocal_energyvar { 6.739698805636559   } 
   autocorr_energy { } 
} 

block { 
   label spin_0.001
   totweight 4352000
   nautocorr 0
   total_energy { -10.25689435780625   } 
   total_energyvar { 0.2437973977749398   } 
   weight { 0.9948944405129345   } 
   weightvar { 0.09201394645496869   } 
   kinetic_energy { 3.130070832488998   } 
   kinetic_energyvar { 4.589670187329357   } 
   potential_energy { -14.46103267476386   } 
   potential_energyvar { 4.294183138257828   } 
   nonlocal_energy { 1.074067484468619   } 
   nonlocal_energyvar { 6.627734212647458   } 
   autocorr_energy { } 
} 

block { 
   label spin_0.001
   totweight 4352000
   nautocorr 0
   total_energy { -10.26221699226549   } 
   total_energyvar { 0.2527742964390885   } 
   weight { 0.9961572635995605   } 
   weightvar { 0.0918415216493764   } 
   kinetic_energy { 3.089257296751842   } 
   kinetic_energyvar { 4.482997428018345   } 
   potential_energy { -14.39405834572261   } 
   potential_energyvar { 4.235738448508124   } 
   nonlocal_energy { 1.042584056705282   } 
   nonlocal_energyvar { 6.313770497092757   } 
   autocorr_energy { } 
} 

block { 
   label spin_0.001
   totweight 4352000
   nautocorr 0
   total_energy { -10.25929574353434   } 
   total_energyvar { 0.2270565323811574   } 
   weight { 0.9957586373394188   } 
   weightvar { 0.09273707134881753   } 
   kinetic_energy { 3.137595824500976   } 
   kinetic_energyvar { 4.555014253544909   } 
   potential_energy { -14.45977548536488   } 
   potential_energyvar { 4.235718051479148   } 
   nonlocal_energy { 1.062883917329567   } 
   nonlocal_energyvar { 6.59359761360693   } 
   autocorr_energy { } 
} 

block { 
   label spin_0.001
   totweight 4352000
   nautocorr 0
   total_energy { -10.2590589402816   } 
   total_energyvar { 0.2253660569959768   } 
   weight { 0.9975467128258382   } 
   weightvar { 0.09179811882605504   } 
   kinetic_energy { 3.112628676328241   } 
   kinetic_energyvar { 4.684961339270169   } 
   potential_energy { -14.45517072037803   } 
   potential_energyvar { 4.250922890378884   } 
   nonlocal_energy { 1.083483103768192   } 
   nonlocal_energyvar { 6.770494705698751   } 
   autocorr_energy { } 
} 

block { 
   label spin_0.001
   totweight 4352000
   nautocorr 0
   total_energy { -10.2566422169486   } 
   total_energyvar { 0.1913916219376134   } 
   weight { 0.9956457430609033   } 
   weightvar { 0.09267653490913491   } 
   kinetic_energy { 3.149277343395763   } 
   kinetic_energyvar { 4.4740855348734   } 
   potential_energy { -14.47196627331404   } 
   potential_energyvar { 4.176911372710618   } 
   nonlocal_energy { 1.066046712969679   } 
   nonlocal_energyvar { 6.435339281589789   } 
   autocorr_energy { } 
} 

block { 
   label spin_0.001
   totweight 4352000
   nautocorr 0
   total_energy { -10.26009851561677   } 
   total_energyvar { 0.177309400457518   } 
   weight { 0.9977174526468046   } 
   weightvar { 0.09204036004997963   } 
   kinetic_energy { 3.105669666173908   } 
   kinetic_energyvar { 4.442020902074193   } 
   potential_energy { -14.46457344063009   } 
   potential_energyvar { 4.389602587356213   } 
   nonlocal_energy { 1.098805258839407   } 
   nonlocal_energyvar { 6.471562971711716   } 
   autocorr_energy { } 
} 

block { 
   label spin_0.001
   totweight 4352000
   nautocorr 0
   total_energy { -10.25804466493666   } 
   total_energyvar { 0.2335569496535661   } 
   weight { 0.9955077399929394   } 
   weightvar { 0.09199312659046593   } 
   kinetic_energy { 3.154593040801501   } 
   kinetic_energyvar { 4.55813868324654   } 
   potential_energy { -14.51026682574939   } 
   potential_energyvar { 4.246286680919234   } 
   nonlocal_energy { 1.09762912001123   } 
   nonlocal_energyvar { 6.683866574452137   } 
   autocorr_energy { } 
} 

block { 
   label spin_0.001
   totweight 4352000
   nautocorr 0
   total_energy { -10.25805713879732   } 
   total_energyvar { 0.2119180432587267   } 
   weight { 0.9970910016003057   } 
   weightvar { 0.08941471963755206   } 
   kinetic_energy { 3.144835133380397   } 
   kinetic_energyvar { 4.642625837909632   } 
   potential_energy { -14.50570317264801   } 
   potential_energyvar { 4.310251220379569   } 
   nonlocal_energy { 1.102810900470295   } 
   nonlocal_energyvar { 6.81614014901818   } 
   autocorr_energy { } 
} 

block { 
   label spin_0.001
   totweight 4352000
   nautocorr 0
   total_energy { -10.25699074227155   } 
   total_energyvar { 0.1990180122907925   } 
   weight { 0.9959899706436728   } 
   weightvar { 0.09291019990010289   } 
   kinetic_energy { 3.155229070169922   } 
   kinetic_energyvar { 4.342227416356049   } 
   potential_energy { -14.48003913426854   } 
   potential_energyvar { 4.204309606841416   } 
   nonlocal_energy { 1.067819321827075   } 
   nonlocal_energyvar { 6.310440821184324   } 
   autocorr_energy { } 
} 

block { 
   label spin_0.001
   totweight 4352000
   nautocorr 0
   total_energy { -10.25905162835812   } 
   total_energyvar { 0.1839435071484385   } 
   weight { 0.9966796855439937   } 
   weightvar { 0.08972188859321217   } 
   kinetic_energy { 3.149059906428104   } 
   kinetic_energyvar { 4.257884509565542   } 
   potential_energy { -14.46829918176162   } 
   potential_energyvar { 4.140760780398395   } 
   nonlocal_energy { 1.060187646975394   } 
   nonlocal_energyvar { 6.145060910213642   } 
   autocorr_energy { } 
} 

block { 
   label spin_0.001
   totweight 4352000
   nautocorr 0
   total_energy { -10.26211128636467   } 
   total_energyvar { 0.1979013132818809   } 
   weight { 0.9976089695481574   } 
   weightvar { 0.09382533457412559   } 
   kinetic_energy { 3.128926909090198   } 
   kinetic_energyvar { 4.402095217042292   } 
   potential_energy { -14.44459182245381   } 
   potential_energyvar { 4.211519213126669   } 
   nonlocal_energy { 1.053553626998937   } 
   nonlocal_energyvar { 6.322269894531796   } 
   autocorr_energy { } 
} 

block { 
   label spin_0.001
   totweight 4352000
   nautocorr 0
   total_energy { -10.25978393338171   } 
   total_energyvar { 0.2172066208954209   } 
   weight { 0.9963730485723711   } 
   weightvar { 0.09051457208157591   } 
   kinetic_energy { 3.156245406512055   } 
   kinetic_energyvar { 4.460477566680937   } 
   potential_energy { -14.47344608017417   } 
   potential_energyvar { 4.193690785844696   } 
   nonlocal_energy { 1.057416740280406   } 
   nonlocal_energyvar { 6.392551279191724   } 
   autocorr_energy { } 
} 

block { 
   label spin_0.001
   totweight 4352000
   nautocorr 0
   total_energy { -10.25923978717513   } 
   total_energyvar { 0.2137186334427463   } 
   weight { 0.9978133878640369   } 
   weightvar { 0.09212930385641482   } 
   kinetic_energy { 3.128979389723876   } 
   kinetic_energyvar { 4.447377826603836   } 
   potential_energy { -14.45673341059053   } 
   potential_energyvar { 4.179754490931549   } 
   nonlocal_energy { 1.068514233691524   } 
   nonlocal_energyvar { 6.364484525271055   } 
   autocorr_energy { } 
} 

block { 
   label spin_0.001
   totweight 4352000
   nautocorr 0
   total_energy { -10.26090484624071   } 
   total_energyvar { 0.2048629989928488   } 
   weight { 0.9979324477170233   } 
   weightvar { 0.09111945675807272   } 
   kinetic_energy { 3.153068298101295   } 
   kinetic_energyvar { 4.459003098465218   } 
   potential_energy { -14.46254107099276   } 
   potential_energyvar { 4.153792391630903   } 
   nonlocal_energy { 1.048567926650756   } 
   nonlocal_energyvar { 6.301437683763049   } 
   autocorr_energy { } 
} 

block { 
   label spin_0.001
   totweight 4352000
   nautocorr 0
   total_energy { -10.2609624925338   } 
   total_energyvar { 0.2451225153848778   } 
   weight { 0.9984487218480039   } 
   weightvar { 0.09058303791119511   } 
   kinetic_energy { 3.123219070453426   } 
   kinetic_energyvar { 4.747047772594581   } 
   potential_energy { -14.47284782116682   } 
   potential_energyvar { 4.205153201465304   } 
   nonlocal_energy { 1.088666258179596   } 
   nonlocal_energyvar { 6.850762650614048   } 
   autocorr_energy { } 
} 

block { 
   label spin_0.001
   totweight 4352000
   nautocorr 0
   total_energy { -10.2590283225408   } 
   total_energyvar { 0.2320051082401864   } 
   weight { 0.9971155651086256   } 
   weightvar { 0.09114140904891709   } 
   kinetic_energy { 3.125886927622667   } 
   kinetic_energyvar { 4.63468194210687   } 
   potential_energy { -14.4968769207444   } 
   potential_energyvar { 4.311183285967285   } 
   nonlocal_energy { 1.111961670580935   } 
   nonlocal_energyvar { 6.719372959858544   } 
   autocorr_energy { } 
} 

block { 
   label spin_0.001
   totweight 4352000
   nautocorr 0
   total_energy { -10.25984021017197   } 
   total_energyvar { 0.2765911895998996   } 
   weight { 0.9981656522000611   } 
   weightvar { 0.09379521380021517   } 
   kinetic_energy { 3.105126770508362   } 
   kinetic_energyvar { 4.740949133276573   } 
   potential_energy { -14.44531858781612   } 
   potential_energyvar { 4.267521243812356   } 
   nonlocal_energy { 1.080351607135792   } 
   nonlocal_energyvar { 6.724384005127352   } 
   autocorr_energy { } 
} 

block { 
   label spin_0.001
   totweight 4352000
   nautocorr 0
   total_energy { -10.25700844794187   } 
   total_energyvar { 0.2334173835688991   } 
   weight { 0.9960752835247558   } 
   weightvar { 0.09205929214720146   } 
   kinetic_energy { 3.143790335493542   } 
   kinetic_energyvar { 4.529678705216229   } 
   potential_energy { -14.46143571843923   } 
   potential_energyvar { 4.234758684867534   } 
   nonlocal_energy { 1.060636935003816   } 
   nonlocal_energyvar { 6.459146083021207   } 
   autocorr_energy { } 
} 

block { 
   label spin_0.001
   totweight 4352000
   nautocorr 0
   total_energy { -10.25999454754517   } 
   total_energyvar { 0.2016007892147448   } 
   weight { 0.9967625845748439   } 
   weightvar { 0.09436953606231108   } 
   kinetic_energy { 3.135573416262666   } 
   kinetic_energyvar { 4.415732217946665   } 
   potential_energy { -14.45425209809849   } 
   potential_energyvar { 4.223658235400163   } 
   nonlocal_energy { 1.058684134290667   } 
   nonlocal_energyvar { 6.288588840802916   } 
   autocorr_energy { } 
} 

block { 
   label spin_0.001
   totweight 4352000
   nautocorr 0
   total_energy { -10.26092115632445   } 
   total_energyvar { 0.2394109036713567   } 
   weight { 0.9966063850005517   } 
   weightvar { 0.09193279110862392   } 
   kinetic_energy { 3.123273308769533   } 
   kinetic_energyvar { 4.665707577286287   } 
   potential_energy { -14.47473049205422   } 
   potential_energyvar { 4.280037740407293   } 
   nonlocal_energy { 1.090536026960244   } 
   nonlocal_energyvar { 6.664902018100411   } 
   autocorr_energy { } 
} 

block { 
   label spin_0.001
   totweight 4352000
   nautocorr 0
   total_energy { -10.25776847747848   } 
   total_energyvar { 0.2225027680369876   } 
   weight { 0.9969646049950162   } 
   weightvar { 0.09229579954754326   } 
   kinetic_energy { 3.115800644184524   } 
   kinetic_energyvar { 4.397877599873105   } 
   potential_energy { -14.43454209536063   } 
   potential_energyvar { 4.195912980781634   } 
   nonlocal_energy { 1.060972973697625   } 
   nonlocal_energyvar { 6.311556969810415   } 
   autocorr_energy { } 
} 

block { 
   label spin_0.001
   totweight 4352000
   nautocorr 0
   total_energy { -10.25521090421792   } 
   total_energyvar { 0.3333258066631709   } 
   weight { 0.994568117180766   } 
   weightvar { 0.09113033590593868   } 
   kinetic_energy { 3.117484627183987   } 
   kinetic_energyvar { 4.620207553889911   } 
   potential_energy { -14.44319155197825   } 
   potential_energyvar { 4.297858145322668   } 
   nonlocal_energy { 1.070496020576334   } 
   nonlocal_energyvar { 6.603069185971495   } 
   autocorr_energy { } 
} 

block { 
   label spin_0.001
   totweight 4352000
   nautocorr 0
   total_energy { -10.25490614370265   } 
   total_energyvar { 0.2587254175788894   } 
   weight { 0.9952372762877079   } 
   weightvar { 0.09201315227630512   } 
   kinetic_energy { 3.141198787634779   } 
   kinetic_energyvar { 4.197533191325628   } 
   potential_energy { -14.43787646680821   } 
   potential_energyvar { 4.161654336614985   } 
   nonlocal_energy { 1.041771535470786   } 
   nonlocal_energyvar { 6.16644481990967   } 
   autocorr_energy { } 
} 

block { 
   label spin_0.001
   totweight 4352000
   nautocorr 0
   total_energy { -10.25833555402514   } 
   total_energyvar { 0.1975648766759748   } 
   weight { 0.9949071808099564   } 
   weightvar { 0.09140956552598087   } 
   kinetic_energy { 3.137101986546913   } 
   kinetic_energyvar { 4.343929818053772   } 
   potential_energy { -14.4470347103214   } 
   potential_energyvar { 4.231307451731483   } 
   nonlocal_energy { 1.051597169749346   } 
   nonlocal_energyvar { 6.253634429758081   } 
   autocorr_energy { } 
} 

block { 
   label spin_0.001
   totweight 4352000
   nautocorr 0
   total_energy { -10.25651584701277   } 
   total_energyvar { 0.2273475063257778   } 
   weight { 0.9947174708875143   } 
   weightvar { 0.09020710571969855   } 
   kinetic_energy { 3.158842766412403   } 
   kinetic_energyvar { 4.493823068676982   } 
   potential_energy { -14.50287128851711   } 
   potential_energyvar { 4.213681010810836   } 
   nonlocal_energy { 1.087512675091948   } 
   nonlocal_energyvar { 6.462859810084536   } 
   autocorr_energy { } 
} 

block { 
   label spin_0.001
   totweight 4352000
   nautocorr 0
   total_energy { -10.25779898992043   } 
   total_energyvar { 0.2020811100232288   } 
   weight { 0.9954951879490751   } 
   weightvar { 0.09203418121275017   } 
   kinetic_energy { 3.122142291417916   } 
   kinetic_energyvar { 4.627868346649761   } 
   potential_energy { -14.46554351011227   } 
   potential_energyvar { 4.218968492767624   } 
   nonlocal_energy { 1.085602228773916   } 
   nonlocal_energyvar { 6.767081378230339   } 
   autocorr_energy { } 
} 

block { 
   label spin_0.001
   totweight 4352000
   nautocorr 0
   total_energy { -10.25949752763995   } 
   total_energyvar { 0.2698324099712162   } 
   weight { 0.9953625104032288   } 
   weightvar { 0.09253571967388519   } 
   kinetic_energy { 3.140706580798886   } 
   kinetic_energyvar { 4.582906966164978   } 
   potential_energy { -14.46836026045223   } 
   potential_energyvar { 4.244038323403748   } 
   nonlocal_energy { 1.068156152013404   } 
   nonlocal_energyvar { 6.510754509609585   } 
   autocorr_energy { } 
} 

block { 
   label spin_0.001
   totweight 4352000
   nautocorr 0
   total_energy { -10.25665584182865   } 
   total_energyvar { 0.2213982118711151   } 
   weight { 0.9957557510728618   } 
   weightvar { 0.09094726314685028   } 
   kinetic_energy { 3.157604627570238   } 
   kinetic_energyvar { 4.646943823559896   } 
   potential_energy { -14.50760980476216   } 
   potential_energyvar { 4.246014735225407   } 
   nonlocal_energy { 1.093349335363274   } 
   nonlocal_energyvar { 6.782621192505407   } 
   autocorr_energy { } 
} 

block { 
   label spin_0.001
   totweight 4352000
   nautocorr 0
   total_energy { -10.257402234267   } 
   total_energyvar { 0.2010121094427393   } 
   weight { 0.996387142950834   } 
   weightvar { 0.09508504838091365   } 
   kinetic_energy { 3.145514120614584   } 
   kinetic_energyvar { 4.387700775065856   } 
   potential_energy { -14.48287595022539   } 
   potential_energyvar { 4.30136116719674   } 
   nonlocal_energy { 1.079959595343806   } 
   nonlocal_energyvar { 6.395124154488866   } 
   autocorr_energy { } 
} 

block { 
   label spin_0.001
   totweight 4352000
   nautocorr 0
   total_energy { -10.25903681744055   } 
   total_energyvar { 0.2406692840358036   } 
   weight { 0.9951764065136077   } 
   weightvar { 0.09067028730413347   } 
   kinetic_energy { 3.147249177986886   } 
   kinetic_energyvar { 4.554221605234062   } 
   potential_energy { -14.4967068175538   } 
   potential_energyvar { 4.377290549198356   } 
   nonlocal_energy { 1.090420822126367   } 
   nonlocal_energyvar { 6.66475967984756   } 
   autocorr_energy { } 
} 

block { 
   label spin_0.001
   totweight 4352000
   nautocorr 0
   total_energy { -10.25930241072099   } 
   total_energyvar { 0.2222328542521334   } 
   weight { 0.9965035352933443   } 
   weightvar { 0.09225538535900621   } 
   kinetic_energy { 3.130621447372643   } 
   kinetic_energyvar { 4.700679822926049   } 
   potential_energy { -14.49637155948293   } 
   potential_energyvar { 4.288008024427545   } 
   nonlocal_energy { 1.106447701389305   } 
   nonlocal_energyvar { 6.809620651348931   } 
   autocorr_energy { } 
} 

block { 
   label spin_0.001
   totweight 4352000
   nautocorr 0
   total_energy { -10.2602477542613   } 
   total_energyvar { 0.2515107802735725   } 
   weight { 0.9967885029857956   } 
   weightvar { 0.09135884852108035   } 
   kinetic_energy { 3.121607707091688   } 
   kinetic_energyvar { 4.557400239221189   } 
   potential_energy { -14.43545102060677   } 
   potential_energyvar { 4.24143713131257   } 
   nonlocal_energy { 1.053595559253779   } 
   nonlocal_energyvar { 6.409224291272705   } 
   autocorr_energy { } 
} 

block { 
   label spin_0.001
   totweight 4352000
   nautocorr 0
   total_energy { -10.25703390695866   } 
   total_energyvar { 0.1794717902571741   } 
   weight { 0.9961638289186209   } 
   weightvar { 0.09159511054482308   } 
   kinetic_energy { 3.146156014852034   } 
   kinetic_energyvar { 4.258953383834792   } 
   potential_energy { -14.46389835815752   } 
   potential_energyvar { 4.170606324708519   } 
   nonlocal_energy { 1.060708436346822   } 
   nonlocal_energyvar { 6.260045452650679   } 
   autocorr_energy { } 
} 

block { 
   label spin_0.001
   totweight 4352000
   nautocorr 0
   total_energy { -10.25985549200511   } 
   total_energyvar { 0.2437970103584154   } 
   weight { 0.9971005289916021   } 
   weightvar { 0.09310299803256362   } 
   kinetic_energy { 3.120615327286534   } 
   kinetic_energyvar { 4.531235388454006   } 
   potential_energy { -14.46399594378745   } 
   potential_energyvar { 4.269131353563561   } 
   nonlocal_energy { 1.083525124495803   } 
   nonlocal_energyvar { 6.644046601007918   } 
   autocorr_energy { } 
} 

block { 
   label spin_0.001
   totweight 4352000
   nautocorr 0
   total_energy { -10.25790562538677   } 
   total_energyvar { 0.2041910466601386   } 
   weight { 0.9959011453026405   } 
   weightvar { 0.09287198796086832   } 
   kinetic_energy { 3.133197572563979   } 
   kinetic_energyvar { 4.633198029392161   } 
   potential_energy { -14.49574979132629   } 
   potential_energyvar { 4.180173451435195   } 
   nonlocal_energy { 1.104646593375537   } 
   nonlocal_energyvar { 6.715933985732696   } 
   autocorr_energy { } 
} 

block { 
   label spin_0.001
   totweight 4352000
   nautocorr 0
   total_energy { -10.26178572029843   } 
   total_energyvar { 0.2567927146012214   } 
   weight { 0.9981613277102263   } 
   weightvar { 0.0908436260089255   } 
   kinetic_energy { 3.109089685787293   } 
   kinetic_energyvar { 4.747807448569648   } 
   potential_energy { -14.45270430768081   } 
   potential_energyvar { 4.28591659574803   } 
   nonlocal_energy { 1.081828901595083   } 
   nonlocal_energyvar { 6.834640793046715   } 
   autocorr_energy { } 
} 

block { 
   label spin_0.001
   totweight 4352000
   nautocorr 0
   total_energy { -10.25940947616085   } 
   total_energyvar { 0.2102199939100808   } 
   weight { 0.9964656959708681   } 
   weightvar { 0.09246520937676887   } 
   kinetic_energy { 3.136808037686168   } 
   kinetic_energyvar { 4.7022381040959   } 
   potential_energy { -14.48088435988509   } 
   potential_energyvar { 4.22011692238523   } 
   nonlocal_energy { 1.084666846038074   } 
   nonlocal_energyvar { 6.758318941582372   } 
   autocorr_energy { } 
} 

block { 
   label spin_0.001
   totweight 4352000
   nautocorr 0
   total_energy { -10.25899925193907   } 
   total_energyvar { 0.2209750747844522   } 
   weight { 0.9983167029121396   } 
   weightvar { 0.08901200098257747   } 
   kinetic_energy { 3.123839065206567   } 
   kinetic_energyvar { 4.694556683910445   } 
   potential_energy { -14.46642967503606   } 
   potential_energyvar { 4.243872088096389   } 
   nonlocal_energy { 1.083591357890425   } 
   nonlocal_energyvar { 6.762544822775763   } 
   autocorr_energy { } 
} 

block { 
   label spin_0.001
   totweight 4352000
   nautocorr 0
   total_energy { -10.25791414614902   } 
   total_energyvar { 0.1970901432446188   } 
   weight { 0.9960702886001116   } 
   weightvar { 0.0936179972311607   } 
   kinetic_energy { 3.160215815730802   } 
   kinetic_energyvar { 4.403233465494377   } 
   potential_energy { -14.47790752916747   } 
   potential_energyvar { 4.169451476259326   } 
   nonlocal_energy { 1.059777567287651   } 
   nonlocal_energyvar { 6.328770803152548   } 
   autocorr_energy { } 
} 

block { 
   label spin_0.001
   totweight 4352000
   nautocorr 0
   total_energy { -10.25813722870798   } 
   total_energyvar { 0.2727894261998782   } 
   weight { 0.9956875652419784   } 
   weightvar { 0.09018600877072273   } 
   kinetic_energy { 3.108886685061637   } 
   kinetic_energyvar { 4.921089093234659   } 
   potential_energy { -14.46327308358036   } 
   potential_energyvar { 4.306493917843508   } 
   nonlocal_energy { 1.096249169810746   } 
   nonlocal_energyvar { 6.972442476181437   } 
   autocorr_energy { } 
} 

block { 
   label spin_0.001
   totweight 4352000
   nautocorr 0
   total_energy { -10.26120928426001   } 
   total_energyvar { 0.2202782186055823   } 
   weight { 0.9970542706696702   } 
   weightvar { 0.09095482156089235   } 
   kinetic_energy { 3.15059921145805   } 
   kinetic_energyvar { 4.534074318207651   } 
   potential_energy { -14.50880679133514   } 
   potential_energyvar { 4.250698340385601   } 
   nonlocal_energy { 1.096998295617081   } 
   nonlocal_energyvar { 6.527037137573316   } 
   autocorr_energy { } 
} 

block { 
   label spin_0.001
   totweight 4352000
   nautocorr 0
   total_energy { -10.25794710117028   } 
   total_energyvar { 0.2008782612593427   } 
   weight { 0.9960111761216259   } 
   weightvar { 0.09281826826280856   } 
   kinetic_energy { 3.119816586015344   } 
   kinetic_energyvar { 4.508911708184826   } 
   potential_energy { -14.43419892666679   } 
   potential_energyvar { 4.288422733406807   } 
   nonlocal_energy { 1.056435239481173   } 
   nonlocal_energyvar { 6.450336981949598   } 
   autocorr_energy { } 
} 

block { 
   label spin_0.001
   totweight 4352000
   nautocorr 0
   total_energy { -10.25825338697771   } 
   total_energyvar { 0.2007492202233087   } 
   weight { 0.9974823536703933   } 
   weightvar { 0.09119358878740903   } 
   kinetic_energy { 3.141495893192009   } 
   kinetic_energyvar { 4.343102552231512   } 
   potential_energy { -14.44580703756947   } 
   potential_energyvar { 4.26092991821679   } 
   nonlocal_energy { 1.046057757399746   } 
   nonlocal_energyvar { 6.255884401125563   } 
   autocorr_energy { } 
} 

block { 
   label spin_0.001
   totweight 4352000
   nautocorr 0
   total_energy { -10.26295287876958   } 
   total_energyvar { 0.2010461581545031   } 
   weight { 0.9978958615317552   } 
   weightvar { 0.09469309800957315   } 
   kinetic_energy { 3.093355731420137   } 
   kinetic_energyvar { 4.508469375228104   } 
   potential_energy { -14.42465069166471   } 
   potential_energyvar { 4.289351322871963   } 
   nonlocal_energy { 1.068342081474993   } 
   nonlocal_energyvar { 6.570826111314885   } 
   autocorr_energy { } 
} 

block { 
   label spin_0.001
   totweight 4352000
   nautocorr 0
   total_energy { -10.25888094071167   } 
   total_energyvar { 0.1724143927326053   } 
   weight { 0.9968089328812086   } 
   weightvar { 0.09283312278721921   } 
   kinetic_energy { 3.122086555220732   } 
   kinetic_energyvar { 4.359561936061103   } 
   potential_energy { -14.44540297631969   } 
   potential_energyvar { 4.305082472136578   } 
   nonlocal_energy { 1.064435480387285   } 
   nonlocal_energyvar { 6.27504336805686   } 
   autocorr_energy { } 
} 

block { 
   label spin_0.001
   totweight 4352000
   nautocorr 0
   total_energy { -10.25813392225429   } 
   total_energyvar { 0.3712253981739805   } 
   weight { 0.9972076094996555   } 
   weightvar { 0.09256898262888152   } 
   kinetic_energy { 3.107981207063301   } 
   kinetic_energyvar { 4.650681627444478   } 
   potential_energy { -14.44012992731411   } 
   potential_energyvar { 4.234324918554826   } 
   nonlocal_energy { 1.074014797996516   } 
   nonlocal_energyvar { 6.711332643005708   } 
   autocorr_energy { } 
} 

block { 
   label spin_0.001
   totweight 4352000
   nautocorr 0
   total_energy { -10.25890553005221   } 
   total_energyvar { 0.2380473844222374   } 
   weight { 0.997331055513869   } 
   weightvar { 0.09231485375319866   } 
   kinetic_energy { 3.112747281680508   } 
   kinetic_energyvar { 4.487347386848637   } 
   potential_energy { -14.44302138860898   } 
   potential_energyvar { 4.296196027735702   } 
   nonlocal_energy { 1.071368576876263   } 
   nonlocal_energyvar { 6.450735268012712   } 
   autocorr_energy { } 
} 

block { 
   label spin_0.001
   totweight 4352000
   nautocorr 0
   total_energy { -10.26096773164607   } 
   total_energyvar { 0.1941487279987683   } 
   weight { 0.9975149484238385   } 
   weightvar { 0.09209656889690898   } 
   kinetic_energy { 3.114889936226839   } 
   kinetic_energyvar { 4.505909144920714   } 
   potential_energy { -14.42041682305332   } 
   potential_energyvar { 4.174503252038691   } 
   nonlocal_energy { 1.044559155180422   } 
   nonlocal_energyvar { 6.360584685245857   } 
   autocorr_energy { } 
} 

block { 
   label spin_0.001
   totweight 4352000
   nautocorr 0
   total_energy { -10.25831374501213   } 
   total_energyvar { 0.3850184654401537   } 
   weight { 0.9968475405216899   } 
   weightvar { 0.09277046549784733   } 
   kinetic_energy { 3.122581384202121   } 
   kinetic_energyvar { 4.633587028521604   } 
   potential_energy { -14.46909772177802   } 
   potential_energyvar { 4.301515246411492   } 
   nonlocal_energy { 1.088202592563779   } 
   nonlocal_energyvar { 6.696922638023219   } 
   autocorr_energy { } 
} 

block { 
   label spin_0.001
   totweight 4352000
   nautocorr 0
   total_energy { -10.25750906746565   } 
   total_energyvar { 0.2621448600355067   } 
   weight { 0.997401051762126   } 
   weightvar { 0.09279292108454391   } 
   kinetic_energy { 3.140152146186108   } 
   kinetic_energyvar { 4.490791596037322   } 
   potential_energy { -14.45743420271545   } 
   potential_energyvar { 4.161563897656213   } 
   nonlocal_energy { 1.059772989063694   } 
   nonlocal_energyvar { 6.429127198486015   } 
   autocorr_energy { } 
} 

block { 
   label spin_0.001
   totweight 4352000
   nautocorr 0
   total_energy { -10.25742173324158   } 
   total_energyvar { 0.1856502013640272   } 
   weight { 0.9960945529481314   } 
   weightvar { 0.09185071260107774   } 
   kinetic_energy { 3.138152856693937   } 
   kinetic_energyvar { 4.36717794189548   } 
   potential_energy { -14.45377234621918   } 
   potential_energyvar { 4.27591158192604   } 
   nonlocal_energy { 1.058197756283667   } 
   nonlocal_energyvar { 6.300587465852185   } 
   autocorr_energy { } 
} 

block { 
   label spin_0.001
   totweight 4352000
   nautocorr 0
   total_energy { -10.25697015966227   } 
   total_energyvar { 0.3393759528634195   } 
   weight { 0.9955404867070593   } 
   weightvar { 0.0939656653960706   } 
   kinetic_energy { 3.137319050684604   } 
   kinetic_energyvar { 4.737599491775022   } 
   potential_energy { -14.47700184860765   } 
   potential_energyvar { 4.27533411930368   } 
   nonlocal_energy { 1.082712638260778   } 
   nonlocal_energyvar { 6.775362861236451   } 
   autocorr_energy { } 
} 

block { 
   label spin_0.001
   totweight 4352000
   nautocorr 0
   total_energy { -10.25862699134999   } 
   total_energyvar { 0.2320359605523606   } 
   weight { 0.9963356788279604   } 
   weightvar { 0.09188197742257705   } 
   kinetic_energy { 3.133506947909965   } 
   kinetic_energyvar { 4.663664043637496   } 
   potential_energy { -14.47389703998292   } 
   potential_energyvar { 4.323869114861238   } 
   nonlocal_energy { 1.081763100722967   } 
   nonlocal_energyvar { 6.705860840454937   } 
   autocorr_energy { } 
} 

block { 
   label spin_0.001
   totweight 4352000
   nautocorr 0
   total_energy { -10.26030643288386   } 
   total_energyvar { 0.2790745757377764   } 
   weight { 0.9952504408042525   } 
   weightvar { 0.09373422194230943   } 
   kinetic_energy { 3.119628173306559   } 
   kinetic_energyvar { 5.023139060191037   } 
   potential_energy { -14.51618058328019   } 
   potential_energyvar { 4.343433437717309   } 
   nonlocal_energy { 1.136245977089766   } 
   nonlocal_energyvar { 7.330964280495441   } 
   autocorr_energy { } 
} 

block { 
   label spin_0.001
   totweight 4352000
   nautocorr 0
   total_energy { -10.25631023861798   } 
   total_energyvar { 0.2246914509084017   } 
   weight { 0.9954995429920501   } 
   weightvar { 0.09398559011016752   } 
   kinetic_energy { 3.12649206681355   } 
   kinetic_energyvar { 4.289281801955518   } 
   potential_energy { -14.43167131729013   } 
   potential_energyvar { 4.202355017434935   } 
   nonlocal_energy { 1.048869011858599   } 
   nonlocal_energyvar { 6.226663531176972   } 
   autocorr_energy { } 
} 

block { 
   label spin_0.001
   totweight 4352000
   nautocorr 0
   total_energy { -10.25726093415339   } 
   total_energyvar { 0.2752964380251375   } 
   weight { 0.9951536107799666   } 
   weightvar { 0.09421041914244985   } 
   kinetic_energy { 3.142406315173927   } 
   kinetic_energyvar { 4.832660928560889   } 
   potential_energy { -14.48997170921322   } 
   potential_energyvar { 4.273840665451535   } 
   nonlocal_energy { 1.090304459885912   } 
   nonlocal_energyvar { 6.979132077616214   } 
   autocorr_energy { } 
} 

block { 
   label spin_0.001
   totweight 4352000
   nautocorr 0
   total_energy { -10.25698659348793   } 
   total_energyvar { 0.1917980360165173   } 
   weight { 0.9961669636544945   } 
   weightvar { 0.09342942955886589   } 
   kinetic_energy { 3.114006534607508   } 
   kinetic_energyvar { 4.390249716801272   } 
   potential_energy { -14.43568819415034   } 
   potential_energyvar { 4.224518598698875   } 
   nonlocal_energy { 1.06469506605491   } 
   nonlocal_energyvar { 6.486943311200836   } 
   autocorr_energy { } 
} 

block { 
   label spin_0.001
   totweight 4352000
   nautocorr 0
   total_energy { -10.25545874341231   } 
   total_energyvar { 0.3070752591051955   } 
   weight { 0.9938477774561328   } 
   weightvar { 0.09179330108199607   } 
   kinetic_energy { 3.119529670065885   } 
   kinetic_energyvar { 4.732546782194651   } 
   potential_energy { -14.44395554424807   } 
   potential_energyvar { 4.239515677503115   } 
   nonlocal_energy { 1.068967130769876   } 
   nonlocal_energyvar { 6.623781116498311   } 
   autocorr_energy { } 
} 

block { 
   label spin_0.001
   totweight 4352000
   nautocorr 0
   total_energy { -10.25812934514786   } 
   total_energyvar { 0.3144167768515126   } 
   weight { 0.9947319887249759   } 
   weightvar { 0.09499521002894931   } 
   kinetic_energy { 3.107493329629051   } 
   kinetic_energyvar { 4.817013607319336   } 
   potential_energy { -14.4583006301718   } 
   potential_energyvar { 4.280758395341775   } 
   nonlocal_energy { 1.092677955394889   } 
   nonlocal_energyvar { 7.060319880282163   } 
   autocorr_energy { } 
} 

block { 
   label spin_0.001
   totweight 4352000
   nautocorr 0
   total_energy { -10.25850855933624   } 
   total_energyvar { 0.2218439138129185   } 
   weight { 0.9948172467473624   } 
   weightvar { 0.09150350925113067   } 
   kinetic_energy { 3.12498042652983   } 
   kinetic_energyvar { 4.550550415923593   } 
   potential_energy { -14.45008738238411   } 
   potential_energyvar { 4.325752148567066   } 
   nonlocal_energy { 1.066598396518045   } 
   nonlocal_energyvar { 6.527087019042287   } 
   autocorr_energy { } 
} 

block { 
   label spin_0.001
   totweight 4352000
   nautocorr 0
   total_energy { -10.25944036195831   } 
   total_energyvar { 0.2086751816799843   } 
   weight { 0.9963910655650629   } 
   weightvar { 0.09298817170155101   } 
   kinetic_energy { 3.156303110373498   } 
   kinetic_energyvar { 4.547545470320109   } 
   potential_energy { -14.51412997675568   } 
   potential_energyvar { 4.154286988247605   } 
   nonlocal_energy { 1.09838650442387   } 
   nonlocal_energyvar { 6.691310870435539   } 
   autocorr_energy { } 
} 

