#-------------------------------------------------
#VMC run: timestep 1.8 nconfig 8192 steps 30
#-------------------------------------------------


init { 
   label vmc
}
block { 
   label vmc
   totweight 245760
   nautocorr 0
   total_energy { -10.69088913848512   } 
   total_energyvar { 1.133583548537704   } 
   weight { 1   } 
   weightvar { 0   } 
   kinetic_energy { 3.920669374291687   } 
   kinetic_energyvar { 4.759935590359739   } 
   potential_energy { -14.96420591891439   } 
   potential_energyvar { 3.222194352747504   } 
   nonlocal_energy { 0.3526474061375935   } 
   nonlocal_energyvar { 5.720721746505538   } 
   autocorr_energy { } 
} 

block { 
   label vmc
   totweight 245760
   nautocorr 0
   total_energy { -10.68884002761877   } 
   total_energyvar { 0.9977951077057503   } 
   weight { 1   } 
   weightvar { 0   } 
   kinetic_energy { 3.904981736835853   } 
   kinetic_energyvar { 4.626802366407946   } 
   potential_energy { -14.95490543963428   } 
   potential_energyvar { 3.301749087195169   } 
   nonlocal_energy { 0.36108367517965   } 
   nonlocal_energyvar { 5.783893085230501   } 
   autocorr_energy { } 
} 

block { 
   label vmc
   totweight 245760
   nautocorr 0
   total_energy { -10.68911279324102   } 
   total_energyvar { 0.9035809896364936   } 
   weight { 1   } 
   weightvar { 0   } 
   kinetic_energy { 3.912374879918695   } 
   kinetic_energyvar { 4.563644965971614   } 
   potential_energy { -14.94857511578471   } 
   potential_energyvar { 3.230096947223126   } 
   nonlocal_energy { 0.347087442624991   } 
   nonlocal_energyvar { 5.568814346784539   } 
   autocorr_energy { } 
} 

block { 
   label vmc
   totweight 245760
   nautocorr 0
   total_energy { -10.69327649533566   } 
   total_energyvar { 0.9749276160504706   } 
   weight { 1   } 
   weightvar { 0   } 
   kinetic_energy { 3.914976325338485   } 
   kinetic_energyvar { 4.644769865108675   } 
   potential_energy { -14.96321469055054   } 
   potential_energyvar { 3.207443344726521   } 
   nonlocal_energy { 0.3549618698763909   } 
   nonlocal_energyvar { 5.710138903868429   } 
   autocorr_energy { } 
} 

block { 
   label vmc
   totweight 245760
   nautocorr 0
   total_energy { -10.68768430975574   } 
   total_energyvar { 1.096804958903091   } 
   weight { 1   } 
   weightvar { 0   } 
   kinetic_energy { 3.919042143117233   } 
   kinetic_energyvar { 4.574311864178656   } 
   potential_energy { -14.95489785205518   } 
   potential_energyvar { 3.275979847801416   } 
   nonlocal_energy { 0.348171399182209   } 
   nonlocal_energyvar { 5.564942039860146   } 
   autocorr_energy { } 
} 

block { 
   label vmc
   totweight 245760
   nautocorr 0
   total_energy { -10.68864731082701   } 
   total_energyvar { 1.17385436958033   } 
   weight { 1   } 
   weightvar { 0   } 
   kinetic_energy { 3.915625254982594   } 
   kinetic_energyvar { 4.826339139342797   } 
   potential_energy { -14.95683876929512   } 
   potential_energyvar { 3.257904783900297   } 
   nonlocal_energy { 0.3525662034855246   } 
   nonlocal_energyvar { 5.953107241900131   } 
   autocorr_energy { } 
} 

block { 
   label vmc
   totweight 245760
   nautocorr 0
   total_energy { -10.68651160813109   } 
   total_energyvar { 0.9864729467597857   } 
   weight { 1   } 
   weightvar { 0   } 
   kinetic_energy { 3.922307451806153   } 
   kinetic_energyvar { 4.501110489749601   } 
   potential_energy { -14.94825250335117   } 
   potential_energyvar { 3.234607308887538   } 
   nonlocal_energy { 0.339433443413924   } 
   nonlocal_energyvar { 5.474438082000256   } 
   autocorr_energy { } 
} 

block { 
   label vmc
   totweight 245760
   nautocorr 0
   total_energy { -10.68988524459413   } 
   total_energyvar { 0.8874847945529777   } 
   weight { 1   } 
   weightvar { 0   } 
   kinetic_energy { 3.922688852967122   } 
   kinetic_energyvar { 4.562295562573111   } 
   potential_energy { -14.95224485871192   } 
   potential_energyvar { 3.19375962838129   } 
   nonlocal_energy { 0.3396707611506661   } 
   nonlocal_energyvar { 5.569315035293336   } 
   autocorr_energy { } 
} 

block { 
   label vmc
   totweight 245760
   nautocorr 0
   total_energy { -10.68865808565089   } 
   total_energyvar { 0.8986288458669752   } 
   weight { 1   } 
   weightvar { 0   } 
   kinetic_energy { 3.913447913013336   } 
   kinetic_energyvar { 4.622112100105308   } 
   potential_energy { -14.95387286333842   } 
   potential_energyvar { 3.21660635141639   } 
   nonlocal_energy { 0.3517668646741896   } 
   nonlocal_energyvar { 5.651189197255748   } 
   autocorr_energy { } 
} 

block { 
   label vmc
   totweight 245760
   nautocorr 0
   total_energy { -10.69106856106771   } 
   total_energyvar { 0.8853431180254618   } 
   weight { 1   } 
   weightvar { 0   } 
   kinetic_energy { 3.92316549518172   } 
   kinetic_energyvar { 4.571849214456951   } 
   potential_energy { -14.95834571116354   } 
   potential_energyvar { 3.192154177171345   } 
   nonlocal_energy { 0.3441116549141055   } 
   nonlocal_energyvar { 5.571678398986364   } 
   autocorr_energy { } 
} 

block { 
   label vmc
   totweight 245760
   nautocorr 0
   total_energy { -10.68954006209722   } 
   total_energyvar { 0.9484983900412206   } 
   weight { 1   } 
   weightvar { 0   } 
   kinetic_energy { 3.914860903086608   } 
   kinetic_energyvar { 4.671300760590606   } 
   potential_energy { -14.95671411004707   } 
   potential_energyvar { 3.262860956105381   } 
   nonlocal_energy { 0.3523131448632446   } 
   nonlocal_energyvar { 5.64314052946753   } 
   autocorr_energy { } 
} 

block { 
   label vmc
   totweight 245760
   nautocorr 0
   total_energy { -10.69154282764976   } 
   total_energyvar { 0.9434012330909359   } 
   weight { 1   } 
   weightvar { 0   } 
   kinetic_energy { 3.909184735107425   } 
   kinetic_energyvar { 4.843652007140415   } 
   potential_energy { -14.94825957039717   } 
   potential_energyvar { 3.206698690139556   } 
   nonlocal_energy { 0.3475320076399907   } 
   nonlocal_energyvar { 5.805598382569558   } 
   autocorr_energy { } 
} 

block { 
   label vmc
   totweight 245760
   nautocorr 0
   total_energy { -10.69053258171142   } 
   total_energyvar { 0.9282421563761165   } 
   weight { 1   } 
   weightvar { 0   } 
   kinetic_energy { 3.906550528761382   } 
   kinetic_energyvar { 4.614019826669705   } 
   potential_energy { -14.95162242541491   } 
   potential_energyvar { 3.221692024052925   } 
   nonlocal_energy { 0.3545393149421052   } 
   nonlocal_energyvar { 5.666682244385897   } 
   autocorr_energy { } 
} 

block { 
   label vmc
   totweight 245760
   nautocorr 0
   total_energy { -10.68828293353646   } 
   total_energyvar { 0.912496719495074   } 
   weight { 1   } 
   weightvar { 0   } 
   kinetic_energy { 3.914917565646014   } 
   kinetic_energyvar { 4.651355127761571   } 
   potential_energy { -14.95067111822596   } 
   potential_energyvar { 3.21607893086372   } 
   nonlocal_energy { 0.3474706190434791   } 
   nonlocal_energyvar { 5.67205736565169   } 
   autocorr_energy { } 
} 

block { 
   label vmc
   totweight 245760
   nautocorr 0
   total_energy { -10.69147197712265   } 
   total_energyvar { 0.9703829655456873   } 
   weight { 1   } 
   weightvar { 0   } 
   kinetic_energy { 3.919095219645259   } 
   kinetic_energyvar { 4.671059224584754   } 
   potential_energy { -14.95419086822061   } 
   potential_energyvar { 3.204641139797732   } 
   nonlocal_energy { 0.3436236714526997   } 
   nonlocal_energyvar { 5.54080414137161   } 
   autocorr_energy { } 
} 

block { 
   label vmc
   totweight 245760
   nautocorr 0
   total_energy { -10.6908797483015   } 
   total_energyvar { 0.9050962362877113   } 
   weight { 1   } 
   weightvar { 0   } 
   kinetic_energy { 3.921173966978903   } 
   kinetic_energyvar { 4.627221670289279   } 
   potential_energy { -14.96287819264852   } 
   potential_energyvar { 3.230727136032122   } 
   nonlocal_energy { 0.3508244773681147   } 
   nonlocal_energyvar { 5.73185885466244   } 
   autocorr_energy { } 
} 

block { 
   label vmc
   totweight 245760
   nautocorr 0
   total_energy { -10.68611479171331   } 
   total_energyvar { 1.091766021073649   } 
   weight { 1   } 
   weightvar { 0   } 
   kinetic_energy { 3.917592976959388   } 
   kinetic_energyvar { 4.588330347357545   } 
   potential_energy { -14.95313138709258   } 
   potential_energyvar { 3.265284438431098   } 
   nonlocal_energy { 0.3494236184198847   } 
   nonlocal_energyvar { 5.638060799937739   } 
   autocorr_energy { } 
} 

block { 
   label vmc
   totweight 245760
   nautocorr 0
   total_energy { -10.68792511116844   } 
   total_energyvar { 0.9452051417289891   } 
   weight { 1   } 
   weightvar { 0   } 
   kinetic_energy { 3.907168090327903   } 
   kinetic_energyvar { 4.650534333022468   } 
   potential_energy { -14.95752142102438   } 
   potential_energyvar { 3.263032279193615   } 
   nonlocal_energy { 0.3624282195280363   } 
   nonlocal_energyvar { 5.741417869076344   } 
   autocorr_energy { } 
} 

block { 
   label vmc
   totweight 245760
   nautocorr 0
   total_energy { -10.69509757948743   } 
   total_energyvar { 0.9052783917203414   } 
   weight { 1   } 
   weightvar { 0   } 
   kinetic_energy { 3.910797217612063   } 
   kinetic_energyvar { 4.690193211493044   } 
   potential_energy { -14.96037299559551   } 
   potential_energyvar { 3.222376108624102   } 
   nonlocal_energy { 0.3544781984960209   } 
   nonlocal_energyvar { 5.807815271999235   } 
   autocorr_energy { } 
} 

block { 
   label vmc
   totweight 245760
   nautocorr 0
   total_energy { -10.69337836357311   } 
   total_energyvar { 0.8782090186511378   } 
   weight { 1   } 
   weightvar { 0   } 
   kinetic_energy { 3.918768131538535   } 
   kinetic_energyvar { 4.487868215246013   } 
   potential_energy { -14.9543891291585   } 
   potential_energyvar { 3.181837884289132   } 
   nonlocal_energy { 0.3422426340468553   } 
   nonlocal_energyvar { 5.465589536709869   } 
   autocorr_energy { } 
} 

