#-------------------------------------------------
#DMC run: timestep 0.001
#-------------------------------------------------


init { 
   label spin_0.005
}
block { 
   label spin_0.005
   totweight 819200
   nautocorr 0
   total_energy { -67.48993644732079   } 
   total_energyvar { 0.5056910684115231   } 
   weight { 0.98096394266457   } 
   weightvar { 0.002073780655126609   } 
   kinetic_energy { 23.51772568916532   } 
   kinetic_energyvar { 56.20958312237412   } 
   potential_energy { -102.2410009002145   } 
   potential_energyvar { 120.9957344638396   } 
   nonlocal_energy { 11.23333876372839   } 
   nonlocal_energyvar { 126.1110187751415   } 
   autocorr_energy { } 
} 

block { 
   label spin_0.005
   totweight 819200
   nautocorr 0
   total_energy { -67.50040910226213   } 
   total_energyvar { 0.5019026811360439   } 
   weight { 0.9690169606252093   } 
   weightvar { 0.00810558187433051   } 
   kinetic_energy { 23.72478001613755   } 
   kinetic_energyvar { 54.44823918153583   } 
   potential_energy { -101.8581421154913   } 
   potential_energyvar { 120.1822562727569   } 
   nonlocal_energy { 10.63295299709167   } 
   nonlocal_energyvar { 114.3735350584987   } 
   autocorr_energy { } 
} 

block { 
   label spin_0.005
   totweight 819200
   nautocorr 0
   total_energy { -67.50122031468594   } 
   total_energyvar { 0.4205221240085921   } 
   weight { 0.9756798023651239   } 
   weightvar { 0.01508820036218842   } 
   kinetic_energy { 23.83083247805948   } 
   kinetic_energyvar { 52.95770245857975   } 
   potential_energy { -101.877248704391   } 
   potential_energyvar { 118.308408052452   } 
   nonlocal_energy { 10.54519591164561   } 
   nonlocal_energyvar { 107.7103341745551   } 
   autocorr_energy { } 
} 

block { 
   label spin_0.005
   totweight 819200
   nautocorr 0
   total_energy { -67.50955377260208   } 
   total_energyvar { 0.4415974503252933   } 
   weight { 0.9813440929454679   } 
   weightvar { 0.0225231923475149   } 
   kinetic_energy { 23.8955930474945   } 
   kinetic_energyvar { 54.5386492284798   } 
   potential_energy { -101.9915431493104   } 
   potential_energyvar { 121.1218215234598   } 
   nonlocal_energy { 10.58639632921387   } 
   nonlocal_energyvar { 114.7633837297483   } 
   autocorr_energy { } 
} 

block { 
   label spin_0.005
   totweight 819200
   nautocorr 0
   total_energy { -67.50124261365242   } 
   total_energyvar { 0.475410784835981   } 
   weight { 0.9865297322759463   } 
   weightvar { 0.03049766879372265   } 
   kinetic_energy { 24.07551811754116   } 
   kinetic_energyvar { 52.77808602132446   } 
   potential_energy { -102.0667233805947   } 
   potential_energyvar { 118.7683597360921   } 
   nonlocal_energy { 10.48996264940112   } 
   nonlocal_energyvar { 110.7892008267697   } 
   autocorr_energy { } 
} 

block { 
   label spin_0.005
   totweight 819200
   nautocorr 0
   total_energy { -67.49378538618704   } 
   total_energyvar { 0.440652086901236   } 
   weight { 0.9875483042408768   } 
   weightvar { 0.0374045027065795   } 
   kinetic_energy { 24.0742130361928   } 
   kinetic_energyvar { 53.3932995856222   } 
   potential_energy { -102.1439760365514   } 
   potential_energyvar { 120.0892263376196   } 
   nonlocal_energy { 10.57597761417158   } 
   nonlocal_energyvar { 113.0156114671046   } 
   autocorr_energy { } 
} 

block { 
   label spin_0.005
   totweight 819200
   nautocorr 0
   total_energy { -67.50034214389197   } 
   total_energyvar { 1.307255659921508   } 
   weight { 0.9895957339774226   } 
   weightvar { 0.04334062070611486   } 
   kinetic_energy { 24.20049766424473   } 
   kinetic_energyvar { 51.67993047008288   } 
   potential_energy { -102.1378029607406   } 
   potential_energyvar { 117.699023505612   } 
   nonlocal_energy { 10.43696315260387   } 
   nonlocal_energyvar { 105.6992851058432   } 
   autocorr_energy { } 
} 

block { 
   label spin_0.005
   totweight 819200
   nautocorr 0
   total_energy { -67.50210988297098   } 
   total_energyvar { 0.4623479189289999   } 
   weight { 0.9911530300124326   } 
   weightvar { 0.04937589715217572   } 
   kinetic_energy { 24.23493228951789   } 
   kinetic_energyvar { 52.89545808648846   } 
   potential_energy { -102.3489641196135   } 
   potential_energyvar { 117.5811726158331   } 
   nonlocal_energy { 10.61192194712467   } 
   nonlocal_energyvar { 111.0994732669624   } 
   autocorr_energy { } 
} 

block { 
   label spin_0.005
   totweight 819200
   nautocorr 0
   total_energy { -67.50084167349733   } 
   total_energyvar { 0.4456833912048359   } 
   weight { 0.9925943588038961   } 
   weightvar { 0.05630779130051953   } 
   kinetic_energy { 24.24287150156163   } 
   kinetic_energyvar { 53.54130472539804   } 
   potential_energy { -102.39751652194   } 
   potential_energyvar { 116.3105561195964   } 
   nonlocal_energy { 10.65380334688099   } 
   nonlocal_energyvar { 114.1745068252756   } 
   autocorr_energy { } 
} 

block { 
   label spin_0.005
   totweight 819200
   nautocorr 0
   total_energy { -67.50400317192482   } 
   total_energyvar { 0.4303635303713898   } 
   weight { 0.9942713542422663   } 
   weightvar { 0.06223781205238534   } 
   kinetic_energy { 24.21603827655259   } 
   kinetic_energyvar { 53.20772920240324   } 
   potential_energy { -102.2372971643204   } 
   potential_energyvar { 120.5274897678084   } 
   nonlocal_energy { 10.51725571584298   } 
   nonlocal_energyvar { 111.2844757259271   } 
   autocorr_energy { } 
} 

block { 
   label spin_0.005
   totweight 819200
   nautocorr 0
   total_energy { -67.49451126294767   } 
   total_energyvar { 0.4355062524229795   } 
   weight { 0.9943870014822513   } 
   weightvar { 0.06608202326328447   } 
   kinetic_energy { 24.31097499979108   } 
   kinetic_energyvar { 52.73519466602454   } 
   potential_energy { -102.3478586830423   } 
   potential_energyvar { 118.3974731256971   } 
   nonlocal_energy { 10.54237242030356   } 
   nonlocal_energyvar { 108.9423364185569   } 
   autocorr_energy { } 
} 

block { 
   label spin_0.005
   totweight 819200
   nautocorr 0
   total_energy { -67.49787363044589   } 
   total_energyvar { 0.4618087739819864   } 
   weight { 0.994869080825579   } 
   weightvar { 0.06910132686444255   } 
   kinetic_energy { 24.21639011710097   } 
   kinetic_energyvar { 54.07321536325879   } 
   potential_energy { -102.3841295751632   } 
   potential_energyvar { 117.8585445131458   } 
   nonlocal_energy { 10.66986582761636   } 
   nonlocal_energyvar { 111.6112519961436   } 
   autocorr_energy { } 
} 

block { 
   label spin_0.005
   totweight 819200
   nautocorr 0
   total_energy { -67.49778288861481   } 
   total_energyvar { 0.4260520838553953   } 
   weight { 0.9950440765789341   } 
   weightvar { 0.0716768175657493   } 
   kinetic_energy { 24.19276049741755   } 
   kinetic_energyvar { 54.04479853252079   } 
   potential_energy { -102.3230100076414   } 
   potential_energyvar { 119.6612383577912   } 
   nonlocal_energy { 10.63246662160904   } 
   nonlocal_energyvar { 114.267008229268   } 
   autocorr_energy { } 
} 

block { 
   label spin_0.005
   totweight 819200
   nautocorr 0
   total_energy { -67.49914917064172   } 
   total_energyvar { 0.4707897175534109   } 
   weight { 0.9957638581266395   } 
   weightvar { 0.07392718140672651   } 
   kinetic_energy { 24.31147680170823   } 
   kinetic_energyvar { 53.71801140780121   } 
   potential_energy { -102.3344460188307   } 
   potential_energyvar { 114.9289779915189   } 
   nonlocal_energy { 10.52382004648075   } 
   nonlocal_energyvar { 110.0869944773935   } 
   autocorr_energy { } 
} 

block { 
   label spin_0.005
   totweight 819200
   nautocorr 0
   total_energy { -67.50138602016308   } 
   total_energyvar { 0.8135980494475042   } 
   weight { 0.9960213372254979   } 
   weightvar { 0.07696997114497657   } 
   kinetic_energy { 24.19862692325022   } 
   kinetic_energyvar { 52.46238447632173   } 
   potential_energy { -102.1579880977881   } 
   potential_energyvar { 118.9285237592684   } 
   nonlocal_energy { 10.45797515437482   } 
   nonlocal_energyvar { 110.5683120400156   } 
   autocorr_energy { } 
} 

