#-------------------------------------------------
#DMC run: timestep 0.005
#-------------------------------------------------


init { 
   label spin_0.005
}
block { 
   label spin_0.005
   totweight 870400
   nautocorr 0
   total_energy { -103.4767356742316   } 
   total_energyvar { 4.052184255729035   } 
   weight { 1.017373787502122   } 
   weightvar { 0.02794385361692472   } 
   kinetic_energy { 34.91745515911488   } 
   kinetic_energyvar { 106.3129216118988   } 
   potential_energy { -151.4194569733303   } 
   potential_energyvar { 175.1615300166293   } 
   nonlocal_energy { 13.02526613998387   } 
   nonlocal_energyvar { 192.9127721833102   } 
   autocorr_energy { } 
} 

block { 
   label spin_0.005
   totweight 870400
   nautocorr 0
   total_energy { -103.441021426447   } 
   total_energyvar { 4.175570757082195   } 
   weight { 1.006782204901283   } 
   weightvar { 0.07422274486846202   } 
   kinetic_energy { 35.23521777472273   } 
   kinetic_energyvar { 107.4750364853067   } 
   potential_energy { -151.766794558504   } 
   potential_energyvar { 176.3568107491291   } 
   nonlocal_energy { 13.09055535733425   } 
   nonlocal_energyvar { 196.3601247618823   } 
   autocorr_energy { } 
} 

#-------------------------------------------------
#DMC run: timestep 0.005
#-------------------------------------------------


init { 
   label spin_0.005
}
block { 
   label spin_0.005
   totweight 870400
   nautocorr 0
   total_energy { -103.4180409789159   } 
   total_energyvar { 4.209211267044617   } 
   weight { 0.9761373812802498   } 
   weightvar { 0.09173991400030786   } 
   kinetic_energy { 35.36527635685736   } 
   kinetic_energyvar { 114.6014740628141   } 
   potential_energy { -151.8840221078247   } 
   potential_energyvar { 182.142231791649   } 
   nonlocal_energy { 13.10070477205142   } 
   nonlocal_energyvar { 193.8216287278323   } 
   autocorr_energy { } 
} 

block { 
   label spin_0.005
   totweight 870400
   nautocorr 0
   total_energy { -103.4282736404586   } 
   total_energyvar { 4.427846297938527   } 
   weight { 0.9900260976803985   } 
   weightvar { 0.08899066958669877   } 
   kinetic_energy { 35.29427578735326   } 
   kinetic_energyvar { 105.878003779121   } 
   potential_energy { -151.8658316324678   } 
   potential_energyvar { 172.7046382802726   } 
   nonlocal_energy { 13.14328220465599   } 
   nonlocal_energyvar { 194.6173240143943   } 
   autocorr_energy { } 
} 

block { 
   label spin_0.005
   totweight 870400
   nautocorr 0
   total_energy { -103.422517974458   } 
   total_energyvar { 4.27050010290279   } 
   weight { 0.9711964736743526   } 
   weightvar { 0.09613742831658204   } 
   kinetic_energy { 35.35948110489409   } 
   kinetic_energyvar { 107.6144810427604   } 
   potential_energy { -151.8768618609799   } 
   potential_energyvar { 176.5065874031281   } 
   nonlocal_energy { 13.09486278162788   } 
   nonlocal_energyvar { 197.1588665071867   } 
   autocorr_energy { } 
} 

block { 
   label spin_0.005
   totweight 870400
   nautocorr 0
   total_energy { -103.4238958105612   } 
   total_energyvar { 4.210441744229876   } 
   weight { 0.9887938369636897   } 
   weightvar { 0.09255965600898329   } 
   kinetic_energy { 35.43658323750752   } 
   kinetic_energyvar { 106.4946473519239   } 
   potential_energy { -151.9646787007066   } 
   potential_energyvar { 175.2671698049188   } 
   nonlocal_energy { 13.10419965263792   } 
   nonlocal_energyvar { 191.1580434055487   } 
   autocorr_energy { } 
} 

block { 
   label spin_0.005
   totweight 870400
   nautocorr 0
   total_energy { -103.42646678213   } 
   total_energyvar { 4.270270907720822   } 
   weight { 0.9773110779962433   } 
   weightvar { 0.09960313031844621   } 
   kinetic_energy { 35.37371133351696   } 
   kinetic_energyvar { 105.2562501555994   } 
   potential_energy { -151.8743492901111   } 
   potential_energyvar { 173.6142254353481   } 
   nonlocal_energy { 13.07417117446414   } 
   nonlocal_energyvar { 193.2105583263312   } 
   autocorr_energy { } 
} 

block { 
   label spin_0.005
   totweight 870400
   nautocorr 0
   total_energy { -103.4100957498335   } 
   total_energyvar { 4.303225002459241   } 
   weight { 0.9891151560848926   } 
   weightvar { 0.09562015694141092   } 
   kinetic_energy { 35.44560793564541   } 
   kinetic_energyvar { 104.5293474591678   } 
   potential_energy { -151.9407729956086   } 
   potential_energyvar { 176.2793989373695   } 
   nonlocal_energy { 13.08506931012971   } 
   nonlocal_energyvar { 192.4075513227457   } 
   autocorr_energy { } 
} 

block { 
   label spin_0.005
   totweight 870400
   nautocorr 0
   total_energy { -103.4254154481394   } 
   total_energyvar { 4.19308041461649   } 
   weight { 0.983260575576126   } 
   weightvar { 0.09792116992378966   } 
   kinetic_energy { 35.31846386316499   } 
   kinetic_energyvar { 105.5000693111658   } 
   potential_energy { -151.7662018927918   } 
   potential_energyvar { 174.5610997990265   } 
   nonlocal_energy { 13.0223225814874   } 
   nonlocal_energyvar { 192.4547272071518   } 
   autocorr_energy { } 
} 

block { 
   label spin_0.005
   totweight 870400
   nautocorr 0
   total_energy { -103.41440805325   } 
   total_energyvar { 4.193489178402872   } 
   weight { 0.9851129999327036   } 
   weightvar { 0.09613285616351086   } 
   kinetic_energy { 35.47304511547924   } 
   kinetic_energyvar { 106.7777364042993   } 
   potential_energy { -151.9639243934895   } 
   potential_energyvar { 173.7634196492174   } 
   nonlocal_energy { 13.07647122476029   } 
   nonlocal_energyvar { 196.3842280764266   } 
   autocorr_energy { } 
} 

block { 
   label spin_0.005
   totweight 870400
   nautocorr 0
   total_energy { -103.4339539709014   } 
   total_energyvar { 4.137822961131672   } 
   weight { 0.9925171092983226   } 
   weightvar { 0.09625356515159135   } 
   kinetic_energy { 35.33057424285402   } 
   kinetic_energyvar { 105.92420839884   } 
   potential_energy { -151.7209670061156   } 
   potential_energyvar { 175.8386226498095   } 
   nonlocal_energy { 12.95643879236015   } 
   nonlocal_energyvar { 190.7301032671234   } 
   autocorr_energy { } 
} 

block { 
   label spin_0.005
   totweight 870400
   nautocorr 0
   total_energy { -103.4228167016707   } 
   total_energyvar { 4.203907394368253   } 
   weight { 0.9930898543572987   } 
   weightvar { 0.09620165702403692   } 
   kinetic_energy { 35.49956597770652   } 
   kinetic_energyvar { 106.4485010500993   } 
   potential_energy { -152.0143507000512   } 
   potential_energyvar { 175.2803914948851   } 
   nonlocal_energy { 13.09196802067399   } 
   nonlocal_energyvar { 193.1827156863222   } 
   autocorr_energy { } 
} 

block { 
   label spin_0.005
   totweight 870400
   nautocorr 0
   total_energy { -103.4247388603302   } 
   total_energyvar { 4.288633462634238   } 
   weight { 0.995931201644498   } 
   weightvar { 0.09720197192532697   } 
   kinetic_energy { 35.37575827557303   } 
   kinetic_energyvar { 105.9979126217878   } 
   potential_energy { -151.9977955102517   } 
   potential_energyvar { 176.2118887279846   } 
   nonlocal_energy { 13.19729837434846   } 
   nonlocal_energyvar { 196.6755729371203   } 
   autocorr_energy { } 
} 

block { 
   label spin_0.005
   totweight 870400
   nautocorr 0
   total_energy { -103.4254475494762   } 
   total_energyvar { 4.348257541714501   } 
   weight { 0.9978178941578725   } 
   weightvar { 0.09705084605388346   } 
   kinetic_energy { 35.39981904370006   } 
   kinetic_energyvar { 106.1874829737781   } 
   potential_energy { -151.8975825332518   } 
   potential_energyvar { 174.3905516098993   } 
   nonlocal_energy { 13.07231594007549   } 
   nonlocal_energyvar { 192.7203776453425   } 
   autocorr_energy { } 
} 

block { 
   label spin_0.005
   totweight 870400
   nautocorr 0
   total_energy { -103.4228741317054   } 
   total_energyvar { 4.164237037320961   } 
   weight { 0.9961417959125282   } 
   weightvar { 0.09809381414098409   } 
   kinetic_energy { 35.4222386052655   } 
   kinetic_energyvar { 106.2604187444339   } 
   potential_energy { -151.9060963687387   } 
   potential_energyvar { 175.0836066815478   } 
   nonlocal_energy { 13.06098363176782   } 
   nonlocal_energyvar { 192.4978995951488   } 
   autocorr_energy { } 
} 

block { 
   label spin_0.005
   totweight 870400
   nautocorr 0
   total_energy { -103.4263342521443   } 
   total_energyvar { 4.263307451605995   } 
   weight { 1.000152339259718   } 
   weightvar { 0.09508618500530892   } 
   kinetic_energy { 35.35722183709495   } 
   kinetic_energyvar { 105.302980053661   } 
   potential_energy { -151.9145087367951   } 
   potential_energyvar { 176.2392710241538   } 
   nonlocal_energy { 13.13095264755578   } 
   nonlocal_energyvar { 195.6857567055578   } 
   autocorr_energy { } 
} 

block { 
   label spin_0.005
   totweight 870400
   nautocorr 0
   total_energy { -103.4227448223829   } 
   total_energyvar { 4.268685267629166   } 
   weight { 0.9955005974768186   } 
   weightvar { 0.09672467145172657   } 
   kinetic_energy { 35.50219845184801   } 
   kinetic_energyvar { 107.1192874822467   } 
   potential_energy { -152.0714315203635   } 
   potential_energyvar { 174.5795611911433   } 
   nonlocal_energy { 13.1464882461326   } 
   nonlocal_energyvar { 196.4530976280449   } 
   autocorr_energy { } 
} 

block { 
   label spin_0.005
   totweight 870400
   nautocorr 0
   total_energy { -103.4254187460428   } 
   total_energyvar { 4.241208619990913   } 
   weight { 1.000589478698189   } 
   weightvar { 0.09419288808034369   } 
   kinetic_energy { 35.30822462279745   } 
   kinetic_energyvar { 106.8995014483436   } 
   potential_energy { -151.8629195143484   } 
   potential_energyvar { 175.0466908591999   } 
   nonlocal_energy { 13.12927614550809   } 
   nonlocal_energyvar { 195.6733599782287   } 
   autocorr_energy { } 
} 

block { 
   label spin_0.005
   totweight 870400
   nautocorr 0
   total_energy { -103.4208532063827   } 
   total_energyvar { 4.410614370028694   } 
   weight { 0.9927229748346511   } 
   weightvar { 0.09697275230023943   } 
   kinetic_energy { 35.30720964944005   } 
   kinetic_energyvar { 107.1342042714964   } 
   potential_energy { -151.7786462258903   } 
   potential_energyvar { 177.2206081075731   } 
   nonlocal_energy { 13.05058337006754   } 
   nonlocal_energyvar { 195.6171727482003   } 
   autocorr_energy { } 
} 

block { 
   label spin_0.005
   totweight 870400
   nautocorr 0
   total_energy { -103.4250412386593   } 
   total_energyvar { 4.204763796843882   } 
   weight { 1.002020380119189   } 
   weightvar { 0.09597488720939973   } 
   kinetic_energy { 35.41705749633988   } 
   kinetic_energyvar { 105.6658384008587   } 
   potential_energy { -152.0169210131608   } 
   potential_energyvar { 175.681111941036   } 
   nonlocal_energy { 13.17482227816158   } 
   nonlocal_energyvar { 193.5353951235217   } 
   autocorr_energy { } 
} 

block { 
   label spin_0.005
   totweight 870400
   nautocorr 0
   total_energy { -103.4226171915821   } 
   total_energyvar { 4.209910517980727   } 
   weight { 0.9957735791793554   } 
   weightvar { 0.0966309243054773   } 
   kinetic_energy { 35.34912032815033   } 
   kinetic_energyvar { 106.7169566769281   } 
   potential_energy { -151.9010533923397   } 
   potential_energyvar { 175.6527919269465   } 
   nonlocal_energy { 13.12931587260731   } 
   nonlocal_energyvar { 194.4423105422941   } 
   autocorr_energy { } 
} 

block { 
   label spin_0.005
   totweight 870400
   nautocorr 0
   total_energy { -103.4141690825568   } 
   total_energyvar { 4.208041767758705   } 
   weight { 0.9954518351864408   } 
   weightvar { 0.09592357967020246   } 
   kinetic_energy { 35.42063719904593   } 
   kinetic_energyvar { 104.7584581344318   } 
   potential_energy { -151.852656455793   } 
   potential_energyvar { 175.6938259159255   } 
   nonlocal_energy { 13.01785017419024   } 
   nonlocal_energyvar { 189.5314532307175   } 
   autocorr_energy { } 
} 

block { 
   label spin_0.005
   totweight 870400
   nautocorr 0
   total_energy { -103.4236882235258   } 
   total_energyvar { 4.278400724183976   } 
   weight { 0.9946242637522928   } 
   weightvar { 0.09482221773541911   } 
   kinetic_energy { 35.28981748186283   } 
   kinetic_energyvar { 107.7436787841947   } 
   potential_energy { -151.8061095018417   } 
   potential_energyvar { 175.7768469008119   } 
   nonlocal_energy { 13.09260379645309   } 
   nonlocal_energyvar { 198.4917030363751   } 
   autocorr_energy { } 
} 

block { 
   label spin_0.005
   totweight 870400
   nautocorr 0
   total_energy { -103.4186902465687   } 
   total_energyvar { 4.278652697825395   } 
   weight { 0.9947493265866202   } 
   weightvar { 0.09660516071589724   } 
   kinetic_energy { 35.4393565785627   } 
   kinetic_energyvar { 107.0348557701556   } 
   potential_energy { -152.0162651729309   } 
   potential_energyvar { 177.692803097113   } 
   nonlocal_energy { 13.15821834779945   } 
   nonlocal_energyvar { 195.7476764341021   } 
   autocorr_energy { } 
} 

block { 
   label spin_0.005
   totweight 870400
   nautocorr 0
   total_energy { -103.4277051820249   } 
   total_energyvar { 4.280631896885646   } 
   weight { 0.9996985879928144   } 
   weightvar { 0.09430891011223816   } 
   kinetic_energy { 35.34147223942939   } 
   kinetic_energyvar { 106.8026254145642   } 
   potential_energy { -151.9434118902641   } 
   potential_energyvar { 177.5295484182924   } 
   nonlocal_energy { 13.17423446880991   } 
   nonlocal_energyvar { 197.396166306556   } 
   autocorr_energy { } 
} 

block { 
   label spin_0.005
   totweight 870400
   nautocorr 0
   total_energy { -103.4267713776101   } 
   total_energyvar { 4.198768576566527   } 
   weight { 0.9964093230693742   } 
   weightvar { 0.09493549422784392   } 
   kinetic_energy { 35.37921336538758   } 
   kinetic_energyvar { 106.1352510285366   } 
   potential_energy { -151.8954728473888   } 
   potential_energyvar { 174.3360652925513   } 
   nonlocal_energy { 13.08948810439116   } 
   nonlocal_energyvar { 193.2017639932351   } 
   autocorr_energy { } 
} 

block { 
   label spin_0.005
   totweight 870400
   nautocorr 0
   total_energy { -103.4126124720845   } 
   total_energyvar { 4.27198418108336   } 
   weight { 0.994095725649409   } 
   weightvar { 0.09316175179995836   } 
   kinetic_energy { 35.43164788072642   } 
   kinetic_energyvar { 107.0079674916843   } 
   potential_energy { -151.9754103225264   } 
   potential_energyvar { 174.1486140572644   } 
   nonlocal_energy { 13.13114996971547   } 
   nonlocal_energyvar { 195.1840885503487   } 
   autocorr_energy { } 
} 

block { 
   label spin_0.005
   totweight 870400
   nautocorr 0
   total_energy { -103.425373889221   } 
   total_energyvar { 4.231196542101104   } 
   weight { 0.9996445517163048   } 
   weightvar { 0.0940666776343257   } 
   kinetic_energy { 35.3531916797707   } 
   kinetic_energyvar { 107.6542608251134   } 
   potential_energy { -151.9456108726263   } 
   potential_energyvar { 174.6987063319579   } 
   nonlocal_energy { 13.1670453036346   } 
   nonlocal_energyvar { 196.6958707966151   } 
   autocorr_energy { } 
} 

block { 
   label spin_0.005
   totweight 870400
   nautocorr 0
   total_energy { -103.4227250645307   } 
   total_energyvar { 4.24824401053305   } 
   weight { 0.990388936339326   } 
   weightvar { 0.09406607454631043   } 
   kinetic_energy { 35.33556032271   } 
   kinetic_energyvar { 107.6434046055922   } 
   potential_energy { -151.9761710705917   } 
   potential_energyvar { 174.8268375490992   } 
   nonlocal_energy { 13.21788568335101   } 
   nonlocal_energyvar { 195.5769230036009   } 
   autocorr_energy { } 
} 

block { 
   label spin_0.005
   totweight 870400
   nautocorr 0
   total_energy { -103.4181111985529   } 
   total_energyvar { 4.166740524834226   } 
   weight { 0.9980262711570501   } 
   weightvar { 0.09362376431650697   } 
   kinetic_energy { 35.33233123797664   } 
   kinetic_energyvar { 105.5077751059222   } 
   potential_energy { -151.904039607395   } 
   potential_energyvar { 176.2299840021475   } 
   nonlocal_energy { 13.15359717086538   } 
   nonlocal_energyvar { 193.8351160683694   } 
   autocorr_energy { } 
} 

block { 
   label spin_0.005
   totweight 870400
   nautocorr 0
   total_energy { -103.4246106968131   } 
   total_energyvar { 4.278675048752706   } 
   weight { 0.9958314240630846   } 
   weightvar { 0.09437163573124779   } 
   kinetic_energy { 35.51350047248387   } 
   kinetic_energyvar { 105.4055347485273   } 
   potential_energy { -152.1644996916805   } 
   potential_energyvar { 175.6137706160309   } 
   nonlocal_energy { 13.22638852238355   } 
   nonlocal_energyvar { 193.9306533292259   } 
   autocorr_energy { } 
} 

block { 
   label spin_0.005
   totweight 870400
   nautocorr 0
   total_energy { -103.4240553083937   } 
   total_energyvar { 4.234498792639412   } 
   weight { 0.9976184057783279   } 
   weightvar { 0.09444123844182865   } 
   kinetic_energy { 35.35794906792455   } 
   kinetic_energyvar { 104.8674022970822   } 
   potential_energy { -151.8578055184873   } 
   potential_energyvar { 175.0044994045915   } 
   nonlocal_energy { 13.0758011421691   } 
   nonlocal_energyvar { 194.208435360109   } 
   autocorr_energy { } 
} 

block { 
   label spin_0.005
   totweight 870400
   nautocorr 0
   total_energy { -103.430042545298   } 
   total_energyvar { 4.343830608262189   } 
   weight { 1.000412799316354   } 
   weightvar { 0.09433151566678334   } 
   kinetic_energy { 35.49315957197152   } 
   kinetic_energyvar { 106.3649866368903   } 
   potential_energy { -152.130433074739   } 
   potential_energyvar { 177.0607334544671   } 
   nonlocal_energy { 13.20723095746949   } 
   nonlocal_energyvar { 196.3387204842491   } 
   autocorr_energy { } 
} 

block { 
   label spin_0.005
   totweight 870400
   nautocorr 0
   total_energy { -103.4229354728366   } 
   total_energyvar { 4.164622415087277   } 
   weight { 0.9981348770422825   } 
   weightvar { 0.09244715374234587   } 
   kinetic_energy { 35.31560210389238   } 
   kinetic_energyvar { 105.7260630884875   } 
   potential_energy { -151.7201113956748   } 
   potential_energyvar { 173.5871446829064   } 
   nonlocal_energy { 12.98157381894583   } 
   nonlocal_energyvar { 191.6044630110359   } 
   autocorr_energy { } 
} 

block { 
   label spin_0.005
   totweight 870400
   nautocorr 0
   total_energy { -103.4216084001203   } 
   total_energyvar { 4.305888651525955   } 
   weight { 0.998325188499385   } 
   weightvar { 0.09521651304522599   } 
   kinetic_energy { 35.44236177435282   } 
   kinetic_energyvar { 107.1966149391882   } 
   potential_energy { -152.0674448138592   } 
   potential_energyvar { 174.6731309655343   } 
   nonlocal_energy { 13.20347463938612   } 
   nonlocal_energyvar { 196.1851461581536   } 
   autocorr_energy { } 
} 

block { 
   label spin_0.005
   totweight 870400
   nautocorr 0
   total_energy { -103.4233196793925   } 
   total_energyvar { 4.258536494926395   } 
   weight { 0.9983635994853792   } 
   weightvar { 0.09095193165472509   } 
   kinetic_energy { 35.317152199108   } 
   kinetic_energyvar { 105.1802689079537   } 
   potential_energy { -151.8089268610634   } 
   potential_energyvar { 173.0009280510234   } 
   nonlocal_energy { 13.06845498256277   } 
   nonlocal_energyvar { 191.3189916798717   } 
   autocorr_energy { } 
} 

block { 
   label spin_0.005
   totweight 870400
   nautocorr 0
   total_energy { -103.4273911025569   } 
   total_energyvar { 4.281060224581075   } 
   weight { 0.9998641380198181   } 
   weightvar { 0.0959458349272608   } 
   kinetic_energy { 35.33320784981976   } 
   kinetic_energyvar { 106.2174976757536   } 
   potential_energy { -151.8656209943268   } 
   potential_energyvar { 175.2426246506483   } 
   nonlocal_energy { 13.10502204195014   } 
   nonlocal_energyvar { 195.2002962027352   } 
   autocorr_energy { } 
} 

block { 
   label spin_0.005
   totweight 870400
   nautocorr 0
   total_energy { -103.4236017112675   } 
   total_energyvar { 4.153802353837611   } 
   weight { 0.9992365021643899   } 
   weightvar { 0.09501835745137002   } 
   kinetic_energy { 35.18247497777248   } 
   kinetic_energyvar { 106.3947595845209   } 
   potential_energy { -151.6984222256441   } 
   potential_energyvar { 176.017359784291   } 
   nonlocal_energy { 13.09234553660413   } 
   nonlocal_energyvar { 195.2188179946492   } 
   autocorr_energy { } 
} 

block { 
   label spin_0.005
   totweight 870400
   nautocorr 0
   total_energy { -103.4254269549701   } 
   total_energyvar { 4.295143203202322   } 
   weight { 1.000123944537756   } 
   weightvar { 0.09307420068170127   } 
   kinetic_energy { 35.36012632510143   } 
   kinetic_energyvar { 105.134914695628   } 
   potential_energy { -151.8957702527655   } 
   potential_energyvar { 175.1703176158588   } 
   nonlocal_energy { 13.11021697269395   } 
   nonlocal_energyvar { 195.2466438487747   } 
   autocorr_energy { } 
} 

block { 
   label spin_0.005
   totweight 870400
   nautocorr 0
   total_energy { -103.4178635636626   } 
   total_energyvar { 4.302177921074162   } 
   weight { 0.9968426244180987   } 
   weightvar { 0.09485031027371424   } 
   kinetic_energy { 35.30860569456295   } 
   kinetic_energyvar { 105.9058042120355   } 
   potential_energy { -151.8236750069574   } 
   potential_energyvar { 174.2032065162751   } 
   nonlocal_energy { 13.09720574873182   } 
   nonlocal_energyvar { 195.0928157822843   } 
   autocorr_energy { } 
} 

block { 
   label spin_0.005
   totweight 870400
   nautocorr 0
   total_energy { -103.4245101868219   } 
   total_energyvar { 4.204156446879485   } 
   weight { 0.9971368377957047   } 
   weightvar { 0.09353292130633054   } 
   kinetic_energy { 35.3332622672666   } 
   kinetic_energyvar { 106.4271972610176   } 
   potential_energy { -151.8698451931056   } 
   potential_energyvar { 176.2717440474715   } 
   nonlocal_energy { 13.1120727390171   } 
   nonlocal_energyvar { 198.6996875174189   } 
   autocorr_energy { } 
} 

block { 
   label spin_0.005
   totweight 870400
   nautocorr 0
   total_energy { -103.422475168619   } 
   total_energyvar { 4.202700029037979   } 
   weight { 0.9952603952953369   } 
   weightvar { 0.09446224614801062   } 
   kinetic_energy { 35.38037888797862   } 
   kinetic_energyvar { 106.982912828809   } 
   potential_energy { -151.896395716944   } 
   potential_energyvar { 173.5860411383783   } 
   nonlocal_energy { 13.09354166034637   } 
   nonlocal_energyvar { 192.6310153975594   } 
   autocorr_energy { } 
} 

block { 
   label spin_0.005
   totweight 870400
   nautocorr 0
   total_energy { -103.4249231833066   } 
   total_energyvar { 4.215213316836034   } 
   weight { 0.998548887837817   } 
   weightvar { 0.09692708877316074   } 
   kinetic_energy { 35.37221817024409   } 
   kinetic_energyvar { 106.0648942907451   } 
   potential_energy { -151.9713603751622   } 
   potential_energyvar { 176.5805580492543   } 
   nonlocal_energy { 13.17421902161147   } 
   nonlocal_energyvar { 196.4913318219026   } 
   autocorr_energy { } 
} 

block { 
   label spin_0.005
   totweight 870400
   nautocorr 0
   total_energy { -103.4234521765004   } 
   total_energyvar { 4.230984317161018   } 
   weight { 0.9970170633965189   } 
   weightvar { 0.09494916523204334   } 
   kinetic_energy { 35.26828948947067   } 
   kinetic_energyvar { 106.1185827772437   } 
   potential_energy { -151.7955947739335   } 
   potential_energyvar { 175.0052391048284   } 
   nonlocal_energy { 13.10385310796242   } 
   nonlocal_energyvar { 194.4354081908459   } 
   autocorr_energy { } 
} 

block { 
   label spin_0.005
   totweight 870400
   nautocorr 0
   total_energy { -103.4219507402516   } 
   total_energyvar { 4.210484491648861   } 
   weight { 0.9967535551517488   } 
   weightvar { 0.09550815287414571   } 
   kinetic_energy { 35.32635435774775   } 
   kinetic_energyvar { 105.9473849319552   } 
   potential_energy { -151.8265469946807   } 
   potential_energyvar { 177.9188704895982   } 
   nonlocal_energy { 13.07824189668134   } 
   nonlocal_energyvar { 192.795351507058   } 
   autocorr_energy { } 
} 

block { 
   label spin_0.005
   totweight 870400
   nautocorr 0
   total_energy { -103.4221665947404   } 
   total_energyvar { 4.243596786283397   } 
   weight { 0.9976550774491502   } 
   weightvar { 0.09872658081106932   } 
   kinetic_energy { 35.29443825430394   } 
   kinetic_energyvar { 106.8374766592696   } 
   potential_energy { -151.8012801624882   } 
   potential_energyvar { 175.2475671475103   } 
   nonlocal_energy { 13.08467531344385   } 
   nonlocal_energyvar { 193.6232571959637   } 
   autocorr_energy { } 
} 

block { 
   label spin_0.005
   totweight 870400
   nautocorr 0
   total_energy { -103.4230090109938   } 
   total_energyvar { 4.262035506108556   } 
   weight { 0.9978792537716221   } 
   weightvar { 0.0964108869466445   } 
   kinetic_energy { 35.37202400167396   } 
   kinetic_energyvar { 104.7230464480543   } 
   potential_energy { -151.8914777364239   } 
   potential_energyvar { 176.4407568649533   } 
   nonlocal_energy { 13.09644472375611   } 
   nonlocal_energyvar { 193.5177138862037   } 
   autocorr_energy { } 
} 

block { 
   label spin_0.005
   totweight 870400
   nautocorr 0
   total_energy { -103.4225302809061   } 
   total_energyvar { 4.223055661773053   } 
   weight { 0.9977079898999622   } 
   weightvar { 0.09551387666408982   } 
   kinetic_energy { 35.30909683998615   } 
   kinetic_energyvar { 105.2099249617383   } 
   potential_energy { -151.8290917775016   } 
   potential_energyvar { 175.1898984515404   } 
   nonlocal_energy { 13.09746465660931   } 
   nonlocal_energyvar { 193.5742517023274   } 
   autocorr_energy { } 
} 

block { 
   label spin_0.005
   totweight 870400
   nautocorr 0
   total_energy { -103.4244431795678   } 
   total_energyvar { 4.67844198824131   } 
   weight { 0.9962107003795735   } 
   weightvar { 0.0969495040624241   } 
   kinetic_energy { 35.33693922772824   } 
   kinetic_energyvar { 106.7973087516696   } 
   potential_energy { -151.907699151846   } 
   potential_energyvar { 176.6184308413835   } 
   nonlocal_energy { 13.14631674454995   } 
   nonlocal_energyvar { 195.7477269008888   } 
   autocorr_energy { } 
} 

block { 
   label spin_0.005
   totweight 870400
   nautocorr 0
   total_energy { -103.4213003972553   } 
   total_energyvar { 4.19502775045667   } 
   weight { 0.9962940631311462   } 
   weightvar { 0.09455374647080349   } 
   kinetic_energy { 35.4020558904822   } 
   kinetic_energyvar { 106.4122155633165   } 
   potential_energy { -151.8922801812245   } 
   potential_energyvar { 176.0905221553265   } 
   nonlocal_energy { 13.06892389348701   } 
   nonlocal_energyvar { 194.4099958807504   } 
   autocorr_energy { } 
} 

block { 
   label spin_0.005
   totweight 870400
   nautocorr 0
   total_energy { -103.4263453310224   } 
   total_energyvar { 4.166644875532316   } 
   weight { 0.99898249648611   } 
   weightvar { 0.0962371216656235   } 
   kinetic_energy { 35.36182554802386   } 
   kinetic_energyvar { 105.4693231660103   } 
   potential_energy { -151.8129917297556   } 
   potential_energyvar { 174.9568035083021   } 
   nonlocal_energy { 13.02482085070928   } 
   nonlocal_energyvar { 193.3641493139235   } 
   autocorr_energy { } 
} 

block { 
   label spin_0.005
   totweight 870400
   nautocorr 0
   total_energy { -103.4192489963874   } 
   total_energyvar { 4.261093019922196   } 
   weight { 0.9963366702979047   } 
   weightvar { 0.09626471701968027   } 
   kinetic_energy { 35.52382081690902   } 
   kinetic_energyvar { 106.7165006182332   } 
   potential_energy { -152.0720908501391   } 
   potential_energyvar { 178.5121963514007   } 
   nonlocal_energy { 13.12902103684276   } 
   nonlocal_energyvar { 194.9146506493127   } 
   autocorr_energy { } 
} 

block { 
   label spin_0.005
   totweight 870400
   nautocorr 0
   total_energy { -103.4144964006109   } 
   total_energyvar { 4.226735016407298   } 
   weight { 0.9945810923944365   } 
   weightvar { 0.09610045169307126   } 
   kinetic_energy { 35.33126479903698   } 
   kinetic_energyvar { 106.7098404782529   } 
   potential_energy { -151.7686205844604   } 
   potential_energyvar { 176.2900703527236   } 
   nonlocal_energy { 13.02285938481248   } 
   nonlocal_energyvar { 192.115978162944   } 
   autocorr_energy { } 
} 

block { 
   label spin_0.005
   totweight 870400
   nautocorr 0
   total_energy { -103.4150715170071   } 
   total_energyvar { 4.192229211349244   } 
   weight { 0.9935988344405939   } 
   weightvar { 0.09698628530030483   } 
   kinetic_energy { 35.49469129451396   } 
   kinetic_energyvar { 106.3917079583587   } 
   potential_energy { -151.9580384574017   } 
   potential_energyvar { 175.613578052034   } 
   nonlocal_energy { 13.04827564588063   } 
   nonlocal_energyvar { 192.8061909969429   } 
   autocorr_energy { } 
} 

block { 
   label spin_0.005
   totweight 870400
   nautocorr 0
   total_energy { -103.41959868144   } 
   total_energyvar { 4.321230159633454   } 
   weight { 0.9933276518897736   } 
   weightvar { 0.09583436072815885   } 
   kinetic_energy { 35.30592245161468   } 
   kinetic_energyvar { 106.4854462515712   } 
   potential_energy { -151.7169954141367   } 
   potential_energyvar { 175.7684894870802   } 
   nonlocal_energy { 12.99147428108193   } 
   nonlocal_energyvar { 193.4942952008163   } 
   autocorr_energy { } 
} 

block { 
   label spin_0.005
   totweight 870400
   nautocorr 0
   total_energy { -103.4187611049078   } 
   total_energyvar { 4.185786906251836   } 
   weight { 0.9917057225726813   } 
   weightvar { 0.09553810412769972   } 
   kinetic_energy { 35.33502625956378   } 
   kinetic_energyvar { 105.893600496827   } 
   potential_energy { -151.8630507193778   } 
   potential_energyvar { 176.1430152095824   } 
   nonlocal_energy { 13.10926335490624   } 
   nonlocal_energyvar { 193.3988242175069   } 
   autocorr_energy { } 
} 

block { 
   label spin_0.005
   totweight 870400
   nautocorr 0
   total_energy { -103.4234555819587   } 
   total_energyvar { 4.226455754382484   } 
   weight { 0.9940800660351041   } 
   weightvar { 0.09713433030639927   } 
   kinetic_energy { 35.40371822482069   } 
   kinetic_energyvar { 105.0702715099664   } 
   potential_energy { -151.8981768394363   } 
   potential_energyvar { 173.7826923476438   } 
   nonlocal_energy { 13.07100303265683   } 
   nonlocal_energyvar { 191.8810330535142   } 
   autocorr_energy { } 
} 

block { 
   label spin_0.005
   totweight 870400
   nautocorr 0
   total_energy { -103.4223681021755   } 
   total_energyvar { 4.158903108995401   } 
   weight { 0.9947780032576844   } 
   weightvar { 0.09669472264278545   } 
   kinetic_energy { 35.29364433913923   } 
   kinetic_energyvar { 104.4390438258161   } 
   potential_energy { -151.7296953199101   } 
   potential_energyvar { 175.5154712062123   } 
   nonlocal_energy { 13.01368287859536   } 
   nonlocal_energyvar { 191.3062650306554   } 
   autocorr_energy { } 
} 

block { 
   label spin_0.005
   totweight 870400
   nautocorr 0
   total_energy { -103.4213088623922   } 
   total_energyvar { 4.217594104114152   } 
   weight { 0.9950553643965605   } 
   weightvar { 0.09416347999820505   } 
   kinetic_energy { 35.36392470099555   } 
   kinetic_energyvar { 106.0935025697302   } 
   potential_energy { -151.963819031587   } 
   potential_energyvar { 172.3966181141643   } 
   nonlocal_energy { 13.17858546819932   } 
   nonlocal_energyvar { 196.6028495722753   } 
   autocorr_energy { } 
} 

block { 
   label spin_0.005
   totweight 870400
   nautocorr 0
   total_energy { -103.4189709899032   } 
   total_energyvar { 4.204946754118652   } 
   weight { 0.9949522258986826   } 
   weightvar { 0.09572137195342395   } 
   kinetic_energy { 35.43314700384987   } 
   kinetic_energyvar { 106.2658176536994   } 
   potential_energy { -151.9654898793476   } 
   potential_energyvar { 174.2947742997693   } 
   nonlocal_energy { 13.11337188559455   } 
   nonlocal_energyvar { 195.4520420832382   } 
   autocorr_energy { } 
} 

#-------------------------------------------------
#DMC run: timestep 0.005
#-------------------------------------------------


init { 
   label spin_0.005
}
block { 
   label spin_0.005
   totweight 870400
   nautocorr 0
   total_energy { -103.4279607886528   } 
   total_energyvar { 4.268730906670058   } 
   weight { 1.002583047243297   } 
   weightvar { 0.0977946364092051   } 
   kinetic_energy { 35.32408599199555   } 
   kinetic_energyvar { 107.1823827958316   } 
   potential_energy { -151.8837687926939   } 
   potential_energyvar { 176.4557911008327   } 
   nonlocal_energy { 13.13172201204551   } 
   nonlocal_energyvar { 197.9040457436441   } 
   autocorr_energy { } 
} 

block { 
   label spin_0.005
   totweight 870400
   nautocorr 0
   total_energy { -103.4300614196469   } 
   total_energyvar { 4.157204306247649   } 
   weight { 1.005774647749778   } 
   weightvar { 0.09600492449783425   } 
   kinetic_energy { 35.37077415815215   } 
   kinetic_energyvar { 104.8792396016974   } 
   potential_energy { -151.8377083866702   } 
   potential_energyvar { 172.1284921007138   } 
   nonlocal_energy { 13.0368728088711   } 
   nonlocal_energyvar { 192.1504264647991   } 
   autocorr_energy { } 
} 

block { 
   label spin_0.005
   totweight 870400
   nautocorr 0
   total_energy { -103.4147770579118   } 
   total_energyvar { 4.220636977779452   } 
   weight { 0.9951488895926749   } 
   weightvar { 0.09617146315225368   } 
   kinetic_energy { 35.3435787640728   } 
   kinetic_energyvar { 105.5303980905506   } 
   potential_energy { -151.803314291028   } 
   potential_energyvar { 175.3399172141141   } 
   nonlocal_energy { 13.04495846904342   } 
   nonlocal_energyvar { 192.4836187924241   } 
   autocorr_energy { } 
} 

block { 
   label spin_0.005
   totweight 870400
   nautocorr 0
   total_energy { -103.4258813226977   } 
   total_energyvar { 4.237272359477822   } 
   weight { 0.9927964464090189   } 
   weightvar { 0.09593023490101669   } 
   kinetic_energy { 35.30232434256945   } 
   kinetic_energyvar { 107.9298119997942   } 
   potential_energy { -151.8295880886102   } 
   potential_energyvar { 176.982653049344   } 
   nonlocal_energy { 13.10138242334305   } 
   nonlocal_energyvar { 194.8587493158927   } 
   autocorr_energy { } 
} 

block { 
   label spin_0.005
   totweight 870400
   nautocorr 0
   total_energy { -103.424037534106   } 
   total_energyvar { 4.173201365103589   } 
   weight { 0.9976159481691413   } 
   weightvar { 0.09621904206809787   } 
   kinetic_energy { 35.27333796630728   } 
   kinetic_energyvar { 107.3279261035243   } 
   potential_energy { -151.742781777073   } 
   potential_energyvar { 176.1800310252117   } 
   nonlocal_energy { 13.04540627665975   } 
   nonlocal_energyvar { 196.4314251152607   } 
   autocorr_energy { } 
} 

block { 
   label spin_0.005
   totweight 870400
   nautocorr 0
   total_energy { -103.4303112441899   } 
   total_energyvar { 4.273035108780646   } 
   weight { 0.9977374753350804   } 
   weightvar { 0.094593738178411   } 
   kinetic_energy { 35.32844868561199   } 
   kinetic_energyvar { 107.8134486694612   } 
   potential_energy { -151.8758257562758   } 
   potential_energyvar { 176.9391833777902   } 
   nonlocal_energy { 13.11706582647386   } 
   nonlocal_energyvar { 195.1025203493577   } 
   autocorr_energy { } 
} 

block { 
   label spin_0.005
   totweight 870400
   nautocorr 0
   total_energy { -103.4220316744837   } 
   total_energyvar { 4.277387185821634   } 
   weight { 0.9967313269051362   } 
   weightvar { 0.09749347958521441   } 
   kinetic_energy { 35.41386081432114   } 
   kinetic_energyvar { 107.3520023802315   } 
   potential_energy { -152.0185962726663   } 
   potential_energyvar { 177.6187850954366   } 
   nonlocal_energy { 13.18270378386146   } 
   nonlocal_energyvar { 195.5041578387498   } 
   autocorr_energy { } 
} 

block { 
   label spin_0.005
   totweight 870400
   nautocorr 0
   total_energy { -103.4203707799364   } 
   total_energyvar { 4.207322051092143   } 
   weight { 0.9963279517354086   } 
   weightvar { 0.09590539268099793   } 
   kinetic_energy { 35.38254161642784   } 
   kinetic_energyvar { 107.6910956388818   } 
   potential_energy { -151.9610068980031   } 
   potential_energyvar { 177.2278554096112   } 
   nonlocal_energy { 13.1580945016389   } 
   nonlocal_energyvar { 197.499206174762   } 
   autocorr_energy { } 
} 

block { 
   label spin_0.005
   totweight 870400
   nautocorr 0
   total_energy { -103.4245074613834   } 
   total_energyvar { 4.374659779553452   } 
   weight { 0.9947684593108465   } 
   weightvar { 0.09599517056484021   } 
   kinetic_energy { 35.34594307958288   } 
   kinetic_energyvar { 107.1678137669755   } 
   potential_energy { -151.96661730803   } 
   potential_energyvar { 176.5402135964117   } 
   nonlocal_energy { 13.19616676706366   } 
   nonlocal_energyvar { 196.5424851262925   } 
   autocorr_energy { } 
} 

block { 
   label spin_0.005
   totweight 870400
   nautocorr 0
   total_energy { -103.4242800579375   } 
   total_energyvar { 4.28119610967019   } 
   weight { 0.9942559182138132   } 
   weightvar { 0.09766943297401351   } 
   kinetic_energy { 35.32692204361971   } 
   kinetic_energyvar { 106.3750972493584   } 
   potential_energy { -151.8135608460376   } 
   potential_energyvar { 174.8764588764768   } 
   nonlocal_energy { 13.0623587444805   } 
   nonlocal_energyvar { 193.2842082516533   } 
   autocorr_energy { } 
} 

block { 
   label spin_0.005
   totweight 870400
   nautocorr 0
   total_energy { -103.4214982904589   } 
   total_energyvar { 4.099370905772315   } 
   weight { 0.9958840319775947   } 
   weightvar { 0.09569487143502636   } 
   kinetic_energy { 35.37227759517172   } 
   kinetic_energyvar { 105.9378626519677   } 
   potential_energy { -151.7445175982261   } 
   potential_energyvar { 176.8314547999679   } 
   nonlocal_energy { 12.95074171259539   } 
   nonlocal_energyvar { 190.0694569517061   } 
   autocorr_energy { } 
} 

block { 
   label spin_0.005
   totweight 870400
   nautocorr 0
   total_energy { -103.4302849288948   } 
   total_energyvar { 4.161291262399782   } 
   weight { 0.9980485009786217   } 
   weightvar { 0.09482157427470955   } 
   kinetic_energy { 35.41504250609387   } 
   kinetic_energyvar { 106.2620386956623   } 
   potential_energy { -151.8702171848475   } 
   potential_energyvar { 174.733798476585   } 
   nonlocal_energy { 13.02488974985882   } 
   nonlocal_energyvar { 192.5180697323572   } 
   autocorr_energy { } 
} 

block { 
   label spin_0.005
   totweight 870400
   nautocorr 0
   total_energy { -103.4256553554801   } 
   total_energyvar { 4.179756105082366   } 
   weight { 0.9980694004398807   } 
   weightvar { 0.09378120314691056   } 
   kinetic_energy { 35.41696750835151   } 
   kinetic_energyvar { 106.7636757116293   } 
   potential_energy { -151.9244562343042   } 
   potential_energyvar { 176.0618118969274   } 
   nonlocal_energy { 13.0818333704726   } 
   nonlocal_energyvar { 195.2495559772714   } 
   autocorr_energy { } 
} 

block { 
   label spin_0.005
   totweight 870400
   nautocorr 0
   total_energy { -103.421289987469   } 
   total_energyvar { 4.192109504814177   } 
   weight { 0.9977431231062187   } 
   weightvar { 0.09375169823130636   } 
   kinetic_energy { 35.46280571499591   } 
   kinetic_energyvar { 106.4195370958054   } 
   potential_energy { -152.0365745843586   } 
   potential_energyvar { 175.2534513673828   } 
   nonlocal_energy { 13.15247888189379   } 
   nonlocal_energyvar { 194.5998561892006   } 
   autocorr_energy { } 
} 

block { 
   label spin_0.005
   totweight 870400
   nautocorr 0
   total_energy { -103.4298306004977   } 
   total_energyvar { 4.1719864089862   } 
   weight { 0.9973322629617539   } 
   weightvar { 0.09394434661377907   } 
   kinetic_energy { 35.35227131286518   } 
   kinetic_energyvar { 106.7332893276587   } 
   potential_energy { -151.8566968178496   } 
   potential_energyvar { 175.5872997133987   } 
   nonlocal_energy { 13.07459490448676   } 
   nonlocal_energyvar { 197.3245452135195   } 
   autocorr_energy { } 
} 

block { 
   label spin_0.005
   totweight 870400
   nautocorr 0
   total_energy { -103.4176984369934   } 
   total_energyvar { 4.113894741117655   } 
   weight { 0.9957700469626117   } 
   weightvar { 0.09272122644211961   } 
   kinetic_energy { 35.35261997910874   } 
   kinetic_energyvar { 106.0759087017333   } 
   potential_energy { -151.8170223913054   } 
   potential_energyvar { 176.7164766140098   } 
   nonlocal_energy { 13.04670397520325   } 
   nonlocal_energyvar { 193.933923842729   } 
   autocorr_energy { } 
} 

block { 
   label spin_0.005
   totweight 870400
   nautocorr 0
   total_energy { -103.4231581755159   } 
   total_energyvar { 4.196847950400464   } 
   weight { 0.9957071643081762   } 
   weightvar { 0.09437356718980731   } 
   kinetic_energy { 35.33352063549175   } 
   kinetic_energyvar { 105.4304187611651   } 
   potential_energy { -151.7002539715147   } 
   potential_energyvar { 175.3070473049599   } 
   nonlocal_energy { 12.94357516050698   } 
   nonlocal_energyvar { 192.7899221627109   } 
   autocorr_energy { } 
} 

block { 
   label spin_0.005
   totweight 870400
   nautocorr 0
   total_energy { -103.4171538113879   } 
   total_energyvar { 4.188624083468668   } 
   weight { 0.9916542132313486   } 
   weightvar { 0.09775388597583555   } 
   kinetic_energy { 35.40024619360112   } 
   kinetic_energyvar { 105.7330186312396   } 
   potential_energy { -151.9740747660587   } 
   potential_energyvar { 174.3835342196481   } 
   nonlocal_energy { 13.15667476106975   } 
   nonlocal_energyvar { 194.3905550679346   } 
   autocorr_energy { } 
} 

block { 
   label spin_0.005
   totweight 870400
   nautocorr 0
   total_energy { -103.4314080688221   } 
   total_energyvar { 4.265811381284374   } 
   weight { 0.9976104550270566   } 
   weightvar { 0.09593477711117811   } 
   kinetic_energy { 35.50948458117208   } 
   kinetic_energyvar { 105.6019140779824   } 
   potential_energy { -152.0836871120409   } 
   potential_energyvar { 175.2348965814639   } 
   nonlocal_energy { 13.14279446204677   } 
   nonlocal_energyvar { 195.144243652701   } 
   autocorr_energy { } 
} 

block { 
   label spin_0.005
   totweight 870400
   nautocorr 0
   total_energy { -103.4295242233414   } 
   total_energyvar { 4.29551237084724   } 
   weight { 1.000719583889258   } 
   weightvar { 0.09432879584792661   } 
   kinetic_energy { 35.45196137562881   } 
   kinetic_energyvar { 107.5466805969678   } 
   potential_energy { -152.1592603374492   } 
   potential_energyvar { 176.5096626554426   } 
   nonlocal_energy { 13.27777473847901   } 
   nonlocal_energyvar { 198.4574558309621   } 
   autocorr_energy { } 
} 

block { 
   label spin_0.005
   totweight 870400
   nautocorr 0
   total_energy { -103.422798554083   } 
   total_energyvar { 4.273980426895514   } 
   weight { 0.9999819941430781   } 
   weightvar { 0.09373665299750611   } 
   kinetic_energy { 35.36263073161578   } 
   kinetic_energyvar { 107.3566170620222   } 
   potential_energy { -151.9963407719018   } 
   potential_energyvar { 176.8127187597735   } 
   nonlocal_energy { 13.21091148620299   } 
   nonlocal_energyvar { 199.0492471812121   } 
   autocorr_energy { } 
} 

block { 
   label spin_0.005
   totweight 870400
   nautocorr 0
   total_energy { -103.4214925694197   } 
   total_energyvar { 4.194752416835704   } 
   weight { 0.9959756472077053   } 
   weightvar { 0.09331670136528705   } 
   kinetic_energy { 35.31880093684941   } 
   kinetic_energyvar { 104.9711951921565   } 
   potential_energy { -151.7918896019511   } 
   potential_energyvar { 175.8721426852088   } 
   nonlocal_energy { 13.05159609568198   } 
   nonlocal_energyvar { 192.580175851876   } 
   autocorr_energy { } 
} 

block { 
   label spin_0.005
   totweight 870400
   nautocorr 0
   total_energy { -103.4219984067497   } 
   total_energyvar { 4.24878454836886   } 
   weight { 0.9938413235314164   } 
   weightvar { 0.09485906082054495   } 
   kinetic_energy { 35.35648911839518   } 
   kinetic_energyvar { 105.7071576629332   } 
   potential_energy { -151.8159838337094   } 
   potential_energyvar { 174.4602272376951   } 
   nonlocal_energy { 13.0374963085645   } 
   nonlocal_energyvar { 193.0833253096761   } 
   autocorr_energy { } 
} 

block { 
   label spin_0.005
   totweight 870400
   nautocorr 0
   total_energy { -103.4216187850044   } 
   total_energyvar { 4.336791749978969   } 
   weight { 0.9943994136569683   } 
   weightvar { 0.09719829492467405   } 
   kinetic_energy { 35.29471483641699   } 
   kinetic_energyvar { 105.4520978798981   } 
   potential_energy { -151.7006881690125   } 
   potential_energyvar { 174.6062187832083   } 
   nonlocal_energy { 12.98435454759119   } 
   nonlocal_energyvar { 191.9826931295434   } 
   autocorr_energy { } 
} 

block { 
   label spin_0.005
   totweight 870400
   nautocorr 0
   total_energy { -103.4277595769873   } 
   total_energyvar { 4.282213331092331   } 
   weight { 0.9979772586501303   } 
   weightvar { 0.09866657765620263   } 
   kinetic_energy { 35.34963002451596   } 
   kinetic_energyvar { 107.9442075622629   } 
   potential_energy { -151.9582899306669   } 
   potential_energyvar { 176.5874770322347   } 
   nonlocal_energy { 13.18090032916353   } 
   nonlocal_energyvar { 195.9524918486508   } 
   autocorr_energy { } 
} 

block { 
   label spin_0.005
   totweight 870400
   nautocorr 0
   total_energy { -103.4270929204323   } 
   total_energyvar { 4.210270778244818   } 
   weight { 0.9974425557162706   } 
   weightvar { 0.09890326054386465   } 
   kinetic_energy { 35.31709138270156   } 
   kinetic_energyvar { 106.1175522042623   } 
   potential_energy { -151.8121455044951   } 
   potential_energyvar { 176.1703415489324   } 
   nonlocal_energy { 13.06796120136126   } 
   nonlocal_energyvar { 193.6785160376885   } 
   autocorr_energy { } 
} 

block { 
   label spin_0.005
   totweight 870400
   nautocorr 0
   total_energy { -103.4238928648086   } 
   total_energyvar { 4.268389345824902   } 
   weight { 0.996994266985422   } 
   weightvar { 0.09514525013328565   } 
   kinetic_energy { 35.4006350143016   } 
   kinetic_energyvar { 106.2558112188781   } 
   potential_energy { -151.9906800820742   } 
   potential_energyvar { 176.1229530503545   } 
   nonlocal_energy { 13.16615220296401   } 
   nonlocal_energyvar { 195.5393045228022   } 
   autocorr_energy { } 
} 

block { 
   label spin_0.005
   totweight 870400
   nautocorr 0
   total_energy { -103.4237300326551   } 
   total_energyvar { 4.316538687362204   } 
   weight { 0.996985470321726   } 
   weightvar { 0.09610636905015731   } 
   kinetic_energy { 35.40305729584721   } 
   kinetic_energyvar { 106.4802761958597   } 
   potential_energy { -152.0120436715684   } 
   potential_energyvar { 174.2287701211558   } 
   nonlocal_energy { 13.18525634306609   } 
   nonlocal_energyvar { 194.2552001347573   } 
   autocorr_energy { } 
} 

block { 
   label spin_0.005
   totweight 870400
   nautocorr 0
   total_energy { -103.4226342762567   } 
   total_energyvar { 4.252118259669087   } 
   weight { 0.996815873180382   } 
   weightvar { 0.09627264508860747   } 
   kinetic_energy { 35.27907918796684   } 
   kinetic_energyvar { 107.0331157629844   } 
   potential_energy { -151.8729117437396   } 
   potential_energyvar { 174.8131500786499   } 
   nonlocal_energy { 13.17119827951606   } 
   nonlocal_energyvar { 197.2729769332108   } 
   autocorr_energy { } 
} 

block { 
   label spin_0.005
   totweight 870400
   nautocorr 0
   total_energy { -103.4212196875286   } 
   total_energyvar { 4.2472098194942   } 
   weight { 0.9930444398139988   } 
   weightvar { 0.09440431546169489   } 
   kinetic_energy { 35.24701003195908   } 
   kinetic_energyvar { 106.2846547080391   } 
   potential_energy { -151.7635317229046   } 
   potential_energyvar { 174.4105479440623   } 
   nonlocal_energy { 13.09530200341693   } 
   nonlocal_energyvar { 193.4385549036918   } 
   autocorr_energy { } 
} 

