#-------------------------------------------------
#DMC run: timestep 0.005
#-------------------------------------------------


init { 
   label spin_0.005
}
block { 
   label spin_0.005
   totweight 3481600
   nautocorr 0
   total_energy { -127.3167929027981   } 
   total_energyvar { 1.496890247550734   } 
   weight { 1.017655712711415   } 
   weightvar { 0.02626618276619535   } 
   kinetic_energy { 48.26934081952841   } 
   kinetic_energyvar { 124.5909689676577   } 
   potential_energy { -196.1253880028572   } 
   potential_energyvar { 354.7501903457598   } 
   nonlocal_energy { 20.53925428053067   } 
   nonlocal_energyvar { 279.5463534971508   } 
   autocorr_energy { } 
} 

block { 
   label spin_0.005
   totweight 3481600
   nautocorr 0
   total_energy { -127.2974550101309   } 
   total_energyvar { 1.592273308801939   } 
   weight { 1.009627548393093   } 
   weightvar { 0.06814027540030083   } 
   kinetic_energy { 48.50849088008714   } 
   kinetic_energyvar { 124.8790682415898   } 
   potential_energy { -196.4350280828636   } 
   potential_energyvar { 355.8882043505352   } 
   nonlocal_energy { 20.62908219264559   } 
   nonlocal_energyvar { 282.252692753809   } 
   autocorr_energy { } 
} 

block { 
   label spin_0.005
   totweight 3481600
   nautocorr 0
   total_energy { -127.2934925493047   } 
   total_energyvar { 1.53261246728188   } 
   weight { 0.9940065446160669   } 
   weightvar { 0.08303194764879335   } 
   kinetic_energy { 48.45590185402366   } 
   kinetic_energyvar { 122.9787435933617   } 
   potential_energy { -196.2597043944967   } 
   potential_energyvar { 352.5887678620093   } 
   nonlocal_energy { 20.51030999116825   } 
   nonlocal_energyvar { 279.9956827519404   } 
   autocorr_energy { } 
} 

#-------------------------------------------------
#DMC run: timestep 0.005
#-------------------------------------------------


init { 
   label spin_0.005
}
block { 
   label spin_0.005
   totweight 3481600
   nautocorr 0
   total_energy { -127.2953606184575   } 
   total_energyvar { 1.549007421374139   } 
   weight { 1.000003764513346   } 
   weightvar { 0.08966132188674657   } 
   kinetic_energy { 48.44989798056023   } 
   kinetic_energyvar { 122.7204301225271   } 
   potential_energy { -196.3395065622117   } 
   potential_energyvar { 352.9068562166927   } 
   nonlocal_energy { 20.59424796319401   } 
   nonlocal_energyvar { 281.3883130696688   } 
   autocorr_energy { } 
} 

block { 
   label spin_0.005
   totweight 3481600
   nautocorr 0
   total_energy { -127.2916022451904   } 
   total_energyvar { 1.530526699994304   } 
   weight { 1.002562070869867   } 
   weightvar { 0.08955688987179407   } 
   kinetic_energy { 48.45111187336243   } 
   kinetic_energyvar { 123.2045556595272   } 
   potential_energy { -196.2024356578403   } 
   potential_energyvar { 353.7237301925132   } 
   nonlocal_energy { 20.45972153928749   } 
   nonlocal_energyvar { 278.9217409216294   } 
   autocorr_energy { } 
} 

block { 
   label spin_0.005
   totweight 3481600
   nautocorr 0
   total_energy { -127.2924250561766   } 
   total_energyvar { 1.53406540223142   } 
   weight { 0.9994960929713023   } 
   weightvar { 0.09106844353669359   } 
   kinetic_energy { 48.53376640086319   } 
   kinetic_energyvar { 123.1621169835529   } 
   potential_energy { -196.4021428319564   } 
   potential_energyvar { 353.70849815034   } 
   nonlocal_energy { 20.57595137491672   } 
   nonlocal_energyvar { 281.4170788027354   } 
   autocorr_energy { } 
} 

block { 
   label spin_0.005
   totweight 3481600
   nautocorr 0
   total_energy { -127.2902187933428   } 
   total_energyvar { 1.526910638806757   } 
   weight { 0.9981545350805201   } 
   weightvar { 0.09114508736901532   } 
   kinetic_energy { 48.4956139110866   } 
   kinetic_energyvar { 123.3794503968102   } 
   potential_energy { -196.2658303731069   } 
   potential_energyvar { 350.0385065995094   } 
   nonlocal_energy { 20.4799976686775   } 
   nonlocal_energyvar { 277.5664644700736   } 
   autocorr_energy { } 
} 

block { 
   label spin_0.005
   totweight 3481600
   nautocorr 0
   total_energy { -127.2902028389481   } 
   total_energyvar { 1.538328077710589   } 
   weight { 0.9972894556363722   } 
   weightvar { 0.09136412205546855   } 
   kinetic_energy { 48.47997883404393   } 
   kinetic_energyvar { 123.6920246849654   } 
   potential_energy { -196.2539790354152   } 
   potential_energyvar { 350.9700501968232   } 
   nonlocal_energy { 20.48379736242322   } 
   nonlocal_energyvar { 278.2678229204182   } 
   autocorr_energy { } 
} 

block { 
   label spin_0.005
   totweight 3481600
   nautocorr 0
   total_energy { -127.2938792030421   } 
   total_energyvar { 1.696080950980886   } 
   weight { 0.9994035212170457   } 
   weightvar { 0.08965129686550571   } 
   kinetic_energy { 48.52560951085129   } 
   kinetic_energyvar { 123.8422101018455   } 
   potential_energy { -196.3462845203902   } 
   potential_energyvar { 353.7955551451251   } 
   nonlocal_energy { 20.52679580649693   } 
   nonlocal_energyvar { 278.6745816584981   } 
   autocorr_energy { } 
} 

block { 
   label spin_0.005
   totweight 3481600
   nautocorr 0
   total_energy { -127.293222297118   } 
   total_energyvar { 1.511724407374769   } 
   weight { 0.9999815416050087   } 
   weightvar { 0.09085446576601797   } 
   kinetic_energy { 48.57248522482838   } 
   kinetic_energyvar { 123.2391205628163   } 
   potential_energy { -196.4714010710181   } 
   potential_energyvar { 354.2151069578969   } 
   nonlocal_energy { 20.60569354907162   } 
   nonlocal_energyvar { 281.5750596690006   } 
   autocorr_energy { } 
} 

block { 
   label spin_0.005
   totweight 3481600
   nautocorr 0
   total_energy { -127.2931763474758   } 
   total_energyvar { 1.550081168198763   } 
   weight { 1.001082900757691   } 
   weightvar { 0.09052046988016846   } 
   kinetic_energy { 48.6004936317418   } 
   kinetic_energyvar { 123.9663238610293   } 
   potential_energy { -196.4702527225365   } 
   potential_energyvar { 352.5466639829941   } 
   nonlocal_energy { 20.57658274331888   } 
   nonlocal_energyvar { 278.1955724666424   } 
   autocorr_energy { } 
} 

block { 
   label spin_0.005
   totweight 3481600
   nautocorr 0
   total_energy { -127.2912524721762   } 
   total_energyvar { 1.524271865671465   } 
   weight { 1.000279661959237   } 
   weightvar { 0.09065364793153846   } 
   kinetic_energy { 48.51770627567804   } 
   kinetic_energyvar { 123.3900289898723   } 
   potential_energy { -196.3653450806192   } 
   potential_energyvar { 355.3994014664685   } 
   nonlocal_energy { 20.55638633276499   } 
   nonlocal_energyvar { 280.2491011413886   } 
   autocorr_energy { } 
} 

block { 
   label spin_0.005
   totweight 3481600
   nautocorr 0
   total_energy { -127.2925185969578   } 
   total_energyvar { 1.523165066518965   } 
   weight { 1.00083824674507   } 
   weightvar { 0.09138589511731723   } 
   kinetic_energy { 48.50207352155061   } 
   kinetic_energyvar { 123.8258049010437   } 
   potential_energy { -196.2966556347104   } 
   potential_energyvar { 354.109304190958   } 
   nonlocal_energy { 20.50206351620192   } 
   nonlocal_energyvar { 278.0762316211793   } 
   autocorr_energy { } 
} 

