#-------------------------------------------------
#VMC run: timestep 0.6 nconfig 2176 steps 100
#-------------------------------------------------


init { 
   label vmc
}
block { 
   label vmc
   totweight 217600
   nautocorr 0
   total_energy { -126.6041546001647   } 
   total_energyvar { 13.84439901933489   } 
   weight { 1   } 
   weightvar { 1.776356839400247e-15   } 
   kinetic_energy { 48.20879223210228   } 
   kinetic_energyvar { 147.0188508942241   } 
   potential_energy { -194.2250059686823   } 
   potential_energyvar { 398.7098380734985   } 
   nonlocal_energy { 19.41205913641538   } 
   nonlocal_energyvar { 281.7641382620778   } 
   autocorr_energy { } 
} 

block { 
   label vmc
   totweight 217600
   nautocorr 0
   total_energy { -126.613600467714   } 
   total_energyvar { 12.68656454587991   } 
   weight { 1   } 
   weightvar { 1.776356839400247e-15   } 
   kinetic_energy { 48.15822428299247   } 
   kinetic_energyvar { 146.1545423710002   } 
   potential_energy { -194.0367818820054   } 
   potential_energyvar { 401.2126164126531   } 
   nonlocal_energy { 19.26495713129894   } 
   nonlocal_energyvar { 275.9336856520986   } 
   autocorr_energy { } 
} 

block { 
   label vmc
   totweight 217600
   nautocorr 0
   total_energy { -126.6153187639055   } 
   total_energyvar { 12.8058344076113   } 
   weight { 1   } 
   weightvar { 1.776356839400247e-15   } 
   kinetic_energy { 48.17479286094023   } 
   kinetic_energyvar { 145.6698225448677   } 
   potential_energy { -194.2319179755927   } 
   potential_energyvar { 400.0458687392763   } 
   nonlocal_energy { 19.44180635074697   } 
   nonlocal_energyvar { 278.9332162814874   } 
   autocorr_energy { } 
} 

block { 
   label vmc
   totweight 217600
   nautocorr 0
   total_energy { -126.6079650110661   } 
   total_energyvar { 13.19677737263004   } 
   weight { 1   } 
   weightvar { 1.776356839400247e-15   } 
   kinetic_energy { 48.19817586690774   } 
   kinetic_energyvar { 145.8191130874141   } 
   potential_energy { -194.2431226262947   } 
   potential_energyvar { 399.9434959818936   } 
   nonlocal_energy { 19.43698174832077   } 
   nonlocal_energyvar { 281.5078892789899   } 
   autocorr_energy { } 
} 

block { 
   label vmc
   totweight 217600
   nautocorr 0
   total_energy { -126.6136615492567   } 
   total_energyvar { 12.81915609483476   } 
   weight { 1   } 
   weightvar { 1.776356839400247e-15   } 
   kinetic_energy { 48.21199516125076   } 
   kinetic_energyvar { 147.2519100876527   } 
   potential_energy { -194.151772400172   } 
   potential_energyvar { 399.8631714178415   } 
   nonlocal_energy { 19.3261156896645   } 
   nonlocal_energyvar { 279.0391905465988   } 
   autocorr_energy { } 
} 

block { 
   label vmc
   totweight 217600
   nautocorr 0
   total_energy { -126.6033153882662   } 
   total_energyvar { 13.36841006673234   } 
   weight { 1   } 
   weightvar { 1.776356839400247e-15   } 
   kinetic_energy { 48.2202428178264   } 
   kinetic_energyvar { 146.1626606683849   } 
   potential_energy { -194.1458017373918   } 
   potential_energyvar { 397.8602066818553   } 
   nonlocal_energy { 19.32224353129915   } 
   nonlocal_energyvar { 273.657674130193   } 
   autocorr_energy { } 
} 

block { 
   label vmc
   totweight 217600
   nautocorr 0
   total_energy { -126.6111035179355   } 
   total_energyvar { 12.92638008234469   } 
   weight { 1   } 
   weightvar { 1.776356839400247e-15   } 
   kinetic_energy { 48.10791565819449   } 
   kinetic_energyvar { 147.3988504405696   } 
   potential_energy { -194.1624728422117   } 
   potential_energyvar { 403.6463197121449   } 
   nonlocal_energy { 19.44345366608175   } 
   nonlocal_energyvar { 284.3108650628288   } 
   autocorr_energy { } 
} 

block { 
   label vmc
   totweight 217600
   nautocorr 0
   total_energy { -126.6070049411979   } 
   total_energyvar { 12.73702045235115   } 
   weight { 1   } 
   weightvar { 1.776356839400247e-15   } 
   kinetic_energy { 48.17148740871338   } 
   kinetic_energyvar { 147.1787919145166   } 
   potential_energy { -194.1818797166366   } 
   potential_energyvar { 403.2059639012586   } 
   nonlocal_energy { 19.40338736672529   } 
   nonlocal_energyvar { 283.3797141216393   } 
   autocorr_energy { } 
} 

block { 
   label vmc
   totweight 217600
   nautocorr 0
   total_energy { -126.6136877201264   } 
   total_energyvar { 13.46890075567518   } 
   weight { 1   } 
   weightvar { 1.776356839400247e-15   } 
   kinetic_energy { 48.09194245310039   } 
   kinetic_energyvar { 146.9847006466453   } 
   potential_energy { -194.1695063443894   } 
   potential_energyvar { 400.9906180409598   } 
   nonlocal_energy { 19.46387617116252   } 
   nonlocal_energyvar { 285.5236780013371   } 
   autocorr_energy { } 
} 

block { 
   label vmc
   totweight 217600
   nautocorr 0
   total_energy { -126.6115285200069   } 
   total_energyvar { 12.78601712055236   } 
   weight { 1   } 
   weightvar { 1.776356839400247e-15   } 
   kinetic_energy { 48.22898980855567   } 
   kinetic_energyvar { 144.626008660763   } 
   potential_energy { -194.2110992054315   } 
   potential_energyvar { 397.9834734873022   } 
   nonlocal_energy { 19.37058087686889   } 
   nonlocal_energyvar { 277.8282763728076   } 
   autocorr_energy { } 
} 

block { 
   label vmc
   totweight 217600
   nautocorr 0
   total_energy { -126.6000214150123   } 
   total_energyvar { 14.13426132723449   } 
   weight { 1   } 
   weightvar { 1.776356839400247e-15   } 
   kinetic_energy { 48.08630433147695   } 
   kinetic_energyvar { 148.4010386194013   } 
   potential_energy { -194.114098886614   } 
   potential_energyvar { 402.8102790610722   } 
   nonlocal_energy { 19.42777314012473   } 
   nonlocal_energyvar { 287.2566883364467   } 
   autocorr_energy { } 
} 

block { 
   label vmc
   totweight 217600
   nautocorr 0
   total_energy { -126.6031205151376   } 
   total_energyvar { 13.00861439834802   } 
   weight { 1   } 
   weightvar { 1.776356839400247e-15   } 
   kinetic_energy { 48.09344616803836   } 
   kinetic_energyvar { 147.6484091157702   } 
   potential_energy { -194.1450554063039   } 
   potential_energyvar { 399.2731212719476   } 
   nonlocal_energy { 19.44848872312793   } 
   nonlocal_energyvar { 281.8921755078881   } 
   autocorr_energy { } 
} 

block { 
   label vmc
   totweight 217600
   nautocorr 0
   total_energy { -126.5999423338121   } 
   total_energyvar { 12.5730794343536   } 
   weight { 1   } 
   weightvar { 1.776356839400247e-15   } 
   kinetic_energy { 48.12103277808581   } 
   kinetic_energyvar { 147.2919853733828   } 
   potential_energy { -194.1176790756024   } 
   potential_energyvar { 398.8120030882051   } 
   nonlocal_energy { 19.3967039637045   } 
   nonlocal_energyvar { 281.7579603066278   } 
   autocorr_energy { } 
} 

block { 
   label vmc
   totweight 217600
   nautocorr 0
   total_energy { -126.6070739385523   } 
   total_energyvar { 12.98497399742798   } 
   weight { 1   } 
   weightvar { 1.776356839400247e-15   } 
   kinetic_energy { 48.13766410240768   } 
   kinetic_energyvar { 147.6189589129519   } 
   potential_energy { -194.2062556423155   } 
   potential_energyvar { 400.0887071287125   } 
   nonlocal_energy { 19.46151760135552   } 
   nonlocal_energyvar { 284.6745707129177   } 
   autocorr_energy { } 
} 

block { 
   label vmc
   totweight 217600
   nautocorr 0
   total_energy { -126.6148249950214   } 
   total_energyvar { 13.24373707296061   } 
   weight { 1   } 
   weightvar { 1.776356839400247e-15   } 
   kinetic_energy { 48.2157043915271   } 
   kinetic_energyvar { 146.1467404181141   } 
   potential_energy { -194.148393801377   } 
   potential_energyvar { 397.0543140930943   } 
   nonlocal_energy { 19.31786441482845   } 
   nonlocal_energyvar { 281.2053635739472   } 
   autocorr_energy { } 
} 

block { 
   label vmc
   totweight 217600
   nautocorr 0
   total_energy { -126.6068395698068   } 
   total_energyvar { 12.82924676458665   } 
   weight { 1   } 
   weightvar { 1.776356839400247e-15   } 
   kinetic_energy { 48.16024647271205   } 
   kinetic_energyvar { 146.2447302124081   } 
   potential_energy { -194.196902834818   } 
   potential_energyvar { 402.8124558116513   } 
   nonlocal_energy { 19.42981679229917   } 
   nonlocal_energyvar { 282.5177013787717   } 
   autocorr_energy { } 
} 

block { 
   label vmc
   totweight 217600
   nautocorr 0
   total_energy { -126.6223765083067   } 
   total_energyvar { 14.48002665504724   } 
   weight { 1   } 
   weightvar { 1.776356839400247e-15   } 
   kinetic_energy { 48.17772199129092   } 
   kinetic_energyvar { 146.1527164451985   } 
   potential_energy { -194.3382861474055   } 
   potential_energyvar { 403.6517949806024   } 
   nonlocal_energy { 19.53818764780784   } 
   nonlocal_energyvar { 281.4958483536378   } 
   autocorr_energy { } 
} 

block { 
   label vmc
   totweight 217600
   nautocorr 0
   total_energy { -126.6186696991792   } 
   total_energyvar { 12.97931169237359   } 
   weight { 1   } 
   weightvar { 1.776356839400247e-15   } 
   kinetic_energy { 48.19141182910706   } 
   kinetic_energyvar { 147.1077934125462   } 
   potential_energy { -194.1467718583167   } 
   potential_energyvar { 402.8231690741236   } 
   nonlocal_energy { 19.33669033003043   } 
   nonlocal_energyvar { 277.4221049489666   } 
   autocorr_energy { } 
} 

block { 
   label vmc
   totweight 217600
   nautocorr 0
   total_energy { -126.6084635006507   } 
   total_energyvar { 13.20290443023246   } 
   weight { 1   } 
   weightvar { 1.776356839400247e-15   } 
   kinetic_energy { 48.19086991810877   } 
   kinetic_energyvar { 147.1091370309848   } 
   potential_energy { -194.3224652501007   } 
   potential_energyvar { 401.8058927759714   } 
   nonlocal_energy { 19.52313183134132   } 
   nonlocal_energyvar { 284.9785979293285   } 
   autocorr_energy { } 
} 

block { 
   label vmc
   totweight 217600
   nautocorr 0
   total_energy { -126.5993792020037   } 
   total_energyvar { 13.6442765191486   } 
   weight { 1   } 
   weightvar { 1.776356839400247e-15   } 
   kinetic_energy { 48.14808203924522   } 
   kinetic_energyvar { 146.2045705018081   } 
   potential_energy { -194.1703870676592   } 
   potential_energyvar { 406.2218556898168   } 
   nonlocal_energy { 19.4229258264103   } 
   nonlocal_energyvar { 281.574521211457   } 
   autocorr_energy { } 
} 

block { 
   label vmc
   totweight 217600
   nautocorr 0
   total_energy { -126.6107450342328   } 
   total_energyvar { 13.43353642949219   } 
   weight { 1   } 
   weightvar { 1.776356839400247e-15   } 
   kinetic_energy { 48.1947400502338   } 
   kinetic_energyvar { 145.6760155423102   } 
   potential_energy { -194.3052944769638   } 
   potential_energyvar { 402.9824858495068   } 
   nonlocal_energy { 19.49980939249726   } 
   nonlocal_energyvar { 279.5808273266378   } 
   autocorr_energy { } 
} 

block { 
   label vmc
   totweight 217600
   nautocorr 0
   total_energy { -126.596357092825   } 
   total_energyvar { 12.95628965115644   } 
   weight { 1   } 
   weightvar { 1.776356839400247e-15   } 
   kinetic_energy { 48.07846944865609   } 
   kinetic_energyvar { 147.3376063888487   } 
   potential_energy { -194.1409413583648   } 
   potential_energyvar { 402.6055103292124   } 
   nonlocal_energy { 19.46611481688367   } 
   nonlocal_energyvar { 283.9826530521643   } 
   autocorr_energy { } 
} 

block { 
   label vmc
   totweight 217600
   nautocorr 0
   total_energy { -126.6084624735616   } 
   total_energyvar { 12.95541948871008   } 
   weight { 1   } 
   weightvar { 1.776356839400247e-15   } 
   kinetic_energy { 48.17569695743187   } 
   kinetic_energyvar { 146.8241609399941   } 
   potential_energy { -194.1953706293789   } 
   potential_energyvar { 401.547564929488   } 
   nonlocal_energy { 19.41121119838545   } 
   nonlocal_energyvar { 278.251661202935   } 
   autocorr_energy { } 
} 

block { 
   label vmc
   totweight 217600
   nautocorr 0
   total_energy { -126.6124761593197   } 
   total_energyvar { 13.1566066611317   } 
   weight { 1   } 
   weightvar { 1.776356839400247e-15   } 
   kinetic_energy { 48.17631016366773   } 
   kinetic_energyvar { 148.0786124710987   } 
   potential_energy { -194.236196559777   } 
   potential_energyvar { 403.1895732349786   } 
   nonlocal_energy { 19.44741023678959   } 
   nonlocal_energyvar { 284.0211500398702   } 
   autocorr_energy { } 
} 

block { 
   label vmc
   totweight 217600
   nautocorr 0
   total_energy { -126.5910535239728   } 
   total_energyvar { 12.87832949436122   } 
   weight { 1   } 
   weightvar { 1.776356839400247e-15   } 
   kinetic_energy { 48.12293932130397   } 
   kinetic_energyvar { 146.8761476334642   } 
   potential_energy { -194.1620787063523   } 
   potential_energyvar { 398.6525922451422   } 
   nonlocal_energy { 19.44808586107556   } 
   nonlocal_energyvar { 280.8570706984134   } 
   autocorr_energy { } 
} 

block { 
   label vmc
   totweight 217600
   nautocorr 0
   total_energy { -126.6042731663419   } 
   total_energyvar { 13.26909978137336   } 
   weight { 1   } 
   weightvar { 1.776356839400247e-15   } 
   kinetic_energy { 48.15155760545828   } 
   kinetic_energyvar { 147.4957645872681   } 
   potential_energy { -194.297920199634   } 
   potential_energyvar { 404.0766330031673   } 
   nonlocal_energy { 19.54208942783383   } 
   nonlocal_energyvar { 286.2904142820976   } 
   autocorr_energy { } 
} 

block { 
   label vmc
   totweight 217600
   nautocorr 0
   total_energy { -126.6096614814924   } 
   total_energyvar { 12.58550602163933   } 
   weight { 1   } 
   weightvar { 1.776356839400247e-15   } 
   kinetic_energy { 48.18293153459462   } 
   kinetic_energyvar { 146.1762137721267   } 
   potential_energy { -194.187231371922   } 
   potential_energyvar { 400.3538441917381   } 
   nonlocal_energy { 19.39463835583504   } 
   nonlocal_energyvar { 278.9499958497368   } 
   autocorr_energy { } 
} 

block { 
   label vmc
   totweight 217600
   nautocorr 0
   total_energy { -126.6055200897088   } 
   total_energyvar { 13.12505716837969   } 
   weight { 1   } 
   weightvar { 1.776356839400247e-15   } 
   kinetic_energy { 48.17927872521199   } 
   kinetic_energyvar { 145.2446234082867   } 
   potential_energy { -194.222107808584   } 
   potential_energyvar { 400.2295160634406   } 
   nonlocal_energy { 19.43730899366319   } 
   nonlocal_energyvar { 276.6796523685917   } 
   autocorr_energy { } 
} 

block { 
   label vmc
   totweight 217600
   nautocorr 0
   total_energy { -126.6105993001972   } 
   total_energyvar { 12.91767937812709   } 
   weight { 1   } 
   weightvar { 1.776356839400247e-15   } 
   kinetic_energy { 48.20795197508515   } 
   kinetic_energyvar { 148.7219794646718   } 
   potential_energy { -194.1375577838247   } 
   potential_energyvar { 398.8312165145947   } 
   nonlocal_energy { 19.31900650854232   } 
   nonlocal_energyvar { 279.0623456309033   } 
   autocorr_energy { } 
} 

block { 
   label vmc
   totweight 217600
   nautocorr 0
   total_energy { -126.60714622175   } 
   total_energyvar { 12.88629164941662   } 
   weight { 1   } 
   weightvar { 1.776356839400247e-15   } 
   kinetic_energy { 48.17699687757222   } 
   kinetic_energyvar { 148.4869960206813   } 
   potential_energy { -194.1978116414137   } 
   potential_energyvar { 399.5085174060152   } 
   nonlocal_energy { 19.41366854209147   } 
   nonlocal_energyvar { 278.5192669275275   } 
   autocorr_energy { } 
} 

block { 
   label vmc
   totweight 217600
   nautocorr 0
   total_energy { -126.5948942688724   } 
   total_energyvar { 14.57048203630266   } 
   weight { 1   } 
   weightvar { 1.776356839400247e-15   } 
   kinetic_energy { 48.11069242378286   } 
   kinetic_energyvar { 148.0929276256776   } 
   potential_energy { -194.2267711915675   } 
   potential_energyvar { 405.7585535058718   } 
   nonlocal_energy { 19.52118449891225   } 
   nonlocal_energyvar { 285.2225779659219   } 
   autocorr_energy { } 
} 

block { 
   label vmc
   totweight 217600
   nautocorr 0
   total_energy { -126.6125038957365   } 
   total_energyvar { 12.58592364462014   } 
   weight { 1   } 
   weightvar { 1.776356839400247e-15   } 
   kinetic_energy { 48.20475907651112   } 
   kinetic_energyvar { 147.0661460583815   } 
   potential_energy { -194.3105588475742   } 
   potential_energyvar { 401.7052481414247   } 
   nonlocal_energy { 19.49329587532648   } 
   nonlocal_energyvar { 282.0641414054779   } 
   autocorr_energy { } 
} 

block { 
   label vmc
   totweight 217600
   nautocorr 0
   total_energy { -126.6111802744208   } 
   total_energyvar { 14.28223508904171   } 
   weight { 1   } 
   weightvar { 1.776356839400247e-15   } 
   kinetic_energy { 48.20277877548886   } 
   kinetic_energyvar { 148.5893042362052   } 
   potential_energy { -194.2501343723158   } 
   potential_energyvar { 401.9040344944941   } 
   nonlocal_energy { 19.43617532240613   } 
   nonlocal_energyvar { 281.4066969624422   } 
   autocorr_energy { } 
} 

block { 
   label vmc
   totweight 217600
   nautocorr 0
   total_energy { -126.5979223206922   } 
   total_energyvar { 12.96666092931013   } 
   weight { 1   } 
   weightvar { 1.776356839400247e-15   } 
   kinetic_energy { 48.08489757698221   } 
   kinetic_energyvar { 145.7529218239308   } 
   potential_energy { -194.1922752921443   } 
   potential_energyvar { 403.2639173671275   } 
   nonlocal_energy { 19.50945539446986   } 
   nonlocal_energyvar { 284.7234757089994   } 
   autocorr_energy { } 
} 

block { 
   label vmc
   totweight 217600
   nautocorr 0
   total_energy { -126.6093980557754   } 
   total_energyvar { 13.82565358345179   } 
   weight { 1   } 
   weightvar { 1.776356839400247e-15   } 
   kinetic_energy { 48.17880702763331   } 
   kinetic_energyvar { 145.2200556445939   } 
   potential_energy { -194.2383219561864   } 
   potential_energyvar { 402.7465103724073   } 
   nonlocal_energy { 19.45011687277763   } 
   nonlocal_energyvar { 279.8093008398855   } 
   autocorr_energy { } 
} 

block { 
   label vmc
   totweight 217600
   nautocorr 0
   total_energy { -126.6112992792551   } 
   total_energyvar { 12.89945308269526   } 
   weight { 1   } 
   weightvar { 1.776356839400247e-15   } 
   kinetic_energy { 48.26464006597604   } 
   kinetic_energyvar { 145.9356584695425   } 
   potential_energy { -194.3202885493185   } 
   potential_energyvar { 398.6488121519076   } 
   nonlocal_energy { 19.44434920408747   } 
   nonlocal_energyvar { 278.150601810819   } 
   autocorr_energy { } 
} 

block { 
   label vmc
   totweight 217600
   nautocorr 0
   total_energy { -126.6187077058914   } 
   total_energyvar { 12.90061644836495   } 
   weight { 1   } 
   weightvar { 1.776356839400247e-15   } 
   kinetic_energy { 48.16097884862322   } 
   kinetic_energyvar { 144.9474575213367   } 
   potential_energy { -194.1550125002247   } 
   potential_energyvar { 398.5612477174072   } 
   nonlocal_energy { 19.37532594571003   } 
   nonlocal_energyvar { 274.5684889260418   } 
   autocorr_energy { } 
} 

block { 
   label vmc
   totweight 217600
   nautocorr 0
   total_energy { -126.6188695767906   } 
   total_energyvar { 13.37690907032723   } 
   weight { 1   } 
   weightvar { 1.776356839400247e-15   } 
   kinetic_energy { 48.13203325503996   } 
   kinetic_energyvar { 147.5607737930012   } 
   potential_energy { -194.2762351545786   } 
   potential_energyvar { 403.6404321261514   } 
   nonlocal_energy { 19.52533232274807   } 
   nonlocal_energyvar { 287.6167589658206   } 
   autocorr_energy { } 
} 

block { 
   label vmc
   totweight 217600
   nautocorr 0
   total_energy { -126.5986650934337   } 
   total_energyvar { 13.65154038042569   } 
   weight { 1   } 
   weightvar { 1.776356839400247e-15   } 
   kinetic_energy { 48.07987785828771   } 
   kinetic_energyvar { 148.5300378351509   } 
   potential_energy { -194.1778801824501   } 
   potential_energyvar { 405.3062675417555   } 
   nonlocal_energy { 19.49933723072864   } 
   nonlocal_energyvar { 288.9146027524839   } 
   autocorr_energy { } 
} 

block { 
   label vmc
   totweight 217600
   nautocorr 0
   total_energy { -126.6294177273692   } 
   total_energyvar { 12.54597314420828   } 
   weight { 1   } 
   weightvar { 1.776356839400247e-15   } 
   kinetic_energy { 48.21518821319783   } 
   kinetic_energyvar { 146.5668515877791   } 
   potential_energy { -194.3806168129923   } 
   potential_energyvar { 403.4463272516904   } 
   nonlocal_energy { 19.53601087242524   } 
   nonlocal_energyvar { 284.9301779325721   } 
   autocorr_energy { } 
} 

block { 
   label vmc
   totweight 217600
   nautocorr 0
   total_energy { -126.6085630200832   } 
   total_energyvar { 12.93915207574352   } 
   weight { 1   } 
   weightvar { 1.776356839400247e-15   } 
   kinetic_energy { 48.11070053947717   } 
   kinetic_energyvar { 147.5206916150333   } 
   potential_energy { -194.1597616795838   } 
   potential_energyvar { 400.6813088389727   } 
   nonlocal_energy { 19.44049812002335   } 
   nonlocal_energyvar { 282.8788666416197   } 
   autocorr_energy { } 
} 

block { 
   label vmc
   totweight 217600
   nautocorr 0
   total_energy { -126.6022029263018   } 
   total_energyvar { 13.02352863422441   } 
   weight { 1   } 
   weightvar { 1.776356839400247e-15   } 
   kinetic_energy { 48.12081472789182   } 
   kinetic_energyvar { 145.1436628152578   } 
   potential_energy { -194.1220305167362   } 
   potential_energyvar { 401.0016988482175   } 
   nonlocal_energy { 19.39901286254253   } 
   nonlocal_energyvar { 280.224780283729   } 
   autocorr_energy { } 
} 

block { 
   label vmc
   totweight 217600
   nautocorr 0
   total_energy { -126.6051842324107   } 
   total_energyvar { 13.29591962259749   } 
   weight { 1   } 
   weightvar { 1.776356839400247e-15   } 
   kinetic_energy { 48.19952328973766   } 
   kinetic_energyvar { 146.6483560855742   } 
   potential_energy { -194.2729500507288   } 
   potential_energyvar { 403.2471992232549   } 
   nonlocal_energy { 19.46824252858044   } 
   nonlocal_energyvar { 280.1413707313685   } 
   autocorr_energy { } 
} 

block { 
   label vmc
   totweight 217600
   nautocorr 0
   total_energy { -126.5971557675569   } 
   total_energyvar { 13.24944783457679   } 
   weight { 1   } 
   weightvar { 1.776356839400247e-15   } 
   kinetic_energy { 48.1419762625141   } 
   kinetic_energyvar { 146.916820978443   } 
   potential_energy { -194.2316783015947   } 
   potential_energyvar { 397.9549306338695   } 
   nonlocal_energy { 19.49254627152365   } 
   nonlocal_energyvar { 281.9210891203914   } 
   autocorr_energy { } 
} 

block { 
   label vmc
   totweight 217600
   nautocorr 0
   total_energy { -126.6194534767002   } 
   total_energyvar { 13.13953687055389   } 
   weight { 1   } 
   weightvar { 1.776356839400247e-15   } 
   kinetic_energy { 48.25150221657677   } 
   kinetic_energyvar { 146.0402561602834   } 
   potential_energy { -194.302545228016   } 
   potential_energyvar { 399.3611725855018   } 
   nonlocal_energy { 19.43158953473901   } 
   nonlocal_energyvar { 276.4948765458836   } 
   autocorr_energy { } 
} 

block { 
   label vmc
   totweight 217600
   nautocorr 0
   total_energy { -126.6144673050304   } 
   total_energyvar { 13.53121412174757   } 
   weight { 1   } 
   weightvar { 1.776356839400247e-15   } 
   kinetic_energy { 48.19494433851519   } 
   kinetic_energyvar { 147.1209426326859   } 
   potential_energy { -194.2381382832021   } 
   potential_energyvar { 401.7362778680939   } 
   nonlocal_energy { 19.42872663965648   } 
   nonlocal_energyvar { 281.2682899138514   } 
   autocorr_energy { } 
} 

block { 
   label vmc
   totweight 217600
   nautocorr 0
   total_energy { -126.6110511731641   } 
   total_energyvar { 13.11235213946251   } 
   weight { 1   } 
   weightvar { 1.776356839400247e-15   } 
   kinetic_energy { 48.23782760630982   } 
   kinetic_energyvar { 149.9624399550606   } 
   potential_energy { -194.4374425485667   } 
   potential_energyvar { 402.588936238452   } 
   nonlocal_energy { 19.58856376909284   } 
   nonlocal_energyvar { 285.9925905194863   } 
   autocorr_energy { } 
} 

block { 
   label vmc
   totweight 217600
   nautocorr 0
   total_energy { -126.5985471304991   } 
   total_energyvar { 13.11441886587762   } 
   weight { 1   } 
   weightvar { 1.776356839400247e-15   } 
   kinetic_energy { 48.13201475136393   } 
   kinetic_energyvar { 145.8890124340023   } 
   potential_energy { -194.1284247834662   } 
   potential_energyvar { 403.483172247145   } 
   nonlocal_energy { 19.39786290160318   } 
   nonlocal_energyvar { 281.4378842577719   } 
   autocorr_energy { } 
} 

block { 
   label vmc
   totweight 217600
   nautocorr 0
   total_energy { -126.6339223392758   } 
   total_energyvar { 12.79350931720501   } 
   weight { 1   } 
   weightvar { 1.776356839400247e-15   } 
   kinetic_energy { 48.12659915375443   } 
   kinetic_energyvar { 146.998471893754   } 
   potential_energy { -194.2982177244298   } 
   potential_energyvar { 403.6106485823447   } 
   nonlocal_energy { 19.5376962313995   } 
   nonlocal_energyvar { 283.0496010205707   } 
   autocorr_energy { } 
} 

block { 
   label vmc
   totweight 217600
   nautocorr 0
   total_energy { -126.5775245334669   } 
   total_energyvar { 14.25280311482056   } 
   weight { 1   } 
   weightvar { 1.776356839400247e-15   } 
   kinetic_energy { 48.22178449713171   } 
   kinetic_energyvar { 145.1333588469375   } 
   potential_energy { -194.2382010470397   } 
   potential_energyvar { 403.5292648141896   } 
   nonlocal_energy { 19.43889201644108   } 
   nonlocal_energyvar { 283.6286546453738   } 
   autocorr_energy { } 
} 

block { 
   label vmc
   totweight 217600
   nautocorr 0
   total_energy { -126.6164803154513   } 
   total_energyvar { 12.90900279240216   } 
   weight { 1   } 
   weightvar { 1.776356839400247e-15   } 
   kinetic_energy { 48.16343235930626   } 
   kinetic_energyvar { 146.1575024758416   } 
   potential_energy { -194.1278730036821   } 
   potential_energyvar { 401.0566580466937   } 
   nonlocal_energy { 19.34796032892448   } 
   nonlocal_energyvar { 280.0397836468924   } 
   autocorr_energy { } 
} 

block { 
   label vmc
   totweight 217600
   nautocorr 0
   total_energy { -126.5992846364529   } 
   total_energyvar { 12.91684079201039   } 
   weight { 1   } 
   weightvar { 1.776356839400247e-15   } 
   kinetic_energy { 48.18069271082401   } 
   kinetic_energyvar { 148.3297664101074   } 
   potential_energy { -194.0877780659929   } 
   potential_energyvar { 402.0147956347704   } 
   nonlocal_energy { 19.30780071871601   } 
   nonlocal_energyvar { 278.6709901504533   } 
   autocorr_energy { } 
} 

block { 
   label vmc
   totweight 217600
   nautocorr 0
   total_energy { -126.6300125415432   } 
   total_energyvar { 13.45271535699181   } 
   weight { 1   } 
   weightvar { 1.776356839400247e-15   } 
   kinetic_energy { 48.14399303050065   } 
   kinetic_energyvar { 147.5842679491181   } 
   potential_energy { -194.374711444733   } 
   potential_energyvar { 405.5424641847445   } 
   nonlocal_energy { 19.60070587268922   } 
   nonlocal_energyvar { 289.9654336552729   } 
   autocorr_energy { } 
} 

block { 
   label vmc
   totweight 217600
   nautocorr 0
   total_energy { -126.6020911733585   } 
   total_energyvar { 12.7617021709516   } 
   weight { 1   } 
   weightvar { 1.776356839400247e-15   } 
   kinetic_energy { 48.21122402515719   } 
   kinetic_energyvar { 147.3508049328032   } 
   potential_energy { -194.3290526316065   } 
   potential_energyvar { 399.3278668017538   } 
   nonlocal_energy { 19.51573743309076   } 
   nonlocal_energyvar { 282.3597477913958   } 
   autocorr_energy { } 
} 

block { 
   label vmc
   totweight 217600
   nautocorr 0
   total_energy { -126.6033079077773   } 
   total_energyvar { 13.54608114870925   } 
   weight { 1   } 
   weightvar { 1.776356839400247e-15   } 
   kinetic_energy { 48.13658881524891   } 
   kinetic_energyvar { 147.3867260415549   } 
   potential_energy { -194.0951911323099   } 
   potential_energyvar { 399.9864489135391   } 
   nonlocal_energy { 19.35529440928367   } 
   nonlocal_energyvar { 279.7146631205819   } 
   autocorr_energy { } 
} 

block { 
   label vmc
   totweight 217600
   nautocorr 0
   total_energy { -126.5988401457299   } 
   total_energyvar { 12.78510210617395   } 
   weight { 1   } 
   weightvar { 1.776356839400247e-15   } 
   kinetic_energy { 48.20946482531118   } 
   kinetic_energyvar { 145.9939093944886   } 
   potential_energy { -194.2417782787319   } 
   potential_energyvar { 402.0171407014784   } 
   nonlocal_energy { 19.43347330769076   } 
   nonlocal_energyvar { 282.8869911271597   } 
   autocorr_energy { } 
} 

block { 
   label vmc
   totweight 217600
   nautocorr 0
   total_energy { -126.6046666500076   } 
   total_energyvar { 12.97785531181882   } 
   weight { 1   } 
   weightvar { 1.776356839400247e-15   } 
   kinetic_energy { 48.16501711968554   } 
   kinetic_energyvar { 148.281605918067   } 
   potential_energy { -194.1598503676178   } 
   potential_energyvar { 403.6375183312459   } 
   nonlocal_energy { 19.39016659792459   } 
   nonlocal_energyvar { 283.3970286156972   } 
   autocorr_energy { } 
} 

block { 
   label vmc
   totweight 217600
   nautocorr 0
   total_energy { -126.605804572044   } 
   total_energyvar { 12.96540346337502   } 
   weight { 1   } 
   weightvar { 1.776356839400247e-15   } 
   kinetic_energy { 48.11995796727023   } 
   kinetic_energyvar { 148.0605493616167   } 
   potential_energy { -194.3152138024546   } 
   potential_energyvar { 405.2693550281375   } 
   nonlocal_energy { 19.58945126314033   } 
   nonlocal_energyvar { 288.7344918340031   } 
   autocorr_energy { } 
} 

block { 
   label vmc
   totweight 217600
   nautocorr 0
   total_energy { -126.6215465355912   } 
   total_energyvar { 13.31738869754039   } 
   weight { 1   } 
   weightvar { 1.776356839400247e-15   } 
   kinetic_energy { 48.11740065505213   } 
   kinetic_energyvar { 146.8053122475723   } 
   potential_energy { -194.2144051732345   } 
   potential_energyvar { 400.3308850194678   } 
   nonlocal_energy { 19.47545798259113   } 
   nonlocal_energyvar { 281.3130766625708   } 
   autocorr_energy { } 
} 

block { 
   label vmc
   totweight 217600
   nautocorr 0
   total_energy { -126.6003080365918   } 
   total_energyvar { 14.11775884397762   } 
   weight { 1   } 
   weightvar { 1.776356839400247e-15   } 
   kinetic_energy { 48.1277180082942   } 
   kinetic_energyvar { 146.7555383825879   } 
   potential_energy { -194.2103042468921   } 
   potential_energyvar { 404.2041811324427   } 
   nonlocal_energy { 19.48227820200603   } 
   nonlocal_energyvar { 282.1468045404314   } 
   autocorr_energy { } 
} 

block { 
   label vmc
   totweight 217600
   nautocorr 0
   total_energy { -126.5878891193377   } 
   total_energyvar { 13.42067289088537   } 
   weight { 1   } 
   weightvar { 1.776356839400247e-15   } 
   kinetic_energy { 48.14759748139242   } 
   kinetic_energyvar { 147.7476197125459   } 
   potential_energy { -194.192660220614   } 
   potential_energyvar { 400.9457204000767   } 
   nonlocal_energy { 19.45717361988388   } 
   nonlocal_energyvar { 280.3181533654331   } 
   autocorr_energy { } 
} 

block { 
   label vmc
   totweight 217600
   nautocorr 0
   total_energy { -126.6036181788191   } 
   total_energyvar { 13.39243450985036   } 
   weight { 1   } 
   weightvar { 1.776356839400247e-15   } 
   kinetic_energy { 48.16555314508618   } 
   kinetic_energyvar { 145.7801587466103   } 
   potential_energy { -194.1687914165756   } 
   potential_energyvar { 402.3783998892345   } 
   nonlocal_energy { 19.3996200926703   } 
   nonlocal_energyvar { 278.1312794999334   } 
   autocorr_energy { } 
} 

block { 
   label vmc
   totweight 217600
   nautocorr 0
   total_energy { -126.6024758194456   } 
   total_energyvar { 13.19569867934749   } 
   weight { 1   } 
   weightvar { 1.776356839400247e-15   } 
   kinetic_energy { 48.05711923307407   } 
   kinetic_energyvar { 146.6628314096619   } 
   potential_energy { -194.2010864008   } 
   potential_energyvar { 403.2564320182814   } 
   nonlocal_energy { 19.54149134828026   } 
   nonlocal_energyvar { 286.6679863215081   } 
   autocorr_energy { } 
} 

block { 
   label vmc
   totweight 217600
   nautocorr 0
   total_energy { -126.6062957910863   } 
   total_energyvar { 13.71196239147676   } 
   weight { 1   } 
   weightvar { 1.776356839400247e-15   } 
   kinetic_energy { 48.20212929549518   } 
   kinetic_energyvar { 147.3061011049464   } 
   potential_energy { -194.2602004427154   } 
   potential_energyvar { 402.5351355931276   } 
   nonlocal_energy { 19.45177535613392   } 
   nonlocal_energyvar { 282.6037584881331   } 
   autocorr_energy { } 
} 

block { 
   label vmc
   totweight 217600
   nautocorr 0
   total_energy { -126.5938414846917   } 
   total_energyvar { 13.65873952212142   } 
   weight { 1   } 
   weightvar { 1.776356839400247e-15   } 
   kinetic_energy { 48.1706044551303   } 
   kinetic_energyvar { 145.2329142881893   } 
   potential_energy { -194.177401190363   } 
   potential_energyvar { 400.5427119044555   } 
   nonlocal_energy { 19.41295525054101   } 
   nonlocal_energyvar { 277.3610002964521   } 
   autocorr_energy { } 
} 

block { 
   label vmc
   totweight 217600
   nautocorr 0
   total_energy { -126.6099865038044   } 
   total_energyvar { 12.62381056364124   } 
   weight { 1   } 
   weightvar { 1.776356839400247e-15   } 
   kinetic_energy { 48.21302337678949   } 
   kinetic_energyvar { 147.2599747061788   } 
   potential_energy { -194.2052237432801   } 
   potential_energyvar { 399.2642316959724   } 
   nonlocal_energy { 19.38221386268621   } 
   nonlocal_energyvar { 279.7985267059797   } 
   autocorr_energy { } 
} 

block { 
   label vmc
   totweight 217600
   nautocorr 0
   total_energy { -126.6068636958576   } 
   total_energyvar { 13.74078147470688   } 
   weight { 1   } 
   weightvar { 1.776356839400247e-15   } 
   kinetic_energy { 48.21468547353038   } 
   kinetic_energyvar { 145.3046240032653   } 
   potential_energy { -194.1754965858784   } 
   potential_energyvar { 400.8242323708792   } 
   nonlocal_energy { 19.35394741649052   } 
   nonlocal_energyvar { 276.79514655143   } 
   autocorr_energy { } 
} 

block { 
   label vmc
   totweight 217600
   nautocorr 0
   total_energy { -126.6228428517183   } 
   total_energyvar { 12.8782664897025   } 
   weight { 1   } 
   weightvar { 1.776356839400247e-15   } 
   kinetic_energy { 48.12831886909855   } 
   kinetic_energyvar { 147.1290037833718   } 
   potential_energy { -194.1465929742654   } 
   potential_energyvar { 399.5247727720634   } 
   nonlocal_energy { 19.39543125344862   } 
   nonlocal_energyvar { 280.6851793973337   } 
   autocorr_energy { } 
} 

block { 
   label vmc
   totweight 217600
   nautocorr 0
   total_energy { -126.6184030658374   } 
   total_energyvar { 13.03681197191306   } 
   weight { 1   } 
   weightvar { 1.776356839400247e-15   } 
   kinetic_energy { 48.08394651391689   } 
   kinetic_energyvar { 148.5731684083799   } 
   potential_energy { -194.2192827880792   } 
   potential_energyvar { 403.4079425787076   } 
   nonlocal_energy { 19.51693320832498   } 
   nonlocal_energyvar { 287.2602977595123   } 
   autocorr_energy { } 
} 

block { 
   label vmc
   totweight 217600
   nautocorr 0
   total_energy { -126.6020430559563   } 
   total_energyvar { 12.9501056012528   } 
   weight { 1   } 
   weightvar { 1.776356839400247e-15   } 
   kinetic_energy { 48.12892921909806   } 
   kinetic_energyvar { 146.5470251067805   } 
   potential_energy { -194.0254439684491   } 
   potential_energyvar { 396.8126955007069   } 
   nonlocal_energy { 19.2944716933947   } 
   nonlocal_energyvar { 277.2538779445965   } 
   autocorr_energy { } 
} 

block { 
   label vmc
   totweight 217600
   nautocorr 0
   total_energy { -126.6082988847779   } 
   total_energyvar { 12.93973151044597   } 
   weight { 1   } 
   weightvar { 1.776356839400247e-15   } 
   kinetic_energy { 48.10161635947659   } 
   kinetic_energyvar { 149.0413087329353   } 
   potential_energy { -194.0920697554422   } 
   potential_energyvar { 398.074086889747   } 
   nonlocal_energy { 19.38215451118776   } 
   nonlocal_energyvar { 279.582790396601   } 
   autocorr_energy { } 
} 

block { 
   label vmc
   totweight 217600
   nautocorr 0
   total_energy { -126.6216214688578   } 
   total_energyvar { 13.92182297270901   } 
   weight { 1   } 
   weightvar { 1.776356839400247e-15   } 
   kinetic_energy { 48.13607983359343   } 
   kinetic_energyvar { 147.1938224190276   } 
   potential_energy { -194.0979906002578   } 
   potential_energyvar { 398.1919067914147   } 
   nonlocal_energy { 19.34028929780655   } 
   nonlocal_energyvar { 277.71463704181   } 
   autocorr_energy { } 
} 

block { 
   label vmc
   totweight 217600
   nautocorr 0
   total_energy { -126.6019757939447   } 
   total_energyvar { 14.33271631220051   } 
   weight { 1   } 
   weightvar { 1.776356839400247e-15   } 
   kinetic_energy { 48.10736787558927   } 
   kinetic_energyvar { 147.5703711319184   } 
   potential_energy { -194.1178702577598   } 
   potential_energyvar { 403.4934352105913   } 
   nonlocal_energy { 19.40852658822583   } 
   nonlocal_energyvar { 282.50580279012   } 
   autocorr_energy { } 
} 

block { 
   label vmc
   totweight 217600
   nautocorr 0
   total_energy { -126.5963944771147   } 
   total_energyvar { 12.91830040889954   } 
   weight { 1   } 
   weightvar { 1.776356839400247e-15   } 
   kinetic_energy { 48.10183933134903   } 
   kinetic_energyvar { 147.2053202360574   } 
   potential_energy { -194.1946748181621   } 
   potential_energyvar { 399.3384183234076   } 
   nonlocal_energy { 19.49644100969834   } 
   nonlocal_energyvar { 280.8614071334724   } 
   autocorr_energy { } 
} 

block { 
   label vmc
   totweight 217600
   nautocorr 0
   total_energy { -126.6149972439967   } 
   total_energyvar { 12.8680541171591   } 
   weight { 1   } 
   weightvar { 1.776356839400247e-15   } 
   kinetic_energy { 48.17522968710275   } 
   kinetic_energyvar { 146.6692344307905   } 
   potential_energy { -194.2275144502645   } 
   potential_energyvar { 399.0622717109576   } 
   nonlocal_energy { 19.43728751916505   } 
   nonlocal_energyvar { 284.3167389890282   } 
   autocorr_energy { } 
} 

block { 
   label vmc
   totweight 217600
   nautocorr 0
   total_energy { -126.6015014996895   } 
   total_energyvar { 13.06434819456291   } 
   weight { 1   } 
   weightvar { 1.776356839400247e-15   } 
   kinetic_energy { 48.21858473853246   } 
   kinetic_energyvar { 145.7142835892865   } 
   potential_energy { -194.2314678945925   } 
   potential_energyvar { 398.6924856056395   } 
   nonlocal_energy { 19.41138165637052   } 
   nonlocal_energyvar { 277.6456857234027   } 
   autocorr_energy { } 
} 

block { 
   label vmc
   totweight 217600
   nautocorr 0
   total_energy { -126.6120207334337   } 
   total_energyvar { 12.89295418478427   } 
   weight { 1   } 
   weightvar { 1.776356839400247e-15   } 
   kinetic_energy { 48.16278109375803   } 
   kinetic_energyvar { 145.1279204960483   } 
   potential_energy { -194.1204497177922   } 
   potential_energyvar { 401.0728288029334   } 
   nonlocal_energy { 19.34564789060057   } 
   nonlocal_energyvar { 276.773138005862   } 
   autocorr_energy { } 
} 

block { 
   label vmc
   totweight 217600
   nautocorr 0
   total_energy { -126.6147468523984   } 
   total_energyvar { 12.63503003638307   } 
   weight { 1   } 
   weightvar { 1.776356839400247e-15   } 
   kinetic_energy { 48.14400556145026   } 
   kinetic_energyvar { 149.7806892767573   } 
   potential_energy { -194.3189335829507   } 
   potential_energyvar { 403.7106936066519   } 
   nonlocal_energy { 19.56018116910215   } 
   nonlocal_energyvar { 289.2312064204576   } 
   autocorr_energy { } 
} 

block { 
   label vmc
   totweight 217600
   nautocorr 0
   total_energy { -126.597207990875   } 
   total_energyvar { 13.3226380190843   } 
   weight { 1   } 
   weightvar { 1.776356839400247e-15   } 
   kinetic_energy { 48.17245895629227   } 
   kinetic_energyvar { 149.4485216064979   } 
   potential_energy { -194.2049199938397   } 
   potential_energyvar { 400.9479007340208   } 
   nonlocal_energy { 19.43525304667241   } 
   nonlocal_energyvar { 287.372182497763   } 
   autocorr_energy { } 
} 

block { 
   label vmc
   totweight 217600
   nautocorr 0
   total_energy { -126.6216719926394   } 
   total_energyvar { 12.88881035394241   } 
   weight { 1   } 
   weightvar { 1.776356839400247e-15   } 
   kinetic_energy { 48.20704542877046   } 
   kinetic_energyvar { 147.5005154645974   } 
   potential_energy { -194.258489627001   } 
   potential_energyvar { 403.552493078279   } 
   nonlocal_energy { 19.42977220559116   } 
   nonlocal_energyvar { 282.9275762944141   } 
   autocorr_energy { } 
} 

block { 
   label vmc
   totweight 217600
   nautocorr 0
   total_energy { -126.6156833492637   } 
   total_energyvar { 12.62805955567501   } 
   weight { 1   } 
   weightvar { 1.776356839400247e-15   } 
   kinetic_energy { 48.11516009963092   } 
   kinetic_energyvar { 147.25375676729   } 
   potential_energy { -194.1954593183199   } 
   potential_energyvar { 399.9726563695   } 
   nonlocal_energy { 19.46461586942521   } 
   nonlocal_energyvar { 284.8140903731506   } 
   autocorr_energy { } 
} 

block { 
   label vmc
   totweight 217600
   nautocorr 0
   total_energy { -126.6012343656762   } 
   total_energyvar { 13.52790115448033   } 
   weight { 1   } 
   weightvar { 1.776356839400247e-15   } 
   kinetic_energy { 48.07791922694868   } 
   kinetic_energyvar { 147.0863739569092   } 
   potential_energy { -194.027273060554   } 
   potential_energyvar { 401.454015114775   } 
   nonlocal_energy { 19.34811946792916   } 
   nonlocal_energyvar { 282.268456364533   } 
   autocorr_energy { } 
} 

block { 
   label vmc
   totweight 217600
   nautocorr 0
   total_energy { -126.6236949621942   } 
   total_energyvar { 12.7807917712851   } 
   weight { 1   } 
   weightvar { 1.776356839400247e-15   } 
   kinetic_energy { 48.1320860215915   } 
   kinetic_energyvar { 146.9723492972141   } 
   potential_energy { -194.133713726561   } 
   potential_energyvar { 403.3104053540601   } 
   nonlocal_energy { 19.37793274277524   } 
   nonlocal_energyvar { 284.7380584177332   } 
   autocorr_energy { } 
} 

block { 
   label vmc
   totweight 217600
   nautocorr 0
   total_energy { -126.6056993797313   } 
   total_energyvar { 13.36174353823348   } 
   weight { 1   } 
   weightvar { 1.776356839400247e-15   } 
   kinetic_energy { 48.19422174143477   } 
   kinetic_energyvar { 147.372496054857   } 
   potential_energy { -194.1985921335978   } 
   potential_energyvar { 402.8037144147253   } 
   nonlocal_energy { 19.39867101243168   } 
   nonlocal_energyvar { 281.7221305119073   } 
   autocorr_energy { } 
} 

block { 
   label vmc
   totweight 217600
   nautocorr 0
   total_energy { -126.5976234659664   } 
   total_energyvar { 12.79057319266157   } 
   weight { 1   } 
   weightvar { 1.776356839400247e-15   } 
   kinetic_energy { 48.08621070818683   } 
   kinetic_energyvar { 147.5349168895395   } 
   potential_energy { -194.065455840652   } 
   potential_energyvar { 402.0289839004444   } 
   nonlocal_energy { 19.38162166649876   } 
   nonlocal_energyvar { 280.4300154727717   } 
   autocorr_energy { } 
} 

block { 
   label vmc
   totweight 217600
   nautocorr 0
   total_energy { -126.6156962040599   } 
   total_energyvar { 13.00788233847361   } 
   weight { 1   } 
   weightvar { 1.776356839400247e-15   } 
   kinetic_energy { 48.12549218635389   } 
   kinetic_energyvar { 146.9098646629212   } 
   potential_energy { -194.2163985906734   } 
   potential_energyvar { 400.8601911989578   } 
   nonlocal_energy { 19.4752102002596   } 
   nonlocal_energyvar { 281.2187120043914   } 
   autocorr_energy { } 
} 

block { 
   label vmc
   totweight 217600
   nautocorr 0
   total_energy { -126.6166232881553   } 
   total_energyvar { 12.76127488570163   } 
   weight { 1   } 
   weightvar { 1.776356839400247e-15   } 
   kinetic_energy { 48.15781500877723   } 
   kinetic_energyvar { 146.9894579556218   } 
   potential_energy { -194.0911503083478   } 
   potential_energyvar { 399.6874017111907   } 
   nonlocal_energy { 19.31671201141528   } 
   nonlocal_energyvar { 279.8636851296073   } 
   autocorr_energy { } 
} 

block { 
   label vmc
   totweight 217600
   nautocorr 0
   total_energy { -126.6071616043893   } 
   total_energyvar { 13.36832246663892   } 
   weight { 1   } 
   weightvar { 1.776356839400247e-15   } 
   kinetic_energy { 48.19161180294964   } 
   kinetic_energyvar { 146.3310890961426   } 
   potential_energy { -194.2820226294397   } 
   potential_energyvar { 405.9874052798251   } 
   nonlocal_energy { 19.48324922210068   } 
   nonlocal_energyvar { 281.856541147539   } 
   autocorr_energy { } 
} 

block { 
   label vmc
   totweight 217600
   nautocorr 0
   total_energy { -126.6375645013696   } 
   total_energyvar { 13.58820983885449   } 
   weight { 1   } 
   weightvar { 1.776356839400247e-15   } 
   kinetic_energy { 48.06932399251029   } 
   kinetic_energyvar { 146.9164900084619   } 
   potential_energy { -194.099388260816   } 
   potential_energyvar { 403.3461391250681   } 
   nonlocal_energy { 19.392499766936   } 
   nonlocal_energyvar { 282.6406732588477   } 
   autocorr_energy { } 
} 

block { 
   label vmc
   totweight 217600
   nautocorr 0
   total_energy { -126.6010029906318   } 
   total_energyvar { 14.61679951906571   } 
   weight { 1   } 
   weightvar { 1.776356839400247e-15   } 
   kinetic_energy { 48.17468587819143   } 
   kinetic_energyvar { 145.0822612968038   } 
   potential_energy { -194.1890094222248   } 
   potential_energyvar { 406.2401912204766   } 
   nonlocal_energy { 19.41332055340145   } 
   nonlocal_energyvar { 279.7971136485493   } 
   autocorr_energy { } 
} 

block { 
   label vmc
   totweight 217600
   nautocorr 0
   total_energy { -126.6188546183183   } 
   total_energyvar { 13.13726157656645   } 
   weight { 1   } 
   weightvar { 1.776356839400247e-15   } 
   kinetic_energy { 48.19117610723445   } 
   kinetic_energyvar { 147.2717030265703   } 
   potential_energy { -194.2581599674424   } 
   potential_energyvar { 401.0577853024471   } 
   nonlocal_energy { 19.44812924188971   } 
   nonlocal_energyvar { 281.6961178972501   } 
   autocorr_energy { } 
} 

block { 
   label vmc
   totweight 217600
   nautocorr 0
   total_energy { -126.6195070207943   } 
   total_energyvar { 12.72344381938143   } 
   weight { 1   } 
   weightvar { 1.776356839400247e-15   } 
   kinetic_energy { 48.1055307158562   } 
   kinetic_energyvar { 147.4426294575785   } 
   potential_energy { -194.1270721051055   } 
   potential_energyvar { 401.0651097986403   } 
   nonlocal_energy { 19.40203436845497   } 
   nonlocal_energyvar { 282.7897040259255   } 
   autocorr_energy { } 
} 

block { 
   label vmc
   totweight 217600
   nautocorr 0
   total_energy { -126.606532690302   } 
   total_energyvar { 13.31416153036609   } 
   weight { 1   } 
   weightvar { 1.776356839400247e-15   } 
   kinetic_energy { 48.15093732925517   } 
   kinetic_energyvar { 147.2210670396001   } 
   potential_energy { -194.2311193115321   } 
   potential_energyvar { 403.1043992100908   } 
   nonlocal_energy { 19.47364929197495   } 
   nonlocal_energyvar { 284.0735335137176   } 
   autocorr_energy { } 
} 

block { 
   label vmc
   totweight 217600
   nautocorr 0
   total_energy { -126.633416359239   } 
   total_energyvar { 29.17557280245236   } 
   weight { 1   } 
   weightvar { 1.776356839400247e-15   } 
   kinetic_energy { 48.14629439093428   } 
   kinetic_energyvar { 147.6397772424027   } 
   potential_energy { -194.1736058622581   } 
   potential_energyvar { 425.6083619437973   } 
   nonlocal_energy { 19.39389511208478   } 
   nonlocal_energyvar { 280.4933991559506   } 
   autocorr_energy { } 
} 

block { 
   label vmc
   totweight 217600
   nautocorr 0
   total_energy { -126.6211302799105   } 
   total_energyvar { 12.90407123369457   } 
   weight { 1   } 
   weightvar { 1.776356839400247e-15   } 
   kinetic_energy { 48.20057504723129   } 
   kinetic_energyvar { 144.5221451668752   } 
   potential_energy { -194.2205281759599   } 
   potential_energyvar { 398.2785140057755   } 
   nonlocal_energy { 19.39882284881804   } 
   nonlocal_energyvar { 275.3130848073328   } 
   autocorr_energy { } 
} 

block { 
   label vmc
   totweight 217600
   nautocorr 0
   total_energy { -126.6167125947657   } 
   total_energyvar { 13.36382800264901   } 
   weight { 1   } 
   weightvar { 1.776356839400247e-15   } 
   kinetic_energy { 48.10870754870434   } 
   kinetic_energyvar { 148.6693662167336   } 
   potential_energy { -194.1552650422326   } 
   potential_energyvar { 402.1303581486702   } 
   nonlocal_energy { 19.42984489876252   } 
   nonlocal_energyvar { 284.4037805756928   } 
   autocorr_energy { } 
} 

block { 
   label vmc
   totweight 217600
   nautocorr 0
   total_energy { -126.5980054144213   } 
   total_energyvar { 13.02230373499811   } 
   weight { 1   } 
   weightvar { 1.776356839400247e-15   } 
   kinetic_energy { 48.12535232381222   } 
   kinetic_energyvar { 147.9158984672861   } 
   potential_energy { -194.1342538587236   } 
   potential_energyvar { 399.5631529534361   } 
   nonlocal_energy { 19.41089612049002   } 
   nonlocal_energyvar { 283.5059828459999   } 
   autocorr_energy { } 
} 

block { 
   label vmc
   totweight 217600
   nautocorr 0
   total_energy { -126.6166996808657   } 
   total_energyvar { 12.55565714120573   } 
   weight { 1   } 
   weightvar { 1.776356839400247e-15   } 
   kinetic_energy { 48.07628682065011   } 
   kinetic_energyvar { 150.4405947924622   } 
   potential_energy { -194.1026113200454   } 
   potential_energyvar { 402.6646466524513   } 
   nonlocal_energy { 19.40962481852957   } 
   nonlocal_energyvar { 285.6471034986462   } 
   autocorr_energy { } 
} 

block { 
   label vmc
   totweight 217600
   nautocorr 0
   total_energy { -126.62162574431   } 
   total_energyvar { 13.10603564700041   } 
   weight { 1   } 
   weightvar { 1.776356839400247e-15   } 
   kinetic_energy { 48.17726803387551   } 
   kinetic_energyvar { 144.8383162983213   } 
   potential_energy { -194.1814708462136   } 
   potential_energyvar { 399.4972949803441   } 
   nonlocal_energy { 19.38257706802812   } 
   nonlocal_energyvar { 278.5683902040085   } 
   autocorr_energy { } 
} 

block { 
   label vmc
   totweight 217600
   nautocorr 0
   total_energy { -126.6037749546611   } 
   total_energyvar { 13.32367283601632   } 
   weight { 1   } 
   weightvar { 1.776356839400247e-15   } 
   kinetic_energy { 48.12882643798905   } 
   kinetic_energyvar { 148.0619748053656   } 
   potential_energy { -194.2021428657339   } 
   potential_energyvar { 401.33148469243   } 
   nonlocal_energy { 19.46954147308382   } 
   nonlocal_energyvar { 285.9993663082521   } 
   autocorr_energy { } 
} 

block { 
   label vmc
   totweight 217600
   nautocorr 0
   total_energy { -126.6061839700239   } 
   total_energyvar { 12.81852315640687   } 
   weight { 1   } 
   weightvar { 1.776356839400247e-15   } 
   kinetic_energy { 48.1932325436332   } 
   kinetic_energyvar { 147.1649331593837   } 
   potential_energy { -194.2340919089845   } 
   potential_energyvar { 400.8226676029951   } 
   nonlocal_energy { 19.43467539532744   } 
   nonlocal_energyvar { 280.3103098428127   } 
   autocorr_energy { } 
} 

block { 
   label vmc
   totweight 217600
   nautocorr 0
   total_energy { -126.6137039437071   } 
   total_energyvar { 16.79914512155521   } 
   weight { 1   } 
   weightvar { 1.776356839400247e-15   } 
   kinetic_energy { 48.16983027340196   } 
   kinetic_energyvar { 145.847314860282   } 
   potential_energy { -194.2066718430726   } 
   potential_energyvar { 411.8364471534711   } 
   nonlocal_energy { 19.42313762596355   } 
   nonlocal_energyvar { 284.9142620129631   } 
   autocorr_energy { } 
} 

block { 
   label vmc
   totweight 217600
   nautocorr 0
   total_energy { -126.6174412469549   } 
   total_energyvar { 12.6943444220152   } 
   weight { 1   } 
   weightvar { 1.776356839400247e-15   } 
   kinetic_energy { 48.16904842802343   } 
   kinetic_energyvar { 145.8828475858496   } 
   potential_energy { -194.2508287879718   } 
   potential_energyvar { 403.867888024378   } 
   nonlocal_energy { 19.46433911299347   } 
   nonlocal_energyvar { 279.7487009472207   } 
   autocorr_energy { } 
} 

block { 
   label vmc
   totweight 217600
   nautocorr 0
   total_energy { -126.6112268647004   } 
   total_energyvar { 12.97970634281484   } 
   weight { 1   } 
   weightvar { 1.776356839400247e-15   } 
   kinetic_energy { 48.19030248268014   } 
   kinetic_energyvar { 146.4421685913703   } 
   potential_energy { -194.2588674197322   } 
   potential_energyvar { 401.094390906892   } 
   nonlocal_energy { 19.45733807235164   } 
   nonlocal_energyvar { 279.9398406804643   } 
   autocorr_energy { } 
} 

block { 
   label vmc
   totweight 217600
   nautocorr 0
   total_energy { -126.6091591571371   } 
   total_energyvar { 12.96361726909446   } 
   weight { 1   } 
   weightvar { 1.776356839400247e-15   } 
   kinetic_energy { 48.19589703812103   } 
   kinetic_energyvar { 146.2782945366785   } 
   potential_energy { -194.330603754685   } 
   potential_energyvar { 401.4416061753507   } 
   nonlocal_energy { 19.52554755942691   } 
   nonlocal_energyvar { 283.092496136903   } 
   autocorr_energy { } 
} 

block { 
   label vmc
   totweight 217600
   nautocorr 0
   total_energy { -126.6109723978347   } 
   total_energyvar { 13.11713892282846   } 
   weight { 1   } 
   weightvar { 1.776356839400247e-15   } 
   kinetic_energy { 48.23686495379242   } 
   kinetic_energyvar { 146.1106976401285   } 
   potential_energy { -194.1894699387581   } 
   potential_energyvar { 398.7764115815012   } 
   nonlocal_energy { 19.34163258713097   } 
   nonlocal_energyvar { 276.4564322079277   } 
   autocorr_energy { } 
} 

block { 
   label vmc
   totweight 217600
   nautocorr 0
   total_energy { -126.6197537644173   } 
   total_energyvar { 12.92099866915999   } 
   weight { 1   } 
   weightvar { 1.776356839400247e-15   } 
   kinetic_energy { 48.10120676057844   } 
   kinetic_energyvar { 147.0451913884289   } 
   potential_energy { -194.0605047119311   } 
   potential_energyvar { 398.0421948219138   } 
   nonlocal_energy { 19.33954418693538   } 
   nonlocal_energyvar { 280.4796472870848   } 
   autocorr_energy { } 
} 

block { 
   label vmc
   totweight 217600
   nautocorr 0
   total_energy { -126.6233215069277   } 
   total_energyvar { 12.32578539908461   } 
   weight { 1   } 
   weightvar { 1.776356839400247e-15   } 
   kinetic_energy { 48.17131688787424   } 
   kinetic_energyvar { 148.7626766350499   } 
   potential_energy { -194.1801472261187   } 
   potential_energyvar { 397.9006443459005   } 
   nonlocal_energy { 19.38550883131674   } 
   nonlocal_energyvar { 279.5496351860517   } 
   autocorr_energy { } 
} 

block { 
   label vmc
   totweight 217600
   nautocorr 0
   total_energy { -126.6152257650992   } 
   total_energyvar { 13.06868183692823   } 
   weight { 1   } 
   weightvar { 1.776356839400247e-15   } 
   kinetic_energy { 48.07329094751774   } 
   kinetic_energyvar { 146.18998102234   } 
   potential_energy { -194.0363961007184   } 
   potential_energyvar { 400.3388348573267   } 
   nonlocal_energy { 19.34787938810145   } 
   nonlocal_energyvar { 278.4791434351729   } 
   autocorr_energy { } 
} 

block { 
   label vmc
   totweight 217600
   nautocorr 0
   total_energy { -126.6211578625794   } 
   total_energyvar { 13.39256537772177   } 
   weight { 1   } 
   weightvar { 1.776356839400247e-15   } 
   kinetic_energy { 48.14286627857204   } 
   kinetic_energyvar { 145.2914468314575   } 
   potential_energy { -194.0852454518688   } 
   potential_energyvar { 397.3106756751687   } 
   nonlocal_energy { 19.32122131071733   } 
   nonlocal_energyvar { 275.6897170239807   } 
   autocorr_energy { } 
} 

block { 
   label vmc
   totweight 217600
   nautocorr 0
   total_energy { -126.6066188541986   } 
   total_energyvar { 13.0452410528282   } 
   weight { 1   } 
   weightvar { 1.776356839400247e-15   } 
   kinetic_energy { 48.09992512462635   } 
   kinetic_energyvar { 147.657184521085   } 
   potential_energy { -194.1826807079476   } 
   potential_energyvar { 405.1160808033155   } 
   nonlocal_energy { 19.47613672912253   } 
   nonlocal_energyvar { 283.5019340473073   } 
   autocorr_energy { } 
} 

block { 
   label vmc
   totweight 217600
   nautocorr 0
   total_energy { -126.6006412189548   } 
   total_energyvar { 13.2994991966505   } 
   weight { 1   } 
   weightvar { 1.776356839400247e-15   } 
   kinetic_energy { 48.11865874448133   } 
   kinetic_energyvar { 146.6518436345274   } 
   potential_energy { -194.177965926485   } 
   potential_energyvar { 401.1580325837173   } 
   nonlocal_energy { 19.4586659630489   } 
   nonlocal_energyvar { 282.861749439415   } 
   autocorr_energy { } 
} 

block { 
   label vmc
   totweight 217600
   nautocorr 0
   total_energy { -126.6129805685486   } 
   total_energyvar { 12.97176238417845   } 
   weight { 1   } 
   weightvar { 1.776356839400247e-15   } 
   kinetic_energy { 48.05829823457761   } 
   kinetic_energyvar { 146.1646914871108   } 
   potential_energy { -194.1279358825334   } 
   potential_energyvar { 399.1647688320881   } 
   nonlocal_energy { 19.45665707940719   } 
   nonlocal_energyvar { 283.1330338116927   } 
   autocorr_energy { } 
} 

block { 
   label vmc
   totweight 217600
   nautocorr 0
   total_energy { -126.6245589207273   } 
   total_energyvar { 12.56665622085991   } 
   weight { 1   } 
   weightvar { 1.776356839400247e-15   } 
   kinetic_energy { 48.12568536968385   } 
   kinetic_energyvar { 146.2842072546375   } 
   potential_energy { -194.1976750979963   } 
   potential_energyvar { 402.1004248268021   } 
   nonlocal_energy { 19.44743080758509   } 
   nonlocal_energyvar { 282.9276593312111   } 
   autocorr_energy { } 
} 

block { 
   label vmc
   totweight 217600
   nautocorr 0
   total_energy { -126.5990843454967   } 
   total_energyvar { 12.75208085874121   } 
   weight { 1   } 
   weightvar { 1.776356839400247e-15   } 
   kinetic_energy { 48.13240646712598   } 
   kinetic_energyvar { 144.9795857793643   } 
   potential_energy { -194.0559448587115   } 
   potential_energyvar { 400.1210659124486   } 
   nonlocal_energy { 19.32445404608869   } 
   nonlocal_energyvar { 277.8227945590695   } 
   autocorr_energy { } 
} 

block { 
   label vmc
   totweight 217600
   nautocorr 0
   total_energy { -126.6150875774173   } 
   total_energyvar { 13.54792763253768   } 
   weight { 1   } 
   weightvar { 1.776356839400247e-15   } 
   kinetic_energy { 48.21653747343946   } 
   kinetic_energyvar { 148.3706125870795   } 
   potential_energy { -194.206583740842   } 
   potential_energyvar { 403.6312351171553   } 
   nonlocal_energy { 19.37495868998526   } 
   nonlocal_energyvar { 279.8199728157009   } 
   autocorr_energy { } 
} 

block { 
   label vmc
   totweight 217600
   nautocorr 0
   total_energy { -126.6227707823546   } 
   total_energyvar { 12.85587876375316   } 
   weight { 1   } 
   weightvar { 1.776356839400247e-15   } 
   kinetic_energy { 48.18167125642739   } 
   kinetic_energyvar { 148.4106288188373   } 
   potential_energy { -194.2008790009859   } 
   potential_energyvar { 399.6663764708871   } 
   nonlocal_energy { 19.39643696220397   } 
   nonlocal_energyvar { 282.0046980766122   } 
   autocorr_energy { } 
} 

block { 
   label vmc
   totweight 217600
   nautocorr 0
   total_energy { -126.6195281280336   } 
   total_energyvar { 13.22048410865333   } 
   weight { 1   } 
   weightvar { 1.776356839400247e-15   } 
   kinetic_energy { 48.08505149685809   } 
   kinetic_energyvar { 147.4209425445974   } 
   potential_energy { -194.0730575798452   } 
   potential_energyvar { 402.4681228888958   } 
   nonlocal_energy { 19.36847795495349   } 
   nonlocal_energyvar { 281.6458445952633   } 
   autocorr_energy { } 
} 

block { 
   label vmc
   totweight 217600
   nautocorr 0
   total_energy { -126.6057505136293   } 
   total_energyvar { 12.56151430021062   } 
   weight { 1   } 
   weightvar { 1.776356839400247e-15   } 
   kinetic_energy { 48.23265875786691   } 
   kinetic_energyvar { 150.913947303073   } 
   potential_energy { -194.3281926026804   } 
   potential_energyvar { 400.4429470414395   } 
   nonlocal_energy { 19.48978333118418   } 
   nonlocal_energyvar { 285.9064853553202   } 
   autocorr_energy { } 
} 

block { 
   label vmc
   totweight 217600
   nautocorr 0
   total_energy { -126.6051950059434   } 
   total_energyvar { 12.57724524870827   } 
   weight { 1   } 
   weightvar { 1.776356839400247e-15   } 
   kinetic_energy { 48.17033960629727   } 
   kinetic_energyvar { 147.2777598510485   } 
   potential_energy { -194.1709297686733   } 
   potential_energyvar { 399.7213124963296   } 
   nonlocal_energy { 19.39539515643258   } 
   nonlocal_energyvar { 278.4066193657638   } 
   autocorr_energy { } 
} 

block { 
   label vmc
   totweight 217600
   nautocorr 0
   total_energy { -126.6016311698851   } 
   total_energyvar { 13.32975152867331   } 
   weight { 1   } 
   weightvar { 1.776356839400247e-15   } 
   kinetic_energy { 48.1480645441391   } 
   kinetic_energyvar { 145.7323760131829   } 
   potential_energy { -194.2440161319875   } 
   potential_energyvar { 402.2056222356943   } 
   nonlocal_energy { 19.49432041796339   } 
   nonlocal_energyvar { 284.1407608206194   } 
   autocorr_energy { } 
} 

block { 
   label vmc
   totweight 217600
   nautocorr 0
   total_energy { -126.6027487195072   } 
   total_energyvar { 13.10083353554284   } 
   weight { 1   } 
   weightvar { 1.776356839400247e-15   } 
   kinetic_energy { 48.16283268575906   } 
   kinetic_energyvar { 147.8288524308265   } 
   potential_energy { -194.1790985460048   } 
   potential_energyvar { 401.3609059732819   } 
   nonlocal_energy { 19.41351714073854   } 
   nonlocal_energyvar { 282.2199369180333   } 
   autocorr_energy { } 
} 

block { 
   label vmc
   totweight 217600
   nautocorr 0
   total_energy { -126.5929857379216   } 
   total_energyvar { 12.97780211174539   } 
   weight { 1   } 
   weightvar { 1.776356839400247e-15   } 
   kinetic_energy { 48.12656488445764   } 
   kinetic_energyvar { 146.0321163054136   } 
   potential_energy { -194.1189166522215   } 
   potential_energyvar { 400.8875458073986   } 
   nonlocal_energy { 19.39936602984224   } 
   nonlocal_energyvar { 279.1202773446783   } 
   autocorr_energy { } 
} 

block { 
   label vmc
   totweight 217600
   nautocorr 0
   total_energy { -126.6177108004806   } 
   total_energyvar { 12.60605855621595   } 
   weight { 1   } 
   weightvar { 1.776356839400247e-15   } 
   kinetic_energy { 48.16465542333393   } 
   kinetic_energyvar { 145.9176614581317   } 
   potential_energy { -194.2499517970297   } 
   potential_energyvar { 398.6817424343446   } 
   nonlocal_energy { 19.46758557321513   } 
   nonlocal_energyvar { 280.8747817226767   } 
   autocorr_energy { } 
} 

block { 
   label vmc
   totweight 217600
   nautocorr 0
   total_energy { -126.618173141739   } 
   total_energyvar { 15.47275597736758   } 
   weight { 1   } 
   weightvar { 1.776356839400247e-15   } 
   kinetic_energy { 48.10027622848695   } 
   kinetic_energyvar { 147.0825596265976   } 
   potential_energy { -194.2260698464329   } 
   potential_energyvar { 404.9257267168516   } 
   nonlocal_energy { 19.50762047620702   } 
   nonlocal_energyvar { 283.534986370491   } 
   autocorr_energy { } 
} 

block { 
   label vmc
   totweight 217600
   nautocorr 0
   total_energy { -126.6107033504249   } 
   total_energyvar { 13.05322329171926   } 
   weight { 1   } 
   weightvar { 1.776356839400247e-15   } 
   kinetic_energy { 48.12312144340738   } 
   kinetic_energyvar { 146.9511926988474   } 
   potential_energy { -194.265546698216   } 
   potential_energyvar { 403.0705642967733   } 
   nonlocal_energy { 19.53172190438381   } 
   nonlocal_energyvar { 284.3908703462247   } 
   autocorr_energy { } 
} 

block { 
   label vmc
   totweight 217600
   nautocorr 0
   total_energy { -126.586922968358   } 
   total_energyvar { 13.2507466215744   } 
   weight { 1   } 
   weightvar { 1.776356839400247e-15   } 
   kinetic_energy { 48.14459059721086   } 
   kinetic_energyvar { 146.7852011654786   } 
   potential_energy { -194.1930003663909   } 
   potential_energyvar { 403.3074139840252   } 
   nonlocal_energy { 19.46148680082213   } 
   nonlocal_energyvar { 282.1421434402251   } 
   autocorr_energy { } 
} 

block { 
   label vmc
   totweight 217600
   nautocorr 0
   total_energy { -126.6059156109986   } 
   total_energyvar { 13.15307275155828   } 
   weight { 1   } 
   weightvar { 1.776356839400247e-15   } 
   kinetic_energy { 48.07992324955082   } 
   kinetic_energyvar { 149.6030538096258   } 
   potential_energy { -194.1594938880577   } 
   potential_energyvar { 404.1604505194265   } 
   nonlocal_energy { 19.47365502750828   } 
   nonlocal_energyvar { 285.0592391399577   } 
   autocorr_energy { } 
} 

block { 
   label vmc
   totweight 217600
   nautocorr 0
   total_energy { -126.6037676352547   } 
   total_energyvar { 13.04098921605456   } 
   weight { 1   } 
   weightvar { 1.776356839400247e-15   } 
   kinetic_energy { 48.15382766845811   } 
   kinetic_energyvar { 145.1899888474438   } 
   potential_energy { -194.1077445909948   } 
   potential_energyvar { 399.3829650314458   } 
   nonlocal_energy { 19.35014928728204   } 
   nonlocal_energyvar { 278.9271011548262   } 
   autocorr_energy { } 
} 

block { 
   label vmc
   totweight 217600
   nautocorr 0
   total_energy { -126.6167949091985   } 
   total_energyvar { 13.30435868964982   } 
   weight { 1   } 
   weightvar { 1.776356839400247e-15   } 
   kinetic_energy { 48.04652250346783   } 
   kinetic_energyvar { 146.8879969918893   } 
   potential_energy { -194.0578901192185   } 
   potential_energyvar { 397.1432898980886   } 
   nonlocal_energy { 19.39457270655216   } 
   nonlocal_energyvar { 280.7419670767679   } 
   autocorr_energy { } 
} 

block { 
   label vmc
   totweight 217600
   nautocorr 0
   total_energy { -126.5736394035404   } 
   total_energyvar { 15.16662074596597   } 
   weight { 1   } 
   weightvar { 1.776356839400247e-15   } 
   kinetic_energy { 48.1393073737686   } 
   kinetic_energyvar { 146.7974776350673   } 
   potential_energy { -194.1362967833559   } 
   potential_energyvar { 405.4688926731124   } 
   nonlocal_energy { 19.42335000604692   } 
   nonlocal_energyvar { 280.6730506527021   } 
   autocorr_energy { } 
} 

block { 
   label vmc
   totweight 217600
   nautocorr 0
   total_energy { -126.6124497573484   } 
   total_energyvar { 13.47696953801323   } 
   weight { 1   } 
   weightvar { 1.776356839400247e-15   } 
   kinetic_energy { 48.10626997249829   } 
   kinetic_energyvar { 146.7209779984707   } 
   potential_energy { -194.1966750585763   } 
   potential_energyvar { 402.6759318579998   } 
   nonlocal_energy { 19.47795532872962   } 
   nonlocal_energyvar { 283.6894954677073   } 
   autocorr_energy { } 
} 

block { 
   label vmc
   totweight 217600
   nautocorr 0
   total_energy { -126.6164778853083   } 
   total_energyvar { 13.36037809200659   } 
   weight { 1   } 
   weightvar { 1.776356839400247e-15   } 
   kinetic_energy { 48.24151489855783   } 
   kinetic_energyvar { 145.7768188027812   } 
   potential_energy { -194.3731629161565   } 
   potential_energyvar { 401.248150198165   } 
   nonlocal_energy { 19.51517013229037   } 
   nonlocal_energyvar { 280.5860288525406   } 
   autocorr_energy { } 
} 

block { 
   label vmc
   totweight 217600
   nautocorr 0
   total_energy { -126.6231685185867   } 
   total_energyvar { 12.93058857352044   } 
   weight { 1   } 
   weightvar { 1.776356839400247e-15   } 
   kinetic_energy { 48.14470408129974   } 
   kinetic_energyvar { 145.6697155751709   } 
   potential_energy { -194.2577696461475   } 
   potential_energyvar { 402.067001560131   } 
   nonlocal_energy { 19.48989704626104   } 
   nonlocal_energyvar { 284.2281776868022   } 
   autocorr_energy { } 
} 

block { 
   label vmc
   totweight 217600
   nautocorr 0
   total_energy { -126.5973076724249   } 
   total_energyvar { 12.94937217673181   } 
   weight { 1   } 
   weightvar { 1.776356839400247e-15   } 
   kinetic_energy { 48.14647410450123   } 
   kinetic_energyvar { 147.1660715287223   } 
   potential_energy { -194.2774024632389   } 
   potential_energyvar { 402.4253532055933   } 
   nonlocal_energy { 19.53362068631278   } 
   nonlocal_energyvar { 283.4574849237138   } 
   autocorr_energy { } 
} 

block { 
   label vmc
   totweight 217600
   nautocorr 0
   total_energy { -126.6044448940763   } 
   total_energyvar { 12.82203972294641   } 
   weight { 1   } 
   weightvar { 1.776356839400247e-15   } 
   kinetic_energy { 48.15169809147475   } 
   kinetic_energyvar { 146.577816804084   } 
   potential_energy { -194.2828960515127   } 
   potential_energyvar { 404.0667137346433   } 
   nonlocal_energy { 19.52675306596167   } 
   nonlocal_energyvar { 282.9950821151687   } 
   autocorr_energy { } 
} 

block { 
   label vmc
   totweight 217600
   nautocorr 0
   total_energy { -126.6131544181084   } 
   total_energyvar { 12.9437577149256   } 
   weight { 1   } 
   weightvar { 1.776356839400247e-15   } 
   kinetic_energy { 48.10379259057729   } 
   kinetic_energyvar { 145.3794395751826   } 
   potential_energy { -194.1567103828512   } 
   potential_energyvar { 402.1677932670576   } 
   nonlocal_energy { 19.43976337416551   } 
   nonlocal_energyvar { 283.1859978310571   } 
   autocorr_energy { } 
} 

block { 
   label vmc
   totweight 217600
   nautocorr 0
   total_energy { -126.602853915587   } 
   total_energyvar { 14.39840739934928   } 
   weight { 1   } 
   weightvar { 1.776356839400247e-15   } 
   kinetic_energy { 48.18947045913395   } 
   kinetic_energyvar { 146.4663857962813   } 
   potential_energy { -194.2016458279811   } 
   potential_energyvar { 405.1087431519326   } 
   nonlocal_energy { 19.4093214532601   } 
   nonlocal_energyvar { 282.788058342137   } 
   autocorr_energy { } 
} 

block { 
   label vmc
   totweight 217600
   nautocorr 0
   total_energy { -126.5954620547569   } 
   total_energyvar { 13.11508672097763   } 
   weight { 1   } 
   weightvar { 1.776356839400247e-15   } 
   kinetic_energy { 48.15201624774345   } 
   kinetic_energyvar { 146.9043612870991   } 
   potential_energy { -194.1327360041226   } 
   potential_energyvar { 402.8849169309185   } 
   nonlocal_energy { 19.38525770162225   } 
   nonlocal_energyvar { 281.8249418906583   } 
   autocorr_energy { } 
} 

block { 
   label vmc
   totweight 217600
   nautocorr 0
   total_energy { -126.6304294421569   } 
   total_energyvar { 12.59655625400777   } 
   weight { 1   } 
   weightvar { 1.776356839400247e-15   } 
   kinetic_energy { 48.16874481328857   } 
   kinetic_energyvar { 147.6132296187182   } 
   potential_energy { -194.2573555001809   } 
   potential_energyvar { 397.899870671671   } 
   nonlocal_energy { 19.45818124473537   } 
   nonlocal_energyvar { 282.448821608065   } 
   autocorr_energy { } 
} 

block { 
   label vmc
   totweight 217600
   nautocorr 0
   total_energy { -126.6067693326739   } 
   total_energyvar { 13.18504420647803   } 
   weight { 1   } 
   weightvar { 1.776356839400247e-15   } 
   kinetic_energy { 48.18059357476398   } 
   kinetic_energyvar { 147.2524563767099   } 
   potential_energy { -194.307367447759   } 
   potential_energyvar { 404.9942058562951   } 
   nonlocal_energy { 19.52000454032105   } 
   nonlocal_energyvar { 284.2057991922611   } 
   autocorr_energy { } 
} 

block { 
   label vmc
   totweight 217600
   nautocorr 0
   total_energy { -126.6203403923613   } 
   total_energyvar { 12.96845027116234   } 
   weight { 1   } 
   weightvar { 1.776356839400247e-15   } 
   kinetic_energy { 48.18306779157481   } 
   kinetic_energyvar { 145.8470680972343   } 
   potential_energy { -194.2224121474186   } 
   potential_energyvar { 401.6329793281652   } 
   nonlocal_energy { 19.41900396348255   } 
   nonlocal_energyvar { 279.9350198637761   } 
   autocorr_energy { } 
} 

block { 
   label vmc
   totweight 217600
   nautocorr 0
   total_energy { -126.6017136626557   } 
   total_energyvar { 13.03810753215141   } 
   weight { 1   } 
   weightvar { 1.776356839400247e-15   } 
   kinetic_energy { 48.08283573581876   } 
   kinetic_energyvar { 147.0625588376479   } 
   potential_energy { -194.1484429323342   } 
   potential_energyvar { 400.8224581068025   } 
   nonlocal_energy { 19.46389353385975   } 
   nonlocal_energyvar { 283.9625014817339   } 
   autocorr_energy { } 
} 

block { 
   label vmc
   totweight 217600
   nautocorr 0
   total_energy { -126.6065757169164   } 
   total_energyvar { 12.82534568870649   } 
   weight { 1   } 
   weightvar { 1.776356839400247e-15   } 
   kinetic_energy { 48.11909618012979   } 
   kinetic_energyvar { 146.1341513971153   } 
   potential_energy { -194.1760189904836   } 
   potential_energyvar { 399.7954454093436   } 
   nonlocal_energy { 19.45034709343739   } 
   nonlocal_energyvar { 282.2769208001286   } 
   autocorr_energy { } 
} 

block { 
   label vmc
   totweight 217600
   nautocorr 0
   total_energy { -126.6050092705026   } 
   total_energyvar { 13.21282059270897   } 
   weight { 1   } 
   weightvar { 1.776356839400247e-15   } 
   kinetic_energy { 48.06330101356497   } 
   kinetic_energyvar { 149.6842948215265   } 
   potential_energy { -194.0669735889069   } 
   potential_energyvar { 402.3883560428029   } 
   nonlocal_energy { 19.39866330483927   } 
   nonlocal_energyvar { 287.0683357863235   } 
   autocorr_energy { } 
} 

block { 
   label vmc
   totweight 217600
   nautocorr 0
   total_energy { -126.6125160942894   } 
   total_energyvar { 12.82661783410859   } 
   weight { 1   } 
   weightvar { 1.776356839400247e-15   } 
   kinetic_energy { 48.14310071871589   } 
   kinetic_energyvar { 147.5572815460961   } 
   potential_energy { -194.1422176602515   } 
   potential_energyvar { 398.5273200535657   } 
   nonlocal_energy { 19.38660084724622   } 
   nonlocal_energyvar { 280.3254802385434   } 
   autocorr_energy { } 
} 

block { 
   label vmc
   totweight 217600
   nautocorr 0
   total_energy { -126.6013059083888   } 
   total_energyvar { 12.83731995509768   } 
   weight { 1   } 
   weightvar { 1.776356839400247e-15   } 
   kinetic_energy { 48.1822673696438   } 
   kinetic_energyvar { 146.7278370830238   } 
   potential_energy { -194.1586307533788   } 
   potential_energyvar { 404.0119178234665   } 
   nonlocal_energy { 19.37505747534618   } 
   nonlocal_energyvar { 281.862649429372   } 
   autocorr_energy { } 
} 

block { 
   label vmc
   totweight 217600
   nautocorr 0
   total_energy { -126.6245203609541   } 
   total_energyvar { 15.50542406295627   } 
   weight { 1   } 
   weightvar { 1.776356839400247e-15   } 
   kinetic_energy { 48.22837643970609   } 
   kinetic_energyvar { 146.4364717052291   } 
   potential_energy { -194.2153136532592   } 
   potential_energyvar { 401.5298128601898   } 
   nonlocal_energy { 19.36241685259895   } 
   nonlocal_energyvar { 279.4137564991356   } 
   autocorr_energy { } 
} 

block { 
   label vmc
   totweight 217600
   nautocorr 0
   total_energy { -126.6185059783824   } 
   total_energyvar { 13.31080230363147   } 
   weight { 1   } 
   weightvar { 1.776356839400247e-15   } 
   kinetic_energy { 48.16202060841977   } 
   kinetic_energyvar { 146.3274381893032   } 
   potential_energy { -194.2046758987489   } 
   potential_energyvar { 402.2097359178524   } 
   nonlocal_energy { 19.42414931194683   } 
   nonlocal_energyvar { 283.521398971923   } 
   autocorr_energy { } 
} 

block { 
   label vmc
   totweight 217600
   nautocorr 0
   total_energy { -126.6061596599983   } 
   total_energyvar { 12.80860963946146   } 
   weight { 1   } 
   weightvar { 1.776356839400247e-15   } 
   kinetic_energy { 48.21748127295961   } 
   kinetic_energyvar { 149.4838680359986   } 
   potential_energy { -194.3534653591507   } 
   potential_energyvar { 401.853032661605   } 
   nonlocal_energy { 19.52982442619282   } 
   nonlocal_energyvar { 283.6650692757643   } 
   autocorr_energy { } 
} 

