#-------------------------------------------------
#DMC run: timestep 0.005
#-------------------------------------------------


init { 
   label spin_0.005
}
block { 
   label spin_0.005
   totweight 1740800
   nautocorr 0
   total_energy { -134.6721892397712   } 
   total_energyvar { 3.48667668949802   } 
   weight { 1.051180749011865   } 
   weightvar { 0.04981475368574092   } 
   kinetic_energy { 46.83895248395444   } 
   kinetic_energyvar { 156.8798276446501   } 
   potential_energy { -195.2642871132082   } 
   potential_energyvar { 167.9965322749874   } 
   nonlocal_energy { 13.75314538948253   } 
   nonlocal_energyvar { 229.2937854780518   } 
   autocorr_energy { } 
} 

block { 
   label spin_0.005
   totweight 1740800
   nautocorr 0
   total_energy { -134.6490154974704   } 
   total_energyvar { 4.119969255401735   } 
   weight { 1.048115623579791   } 
   weightvar { 0.09171124802797229   } 
   kinetic_energy { 47.11160669524627   } 
   kinetic_energyvar { 156.7223433607168   } 
   potential_energy { -195.5830101162112   } 
   potential_energyvar { 168.9685734236373   } 
   nonlocal_energy { 13.82238792349454   } 
   nonlocal_energyvar { 231.9531027726357   } 
   autocorr_energy { } 
} 

block { 
   label spin_0.005
   totweight 1740800
   nautocorr 0
   total_energy { -134.6572914155144   } 
   total_energyvar { 3.505137884642236   } 
   weight { 1.010128671406842   } 
   weightvar { 0.09972804571213721   } 
   kinetic_energy { 47.11052431556937   } 
   kinetic_energyvar { 157.0488010025289   } 
   potential_energy { -195.5242338613187   } 
   potential_energyvar { 170.8104040043987   } 
   nonlocal_energy { 13.75641813023494   } 
   nonlocal_energyvar { 230.5896321293996   } 
   autocorr_energy { } 
} 

block { 
   label spin_0.005
   totweight 1740800
   nautocorr 0
   total_energy { -134.6564053048793   } 
   total_energyvar { 3.543401004499306   } 
   weight { 1.001231513597082   } 
   weightvar { 0.104997564497561   } 
   kinetic_energy { 47.11249626018249   } 
   kinetic_energyvar { 155.2915940868645   } 
   potential_energy { -195.4358053354479   } 
   potential_energyvar { 167.0739814723019   } 
   nonlocal_energy { 13.66690377038613   } 
   nonlocal_energyvar { 228.5505007901545   } 
   autocorr_energy { } 
} 

block { 
   label spin_0.005
   totweight 1740800
   nautocorr 0
   total_energy { -134.6586470347312   } 
   total_energyvar { 3.765166821049957   } 
   weight { 0.9979771867583465   } 
   weightvar { 0.1052822252306728   } 
   kinetic_energy { 47.07149881184485   } 
   kinetic_energyvar { 156.2134418052593   } 
   potential_energy { -195.5191860867974   } 
   potential_energyvar { 167.8449424046026   } 
   nonlocal_energy { 13.78904024022147   } 
   nonlocal_energyvar { 231.1102491957076   } 
   autocorr_energy { } 
} 

block { 
   label spin_0.005
   totweight 1740800
   nautocorr 0
   total_energy { -134.658240479431   } 
   total_energyvar { 4.033065830497756   } 
   weight { 1.000436387498173   } 
   weightvar { 0.1056557953887411   } 
   kinetic_energy { 47.1238918646614   } 
   kinetic_energyvar { 155.3562051838049   } 
   potential_energy { -195.4631067970261   } 
   potential_energyvar { 168.9906997531439   } 
   nonlocal_energy { 13.68097445293373   } 
   nonlocal_energyvar { 228.2027992746506   } 
   autocorr_energy { } 
} 

block { 
   label spin_0.005
   totweight 1740800
   nautocorr 0
   total_energy { -134.6575862511909   } 
   total_energyvar { 3.534196026622083   } 
   weight { 0.9978771715584155   } 
   weightvar { 0.1056605678464818   } 
   kinetic_energy { 47.15092290471384   } 
   kinetic_energyvar { 155.2255001516022   } 
   potential_energy { -195.5706350210941   } 
   potential_energyvar { 167.8420202163824   } 
   nonlocal_energy { 13.76212586518935   } 
   nonlocal_energyvar { 229.3582747504572   } 
   autocorr_energy { } 
} 

block { 
   label spin_0.005
   totweight 1740800
   nautocorr 0
   total_energy { -134.6606981770278   } 
   total_energyvar { 3.540696530373485   } 
   weight { 0.999531352225528   } 
   weightvar { 0.1038619511215968   } 
   kinetic_energy { 47.28587075734298   } 
   kinetic_energyvar { 155.5790181240128   } 
   potential_energy { -195.7420475398912   } 
   potential_energyvar { 169.3880180065796   } 
   nonlocal_energy { 13.7954786055204   } 
   nonlocal_energyvar { 228.8251441515176   } 
   autocorr_energy { } 
} 

block { 
   label spin_0.005
   totweight 1740800
   nautocorr 0
   total_energy { -134.6637798955014   } 
   total_energyvar { 4.050142285726364   } 
   weight { 1.001056950917971   } 
   weightvar { 0.1041133941839978   } 
   kinetic_energy { 47.19995433341309   } 
   kinetic_energyvar { 155.4640018192254   } 
   potential_energy { -195.6206503465792   } 
   potential_energyvar { 167.6952384072405   } 
   nonlocal_energy { 13.75691611766463   } 
   nonlocal_energyvar { 228.974000708149   } 
   autocorr_energy { } 
} 

block { 
   label spin_0.005
   totweight 1740800
   nautocorr 0
   total_energy { -134.6619761302186   } 
   total_energyvar { 3.520237820535244   } 
   weight { 1.002391588776886   } 
   weightvar { 0.104338325163042   } 
   kinetic_energy { 47.25783759145461   } 
   kinetic_energyvar { 154.3497683702414   } 
   potential_energy { -195.662228602525   } 
   potential_energyvar { 168.2090158746701   } 
   nonlocal_energy { 13.74241488085172   } 
   nonlocal_energyvar { 228.8803572027593   } 
   autocorr_energy { } 
} 

block { 
   label spin_0.005
   totweight 1740800
   nautocorr 0
   total_energy { -134.6613003044855   } 
   total_energyvar { 3.526768542796034   } 
   weight { 1.002048809881482   } 
   weightvar { 0.1061335883599175   } 
   kinetic_energy { 47.2196907034867   } 
   kinetic_energyvar { 156.3034503391179   } 
   potential_energy { -195.6952858562307   } 
   potential_energyvar { 168.6988440371884   } 
   nonlocal_energy { 13.81429484825847   } 
   nonlocal_energyvar { 230.1511240035201   } 
   autocorr_energy { } 
} 

block { 
   label spin_0.005
   totweight 1740800
   nautocorr 0
   total_energy { -134.6576820635934   } 
   total_energyvar { 3.4968044646914   } 
   weight { 0.9997908415939467   } 
   weightvar { 0.1045509906756231   } 
   kinetic_energy { 47.11042538985199   } 
   kinetic_energyvar { 157.6787325299114   } 
   potential_energy { -195.6176482789805   } 
   potential_energyvar { 169.8087132451036   } 
   nonlocal_energy { 13.8495408255351   } 
   nonlocal_energyvar { 233.9201257653582   } 
   autocorr_energy { } 
} 

block { 
   label spin_0.005
   totweight 1740800
   nautocorr 0
   total_energy { -134.6622223636634   } 
   total_energyvar { 3.586778548905214   } 
   weight { 0.99986412089444   } 
   weightvar { 0.1061326951455416   } 
   kinetic_energy { 47.17379147948501   } 
   kinetic_energyvar { 157.5637139014807   } 
   potential_energy { -195.6294707953711   } 
   potential_energyvar { 169.297697329213   } 
   nonlocal_energy { 13.79345695222266   } 
   nonlocal_energyvar { 232.4282050840995   } 
   autocorr_energy { } 
} 

block { 
   label spin_0.005
   totweight 1740800
   nautocorr 0
   total_energy { -134.6603330700642   } 
   total_energyvar { 3.505082877761669   } 
   weight { 0.999581897602135   } 
   weightvar { 0.1059841352579093   } 
   kinetic_energy { 47.12397560551958   } 
   kinetic_energyvar { 155.6663234927127   } 
   potential_energy { -195.5278771633263   } 
   potential_energyvar { 167.0365174884343   } 
   nonlocal_energy { 13.74356848774254   } 
   nonlocal_energyvar { 229.2024657487196   } 
   autocorr_energy { } 
} 

block { 
   label spin_0.005
   totweight 1740800
   nautocorr 0
   total_energy { -134.6570635968388   } 
   total_energyvar { 3.606272429676717   } 
   weight { 0.9987573046369403   } 
   weightvar { 0.1062865820583392   } 
   kinetic_energy { 47.12041960244694   } 
   kinetic_energyvar { 157.3766551927809   } 
   potential_energy { -195.5443670511564   } 
   potential_energyvar { 169.6297655077874   } 
   nonlocal_energy { 13.76688385187066   } 
   nonlocal_energyvar { 231.7555370286398   } 
   autocorr_energy { } 
} 

block { 
   label spin_0.005
   totweight 1740800
   nautocorr 0
   total_energy { -134.662016407854   } 
   total_energyvar { 3.91643831618454   } 
   weight { 0.9973835365629715   } 
   weightvar { 0.1066364032701328   } 
   kinetic_energy { 47.15639501360957   } 
   kinetic_energyvar { 156.0313165406559   } 
   potential_energy { -195.6422523254311   } 
   potential_energyvar { 167.4639461451014   } 
   nonlocal_energy { 13.8238409039676   } 
   nonlocal_energyvar { 231.9753326165058   } 
   autocorr_energy { } 
} 

