#-------------------------------------------------
#DMC run: timestep 0.001
#-------------------------------------------------


init { 
   label spin_0.005
}
block { 
   label spin_0.005
   totweight 819200
   nautocorr 0
   total_energy { -67.56605342986313   } 
   total_energyvar { 0.5243195449657262   } 
   weight { 1.000818818687895   } 
   weightvar { 0.00232462407066844   } 
   kinetic_energy { 23.66238499841014   } 
   kinetic_energyvar { 56.70420233952449   } 
   potential_energy { -101.9515474652983   } 
   potential_energyvar { 122.2545842322778   } 
   nonlocal_energy { 10.723109037025   } 
   nonlocal_energyvar { 122.6271092920838   } 
   autocorr_energy { } 
} 

block { 
   label spin_0.005
   totweight 819200
   nautocorr 0
   total_energy { -67.56710745372928   } 
   total_energyvar { 0.4816348525471407   } 
   weight { 1.002327589089119   } 
   weightvar { 0.009604374263680939   } 
   kinetic_energy { 23.90046809211765   } 
   kinetic_energyvar { 54.98323496368038   } 
   potential_energy { -101.9893448182712   } 
   potential_energyvar { 120.1635231592745   } 
   nonlocal_energy { 10.5217692724243   } 
   nonlocal_energyvar { 113.2784290446942   } 
   autocorr_energy { } 
} 

block { 
   label spin_0.005
   totweight 819200
   nautocorr 0
   total_energy { -67.58378419863644   } 
   total_energyvar { 0.5102810911350645   } 
   weight { 1.002992834574857   } 
   weightvar { 0.01750273248155975   } 
   kinetic_energy { 23.90869980838461   } 
   kinetic_energyvar { 56.3426844939259   } 
   potential_energy { -102.062025272775   } 
   potential_energyvar { 121.1248930077579   } 
   nonlocal_energy { 10.56954126575401   } 
   nonlocal_energyvar { 117.9028039931493   } 
   autocorr_energy { } 
} 

block { 
   label spin_0.005
   totweight 819200
   nautocorr 0
   total_energy { -67.5918724761916   } 
   total_energyvar { 0.6613785148970363   } 
   weight { 1.006196404093307   } 
   weightvar { 0.0260224878983868   } 
   kinetic_energy { 24.05428953678436   } 
   kinetic_energyvar { 55.12052887729408   } 
   potential_energy { -102.2233913196601   } 
   potential_energyvar { 117.1645221195395   } 
   nonlocal_energy { 10.57722930668409   } 
   nonlocal_energyvar { 116.4202134130242   } 
   autocorr_energy { } 
} 

block { 
   label spin_0.005
   totweight 819200
   nautocorr 0
   total_energy { -67.57629314640283   } 
   total_energyvar { 0.48378823756335   } 
   weight { 1.005990333958186   } 
   weightvar { 0.03406239925609766   } 
   kinetic_energy { 24.08421323480557   } 
   kinetic_energyvar { 55.43936192725227   } 
   potential_energy { -102.3530118055889   } 
   potential_energyvar { 119.6439560040166   } 
   nonlocal_energy { 10.69250542438047   } 
   nonlocal_energyvar { 116.3516697786333   } 
   autocorr_energy { } 
} 

block { 
   label spin_0.005
   totweight 819200
   nautocorr 0
   total_energy { -67.58328140047396   } 
   total_energyvar { 0.476586734331475   } 
   weight { 1.005296582686057   } 
   weightvar { 0.04228301871383128   } 
   kinetic_energy { 24.1273217739517   } 
   kinetic_energyvar { 55.59726448468552   } 
   potential_energy { -102.3252998146869   } 
   potential_energyvar { 120.5043564735514   } 
   nonlocal_energy { 10.61469664026123   } 
   nonlocal_energyvar { 116.1992144649229   } 
   autocorr_energy { } 
} 

block { 
   label spin_0.005
   totweight 819200
   nautocorr 0
   total_energy { -67.57583313826208   } 
   total_energyvar { 0.4889498024977174   } 
   weight { 1.004193809166845   } 
   weightvar { 0.04942915965599882   } 
   kinetic_energy { 24.28128471360176   } 
   kinetic_energyvar { 55.07199775233336   } 
   potential_energy { -102.5253529936899   } 
   potential_energyvar { 119.0817474075782   } 
   nonlocal_energy { 10.66823514182608   } 
   nonlocal_energyvar { 116.7164872612704   } 
   autocorr_energy { } 
} 

block { 
   label spin_0.005
   totweight 819200
   nautocorr 0
   total_energy { -67.58090069118144   } 
   total_energyvar { 0.4768522149872266   } 
   weight { 1.002629225279499   } 
   weightvar { 0.05491326303168582   } 
   kinetic_energy { 24.40377942177315   } 
   kinetic_energyvar { 54.44593061613212   } 
   potential_energy { -102.6301390561918   } 
   potential_energyvar { 116.2096387821128   } 
   nonlocal_energy { 10.64545894323717   } 
   nonlocal_energyvar { 112.0894191788161   } 
   autocorr_energy { } 
} 

block { 
   label spin_0.005
   totweight 819200
   nautocorr 0
   total_energy { -67.58648348739899   } 
   total_energyvar { 0.4736483776169061   } 
   weight { 1.002224698780271   } 
   weightvar { 0.06037956388591109   } 
   kinetic_energy { 24.31355205761368   } 
   kinetic_energyvar { 54.09054918348233   } 
   potential_energy { -102.5365362882061   } 
   potential_energyvar { 117.7542294806927   } 
   nonlocal_energy { 10.63650074319341   } 
   nonlocal_energyvar { 112.4269015067763   } 
   autocorr_energy { } 
} 

block { 
   label spin_0.005
   totweight 819200
   nautocorr 0
   total_energy { -67.57760531146423   } 
   total_energyvar { 0.4893049198729322   } 
   weight { 1.001652394230863   } 
   weightvar { 0.06521891978784444   } 
   kinetic_energy { 24.2017849570033   } 
   kinetic_energyvar { 55.7287489970414   } 
   potential_energy { -102.394975511596   } 
   potential_energyvar { 118.6047875236902   } 
   nonlocal_energy { 10.61558524312844   } 
   nonlocal_energyvar { 117.8221621385472   } 
   autocorr_energy { } 
} 

block { 
   label spin_0.005
   totweight 819200
   nautocorr 0
   total_energy { -67.57952532020497   } 
   total_energyvar { 0.6781548244868183   } 
   weight { 1.000307174513227   } 
   weightvar { 0.06850493532854025   } 
   kinetic_energy { 24.24254791208257   } 
   kinetic_energyvar { 54.69244008222782   } 
   potential_energy { -102.4849214491168   } 
   potential_energyvar { 119.7744074540277   } 
   nonlocal_energy { 10.6628482168292   } 
   nonlocal_energyvar { 116.998430478135   } 
   autocorr_energy { } 
} 

block { 
   label spin_0.005
   totweight 819200
   nautocorr 0
   total_energy { -67.56299197478617   } 
   total_energyvar { 0.4852341368918126   } 
   weight { 0.9985891896047352   } 
   weightvar { 0.07174843741748325   } 
   kinetic_energy { 24.28743636378662   } 
   kinetic_energyvar { 53.58364164353588   } 
   potential_energy { -102.4003649714209   } 
   potential_energyvar { 117.5515278176477   } 
   nonlocal_energy { 10.54993663284812   } 
   nonlocal_energyvar { 113.5847490197138   } 
   autocorr_energy { } 
} 

block { 
   label spin_0.005
   totweight 819200
   nautocorr 0
   total_energy { -67.57087664082727   } 
   total_energyvar { 0.509857910436428   } 
   weight { 0.9958957112957667   } 
   weightvar { 0.07346185922638462   } 
   kinetic_energy { 24.34547280287203   } 
   kinetic_energyvar { 53.81196668620815   } 
   potential_energy { -102.4357253074748   } 
   potential_energyvar { 117.8822819995332   } 
   nonlocal_energy { 10.51937586377553   } 
   nonlocal_energyvar { 112.9274999066984   } 
   autocorr_energy { } 
} 

block { 
   label spin_0.005
   totweight 819200
   nautocorr 0
   total_energy { -67.57430769227003   } 
   total_energyvar { 0.4695400925043407   } 
   weight { 0.9948991260387997   } 
   weightvar { 0.07635065042500745   } 
   kinetic_energy { 24.26043571279671   } 
   kinetic_energyvar { 54.02892407435515   } 
   potential_energy { -102.3988315144784   } 
   potential_energyvar { 117.1239967099997   } 
   nonlocal_energy { 10.56408810941163   } 
   nonlocal_energyvar { 111.9433635246995   } 
   autocorr_energy { } 
} 

block { 
   label spin_0.005
   totweight 819200
   nautocorr 0
   total_energy { -67.58337205615855   } 
   total_energyvar { 0.4981269312494165   } 
   weight { 0.9961569923032997   } 
   weightvar { 0.0778676112796137   } 
   kinetic_energy { 24.3244946587401   } 
   kinetic_energyvar { 54.47354689569119   } 
   potential_energy { -102.5518364794829   } 
   potential_energyvar { 118.1628479386787   } 
   nonlocal_energy { 10.64396976458421   } 
   nonlocal_energyvar { 115.4478911278375   } 
   autocorr_energy { } 
} 

