#-------------------------------------------------
#VMC run: timestep 1.6 nconfig 2176 steps 40
#-------------------------------------------------


init { 
   label vmc
}
block { 
   label vmc
   totweight 87040
   nautocorr 0
   total_energy { -5.190661492383255   } 
   total_energyvar { 1.240761503717061   } 
   weight { 1   } 
   weightvar { 1.776356839400247e-15   } 
   kinetic_energy { 1.755780300301915   } 
   kinetic_energyvar { 2.474174450369352   } 
   potential_energy { -7.148663435443339   } 
   potential_energyvar { 1.54183608512932   } 
   nonlocal_energy { 0.2022216427581682   } 
   nonlocal_energyvar { 2.795516601906778   } 
   autocorr_energy { } 
} 

block { 
   label vmc
   totweight 87040
   nautocorr 0
   total_energy { -5.192458090962752   } 
   total_energyvar { 0.4716121847171676   } 
   weight { 1   } 
   weightvar { 1.776356839400247e-15   } 
   kinetic_energy { 1.752218546635993   } 
   kinetic_energyvar { 2.374086171350633   } 
   potential_energy { -7.155995498661223   } 
   potential_energyvar { 1.577242674590714   } 
   nonlocal_energy { 0.2113188610624791   } 
   nonlocal_energyvar { 2.795210372515822   } 
   autocorr_energy { } 
} 

block { 
   label vmc
   totweight 87040
   nautocorr 0
   total_energy { -5.187031710205096   } 
   total_energyvar { 0.4360287184405588   } 
   weight { 1   } 
   weightvar { 1.776356839400247e-15   } 
   kinetic_energy { 1.756442372471256   } 
   kinetic_energyvar { 2.13287680962995   } 
   potential_energy { -7.144407714893104   } 
   potential_energyvar { 1.642286668998871   } 
   nonlocal_energy { 0.2009336322167524   } 
   nonlocal_energyvar { 2.678175097579858   } 
   autocorr_energy { } 
} 

block { 
   label vmc
   totweight 87040
   nautocorr 0
   total_energy { -5.19098092530922   } 
   total_energyvar { 0.3518828450854782   } 
   weight { 1   } 
   weightvar { 1.776356839400247e-15   } 
   kinetic_energy { 1.750119189398716   } 
   kinetic_energyvar { 2.171176499963006   } 
   potential_energy { -7.143327519103599   } 
   potential_energyvar { 1.550698001293162   } 
   nonlocal_energy { 0.202227404395662   } 
   nonlocal_energyvar { 2.739970856356718   } 
   autocorr_energy { } 
} 

block { 
   label vmc
   totweight 87040
   nautocorr 0
   total_energy { -5.193235131810262   } 
   total_energyvar { 0.3342730404499405   } 
   weight { 1   } 
   weightvar { 1.776356839400247e-15   } 
   kinetic_energy { 1.768421351636134   } 
   kinetic_energyvar { 1.985931913704197   } 
   potential_energy { -7.15629759441799   } 
   potential_energyvar { 1.547780931415641   } 
   nonlocal_energy { 0.1946411109715936   } 
   nonlocal_energyvar { 2.427781381128221   } 
   autocorr_energy { } 
} 

block { 
   label vmc
   totweight 87040
   nautocorr 0
   total_energy { -5.192064183441343   } 
   total_energyvar { 0.3352304543565919   } 
   weight { 1   } 
   weightvar { 1.776356839400247e-15   } 
   kinetic_energy { 1.763981158736   } 
   kinetic_energyvar { 2.136765134702804   } 
   potential_energy { -7.150529530445098   } 
   potential_energyvar { 1.549685069745865   } 
   nonlocal_energy { 0.1944841882677559   } 
   nonlocal_energyvar { 2.56578840405927   } 
   autocorr_energy { } 
} 

block { 
   label vmc
   totweight 87040
   nautocorr 0
   total_energy { -5.193956575028293   } 
   total_energyvar { 0.4312610129765566   } 
   weight { 1   } 
   weightvar { 1.776356839400247e-15   } 
   kinetic_energy { 1.759539878789955   } 
   kinetic_energyvar { 2.378481945104057   } 
   potential_energy { -7.14455780310983   } 
   potential_energyvar { 1.525205749030516   } 
   nonlocal_energy { 0.1910613492915841   } 
   nonlocal_energyvar { 2.634700698396107   } 
   autocorr_energy { } 
} 

block { 
   label vmc
   totweight 87040
   nautocorr 0
   total_energy { -5.192319052920522   } 
   total_energyvar { 0.365323144344858   } 
   weight { 1   } 
   weightvar { 1.776356839400247e-15   } 
   kinetic_energy { 1.76246429096339   } 
   kinetic_energyvar { 2.135247467739143   } 
   potential_energy { -7.15368029313491   } 
   potential_energyvar { 1.559738845816365   } 
   nonlocal_energy { 0.1988969492509979   } 
   nonlocal_energyvar { 2.711451616833231   } 
   autocorr_energy { } 
} 

block { 
   label vmc
   totweight 87040
   nautocorr 0
   total_energy { -5.18827318048302   } 
   total_energyvar { 0.3467687353837807   } 
   weight { 1   } 
   weightvar { 1.776356839400247e-15   } 
   kinetic_energy { 1.766121611054193   } 
   kinetic_energyvar { 2.023050487785248   } 
   potential_energy { -7.146303185933081   } 
   potential_energyvar { 1.554194499417664   } 
   nonlocal_energy { 0.1919083943958686   } 
   nonlocal_energyvar { 2.536890532878198   } 
   autocorr_energy { } 
} 

block { 
   label vmc
   totweight 87040
   nautocorr 0
   total_energy { -5.187587160514759   } 
   total_energyvar { 0.4235698566709762   } 
   weight { 1   } 
   weightvar { 1.776356839400247e-15   } 
   kinetic_energy { 1.759927753716005   } 
   kinetic_energyvar { 2.048280257994068   } 
   potential_energy { -7.143109463357246   } 
   potential_energyvar { 1.609641836850601   } 
   nonlocal_energy { 0.1955945491264806   } 
   nonlocal_energyvar { 2.566354738044274   } 
   autocorr_energy { } 
} 

block { 
   label vmc
   totweight 87040
   nautocorr 0
   total_energy { -5.189416056526685   } 
   total_energyvar { 0.3663554002204508   } 
   weight { 1   } 
   weightvar { 1.776356839400247e-15   } 
   kinetic_energy { 1.753073233981614   } 
   kinetic_energyvar { 2.181121006527552   } 
   potential_energy { -7.145676510858437   } 
   potential_energyvar { 1.552799447242917   } 
   nonlocal_energy { 0.2031872203501387   } 
   nonlocal_energyvar { 2.735438827422548   } 
   autocorr_energy { } 
} 

block { 
   label vmc
   totweight 87040
   nautocorr 0
   total_energy { -5.191601832155579   } 
   total_energyvar { 0.354484412208398   } 
   weight { 1   } 
   weightvar { 1.776356839400247e-15   } 
   kinetic_energy { 1.764503050575243   } 
   kinetic_energyvar { 2.13232871894249   } 
   potential_energy { -7.160205283392884   } 
   potential_energyvar { 1.536003348720939   } 
   nonlocal_energy { 0.2041004006620636   } 
   nonlocal_energyvar { 2.62995219944628   } 
   autocorr_energy { } 
} 

block { 
   label vmc
   totweight 87040
   nautocorr 0
   total_energy { -5.192029497106361   } 
   total_energyvar { 0.3988173920428353   } 
   weight { 1   } 
   weightvar { 1.776356839400247e-15   } 
   kinetic_energy { 1.740855290315463   } 
   kinetic_energyvar { 2.258607364247102   } 
   potential_energy { -7.147607825564225   } 
   potential_energyvar { 1.589340877045212   } 
   nonlocal_energy { 0.2147230381424018   } 
   nonlocal_energyvar { 2.781498689838292   } 
   autocorr_energy { } 
} 

block { 
   label vmc
   totweight 87040
   nautocorr 0
   total_energy { -5.183453233643864   } 
   total_energyvar { 4.055178642763456   } 
   weight { 1   } 
   weightvar { 1.776356839400247e-15   } 
   kinetic_energy { 1.762952961871025   } 
   kinetic_energyvar { 4.345622869700817   } 
   potential_energy { -7.154268269019227   } 
   potential_energyvar { 1.570881305868832   } 
   nonlocal_energy { 0.2078620735043371   } 
   nonlocal_energyvar { 2.863067484719137   } 
   autocorr_energy { } 
} 

block { 
   label vmc
   totweight 87040
   nautocorr 0
   total_energy { -5.189089722548747   } 
   total_energyvar { 0.41499803391461   } 
   weight { 1   } 
   weightvar { 1.776356839400247e-15   } 
   kinetic_energy { 1.750259828377268   } 
   kinetic_energyvar { 2.165833393043995   } 
   potential_energy { -7.139464627504903   } 
   potential_energyvar { 1.618867884243059   } 
   nonlocal_energy { 0.2001150765788876   } 
   nonlocal_energyvar { 2.642044060047977   } 
   autocorr_energy { } 
} 

block { 
   label vmc
   totweight 87040
   nautocorr 0
   total_energy { -5.191693171250376   } 
   total_energyvar { 0.353317264614897   } 
   weight { 1   } 
   weightvar { 1.776356839400247e-15   } 
   kinetic_energy { 1.767557292124132   } 
   kinetic_energyvar { 2.024351674409542   } 
   potential_energy { -7.156810425370997   } 
   potential_energyvar { 1.532430393886056   } 
   nonlocal_energy { 0.1975599619964876   } 
   nonlocal_energyvar { 2.544870683851959   } 
   autocorr_energy { } 
} 

block { 
   label vmc
   totweight 87040
   nautocorr 0
   total_energy { -5.191490025011797   } 
   total_energyvar { 0.3648234898020736   } 
   weight { 1   } 
   weightvar { 1.776356839400247e-15   } 
   kinetic_energy { 1.759446176185052   } 
   kinetic_energyvar { 2.200582230480737   } 
   potential_energy { -7.150082384996778   } 
   potential_energyvar { 1.555221249405631   } 
   nonlocal_energy { 0.1991461837999282   } 
   nonlocal_energyvar { 2.603872418441075   } 
   autocorr_energy { } 
} 

block { 
   label vmc
   totweight 87040
   nautocorr 0
   total_energy { -5.197168744612029   } 
   total_energyvar { 0.3535536467397611   } 
   weight { 1   } 
   weightvar { 1.776356839400247e-15   } 
   kinetic_energy { 1.748311124923251   } 
   kinetic_energyvar { 2.358262253048423   } 
   potential_energy { -7.154590464639405   } 
   potential_energyvar { 1.5527360792216   } 
   nonlocal_energy { 0.2091105951041237   } 
   nonlocal_energyvar { 2.843528847931875   } 
   autocorr_energy { } 
} 

block { 
   label vmc
   totweight 87040
   nautocorr 0
   total_energy { -5.195677680367051   } 
   total_energyvar { 0.3601431754425838   } 
   weight { 1   } 
   weightvar { 1.776356839400247e-15   } 
   kinetic_energy { 1.75775111389938   } 
   kinetic_energyvar { 2.249429105674778   } 
   potential_energy { -7.156297610890467   } 
   potential_energyvar { 1.531870890109875   } 
   nonlocal_energy { 0.2028688166240364   } 
   nonlocal_energyvar { 2.786117014166146   } 
   autocorr_energy { } 
} 

block { 
   label vmc
   totweight 87040
   nautocorr 0
   total_energy { -5.19488274892149   } 
   total_energyvar { 0.3409700698100853   } 
   weight { 1   } 
   weightvar { 1.776356839400247e-15   } 
   kinetic_energy { 1.779296219443265   } 
   kinetic_energyvar { 1.929299070245074   } 
   potential_energy { -7.15646927757876   } 
   potential_energyvar { 1.520562584070952   } 
   nonlocal_energy { 0.1822903092140052   } 
   nonlocal_energyvar { 2.4308893499475   } 
   autocorr_energy { } 
} 

block { 
   label vmc
   totweight 87040
   nautocorr 0
   total_energy { -5.192495016092285   } 
   total_energyvar { 0.3449079631019643   } 
   weight { 1   } 
   weightvar { 1.776356839400247e-15   } 
   kinetic_energy { 1.742733443384448   } 
   kinetic_energyvar { 2.257792823273352   } 
   potential_energy { -7.143992302137923   } 
   potential_energyvar { 1.546962371356442   } 
   nonlocal_energy { 0.2087638426611896   } 
   nonlocal_energyvar { 2.707060975559643   } 
   autocorr_energy { } 
} 

block { 
   label vmc
   totweight 87040
   nautocorr 0
   total_energy { -5.194387511444085   } 
   total_energyvar { 0.3355168957935447   } 
   weight { 1   } 
   weightvar { 1.776356839400247e-15   } 
   kinetic_energy { 1.75664102359681   } 
   kinetic_energyvar { 2.033946758047319   } 
   potential_energy { -7.158947264884837   } 
   potential_energyvar { 1.535558070525702   } 
   nonlocal_energy { 0.2079187298439428   } 
   nonlocal_energyvar { 2.633571024278858   } 
   autocorr_energy { } 
} 

block { 
   label vmc
   totweight 87040
   nautocorr 0
   total_energy { -5.187109790031841   } 
   total_energyvar { 2.048095402497298   } 
   weight { 1   } 
   weightvar { 1.776356839400247e-15   } 
   kinetic_energy { 1.773134195899883   } 
   kinetic_energyvar { 3.430747459052834   } 
   potential_energy { -7.154739549275885   } 
   potential_energyvar { 1.54629917356988   } 
   nonlocal_energy { 0.1944955633441614   } 
   nonlocal_energyvar { 2.61712744962087   } 
   autocorr_energy { } 
} 

block { 
   label vmc
   totweight 87040
   nautocorr 0
   total_energy { -5.192612343585505   } 
   total_energyvar { 0.3465481271843893   } 
   weight { 1   } 
   weightvar { 1.776356839400247e-15   } 
   kinetic_energy { 1.766550268937275   } 
   kinetic_energyvar { 2.163995966412883   } 
   potential_energy { -7.154387748282221   } 
   potential_energyvar { 1.525231753644673   } 
   nonlocal_energy { 0.1952251357594393   } 
   nonlocal_energyvar { 2.612565774552123   } 
   autocorr_energy { } 
} 

block { 
   label vmc
   totweight 87040
   nautocorr 0
   total_energy { -5.186833069222454   } 
   total_energyvar { 1.627631588109995   } 
   weight { 1   } 
   weightvar { 1.776356839400247e-15   } 
   kinetic_energy { 1.749797890203469   } 
   kinetic_energyvar { 3.115984275926988   } 
   potential_energy { -7.152346191317023   } 
   potential_energyvar { 1.646047576751072   } 
   nonlocal_energy { 0.2157152318911017   } 
   nonlocal_energyvar { 3.039037669325039   } 
   autocorr_energy { } 
} 

block { 
   label vmc
   totweight 87040
   nautocorr 0
   total_energy { -5.189965333533026   } 
   total_energyvar { 0.3671908388991071   } 
   weight { 1   } 
   weightvar { 1.776356839400247e-15   } 
   kinetic_energy { 1.741641116823031   } 
   kinetic_energyvar { 2.258039710326867   } 
   potential_energy { -7.148137737869773   } 
   potential_energyvar { 1.549643808494128   } 
   nonlocal_energy { 0.2165312875137161   } 
   nonlocal_energyvar { 2.926433454479257   } 
   autocorr_energy { } 
} 

block { 
   label vmc
   totweight 87040
   nautocorr 0
   total_energy { -5.190443145094356   } 
   total_energyvar { 0.347190339519674   } 
   weight { 1   } 
   weightvar { 1.776356839400247e-15   } 
   kinetic_energy { 1.762530314500564   } 
   kinetic_energyvar { 2.04457102256384   } 
   potential_energy { -7.141795894082488   } 
   potential_energyvar { 1.557243603692559   } 
   nonlocal_energy { 0.1888224344875699   } 
   nonlocal_energyvar { 2.418549136351501   } 
   autocorr_energy { } 
} 

block { 
   label vmc
   totweight 87040
   nautocorr 0
   total_energy { -5.190671059718218   } 
   total_energyvar { 0.3617666905302414   } 
   weight { 1   } 
   weightvar { 1.776356839400247e-15   } 
   kinetic_energy { 1.764537566517957   } 
   kinetic_energyvar { 2.063538298410509   } 
   potential_energy { -7.158292537375717   } 
   potential_energyvar { 1.565963890306135   } 
   nonlocal_energy { 0.2030839111395402   } 
   nonlocal_energyvar { 2.629361788290228   } 
   autocorr_energy { } 
} 

block { 
   label vmc
   totweight 87040
   nautocorr 0
   total_energy { -5.192635030834612   } 
   total_energyvar { 0.3471403927666158   } 
   weight { 1   } 
   weightvar { 1.776356839400247e-15   } 
   kinetic_energy { 1.757992054306943   } 
   kinetic_energyvar { 2.080125540818591   } 
   potential_energy { -7.145076253147734   } 
   potential_energyvar { 1.536658535226338   } 
   nonlocal_energy { 0.1944491680061798   } 
   nonlocal_energyvar { 2.594051615880977   } 
   autocorr_energy { } 
} 

block { 
   label vmc
   totweight 87040
   nautocorr 0
   total_energy { -5.193790689876336   } 
   total_energyvar { 0.6605408895448371   } 
   weight { 1   } 
   weightvar { 1.776356839400247e-15   } 
   kinetic_energy { 1.760901145926549   } 
   kinetic_energyvar { 2.430843138404083   } 
   potential_energy { -7.153439515044567   } 
   potential_energyvar { 1.539550748225621   } 
   nonlocal_energy { 0.1987476792416835   } 
   nonlocal_energyvar { 2.575534677378014   } 
   autocorr_energy { } 
} 

