#-------------------------------------------------
#VMC run: timestep 1.6 nconfig 4352 steps 30
#-------------------------------------------------


init { 
   label vmc
}
block { 
   label vmc
   totweight 130560
   nautocorr 0
   total_energy { -5.272722076046383   } 
   total_energyvar { 0.1311249248450002   } 
   weight { 1   } 
   weightvar { 1.776356839400247e-15   } 
   kinetic_energy { 1.856869590386071   } 
   kinetic_energyvar { 2.433269025215899   } 
   potential_energy { -7.368324390097213   } 
   potential_energyvar { 1.362110918402956   } 
   nonlocal_energy { 0.238732723664758   } 
   nonlocal_energyvar { 2.655410670416388   } 
   autocorr_energy { } 
} 

block { 
   label vmc
   totweight 130560
   nautocorr 0
   total_energy { -5.27115394547628   } 
   total_energyvar { 0.1268085314704752   } 
   weight { 1   } 
   weightvar { 1.776356839400247e-15   } 
   kinetic_energy { 1.870621799334613   } 
   kinetic_energyvar { 2.236480808337261   } 
   potential_energy { -7.370615811791486   } 
   potential_energyvar { 1.360151759452692   } 
   nonlocal_energy { 0.2288400669805922   } 
   nonlocal_energyvar { 2.507674785954917   } 
   autocorr_energy { } 
} 

block { 
   label vmc
   totweight 130560
   nautocorr 0
   total_energy { -5.270671874270302   } 
   total_energyvar { 0.1314449085261142   } 
   weight { 1   } 
   weightvar { 1.776356839400247e-15   } 
   kinetic_energy { 1.868471662663897   } 
   kinetic_energyvar { 2.386491628662919   } 
   potential_energy { -7.370095648620113   } 
   potential_energyvar { 1.356059605501812   } 
   nonlocal_energy { 0.2309521116859128   } 
   nonlocal_energyvar { 2.570119730985137   } 
   autocorr_energy { } 
} 

block { 
   label vmc
   totweight 130560
   nautocorr 0
   total_energy { -5.269646858148591   } 
   total_energyvar { 0.1421865465076374   } 
   weight { 1   } 
   weightvar { 1.776356839400247e-15   } 
   kinetic_energy { 1.878579240549558   } 
   kinetic_energyvar { 2.197957169762116   } 
   potential_energy { -7.37495206852662   } 
   potential_energyvar { 1.379663363206292   } 
   nonlocal_energy { 0.2267259698284729   } 
   nonlocal_energyvar { 2.420439903266908   } 
   autocorr_energy { } 
} 

block { 
   label vmc
   totweight 130560
   nautocorr 0
   total_energy { -5.271805840614901   } 
   total_energyvar { 0.1448464203112133   } 
   weight { 1   } 
   weightvar { 1.776356839400247e-15   } 
   kinetic_energy { 1.865214395891075   } 
   kinetic_energyvar { 2.484706578485916   } 
   potential_energy { -7.366780823250716   } 
   potential_energyvar { 1.366342756906319   } 
   nonlocal_energy { 0.2297605867447385   } 
   nonlocal_energyvar { 2.624191448427354   } 
   autocorr_energy { } 
} 

block { 
   label vmc
   totweight 130560
   nautocorr 0
   total_energy { -5.269867595142436   } 
   total_energyvar { 0.2616057190132106   } 
   weight { 1   } 
   weightvar { 1.776356839400247e-15   } 
   kinetic_energy { 1.866075691929541   } 
   kinetic_energyvar { 2.414914824622453   } 
   potential_energy { -7.370690580394207   } 
   potential_energyvar { 1.366651157095822   } 
   nonlocal_energy { 0.2347472933222307   } 
   nonlocal_energyvar { 2.529949945842165   } 
   autocorr_energy { } 
} 

block { 
   label vmc
   totweight 130560
   nautocorr 0
   total_energy { -5.273543996704984   } 
   total_energyvar { 0.1227040401899603   } 
   weight { 1   } 
   weightvar { 1.776356839400247e-15   } 
   kinetic_energy { 1.871683452318622   } 
   kinetic_energyvar { 2.359472764200966   } 
   potential_energy { -7.375754030709343   } 
   potential_energyvar { 1.359061941434491   } 
   nonlocal_energy { 0.2305265816857368   } 
   nonlocal_energyvar { 2.565262907978358   } 
   autocorr_energy { } 
} 

block { 
   label vmc
   totweight 130560
   nautocorr 0
   total_energy { -5.270273181269412   } 
   total_energyvar { 0.1331393041350856   } 
   weight { 1   } 
   weightvar { 1.776356839400247e-15   } 
   kinetic_energy { 1.877870678000459   } 
   kinetic_energyvar { 2.213122728761894   } 
   potential_energy { -7.375960040623944   } 
   potential_energyvar { 1.360207747898183   } 
   nonlocal_energy { 0.2278161813540719   } 
   nonlocal_energyvar { 2.486958910513436   } 
   autocorr_energy { } 
} 

block { 
   label vmc
   totweight 130560
   nautocorr 0
   total_energy { -5.271780276750456   } 
   total_energyvar { 0.1504368192922931   } 
   weight { 1   } 
   weightvar { 1.776356839400247e-15   } 
   kinetic_energy { 1.868841092346739   } 
   kinetic_energyvar { 2.352207270629719   } 
   potential_energy { -7.371926402243186   } 
   potential_energyvar { 1.36109856568476   } 
   nonlocal_energy { 0.2313050331459904   } 
   nonlocal_energyvar { 2.637643441427183   } 
   autocorr_energy { } 
} 

block { 
   label vmc
   totweight 130560
   nautocorr 0
   total_energy { -5.272676555442861   } 
   total_energyvar { 0.1357805701430244   } 
   weight { 1   } 
   weightvar { 1.776356839400247e-15   } 
   kinetic_energy { 1.870171218995411   } 
   kinetic_energyvar { 2.382461778799678   } 
   potential_energy { -7.376319674597991   } 
   potential_energyvar { 1.35766934874866   } 
   nonlocal_energy { 0.2334719001597193   } 
   nonlocal_energyvar { 2.590911837914092   } 
   autocorr_energy { } 
} 

block { 
   label vmc
   totweight 130560
   nautocorr 0
   total_energy { -5.271580407616217   } 
   total_energyvar { 0.1487353590196069   } 
   weight { 1   } 
   weightvar { 1.776356839400247e-15   } 
   kinetic_energy { 1.87764855424187   } 
   kinetic_energyvar { 2.305889093502617   } 
   potential_energy { -7.370220353755018   } 
   potential_energyvar { 1.352547920700922   } 
   nonlocal_energy { 0.2209913918969302   } 
   nonlocal_energyvar { 2.512721777829492   } 
   autocorr_energy { } 
} 

block { 
   label vmc
   totweight 130560
   nautocorr 0
   total_energy { -5.271158805441334   } 
   total_energyvar { 0.1334086397659443   } 
   weight { 1   } 
   weightvar { 1.776356839400247e-15   } 
   kinetic_energy { 1.867860779677667   } 
   kinetic_energyvar { 2.24830681188813   } 
   potential_energy { -7.368012426801438   } 
   potential_energyvar { 1.351294758363103   } 
   nonlocal_energy { 0.2289928416824365   } 
   nonlocal_energyvar { 2.51674800365747   } 
   autocorr_energy { } 
} 

block { 
   label vmc
   totweight 130560
   nautocorr 0
   total_energy { -5.269416417223321   } 
   total_energyvar { 0.1838671893208097   } 
   weight { 1   } 
   weightvar { 1.776356839400247e-15   } 
   kinetic_energy { 1.880141188610261   } 
   kinetic_energyvar { 2.315801761624211   } 
   potential_energy { -7.374479600587827   } 
   potential_energyvar { 1.356786216200972   } 
   nonlocal_energy { 0.2249219947542421   } 
   nonlocal_energyvar { 2.562308717138337   } 
   autocorr_energy { } 
} 

block { 
   label vmc
   totweight 130560
   nautocorr 0
   total_energy { -5.271874602743603   } 
   total_energyvar { 0.1369866440435909   } 
   weight { 1   } 
   weightvar { 1.776356839400247e-15   } 
   kinetic_energy { 1.86974860628418   } 
   kinetic_energyvar { 2.391762545354197   } 
   potential_energy { -7.376284721008345   } 
   potential_energyvar { 1.372283052781533   } 
   nonlocal_energy { 0.2346615119805634   } 
   nonlocal_energyvar { 2.631336957677231   } 
   autocorr_energy { } 
} 

block { 
   label vmc
   totweight 130560
   nautocorr 0
   total_energy { -5.27078307000536   } 
   total_energyvar { 0.1680000203833222   } 
   weight { 1   } 
   weightvar { 1.776356839400247e-15   } 
   kinetic_energy { 1.869879553690749   } 
   kinetic_energyvar { 2.306377114691964   } 
   potential_energy { -7.368341701806079   } 
   potential_energyvar { 1.367522848775032   } 
   nonlocal_energy { 0.2276790781099713   } 
   nonlocal_energyvar { 2.626025560297379   } 
   autocorr_energy { } 
} 

block { 
   label vmc
   totweight 130560
   nautocorr 0
   total_energy { -5.272372424420427   } 
   total_energyvar { 0.1236309304652287   } 
   weight { 1   } 
   weightvar { 1.776356839400247e-15   } 
   kinetic_energy { 1.865324481907203   } 
   kinetic_energyvar { 2.417412295838009   } 
   potential_energy { -7.371877771119814   } 
   potential_energyvar { 1.360164729208089   } 
   nonlocal_energy { 0.2341808647921828   } 
   nonlocal_energyvar { 2.673582095881946   } 
   autocorr_energy { } 
} 

block { 
   label vmc
   totweight 130560
   nautocorr 0
   total_energy { -5.272827953129021   } 
   total_energyvar { 0.1376695883971875   } 
   weight { 1   } 
   weightvar { 1.776356839400247e-15   } 
   kinetic_energy { 1.864311329176116   } 
   kinetic_energyvar { 2.438871930577821   } 
   potential_energy { -7.367031645285404   } 
   potential_energyvar { 1.35918115419643   } 
   nonlocal_energy { 0.2298923629802669   } 
   nonlocal_energyvar { 2.623269018353803   } 
   autocorr_energy { } 
} 

block { 
   label vmc
   totweight 130560
   nautocorr 0
   total_energy { -5.269880153464356   } 
   total_energyvar { 0.1190258504363313   } 
   weight { 1   } 
   weightvar { 1.776356839400247e-15   } 
   kinetic_energy { 1.875413868804577   } 
   kinetic_energyvar { 2.175508203998488   } 
   potential_energy { -7.371006369023286   } 
   potential_energyvar { 1.364946069075447   } 
   nonlocal_energy { 0.2257123467543552   } 
   nonlocal_energyvar { 2.397996919975486   } 
   autocorr_energy { } 
} 

block { 
   label vmc
   totweight 130560
   nautocorr 0
   total_energy { -5.270684752989228   } 
   total_energyvar { 0.1287311107211719   } 
   weight { 1   } 
   weightvar { 1.776356839400247e-15   } 
   kinetic_energy { 1.874465106913404   } 
   kinetic_energyvar { 2.310540182549135   } 
   potential_energy { -7.367997410087924   } 
   potential_energyvar { 1.344050470497992   } 
   nonlocal_energy { 0.2228475501852894   } 
   nonlocal_energyvar { 2.512859628580727   } 
   autocorr_energy { } 
} 

block { 
   label vmc
   totweight 130560
   nautocorr 0
   total_energy { -5.271838594781712   } 
   total_energyvar { 0.2252760473988132   } 
   weight { 1   } 
   weightvar { 1.776356839400247e-15   } 
   kinetic_energy { 1.866626069092138   } 
   kinetic_energyvar { 2.410660843052494   } 
   potential_energy { -7.367493753240478   } 
   potential_energyvar { 1.373632094111381   } 
   nonlocal_energy { 0.2290290893666272   } 
   nonlocal_energyvar { 2.580263978668362   } 
   autocorr_energy { } 
} 

