#-------------------------------------------------
#DMC run: timestep 0.005
#-------------------------------------------------


init { 
   label spin_0.005
}
block { 
   label spin_0.005
   totweight 3481600
   nautocorr 0
   total_energy { -127.414664696221   } 
   total_energyvar { 2.100485357536521   } 
   weight { 1.036723282882884   } 
   weightvar { 0.0382477098125258   } 
   kinetic_energy { 48.5053894795621   } 
   kinetic_energyvar { 130.5202634086507   } 
   potential_energy { -196.3389413408094   } 
   potential_energyvar { 356.5729826614003   } 
   nonlocal_energy { 20.41888716502627   } 
   nonlocal_energyvar { 282.1254951216744   } 
   autocorr_energy { } 
} 

block { 
   label spin_0.005
   totweight 3481600
   nautocorr 0
   total_energy { -127.3542765834042   } 
   total_energyvar { 2.122358247222394   } 
   weight { 1.009547137318558   } 
   weightvar { 0.08420535663304597   } 
   kinetic_energy { 48.78582439138447   } 
   kinetic_energyvar { 129.1186598266681   } 
   potential_energy { -196.4535729422804   } 
   potential_energyvar { 353.4509916705919   } 
   nonlocal_energy { 20.31347196749178   } 
   nonlocal_energyvar { 279.4186923115988   } 
   autocorr_energy { } 
} 

block { 
   label spin_0.005
   totweight 3481600
   nautocorr 0
   total_energy { -127.3478693346727   } 
   total_energyvar { 2.089286007485143   } 
   weight { 0.9758089792666561   } 
   weightvar { 0.09612221439822503   } 
   kinetic_energy { 49.02328214138149   } 
   kinetic_energyvar { 127.8792047720325   } 
   potential_energy { -196.7024525301659   } 
   potential_energyvar { 350.584380743538   } 
   nonlocal_energy { 20.3313010541118   } 
   nonlocal_energyvar { 276.7412462794894   } 
   autocorr_energy { } 
} 

block { 
   label spin_0.005
   totweight 3481600
   nautocorr 0
   total_energy { -127.3452324246895   } 
   total_energyvar { 2.082652300630451   } 
   weight { 0.9701452238039319   } 
   weightvar { 0.1012498415587949   } 
   kinetic_energy { 48.99346412572277   } 
   kinetic_energyvar { 126.7527269676512   } 
   potential_energy { -196.6537449815146   } 
   potential_energyvar { 350.601129493312   } 
   nonlocal_energy { 20.31504843110226   } 
   nonlocal_energyvar { 276.5159156749702   } 
   autocorr_energy { } 
} 

block { 
   label spin_0.005
   totweight 3481600
   nautocorr 0
   total_energy { -127.3466640091732   } 
   total_energyvar { 2.120399291271017   } 
   weight { 0.9753090247963404   } 
   weightvar { 0.1022309569703089   } 
   kinetic_energy { 49.08815684507542   } 
   kinetic_energyvar { 127.684372672978   } 
   potential_energy { -196.8281439511271   } 
   potential_energyvar { 353.7233005508787   } 
   nonlocal_energy { 20.3933230968785   } 
   nonlocal_energyvar { 281.0435031330879   } 
   autocorr_energy { } 
} 

block { 
   label spin_0.005
   totweight 3481600
   nautocorr 0
   total_energy { -127.3424251928291   } 
   total_energyvar { 2.170710726045856   } 
   weight { 0.9776953614405963   } 
   weightvar { 0.1012636998498531   } 
   kinetic_energy { 49.140708006424   } 
   kinetic_energyvar { 128.4421749640512   } 
   potential_energy { -196.9403474314188   } 
   potential_energyvar { 353.9318544603773   } 
   nonlocal_energy { 20.45721423216565   } 
   nonlocal_energyvar { 281.836494267751   } 
   autocorr_energy { } 
} 

block { 
   label spin_0.005
   totweight 3481600
   nautocorr 0
   total_energy { -127.3453152778354   } 
   total_energyvar { 2.149015694262126   } 
   weight { 0.9859452287480545   } 
   weightvar { 0.1012806896063978   } 
   kinetic_energy { 49.14980987777756   } 
   kinetic_energyvar { 129.6480473236478   } 
   potential_energy { -196.9395365658268   } 
   potential_energyvar { 352.7885428431829   } 
   nonlocal_energy { 20.44441141021379   } 
   nonlocal_energyvar { 280.9268249921147   } 
   autocorr_energy { } 
} 

block { 
   label spin_0.005
   totweight 3481600
   nautocorr 0
   total_energy { -127.3394648372274   } 
   total_energyvar { 2.111761604847376   } 
   weight { 0.9911891126690522   } 
   weightvar { 0.09957507423378152   } 
   kinetic_energy { 49.12857737556453   } 
   kinetic_energyvar { 127.9078412335829   } 
   potential_energy { -196.7708206158453   } 
   potential_energyvar { 351.7484464644977   } 
   nonlocal_energy { 20.30277840305338   } 
   nonlocal_energyvar { 275.339168880082   } 
   autocorr_energy { } 
} 

block { 
   label spin_0.005
   totweight 3481600
   nautocorr 0
   total_energy { -127.3415458033155   } 
   total_energyvar { 2.135661521344888   } 
   weight { 0.9937777899627198   } 
   weightvar { 0.09901369541962005   } 
   kinetic_energy { 49.0996288276585   } 
   kinetic_energyvar { 128.2269235876238   } 
   potential_energy { -196.812780617759   } 
   potential_energyvar { 351.3350665106997   } 
   nonlocal_energy { 20.37160598678501   } 
   nonlocal_energyvar { 277.7453145390344   } 
   autocorr_energy { } 
} 

#-------------------------------------------------
#DMC run: timestep 0.005
#-------------------------------------------------


init { 
   label spin_0.005
}
block { 
   label spin_0.005
   totweight 3481600
   nautocorr 0
   total_energy { -127.3407491242033   } 
   total_energyvar { 2.181236327628933   } 
   weight { 0.9939066532950351   } 
   weightvar { 0.0978182088731511   } 
   kinetic_energy { 49.0567005265687   } 
   kinetic_energyvar { 127.9566268780476   } 
   potential_energy { -196.741954620735   } 
   potential_energyvar { 353.8235384010243   } 
   nonlocal_energy { 20.34450496996305   } 
   nonlocal_energyvar { 280.0209482024244   } 
   autocorr_energy { } 
} 

block { 
   label spin_0.005
   totweight 3481600
   nautocorr 0
   total_energy { -127.3415039114131   } 
   total_energyvar { 2.122620441741863   } 
   weight { 0.9962419022338586   } 
   weightvar { 0.09848589153847177   } 
   kinetic_energy { 49.11961356844221   } 
   kinetic_energyvar { 128.0502266978777   } 
   potential_energy { -196.8382771104045   } 
   potential_energyvar { 352.7577664126437   } 
   nonlocal_energy { 20.37715963054924   } 
   nonlocal_energyvar { 279.5857463554769   } 
   autocorr_energy { } 
} 

block { 
   label spin_0.005
   totweight 3481600
   nautocorr 0
   total_energy { -127.3391754460619   } 
   total_energyvar { 2.12598535801371   } 
   weight { 0.9976958677747038   } 
   weightvar { 0.09788102252900516   } 
   kinetic_energy { 49.07648508640028   } 
   kinetic_energyvar { 128.2395512830877   } 
   potential_energy { -196.7249466640263   } 
   potential_energyvar { 351.4871151012959   } 
   nonlocal_energy { 20.30928613156413   } 
   nonlocal_energyvar { 275.9576824500546   } 
   autocorr_energy { } 
} 

