#-------------------------------------------------
#DMC run: timestep 0.005
#-------------------------------------------------


init { 
   label spin_0.005
}
block { 
   label spin_0.005
   totweight 870400
   nautocorr 0
   total_energy { -8.153269366232763   } 
   total_energyvar { 0.06182063964305191   } 
   weight { 1.003488969383077   } 
   weightvar { 0.004062448556056151   } 
   kinetic_energy { 2.654814844266507   } 
   kinetic_energyvar { 2.964515346645274   } 
   potential_energy { -11.7710575370307   } 
   potential_energyvar { 3.094631473615673   } 
   nonlocal_energy { 0.9629733265314269   } 
   nonlocal_energyvar { 4.819986011604826   } 
   autocorr_energy { } 
} 

block { 
   label spin_0.005
   totweight 870400
   nautocorr 0
   total_energy { -8.158383703768148   } 
   total_energyvar { 0.08201016364277787   } 
   weight { 1.007319332573103   } 
   weightvar { 0.01743218335554189   } 
   kinetic_energy { 2.663800890608833   } 
   kinetic_energyvar { 2.920796914431658   } 
   potential_energy { -11.7629324705267   } 
   potential_energyvar { 3.138525734378686   } 
   nonlocal_energy { 0.9407478761497198   } 
   nonlocal_energyvar { 4.699007695989855   } 
   autocorr_energy { } 
} 

block { 
   label spin_0.005
   totweight 870400
   nautocorr 0
   total_energy { -8.151172526253715   } 
   total_energyvar { 0.07280826467031318   } 
   weight { 1.00179997769074   } 
   weightvar { 0.03275909054771091   } 
   kinetic_energy { 2.661760819941895   } 
   kinetic_energyvar { 2.934413558554471   } 
   potential_energy { -11.75136187172708   } 
   potential_energyvar { 3.146395842226968   } 
   nonlocal_energy { 0.9384285255314784   } 
   nonlocal_energyvar { 4.785213288108059   } 
   autocorr_energy { } 
} 

block { 
   label spin_0.005
   totweight 870400
   nautocorr 0
   total_energy { -8.149736896085857   } 
   total_energyvar { 0.07541086657441996   } 
   weight { 0.9972106953832846   } 
   weightvar { 0.04839487638641982   } 
   kinetic_energy { 2.672875666404581   } 
   kinetic_energyvar { 2.938967802400063   } 
   potential_energy { -11.76042656555976   } 
   potential_energyvar { 3.131831307023017   } 
   nonlocal_energy { 0.9378140030693211   } 
   nonlocal_energyvar { 4.778576831023337   } 
   autocorr_energy { } 
} 

block { 
   label spin_0.005
   totweight 870400
   nautocorr 0
   total_energy { -8.150499535536266   } 
   total_energyvar { 0.07564332101244198   } 
   weight { 0.996458502292753   } 
   weightvar { 0.06148333278335327   } 
   kinetic_energy { 2.677209675591347   } 
   kinetic_energyvar { 2.855691998412953   } 
   potential_energy { -11.7801019951284   } 
   potential_energyvar { 3.134943013858442   } 
   nonlocal_energy { 0.9523927840007884   } 
   nonlocal_energyvar { 4.699760565998199   } 
   autocorr_energy { } 
} 

block { 
   label spin_0.005
   totweight 870400
   nautocorr 0
   total_energy { -8.14757665070187   } 
   total_energyvar { 0.07586557384528594   } 
   weight { 0.9957001625410605   } 
   weightvar { 0.0711464225198179   } 
   kinetic_energy { 2.684180459641486   } 
   kinetic_energyvar { 2.954992708598888   } 
   potential_energy { -11.78037289075742   } 
   potential_energyvar { 3.182836996585662   } 
   nonlocal_energy { 0.9486157804140687   } 
   nonlocal_energyvar { 4.805836420160198   } 
   autocorr_energy { } 
} 

block { 
   label spin_0.005
   totweight 870400
   nautocorr 0
   total_energy { -8.149254232451401   } 
   total_energyvar { 0.07748080385465464   } 
   weight { 0.9956561773405856   } 
   weightvar { 0.08005803332807737   } 
   kinetic_energy { 2.665985254737556   } 
   kinetic_energyvar { 2.987299148615658   } 
   potential_energy { -11.76986731171421   } 
   potential_energyvar { 3.192933439276679   } 
   nonlocal_energy { 0.9546278245252483   } 
   nonlocal_energyvar { 4.794950738763573   } 
   autocorr_energy { } 
} 

block { 
   label spin_0.005
   totweight 870400
   nautocorr 0
   total_energy { -8.150428745011814   } 
   total_energyvar { 0.07716211549547936   } 
   weight { 0.9969150916849828   } 
   weightvar { 0.08468155128601715   } 
   kinetic_energy { 2.672973877153353   } 
   kinetic_energyvar { 2.954807162548643   } 
   potential_energy { -11.78669623745438   } 
   potential_energyvar { 3.038099196555641   } 
   nonlocal_energy { 0.9632936152892155   } 
   nonlocal_energyvar { 4.809753818644356   } 
   autocorr_energy { } 
} 

block { 
   label spin_0.005
   totweight 870400
   nautocorr 0
   total_energy { -8.148984604012771   } 
   total_energyvar { 0.07889729892417374   } 
   weight { 0.9970574437108777   } 
   weightvar { 0.08810855303584218   } 
   kinetic_energy { 2.656836803926589   } 
   kinetic_energyvar { 2.890441551592115   } 
   potential_energy { -11.74468180237455   } 
   potential_energyvar { 3.111751043030332   } 
   nonlocal_energy { 0.9388603944351882   } 
   nonlocal_energyvar { 4.742908520240762   } 
   autocorr_energy { } 
} 

block { 
   label spin_0.005
   totweight 870400
   nautocorr 0
   total_energy { -8.149288778286969   } 
   total_energyvar { 0.07647672584077589   } 
   weight { 0.9968949003252676   } 
   weightvar { 0.09068061102092491   } 
   kinetic_energy { 2.693046652359662   } 
   kinetic_energyvar { 2.825512494084446   } 
   potential_energy { -11.75920472323923   } 
   potential_energyvar { 3.061918834614151   } 
   nonlocal_energy { 0.9168692925925938   } 
   nonlocal_energyvar { 4.454705829890485   } 
   autocorr_energy { } 
} 

block { 
   label spin_0.005
   totweight 870400
   nautocorr 0
   total_energy { -8.149681545398689   } 
   total_energyvar { 0.1046696826238624   } 
   weight { 0.9976884357356044   } 
   weightvar { 0.09120129330207394   } 
   kinetic_energy { 2.666583607780951   } 
   kinetic_energyvar { 2.888095063136275   } 
   potential_energy { -11.77022046200218   } 
   potential_energyvar { 3.097260589504034   } 
   nonlocal_energy { 0.953955308822541   } 
   nonlocal_energyvar { 4.638873111763575   } 
   autocorr_energy { } 
} 

block { 
   label spin_0.005
   totweight 870400
   nautocorr 0
   total_energy { -8.148133645515648   } 
   total_energyvar { 0.0796822385850903   } 
   weight { 0.998057085329445   } 
   weightvar { 0.09385435251598899   } 
   kinetic_energy { 2.659286078126688   } 
   kinetic_energyvar { 3.009052026027961   } 
   potential_energy { -11.76836035620022   } 
   potential_energyvar { 3.162304404562854   } 
   nonlocal_energy { 0.9609406325578858   } 
   nonlocal_energyvar { 4.972686673259308   } 
   autocorr_energy { } 
} 

block { 
   label spin_0.005
   totweight 870400
   nautocorr 0
   total_energy { -8.146255922061981   } 
   total_energyvar { 0.07967935986560333   } 
   weight { 0.9969705982881873   } 
   weightvar { 0.09534646691254452   } 
   kinetic_energy { 2.656940369040091   } 
   kinetic_energyvar { 2.978730946963136   } 
   potential_energy { -11.79439248595232   } 
   potential_energyvar { 3.163575551839688   } 
   nonlocal_energy { 0.9911961948502529   } 
   nonlocal_energyvar { 4.956059634469029   } 
   autocorr_energy { } 
} 

block { 
   label spin_0.005
   totweight 870400
   nautocorr 0
   total_energy { -8.147803572911842   } 
   total_energyvar { 0.0793474708429997   } 
   weight { 0.9968915874136436   } 
   weightvar { 0.09567565739021691   } 
   kinetic_energy { 2.671137215184194   } 
   kinetic_energyvar { 2.996834337813442   } 
   potential_energy { -11.78035438474841   } 
   potential_energyvar { 3.171411544798089   } 
   nonlocal_energy { 0.9614135966523796   } 
   nonlocal_energyvar { 4.933196904235646   } 
   autocorr_energy { } 
} 

block { 
   label spin_0.005
   totweight 870400
   nautocorr 0
   total_energy { -8.148788028618201   } 
   total_energyvar { 0.08064214960008441   } 
   weight { 0.9987948832668795   } 
   weightvar { 0.09700767597582367   } 
   kinetic_energy { 2.661815007889956   } 
   kinetic_energyvar { 3.011025812519478   } 
   potential_energy { -11.77700227502944   } 
   potential_energyvar { 3.112452548153329   } 
   nonlocal_energy { 0.9663992385212808   } 
   nonlocal_energyvar { 4.95905123302253   } 
   autocorr_energy { } 
} 

block { 
   label spin_0.005
   totweight 870400
   nautocorr 0
   total_energy { -8.145148313900362   } 
   total_energyvar { 0.08738455128241165   } 
   weight { 0.9975838485284014   } 
   weightvar { 0.09602217099718492   } 
   kinetic_energy { 2.684149026293081   } 
   kinetic_energyvar { 2.970223376827037   } 
   potential_energy { -11.77067302810741   } 
   potential_energyvar { 3.129270369086664   } 
   nonlocal_energy { 0.9413756879139622   } 
   nonlocal_energyvar { 4.889584149043171   } 
   autocorr_energy { } 
} 

block { 
   label spin_0.005
   totweight 870400
   nautocorr 0
   total_energy { -8.145801866085732   } 
   total_energyvar { 0.0909291773476688   } 
   weight { 0.9964381955355844   } 
   weightvar { 0.09643421487660249   } 
   kinetic_energy { 2.692952556751198   } 
   kinetic_energyvar { 2.927422100956185   } 
   potential_energy { -11.80818391665506   } 
   potential_energyvar { 3.152627358756082   } 
   nonlocal_energy { 0.9694294938181311   } 
   nonlocal_energyvar { 4.761913332435076   } 
   autocorr_energy { } 
} 

block { 
   label spin_0.005
   totweight 870400
   nautocorr 0
   total_energy { -8.146166528077726   } 
   total_energyvar { 0.08028274281261008   } 
   weight { 0.9964371842176701   } 
   weightvar { 0.09689002984284938   } 
   kinetic_energy { 2.674474324216856   } 
   kinetic_energyvar { 2.901147585080826   } 
   potential_energy { -11.78785768729183   } 
   potential_energyvar { 3.162182414949802   } 
   nonlocal_energy { 0.9672168349972442   } 
   nonlocal_energyvar { 4.839418605124593   } 
   autocorr_energy { } 
} 

block { 
   label spin_0.005
   totweight 870400
   nautocorr 0
   total_energy { -8.1442963785501   } 
   total_energyvar { 0.07753106415900424   } 
   weight { 0.9963825454432286   } 
   weightvar { 0.09881377199871853   } 
   kinetic_energy { 2.700414536763726   } 
   kinetic_energyvar { 2.976677897261236   } 
   potential_energy { -11.80758510716039   } 
   potential_energyvar { 3.135000692075358   } 
   nonlocal_energy { 0.9628741918465594   } 
   nonlocal_energyvar { 4.856392822790018   } 
   autocorr_energy { } 
} 

block { 
   label spin_0.005
   totweight 870400
   nautocorr 0
   total_energy { -8.145208645840087   } 
   total_energyvar { 0.08489468746191928   } 
   weight { 0.9965305785670219   } 
   weightvar { 0.09916278502577142   } 
   kinetic_energy { 2.680252220976128   } 
   kinetic_energyvar { 3.024612601796475   } 
   potential_energy { -11.78553311422199   } 
   potential_energyvar { 3.182259682258483   } 
   nonlocal_energy { 0.9600722474057775   } 
   nonlocal_energyvar { 4.984809222980224   } 
   autocorr_energy { } 
} 

block { 
   label spin_0.005
   totweight 870400
   nautocorr 0
   total_energy { -8.14600644002523   } 
   total_energyvar { 0.15982159787996   } 
   weight { 0.9960380645278489   } 
   weightvar { 0.09863405343463455   } 
   kinetic_energy { 2.69173390607916   } 
   kinetic_energyvar { 2.972569191942726   } 
   potential_energy { -11.76662184182771   } 
   potential_energyvar { 3.082638313509613   } 
   nonlocal_energy { 0.9288814957233185   } 
   nonlocal_energyvar { 4.72452331924039   } 
   autocorr_energy { } 
} 

block { 
   label spin_0.005
   totweight 870400
   nautocorr 0
   total_energy { -8.146277564177872   } 
   total_energyvar { 0.0850743303705869   } 
   weight { 0.9968948770331758   } 
   weightvar { 0.09949272958646643   } 
   kinetic_energy { 2.690392314525296   } 
   kinetic_energyvar { 2.914082618094878   } 
   potential_energy { -11.77595354334825   } 
   potential_energyvar { 3.062632176202783   } 
   nonlocal_energy { 0.9392836646450793   } 
   nonlocal_energyvar { 4.692665484848025   } 
   autocorr_energy { } 
} 

block { 
   label spin_0.005
   totweight 870400
   nautocorr 0
   total_energy { -8.149084117292173   } 
   total_energyvar { 0.1133336473872399   } 
   weight { 0.9982601581249955   } 
   weightvar { 0.09783516550712873   } 
   kinetic_energy { 2.66577910441179   } 
   kinetic_energyvar { 2.965364838987516   } 
   potential_energy { -11.79156174219831   } 
   potential_energyvar { 3.10535842366743   } 
   nonlocal_energy { 0.9766985204943427   } 
   nonlocal_energyvar { 4.856375672855477   } 
   autocorr_energy { } 
} 

block { 
   label spin_0.005
   totweight 870400
   nautocorr 0
   total_energy { -8.148076865588699   } 
   total_energyvar { 0.1359065746652765   } 
   weight { 0.9992208544097203   } 
   weightvar { 0.09962770814974345   } 
   kinetic_energy { 2.675029335195656   } 
   kinetic_energyvar { 3.034943152933255   } 
   potential_energy { -11.77766457342651   } 
   potential_energyvar { 3.094450444241418   } 
   nonlocal_energy { 0.9545583726421567   } 
   nonlocal_energyvar { 4.968941067235221   } 
   autocorr_energy { } 
} 

block { 
   label spin_0.005
   totweight 870400
   nautocorr 0
   total_energy { -8.145357615943205   } 
   total_energyvar { 0.08058808874063236   } 
   weight { 0.9983036254641897   } 
   weightvar { 0.1002650038592605   } 
   kinetic_energy { 2.692640803781376   } 
   kinetic_energyvar { 2.867811580382113   } 
   potential_energy { -11.76495473123456   } 
   potential_energyvar { 3.043334487682999   } 
   nonlocal_energy { 0.9269563115099824   } 
   nonlocal_energyvar { 4.65255183445253   } 
   autocorr_energy { } 
} 

block { 
   label spin_0.005
   totweight 870400
   nautocorr 0
   total_energy { -8.147200347794463   } 
   total_energyvar { 0.08799785577583834   } 
   weight { 0.9982811850831684   } 
   weightvar { 0.1013477357793896   } 
   kinetic_energy { 2.69929278358647   } 
   kinetic_energyvar { 2.902677649533802   } 
   potential_energy { -11.80873004716935   } 
   potential_energyvar { 3.12301745013295   } 
   nonlocal_energy { 0.9622369157884172   } 
   nonlocal_energyvar { 4.807318431098859   } 
   autocorr_energy { } 
} 

block { 
   label spin_0.005
   totweight 870400
   nautocorr 0
   total_energy { -8.14805298352004   } 
   total_energyvar { 0.09121644258518456   } 
   weight { 0.9987798263667232   } 
   weightvar { 0.1002297002589213   } 
   kinetic_energy { 2.690304977432064   } 
   kinetic_energyvar { 2.962086381616544   } 
   potential_energy { -11.79702811866711   } 
   potential_energyvar { 3.190090495892958   } 
   nonlocal_energy { 0.9586701577150053   } 
   nonlocal_energyvar { 5.008168955825487   } 
   autocorr_energy { } 
} 

block { 
   label spin_0.005
   totweight 870400
   nautocorr 0
   total_energy { -8.147996513967071   } 
   total_energyvar { 0.08912450055319034   } 
   weight { 0.9988491817564858   } 
   weightvar { 0.09962603516976883   } 
   kinetic_energy { 2.663648716346483   } 
   kinetic_energyvar { 2.93061887439004   } 
   potential_energy { -11.74179034325808   } 
   potential_energyvar { 3.113115510914704   } 
   nonlocal_energy { 0.9301451129445278   } 
   nonlocal_energyvar { 4.784830950125246   } 
   autocorr_energy { } 
} 

block { 
   label spin_0.005
   totweight 870400
   nautocorr 0
   total_energy { -8.14585657383085   } 
   total_energyvar { 0.07869393894613674   } 
   weight { 0.9982455737837953   } 
   weightvar { 0.0982090778262569   } 
   kinetic_energy { 2.635580892718396   } 
   kinetic_energyvar { 2.91680249490313   } 
   potential_energy { -11.72130183641965   } 
   potential_energyvar { 3.152338245372588   } 
   nonlocal_energy { 0.9398643698704071   } 
   nonlocal_energyvar { 4.791197335046208   } 
   autocorr_energy { } 
} 

block { 
   label spin_0.005
   totweight 870400
   nautocorr 0
   total_energy { -8.145841872758528   } 
   total_energyvar { 0.07081792784201381   } 
   weight { 0.9980556597386153   } 
   weightvar { 0.09786443489056372   } 
   kinetic_energy { 2.669114951213186   } 
   kinetic_energyvar { 2.839411485814281   } 
   potential_energy { -11.74362332933444   } 
   potential_energyvar { 3.098634134308543   } 
   nonlocal_energy { 0.9286665053627304   } 
   nonlocal_energyvar { 4.516185158344936   } 
   autocorr_energy { } 
} 

block { 
   label spin_0.005
   totweight 870400
   nautocorr 0
   total_energy { -8.148670297049348   } 
   total_energyvar { 0.1056692555667382   } 
   weight { 0.9985256192343673   } 
   weightvar { 0.1007760284676137   } 
   kinetic_energy { 2.640666426011583   } 
   kinetic_energyvar { 2.918916356030763   } 
   potential_energy { -11.73757659778736   } 
   potential_energyvar { 3.126752682795818   } 
   nonlocal_energy { 0.948239874726429   } 
   nonlocal_energyvar { 4.799802816626284   } 
   autocorr_energy { } 
} 

block { 
   label spin_0.005
   totweight 870400
   nautocorr 0
   total_energy { -8.151546167673564   } 
   total_energyvar { 0.0815176183413401   } 
   weight { 1.000914585185306   } 
   weightvar { 0.1019161222394561   } 
   kinetic_energy { 2.662803169660686   } 
   kinetic_energyvar { 2.900947539139429   } 
   potential_energy { -11.77988269718148   } 
   potential_energyvar { 3.10379850594532   } 
   nonlocal_energy { 0.9655333598472337   } 
   nonlocal_energyvar { 4.85754101203134   } 
   autocorr_energy { } 
} 

block { 
   label spin_0.005
   totweight 870400
   nautocorr 0
   total_energy { -8.147843010151041   } 
   total_energyvar { 0.08426395325302567   } 
   weight { 1.001261207551841   } 
   weightvar { 0.09975867536419233   } 
   kinetic_energy { 2.690002016182793   } 
   kinetic_energyvar { 2.962877880859029   } 
   potential_energy { -11.7932279026716   } 
   potential_energyvar { 3.097792079884965   } 
   nonlocal_energy { 0.9553828763377588   } 
   nonlocal_energyvar { 4.88270479390327   } 
   autocorr_energy { } 
} 

block { 
   label spin_0.005
   totweight 870400
   nautocorr 0
   total_energy { -8.149382102553748   } 
   total_energyvar { 0.08350962197685717   } 
   weight { 0.9998205480181027   } 
   weightvar { 0.101001621817286   } 
   kinetic_energy { 2.678101220465422   } 
   kinetic_energyvar { 2.972860613246648   } 
   potential_energy { -11.77998961120233   } 
   potential_energyvar { 3.141377555700787   } 
   nonlocal_energy { 0.9525062881831531   } 
   nonlocal_energyvar { 4.817622159113484   } 
   autocorr_energy { } 
} 

block { 
   label spin_0.005
   totweight 870400
   nautocorr 0
   total_energy { -8.145988174839935   } 
   total_energyvar { 0.07493563117333193   } 
   weight { 0.9996647217100522   } 
   weightvar { 0.1003953858331849   } 
   kinetic_energy { 2.658598805947459   } 
   kinetic_energyvar { 2.993877848506684   } 
   potential_energy { -11.75606364946512   } 
   potential_energyvar { 3.097706202267102   } 
   nonlocal_energy { 0.9514766686777286   } 
   nonlocal_energyvar { 4.869727014985012   } 
   autocorr_energy { } 
} 

block { 
   label spin_0.005
   totweight 870400
   nautocorr 0
   total_energy { -8.146464654009073   } 
   total_energyvar { 0.07664777881790341   } 
   weight { 0.9984054996252502   } 
   weightvar { 0.09911848873300884   } 
   kinetic_energy { 2.661925604473159   } 
   kinetic_energyvar { 2.998787203714218   } 
   potential_energy { -11.77466651531792   } 
   potential_energyvar { 3.06273328591626   } 
   nonlocal_energy { 0.966276256835683   } 
   nonlocal_energyvar { 4.996513691674742   } 
   autocorr_energy { } 
} 

block { 
   label spin_0.005
   totweight 870400
   nautocorr 0
   total_energy { -8.146538519790733   } 
   total_energyvar { 0.08404338404631487   } 
   weight { 0.9986068375120375   } 
   weightvar { 0.09930603586261158   } 
   kinetic_energy { 2.673292874637023   } 
   kinetic_energyvar { 2.970699149725657   } 
   potential_energy { -11.78510227923861   } 
   potential_energyvar { 3.038782503522856   } 
   nonlocal_energy { 0.9652708848108572   } 
   nonlocal_energyvar { 4.999258402483828   } 
   autocorr_energy { } 
} 

block { 
   label spin_0.005
   totweight 870400
   nautocorr 0
   total_energy { -8.146927597802781   } 
   total_energyvar { 0.07942375083594327   } 
   weight { 0.998137308842818   } 
   weightvar { 0.0995579737973902   } 
   kinetic_energy { 2.682155205435692   } 
   kinetic_energyvar { 2.93339755820279   } 
   potential_energy { -11.79412562846486   } 
   potential_energyvar { 3.068114929090637   } 
   nonlocal_energy { 0.965042825226385   } 
   nonlocal_energyvar { 4.898781447044364   } 
   autocorr_energy { } 
} 

block { 
   label spin_0.005
   totweight 870400
   nautocorr 0
   total_energy { -8.145559017351758   } 
   total_energyvar { 0.07823390126119573   } 
   weight { 0.9984967276906587   } 
   weightvar { 0.0975259690198874   } 
   kinetic_energy { 2.695751000188988   } 
   kinetic_energyvar { 2.897590015406511   } 
   potential_energy { -11.79065363766283   } 
   potential_energyvar { 3.130100567161703   } 
   nonlocal_energy { 0.9493436201220854   } 
   nonlocal_energyvar { 4.730996841002762   } 
   autocorr_energy { } 
} 

block { 
   label spin_0.005
   totweight 870400
   nautocorr 0
   total_energy { -8.145742064360549   } 
   total_energyvar { 0.07753732440670211   } 
   weight { 0.997621998523632   } 
   weightvar { 0.095791210039395   } 
   kinetic_energy { 2.712308489946401   } 
   kinetic_energyvar { 2.901691387765264   } 
   potential_energy { -11.80893578008891   } 
   potential_energyvar { 3.097625193358104   } 
   nonlocal_energy { 0.9508852257819572   } 
   nonlocal_energyvar { 4.690320723105351   } 
   autocorr_energy { } 
} 

block { 
   label spin_0.005
   totweight 870400
   nautocorr 0
   total_energy { -8.152691998178396   } 
   total_energyvar { 0.07526632439657831   } 
   weight { 0.9998855006323468   } 
   weightvar { 0.09275050516617081   } 
   kinetic_energy { 2.667157417159359   } 
   kinetic_energyvar { 2.948933571711378   } 
   potential_energy { -11.77881966808266   } 
   potential_energyvar { 3.174785314841917   } 
   nonlocal_energy { 0.9589702527449061   } 
   nonlocal_energyvar { 4.719418524873721   } 
   autocorr_energy { } 
} 

block { 
   label spin_0.005
   totweight 870400
   nautocorr 0
   total_energy { -8.149055324786618   } 
   total_energyvar { 0.07538166532178722   } 
   weight { 1.002000815610492   } 
   weightvar { 0.09438342562065465   } 
   kinetic_energy { 2.673426185319959   } 
   kinetic_energyvar { 2.833157806505317   } 
   potential_energy { -11.74301238748949   } 
   potential_energyvar { 3.122243468904328   } 
   nonlocal_energy { 0.9205308773829105   } 
   nonlocal_energyvar { 4.537810048852016   } 
   autocorr_energy { } 
} 

block { 
   label spin_0.005
   totweight 870400
   nautocorr 0
   total_energy { -8.148155338931515   } 
   total_energyvar { 0.08085254584711786   } 
   weight { 1.000928393930676   } 
   weightvar { 0.09699453626040296   } 
   kinetic_energy { 2.657391869485648   } 
   kinetic_energyvar { 2.919099411622544   } 
   potential_energy { -11.74841103992631   } 
   potential_energyvar { 3.078940665674453   } 
   nonlocal_energy { 0.9428638315091509   } 
   nonlocal_energyvar { 4.807180504963021   } 
   autocorr_energy { } 
} 

block { 
   label spin_0.005
   totweight 870400
   nautocorr 0
   total_energy { -8.145445887809149   } 
   total_energyvar { 0.07926810191277701   } 
   weight { 0.998908054942069   } 
   weightvar { 0.09453739948206706   } 
   kinetic_energy { 2.671082230562594   } 
   kinetic_energyvar { 2.947197549169819   } 
   potential_energy { -11.7647593060872   } 
   potential_energyvar { 3.143225869018436   } 
   nonlocal_energy { 0.9482311877154501   } 
   nonlocal_energyvar { 4.732982846918188   } 
   autocorr_energy { } 
} 

block { 
   label spin_0.005
   totweight 870400
   nautocorr 0
   total_energy { -8.148493513685303   } 
   total_energyvar { 0.0835662284614762   } 
   weight { 0.9982643269264299   } 
   weightvar { 0.09511948244778023   } 
   kinetic_energy { 2.645289916472092   } 
   kinetic_energyvar { 3.06845390557249   } 
   potential_energy { -11.76189062847585   } 
   potential_energyvar { 3.267234674745785   } 
   nonlocal_energy { 0.9681071983184533   } 
   nonlocal_energyvar { 5.108278696262834   } 
   autocorr_energy { } 
} 

block { 
   label spin_0.005
   totweight 870400
   nautocorr 0
   total_energy { -8.14528084137952   } 
   total_energyvar { 0.07211405015529013   } 
   weight { 0.9982763442198165   } 
   weightvar { 0.09536740080925871   } 
   kinetic_energy { 2.661333577545427   } 
   kinetic_energyvar { 2.840155242192309   } 
   potential_energy { -11.73109207514732   } 
   potential_energyvar { 3.152309305015862   } 
   nonlocal_energy { 0.9244776562223763   } 
   nonlocal_energyvar { 4.545068876657159   } 
   autocorr_energy { } 
} 

block { 
   label spin_0.005
   totweight 870400
   nautocorr 0
   total_energy { -8.14545727127236   } 
   total_energyvar { 0.08078532623417188   } 
   weight { 0.9979878901978615   } 
   weightvar { 0.09454249320332613   } 
   kinetic_energy { 2.654194137742548   } 
   kinetic_energyvar { 2.912209961824071   } 
   potential_energy { -11.74237234351736   } 
   potential_energyvar { 3.188841341437579   } 
   nonlocal_energy { 0.9427209345024499   } 
   nonlocal_energyvar { 4.718392734066646   } 
   autocorr_energy { } 
} 

block { 
   label spin_0.005
   totweight 870400
   nautocorr 0
   total_energy { -8.14694627632923   } 
   total_energyvar { 0.07652195625405069   } 
   weight { 0.9978621068374225   } 
   weightvar { 0.09635102728983017   } 
   kinetic_energy { 2.67234513675061   } 
   kinetic_energyvar { 2.901763486302714   } 
   potential_energy { -11.77490089722623   } 
   potential_energyvar { 3.113113502651493   } 
   nonlocal_energy { 0.9556094841463862   } 
   nonlocal_energyvar { 4.767621088669753   } 
   autocorr_energy { } 
} 

block { 
   label spin_0.005
   totweight 870400
   nautocorr 0
   total_energy { -8.149604031634153   } 
   total_energyvar { 0.08548550307720661   } 
   weight { 0.9998570111452266   } 
   weightvar { 0.09825326431972072   } 
   kinetic_energy { 2.665706370232   } 
   kinetic_energyvar { 2.922475386348026   } 
   potential_energy { -11.7645607868264   } 
   potential_energyvar { 3.139272142316159   } 
   nonlocal_energy { 0.9492503849602505   } 
   nonlocal_energyvar { 4.828828734147366   } 
   autocorr_energy { } 
} 

block { 
   label spin_0.005
   totweight 870400
   nautocorr 0
   total_energy { -8.14994198615654   } 
   total_energyvar { 0.0826711720225219   } 
   weight { 1.000355995756929   } 
   weightvar { 0.09875672935136343   } 
   kinetic_energy { 2.659168648704845   } 
   kinetic_energyvar { 3.006135214988935   } 
   potential_energy { -11.76994401042258   } 
   potential_energyvar { 3.156622090990767   } 
   nonlocal_energy { 0.9608333755611964   } 
   nonlocal_energyvar { 4.968647081428768   } 
   autocorr_energy { } 
} 

