#-------------------------------------------------
#DMC run: timestep 0.005
#-------------------------------------------------


init { 
   label spin_0.005
}
block { 
   label spin_0.005
   totweight 3276800
   nautocorr 0
   total_energy { -293.9179949764821   } 
   total_energyvar { 3.555079338564441   } 
   weight { 1.036868655214396   } 
   weightvar { 0.05609874485250257   } 
   kinetic_energy { 111.7941707183183   } 
   kinetic_energyvar { 374.112163454693   } 
   potential_energy { -446.9796402117556   } 
   potential_energyvar { 834.8976550891465   } 
   nonlocal_energy { 41.26747451695513   } 
   nonlocal_energyvar { 665.038817083285   } 
   autocorr_energy { } 
} 

block { 
   label spin_0.005
   totweight 3276800
   nautocorr 0
   total_energy { -293.9109955707603   } 
   total_energyvar { 3.638337566326574   } 
   weight { 1.037143336013698   } 
   weightvar { 0.09033134719294232   } 
   kinetic_energy { 114.3074749950385   } 
   kinetic_energyvar { 359.4256674423933   } 
   potential_energy { -450.0758545694684   } 
   potential_energyvar { 816.9523546680116   } 
   nonlocal_energy { 41.85738400366956   } 
   nonlocal_energyvar { 663.187573811283   } 
   autocorr_energy { } 
} 

block { 
   label spin_0.005
   totweight 3276800
   nautocorr 0
   total_energy { -293.9120857541947   } 
   total_energyvar { 3.807730558168284   } 
   weight { 1.011480186165765   } 
   weightvar { 0.09548297673164274   } 
   kinetic_energy { 114.5918528125177   } 
   kinetic_energyvar { 360.6655690156555   } 
   potential_energy { -450.2468092356917   } 
   potential_energyvar { 825.157716118607   } 
   nonlocal_energy { 41.74287066897938   } 
   nonlocal_energyvar { 665.2530499095104   } 
   autocorr_energy { } 
} 

block { 
   label spin_0.005
   totweight 3276800
   nautocorr 0
   total_energy { -293.9139250735419   } 
   total_energyvar { 3.577081658182395   } 
   weight { 1.002675748501717   } 
   weightvar { 0.09845266957969628   } 
   kinetic_energy { 114.7960801102571   } 
   kinetic_energyvar { 359.1809278065685   } 
   potential_energy { -450.5615356530268   } 
   potential_energyvar { 816.4890532694402   } 
   nonlocal_energy { 41.85153046922782   } 
   nonlocal_energyvar { 659.5666765504592   } 
   autocorr_energy { } 
} 

block { 
   label spin_0.005
   totweight 3276800
   nautocorr 0
   total_energy { -293.9091034517148   } 
   total_energyvar { 3.624702158701147   } 
   weight { 0.9985333888483119   } 
   weightvar { 0.09930797769313839   } 
   kinetic_energy { 114.8693047035396   } 
   kinetic_energyvar { 359.4232473370544   } 
   potential_energy { -450.5601485433149   } 
   potential_energyvar { 823.7277552563991   } 
   nonlocal_energy { 41.78174038806051   } 
   nonlocal_energyvar { 665.35656934614   } 
   autocorr_energy { } 
} 

block { 
   label spin_0.005
   totweight 3276800
   nautocorr 0
   total_energy { -293.9136820507368   } 
   total_energyvar { 3.950488950018149   } 
   weight { 0.9976444745069835   } 
   weightvar { 0.09984056734183636   } 
   kinetic_energy { 114.8516245968406   } 
   kinetic_energyvar { 359.5729161019395   } 
   potential_energy { -450.5585142219702   } 
   potential_energyvar { 818.9281154360585   } 
   nonlocal_energy { 41.79320757439271   } 
   nonlocal_energyvar { 658.9954028850988   } 
   autocorr_energy { } 
} 

block { 
   label spin_0.005
   totweight 3276800
   nautocorr 0
   total_energy { -293.9156295389982   } 
   total_energyvar { 3.5663919663322   } 
   weight { 0.9998089641895379   } 
   weightvar { 0.09974496785606686   } 
   kinetic_energy { 114.8021053197245   } 
   kinetic_energyvar { 358.6567351439787   } 
   potential_energy { -450.6589974993698   } 
   potential_energyvar { 818.88292814767   } 
   nonlocal_energy { 41.94126264064712   } 
   nonlocal_energyvar { 665.2233326119332   } 
   autocorr_energy { } 
} 

block { 
   label spin_0.005
   totweight 3276800
   nautocorr 0
   total_energy { -293.9144235195492   } 
   total_energyvar { 3.683654720084036   } 
   weight { 1.000255358548272   } 
   weightvar { 0.0980909474726343   } 
   kinetic_energy { 114.8884708044601   } 
   kinetic_energyvar { 362.0403167113908   } 
   potential_energy { -450.5945110317231   } 
   potential_energyvar { 822.5933784253289   } 
   nonlocal_energy { 41.79161670771379   } 
   nonlocal_energyvar { 663.9251115042002   } 
   autocorr_energy { } 
} 

block { 
   label spin_0.005
   totweight 3276800
   nautocorr 0
   total_energy { -293.9193436747671   } 
   total_energyvar { 3.578973086005869   } 
   weight { 1.001968113566589   } 
   weightvar { 0.09928176704911712   } 
   kinetic_energy { 114.9957535126425   } 
   kinetic_energyvar { 359.5912638503726   } 
   potential_energy { -450.8712139856511   } 
   potential_energyvar { 822.5353961868127   } 
   nonlocal_energy { 41.9561167982415   } 
   nonlocal_energyvar { 666.8919655278105   } 
   autocorr_energy { } 
} 

block { 
   label spin_0.005
   totweight 3276800
   nautocorr 0
   total_energy { -293.9118908828599   } 
   total_energyvar { 3.657837650467776   } 
   weight { 1.000701893761856   } 
   weightvar { 0.09756771314756162   } 
   kinetic_energy { 114.7969426719401   } 
   kinetic_energyvar { 360.4100824813061   } 
   potential_energy { -450.5137584673005   } 
   potential_energyvar { 822.645190519087   } 
   nonlocal_energy { 41.8049249125005   } 
   nonlocal_energyvar { 663.6769773736528   } 
   autocorr_energy { } 
} 

block { 
   label spin_0.005
   totweight 3276800
   nautocorr 0
   total_energy { -293.9170801394959   } 
   total_energyvar { 3.572709593934762   } 
   weight { 0.9998479235568208   } 
   weightvar { 0.09852315345546514   } 
   kinetic_energy { 115.0874487437002   } 
   kinetic_energyvar { 360.5888380874018   } 
   potential_energy { -450.9315304535353   } 
   potential_energyvar { 820.0000480099733   } 
   nonlocal_energy { 41.92700157033929   } 
   nonlocal_energyvar { 661.7850849649674   } 
   autocorr_energy { } 
} 

block { 
   label spin_0.005
   totweight 3276800
   nautocorr 0
   total_energy { -293.9137367894207   } 
   total_energyvar { 3.686436892981224   } 
   weight { 0.9986908574070003   } 
   weightvar { 0.09850626563418118   } 
   kinetic_energy { 114.9915284303475   } 
   kinetic_energyvar { 358.3667609272619   } 
   potential_energy { -450.8658495286118   } 
   potential_energyvar { 815.6788349873599   } 
   nonlocal_energy { 41.96058430884347   } 
   nonlocal_energyvar { 664.4714364669569   } 
   autocorr_energy { } 
} 

block { 
   label spin_0.005
   totweight 3276800
   nautocorr 0
   total_energy { -293.917396807342   } 
   total_energyvar { 3.694402732620977   } 
   weight { 0.9999308856475673   } 
   weightvar { 0.09857928278492648   } 
   kinetic_energy { 114.7979535258306   } 
   kinetic_energyvar { 360.1756207760583   } 
   potential_energy { -450.5908157473999   } 
   potential_energyvar { 817.9527340864098   } 
   nonlocal_energy { 41.87546541422732   } 
   nonlocal_energyvar { 666.473148893272   } 
   autocorr_energy { } 
} 

block { 
   label spin_0.005
   totweight 3276800
   nautocorr 0
   total_energy { -293.9181075381468   } 
   total_energyvar { 3.61363513169399   } 
   weight { 1.000523557463774   } 
   weightvar { 0.09847555283194009   } 
   kinetic_energy { 114.8920997678036   } 
   kinetic_energyvar { 358.4243912280296   } 
   potential_energy { -450.6675653759107   } 
   potential_energyvar { 820.5758178311447   } 
   nonlocal_energy { 41.85735806996031   } 
   nonlocal_energyvar { 662.6742538728222   } 
   autocorr_energy { } 
} 

block { 
   label spin_0.005
   totweight 3276800
   nautocorr 0
   total_energy { -293.9197484469083   } 
   total_energyvar { 3.619853851265677   } 
   weight { 1.001752038179279   } 
   weightvar { 0.09814983390270235   } 
   kinetic_energy { 114.8464285838898   } 
   kinetic_energyvar { 359.0399760237764   } 
   potential_energy { -450.6533292054142   } 
   potential_energyvar { 819.0701164014979   } 
   nonlocal_energy { 41.88715217461611   } 
   nonlocal_energyvar { 663.3223383680048   } 
   autocorr_energy { } 
} 

block { 
   label spin_0.005
   totweight 3276800
   nautocorr 0
   total_energy { -293.9128191204817   } 
   total_energyvar { 3.625716828997494   } 
   weight { 0.9997693652537316   } 
   weightvar { 0.09859746216600893   } 
   kinetic_energy { 114.9451413916293   } 
   kinetic_energyvar { 359.5260416025831   } 
   potential_energy { -450.7350313577522   } 
   potential_energyvar { 821.6117097226178   } 
   nonlocal_energy { 41.87707084564115   } 
   nonlocal_energyvar { 664.9091446945498   } 
   autocorr_energy { } 
} 

block { 
   label spin_0.005
   totweight 3276800
   nautocorr 0
   total_energy { -293.9250354147283   } 
   total_energyvar { 3.61176513833469   } 
   weight { 1.002251692124644   } 
   weightvar { 0.09917393282844771   } 
   kinetic_energy { 114.8592371555092   } 
   kinetic_energyvar { 363.1314920794698   } 
   potential_energy { -450.6623798996878   } 
   potential_energyvar { 828.9616286201739   } 
   nonlocal_energy { 41.87810732945021   } 
   nonlocal_energyvar { 667.4006747638772   } 
   autocorr_energy { } 
} 

block { 
   label spin_0.005
   totweight 3276800
   nautocorr 0
   total_energy { -293.919255723245   } 
   total_energyvar { 3.727166926669364   } 
   weight { 1.003899151073553   } 
   weightvar { 0.09821232219133064   } 
   kinetic_energy { 114.8597734012989   } 
   kinetic_energyvar { 359.8003177821453   } 
   potential_energy { -450.592943937623   } 
   potential_energyvar { 822.0009717954077   } 
   nonlocal_energy { 41.81391481307914   } 
   nonlocal_energyvar { 663.2428582340947   } 
   autocorr_energy { } 
} 

block { 
   label spin_0.005
   totweight 3276800
   nautocorr 0
   total_energy { -293.9143997739318   } 
   total_energyvar { 3.595999837875052   } 
   weight { 1.00185530358925   } 
   weightvar { 0.09776485595336755   } 
   kinetic_energy { 114.8666668880836   } 
   kinetic_energyvar { 360.30862333466   } 
   potential_energy { -450.6722855893946   } 
   potential_energyvar { 819.1646565515166   } 
   nonlocal_energy { 41.89121892737932   } 
   nonlocal_energyvar { 663.465531893949   } 
   autocorr_energy { } 
} 

block { 
   label spin_0.005
   totweight 3276800
   nautocorr 0
   total_energy { -293.9180954137984   } 
   total_energyvar { 3.555819860389581   } 
   weight { 0.9996128272366033   } 
   weightvar { 0.09768125013080969   } 
   kinetic_energy { 114.8983985897954   } 
   kinetic_energyvar { 358.4533655964553   } 
   potential_energy { -450.6364046037921   } 
   potential_energyvar { 812.6986279698284   } 
   nonlocal_energy { 41.81991060019831   } 
   nonlocal_energyvar { 660.1267013983237   } 
   autocorr_energy { } 
} 

block { 
   label spin_0.005
   totweight 3276800
   nautocorr 0
   total_energy { -293.9112210193182   } 
   total_energyvar { 4.999707164144171   } 
   weight { 0.998088132749968   } 
   weightvar { 0.09920573816972827   } 
   kinetic_energy { 114.9526760660772   } 
   kinetic_energyvar { 360.5411118423078   } 
   potential_energy { -450.7234851596159   } 
   potential_energyvar { 820.4808977597023   } 
   nonlocal_energy { 41.85958807422053   } 
   nonlocal_energyvar { 665.4496044467392   } 
   autocorr_energy { } 
} 

