#-------------------------------------------------
#DMC run: timestep 0.001
#-------------------------------------------------


init { 
   label spin_0.005
}
block { 
   label spin_0.005
   totweight 819200
   nautocorr 0
   total_energy { -67.48375033931674   } 
   total_energyvar { 0.5148105214537751   } 
   weight { 0.982599745461073   } 
   weightvar { 0.002207753003699067   } 
   kinetic_energy { 23.40342336651949   } 
   kinetic_energyvar { 57.90013868002543   } 
   potential_energy { -102.2595213349367   } 
   potential_energyvar { 121.76844845588   } 
   nonlocal_energy { 11.37234762910044   } 
   nonlocal_energyvar { 127.7922779243922   } 
   autocorr_energy { } 
} 

block { 
   label spin_0.005
   totweight 819200
   nautocorr 0
   total_energy { -67.50254463632471   } 
   total_energyvar { 0.4334684848445078   } 
   weight { 0.9719568061826965   } 
   weightvar { 0.008092853106910911   } 
   kinetic_energy { 23.53883043749158   } 
   kinetic_energyvar { 53.5633488133053   } 
   potential_energy { -101.4377006493852   } 
   potential_energyvar { 117.7118348768183   } 
   nonlocal_energy { 10.39632557556896   } 
   nonlocal_energyvar { 111.2457053763556   } 
   autocorr_energy { } 
} 

block { 
   label spin_0.005
   totweight 819200
   nautocorr 0
   total_energy { -67.51032858554174   } 
   total_energyvar { 0.4373136130904492   } 
   weight { 0.9803301332239474   } 
   weightvar { 0.01497871432559804   } 
   kinetic_energy { 23.73468007692101   } 
   kinetic_energyvar { 52.90625419114819   } 
   potential_energy { -101.6614399386383   } 
   potential_energyvar { 118.3146697003745   } 
   nonlocal_energy { 10.4164312761755   } 
   nonlocal_energyvar { 110.5482048957928   } 
   autocorr_energy { } 
} 

block { 
   label spin_0.005
   totweight 819200
   nautocorr 0
   total_energy { -67.50810787523254   } 
   total_energyvar { 0.4299156777824018   } 
   weight { 0.9860647137806824   } 
   weightvar { 0.0223618938397461   } 
   kinetic_energy { 23.84667233033046   } 
   kinetic_energyvar { 52.53366138855861   } 
   potential_energy { -101.7901248113202   } 
   potential_energyvar { 115.4457139433134   } 
   nonlocal_energy { 10.43534460575721   } 
   nonlocal_energyvar { 109.0680626037736   } 
   autocorr_energy { } 
} 

block { 
   label spin_0.005
   totweight 819200
   nautocorr 0
   total_energy { -67.50210987953504   } 
   total_energyvar { 0.4400020924329615   } 
   weight { 0.9891563135953728   } 
   weightvar { 0.03005089510853895   } 
   kinetic_energy { 24.02737991721046   } 
   kinetic_energyvar { 52.03846655003918   } 
   potential_energy { -101.942214361376   } 
   potential_energyvar { 113.8795016298216   } 
   nonlocal_energy { 10.41272456463052   } 
   nonlocal_energyvar { 110.1469348584851   } 
   autocorr_energy { } 
} 

block { 
   label spin_0.005
   totweight 819200
   nautocorr 0
   total_energy { -67.50118040673327   } 
   total_energyvar { 0.4297000752010672   } 
   weight { 0.9910178506151196   } 
   weightvar { 0.03750357098775264   } 
   kinetic_energy { 24.14971720430056   } 
   kinetic_energyvar { 52.9953999159785   } 
   potential_energy { -102.2333696316079   } 
   potential_energyvar { 116.6321742781814   } 
   nonlocal_energy { 10.58247202057411   } 
   nonlocal_energyvar { 112.3605062022658   } 
   autocorr_energy { } 
} 

block { 
   label spin_0.005
   totweight 819200
   nautocorr 0
   total_energy { -67.49506597990603   } 
   total_energyvar { 0.4588044506839601   } 
   weight { 0.9918010184313624   } 
   weightvar { 0.04498899372940478   } 
   kinetic_energy { 24.20518006405614   } 
   kinetic_energyvar { 54.83618938164101   } 
   potential_energy { -102.2826557361364   } 
   potential_energyvar { 116.1697480387308   } 
   nonlocal_energy { 10.58240969217427   } 
   nonlocal_energyvar { 110.9520016463205   } 
   autocorr_energy { } 
} 

block { 
   label spin_0.005
   totweight 819200
   nautocorr 0
   total_energy { -67.49668123600509   } 
   total_energyvar { 0.4472075017378661   } 
   weight { 0.9919839386550158   } 
   weightvar { 0.05116904687605917   } 
   kinetic_energy { 24.21318116956017   } 
   kinetic_energyvar { 53.3376650877595   } 
   potential_energy { -102.1170526079051   } 
   potential_energyvar { 117.7067570184149   } 
   nonlocal_energy { 10.40719020233989   } 
   nonlocal_energyvar { 107.6988340296102   } 
   autocorr_energy { } 
} 

block { 
   label spin_0.005
   totweight 819200
   nautocorr 0
   total_energy { -67.49563624564892   } 
   total_energyvar { 0.425337627825197   } 
   weight { 0.9917805721866746   } 
   weightvar { 0.05596775420901301   } 
   kinetic_energy { 24.23883246085114   } 
   kinetic_energyvar { 53.79146064477132   } 
   potential_energy { -102.1835490380285   } 
   potential_energyvar { 115.6858193274894   } 
   nonlocal_energy { 10.44908033152847   } 
   nonlocal_energyvar { 108.8241414659168   } 
   autocorr_energy { } 
} 

block { 
   label spin_0.005
   totweight 819200
   nautocorr 0
   total_energy { -67.50479892852954   } 
   total_energyvar { 0.4646986357915772   } 
   weight { 0.9930099306677584   } 
   weightvar { 0.06153927228037087   } 
   kinetic_energy { 24.24726948174024   } 
   kinetic_energyvar { 52.25449572320576   } 
   potential_energy { -102.3209970032697   } 
   potential_energyvar { 117.4500409571643   } 
   nonlocal_energy { 10.56892859299987   } 
   nonlocal_energyvar { 108.7999138584346   } 
   autocorr_energy { } 
} 

block { 
   label spin_0.005
   totweight 819200
   nautocorr 0
   total_energy { -67.49901342226363   } 
   total_energyvar { 0.4464142508105148   } 
   weight { 0.9947389211089961   } 
   weightvar { 0.06741872821213321   } 
   kinetic_energy { 24.091550440385   } 
   kinetic_energyvar { 53.98093590569874   } 
   potential_energy { -102.1098818435017   } 
   potential_energyvar { 118.0661359811952   } 
   nonlocal_energy { 10.51931798085303   } 
   nonlocal_energyvar { 110.7006151828331   } 
   autocorr_energy { } 
} 

block { 
   label spin_0.005
   totweight 819200
   nautocorr 0
   total_energy { -67.49641067605837   } 
   total_energyvar { 0.481704159715972   } 
   weight { 0.9948747141741978   } 
   weightvar { 0.07133071905664976   } 
   kinetic_energy { 24.12628584950722   } 
   kinetic_energyvar { 52.67637514097328   } 
   potential_energy { -102.1345470030812   } 
   potential_energyvar { 117.3137454722333   } 
   nonlocal_energy { 10.51185047751561   } 
   nonlocal_energyvar { 109.4025202148181   } 
   autocorr_energy { } 
} 

block { 
   label spin_0.005
   totweight 819200
   nautocorr 0
   total_energy { -67.48580874009282   } 
   total_energyvar { 0.4584475448336156   } 
   weight { 0.993468905874638   } 
   weightvar { 0.07296335864154399   } 
   kinetic_energy { 24.15380154461387   } 
   kinetic_energyvar { 54.15929749896839   } 
   potential_energy { -102.2528060646128   } 
   potential_energyvar { 119.9201571471192   } 
   nonlocal_energy { 10.61319577990608   } 
   nonlocal_energyvar { 113.107434479261   } 
   autocorr_energy { } 
} 

block { 
   label spin_0.005
   totweight 819200
   nautocorr 0
   total_energy { -67.49456995760629   } 
   total_energyvar { 0.4600478648419934   } 
   weight { 0.9929233511666797   } 
   weightvar { 0.07429006707362838   } 
   kinetic_energy { 24.14057089665381   } 
   kinetic_energyvar { 55.40986315934799   } 
   potential_energy { -102.3078215732369   } 
   potential_energyvar { 117.9584379532061   } 
   nonlocal_energy { 10.67268071897682   } 
   nonlocal_energyvar { 115.4644905387338   } 
   autocorr_energy { } 
} 

block { 
   label spin_0.005
   totweight 819200
   nautocorr 0
   total_energy { -67.4961198792325   } 
   total_energyvar { 0.4859209423461806   } 
   weight { 0.9936603191237762   } 
   weightvar { 0.07708508430545867   } 
   kinetic_energy { 24.28380292342969   } 
   kinetic_energyvar { 53.97648393613391   } 
   potential_energy { -102.3903837492009   } 
   potential_energyvar { 118.5194126013621   } 
   nonlocal_energy { 10.61046094653868   } 
   nonlocal_energyvar { 113.1607894812136   } 
   autocorr_energy { } 
} 

