#-------------------------------------------------
#VMC run: timestep 0.42 nconfig 3072 steps 20
#-------------------------------------------------


init { 
   label vmc
}
block { 
   label vmc
   totweight 61440
   nautocorr 0
   total_energy { -103.495505247089   } 
   total_energyvar { 11.59325041980194   } 
   weight { 1   } 
   weightvar { 0   } 
   kinetic_energy { 35.3182342207916   } 
   kinetic_energyvar { 107.9974183803279   } 
   potential_energy { -151.8458206943052   } 
   potential_energyvar { 204.6509442862137   } 
   nonlocal_energy { 13.03208122642468   } 
   nonlocal_energyvar { 192.8404563557895   } 
   autocorr_energy { } 
} 

block { 
   label vmc
   totweight 61440
   nautocorr 0
   total_energy { -103.5012223882033   } 
   total_energyvar { 12.04980333504811   } 
   weight { 1   } 
   weightvar { 0   } 
   kinetic_energy { 35.13457974033928   } 
   kinetic_energyvar { 111.8922223477782   } 
   potential_energy { -151.7311163627761   } 
   potential_energyvar { 205.8475360547668   } 
   nonlocal_energy { 13.09531423423353   } 
   nonlocal_energyvar { 198.0792078557065   } 
   autocorr_energy { } 
} 

block { 
   label vmc
   totweight 61440
   nautocorr 0
   total_energy { -103.5068480292322   } 
   total_energyvar { 11.76548031787829   } 
   weight { 1   } 
   weightvar { 0   } 
   kinetic_energy { 35.11780167093996   } 
   kinetic_energyvar { 114.1755365381769   } 
   potential_energy { -151.8566947780488   } 
   potential_energyvar { 208.4113792867469   } 
   nonlocal_energy { 13.23204507787659   } 
   nonlocal_energyvar { 209.9322273790621   } 
   autocorr_energy { } 
} 

block { 
   label vmc
   totweight 61440
   nautocorr 0
   total_energy { -103.4958527530692   } 
   total_energyvar { 11.70554824060773   } 
   weight { 1   } 
   weightvar { 0   } 
   kinetic_energy { 35.0569270218902   } 
   kinetic_energyvar { 113.2161790295176   } 
   potential_energy { -151.8555818967124   } 
   potential_energyvar { 204.7539422339019   } 
   nonlocal_energy { 13.3028021217529   } 
   nonlocal_energyvar { 206.2240759995637   } 
   autocorr_energy { } 
} 

block { 
   label vmc
   totweight 61440
   nautocorr 0
   total_energy { -103.485967822303   } 
   total_energyvar { 12.00161754234009   } 
   weight { 1   } 
   weightvar { 0   } 
   kinetic_energy { 35.13895926946852   } 
   kinetic_energyvar { 112.0021436347955   } 
   potential_energy { -151.7909875916356   } 
   potential_energyvar { 205.6650915210693   } 
   nonlocal_energy { 13.16606049986406   } 
   nonlocal_energyvar { 201.5099782527138   } 
   autocorr_energy { } 
} 

block { 
   label vmc
   totweight 61440
   nautocorr 0
   total_energy { -103.5151270629069   } 
   total_energyvar { 11.56202746844031   } 
   weight { 1   } 
   weightvar { 0   } 
   kinetic_energy { 35.1029401747912   } 
   kinetic_energyvar { 114.4615786749721   } 
   potential_energy { -151.9014481346595   } 
   potential_energyvar { 208.7910594804192   } 
   nonlocal_energy { 13.28338089696133   } 
   nonlocal_energyvar { 207.4333788373193   } 
   autocorr_energy { } 
} 

block { 
   label vmc
   totweight 61440
   nautocorr 0
   total_energy { -103.5171534041656   } 
   total_energyvar { 12.49823983913951   } 
   weight { 1   } 
   weightvar { 0   } 
   kinetic_energy { 35.25885114963025   } 
   kinetic_energyvar { 109.9889808154407   } 
   potential_energy { -151.9111233962431   } 
   potential_energyvar { 204.604734352176   } 
   nonlocal_energy { 13.13511884244726   } 
   nonlocal_energyvar { 198.5359831104014   } 
   autocorr_energy { } 
} 

block { 
   label vmc
   totweight 61440
   nautocorr 0
   total_energy { -103.5352972151773   } 
   total_energyvar { 11.52077699169955   } 
   weight { 1   } 
   weightvar { 0   } 
   kinetic_energy { 35.18458442261727   } 
   kinetic_energyvar { 112.4996055335618   } 
   potential_energy { -151.8745994660403   } 
   potential_energyvar { 203.4736553650929   } 
   nonlocal_energy { 13.15471782824574   } 
   nonlocal_energyvar { 200.6218966368587   } 
   autocorr_energy { } 
} 

block { 
   label vmc
   totweight 61440
   nautocorr 0
   total_energy { -103.5044181434877   } 
   total_energyvar { 11.53505353869456   } 
   weight { 1   } 
   weightvar { 0   } 
   kinetic_energy { 35.21312986019299   } 
   kinetic_energyvar { 109.3530052461755   } 
   potential_energy { -151.8041425931985   } 
   potential_energyvar { 204.0784739065267   } 
   nonlocal_energy { 13.08659458951783   } 
   nonlocal_energyvar { 195.0417564687881   } 
   autocorr_energy { } 
} 

block { 
   label vmc
   totweight 61440
   nautocorr 0
   total_energy { -103.5024007891398   } 
   total_energyvar { 11.67958904047882   } 
   weight { 1   } 
   weightvar { 0   } 
   kinetic_energy { 35.2386779236978   } 
   kinetic_energyvar { 109.8037872359024   } 
   potential_energy { -151.8252927238244   } 
   potential_energyvar { 202.9464929266912   } 
   nonlocal_energy { 13.08421401098674   } 
   nonlocal_energyvar { 198.0464952569914   } 
   autocorr_energy { } 
} 

block { 
   label vmc
   totweight 61440
   nautocorr 0
   total_energy { -103.5012714847728   } 
   total_energyvar { 11.47680708533236   } 
   weight { 1   } 
   weightvar { 0   } 
   kinetic_energy { 35.19419167787562   } 
   kinetic_energyvar { 113.4796865471114   } 
   potential_energy { -151.8290564106249   } 
   potential_energyvar { 203.7471916620603   } 
   nonlocal_energy { 13.13359324797645   } 
   nonlocal_energyvar { 203.7382194639102   } 
   autocorr_energy { } 
} 

block { 
   label vmc
   totweight 61440
   nautocorr 0
   total_energy { -103.5129076935916   } 
   total_energyvar { 11.34158904849432   } 
   weight { 1   } 
   weightvar { 0   } 
   kinetic_energy { 35.04509975584759   } 
   kinetic_energyvar { 116.0378415102647   } 
   potential_energy { -151.8514856453004   } 
   potential_energyvar { 206.6851828063996   } 
   nonlocal_energy { 13.2934781958613   } 
   nonlocal_energyvar { 214.066153973491   } 
   autocorr_energy { } 
} 

block { 
   label vmc
   totweight 61440
   nautocorr 0
   total_energy { -103.4943985508767   } 
   total_energyvar { 11.60390524107519   } 
   weight { 1   } 
   weightvar { 0   } 
   kinetic_energy { 35.24832434328844   } 
   kinetic_energyvar { 113.6382740723224   } 
   potential_energy { -151.9440837629334   } 
   potential_energyvar { 205.7269078320279   } 
   nonlocal_energy { 13.20136086876832   } 
   nonlocal_energyvar { 202.6472364723865   } 
   autocorr_energy { } 
} 

block { 
   label vmc
   totweight 61440
   nautocorr 0
   total_energy { -103.5203969039002   } 
   total_energyvar { 11.82316422420819   } 
   weight { 1   } 
   weightvar { 0   } 
   kinetic_energy { 35.06349336002067   } 
   kinetic_energyvar { 110.4854969480061   } 
   potential_energy { -151.8417174015553   } 
   potential_energyvar { 205.5018364861716   } 
   nonlocal_energy { 13.25782713763447   } 
   nonlocal_energyvar { 203.4049757913912   } 
   autocorr_energy { } 
} 

block { 
   label vmc
   totweight 61440
   nautocorr 0
   total_energy { -103.5204916360278   } 
   total_energyvar { 11.54210440946184   } 
   weight { 1   } 
   weightvar { 0   } 
   kinetic_energy { 35.04729661736437   } 
   kinetic_energyvar { 110.6181508537614   } 
   potential_energy { -151.804960217014   } 
   potential_energyvar { 206.263241227064   } 
   nonlocal_energy { 13.23717196362184   } 
   nonlocal_energyvar { 203.9005673160549   } 
   autocorr_energy { } 
} 

block { 
   label vmc
   totweight 61440
   nautocorr 0
   total_energy { -103.4802855683803   } 
   total_energyvar { 11.78543995301497   } 
   weight { 1   } 
   weightvar { 0   } 
   kinetic_energy { 35.23723962397848   } 
   kinetic_energyvar { 112.1880757580729   } 
   potential_energy { -152.0059325126973   } 
   potential_energyvar { 206.8559565553074   } 
   nonlocal_energy { 13.28840732033848   } 
   nonlocal_energyvar { 202.3496808533057   } 
   autocorr_energy { } 
} 

block { 
   label vmc
   totweight 61440
   nautocorr 0
   total_energy { -103.5119819887806   } 
   total_energyvar { 11.18674145844596   } 
   weight { 1   } 
   weightvar { 0   } 
   kinetic_energy { 35.0867608874694   } 
   kinetic_energyvar { 110.5121527320909   } 
   potential_energy { -151.6345062273162   } 
   potential_energyvar { 203.7883887831246   } 
   nonlocal_energy { 13.03576335106616   } 
   nonlocal_energyvar { 199.5806060839863   } 
   autocorr_energy { } 
} 

block { 
   label vmc
   totweight 61440
   nautocorr 0
   total_energy { -103.5087791638394   } 
   total_energyvar { 11.78542327442192   } 
   weight { 1   } 
   weightvar { 0   } 
   kinetic_energy { 35.16438326174619   } 
   kinetic_energyvar { 115.746549807765   } 
   potential_energy { -151.8710075824759   } 
   potential_energyvar { 206.1546007756471   } 
   nonlocal_energy { 13.19784515689024   } 
   nonlocal_energyvar { 208.3426551882889   } 
   autocorr_energy { } 
} 

block { 
   label vmc
   totweight 61440
   nautocorr 0
   total_energy { -103.4785065168217   } 
   total_energyvar { 11.9959094609164   } 
   weight { 1   } 
   weightvar { 0   } 
   kinetic_energy { 35.23158747904412   } 
   kinetic_energyvar { 110.0857770744305   } 
   potential_energy { -151.8656818360424   } 
   potential_energyvar { 206.3237667020837   } 
   nonlocal_energy { 13.15558784017663   } 
   nonlocal_energyvar { 197.9862637592829   } 
   autocorr_energy { } 
} 

block { 
   label vmc
   totweight 61440
   nautocorr 0
   total_energy { -103.5219132152104   } 
   total_energyvar { 11.87159215695263   } 
   weight { 1   } 
   weightvar { 0   } 
   kinetic_energy { 35.08933657698299   } 
   kinetic_energyvar { 117.6088911292233   } 
   potential_energy { -151.9392543403928   } 
   potential_energyvar { 206.5314736523896   } 
   nonlocal_energy { 13.32800454819943   } 
   nonlocal_energyvar { 210.7307817743707   } 
   autocorr_energy { } 
} 

