#-------------------------------------------------
#VMC run: timestep 0.35 nconfig 10 steps 30
#-------------------------------------------------


#-------------------------------------------------
#VMC run: timestep 0.35 nconfig 10 steps 30
#-------------------------------------------------


#-------------------------------------------------
#VMC run: timestep 0.35 nconfig 10 steps 30
#-------------------------------------------------


#-------------------------------------------------
#VMC run: timestep 0.35 nconfig 10 steps 30
#-------------------------------------------------


init { 
   label vmc
}
init { 
   label vmc
}
init { 
   label vmc
}
init { 
   label vmc
}
block { 
   label vmc
   totweight 300
   nautocorr 0
   total_energy { -135.4125001680833   } 
   total_energyvar { 9.975554874567024   } 
   weight { 1   } 
   weightvar { 0   } 
   kinetic_energy { 47.93056554970711   } 
   kinetic_energyvar { 109.6545131873991   } 
   potential_energy { -200.0679985475139   } 
   potential_energyvar { 247.2949639321232   } 
   nonlocal_energy { 16.7249328297235   } 
   nonlocal_energyvar { 188.6081911237089   } 
   autocorr_energy { } 
} 

block { 
   label vmc
   totweight 300
   nautocorr 0
   total_energy { -135.0051464367875   } 
   total_energyvar { 11.33510982509688   } 
   weight { 1   } 
   weightvar { 0   } 
   kinetic_energy { 45.10260046809179   } 
   kinetic_energyvar { 115.3454595908322   } 
   potential_energy { -197.0284122857138   } 
   potential_energyvar { 294.2469916107657   } 
   nonlocal_energy { 16.92066538083452   } 
   nonlocal_energyvar { 271.5705654399158   } 
   autocorr_energy { } 
} 

block { 
   label vmc
   totweight 300
   nautocorr 0
   total_energy { -135.2900001413115   } 
   total_energyvar { 11.75483970918503   } 
   weight { 1   } 
   weightvar { 0   } 
   kinetic_energy { 48.27820143546318   } 
   kinetic_energyvar { 119.4278844949031   } 
   potential_energy { -200.5273094658754   } 
   potential_energyvar { 324.1841953866606   } 
   nonlocal_energy { 16.95910788910077   } 
   nonlocal_energyvar { 175.7782172280733   } 
   autocorr_energy { } 
} 

block { 
   label vmc
   totweight 300
   nautocorr 0
   total_energy { -135.01698533079   } 
   total_energyvar { 14.0888521186971   } 
   weight { 1   } 
   weightvar { 0   } 
   kinetic_energy { 45.92798284257753   } 
   kinetic_energyvar { 121.6276430147955   } 
   potential_energy { -197.9780375126982   } 
   potential_energyvar { 277.7207183423452   } 
   nonlocal_energy { 17.03306933933066   } 
   nonlocal_energyvar { 235.0781288618695   } 
   autocorr_energy { } 
} 

block { 
   label vmc
   totweight 300
   nautocorr 0
   total_energy { -135.5510905848521   } 
   total_energyvar { 7.135932730849163   } 
   weight { 1   } 
   weightvar { 0   } 
   kinetic_energy { 47.19132221474634   } 
   kinetic_energyvar { 112.8311337405885   } 
   potential_energy { -200.2006318445761   } 
   potential_energyvar { 301.198746881797   } 
   nonlocal_energy { 17.45821904497759   } 
   nonlocal_energyvar { 210.7482649796186   } 
   autocorr_energy { } 
} 

block { 
   label vmc
   totweight 300
   nautocorr 0
   total_energy { -135.1487663154759   } 
   total_energyvar { 9.377201089690061   } 
   weight { 1   } 
   weightvar { 0   } 
   kinetic_energy { 45.88652394354917   } 
   kinetic_energyvar { 122.9311269703808   } 
   potential_energy { -197.8890853465747   } 
   potential_energyvar { 290.1059623688634   } 
   nonlocal_energy { 16.85379508754956   } 
   nonlocal_energyvar { 234.1539488641166   } 
   autocorr_energy { } 
} 

block { 
   label vmc
   totweight 300
   nautocorr 0
   total_energy { -135.1226448318216   } 
   total_energyvar { 8.910285923462652   } 
   weight { 1   } 
   weightvar { 0   } 
   kinetic_energy { 45.18362582644566   } 
   kinetic_energyvar { 114.6822669712521   } 
   potential_energy { -197.0371097485472   } 
   potential_energyvar { 267.6958406500198   } 
   nonlocal_energy { 16.73083909028   } 
   nonlocal_energyvar { 215.1704172653397   } 
   autocorr_energy { } 
} 

block { 
   label vmc
   totweight 300
   nautocorr 0
   total_energy { -135.0397111045885   } 
   total_energyvar { 11.29796622147114   } 
   weight { 1   } 
   weightvar { 0   } 
   kinetic_energy { 47.85750474940335   } 
   kinetic_energyvar { 100.2903937573637   } 
   potential_energy { -200.6483723868301   } 
   potential_energyvar { 284.075220056242   } 
   nonlocal_energy { 17.75115653283817   } 
   nonlocal_energyvar { 216.665089689957   } 
   autocorr_energy { } 
} 

block { 
   label vmc
   totweight 300
   nautocorr 0
   total_energy { -134.7888612662294   } 
   total_energyvar { 30.29600188053155   } 
   weight { 1   } 
   weightvar { 0   } 
   kinetic_energy { 46.00251959402345   } 
   kinetic_energyvar { 211.0758073659981   } 
   potential_energy { -199.9679529300212   } 
   potential_energyvar { 365.1960449601611   } 
   nonlocal_energy { 19.17657206976829   } 
   nonlocal_energyvar { 439.954458961853   } 
   autocorr_energy { } 
} 

block { 
   label vmc
   totweight 300
   nautocorr 0
   total_energy { -134.9732823222138   } 
   total_energyvar { 11.82699366668385   } 
   weight { 1   } 
   weightvar { 0   } 
   kinetic_energy { 45.59207480806787   } 
   kinetic_energyvar { 132.7316228589098   } 
   potential_energy { -197.4996369360362   } 
   potential_energyvar { 348.5456430482809   } 
   nonlocal_energy { 16.93427980575454   } 
   nonlocal_energyvar { 239.1639812258277   } 
   autocorr_energy { } 
} 

block { 
   label vmc
   totweight 300
   nautocorr 0
   total_energy { -135.1820910744307   } 
   total_energyvar { 15.53534868983479   } 
   weight { 1   } 
   weightvar { 0   } 
   kinetic_energy { 46.15009184275382   } 
   kinetic_energyvar { 113.4766478785987   } 
   potential_energy { -196.5663836725633   } 
   potential_energyvar { 265.1454021518148   } 
   nonlocal_energy { 15.23420075537879   } 
   nonlocal_energyvar { 171.5708430038575   } 
   autocorr_energy { } 
} 

block { 
   label vmc
   totweight 300
   nautocorr 0
   total_energy { -134.8741935221156   } 
   total_energyvar { 11.78001335515728   } 
   weight { 1   } 
   weightvar { 0   } 
   kinetic_energy { 45.11786746703556   } 
   kinetic_energyvar { 121.6702538013967   } 
   potential_energy { -197.976882497433   } 
   potential_energyvar { 299.8414825223299   } 
   nonlocal_energy { 17.9848215082818   } 
   nonlocal_energyvar { 217.7089308944257   } 
   autocorr_energy { } 
} 

block { 
   label vmc
   totweight 300
   nautocorr 0
   total_energy { -135.2497398033112   } 
   total_energyvar { 8.938633442532591   } 
   weight { 1   } 
   weightvar { 0   } 
   kinetic_energy { 45.69713627536142   } 
   kinetic_energyvar { 138.2068390860104   } 
   potential_energy { -199.5649226450494   } 
   potential_energyvar { 304.8177172605647   } 
   nonlocal_energy { 18.61804656637688   } 
   nonlocal_energyvar { 314.4447167675402   } 
   autocorr_energy { } 
} 

block { 
   label vmc
   totweight 300
   nautocorr 0
   total_energy { -134.6151699580018   } 
   total_energyvar { 35.55148941462903   } 
   weight { 1   } 
   weightvar { 0   } 
   kinetic_energy { 44.51546605411387   } 
   kinetic_energyvar { 172.2315142403361   } 
   potential_energy { -197.5379678799844   } 
   potential_energyvar { 319.251848352571   } 
   nonlocal_energy { 18.40733186786878   } 
   nonlocal_energyvar { 313.3360662204936   } 
   autocorr_energy { } 
} 

block { 
   label vmc
   totweight 300
   nautocorr 0
   total_energy { -134.9849025794821   } 
   total_energyvar { 10.67292512369022   } 
   weight { 1   } 
   weightvar { 0   } 
   kinetic_energy { 47.64327733503874   } 
   kinetic_energyvar { 148.2966411502448   } 
   potential_energy { -199.6039151190832   } 
   potential_energyvar { 349.4762569905288   } 
   nonlocal_energy { 16.97573520456237   } 
   nonlocal_energyvar { 226.0655022043978   } 
   autocorr_energy { } 
} 

block { 
   label vmc
   totweight 300
   nautocorr 0
   total_energy { -135.329035158621   } 
   total_energyvar { 8.684518600275624   } 
   weight { 1   } 
   weightvar { 0   } 
   kinetic_energy { 47.65520744111208   } 
   kinetic_energyvar { 138.6159466978297   } 
   potential_energy { -201.1466840273822   } 
   potential_energyvar { 328.8521801543247   } 
   nonlocal_energy { 18.16244142764917   } 
   nonlocal_energyvar { 262.1967780822642   } 
   autocorr_energy { } 
} 

block { 
   label vmc
   totweight 300
   nautocorr 0
   total_energy { -134.6889577336683   } 
   total_energyvar { 11.78895571309477   } 
   weight { 1   } 
   weightvar { 0   } 
   kinetic_energy { 45.12487236407693   } 
   kinetic_energyvar { 171.0019292109453   } 
   potential_energy { -198.779460710506   } 
   potential_energyvar { 273.8744105983933   } 
   nonlocal_energy { 18.96563061276084   } 
   nonlocal_energyvar { 290.9201311678306   } 
   autocorr_energy { } 
} 

block { 
   label vmc
   totweight 300
   nautocorr 0
   total_energy { -135.0352086933065   } 
   total_energyvar { 9.828167677416786   } 
   weight { 1   } 
   weightvar { 0   } 
   kinetic_energy { 42.9906325462697   } 
   kinetic_energyvar { 155.778644368306   } 
   potential_energy { -197.3252317025644   } 
   potential_energyvar { 308.8371529700962   } 
   nonlocal_energy { 19.29939046298824   } 
   nonlocal_energyvar { 386.8362457528632   } 
   autocorr_energy { } 
} 

block { 
   label vmc
   totweight 300
   nautocorr 0
   total_energy { -135.1916040605394   } 
   total_energyvar { 9.489762368761149   } 
   weight { 1   } 
   weightvar { 0   } 
   kinetic_energy { 48.62425369015787   } 
   kinetic_energyvar { 172.0086965499463   } 
   potential_energy { -203.5528271916408   } 
   potential_energyvar { 310.7593822319905   } 
   nonlocal_energy { 19.73696944094356   } 
   nonlocal_energyvar { 333.5052616840425   } 
   autocorr_energy { } 
} 

block { 
   label vmc
   totweight 300
   nautocorr 0
   total_energy { -135.2289318636736   } 
   total_energyvar { 9.627786506531265   } 
   weight { 1   } 
   weightvar { 0   } 
   kinetic_energy { 45.5627513942148   } 
   kinetic_energyvar { 154.3618535113496   } 
   potential_energy { -199.3461134582953   } 
   potential_energyvar { 275.6266615353452   } 
   nonlocal_energy { 18.55443020040698   } 
   nonlocal_energyvar { 282.1578454901614   } 
   autocorr_energy { } 
} 

block { 
   label vmc
   totweight 300
   nautocorr 0
   total_energy { -135.2272453283048   } 
   total_energyvar { 8.472231754531094   } 
   weight { 1   } 
   weightvar { 0   } 
   kinetic_energy { 45.93217966393702   } 
   kinetic_energyvar { 149.257480158265   } 
   potential_energy { -199.4844471516518   } 
   potential_energyvar { 338.9570466237346   } 
   nonlocal_energy { 18.32502215940994   } 
   nonlocal_energyvar { 344.797123889895   } 
   autocorr_energy { } 
} 

block { 
   label vmc
   totweight 300
   nautocorr 0
   total_energy { -135.3276304427681   } 
   total_energyvar { 10.24537998020605   } 
   weight { 1   } 
   weightvar { 0   } 
   kinetic_energy { 45.68348097111876   } 
   kinetic_energyvar { 150.2079349681926   } 
   potential_energy { -197.3921605337348   } 
   potential_energyvar { 294.6910712287863   } 
   nonlocal_energy { 16.38104911984799   } 
   nonlocal_energyvar { 263.2192690430437   } 
   autocorr_energy { } 
} 

block { 
   label vmc
   totweight 300
   nautocorr 0
   total_energy { -135.1887936152874   } 
   total_energyvar { 9.003070159833442   } 
   weight { 1   } 
   weightvar { 0   } 
   kinetic_energy { 46.85492928751194   } 
   kinetic_energyvar { 119.9448421621078   } 
   potential_energy { -199.7204152696973   } 
   potential_energyvar { 350.0230847198618   } 
   nonlocal_energy { 17.67669236689798   } 
   nonlocal_energyvar { 288.4340977294074   } 
   autocorr_energy { } 
} 

block { 
   label vmc
   totweight 300
   nautocorr 0
   total_energy { -135.3187218174578   } 
   total_energyvar { 10.43448302510296   } 
   weight { 1   } 
   weightvar { 0   } 
   kinetic_energy { 45.6479252260065   } 
   kinetic_energyvar { 153.1575739965419   } 
   potential_energy { -201.9095466320206   } 
   potential_energyvar { 404.5898412896277   } 
   nonlocal_energy { 20.94289958855633   } 
   nonlocal_energyvar { 354.8196634920744   } 
   autocorr_energy { } 
} 

block { 
   label vmc
   totweight 300
   nautocorr 0
   total_energy { -135.3913082724558   } 
   total_energyvar { 11.75247652151666   } 
   weight { 1   } 
   weightvar { 0   } 
   kinetic_energy { 48.20353990597465   } 
   kinetic_energyvar { 118.8876410762336   } 
   potential_energy { -200.2514647187813   } 
   potential_energyvar { 298.7996614582589   } 
   nonlocal_energy { 16.65661654035085   } 
   nonlocal_energyvar { 171.7290769745517   } 
   autocorr_energy { } 
} 

block { 
   label vmc
   totweight 300
   nautocorr 0
   total_energy { -134.8930569385149   } 
   total_energyvar { 10.98243362848734   } 
   weight { 1   } 
   weightvar { 0   } 
   kinetic_energy { 45.03996140484524   } 
   kinetic_energyvar { 168.3566712932782   } 
   potential_energy { -198.9469678996878   } 
   potential_energyvar { 331.8632955150533   } 
   nonlocal_energy { 19.01394955632773   } 
   nonlocal_energyvar { 309.4945788153402   } 
   autocorr_energy { } 
} 

block { 
   label vmc
   totweight 300
   nautocorr 0
   total_energy { -134.9942366219433   } 
   total_energyvar { 10.789009185959   } 
   weight { 1   } 
   weightvar { 0   } 
   kinetic_energy { 46.21166291241348   } 
   kinetic_energyvar { 120.2662774087485   } 
   potential_energy { -198.8241260612642   } 
   potential_energyvar { 296.7536405353749   } 
   nonlocal_energy { 17.61822652690744   } 
   nonlocal_energyvar { 224.2806431516244   } 
   autocorr_energy { } 
} 

block { 
   label vmc
   totweight 300
   nautocorr 0
   total_energy { -135.2112098669114   } 
   total_energyvar { 10.61827257116965   } 
   weight { 1   } 
   weightvar { 0   } 
   kinetic_energy { 45.06812128455509   } 
   kinetic_energyvar { 199.9731542399702   } 
   potential_energy { -200.3466360282349   } 
   potential_energyvar { 307.8096980595656   } 
   nonlocal_energy { 20.06730487676845   } 
   nonlocal_energyvar { 325.8631178005837   } 
   autocorr_energy { } 
} 

block { 
   label vmc
   totweight 300
   nautocorr 0
   total_energy { -135.1801829288108   } 
   total_energyvar { 10.74306991832418   } 
   weight { 1   } 
   weightvar { 0   } 
   kinetic_energy { 46.12081164545154   } 
   kinetic_energyvar { 111.018509801449   } 
   potential_energy { -197.014563452185   } 
   potential_energyvar { 277.9132595855481   } 
   nonlocal_energy { 15.71356887792264   } 
   nonlocal_energyvar { 243.4293461064333   } 
   autocorr_energy { } 
} 

block { 
   label vmc
   totweight 300
   nautocorr 0
   total_energy { -135.0720051660232   } 
   total_energyvar { 15.11976157054596   } 
   weight { 1   } 
   weightvar { 0   } 
   kinetic_energy { 45.92631646102718   } 
   kinetic_energyvar { 153.8869885671097   } 
   potential_energy { -201.1423194963161   } 
   potential_energyvar { 285.5780844274996   } 
   nonlocal_energy { 20.14399786926575   } 
   nonlocal_energyvar { 310.3978703001645   } 
   autocorr_energy { } 
} 

block { 
   label vmc
   totweight 300
   nautocorr 0
   total_energy { -135.0187013482342   } 
   total_energyvar { 8.928786194388522   } 
   weight { 1   } 
   weightvar { 0   } 
   kinetic_energy { 44.37517612139475   } 
   kinetic_energyvar { 137.3680665990166   } 
   potential_energy { -197.4606136646761   } 
   potential_energyvar { 339.0588200380662   } 
   nonlocal_energy { 18.06673619504716   } 
   nonlocal_energyvar { 327.8610244384432   } 
   autocorr_energy { } 
} 

block { 
   label vmc
   totweight 300
   nautocorr 0
   total_energy { -134.4515253031612   } 
   total_energyvar { 15.97647838612465   } 
   weight { 1   } 
   weightvar { 0   } 
   kinetic_energy { 48.12975221525976   } 
   kinetic_energyvar { 171.14111871045   } 
   potential_energy { -203.0642162635053   } 
   potential_energyvar { 321.497770611757   } 
   nonlocal_energy { 20.48293874508438   } 
   nonlocal_energyvar { 341.6155543565414   } 
   autocorr_energy { } 
} 

block { 
   label vmc
   totweight 300
   nautocorr 0
   total_energy { -135.2080441015517   } 
   total_energyvar { 13.48532735348272   } 
   weight { 1   } 
   weightvar { 0   } 
   kinetic_energy { 44.62904022752718   } 
   kinetic_energyvar { 163.164774022262   } 
   potential_energy { -197.9368796641047   } 
   potential_energyvar { 308.7276837180179   } 
   nonlocal_energy { 18.09979533502584   } 
   nonlocal_energyvar { 290.3748738338203   } 
   autocorr_energy { } 
} 

block { 
   label vmc
   totweight 300
   nautocorr 0
   total_energy { -135.1351707062483   } 
   total_energyvar { 11.74486656420413   } 
   weight { 1   } 
   weightvar { 0   } 
   kinetic_energy { 45.75296841232046   } 
   kinetic_energyvar { 127.9864242471058   } 
   potential_energy { -198.0073557574783   } 
   potential_energyvar { 325.3842834059105   } 
   nonlocal_energy { 17.11921663890946   } 
   nonlocal_energyvar { 207.7429484241475   } 
   autocorr_energy { } 
} 

block { 
   label vmc
   totweight 300
   nautocorr 0
   total_energy { -134.9547622927776   } 
   total_energyvar { 10.92400744028055   } 
   weight { 1   } 
   weightvar { 0   } 
   kinetic_energy { 45.27603838695237   } 
   kinetic_energyvar { 136.0056354839976   } 
   potential_energy { -200.1426504044   } 
   potential_energyvar { 298.6396660750615   } 
   nonlocal_energy { 19.91184972467002   } 
   nonlocal_energyvar { 265.1419549959765   } 
   autocorr_energy { } 
} 

block { 
   label vmc
   totweight 300
   nautocorr 0
   total_energy { -134.948903671449   } 
   total_energyvar { 11.1224839198585   } 
   weight { 1   } 
   weightvar { 0   } 
   kinetic_energy { 45.699826420703   } 
   kinetic_energyvar { 159.6158359232249   } 
   potential_energy { -196.2886974352329   } 
   potential_energyvar { 271.8767614937169   } 
   nonlocal_energy { 15.63996734308096   } 
   nonlocal_energyvar { 259.4291050928058   } 
   autocorr_energy { } 
} 

block { 
   label vmc
   totweight 300
   nautocorr 0
   total_energy { -134.8149629462675   } 
   total_energyvar { 16.49541958750706   } 
   weight { 1   } 
   weightvar { 0   } 
   kinetic_energy { 47.35197303606351   } 
   kinetic_energyvar { 121.0594170432928   } 
   potential_energy { -197.4693998170247   } 
   potential_energyvar { 300.3029091282442   } 
   nonlocal_energy { 15.30246383469375   } 
   nonlocal_energyvar { 207.2092069212044   } 
   autocorr_energy { } 
} 

block { 
   label vmc
   totweight 300
   nautocorr 0
   total_energy { -135.2752102640463   } 
   total_energyvar { 9.451382653991459   } 
   weight { 1   } 
   weightvar { 0   } 
   kinetic_energy { 45.55764344148343   } 
   kinetic_energyvar { 165.0088868632756   } 
   potential_energy { -199.787087873576   } 
   potential_energyvar { 312.4050088295407   } 
   nonlocal_energy { 18.95423416804628   } 
   nonlocal_energyvar { 357.9251235988563   } 
   autocorr_energy { } 
} 

block { 
   label vmc
   totweight 300
   nautocorr 0
   total_energy { -134.7466113355609   } 
   total_energyvar { 12.95346347021768   } 
   weight { 1   } 
   weightvar { 0   } 
   kinetic_energy { 43.9496116697896   } 
   kinetic_energyvar { 189.168941901351   } 
   potential_energy { -196.6919795480315   } 
   potential_energyvar { 346.9358409919223   } 
   nonlocal_energy { 17.99575654268098   } 
   nonlocal_energyvar { 360.8614156938862   } 
   autocorr_energy { } 
} 

block { 
   label vmc
   totweight 300
   nautocorr 0
   total_energy { -134.8557454479735   } 
   total_energyvar { 13.73108394488372   } 
   weight { 1   } 
   weightvar { 0   } 
   kinetic_energy { 47.04982612175269   } 
   kinetic_energyvar { 127.6382343702298   } 
   potential_energy { -198.5297837043191   } 
   potential_energyvar { 278.3345019782428   } 
   nonlocal_energy { 16.62421213459291   } 
   nonlocal_energyvar { 176.0993988212762   } 
   autocorr_energy { } 
} 

block { 
   label vmc
   totweight 300
   nautocorr 0
   total_energy { -134.2296775039456   } 
   total_energyvar { 146.7667878350112   } 
   weight { 1   } 
   weightvar { 0   } 
   kinetic_energy { 45.53693663108483   } 
   kinetic_energyvar { 140.2977519417327   } 
   potential_energy { -196.1933315561386   } 
   potential_energyvar { 455.0938751282665   } 
   nonlocal_energy { 16.4267174211081   } 
   nonlocal_energyvar { 241.9742549129376   } 
   autocorr_energy { } 
} 

block { 
   label vmc
   totweight 300
   nautocorr 0
   total_energy { -134.7127626274652   } 
   total_energyvar { 10.62309051629563   } 
   weight { 1   } 
   weightvar { 0   } 
   kinetic_energy { 46.11277685457962   } 
   kinetic_energyvar { 124.2716313485907   } 
   potential_energy { -198.0747581955623   } 
   potential_energyvar { 332.3558208343602   } 
   nonlocal_energy { 17.2492187135175   } 
   nonlocal_energyvar { 194.2154578183043   } 
   autocorr_energy { } 
} 

block { 
   label vmc
   totweight 300
   nautocorr 0
   total_energy { -134.7940881901677   } 
   total_energyvar { 13.15163166991988   } 
   weight { 1   } 
   weightvar { 0   } 
   kinetic_energy { 45.86120259949865   } 
   kinetic_energyvar { 129.0154231640477   } 
   potential_energy { -198.5687349114063   } 
   potential_energyvar { 289.1446294304114   } 
   nonlocal_energy { 17.91344412173985   } 
   nonlocal_energyvar { 197.8083684923764   } 
   autocorr_energy { } 
} 

block { 
   label vmc
   totweight 300
   nautocorr 0
   total_energy { -135.1380069807129   } 
   total_energyvar { 11.50013462222341   } 
   weight { 1   } 
   weightvar { 0   } 
   kinetic_energy { 43.13996419963067   } 
   kinetic_energyvar { 156.9591600985752   } 
   potential_energy { -196.7595540456172   } 
   potential_energyvar { 304.3771086395718   } 
   nonlocal_energy { 18.48158286527359   } 
   nonlocal_energyvar { 343.583230071691   } 
   autocorr_energy { } 
} 

block { 
   label vmc
   totweight 300
   nautocorr 0
   total_energy { -135.1892022217307   } 
   total_energyvar { 8.739102551164251   } 
   weight { 1   } 
   weightvar { 0   } 
   kinetic_energy { 46.43068607607616   } 
   kinetic_energyvar { 138.2900284092088   } 
   potential_energy { -196.5782109699552   } 
   potential_energyvar { 303.158603226897   } 
   nonlocal_energy { 14.95832267214831   } 
   nonlocal_energyvar { 194.5210965696207   } 
   autocorr_energy { } 
} 

block { 
   label vmc
   totweight 300
   nautocorr 0
   total_energy { -135.0700206266284   } 
   total_energyvar { 8.703903949903179   } 
   weight { 1   } 
   weightvar { 0   } 
   kinetic_energy { 46.28124049693166   } 
   kinetic_energyvar { 157.5921348745142   } 
   potential_energy { -200.4501313475583   } 
   potential_energyvar { 315.0586117465937   } 
   nonlocal_energy { 19.09887022399819   } 
   nonlocal_energyvar { 328.7370670976046   } 
   autocorr_energy { } 
} 

block { 
   label vmc
   totweight 300
   nautocorr 0
   total_energy { -134.8815344573093   } 
   total_energyvar { 13.99237269370133   } 
   weight { 1   } 
   weightvar { 0   } 
   kinetic_energy { 47.46729561014948   } 
   kinetic_energyvar { 104.9347965492698   } 
   potential_energy { -198.7460148485775   } 
   potential_energyvar { 272.9092869997912   } 
   nonlocal_energy { 16.39718478111871   } 
   nonlocal_energyvar { 154.3245742301174   } 
   autocorr_energy { } 
} 

block { 
   label vmc
   totweight 300
   nautocorr 0
   total_energy { -134.8640569577437   } 
   total_energyvar { 15.016102352507   } 
   weight { 1   } 
   weightvar { 0   } 
   kinetic_energy { 46.06302760549967   } 
   kinetic_energyvar { 122.4202548180288   } 
   potential_energy { -195.5627275911352   } 
   potential_energyvar { 267.8962236076986   } 
   nonlocal_energy { 14.63564302789185   } 
   nonlocal_energyvar { 155.3928459819769   } 
   autocorr_energy { } 
} 

block { 
   label vmc
   totweight 300
   nautocorr 0
   total_energy { -135.6351153550806   } 
   total_energyvar { 9.212302762745821   } 
   weight { 1   } 
   weightvar { 0   } 
   kinetic_energy { 47.71459928632329   } 
   kinetic_energyvar { 105.61561460235   } 
   potential_energy { -200.0460299999002   } 
   potential_energyvar { 237.213751442614   } 
   nonlocal_energy { 16.69631535849629   } 
   nonlocal_energyvar { 197.3796048660196   } 
   autocorr_energy { } 
} 

block { 
   label vmc
   totweight 300
   nautocorr 0
   total_energy { -134.8880381788941   } 
   total_energyvar { 13.77994264221707   } 
   weight { 1   } 
   weightvar { 0   } 
   kinetic_energy { 46.88879015144103   } 
   kinetic_energyvar { 130.027598399106   } 
   potential_energy { -199.9252533773472   } 
   potential_energyvar { 331.0274388664548   } 
   nonlocal_energy { 18.14842504701213   } 
   nonlocal_energyvar { 268.6437765544356   } 
   autocorr_energy { } 
} 

block { 
   label vmc
   totweight 300
   nautocorr 0
   total_energy { -134.9927583334363   } 
   total_energyvar { 12.05259011283124   } 
   weight { 1   } 
   weightvar { 0   } 
   kinetic_energy { 45.10282026032107   } 
   kinetic_energyvar { 162.5169341776814   } 
   potential_energy { -198.5118122618596   } 
   potential_energyvar { 361.6693857468999   } 
   nonlocal_energy { 18.41623366810223   } 
   nonlocal_energyvar { 327.7556018924927   } 
   autocorr_energy { } 
} 

block { 
   label vmc
   totweight 300
   nautocorr 0
   total_energy { -134.7966788306275   } 
   total_energyvar { 16.78660693425263   } 
   weight { 1   } 
   weightvar { 0   } 
   kinetic_energy { 46.39242775212364   } 
   kinetic_energyvar { 132.0703987370007   } 
   potential_energy { -198.2875304159896   } 
   potential_energyvar { 309.7962304147441   } 
   nonlocal_energy { 17.09842383323847   } 
   nonlocal_energyvar { 234.7563895245924   } 
   autocorr_energy { } 
} 

block { 
   label vmc
   totweight 300
   nautocorr 0
   total_energy { -135.0357075628345   } 
   total_energyvar { 10.3596168540389   } 
   weight { 1   } 
   weightvar { 0   } 
   kinetic_energy { 45.60159302051351   } 
   kinetic_energyvar { 118.0789852956723   } 
   potential_energy { -197.54795766161   } 
   potential_energyvar { 327.881374914461   } 
   nonlocal_energy { 16.91065707826206   } 
   nonlocal_energyvar { 276.7059375182394   } 
   autocorr_energy { } 
} 

block { 
   label vmc
   totweight 300
   nautocorr 0
   total_energy { -134.7606537757567   } 
   total_energyvar { 11.62008562231495   } 
   weight { 1   } 
   weightvar { 0   } 
   kinetic_energy { 47.57932192484018   } 
   kinetic_energyvar { 149.1963138725068   } 
   potential_energy { -202.9445378977486   } 
   potential_energyvar { 368.7557909497264   } 
   nonlocal_energy { 20.6045621971517   } 
   nonlocal_energyvar { 291.9501267110628   } 
   autocorr_energy { } 
} 

block { 
   label vmc
   totweight 300
   nautocorr 0
   total_energy { -135.2981983572703   } 
   total_energyvar { 8.793736898918723   } 
   weight { 1   } 
   weightvar { 0   } 
   kinetic_energy { 45.3289481534307   } 
   kinetic_energyvar { 124.6155219854559   } 
   potential_energy { -198.8273163169584   } 
   potential_energyvar { 279.6504067902715   } 
   nonlocal_energy { 18.20016980625746   } 
   nonlocal_energyvar { 260.6283561332236   } 
   autocorr_energy { } 
} 

block { 
   label vmc
   totweight 300
   nautocorr 0
   total_energy { -135.0324221309598   } 
   total_energyvar { 10.4492393494329   } 
   weight { 1   } 
   weightvar { 0   } 
   kinetic_energy { 47.13963366563287   } 
   kinetic_energyvar { 120.6286500500219   } 
   potential_energy { -196.9524564411835   } 
   potential_energyvar { 244.3153362323064   } 
   nonlocal_energy { 14.78040064459087   } 
   nonlocal_energyvar { 162.3841179171815   } 
   autocorr_energy { } 
} 

block { 
   label vmc
   totweight 300
   nautocorr 0
   total_energy { -135.1785980598901   } 
   total_energyvar { 10.0210426811318   } 
   weight { 1   } 
   weightvar { 0   } 
   kinetic_energy { 48.46666324583233   } 
   kinetic_energyvar { 164.0381277222368   } 
   potential_energy { -203.4469064666782   } 
   potential_energyvar { 316.0074562238078   } 
   nonlocal_energy { 19.80164516095586   } 
   nonlocal_energyvar { 288.6863603174041   } 
   autocorr_energy { } 
} 

block { 
   label vmc
   totweight 300
   nautocorr 0
   total_energy { -134.959495988283   } 
   total_energyvar { 12.37975807206021   } 
   weight { 1   } 
   weightvar { 0   } 
   kinetic_energy { 48.10302418939421   } 
   kinetic_energyvar { 106.4133574178736   } 
   potential_energy { -200.5382772354672   } 
   potential_energyvar { 312.9815723420543   } 
   nonlocal_energy { 17.47575705778999   } 
   nonlocal_energyvar { 240.8038261272673   } 
   autocorr_energy { } 
} 

block { 
   label vmc
   totweight 300
   nautocorr 0
   total_energy { -135.1393642805108   } 
   total_energyvar { 10.52750628255308   } 
   weight { 1   } 
   weightvar { 0   } 
   kinetic_energy { 44.43549705568316   } 
   kinetic_energyvar { 173.3560980539639   } 
   potential_energy { -198.279264908195   } 
   potential_energyvar { 314.2666204520065   } 
   nonlocal_energy { 18.70440357200106   } 
   nonlocal_energyvar { 334.5211331539545   } 
   autocorr_energy { } 
} 

block { 
   label vmc
   totweight 300
   nautocorr 0
   total_energy { -135.0890693432127   } 
   total_energyvar { 10.92531382766538   } 
   weight { 1   } 
   weightvar { 0   } 
   kinetic_energy { 47.99618358710274   } 
   kinetic_energyvar { 105.6844046723818   } 
   potential_energy { -199.8121524673119   } 
   potential_energyvar { 329.2654070187928   } 
   nonlocal_energy { 16.72689953699652   } 
   nonlocal_energyvar { 212.1576404982894   } 
   autocorr_energy { } 
} 

block { 
   label vmc
   totweight 300
   nautocorr 0
   total_energy { -134.966959111576   } 
   total_energyvar { 10.05315913028608   } 
   weight { 1   } 
   weightvar { 0   } 
   kinetic_energy { 46.56653879993244   } 
   kinetic_energyvar { 132.1873348806571   } 
   potential_energy { -199.5480369979855   } 
   potential_energyvar { 291.8893301755888   } 
   nonlocal_energy { 18.01453908647704   } 
   nonlocal_energyvar { 234.633961242022   } 
   autocorr_energy { } 
} 

block { 
   label vmc
   totweight 300
   nautocorr 0
   total_energy { -135.1938688306784   } 
   total_energyvar { 9.272207281603187   } 
   weight { 1   } 
   weightvar { 0   } 
   kinetic_energy { 46.02470930897339   } 
   kinetic_energyvar { 116.1335707012822   } 
   potential_energy { -197.248422017372   } 
   potential_energyvar { 317.3490647443687   } 
   nonlocal_energy { 16.02984387772022   } 
   nonlocal_energyvar { 183.6563512931054   } 
   autocorr_energy { } 
} 

block { 
   label vmc
   totweight 300
   nautocorr 0
   total_energy { -134.7959945798611   } 
   total_energyvar { 14.11430263659713   } 
   weight { 1   } 
   weightvar { 0   } 
   kinetic_energy { 45.85453407982114   } 
   kinetic_energyvar { 205.8492149111798   } 
   potential_energy { -200.9706447475179   } 
   potential_energyvar { 352.0756830737155   } 
   nonlocal_energy { 20.32011608783568   } 
   nonlocal_energyvar { 428.3323446408957   } 
   autocorr_energy { } 
} 

block { 
   label vmc
   totweight 300
   nautocorr 0
   total_energy { -134.8871789547643   } 
   total_energyvar { 12.39060146763586   } 
   weight { 1   } 
   weightvar { 0   } 
   kinetic_energy { 47.43463988490548   } 
   kinetic_energyvar { 149.7103122016088   } 
   potential_energy { -201.2680441689621   } 
   potential_energyvar { 301.4509431221522   } 
   nonlocal_energy { 18.94622532929225   } 
   nonlocal_energyvar { 286.328948126782   } 
   autocorr_energy { } 
} 

block { 
   label vmc
   totweight 300
   nautocorr 0
   total_energy { -134.7325682142871   } 
   total_energyvar { 12.87438108602146   } 
   weight { 1   } 
   weightvar { 0   } 
   kinetic_energy { 45.47871234129258   } 
   kinetic_energyvar { 170.2514769787449   } 
   potential_energy { -198.513289533319   } 
   potential_energyvar { 389.1052862121724   } 
   nonlocal_energy { 18.30200897773939   } 
   nonlocal_energyvar { 317.49765298064   } 
   autocorr_energy { } 
} 

block { 
   label vmc
   totweight 300
   nautocorr 0
   total_energy { -134.8967468606747   } 
   total_energyvar { 12.19877531598831   } 
   weight { 1   } 
   weightvar { 0   } 
   kinetic_energy { 43.77311109826403   } 
   kinetic_energyvar { 196.6443917119811   } 
   potential_energy { -198.3721520815256   } 
   potential_energyvar { 329.5018181132691   } 
   nonlocal_energy { 19.70229412258691   } 
   nonlocal_energyvar { 410.3951805035795   } 
   autocorr_energy { } 
} 

block { 
   label vmc
   totweight 300
   nautocorr 0
   total_energy { -134.7621975686411   } 
   total_energyvar { 39.75791921293057   } 
   weight { 1   } 
   weightvar { 0   } 
   kinetic_energy { 46.37584802615246   } 
   kinetic_energyvar { 165.7634449863281   } 
   potential_energy { -202.4725229354386   } 
   potential_energyvar { 373.4436540771494   } 
   nonlocal_energy { 21.33447734064508   } 
   nonlocal_energyvar { 372.1504658698327   } 
   autocorr_energy { } 
} 

block { 
   label vmc
   totweight 300
   nautocorr 0
   total_energy { -135.1786858983071   } 
   total_energyvar { 9.298814778136148   } 
   weight { 1   } 
   weightvar { 0   } 
   kinetic_energy { 46.37489825857575   } 
   kinetic_energyvar { 174.1840317852734   } 
   potential_energy { -199.5090156539298   } 
   potential_energyvar { 271.6958818616476   } 
   nonlocal_energy { 17.95543149704693   } 
   nonlocal_energyvar { 382.2689151844288   } 
   autocorr_energy { } 
} 

block { 
   label vmc
   totweight 300
   nautocorr 0
   total_energy { -134.972438602929   } 
   total_energyvar { 9.907146433470189   } 
   weight { 1   } 
   weightvar { 0   } 
   kinetic_energy { 45.94030236776941   } 
   kinetic_energyvar { 126.7322443089006   } 
   potential_energy { -199.2454695639611   } 
   potential_energyvar { 339.1252093928124   } 
   nonlocal_energy { 18.33272859326265   } 
   nonlocal_energyvar { 271.7921173061292   } 
   autocorr_energy { } 
} 

block { 
   label vmc
   totweight 300
   nautocorr 0
   total_energy { -135.2371215412962   } 
   total_energyvar { 11.2143371168786   } 
   weight { 1   } 
   weightvar { 0   } 
   kinetic_energy { 47.39312784097086   } 
   kinetic_energyvar { 155.1668429887668   } 
   potential_energy { -201.3625627947817   } 
   potential_energyvar { 332.1843867044518   } 
   nonlocal_energy { 18.73231341251466   } 
   nonlocal_energyvar { 267.5539362824633   } 
   autocorr_energy { } 
} 

block { 
   label vmc
   totweight 300
   nautocorr 0
   total_energy { -134.9597276625016   } 
   total_energyvar { 12.86951058476552   } 
   weight { 1   } 
   weightvar { 0   } 
   kinetic_energy { 46.21106938025613   } 
   kinetic_energyvar { 121.3737422397116   } 
   potential_energy { -199.0909771641651   } 
   potential_energyvar { 336.2165511288185   } 
   nonlocal_energy { 17.92018012140743   } 
   nonlocal_energyvar { 286.671904106714   } 
   autocorr_energy { } 
} 

block { 
   label vmc
   totweight 300
   nautocorr 0
   total_energy { -135.3569162195585   } 
   total_energyvar { 8.953360920331761   } 
   weight { 1   } 
   weightvar { 0   } 
   kinetic_energy { 44.92936784732892   } 
   kinetic_energyvar { 129.3435201228854   } 
   potential_energy { -197.3284258512427   } 
   potential_energyvar { 289.513709984567   } 
   nonlocal_energy { 17.04214178435527   } 
   nonlocal_energyvar { 253.2031406937666   } 
   autocorr_energy { } 
} 

block { 
   label vmc
   totweight 300
   nautocorr 0
   total_energy { -134.9924463956673   } 
   total_energyvar { 11.42445717795272   } 
   weight { 1   } 
   weightvar { 0   } 
   kinetic_energy { 46.26586255890247   } 
   kinetic_energyvar { 132.0506853889569   } 
   potential_energy { -200.371763970043   } 
   potential_energyvar { 328.732633209569   } 
   nonlocal_energy { 19.11345501547325   } 
   nonlocal_energyvar { 294.0048368462307   } 
   autocorr_energy { } 
} 

block { 
   label vmc
   totweight 300
   nautocorr 0
   total_energy { -135.4657437871656   } 
   total_energyvar { 10.18733121688274   } 
   weight { 1   } 
   weightvar { 0   } 
   kinetic_energy { 47.02030999852926   } 
   kinetic_energyvar { 155.760925334685   } 
   potential_energy { -201.9808246747681   } 
   potential_energyvar { 322.5212431841137   } 
   nonlocal_energy { 19.49477088907318   } 
   nonlocal_energyvar { 362.9488732506977   } 
   autocorr_energy { } 
} 

block { 
   label vmc
   totweight 300
   nautocorr 0
   total_energy { -134.9845322982058   } 
   total_energyvar { 11.74838856412316   } 
   weight { 1   } 
   weightvar { 0   } 
   kinetic_energy { 45.46725176877619   } 
   kinetic_energyvar { 142.3745880693518   } 
   potential_energy { -196.4301912360276   } 
   potential_energyvar { 290.9158760321734   } 
   nonlocal_energy { 15.9784071690456   } 
   nonlocal_energyvar { 238.6729889152828   } 
   autocorr_energy { } 
} 

block { 
   label vmc
   totweight 300
   nautocorr 0
   total_energy { -135.2479039714823   } 
   total_energyvar { 10.98761761643618   } 
   weight { 1   } 
   weightvar { 0   } 
   kinetic_energy { 46.60167153153318   } 
   kinetic_energyvar { 132.9752703398899   } 
   potential_energy { -197.4898289603324   } 
   potential_energyvar { 274.6971116721325   } 
   nonlocal_energy { 15.64025345731686   } 
   nonlocal_energyvar { 195.9522225301684   } 
   autocorr_energy { } 
} 

block { 
   label vmc
   totweight 300
   nautocorr 0
   total_energy { -135.1512096612281   } 
   total_energyvar { 9.047012552015076   } 
   weight { 1   } 
   weightvar { 0   } 
   kinetic_energy { 45.7234712321815   } 
   kinetic_energyvar { 139.2324110841591   } 
   potential_energy { -198.3744070156598   } 
   potential_energyvar { 335.9833407406768   } 
   nonlocal_energy { 17.49972612225025   } 
   nonlocal_energyvar { 286.1600414224562   } 
   autocorr_energy { } 
} 

block { 
   label vmc
   totweight 300
   nautocorr 0
   total_energy { -134.9660178519517   } 
   total_energyvar { 15.94843394207419   } 
   weight { 1   } 
   weightvar { 0   } 
   kinetic_energy { 45.14550824267398   } 
   kinetic_energyvar { 157.6011182155428   } 
   potential_energy { -195.5103692845434   } 
   potential_energyvar { 321.4733501973897   } 
   nonlocal_energy { 15.39884318991774   } 
   nonlocal_energyvar { 193.1141325920888   } 
   autocorr_energy { } 
} 

block { 
   label vmc
   totweight 300
   nautocorr 0
   total_energy { -134.9575817736074   } 
   total_energyvar { 12.44719735143008   } 
   weight { 1   } 
   weightvar { 0   } 
   kinetic_energy { 43.35635731799499   } 
   kinetic_energyvar { 211.5339298288175   } 
   potential_energy { -198.5375073866137   } 
   potential_energyvar { 343.9906329920705   } 
   nonlocal_energy { 20.22356829501129   } 
   nonlocal_energyvar { 419.9515777178966   } 
   autocorr_energy { } 
} 

block { 
   label vmc
   totweight 300
   nautocorr 0
   total_energy { -134.5766392883668   } 
   total_energyvar { 14.74161535238454   } 
   weight { 1   } 
   weightvar { 0   } 
   kinetic_energy { 45.7257168525139   } 
   kinetic_energyvar { 130.4948836558228   } 
   potential_energy { -198.3804719041452   } 
   potential_energyvar { 308.6763460126094   } 
   nonlocal_energy { 18.07811576326452   } 
   nonlocal_energyvar { 224.6913966870659   } 
   autocorr_energy { } 
} 

