#-------------------------------------------------
#VMC run: timestep 0.45 nconfig 2560 steps 20
#-------------------------------------------------


init { 
   label vmc
}
block { 
   label vmc
   totweight 51200
   nautocorr 0
   total_energy { -134.1570947418407   } 
   total_energyvar { 1.609846488236471   } 
   weight { 1   } 
   weightvar { 0   } 
   kinetic_energy { 48.81620778254981   } 
   kinetic_energyvar { 157.9456381711051   } 
   potential_energy { -196.4383515051451   } 
   potential_energyvar { 162.7165130059824   } 
   nonlocal_energy { 13.46504898075453   } 
   nonlocal_energyvar { 232.6031899763561   } 
   autocorr_energy { } 
} 

block { 
   label vmc
   totweight 51200
   nautocorr 0
   total_energy { -134.157030365978   } 
   total_energyvar { 1.57612007942942   } 
   weight { 1   } 
   weightvar { 0   } 
   kinetic_energy { 48.91134603654774   } 
   kinetic_energyvar { 148.2579641164565   } 
   potential_energy { -196.2602851869011   } 
   potential_energyvar { 162.1483295353916   } 
   nonlocal_energy { 13.1919087843753   } 
   nonlocal_energyvar { 220.9252475025696   } 
   autocorr_energy { } 
} 

block { 
   label vmc
   totweight 51200
   nautocorr 0
   total_energy { -134.1469765413831   } 
   total_energyvar { 1.589092008724773   } 
   weight { 1   } 
   weightvar { 0   } 
   kinetic_energy { 48.78716922628507   } 
   kinetic_energyvar { 156.409813984775   } 
   potential_energy { -196.5728445667786   } 
   potential_energyvar { 164.5257021858744   } 
   nonlocal_energy { 13.63869879911044   } 
   nonlocal_energyvar { 236.3018832399125   } 
   autocorr_energy { } 
} 

block { 
   label vmc
   totweight 51200
   nautocorr 0
   total_energy { -134.1480243431903   } 
   total_energyvar { 1.560174502634603   } 
   weight { 1   } 
   weightvar { 0   } 
   kinetic_energy { 48.83686580706389   } 
   kinetic_energyvar { 152.183731208017   } 
   potential_energy { -196.3805407680477   } 
   potential_energyvar { 165.0314906483273   } 
   nonlocal_energy { 13.39565061779349   } 
   nonlocal_energyvar { 225.6923341436842   } 
   autocorr_energy { } 
} 

block { 
   label vmc
   totweight 51200
   nautocorr 0
   total_energy { -134.1421642152095   } 
   total_energyvar { 1.560866474401886   } 
   weight { 1   } 
   weightvar { 0   } 
   kinetic_energy { 49.01121336514893   } 
   kinetic_energyvar { 149.4415132946637   } 
   potential_energy { -196.3080487776332   } 
   potential_energyvar { 162.5230425902062   } 
   nonlocal_energy { 13.15467119727475   } 
   nonlocal_energyvar { 216.8871449293861   } 
   autocorr_energy { } 
} 

block { 
   label vmc
   totweight 51200
   nautocorr 0
   total_energy { -134.1479218107067   } 
   total_energyvar { 1.868146851401651   } 
   weight { 1   } 
   weightvar { 0   } 
   kinetic_energy { 48.84151095057587   } 
   kinetic_energyvar { 153.9055596051192   } 
   potential_energy { -196.3477781766917   } 
   potential_energyvar { 163.6075443806539   } 
   nonlocal_energy { 13.35834541540905   } 
   nonlocal_energyvar { 228.7070936418041   } 
   autocorr_energy { } 
} 

block { 
   label vmc
   totweight 51200
   nautocorr 0
   total_energy { -134.1451435652404   } 
   total_energyvar { 1.586122007142096   } 
   weight { 1   } 
   weightvar { 0   } 
   kinetic_energy { 48.88739763001704   } 
   kinetic_energyvar { 152.2088669495286   } 
   potential_energy { -196.3755637117282   } 
   potential_energyvar { 163.8663315415111   } 
   nonlocal_energy { 13.34302251647068   } 
   nonlocal_energyvar { 228.2397753467924   } 
   autocorr_energy { } 
} 

block { 
   label vmc
   totweight 51200
   nautocorr 0
   total_energy { -134.1429590510452   } 
   total_energyvar { 1.603356829143733   } 
   weight { 1   } 
   weightvar { 0   } 
   kinetic_energy { 48.8641244082113   } 
   kinetic_energyvar { 153.0359739734736   } 
   potential_energy { -196.2444310936444   } 
   potential_energyvar { 164.6567334887318   } 
   nonlocal_energy { 13.23734763438785   } 
   nonlocal_energyvar { 226.4365380845919   } 
   autocorr_energy { } 
} 

block { 
   label vmc
   totweight 51200
   nautocorr 0
   total_energy { -134.1540791195217   } 
   total_energyvar { 1.631507657811374   } 
   weight { 1   } 
   weightvar { 0   } 
   kinetic_energy { 48.72396209355978   } 
   kinetic_energyvar { 153.1104807346796   } 
   potential_energy { -196.2154939037769   } 
   potential_energyvar { 164.4120748815794   } 
   nonlocal_energy { 13.33745269069544   } 
   nonlocal_energyvar { 224.5867818073214   } 
   autocorr_energy { } 
} 

block { 
   label vmc
   totweight 51200
   nautocorr 0
   total_energy { -134.1495609203612   } 
   total_energyvar { 1.557761953694422   } 
   weight { 1   } 
   weightvar { 0   } 
   kinetic_energy { 48.77956405645006   } 
   kinetic_energyvar { 153.3853606055426   } 
   potential_energy { -196.3671053617508   } 
   potential_energyvar { 163.2353242780628   } 
   nonlocal_energy { 13.43798038493963   } 
   nonlocal_energyvar { 229.184064589239   } 
   autocorr_energy { } 
} 

block { 
   label vmc
   totweight 51200
   nautocorr 0
   total_energy { -134.1459361482356   } 
   total_energyvar { 1.58109011918553   } 
   weight { 1   } 
   weightvar { 0   } 
   kinetic_energy { 48.95523920142757   } 
   kinetic_energyvar { 146.2103447781988   } 
   potential_energy { -196.3412369891963   } 
   potential_energyvar { 163.2633788294769   } 
   nonlocal_energy { 13.24006163953313   } 
   nonlocal_energyvar { 220.5268111141782   } 
   autocorr_energy { } 
} 

block { 
   label vmc
   totweight 51200
   nautocorr 0
   total_energy { -134.1564970616709   } 
   total_energyvar { 1.610824585258718   } 
   weight { 1   } 
   weightvar { 0   } 
   kinetic_energy { 48.80592525553337   } 
   kinetic_energyvar { 148.8451805215751   } 
   potential_energy { -196.3465576697417   } 
   potential_energyvar { 164.0199126188107   } 
   nonlocal_energy { 13.3841353525374   } 
   nonlocal_energyvar { 227.5432019202081   } 
   autocorr_energy { } 
} 

block { 
   label vmc
   totweight 51200
   nautocorr 0
   total_energy { -134.1471009980789   } 
   total_energyvar { 1.589510339436464   } 
   weight { 1   } 
   weightvar { 0   } 
   kinetic_energy { 48.75816495054583   } 
   kinetic_energyvar { 157.4734429130495   } 
   potential_energy { -196.3604851433105   } 
   potential_energyvar { 163.8773031770247   } 
   nonlocal_energy { 13.45521919468582   } 
   nonlocal_energyvar { 233.5796038143928   } 
   autocorr_energy { } 
} 

block { 
   label vmc
   totweight 51200
   nautocorr 0
   total_energy { -134.1433435528839   } 
   total_energyvar { 1.60816232023   } 
   weight { 1   } 
   weightvar { 0   } 
   kinetic_energy { 48.89126490931527   } 
   kinetic_energyvar { 151.2353594639007   } 
   potential_energy { -196.4176292791699   } 
   potential_energyvar { 164.0508645716878   } 
   nonlocal_energy { 13.38302081697072   } 
   nonlocal_energyvar { 223.1412265649707   } 
   autocorr_energy { } 
} 

block { 
   label vmc
   totweight 51200
   nautocorr 0
   total_energy { -134.148602615059   } 
   total_energyvar { 1.591291337941476   } 
   weight { 1   } 
   weightvar { 0   } 
   kinetic_energy { 48.90414876823684   } 
   kinetic_energyvar { 150.8607243461816   } 
   potential_energy { -196.3106348741979   } 
   potential_energyvar { 162.643300864842   } 
   nonlocal_energy { 13.25788349090212   } 
   nonlocal_energyvar { 225.4641493535844   } 
   autocorr_energy { } 
} 

block { 
   label vmc
   totweight 51200
   nautocorr 0
   total_energy { -134.1512605639705   } 
   total_energyvar { 1.597030038475034   } 
   weight { 1   } 
   weightvar { 0   } 
   kinetic_energy { 48.81692319422203   } 
   kinetic_energyvar { 153.582206711403   } 
   potential_energy { -196.251569592556   } 
   potential_energyvar { 163.4438664213464   } 
   nonlocal_energy { 13.2833858343635   } 
   nonlocal_energyvar { 228.4689975221812   } 
   autocorr_energy { } 
} 

block { 
   label vmc
   totweight 51200
   nautocorr 0
   total_energy { -134.1411556170829   } 
   total_energyvar { 1.598597521580389   } 
   weight { 1   } 
   weightvar { 0   } 
   kinetic_energy { 48.90926876182935   } 
   kinetic_energyvar { 153.0383823193794   } 
   potential_energy { -196.489577448863   } 
   potential_energyvar { 164.4667559746802   } 
   nonlocal_energy { 13.4391530699507   } 
   nonlocal_energyvar { 230.2255441938546   } 
   autocorr_energy { } 
} 

block { 
   label vmc
   totweight 51200
   nautocorr 0
   total_energy { -134.1502003129171   } 
   total_energyvar { 1.61020860458951   } 
   weight { 1   } 
   weightvar { 0   } 
   kinetic_energy { 48.81799749580335   } 
   kinetic_energyvar { 152.9193619691849   } 
   potential_energy { -196.399572285879   } 
   potential_energyvar { 164.084739477028   } 
   nonlocal_energy { 13.4313744771585   } 
   nonlocal_energyvar { 230.3124689242881   } 
   autocorr_energy { } 
} 

block { 
   label vmc
   totweight 51200
   nautocorr 0
   total_energy { -134.1410168898982   } 
   total_energyvar { 1.61063836944568   } 
   weight { 1   } 
   weightvar { 0   } 
   kinetic_energy { 48.89725992995913   } 
   kinetic_energyvar { 157.510746060203   } 
   potential_energy { -196.4422239473769   } 
   potential_energyvar { 162.6825802141341   } 
   nonlocal_energy { 13.40394712751954   } 
   nonlocal_energyvar { 231.1168790193755   } 
   autocorr_energy { } 
} 

block { 
   label vmc
   totweight 51200
   nautocorr 0
   total_energy { -134.1558921718716   } 
   total_energyvar { 1.61460266417836   } 
   weight { 1   } 
   weightvar { 0   } 
   kinetic_energy { 48.81339977559432   } 
   kinetic_energyvar { 149.7697467768509   } 
   potential_energy { -196.428653254066   } 
   potential_energyvar { 165.3901257363325   } 
   nonlocal_energy { 13.45936130660014   } 
   nonlocal_energyvar { 225.3341291039946   } 
   autocorr_energy { } 
} 

