#-------------------------------------------------
#DMC run: timestep 0.005
#-------------------------------------------------


init { 
   label spin_0.005
}
block { 
   label spin_0.005
   totweight 819200
   nautocorr 0
   total_energy { -146.9699688077673   } 
   total_energyvar { 1.549711830167026   } 
   weight { 1.038379340411381   } 
   weightvar { 0.03895554861741224   } 
   kinetic_energy { 55.7532107182752   } 
   kinetic_energyvar { 184.2106947963919   } 
   potential_energy { -221.9090695139654   } 
   potential_energyvar { 380.8618761763657   } 
   nonlocal_energy { 19.18588998792301   } 
   nonlocal_energyvar { 322.9767982086057   } 
   autocorr_energy { } 
} 

block { 
   label spin_0.005
   totweight 819200
   nautocorr 0
   total_energy { -146.9368174587401   } 
   total_energyvar { 1.830728101004425   } 
   weight { 1.032234575084064   } 
   weightvar { 0.08371345973434399   } 
   kinetic_energy { 56.96385539821755   } 
   kinetic_energyvar { 183.2063508659307   } 
   potential_energy { -223.4121460801839   } 
   potential_energyvar { 383.8132694167628   } 
   nonlocal_energy { 19.51147322322627   } 
   nonlocal_energyvar { 326.6131705658919   } 
   autocorr_energy { } 
} 

block { 
   label spin_0.005
   totweight 819200
   nautocorr 0
   total_energy { -146.9325860784141   } 
   total_energyvar { 1.84595773327125   } 
   weight { 0.9948480331306228   } 
   weightvar { 0.09581409088671776   } 
   kinetic_energy { 57.21737675386996   } 
   kinetic_energyvar { 184.1738519366399   } 
   potential_energy { -223.7218421335207   } 
   potential_energyvar { 379.6040920269673   } 
   nonlocal_energy { 19.57187930123663   } 
   nonlocal_energyvar { 327.2393821033108   } 
   autocorr_energy { } 
} 

block { 
   label spin_0.005
   totweight 819200
   nautocorr 0
   total_energy { -146.9312643232516   } 
   total_energyvar { 1.847744456330817   } 
   weight { 0.9883805073688089   } 
   weightvar { 0.09853788111719639   } 
   kinetic_energy { 57.28859949884677   } 
   kinetic_energyvar { 181.9138290279086   } 
   potential_energy { -223.8328787436693   } 
   potential_energyvar { 380.7619615296006   } 
   nonlocal_energy { 19.61301492157085   } 
   nonlocal_energyvar { 326.1668518092645   } 
   autocorr_energy { } 
} 

block { 
   label spin_0.005
   totweight 819200
   nautocorr 0
   total_energy { -146.9302716919358   } 
   total_energyvar { 1.852641721226695   } 
   weight { 0.984603037354442   } 
   weightvar { 0.09835649251661657   } 
   kinetic_energy { 57.40465701683402   } 
   kinetic_energyvar { 183.0798985547545   } 
   potential_energy { -223.9414326376997   } 
   potential_energyvar { 380.9953176011395   } 
   nonlocal_energy { 19.60650392892978   } 
   nonlocal_energyvar { 325.4301655400091   } 
   autocorr_energy { } 
} 

block { 
   label spin_0.005
   totweight 819200
   nautocorr 0
   total_energy { -146.9416825868222   } 
   total_energyvar { 1.916134539340677   } 
   weight { 0.9920356933441454   } 
   weightvar { 0.09830383603767377   } 
   kinetic_energy { 57.37147554691904   } 
   kinetic_energyvar { 182.557815772062   } 
   potential_energy { -223.8685712702954   } 
   potential_energyvar { 382.1788205265622   } 
   nonlocal_energy { 19.55541313655405   } 
   nonlocal_energyvar { 322.1591831897129   } 
   autocorr_energy { } 
} 

block { 
   label spin_0.005
   totweight 819200
   nautocorr 0
   total_energy { -146.9256225185184   } 
   total_energyvar { 1.856704856498679   } 
   weight { 0.9935137462701775   } 
   weightvar { 0.09604697934601678   } 
   kinetic_energy { 57.21826928183888   } 
   kinetic_energyvar { 183.4671837794999   } 
   potential_energy { -223.6572307667684   } 
   potential_energyvar { 385.1544398249844   } 
   nonlocal_energy { 19.51333896641117   } 
   nonlocal_energyvar { 325.3893879830873   } 
   autocorr_energy { } 
} 

block { 
   label spin_0.005
   totweight 819200
   nautocorr 0
   total_energy { -146.9243538881137   } 
   total_energyvar { 1.846420858823927   } 
   weight { 0.9920334933836729   } 
   weightvar { 0.0930426826889138   } 
   kinetic_energy { 57.36794854888538   } 
   kinetic_energyvar { 185.6146313189242   } 
   potential_energy { -223.9193434796302   } 
   potential_energyvar { 381.1790347298024   } 
   nonlocal_energy { 19.6270410426311   } 
   nonlocal_energyvar { 327.8802847566864   } 
   autocorr_energy { } 
} 

block { 
   label spin_0.005
   totweight 819200
   nautocorr 0
   total_energy { -146.9285291754874   } 
   total_energyvar { 1.878783082295277   } 
   weight { 0.9914762257477833   } 
   weightvar { 0.09786129441783095   } 
   kinetic_energy { 57.46356541006653   } 
   kinetic_energyvar { 182.0216509526303   } 
   potential_energy { -224.0219836453084   } 
   potential_energyvar { 381.7982528072239   } 
   nonlocal_energy { 19.62988905975442   } 
   nonlocal_energyvar { 324.9175618959329   } 
   autocorr_energy { } 
} 

block { 
   label spin_0.005
   totweight 819200
   nautocorr 0
   total_energy { -146.9379642538806   } 
   total_energyvar { 1.896374276246473   } 
   weight { 1.000820864976167   } 
   weightvar { 0.09809315366738028   } 
   kinetic_energy { 57.45455139590944   } 
   kinetic_energyvar { 183.1084206662633   } 
   potential_energy { -223.9614107195537   } 
   potential_energyvar { 381.973959446415   } 
   nonlocal_energy { 19.56889506976369   } 
   nonlocal_energyvar { 327.4133385265459   } 
   autocorr_energy { } 
} 

block { 
   label spin_0.005
   totweight 819200
   nautocorr 0
   total_energy { -146.9219720663819   } 
   total_energyvar { 1.884682689451854   } 
   weight { 0.9965900266371385   } 
   weightvar { 0.09813432217293394   } 
   kinetic_energy { 57.32699028685497   } 
   kinetic_energyvar { 180.4475630005016   } 
   potential_energy { -223.7583611106571   } 
   potential_energyvar { 375.8216390603869   } 
   nonlocal_energy { 19.5093987574203   } 
   nonlocal_energyvar { 325.3787330806923   } 
   autocorr_energy { } 
} 

block { 
   label spin_0.005
   totweight 819200
   nautocorr 0
   total_energy { -146.9303215817436   } 
   total_energyvar { 1.845609647911476   } 
   weight { 0.9957576121816115   } 
   weightvar { 0.09938397571344258   } 
   kinetic_energy { 57.32361266454691   } 
   kinetic_energyvar { 181.37406795592   } 
   potential_energy { -223.7264807115014   } 
   potential_energyvar { 379.1845671841293   } 
   nonlocal_energy { 19.47254646521095   } 
   nonlocal_energyvar { 323.871026238463   } 
   autocorr_energy { } 
} 

block { 
   label spin_0.005
   totweight 819200
   nautocorr 0
   total_energy { -146.9263528642951   } 
   total_energyvar { 1.891284225444841   } 
   weight { 0.9969311002337875   } 
   weightvar { 0.09824294075063487   } 
   kinetic_energy { 57.43176034246743   } 
   kinetic_energyvar { 183.6519890902314   } 
   potential_energy { -224.0145660771168   } 
   potential_energyvar { 381.1437852329773   } 
   nonlocal_energy { 19.65645287035427   } 
   nonlocal_energyvar { 330.1555450211247   } 
   autocorr_energy { } 
} 

block { 
   label spin_0.005
   totweight 819200
   nautocorr 0
   total_energy { -146.9259274421658   } 
   total_energyvar { 1.840810139450484   } 
   weight { 0.9963865879490055   } 
   weightvar { 0.09720345548264668   } 
   kinetic_energy { 57.42745176660262   } 
   kinetic_energyvar { 180.0078776396277   } 
   potential_energy { -223.6962975982724   } 
   potential_energyvar { 372.3800765362533   } 
   nonlocal_energy { 19.34291838950394   } 
   nonlocal_energyvar { 319.1070219922178   } 
   autocorr_energy { } 
} 

block { 
   label spin_0.005
   totweight 819200
   nautocorr 0
   total_energy { -146.9154796651614   } 
   total_energyvar { 1.864928058860642   } 
   weight { 0.9906906323687218   } 
   weightvar { 0.097348971746229   } 
   kinetic_energy { 57.41953059972636   } 
   kinetic_energyvar { 182.1911647973723   } 
   potential_energy { -223.8681354790702   } 
   potential_energyvar { 377.6370848767596   } 
   nonlocal_energy { 19.53312521418249   } 
   nonlocal_energyvar { 323.3406283185093   } 
   autocorr_energy { } 
} 

block { 
   label spin_0.005
   totweight 819200
   nautocorr 0
   total_energy { -146.9208366267654   } 
   total_energyvar { 1.846987466462996   } 
   weight { 0.9895152286843657   } 
   weightvar { 0.09657094779868665   } 
   kinetic_energy { 57.6002195990355   } 
   kinetic_energyvar { 180.7533067087427   } 
   potential_energy { -224.0792226963734   } 
   potential_energyvar { 379.1237973570763   } 
   nonlocal_energy { 19.55816647057254   } 
   nonlocal_energyvar { 321.4830017508557   } 
   autocorr_energy { } 
} 

block { 
   label spin_0.005
   totweight 819200
   nautocorr 0
   total_energy { -146.922442676197   } 
   total_energyvar { 5.332354584741562   } 
   weight { 0.9932091234128961   } 
   weightvar { 0.09740154210592357   } 
   kinetic_energy { 57.31656535643167   } 
   kinetic_energyvar { 190.2375169268976   } 
   potential_energy { -223.8514066970577   } 
   potential_energyvar { 382.0572191922494   } 
   nonlocal_energy { 19.61239866442903   } 
   nonlocal_energyvar { 329.1196169240231   } 
   autocorr_energy { } 
} 

block { 
   label spin_0.005
   totweight 819200
   nautocorr 0
   total_energy { -146.9217335992631   } 
   total_energyvar { 1.843452369396999   } 
   weight { 0.9933776599565297   } 
   weightvar { 0.09881991408357553   } 
   kinetic_energy { 57.37057806915217   } 
   kinetic_energyvar { 183.006403147574   } 
   potential_energy { -223.8459785598415   } 
   potential_energyvar { 381.9635092487956   } 
   nonlocal_energy { 19.5536668914262   } 
   nonlocal_energyvar { 325.0427601492306   } 
   autocorr_energy { } 
} 

block { 
   label spin_0.005
   totweight 819200
   nautocorr 0
   total_energy { -146.9133644401625   } 
   total_energyvar { 1.847652856803395   } 
   weight { 0.9889294528292707   } 
   weightvar { 0.09670461829147471   } 
   kinetic_energy { 57.4555289656956   } 
   kinetic_energyvar { 183.2113588938099   } 
   potential_energy { -223.7718677551712   } 
   potential_energyvar { 380.4389181635886   } 
   nonlocal_energy { 19.40297434931308   } 
   nonlocal_energyvar { 320.0941093210447   } 
   autocorr_energy { } 
} 

block { 
   label spin_0.005
   totweight 819200
   nautocorr 0
   total_energy { -146.9320942384726   } 
   total_energyvar { 1.840836223110297   } 
   weight { 0.9963720897545469   } 
   weightvar { 0.09794412922772827   } 
   kinetic_energy { 57.42364257360161   } 
   kinetic_energyvar { 180.8457800882294   } 
   potential_energy { -223.85769292618   } 
   potential_energyvar { 378.5872293199578   } 
   nonlocal_energy { 19.50195611410575   } 
   nonlocal_energyvar { 323.3736610334963   } 
   autocorr_energy { } 
} 

block { 
   label spin_0.005
   totweight 819200
   nautocorr 0
   total_energy { -146.9198960262564   } 
   total_energyvar { 1.86861477657342   } 
   weight { 0.9941790354146403   } 
   weightvar { 0.09851820459691632   } 
   kinetic_energy { 57.35163531990216   } 
   kinetic_energyvar { 183.1239424940536   } 
   potential_energy { -223.6648955386033   } 
   potential_energyvar { 381.1223728875101   } 
   nonlocal_energy { 19.39336419244478   } 
   nonlocal_energyvar { 324.9360867184188   } 
   autocorr_energy { } 
} 

block { 
   label spin_0.005
   totweight 819200
   nautocorr 0
   total_energy { -146.9249623532814   } 
   total_energyvar { 1.867346540073329   } 
   weight { 0.9953209671759882   } 
   weightvar { 0.09981133841474074   } 
   kinetic_energy { 57.30065441316233   } 
   kinetic_energyvar { 183.3719472502759   } 
   potential_energy { -223.7107444127055   } 
   potential_energyvar { 378.64244693441   } 
   nonlocal_energy { 19.48512764626176   } 
   nonlocal_energyvar { 320.4672959239028   } 
   autocorr_energy { } 
} 

block { 
   label spin_0.005
   totweight 819200
   nautocorr 0
   total_energy { -146.9227653827726   } 
   total_energyvar { 1.840582856843064   } 
   weight { 0.9964072276237479   } 
   weightvar { 0.09735459517204688   } 
   kinetic_energy { 57.16163371184464   } 
   kinetic_energyvar { 184.0487502172477   } 
   potential_energy { -223.4871729296615   } 
   potential_energyvar { 380.9170852839894   } 
   nonlocal_energy { 19.40277383504428   } 
   nonlocal_energyvar { 322.8930122342779   } 
   autocorr_energy { } 
} 

block { 
   label spin_0.005
   totweight 819200
   nautocorr 0
   total_energy { -146.9321013016419   } 
   total_energyvar { 1.894517651037328   } 
   weight { 0.9999586931305504   } 
   weightvar { 0.09832283088369065   } 
   kinetic_energy { 57.36607617718175   } 
   kinetic_energyvar { 184.1059285093106   } 
   potential_energy { -223.8352021650026   } 
   potential_energyvar { 382.8417228142674   } 
   nonlocal_energy { 19.53702468617894   } 
   nonlocal_energyvar { 326.2347210115337   } 
   autocorr_energy { } 
} 

block { 
   label spin_0.005
   totweight 819200
   nautocorr 0
   total_energy { -146.9272414909046   } 
   total_energyvar { 1.861896481259741   } 
   weight { 1.002449452146685   } 
   weightvar { 0.09741699575010691   } 
   kinetic_energy { 57.38658149236928   } 
   kinetic_energyvar { 182.0501025266297   } 
   potential_energy { -223.7353424314666   } 
   potential_energyvar { 380.4388543611615   } 
   nonlocal_energy { 19.42151944819278   } 
   nonlocal_energyvar { 324.1190134782254   } 
   autocorr_energy { } 
} 

block { 
   label spin_0.005
   totweight 819200
   nautocorr 0
   total_energy { -146.9283878338502   } 
   total_energyvar { 1.862735982364064   } 
   weight { 1.001423915660169   } 
   weightvar { 0.09874795694956659   } 
   kinetic_energy { 57.3815104182412   } 
   kinetic_energyvar { 182.5306627382978   } 
   potential_energy { -223.7509674477171   } 
   potential_energyvar { 380.7062060666386   } 
   nonlocal_energy { 19.44106919562577   } 
   nonlocal_energyvar { 322.952370716194   } 
   autocorr_energy { } 
} 

block { 
   label spin_0.005
   totweight 819200
   nautocorr 0
   total_energy { -146.9233786293143   } 
   total_energyvar { 1.835606203154905   } 
   weight { 0.998403740834171   } 
   weightvar { 0.09538899127246132   } 
   kinetic_energy { 57.34592493535816   } 
   kinetic_energyvar { 184.2866284292516   } 
   potential_energy { -223.6417563885269   } 
   potential_energyvar { 381.68642491513   } 
   nonlocal_energy { 19.3724528238544   } 
   nonlocal_energyvar { 316.8665526569106   } 
   autocorr_energy { } 
} 

block { 
   label spin_0.005
   totweight 819200
   nautocorr 0
   total_energy { -146.9317672266579   } 
   total_energyvar { 1.877350000107306   } 
   weight { 1.000909048734083   } 
   weightvar { 0.09681351435906807   } 
   kinetic_energy { 57.29054813073377   } 
   kinetic_energyvar { 184.4741645492709   } 
   potential_energy { -223.8283405447206   } 
   potential_energyvar { 384.3770096311951   } 
   nonlocal_energy { 19.60602518732887   } 
   nonlocal_energyvar { 330.391931131385   } 
   autocorr_energy { } 
} 

block { 
   label spin_0.005
   totweight 819200
   nautocorr 0
   total_energy { -146.9229134240449   } 
   total_energyvar { 1.88015530033092   } 
   weight { 0.9996306880727908   } 
   weightvar { 0.09689188084299262   } 
   kinetic_energy { 57.45590998302231   } 
   kinetic_energyvar { 183.1948667746989   } 
   potential_energy { -223.8151303578792   } 
   potential_energyvar { 383.9537372585543   } 
   nonlocal_energy { 19.43630695081207   } 
   nonlocal_energyvar { 326.5042479800122   } 
   autocorr_energy { } 
} 

block { 
   label spin_0.005
   totweight 819200
   nautocorr 0
   total_energy { -146.928796242013   } 
   total_energyvar { 1.854703195547485   } 
   weight { 0.9995751596756319   } 
   weightvar { 0.09828043732219267   } 
   kinetic_energy { 57.42084793253645   } 
   kinetic_energyvar { 182.9965236205109   } 
   potential_energy { -223.9504375986467   } 
   potential_energyvar { 378.9716082287754   } 
   nonlocal_energy { 19.60079342409724   } 
   nonlocal_energyvar { 326.3243201882739   } 
   autocorr_energy { } 
} 

#-------------------------------------------------
#DMC run: timestep 0.005
#-------------------------------------------------


init { 
   label spin_0.005
}
block { 
   label spin_0.005
   totweight 819200
   nautocorr 0
   total_energy { -146.9351455729628   } 
   total_energyvar { 1.878709311932269   } 
   weight { 1.001967069295372   } 
   weightvar { 0.09634550202290103   } 
   kinetic_energy { 57.54489222390855   } 
   kinetic_energyvar { 184.2056094547043   } 
   potential_energy { -224.1801249710807   } 
   potential_energyvar { 380.054315951038   } 
   nonlocal_energy { 19.70008717420932   } 
   nonlocal_energyvar { 326.1492658248347   } 
   autocorr_energy { } 
} 

block { 
   label spin_0.005
   totweight 819200
   nautocorr 0
   total_energy { -146.9286215595144   } 
   total_energyvar { 1.843145128356337   } 
   weight { 0.9999201850087914   } 
   weightvar { 0.09586021553372007   } 
   kinetic_energy { 57.260657823949   } 
   kinetic_energyvar { 180.7901349093865   } 
   potential_energy { -223.6666300199261   } 
   potential_energyvar { 376.0355444633473   } 
   nonlocal_energy { 19.47735063646269   } 
   nonlocal_energyvar { 320.752155091609   } 
   autocorr_energy { } 
} 

block { 
   label spin_0.005
   totweight 819200
   nautocorr 0
   total_energy { -146.9193824393448   } 
   total_energyvar { 1.85717322521428   } 
   weight { 0.9939111984318612   } 
   weightvar { 0.0954165226061804   } 
   kinetic_energy { 57.20744353956437   } 
   kinetic_energyvar { 183.3992861053271   } 
   potential_energy { -223.6500250500864   } 
   potential_energyvar { 383.1962145933346   } 
   nonlocal_energy { 19.52319907117726   } 
   nonlocal_energyvar { 326.3962518617882   } 
   autocorr_energy { } 
} 

block { 
   label spin_0.005
   totweight 819200
   nautocorr 0
   total_energy { -146.9301966172185   } 
   total_energyvar { 1.854058119233088   } 
   weight { 0.9940737719226928   } 
   weightvar { 0.09741035009374298   } 
   kinetic_energy { 57.22112994167439   } 
   kinetic_energyvar { 183.06370560974   } 
   potential_energy { -223.589286973078   } 
   potential_energyvar { 382.9990585113765   } 
   nonlocal_energy { 19.43796041418517   } 
   nonlocal_energyvar { 325.8055076764211   } 
   autocorr_energy { } 
} 

block { 
   label spin_0.005
   totweight 819200
   nautocorr 0
   total_energy { -146.9267172702362   } 
   total_energyvar { 1.818147011606307   } 
   weight { 0.9988596210212145   } 
   weightvar { 0.1003551886841542   } 
   kinetic_energy { 57.17069399919782   } 
   kinetic_energyvar { 181.3317500056276   } 
   potential_energy { -223.427997464561   } 
   potential_energyvar { 379.7693154436184   } 
   nonlocal_energy { 19.33058619512706   } 
   nonlocal_energyvar { 319.6418593869192   } 
   autocorr_energy { } 
} 

block { 
   label spin_0.005
   totweight 819200
   nautocorr 0
   total_energy { -146.9253161679131   } 
   total_energyvar { 1.833677254085078   } 
   weight { 0.9955048160247252   } 
   weightvar { 0.09748460907593676   } 
   kinetic_energy { 57.39223790553608   } 
   kinetic_energyvar { 181.1930773815284   } 
   potential_energy { -223.8287220231596   } 
   potential_energyvar { 381.5870504127988   } 
   nonlocal_energy { 19.51116794971049   } 
   nonlocal_energyvar { 320.4084639006856   } 
   autocorr_energy { } 
} 

block { 
   label spin_0.005
   totweight 819200
   nautocorr 0
   total_energy { -146.9276839131264   } 
   total_energyvar { 1.9045394156688   } 
   weight { 1.001272121980186   } 
   weightvar { 0.09693526321151065   } 
   kinetic_energy { 57.15581653910531   } 
   kinetic_energyvar { 185.0998406940795   } 
   potential_energy { -223.5543565934017   } 
   potential_energyvar { 383.1871457247512   } 
   nonlocal_energy { 19.47085614116993   } 
   nonlocal_energyvar { 327.5368594960133   } 
   autocorr_energy { } 
} 

block { 
   label spin_0.005
   totweight 819200
   nautocorr 0
   total_energy { -146.9181675444058   } 
   total_energyvar { 1.827437640812683   } 
   weight { 0.9933262346660734   } 
   weightvar { 0.09455039479028521   } 
   kinetic_energy { 57.12914160073937   } 
   kinetic_energyvar { 181.6588992997625   } 
   potential_energy { -223.4768471836791   } 
   potential_energyvar { 375.6523508889503   } 
   nonlocal_energy { 19.42953803853393   } 
   nonlocal_energyvar { 324.0100577483861   } 
   autocorr_energy { } 
} 

block { 
   label spin_0.005
   totweight 819200
   nautocorr 0
   total_energy { -146.9323528344109   } 
   total_energyvar { 1.85429901177763   } 
   weight { 1.00009768294884   } 
   weightvar { 0.09933961801677722   } 
   kinetic_energy { 57.37007883490497   } 
   kinetic_energyvar { 182.6896269282505   } 
   potential_energy { -223.7736035842691   } 
   potential_energyvar { 377.9679536349806   } 
   nonlocal_energy { 19.47117191495326   } 
   nonlocal_energyvar { 322.6137162356092   } 
   autocorr_energy { } 
} 

block { 
   label spin_0.005
   totweight 819200
   nautocorr 0
   total_energy { -146.9207791550344   } 
   total_energyvar { 1.875358520213854   } 
   weight { 0.9981780711877191   } 
   weightvar { 0.09830230361678932   } 
   kinetic_energy { 57.3071187889076   } 
   kinetic_energyvar { 184.2020507278291   } 
   potential_energy { -223.7762076948337   } 
   potential_energyvar { 380.7978285603932   } 
   nonlocal_energy { 19.54830975089178   } 
   nonlocal_energyvar { 329.8544793726599   } 
   autocorr_energy { } 
} 

block { 
   label spin_0.005
   totweight 819200
   nautocorr 0
   total_energy { -146.925488701945   } 
   total_energyvar { 1.863432776164033   } 
   weight { 1.000130175265491   } 
   weightvar { 0.09514352452216641   } 
   kinetic_energy { 57.47724704135307   } 
   kinetic_energyvar { 183.4743911596714   } 
   potential_energy { -223.9660318467647   } 
   potential_energyvar { 384.3022653313304   } 
   nonlocal_energy { 19.56329610346655   } 
   nonlocal_energyvar { 327.6848464383662   } 
   autocorr_energy { } 
} 

block { 
   label spin_0.005
   totweight 819200
   nautocorr 0
   total_energy { -146.9309612579331   } 
   total_energyvar { 1.858457419344788   } 
   weight { 1.000132205960613   } 
   weightvar { 0.09495706941404872   } 
   kinetic_energy { 57.50250388153091   } 
   kinetic_energyvar { 182.7907725998888   } 
   potential_energy { -224.0320782268457   } 
   potential_energyvar { 383.8665745091032   } 
   nonlocal_energy { 19.59861308738175   } 
   nonlocal_energyvar { 326.0763364150964   } 
   autocorr_energy { } 
} 

block { 
   label spin_0.005
   totweight 819200
   nautocorr 0
   total_energy { -146.9220701457567   } 
   total_energyvar { 1.84328563392981   } 
   weight { 0.9984452360424966   } 
   weightvar { 0.09637286748192937   } 
   kinetic_energy { 57.3914237114161   } 
   kinetic_energyvar { 179.5825559364996   } 
   potential_energy { -223.7160048497856   } 
   potential_energyvar { 374.2506682151709   } 
   nonlocal_energy { 19.40251099261282   } 
   nonlocal_energyvar { 320.4666871937328   } 
   autocorr_energy { } 
} 

block { 
   label spin_0.005
   totweight 819200
   nautocorr 0
   total_energy { -146.930189820982   } 
   total_energyvar { 1.833086118700822   } 
   weight { 1.001329440914801   } 
   weightvar { 0.09740921526210278   } 
   kinetic_energy { 57.28659563525074   } 
   kinetic_energyvar { 183.2976372620474   } 
   potential_energy { -223.7623469982952   } 
   potential_energyvar { 381.9371405212992   } 
   nonlocal_energy { 19.5455615420624   } 
   nonlocal_energyvar { 326.0853510146021   } 
   autocorr_energy { } 
} 

block { 
   label spin_0.005
   totweight 819200
   nautocorr 0
   total_energy { -146.9218403647588   } 
   total_energyvar { 1.824893359704414   } 
   weight { 0.9993140616075652   } 
   weightvar { 0.09658985317472803   } 
   kinetic_energy { 57.36784866335961   } 
   kinetic_energyvar { 183.6716634254117   } 
   potential_energy { -223.8596971957857   } 
   potential_energyvar { 381.947033680056   } 
   nonlocal_energy { 19.57000816766725   } 
   nonlocal_energyvar { 325.4527253073268   } 
   autocorr_energy { } 
} 

block { 
   label spin_0.005
   totweight 819200
   nautocorr 0
   total_energy { -146.9252310943089   } 
   total_energyvar { 1.870943899134302   } 
   weight { 0.9983951208325563   } 
   weightvar { 0.09653666645864836   } 
   kinetic_energy { 57.21772360720009   } 
   kinetic_energyvar { 184.7876889347366   } 
   potential_energy { -223.6105441684034   } 
   potential_energyvar { 383.5871886393256   } 
   nonlocal_energy { 19.46758946689438   } 
   nonlocal_energyvar { 322.5142930507067   } 
   autocorr_energy { } 
} 

block { 
   label spin_0.005
   totweight 819200
   nautocorr 0
   total_energy { -146.9218058049698   } 
   total_energyvar { 1.839574163140259   } 
   weight { 0.9960768349938928   } 
   weightvar { 0.09655748053534993   } 
   kinetic_energy { 57.17996591418433   } 
   kinetic_energyvar { 180.3671691625369   } 
   potential_energy { -223.4694620775784   } 
   potential_energyvar { 377.8505259331276   } 
   nonlocal_energy { 19.36769035842427   } 
   nonlocal_energyvar { 320.1511143498063   } 
   autocorr_energy { } 
} 

block { 
   label spin_0.005
   totweight 819200
   nautocorr 0
   total_energy { -146.9302696265403   } 
   total_energyvar { 1.877278834867784   } 
   weight { 0.9997656302741889   } 
   weightvar { 0.09784020715979763   } 
   kinetic_energy { 57.27245607534762   } 
   kinetic_energyvar { 182.8907508234148   } 
   potential_energy { -223.8450276157141   } 
   potential_energyvar { 381.7295744685192   } 
   nonlocal_energy { 19.64230191382606   } 
   nonlocal_energyvar { 326.3544697996813   } 
   autocorr_energy { } 
} 

block { 
   label spin_0.005
   totweight 819200
   nautocorr 0
   total_energy { -146.9289833816594   } 
   total_energyvar { 1.863723808278409   } 
   weight { 1.001990344437105   } 
   weightvar { 0.09750459406408446   } 
   kinetic_energy { 57.12823536442378   } 
   kinetic_energyvar { 184.7416001653788   } 
   potential_energy { -223.5608687542399   } 
   potential_energyvar { 385.7437162816432   } 
   nonlocal_energy { 19.50365000815681   } 
   nonlocal_energyvar { 326.6217955993329   } 
   autocorr_energy { } 
} 

block { 
   label spin_0.005
   totweight 819200
   nautocorr 0
   total_energy { -146.9226895036241   } 
   total_energyvar { 1.845442354630014   } 
   weight { 0.9996909946949566   } 
   weightvar { 0.09689225202363988   } 
   kinetic_energy { 57.3543334293803   } 
   kinetic_energyvar { 182.721292510683   } 
   potential_energy { -223.7249521888554   } 
   potential_energyvar { 382.1416083223498   } 
   nonlocal_energy { 19.44792925585108   } 
   nonlocal_energyvar { 321.068574743725   } 
   autocorr_energy { } 
} 

block { 
   label spin_0.005
   totweight 819200
   nautocorr 0
   total_energy { -146.9240955491217   } 
   total_energyvar { 1.851102867706216   } 
   weight { 0.9966356154514433   } 
   weightvar { 0.09841127007794227   } 
   kinetic_energy { 57.48736123091386   } 
   kinetic_energyvar { 183.017345562282   } 
   potential_energy { -223.8605473828034   } 
   potential_energyvar { 381.328095002386   } 
   nonlocal_energy { 19.44909060276779   } 
   nonlocal_energyvar { 322.0762514826346   } 
   autocorr_energy { } 
} 

block { 
   label spin_0.005
   totweight 819200
   nautocorr 0
   total_energy { -146.9204439407984   } 
   total_energyvar { 1.853496275595592   } 
   weight { 0.9979894639359763   } 
   weightvar { 0.09724054402877447   } 
   kinetic_energy { 57.37770671824063   } 
   kinetic_energyvar { 181.6478610119907   } 
   potential_energy { -223.7303515161209   } 
   potential_energyvar { 384.3744433295666   } 
   nonlocal_energy { 19.43220085708188   } 
   nonlocal_energyvar { 322.5606451904478   } 
   autocorr_energy { } 
} 

block { 
   label spin_0.005
   totweight 819200
   nautocorr 0
   total_energy { -146.9268933908768   } 
   total_energyvar { 1.86413098978859   } 
   weight { 0.9972257191509258   } 
   weightvar { 0.09815369983337958   } 
   kinetic_energy { 57.24196607611544   } 
   kinetic_energyvar { 184.9792989525307   } 
   potential_energy { -223.6247111106327   } 
   potential_energyvar { 384.5329348464867   } 
   nonlocal_energy { 19.45585164364046   } 
   nonlocal_energyvar { 327.5704224289748   } 
   autocorr_energy { } 
} 

block { 
   label spin_0.005
   totweight 819200
   nautocorr 0
   total_energy { -146.921355487086   } 
   total_energyvar { 1.885655391799911   } 
   weight { 0.9975805539687309   } 
   weightvar { 0.09682152920543829   } 
   kinetic_energy { 57.41897495252374   } 
   kinetic_energyvar { 181.4578535568458   } 
   potential_energy { -223.9816317278182   } 
   potential_energyvar { 380.480841930219   } 
   nonlocal_energy { 19.64130128820851   } 
   nonlocal_energyvar { 325.6980550687993   } 
   autocorr_energy { } 
} 

block { 
   label spin_0.005
   totweight 819200
   nautocorr 0
   total_energy { -146.925982079305   } 
   total_energyvar { 1.841433237120134   } 
   weight { 0.9969314459414431   } 
   weightvar { 0.09890770595287089   } 
   kinetic_energy { 57.3396487503821   } 
   kinetic_energyvar { 179.7786917790856   } 
   potential_energy { -223.7548908883423   } 
   potential_energyvar { 379.2935392478615   } 
   nonlocal_energy { 19.48926005865525   } 
   nonlocal_energyvar { 325.1976459029781   } 
   autocorr_energy { } 
} 

block { 
   label spin_0.005
   totweight 819200
   nautocorr 0
   total_energy { -146.9309830094808   } 
   total_energyvar { 1.867868724790694   } 
   weight { 1.000968419175852   } 
   weightvar { 0.09811981975049139   } 
   kinetic_energy { 57.31531196344356   } 
   kinetic_energyvar { 181.6186145012688   } 
   potential_energy { -223.7665186276965   } 
   potential_energyvar { 381.1508043115917   } 
   nonlocal_energy { 19.5202236547722   } 
   nonlocal_energyvar { 325.0410174672369   } 
   autocorr_energy { } 
} 

block { 
   label spin_0.005
   totweight 819200
   nautocorr 0
   total_energy { -146.9298276685017   } 
   total_energyvar { 1.938588737945317   } 
   weight { 1.003172189048493   } 
   weightvar { 0.09753051402343579   } 
   kinetic_energy { 57.37153992334616   } 
   kinetic_energyvar { 179.350763040387   } 
   potential_energy { -223.827049960113   } 
   potential_energyvar { 378.7506454346772   } 
   nonlocal_energy { 19.52568236826509   } 
   nonlocal_energyvar { 323.0636553905134   } 
   autocorr_energy { } 
} 

block { 
   label spin_0.005
   totweight 819200
   nautocorr 0
   total_energy { -146.9139390218281   } 
   total_energyvar { 1.857072422005725   } 
   weight { 0.9978305482269414   } 
   weightvar { 0.09630218276306765   } 
   kinetic_energy { 57.45387958803714   } 
   kinetic_energyvar { 180.7802258959433   } 
   potential_energy { -223.9743323470706   } 
   potential_energyvar { 381.992786713103   } 
   nonlocal_energy { 19.60651373720537   } 
   nonlocal_energyvar { 323.3379382495928   } 
   autocorr_energy { } 
} 

block { 
   label spin_0.005
   totweight 819200
   nautocorr 0
   total_energy { -146.9310163008907   } 
   total_energyvar { 1.873197105957328   } 
   weight { 0.9969176587789214   } 
   weightvar { 0.09842883381334443   } 
   kinetic_energy { 57.29544928148682   } 
   kinetic_energyvar { 181.4884796486975   } 
   potential_energy { -223.5858196546273   } 
   potential_energyvar { 377.6929084126432   } 
   nonlocal_energy { 19.35935407224974   } 
   nonlocal_energyvar { 322.8364574192049   } 
   autocorr_energy { } 
} 

block { 
   label spin_0.005
   totweight 819200
   nautocorr 0
   total_energy { -146.923554947146   } 
   total_energyvar { 1.844200453961737   } 
   weight { 1.000720903200876   } 
   weightvar { 0.09733620064826962   } 
   kinetic_energy { 57.40318235383825   } 
   kinetic_energyvar { 183.0349635599702   } 
   potential_energy { -223.8508971988665   } 
   potential_energyvar { 384.0212675410753   } 
   nonlocal_energy { 19.52415989788225   } 
   nonlocal_energyvar { 321.9231834136336   } 
   autocorr_energy { } 
} 

