#-------------------------------------------------
#VMC run: timestep 0.5 nconfig 2048 steps 30
#-------------------------------------------------


init { 
   label vmc
}
block { 
   label vmc
   totweight 61440
   nautocorr 0
   total_energy { -146.8750197282335   } 
   total_energyvar { 2.26454631276906   } 
   weight { 1   } 
   weightvar { 0   } 
   kinetic_energy { 57.41488064997993   } 
   kinetic_energyvar { 180.4109328205906   } 
   potential_energy { -223.7275090028091   } 
   potential_energyvar { 384.2641812138942   } 
   nonlocal_energy { 19.43760862459562   } 
   nonlocal_energyvar { 327.9697947418441   } 
   autocorr_energy { } 
} 

block { 
   label vmc
   totweight 61440
   nautocorr 0
   total_energy { -146.8565789279811   } 
   total_energyvar { 1.826675424279073   } 
   weight { 1   } 
   weightvar { 0   } 
   kinetic_energy { 57.28422660791871   } 
   kinetic_energyvar { 182.8758237810886   } 
   potential_energy { -223.4866441949185   } 
   potential_energyvar { 382.5239698349023   } 
   nonlocal_energy { 19.34583865901872   } 
   nonlocal_energyvar { 331.4721920894726   } 
   autocorr_energy { } 
} 

block { 
   label vmc
   totweight 61440
   nautocorr 0
   total_energy { -146.8624292360633   } 
   total_energyvar { 1.861278138679201   } 
   weight { 1   } 
   weightvar { 0   } 
   kinetic_energy { 57.21625579971627   } 
   kinetic_energyvar { 182.3931903270439   } 
   potential_energy { -223.6074561456586   } 
   potential_energyvar { 385.6064892319624   } 
   nonlocal_energy { 19.52877110987906   } 
   nonlocal_energyvar { 328.9022359769311   } 
   autocorr_energy { } 
} 

block { 
   label vmc
   totweight 61440
   nautocorr 0
   total_energy { -146.8530954555251   } 
   total_energyvar { 1.827872205695829   } 
   weight { 1   } 
   weightvar { 0   } 
   kinetic_energy { 57.42384701476809   } 
   kinetic_energyvar { 182.5174578490536   } 
   potential_energy { -223.6157742395152   } 
   potential_energyvar { 382.5636588926549   } 
   nonlocal_energy { 19.33883176922212   } 
   nonlocal_energyvar { 323.4759385446305   } 
   autocorr_energy { } 
} 

block { 
   label vmc
   totweight 61440
   nautocorr 0
   total_energy { -146.8559714550788   } 
   total_energyvar { 1.799482709530426   } 
   weight { 1   } 
   weightvar { 0   } 
   kinetic_energy { 57.463555306699   } 
   kinetic_energyvar { 180.8493540658478   } 
   potential_energy { -223.6884625228676   } 
   potential_energyvar { 381.8391335606895   } 
   nonlocal_energy { 19.36893576108975   } 
   nonlocal_energyvar { 319.3784574834766   } 
   autocorr_energy { } 
} 

block { 
   label vmc
   totweight 61440
   nautocorr 0
   total_energy { -146.8620349180948   } 
   total_energyvar { 1.828366732875889   } 
   weight { 1   } 
   weightvar { 0   } 
   kinetic_energy { 57.4467048805933   } 
   kinetic_energyvar { 178.278457415778   } 
   potential_energy { -223.9274475288311   } 
   potential_energyvar { 380.9124196439803   } 
   nonlocal_energy { 19.61870773014294   } 
   nonlocal_energyvar { 329.1283692249754   } 
   autocorr_energy { } 
} 

block { 
   label vmc
   totweight 61440
   nautocorr 0
   total_energy { -146.8597859836242   } 
   total_energyvar { 2.303132164947793   } 
   weight { 1   } 
   weightvar { 0   } 
   kinetic_energy { 57.36087316410963   } 
   kinetic_energyvar { 189.415650345039   } 
   potential_energy { -223.9263083171869   } 
   potential_energyvar { 384.467545976186   } 
   nonlocal_energy { 19.70564916945312   } 
   nonlocal_energyvar { 331.8013905124697   } 
   autocorr_energy { } 
} 

block { 
   label vmc
   totweight 61440
   nautocorr 0
   total_energy { -146.8605315566976   } 
   total_energyvar { 1.805297925913578   } 
   weight { 1   } 
   weightvar { 0   } 
   kinetic_energy { 57.1837750405668   } 
   kinetic_energyvar { 180.1688826570209   } 
   potential_energy { -223.5380941527455   } 
   potential_energyvar { 379.3500557603854   } 
   nonlocal_energy { 19.49378755548112   } 
   nonlocal_energyvar { 316.040010532572   } 
   autocorr_energy { } 
} 

block { 
   label vmc
   totweight 61440
   nautocorr 0
   total_energy { -146.8608231539594   } 
   total_energyvar { 1.841723652800122   } 
   weight { 1   } 
   weightvar { 0   } 
   kinetic_energy { 57.4118752111079   } 
   kinetic_energyvar { 182.8116418332965   } 
   potential_energy { -223.7593072535511   } 
   potential_energyvar { 382.5438966807803   } 
   nonlocal_energy { 19.48660888848377   } 
   nonlocal_energyvar { 330.3014139354933   } 
   autocorr_energy { } 
} 

block { 
   label vmc
   totweight 61440
   nautocorr 0
   total_energy { -146.8691862776285   } 
   total_energyvar { 1.839577028824167   } 
   weight { 1   } 
   weightvar { 0   } 
   kinetic_energy { 57.41704351545909   } 
   kinetic_energyvar { 179.9190904820668   } 
   potential_energy { -223.7288535193162   } 
   potential_energyvar { 382.1616782897419   } 
   nonlocal_energy { 19.44262372622867   } 
   nonlocal_energyvar { 319.0523950892908   } 
   autocorr_energy { } 
} 

block { 
   label vmc
   totweight 61440
   nautocorr 0
   total_energy { -146.8651513978591   } 
   total_energyvar { 1.881728077225299   } 
   weight { 1   } 
   weightvar { 0   } 
   kinetic_energy { 57.58079005823392   } 
   kinetic_energyvar { 181.063300127574   } 
   potential_energy { -223.796971281496   } 
   potential_energyvar { 381.2796232930364   } 
   nonlocal_energy { 19.35102982540294   } 
   nonlocal_energyvar { 322.592841451687   } 
   autocorr_energy { } 
} 

block { 
   label vmc
   totweight 61440
   nautocorr 0
   total_energy { -146.8599254492248   } 
   total_energyvar { 1.892604988371722   } 
   weight { 1   } 
   weightvar { 0   } 
   kinetic_energy { 57.28938165502059   } 
   kinetic_energyvar { 182.6803173301959   } 
   potential_energy { -223.6257749129321   } 
   potential_energyvar { 381.7951687017219   } 
   nonlocal_energy { 19.47646780868681   } 
   nonlocal_energyvar { 329.9464314615875   } 
   autocorr_energy { } 
} 

block { 
   label vmc
   totweight 61440
   nautocorr 0
   total_energy { -146.8507894832942   } 
   total_energyvar { 1.850117809687062   } 
   weight { 1   } 
   weightvar { 0   } 
   kinetic_energy { 57.35400378636362   } 
   kinetic_energyvar { 181.4840233297451   } 
   potential_energy { -223.6146002401662   } 
   potential_energyvar { 378.1361917550524   } 
   nonlocal_energy { 19.40980697050835   } 
   nonlocal_energyvar { 324.942592161063   } 
   autocorr_energy { } 
} 

block { 
   label vmc
   totweight 61440
   nautocorr 0
   total_energy { -146.8664698862609   } 
   total_energyvar { 1.847625274323712   } 
   weight { 1   } 
   weightvar { 0   } 
   kinetic_energy { 57.35018279553825   } 
   kinetic_energyvar { 182.2633749166213   } 
   potential_energy { -223.5793416469004   } 
   potential_energyvar { 382.4395408072325   } 
   nonlocal_energy { 19.36268896510122   } 
   nonlocal_energyvar { 321.6471770542027   } 
   autocorr_energy { } 
} 

block { 
   label vmc
   totweight 61440
   nautocorr 0
   total_energy { -146.86242970927   } 
   total_energyvar { 1.816642547886707   } 
   weight { 1   } 
   weightvar { 0   } 
   kinetic_energy { 57.4125458157144   } 
   kinetic_energyvar { 177.3393198191359   } 
   potential_energy { -223.6995757505834   } 
   potential_energyvar { 375.2587661416381   } 
   nonlocal_energy { 19.42460022559904   } 
   nonlocal_energyvar { 314.9991475062567   } 
   autocorr_energy { } 
} 

block { 
   label vmc
   totweight 61440
   nautocorr 0
   total_energy { -146.8581533798117   } 
   total_energyvar { 1.874591954008535   } 
   weight { 1   } 
   weightvar { 0   } 
   kinetic_energy { 57.41489249709327   } 
   kinetic_energyvar { 182.151432627399   } 
   potential_energy { -223.7465568489575   } 
   potential_energyvar { 374.0048272531532   } 
   nonlocal_energy { 19.47351097205263   } 
   nonlocal_energyvar { 319.0253669727607   } 
   autocorr_energy { } 
} 

block { 
   label vmc
   totweight 61440
   nautocorr 0
   total_energy { -146.8606881503203   } 
   total_energyvar { 1.857176184107336   } 
   weight { 1   } 
   weightvar { 0   } 
   kinetic_energy { 57.35467471770653   } 
   kinetic_energyvar { 180.9137949066263   } 
   potential_energy { -223.8821160593586   } 
   potential_energyvar { 386.0205741383012   } 
   nonlocal_energy { 19.66675319133175   } 
   nonlocal_energyvar { 333.3717191588312   } 
   autocorr_energy { } 
} 

block { 
   label vmc
   totweight 61440
   nautocorr 0
   total_energy { -146.8610290416221   } 
   total_energyvar { 1.957975403192583   } 
   weight { 1   } 
   weightvar { 0   } 
   kinetic_energy { 57.3002899060949   } 
   kinetic_energyvar { 181.4296384176537   } 
   potential_energy { -223.4266361794614   } 
   potential_energyvar { 381.8546467548338   } 
   nonlocal_energy { 19.26531723174442   } 
   nonlocal_energyvar { 322.7980438706119   } 
   autocorr_energy { } 
} 

block { 
   label vmc
   totweight 61440
   nautocorr 0
   total_energy { -146.8547977649358   } 
   total_energyvar { 1.88117155570078   } 
   weight { 1   } 
   weightvar { 0   } 
   kinetic_energy { 57.3154462446859   } 
   kinetic_energyvar { 185.2148503984319   } 
   potential_energy { -223.6641134900784   } 
   potential_energyvar { 381.2271806205144   } 
   nonlocal_energy { 19.49386948045665   } 
   nonlocal_energyvar { 330.9517152685424   } 
   autocorr_energy { } 
} 

block { 
   label vmc
   totweight 61440
   nautocorr 0
   total_energy { -146.853290154166   } 
   total_energyvar { 1.877697827322791   } 
   weight { 1   } 
   weightvar { 0   } 
   kinetic_energy { 57.42251382043878   } 
   kinetic_energyvar { 185.1627151505739   } 
   potential_energy { -223.5212363688316   } 
   potential_energyvar { 380.4254314153664   } 
   nonlocal_energy { 19.24543239422684   } 
   nonlocal_energyvar { 326.6720470102507   } 
   autocorr_energy { } 
} 

block { 
   label vmc
   totweight 61440
   nautocorr 0
   total_energy { -146.8513939985511   } 
   total_energyvar { 1.905067192432039   } 
   weight { 1   } 
   weightvar { 0   } 
   kinetic_energy { 57.37760608477679   } 
   kinetic_energyvar { 181.5538160947688   } 
   potential_energy { -223.946615285292   } 
   potential_energyvar { 378.4224475363777   } 
   nonlocal_energy { 19.71761520196405   } 
   nonlocal_energyvar { 334.5727024529804   } 
   autocorr_energy { } 
} 

block { 
   label vmc
   totweight 61440
   nautocorr 0
   total_energy { -146.8538965815335   } 
   total_energyvar { 1.872687664364683   } 
   weight { 1   } 
   weightvar { 0   } 
   kinetic_energy { 57.33872024917538   } 
   kinetic_energyvar { 181.5190073983133   } 
   potential_energy { -223.9116014709246   } 
   potential_energyvar { 382.6079446092099   } 
   nonlocal_energy { 19.71898464021569   } 
   nonlocal_energyvar { 330.8780180536991   } 
   autocorr_energy { } 
} 

block { 
   label vmc
   totweight 61440
   nautocorr 0
   total_energy { -146.8605351390123   } 
   total_energyvar { 1.85137988956529   } 
   weight { 1   } 
   weightvar { 0   } 
   kinetic_energy { 57.45492222915518   } 
   kinetic_energyvar { 179.961432103716   } 
   potential_energy { -223.7644042837815   } 
   potential_energyvar { 380.5887821969596   } 
   nonlocal_energy { 19.44894691561406   } 
   nonlocal_energyvar { 325.951598624561   } 
   autocorr_energy { } 
} 

block { 
   label vmc
   totweight 61440
   nautocorr 0
   total_energy { -146.8508307423464   } 
   total_energyvar { 1.899324106001639   } 
   weight { 1   } 
   weightvar { 0   } 
   kinetic_energy { 57.45424827007931   } 
   kinetic_energyvar { 185.0193583059221   } 
   potential_energy { -223.6596860770693   } 
   potential_energyvar { 377.0695489512203   } 
   nonlocal_energy { 19.35460706464362   } 
   nonlocal_energyvar { 318.7608307094713   } 
   autocorr_energy { } 
} 

block { 
   label vmc
   totweight 61440
   nautocorr 0
   total_energy { -146.8641824404457   } 
   total_energyvar { 1.871515217098164   } 
   weight { 1   } 
   weightvar { 0   } 
   kinetic_energy { 57.36530497447303   } 
   kinetic_energyvar { 184.1772946185872   } 
   potential_energy { -223.6797891019265   } 
   potential_energyvar { 381.7448307086269   } 
   nonlocal_energy { 19.45030168700778   } 
   nonlocal_energyvar { 328.2510111662987   } 
   autocorr_energy { } 
} 

block { 
   label vmc
   totweight 61440
   nautocorr 0
   total_energy { -146.8561622769513   } 
   total_energyvar { 1.847954331108415   } 
   weight { 1   } 
   weightvar { 0   } 
   kinetic_energy { 57.24643344204163   } 
   kinetic_energyvar { 185.4880141252162   } 
   potential_energy { -223.6368495313379   } 
   potential_energyvar { 381.5240044173516   } 
   nonlocal_energy { 19.53425381234492   } 
   nonlocal_energyvar { 330.1340122446118   } 
   autocorr_energy { } 
} 

block { 
   label vmc
   totweight 61440
   nautocorr 0
   total_energy { -146.8660373099644   } 
   total_energyvar { 1.830958383781365   } 
   weight { 1   } 
   weightvar { 0   } 
   kinetic_energy { 57.16157215981094   } 
   kinetic_energyvar { 198.887322353255   } 
   potential_energy { -223.5039668631112   } 
   potential_energyvar { 397.0694995655743   } 
   nonlocal_energy { 19.47635739333588   } 
   nonlocal_energyvar { 330.502289587589   } 
   autocorr_energy { } 
} 

block { 
   label vmc
   totweight 61440
   nautocorr 0
   total_energy { -146.8528620749929   } 
   total_energyvar { 1.852800530632493   } 
   weight { 1   } 
   weightvar { 0   } 
   kinetic_energy { 57.30653358057368   } 
   kinetic_energyvar { 183.3723869213853   } 
   potential_energy { -223.6532448426295   } 
   potential_energyvar { 383.708446810659   } 
   nonlocal_energy { 19.49384918706289   } 
   nonlocal_energyvar { 325.8551946711231   } 
   autocorr_energy { } 
} 

block { 
   label vmc
   totweight 61440
   nautocorr 0
   total_energy { -146.8592092194077   } 
   total_energyvar { 1.87802269332088   } 
   weight { 1   } 
   weightvar { 0   } 
   kinetic_energy { 57.4013713098409   } 
   kinetic_energyvar { 184.3694718626531   } 
   potential_energy { -223.8740064887615   } 
   potential_energyvar { 382.0046900106693   } 
   nonlocal_energy { 19.61342595951293   } 
   nonlocal_energyvar { 325.0140243874671   } 
   autocorr_energy { } 
} 

block { 
   label vmc
   totweight 61440
   nautocorr 0
   total_energy { -146.8698594668241   } 
   total_energyvar { 1.827423648473916   } 
   weight { 1   } 
   weightvar { 0   } 
   kinetic_energy { 57.34564282677988   } 
   kinetic_energyvar { 183.8925354069875   } 
   potential_energy { -223.8302931392007   } 
   potential_energyvar { 383.716491978981   } 
   nonlocal_energy { 19.61479084559668   } 
   nonlocal_energyvar { 332.0204700534301   } 
   autocorr_energy { } 
} 

