#-------------------------------------------------
#DMC run: timestep 0.005
#-------------------------------------------------


init { 
   label spin_0.005
}
block { 
   label spin_0.005
   totweight 870400
   nautocorr 0
   total_energy { -7.599509377888864   } 
   total_energyvar { 0.1797889249652151   } 
   weight { 0.9551105816252909   } 
   weightvar { 0.007286434279828667   } 
   kinetic_energy { 2.351698063336215   } 
   kinetic_energyvar { 3.44498140237481   } 
   potential_energy { -11.07212795042869   } 
   potential_energyvar { 3.018189892473482   } 
   nonlocal_energy { 1.120920509203611   } 
   nonlocal_energyvar { 5.833085584817199   } 
   autocorr_energy { } 
} 

block { 
   label spin_0.005
   totweight 870400
   nautocorr 0
   total_energy { -7.596868193174533   } 
   total_energyvar { 0.09813359925930415   } 
   weight { 0.9489472081333379   } 
   weightvar { 0.03129069296564693   } 
   kinetic_energy { 2.330071069860154   } 
   kinetic_energyvar { 3.013250446577637   } 
   potential_energy { -10.8799662288397   } 
   potential_energyvar { 2.96300280652821   } 
   nonlocal_energy { 0.9530269658050174   } 
   nonlocal_energyvar { 4.610750382031953   } 
   autocorr_energy { } 
} 

block { 
   label spin_0.005
   totweight 870400
   nautocorr 0
   total_energy { -7.594422527410241   } 
   total_energyvar { 0.1652932771099985   } 
   weight { 0.9785019783525513   } 
   weightvar { 0.06344106262330428   } 
   kinetic_energy { 2.339694196785599   } 
   kinetic_energyvar { 3.098610183497238   } 
   potential_energy { -10.88459092524796   } 
   potential_energyvar { 2.965887859233698   } 
   nonlocal_energy { 0.9504742010521197   } 
   nonlocal_energyvar { 4.871655692239676   } 
   autocorr_energy { } 
} 

block { 
   label spin_0.005
   totweight 870400
   nautocorr 0
   total_energy { -7.594296381340981   } 
   total_energyvar { 0.1258760661570152   } 
   weight { 0.9900437696283203   } 
   weightvar { 0.0888182470437984   } 
   kinetic_energy { 2.348395663266133   } 
   kinetic_energyvar { 2.987782933653961   } 
   potential_energy { -10.8833082255337   } 
   potential_energyvar { 2.948917275170296   } 
   nonlocal_energy { 0.9406161809265863   } 
   nonlocal_energyvar { 4.636744387884881   } 
   autocorr_energy { } 
} 

block { 
   label spin_0.005
   totweight 870400
   nautocorr 0
   total_energy { -7.592128335435647   } 
   total_energyvar { 0.1254645950958336   } 
   weight { 0.9937775992909107   } 
   weightvar { 0.1012592025636734   } 
   kinetic_energy { 2.348518518837711   } 
   kinetic_energyvar { 3.229624410863595   } 
   potential_energy { -10.89979355108759   } 
   potential_energyvar { 3.020102152383387   } 
   nonlocal_energy { 0.959146696814225   } 
   nonlocal_energyvar { 5.168130648420612   } 
   autocorr_energy { } 
} 

block { 
   label spin_0.005
   totweight 870400
   nautocorr 0
   total_energy { -7.591910290600794   } 
   total_energyvar { 0.1071719795479018   } 
   weight { 0.9949921791443266   } 
   weightvar { 0.1057923939198998   } 
   kinetic_energy { 2.370423511476152   } 
   kinetic_energyvar { 2.849429266046831   } 
   potential_energy { -10.85628204917841   } 
   potential_energyvar { 2.83428607767341   } 
   nonlocal_energy { 0.8939482471014589   } 
   nonlocal_energyvar { 4.232966554219039   } 
   autocorr_energy { } 
} 

block { 
   label spin_0.005
   totweight 870400
   nautocorr 0
   total_energy { -7.590909112514478   } 
   total_energyvar { 0.144040339134006   } 
   weight { 0.9963751676348892   } 
   weightvar { 0.1073970130775293   } 
   kinetic_energy { 2.347874672009597   } 
   kinetic_energyvar { 3.157341397865447   } 
   potential_energy { -10.89237901723441   } 
   potential_energyvar { 3.005449001986354   } 
   nonlocal_energy { 0.9535952327103353   } 
   nonlocal_energyvar { 4.953993875467078   } 
   autocorr_energy { } 
} 

block { 
   label spin_0.005
   totweight 870400
   nautocorr 0
   total_energy { -7.594277376303689   } 
   total_energyvar { 0.1214942767000022   } 
   weight { 0.9987584495775776   } 
   weightvar { 0.1112858424529151   } 
   kinetic_energy { 2.349983889968503   } 
   kinetic_energyvar { 3.056752064144227   } 
   potential_energy { -10.86231971282039   } 
   potential_energyvar { 2.963088813936315   } 
   nonlocal_energy { 0.9180584465482027   } 
   nonlocal_energyvar { 4.642157525665892   } 
   autocorr_energy { } 
} 

block { 
   label spin_0.005
   totweight 870400
   nautocorr 0
   total_energy { -7.593453384365523   } 
   total_energyvar { 0.1078093512553214   } 
   weight { 1.000524308501542   } 
   weightvar { 0.1101758676200884   } 
   kinetic_energy { 2.345809395373349   } 
   kinetic_energyvar { 2.980984226974857   } 
   potential_energy { -10.85836587795021   } 
   potential_energyvar { 2.956402060086095   } 
   nonlocal_energy { 0.9191030982113417   } 
   nonlocal_energyvar { 4.542725058305705   } 
   autocorr_energy { } 
} 

block { 
   label spin_0.005
   totweight 870400
   nautocorr 0
   total_energy { -7.591530083297898   } 
   total_energyvar { 0.1176983909751819   } 
   weight { 0.9991255671053804   } 
   weightvar { 0.1132537291374601   } 
   kinetic_energy { 2.375491005805721   } 
   kinetic_energyvar { 2.919301896827764   } 
   potential_energy { -10.88068402644762   } 
   potential_energyvar { 2.970826494722498   } 
   nonlocal_energy { 0.9136629373440038   } 
   nonlocal_energyvar { 4.566515968336764   } 
   autocorr_energy { } 
} 

block { 
   label spin_0.005
   totweight 870400
   nautocorr 0
   total_energy { -7.591946845857684   } 
   total_energyvar { 0.189501410252292   } 
   weight { 0.998823652656212   } 
   weightvar { 0.1123515431908402   } 
   kinetic_energy { 2.351101506041025   } 
   kinetic_energyvar { 3.039208226973315   } 
   potential_energy { -10.87073851784523   } 
   potential_energyvar { 2.944203658454041   } 
   nonlocal_energy { 0.9276901659465183   } 
   nonlocal_energyvar { 4.640542456072711   } 
   autocorr_energy { } 
} 

block { 
   label spin_0.005
   totweight 870400
   nautocorr 0
   total_energy { -7.593949954487767   } 
   total_energyvar { 0.1417727963661918   } 
   weight { 1.000245278572665   } 
   weightvar { 0.1118803658131559   } 
   kinetic_energy { 2.34355579161554   } 
   kinetic_energyvar { 3.036923585917955   } 
   potential_energy { -10.87100345429918   } 
   potential_energyvar { 2.863661697226484   } 
   nonlocal_energy { 0.9334977081958687   } 
   nonlocal_energyvar { 4.70360087522845   } 
   autocorr_energy { } 
} 

block { 
   label spin_0.005
   totweight 870400
   nautocorr 0
   total_energy { -7.592354139814813   } 
   total_energyvar { 0.09848218575273394   } 
   weight { 1.000533790213907   } 
   weightvar { 0.1097257235636311   } 
   kinetic_energy { 2.391418650172354   } 
   kinetic_energyvar { 2.922033664863746   } 
   potential_energy { -10.94255195740202   } 
   potential_energyvar { 2.836841527907703   } 
   nonlocal_energy { 0.9587791674148549   } 
   nonlocal_energyvar { 4.525185466417084   } 
   autocorr_energy { } 
} 

block { 
   label spin_0.005
   totweight 870400
   nautocorr 0
   total_energy { -7.588019036066357   } 
   total_energyvar { 0.1480699532515874   } 
   weight { 0.9979682687431264   } 
   weightvar { 0.1085718871163485   } 
   kinetic_energy { 2.384678209683524   } 
   kinetic_energyvar { 2.959504399655421   } 
   potential_energy { -10.90098511448308   } 
   potential_energyvar { 2.981071944690829   } 
   nonlocal_energy { 0.9282878687331935   } 
   nonlocal_energyvar { 4.565112697084702   } 
   autocorr_energy { } 
} 

block { 
   label spin_0.005
   totweight 870400
   nautocorr 0
   total_energy { -7.593305698107717   } 
   total_energyvar { 0.1129716456259223   } 
   weight { 0.9986948850542946   } 
   weightvar { 0.1115760814644764   } 
   kinetic_energy { 2.359677327386238   } 
   kinetic_energyvar { 3.082143348803962   } 
   potential_energy { -10.90377695430722   } 
   potential_energyvar { 2.979376525453104   } 
   nonlocal_energy { 0.9507939288132651   } 
   nonlocal_energyvar { 4.703680658786543   } 
   autocorr_energy { } 
} 

block { 
   label spin_0.005
   totweight 870400
   nautocorr 0
   total_energy { -7.589504830680007   } 
   total_energyvar { 0.0979405247007024   } 
   weight { 0.9989071375829867   } 
   weightvar { 0.1131395723333659   } 
   kinetic_energy { 2.396775313684015   } 
   kinetic_energyvar { 2.822001862918992   } 
   potential_energy { -10.87109111769975   } 
   potential_energyvar { 2.877672647570473   } 
   nonlocal_energy { 0.8848109733357298   } 
   nonlocal_energyvar { 4.197926062265042   } 
   autocorr_energy { } 
} 

block { 
   label spin_0.005
   totweight 870400
   nautocorr 0
   total_energy { -7.58653289866028   } 
   total_energyvar { 0.09707717566278067   } 
   weight { 0.9964701821100957   } 
   weightvar { 0.1119007076295335   } 
   kinetic_energy { 2.392529781358848   } 
   kinetic_energyvar { 2.875303276508602   } 
   potential_energy { -10.88350411799373   } 
   potential_energyvar { 2.887364176325854   } 
   nonlocal_energy { 0.9044414379746059   } 
   nonlocal_energyvar { 4.289756021102882   } 
   autocorr_energy { } 
} 

block { 
   label spin_0.005
   totweight 870400
   nautocorr 0
   total_energy { -7.592393663978844   } 
   total_energyvar { 0.09774939980164303   } 
   weight { 0.9972149477678824   } 
   weightvar { 0.1120476203266469   } 
   kinetic_energy { 2.362676068888681   } 
   kinetic_energyvar { 3.04896429081814   } 
   potential_energy { -10.902726321286   } 
   potential_energyvar { 2.953982118989276   } 
   nonlocal_energy { 0.9476565884184746   } 
   nonlocal_energyvar { 4.69971865557799   } 
   autocorr_energy { } 
} 

block { 
   label spin_0.005
   totweight 870400
   nautocorr 0
   total_energy { -7.592722547982738   } 
   total_energyvar { 0.1013992740667402   } 
   weight { 1.000369473385295   } 
   weightvar { 0.1090781126511459   } 
   kinetic_energy { 2.405983106846405   } 
   kinetic_energyvar { 2.899412076804962   } 
   potential_energy { -10.93410669053851   } 
   potential_energyvar { 2.925625566610651   } 
   nonlocal_energy { 0.9354010357093671   } 
   nonlocal_energyvar { 4.408234358673663   } 
   autocorr_energy { } 
} 

block { 
   label spin_0.005
   totweight 870400
   nautocorr 0
   total_energy { -7.591586221848564   } 
   total_energyvar { 0.1022551033904903   } 
   weight { 1.0001095247458   } 
   weightvar { 0.1089849749698584   } 
   kinetic_energy { 2.403964476773596   } 
   kinetic_energyvar { 2.950150684401714   } 
   potential_energy { -10.937491168687   } 
   potential_energyvar { 2.911502261476053   } 
   nonlocal_energy { 0.9419404700648398   } 
   nonlocal_energyvar { 4.536517373590987   } 
   autocorr_energy { } 
} 

block { 
   label spin_0.005
   totweight 870400
   nautocorr 0
   total_energy { -7.591579707462145   } 
   total_energyvar { 0.1450187239615561   } 
   weight { 1.000441284476559   } 
   weightvar { 0.1099017375787505   } 
   kinetic_energy { 2.403677315261255   } 
   kinetic_energyvar { 3.113924713079906   } 
   potential_energy { -10.95010481805215   } 
   potential_energyvar { 3.034611280276057   } 
   nonlocal_energy { 0.9548477953287466   } 
   nonlocal_energyvar { 4.853540968059106   } 
   autocorr_energy { } 
} 

block { 
   label spin_0.005
   totweight 870400
   nautocorr 0
   total_energy { -7.5900607492336   } 
   total_energyvar { 0.1364943677188766   } 
   weight { 0.9989102840553983   } 
   weightvar { 0.1090983193691039   } 
   kinetic_energy { 2.412314742514792   } 
   kinetic_energyvar { 2.982316474160083   } 
   potential_energy { -10.9477988911697   } 
   potential_energyvar { 3.005233717305623   } 
   nonlocal_energy { 0.9454233994213026   } 
   nonlocal_energyvar { 4.593255149937291   } 
   autocorr_energy { } 
} 

block { 
   label spin_0.005
   totweight 870400
   nautocorr 0
   total_energy { -7.591467122557625   } 
   total_energyvar { 0.1812108624704514   } 
   weight { 0.9989559430001911   } 
   weightvar { 0.1085742023182844   } 
   kinetic_energy { 2.402189596866788   } 
   kinetic_energyvar { 3.018282619649872   } 
   potential_energy { -10.94507812429634   } 
   potential_energyvar { 3.051253229282574   } 
   nonlocal_energy { 0.9514214048719251   } 
   nonlocal_energyvar { 4.748860243676368   } 
   autocorr_energy { } 
} 

block { 
   label spin_0.005
   totweight 870400
   nautocorr 0
   total_energy { -7.595152114159441   } 
   total_energyvar { 0.1093861665856594   } 
   weight { 1.000785647894941   } 
   weightvar { 0.1097326891782306   } 
   kinetic_energy { 2.423640327220077   } 
   kinetic_energyvar { 2.855283127170656   } 
   potential_energy { -10.94044610754566   } 
   potential_energyvar { 2.894815974483599   } 
   nonlocal_energy { 0.9216536661661436   } 
   nonlocal_energyvar { 4.371467666230806   } 
   autocorr_energy { } 
} 

block { 
   label spin_0.005
   totweight 870400
   nautocorr 0
   total_energy { -7.591835746977613   } 
   total_energyvar { 0.1284291468754212   } 
   weight { 1.001190962436368   } 
   weightvar { 0.109727917696501   } 
   kinetic_energy { 2.412742727667811   } 
   kinetic_energyvar { 2.943724510773341   } 
   potential_energy { -10.91444103827887   } 
   potential_energyvar { 2.952850393386332   } 
   nonlocal_energy { 0.9098625636334505   } 
   nonlocal_energyvar { 4.412344922727345   } 
   autocorr_energy { } 
} 

block { 
   label spin_0.005
   totweight 870400
   nautocorr 0
   total_energy { -7.593506540505124   } 
   total_energyvar { 0.09807845206981122   } 
   weight { 1.001117145028402   } 
   weightvar { 0.1132803344926743   } 
   kinetic_energy { 2.416654762350837   } 
   kinetic_energyvar { 2.891521927487197   } 
   potential_energy { -10.9109404288007   } 
   potential_energyvar { 2.877905887403661   } 
   nonlocal_energy { 0.900779125944743   } 
   nonlocal_energyvar { 4.35155486719576   } 
   autocorr_energy { } 
} 

block { 
   label spin_0.005
   totweight 870400
   nautocorr 0
   total_energy { -7.589349834089648   } 
   total_energyvar { 0.135279428914351   } 
   weight { 0.9999486156813755   } 
   weightvar { 0.1115942356995352   } 
   kinetic_energy { 2.388434331324672   } 
   kinetic_energyvar { 3.083565879146662   } 
   potential_energy { -10.93124636527656   } 
   potential_energyvar { 2.947493446652104   } 
   nonlocal_energy { 0.9534621998622398   } 
   nonlocal_energyvar { 4.807729533684959   } 
   autocorr_energy { } 
} 

block { 
   label spin_0.005
   totweight 870400
   nautocorr 0
   total_energy { -7.589619636938156   } 
   total_energyvar { 0.1531694183591341   } 
   weight { 0.9987231276633188   } 
   weightvar { 0.1090462114036852   } 
   kinetic_energy { 2.40710479936708   } 
   kinetic_energyvar { 2.975610237001619   } 
   potential_energy { -10.92068758490607   } 
   potential_energyvar { 2.906947878717075   } 
   nonlocal_energy { 0.9239631486008293   } 
   nonlocal_energyvar { 4.613237234182299   } 
   autocorr_energy { } 
} 

block { 
   label spin_0.005
   totweight 870400
   nautocorr 0
   total_energy { -7.589433635844727   } 
   total_energyvar { 0.135408028405314   } 
   weight { 0.9979155878620192   } 
   weightvar { 0.1100860735422123   } 
   kinetic_energy { 2.414927981055384   } 
   kinetic_energyvar { 2.955254023139186   } 
   potential_energy { -10.94262237629758   } 
   potential_energyvar { 2.883248169169364   } 
   nonlocal_energy { 0.9382607593974702   } 
   nonlocal_energyvar { 4.473508412551974   } 
   autocorr_energy { } 
} 

block { 
   label spin_0.005
   totweight 870400
   nautocorr 0
   total_energy { -7.592810703967268   } 
   total_energyvar { 0.1091761606684024   } 
   weight { 0.9986200878971723   } 
   weightvar { 0.1101622471670896   } 
   kinetic_energy { 2.403932436899217   } 
   kinetic_energyvar { 2.903824211944266   } 
   potential_energy { -10.93360141666222   } 
   potential_energyvar { 2.871983582062997   } 
   nonlocal_energy { 0.9368582757957328   } 
   nonlocal_energyvar { 4.472985073059906   } 
   autocorr_energy { } 
} 

block { 
   label spin_0.005
   totweight 870400
   nautocorr 0
   total_energy { -7.594172291128798   } 
   total_energyvar { 0.1102623876629476   } 
   weight { 1.001713161631304   } 
   weightvar { 0.1096378562796603   } 
   kinetic_energy { 2.407533457509114   } 
   kinetic_energyvar { 2.821189166129131   } 
   potential_energy { -10.90669180228993   } 
   potential_energyvar { 2.826110205756116   } 
   nonlocal_energy { 0.9049860536520226   } 
   nonlocal_energyvar { 4.172419698805562   } 
   autocorr_energy { } 
} 

block { 
   label spin_0.005
   totweight 870400
   nautocorr 0
   total_energy { -7.592377334048685   } 
   total_energyvar { 0.1360590110642036   } 
   weight { 1.000884240428374   } 
   weightvar { 0.1116046577401615   } 
   kinetic_energy { 2.4104617504088   } 
   kinetic_energyvar { 2.91487785302036   } 
   potential_energy { -10.91854906392815   } 
   potential_energyvar { 2.84968512687026   } 
   nonlocal_energy { 0.9157099794706652   } 
   nonlocal_energyvar { 4.61070981860879   } 
   autocorr_energy { } 
} 

block { 
   label spin_0.005
   totweight 870400
   nautocorr 0
   total_energy { -7.594205515639644   } 
   total_energyvar { 0.08661987401788747   } 
   weight { 1.001566278216258   } 
   weightvar { 0.1111076352627232   } 
   kinetic_energy { 2.393575238175167   } 
   kinetic_energyvar { 2.81388421607523   } 
   potential_energy { -10.89663911278634   } 
   potential_energyvar { 2.791549922127111   } 
   nonlocal_energy { 0.9088583589715328   } 
   nonlocal_energyvar { 4.227190745003826   } 
   autocorr_energy { } 
} 

block { 
   label spin_0.005
   totweight 870400
   nautocorr 0
   total_energy { -7.59396374089928   } 
   total_energyvar { 0.1031039951694879   } 
   weight { 1.001491459983021   } 
   weightvar { 0.1075730514742413   } 
   kinetic_energy { 2.372240739990556   } 
   kinetic_energyvar { 2.989644355808526   } 
   potential_energy { -10.91047200998041   } 
   potential_energyvar { 2.901375652981743   } 
   nonlocal_energy { 0.9442675290905732   } 
   nonlocal_energyvar { 4.580672226899977   } 
   autocorr_energy { } 
} 

block { 
   label spin_0.005
   totweight 870400
   nautocorr 0
   total_energy { -7.592754411984224   } 
   total_energyvar { 0.09541321123334642   } 
   weight { 1.001973339530708   } 
   weightvar { 0.1071804856717403   } 
   kinetic_energy { 2.403268891432973   } 
   kinetic_energyvar { 2.865017084180535   } 
   potential_energy { -10.92326396502876   } 
   potential_energyvar { 2.883728273258353   } 
   nonlocal_energy { 0.9272406616115577   } 
   nonlocal_energyvar { 4.308146466358947   } 
   autocorr_energy { } 
} 

block { 
   label spin_0.005
   totweight 870400
   nautocorr 0
   total_energy { -7.591743549833726   } 
   total_energyvar { 0.1144595479442374   } 
   weight { 1.000485906807396   } 
   weightvar { 0.1082784966168404   } 
   kinetic_energy { 2.402606348522835   } 
   kinetic_energyvar { 2.918598130907128   } 
   potential_energy { -10.93492218475085   } 
   potential_energyvar { 2.918999396582893   } 
   nonlocal_energy { 0.9405722863942868   } 
   nonlocal_energyvar { 4.483800682920038   } 
   autocorr_energy { } 
} 

block { 
   label spin_0.005
   totweight 870400
   nautocorr 0
   total_energy { -7.595241058482413   } 
   total_energyvar { 0.09232532473488241   } 
   weight { 1.001022595404532   } 
   weightvar { 0.1087927999983013   } 
   kinetic_energy { 2.391520380239838   } 
   kinetic_energyvar { 2.921042780134415   } 
   potential_energy { -10.91369618209361   } 
   potential_energyvar { 2.901540659915817   } 
   nonlocal_energy { 0.9269347433713596   } 
   nonlocal_energyvar { 4.410584854938874   } 
   autocorr_energy { } 
} 

block { 
   label spin_0.005
   totweight 870400
   nautocorr 0
   total_energy { -7.596641637833566   } 
   total_energyvar { 0.1054356048875905   } 
   weight { 1.003241332941016   } 
   weightvar { 0.1092022925465786   } 
   kinetic_energy { 2.376720953175178   } 
   kinetic_energyvar { 2.945251889415796   } 
   potential_energy { -10.9032728560163   } 
   potential_energyvar { 2.88617587819474   } 
   nonlocal_energy { 0.9299102650075582   } 
   nonlocal_energyvar { 4.51878141129487   } 
   autocorr_energy { } 
} 

block { 
   label spin_0.005
   totweight 870400
   nautocorr 0
   total_energy { -7.593546667556308   } 
   total_energyvar { 0.1182697902223628   } 
   weight { 1.002710398819164   } 
   weightvar { 0.1083086217746798   } 
   kinetic_energy { 2.383194548601669   } 
   kinetic_energyvar { 3.06806384104345   } 
   potential_energy { -10.93332851974634   } 
   potential_energyvar { 3.005875919044041   } 
   nonlocal_energy { 0.9565873035883653   } 
   nonlocal_energyvar { 4.827188712754903   } 
   autocorr_energy { } 
} 

block { 
   label spin_0.005
   totweight 870400
   nautocorr 0
   total_energy { -7.592852881305971   } 
   total_energyvar { 0.1552360796586756   } 
   weight { 1.001118224917567   } 
   weightvar { 0.1096305347052586   } 
   kinetic_energy { 2.36484674988122   } 
   kinetic_energyvar { 3.000279808054443   } 
   potential_energy { -10.88355397443345   } 
   potential_energyvar { 3.036365581680666   } 
   nonlocal_energy { 0.9258543432462574   } 
   nonlocal_energyvar { 4.765205497831445   } 
   autocorr_energy { } 
} 

block { 
   label spin_0.005
   totweight 870400
   nautocorr 0
   total_energy { -7.592875051643127   } 
   total_energyvar { 0.09668814089406239   } 
   weight { 1.000922978065328   } 
   weightvar { 0.109731400306009   } 
   kinetic_energy { 2.370964939459738   } 
   kinetic_energyvar { 2.829427584524075   } 
   potential_energy { -10.86953176704636   } 
   potential_energyvar { 2.894957242294295   } 
   nonlocal_energy { 0.905691775943492   } 
   nonlocal_energyvar { 4.224652986759023   } 
   autocorr_energy { } 
} 

block { 
   label spin_0.005
   totweight 870400
   nautocorr 0
   total_energy { -7.592383215515752   } 
   total_energyvar { 0.09668472588597189   } 
   weight { 1.00087402740874   } 
   weightvar { 0.1085550856209767   } 
   kinetic_energy { 2.359484616064606   } 
   kinetic_energyvar { 2.93712450345654   } 
   potential_energy { -10.87302243572481   } 
   potential_energyvar { 2.84496976330163   } 
   nonlocal_energy { 0.9211546041444464   } 
   nonlocal_energyvar { 4.420093084503345   } 
   autocorr_energy { } 
} 

block { 
   label spin_0.005
   totweight 870400
   nautocorr 0
   total_energy { -7.588340889666311   } 
   total_energyvar { 0.1184372066899348   } 
   weight { 0.9984725010328036   } 
   weightvar { 0.1116145433955391   } 
   kinetic_energy { 2.377257397307791   } 
   kinetic_energyvar { 3.014388660196268   } 
   potential_energy { -10.89969952497032   } 
   potential_energyvar { 2.860100917091985   } 
   nonlocal_energy { 0.9341012379962155   } 
   nonlocal_energyvar { 4.665939723053411   } 
   autocorr_energy { } 
} 

block { 
   label spin_0.005
   totweight 870400
   nautocorr 0
   total_energy { -7.589959795287304   } 
   total_energyvar { 0.1015555626362753   } 
   weight { 0.9980411138203413   } 
   weightvar { 0.1077153550114853   } 
   kinetic_energy { 2.386939980890999   } 
   kinetic_energyvar { 3.011412100870453   } 
   potential_energy { -10.91075948243834   } 
   potential_energyvar { 2.932810060300221   } 
   nonlocal_energy { 0.9338597062600394   } 
   nonlocal_energyvar { 4.555670849914441   } 
   autocorr_energy { } 
} 

block { 
   label spin_0.005
   totweight 870400
   nautocorr 0
   total_energy { -7.586913567935026   } 
   total_energyvar { 0.1390665048635658   } 
   weight { 0.9958971607409063   } 
   weightvar { 0.10764045900603   } 
   kinetic_energy { 2.384601349080742   } 
   kinetic_energyvar { 3.044152123351767   } 
   potential_energy { -10.91122956145216   } 
   potential_energyvar { 3.031068296672826   } 
   nonlocal_energy { 0.9397146444363901   } 
   nonlocal_energyvar { 4.69276135082208   } 
   autocorr_energy { } 
} 

block { 
   label spin_0.005
   totweight 870400
   nautocorr 0
   total_energy { -7.591509568782858   } 
   total_energyvar { 0.09672317826153076   } 
   weight { 0.9974118396743485   } 
   weightvar { 0.1110056137953347   } 
   kinetic_energy { 2.392807776618131   } 
   kinetic_energyvar { 2.952988469954196   } 
   potential_energy { -10.92234998460484   } 
   potential_energyvar { 2.93815162303096   } 
   nonlocal_energy { 0.9380326392038557   } 
   nonlocal_energyvar { 4.476464363597727   } 
   autocorr_energy { } 
} 

block { 
   label spin_0.005
   totweight 870400
   nautocorr 0
   total_energy { -7.588919675338185   } 
   total_energyvar { 0.104976694235592   } 
   weight { 0.9976587145781658   } 
   weightvar { 0.1108891510346796   } 
   kinetic_energy { 2.413979652641992   } 
   kinetic_energyvar { 2.926890355016303   } 
   potential_energy { -10.95514212326531   } 
   potential_energyvar { 2.988005946042243   } 
   nonlocal_energy { 0.9522427952851311   } 
   nonlocal_energyvar { 4.452139596978942   } 
   autocorr_energy { } 
} 

block { 
   label spin_0.005
   totweight 870400
   nautocorr 0
   total_energy { -7.585201938405293   } 
   total_energyvar { 0.1285024440601855   } 
   weight { 0.9960485642423847   } 
   weightvar { 0.1080852004455047   } 
   kinetic_energy { 2.414598872235236   } 
   kinetic_energyvar { 3.021157547376843   } 
   potential_energy { -10.95901282212875   } 
   potential_energyvar { 3.008571201561761   } 
   nonlocal_energy { 0.9592120114882168   } 
   nonlocal_energyvar { 4.840584311629175   } 
   autocorr_energy { } 
} 

block { 
   label spin_0.005
   totweight 870400
   nautocorr 0
   total_energy { -7.591013805844676   } 
   total_energyvar { 0.1109113421240791   } 
   weight { 0.9962672516783807   } 
   weightvar { 0.1073205500659598   } 
   kinetic_energy { 2.41657910436853   } 
   kinetic_energyvar { 3.068143188903116   } 
   potential_energy { -10.95911948813588   } 
   potential_energyvar { 2.903728587328573   } 
   nonlocal_energy { 0.9515265779226805   } 
   nonlocal_energyvar { 4.609219192938104   } 
   autocorr_energy { } 
} 

block { 
   label spin_0.005
   totweight 870400
   nautocorr 0
   total_energy { -7.589661848492987   } 
   total_energyvar { 0.1146556337461379   } 
   weight { 0.9974786777726323   } 
   weightvar { 0.1073158048236622   } 
   kinetic_energy { 2.405148535475643   } 
   kinetic_energyvar { 2.926539647873601   } 
   potential_energy { -10.93090893864686   } 
   potential_energyvar { 2.901352325151936   } 
   nonlocal_energy { 0.9360985546782276   } 
   nonlocal_energyvar { 4.486564572628967   } 
   autocorr_energy { } 
} 

