
 Primary working directories    : /global/cscratch1/sd/gwang18
 Secondary working directories  : /global/cscratch1/sd/gwang18
 Wavefunction directory         : /global/homes/g/gwang18/wfu/
 Main file repository           : /global/cscratch1/sd/gwang18/

 SHA1      : 19cd028119e0e09f93f0674bd8af7968d9b3eff6
 NAME      : 2015.1.36
 ARCHNAME  : linux/x86_64
 FC        : /opt/cray/pe/craype/2.5.14/bin/ftn
 BLASLIB   : -L/opt/intel/compilers_and_libraries_2018.1.163/linux/mkl/lib/intel64 -Wl,-_start-group -lmkl_intel_ilp64 -lmkl_intel_thread -lmkl_core -Wl,-_end-group -liomp5
 id        : lbl

 Nodes     nprocs
 nid01841    11
 Number of processes for MPI-2 version of Molpro:   nprocs(total)=   12   nprocs(compute)=   11   nprocs(helper)=    1

 Using customized tuning parameters: mindgm=7; mindgv=16; mindgc=1; mindgr=1; noblas=0; minvec=7
 default implementation of scratch files=sf  

 ***,Calculation for W atom, singlet and triplet
 memory,1,g
 
 
 set,dkroll=1,dkho=10,dkhp=4
 
 
 geometry={
 1
 W
 W  0.0 0.0 0.0
 }
 
 basis={
 Including file /global/u2/g/gwang18/projects/cc-so-ecp/w/arep/atom/ae/dkh/basis/13/aug-cc-pwCVTZ.basis
 }
 
 
 
 Including file /global/u2/g/gwang18/projects/cc-so-ecp/w/arep/atom/ae/dkh/basis/13/states.proc
 Including file /global/u2/g/gwang18/projects/cc-so-ecp/w/arep/atom/ae/dkh/basis/13/contracted.basis
 Including file /global/u2/g/gwang18/projects/cc-so-ecp/w/arep/atom/ae/dkh/basis/13/aug-cc-pwCVTZ.basis
 Including file /global/u2/g/gwang18/projects/cc-so-ecp/w/arep/atom/ae/dkh/basis/13/contracted.basis
 Including file /global/u2/g/gwang18/projects/cc-so-ecp/w/arep/atom/ae/dkh/basis/13/aug-cc-pwCVTZ.basis
 Including file /global/u2/g/gwang18/projects/cc-so-ecp/w/arep/atom/ae/dkh/basis/13/contracted.basis
 Including file /global/u2/g/gwang18/projects/cc-so-ecp/w/arep/atom/ae/dkh/basis/13/aug-cc-pwCVTZ.basis
 Including file /global/u2/g/gwang18/projects/cc-so-ecp/w/arep/atom/ae/dkh/basis/13/contracted.basis
 Including file /global/u2/g/gwang18/projects/cc-so-ecp/w/arep/atom/ae/dkh/basis/13/aug-cc-pwCVTZ.basis
 Including file /global/u2/g/gwang18/projects/cc-so-ecp/w/arep/atom/ae/dkh/basis/13/contracted.basis
 Including file /global/u2/g/gwang18/projects/cc-so-ecp/w/arep/atom/ae/dkh/basis/13/aug-cc-pwCVTZ.basis
 Including file /global/u2/g/gwang18/projects/cc-so-ecp/w/arep/atom/ae/dkh/basis/13/contracted.basis
 Including file /global/u2/g/gwang18/projects/cc-so-ecp/w/arep/atom/ae/dkh/basis/13/aug-cc-pwCVTZ.basis
 Including file /global/u2/g/gwang18/projects/cc-so-ecp/w/arep/atom/ae/dkh/basis/13/contracted.basis
 Including file /global/u2/g/gwang18/projects/cc-so-ecp/w/arep/atom/ae/dkh/basis/13/aug-cc-pwCVTZ.basis
 Including file /global/u2/g/gwang18/projects/cc-so-ecp/w/arep/atom/ae/dkh/basis/13/contracted.basis
 Including file /global/u2/g/gwang18/projects/cc-so-ecp/w/arep/atom/ae/dkh/basis/13/aug-cc-pwCVTZ.basis
 Including file /global/u2/g/gwang18/projects/cc-so-ecp/w/arep/atom/ae/dkh/basis/13/contracted.basis
 Including file /global/u2/g/gwang18/projects/cc-so-ecp/w/arep/atom/ae/dkh/basis/13/aug-cc-pwCVTZ.basis
 Including file /global/u2/g/gwang18/projects/cc-so-ecp/w/arep/atom/ae/dkh/basis/13/contracted.basis
 Including file /global/u2/g/gwang18/projects/cc-so-ecp/w/arep/atom/ae/dkh/basis/13/aug-cc-pwCVTZ.basis
 Including file /global/u2/g/gwang18/projects/cc-so-ecp/w/arep/atom/ae/dkh/basis/13/contracted.basis
 Including file /global/u2/g/gwang18/projects/cc-so-ecp/w/arep/atom/ae/dkh/basis/13/aug-cc-pwCVTZ.basis
 Including file /global/u2/g/gwang18/projects/cc-so-ecp/w/arep/atom/ae/dkh/basis/13/contracted.basis
 Including file /global/u2/g/gwang18/projects/cc-so-ecp/w/arep/atom/ae/dkh/basis/13/aug-cc-pwCVTZ.basis
 Including file /global/u2/g/gwang18/projects/cc-so-ecp/w/arep/atom/ae/dkh/basis/13/contracted.basis
 Including file /global/u2/g/gwang18/projects/cc-so-ecp/w/arep/atom/ae/dkh/basis/13/aug-cc-pwCVTZ.basis
 Including file /global/u2/g/gwang18/projects/cc-so-ecp/w/arep/atom/ae/dkh/basis/13/contracted.basis
 Including file /global/u2/g/gwang18/projects/cc-so-ecp/w/arep/atom/ae/dkh/basis/13/aug-cc-pwCVTZ.basis
 Including file /global/u2/g/gwang18/projects/cc-so-ecp/w/arep/atom/ae/dkh/basis/13/contracted.basis
 Including file /global/u2/g/gwang18/projects/cc-so-ecp/w/arep/atom/ae/dkh/basis/13/aug-cc-pwCVTZ.basis
 
 
 do i=13,13
     if (i.eq.1) then
         Id4s2
     else if (i.eq.2) then
         Id5s1
     else if (i.eq.3) then
         Id5p1
     else if (i.eq.4) then
         EAd5s2
     else if (i.eq.5) then
         IId4s1
     else if (i.eq.6) then
         IId5
     else if (i.eq.7) then
         IIId4
     else if (i.eq.8) then
         IVd3
     else if (i.eq.9) then
         Vd2
     else if (i.eq.10) then
         VId1
     else if (i.eq.11) then
         VIp1
     else if (i.eq.12) then
         VI5f1
     else if (i.eq.13) then
         VIIXeandF
     else if (i.eq.14) then
         Xp3
     else if (i.eq.15) then
         XIIIs2
     endif
     scf(i)=energy
     _CC_NORM_MAX=2.0
     {rccsd(t),maxit=100;core}
     ccsd(i)=energy
 enddo
 
 table,scf,ccsd
 type,csv
 save
 

 Variables initialized (889), CPU time= 0.01 sec
 Commands  initialized (702), CPU time= 0.01 sec, 572 directives.
 Default parameters read. Elapsed time= 0.16 sec

 Checking input...
 Passed
1


                                         ***  PROGRAM SYSTEM MOLPRO  ***
                                       Copyright, TTI GmbH Stuttgart, 2015
                                    Version 2015.1 linked Dec 29 2018 15:55:43


 **********************************************************************************************************************************
 LABEL *   Calculation for W atom, singlet and triplet                                   
  64 bit mpp version                                                                     DATE: 28-Dec-20          TIME: 09:00:26  
 **********************************************************************************************************************************

 SHA1:             19cd028119e0e09f93f0674bd8af7968d9b3eff6
 **********************************************************************************************************************************
 SETTING DKROLL         =         1.00000000                                  
 SETTING DKHO           =        10.00000000                                  
 SETTING DKHP           =         4.00000000                                  

Geometry recognized as XYZ


 Variable memory set to 1000000000 words,  buffer space   230000 words

 SETTING BASIS          =    USERDEF

 DO I                   =        13.00000000   

 Running procedure=VIIXEANDF
 SETTING BASIS          =    USERDEF


 Recomputing integrals since basis changed


 Using spherical harmonics



 PROGRAM * SEWARD (Integral evaluation for generally contracted gaussian basis sets)     Author: Roland Lindh, 1990

 Geometry written to block  1 of record 700

 Orientation using atomic masses  
 Molecule type: Atom
 Symmetry elements: X,Y,Z
 Rotational constants:       0.0000000      0.0000000      0.0000000 GHz  (calculated with average atomic masses)

 Point group  D2h 



 ATOMIC COORDINATES

 NR  ATOM    CHARGE       X              Y              Z

   1  W      74.00    0.000000000    0.000000000    0.000000000

 NUCLEAR CHARGE:                   74
 NUMBER OF PRIMITIVE AOS:         420
 NUMBER OF SYMMETRY AOS:          345
 NUMBER OF CONTRACTIONS:          127   (  33Ag  +  18B3u +  18B2u +  12B1g +  18B1u +  12B2g +  12B3g +   4Au  )
 NUMBER OF CORE ORBITALS:          34   (   9Ag  +   6B3u +   6B2u +   2B1g +   6B1u +   2B2g +   2B3g +   1Au  )
 NUMBER OF VALENCE ORBITALS:        6   (   3Ag  +   0B3u +   0B2u +   1B1g +   0B1u +   1B2g +   1B3g +   0Au  )


 NUCLEAR REPULSION ENERGY    0.00000000

 One-electron integrals computed with SEWARD

 10nd-order Douglas-Kroll-Hess method activated. McWeeny DKH parametrization is used.

 Computing Douglas-Kroll / X2C integrals

 AO integral compression algorithm  1   Integral accuracy      1.0D-11

     30.147 MB (compressed) written to integral file ( 46.5%)

     Node minimum: 1.835 MB, node maximum: 4.194 MB


 NUMBER OF SORTED TWO-ELECTRON INTEGRALS:     396525.     BUFFER LENGTH:  32768
 NUMBER OF SEGMENTS:   1  SEGMENT LENGTH:     396525      RECORD LENGTH: 524288

 Memory used in sort:       0.95 MW

 SORT1 READ     8042209. AND WROTE      303313. INTEGRALS IN      1 RECORDS. CPU TIME:     0.18 SEC, REAL TIME:     0.20 SEC
 SORT2 READ     3321093. AND WROTE     4351165. INTEGRALS IN    132 RECORDS. CPU TIME:     0.02 SEC, REAL TIME:     0.04 SEC

 Node minimum:      383518.  Node maximum:      414529. integrals

 OPERATOR DM      FOR CENTER  0  COORDINATES:    0.000000    0.000000    0.000000

 EXTRA SYMMETRY OF AOS IN SYMMETRY 1:   1 1 1 1 1 1 1 1 1 1   1 2 3 2 3 2 3 2 3 2   3 2 3 2 3 2 3 4 5 6   4 5 6
 EXTRA SYMMETRY OF AOS IN SYMMETRY 2:   1 1 1 1 1 1 1 1 1 1   2 3 2 3 2 3 2 3
 EXTRA SYMMETRY OF AOS IN SYMMETRY 3:   1 1 1 1 1 1 1 1 1 1   2 3 2 3 2 3 2 3
 EXTRA SYMMETRY OF AOS IN SYMMETRY 4:   1 1 1 1 1 1 1 1 2 3   2 3
 EXTRA SYMMETRY OF AOS IN SYMMETRY 5:   1 1 1 1 1 1 1 1 1 1   2 3 2 3 2 3 2 3
 EXTRA SYMMETRY OF AOS IN SYMMETRY 6:   1 1 1 1 1 1 1 1 2 3   2 3
 EXTRA SYMMETRY OF AOS IN SYMMETRY 7:   1 1 1 1 1 1 1 1 2 3   2 3

 Eigenvalues of metric

         1 0.886E-04 0.243E-02 0.276E-02 0.276E-02 0.134E-01 0.584E-01 0.584E-01 0.137E+00
         2 0.296E-03 0.736E-03 0.517E-01 0.160E+00 0.160E+00 0.224E+00 0.497E+00 0.497E+00
         3 0.296E-03 0.736E-03 0.517E-01 0.160E+00 0.160E+00 0.224E+00 0.497E+00 0.497E+00
         4 0.276E-02 0.584E-01 0.137E+00 0.432E+00 0.432E+00 0.999E+00 0.100E+01 0.148E+01
         5 0.296E-03 0.736E-03 0.517E-01 0.160E+00 0.160E+00 0.224E+00 0.497E+00 0.497E+00
         6 0.276E-02 0.584E-01 0.137E+00 0.432E+00 0.432E+00 0.999E+00 0.100E+01 0.148E+01
         7 0.276E-02 0.584E-01 0.137E+00 0.432E+00 0.432E+00 0.999E+00 0.100E+01 0.148E+01
         8 0.160E+00 0.497E+00 0.106E+01 0.228E+01


 **********************************************************************************************************************************
 DATASETS  * FILE   NREC   LENGTH (MB)   RECORD NAMES
              1      22       20.45       500      610      700      900      950      970     1000      129      960     1700   
                                          VAR    BASINP    GEOM    SYMINP    ZMAT    AOBASIS   BASIS     P2S    ABASIS    OPER   
                                         1101     1401     1411     1412     1650     1100     1400     1410     1200     1210   
                                          SR      EKINR    POTR     PVPR    MOLCAS      S      EKIN      POT      H0       H01  
                                         1080     1600   
                                         AOSYM     SMH  

 PROGRAMS   *        TOTAL       INT
 CPU TIMES  *        15.04     14.77
 REAL TIME  *        17.39 SEC
 DISK USED  *        64.50 MB      
 GA USED    *         0.00 MB       (max)       0.00 MB       (current)
 **********************************************************************************************************************************


 PROGRAM * RHF-SCF (CLOSED SHELL)       Authors: W. Meyer, H.-J. Werner


 NUMBER OF ELECTRONS:      34+   34-    SPACE SYMMETRY=1    SPIN SYMMETRY: Singlet 
 CONVERGENCE THRESHOLDS:    1.00E-05 (Density)    1.48E-07 (Energy)
 MAX. NUMBER OF ITERATIONS:       60
 INTERPOLATION TYPE:            DIIS
 INTERPOLATION STEPS:              2 (START)      1 (STEP)
 LEVEL SHIFTS:                  0.00 (CLOSED)  0.00 (OPEN) 

 Number of closed-shell orbitals:   34 (   9   6   6   2   6   2   2   1 )


 Orbital guess generated from atomic densities. Full valence occupancy:   12   6   6   3   6   3   3   1


 Molecular orbital dump at record        2124.2

 ITERATION    DDIFF          GRAD             ENERGY        2-EL.EN.            DIPOLE MOMENTS         DIIS   ORB.
    1      0.000D+00      0.000D+00    -16132.60217408  11534.884141    0.00000    0.00000    0.00000    0    start
    2      0.000D+00      0.575D-01    -16132.97015147  11705.578337    0.00000    0.00000    0.00000    1    diag
    3      0.400D-01      0.524D-01    -16133.12461691  11638.363060    0.00000    0.00000    0.00000    2    diag
    4      0.139D-01      0.256D-02    -16133.12539571  11635.632230    0.00000    0.00000    0.00000    3    diag
    5      0.674D-02      0.755D-03    -16133.12543258  11636.574913    0.00000    0.00000    0.00000    4    diag
    6      0.549D-03      0.297D-04    -16133.12543267  11636.604448    0.00000    0.00000    0.00000    5    diag
    7      0.167D-04      0.280D-05    -16133.12543267  11636.607167    0.00000    0.00000    0.00000    6    diag
    8      0.220D-05      0.733D-07    -16133.12543267  11636.607196    0.00000    0.00000    0.00000    0    orth

 Final occupancy:   9   6   6   2   6   2   2   1

 !RHF STATE 1.1 Energy               -16133.1254326749    
 Nuclear energy                         0.00000000
 One-electron energy               -21951.42903092
 Two-electron energy                 5818.30359825
 Virial quotient                       -0.70764768
 !RHF STATE 1.1 Dipole moment           0.00000000     0.00000000     0.00000000
 Dipole moment /Debye                   0.00000000     0.00000000     0.00000000

 Orbital energies:

         1.1          2.1          3.1          4.1          5.1          6.1          7.1          8.1          9.1         10.1
  -2572.083844  -451.441754  -108.419803   -71.816986   -71.816986   -25.787217   -12.826416   -12.826416    -6.172576    -2.302221

        11.1
     -2.302221

         1.2          2.2          3.2          4.2          5.2          6.2          7.2          8.2
   -396.137477   -91.690266   -20.181759    -4.643513    -4.643513    -4.585206    -1.617986    -1.118778

         1.3          2.3          3.3          4.3          5.3          6.3          7.3          8.3
   -396.137477   -91.690266   -20.181759    -4.643513    -4.643513    -4.585206    -1.617986    -1.118778

         1.4          2.4          3.4          4.4
    -71.816986   -12.826416    -2.302221    -1.159068

         1.5          2.5          3.5          4.5          5.5          6.5          7.5          8.5
   -396.137477   -91.690266   -20.181759    -4.643513    -4.643513    -4.585206    -1.617986    -1.118778

         1.6          2.6          3.6          4.6
    -71.816986   -12.826416    -2.302221    -1.159068

         1.7          2.7          3.7          4.7
    -71.816986   -12.826416    -2.302221    -1.159068

         1.8          2.8          3.8
     -4.643513    -1.118778     0.036821

 HOMO      6.2    -4.585206 =    -124.7698eV
 LUMO     10.1    -2.302221 =     -62.6466eV
 LUMO-HOMO         2.282985 =      62.1232eV


 **********************************************************************************************************************************
 DATASETS  * FILE   NREC   LENGTH (MB)   RECORD NAMES
              1      22       20.45       500      610      700      900      950      970     1000      129      960     1700   
                                          VAR    BASINP    GEOM    SYMINP    ZMAT    AOBASIS   BASIS     P2S    ABASIS    OPER   
                                         1101     1401     1411     1412     1650     1100     1400     1410     1200     1210   
                                          SR      EKINR    POTR     PVPR    MOLCAS      S      EKIN      POT      H0       H01  
                                         1080     1600   
                                         AOSYM     SMH  

              2       5        5.43       200      700     1000      520     2124   
                                        OPTIONS   GEOM     BASIS   MCVARS     RHF  

 PROGRAMS   *        TOTAL       RHF       INT
 CPU TIMES  *        15.12      0.07     14.77
 REAL TIME  *        17.72 SEC
 DISK USED  *       351.83 MB      
 SF USED    *         0.01 MB      
 GA USED    *         0.00 MB       (max)       0.00 MB       (current)
 **********************************************************************************************************************************
 SETTING BASIS          =    USERDEF


 Recomputing integrals since basis changed


 Using spherical harmonics



 PROGRAM * SEWARD (Integral evaluation for generally contracted gaussian basis sets)     Author: Roland Lindh, 1990

 Geometry written to block  1 of record 700

 Orientation using atomic masses  
 Molecule type: Atom
 Symmetry elements: X,Y,Z
 Rotational constants:       0.0000000      0.0000000      0.0000000 GHz  (calculated with average atomic masses)

 Point group  D2h 



 ATOMIC COORDINATES

 NR  ATOM    CHARGE       X              Y              Z

   1  W      74.00    0.000000000    0.000000000    0.000000000

 NUCLEAR CHARGE:                   74
 NUMBER OF PRIMITIVE AOS:         455
 NUMBER OF SYMMETRY AOS:          370
 NUMBER OF CONTRACTIONS:          370   (  88Ag  +  61B3u +  61B2u +  28B1g +  61B1u +  28B2g +  28B3g +  15Au  )
 NUMBER OF CORE ORBITALS:          34   (   9Ag  +   6B3u +   6B2u +   2B1g +   6B1u +   2B2g +   2B3g +   1Au  )
 NUMBER OF VALENCE ORBITALS:        6   (   3Ag  +   0B3u +   0B2u +   1B1g +   0B1u +   1B2g +   1B3g +   0Au  )


 NUCLEAR REPULSION ENERGY    0.00000000

 One-electron integrals computed with SEWARD

 10nd-order Douglas-Kroll-Hess method activated. McWeeny DKH parametrization is used.

 Computing Douglas-Kroll / X2C integrals

 AO integral compression algorithm  1   Integral accuracy      1.0D-11

     1332.740 MB (compressed) written to integral file ( 27.0%)

     Node minimum: 60.555 MB, node maximum: 194.249 MB


 NUMBER OF SORTED TWO-ELECTRON INTEGRALS:   27596060.     BUFFER LENGTH:  32768
 NUMBER OF SEGMENTS:   1  SEGMENT LENGTH:   27596060      RECORD LENGTH: 524288

 Memory used in sort:      28.15 MW

 SORT1 READ   615538086. AND WROTE    14391146. INTEGRALS IN     42 RECORDS. CPU TIME:    13.27 SEC, REAL TIME:    14.97 SEC
 SORT2 READ   156975424. AND WROTE   304061875. INTEGRALS IN   6743 RECORDS. CPU TIME:     0.54 SEC, REAL TIME:     0.98 SEC

 Node minimum:    27596060.  Node maximum:    27763322. integrals

 OPERATOR DM      FOR CENTER  0  COORDINATES:    0.000000    0.000000    0.000000

 EXTRA SYMMETRY OF AOS IN SYMMETRY 1:   1 1 1 1 1 1 1 1 1 1   1 1 1 1 1 1 1 1 1 1   1 1 1 1 1 1 1 1 1 1   1 1 1 1 1 1 1 1 1 1
                                        1 1 1 1 1 1 1 1 1 1   1 1 1 1 1 1 1 1 1 1   1 1 1 1 1 1 1 1 1 1   1 1 1 1 1 1 1 1 1 2
                                        3 4 2 3 4 2 3 4
 EXTRA SYMMETRY OF AOS IN SYMMETRY 2:   1 1 1 1 1 1 1 1 1 1   1 1 1 1 1 1 1 1 1 1   1 1 1 1 1 1 1 1 1 1   1 2 3 2 3 2 3 2 3 2
                                        3 2 3 2 3 2 3 2 3 2   3 2 3 2 3 2 3 2 3 2   3
 EXTRA SYMMETRY OF AOS IN SYMMETRY 3:   1 1 1 1 1 1 1 1 1 1   1 1 1 1 1 1 1 1 1 1   1 1 1 1 1 1 1 1 1 1   1 2 3 2 3 2 3 2 3 2
                                        3 2 3 2 3 2 3 2 3 2   3 2 3 2 3 2 3 2 3 2   3
 EXTRA SYMMETRY OF AOS IN SYMMETRY 4:   1 1 1 1 1 1 1 1 1 1   1 1 1 1 1 1 1 1 1 1   1 1 2 3 2 3 2 3
 EXTRA SYMMETRY OF AOS IN SYMMETRY 5:   1 1 1 1 1 1 1 1 1 1   1 1 1 1 1 1 1 1 1 1   1 1 1 1 1 1 1 1 1 1   1 2 3 2 3 2 3 2 3 2
                                        3 2 3 2 3 2 3 2 3 2   3 2 3 2 3 2 3 2 3 2   3
 EXTRA SYMMETRY OF AOS IN SYMMETRY 6:   1 1 1 1 1 1 1 1 1 1   1 1 1 1 1 1 1 1 1 1   1 1 2 3 2 3 2 3
 EXTRA SYMMETRY OF AOS IN SYMMETRY 7:   1 1 1 1 1 1 1 1 1 1   1 1 1 1 1 1 1 1 1 1   1 1 2 3 2 3 2 3

 Eigenvalues of metric

         1 0.694E-06 0.139E-04 0.139E-04 0.237E-04 0.481E-04 0.143E-03 0.143E-03 0.146E-03
         2 0.469E-06 0.114E-04 0.100E-03 0.100E-03 0.132E-03 0.442E-03 0.112E-02 0.146E-02
         3 0.469E-06 0.114E-04 0.100E-03 0.100E-03 0.132E-03 0.442E-03 0.112E-02 0.146E-02
         4 0.139E-04 0.143E-03 0.607E-03 0.227E-02 0.654E-02 0.151E-01 0.281E-01 0.503E-01
         5 0.469E-06 0.114E-04 0.100E-03 0.100E-03 0.132E-03 0.442E-03 0.112E-02 0.146E-02
         6 0.139E-04 0.143E-03 0.607E-03 0.227E-02 0.654E-02 0.151E-01 0.281E-01 0.503E-01
         7 0.139E-04 0.143E-03 0.607E-03 0.227E-02 0.654E-02 0.151E-01 0.281E-01 0.503E-01
         8 0.100E-03 0.146E-02 0.736E-02 0.189E-01 0.417E-01 0.101E+00 0.199E+00 0.345E+00


 **********************************************************************************************************************************
 DATASETS  * FILE   NREC   LENGTH (MB)   RECORD NAMES
              1      22       21.46       500      610      700      900      950      970     1001      129      960     1700   
                                          VAR    BASINP    GEOM    SYMINP    ZMAT    AOBASIS   BASIS     P2S    ABASIS    OPER   
                                         1101     1401     1411     1412     1650     1100     1400     1410     1200     1210   
                                          SR      EKINR    POTR     PVPR    MOLCAS      S      EKIN      POT      H0       H01  
                                         1080     1600   
                                         AOSYM     SMH  

              2       6        5.55       200      700     1000      520     2124     1001   
                                        OPTIONS   GEOM     BASIS   MCVARS     RHF     BASIS   

 PROGRAMS   *        TOTAL       INT       RHF       INT
 CPU TIMES  *       141.44    126.24      0.07     14.77
 REAL TIME  *       147.31 SEC
 DISK USED  *         3.51 GB      
 SF USED    *         0.01 MB      
 GA USED    *         0.00 MB       (max)       0.00 MB       (current)
 **********************************************************************************************************************************


 PROGRAM * RHF-SCF (CLOSED SHELL)       Authors: W. Meyer, H.-J. Werner


 NUMBER OF ELECTRONS:      34+   34-    SPACE SYMMETRY=1    SPIN SYMMETRY: Singlet 
 CONVERGENCE THRESHOLDS:    1.00E-05 (Density)    1.36E-07 (Energy)
 MAX. NUMBER OF ITERATIONS:       60
 INTERPOLATION TYPE:            DIIS
 INTERPOLATION STEPS:              2 (START)      1 (STEP)
 LEVEL SHIFTS:                  0.00 (CLOSED)  0.00 (OPEN) 

 Number of closed-shell orbitals:   34 (   9   6   6   2   6   2   2   1 )


 Orbital guess generated from atomic densities. Full valence occupancy:   12   6   6   3   6   3   3   1


 Molecular orbital dump at record        2125.2

 ITERATION    DDIFF          GRAD             ENERGY        2-EL.EN.            DIPOLE MOMENTS         DIIS   ORB.
    1      0.000D+00      0.000D+00    -16132.62638751  11533.758463    0.00000    0.00000    0.00000    0    start
    2      0.000D+00      0.311D-01    -16132.96148228  11717.374676    0.00000    0.00000    0.00000    1    diag
    3      0.237D-01      0.344D-01    -16133.15205193  11642.443560    0.00000    0.00000    0.00000    2    diag
    4      0.426D-02      0.236D-02    -16133.15390597  11635.888309    0.00000    0.00000    0.00000    3    diag
    5      0.331D-02      0.801D-03    -16133.15402586  11637.657700    0.00000    0.00000    0.00000    4    diag
    6      0.609D-03      0.411D-04    -16133.15402644  11637.729657    0.00000    0.00000    0.00000    5    diag
    7      0.850D-04      0.581D-05    -16133.15402645  11637.740160    0.00000    0.00000    0.00000    6    diag
    8      0.549D-05      0.524D-06    -16133.15402645  11637.741890    0.00000    0.00000    0.00000    0    orth

 Final occupancy:   9   6   6   2   6   2   2   1

 !RHF STATE 1.1 Energy               -16133.1540264491    
 Nuclear energy                         0.00000000
 One-electron energy               -21952.02497141
 Two-electron energy                 5818.87094496
 Virial quotient                       -0.70540239
 !RHF STATE 1.1 Dipole moment           0.00000000     0.00000000     0.00000000
 Dipole moment /Debye                   0.00000000     0.00000000     0.00000000

 Orbital energies:

         1.1          2.1          3.1          4.1          5.1          6.1          7.1          8.1          9.1         10.1
  -2571.992838  -451.423192  -108.414843   -71.809848   -71.809848   -25.786631   -12.825412   -12.825412    -6.172640    -2.302163

        11.1
     -2.302163

         1.2          2.2          3.2          4.2          5.2          6.2          7.2          8.2
   -396.109849   -91.682261   -20.180295    -4.643245    -4.643245    -4.585055    -1.618181    -1.140744

         1.3          2.3          3.3          4.3          5.3          6.3          7.3          8.3
   -396.109849   -91.682261   -20.180295    -4.643245    -4.643245    -4.585055    -1.618181    -1.140744

         1.4          2.4          3.4          4.4
    -71.809848   -12.825412    -2.302163    -1.159417

         1.5          2.5          3.5          4.5          5.5          6.5          7.5          8.5
   -396.109849   -91.682261   -20.180295    -4.643245    -4.643245    -4.585055    -1.618181    -1.140744

         1.6          2.6          3.6          4.6
    -71.809848   -12.825412    -2.302163    -1.159417

         1.7          2.7          3.7          4.7
    -71.809848   -12.825412    -2.302163    -1.159417

         1.8          2.8          3.8
     -4.643245    -1.140744    -0.716866

 HOMO      6.5    -4.585055 =    -124.7657eV
 LUMO     10.1    -2.302163 =     -62.6451eV
 LUMO-HOMO         2.282892 =      62.1206eV


 **********************************************************************************************************************************
 DATASETS  * FILE   NREC   LENGTH (MB)   RECORD NAMES
              1      22       21.46       500      610      700      900      950      970     1001      129      960     1700   
                                          VAR    BASINP    GEOM    SYMINP    ZMAT    AOBASIS   BASIS     P2S    ABASIS    OPER   
                                         1101     1401     1411     1412     1650     1100     1400     1410     1200     1210   
                                          SR      EKINR    POTR     PVPR    MOLCAS      S      EKIN      POT      H0       H01  
                                         1080     1600   
                                         AOSYM     SMH  

              2       7        8.47       200      700     1000      520     2124     1001     2125   
                                        OPTIONS   GEOM     BASIS   MCVARS     RHF     BASIS     RHF  

 PROGRAMS   *        TOTAL       RHF       INT       RHF       INT
 CPU TIMES  *       142.87      1.42    126.24      0.07     14.77
 REAL TIME  *       149.35 SEC
 DISK USED  *         3.56 GB      
 SF USED    *         0.09 MB      
 GA USED    *         0.00 MB       (max)       0.00 MB       (current)
 **********************************************************************************************************************************
 SETTING SCF(13)        =    -16133.15402645  AU                              
 SETTING _CC_NORM_MAX   =         2.00000000                                  


 PROGRAM * CCSD (Restricted open-shell coupled cluster)     Authors: C. Hampel, H.-J. Werner, 1991, M. Deegan, P.J. Knowles, 1992


 Convergence thresholds:  THRVAR = 1.00D-08  THRDEN = 1.36D-06

 CCSD(T)     terms to be evaluated (factor= 1.000)


 Number of closed-shell orbitals:  34 (   9   6   6   2   6   2   2   1 )
 Number of external orbitals:     336 (  79  55  55  26  55  26  26  14 )

 Memory could be reduced to 296.26 Mwords without degradation in triples

 Number of N-1 electron functions:              68
 Number of N-2 electron functions:            2278
 Number of singly external CSFs:              3742
 Number of doubly external CSFs:          24861296
 Total number of CSFs:                    24865038

 Molecular orbitals read from record     2125.2  Type=RHF/CANONICAL (state 1.1)

 Integral transformation finished. Total CPU:   6.81 sec, npass=  1  Memory used:  64.38 MW

 Starting RMP2 calculation

 Wavefunction is spin-projected

 ITER.      SQ.NORM     CORR.ENERGY   TOTAL ENERGY   ENERGY CHANGE        DEN1      VAR(S)    VAR(P)  DIIS     TIME
   1      1.09342364    -2.96441541-16136.11844186    -2.96441541    -0.00034956  0.58D-14  0.50D-04  1  1    10.68
   2      1.09352812    -2.96477171-16136.11879816    -0.00035630    -0.00000009  0.20D-17  0.17D-07  2  2    14.30
   3      1.09352977    -2.96477523-16136.11880168    -0.00000352    -0.00000000  0.19D-21  0.14D-11  3  3    19.59
   4      1.09352977    -2.96477523-16136.11880168    -0.00000000    -0.00000000  0.60D-25  0.11D-15  4  4    24.56

 Norm of t1 vector:      0.00000260      S-energy:    -0.00000000      T1 diagnostic:  0.00000022
 Norm of t2 vector:      0.30582638      P-energy:    -2.96477523
                                         Alpha-Beta:  -1.90804323
                                         Alpha-Alpha: -0.52836600
                                         Beta-Beta:   -0.52836600

 Spin contamination <S**2-Sz**2-Sz>     0.00000000
  Reference energy                   -16133.1540264491    
  RHF-RMP2 correlation energy          -2.964775230901
 !RHF-RMP2 energy                    -16136.1188016800    
 (NB above energy spin projected)

 Starting RCCSD calculation

 ITER.      SQ.NORM     CORR.ENERGY   TOTAL ENERGY   ENERGY CHANGE        DEN1      VAR(S)    VAR(P)  DIIS     TIME
   1      1.07068212    -2.63589148-16135.78991793    -2.63589148    -0.11562957  0.27D-02  0.50D-02  0  0    63.22
   2      1.07842456    -2.73945702-16135.89348346    -0.10356554    -0.01272949  0.31D-03  0.66D-03  0  0    99.93
   3      1.07640415    -2.70649594-16135.86052239     0.03296108    -0.00195108  0.11D-03  0.89D-04  1  1   137.86
   4      1.07704888    -2.71550654-16135.86953299    -0.00901060    -0.00000733  0.29D-06  0.49D-06  2  2   176.38
   5      1.07708923    -2.71561042-16135.86963687    -0.00010388    -0.00000073  0.82D-07  0.57D-07  3  3   212.25
   6      1.07711404    -2.71566206-16135.86968851    -0.00005163    -0.00000001  0.57D-10  0.31D-09  4  4   247.19
   7      1.07711461    -2.71566497-16135.86969142    -0.00000292    -0.00000000  0.35D-10  0.48D-10  5  5   284.12
   8      1.07711405    -2.71566268-16135.86968913     0.00000229    -0.00000000  0.92D-11  0.21D-10  6  6   321.61
   9      1.07711406    -2.71566288-16135.86968933    -0.00000020    -0.00000000  0.38D-12  0.18D-11  6  1   364.03

 Norm of t1 vector:      0.04410029      S-energy:    -0.00000033      T1 diagnostic:  0.00378157
                                                                       D1 diagnostic:  0.01154012
 Norm of t2 vector:      0.27417006      P-energy:    -2.71566255
                                         Alpha-Beta:  -1.79077413
                                         Alpha-Alpha: -0.46244421
                                         Beta-Beta:   -0.46244421

 Spin contamination <S**2-Sz**2-Sz>     0.00000000

 Memory could be reduced to 325.49 Mwords without degradation in triples
 

  Correlated core orbitals:             1.1       2.1       3.1       4.1       5.1       6.1       7.1       8.1       9.1       1.2
                                        2.2       3.2       4.2       5.2       6.2       1.3       2.3       3.3       4.3       5.3
                                        6.3       1.4       2.4       1.5       2.5       3.5       4.5       5.5       6.5       1.6
                                        2.6       1.7       2.7       1.8
  Orbital energies:                 -2571.9928 -451.4232 -108.4148  -71.8098  -71.8098  -25.7866  -12.8254  -12.8254   -6.1726 -396.1098
                                      -91.6823  -20.1803   -4.6432   -4.6432   -4.5851 -396.1098  -91.6823  -20.1803   -4.6432   -4.6432
                                       -4.5851  -71.8098  -12.8254 -396.1098  -91.6823  -20.1803   -4.6432   -4.6432   -4.5851  -71.8098
                                      -12.8254  -71.8098  -12.8254   -4.6432
 
  RCCSD core-core energy               -2.715662877884
 

 RESULTS
 =======

  Reference energy                   -16133.1540264491    
  RCCSD singles energy                 -0.000000330234
  RCCSD pair energy                    -2.715662547650
  RCCSD correlation energy             -2.715662877884
  Triples (T) contribution             -0.024354450972
  Total correlation energy             -2.740017328855
 
  RHF-RCCSD energy                   -16135.8696893270    
  RHF-RCCSD[T] energy                -16135.8967011338    
  RHF-RCCSD-T energy                 -16135.8934703209    
 !RHF-RCCSD(T) energy                -16135.8940437780    

 Program statistics:

 Available memory in ccsd:               999990312
 Min. memory needed in ccsd:              68070617
 Max. memory used in ccsd:               100423061
 Max. memory used in cckext:              82944182 ( 9 integral passes)
 Max. memory used in cckint:              64378373 ( 1 integral passes)



 **********************************************************************************************************************************
 DATASETS  * FILE   NREC   LENGTH (MB)   RECORD NAMES
              1      22       21.46       500      610      700      900      950      970     1001      129      960     1700   
                                          VAR    BASINP    GEOM    SYMINP    ZMAT    AOBASIS   BASIS     P2S    ABASIS    OPER   
                                         1101     1401     1411     1412     1650     1100     1400     1410     1200     1210   
                                          SR      EKINR    POTR     PVPR    MOLCAS      S      EKIN      POT      H0       H01  
                                         1080     1600   
                                         AOSYM     SMH  

              2       7        8.47       200      700     1000      520     2124     1001     2125   
                                        OPTIONS   GEOM     BASIS   MCVARS     RHF     BASIS     RHF  

 PROGRAMS   *        TOTAL  RCCSD(T)       RHF       INT       RHF       INT
 CPU TIMES  *      1726.16   1583.13      1.42    126.24      0.07     14.77
 REAL TIME  *      2118.07 SEC
 DISK USED  *        38.39 GB      
 SF USED    *         6.62 GB      
 GA USED    *         0.00 MB       (max)       0.00 MB       (current)
 **********************************************************************************************************************************
 SETTING CCSD(13)       =    -16135.89404378  AU                              
 Output type csv         
                                                                                                                                                                                                                                                                

          SCF,CCSD
        0.00000,        0.00000
        0.00000,        0.00000
        0.00000,        0.00000
        0.00000,        0.00000
        0.00000,        0.00000
        0.00000,        0.00000
        0.00000,        0.00000
        0.00000,        0.00000
        0.00000,        0.00000
        0.00000,        0.00000
        0.00000,        0.00000
        0.00000,        0.00000
   -16133.15403,   -16135.89404
                                                  

 RCCSD(T)/USERDEF energy= -16135.894043777967

        RCCSD(T)        RHF-SCF         RHF-SCF 
 -16135.89404378 -16133.15402645 -16133.12543267
 **********************************************************************************************************************************
 Molpro calculation terminated
 Variable memory released
