#-------------------------------------------------
#VMC run: timestep 0.47 nconfig 8192 steps 30
#-------------------------------------------------


init { 
   label vmc
}
block { 
   label vmc
   totweight 245760
   nautocorr 0
   total_energy { -67.85406917645338   } 
   total_energyvar { 0.5625722115548184   } 
   weight { 1   } 
   weightvar { 0   } 
   kinetic_energy { 23.76805931901457   } 
   kinetic_energyvar { 52.95591402535092   } 
   potential_energy { -102.4766106327017   } 
   potential_energyvar { 118.8101175213355   } 
   nonlocal_energy { 10.8544821372337   } 
   nonlocal_energyvar { 117.5040958558813   } 
   autocorr_energy { } 
} 

block { 
   label vmc
   totweight 245760
   nautocorr 0
   total_energy { -67.85092488753604   } 
   total_energyvar { 0.5231280964756979   } 
   weight { 1   } 
   weightvar { 0   } 
   kinetic_energy { 23.79356075889596   } 
   kinetic_energyvar { 53.92375367882468   } 
   potential_energy { -102.5138326775382   } 
   potential_energyvar { 119.2484480167777   } 
   nonlocal_energy { 10.86934703110619   } 
   nonlocal_energyvar { 117.8044648815847   } 
   autocorr_energy { } 
} 

block { 
   label vmc
   totweight 245760
   nautocorr 0
   total_energy { -67.85054672049422   } 
   total_energyvar { 0.5252385369727062   } 
   weight { 1   } 
   weightvar { 0   } 
   kinetic_energy { 23.7854338986799   } 
   kinetic_energyvar { 53.3560969527006   } 
   potential_energy { -102.5177688194661   } 
   potential_energyvar { 119.1859015392164   } 
   nonlocal_energy { 10.88178820029198   } 
   nonlocal_energyvar { 117.9673343214197   } 
   autocorr_energy { } 
} 

block { 
   label vmc
   totweight 245760
   nautocorr 0
   total_energy { -67.85457804835745   } 
   total_energyvar { 0.5104122714686851   } 
   weight { 1   } 
   weightvar { 0   } 
   kinetic_energy { 23.78529672272301   } 
   kinetic_energyvar { 52.97641453071543   } 
   potential_energy { -102.5134805129384   } 
   potential_energyvar { 118.5103344931571   } 
   nonlocal_energy { 10.87360574185796   } 
   nonlocal_energyvar { 114.233210577743   } 
   autocorr_energy { } 
} 

block { 
   label vmc
   totweight 245760
   nautocorr 0
   total_energy { -67.85037754965107   } 
   total_energyvar { 0.5595614997182216   } 
   weight { 1   } 
   weightvar { 0   } 
   kinetic_energy { 23.79728246998094   } 
   kinetic_energyvar { 53.26846552113403   } 
   potential_energy { -102.5263872874385   } 
   potential_energyvar { 119.3926659506225   } 
   nonlocal_energy { 10.87872726780646   } 
   nonlocal_energyvar { 116.2634129144613   } 
   autocorr_energy { } 
} 

block { 
   label vmc
   totweight 245760
   nautocorr 0
   total_energy { -67.85053093082421   } 
   total_energyvar { 0.5623980532126047   } 
   weight { 1   } 
   weightvar { 0   } 
   kinetic_energy { 23.80771398412169   } 
   kinetic_energyvar { 52.48645956460785   } 
   potential_energy { -102.4960599245825   } 
   potential_energyvar { 118.5528273452916   } 
   nonlocal_energy { 10.83781500963661   } 
   nonlocal_energyvar { 114.4280907835158   } 
   autocorr_energy { } 
} 

block { 
   label vmc
   totweight 245760
   nautocorr 0
   total_energy { -67.85226130869815   } 
   total_energyvar { 0.563496583165274   } 
   weight { 1   } 
   weightvar { 0   } 
   kinetic_energy { 23.87069062160588   } 
   kinetic_energyvar { 52.78892940918843   } 
   potential_energy { -102.5944733104588   } 
   potential_energyvar { 119.2564741716653   } 
   nonlocal_energy { 10.87152138015475   } 
   nonlocal_energyvar { 115.1391234888415   } 
   autocorr_energy { } 
} 

block { 
   label vmc
   totweight 245760
   nautocorr 0
   total_energy { -67.85243629343933   } 
   total_energyvar { 0.4975368438422764   } 
   weight { 1   } 
   weightvar { 0   } 
   kinetic_energy { 23.80558898187722   } 
   kinetic_energyvar { 52.75194177292625   } 
   potential_energy { -102.4880167847221   } 
   potential_energyvar { 118.7785757892163   } 
   nonlocal_energy { 10.82999150940556   } 
   nonlocal_energyvar { 115.5258944877277   } 
   autocorr_energy { } 
} 

block { 
   label vmc
   totweight 245760
   nautocorr 0
   total_energy { -67.8536896577971   } 
   total_energyvar { 0.5218816356976144   } 
   weight { 1   } 
   weightvar { 0   } 
   kinetic_energy { 23.79335494986251   } 
   kinetic_energyvar { 53.69799529499556   } 
   potential_energy { -102.5050702708816   } 
   potential_energyvar { 118.8936787140852   } 
   nonlocal_energy { 10.85802566322199   } 
   nonlocal_energyvar { 117.113142346294   } 
   autocorr_energy { } 
} 

block { 
   label vmc
   totweight 245760
   nautocorr 0
   total_energy { -67.85443864630506   } 
   total_energyvar { 0.5890431450189404   } 
   weight { 1   } 
   weightvar { 0   } 
   kinetic_energy { 23.799740529522   } 
   kinetic_energyvar { 53.32868100070674   } 
   potential_energy { -102.541617648095   } 
   potential_energyvar { 119.793272731592   } 
   nonlocal_energy { 10.88743847226797   } 
   nonlocal_energyvar { 117.3121865150564   } 
   autocorr_energy { } 
} 

block { 
   label vmc
   totweight 245760
   nautocorr 0
   total_energy { -67.84945180361318   } 
   total_energyvar { 0.5500626227478635   } 
   weight { 1   } 
   weightvar { 0   } 
   kinetic_energy { 23.79461478990896   } 
   kinetic_energyvar { 53.35622741545001   } 
   potential_energy { -102.5414408977144   } 
   potential_energyvar { 119.6614630181314   } 
   nonlocal_energy { 10.89737430419227   } 
   nonlocal_energyvar { 117.5503629512014   } 
   autocorr_energy { } 
} 

block { 
   label vmc
   totweight 245760
   nautocorr 0
   total_energy { -67.85643473009858   } 
   total_energyvar { 0.5394617509906504   } 
   weight { 1   } 
   weightvar { 0   } 
   kinetic_energy { 23.75113169545635   } 
   kinetic_energyvar { 53.24498828851616   } 
   potential_energy { -102.5133655188688   } 
   potential_energyvar { 120.0024296675654   } 
   nonlocal_energy { 10.90579909331388   } 
   nonlocal_energyvar { 118.2540471987909   } 
   autocorr_energy { } 
} 

block { 
   label vmc
   totweight 245760
   nautocorr 0
   total_energy { -67.85498090784353   } 
   total_energyvar { 0.501960589552067   } 
   weight { 1   } 
   weightvar { 0   } 
   kinetic_energy { 23.80666937171208   } 
   kinetic_energyvar { 53.28101529053154   } 
   potential_energy { -102.5591336020085   } 
   potential_energyvar { 118.7446824526254   } 
   nonlocal_energy { 10.8974833224529   } 
   nonlocal_energyvar { 116.7177129739583   } 
   autocorr_energy { } 
} 

block { 
   label vmc
   totweight 245760
   nautocorr 0
   total_energy { -67.85220769169726   } 
   total_energyvar { 0.5574090635579341   } 
   weight { 1   } 
   weightvar { 0   } 
   kinetic_energy { 23.77516830212538   } 
   kinetic_energyvar { 53.45491230981501   } 
   potential_energy { -102.5220762485945   } 
   potential_energyvar { 119.9071793426632   } 
   nonlocal_energy { 10.89470025477183   } 
   nonlocal_energyvar { 118.373161332063   } 
   autocorr_energy { } 
} 

block { 
   label vmc
   totweight 245760
   nautocorr 0
   total_energy { -67.85258981274912   } 
   total_energyvar { 0.5518653791941261   } 
   weight { 1   } 
   weightvar { 0   } 
   kinetic_energy { 23.80833965463276   } 
   kinetic_energyvar { 53.03970819563651   } 
   potential_energy { -102.5508348981929   } 
   potential_energyvar { 119.9331860683744   } 
   nonlocal_energy { 10.88990543081108   } 
   nonlocal_energyvar { 116.384687414963   } 
   autocorr_energy { } 
} 

block { 
   label vmc
   totweight 245760
   nautocorr 0
   total_energy { -67.84863888070632   } 
   total_energyvar { 0.5628340629939046   } 
   weight { 1   } 
   weightvar { 0   } 
   kinetic_energy { 23.81856523563156   } 
   kinetic_energyvar { 53.21864943265545   } 
   potential_energy { -102.5549452052878   } 
   potential_energyvar { 118.5833299717764   } 
   nonlocal_energy { 10.88774108894989   } 
   nonlocal_energyvar { 116.2410988598037   } 
   autocorr_energy { } 
} 

block { 
   label vmc
   totweight 245760
   nautocorr 0
   total_energy { -67.85490003752798   } 
   total_energyvar { 0.5594810300071194   } 
   weight { 1   } 
   weightvar { 0   } 
   kinetic_energy { 23.77528807359031   } 
   kinetic_energyvar { 53.79549195845772   } 
   potential_energy { -102.5329428716334   } 
   potential_energyvar { 119.7788674000581   } 
   nonlocal_energy { 10.90275476051512   } 
   nonlocal_energyvar { 117.8263774154354   } 
   autocorr_energy { } 
} 

block { 
   label vmc
   totweight 245760
   nautocorr 0
   total_energy { -67.85373807445112   } 
   total_energyvar { 0.5112498393446903   } 
   weight { 1   } 
   weightvar { 0   } 
   kinetic_energy { 23.81044960015154   } 
   kinetic_energyvar { 52.05577463943764   } 
   potential_energy { -102.4876080787773   } 
   potential_energyvar { 118.6565792927021   } 
   nonlocal_energy { 10.82342040417469   } 
   nonlocal_energyvar { 114.4816400591499   } 
   autocorr_energy { } 
} 

block { 
   label vmc
   totweight 245760
   nautocorr 0
   total_energy { -67.85477948575421   } 
   total_energyvar { 1.612238441493917   } 
   weight { 1   } 
   weightvar { 0   } 
   kinetic_energy { 23.78987071262952   } 
   kinetic_energyvar { 54.66769223949203   } 
   potential_energy { -102.527557265588   } 
   potential_energyvar { 120.0257078735849   } 
   nonlocal_energy { 10.88290706720425   } 
   nonlocal_energyvar { 117.8931345282613   } 
   autocorr_energy { } 
} 

block { 
   label vmc
   totweight 245760
   nautocorr 0
   total_energy { -67.85133369228394   } 
   total_energyvar { 0.5194657796400427   } 
   weight { 1   } 
   weightvar { 0   } 
   kinetic_energy { 23.82787983459927   } 
   kinetic_energyvar { 53.03353306079726   } 
   potential_energy { -102.598807281405   } 
   potential_energyvar { 119.725814400797   } 
   nonlocal_energy { 10.91959375452181   } 
   nonlocal_energyvar { 117.0594155488585   } 
   autocorr_energy { } 
} 

block { 
   label vmc
   totweight 245760
   nautocorr 0
   total_energy { -67.85414491941503   } 
   total_energyvar { 0.5234659614004192   } 
   weight { 1   } 
   weightvar { 0   } 
   kinetic_energy { 23.76777094705161   } 
   kinetic_energyvar { 53.57809463744814   } 
   potential_energy { -102.5141554003773   } 
   potential_energyvar { 120.100980535033   } 
   nonlocal_energy { 10.89223953391069   } 
   nonlocal_energyvar { 118.4080851899156   } 
   autocorr_energy { } 
} 

block { 
   label vmc
   totweight 245760
   nautocorr 0
   total_energy { -67.85318997868227   } 
   total_energyvar { 0.5484973960151213   } 
   weight { 1   } 
   weightvar { 0   } 
   kinetic_energy { 23.77829315370439   } 
   kinetic_energyvar { 53.72128211952644   } 
   potential_energy { -102.5598003675581   } 
   potential_energyvar { 120.2202667945895   } 
   nonlocal_energy { 10.92831723517147   } 
   nonlocal_energyvar { 119.1849866420121   } 
   autocorr_energy { } 
} 

block { 
   label vmc
   totweight 245760
   nautocorr 0
   total_energy { -67.85596068809704   } 
   total_energyvar { 0.5443762969861223   } 
   weight { 1   } 
   weightvar { 0   } 
   kinetic_energy { 23.79487421743065   } 
   kinetic_energyvar { 53.26210842377423   } 
   potential_energy { -102.5080010821444   } 
   potential_energyvar { 118.9886468294014   } 
   nonlocal_energy { 10.85716617661672   } 
   nonlocal_energyvar { 116.7991641622179   } 
   autocorr_energy { } 
} 

block { 
   label vmc
   totweight 245760
   nautocorr 0
   total_energy { -67.85038605678447   } 
   total_energyvar { 0.5098983085193142   } 
   weight { 1   } 
   weightvar { 0   } 
   kinetic_energy { 23.81100153091381   } 
   kinetic_energyvar { 53.31360237954736   } 
   potential_energy { -102.4849368985458   } 
   potential_energyvar { 118.5884506471693   } 
   nonlocal_energy { 10.82354931084751   } 
   nonlocal_energyvar { 115.7782966369901   } 
   autocorr_energy { } 
} 

block { 
   label vmc
   totweight 245760
   nautocorr 0
   total_energy { -67.8525693732267   } 
   total_energyvar { 0.5150292540270053   } 
   weight { 1   } 
   weightvar { 0   } 
   kinetic_energy { 23.7844318246718   } 
   kinetic_energyvar { 53.37960407547318   } 
   potential_energy { -102.4605963427176   } 
   potential_energyvar { 118.5761417110775   } 
   nonlocal_energy { 10.82359514481906   } 
   nonlocal_energyvar { 116.0277801034228   } 
   autocorr_energy { } 
} 

block { 
   label vmc
   totweight 245760
   nautocorr 0
   total_energy { -67.85135755886148   } 
   total_energyvar { 0.5325538558790878   } 
   weight { 1   } 
   weightvar { 0   } 
   kinetic_energy { 23.78937962989517   } 
   kinetic_energyvar { 53.66444124357159   } 
   potential_energy { -102.5420610325093   } 
   potential_energyvar { 119.2763322400729   } 
   nonlocal_energy { 10.90132384375267   } 
   nonlocal_energyvar { 118.2732718834121   } 
   autocorr_energy { } 
} 

block { 
   label vmc
   totweight 245760
   nautocorr 0
   total_energy { -67.84968762200376   } 
   total_energyvar { 0.5355172110914211   } 
   weight { 1   } 
   weightvar { 0   } 
   kinetic_energy { 23.77445758069768   } 
   kinetic_energyvar { 53.01002134547475   } 
   potential_energy { -102.5184850922358   } 
   potential_energyvar { 119.4849645880779   } 
   nonlocal_energy { 10.89433988953443   } 
   nonlocal_energyvar { 116.5168307568656   } 
   autocorr_energy { } 
} 

block { 
   label vmc
   totweight 245760
   nautocorr 0
   total_energy { -67.85481667283329   } 
   total_energyvar { 0.5803826505314272   } 
   weight { 1   } 
   weightvar { 0   } 
   kinetic_energy { 23.79747072897133   } 
   kinetic_energyvar { 53.90991282758259   } 
   potential_energy { -102.5173272088166   } 
   potential_energyvar { 119.9254433787335   } 
   nonlocal_energy { 10.86503980701193   } 
   nonlocal_energyvar { 118.3353453354633   } 
   autocorr_energy { } 
} 

block { 
   label vmc
   totweight 245760
   nautocorr 0
   total_energy { -67.85388133228895   } 
   total_energyvar { 0.5579218467703491   } 
   weight { 1   } 
   weightvar { 0   } 
   kinetic_energy { 23.81184016288767   } 
   kinetic_energyvar { 53.86213929040253   } 
   potential_energy { -102.5622024122107   } 
   potential_energyvar { 118.9201828210845   } 
   nonlocal_energy { 10.89648091703409   } 
   nonlocal_energyvar { 117.2192093680605   } 
   autocorr_energy { } 
} 

block { 
   label vmc
   totweight 245760
   nautocorr 0
   total_energy { -67.85273983234821   } 
   total_energyvar { 0.5540959177636037   } 
   weight { 1   } 
   weightvar { 0   } 
   kinetic_energy { 23.7953012714476   } 
   kinetic_energyvar { 52.81899007932524   } 
   potential_energy { -102.5059323325061   } 
   potential_energyvar { 118.8690156711087   } 
   nonlocal_energy { 10.85789122871028   } 
   nonlocal_energyvar { 116.3622446106038   } 
   autocorr_energy { } 
} 

block { 
   label vmc
   totweight 245760
   nautocorr 0
   total_energy { -67.8513300790683   } 
   total_energyvar { 0.5659116303354331   } 
   weight { 1   } 
   weightvar { 0   } 
   kinetic_energy { 23.80714703052497   } 
   kinetic_energyvar { 53.63757522451272   } 
   potential_energy { -102.5304369545146   } 
   potential_energyvar { 120.1838305280236   } 
   nonlocal_energy { 10.87195984492134   } 
   nonlocal_energyvar { 117.0073722969975   } 
   autocorr_energy { } 
} 

block { 
   label vmc
   totweight 245760
   nautocorr 0
   total_energy { -67.8524397881956   } 
   total_energyvar { 0.5311779931629511   } 
   weight { 1   } 
   weightvar { 0   } 
   kinetic_energy { 23.76541149145374   } 
   kinetic_energyvar { 53.72444067762478   } 
   potential_energy { -102.430838636324   } 
   potential_energyvar { 118.4382558923692   } 
   nonlocal_energy { 10.81298735667471   } 
   nonlocal_energyvar { 116.4068746943164   } 
   autocorr_energy { } 
} 

block { 
   label vmc
   totweight 245760
   nautocorr 0
   total_energy { -67.85341080780101   } 
   total_energyvar { 0.5098930762518941   } 
   weight { 1   } 
   weightvar { 0   } 
   kinetic_energy { 23.79342234202364   } 
   kinetic_energyvar { 52.68634223205764   } 
   potential_energy { -102.4820996339901   } 
   potential_energyvar { 118.4791836665125   } 
   nonlocal_energy { 10.83526648416543   } 
   nonlocal_energyvar { 115.3650445906583   } 
   autocorr_energy { } 
} 

block { 
   label vmc
   totweight 245760
   nautocorr 0
   total_energy { -67.85121553062444   } 
   total_energyvar { 0.5041642650543021   } 
   weight { 1   } 
   weightvar { 0   } 
   kinetic_energy { 23.80628458445107   } 
   kinetic_energyvar { 52.6712708521825   } 
   potential_energy { -102.5069356944364   } 
   potential_energyvar { 118.803565689255   } 
   nonlocal_energy { 10.84943557936082   } 
   nonlocal_energyvar { 116.0204336860638   } 
   autocorr_energy { } 
} 

block { 
   label vmc
   totweight 245760
   nautocorr 0
   total_energy { -67.85324715525407   } 
   total_energyvar { 0.5137676608675832   } 
   weight { 1   } 
   weightvar { 0   } 
   kinetic_energy { 23.78751111990134   } 
   kinetic_energyvar { 53.57189225774574   } 
   potential_energy { -102.5189423594015   } 
   potential_energyvar { 119.1245586781937   } 
   nonlocal_energy { 10.87818408424606   } 
   nonlocal_energyvar { 117.6880449498456   } 
   autocorr_energy { } 
} 

block { 
   label vmc
   totweight 245760
   nautocorr 0
   total_energy { -67.85223726336874   } 
   total_energyvar { 0.5110641251925651   } 
   weight { 1   } 
   weightvar { 0   } 
   kinetic_energy { 23.75738072157631   } 
   kinetic_energyvar { 52.65644357420811   } 
   potential_energy { -102.512008649463   } 
   potential_energyvar { 118.9869754435626   } 
   nonlocal_energy { 10.90239066451794   } 
   nonlocal_energyvar { 116.0249007715741   } 
   autocorr_energy { } 
} 

block { 
   label vmc
   totweight 245760
   nautocorr 0
   total_energy { -67.8521091939634   } 
   total_energyvar { 0.5445731692845733   } 
   weight { 1   } 
   weightvar { 0   } 
   kinetic_energy { 23.76222361258568   } 
   kinetic_energyvar { 54.20519264285575   } 
   potential_energy { -102.5477091135102   } 
   potential_energyvar { 119.6022640296968   } 
   nonlocal_energy { 10.9333763069611   } 
   nonlocal_energyvar { 119.7533030791925   } 
   autocorr_energy { } 
} 

block { 
   label vmc
   totweight 245760
   nautocorr 0
   total_energy { -67.85347488906191   } 
   total_energyvar { 0.523504867974392   } 
   weight { 1   } 
   weightvar { 0   } 
   kinetic_energy { 23.82480898655914   } 
   kinetic_energyvar { 53.57792577287966   } 
   potential_energy { -102.5612431406395   } 
   potential_energyvar { 119.4354181314712   } 
   nonlocal_energy { 10.88295926501846   } 
   nonlocal_energyvar { 117.7045679365531   } 
   autocorr_energy { } 
} 

block { 
   label vmc
   totweight 245760
   nautocorr 0
   total_energy { -67.85225731611193   } 
   total_energyvar { 0.77113794577571   } 
   weight { 1   } 
   weightvar { 0   } 
   kinetic_energy { 23.77071754748454   } 
   kinetic_energyvar { 54.0503188786445   } 
   potential_energy { -102.5367387765287   } 
   potential_energyvar { 120.6326500790022   } 
   nonlocal_energy { 10.91376391293225   } 
   nonlocal_energyvar { 120.2935531788726   } 
   autocorr_energy { } 
} 

block { 
   label vmc
   totweight 245760
   nautocorr 0
   total_energy { -67.85327044697357   } 
   total_energyvar { 0.5109236148191251   } 
   weight { 1   } 
   weightvar { 0   } 
   kinetic_energy { 23.80507535676574   } 
   kinetic_energyvar { 53.11032040921555   } 
   potential_energy { -102.5486577043254   } 
   potential_energyvar { 118.9480679582982   } 
   nonlocal_energy { 10.89031190058608   } 
   nonlocal_energyvar { 117.1133314913728   } 
   autocorr_energy { } 
} 

