#-------------------------------------------------
#DMC run: timestep 0.005
#-------------------------------------------------


init { 
   label spin_0.005
}
block { 
   label spin_0.005
   totweight 870400
   nautocorr 0
   total_energy { -7.936297847306323   } 
   total_energyvar { 0.07294616385351661   } 
   weight { 1.0176708607051   } 
   weightvar { 0.004598006693682242   } 
   kinetic_energy { 2.522128538224065   } 
   kinetic_energyvar { 2.765607235493621   } 
   potential_energy { -11.32087464085039   } 
   potential_energyvar { 2.879743658314444   } 
   nonlocal_energy { 0.8624482553200015   } 
   nonlocal_energyvar { 4.195219936965776   } 
   autocorr_energy { } 
} 

block { 
   label spin_0.005
   totweight 870400
   nautocorr 0
   total_energy { -7.922668489627112   } 
   total_energyvar { 0.09245983892666239   } 
   weight { 1.014151318986243   } 
   weightvar { 0.0216207387998762   } 
   kinetic_energy { 2.561630117507136   } 
   kinetic_energyvar { 2.853252002069705   } 
   potential_energy { -11.39084629496761   } 
   potential_energyvar { 2.944071669733427   } 
   nonlocal_energy { 0.9065476878333619   } 
   nonlocal_energyvar { 4.490981781217282   } 
   autocorr_energy { } 
} 

block { 
   label spin_0.005
   totweight 870400
   nautocorr 0
   total_energy { -7.916179383815095   } 
   total_energyvar { 0.1061392694250843   } 
   weight { 0.9951331215955023   } 
   weightvar { 0.04149280830669724   } 
   kinetic_energy { 2.581842774605528   } 
   kinetic_energyvar { 2.853859002052068   } 
   potential_energy { -11.41377678985863   } 
   potential_energyvar { 2.905973544266768   } 
   nonlocal_energy { 0.9157546314380091   } 
   nonlocal_energyvar { 4.394061434670514   } 
   autocorr_energy { } 
} 

block { 
   label spin_0.005
   totweight 870400
   nautocorr 0
   total_energy { -7.911720437796463   } 
   total_energyvar { 0.0904111053965768   } 
   weight { 0.9888896713321199   } 
   weightvar { 0.06192207418976648   } 
   kinetic_energy { 2.59645407121464   } 
   kinetic_energyvar { 2.858187198106223   } 
   potential_energy { -11.43416909398527   } 
   potential_energyvar { 2.921668570241395   } 
   nonlocal_energy { 0.9259945849741692   } 
   nonlocal_energyvar { 4.471544709120724   } 
   autocorr_energy { } 
} 

block { 
   label spin_0.005
   totweight 870400
   nautocorr 0
   total_energy { -7.914932980187694   } 
   total_energyvar { 0.09754691874409062   } 
   weight { 0.9883282813713328   } 
   weightvar { 0.07887104072600465   } 
   kinetic_energy { 2.606829945474381   } 
   kinetic_energyvar { 2.898575450010195   } 
   potential_energy { -11.45278605577867   } 
   potential_energyvar { 2.944113200323137   } 
   nonlocal_energy { 0.9310231301165944   } 
   nonlocal_energyvar { 4.562530165726106   } 
   autocorr_energy { } 
} 

block { 
   label spin_0.005
   totweight 870400
   nautocorr 0
   total_energy { -7.909137528536558   } 
   total_energyvar { 0.09590573317938507   } 
   weight { 0.9887411557404449   } 
   weightvar { 0.08889899638051053   } 
   kinetic_energy { 2.599268632945317   } 
   kinetic_energyvar { 2.847314077847547   } 
   potential_energy { -11.43530413551621   } 
   potential_energyvar { 2.934589221687478   } 
   nonlocal_energy { 0.9268979740343343   } 
   nonlocal_energyvar { 4.457414268617272   } 
   autocorr_energy { } 
} 

block { 
   label spin_0.005
   totweight 870400
   nautocorr 0
   total_energy { -7.909190888055659   } 
   total_energyvar { 0.08979019574248487   } 
   weight { 0.9905935696369713   } 
   weightvar { 0.09652900356326855   } 
   kinetic_energy { 2.61569584615984   } 
   kinetic_energyvar { 2.77253539837187   } 
   potential_energy { -11.42433692418135   } 
   potential_energyvar { 2.92348946055812   } 
   nonlocal_energy { 0.8994501899658522   } 
   nonlocal_energyvar { 4.186117223967187   } 
   autocorr_energy { } 
} 

block { 
   label spin_0.005
   totweight 870400
   nautocorr 0
   total_energy { -7.909022530519053   } 
   total_energyvar { 0.1011323830533569   } 
   weight { 0.9930738279093394   } 
   weightvar { 0.09860628992072425   } 
   kinetic_energy { 2.606847790767281   } 
   kinetic_energyvar { 2.933204150872109   } 
   potential_energy { -11.44106836001324   } 
   potential_energyvar { 2.994513873392413   } 
   nonlocal_energy { 0.9251980387269088   } 
   nonlocal_energyvar { 4.693268593318139   } 
   autocorr_energy { } 
} 

block { 
   label spin_0.005
   totweight 870400
   nautocorr 0
   total_energy { -7.912211343310911   } 
   total_energyvar { 0.09829447645482096   } 
   weight { 0.9959470269568098   } 
   weightvar { 0.09858508446572335   } 
   kinetic_energy { 2.581955150004921   } 
   kinetic_energyvar { 2.953376757957572   } 
   potential_energy { -11.40566481903437   } 
   potential_energyvar { 3.007963468678559   } 
   nonlocal_energy { 0.9114983257185385   } 
   nonlocal_energyvar { 4.714925863476584   } 
   autocorr_energy { } 
} 

block { 
   label spin_0.005
   totweight 870400
   nautocorr 0
   total_energy { -7.908949513668728   } 
   total_energyvar { 0.09854320191463112   } 
   weight { 0.9963965495468178   } 
   weightvar { 0.09964415582956232   } 
   kinetic_energy { 2.572083384981093   } 
   kinetic_energyvar { 3.064315704179859   } 
   potential_energy { -11.42246836122973   } 
   potential_energyvar { 3.004448687532003   } 
   nonlocal_energy { 0.9414354625799073   } 
   nonlocal_energyvar { 4.861862561159789   } 
   autocorr_energy { } 
} 

block { 
   label spin_0.005
   totweight 870400
   nautocorr 0
   total_energy { -7.910642312894232   } 
   total_energyvar { 0.1413864553883985   } 
   weight { 0.996034688733447   } 
   weightvar { 0.1018291135054205   } 
   kinetic_energy { 2.613279116989783   } 
   kinetic_energyvar { 3.012066238295064   } 
   potential_energy { -11.46023399677569   } 
   potential_energyvar { 2.946191789920829   } 
   nonlocal_energy { 0.9363125668916701   } 
   nonlocal_energyvar { 4.74285537131736   } 
   autocorr_energy { } 
} 

block { 
   label spin_0.005
   totweight 870400
   nautocorr 0
   total_energy { -7.911844370810755   } 
   total_energyvar { 0.09008115792419773   } 
   weight { 0.9977822570435674   } 
   weightvar { 0.103576828652817   } 
   kinetic_energy { 2.593149564125008   } 
   kinetic_energyvar { 2.865791658254251   } 
   potential_energy { -11.41924484631394   } 
   potential_energyvar { 2.890952858364357   } 
   nonlocal_energy { 0.9142509113781743   } 
   nonlocal_energyvar { 4.534869426712027   } 
   autocorr_energy { } 
} 

block { 
   label spin_0.005
   totweight 870400
   nautocorr 0
   total_energy { -7.91046916753058   } 
   total_energyvar { 0.08738559590228427   } 
   weight { 0.9986825177880747   } 
   weightvar { 0.1049887181549486   } 
   kinetic_energy { 2.607248182325597   } 
   kinetic_energyvar { 2.860406244523119   } 
   potential_energy { -11.41942515546459   } 
   potential_energyvar { 2.887921964321723   } 
   nonlocal_energy { 0.9017078056084089   } 
   nonlocal_energyvar { 4.453035695415743   } 
   autocorr_energy { } 
} 

block { 
   label spin_0.005
   totweight 870400
   nautocorr 0
   total_energy { -7.909190187341461   } 
   total_energyvar { 0.09041243294547055   } 
   weight { 0.9972913584326449   } 
   weightvar { 0.102740361882495   } 
   kinetic_energy { 2.599439991422042   } 
   kinetic_energyvar { 2.8249249366171   } 
   potential_energy { -11.39112235463327   } 
   potential_energyvar { 2.877404942543962   } 
   nonlocal_energy { 0.8824921758697639   } 
   nonlocal_energyvar { 4.397136487643985   } 
   autocorr_energy { } 
} 

block { 
   label spin_0.005
   totweight 870400
   nautocorr 0
   total_energy { -7.910576028487123   } 
   total_energyvar { 0.09715345695649233   } 
   weight { 0.9979788701988467   } 
   weightvar { 0.1042476310502877   } 
   kinetic_energy { 2.572308336482331   } 
   kinetic_energyvar { 2.844108174801903   } 
   potential_energy { -11.38693714130068   } 
   potential_energyvar { 2.923366100612138   } 
   nonlocal_energy { 0.9040527763312188   } 
   nonlocal_energyvar { 4.408948393956496   } 
   autocorr_energy { } 
} 

block { 
   label spin_0.005
   totweight 870400
   nautocorr 0
   total_energy { -7.910275575558352   } 
   total_energyvar { 0.08483404761106043   } 
   weight { 0.9975989081719973   } 
   weightvar { 0.1062371992791196   } 
   kinetic_energy { 2.590146253157636   } 
   kinetic_energyvar { 2.760807799716718   } 
   potential_energy { -11.38931475695655   } 
   potential_energyvar { 2.870884864282423   } 
   nonlocal_energy { 0.8888929282405654   } 
   nonlocal_energyvar { 4.210088806858825   } 
   autocorr_energy { } 
} 

block { 
   label spin_0.005
   totweight 870400
   nautocorr 0
   total_energy { -7.907492382404158   } 
   total_energyvar { 0.09334699128848321   } 
   weight { 0.9971195644927708   } 
   weightvar { 0.1037178634253836   } 
   kinetic_energy { 2.589373940761191   } 
   kinetic_energyvar { 2.812753951748552   } 
   potential_energy { -11.42037315221994   } 
   potential_energyvar { 2.912201832166744   } 
   nonlocal_energy { 0.923506829054593   } 
   nonlocal_energyvar { 4.513649741551097   } 
   autocorr_energy { } 
} 

block { 
   label spin_0.005
   totweight 870400
   nautocorr 0
   total_energy { -7.909611890094965   } 
   total_energyvar { 0.09259812035142521   } 
   weight { 0.9962536884532321   } 
   weightvar { 0.1054017625061611   } 
   kinetic_energy { 2.607395470870145   } 
   kinetic_energyvar { 2.757824655423698   } 
   potential_energy { -11.42358119506162   } 
   potential_energyvar { 2.902510921991742   } 
   nonlocal_energy { 0.9065738340965055   } 
   nonlocal_energyvar { 4.241097657946378   } 
   autocorr_energy { } 
} 

block { 
   label spin_0.005
   totweight 870400
   nautocorr 0
   total_energy { -7.907017119349644   } 
   total_energyvar { 0.09328578116049645   } 
   weight { 0.9953933541121467   } 
   weightvar { 0.1076237701303194   } 
   kinetic_energy { 2.561245915293242   } 
   kinetic_energyvar { 2.948814445502029   } 
   potential_energy { -11.38581335942339   } 
   potential_energyvar { 2.943024901109841   } 
   nonlocal_energy { 0.9175503247805007   } 
   nonlocal_energyvar { 4.670515978490109   } 
   autocorr_energy { } 
} 

block { 
   label spin_0.005
   totweight 870400
   nautocorr 0
   total_energy { -7.909493448152715   } 
   total_energyvar { 0.09539363056965905   } 
   weight { 0.996320715791927   } 
   weightvar { 0.1084086482405362   } 
   kinetic_energy { 2.577533757377937   } 
   kinetic_energyvar { 2.896363206344404   } 
   potential_energy { -11.41740345000246   } 
   potential_energyvar { 2.955859747746641   } 
   nonlocal_energy { 0.9303762444718008   } 
   nonlocal_energyvar { 4.617187511772579   } 
   autocorr_energy { } 
} 

block { 
   label spin_0.005
   totweight 870400
   nautocorr 0
   total_energy { -7.912055964579716   } 
   total_energyvar { 0.10144897758402   } 
   weight { 0.9976720851270726   } 
   weightvar { 0.1077809799814284   } 
   kinetic_energy { 2.616168843178243   } 
   kinetic_energyvar { 2.888735490907858   } 
   potential_energy { -11.43715864394354   } 
   potential_energyvar { 2.899081581934408   } 
   nonlocal_energy { 0.9089338361855808   } 
   nonlocal_energyvar { 4.596551294230918   } 
   autocorr_energy { } 
} 

block { 
   label spin_0.005
   totweight 870400
   nautocorr 0
   total_energy { -7.907473749014381   } 
   total_energyvar { 0.09208114593009314   } 
   weight { 0.9973659988839191   } 
   weightvar { 0.1078414648692564   } 
   kinetic_energy { 2.600202918534314   } 
   kinetic_energyvar { 2.88057290354115   } 
   potential_energy { -11.42096295461262   } 
   potential_energyvar { 2.941740181418056   } 
   nonlocal_energy { 0.9132862870639294   } 
   nonlocal_energyvar { 4.461879550669011   } 
   autocorr_energy { } 
} 

block { 
   label spin_0.005
   totweight 870400
   nautocorr 0
   total_energy { -7.905965172516797   } 
   total_energyvar { 0.0929600627661841   } 
   weight { 0.9956407228088855   } 
   weightvar { 0.1069151540451566   } 
   kinetic_energy { 2.570452145018492   } 
   kinetic_energyvar { 2.958479200408395   } 
   potential_energy { -11.41068733715504   } 
   potential_energyvar { 2.96592233662951   } 
   nonlocal_energy { 0.9342700196197489   } 
   nonlocal_energyvar { 4.617188287400848   } 
   autocorr_energy { } 
} 

block { 
   label spin_0.005
   totweight 870400
   nautocorr 0
   total_energy { -7.912898450342034   } 
   total_energyvar { 0.09204135345282077   } 
   weight { 0.9969742046476566   } 
   weightvar { 0.1099815643962231   } 
   kinetic_energy { 2.601415595923023   } 
   kinetic_energyvar { 2.780425152899895   } 
   potential_energy { -11.42314180251456   } 
   potential_energyvar { 2.915897239858286   } 
   nonlocal_energy { 0.9088277562495043   } 
   nonlocal_energyvar { 4.215537917120697   } 
   autocorr_energy { } 
} 

block { 
   label spin_0.005
   totweight 870400
   nautocorr 0
   total_energy { -7.909570122859432   } 
   total_energyvar { 0.08703038301062221   } 
   weight { 0.9982914010570111   } 
   weightvar { 0.1089399110806689   } 
   kinetic_energy { 2.578628371777916   } 
   kinetic_energyvar { 2.829693367200218   } 
   potential_energy { -11.41369886718114   } 
   potential_energyvar { 2.854547936228053   } 
   nonlocal_energy { 0.9255003725437971   } 
   nonlocal_energyvar { 4.512232951114496   } 
   autocorr_energy { } 
} 

block { 
   label spin_0.005
   totweight 870400
   nautocorr 0
   total_energy { -7.907808000868891   } 
   total_energyvar { 0.09334341319672262   } 
   weight { 0.9977116014775073   } 
   weightvar { 0.1052830531110674   } 
   kinetic_energy { 2.583538069067468   } 
   kinetic_energyvar { 2.880305185885703   } 
   potential_energy { -11.39458081077549   } 
   potential_energyvar { 2.893769398088693   } 
   nonlocal_energy { 0.9032347408391282   } 
   nonlocal_energyvar { 4.487040931560164   } 
   autocorr_energy { } 
} 

block { 
   label spin_0.005
   totweight 870400
   nautocorr 0
   total_energy { -7.90943857796248   } 
   total_energyvar { 0.08974180385413991   } 
   weight { 0.9973347309108886   } 
   weightvar { 0.1064402643361327   } 
   kinetic_energy { 2.590787837887391   } 
   kinetic_energyvar { 2.787601879911938   } 
   potential_energy { -11.40316854798319   } 
   potential_energyvar { 2.885049376893504   } 
   nonlocal_energy { 0.902942132133319   } 
   nonlocal_energyvar { 4.285683605579042   } 
   autocorr_energy { } 
} 

block { 
   label spin_0.005
   totweight 870400
   nautocorr 0
   total_energy { -7.907531545238295   } 
   total_energyvar { 0.09897776033130951   } 
   weight { 0.9972698912397365   } 
   weightvar { 0.1075965146165435   } 
   kinetic_energy { 2.577101508569352   } 
   kinetic_energyvar { 3.049470452599086   } 
   potential_energy { -11.40766507005571   } 
   potential_energyvar { 2.929728773503414   } 
   nonlocal_energy { 0.9230320162480622   } 
   nonlocal_energyvar { 4.801034863336767   } 
   autocorr_energy { } 
} 

block { 
   label spin_0.005
   totweight 870400
   nautocorr 0
   total_energy { -7.906890853583592   } 
   total_energyvar { 0.09974316388721943   } 
   weight { 0.9958095504306052   } 
   weightvar { 0.1066947653737512   } 
   kinetic_energy { 2.585734279561161   } 
   kinetic_energyvar { 2.90268659350186   } 
   potential_energy { -11.40361783939227   } 
   potential_energyvar { 2.934951675204341   } 
   nonlocal_energy { 0.9109927062475194   } 
   nonlocal_energyvar { 4.580231536023308   } 
   autocorr_energy { } 
} 

block { 
   label spin_0.005
   totweight 870400
   nautocorr 0
   total_energy { -7.911140294105441   } 
   total_energyvar { 0.08923174596722987   } 
   weight { 0.9974137173865145   } 
   weightvar { 0.1042279925342695   } 
   kinetic_energy { 2.580007042600774   } 
   kinetic_energyvar { 2.862315973950646   } 
   potential_energy { -11.4180698169436   } 
   potential_energyvar { 2.942049132234744   } 
   nonlocal_energy { 0.9269224802373874   } 
   nonlocal_energyvar { 4.533896909813751   } 
   autocorr_energy { } 
} 

block { 
   label spin_0.005
   totweight 870400
   nautocorr 0
   total_energy { -7.910283432133117   } 
   total_energyvar { 0.09396989458622847   } 
   weight { 0.9992817601822628   } 
   weightvar { 0.1030726514144524   } 
   kinetic_energy { 2.599838110212517   } 
   kinetic_energyvar { 2.967738363431829   } 
   potential_energy { -11.43689443723987   } 
   potential_energyvar { 2.975530912976494   } 
   nonlocal_energy { 0.9267728948942358   } 
   nonlocal_energyvar { 4.610344913979823   } 
   autocorr_energy { } 
} 

block { 
   label spin_0.005
   totweight 870400
   nautocorr 0
   total_energy { -7.910449059448005   } 
   total_energyvar { 0.08873313989945271   } 
   weight { 0.99953744413426   } 
   weightvar { 0.1033612393670154   } 
   kinetic_energy { 2.598871579233022   } 
   kinetic_energyvar { 2.830339526737143   } 
   potential_energy { -11.4122107708946   } 
   potential_energyvar { 2.977652094824685   } 
   nonlocal_energy { 0.9028901322135673   } 
   nonlocal_energyvar { 4.338541243730454   } 
   autocorr_energy { } 
} 

block { 
   label spin_0.005
   totweight 870400
   nautocorr 0
   total_energy { -7.908567664665783   } 
   total_energyvar { 0.1086390865171871   } 
   weight { 0.9986207879906287   } 
   weightvar { 0.1040239470386793   } 
   kinetic_energy { 2.607419087457306   } 
   kinetic_energyvar { 2.886420168029697   } 
   potential_energy { -11.45267520438354   } 
   potential_energyvar { 3.078046907671396   } 
   nonlocal_energy { 0.9366884522604511   } 
   nonlocal_energyvar { 4.611344121356449   } 
   autocorr_energy { } 
} 

block { 
   label spin_0.005
   totweight 870400
   nautocorr 0
   total_energy { -7.904369675604042   } 
   total_energyvar { 0.09550979859199087   } 
   weight { 0.996155094658193   } 
   weightvar { 0.1042206035580943   } 
   kinetic_energy { 2.602144317352146   } 
   kinetic_energyvar { 2.90230071106824   } 
   potential_energy { -11.42134285367689   } 
   potential_energyvar { 2.941960525076652   } 
   nonlocal_energy { 0.914828860720702   } 
   nonlocal_energyvar { 4.53927618433085   } 
   autocorr_energy { } 
} 

block { 
   label spin_0.005
   totweight 870400
   nautocorr 0
   total_energy { -7.909136098450747   } 
   total_energyvar { 0.1011188883026539   } 
   weight { 0.9949299941262281   } 
   weightvar { 0.1042305616348379   } 
   kinetic_energy { 2.599612275722509   } 
   kinetic_energyvar { 2.882170102086044   } 
   potential_energy { -11.40612554931952   } 
   potential_energyvar { 2.971727936973405   } 
   nonlocal_energy { 0.897377175146263   } 
   nonlocal_energyvar { 4.515120333485757   } 
   autocorr_energy { } 
} 

block { 
   label spin_0.005
   totweight 870400
   nautocorr 0
   total_energy { -7.90865929169713   } 
   total_energyvar { 0.09509325689416688   } 
   weight { 0.9974239114487374   } 
   weightvar { 0.102830137293005   } 
   kinetic_energy { 2.575545024160228   } 
   kinetic_energyvar { 3.074562842175288   } 
   potential_energy { -11.42575695376491   } 
   potential_energyvar { 2.977506042381654   } 
   nonlocal_energy { 0.9415526379075561   } 
   nonlocal_energyvar { 4.87520838533178   } 
   autocorr_energy { } 
} 

block { 
   label spin_0.005
   totweight 870400
   nautocorr 0
   total_energy { -7.908011820199246   } 
   total_energyvar { 0.115654661284535   } 
   weight { 0.9970255923451881   } 
   weightvar { 0.1026702699452508   } 
   kinetic_energy { 2.613844963833552   } 
   kinetic_energyvar { 2.900057296007629   } 
   potential_energy { -11.41918382393081   } 
   potential_energyvar { 2.965498306402239   } 
   nonlocal_energy { 0.8973270398980138   } 
   nonlocal_energyvar { 4.452385652325152   } 
   autocorr_energy { } 
} 

block { 
   label spin_0.005
   totweight 870400
   nautocorr 0
   total_energy { -7.908012959392978   } 
   total_energyvar { 0.0993270550523857   } 
   weight { 0.9968604309371955   } 
   weightvar { 0.1013640700228445   } 
   kinetic_energy { 2.608065756045009   } 
   kinetic_energyvar { 2.852211917311591   } 
   potential_energy { -11.41558071677789   } 
   potential_energyvar { 3.008458646884346   } 
   nonlocal_energy { 0.8995020013398973   } 
   nonlocal_energyvar { 4.498093227390424   } 
   autocorr_energy { } 
} 

block { 
   label spin_0.005
   totweight 870400
   nautocorr 0
   total_energy { -7.907061615782309   } 
   total_energyvar { 0.1157457748576371   } 
   weight { 0.9959584961564604   } 
   weightvar { 0.1035886086453074   } 
   kinetic_energy { 2.606460914925586   } 
   kinetic_energyvar { 2.888113930053525   } 
   potential_energy { -11.42881566461612   } 
   potential_energyvar { 3.027806752310002   } 
   nonlocal_energy { 0.9152931339082233   } 
   nonlocal_energyvar { 4.500170192632312   } 
   autocorr_energy { } 
} 

block { 
   label spin_0.005
   totweight 870400
   nautocorr 0
   total_energy { -7.913856711779538   } 
   total_energyvar { 0.09871976410877642   } 
   weight { 0.998408786494925   } 
   weightvar { 0.1032194575997173   } 
   kinetic_energy { 2.581915896355088   } 
   kinetic_energyvar { 2.859901504279672   } 
   potential_energy { -11.42207283806511   } 
   potential_energyvar { 2.950474228083503   } 
   nonlocal_energy { 0.9263002299304777   } 
   nonlocal_energyvar { 4.53055719876146   } 
   autocorr_energy { } 
} 

block { 
   label spin_0.005
   totweight 870400
   nautocorr 0
   total_energy { -7.91110609162937   } 
   total_energyvar { 0.1326563801591729   } 
   weight { 0.9998548927003124   } 
   weightvar { 0.1027358283675581   } 
   kinetic_energy { 2.588553757625236   } 
   kinetic_energyvar { 2.881678794930182   } 
   potential_energy { -11.41488420118654   } 
   potential_energyvar { 3.002308517227242   } 
   nonlocal_energy { 0.9152243519319352   } 
   nonlocal_energyvar { 4.451315668493033   } 
   autocorr_energy { } 
} 

block { 
   label spin_0.005
   totweight 870400
   nautocorr 0
   total_energy { -7.90953350027243   } 
   total_energyvar { 0.09641763526414485   } 
   weight { 0.9994385245103722   } 
   weightvar { 0.1033132910032188   } 
   kinetic_energy { 2.59681194109796   } 
   kinetic_energyvar { 2.905598013788735   } 
   potential_energy { -11.43492467054288   } 
   potential_energyvar { 2.951524359051153   } 
   nonlocal_energy { 0.9285792291724863   } 
   nonlocal_energyvar { 4.570336323093605   } 
   autocorr_energy { } 
} 

block { 
   label spin_0.005
   totweight 870400
   nautocorr 0
   total_energy { -7.908127025122369   } 
   total_energyvar { 0.08848223897856437   } 
   weight { 0.9974521640914412   } 
   weightvar { 0.1042754290982128   } 
   kinetic_energy { 2.61400163686017   } 
   kinetic_energyvar { 2.716039082934749   } 
   potential_energy { -11.40987742444383   } 
   potential_energyvar { 2.874218658356904   } 
   nonlocal_energy { 0.8877487624612892   } 
   nonlocal_energyvar { 4.148316011759478   } 
   autocorr_energy { } 
} 

block { 
   label spin_0.005
   totweight 870400
   nautocorr 0
   total_energy { -7.912925087985368   } 
   total_energyvar { 0.09181013402327974   } 
   weight { 0.9987536496379276   } 
   weightvar { 0.1041408466552756   } 
   kinetic_energy { 2.580917701425982   } 
   kinetic_energyvar { 2.88008417586061   } 
   potential_energy { -11.40871960012296   } 
   potential_energyvar { 2.931578161342662   } 
   nonlocal_energy { 0.9148768107116052   } 
   nonlocal_energyvar { 4.472727366182288   } 
   autocorr_energy { } 
} 

block { 
   label spin_0.005
   totweight 870400
   nautocorr 0
   total_energy { -7.906993488361523   } 
   total_energyvar { 0.09370189292519214   } 
   weight { 0.9982511727428293   } 
   weightvar { 0.105156352434369   } 
   kinetic_energy { 2.607652537051226   } 
   kinetic_energyvar { 2.956965234633847   } 
   potential_energy { -11.41607837195403   } 
   potential_energyvar { 2.934485404569967   } 
   nonlocal_energy { 0.9014323465412827   } 
   nonlocal_energyvar { 4.564976103624257   } 
   autocorr_energy { } 
} 

block { 
   label spin_0.005
   totweight 870400
   nautocorr 0
   total_energy { -7.906273412097654   } 
   total_energyvar { 0.1020736326266282   } 
   weight { 0.997188495085048   } 
   weightvar { 0.1070215569384763   } 
   kinetic_energy { 2.58656975926769   } 
   kinetic_energyvar { 2.934397202077853   } 
   potential_energy { -11.44017796357688   } 
   potential_energyvar { 2.950123148107055   } 
   nonlocal_energy { 0.9473347922115382   } 
   nonlocal_energyvar { 4.739613836635719   } 
   autocorr_energy { } 
} 

block { 
   label spin_0.005
   totweight 870400
   nautocorr 0
   total_energy { -7.909659182932723   } 
   total_energyvar { 0.1258837922965272   } 
   weight { 0.9964029938213173   } 
   weightvar { 0.1078618134896081   } 
   kinetic_energy { 2.596159596494761   } 
   kinetic_energyvar { 3.026859738604776   } 
   potential_energy { -11.44856929660164   } 
   potential_energyvar { 3.042194814766904   } 
   nonlocal_energy { 0.9427505171741505   } 
   nonlocal_energyvar { 4.822715552227125   } 
   autocorr_energy { } 
} 

block { 
   label spin_0.005
   totweight 870400
   nautocorr 0
   total_energy { -7.906474618174409   } 
   total_energyvar { 0.09329687876348247   } 
   weight { 0.9963560799322512   } 
   weightvar { 0.1088336277062766   } 
   kinetic_energy { 2.616971949422496   } 
   kinetic_energyvar { 2.784695218163884   } 
   potential_energy { -11.43865401332914   } 
   potential_energyvar { 2.973348063810756   } 
   nonlocal_energy { 0.9152074457322384   } 
   nonlocal_energyvar { 4.343424049783884   } 
   autocorr_energy { } 
} 

block { 
   label spin_0.005
   totweight 870400
   nautocorr 0
   total_energy { -7.909437667659592   } 
   total_energyvar { 0.09912899082614912   } 
   weight { 0.9966591955793686   } 
   weightvar { 0.1080547006851426   } 
   kinetic_energy { 2.594373566431453   } 
   kinetic_energyvar { 2.940857953508536   } 
   potential_energy { -11.41494473514811   } 
   potential_energyvar { 3.003429650206129   } 
   nonlocal_energy { 0.911133501057059   } 
   nonlocal_energyvar { 4.640271545747839   } 
   autocorr_energy { } 
} 

block { 
   label spin_0.005
   totweight 870400
   nautocorr 0
   total_energy { -7.906582546249067   } 
   total_energyvar { 0.100150868322539   } 
   weight { 0.9970498720340513   } 
   weightvar { 0.106482294198788   } 
   kinetic_energy { 2.591487720322065   } 
   kinetic_energyvar { 2.921871705661707   } 
   potential_energy { -11.40067908845421   } 
   potential_energyvar { 2.985148206858019   } 
   nonlocal_energy { 0.9026088218830831   } 
   nonlocal_energyvar { 4.545549968516491   } 
   autocorr_energy { } 
} 

