#-------------------------------------------------
#DMC run: timestep 0.001
#-------------------------------------------------


init { 
   label spin_0.001
}
block { 
   label spin_0.001
   totweight 8192000
   nautocorr 0
   total_energy { -5.243548815800332   } 
   total_energyvar { 0.03059181516801007   } 
   weight { 1.007969401824247   } 
   weightvar { 0.002007182069139911   } 
   kinetic_energy { 1.538975905359105   } 
   kinetic_energyvar { 0.9698114085155329   } 
   potential_energy { -7.398035955842483   } 
   potential_energyvar { 1.819478432366836   } 
   nonlocal_energy { 0.6155112346830449   } 
   nonlocal_energyvar { 2.22262106630274   } 
   autocorr_energy { } 
} 

block { 
   label spin_0.001
   totweight 8192000
   nautocorr 0
   total_energy { -5.240512029217586   } 
   total_energyvar { 0.03226465822573129   } 
   weight { 1.007812432572644   } 
   weightvar { 0.009251303069170524   } 
   kinetic_energy { 1.547609000606023   } 
   kinetic_energyvar { 1.00971863543476   } 
   potential_energy { -7.436875118381018   } 
   potential_energyvar { 1.907032512509558   } 
   nonlocal_energy { 0.6487540885574103   } 
   nonlocal_energyvar { 2.349363206757537   } 
   autocorr_energy { } 
} 

block { 
   label spin_0.001
   totweight 8192000
   nautocorr 0
   total_energy { -5.23719578683792   } 
   total_energyvar { 0.03165142468783223   } 
   weight { 0.9999030015610231   } 
   weightvar { 0.01876887707369689   } 
   kinetic_energy { 1.555169787642943   } 
   kinetic_energyvar { 1.003100944623037   } 
   potential_energy { -7.451246045910406   } 
   potential_energyvar { 1.938653109393982   } 
   nonlocal_energy { 0.6588804714295414   } 
   nonlocal_energyvar { 2.381795333736528   } 
   autocorr_energy { } 
} 

block { 
   label spin_0.001
   totweight 8192000
   nautocorr 0
   total_energy { -5.238135394427219   } 
   total_energyvar { 0.03219833847969698   } 
   weight { 0.9975908138093438   } 
   weightvar { 0.02954299834975705   } 
   kinetic_energy { 1.555710596015679   } 
   kinetic_energyvar { 1.00335708968545   } 
   potential_energy { -7.449213204351074   } 
   potential_energyvar { 1.945727604418864   } 
   nonlocal_energy { 0.6553672139081756   } 
   nonlocal_energyvar { 2.343415372866161   } 
   autocorr_energy { } 
} 

block { 
   label spin_0.001
   totweight 8192000
   nautocorr 0
   total_energy { -5.237035108324165   } 
   total_energyvar { 0.03150470278546098   } 
   weight { 0.9970762761337302   } 
   weightvar { 0.0398582350385026   } 
   kinetic_energy { 1.561452875296066   } 
   kinetic_energyvar { 0.9770925398320197   } 
   potential_energy { -7.441820256479864   } 
   potential_energyvar { 1.87260968173484   } 
   nonlocal_energy { 0.6433322728596322   } 
   nonlocal_energyvar { 2.283514253360007   } 
   autocorr_energy { } 
} 

block { 
   label spin_0.001
   totweight 8192000
   nautocorr 0
   total_energy { -5.235190514214185   } 
   total_energyvar { 0.03055718426749923   } 
   weight { 0.9968503063920677   } 
   weightvar { 0.05033164051399264   } 
   kinetic_energy { 1.564163288559465   } 
   kinetic_energyvar { 0.9875524799124316   } 
   potential_energy { -7.454065424741093   } 
   potential_energyvar { 1.910463628622525   } 
   nonlocal_energy { 0.6547116219674424   } 
   nonlocal_energyvar { 2.306552989664172   } 
   autocorr_energy { } 
} 

block { 
   label spin_0.001
   totweight 8192000
   nautocorr 0
   total_energy { -5.236340336933307   } 
   total_energyvar { 0.03463353297497383   } 
   weight { 0.9970330565821837   } 
   weightvar { 0.05887415221172779   } 
   kinetic_energy { 1.553371071212172   } 
   kinetic_energyvar { 1.020044780797001   } 
   potential_energy { -7.465966655679445   } 
   potential_energyvar { 1.987159874157037   } 
   nonlocal_energy { 0.6762552475339648   } 
   nonlocal_energyvar { 2.445401706005289   } 
   autocorr_energy { } 
} 

block { 
   label spin_0.001
   totweight 8192000
   nautocorr 0
   total_energy { -5.235351761702085   } 
   total_energyvar { 0.0311727429688386   } 
   weight { 0.9979604541027779   } 
   weightvar { 0.06605935812130964   } 
   kinetic_energy { 1.562006588145771   } 
   kinetic_energyvar { 0.9751879222112346   } 
   potential_energy { -7.452762163629391   } 
   potential_energyvar { 1.917828654382408   } 
   nonlocal_energy { 0.6554038137815341   } 
   nonlocal_energyvar { 2.339243851907639   } 
   autocorr_energy { } 
} 

block { 
   label spin_0.001
   totweight 8192000
   nautocorr 0
   total_energy { -5.236790826242616   } 
   total_energyvar { 0.03889504889725805   } 
   weight { 0.9985059653628723   } 
   weightvar { 0.07127838575265941   } 
   kinetic_energy { 1.555508695902256   } 
   kinetic_energyvar { 0.9885151593977748   } 
   potential_energy { -7.445162664950718   } 
   potential_energyvar { 1.946760568243428   } 
   nonlocal_energy { 0.6528631428058468   } 
   nonlocal_energyvar { 2.357783734169044   } 
   autocorr_energy { } 
} 

block { 
   label spin_0.001
   totweight 8192000
   nautocorr 0
   total_energy { -5.237159170123849   } 
   total_energyvar { 0.03539250830010036   } 
   weight { 0.9993607416012075   } 
   weightvar { 0.07576000950832033   } 
   kinetic_energy { 1.565992519020582   } 
   kinetic_energyvar { 1.002476668153405   } 
   potential_energy { -7.457286132829424   } 
   potential_energyvar { 1.967177686877383   } 
   nonlocal_energy { 0.6541344436849924   } 
   nonlocal_energyvar { 2.379453585568374   } 
   autocorr_energy { } 
} 

block { 
   label spin_0.001
   totweight 8192000
   nautocorr 0
   total_energy { -5.238129831708781   } 
   total_energyvar { 0.03374476625790498   } 
   weight { 1.000204567875528   } 
   weightvar { 0.07860202160263   } 
   kinetic_energy { 1.564004095879742   } 
   kinetic_energyvar { 1.015004743517684   } 
   potential_energy { -7.472118821811189   } 
   potential_energyvar { 1.955856978323001   } 
   nonlocal_energy { 0.6699848942226673   } 
   nonlocal_energyvar { 2.400360789028588   } 
   autocorr_energy { } 
} 

block { 
   label spin_0.001
   totweight 8192000
   nautocorr 0
   total_energy { -5.23762522157513   } 
   total_energyvar { 0.0324885774982859   } 
   weight { 1.000234464858288   } 
   weightvar { 0.08088396912455352   } 
   kinetic_energy { 1.570456346828897   } 
   kinetic_energyvar { 0.9759517020120336   } 
   potential_energy { -7.461716066025941   } 
   potential_energyvar { 1.917397656407234   } 
   nonlocal_energy { 0.6536344976219126   } 
   nonlocal_energyvar { 2.31521022906246   } 
   autocorr_energy { } 
} 

block { 
   label spin_0.001
   totweight 8192000
   nautocorr 0
   total_energy { -5.236136431026856   } 
   total_energyvar { 0.03059702816792695   } 
   weight { 0.9999616421362542   } 
   weightvar { 0.08397228616938725   } 
   kinetic_energy { 1.571752647469916   } 
   kinetic_energyvar { 0.9636020946737933   } 
   potential_energy { -7.455779225049531   } 
   potential_energyvar { 1.87525740835402   } 
   nonlocal_energy { 0.6478901465527571   } 
   nonlocal_energyvar { 2.264912874399898   } 
   autocorr_energy { } 
} 

block { 
   label spin_0.001
   totweight 8192000
   nautocorr 0
   total_energy { -5.236888953300451   } 
   total_energyvar { 0.03290964437002078   } 
   weight { 0.9993001346242839   } 
   weightvar { 0.08767618851446754   } 
   kinetic_energy { 1.570022701411168   } 
   kinetic_energyvar { 0.9841924164804429   } 
   potential_energy { -7.456607357377175   } 
   potential_energyvar { 1.92561025581617   } 
   nonlocal_energy { 0.649695702665556   } 
   nonlocal_energyvar { 2.361206400868514   } 
   autocorr_energy { } 
} 

block { 
   label spin_0.001
   totweight 8192000
   nautocorr 0
   total_energy { -5.238209083800997   } 
   total_energyvar { 0.03239377852529322   } 
   weight { 1.000012798188922   } 
   weightvar { 0.09001958362367035   } 
   kinetic_energy { 1.567642722993265   } 
   kinetic_energyvar { 0.9922393189543798   } 
   potential_energy { -7.468235427265582   } 
   potential_energyvar { 1.910476544625747   } 
   nonlocal_energy { 0.6623836204713217   } 
   nonlocal_energyvar { 2.383712054784226   } 
   autocorr_energy { } 
} 

block { 
   label spin_0.001
   totweight 8192000
   nautocorr 0
   total_energy { -5.237477818021313   } 
   total_energyvar { 0.03286408731123841   } 
   weight { 1.00047865861977   } 
   weightvar { 0.08996483900693573   } 
   kinetic_energy { 1.572696836595777   } 
   kinetic_energyvar { 0.9909311484718982   } 
   potential_energy { -7.474103134887529   } 
   potential_energyvar { 1.894141602791507   } 
   nonlocal_energy { 0.6639284802704389   } 
   nonlocal_energyvar { 2.386133084990744   } 
   autocorr_energy { } 
} 

block { 
   label spin_0.001
   totweight 8192000
   nautocorr 0
   total_energy { -5.236119384107621   } 
   total_energyvar { 0.03487686879081046   } 
   weight { 0.9994029618838547   } 
   weightvar { 0.09010663910106009   } 
   kinetic_energy { 1.560390364085403   } 
   kinetic_energyvar { 1.064187833095709   } 
   potential_energy { -7.464978618591367   } 
   potential_energyvar { 2.017386244634643   } 
   nonlocal_energy { 0.668468870398344   } 
   nonlocal_energyvar { 2.488057574388027   } 
   autocorr_energy { } 
} 

block { 
   label spin_0.001
   totweight 8192000
   nautocorr 0
   total_energy { -5.236163355233525   } 
   total_energyvar { 0.03207516045087822   } 
   weight { 0.9993775589838328   } 
   weightvar { 0.09020908796547233   } 
   kinetic_energy { 1.559965226039387   } 
   kinetic_energyvar { 0.999535178373803   } 
   potential_energy { -7.43626601050903   } 
   potential_energyvar { 1.885830454769174   } 
   nonlocal_energy { 0.6401374292361185   } 
   nonlocal_energyvar { 2.336341871058091   } 
   autocorr_energy { } 
} 

block { 
   label spin_0.001
   totweight 8192000
   nautocorr 0
   total_energy { -5.235450847610798   } 
   total_energyvar { 0.03457641911358783   } 
   weight { 0.9985848756300457   } 
   weightvar { 0.09075259739569577   } 
   kinetic_energy { 1.563730934213443   } 
   kinetic_energyvar { 0.9936831721096372   } 
   potential_energy { -7.436998321430197   } 
   potential_energyvar { 1.928818165833252   } 
   nonlocal_energy { 0.6378165396059557   } 
   nonlocal_energyvar { 2.270344774396335   } 
   autocorr_energy { } 
} 

block { 
   label spin_0.001
   totweight 8192000
   nautocorr 0
   total_energy { -5.234916174456369   } 
   total_energyvar { 0.03164012987530927   } 
   weight { 0.9980278511363142   } 
   weightvar { 0.09138757036649653   } 
   kinetic_energy { 1.572614365605662   } 
   kinetic_energyvar { 0.9784689807263834   } 
   potential_energy { -7.473676132037401   } 
   potential_energyvar { 1.887180423976582   } 
   nonlocal_energy { 0.666145591975369   } 
   nonlocal_energyvar { 2.362174172752056   } 
   autocorr_energy { } 
} 

