#-------------------------------------------------
#VMC run: timestep 1.8 nconfig 2176 steps 40
#-------------------------------------------------


init { 
   label vmc
}
block { 
   label vmc
   totweight 87040
   nautocorr 0
   total_energy { -5.137910695193757   } 
   total_energyvar { 0.2661848454471914   } 
   weight { 1   } 
   weightvar { 1.776356839400247e-15   } 
   kinetic_energy { 1.476044033084393   } 
   kinetic_energyvar { 0.8889058438316215   } 
   potential_energy { -7.231710757754838   } 
   potential_energyvar { 2.165498637740509   } 
   nonlocal_energy { 0.6177560294766875   } 
   nonlocal_energyvar { 2.268012103566499   } 
   autocorr_energy { } 
} 

block { 
   label vmc
   totweight 87040
   nautocorr 0
   total_energy { -5.140786943666326   } 
   total_energyvar { 0.595306282686253   } 
   weight { 1   } 
   weightvar { 1.776356839400247e-15   } 
   kinetic_energy { 1.483731804524619   } 
   kinetic_energyvar { 1.035193076977609   } 
   potential_energy { -7.239764816728286   } 
   potential_energyvar { 3.270220936306782   } 
   nonlocal_energy { 0.6152460685373417   } 
   nonlocal_energyvar { 2.301607123763223   } 
   autocorr_energy { } 
} 

block { 
   label vmc
   totweight 87040
   nautocorr 0
   total_energy { -5.138270078783009   } 
   total_energyvar { 0.2931690660516769   } 
   weight { 1   } 
   weightvar { 1.776356839400247e-15   } 
   kinetic_energy { 1.480064636123991   } 
   kinetic_energyvar { 0.8983113999874769   } 
   potential_energy { -7.235630006663769   } 
   potential_energyvar { 2.202739209149637   } 
   nonlocal_energy { 0.6172952917567683   } 
   nonlocal_energyvar { 2.354872026651739   } 
   autocorr_energy { } 
} 

block { 
   label vmc
   totweight 87040
   nautocorr 0
   total_energy { -5.139503473843205   } 
   total_energyvar { 0.2780650589180769   } 
   weight { 1   } 
   weightvar { 1.776356839400247e-15   } 
   kinetic_energy { 1.479382115163972   } 
   kinetic_energyvar { 0.9151636044905068   } 
   potential_energy { -7.238347177842657   } 
   potential_energyvar { 2.224505221472447   } 
   nonlocal_energy { 0.6194615888354817   } 
   nonlocal_energyvar { 2.329070388048802   } 
   autocorr_energy { } 
} 

block { 
   label vmc
   totweight 87040
   nautocorr 0
   total_energy { -5.140328640583141   } 
   total_energyvar { 0.3284804054325847   } 
   weight { 1   } 
   weightvar { 1.776356839400247e-15   } 
   kinetic_energy { 1.478258312602988   } 
   kinetic_energyvar { 0.9252090585051544   } 
   potential_energy { -7.236337983398887   } 
   potential_energyvar { 2.246447321891392   } 
   nonlocal_energy { 0.617751030212757   } 
   nonlocal_energyvar { 2.350097476274358   } 
   autocorr_energy { } 
} 

block { 
   label vmc
   totweight 87040
   nautocorr 0
   total_energy { -5.140081497847746   } 
   total_energyvar { 0.2891040762747707   } 
   weight { 1   } 
   weightvar { 1.776356839400247e-15   } 
   kinetic_energy { 1.480735446816659   } 
   kinetic_energyvar { 0.8682154971789647   } 
   potential_energy { -7.236514119050838   } 
   potential_energyvar { 2.218788103589072   } 
   nonlocal_energy { 0.6156971743864345   } 
   nonlocal_energyvar { 2.271715510574717   } 
   autocorr_energy { } 
} 

block { 
   label vmc
   totweight 87040
   nautocorr 0
   total_energy { -5.13851746973707   } 
   total_energyvar { 0.2687396766555692   } 
   weight { 1   } 
   weightvar { 1.776356839400247e-15   } 
   kinetic_energy { 1.480745265993368   } 
   kinetic_energyvar { 0.8930402216860516   } 
   potential_energy { -7.227299274738675   } 
   potential_energyvar { 2.190516214822072   } 
   nonlocal_energy { 0.6080365390082386   } 
   nonlocal_energyvar { 2.272509700308366   } 
   autocorr_energy { } 
} 

block { 
   label vmc
   totweight 87040
   nautocorr 0
   total_energy { -5.139443890683196   } 
   total_energyvar { 0.2719356760043682   } 
   weight { 1   } 
   weightvar { 1.776356839400247e-15   } 
   kinetic_energy { 1.478750034129063   } 
   kinetic_energyvar { 0.9718840708348371   } 
   potential_energy { -7.229215078994096   } 
   potential_energyvar { 2.201874376449379   } 
   nonlocal_energy { 0.6110211541818382   } 
   nonlocal_energyvar { 2.345451312958504   } 
   autocorr_energy { } 
} 

block { 
   label vmc
   totweight 87040
   nautocorr 0
   total_energy { -5.140285807241932   } 
   total_energyvar { 0.2710429149025434   } 
   weight { 1   } 
   weightvar { 1.776356839400247e-15   } 
   kinetic_energy { 1.484266366408335   } 
   kinetic_energyvar { 0.9373718444425346   } 
   potential_energy { -7.250535084741347   } 
   potential_energyvar { 2.20767966924786   } 
   nonlocal_energy { 0.6259829110910808   } 
   nonlocal_energyvar { 2.372505029904314   } 
   autocorr_energy { } 
} 

block { 
   label vmc
   totweight 87040
   nautocorr 0
   total_energy { -5.135898258790628   } 
   total_energyvar { 0.2868723911791931   } 
   weight { 1   } 
   weightvar { 1.776356839400247e-15   } 
   kinetic_energy { 1.474234936136149   } 
   kinetic_energyvar { 0.9003754697302073   } 
   potential_energy { -7.224042984509951   } 
   potential_energyvar { 2.194306691991608   } 
   nonlocal_energy { 0.613909789583174   } 
   nonlocal_energyvar { 2.301143347683321   } 
   autocorr_energy { } 
} 

block { 
   label vmc
   totweight 87040
   nautocorr 0
   total_energy { -5.140756754052094   } 
   total_energyvar { 0.2641005285116573   } 
   weight { 1   } 
   weightvar { 1.776356839400247e-15   } 
   kinetic_energy { 1.482312395983891   } 
   kinetic_energyvar { 0.9113369419567466   } 
   potential_energy { -7.244601510356437   } 
   potential_energyvar { 2.191465563993546   } 
   nonlocal_energy { 0.6215323603204495   } 
   nonlocal_energyvar { 2.312964562325759   } 
   autocorr_energy { } 
} 

block { 
   label vmc
   totweight 87040
   nautocorr 0
   total_energy { -5.138080246154818   } 
   total_energyvar { 0.3104521350529815   } 
   weight { 1   } 
   weightvar { 1.776356839400247e-15   } 
   kinetic_energy { 1.481096201052414   } 
   kinetic_energyvar { 0.9453128219892212   } 
   potential_energy { -7.243608224533241   } 
   potential_energyvar { 2.251186301832998   } 
   nonlocal_energy { 0.6244317773260091   } 
   nonlocal_energyvar { 2.379007786118871   } 
   autocorr_energy { } 
} 

block { 
   label vmc
   totweight 87040
   nautocorr 0
   total_energy { -5.139259260079212   } 
   total_energyvar { 0.2590542455200373   } 
   weight { 1   } 
   weightvar { 1.776356839400247e-15   } 
   kinetic_energy { 1.481308191005251   } 
   kinetic_energyvar { 0.9052127093085015   } 
   potential_energy { -7.236851519110587   } 
   potential_energyvar { 2.180880706508362   } 
   nonlocal_energy { 0.6162840680261243   } 
   nonlocal_energyvar { 2.302843220597834   } 
   autocorr_energy { } 
} 

block { 
   label vmc
   totweight 87040
   nautocorr 0
   total_energy { -5.138120430957419   } 
   total_energyvar { 0.2930177690974707   } 
   weight { 1   } 
   weightvar { 1.776356839400247e-15   } 
   kinetic_energy { 1.488949622740885   } 
   kinetic_energyvar { 0.8860566177974148   } 
   potential_energy { -7.228925446981092   } 
   potential_energyvar { 2.187625490224505   } 
   nonlocal_energy { 0.6018553932827893   } 
   nonlocal_energyvar { 2.210343852177993   } 
   autocorr_energy { } 
} 

block { 
   label vmc
   totweight 87040
   nautocorr 0
   total_energy { -5.140061839362613   } 
   total_energyvar { 0.2725263625923889   } 
   weight { 1   } 
   weightvar { 1.776356839400247e-15   } 
   kinetic_energy { 1.482693176288905   } 
   kinetic_energyvar { 0.9232627590168527   } 
   potential_energy { -7.23040262536039   } 
   potential_energyvar { 2.181638454389611   } 
   nonlocal_energy { 0.6076476097088729   } 
   nonlocal_energyvar { 2.305662964490866   } 
   autocorr_energy { } 
} 

block { 
   label vmc
   totweight 87040
   nautocorr 0
   total_energy { -5.13421319675344   } 
   total_energyvar { 0.3919963884724458   } 
   weight { 1   } 
   weightvar { 1.776356839400247e-15   } 
   kinetic_energy { 1.486160844855493   } 
   kinetic_energyvar { 0.9611262826686146   } 
   potential_energy { -7.25288097354876   } 
   potential_energyvar { 2.329010895947219   } 
   nonlocal_energy { 0.6325069319398269   } 
   nonlocal_energyvar { 2.440227595711635   } 
   autocorr_energy { } 
} 

block { 
   label vmc
   totweight 87040
   nautocorr 0
   total_energy { -5.13905178099396   } 
   total_energyvar { 0.2793841180206353   } 
   weight { 1   } 
   weightvar { 1.776356839400247e-15   } 
   kinetic_energy { 1.481679606929805   } 
   kinetic_energyvar { 0.9548668674290539   } 
   potential_energy { -7.235656399918186   } 
   potential_energyvar { 2.186288008201422   } 
   nonlocal_energy { 0.614925011994422   } 
   nonlocal_energyvar { 2.377644663586543   } 
   autocorr_energy { } 
} 

block { 
   label vmc
   totweight 87040
   nautocorr 0
   total_energy { -5.138214465457718   } 
   total_energyvar { 0.2889416849339782   } 
   weight { 1   } 
   weightvar { 1.776356839400247e-15   } 
   kinetic_energy { 1.482641400294524   } 
   kinetic_energyvar { 0.9059416002114077   } 
   potential_energy { -7.251143579549566   } 
   potential_energyvar { 2.266189646008175   } 
   nonlocal_energy { 0.6302877137973243   } 
   nonlocal_energyvar { 2.409330080684024   } 
   autocorr_energy { } 
} 

block { 
   label vmc
   totweight 87040
   nautocorr 0
   total_energy { -5.141952198619693   } 
   total_energyvar { 0.2702880633357017   } 
   weight { 1   } 
   weightvar { 1.776356839400247e-15   } 
   kinetic_energy { 1.489421619899431   } 
   kinetic_energyvar { 0.9349578231092709   } 
   potential_energy { -7.246004388212824   } 
   potential_energyvar { 2.188027852852926   } 
   nonlocal_energy { 0.6146305696936988   } 
   nonlocal_energyvar { 2.330158579534033   } 
   autocorr_energy { } 
} 

block { 
   label vmc
   totweight 87040
   nautocorr 0
   total_energy { -5.138533914661501   } 
   total_energyvar { 0.2829385333304686   } 
   weight { 1   } 
   weightvar { 1.776356839400247e-15   } 
   kinetic_energy { 1.488108043925554   } 
   kinetic_energyvar { 1.003884606177173   } 
   potential_energy { -7.249532008107019   } 
   potential_energyvar { 2.339498020359211   } 
   nonlocal_energy { 0.6228900495199657   } 
   nonlocal_energyvar { 2.424829062359108   } 
   autocorr_energy { } 
} 

block { 
   label vmc
   totweight 87040
   nautocorr 0
   total_energy { -5.135213697792327   } 
   total_energyvar { 0.293059918428369   } 
   weight { 1   } 
   weightvar { 1.776356839400247e-15   } 
   kinetic_energy { 1.484485728244462   } 
   kinetic_energyvar { 0.8961102909101937   } 
   potential_energy { -7.22721650395785   } 
   potential_energyvar { 2.184422754004703   } 
   nonlocal_energy { 0.6075170779210605   } 
   nonlocal_energyvar { 2.282976558394833   } 
   autocorr_energy { } 
} 

block { 
   label vmc
   totweight 87040
   nautocorr 0
   total_energy { -5.138669521457015   } 
   total_energyvar { 0.2792599314375619   } 
   weight { 1   } 
   weightvar { 1.776356839400247e-15   } 
   kinetic_energy { 1.479565680528103   } 
   kinetic_energyvar { 0.9000958165607366   } 
   potential_energy { -7.23595824932617   } 
   potential_energyvar { 2.179810039457618   } 
   nonlocal_energy { 0.6177230473410525   } 
   nonlocal_energyvar { 2.355636034040469   } 
   autocorr_energy { } 
} 

block { 
   label vmc
   totweight 87040
   nautocorr 0
   total_energy { -5.135498941130869   } 
   total_energyvar { 0.2794185334300425   } 
   weight { 1   } 
   weightvar { 1.776356839400247e-15   } 
   kinetic_energy { 1.485870968217542   } 
   kinetic_energyvar { 0.9255751440052155   } 
   potential_energy { -7.238863391740805   } 
   potential_energyvar { 2.232486741174861   } 
   nonlocal_energy { 0.6174934823923924   } 
   nonlocal_energyvar { 2.344698669573108   } 
   autocorr_energy { } 
} 

block { 
   label vmc
   totweight 87040
   nautocorr 0
   total_energy { -5.135418077566046   } 
   total_energyvar { 0.2700922056272669   } 
   weight { 1   } 
   weightvar { 1.776356839400247e-15   } 
   kinetic_energy { 1.484508151363664   } 
   kinetic_energyvar { 0.9031028769220553   } 
   potential_energy { -7.24292572769243   } 
   potential_energyvar { 2.15717179260007   } 
   nonlocal_energy { 0.6229994987627214   } 
   nonlocal_energyvar { 2.315790286339644   } 
   autocorr_energy { } 
} 

block { 
   label vmc
   totweight 87040
   nautocorr 0
   total_energy { -5.136994176808034   } 
   total_energyvar { 0.289683528601632   } 
   weight { 1   } 
   weightvar { 1.776356839400247e-15   } 
   kinetic_energy { 1.477526903242121   } 
   kinetic_energyvar { 0.8888101897957645   } 
   potential_energy { -7.23142214274907   } 
   potential_energyvar { 2.198499242930481   } 
   nonlocal_energy { 0.6169010626989166   } 
   nonlocal_energyvar { 2.31325736178908   } 
   autocorr_energy { } 
} 

block { 
   label vmc
   totweight 87040
   nautocorr 0
   total_energy { -5.138639766879416   } 
   total_energyvar { 0.2659409275338995   } 
   weight { 1   } 
   weightvar { 1.776356839400247e-15   } 
   kinetic_energy { 1.485797433705136   } 
   kinetic_energyvar { 0.9527442237555813   } 
   potential_energy { -7.242232600600702   } 
   potential_energyvar { 2.170611295792806   } 
   nonlocal_energy { 0.6177954000161489   } 
   nonlocal_energyvar { 2.345626814760863   } 
   autocorr_energy { } 
} 

block { 
   label vmc
   totweight 87040
   nautocorr 0
   total_energy { -5.137986141196186   } 
   total_energyvar { 0.2671659232691168   } 
   weight { 1   } 
   weightvar { 1.776356839400247e-15   } 
   kinetic_energy { 1.490676163791532   } 
   kinetic_energyvar { 0.9010063250482478   } 
   potential_energy { -7.24085906870346   } 
   potential_energyvar { 2.168180325128525   } 
   nonlocal_energy { 0.6121967637157414   } 
   nonlocal_energyvar { 2.280859727198739   } 
   autocorr_energy { } 
} 

block { 
   label vmc
   totweight 87040
   nautocorr 0
   total_energy { -5.138609770735542   } 
   total_energyvar { 0.2689407718800388   } 
   weight { 1   } 
   weightvar { 1.776356839400247e-15   } 
   kinetic_energy { 1.489757244232174   } 
   kinetic_energyvar { 0.9376427886864983   } 
   potential_energy { -7.235791441459503   } 
   potential_energyvar { 2.312018579487643   } 
   nonlocal_energy { 0.6074244264917852   } 
   nonlocal_energyvar { 2.292334731600764   } 
   autocorr_energy { } 
} 

block { 
   label vmc
   totweight 87040
   nautocorr 0
   total_energy { -5.13649532332326   } 
   total_energyvar { 0.28804996572214   } 
   weight { 1   } 
   weightvar { 1.776356839400247e-15   } 
   kinetic_energy { 1.487923392250011   } 
   kinetic_energyvar { 0.9262640430230431   } 
   potential_energy { -7.243330799537232   } 
   potential_energyvar { 2.231862554985341   } 
   nonlocal_energy { 0.6189120839639596   } 
   nonlocal_energyvar { 2.370052609732481   } 
   autocorr_energy { } 
} 

block { 
   label vmc
   totweight 87040
   nautocorr 0
   total_energy { -5.134686387968874   } 
   total_energyvar { 0.2851634021915483   } 
   weight { 1   } 
   weightvar { 1.776356839400247e-15   } 
   kinetic_energy { 1.474100320033266   } 
   kinetic_energyvar { 0.9305411528976838   } 
   potential_energy { -7.22601647925872   } 
   potential_energyvar { 2.205385371382308   } 
   nonlocal_energy { 0.6172297712565807   } 
   nonlocal_energyvar { 2.410671138853791   } 
   autocorr_energy { } 
} 

