#-------------------------------------------------
#VMC run: timestep 0.45 nconfig 2048 steps 30
#-------------------------------------------------


init { 
   label vmc
}
block { 
   label vmc
   totweight 61440
   nautocorr 0
   total_energy { -134.6056204633076   } 
   total_energyvar { 1.698305750510121   } 
   weight { 1   } 
   weightvar { 0   } 
   kinetic_energy { 47.34105449610843   } 
   kinetic_energyvar { 151.4402739170918   } 
   potential_energy { -195.0321648352428   } 
   potential_energyvar { 162.9352820445562   } 
   nonlocal_energy { 13.08548987582675   } 
   nonlocal_energyvar { 221.6678382856737   } 
   autocorr_energy { } 
} 

block { 
   label vmc
   totweight 61440
   nautocorr 0
   total_energy { -134.5947974851073   } 
   total_energyvar { 1.721799711593319   } 
   weight { 1   } 
   weightvar { 0   } 
   kinetic_energy { 47.26332640086056   } 
   kinetic_energyvar { 152.3999948675737   } 
   potential_energy { -195.0131593462739   } 
   potential_energyvar { 165.5351160912364   } 
   nonlocal_energy { 13.15503546030595   } 
   nonlocal_energyvar { 227.067505178734   } 
   autocorr_energy { } 
} 

block { 
   label vmc
   totweight 61440
   nautocorr 0
   total_energy { -134.5964110348001   } 
   total_energyvar { 1.728896614785966   } 
   weight { 1   } 
   weightvar { 0   } 
   kinetic_energy { 47.22818132237266   } 
   kinetic_energyvar { 154.6068577147946   } 
   potential_energy { -195.0418550520429   } 
   potential_energyvar { 164.2912161425654   } 
   nonlocal_energy { 13.21726269487015   } 
   nonlocal_energyvar { 230.8120097297824   } 
   autocorr_energy { } 
} 

block { 
   label vmc
   totweight 61440
   nautocorr 0
   total_energy { -134.5846062533678   } 
   total_energyvar { 1.6951128941551   } 
   weight { 1   } 
   weightvar { 0   } 
   kinetic_energy { 47.30119757841321   } 
   kinetic_energyvar { 150.623273928686   } 
   potential_energy { -195.0162014881213   } 
   potential_energyvar { 164.830911058421   } 
   nonlocal_energy { 13.13039765634022   } 
   nonlocal_energyvar { 228.3937068941974   } 
   autocorr_energy { } 
} 

block { 
   label vmc
   totweight 61440
   nautocorr 0
   total_energy { -134.5778139429199   } 
   total_energyvar { 5.219739033412269   } 
   weight { 1   } 
   weightvar { 0   } 
   kinetic_energy { 47.28818069109645   } 
   kinetic_energyvar { 157.0314915710931   } 
   potential_energy { -195.0961848332135   } 
   potential_energyvar { 164.997730595642   } 
   nonlocal_energy { 13.2301901991972   } 
   nonlocal_energyvar { 238.4093164990036   } 
   autocorr_energy { } 
} 

block { 
   label vmc
   totweight 61440
   nautocorr 0
   total_energy { -134.5972357596626   } 
   total_energyvar { 1.690964644692648   } 
   weight { 1   } 
   weightvar { 0   } 
   kinetic_energy { 47.25426839305123   } 
   kinetic_energyvar { 153.7271462110795   } 
   potential_energy { -194.9358017694226   } 
   potential_energyvar { 163.9802926028429   } 
   nonlocal_energy { 13.08429761670881   } 
   nonlocal_energyvar { 225.601688205637   } 
   autocorr_energy { } 
} 

block { 
   label vmc
   totweight 61440
   nautocorr 0
   total_energy { -134.5879610338557   } 
   total_energyvar { 1.719533713439344   } 
   weight { 1   } 
   weightvar { 0   } 
   kinetic_energy { 47.27084018727219   } 
   kinetic_energyvar { 153.0878194910385   } 
   potential_energy { -194.9769703209622   } 
   potential_energyvar { 164.3834424142368   } 
   nonlocal_energy { 13.11816909983434   } 
   nonlocal_energyvar { 227.9107984054324   } 
   autocorr_energy { } 
} 

block { 
   label vmc
   totweight 61440
   nautocorr 0
   total_energy { -134.5966826105521   } 
   total_energyvar { 1.694415514386113   } 
   weight { 1   } 
   weightvar { 0   } 
   kinetic_energy { 47.26015325492987   } 
   kinetic_energyvar { 156.3375569797566   } 
   potential_energy { -195.1309785924922   } 
   potential_energyvar { 165.1070481034145   } 
   nonlocal_energy { 13.27414272701016   } 
   nonlocal_energyvar { 231.1960413725734   } 
   autocorr_energy { } 
} 

block { 
   label vmc
   totweight 61440
   nautocorr 0
   total_energy { -134.5931763246425   } 
   total_energyvar { 1.702521264558291   } 
   weight { 1   } 
   weightvar { 0   } 
   kinetic_energy { 47.34443960350047   } 
   kinetic_energyvar { 153.6481452003728   } 
   potential_energy { -194.9893733353367   } 
   potential_energyvar { 165.1182546116601   } 
   nonlocal_energy { 13.05175740719372   } 
   nonlocal_energyvar { 228.4829320779242   } 
   autocorr_energy { } 
} 

block { 
   label vmc
   totweight 61440
   nautocorr 0
   total_energy { -134.585767377121   } 
   total_energyvar { 1.688453868244468   } 
   weight { 1   } 
   weightvar { 0   } 
   kinetic_energy { 47.24325793378743   } 
   kinetic_energyvar { 154.0574831446245   } 
   potential_energy { -194.9427719207049   } 
   potential_energyvar { 166.1461378041573   } 
   nonlocal_energy { 13.11374660979648   } 
   nonlocal_energyvar { 228.4978863284595   } 
   autocorr_energy { } 
} 

block { 
   label vmc
   totweight 61440
   nautocorr 0
   total_energy { -134.5708376798763   } 
   total_energyvar { 7.649166142819668   } 
   weight { 1   } 
   weightvar { 0   } 
   kinetic_energy { 47.34327796120228   } 
   kinetic_energyvar { 158.4004594622706   } 
   potential_energy { -195.148957525227   } 
   potential_energyvar { 166.1683774273316   } 
   nonlocal_energy { 13.23484188414843   } 
   nonlocal_energyvar { 240.137098020661   } 
   autocorr_energy { } 
} 

block { 
   label vmc
   totweight 61440
   nautocorr 0
   total_energy { -134.5937854898885   } 
   total_energyvar { 1.715521418282873   } 
   weight { 1   } 
   weightvar { 0   } 
   kinetic_energy { 47.37983237787262   } 
   kinetic_energyvar { 153.8467398022086   } 
   potential_energy { -195.0281986212802   } 
   potential_energyvar { 165.5539683398674   } 
   nonlocal_energy { 13.05458075351902   } 
   nonlocal_energyvar { 227.5257798614309   } 
   autocorr_energy { } 
} 

block { 
   label vmc
   totweight 61440
   nautocorr 0
   total_energy { -134.6018325215686   } 
   total_energyvar { 1.701225734613752   } 
   weight { 1   } 
   weightvar { 0   } 
   kinetic_energy { 47.3214547531751   } 
   kinetic_energyvar { 151.896479828744   } 
   potential_energy { -195.0567051803107   } 
   potential_energyvar { 165.0004791471364   } 
   nonlocal_energy { 13.133417905567   } 
   nonlocal_energyvar { 225.7852082701009   } 
   autocorr_energy { } 
} 

block { 
   label vmc
   totweight 61440
   nautocorr 0
   total_energy { -134.5798473047434   } 
   total_energyvar { 6.564464142939532   } 
   weight { 1   } 
   weightvar { 0   } 
   kinetic_energy { 47.41799147584706   } 
   kinetic_energyvar { 151.0436470110931   } 
   potential_energy { -194.9347276732444   } 
   potential_energyvar { 163.757900391299   } 
   nonlocal_energy { 12.93688889265391   } 
   nonlocal_energyvar { 222.6389142179755   } 
   autocorr_energy { } 
} 

block { 
   label vmc
   totweight 61440
   nautocorr 0
   total_energy { -134.5863856561368   } 
   total_energyvar { 1.708342042691965   } 
   weight { 1   } 
   weightvar { 0   } 
   kinetic_energy { 47.400853270296   } 
   kinetic_energyvar { 149.9567419250293   } 
   potential_energy { -194.9675633404204   } 
   potential_energyvar { 164.8684719565331   } 
   nonlocal_energy { 12.98032441398755   } 
   nonlocal_energyvar { 221.0208902551707   } 
   autocorr_energy { } 
} 

block { 
   label vmc
   totweight 61440
   nautocorr 0
   total_energy { -134.5908963637967   } 
   total_energyvar { 1.699524020066412   } 
   weight { 1   } 
   weightvar { 0   } 
   kinetic_energy { 47.28424677006801   } 
   kinetic_energyvar { 154.8062950819083   } 
   potential_energy { -195.0773613812598   } 
   potential_energyvar { 164.2778695354068   } 
   nonlocal_energy { 13.2022182473951   } 
   nonlocal_energyvar { 228.672187333951   } 
   autocorr_energy { } 
} 

block { 
   label vmc
   totweight 61440
   nautocorr 0
   total_energy { -134.5950331272367   } 
   total_energyvar { 1.698570668833046   } 
   weight { 1   } 
   weightvar { 0   } 
   kinetic_energy { 47.36357666528055   } 
   kinetic_energyvar { 149.1650387512863   } 
   potential_energy { -195.1170826301754   } 
   potential_energyvar { 166.0474279422425   } 
   nonlocal_energy { 13.15847283765816   } 
   nonlocal_energyvar { 223.4203949620741   } 
   autocorr_energy { } 
} 

block { 
   label vmc
   totweight 61440
   nautocorr 0
   total_energy { -134.5838602480318   } 
   total_energyvar { 1.689212569815221   } 
   weight { 1   } 
   weightvar { 0   } 
   kinetic_energy { 47.30236538447791   } 
   kinetic_energyvar { 149.549021568273   } 
   potential_energy { -194.9951432946039   } 
   potential_energyvar { 164.8037453179383   } 
   nonlocal_energy { 13.10891766209418   } 
   nonlocal_energyvar { 224.6097734338714   } 
   autocorr_energy { } 
} 

block { 
   label vmc
   totweight 61440
   nautocorr 0
   total_energy { -134.5861080748458   } 
   total_energyvar { 5.951254734301886   } 
   weight { 1   } 
   weightvar { 0   } 
   kinetic_energy { 47.11306087434241   } 
   kinetic_energyvar { 159.2334206714691   } 
   potential_energy { -194.9387987648399   } 
   potential_energyvar { 169.4148142321791   } 
   nonlocal_energy { 13.2396298156517   } 
   nonlocal_energyvar { 239.0923135514373   } 
   autocorr_energy { } 
} 

block { 
   label vmc
   totweight 61440
   nautocorr 0
   total_energy { -134.5752479668205   } 
   total_energyvar { 2.841641533812063   } 
   weight { 1   } 
   weightvar { 0   } 
   kinetic_energy { 47.28452346604934   } 
   kinetic_energyvar { 154.7988796121006   } 
   potential_energy { -195.048235673691   } 
   potential_energyvar { 163.7580250928648   } 
   nonlocal_energy { 13.18846424082113   } 
   nonlocal_energyvar { 233.8903662357679   } 
   autocorr_energy { } 
} 

block { 
   label vmc
   totweight 61440
   nautocorr 0
   total_energy { -134.5880083220946   } 
   total_energyvar { 1.67888934070517   } 
   weight { 1   } 
   weightvar { 0   } 
   kinetic_energy { 47.32241747463247   } 
   kinetic_energyvar { 150.8969544009427   } 
   potential_energy { -194.8910477755156   } 
   potential_energyvar { 165.5827703841051   } 
   nonlocal_energy { 12.98062197878849   } 
   nonlocal_energyvar { 221.5158691609698   } 
   autocorr_energy { } 
} 

block { 
   label vmc
   totweight 61440
   nautocorr 0
   total_energy { -134.5808388145013   } 
   total_energyvar { 1.69426370700488   } 
   weight { 1   } 
   weightvar { 0   } 
   kinetic_energy { 47.30120496958944   } 
   kinetic_energyvar { 156.2983065695853   } 
   potential_energy { -194.9586232171511   } 
   potential_energyvar { 166.1171291197593   } 
   nonlocal_energy { 13.07657943306047   } 
   nonlocal_energyvar { 230.3730141396714   } 
   autocorr_energy { } 
} 

block { 
   label vmc
   totweight 61440
   nautocorr 0
   total_energy { -134.5688313406145   } 
   total_energyvar { 14.85039037558591   } 
   weight { 1   } 
   weightvar { 0   } 
   kinetic_energy { 47.36940968831657   } 
   kinetic_energyvar { 156.0818463288685   } 
   potential_energy { -195.0863661093504   } 
   potential_energyvar { 165.8447563110017   } 
   nonlocal_energy { 13.14812508041934   } 
   nonlocal_energyvar { 240.9470410855596   } 
   autocorr_energy { } 
} 

block { 
   label vmc
   totweight 61440
   nautocorr 0
   total_energy { -134.5901996900612   } 
   total_energyvar { 1.706570933900351   } 
   weight { 1   } 
   weightvar { 0   } 
   kinetic_energy { 47.21580686167417   } 
   kinetic_energyvar { 155.0903814866467   } 
   potential_energy { -194.9620769851677   } 
   potential_energyvar { 162.3873232802276   } 
   nonlocal_energy { 13.15607043343227   } 
   nonlocal_energyvar { 230.5136787068891   } 
   autocorr_energy { } 
} 

block { 
   label vmc
   totweight 61440
   nautocorr 0
   total_energy { -134.5765319819529   } 
   total_energyvar { 8.645311923833635   } 
   weight { 1   } 
   weightvar { 0   } 
   kinetic_energy { 47.34180630503565   } 
   kinetic_energyvar { 154.6544331426133   } 
   potential_energy { -195.0141309639847   } 
   potential_energyvar { 167.0806364994768   } 
   nonlocal_energy { 13.09579267699617   } 
   nonlocal_energyvar { 232.7482485385868   } 
   autocorr_energy { } 
} 

block { 
   label vmc
   totweight 61440
   nautocorr 0
   total_energy { -134.5869455648147   } 
   total_energyvar { 1.713580117112899   } 
   weight { 1   } 
   weightvar { 0   } 
   kinetic_energy { 47.24810487486335   } 
   kinetic_energyvar { 153.2800132610248   } 
   potential_energy { -194.9511101254563   } 
   potential_energyvar { 164.9559869464034   } 
   nonlocal_energy { 13.11605968577827   } 
   nonlocal_energyvar { 227.8848063318356   } 
   autocorr_energy { } 
} 

block { 
   label vmc
   totweight 61440
   nautocorr 0
   total_energy { -134.5757524327556   } 
   total_energyvar { 7.278556768868369   } 
   weight { 1   } 
   weightvar { 0   } 
   kinetic_energy { 47.29412762811166   } 
   kinetic_energyvar { 150.4216531613283   } 
   potential_energy { -194.9331164031864   } 
   potential_energyvar { 165.4758353722508   } 
   nonlocal_energy { 13.06323634231911   } 
   nonlocal_energyvar { 229.6572935908187   } 
   autocorr_energy { } 
} 

block { 
   label vmc
   totweight 61440
   nautocorr 0
   total_energy { -134.579883567495   } 
   total_energyvar { 8.381712945591577   } 
   weight { 1   } 
   weightvar { 0   } 
   kinetic_energy { 47.32936075268297   } 
   kinetic_energyvar { 153.1566540695673   } 
   potential_energy { -195.0164041597451   } 
   potential_energyvar { 166.3632486947816   } 
   nonlocal_energy { 13.10715983956709   } 
   nonlocal_energyvar { 232.397059957922   } 
   autocorr_energy { } 
} 

block { 
   label vmc
   totweight 61440
   nautocorr 0
   total_energy { -134.5925368460281   } 
   total_energyvar { 1.683341710340085   } 
   weight { 1   } 
   weightvar { 0   } 
   kinetic_energy { 47.39874281721621   } 
   kinetic_energyvar { 149.5009796673944   } 
   potential_energy { -195.0191566752619   } 
   potential_energyvar { 164.0831381140402   } 
   nonlocal_energy { 13.02787701201756   } 
   nonlocal_energyvar { 222.1647201826223   } 
   autocorr_energy { } 
} 

block { 
   label vmc
   totweight 61440
   nautocorr 0
   total_energy { -134.577991040867   } 
   total_energyvar { 7.545368866057353   } 
   weight { 1   } 
   weightvar { 0   } 
   kinetic_energy { 47.31539244548028   } 
   kinetic_energyvar { 153.5607171705774   } 
   potential_energy { -194.9191920696727   } 
   potential_energyvar { 166.6591875565248   } 
   nonlocal_energy { 13.02580858332542   } 
   nonlocal_energyvar { 228.2947489449539   } 
   autocorr_energy { } 
} 

