#-------------------------------------------------
#DMC run: timestep 0.001
#-------------------------------------------------


init { 
   label spin_0.001
}
block { 
   label spin_0.001
   totweight 8192000
   nautocorr 0
   total_energy { -5.428066576886014   } 
   total_energyvar { 0.03741804281281014   } 
   weight { 1.004410846153706   } 
   weightvar { 0.002846478469535807   } 
   kinetic_energy { 1.69279758659226   } 
   kinetic_energyvar { 0.9971614623523833   } 
   potential_energy { -7.76827866257345   } 
   potential_energyvar { 2.121987488912112   } 
   nonlocal_energy { 0.647414499095175   } 
   nonlocal_energyvar { 2.355056198785133   } 
   autocorr_energy { } 
} 

block { 
   label spin_0.001
   totweight 8192000
   nautocorr 0
   total_energy { -5.425652984368985   } 
   total_energyvar { 0.0402664470912806   } 
   weight { 1.003671406819221   } 
   weightvar { 0.01330728122540977   } 
   kinetic_energy { 1.703628110893585   } 
   kinetic_energyvar { 0.9624173675196499   } 
   potential_energy { -7.750436356393572   } 
   potential_energyvar { 2.053113321760041   } 
   nonlocal_energy { 0.6211552611310014   } 
   nonlocal_energyvar { 2.197768636409264   } 
   autocorr_energy { } 
} 

block { 
   label spin_0.001
   totweight 8192000
   nautocorr 0
   total_energy { -5.421589547075246   } 
   total_energyvar { 0.04300452058947472   } 
   weight { 0.9987219511027708   } 
   weightvar { 0.02696660151344435   } 
   kinetic_energy { 1.704691377229473   } 
   kinetic_energyvar { 0.9607909399921017   } 
   potential_energy { -7.763611252531468   } 
   potential_energyvar { 2.051469657047269   } 
   nonlocal_energy { 0.6373303282267476   } 
   nonlocal_energyvar { 2.272702216695219   } 
   autocorr_energy { } 
} 

block { 
   label spin_0.001
   totweight 8192000
   nautocorr 0
   total_energy { -5.421330219140371   } 
   total_energyvar { 0.04300353313929429   } 
   weight { 0.9962059802100605   } 
   weightvar { 0.04040474491380955   } 
   kinetic_energy { 1.70605361992653   } 
   kinetic_energyvar { 0.9894958218089934   } 
   potential_energy { -7.769563480455393   } 
   potential_energyvar { 2.101626313852187   } 
   nonlocal_energy { 0.642179641388492   } 
   nonlocal_energyvar { 2.283111568343053   } 
   autocorr_energy { } 
} 

block { 
   label spin_0.001
   totweight 8192000
   nautocorr 0
   total_energy { -5.42307601004951   } 
   total_energyvar { 0.04383641096829519   } 
   weight { 0.9970129267011744   } 
   weightvar { 0.0537194695976545   } 
   kinetic_energy { 1.701686162879823   } 
   kinetic_energyvar { 1.023654934461726   } 
   potential_energy { -7.764777924026386   } 
   potential_energyvar { 2.129931617083431   } 
   nonlocal_energy { 0.6400157510970537   } 
   nonlocal_energyvar { 2.326430893562227   } 
   autocorr_energy { } 
} 

block { 
   label spin_0.001
   totweight 8192000
   nautocorr 0
   total_energy { -5.420370367461952   } 
   total_energyvar { 0.05062715947909465   } 
   weight { 0.9968812701081047   } 
   weightvar { 0.06543689732499715   } 
   kinetic_energy { 1.701130600344903   } 
   kinetic_energyvar { 1.002041158579829   } 
   potential_energy { -7.752053460043387   } 
   potential_energyvar { 2.12013722826376   } 
   nonlocal_energy { 0.6305524922365324   } 
   nonlocal_energyvar { 2.287098181222583   } 
   autocorr_energy { } 
} 

block { 
   label spin_0.001
   totweight 8192000
   nautocorr 0
   total_energy { -5.419354602038581   } 
   total_energyvar { 0.04542376186633876   } 
   weight { 0.9969295309808078   } 
   weightvar { 0.07527893732011723   } 
   kinetic_energy { 1.699584123072695   } 
   kinetic_energyvar { 1.02271390645879   } 
   potential_energy { -7.780600485899039   } 
   potential_energyvar { 2.179238539556954   } 
   nonlocal_energy { 0.6616617607877631   } 
   nonlocal_energyvar { 2.438451767529776   } 
   autocorr_energy { } 
} 

block { 
   label spin_0.001
   totweight 8192000
   nautocorr 0
   total_energy { -5.419494170333945   } 
   total_energyvar { 0.04499040878766029   } 
   weight { 0.9973988614879054   } 
   weightvar { 0.08246153280248528   } 
   kinetic_energy { 1.703597841601878   } 
   kinetic_energyvar { 1.025294448492219   } 
   potential_energy { -7.784559019520657   } 
   potential_energyvar { 2.112685411486276   } 
   nonlocal_energy { 0.6614670075848347   } 
   nonlocal_energyvar { 2.364042322591463   } 
   autocorr_energy { } 
} 

block { 
   label spin_0.001
   totweight 8192000
   nautocorr 0
   total_energy { -5.418419513137607   } 
   total_energyvar { 0.04397076278888708   } 
   weight { 0.9973231754462347   } 
   weightvar { 0.08671726848939304   } 
   kinetic_energy { 1.711820929494713   } 
   kinetic_energyvar { 1.014670728890684   } 
   potential_energy { -7.798070258318361   } 
   potential_energyvar { 2.184658281204714   } 
   nonlocal_energy { 0.6678298156860408   } 
   nonlocal_energyvar { 2.377973090126046   } 
   autocorr_energy { } 
} 

block { 
   label spin_0.001
   totweight 8192000
   nautocorr 0
   total_energy { -5.41850710667457   } 
   total_energyvar { 0.0456507066769484   } 
   weight { 0.9974786806617233   } 
   weightvar { 0.09067610127710767   } 
   kinetic_energy { 1.71011100426233   } 
   kinetic_energyvar { 1.010429553559149   } 
   potential_energy { -7.764931305823805   } 
   potential_energyvar { 2.101056410838073   } 
   nonlocal_energy { 0.636313194886905   } 
   nonlocal_energyvar { 2.251860422805084   } 
   autocorr_energy { } 
} 

block { 
   label spin_0.001
   totweight 8192000
   nautocorr 0
   total_energy { -5.419613030652825   } 
   total_energyvar { 0.05219053583593292   } 
   weight { 0.9978725117651227   } 
   weightvar { 0.09408580188965096   } 
   kinetic_energy { 1.717870795591818   } 
   kinetic_energyvar { 1.013126090220124   } 
   potential_energy { -7.784565258142743   } 
   potential_energyvar { 2.144379911310131   } 
   nonlocal_energy { 0.6470814318980995   } 
   nonlocal_energyvar { 2.29070392420236   } 
   autocorr_energy { } 
} 

block { 
   label spin_0.001
   totweight 8192000
   nautocorr 0
   total_energy { -5.421138627044286   } 
   total_energyvar { 0.04035403626304665   } 
   weight { 0.9995160728597771   } 
   weightvar { 0.09652202465086132   } 
   kinetic_energy { 1.715790652060616   } 
   kinetic_energyvar { 0.9629709571594638   } 
   potential_energy { -7.775376745710216   } 
   potential_energyvar { 2.107802900919285   } 
   nonlocal_energy { 0.6384474666053127   } 
   nonlocal_energyvar { 2.253207196888772   } 
   autocorr_energy { } 
} 

block { 
   label spin_0.001
   totweight 8192000
   nautocorr 0
   total_energy { -5.418846405927868   } 
   total_energyvar { 0.04408070314808105   } 
   weight { 0.9991709136141538   } 
   weightvar { 0.09737304020018656   } 
   kinetic_energy { 1.721380442478169   } 
   kinetic_energyvar { 0.9692766967807999   } 
   potential_energy { -7.774928786039173   } 
   potential_energyvar { 2.070277672979153   } 
   nonlocal_energy { 0.634701937633137   } 
   nonlocal_energyvar { 2.204402887272996   } 
   autocorr_energy { } 
} 

block { 
   label spin_0.001
   totweight 8192000
   nautocorr 0
   total_energy { -5.420947246652745   } 
   total_energyvar { 0.04290999090294051   } 
   weight { 0.9993398421392239   } 
   weightvar { 0.09906953728232049   } 
   kinetic_energy { 1.713341251906338   } 
   kinetic_energyvar { 1.011582862037476   } 
   potential_energy { -7.77997162264285   } 
   potential_energyvar { 2.148547365512434   } 
   nonlocal_energy { 0.645683124083767   } 
   nonlocal_energyvar { 2.345918483445228   } 
   autocorr_energy { } 
} 

block { 
   label spin_0.001
   totweight 8192000
   nautocorr 0
   total_energy { -5.419894018112265   } 
   total_energyvar { 0.0452087020498883   } 
   weight { 0.9998029256312695   } 
   weightvar { 0.09934550388266759   } 
   kinetic_energy { 1.710171321074825   } 
   kinetic_energyvar { 1.013832771031066   } 
   potential_energy { -7.779449080990504   } 
   potential_energyvar { 2.135720042543504   } 
   nonlocal_energy { 0.649383741803415   } 
   nonlocal_energyvar { 2.350382762519788   } 
   autocorr_energy { } 
} 

block { 
   label spin_0.001
   totweight 8192000
   nautocorr 0
   total_energy { -5.420082523642164   } 
   total_energyvar { 0.04409979349839388   } 
   weight { 0.9996831894081281   } 
   weightvar { 0.1001243017104641   } 
   kinetic_energy { 1.709803130179042   } 
   kinetic_energyvar { 0.9990607443780499   } 
   potential_energy { -7.781031220422832   } 
   potential_energyvar { 2.162792689569143   } 
   nonlocal_energy { 0.6511455666016263   } 
   nonlocal_energyvar { 2.380257113679674   } 
   autocorr_energy { } 
} 

block { 
   label spin_0.001
   totweight 8192000
   nautocorr 0
   total_energy { -5.419878966430214   } 
   total_energyvar { 0.04845846666982442   } 
   weight { 0.9993694402460304   } 
   weightvar { 0.1013384774742569   } 
   kinetic_energy { 1.709102012788337   } 
   kinetic_energyvar { 0.9911513612040047   } 
   potential_energy { -7.766352088917109   } 
   potential_energyvar { 2.084216034663491   } 
   nonlocal_energy { 0.6373711096985571   } 
   nonlocal_energyvar { 2.210107170926497   } 
   autocorr_energy { } 
} 

block { 
   label spin_0.001
   totweight 8192000
   nautocorr 0
   total_energy { -5.420124577214682   } 
   total_energyvar { 0.0443358606293232   } 
   weight { 0.9995947485549447   } 
   weightvar { 0.1020124369454578   } 
   kinetic_energy { 1.710889789791527   } 
   kinetic_energyvar { 1.03542111589511   } 
   potential_energy { -7.781184717775954   } 
   potential_energyvar { 2.194322781866551   } 
   nonlocal_energy { 0.6501703507697442   } 
   nonlocal_energyvar { 2.342175832399283   } 
   autocorr_energy { } 
} 

block { 
   label spin_0.001
   totweight 8192000
   nautocorr 0
   total_energy { -5.420736642679846   } 
   total_energyvar { 0.04378475684456038   } 
   weight { 1.000259271504439   } 
   weightvar { 0.1011959643643435   } 
   kinetic_energy { 1.706773050359446   } 
   kinetic_energyvar { 1.011041053053864   } 
   potential_energy { -7.779032505370431   } 
   potential_energyvar { 2.156844372760224   } 
   nonlocal_energy { 0.6515228123311403   } 
   nonlocal_energyvar { 2.356070773431589   } 
   autocorr_energy { } 
} 

block { 
   label spin_0.001
   totweight 8192000
   nautocorr 0
   total_energy { -5.419343551815794   } 
   total_energyvar { 0.04099551507335705   } 
   weight { 0.9996629719631674   } 
   weightvar { 0.1005904071137775   } 
   kinetic_energy { 1.718831837439225   } 
   kinetic_energyvar { 0.94766186784082   } 
   potential_energy { -7.767241612560084   } 
   potential_energyvar { 2.0786017166714   } 
   nonlocal_energy { 0.6290662233050647   } 
   nonlocal_energyvar { 2.207131708840888   } 
   autocorr_energy { } 
} 

