#-------------------------------------------------
#VMC run: timestep 0.32 nconfig 10 steps 30
#-------------------------------------------------


#-------------------------------------------------
#VMC run: timestep 0.32 nconfig 10 steps 30
#-------------------------------------------------


#-------------------------------------------------
#VMC run: timestep 0.32 nconfig 10 steps 30
#-------------------------------------------------


#-------------------------------------------------
#VMC run: timestep 0.32 nconfig 10 steps 30
#-------------------------------------------------


init { 
   label vmc
}
init { 
   label vmc
}
init { 
   label vmc
}
init { 
   label vmc
}
block { 
   label vmc
   totweight 300
   nautocorr 0
   total_energy { -134.4819507657291   } 
   total_energyvar { 9.4085643815597   } 
   weight { 1   } 
   weightvar { 0   } 
   kinetic_energy { 44.64218042201284   } 
   kinetic_energyvar { 158.243602056898   } 
   potential_energy { -196.0393303059105   } 
   potential_energyvar { 264.9401632015361   } 
   nonlocal_energy { 16.91519911816854   } 
   nonlocal_energyvar { 300.6593484058505   } 
   autocorr_energy { } 
} 

block { 
   label vmc
   totweight 300
   nautocorr 0
   total_energy { -134.2354951549253   } 
   total_energyvar { 8.851471551970462   } 
   weight { 1   } 
   weightvar { 0   } 
   kinetic_energy { 43.99838757577934   } 
   kinetic_energyvar { 131.5273058090686   } 
   potential_energy { -196.821608504842   } 
   potential_energyvar { 286.0314918212316   } 
   nonlocal_energy { 18.58772577413737   } 
   nonlocal_energyvar { 350.9544536634184   } 
   autocorr_energy { } 
} 

block { 
   label vmc
   totweight 300
   nautocorr 0
   total_energy { -133.9893602270314   } 
   total_energyvar { 20.74083988021448   } 
   weight { 1   } 
   weightvar { 0   } 
   kinetic_energy { 45.4694950935948   } 
   kinetic_energyvar { 122.0931342912863   } 
   potential_energy { -195.4696592602334   } 
   potential_energyvar { 296.2065495939532   } 
   nonlocal_energy { 16.01080393960725   } 
   nonlocal_energyvar { 195.3161760993195   } 
   autocorr_energy { } 
} 

block { 
   label vmc
   totweight 300
   nautocorr 0
   total_energy { -134.1167577999615   } 
   total_energyvar { 16.21829155398518   } 
   weight { 1   } 
   weightvar { 0   } 
   kinetic_energy { 45.21422100650769   } 
   kinetic_energyvar { 167.6079836580948   } 
   potential_energy { -196.2311552958608   } 
   potential_energyvar { 315.6376723311478   } 
   nonlocal_energy { 16.90017648939165   } 
   nonlocal_energyvar { 263.9851035789673   } 
   autocorr_energy { } 
} 

block { 
   label vmc
   totweight 300
   nautocorr 0
   total_energy { -134.2104925149668   } 
   total_energyvar { 8.723562707909878   } 
   weight { 1   } 
   weightvar { 0   } 
   kinetic_energy { 45.37900981686413   } 
   kinetic_energyvar { 129.5937130497337   } 
   potential_energy { -200.8838269619187   } 
   potential_energyvar { 305.8100496501429   } 
   nonlocal_energy { 21.29432463008781   } 
   nonlocal_energyvar { 389.8264741864471   } 
   autocorr_energy { } 
} 

block { 
   label vmc
   totweight 300
   nautocorr 0
   total_energy { -134.0297847032296   } 
   total_energyvar { 10.15296569638303   } 
   weight { 1   } 
   weightvar { 0   } 
   kinetic_energy { 43.77545461708303   } 
   kinetic_energyvar { 141.0268278770232   } 
   potential_energy { -196.1506038741698   } 
   potential_energyvar { 319.4873611753428   } 
   nonlocal_energy { 18.34536455385721   } 
   nonlocal_energyvar { 260.9769113605108   } 
   autocorr_energy { } 
} 

block { 
   label vmc
   totweight 300
   nautocorr 0
   total_energy { -134.3314286889502   } 
   total_energyvar { 13.856067706678   } 
   weight { 1   } 
   weightvar { 0   } 
   kinetic_energy { 44.41135940216967   } 
   kinetic_energyvar { 372.3583238122444   } 
   potential_energy { -199.3974370236898   } 
   potential_energyvar { 380.977100489552   } 
   nonlocal_energy { 20.65464893256993   } 
   nonlocal_energyvar { 666.3997871170218   } 
   autocorr_energy { } 
} 

block { 
   label vmc
   totweight 300
   nautocorr 0
   total_energy { -134.3841961731337   } 
   total_energyvar { 8.882817206787877   } 
   weight { 1   } 
   weightvar { 0   } 
   kinetic_energy { 44.11474490913137   } 
   kinetic_energyvar { 132.3063542781913   } 
   potential_energy { -197.160117621702   } 
   potential_energyvar { 294.2543676453934   } 
   nonlocal_energy { 18.66117653943697   } 
   nonlocal_energyvar { 260.9919850951031   } 
   autocorr_energy { } 
} 

block { 
   label vmc
   totweight 300
   nautocorr 0
   total_energy { -134.3654396153426   } 
   total_energyvar { 8.453984848074469   } 
   weight { 1   } 
   weightvar { 0   } 
   kinetic_energy { 45.99744839114519   } 
   kinetic_energyvar { 108.7673561328443   } 
   potential_energy { -200.4575216991061   } 
   potential_energyvar { 270.007018183438   } 
   nonlocal_energy { 20.09463369261832   } 
   nonlocal_energyvar { 222.8625263644237   } 
   autocorr_energy { } 
} 

block { 
   label vmc
   totweight 300
   nautocorr 0
   total_energy { -133.5394496982288   } 
   total_energyvar { 12.79473680523733   } 
   weight { 1   } 
   weightvar { 0   } 
   kinetic_energy { 45.46876696391528   } 
   kinetic_energyvar { 141.532717262774   } 
   potential_energy { -194.4699818456286   } 
   potential_energyvar { 329.9830759914112   } 
   nonlocal_energy { 15.46176518348452   } 
   nonlocal_energyvar { 197.9945572668738   } 
   autocorr_energy { } 
} 

block { 
   label vmc
   totweight 300
   nautocorr 0
   total_energy { -134.3725509892253   } 
   total_energyvar { 8.711395532071037   } 
   weight { 1   } 
   weightvar { 0   } 
   kinetic_energy { 44.36659673700687   } 
   kinetic_energyvar { 111.1153736767819   } 
   potential_energy { -196.0782134295271   } 
   potential_energyvar { 333.3031206331216   } 
   nonlocal_energy { 17.33906570329498   } 
   nonlocal_energyvar { 271.4656461995193   } 
   autocorr_energy { } 
} 

block { 
   label vmc
   totweight 300
   nautocorr 0
   total_energy { -134.3666808028155   } 
   total_energyvar { 11.07801746631594   } 
   weight { 1   } 
   weightvar { 0   } 
   kinetic_energy { 44.87675547952227   } 
   kinetic_energyvar { 185.807274748875   } 
   potential_energy { -197.5429720192656   } 
   potential_energyvar { 328.2074189732666   } 
   nonlocal_energy { 18.29953573692777   } 
   nonlocal_energyvar { 400.505704914454   } 
   autocorr_energy { } 
} 

block { 
   label vmc
   totweight 300
   nautocorr 0
   total_energy { -134.0947097208589   } 
   total_energyvar { 11.73952821723287   } 
   weight { 1   } 
   weightvar { 0   } 
   kinetic_energy { 45.45961859486536   } 
   kinetic_energyvar { 172.8831447032708   } 
   potential_energy { -199.9117268077309   } 
   potential_energyvar { 351.4815973283621   } 
   nonlocal_energy { 20.35739849200661   } 
   nonlocal_energyvar { 352.3197543053857   } 
   autocorr_energy { } 
} 

block { 
   label vmc
   totweight 300
   nautocorr 0
   total_energy { -134.0510570625592   } 
   total_energyvar { 12.35158382915324   } 
   weight { 1   } 
   weightvar { 0   } 
   kinetic_energy { 44.65989082113093   } 
   kinetic_energyvar { 123.7146950296874   } 
   potential_energy { -197.9634526521928   } 
   potential_energyvar { 302.8390341591657   } 
   nonlocal_energy { 19.25250476850267   } 
   nonlocal_energyvar { 323.1851921049836   } 
   autocorr_energy { } 
} 

block { 
   label vmc
   totweight 300
   nautocorr 0
   total_energy { -133.9408142580951   } 
   total_energyvar { 16.11523100877093   } 
   weight { 1   } 
   weightvar { 0   } 
   kinetic_energy { 44.39833999182456   } 
   kinetic_energyvar { 146.2401201898042   } 
   potential_energy { -197.2898715636294   } 
   potential_energyvar { 310.4028370699962   } 
   nonlocal_energy { 18.95071731370966   } 
   nonlocal_energyvar { 300.6339985878845   } 
   autocorr_energy { } 
} 

block { 
   label vmc
   totweight 300
   nautocorr 0
   total_energy { -134.2065665036943   } 
   total_energyvar { 24.59228679937951   } 
   weight { 1   } 
   weightvar { 0   } 
   kinetic_energy { 46.32737372504998   } 
   kinetic_energyvar { 108.6899730943533   } 
   potential_energy { -198.6362635176587   } 
   potential_energyvar { 309.1635650327444   } 
   nonlocal_energy { 18.10232328891443   } 
   nonlocal_energyvar { 216.014710592807   } 
   autocorr_energy { } 
} 

block { 
   label vmc
   totweight 300
   nautocorr 0
   total_energy { -134.3954671168825   } 
   total_energyvar { 11.08280377299161   } 
   weight { 1   } 
   weightvar { 0   } 
   kinetic_energy { 44.37490317516902   } 
   kinetic_energyvar { 159.7627251181573   } 
   potential_energy { -198.7095877039782   } 
   potential_energyvar { 282.3087871245152   } 
   nonlocal_energy { 19.93921741192666   } 
   nonlocal_energyvar { 320.5487509227257   } 
   autocorr_energy { } 
} 

block { 
   label vmc
   totweight 300
   nautocorr 0
   total_energy { -134.4063184279577   } 
   total_energyvar { 9.430534889786941   } 
   weight { 1   } 
   weightvar { 0   } 
   kinetic_energy { 44.12790978982907   } 
   kinetic_energyvar { 156.4918567603527   } 
   potential_energy { -195.125502046575   } 
   potential_energyvar { 277.5867295433491   } 
   nonlocal_energy { 16.59127382878822   } 
   nonlocal_energyvar { 252.2130788718603   } 
   autocorr_energy { } 
} 

block { 
   label vmc
   totweight 300
   nautocorr 0
   total_energy { -134.1052515161808   } 
   total_energyvar { 11.30151374860725   } 
   weight { 1   } 
   weightvar { 0   } 
   kinetic_energy { 45.79568693626096   } 
   kinetic_energyvar { 160.4369145011547   } 
   potential_energy { -198.5353162663716   } 
   potential_energyvar { 350.8557936760844   } 
   nonlocal_energy { 18.63437781392984   } 
   nonlocal_energyvar { 357.0800793179858   } 
   autocorr_energy { } 
} 

block { 
   label vmc
   totweight 300
   nautocorr 0
   total_energy { -134.0784745942049   } 
   total_energyvar { 13.18999589757368   } 
   weight { 1   } 
   weightvar { 0   } 
   kinetic_energy { 43.96860616115971   } 
   kinetic_energyvar { 139.5557491380132   } 
   potential_energy { -195.8061117751895   } 
   potential_energyvar { 306.6906138357517   } 
   nonlocal_energy { 17.75903101982487   } 
   nonlocal_energyvar { 285.2643992758727   } 
   autocorr_energy { } 
} 

block { 
   label vmc
   totweight 300
   nautocorr 0
   total_energy { -134.0268335112864   } 
   total_energyvar { 17.96737199706695   } 
   weight { 1   } 
   weightvar { 0   } 
   kinetic_energy { 47.88240480034819   } 
   kinetic_energyvar { 100.3062603988305   } 
   potential_energy { -198.0061316603385   } 
   potential_energyvar { 257.4408779202713   } 
   nonlocal_energy { 16.0968933487039   } 
   nonlocal_energyvar { 134.7937776773464   } 
   autocorr_energy { } 
} 

block { 
   label vmc
   totweight 300
   nautocorr 0
   total_energy { -134.1582968470289   } 
   total_energyvar { 9.428377632939373   } 
   weight { 1   } 
   weightvar { 0   } 
   kinetic_energy { 43.87165309576876   } 
   kinetic_energyvar { 168.4529189259524   } 
   potential_energy { -198.9050687622546   } 
   potential_energyvar { 333.4160209094625   } 
   nonlocal_energy { 20.87511881945693   } 
   nonlocal_energyvar { 363.5235272917299   } 
   autocorr_energy { } 
} 

block { 
   label vmc
   totweight 300
   nautocorr 0
   total_energy { -133.924565510263   } 
   total_energyvar { 15.64420441347465   } 
   weight { 1   } 
   weightvar { 0   } 
   kinetic_energy { 46.00290899669449   } 
   kinetic_energyvar { 127.8601732161019   } 
   potential_energy { -197.7003264296576   } 
   potential_energyvar { 315.7657371105161   } 
   nonlocal_energy { 17.77285192270016   } 
   nonlocal_energyvar { 225.8522593636788   } 
   autocorr_energy { } 
} 

block { 
   label vmc
   totweight 300
   nautocorr 0
   total_energy { -134.1187943210137   } 
   total_energyvar { 9.509692296043795   } 
   weight { 1   } 
   weightvar { 0   } 
   kinetic_energy { 43.91930794074968   } 
   kinetic_energyvar { 169.0676429921675   } 
   potential_energy { -194.1807456579019   } 
   potential_energyvar { 297.3965796668199   } 
   nonlocal_energy { 16.14264339613851   } 
   nonlocal_energyvar { 292.280665683701   } 
   autocorr_energy { } 
} 

block { 
   label vmc
   totweight 300
   nautocorr 0
   total_energy { -133.9438607857769   } 
   total_energyvar { 15.32564427602847   } 
   weight { 1   } 
   weightvar { 0   } 
   kinetic_energy { 45.6130591090427   } 
   kinetic_energyvar { 137.2351001397546   } 
   potential_energy { -196.7855158317414   } 
   potential_energyvar { 359.8263008819486   } 
   nonlocal_energy { 17.22859593692181   } 
   nonlocal_energyvar { 249.7563724333538   } 
   autocorr_energy { } 
} 

block { 
   label vmc
   totweight 300
   nautocorr 0
   total_energy { -134.2772807440459   } 
   total_energyvar { 8.1213775946635   } 
   weight { 1   } 
   weightvar { 0   } 
   kinetic_energy { 46.22670485595862   } 
   kinetic_energyvar { 132.999728497648   } 
   potential_energy { -197.2842511533281   } 
   potential_energyvar { 333.7719630821812   } 
   nonlocal_energy { 16.78026555332366   } 
   nonlocal_energyvar { 228.3957818467841   } 
   autocorr_energy { } 
} 

block { 
   label vmc
   totweight 300
   nautocorr 0
   total_energy { -134.0458989934523   } 
   total_energyvar { 12.7095373985685   } 
   weight { 1   } 
   weightvar { 0   } 
   kinetic_energy { 45.31097822746385   } 
   kinetic_energyvar { 166.440778827689   } 
   potential_energy { -196.9728631987787   } 
   potential_energyvar { 354.5842883342993   } 
   nonlocal_energy { 17.61598597786256   } 
   nonlocal_energyvar { 311.6837596355817   } 
   autocorr_energy { } 
} 

block { 
   label vmc
   totweight 300
   nautocorr 0
   total_energy { -134.0747649875228   } 
   total_energyvar { 10.29963709504591   } 
   weight { 1   } 
   weightvar { 0   } 
   kinetic_energy { 45.19798772300686   } 
   kinetic_energyvar { 107.352092783826   } 
   potential_energy { -196.0153243065712   } 
   potential_energyvar { 296.8266797302567   } 
   nonlocal_energy { 16.74257159604158   } 
   nonlocal_energyvar { 190.5360087062355   } 
   autocorr_energy { } 
} 

block { 
   label vmc
   totweight 300
   nautocorr 0
   total_energy { -134.1202939818647   } 
   total_energyvar { 10.19294882000031   } 
   weight { 1   } 
   weightvar { 0   } 
   kinetic_energy { 44.5654243097479   } 
   kinetic_energyvar { 114.8790956600255   } 
   potential_energy { -195.7264059809003   } 
   potential_energyvar { 274.183199795887   } 
   nonlocal_energy { 17.04068768928765   } 
   nonlocal_energyvar { 177.7525561717689   } 
   autocorr_energy { } 
} 

block { 
   label vmc
   totweight 300
   nautocorr 0
   total_energy { -134.0305502477119   } 
   total_energyvar { 15.78615958721275   } 
   weight { 1   } 
   weightvar { 0   } 
   kinetic_energy { 43.17643214589396   } 
   kinetic_energyvar { 175.6774109180565   } 
   potential_energy { -195.4933944733019   } 
   potential_energyvar { 289.7798873683496   } 
   nonlocal_energy { 18.28641207969615   } 
   nonlocal_energyvar { 315.1023596100753   } 
   autocorr_energy { } 
} 

block { 
   label vmc
   totweight 300
   nautocorr 0
   total_energy { -133.8856872309395   } 
   total_energyvar { 11.20646528521684   } 
   weight { 1   } 
   weightvar { 0   } 
   kinetic_energy { 46.1287376795311   } 
   kinetic_energyvar { 113.7934885178361   } 
   potential_energy { -196.0916882666072   } 
   potential_energyvar { 287.3191911753092   } 
   nonlocal_energy { 16.07726335613657   } 
   nonlocal_energyvar { 188.1741370884513   } 
   autocorr_energy { } 
} 

block { 
   label vmc
   totweight 300
   nautocorr 0
   total_energy { -133.7593616319935   } 
   total_energyvar { 22.35906172847172   } 
   weight { 1   } 
   weightvar { 0   } 
   kinetic_energy { 43.83054028977541   } 
   kinetic_energyvar { 146.7206185812254   } 
   potential_energy { -196.401656423202   } 
   potential_energyvar { 336.9206863910367   } 
   nonlocal_energy { 18.81175450143306   } 
   nonlocal_energyvar { 334.8704896708418   } 
   autocorr_energy { } 
} 

block { 
   label vmc
   totweight 300
   nautocorr 0
   total_energy { -133.8356976838182   } 
   total_energyvar { 11.10280731198509   } 
   weight { 1   } 
   weightvar { 0   } 
   kinetic_energy { 43.77441094567373   } 
   kinetic_energyvar { 144.5976067720526   } 
   potential_energy { -195.0427150915987   } 
   potential_energyvar { 319.877963702078   } 
   nonlocal_energy { 17.43260646210676   } 
   nonlocal_energyvar { 249.8643716476607   } 
   autocorr_energy { } 
} 

block { 
   label vmc
   totweight 300
   nautocorr 0
   total_energy { -133.9562684955058   } 
   total_energyvar { 11.14935468145268   } 
   weight { 1   } 
   weightvar { 0   } 
   kinetic_energy { 44.18049809098672   } 
   kinetic_energyvar { 142.5853709271378   } 
   potential_energy { -193.4683617948259   } 
   potential_energyvar { 298.5305124186852   } 
   nonlocal_energy { 15.33159520833339   } 
   nonlocal_energyvar { 262.6551757478506   } 
   autocorr_energy { } 
} 

block { 
   label vmc
   totweight 300
   nautocorr 0
   total_energy { -134.3183363012722   } 
   total_energyvar { 9.562039583663136   } 
   weight { 1   } 
   weightvar { 0   } 
   kinetic_energy { 45.08434943200835   } 
   kinetic_energyvar { 127.579269527318   } 
   potential_energy { -196.1743796301517   } 
   potential_energyvar { 304.5010309327918   } 
   nonlocal_energy { 16.77169389687117   } 
   nonlocal_energyvar { 251.0358446087825   } 
   autocorr_energy { } 
} 

block { 
   label vmc
   totweight 300
   nautocorr 0
   total_energy { -134.0211210135191   } 
   total_energyvar { 9.66435053243913   } 
   weight { 1   } 
   weightvar { 0   } 
   kinetic_energy { 43.74224217657959   } 
   kinetic_energyvar { 127.624275586566   } 
   potential_energy { -192.834650618232   } 
   potential_energyvar { 281.3859569279375   } 
   nonlocal_energy { 15.07128742813324   } 
   nonlocal_energyvar { 197.6876098054925   } 
   autocorr_energy { } 
} 

block { 
   label vmc
   totweight 300
   nautocorr 0
   total_energy { -134.149080392293   } 
   total_energyvar { 22.46019462571348   } 
   weight { 1   } 
   weightvar { 0   } 
   kinetic_energy { 44.15252490919427   } 
   kinetic_energyvar { 165.4987752011345   } 
   potential_energy { -194.4631797601723   } 
   potential_energyvar { 313.1693173080348   } 
   nonlocal_energy { 16.16157445868501   } 
   nonlocal_energyvar { 309.353691817574   } 
   autocorr_energy { } 
} 

block { 
   label vmc
   totweight 300
   nautocorr 0
   total_energy { -134.4618262920388   } 
   total_energyvar { 10.67017390705587   } 
   weight { 1   } 
   weightvar { 0   } 
   kinetic_energy { 44.81897011465356   } 
   kinetic_energyvar { 129.9209692058341   } 
   potential_energy { -197.8869493755975   } 
   potential_energyvar { 303.6254408611494   } 
   nonlocal_energy { 18.60615296890508   } 
   nonlocal_energyvar { 274.087377043248   } 
   autocorr_energy { } 
} 

block { 
   label vmc
   totweight 300
   nautocorr 0
   total_energy { -134.2825393509337   } 
   total_energyvar { 10.92610208674523   } 
   weight { 1   } 
   weightvar { 0   } 
   kinetic_energy { 45.04333630274252   } 
   kinetic_energyvar { 110.8070854830066   } 
   potential_energy { -197.2379562719796   } 
   potential_energyvar { 275.3007567525347   } 
   nonlocal_energy { 17.91208061830332   } 
   nonlocal_energyvar { 222.2292646966619   } 
   autocorr_energy { } 
} 

block { 
   label vmc
   totweight 300
   nautocorr 0
   total_energy { -133.5543066493861   } 
   total_energyvar { 15.62902106731417   } 
   weight { 1   } 
   weightvar { 0   } 
   kinetic_energy { 43.90187626835357   } 
   kinetic_energyvar { 143.1298579185236   } 
   potential_energy { -194.9401561372108   } 
   potential_energyvar { 353.7372740084611   } 
   nonlocal_energy { 17.48397321947106   } 
   nonlocal_energyvar { 299.4758383930764   } 
   autocorr_energy { } 
} 

block { 
   label vmc
   totweight 300
   nautocorr 0
   total_energy { -134.409467036055   } 
   total_energyvar { 8.852800417054823   } 
   weight { 1   } 
   weightvar { 0   } 
   kinetic_energy { 43.01337849362127   } 
   kinetic_energyvar { 176.1378040552456   } 
   potential_energy { -197.5693593538879   } 
   potential_energyvar { 356.9502378784819   } 
   nonlocal_energy { 20.14651382421164   } 
   nonlocal_energyvar { 397.0348993797277   } 
   autocorr_energy { } 
} 

block { 
   label vmc
   totweight 300
   nautocorr 0
   total_energy { -134.4172445147665   } 
   total_energyvar { 8.363963892847096   } 
   weight { 1   } 
   weightvar { 0   } 
   kinetic_energy { 45.60701931597502   } 
   kinetic_energyvar { 90.19275406224415   } 
   potential_energy { -194.861374485105   } 
   potential_energyvar { 246.1560382108146   } 
   nonlocal_energy { 14.83711065436345   } 
   nonlocal_energyvar { 175.5675800748783   } 
   autocorr_energy { } 
} 

block { 
   label vmc
   totweight 300
   nautocorr 0
   total_energy { -134.1280332740505   } 
   total_energyvar { 11.6349932408084   } 
   weight { 1   } 
   weightvar { 0   } 
   kinetic_energy { 44.24209658699014   } 
   kinetic_energyvar { 135.7275651935608   } 
   potential_energy { -196.0160525098074   } 
   potential_energyvar { 327.0592118527711   } 
   nonlocal_energy { 17.64592264876675   } 
   nonlocal_energyvar { 303.8519938150849   } 
   autocorr_energy { } 
} 

block { 
   label vmc
   totweight 300
   nautocorr 0
   total_energy { -134.0965785382426   } 
   total_energyvar { 22.09117414121647   } 
   weight { 1   } 
   weightvar { 0   } 
   kinetic_energy { 45.39464325245761   } 
   kinetic_energyvar { 126.3484991734299   } 
   potential_energy { -195.6783618194631   } 
   potential_energyvar { 292.2479697965027   } 
   nonlocal_energy { 16.18714002876296   } 
   nonlocal_energyvar { 213.7790070037335   } 
   autocorr_energy { } 
} 

block { 
   label vmc
   totweight 300
   nautocorr 0
   total_energy { -134.0676639286063   } 
   total_energyvar { 10.2159744580058   } 
   weight { 1   } 
   weightvar { 0   } 
   kinetic_energy { 44.51334932641492   } 
   kinetic_energyvar { 160.4544493439435   } 
   potential_energy { -198.3509562319357   } 
   potential_energyvar { 291.0235108342677   } 
   nonlocal_energy { 19.76994297691449   } 
   nonlocal_energyvar { 290.2169596174799   } 
   autocorr_energy { } 
} 

block { 
   label vmc
   totweight 300
   nautocorr 0
   total_energy { -134.1761058925507   } 
   total_energyvar { 18.71488500922351   } 
   weight { 1   } 
   weightvar { 0   } 
   kinetic_energy { 45.67098227942974   } 
   kinetic_energyvar { 139.5595590917751   } 
   potential_energy { -197.0542688035632   } 
   potential_energyvar { 363.9626671774022   } 
   nonlocal_energy { 17.20718063158284   } 
   nonlocal_energyvar { 283.1479949980413   } 
   autocorr_energy { } 
} 

block { 
   label vmc
   totweight 300
   nautocorr 0
   total_energy { -133.2504347095892   } 
   total_energyvar { 14.30674091857873   } 
   weight { 1   } 
   weightvar { 0   } 
   kinetic_energy { 44.95634259045294   } 
   kinetic_energyvar { 151.3166955676829   } 
   potential_energy { -195.4206388526995   } 
   potential_energyvar { 342.1049582695341   } 
   nonlocal_energy { 17.21386155265733   } 
   nonlocal_energyvar { 309.1687295764585   } 
   autocorr_energy { } 
} 

block { 
   label vmc
   totweight 300
   nautocorr 0
   total_energy { -134.302707890432   } 
   total_energyvar { 11.58536206818098   } 
   weight { 1   } 
   weightvar { 0   } 
   kinetic_energy { 45.0153544781074   } 
   kinetic_energyvar { 146.6415141691639   } 
   potential_energy { -196.4323127431899   } 
   potential_energyvar { 306.7804646180666   } 
   nonlocal_energy { 17.1142503746505   } 
   nonlocal_energyvar { 286.728980683648   } 
   autocorr_energy { } 
} 

block { 
   label vmc
   totweight 300
   nautocorr 0
   total_energy { -134.3938272016552   } 
   total_energyvar { 8.383375105284358   } 
   weight { 1   } 
   weightvar { 0   } 
   kinetic_energy { 45.15835681267372   } 
   kinetic_energyvar { 185.6618840252561   } 
   potential_energy { -197.2650582403095   } 
   potential_energyvar { 323.8796610455247   } 
   nonlocal_energy { 17.71287422598052   } 
   nonlocal_energyvar { 379.8254508253583   } 
   autocorr_energy { } 
} 

block { 
   label vmc
   totweight 300
   nautocorr 0
   total_energy { -134.0586199885761   } 
   total_energyvar { 12.29640117189774   } 
   weight { 1   } 
   weightvar { 0   } 
   kinetic_energy { 44.35575320347037   } 
   kinetic_energyvar { 150.1744788438591   } 
   potential_energy { -197.9174073222596   } 
   potential_energyvar { 396.9802738376311   } 
   nonlocal_energy { 19.50303413021312   } 
   nonlocal_energyvar { 437.8954417620957   } 
   autocorr_energy { } 
} 

block { 
   label vmc
   totweight 300
   nautocorr 0
   total_energy { -134.3505595858446   } 
   total_energyvar { 10.29130441840971   } 
   weight { 1   } 
   weightvar { 0   } 
   kinetic_energy { 45.07501585676189   } 
   kinetic_energyvar { 108.2356580019823   } 
   potential_energy { -196.3149187097702   } 
   potential_energyvar { 283.7038151078305   } 
   nonlocal_energy { 16.88934326716374   } 
   nonlocal_energyvar { 197.544472390098   } 
   autocorr_energy { } 
} 

block { 
   label vmc
   totweight 300
   nautocorr 0
   total_energy { -134.1347899709228   } 
   total_energyvar { 10.70303216966568   } 
   weight { 1   } 
   weightvar { 0   } 
   kinetic_energy { 46.1524651029974   } 
   kinetic_energyvar { 114.1878788825102   } 
   potential_energy { -196.9801962690401   } 
   potential_energyvar { 331.5840672955746   } 
   nonlocal_energy { 16.69294119511984   } 
   nonlocal_energyvar { 205.6837731392424   } 
   autocorr_energy { } 
} 

block { 
   label vmc
   totweight 300
   nautocorr 0
   total_energy { -134.05327408472   } 
   total_energyvar { 13.21119359013392   } 
   weight { 1   } 
   weightvar { 0   } 
   kinetic_energy { 44.09950667015657   } 
   kinetic_energyvar { 128.4517700875629   } 
   potential_energy { -196.22718507673   } 
   potential_energyvar { 284.1499002094934   } 
   nonlocal_energy { 18.07440432185335   } 
   nonlocal_energyvar { 204.4237240580802   } 
   autocorr_energy { } 
} 

block { 
   label vmc
   totweight 300
   nautocorr 0
   total_energy { -134.1487273694117   } 
   total_energyvar { 12.72416156507097   } 
   weight { 1   } 
   weightvar { 0   } 
   kinetic_energy { 46.04421766123878   } 
   kinetic_energyvar { 112.7908569713163   } 
   potential_energy { -197.0902747836104   } 
   potential_energyvar { 299.4151145725918   } 
   nonlocal_energy { 16.89732975295994   } 
   nonlocal_energyvar { 260.9980227849229   } 
   autocorr_energy { } 
} 

block { 
   label vmc
   totweight 300
   nautocorr 0
   total_energy { -134.1717603179658   } 
   total_energyvar { 9.818807591396762   } 
   weight { 1   } 
   weightvar { 0   } 
   kinetic_energy { 42.59954815532311   } 
   kinetic_energyvar { 154.4813629369451   } 
   potential_energy { -193.149188585004   } 
   potential_energyvar { 310.3397108873105   } 
   nonlocal_energy { 16.3778801117151   } 
   nonlocal_energyvar { 309.222333195451   } 
   autocorr_energy { } 
} 

block { 
   label vmc
   totweight 300
   nautocorr 0
   total_energy { -134.3082699916071   } 
   total_energyvar { 9.082991857401794   } 
   weight { 1   } 
   weightvar { 0   } 
   kinetic_energy { 44.56026033282745   } 
   kinetic_energyvar { 182.0161097644984   } 
   potential_energy { -198.4211188821067   } 
   potential_energyvar { 334.3615108119629   } 
   nonlocal_energy { 19.55258855767213   } 
   nonlocal_energyvar { 393.7041020320053   } 
   autocorr_energy { } 
} 

block { 
   label vmc
   totweight 300
   nautocorr 0
   total_energy { -134.150693588296   } 
   total_energyvar { 10.31758928655836   } 
   weight { 1   } 
   weightvar { 0   } 
   kinetic_energy { 44.52611094323638   } 
   kinetic_energyvar { 149.7601306984097   } 
   potential_energy { -195.7714209665258   } 
   potential_energyvar { 310.8847906673691   } 
   nonlocal_energy { 17.09461643499342   } 
   nonlocal_energyvar { 275.6683306150375   } 
   autocorr_energy { } 
} 

block { 
   label vmc
   totweight 300
   nautocorr 0
   total_energy { -134.4183096437139   } 
   total_energyvar { 13.66903080262273   } 
   weight { 1   } 
   weightvar { 0   } 
   kinetic_energy { 44.27877072950043   } 
   kinetic_energyvar { 152.3079093175161   } 
   potential_energy { -194.668483790807   } 
   potential_energyvar { 279.404228685722   } 
   nonlocal_energy { 15.97140341759269   } 
   nonlocal_energyvar { 265.0291694524466   } 
   autocorr_energy { } 
} 

block { 
   label vmc
   totweight 300
   nautocorr 0
   total_energy { -134.0007518595372   } 
   total_energyvar { 11.28278883227904   } 
   weight { 1   } 
   weightvar { 0   } 
   kinetic_energy { 44.86982024162641   } 
   kinetic_energyvar { 125.7983910278786   } 
   potential_energy { -195.9521643484183   } 
   potential_energyvar { 295.8920471450256   } 
   nonlocal_energy { 17.0815922472547   } 
   nonlocal_energyvar { 265.5032268906979   } 
   autocorr_energy { } 
} 

block { 
   label vmc
   totweight 300
   nautocorr 0
   total_energy { -134.2899080033523   } 
   total_energyvar { 10.70727664833976   } 
   weight { 1   } 
   weightvar { 0   } 
   kinetic_energy { 45.99519074914195   } 
   kinetic_energyvar { 110.6870050788266   } 
   potential_energy { -197.4808701291023   } 
   potential_energyvar { 261.9020895602662   } 
   nonlocal_energy { 17.19577137660808   } 
   nonlocal_energyvar { 247.1204987201078   } 
   autocorr_energy { } 
} 

block { 
   label vmc
   totweight 300
   nautocorr 0
   total_energy { -134.0794528467275   } 
   total_energyvar { 9.99149012469934   } 
   weight { 1   } 
   weightvar { 0   } 
   kinetic_energy { 43.8535670711569   } 
   kinetic_energyvar { 119.9800076248664   } 
   potential_energy { -197.4988626328611   } 
   potential_energyvar { 334.0825404426214   } 
   nonlocal_energy { 19.5658427149768   } 
   nonlocal_energyvar { 386.5439442487251   } 
   autocorr_energy { } 
} 

block { 
   label vmc
   totweight 300
   nautocorr 0
   total_energy { -134.2105971602251   } 
   total_energyvar { 11.24796985340799   } 
   weight { 1   } 
   weightvar { 0   } 
   kinetic_energy { 44.79768891913571   } 
   kinetic_energyvar { 123.8772468171919   } 
   potential_energy { -197.2121483301439   } 
   potential_energyvar { 319.9392831704317   } 
   nonlocal_energy { 18.20386225078307   } 
   nonlocal_energyvar { 280.5437899918058   } 
   autocorr_energy { } 
} 

block { 
   label vmc
   totweight 300
   nautocorr 0
   total_energy { -133.9595315232877   } 
   total_energyvar { 14.85765157000424   } 
   weight { 1   } 
   weightvar { 0   } 
   kinetic_energy { 45.47702621555887   } 
   kinetic_energyvar { 140.8087223258685   } 
   potential_energy { -196.179963626011   } 
   potential_energyvar { 298.8035869300656   } 
   nonlocal_energy { 16.74340588716448   } 
   nonlocal_energyvar { 237.4544960280194   } 
   autocorr_energy { } 
} 

block { 
   label vmc
   totweight 300
   nautocorr 0
   total_energy { -134.3322598875305   } 
   total_energyvar { 11.68520415190869   } 
   weight { 1   } 
   weightvar { 0   } 
   kinetic_energy { 45.53220879943718   } 
   kinetic_energyvar { 138.3359739489197   } 
   potential_energy { -197.8922406619023   } 
   potential_energyvar { 305.867461695525   } 
   nonlocal_energy { 18.02777197493468   } 
   nonlocal_energyvar { 305.4588006175851   } 
   autocorr_energy { } 
} 

block { 
   label vmc
   totweight 300
   nautocorr 0
   total_energy { -133.9370958442213   } 
   total_energyvar { 11.7092543003273   } 
   weight { 1   } 
   weightvar { 0   } 
   kinetic_energy { 44.74423205625991   } 
   kinetic_energyvar { 122.3633166920386   } 
   potential_energy { -195.8826349452636   } 
   potential_energyvar { 279.4463439636602   } 
   nonlocal_energy { 17.20130704478247   } 
   nonlocal_energyvar { 221.9480638069093   } 
   autocorr_energy { } 
} 

block { 
   label vmc
   totweight 300
   nautocorr 0
   total_energy { -134.2086773693187   } 
   total_energyvar { 8.941674642133876   } 
   weight { 1   } 
   weightvar { 0   } 
   kinetic_energy { 45.17349351337061   } 
   kinetic_energyvar { 128.1718642859928   } 
   potential_energy { -195.0224466947019   } 
   potential_energyvar { 259.2351953345642   } 
   nonlocal_energy { 15.64027581201268   } 
   nonlocal_energyvar { 185.0827530665821   } 
   autocorr_energy { } 
} 

block { 
   label vmc
   totweight 300
   nautocorr 0
   total_energy { -133.9198961882661   } 
   total_energyvar { 11.49074948485213   } 
   weight { 1   } 
   weightvar { 0   } 
   kinetic_energy { 45.74283038700091   } 
   kinetic_energyvar { 164.4583002542981   } 
   potential_energy { -197.8702551861509   } 
   potential_energyvar { 292.3484219059756   } 
   nonlocal_energy { 18.20752861088385   } 
   nonlocal_energyvar { 266.2329687899525   } 
   autocorr_energy { } 
} 

block { 
   label vmc
   totweight 300
   nautocorr 0
   total_energy { -134.5333622584923   } 
   total_energyvar { 9.928999894615117   } 
   weight { 1   } 
   weightvar { 0   } 
   kinetic_energy { 43.16793975615942   } 
   kinetic_energyvar { 175.6372809920235   } 
   potential_energy { -197.4310698200803   } 
   potential_energyvar { 293.1245363330745   } 
   nonlocal_energy { 19.72976780542859   } 
   nonlocal_energyvar { 338.6315047952545   } 
   autocorr_energy { } 
} 

block { 
   label vmc
   totweight 300
   nautocorr 0
   total_energy { -134.2968502663012   } 
   total_energyvar { 10.27859301121134   } 
   weight { 1   } 
   weightvar { 0   } 
   kinetic_energy { 45.72791550254207   } 
   kinetic_energyvar { 114.3847932808912   } 
   potential_energy { -197.1401132574458   } 
   potential_energyvar { 288.7773387321067   } 
   nonlocal_energy { 17.11534748860249   } 
   nonlocal_energyvar { 205.2378555877097   } 
   autocorr_energy { } 
} 

block { 
   label vmc
   totweight 300
   nautocorr 0
   total_energy { -133.8331728191529   } 
   total_energyvar { 13.41637767852444   } 
   weight { 1   } 
   weightvar { 0   } 
   kinetic_energy { 46.96044688014573   } 
   kinetic_energyvar { 136.6278499926525   } 
   potential_energy { -199.5185564707956   } 
   potential_energyvar { 323.993527196908   } 
   nonlocal_energy { 18.72493677149698   } 
   nonlocal_energyvar { 268.4434076901597   } 
   autocorr_energy { } 
} 

block { 
   label vmc
   totweight 300
   nautocorr 0
   total_energy { -134.6490547647869   } 
   total_energyvar { 13.20449532107523   } 
   weight { 1   } 
   weightvar { 0   } 
   kinetic_energy { 45.54972137511304   } 
   kinetic_energyvar { 105.8940836356242   } 
   potential_energy { -198.5815821983726   } 
   potential_energyvar { 276.8909084427869   } 
   nonlocal_energy { 18.38280605847264   } 
   nonlocal_energyvar { 248.0817785300742   } 
   autocorr_energy { } 
} 

block { 
   label vmc
   totweight 300
   nautocorr 0
   total_energy { -133.7307721598547   } 
   total_energyvar { 12.49560641401695   } 
   weight { 1   } 
   weightvar { 0   } 
   kinetic_energy { 42.16578052508159   } 
   kinetic_energyvar { 196.6560909911254   } 
   potential_energy { -195.1229582715788   } 
   potential_energyvar { 330.3627645661836   } 
   nonlocal_energy { 19.22640558664249   } 
   nonlocal_energyvar { 463.5504893749171   } 
   autocorr_energy { } 
} 

block { 
   label vmc
   totweight 300
   nautocorr 0
   total_energy { -133.8392099825443   } 
   total_energyvar { 12.52402780453849   } 
   weight { 1   } 
   weightvar { 0   } 
   kinetic_energy { 46.18046240790391   } 
   kinetic_energyvar { 100.5737275889796   } 
   potential_energy { -194.9548075935275   } 
   potential_energyvar { 249.6054491607938   } 
   nonlocal_energy { 14.93513520307929   } 
   nonlocal_energyvar { 169.135458408219   } 
   autocorr_energy { } 
} 

block { 
   label vmc
   totweight 300
   nautocorr 0
   total_energy { -134.0396618222061   } 
   total_energyvar { 10.63230101773297   } 
   weight { 1   } 
   weightvar { 0   } 
   kinetic_energy { 44.72097343789587   } 
   kinetic_energyvar { 142.5117427480991   } 
   potential_energy { -195.8247709115588   } 
   potential_energyvar { 293.2482375749896   } 
   nonlocal_energy { 17.06413565145678   } 
   nonlocal_energyvar { 284.6114187511642   } 
   autocorr_energy { } 
} 

block { 
   label vmc
   totweight 300
   nautocorr 0
   total_energy { -133.5737388523598   } 
   total_energyvar { 14.54550018218288   } 
   weight { 1   } 
   weightvar { 0   } 
   kinetic_energy { 45.24629935819473   } 
   kinetic_energyvar { 161.1941711591464   } 
   potential_energy { -196.2783788831832   } 
   potential_energyvar { 342.8829743133974   } 
   nonlocal_energy { 17.4583406726286   } 
   nonlocal_energyvar { 266.0822933137146   } 
   autocorr_energy { } 
} 

block { 
   label vmc
   totweight 300
   nautocorr 0
   total_energy { -133.9512451275387   } 
   total_energyvar { 12.20056668783582   } 
   weight { 1   } 
   weightvar { 0   } 
   kinetic_energy { 46.30202289499169   } 
   kinetic_energyvar { 107.9966452401145   } 
   potential_energy { -196.9563887710157   } 
   potential_energyvar { 302.7004967524335   } 
   nonlocal_energy { 16.70312074848526   } 
   nonlocal_energyvar { 209.0819851983436   } 
   autocorr_energy { } 
} 

block { 
   label vmc
   totweight 300
   nautocorr 0
   total_energy { -134.1107824235502   } 
   total_energyvar { 11.63589569032411   } 
   weight { 1   } 
   weightvar { 0   } 
   kinetic_energy { 44.51558722623157   } 
   kinetic_energyvar { 191.6605805712647   } 
   potential_energy { -199.3753821691792   } 
   potential_energyvar { 336.8745617618697   } 
   nonlocal_energy { 20.74901251939743   } 
   nonlocal_energyvar { 432.9640255482902   } 
   autocorr_energy { } 
} 

block { 
   label vmc
   totweight 300
   nautocorr 0
   total_energy { -134.0542404104928   } 
   total_energyvar { 10.41658314768574   } 
   weight { 1   } 
   weightvar { 0   } 
   kinetic_energy { 47.03633079264955   } 
   kinetic_energyvar { 127.6559415931729   } 
   potential_energy { -198.0070206017606   } 
   potential_energyvar { 272.1717306072605   } 
   nonlocal_energy { 16.91644939861815   } 
   nonlocal_energyvar { 193.3075867045185   } 
   autocorr_energy { } 
} 

block { 
   label vmc
   totweight 300
   nautocorr 0
   total_energy { -134.1081625987994   } 
   total_energyvar { 12.66644966347667   } 
   weight { 1   } 
   weightvar { 0   } 
   kinetic_energy { 46.10517422249112   } 
   kinetic_energyvar { 116.5046312879963   } 
   potential_energy { -196.6542902675264   } 
   potential_energyvar { 273.8024004710096   } 
   nonlocal_energy { 16.44095344623593   } 
   nonlocal_energyvar { 177.9463432496532   } 
   autocorr_energy { } 
} 

block { 
   label vmc
   totweight 300
   nautocorr 0
   total_energy { -134.217551103601   } 
   total_energyvar { 9.8484373111678   } 
   weight { 1   } 
   weightvar { 0   } 
   kinetic_energy { 46.07265596098001   } 
   kinetic_energyvar { 137.8566946907476   } 
   potential_energy { -198.7729491102444   } 
   potential_energyvar { 295.5569413069024   } 
   nonlocal_energy { 18.48274204566337   } 
   nonlocal_energyvar { 299.4496310337075   } 
   autocorr_energy { } 
} 

