#-------------------------------------------------
#VMC run: timestep 0.27 nconfig 2048 steps 30
#-------------------------------------------------


init { 
   label vmc
}
block { 
   label vmc
   totweight 61440
   nautocorr 0
   total_energy { -293.7556336168108   } 
   total_energyvar { 3.4598284493138   } 
   weight { 1   } 
   weightvar { 0   } 
   kinetic_energy { 115.581904421249   } 
   kinetic_energyvar { 370.4272083278588   } 
   potential_energy { -448.1413116733135   } 
   potential_energyvar { 765.9131884804514   } 
   nonlocal_energy { 38.80377363525385   } 
   nonlocal_energyvar { 655.1223787711127   } 
   autocorr_energy { } 
} 

block { 
   label vmc
   totweight 61440
   nautocorr 0
   total_energy { -293.7619473878106   } 
   total_energyvar { 3.529016258471918   } 
   weight { 1   } 
   weightvar { 0   } 
   kinetic_energy { 115.1358195200485   } 
   kinetic_energyvar { 378.5039454207666   } 
   potential_energy { -447.6395717114978   } 
   potential_energyvar { 765.2130491512837   } 
   nonlocal_energy { 38.74180480363871   } 
   nonlocal_energyvar { 661.8036885090587   } 
   autocorr_energy { } 
} 

block { 
   label vmc
   totweight 61440
   nautocorr 0
   total_energy { -293.7636089793987   } 
   total_energyvar { 3.415236676098288   } 
   weight { 1   } 
   weightvar { 0   } 
   kinetic_energy { 115.1156389402564   } 
   kinetic_energyvar { 372.0003102697527   } 
   potential_energy { -447.8323229784774   } 
   potential_energyvar { 764.2791846510452   } 
   nonlocal_energy { 38.95307505882226   } 
   nonlocal_energyvar { 659.2920077141176   } 
   autocorr_energy { } 
} 

block { 
   label vmc
   totweight 61440
   nautocorr 0
   total_energy { -293.7656841613391   } 
   total_energyvar { 3.398544063462969   } 
   weight { 1   } 
   weightvar { 0   } 
   kinetic_energy { 115.0592751270883   } 
   kinetic_energyvar { 365.6869588927448   } 
   potential_energy { -447.6816660280861   } 
   potential_energyvar { 754.7696382557648   } 
   nonlocal_energy { 38.85670673965876   } 
   nonlocal_energyvar { 650.1712227899964   } 
   autocorr_energy { } 
} 

block { 
   label vmc
   totweight 61440
   nautocorr 0
   total_energy { -293.7679540166155   } 
   total_energyvar { 3.373730836746807   } 
   weight { 1   } 
   weightvar { 0   } 
   kinetic_energy { 115.103743683178   } 
   kinetic_energyvar { 378.6254515090695   } 
   potential_energy { -447.890310558866   } 
   potential_energyvar { 762.3914439040254   } 
   nonlocal_energy { 39.01861285907249   } 
   nonlocal_energyvar { 658.5834872109994   } 
   autocorr_energy { } 
} 

block { 
   label vmc
   totweight 61440
   nautocorr 0
   total_energy { -293.755437836058   } 
   total_energyvar { 3.424441089552582   } 
   weight { 1   } 
   weightvar { 0   } 
   kinetic_energy { 115.0161158088818   } 
   kinetic_energyvar { 371.9203905982591   } 
   potential_energy { -447.8222676708177   } 
   potential_energyvar { 757.4722600162086   } 
   nonlocal_energy { 39.05071402587789   } 
   nonlocal_energyvar { 657.1513655501061   } 
   autocorr_energy { } 
} 

block { 
   label vmc
   totweight 61440
   nautocorr 0
   total_energy { -293.7736729401406   } 
   total_energyvar { 3.436371008885982   } 
   weight { 1   } 
   weightvar { 0   } 
   kinetic_energy { 115.1785986552825   } 
   kinetic_energyvar { 373.9263643581559   } 
   potential_energy { -448.1261862971962   } 
   potential_energyvar { 770.047321922755   } 
   nonlocal_energy { 39.17391470177309   } 
   nonlocal_energyvar { 663.0039342778113   } 
   autocorr_energy { } 
} 

block { 
   label vmc
   totweight 61440
   nautocorr 0
   total_energy { -293.7610517630163   } 
   total_energyvar { 3.509765572172538   } 
   weight { 1   } 
   weightvar { 0   } 
   kinetic_energy { 115.1188469930778   } 
   kinetic_energyvar { 373.2024893371103   } 
   potential_energy { -447.8686325150913   } 
   potential_energyvar { 761.1561109967355   } 
   nonlocal_energy { 38.98873375899719   } 
   nonlocal_energyvar { 653.0690585983116   } 
   autocorr_energy { } 
} 

block { 
   label vmc
   totweight 61440
   nautocorr 0
   total_energy { -293.7678038610221   } 
   total_energyvar { 3.41425141941315   } 
   weight { 1   } 
   weightvar { 0   } 
   kinetic_energy { 114.919088585134   } 
   kinetic_energyvar { 365.4544849325552   } 
   potential_energy { -447.6631167954044   } 
   potential_energyvar { 755.3912812010227   } 
   nonlocal_energy { 38.97622434924838   } 
   nonlocal_energyvar { 644.9830921932568   } 
   autocorr_energy { } 
} 

block { 
   label vmc
   totweight 61440
   nautocorr 0
   total_energy { -293.7466299352037   } 
   total_energyvar { 3.395887791717329   } 
   weight { 1   } 
   weightvar { 0   } 
   kinetic_energy { 115.1419907740734   } 
   kinetic_energyvar { 372.987969093724   } 
   potential_energy { -447.7728918123983   } 
   potential_energyvar { 760.7978262987911   } 
   nonlocal_energy { 38.88427110312128   } 
   nonlocal_energyvar { 662.1965282048634   } 
   autocorr_energy { } 
} 

block { 
   label vmc
   totweight 61440
   nautocorr 0
   total_energy { -293.7571693011186   } 
   total_energyvar { 3.465582158402268   } 
   weight { 1   } 
   weightvar { 0   } 
   kinetic_energy { 115.3309120762608   } 
   kinetic_energyvar { 383.6661826762971   } 
   potential_energy { -447.9359988533225   } 
   potential_energyvar { 759.1137387763289   } 
   nonlocal_energy { 38.84791747594316   } 
   nonlocal_energyvar { 662.7375772644165   } 
   autocorr_energy { } 
} 

block { 
   label vmc
   totweight 61440
   nautocorr 0
   total_energy { -293.748507088793   } 
   total_energyvar { 3.495059540432548   } 
   weight { 1   } 
   weightvar { 0   } 
   kinetic_energy { 115.2054739805905   } 
   kinetic_energyvar { 375.8341902741607   } 
   potential_energy { -448.077761110487   } 
   potential_energyvar { 762.6350595579769   } 
   nonlocal_energy { 39.1237800411036   } 
   nonlocal_energyvar { 667.2488929676316   } 
   autocorr_energy { } 
} 

block { 
   label vmc
   totweight 61440
   nautocorr 0
   total_energy { -293.7562001305041   } 
   total_energyvar { 3.449916398663794   } 
   weight { 1   } 
   weightvar { 0   } 
   kinetic_energy { 115.0268956471752   } 
   kinetic_energyvar { 370.0533514411682   } 
   potential_energy { -447.7939642402116   } 
   potential_energyvar { 777.1229953282898   } 
   nonlocal_energy { 39.01086846253234   } 
   nonlocal_energyvar { 664.0678304768786   } 
   autocorr_energy { } 
} 

block { 
   label vmc
   totweight 61440
   nautocorr 0
   total_energy { -293.7444764792505   } 
   total_energyvar { 3.549958262013221   } 
   weight { 1   } 
   weightvar { 0   } 
   kinetic_energy { 115.1452479192558   } 
   kinetic_energyvar { 379.469174398888   } 
   potential_energy { -448.1621075955243   } 
   potential_energyvar { 775.4316251497258   } 
   nonlocal_energy { 39.27238319701804   } 
   nonlocal_energyvar { 679.0711934741971   } 
   autocorr_energy { } 
} 

block { 
   label vmc
   totweight 61440
   nautocorr 0
   total_energy { -293.7515800862823   } 
   total_energyvar { 3.492930302542395   } 
   weight { 1   } 
   weightvar { 0   } 
   kinetic_energy { 114.9958302404362   } 
   kinetic_energyvar { 370.5049197560297   } 
   potential_energy { -447.8166069787791   } 
   potential_energyvar { 761.5626884392835   } 
   nonlocal_energy { 39.06919665206065   } 
   nonlocal_energyvar { 653.5604443295355   } 
   autocorr_energy { } 
} 

block { 
   label vmc
   totweight 61440
   nautocorr 0
   total_energy { -293.76090119618   } 
   total_energyvar { 3.370134623970917   } 
   weight { 1   } 
   weightvar { 0   } 
   kinetic_energy { 115.1715309394025   } 
   kinetic_energyvar { 370.0690172767773   } 
   potential_energy { -448.0217451591951   } 
   potential_energyvar { 765.5194383412677   } 
   nonlocal_energy { 39.08931302361261   } 
   nonlocal_energyvar { 651.3892077897085   } 
   autocorr_energy { } 
} 

block { 
   label vmc
   totweight 61440
   nautocorr 0
   total_energy { -293.7434286417426   } 
   total_energyvar { 3.381971330205747   } 
   weight { 1   } 
   weightvar { 0   } 
   kinetic_energy { 115.3740306188111   } 
   kinetic_energyvar { 374.3114494830972   } 
   potential_energy { -448.1229303072777   } 
   potential_energyvar { 765.7839619600061   } 
   nonlocal_energy { 39.00547104672391   } 
   nonlocal_energyvar { 648.5032362969062   } 
   autocorr_energy { } 
} 

block { 
   label vmc
   totweight 61440
   nautocorr 0
   total_energy { -293.7541491783958   } 
   total_energyvar { 3.441379818911011   } 
   weight { 1   } 
   weightvar { 0   } 
   kinetic_energy { 115.0975662520866   } 
   kinetic_energyvar { 370.2539671149965   } 
   potential_energy { -447.8147597484101   } 
   potential_energyvar { 762.4196530111826   } 
   nonlocal_energy { 38.96304431792776   } 
   nonlocal_energyvar { 656.1855373972231   } 
   autocorr_energy { } 
} 

block { 
   label vmc
   totweight 61440
   nautocorr 0
   total_energy { -293.7571508558902   } 
   total_energyvar { 3.467981976362593   } 
   weight { 1   } 
   weightvar { 0   } 
   kinetic_energy { 115.3361510006856   } 
   kinetic_energyvar { 369.1111093818935   } 
   potential_energy { -447.9765097321535   } 
   potential_energyvar { 756.0435279374   } 
   nonlocal_energy { 38.88320787557771   } 
   nonlocal_energyvar { 652.5759424926285   } 
   autocorr_energy { } 
} 

block { 
   label vmc
   totweight 61440
   nautocorr 0
   total_energy { -293.7454005157497   } 
   total_energyvar { 3.517670899916296   } 
   weight { 1   } 
   weightvar { 0   } 
   kinetic_energy { 115.2590354543825   } 
   kinetic_energyvar { 377.8842509787491   } 
   potential_energy { -448.1256552727526   } 
   potential_energyvar { 757.8905377415853   } 
   nonlocal_energy { 39.12121930262037   } 
   nonlocal_energyvar { 666.0886923855671   } 
   autocorr_energy { } 
} 

