#-------------------------------------------------
#DMC run: timestep 0.005
#-------------------------------------------------


init { 
   label spin_0.005
}
block { 
   label spin_0.005
   totweight 870400
   nautocorr 0
   total_energy { -134.7953653538826   } 
   total_energyvar { 2.146626340475392   } 
   weight { 1.039636315117708   } 
   weightvar { 0.04992487912117747   } 
   kinetic_energy { 46.4152363327434   } 
   kinetic_energyvar { 140.2074752714821   } 
   potential_energy { -198.9228002235996   } 
   potential_energyvar { 267.5667172387817   } 
   nonlocal_energy { 17.71219853697358   } 
   nonlocal_energyvar { 275.8865587865056   } 
   autocorr_energy { } 
} 

block { 
   label spin_0.005
   totweight 870400
   nautocorr 0
   total_energy { -134.7883902842383   } 
   total_energyvar { 2.2758297163801   } 
   weight { 1.0473106862866   } 
   weightvar { 0.08994767034536835   } 
   kinetic_energy { 47.22184169221353   } 
   kinetic_energyvar { 137.0062309620064   } 
   potential_energy { -199.7653378197964   } 
   potential_energyvar { 266.5161761630121   } 
   nonlocal_energy { 17.75510584334455   } 
   nonlocal_energyvar { 271.1838215935553   } 
   autocorr_energy { } 
} 

block { 
   label spin_0.005
   totweight 870400
   nautocorr 0
   total_energy { -134.7728473385799   } 
   total_energyvar { 3.230954569784652   } 
   weight { 1.006427408882887   } 
   weightvar { 0.09533848081942085   } 
   kinetic_energy { 47.4131641728083   } 
   kinetic_energyvar { 137.845155609262   } 
   potential_energy { -199.9116023368227   } 
   potential_energyvar { 268.7588681123067   } 
   nonlocal_energy { 17.72559082543445   } 
   nonlocal_energyvar { 273.444526659705   } 
   autocorr_energy { } 
} 

block { 
   label spin_0.005
   totweight 870400
   nautocorr 0
   total_energy { -134.7848545209235   } 
   total_energyvar { 2.294098759548827   } 
   weight { 0.9973943192527582   } 
   weightvar { 0.1002428035708611   } 
   kinetic_energy { 47.31834259346076   } 
   kinetic_energyvar { 138.2135797356461   } 
   potential_energy { -199.8046770684976   } 
   potential_energyvar { 268.2160536030059   } 
   nonlocal_energy { 17.70147995411337   } 
   nonlocal_energyvar { 274.463793147752   } 
   autocorr_energy { } 
} 

block { 
   label spin_0.005
   totweight 870400
   nautocorr 0
   total_energy { -134.7760499684207   } 
   total_energyvar { 2.29492128666659   } 
   weight { 0.9926614551771581   } 
   weightvar { 0.1005879348699429   } 
   kinetic_energy { 47.33444858402608   } 
   kinetic_energyvar { 135.3109030036806   } 
   potential_energy { -199.8139237906024   } 
   potential_energyvar { 263.7208445131803   } 
   nonlocal_energy { 17.70342523815566   } 
   nonlocal_energyvar { 268.7109111131028   } 
   autocorr_energy { } 
} 

block { 
   label spin_0.005
   totweight 870400
   nautocorr 0
   total_energy { -134.7699246896395   } 
   total_energyvar { 2.307027562443198   } 
   weight { 0.9922187384182702   } 
   weightvar { 0.1002637859123758   } 
   kinetic_energy { 47.21303720901762   } 
   kinetic_energyvar { 136.9513840044145   } 
   potential_energy { -199.5709850629751   } 
   potential_energyvar { 263.0738897130573   } 
   nonlocal_energy { 17.58802316431802   } 
   nonlocal_energyvar { 269.7996249130097   } 
   autocorr_energy { } 
} 

block { 
   label spin_0.005
   totweight 870400
   nautocorr 0
   total_energy { -134.7684332244156   } 
   total_energyvar { 2.277638451391524   } 
   weight { 0.9885762835201601   } 
   weightvar { 0.09988140802936665   } 
   kinetic_energy { 47.26577132051152   } 
   kinetic_energyvar { 136.8392224132791   } 
   potential_energy { -199.7113470298573   } 
   potential_energyvar { 266.96403529777   } 
   nonlocal_energy { 17.67714248493009   } 
   nonlocal_energyvar { 267.9243142740897   } 
   autocorr_energy { } 
} 

block { 
   label spin_0.005
   totweight 870400
   nautocorr 0
   total_energy { -134.7775836951694   } 
   total_energyvar { 2.337183850853389   } 
   weight { 0.9934807669864264   } 
   weightvar { 0.1003599819418609   } 
   kinetic_energy { 47.34716971758239   } 
   kinetic_energyvar { 137.7122728157829   } 
   potential_energy { -199.7897061933464   } 
   potential_energyvar { 265.043436774086   } 
   nonlocal_energy { 17.66495278059465   } 
   nonlocal_energyvar { 273.339191628715   } 
   autocorr_energy { } 
} 

block { 
   label spin_0.005
   totweight 870400
   nautocorr 0
   total_energy { -134.775315964104   } 
   total_energyvar { 2.290927750434137   } 
   weight { 0.9988212762341312   } 
   weightvar { 0.09962413785249241   } 
   kinetic_energy { 47.43769742108942   } 
   kinetic_energyvar { 136.0982995181928   } 
   potential_energy { -199.9734100673181   } 
   potential_energyvar { 265.5357166329454   } 
   nonlocal_energy { 17.7603966821247   } 
   nonlocal_energyvar { 273.3554712959153   } 
   autocorr_energy { } 
} 

block { 
   label spin_0.005
   totweight 870400
   nautocorr 0
   total_energy { -134.77874294104   } 
   total_energyvar { 2.296555231894004   } 
   weight { 1.000920705076388   } 
   weightvar { 0.09901274306042619   } 
   kinetic_energy { 47.39189215657106   } 
   kinetic_energyvar { 137.0646247189242   } 
   potential_energy { -199.9712056671766   } 
   potential_energyvar { 267.4332822686694   } 
   nonlocal_energy { 17.80057056956556   } 
   nonlocal_energyvar { 274.446236667112   } 
   autocorr_energy { } 
} 

block { 
   label spin_0.005
   totweight 870400
   nautocorr 0
   total_energy { -134.7964102990642   } 
   total_energyvar { 2.350456058723654   } 
   weight { 1.007082199157854   } 
   weightvar { 0.09905871019133732   } 
   kinetic_energy { 47.58604802855964   } 
   kinetic_energyvar { 136.2866313263257   } 
   potential_energy { -200.0890765425248   } 
   potential_energyvar { 267.6813502745127   } 
   nonlocal_energy { 17.70661821490095   } 
   nonlocal_energyvar { 272.398860755905   } 
   autocorr_energy { } 
} 

block { 
   label spin_0.005
   totweight 870400
   nautocorr 0
   total_energy { -134.7831673647408   } 
   total_energyvar { 2.310848566174941   } 
   weight { 1.008974623433896   } 
   weightvar { 0.09949149098290258   } 
   kinetic_energy { 47.33395152169847   } 
   kinetic_energyvar { 136.6824870469392   } 
   potential_energy { -199.7318371753639   } 
   potential_energyvar { 265.2789049609568   } 
   nonlocal_energy { 17.61471828892463   } 
   nonlocal_energyvar { 270.306596961179   } 
   autocorr_energy { } 
} 

block { 
   label spin_0.005
   totweight 870400
   nautocorr 0
   total_energy { -134.7930619483405   } 
   total_energyvar { 2.258020449801255   } 
   weight { 1.010253594896929   } 
   weightvar { 0.09983827889155338   } 
   kinetic_energy { 47.35255874765071   } 
   kinetic_energyvar { 138.5338511446143   } 
   potential_energy { -199.8950790998819   } 
   potential_energyvar { 267.9501124715248   } 
   nonlocal_energy { 17.74945840389074   } 
   nonlocal_energyvar { 272.6548686418115   } 
   autocorr_energy { } 
} 

block { 
   label spin_0.005
   totweight 870400
   nautocorr 0
   total_energy { -134.7769427656162   } 
   total_energyvar { 2.258331872616378   } 
   weight { 1.005158961884614   } 
   weightvar { 0.09734722733691573   } 
   kinetic_energy { 47.43080007771027   } 
   kinetic_energyvar { 138.9314381407484   } 
   potential_energy { -199.8573986730608   } 
   potential_energyvar { 267.3133049733122   } 
   nonlocal_energy { 17.64965582973435   } 
   nonlocal_energyvar { 272.3563548832167   } 
   autocorr_energy { } 
} 

block { 
   label spin_0.005
   totweight 870400
   nautocorr 0
   total_energy { -134.783655497589   } 
   total_energyvar { 2.401549570121005   } 
   weight { 1.004884692902113   } 
   weightvar { 0.09760529360333117   } 
   kinetic_energy { 47.51720135406365   } 
   kinetic_energyvar { 135.9975578154736   } 
   potential_energy { -200.0747629147786   } 
   potential_energyvar { 263.1546267518048   } 
   nonlocal_energy { 17.77390606312598   } 
   nonlocal_energyvar { 271.2975256061367   } 
   autocorr_energy { } 
} 

block { 
   label spin_0.005
   totweight 870400
   nautocorr 0
   total_energy { -134.78323983047   } 
   total_energyvar { 2.305769804304001   } 
   weight { 1.001140471403142   } 
   weightvar { 0.09812430981238215   } 
   kinetic_energy { 47.28035114811576   } 
   kinetic_energyvar { 137.7014271834589   } 
   potential_energy { -199.7017598998367   } 
   potential_energyvar { 262.206915940671   } 
   nonlocal_energy { 17.63816892125101   } 
   nonlocal_energyvar { 269.6203945264232   } 
   autocorr_energy { } 
} 

block { 
   label spin_0.005
   totweight 870400
   nautocorr 0
   total_energy { -134.7848098105586   } 
   total_energyvar { 2.245933289733833   } 
   weight { 1.001563051556044   } 
   weightvar { 0.09779022232552646   } 
   kinetic_energy { 47.33845363033016   } 
   kinetic_energyvar { 137.3374014121782   } 
   potential_energy { -199.7818607137729   } 
   potential_energyvar { 264.622295433233   } 
   nonlocal_energy { 17.65859727288409   } 
   nonlocal_energyvar { 270.6910663750293   } 
   autocorr_energy { } 
} 

block { 
   label spin_0.005
   totweight 870400
   nautocorr 0
   total_energy { -134.7839496318612   } 
   total_energyvar { 2.279632385371902   } 
   weight { 1.003616715510859   } 
   weightvar { 0.09987768637036146   } 
   kinetic_energy { 47.42775007549421   } 
   kinetic_energyvar { 136.8727358086475   } 
   potential_energy { -199.9882351417791   } 
   potential_energyvar { 264.3369356480723   } 
   nonlocal_energy { 17.77653543442367   } 
   nonlocal_energyvar { 269.8100516320406   } 
   autocorr_energy { } 
} 

block { 
   label spin_0.005
   totweight 870400
   nautocorr 0
   total_energy { -134.771398772466   } 
   total_energyvar { 2.251313989845004   } 
   weight { 1.000029308496373   } 
   weightvar { 0.098798577993958   } 
   kinetic_energy { 47.34126337581979   } 
   kinetic_energyvar { 137.8408715833535   } 
   potential_energy { -199.8012376507248   } 
   potential_energyvar { 265.5102015677416   } 
   nonlocal_energy { 17.68857550243908   } 
   nonlocal_energyvar { 273.8578743750435   } 
   autocorr_energy { } 
} 

block { 
   label spin_0.005
   totweight 870400
   nautocorr 0
   total_energy { -134.7809538184169   } 
   total_energyvar { 2.279456672391101   } 
   weight { 0.9939225600788875   } 
   weightvar { 0.09789781291753281   } 
   kinetic_energy { 47.35002880482602   } 
   kinetic_energyvar { 139.7336731686215   } 
   potential_energy { -199.8746761767467   } 
   potential_energyvar { 269.6980256202652   } 
   nonlocal_energy { 17.74369355350384   } 
   nonlocal_energyvar { 275.324567837253   } 
   autocorr_energy { } 
} 

block { 
   label spin_0.005
   totweight 870400
   nautocorr 0
   total_energy { -134.7886626758614   } 
   total_energyvar { 2.446764842241089   } 
   weight { 0.9999642414140781   } 
   weightvar { 0.1001919629539057   } 
   kinetic_energy { 47.51354184765087   } 
   kinetic_energyvar { 135.9697045487044   } 
   potential_energy { -200.0078540581816   } 
   potential_energyvar { 264.9717509648631   } 
   nonlocal_energy { 17.70564953466928   } 
   nonlocal_energyvar { 269.7799137208514   } 
   autocorr_energy { } 
} 

block { 
   label spin_0.005
   totweight 870400
   nautocorr 0
   total_energy { -134.7848490029843   } 
   total_energyvar { 2.266054721894527   } 
   weight { 1.005759487319942   } 
   weightvar { 0.1000781929273074   } 
   kinetic_energy { 47.49888339252989   } 
   kinetic_energyvar { 138.4855612237721   } 
   potential_energy { -199.886161870848   } 
   potential_energyvar { 268.0272881510251   } 
   nonlocal_energy { 17.60242947533385   } 
   nonlocal_energyvar { 268.6285378778833   } 
   autocorr_energy { } 
} 

block { 
   label spin_0.005
   totweight 870400
   nautocorr 0
   total_energy { -134.7806334336842   } 
   total_energyvar { 2.378640339516939   } 
   weight { 1.001247737852689   } 
   weightvar { 0.09776852681919132   } 
   kinetic_energy { 47.33287676763   } 
   kinetic_energyvar { 138.9444792792844   } 
   potential_energy { -199.8127564013226   } 
   potential_energyvar { 266.6797778701958   } 
   nonlocal_energy { 17.69924620000837   } 
   nonlocal_energyvar { 275.0673502065406   } 
   autocorr_energy { } 
} 

block { 
   label spin_0.005
   totweight 870400
   nautocorr 0
   total_energy { -134.7853339657041   } 
   total_energyvar { 2.357796210308442   } 
   weight { 1.000213905699567   } 
   weightvar { 0.1003199361673484   } 
   kinetic_energy { 47.42830202874292   } 
   kinetic_energyvar { 137.898734752911   } 
   potential_energy { -199.9626033355534   } 
   potential_energyvar { 265.6204593870272   } 
   nonlocal_energy { 17.74896734110641   } 
   nonlocal_energyvar { 272.615362056169   } 
   autocorr_energy { } 
} 

block { 
   label spin_0.005
   totweight 870400
   nautocorr 0
   total_energy { -134.7807850994727   } 
   total_energyvar { 2.336616817221569   } 
   weight { 1.001399767128698   } 
   weightvar { 0.1014683807284301   } 
   kinetic_energy { 47.42206354449169   } 
   kinetic_energyvar { 136.5987953595556   } 
   potential_energy { -199.902277693487   } 
   potential_energyvar { 263.354104402772   } 
   nonlocal_energy { 17.69942904952264   } 
   nonlocal_energyvar { 271.9263525600441   } 
   autocorr_energy { } 
} 

block { 
   label spin_0.005
   totweight 870400
   nautocorr 0
   total_energy { -134.7867309325235   } 
   total_energyvar { 2.324466699140014   } 
   weight { 1.001585269730807   } 
   weightvar { 0.1014482841829884   } 
   kinetic_energy { 47.53738767272598   } 
   kinetic_energyvar { 136.3035782291338   } 
   potential_energy { -200.0046438230144   } 
   potential_energyvar { 263.4119153806332   } 
   nonlocal_energy { 17.6805252177649   } 
   nonlocal_energyvar { 267.6351532002076   } 
   autocorr_energy { } 
} 

block { 
   label spin_0.005
   totweight 870400
   nautocorr 0
   total_energy { -134.7851896625597   } 
   total_energyvar { 2.379153249725329   } 
   weight { 1.002588193478164   } 
   weightvar { 0.09975853899826793   } 
   kinetic_energy { 47.45226785709144   } 
   kinetic_energyvar { 138.6211870871379   } 
   potential_energy { -199.9063485805358   } 
   potential_energyvar { 266.3850462244102   } 
   nonlocal_energy { 17.66889106088463   } 
   nonlocal_energyvar { 272.9454884134397   } 
   autocorr_energy { } 
} 

block { 
   label spin_0.005
   totweight 870400
   nautocorr 0
   total_energy { -134.7745368209649   } 
   total_energyvar { 2.604487917622041   } 
   weight { 0.9984928416467833   } 
   weightvar { 0.1001503228002841   } 
   kinetic_energy { 47.40390712693097   } 
   kinetic_energyvar { 138.3033619531349   } 
   potential_energy { -199.8062978305149   } 
   potential_energyvar { 266.7490496028386   } 
   nonlocal_energy { 17.62785388261905   } 
   nonlocal_energyvar { 272.1292611647524   } 
   autocorr_energy { } 
} 

block { 
   label spin_0.005
   totweight 870400
   nautocorr 0
   total_energy { -134.7845262138723   } 
   total_energyvar { 2.276461934396182   } 
   weight { 0.997390504107617   } 
   weightvar { 0.1007095269533092   } 
   kinetic_energy { 47.45963804641359   } 
   kinetic_energyvar { 136.696892156041   } 
   potential_energy { -200.0579555748041   } 
   potential_energyvar { 264.1250095436241   } 
   nonlocal_energy { 17.81379131451816   } 
   nonlocal_energyvar { 273.875400591319   } 
   autocorr_energy { } 
} 

block { 
   label spin_0.005
   totweight 870400
   nautocorr 0
   total_energy { -134.7781228194828   } 
   total_energyvar { 2.291197525758689   } 
   weight { 0.9982968346290124   } 
   weightvar { 0.1005832098874343   } 
   kinetic_energy { 47.46482540512611   } 
   kinetic_energyvar { 135.2953765321589   } 
   potential_energy { -199.9272093379699   } 
   potential_energyvar { 260.7944243682555   } 
   nonlocal_energy { 17.68426111336098   } 
   nonlocal_energyvar { 266.8491162901542   } 
   autocorr_energy { } 
} 

block { 
   label spin_0.005
   totweight 870400
   nautocorr 0
   total_energy { -134.7844608675699   } 
   total_energyvar { 2.297015806019783   } 
   weight { 0.9988577464216936   } 
   weightvar { 0.09875499443535947   } 
   kinetic_energy { 47.52935848201614   } 
   kinetic_energyvar { 136.6649297914504   } 
   potential_energy { -199.9841455244698   } 
   potential_energyvar { 264.6353155420587   } 
   nonlocal_energy { 17.67032617488375   } 
   nonlocal_energyvar { 272.9193191352465   } 
   autocorr_energy { } 
} 

block { 
   label spin_0.005
   totweight 870400
   nautocorr 0
   total_energy { -134.7880208364864   } 
   total_energyvar { 2.521814839092289   } 
   weight { 1.004085395382102   } 
   weightvar { 0.09970392151305893   } 
   kinetic_energy { 47.42593550514853   } 
   kinetic_energyvar { 137.3690703084301   } 
   potential_energy { -199.9523748298883   } 
   potential_energyvar { 265.7091250166027   } 
   nonlocal_energy { 17.73841848825343   } 
   nonlocal_energyvar { 272.326028192663   } 
   autocorr_energy { } 
} 

block { 
   label spin_0.005
   totweight 870400
   nautocorr 0
   total_energy { -134.7746311580514   } 
   total_energyvar { 2.278426814384999   } 
   weight { 0.9971833192567128   } 
   weightvar { 0.09856095828114966   } 
   kinetic_energy { 47.48723703295071   } 
   kinetic_energyvar { 137.6078079064136   } 
   potential_energy { -200.0109959718757   } 
   potential_energyvar { 264.2026936657215   } 
   nonlocal_energy { 17.74912778087362   } 
   nonlocal_energyvar { 272.5128850626352   } 
   autocorr_energy { } 
} 

block { 
   label spin_0.005
   totweight 870400
   nautocorr 0
   total_energy { -134.7819119414683   } 
   total_energyvar { 2.711786213573649   } 
   weight { 0.99875083592178   } 
   weightvar { 0.1012131908124445   } 
   kinetic_energy { 47.40991446438242   } 
   kinetic_energyvar { 140.1021570396884   } 
   potential_energy { -200.0006728423145   } 
   potential_energyvar { 267.5281215598166   } 
   nonlocal_energy { 17.8088464364638   } 
   nonlocal_energyvar { 277.2691719428093   } 
   autocorr_energy { } 
} 

block { 
   label spin_0.005
   totweight 870400
   nautocorr 0
   total_energy { -134.7825135146131   } 
   total_energyvar { 2.244979383855259   } 
   weight { 0.9984194215164678   } 
   weightvar { 0.1001872916765428   } 
   kinetic_energy { 47.33575820286089   } 
   kinetic_energyvar { 137.1793594555709   } 
   potential_energy { -199.8389972470216   } 
   potential_energyvar { 263.9984842133459   } 
   nonlocal_energy { 17.72072552954762   } 
   nonlocal_energyvar { 275.1858323184106   } 
   autocorr_energy { } 
} 

block { 
   label spin_0.005
   totweight 870400
   nautocorr 0
   total_energy { -134.7764277067976   } 
   total_energyvar { 2.304020481585752   } 
   weight { 0.9974920673354088   } 
   weightvar { 0.101794520335561   } 
   kinetic_energy { 47.53057189951566   } 
   kinetic_energyvar { 138.4387453904573   } 
   potential_energy { -200.0582267946996   } 
   potential_energyvar { 268.4889793842131   } 
   nonlocal_energy { 17.75122718838626   } 
   nonlocal_energyvar { 276.0329156978764   } 
   autocorr_energy { } 
} 

block { 
   label spin_0.005
   totweight 870400
   nautocorr 0
   total_energy { -134.7749327572055   } 
   total_energyvar { 2.256710272395707   } 
   weight { 0.9950140757254794   } 
   weightvar { 0.1010953393698601   } 
   kinetic_energy { 47.35314409489237   } 
   kinetic_energyvar { 136.9108237559194   } 
   potential_energy { -199.719248004855   } 
   potential_energyvar { 262.3835568702314   } 
   nonlocal_energy { 17.59117115275717   } 
   nonlocal_energyvar { 270.8074236767227   } 
   autocorr_energy { } 
} 

block { 
   label spin_0.005
   totweight 870400
   nautocorr 0
   total_energy { -134.781129041064   } 
   total_energyvar { 2.301394811925521   } 
   weight { 0.9956170672264276   } 
   weightvar { 0.1015175628103564   } 
   kinetic_energy { 47.46675411407376   } 
   kinetic_energyvar { 138.0067971997803   } 
   potential_energy { -199.9103636900431   } 
   potential_energyvar { 265.980234309354   } 
   nonlocal_energy { 17.66248053490524   } 
   nonlocal_energyvar { 269.1313300831887   } 
   autocorr_energy { } 
} 

block { 
   label spin_0.005
   totweight 870400
   nautocorr 0
   total_energy { -134.7802408020157   } 
   total_energyvar { 2.239287222344063   } 
   weight { 0.9972673074446717   } 
   weightvar { 0.1006994819269038   } 
   kinetic_energy { 47.38736783442202   } 
   kinetic_energyvar { 136.7413496425782   } 
   potential_energy { -199.7997382929367   } 
   potential_energyvar { 267.3779847828574   } 
   nonlocal_energy { 17.63212965649898   } 
   nonlocal_energyvar { 271.1970120886155   } 
   autocorr_energy { } 
} 

block { 
   label spin_0.005
   totweight 870400
   nautocorr 0
   total_energy { -134.7826965539446   } 
   total_energyvar { 2.31075108218329   } 
   weight { 0.9986042857178077   } 
   weightvar { 0.1001031004358459   } 
   kinetic_energy { 47.54937902676767   } 
   kinetic_energyvar { 136.3883237873885   } 
   potential_energy { -200.1539309876322   } 
   potential_energyvar { 264.7664029955404   } 
   nonlocal_energy { 17.82185540692003   } 
   nonlocal_energyvar { 271.0928225516626   } 
   autocorr_energy { } 
} 

block { 
   label spin_0.005
   totweight 870400
   nautocorr 0
   total_energy { -134.7845225578057   } 
   total_energyvar { 2.268279128038938   } 
   weight { 1.0010754987482   } 
   weightvar { 0.1008052564242709   } 
   kinetic_energy { 47.44488010068379   } 
   kinetic_energyvar { 136.2835793818822   } 
   potential_energy { -199.9801887546032   } 
   potential_energyvar { 264.0950315604464   } 
   nonlocal_energy { 17.75078609611363   } 
   nonlocal_energyvar { 272.8485987463087   } 
   autocorr_energy { } 
} 

block { 
   label spin_0.005
   totweight 870400
   nautocorr 0
   total_energy { -134.7785341407874   } 
   total_energyvar { 2.51013642981025   } 
   weight { 1.000000045397308   } 
   weightvar { 0.09991792981410723   } 
   kinetic_energy { 47.43966420600961   } 
   kinetic_energyvar { 137.496826560854   } 
   potential_energy { -199.9959097791303   } 
   potential_energyvar { 265.0161467438712   } 
   nonlocal_energy { 17.77771143233322   } 
   nonlocal_energyvar { 273.8536786394217   } 
   autocorr_energy { } 
} 

block { 
   label spin_0.005
   totweight 870400
   nautocorr 0
   total_energy { -134.7831342829626   } 
   total_energyvar { 2.366447919234175   } 
   weight { 0.9977373539944504   } 
   weightvar { 0.09967642713019148   } 
   kinetic_energy { 47.50248924742875   } 
   kinetic_energyvar { 137.4442875857174   } 
   potential_energy { -200.0962533883521   } 
   potential_energyvar { 266.9626170571368   } 
   nonlocal_energy { 17.81062985796077   } 
   nonlocal_energyvar { 274.4110778492424   } 
   autocorr_energy { } 
} 

block { 
   label spin_0.005
   totweight 870400
   nautocorr 0
   total_energy { -134.7823693890835   } 
   total_energyvar { 2.535527018133981   } 
   weight { 0.9980490231371651   } 
   weightvar { 0.09823035122873321   } 
   kinetic_energy { 47.40964180368085   } 
   kinetic_energyvar { 136.7250400367437   } 
   potential_energy { -199.9954435554581   } 
   potential_energyvar { 266.3978057607765   } 
   nonlocal_energy { 17.80343236269374   } 
   nonlocal_energyvar { 275.203910089192   } 
   autocorr_energy { } 
} 

block { 
   label spin_0.005
   totweight 870400
   nautocorr 0
   total_energy { -134.7862719225996   } 
   total_energyvar { 2.4168169329707   } 
   weight { 1.003735599282615   } 
   weightvar { 0.09941350457930243   } 
   kinetic_energy { 47.45188522144237   } 
   kinetic_energyvar { 135.0164585866438   } 
   potential_energy { -199.9576289824889   } 
   potential_energyvar { 262.6089007191835   } 
   nonlocal_energy { 17.71947183844695   } 
   nonlocal_energyvar { 270.5815061268441   } 
   autocorr_energy { } 
} 

block { 
   label spin_0.005
   totweight 870400
   nautocorr 0
   total_energy { -134.7703458956128   } 
   total_energyvar { 2.38723899954521   } 
   weight { 0.9976153492321734   } 
   weightvar { 0.09985015689749484   } 
   kinetic_energy { 47.41650272925447   } 
   kinetic_energyvar { 137.1748255738469   } 
   potential_energy { -200.0181689131957   } 
   potential_energyvar { 266.1197778048245   } 
   nonlocal_energy { 17.83132028832844   } 
   nonlocal_energyvar { 277.1095726914916   } 
   autocorr_energy { } 
} 

block { 
   label spin_0.005
   totweight 870400
   nautocorr 0
   total_energy { -134.7820243009036   } 
   total_energyvar { 2.373389408460801   } 
   weight { 0.9945077656213563   } 
   weightvar { 0.09885862203166605   } 
   kinetic_energy { 47.3728285179463   } 
   kinetic_energyvar { 137.1879754948009   } 
   potential_energy { -199.7985560872322   } 
   potential_energyvar { 264.5482050965444   } 
   nonlocal_energy { 17.64370326838229   } 
   nonlocal_energyvar { 271.3286143442746   } 
   autocorr_energy { } 
} 

block { 
   label spin_0.005
   totweight 870400
   nautocorr 0
   total_energy { -134.7733783960897   } 
   total_energyvar { 2.300768460971772   } 
   weight { 0.9952504710589585   } 
   weightvar { 0.09927103065481971   } 
   kinetic_energy { 47.17157596112546   } 
   kinetic_energyvar { 139.1941947076433   } 
   potential_energy { -199.7025136873917   } 
   potential_energyvar { 267.4708549446142   } 
   nonlocal_energy { 17.75755933017653   } 
   nonlocal_energyvar { 274.4074665274558   } 
   autocorr_energy { } 
} 

block { 
   label spin_0.005
   totweight 870400
   nautocorr 0
   total_energy { -134.779075505531   } 
   total_energyvar { 2.292303127424574   } 
   weight { 0.9955988868171756   } 
   weightvar { 0.1007944897602174   } 
   kinetic_energy { 47.55327800408458   } 
   kinetic_energyvar { 136.8014435701022   } 
   potential_energy { -200.1631413547314   } 
   potential_energyvar { 264.1055754372518   } 
   nonlocal_energy { 17.83078784511587   } 
   nonlocal_energyvar { 272.710209518888   } 
   autocorr_energy { } 
} 

block { 
   label spin_0.005
   totweight 870400
   nautocorr 0
   total_energy { -134.7860843890717   } 
   total_energyvar { 2.329296987154002   } 
   weight { 0.9991799511714348   } 
   weightvar { 0.1028439829385592   } 
   kinetic_energy { 47.46430552748969   } 
   kinetic_energyvar { 138.3540384143674   } 
   potential_energy { -200.0258507173447   } 
   potential_energyvar { 267.5594132124223   } 
   nonlocal_energy { 17.77546080078321   } 
   nonlocal_energyvar { 274.9193971221002   } 
   autocorr_energy { } 
} 

