#-------------------------------------------------
#DMC run: timestep 0.001
#-------------------------------------------------


init { 
   label spin_0.005
}
block { 
   label spin_0.005
   totweight 819200
   nautocorr 0
   total_energy { -67.88769713192718   } 
   total_energyvar { 0.6649663376036591   } 
   weight { 0.9775912445850059   } 
   weightvar { 0.002777972407264484   } 
   kinetic_energy { 23.42307334073981   } 
   kinetic_energyvar { 59.51235230764641   } 
   potential_energy { -102.7105286378783   } 
   potential_energyvar { 124.4629780757258   } 
   nonlocal_energy { 11.39975816521131   } 
   nonlocal_energyvar { 131.0898372410032   } 
   autocorr_energy { } 
} 

block { 
   label spin_0.005
   totweight 819200
   nautocorr 0
   total_energy { -67.90124426061735   } 
   total_energyvar { 0.5702792527281807   } 
   weight { 0.9627845036390811   } 
   weightvar { 0.01056687928323495   } 
   kinetic_energy { 23.64565542237358   } 
   kinetic_energyvar { 56.34472019788734   } 
   potential_energy { -102.2439996155848   } 
   potential_energyvar { 120.8393460104112   } 
   nonlocal_energy { 10.69709993259394   } 
   nonlocal_energyvar { 118.6706312380819   } 
   autocorr_energy { } 
} 

block { 
   label spin_0.005
   totweight 819200
   nautocorr 0
   total_energy { -67.9157813605531   } 
   total_energyvar { 0.5836829781657863   } 
   weight { 0.9727368919630078   } 
   weightvar { 0.02052806223485767   } 
   kinetic_energy { 23.80280353643735   } 
   kinetic_energyvar { 55.59245311275872   } 
   potential_energy { -102.2608771657279   } 
   potential_energyvar { 121.1412709011392   } 
   nonlocal_energy { 10.54229226873747   } 
   nonlocal_energyvar { 114.5901951553241   } 
   autocorr_energy { } 
} 

block { 
   label spin_0.005
   totweight 819200
   nautocorr 0
   total_energy { -67.9052112738599   } 
   total_energyvar { 0.5813470530153982   } 
   weight { 0.9788072842916721   } 
   weightvar { 0.03069823692794587   } 
   kinetic_energy { 24.0492263338457   } 
   kinetic_energyvar { 54.56052578716444   } 
   potential_energy { -102.5247043083877   } 
   potential_energyvar { 117.740184083642   } 
   nonlocal_energy { 10.57026670068216   } 
   nonlocal_energyvar { 108.9366974069086   } 
   autocorr_energy { } 
} 

block { 
   label spin_0.005
   totweight 819200
   nautocorr 0
   total_energy { -67.91285453567308   } 
   total_energyvar { 0.6110365790021663   } 
   weight { 0.9841568453368204   } 
   weightvar { 0.04033235711948153   } 
   kinetic_energy { 24.08642421894078   } 
   kinetic_energyvar { 57.87410675346264   } 
   potential_energy { -102.9099360458751   } 
   potential_energyvar { 120.9637761830968   } 
   nonlocal_energy { 10.91065729126123   } 
   nonlocal_energyvar { 122.6759107581284   } 
   autocorr_energy { } 
} 

block { 
   label spin_0.005
   totweight 819200
   nautocorr 0
   total_energy { -67.91318200182381   } 
   total_energyvar { 0.5977337510243553   } 
   weight { 0.9879852443562231   } 
   weightvar { 0.04898315433701578   } 
   kinetic_energy { 24.18313333251545   } 
   kinetic_energyvar { 53.96271812831358   } 
   potential_energy { -102.7766902877865   } 
   potential_energyvar { 118.7484716550555   } 
   nonlocal_energy { 10.68037495344719   } 
   nonlocal_energyvar { 114.2827159039617   } 
   autocorr_energy { } 
} 

block { 
   label spin_0.005
   totweight 819200
   nautocorr 0
   total_energy { -67.91843719260271   } 
   total_energyvar { 0.5830097522917976   } 
   weight { 0.9919020704092469   } 
   weightvar { 0.05812599691108788   } 
   kinetic_energy { 24.14796175683826   } 
   kinetic_energyvar { 57.22794066201267   } 
   potential_energy { -102.8964937322115   } 
   potential_energyvar { 120.1293526647574   } 
   nonlocal_energy { 10.83009478277052   } 
   nonlocal_energyvar { 120.6470142031354   } 
   autocorr_energy { } 
} 

block { 
   label spin_0.005
   totweight 819200
   nautocorr 0
   total_energy { -67.9109658104762   } 
   total_energyvar { 0.5797813109598295   } 
   weight { 0.9938969555861005   } 
   weightvar { 0.06617861994198854   } 
   kinetic_energy { 24.27171257346606   } 
   kinetic_energyvar { 55.85436852899819   } 
   potential_energy { -102.9970051248401   } 
   potential_energyvar { 119.4023483891226   } 
   nonlocal_energy { 10.8143267408978   } 
   nonlocal_energyvar { 118.4265571583941   } 
   autocorr_energy { } 
} 

block { 
   label spin_0.005
   totweight 819200
   nautocorr 0
   total_energy { -67.90432819331933   } 
   total_energyvar { 0.5787482916923069   } 
   weight { 0.9941559784770291   } 
   weightvar { 0.0714435744690964   } 
   kinetic_energy { 24.26519708008325   } 
   kinetic_energyvar { 55.9181965012604   } 
   potential_energy { -102.9409530101147   } 
   potential_energyvar { 119.9302915259907   } 
   nonlocal_energy { 10.77142773671208   } 
   nonlocal_energyvar { 117.2426748033565   } 
   autocorr_energy { } 
} 

block { 
   label spin_0.005
   totweight 819200
   nautocorr 0
   total_energy { -67.90892595572473   } 
   total_energyvar { 0.6674078646633455   } 
   weight { 0.9938329695681941   } 
   weightvar { 0.0754543463303278   } 
   kinetic_energy { 24.35502960876436   } 
   kinetic_energyvar { 54.38199518687765   } 
   potential_energy { -102.9572710542924   } 
   potential_energyvar { 120.8801845714739   } 
   nonlocal_energy { 10.69331548980333   } 
   nonlocal_energyvar { 115.8162540219516   } 
   autocorr_energy { } 
} 

block { 
   label spin_0.005
   totweight 819200
   nautocorr 0
   total_energy { -67.90855434358852   } 
   total_energyvar { 0.5899942514676525   } 
   weight { 0.9947817283921373   } 
   weightvar { 0.07861764280201657   } 
   kinetic_energy { 24.27108842355136   } 
   kinetic_energyvar { 53.24125416315951   } 
   potential_energy { -102.9562419495121   } 
   potential_energyvar { 117.0630140502376   } 
   nonlocal_energy { 10.77659918237224   } 
   nonlocal_energyvar { 114.6913249891834   } 
   autocorr_energy { } 
} 

block { 
   label spin_0.005
   totweight 819200
   nautocorr 0
   total_energy { -67.91643641902418   } 
   total_energyvar { 0.5789524691552376   } 
   weight { 0.9957540685461698   } 
   weightvar { 0.0814197769397744   } 
   kinetic_energy { 24.37566446782796   } 
   kinetic_energyvar { 55.16962728160755   } 
   potential_energy { -103.0800111309452   } 
   potential_energyvar { 118.1444382538681   } 
   nonlocal_energy { 10.78791024409301   } 
   nonlocal_energyvar { 116.3282364794086   } 
   autocorr_energy { } 
} 

block { 
   label spin_0.005
   totweight 819200
   nautocorr 0
   total_energy { -67.90973121075768   } 
   total_energyvar { 0.5754925850043606   } 
   weight { 0.9965099691750422   } 
   weightvar { 0.08487559443093096   } 
   kinetic_energy { 24.42099815560304   } 
   kinetic_energyvar { 54.86926667254843   } 
   potential_energy { -103.1242545805216   } 
   potential_energyvar { 117.3949894693696   } 
   nonlocal_energy { 10.79352521416081   } 
   nonlocal_energyvar { 115.6656740282366   } 
   autocorr_energy { } 
} 

block { 
   label spin_0.005
   totweight 819200
   nautocorr 0
   total_energy { -67.90610483637624   } 
   total_energyvar { 0.5957989483450249   } 
   weight { 0.9964247386595457   } 
   weightvar { 0.0865716355596603   } 
   kinetic_energy { 24.37193342911032   } 
   kinetic_energyvar { 55.66525633549104   } 
   potential_energy { -103.2826969075252   } 
   potential_energyvar { 122.2270573728404   } 
   nonlocal_energy { 11.00465864203868   } 
   nonlocal_energyvar { 122.0503893055325   } 
   autocorr_energy { } 
} 

block { 
   label spin_0.005
   totweight 819200
   nautocorr 0
   total_energy { -67.92166264660058   } 
   total_energyvar { 0.5921642152421949   } 
   weight { 0.9975162985473331   } 
   weightvar { 0.08745016844201421   } 
   kinetic_energy { 24.4649853526871   } 
   kinetic_energyvar { 55.27806153389901   } 
   potential_energy { -103.1391398272773   } 
   potential_energyvar { 120.3856884162593   } 
   nonlocal_energy { 10.75249182798969   } 
   nonlocal_energyvar { 115.3158846914411   } 
   autocorr_energy { } 
} 

