#-------------------------------------------------
#DMC run: timestep 0.005
#-------------------------------------------------


init { 
   label spin_0.005
}
block { 
   label spin_0.005
   totweight 3481600
   nautocorr 0
   total_energy { -127.4659782915103   } 
   total_energyvar { 1.823665771703232   } 
   weight { 1.026001372831891   } 
   weightvar { 0.03177827949644445   } 
   kinetic_energy { 48.94129575278473   } 
   kinetic_energyvar { 140.9754313447701   } 
   potential_energy { -195.6749576272811   } 
   potential_energyvar { 335.0484948486376   } 
   nonlocal_energy { 19.26768358298602   } 
   nonlocal_energyvar { 273.6031245484542   } 
   autocorr_energy { } 
} 

block { 
   label spin_0.005
   totweight 3481600
   nautocorr 0
   total_energy { -127.4353037909788   } 
   total_energyvar { 1.860283044333978   } 
   weight { 1.013316642001641   } 
   weightvar { 0.07589871679422178   } 
   kinetic_energy { 49.36825878617711   } 
   kinetic_energyvar { 140.4587306262623   } 
   potential_energy { -196.1185598531013   } 
   potential_energyvar { 332.7725658534447   } 
   nonlocal_energy { 19.31499727594534   } 
   nonlocal_energyvar { 273.574572840735   } 
   autocorr_energy { } 
} 

block { 
   label spin_0.005
   totweight 3481600
   nautocorr 0
   total_energy { -127.438750984155   } 
   total_energyvar { 1.809775014330507   } 
   weight { 0.9926442151213569   } 
   weightvar { 0.08961964882994097   } 
   kinetic_energy { 49.36601370991331   } 
   kinetic_energyvar { 139.075994774141   } 
   potential_energy { -196.0148401832747   } 
   potential_energyvar { 332.8695094855309   } 
   nonlocal_energy { 19.21007548920645   } 
   nonlocal_energyvar { 270.4986888259912   } 
   autocorr_energy { } 
} 

block { 
   label spin_0.005
   totweight 3481600
   nautocorr 0
   total_energy { -127.4378752147969   } 
   total_energyvar { 1.816953725084472   } 
   weight { 0.9900272877748494   } 
   weightvar { 0.09360433420079028   } 
   kinetic_energy { 49.38451037620476   } 
   kinetic_energyvar { 138.9104864262311   } 
   potential_energy { -196.1417797930704   } 
   potential_energyvar { 333.8801222994807   } 
   nonlocal_energy { 19.3193942020687   } 
   nonlocal_energyvar { 272.6124979847606   } 
   autocorr_energy { } 
} 

block { 
   label spin_0.005
   totweight 3481600
   nautocorr 0
   total_energy { -127.4365937228944   } 
   total_energyvar { 1.923973447436658   } 
   weight { 0.9909014695254083   } 
   weightvar { 0.09468663968534367   } 
   kinetic_energy { 49.37799537362855   } 
   kinetic_energyvar { 139.8070761681551   } 
   potential_energy { -196.128046193607   } 
   potential_energyvar { 333.7001721149888   } 
   nonlocal_energy { 19.31345709708397   } 
   nonlocal_energyvar { 272.5322549066838   } 
   autocorr_energy { } 
} 

block { 
   label spin_0.005
   totweight 3481600
   nautocorr 0
   total_energy { -127.4358551785948   } 
   total_energyvar { 1.928837629067787   } 
   weight { 0.9912430732764757   } 
   weightvar { 0.09530853452835354   } 
   kinetic_energy { 49.45517933404443   } 
   kinetic_energyvar { 139.7990174328175   } 
   potential_energy { -196.2211345442599   } 
   potential_energyvar { 334.2169172004515   } 
   nonlocal_energy { 19.33010003162066   } 
   nonlocal_energyvar { 275.0349631932088   } 
   autocorr_energy { } 
} 

block { 
   label spin_0.005
   totweight 3481600
   nautocorr 0
   total_energy { -127.4421104664419   } 
   total_energyvar { 2.566942508719344   } 
   weight { 0.9952027568278529   } 
   weightvar { 0.09624414932085722   } 
   kinetic_energy { 49.54108598348974   } 
   kinetic_energyvar { 139.8815963718234   } 
   potential_energy { -196.2830514331065   } 
   potential_energyvar { 333.7951209835387   } 
   nonlocal_energy { 19.2998549831748   } 
   nonlocal_energyvar { 273.4606864972129   } 
   autocorr_energy { } 
} 

block { 
   label spin_0.005
   totweight 3481600
   nautocorr 0
   total_energy { -127.4352599941292   } 
   total_energyvar { 1.855457382175138   } 
   weight { 0.9972523241882005   } 
   weightvar { 0.09530347144196458   } 
   kinetic_energy { 49.46300647052355   } 
   kinetic_energyvar { 139.5370099211146   } 
   potential_energy { -196.168599579233   } 
   potential_energyvar { 335.4272742235892   } 
   nonlocal_energy { 19.27033311458027   } 
   nonlocal_energyvar { 272.9559219359273   } 
   autocorr_energy { } 
} 

block { 
   label spin_0.005
   totweight 3481600
   nautocorr 0
   total_energy { -127.4370678900848   } 
   total_energyvar { 2.797029307861826   } 
   weight { 0.9968835677915598   } 
   weightvar { 0.09543628839843542   } 
   kinetic_energy { 49.47753517498913   } 
   kinetic_energyvar { 138.5477883915469   } 
   potential_energy { -196.2032455512699   } 
   potential_energyvar { 335.7975066314596   } 
   nonlocal_energy { 19.28864248619598   } 
   nonlocal_energyvar { 271.3306078822023   } 
   autocorr_energy { } 
} 

