#-------------------------------------------------
#DMC run: timestep 0.001
#-------------------------------------------------


init { 
   label spin_0.001
}
block { 
   label spin_0.001
   totweight 4352000
   nautocorr 0
   total_energy { -10.9554814408412   } 
   total_energyvar { 0.1595320670989549   } 
   weight { 0.9991562627367748   } 
   weightvar { 0.004492509752623814   } 
   kinetic_energy { 3.339430739310088   } 
   kinetic_energyvar { 3.996251110688419   } 
   potential_energy { -15.65802216611565   } 
   potential_energyvar { 4.733478508487947   } 
   nonlocal_energy { 1.363109985964359   } 
   nonlocal_energyvar { 6.165578658954187   } 
   autocorr_energy { } 
} 

block { 
   label spin_0.001
   totweight 4352000
   nautocorr 0
   total_energy { -10.95509620226292   } 
   total_energyvar { 0.2189092935528188   } 
   weight { 0.9972697000619953   } 
   weightvar { 0.01641971789459668   } 
   kinetic_energy { 3.333981583680737   } 
   kinetic_energyvar { 4.211981479060464   } 
   potential_energy { -15.65707060385255   } 
   potential_energyvar { 4.745023258418859   } 
   nonlocal_energy { 1.367992817908901   } 
   nonlocal_energyvar { 6.539559693433906   } 
   autocorr_energy { } 
} 

block { 
   label spin_0.001
   totweight 4352000
   nautocorr 0
   total_energy { -10.957175050048   } 
   total_energyvar { 0.155016854243733   } 
   weight { 0.9967399109010641   } 
   weightvar { 0.02928411718845225   } 
   kinetic_energy { 3.368344085928874   } 
   kinetic_energyvar { 4.078132312081502   } 
   potential_energy { -15.7160405937851   } 
   potential_energyvar { 4.724277387779107   } 
   nonlocal_energy { 1.390521457808228   } 
   nonlocal_energyvar { 6.285603937968713   } 
   autocorr_energy { } 
} 

block { 
   label spin_0.001
   totweight 4352000
   nautocorr 0
   total_energy { -10.95486280964861   } 
   total_energyvar { 0.2158671421313824   } 
   weight { 0.9953701258379621   } 
   weightvar { 0.04103991142932453   } 
   kinetic_energy { 3.368600809263573   } 
   kinetic_energyvar { 4.149771591707872   } 
   potential_energy { -15.71817554690959   } 
   potential_energyvar { 4.711182107584705   } 
   nonlocal_energy { 1.394711927997409   } 
   nonlocal_energyvar { 6.464005168879138   } 
   autocorr_energy { } 
} 

block { 
   label spin_0.001
   totweight 4352000
   nautocorr 0
   total_energy { -10.95690338362096   } 
   total_energyvar { 0.1855205140341648   } 
   weight { 0.9948582672801384   } 
   weightvar { 0.05244091679443571   } 
   kinetic_energy { 3.36131668479302   } 
   kinetic_energyvar { 4.18559529504306   } 
   potential_energy { -15.72177613677442   } 
   potential_energyvar { 4.728823880395831   } 
   nonlocal_energy { 1.403556068360443   } 
   nonlocal_energyvar { 6.585254043834881   } 
   autocorr_energy { } 
} 

block { 
   label spin_0.001
   totweight 4352000
   nautocorr 0
   total_energy { -10.95572652786196   } 
   total_energyvar { 0.1454614324437275   } 
   weight { 0.9954206638422856   } 
   weightvar { 0.06077743556355028   } 
   kinetic_energy { 3.345092393569848   } 
   kinetic_energyvar { 4.071710583539135   } 
   potential_energy { -15.68146283503106   } 
   potential_energyvar { 4.76706041337809   } 
   nonlocal_energy { 1.380643913599248   } 
   nonlocal_energyvar { 6.408563147225254   } 
   autocorr_energy { } 
} 

block { 
   label spin_0.001
   totweight 4352000
   nautocorr 0
   total_energy { -10.95591591025711   } 
   total_energyvar { 0.1520215591220977   } 
   weight { 0.9951634140528228   } 
   weightvar { 0.06570712069239398   } 
   kinetic_energy { 3.359195765294487   } 
   kinetic_energyvar { 4.003758623132038   } 
   potential_energy { -15.7000415987798   } 
   potential_energyvar { 4.743419262984123   } 
   nonlocal_energy { 1.384929923228205   } 
   nonlocal_energyvar { 6.171592756910118   } 
   autocorr_energy { } 
} 

block { 
   label spin_0.001
   totweight 4352000
   nautocorr 0
   total_energy { -10.95519072118299   } 
   total_energyvar { 0.3444813735725992   } 
   weight { 0.9949282418025523   } 
   weightvar { 0.07057795106705267   } 
   kinetic_energy { 3.350815457948693   } 
   kinetic_energyvar { 4.185354921930792   } 
   potential_energy { -15.68472488164462   } 
   potential_energyvar { 4.691182020613891   } 
   nonlocal_energy { 1.378718702512938   } 
   nonlocal_energyvar { 6.379115475608852   } 
   autocorr_energy { } 
} 

block { 
   label spin_0.001
   totweight 4352000
   nautocorr 0
   total_energy { -10.95345705291646   } 
   total_energyvar { 0.1824671735876474   } 
   weight { 0.9941973866051528   } 
   weightvar { 0.0731658179797033   } 
   kinetic_energy { 3.325892385761504   } 
   kinetic_energyvar { 4.041786971872299   } 
   potential_energy { -15.67061723541585   } 
   potential_energyvar { 4.714154693397073   } 
   nonlocal_energy { 1.391267796737883   } 
   nonlocal_energyvar { 6.383880630422396   } 
   autocorr_energy { } 
} 

block { 
   label spin_0.001
   totweight 4352000
   nautocorr 0
   total_energy { -10.95369892827142   } 
   total_energyvar { 0.1803097180687937   } 
   weight { 0.9930140967087132   } 
   weightvar { 0.07796150445544574   } 
   kinetic_energy { 3.336043153118667   } 
   kinetic_energyvar { 4.165008866652564   } 
   potential_energy { -15.68783467465757   } 
   potential_energyvar { 4.800571696898605   } 
   nonlocal_energy { 1.398092593267481   } 
   nonlocal_energyvar { 6.441644087281735   } 
   autocorr_energy { } 
} 

block { 
   label spin_0.001
   totweight 4352000
   nautocorr 0
   total_energy { -10.95693859817352   } 
   total_energyvar { 0.1773172180328517   } 
   weight { 0.9941627536349451   } 
   weightvar { 0.08049567746200531   } 
   kinetic_energy { 3.324293112671559   } 
   kinetic_energyvar { 4.251134246010299   } 
   potential_energy { -15.68751062206086   } 
   potential_energyvar { 4.762129496052007   } 
   nonlocal_energy { 1.406278911215783   } 
   nonlocal_energyvar { 6.654479394986578   } 
   autocorr_energy { } 
} 

block { 
   label spin_0.001
   totweight 4352000
   nautocorr 0
   total_energy { -10.95422435645213   } 
   total_energyvar { 0.1845204728566599   } 
   weight { 0.9930457986446191   } 
   weightvar { 0.0815536101306924   } 
   kinetic_energy { 3.340425190883363   } 
   kinetic_energyvar { 4.267347627563428   } 
   potential_energy { -15.68934807524046   } 
   potential_energyvar { 4.742226440683567   } 
   nonlocal_energy { 1.394698527904965   } 
   nonlocal_energyvar { 6.633259056613605   } 
   autocorr_energy { } 
} 

block { 
   label spin_0.001
   totweight 4352000
   nautocorr 0
   total_energy { -10.9510479041822   } 
   total_energyvar { 0.1520316109994214   } 
   weight { 0.9916019263275592   } 
   weightvar { 0.08379577522378406   } 
   kinetic_energy { 3.365910860317459   } 
   kinetic_energyvar { 3.961589530160841   } 
   potential_energy { -15.68841435090629   } 
   potential_energyvar { 4.715762186369254   } 
   nonlocal_energy { 1.371455586406642   } 
   nonlocal_energyvar { 6.253773758703221   } 
   autocorr_energy { } 
} 

block { 
   label spin_0.001
   totweight 4352000
   nautocorr 0
   total_energy { -10.95576620989027   } 
   total_energyvar { 0.2059680069050171   } 
   weight { 0.9934030153669839   } 
   weightvar { 0.08405228270493997   } 
   kinetic_energy { 3.348945158295201   } 
   kinetic_energyvar { 4.282439598754576   } 
   potential_energy { -15.70178449248844   } 
   potential_energyvar { 4.735981911463985   } 
   nonlocal_energy { 1.397073124302973   } 
   nonlocal_energyvar { 6.706225145517385   } 
   autocorr_energy { } 
} 

block { 
   label spin_0.001
   totweight 4352000
   nautocorr 0
   total_energy { -10.95743083747401   } 
   total_energyvar { 0.5316862346031925   } 
   weight { 0.9942250732387984   } 
   weightvar { 0.0833076839709776   } 
   kinetic_energy { 3.316514273381421   } 
   kinetic_energyvar { 4.81256803343436   } 
   potential_energy { -15.69634454788949   } 
   potential_energyvar { 4.821886406229747   } 
   nonlocal_energy { 1.422399437034065   } 
   nonlocal_energyvar { 6.920007236995799   } 
   autocorr_energy { } 
} 

block { 
   label spin_0.001
   totweight 4352000
   nautocorr 0
   total_energy { -10.95199445509142   } 
   total_energyvar { 0.1852538221813545   } 
   weight { 0.994134173946055   } 
   weightvar { 0.08502078377292381   } 
   kinetic_energy { 3.313586402021675   } 
   kinetic_energyvar { 3.98266328161469   } 
   potential_energy { -15.63418988809583   } 
   potential_energyvar { 4.657932462729468   } 
   nonlocal_energy { 1.368609030982725   } 
   nonlocal_energyvar { 6.22725196758958   } 
   autocorr_energy { } 
} 

block { 
   label spin_0.001
   totweight 4352000
   nautocorr 0
   total_energy { -10.95425145731827   } 
   total_energyvar { 0.1473209296277141   } 
   weight { 0.9932270492084563   } 
   weightvar { 0.08616339790264989   } 
   kinetic_energy { 3.317832977081539   } 
   kinetic_energyvar { 3.984662808772681   } 
   potential_energy { -15.6514240189553   } 
   potential_energyvar { 4.739530801333757   } 
   nonlocal_energy { 1.379339584555492   } 
   nonlocal_energyvar { 6.301237604127556   } 
   autocorr_energy { } 
} 

block { 
   label spin_0.001
   totweight 4352000
   nautocorr 0
   total_energy { -10.95702958063641   } 
   total_energyvar { 0.1800015906042044   } 
   weight { 0.9952498602591415   } 
   weightvar { 0.08877267157314365   } 
   kinetic_energy { 3.326329886592101   } 
   kinetic_energyvar { 4.048794936896779   } 
   potential_energy { -15.6552824639084   } 
   potential_energyvar { 4.747227071253504   } 
   nonlocal_energy { 1.371922996679888   } 
   nonlocal_energyvar { 6.26396138225618   } 
   autocorr_energy { } 
} 

block { 
   label spin_0.001
   totweight 4352000
   nautocorr 0
   total_energy { -10.95796774619751   } 
   total_energyvar { 0.1564843496688465   } 
   weight { 0.9964426973079903   } 
   weightvar { 0.0886047336947402   } 
   kinetic_energy { 3.311234970337154   } 
   kinetic_energyvar { 4.01608419753212   } 
   potential_energy { -15.62334166109938   } 
   potential_energyvar { 4.780075363004503   } 
   nonlocal_energy { 1.354138944564715   } 
   nonlocal_energyvar { 6.262780456441569   } 
   autocorr_energy { } 
} 

block { 
   label spin_0.001
   totweight 4352000
   nautocorr 0
   total_energy { -10.95566996188838   } 
   total_energyvar { 0.1731317916495471   } 
   weight { 0.9958361972650106   } 
   weightvar { 0.08738232566757259   } 
   kinetic_energy { 3.320942982757167   } 
   kinetic_energyvar { 4.124888787792657   } 
   potential_energy { -15.65378696083627   } 
   potential_energyvar { 4.660040916925523   } 
   nonlocal_energy { 1.377174016190724   } 
   nonlocal_energyvar { 6.36195339563958   } 
   autocorr_energy { } 
} 

block { 
   label spin_0.001
   totweight 4352000
   nautocorr 0
   total_energy { -10.95618726568704   } 
   total_energyvar { 0.1984848306818692   } 
   weight { 0.9954327202100711   } 
   weightvar { 0.08775918003890804   } 
   kinetic_energy { 3.311967011610788   } 
   kinetic_energyvar { 4.36824674486171   } 
   potential_energy { -15.67994205878944   } 
   potential_energyvar { 4.807325389902721   } 
   nonlocal_energy { 1.411787781491614   } 
   nonlocal_energyvar { 6.821854784874897   } 
   autocorr_energy { } 
} 

block { 
   label spin_0.001
   totweight 4352000
   nautocorr 0
   total_energy { -10.95702163354973   } 
   total_energyvar { 0.1700211489028451   } 
   weight { 0.9949660593712054   } 
   weightvar { 0.0887305545229011   } 
   kinetic_energy { 3.356650998546745   } 
   kinetic_energyvar { 4.102521107714988   } 
   potential_energy { -15.69693388151212   } 
   potential_energyvar { 4.622487198895764   } 
   nonlocal_energy { 1.383261249415649   } 
   nonlocal_energyvar { 6.394648760581958   } 
   autocorr_energy { } 
} 

block { 
   label spin_0.001
   totweight 4352000
   nautocorr 0
   total_energy { -10.95965645721364   } 
   total_energyvar { 0.2053711595428836   } 
   weight { 0.9963922608976731   } 
   weightvar { 0.08871427186304423   } 
   kinetic_energy { 3.328381331133822   } 
   kinetic_energyvar { 4.468150878164439   } 
   potential_energy { -15.69157111402315   } 
   potential_energyvar { 4.846268007561183   } 
   nonlocal_energy { 1.403533325675692   } 
   nonlocal_energyvar { 6.954491781008635   } 
   autocorr_energy { } 
} 

block { 
   label spin_0.001
   totweight 4352000
   nautocorr 0
   total_energy { -10.95532985442622   } 
   total_energyvar { 0.3777453129806509   } 
   weight { 0.9961069959590095   } 
   weightvar { 0.08864786591697237   } 
   kinetic_energy { 3.356742935002132   } 
   kinetic_energyvar { 4.216872694158964   } 
   potential_energy { -15.69291482830374   } 
   potential_energyvar { 4.658704941754175   } 
   nonlocal_energy { 1.380842038875391   } 
   nonlocal_energyvar { 6.269688253500662   } 
   autocorr_energy { } 
} 

block { 
   label spin_0.001
   totweight 4352000
   nautocorr 0
   total_energy { -10.95442679389362   } 
   total_energyvar { 0.1498177494090193   } 
   weight { 0.9948306117632443   } 
   weightvar { 0.08858141858176598   } 
   kinetic_energy { 3.36383977063359   } 
   kinetic_energyvar { 4.16409593352957   } 
   potential_energy { -15.71113897091802   } 
   potential_energyvar { 4.671224534472906   } 
   nonlocal_energy { 1.392872406390812   } 
   nonlocal_energyvar { 6.507152798938397   } 
   autocorr_energy { } 
} 

block { 
   label spin_0.001
   totweight 4352000
   nautocorr 0
   total_energy { -10.95635218548555   } 
   total_energyvar { 0.1567252213794613   } 
   weight { 0.995266962068088   } 
   weightvar { 0.08774188248822776   } 
   kinetic_energy { 3.364879604783857   } 
   kinetic_energyvar { 3.945830134465246   } 
   potential_energy { -15.68748041557106   } 
   potential_energyvar { 4.685150680741072   } 
   nonlocal_energy { 1.366248625301645   } 
   nonlocal_energyvar { 6.136006759741037   } 
   autocorr_energy { } 
} 

block { 
   label spin_0.001
   totweight 4352000
   nautocorr 0
   total_energy { -10.95676158098737   } 
   total_energyvar { 0.1561337791904105   } 
   weight { 0.9951518951240522   } 
   weightvar { 0.08932398058582308   } 
   kinetic_energy { 3.351044243367804   } 
   kinetic_energyvar { 4.257229482968981   } 
   potential_energy { -15.71410388852915   } 
   potential_energyvar { 4.845532089875562   } 
   nonlocal_energy { 1.406298064173982   } 
   nonlocal_energyvar { 6.604914142903304   } 
   autocorr_energy { } 
} 

block { 
   label spin_0.001
   totweight 4352000
   nautocorr 0
   total_energy { -10.96015312914573   } 
   total_energyvar { 0.1763257353030377   } 
   weight { 0.9964516588009312   } 
   weightvar { 0.08989881235441825   } 
   kinetic_energy { 3.33415516751582   } 
   kinetic_energyvar { 4.179329139365296   } 
   potential_energy { -15.67390832565468   } 
   potential_energyvar { 4.808928356183588   } 
   nonlocal_energy { 1.379600028993128   } 
   nonlocal_energyvar { 6.527063717206648   } 
   autocorr_energy { } 
} 

block { 
   label spin_0.001
   totweight 4352000
   nautocorr 0
   total_energy { -10.95645455490157   } 
   total_energyvar { 0.1943830588058467   } 
   weight { 0.9963560125520815   } 
   weightvar { 0.08907593442972696   } 
   kinetic_energy { 3.317614195536651   } 
   kinetic_energyvar { 4.21022431914316   } 
   potential_energy { -15.68189251329598   } 
   potential_energyvar { 4.7877346102303   } 
   nonlocal_energy { 1.407823762857761   } 
   nonlocal_energyvar { 6.527485451783114   } 
   autocorr_energy { } 
} 

block { 
   label spin_0.001
   totweight 4352000
   nautocorr 0
   total_energy { -10.95557636772654   } 
   total_energyvar { 0.1570329105723617   } 
   weight { 0.9957736404982835   } 
   weightvar { 0.08883535628779157   } 
   kinetic_energy { 3.316173462246204   } 
   kinetic_energyvar { 4.007757647131241   } 
   potential_energy { -15.64769027083264   } 
   potential_energyvar { 4.724381899932388   } 
   nonlocal_energy { 1.375940440859898   } 
   nonlocal_energyvar { 6.294877619966469   } 
   autocorr_energy { } 
} 

block { 
   label spin_0.001
   totweight 4352000
   nautocorr 0
   total_energy { -10.95576686720519   } 
   total_energyvar { 0.2087613530350899   } 
   weight { 0.9953664969259672   } 
   weightvar { 0.0877831871922902   } 
   kinetic_energy { 3.363780339475413   } 
   kinetic_energyvar { 4.103118472591597   } 
   potential_energy { -15.69844395574804   } 
   potential_energyvar { 4.796521060958463   } 
   nonlocal_energy { 1.378896749067446   } 
   nonlocal_energyvar { 6.382206084482299   } 
   autocorr_energy { } 
} 

block { 
   label spin_0.001
   totweight 4352000
   nautocorr 0
   total_energy { -10.95478179354331   } 
   total_energyvar { 0.4830472559861568   } 
   weight { 0.993546290308892   } 
   weightvar { 0.08742088494944057   } 
   kinetic_energy { 3.336328209975384   } 
   kinetic_energyvar { 4.654955183398171   } 
   potential_energy { -15.6962703311774   } 
   potential_energyvar { 4.748845448845128   } 
   nonlocal_energy { 1.405160327658694   } 
   nonlocal_energyvar { 6.69799483884806   } 
   autocorr_energy { } 
} 

block { 
   label spin_0.001
   totweight 4352000
   nautocorr 0
   total_energy { -10.95564592350839   } 
   total_energyvar { 0.1552260612679172   } 
   weight { 0.993777192785673   } 
   weightvar { 0.08725731311057067   } 
   kinetic_energy { 3.309232755191585   } 
   kinetic_energyvar { 4.146775680622522   } 
   potential_energy { -15.64349708110081   } 
   potential_energyvar { 4.749156540605309   } 
   nonlocal_energy { 1.378618402400838   } 
   nonlocal_energyvar { 6.502602303844764   } 
   autocorr_energy { } 
} 

block { 
   label spin_0.001
   totweight 4352000
   nautocorr 0
   total_energy { -10.9587113562739   } 
   total_energyvar { 0.2012396660056496   } 
   weight { 0.9946430402423798   } 
   weightvar { 0.08802981022506821   } 
   kinetic_energy { 3.311992472169099   } 
   kinetic_energyvar { 4.244299151015694   } 
   potential_energy { -15.65289390864302   } 
   potential_energyvar { 4.741028062987587   } 
   nonlocal_energy { 1.382190080200018   } 
   nonlocal_energyvar { 6.51319485383589   } 
   autocorr_energy { } 
} 

block { 
   label spin_0.001
   totweight 4352000
   nautocorr 0
   total_energy { -10.95529420157367   } 
   total_energyvar { 0.1777021467583746   } 
   weight { 0.9955998545452763   } 
   weightvar { 0.08729180238743278   } 
   kinetic_energy { 3.315665885155176   } 
   kinetic_energyvar { 4.116263916917425   } 
   potential_energy { -15.64994534112121   } 
   potential_energyvar { 4.735223352467449   } 
   nonlocal_energy { 1.37898525439236   } 
   nonlocal_energyvar { 6.417429118666094   } 
   autocorr_energy { } 
} 

block { 
   label spin_0.001
   totweight 4352000
   nautocorr 0
   total_energy { -10.95864895706554   } 
   total_energyvar { 0.1628387416971488   } 
   weight { 0.9959366407555263   } 
   weightvar { 0.08903252642689007   } 
   kinetic_energy { 3.344922239576398   } 
   kinetic_energyvar { 4.076542581525239   } 
   potential_energy { -15.69216375424583   } 
   potential_energyvar { 4.806222693986835   } 
   nonlocal_energy { 1.38859255760389   } 
   nonlocal_energyvar { 6.341737043554573   } 
   autocorr_energy { } 
} 

block { 
   label spin_0.001
   totweight 4352000
   nautocorr 0
   total_energy { -10.9553656318094   } 
   total_energyvar { 0.1996997975594844   } 
   weight { 0.9957824543400613   } 
   weightvar { 0.08855742094406997   } 
   kinetic_energy { 3.311352896192689   } 
   kinetic_energyvar { 4.299535564430919   } 
   potential_energy { -15.66935592192722   } 
   potential_energyvar { 4.763921298589092   } 
   nonlocal_energy { 1.40263739392514   } 
   nonlocal_energyvar { 6.763690372911074   } 
   autocorr_energy { } 
} 

block { 
   label spin_0.001
   totweight 4352000
   nautocorr 0
   total_energy { -10.95419187059651   } 
   total_energyvar { 0.1610543226558997   } 
   weight { 0.9942401739543771   } 
   weightvar { 0.08749058951429657   } 
   kinetic_energy { 3.325763875155801   } 
   kinetic_energyvar { 4.044364539399814   } 
   potential_energy { -15.65443788550159   } 
   potential_energyvar { 4.697772242297907   } 
   nonlocal_energy { 1.374482139749281   } 
   nonlocal_energyvar { 6.361148999594436   } 
   autocorr_energy { } 
} 

block { 
   label spin_0.001
   totweight 4352000
   nautocorr 0
   total_energy { -10.95628508515108   } 
   total_energyvar { 0.2256794937368154   } 
   weight { 0.9941673580322274   } 
   weightvar { 0.08795796532934239   } 
   kinetic_energy { 3.321120235192062   } 
   kinetic_energyvar { 4.35177914561718   } 
   potential_energy { -15.69429882592727   } 
   potential_energyvar { 4.824753358990306   } 
   nonlocal_energy { 1.416893505584132   } 
   nonlocal_energyvar { 6.846971476609275   } 
   autocorr_energy { } 
} 

block { 
   label spin_0.001
   totweight 4352000
   nautocorr 0
   total_energy { -10.95357451411796   } 
   total_energyvar { 0.1946080661284305   } 
   weight { 0.9934873785249847   } 
   weightvar { 0.08955293848591694   } 
   kinetic_energy { 3.349448859395709   } 
   kinetic_energyvar { 4.274084089376577   } 
   potential_energy { -15.7195200711909   } 
   potential_energyvar { 4.740718005752201   } 
   nonlocal_energy { 1.416496697677225   } 
   nonlocal_energyvar { 6.658364650489935   } 
   autocorr_energy { } 
} 

block { 
   label spin_0.001
   totweight 4352000
   nautocorr 0
   total_energy { -10.95917569980072   } 
   total_energyvar { 0.1913853636170845   } 
   weight { 0.9937442872978217   } 
   weightvar { 0.08903111239468797   } 
   kinetic_energy { 3.32229327506573   } 
   kinetic_energyvar { 4.431460003513401   } 
   potential_energy { -15.69301961627646   } 
   potential_energyvar { 4.822262208402902   } 
   nonlocal_energy { 1.411550641410007   } 
   nonlocal_energyvar { 6.883219181594996   } 
   autocorr_energy { } 
} 

block { 
   label spin_0.001
   totweight 4352000
   nautocorr 0
   total_energy { -10.9559686294411   } 
   total_energyvar { 0.2836523724249004   } 
   weight { 0.9949308313334334   } 
   weightvar { 0.08678569719796887   } 
   kinetic_energy { 3.331252215653902   } 
   kinetic_energyvar { 4.172739690971913   } 
   potential_energy { -15.64658644777973   } 
   potential_energyvar { 4.685566332317507   } 
   nonlocal_energy { 1.359365602684725   } 
   nonlocal_energyvar { 6.231049657132923   } 
   autocorr_energy { } 
} 

block { 
   label spin_0.001
   totweight 4352000
   nautocorr 0
   total_energy { -10.95514281811865   } 
   total_energyvar { 0.1336693334610369   } 
   weight { 0.994342493887828   } 
   weightvar { 0.08745452879201915   } 
   kinetic_energy { 3.343949224172958   } 
   kinetic_energyvar { 3.976457694099111   } 
   potential_energy { -15.65922303127995   } 
   potential_energyvar { 4.613396235896708   } 
   nonlocal_energy { 1.360130988988336   } 
   nonlocal_energyvar { 6.065720435175247   } 
   autocorr_energy { } 
} 

block { 
   label spin_0.001
   totweight 4352000
   nautocorr 0
   total_energy { -10.95236063623283   } 
   total_energyvar { 0.1477201283838089   } 
   weight { 0.9941361691621714   } 
   weightvar { 0.08752266597789207   } 
   kinetic_energy { 3.352740367839218   } 
   kinetic_energyvar { 3.848648925879215   } 
   potential_energy { -15.65024202195907   } 
   potential_energyvar { 4.64524907034026   } 
   nonlocal_energy { 1.345141017887018   } 
   nonlocal_energyvar { 6.026452578653478   } 
   autocorr_energy { } 
} 

block { 
   label spin_0.001
   totweight 4352000
   nautocorr 0
   total_energy { -10.95442669931646   } 
   total_energyvar { 0.1839726801879055   } 
   weight { 0.9931975651396484   } 
   weightvar { 0.08823522720314228   } 
   kinetic_energy { 3.33532332820295   } 
   kinetic_energyvar { 4.281985614349352   } 
   potential_energy { -15.67537222887679   } 
   potential_energyvar { 4.774543939510885   } 
   nonlocal_energy { 1.385622201357394   } 
   nonlocal_energyvar { 6.675940088686145   } 
   autocorr_energy { } 
} 

block { 
   label spin_0.001
   totweight 4352000
   nautocorr 0
   total_energy { -10.9555909540147   } 
   total_energyvar { 0.1918285730856638   } 
   weight { 0.9934315345565025   } 
   weightvar { 0.0886466294313782   } 
   kinetic_energy { 3.339331955840195   } 
   kinetic_energyvar { 4.196754167211255   } 
   potential_energy { -15.68104246154231   } 
   potential_energyvar { 4.632630732554285   } 
   nonlocal_energy { 1.38611955168741   } 
   nonlocal_energyvar { 6.568770580484717   } 
   autocorr_energy { } 
} 

block { 
   label spin_0.001
   totweight 4352000
   nautocorr 0
   total_energy { -10.95697608698084   } 
   total_energyvar { 0.198140080844619   } 
   weight { 0.9948061191006097   } 
   weightvar { 0.08780302459905882   } 
   kinetic_energy { 3.353874854409244   } 
   kinetic_energyvar { 4.173904044264327   } 
   potential_energy { -15.69267878669528   } 
   potential_energyvar { 4.726768772849163   } 
   nonlocal_energy { 1.381827845305197   } 
   nonlocal_energyvar { 6.410690905490243   } 
   autocorr_energy { } 
} 

block { 
   label spin_0.001
   totweight 4352000
   nautocorr 0
   total_energy { -10.95053372317723   } 
   total_energyvar { 0.2070938682287212   } 
   weight { 0.992946358034943   } 
   weightvar { 0.08688309052782581   } 
   kinetic_energy { 3.363343141811464   } 
   kinetic_energyvar { 4.123085576580531   } 
   potential_energy { -15.69362501606098   } 
   potential_energyvar { 4.724884114237607   } 
   nonlocal_energy { 1.379748151072298   } 
   nonlocal_energyvar { 6.475836134123574   } 
   autocorr_energy { } 
} 

block { 
   label spin_0.001
   totweight 4352000
   nautocorr 0
   total_energy { -10.9546015389483   } 
   total_energyvar { 0.2103939862398232   } 
   weight { 0.9917692676892594   } 
   weightvar { 0.08526316438431697   } 
   kinetic_energy { 3.347945117085165   } 
   kinetic_energyvar { 4.184837492536741   } 
   potential_energy { -15.70705165651414   } 
   potential_energyvar { 4.825318630972556   } 
   nonlocal_energy { 1.404505000480684   } 
   nonlocal_energyvar { 6.59771006817071   } 
   autocorr_energy { } 
} 

block { 
   label spin_0.001
   totweight 4352000
   nautocorr 0
   total_energy { -10.95464933492419   } 
   total_energyvar { 0.1408977210274044   } 
   weight { 0.9933978700361045   } 
   weightvar { 0.08655800973985445   } 
   kinetic_energy { 3.33684241123689   } 
   kinetic_energyvar { 4.144811891072768   } 
   potential_energy { -15.67609028245526   } 
   potential_energyvar { 4.747587280995087   } 
   nonlocal_energy { 1.384598536294179   } 
   nonlocal_energyvar { 6.45986147992393   } 
   autocorr_energy { } 
} 

