#-------------------------------------------------
#VMC run: timestep 1.2 nconfig 5120 steps 20
#-------------------------------------------------


init { 
   label vmc
}
block { 
   label vmc
   totweight 102400
   nautocorr 0
   total_energy { -10.94374213644474   } 
   total_energyvar { 0.4581036251893011   } 
   weight { 1   } 
   weightvar { 0   } 
   kinetic_energy { 3.355508526178188   } 
   kinetic_energyvar { 4.307537140260655   } 
   potential_energy { -15.69502745089931   } 
   potential_energyvar { 4.814644592357581   } 
   nonlocal_energy { 1.395776788276379   } 
   nonlocal_energyvar { 6.430784107338908   } 
   autocorr_energy { } 
} 

block { 
   label vmc
   totweight 102400
   nautocorr 0
   total_energy { -10.94925467220055   } 
   total_energyvar { 0.1908182642614714   } 
   weight { 1   } 
   weightvar { 0   } 
   kinetic_energy { 3.352321035418345   } 
   kinetic_energyvar { 4.174055983080713   } 
   potential_energy { -15.70219617356918   } 
   potential_energyvar { 4.703922033234971   } 
   nonlocal_energy { 1.400620465950292   } 
   nonlocal_energyvar { 6.542398072359742   } 
   autocorr_energy { } 
} 

block { 
   label vmc
   totweight 102400
   nautocorr 0
   total_energy { -10.94709414349878   } 
   total_energyvar { 0.6883777671372295   } 
   weight { 1   } 
   weightvar { 0   } 
   kinetic_energy { 3.325423495899444   } 
   kinetic_energyvar { 4.913059514235292   } 
   potential_energy { -15.70610009570813   } 
   potential_energyvar { 4.880914535658009   } 
   nonlocal_energy { 1.433582456309899   } 
   nonlocal_energyvar { 7.147620423745582   } 
   autocorr_energy { } 
} 

block { 
   label vmc
   totweight 102400
   nautocorr 0
   total_energy { -10.94985295006928   } 
   total_energyvar { 0.1943717812362401   } 
   weight { 1   } 
   weightvar { 0   } 
   kinetic_energy { 3.335637655918414   } 
   kinetic_energyvar { 4.170140511139062   } 
   potential_energy { -15.68326007207605   } 
   potential_energyvar { 4.746232731422363   } 
   nonlocal_energy { 1.397769466088365   } 
   nonlocal_energyvar { 6.503361081847727   } 
   autocorr_energy { } 
} 

block { 
   label vmc
   totweight 102400
   nautocorr 0
   total_energy { -10.95074910527225   } 
   total_energyvar { 0.1423506465168345   } 
   weight { 1   } 
   weightvar { 0   } 
   kinetic_energy { 3.339914213274767   } 
   kinetic_energyvar { 4.220705729745486   } 
   potential_energy { -15.70331800677387   } 
   potential_energyvar { 4.779079448316065   } 
   nonlocal_energy { 1.412654688226854   } 
   nonlocal_energyvar { 6.61633294783965   } 
   autocorr_energy { } 
} 

block { 
   label vmc
   totweight 102400
   nautocorr 0
   total_energy { -10.94747189184265   } 
   total_energyvar { 0.1626435332330964   } 
   weight { 1   } 
   weightvar { 0   } 
   kinetic_energy { 3.336927729833919   } 
   kinetic_energyvar { 4.185299404118096   } 
   potential_energy { -15.6867293302248   } 
   potential_energyvar { 4.7815376240625   } 
   nonlocal_energy { 1.402329708548223   } 
   nonlocal_energyvar { 6.454666300244584   } 
   autocorr_energy { } 
} 

block { 
   label vmc
   totweight 102400
   nautocorr 0
   total_energy { -10.94727576761855   } 
   total_energyvar { 0.2068517018927723   } 
   weight { 1   } 
   weightvar { 0   } 
   kinetic_energy { 3.357225728484477   } 
   kinetic_energyvar { 4.154033164755405   } 
   potential_energy { -15.69471241898894   } 
   potential_energyvar { 4.725989570595194   } 
   nonlocal_energy { 1.390210922885915   } 
   nonlocal_energyvar { 6.376582492747622   } 
   autocorr_energy { } 
} 

block { 
   label vmc
   totweight 102400
   nautocorr 0
   total_energy { -10.94748533774586   } 
   total_energyvar { 0.1772819467869541   } 
   weight { 1   } 
   weightvar { 0   } 
   kinetic_energy { 3.335887495589228   } 
   kinetic_energyvar { 4.151026735720105   } 
   potential_energy { -15.68022461427186   } 
   potential_energyvar { 4.735795075673646   } 
   nonlocal_energy { 1.396851780936771   } 
   nonlocal_energyvar { 6.617152892714392   } 
   autocorr_energy { } 
} 

block { 
   label vmc
   totweight 102400
   nautocorr 0
   total_energy { -10.94920065096012   } 
   total_energyvar { 0.3145224949191096   } 
   weight { 1   } 
   weightvar { 0   } 
   kinetic_energy { 3.341183909494316   } 
   kinetic_energyvar { 4.525453335776884   } 
   potential_energy { -15.71181577439603   } 
   potential_energyvar { 4.769090238459985   } 
   nonlocal_energy { 1.421431213941599   } 
   nonlocal_energyvar { 6.772613364608756   } 
   autocorr_energy { } 
} 

block { 
   label vmc
   totweight 102400
   nautocorr 0
   total_energy { -10.94733575108782   } 
   total_energyvar { 0.1859511799339363   } 
   weight { 1   } 
   weightvar { 0   } 
   kinetic_energy { 3.342412381665054   } 
   kinetic_energyvar { 4.219519903093667   } 
   potential_energy { -15.7080176743937   } 
   potential_energyvar { 4.754972122456263   } 
   nonlocal_energy { 1.418269541640826   } 
   nonlocal_energyvar { 6.664451997423134   } 
   autocorr_energy { } 
} 

block { 
   label vmc
   totweight 102400
   nautocorr 0
   total_energy { -10.94944500181355   } 
   total_energyvar { 0.2026353492230433   } 
   weight { 1   } 
   weightvar { 0   } 
   kinetic_energy { 3.3341836000017   } 
   kinetic_energyvar { 4.322311047993608   } 
   potential_energy { -15.69981962169747   } 
   potential_energyvar { 4.802652440154501   } 
   nonlocal_energy { 1.416191019882217   } 
   nonlocal_energyvar { 6.583701897091224   } 
   autocorr_energy { } 
} 

block { 
   label vmc
   totweight 102400
   nautocorr 0
   total_energy { -10.95053656809616   } 
   total_energyvar { 0.5357437948484666   } 
   weight { 1   } 
   weightvar { 0   } 
   kinetic_energy { 3.33402940961945   } 
   kinetic_energyvar { 4.373265245986845   } 
   potential_energy { -15.69049033871023   } 
   potential_energyvar { 4.754350149659113   } 
   nonlocal_energy { 1.405924360994624   } 
   nonlocal_energyvar { 6.337521700347622   } 
   autocorr_energy { } 
} 

block { 
   label vmc
   totweight 102400
   nautocorr 0
   total_energy { -10.94813084689052   } 
   total_energyvar { 0.1925759261384782   } 
   weight { 1   } 
   weightvar { 0   } 
   kinetic_energy { 3.341881601693764   } 
   kinetic_energyvar { 3.967295774256891   } 
   potential_energy { -15.68460742428658   } 
   potential_energyvar { 4.734641734473148   } 
   nonlocal_energy { 1.394594975702288   } 
   nonlocal_energyvar { 6.268918509762982   } 
   autocorr_energy { } 
} 

block { 
   label vmc
   totweight 102400
   nautocorr 0
   total_energy { -10.94884800533674   } 
   total_energyvar { 0.2201175344901202   } 
   weight { 1   } 
   weightvar { 0   } 
   kinetic_energy { 3.330969690937626   } 
   kinetic_energyvar { 4.531770552318441   } 
   potential_energy { -15.69117317083242   } 
   potential_energyvar { 4.741224080238058   } 
   nonlocal_energy { 1.411355474558051   } 
   nonlocal_energyvar { 6.915360690038884   } 
   autocorr_energy { } 
} 

block { 
   label vmc
   totweight 102400
   nautocorr 0
   total_energy { -10.94772033041871   } 
   total_energyvar { 0.1964476944736285   } 
   weight { 1   } 
   weightvar { 0   } 
   kinetic_energy { 3.34807602576445   } 
   kinetic_energyvar { 4.116767204635224   } 
   potential_energy { -15.69540461915402   } 
   potential_energyvar { 4.7255442220931   } 
   nonlocal_energy { 1.399608262970852   } 
   nonlocal_energyvar { 6.467816140500078   } 
   autocorr_energy { } 
} 

block { 
   label vmc
   totweight 102400
   nautocorr 0
   total_energy { -10.9469824031558   } 
   total_energyvar { 0.4479132058036592   } 
   weight { 1   } 
   weightvar { 0   } 
   kinetic_energy { 3.340755764530082   } 
   kinetic_energyvar { 4.261153060535989   } 
   potential_energy { -15.68398783764281   } 
   potential_energyvar { 4.742843471555256   } 
   nonlocal_energy { 1.396249669956937   } 
   nonlocal_energyvar { 6.504862268438978   } 
   autocorr_energy { } 
} 

block { 
   label vmc
   totweight 102400
   nautocorr 0
   total_energy { -10.94772448586088   } 
   total_energyvar { 0.4040319431749911   } 
   weight { 1   } 
   weightvar { 0   } 
   kinetic_energy { 3.351734357878343   } 
   kinetic_energyvar { 4.328873947552712   } 
   potential_energy { -15.71378810271732   } 
   potential_energyvar { 4.791391342555413   } 
   nonlocal_energy { 1.414329258978096   } 
   nonlocal_energyvar { 6.683282966445407   } 
   autocorr_energy { } 
} 

block { 
   label vmc
   totweight 102400
   nautocorr 0
   total_energy { -10.94818493417109   } 
   total_energyvar { 0.152000881047961   } 
   weight { 1   } 
   weightvar { 0   } 
   kinetic_energy { 3.336802816587506   } 
   kinetic_energyvar { 4.22214723743195   } 
   potential_energy { -15.681460365708   } 
   potential_energyvar { 4.776677165824229   } 
   nonlocal_energy { 1.39647261494941   } 
   nonlocal_energyvar { 6.453806280585819   } 
   autocorr_energy { } 
} 

block { 
   label vmc
   totweight 102400
   nautocorr 0
   total_energy { -10.946541372425   } 
   total_energyvar { 0.1744935149712089   } 
   weight { 1   } 
   weightvar { 0   } 
   kinetic_energy { 3.342303587995099   } 
   kinetic_energyvar { 4.20072318517462   } 
   potential_energy { -15.7025468209921   } 
   potential_energyvar { 4.761365710183556   } 
   nonlocal_energy { 1.413701860572001   } 
   nonlocal_energyvar { 6.66427454724691   } 
   autocorr_energy { } 
} 

block { 
   label vmc
   totweight 102400
   nautocorr 0
   total_energy { -10.94989778801368   } 
   total_energyvar { 0.1528697247709224   } 
   weight { 1   } 
   weightvar { 0   } 
   kinetic_energy { 3.336884112323883   } 
   kinetic_energyvar { 4.192146180085697   } 
   potential_energy { -15.70172320612996   } 
   potential_energyvar { 4.737703608543623   } 
   nonlocal_energy { 1.414941305792394   } 
   nonlocal_energyvar { 6.593472455794847   } 
   autocorr_energy { } 
} 

