#-------------------------------------------------
#DMC run: timestep 0.005
#-------------------------------------------------


init { 
   label spin_0.005
}
block { 
   label spin_0.005
   totweight 870400
   nautocorr 0
   total_energy { -134.7989023613516   } 
   total_energyvar { 1.703707829196665   } 
   weight { 1.071469794111891   } 
   weightvar { 0.05055269249272558   } 
   kinetic_energy { 46.47880280831521   } 
   kinetic_energyvar { 153.1669998340203   } 
   potential_energy { -194.3120332243959   } 
   potential_energyvar { 165.7348590982575   } 
   nonlocal_energy { 13.03432805472908   } 
   nonlocal_energyvar { 223.6513593778213   } 
   autocorr_energy { } 
} 

block { 
   label spin_0.005
   totweight 870400
   nautocorr 0
   total_energy { -134.7420412391285   } 
   total_energyvar { 1.838214452619686   } 
   weight { 1.050978140905172   } 
   weightvar { 0.09631076572367842   } 
   kinetic_energy { 46.77024665245761   } 
   kinetic_energyvar { 155.2413677787682   } 
   potential_energy { -194.5093874151646   } 
   potential_energyvar { 165.3553925980834   } 
   nonlocal_energy { 12.99709952357841   } 
   nonlocal_energyvar { 224.1525119703782   } 
   autocorr_energy { } 
} 

block { 
   label spin_0.005
   totweight 870400
   nautocorr 0
   total_energy { -134.7256714295848   } 
   total_energyvar { 1.823634987527052   } 
   weight { 0.9891262791343222   } 
   weightvar { 0.1077498417669387   } 
   kinetic_energy { 46.90708756313681   } 
   kinetic_energyvar { 152.4664621191952   } 
   potential_energy { -194.7591352239201   } 
   potential_energyvar { 163.2393613688854   } 
   nonlocal_energy { 13.12637623119848   } 
   nonlocal_energyvar { 225.8188758061874   } 
   autocorr_energy { } 
} 

block { 
   label spin_0.005
   totweight 870400
   nautocorr 0
   total_energy { -134.7192124769819   } 
   total_energyvar { 2.255480704582991   } 
   weight { 0.9691217167910527   } 
   weightvar { 0.1141185829333836   } 
   kinetic_energy { 46.93085598139376   } 
   kinetic_energyvar { 153.8579992102066   } 
   potential_energy { -194.6589199513227   } 
   potential_energyvar { 162.9874705315065   } 
   nonlocal_energy { 13.00885149294698   } 
   nonlocal_energyvar { 225.9153510351351   } 
   autocorr_energy { } 
} 

block { 
   label spin_0.005
   totweight 870400
   nautocorr 0
   total_energy { -134.7268443202078   } 
   total_energyvar { 1.905387889290509   } 
   weight { 0.9726042378086354   } 
   weightvar { 0.1133065019258754   } 
   kinetic_energy { 46.91443810035373   } 
   kinetic_energyvar { 151.8788723876922   } 
   potential_energy { -194.7180531873887   } 
   potential_energyvar { 164.812631019051   } 
   nonlocal_energy { 13.07677076682728   } 
   nonlocal_energyvar { 224.5579889537532   } 
   autocorr_energy { } 
} 

block { 
   label spin_0.005
   totweight 870400
   nautocorr 0
   total_energy { -134.7255481329197   } 
   total_energyvar { 2.657190742296639   } 
   weight { 0.9743709792844236   } 
   weightvar { 0.1123019222943277   } 
   kinetic_energy { 47.03940883847569   } 
   kinetic_energyvar { 151.9205176284995   } 
   potential_energy { -194.8518489817867   } 
   potential_energyvar { 161.7570967274663   } 
   nonlocal_energy { 13.08689201039138   } 
   nonlocal_energyvar { 225.1189640376632   } 
   autocorr_energy { } 
} 

block { 
   label spin_0.005
   totweight 870400
   nautocorr 0
   total_energy { -134.7531961697285   } 
   total_energyvar { 1.749623841971529   } 
   weight { 0.9954826639152902   } 
   weightvar { 0.1125934933184487   } 
   kinetic_energy { 47.04306930443637   } 
   kinetic_energyvar { 151.1661495195167   } 
   potential_energy { -194.8679513554758   } 
   potential_energyvar { 162.4775716198921   } 
   nonlocal_energy { 13.07168588131092   } 
   nonlocal_energyvar { 220.2436143237027   } 
   autocorr_energy { } 
} 

block { 
   label spin_0.005
   totweight 870400
   nautocorr 0
   total_energy { -134.7391167364767   } 
   total_energyvar { 2.474844511107354   } 
   weight { 1.008940969505795   } 
   weightvar { 0.1095303813367747   } 
   kinetic_energy { 47.08727831264346   } 
   kinetic_energyvar { 155.2590189120659   } 
   potential_energy { -194.999254830173   } 
   potential_energyvar { 167.9428786642167   } 
   nonlocal_energy { 13.17285978105284   } 
   nonlocal_energyvar { 229.1833279344052   } 
   autocorr_energy { } 
} 

block { 
   label spin_0.005
   totweight 870400
   nautocorr 0
   total_energy { -134.7182730551462   } 
   total_energyvar { 1.729546876322798   } 
   weight { 0.9987585926280717   } 
   weightvar { 0.1072461664662444   } 
   kinetic_energy { 46.95853949690206   } 
   kinetic_energyvar { 151.6185402163385   } 
   potential_energy { -194.7559184623656   } 
   potential_energyvar { 161.9425016272426   } 
   nonlocal_energy { 13.07910591031737   } 
   nonlocal_energyvar { 225.0186977751241   } 
   autocorr_energy { } 
} 

block { 
   label spin_0.005
   totweight 870400
   nautocorr 0
   total_energy { -134.7232070163497   } 
   total_energyvar { 1.708560748764728   } 
   weight { 0.9890399765684723   } 
   weightvar { 0.1114573605451256   } 
   kinetic_energy { 47.03816442697995   } 
   kinetic_energyvar { 152.5504441311046   } 
   potential_energy { -194.8295534570914   } 
   potential_energyvar { 166.9041523434845   } 
   nonlocal_energy { 13.06818201376163   } 
   nonlocal_energyvar { 225.255314511181   } 
   autocorr_energy { } 
} 

block { 
   label spin_0.005
   totweight 870400
   nautocorr 0
   total_energy { -134.7155002150383   } 
   total_energyvar { 3.740438997158814   } 
   weight { 0.9905002752975069   } 
   weightvar { 0.1139003325387135   } 
   kinetic_energy { 47.01304882807706   } 
   kinetic_energyvar { 153.774708606415   } 
   potential_energy { -194.8128356324915   } 
   potential_energyvar { 165.1203361711705   } 
   nonlocal_energy { 13.0842865893762   } 
   nonlocal_energyvar { 229.682165193346   } 
   autocorr_energy { } 
} 

block { 
   label spin_0.005
   totweight 870400
   nautocorr 0
   total_energy { -134.7176617489439   } 
   total_energyvar { 1.748461998140408   } 
   weight { 0.9872137597957755   } 
   weightvar { 0.1132943851882129   } 
   kinetic_energy { 47.2419431351661   } 
   kinetic_energyvar { 152.3757139977364   } 
   potential_energy { -195.008663271378   } 
   potential_energyvar { 165.139381948035   } 
   nonlocal_energy { 13.04905838726797   } 
   nonlocal_energyvar { 223.5372964544304   } 
   autocorr_energy { } 
} 

block { 
   label spin_0.005
   totweight 870400
   nautocorr 0
   total_energy { -134.7172483782577   } 
   total_energyvar { 1.817309416944952   } 
   weight { 0.9882562916914056   } 
   weightvar { 0.1098391671928861   } 
   kinetic_energy { 47.08887408921209   } 
   kinetic_energyvar { 153.0526507407962   } 
   potential_energy { -194.860941596056   } 
   potential_energyvar { 162.7982906744967   } 
   nonlocal_energy { 13.05481912858622   } 
   nonlocal_energyvar { 224.7674218275831   } 
   autocorr_energy { } 
} 

block { 
   label spin_0.005
   totweight 870400
   nautocorr 0
   total_energy { -134.7171669045073   } 
   total_energyvar { 1.777650125029251   } 
   weight { 0.9901450885272601   } 
   weightvar { 0.1097478020082639   } 
   kinetic_energy { 47.13348448352249   } 
   kinetic_energyvar { 153.7940832433416   } 
   potential_energy { -194.8890448396939   } 
   potential_energyvar { 166.8821246837152   } 
   nonlocal_energy { 13.03839345166405   } 
   nonlocal_energyvar { 224.8151523583212   } 
   autocorr_energy { } 
} 

block { 
   label spin_0.005
   totweight 870400
   nautocorr 0
   total_energy { -134.718277180457   } 
   total_energyvar { 1.819336764430247   } 
   weight { 0.989429977050022   } 
   weightvar { 0.1129925746312421   } 
   kinetic_energy { 47.04650738825776   } 
   kinetic_energyvar { 154.1364835063682   } 
   potential_energy { -194.9121796495278   } 
   potential_energyvar { 167.8675113035139   } 
   nonlocal_energy { 13.14739508081306   } 
   nonlocal_energyvar { 226.732904651666   } 
   autocorr_energy { } 
} 

block { 
   label spin_0.005
   totweight 870400
   nautocorr 0
   total_energy { -134.7159335434414   } 
   total_energyvar { 1.753705860244667   } 
   weight { 0.9899919038949924   } 
   weightvar { 0.11243999602278   } 
   kinetic_energy { 47.03398251732985   } 
   kinetic_energyvar { 154.5747215857034   } 
   potential_energy { -194.8035390368759   } 
   potential_energyvar { 167.2705537515307   } 
   nonlocal_energy { 13.0536229761047   } 
   nonlocal_energyvar { 226.6162260630739   } 
   autocorr_energy { } 
} 

block { 
   label spin_0.005
   totweight 870400
   nautocorr 0
   total_energy { -134.7249044716552   } 
   total_energyvar { 1.723317507246072   } 
   weight { 0.9931170535224758   } 
   weightvar { 0.1124516234986033   } 
   kinetic_energy { 47.01762577624882   } 
   kinetic_energyvar { 152.7026121571656   } 
   potential_energy { -194.8813178342265   } 
   potential_energyvar { 164.8616665638749   } 
   nonlocal_energy { 13.13878758632242   } 
   nonlocal_energyvar { 225.4652929682344   } 
   autocorr_energy { } 
} 

block { 
   label spin_0.005
   totweight 870400
   nautocorr 0
   total_energy { -134.7134031806276   } 
   total_energyvar { 1.745197074050233   } 
   weight { 0.9960086493398806   } 
   weightvar { 0.1102053195887977   } 
   kinetic_energy { 47.09765093403296   } 
   kinetic_energyvar { 153.2881864015642   } 
   potential_energy { -195.0173965542876   } 
   potential_energyvar { 166.6264931000166   } 
   nonlocal_energy { 13.20634243962701   } 
   nonlocal_energyvar { 227.7308888151616   } 
   autocorr_energy { } 
} 

block { 
   label spin_0.005
   totweight 870400
   nautocorr 0
   total_energy { -134.7052336175391   } 
   total_energyvar { 1.898605826267275   } 
   weight { 0.9871496677743146   } 
   weightvar { 0.1105530446070956   } 
   kinetic_energy { 46.90721950877214   } 
   kinetic_energyvar { 153.097179933884   } 
   potential_energy { -194.5947117915307   } 
   potential_energyvar { 164.6966310935977   } 
   nonlocal_energy { 12.98225866521947   } 
   nonlocal_energyvar { 224.7928987248938   } 
   autocorr_energy { } 
} 

block { 
   label spin_0.005
   totweight 870400
   nautocorr 0
   total_energy { -134.7196753998806   } 
   total_energyvar { 1.893035688204862   } 
   weight { 0.9876321980025623   } 
   weightvar { 0.1148672823967817   } 
   kinetic_energy { 47.13582683130027   } 
   kinetic_energyvar { 153.1659597141692   } 
   potential_energy { -194.8946432596574   } 
   potential_energyvar { 165.4177915945341   } 
   nonlocal_energy { 13.03914102847656   } 
   nonlocal_energyvar { 224.3249493289989   } 
   autocorr_energy { } 
} 

block { 
   label spin_0.005
   totweight 870400
   nautocorr 0
   total_energy { -134.720407628738   } 
   total_energyvar { 1.765115461560453   } 
   weight { 0.9936053161953883   } 
   weightvar { 0.1120524408182272   } 
   kinetic_energy { 47.16508728345628   } 
   kinetic_energyvar { 152.7873781213648   } 
   potential_energy { -194.9523669901195   } 
   potential_energyvar { 164.7892038856416   } 
   nonlocal_energy { 13.06687207792515   } 
   nonlocal_energyvar { 224.7753407784766   } 
   autocorr_energy { } 
} 

block { 
   label spin_0.005
   totweight 870400
   nautocorr 0
   total_energy { -134.7181305178971   } 
   total_energyvar { 1.691791552004077   } 
   weight { 0.9908621518881935   } 
   weightvar { 0.1087980197432142   } 
   kinetic_energy { 47.06758489567302   } 
   kinetic_energyvar { 150.6362897702811   } 
   potential_energy { -194.8930690690655   } 
   potential_energyvar { 162.8665312752596   } 
   nonlocal_energy { 13.10735365549541   } 
   nonlocal_energyvar { 224.0211663679806   } 
   autocorr_energy { } 
} 

block { 
   label spin_0.005
   totweight 870400
   nautocorr 0
   total_energy { -134.7319974769848   } 
   total_energyvar { 2.471650904178301   } 
   weight { 1.001603266974257   } 
   weightvar { 0.1094162117872438   } 
   kinetic_energy { 47.09422223074233   } 
   kinetic_energyvar { 151.8680233882228   } 
   potential_energy { -194.8880772211009   } 
   potential_energyvar { 165.8919906600055   } 
   nonlocal_energy { 13.06185751337378   } 
   nonlocal_energyvar { 223.4947621310824   } 
   autocorr_energy { } 
} 

block { 
   label spin_0.005
   totweight 870400
   nautocorr 0
   total_energy { -134.7168752076018   } 
   total_energyvar { 1.680242470825337   } 
   weight { 1.000762792200717   } 
   weightvar { 0.1083161836220119   } 
   kinetic_energy { 47.10910466001916   } 
   kinetic_energyvar { 148.7265925622794   } 
   potential_energy { -194.7759140666582   } 
   potential_energyvar { 163.5847997887024   } 
   nonlocal_energy { 12.94993419903725   } 
   nonlocal_energyvar { 216.8727469808055   } 
   autocorr_energy { } 
} 

block { 
   label spin_0.005
   totweight 870400
   nautocorr 0
   total_energy { -134.7200429226105   } 
   total_energyvar { 1.931392608302589   } 
   weight { 0.9969680471399081   } 
   weightvar { 0.1092765886611817   } 
   kinetic_energy { 47.16061783360193   } 
   kinetic_energyvar { 151.7948714449182   } 
   potential_energy { -194.9232725673388   } 
   potential_energyvar { 162.4682883021176   } 
   nonlocal_energy { 13.04261181112635   } 
   nonlocal_energyvar { 224.5325997673759   } 
   autocorr_energy { } 
} 

block { 
   label spin_0.005
   totweight 870400
   nautocorr 0
   total_energy { -134.7277377420429   } 
   total_energyvar { 1.795510604644207   } 
   weight { 0.9982262147054951   } 
   weightvar { 0.1088039842527472   } 
   kinetic_energy { 46.96282570346563   } 
   kinetic_energyvar { 150.5071346347202   } 
   potential_energy { -194.6444225686442   } 
   potential_energyvar { 162.2718682497018   } 
   nonlocal_energy { 12.95385912313567   } 
   nonlocal_energyvar { 220.3492890285757   } 
   autocorr_energy { } 
} 

block { 
   label spin_0.005
   totweight 870400
   nautocorr 0
   total_energy { -134.71522264343   } 
   total_energyvar { 1.790027845938546   } 
   weight { 0.9981250767972489   } 
   weightvar { 0.1105759331276649   } 
   kinetic_energy { 47.02917317600166   } 
   kinetic_energyvar { 152.2592939088087   } 
   potential_energy { -194.796304464162   } 
   potential_energyvar { 165.9059459380585   } 
   nonlocal_energy { 13.05190864473035   } 
   nonlocal_energyvar { 226.2577004746217   } 
   autocorr_energy { } 
} 

block { 
   label spin_0.005
   totweight 870400
   nautocorr 0
   total_energy { -134.7084962572859   } 
   total_energyvar { 1.768235146060636   } 
   weight { 0.9929159566402139   } 
   weightvar { 0.1111754463711145   } 
   kinetic_energy { 47.03030438717664   } 
   kinetic_energyvar { 152.2306120032675   } 
   potential_energy { -194.7432620974566   } 
   potential_energyvar { 163.9490235519615   } 
   nonlocal_energy { 13.00446145299414   } 
   nonlocal_energyvar { 224.1359048353366   } 
   autocorr_energy { } 
} 

block { 
   label spin_0.005
   totweight 870400
   nautocorr 0
   total_energy { -134.7235232868671   } 
   total_energyvar { 2.181807222976384   } 
   weight { 0.9920205980281103   } 
   weightvar { 0.1131978732753356   } 
   kinetic_energy { 47.01425377245855   } 
   kinetic_energyvar { 155.3009330224988   } 
   potential_energy { -194.8589601767579   } 
   potential_energyvar { 164.850337076335   } 
   nonlocal_energy { 13.12118311743226   } 
   nonlocal_energyvar { 228.7004746704551   } 
   autocorr_energy { } 
} 

block { 
   label spin_0.005
   totweight 870400
   nautocorr 0
   total_energy { -134.7277596882964   } 
   total_energyvar { 1.898309099020816   } 
   weight { 0.9986223366967661   } 
   weightvar { 0.1114893936924031   } 
   kinetic_energy { 47.09688030843753   } 
   kinetic_energyvar { 154.2336030058781   } 
   potential_energy { -194.8946846545777   } 
   potential_energyvar { 164.5281883360904   } 
   nonlocal_energy { 13.07004465784372   } 
   nonlocal_energyvar { 226.5289074715079   } 
   autocorr_energy { } 
} 

block { 
   label spin_0.005
   totweight 870400
   nautocorr 0
   total_energy { -134.7467525909994   } 
   total_energyvar { 1.757089666841537   } 
   weight { 1.007136005342435   } 
   weightvar { 0.1104780929858081   } 
   kinetic_energy { 46.97752754174414   } 
   kinetic_energyvar { 155.4042407508704   } 
   potential_energy { -194.8020933618235   } 
   potential_energyvar { 166.140833626214   } 
   nonlocal_energy { 13.07781322907991   } 
   nonlocal_energyvar { 226.3172961821652   } 
   autocorr_energy { } 
} 

