#-------------------------------------------------
#VMC run: timestep 1.8 nconfig 4352 steps 50
#-------------------------------------------------


init { 
   label vmc
}
block { 
   label vmc
   totweight 217600
   nautocorr 0
   total_energy { -10.81536880566717   } 
   total_energyvar { 0.10236659835873   } 
   weight { 1   } 
   weightvar { 1.776356839400247e-15   } 
   kinetic_energy { 3.33922364701654   } 
   kinetic_energyvar { 1.923693380564451   } 
   potential_energy { -15.4722579410763   } 
   potential_energyvar { 4.019262211220981   } 
   nonlocal_energy { 1.317665488392595   } 
   nonlocal_energyvar { 4.747055839989887   } 
   autocorr_energy { } 
} 

block { 
   label vmc
   totweight 217600
   nautocorr 0
   total_energy { -10.81549715904988   } 
   total_energyvar { 0.1068306112177849   } 
   weight { 1   } 
   weightvar { 1.776356839400247e-15   } 
   kinetic_energy { 3.341320926321132   } 
   kinetic_energyvar { 1.956145825791632   } 
   potential_energy { -15.48008772669907   } 
   potential_energyvar { 4.094008567556068   } 
   nonlocal_energy { 1.323269641328055   } 
   nonlocal_energyvar { 4.775488351797331   } 
   autocorr_energy { } 
} 

block { 
   label vmc
   totweight 217600
   nautocorr 0
   total_energy { -10.81473085570057   } 
   total_energyvar { 0.1046413918539185   } 
   weight { 1   } 
   weightvar { 1.776356839400247e-15   } 
   kinetic_energy { 3.332802753173581   } 
   kinetic_energyvar { 1.924188568667891   } 
   potential_energy { -15.47180087801072   } 
   potential_energyvar { 4.041498552637957   } 
   nonlocal_energy { 1.324267269136563   } 
   nonlocal_energyvar { 4.778422936822519   } 
   autocorr_energy { } 
} 

block { 
   label vmc
   totweight 217600
   nautocorr 0
   total_energy { -10.81395163024422   } 
   total_energyvar { 0.1026899748289545   } 
   weight { 1   } 
   weightvar { 1.776356839400247e-15   } 
   kinetic_energy { 3.331903930229127   } 
   kinetic_energyvar { 1.918812110509248   } 
   potential_energy { -15.47880683990181   } 
   potential_energyvar { 4.060154930627389   } 
   nonlocal_energy { 1.33295127942847   } 
   nonlocal_energyvar { 4.792569443365761   } 
   autocorr_energy { } 
} 

block { 
   label vmc
   totweight 217600
   nautocorr 0
   total_energy { -10.81397653536854   } 
   total_energyvar { 0.1035173607826598   } 
   weight { 1   } 
   weightvar { 1.776356839400247e-15   } 
   kinetic_energy { 3.337491847769762   } 
   kinetic_energyvar { 1.930879014361915   } 
   potential_energy { -15.47852416510281   } 
   potential_energyvar { 4.06945477007752   } 
   nonlocal_energy { 1.327055781964507   } 
   nonlocal_energyvar { 4.789509422510182   } 
   autocorr_energy { } 
} 

block { 
   label vmc
   totweight 217600
   nautocorr 0
   total_energy { -10.81378486251576   } 
   total_energyvar { 0.1001404112064646   } 
   weight { 1   } 
   weightvar { 1.776356839400247e-15   } 
   kinetic_energy { 3.332996944187415   } 
   kinetic_energyvar { 1.88960177423065   } 
   potential_energy { -15.46634118830424   } 
   potential_energyvar { 4.019972406693997   } 
   nonlocal_energy { 1.319559381601062   } 
   nonlocal_energyvar { 4.727260120127333   } 
   autocorr_energy { } 
} 

block { 
   label vmc
   totweight 217600
   nautocorr 0
   total_energy { -10.81516522028793   } 
   total_energyvar { 0.1019910452592033   } 
   weight { 1   } 
   weightvar { 1.776356839400247e-15   } 
   kinetic_energy { 3.328950115682308   } 
   kinetic_energyvar { 1.909624580236499   } 
   potential_energy { -15.47787516185203   } 
   potential_energyvar { 4.015698453686898   } 
   nonlocal_energy { 1.333759825881794   } 
   nonlocal_energyvar { 4.809606611802415   } 
   autocorr_energy { } 
} 

block { 
   label vmc
   totweight 217600
   nautocorr 0
   total_energy { -10.81396868134254   } 
   total_energyvar { 0.1011180587047139   } 
   weight { 1   } 
   weightvar { 1.776356839400247e-15   } 
   kinetic_energy { 3.331380649207004   } 
   kinetic_energyvar { 1.956257629072131   } 
   potential_energy { -15.47515878556321   } 
   potential_energyvar { 4.075409773478825   } 
   nonlocal_energy { 1.329809455013669   } 
   nonlocal_energyvar { 4.836304179251091   } 
   autocorr_energy { } 
} 

block { 
   label vmc
   totweight 217600
   nautocorr 0
   total_energy { -10.81376537152339   } 
   total_energyvar { 0.1028842152885824   } 
   weight { 1   } 
   weightvar { 1.776356839400247e-15   } 
   kinetic_energy { 3.34090393811356   } 
   kinetic_energyvar { 1.948956528823308   } 
   potential_energy { -15.47812622509343   } 
   potential_energyvar { 4.058600395055493   } 
   nonlocal_energy { 1.323456915456479   } 
   nonlocal_energyvar { 4.757617015624941   } 
   autocorr_energy { } 
} 

block { 
   label vmc
   totweight 217600
   nautocorr 0
   total_energy { -10.81496147580757   } 
   total_energyvar { 0.1027663526950765   } 
   weight { 1   } 
   weightvar { 1.776356839400247e-15   } 
   kinetic_energy { 3.339393437896546   } 
   kinetic_energyvar { 1.908142061368806   } 
   potential_energy { -15.48295120878833   } 
   potential_energyvar { 4.042413173291349   } 
   nonlocal_energy { 1.328596295084208   } 
   nonlocal_energyvar { 4.767102720516817   } 
   autocorr_energy { } 
} 

