#-------------------------------------------------
#DMC run: timestep 0.005
#-------------------------------------------------


init { 
   label spin_0.005
}
block { 
   label spin_0.005
   totweight 2176000
   nautocorr 0
   total_energy { -11.33002261496018   } 
   total_energyvar { 0.1834588239430062   } 
   weight { 1.000016300285842   } 
   weightvar { 0.006130290165170893   } 
   kinetic_energy { 3.540289289193129   } 
   kinetic_energyvar { 4.156625034369748   } 
   potential_energy { -16.30049401828072   } 
   potential_energyvar { 4.821357792463143   } 
   nonlocal_energy { 1.430182114127412   } 
   nonlocal_energyvar { 6.37322338717108   } 
   autocorr_energy { } 
} 

block { 
   label spin_0.005
   totweight 2176000
   nautocorr 0
   total_energy { -11.33169371754695   } 
   total_energyvar { 0.1615510846378626   } 
   weight { 0.9997735617503984   } 
   weightvar { 0.02198612554736983   } 
   kinetic_energy { 3.543178801786251   } 
   kinetic_energyvar { 4.175718093196152   } 
   potential_energy { -16.30138011935017   } 
   potential_energyvar { 4.769978223124988   } 
   nonlocal_energy { 1.426507600016965   } 
   nonlocal_energyvar { 6.355851508203595   } 
   autocorr_energy { } 
} 

block { 
   label spin_0.005
   totweight 2176000
   nautocorr 0
   total_energy { -11.33291281771588   } 
   total_energyvar { 0.1607912640958662   } 
   weight { 0.9973547801551771   } 
   weightvar { 0.03782646250500776   } 
   kinetic_energy { 3.537492107717464   } 
   kinetic_energyvar { 4.221525487103729   } 
   potential_energy { -16.28763673915138   } 
   potential_energyvar { 4.793261813588678   } 
   nonlocal_energy { 1.417231813718028   } 
   nonlocal_energyvar { 6.339365332364435   } 
   autocorr_energy { } 
} 

block { 
   label spin_0.005
   totweight 2176000
   nautocorr 0
   total_energy { -11.33207510181851   } 
   total_energyvar { 0.2119253464760327   } 
   weight { 0.996766007276265   } 
   weightvar { 0.05088081225239244   } 
   kinetic_energy { 3.532614468430933   } 
   kinetic_energyvar { 4.314222575469746   } 
   potential_energy { -16.28662674411611   } 
   potential_energyvar { 4.841460337642995   } 
   nonlocal_energy { 1.421937173866669   } 
   nonlocal_energyvar { 6.493010943281472   } 
   autocorr_energy { } 
} 

block { 
   label spin_0.005
   totweight 2176000
   nautocorr 0
   total_energy { -11.33330613704611   } 
   total_energyvar { 0.1840593222657017   } 
   weight { 0.9955102133439286   } 
   weightvar { 0.06127740132931396   } 
   kinetic_energy { 3.518325990982111   } 
   kinetic_energyvar { 4.357826603788483   } 
   potential_energy { -16.29264240644227   } 
   potential_energyvar { 4.855864332556725   } 
   nonlocal_energy { 1.441010278414048   } 
   nonlocal_energyvar { 6.577717420194271   } 
   autocorr_energy { } 
} 

block { 
   label spin_0.005
   totweight 2176000
   nautocorr 0
   total_energy { -11.33422071308538   } 
   total_energyvar { 0.189640799076826   } 
   weight { 0.9960541677881254   } 
   weightvar { 0.06936113178287504   } 
   kinetic_energy { 3.528627324188827   } 
   kinetic_energyvar { 4.249792164359281   } 
   potential_energy { -16.27272032762717   } 
   potential_energyvar { 4.900867348286626   } 
   nonlocal_energy { 1.40987229035296   } 
   nonlocal_energyvar { 6.341749491991095   } 
   autocorr_energy { } 
} 

block { 
   label spin_0.005
   totweight 2176000
   nautocorr 0
   total_energy { -11.3320163777221   } 
   total_energyvar { 0.1629739495097605   } 
   weight { 0.9953883572722867   } 
   weightvar { 0.07390652689922057   } 
   kinetic_energy { 3.542030201719329   } 
   kinetic_energyvar { 4.165091326905498   } 
   potential_energy { -16.2770283606196   } 
   potential_energyvar { 4.863912857562143   } 
   nonlocal_energy { 1.402981781178175   } 
   nonlocal_energyvar { 6.247926812775822   } 
   autocorr_energy { } 
} 

block { 
   label spin_0.005
   totweight 2176000
   nautocorr 0
   total_energy { -11.3316417769648   } 
   total_energyvar { 0.2010654445770389   } 
   weight { 0.9943626757600882   } 
   weightvar { 0.07833513861204341   } 
   kinetic_energy { 3.539612679000796   } 
   kinetic_energyvar { 4.243647977890284   } 
   potential_energy { -16.29687826419802   } 
   potential_energyvar { 4.858889065925531   } 
   nonlocal_energy { 1.425623808232428   } 
   nonlocal_energyvar { 6.397949071462636   } 
   autocorr_energy { } 
} 

block { 
   label spin_0.005
   totweight 2176000
   nautocorr 0
   total_energy { -11.33034484053255   } 
   total_energyvar { 0.178464440525501   } 
   weight { 0.9935936693313886   } 
   weightvar { 0.08202550057277312   } 
   kinetic_energy { 3.529461368659712   } 
   kinetic_energyvar { 4.235564204051716   } 
   potential_energy { -16.29070217848379   } 
   potential_energyvar { 4.881280684461931   } 
   nonlocal_energy { 1.430895969291532   } 
   nonlocal_energyvar { 6.444859754654382   } 
   autocorr_energy { } 
} 

block { 
   label spin_0.005
   totweight 2176000
   nautocorr 0
   total_energy { -11.33178483511523   } 
   total_energyvar { 0.2370946497618156   } 
   weight { 0.9935134252275093   } 
   weightvar { 0.08401896211098868   } 
   kinetic_energy { 3.530349629222961   } 
   kinetic_energyvar { 4.317399353680331   } 
   potential_energy { -16.29438728432886   } 
   potential_energyvar { 4.878979253113343   } 
   nonlocal_energy { 1.432252819990669   } 
   nonlocal_energyvar { 6.4683438373114   } 
   autocorr_energy { } 
} 

block { 
   label spin_0.005
   totweight 2176000
   nautocorr 0
   total_energy { -11.33146852320375   } 
   total_energyvar { 0.1665641263937039   } 
   weight { 0.9939233887983971   } 
   weightvar { 0.085472319181252   } 
   kinetic_energy { 3.529532240629215   } 
   kinetic_energyvar { 4.13626907957871   } 
   potential_energy { -16.25639356220339   } 
   potential_energyvar { 4.822400728783837   } 
   nonlocal_energy { 1.395392798370426   } 
   nonlocal_energyvar { 6.257851580855654   } 
   autocorr_energy { } 
} 

block { 
   label spin_0.005
   totweight 2176000
   nautocorr 0
   total_energy { -11.33357376014121   } 
   total_energyvar { 0.1891899783088573   } 
   weight { 0.9944332961994159   } 
   weightvar { 0.08674267513876772   } 
   kinetic_energy { 3.545600627915546   } 
   kinetic_energyvar { 4.112046336161387   } 
   potential_energy { -16.27211893159942   } 
   potential_energyvar { 4.771421883594041   } 
   nonlocal_energy { 1.392944543542668   } 
   nonlocal_energyvar { 6.170154825675493   } 
   autocorr_energy { } 
} 

block { 
   label spin_0.005
   totweight 2176000
   nautocorr 0
   total_energy { -11.33185621114455   } 
   total_energyvar { 0.1682281276445552   } 
   weight { 0.9947203932920865   } 
   weightvar { 0.08773312013192569   } 
   kinetic_energy { 3.555976340321582   } 
   kinetic_energyvar { 4.200170484787041   } 
   potential_energy { -16.31071165991102   } 
   potential_energyvar { 4.829421947088871   } 
   nonlocal_energy { 1.422879108444884   } 
   nonlocal_energyvar { 6.345915342998341   } 
   autocorr_energy { } 
} 

block { 
   label spin_0.005
   totweight 2176000
   nautocorr 0
   total_energy { -11.33380923731148   } 
   total_energyvar { 0.1828549388984378   } 
   weight { 0.9954765217510161   } 
   weightvar { 0.08759748470493731   } 
   kinetic_energy { 3.545353930845005   } 
   kinetic_energyvar { 4.211201481017611   } 
   potential_energy { -16.31621616250149   } 
   potential_energyvar { 4.842960158792406   } 
   nonlocal_energy { 1.437052994345002   } 
   nonlocal_energyvar { 6.442068416483751   } 
   autocorr_energy { } 
} 

block { 
   label spin_0.005
   totweight 2176000
   nautocorr 0
   total_energy { -11.33414281241177   } 
   total_energyvar { 0.1736416096497789   } 
   weight { 0.9963917629185616   } 
   weightvar { 0.0893244475768772   } 
   kinetic_energy { 3.55988674372325   } 
   kinetic_energyvar { 4.239185662698882   } 
   potential_energy { -16.32270837779466   } 
   potential_energyvar { 4.850379765454786   } 
   nonlocal_energy { 1.428678821659644   } 
   nonlocal_energyvar { 6.348032907013985   } 
   autocorr_energy { } 
} 

block { 
   label spin_0.005
   totweight 2176000
   nautocorr 0
   total_energy { -11.33066459388738   } 
   total_energyvar { 0.1891432363582981   } 
   weight { 0.9946956592948999   } 
   weightvar { 0.08962677166825776   } 
   kinetic_energy { 3.548043727245579   } 
   kinetic_energyvar { 4.301702037117081   } 
   potential_energy { -16.32134190236894   } 
   potential_energyvar { 4.856139264317203   } 
   nonlocal_energy { 1.442633581235987   } 
   nonlocal_energyvar { 6.494289074132869   } 
   autocorr_energy { } 
} 

block { 
   label spin_0.005
   totweight 2176000
   nautocorr 0
   total_energy { -11.33462359053052   } 
   total_energyvar { 0.1744505856824985   } 
   weight { 0.9950266434680645   } 
   weightvar { 0.08972528924674154   } 
   kinetic_energy { 3.536136096550533   } 
   kinetic_energyvar { 4.275221270371514   } 
   potential_energy { -16.30011044916429   } 
   potential_energyvar { 4.890286086355245   } 
   nonlocal_energy { 1.42935076208324   } 
   nonlocal_energyvar { 6.367285874314447   } 
   autocorr_energy { } 
} 

block { 
   label spin_0.005
   totweight 2176000
   nautocorr 0
   total_energy { -11.333863593746   } 
   total_energyvar { 0.2348852127276604   } 
   weight { 0.9957414401097956   } 
   weightvar { 0.0897094526565399   } 
   kinetic_energy { 3.553741956490299   } 
   kinetic_energyvar { 4.278996983865768   } 
   potential_energy { -16.31220360344495   } 
   potential_energyvar { 4.809630208097599   } 
   nonlocal_energy { 1.424598053208645   } 
   nonlocal_energyvar { 6.36970467309249   } 
   autocorr_energy { } 
} 

block { 
   label spin_0.005
   totweight 2176000
   nautocorr 0
   total_energy { -11.33361399633948   } 
   total_energyvar { 0.1979727281186514   } 
   weight { 0.995887963555358   } 
   weightvar { 0.08997324813963405   } 
   kinetic_energy { 3.539300834944937   } 
   kinetic_energyvar { 4.216670185606927   } 
   potential_energy { -16.30558409964896   } 
   potential_energyvar { 4.79865724254867   } 
   nonlocal_energy { 1.43266926836454   } 
   nonlocal_energyvar { 6.448891964370446   } 
   autocorr_energy { } 
} 

block { 
   label spin_0.005
   totweight 2176000
   nautocorr 0
   total_energy { -11.33515578310053   } 
   total_energyvar { 0.2129348702636807   } 
   weight { 0.9958953732565865   } 
   weightvar { 0.08979012656062495   } 
   kinetic_energy { 3.542677399135763   } 
   kinetic_energyvar { 4.323629401368797   } 
   potential_energy { -16.30174408588201   } 
   potential_energyvar { 4.782389592107564   } 
   nonlocal_energy { 1.423910903645726   } 
   nonlocal_energyvar { 6.489106128772535   } 
   autocorr_energy { } 
} 

block { 
   label spin_0.005
   totweight 2176000
   nautocorr 0
   total_energy { -11.33421374045194   } 
   total_energyvar { 0.2007304155883122   } 
   weight { 0.9964175027255756   } 
   weightvar { 0.09102016480322174   } 
   kinetic_energy { 3.547869761738842   } 
   kinetic_energyvar { 4.249093061572948   } 
   potential_energy { -16.2834393539771   } 
   potential_energyvar { 4.690647137947606   } 
   nonlocal_energy { 1.401355851786322   } 
   nonlocal_energyvar { 6.295905984628371   } 
   autocorr_energy { } 
} 

block { 
   label spin_0.005
   totweight 2176000
   nautocorr 0
   total_energy { -11.33176012789249   } 
   total_energyvar { 0.1734150048234556   } 
   weight { 0.9952702164675378   } 
   weightvar { 0.09058260345673033   } 
   kinetic_energy { 3.557115785236827   } 
   kinetic_energyvar { 4.080245452890909   } 
   potential_energy { -16.29799079523644   } 
   potential_energyvar { 4.766681421133063   } 
   nonlocal_energy { 1.409114882107127   } 
   nonlocal_energyvar { 6.185380876676253   } 
   autocorr_energy { } 
} 

block { 
   label spin_0.005
   totweight 2176000
   nautocorr 0
   total_energy { -11.33359631764593   } 
   total_energyvar { 0.1763038179854664   } 
   weight { 0.9950298521375889   } 
   weightvar { 0.09102706230156446   } 
   kinetic_energy { 3.539565151826013   } 
   kinetic_energyvar { 4.173396748027845   } 
   potential_energy { -16.28722226097176   } 
   potential_energyvar { 4.836471817729188   } 
   nonlocal_energy { 1.414060791499816   } 
   nonlocal_energyvar { 6.316426321453858   } 
   autocorr_energy { } 
} 

block { 
   label spin_0.005
   totweight 2176000
   nautocorr 0
   total_energy { -11.33162422146116   } 
   total_energyvar { 0.1751874349783868   } 
   weight { 0.9948485685576653   } 
   weightvar { 0.09099608287882532   } 
   kinetic_energy { 3.535126272333984   } 
   kinetic_energyvar { 4.238993502065304   } 
   potential_energy { -16.29156267313362   } 
   potential_energyvar { 4.863463984791906   } 
   nonlocal_energy { 1.424812179338474   } 
   nonlocal_energyvar { 6.4513686547112   } 
   autocorr_energy { } 
} 

block { 
   label spin_0.005
   totweight 2176000
   nautocorr 0
   total_energy { -11.33295916790222   } 
   total_energyvar { 0.1809813322316008   } 
   weight { 0.9943473979461406   } 
   weightvar { 0.09127149560538604   } 
   kinetic_energy { 3.523504414256723   } 
   kinetic_energyvar { 4.237380919542354   } 
   potential_energy { -16.26990723299762   } 
   potential_energyvar { 4.833682965904797   } 
   nonlocal_energy { 1.413443650838678   } 
   nonlocal_energyvar { 6.41494195215113   } 
   autocorr_energy { } 
} 

block { 
   label spin_0.005
   totweight 2176000
   nautocorr 0
   total_energy { -11.33429079070195   } 
   total_energyvar { 0.1804377414889858   } 
   weight { 0.9948710318471252   } 
   weightvar { 0.09201641754374003   } 
   kinetic_energy { 3.519863755381912   } 
   kinetic_energyvar { 4.293736136284405   } 
   potential_energy { -16.29183019057078   } 
   potential_energyvar { 4.814734591759197   } 
   nonlocal_energy { 1.437675644486913   } 
   nonlocal_energyvar { 6.502095778462261   } 
   autocorr_energy { } 
} 

block { 
   label spin_0.005
   totweight 2176000
   nautocorr 0
   total_energy { -11.33409333891486   } 
   total_energyvar { 0.1873879296949909   } 
   weight { 0.9950246122707365   } 
   weightvar { 0.09179565179592664   } 
   kinetic_energy { 3.538130951550873   } 
   kinetic_energyvar { 4.211787597843479   } 
   potential_energy { -16.28364281692238   } 
   potential_energyvar { 4.798389279319595   } 
   nonlocal_energy { 1.411418526456641   } 
   nonlocal_energyvar { 6.32347204997668   } 
   autocorr_energy { } 
} 

block { 
   label spin_0.005
   totweight 2176000
   nautocorr 0
   total_energy { -11.33283998111359   } 
   total_energyvar { 0.1778138371254987   } 
   weight { 0.995284504475993   } 
   weightvar { 0.09226850360009556   } 
   kinetic_energy { 3.558361646568206   } 
   kinetic_energyvar { 4.040602449510432   } 
   potential_energy { -16.2764041712234   } 
   potential_energyvar { 4.752270507449492   } 
   nonlocal_energy { 1.385202543541606   } 
   nonlocal_energyvar { 6.022559888563836   } 
   autocorr_energy { } 
} 

block { 
   label spin_0.005
   totweight 2176000
   nautocorr 0
   total_energy { -11.33042212897153   } 
   total_energyvar { 0.196758482486884   } 
   weight { 0.9941712088782217   } 
   weightvar { 0.0921879232242752   } 
   kinetic_energy { 3.555679817917093   } 
   kinetic_energyvar { 4.269150046397884   } 
   potential_energy { -16.31955235213083   } 
   potential_energyvar { 4.807183923429378   } 
   nonlocal_energy { 1.433450405242204   } 
   nonlocal_energyvar { 6.46555484528567   } 
   autocorr_energy { } 
} 

block { 
   label spin_0.005
   totweight 2176000
   nautocorr 0
   total_energy { -11.33236083850467   } 
   total_energyvar { 0.2087370661744906   } 
   weight { 0.9934300437341189   } 
   weightvar { 0.09216203093036522   } 
   kinetic_energy { 3.553829215159102   } 
   kinetic_energyvar { 4.200194271301856   } 
   potential_energy { -16.29794612356339   } 
   potential_energyvar { 4.765699570114526   } 
   nonlocal_energy { 1.411756069899613   } 
   nonlocal_energyvar { 6.247450465287335   } 
   autocorr_energy { } 
} 

block { 
   label spin_0.005
   totweight 2176000
   nautocorr 0
   total_energy { -11.33266342867498   } 
   total_energyvar { 0.1767114174095464   } 
   weight { 0.9940017280355173   } 
   weightvar { 0.0923638400115056   } 
   kinetic_energy { 3.540131815672375   } 
   kinetic_energyvar { 4.156851284880112   } 
   potential_energy { -16.29870261666206   } 
   potential_energyvar { 4.855221297054601   } 
   nonlocal_energy { 1.425907372314698   } 
   nonlocal_energyvar { 6.374109937914451   } 
   autocorr_energy { } 
} 

block { 
   label spin_0.005
   totweight 2176000
   nautocorr 0
   total_energy { -11.33206937555444   } 
   total_energyvar { 0.1676091433244925   } 
   weight { 0.9944467426179985   } 
   weightvar { 0.09321688097875254   } 
   kinetic_energy { 3.563057474120088   } 
   kinetic_energyvar { 4.070277688216454   } 
   potential_energy { -16.31700447242222   } 
   potential_energyvar { 4.829968795884856   } 
   nonlocal_energy { 1.421877622747688   } 
   nonlocal_energyvar { 6.161859141235063   } 
   autocorr_energy { } 
} 

block { 
   label spin_0.005
   totweight 2176000
   nautocorr 0
   total_energy { -11.33433921554357   } 
   total_energyvar { 0.1840208376445847   } 
   weight { 0.9951212969899977   } 
   weightvar { 0.09310640452079057   } 
   kinetic_energy { 3.553623829129239   } 
   kinetic_energyvar { 4.271649944759053   } 
   potential_energy { -16.31583506400418   } 
   potential_energyvar { 4.827709548199379   } 
   nonlocal_energy { 1.427872019331373   } 
   nonlocal_energyvar { 6.447424481851906   } 
   autocorr_energy { } 
} 

block { 
   label spin_0.005
   totweight 2176000
   nautocorr 0
   total_energy { -11.33322537435514   } 
   total_energyvar { 0.1734575041847823   } 
   weight { 0.9953335576986463   } 
   weightvar { 0.09245651995131196   } 
   kinetic_energy { 3.549057450753534   } 
   kinetic_energyvar { 4.238040755187838   } 
   potential_energy { -16.31224280688992   } 
   potential_energyvar { 4.807869379288118   } 
   nonlocal_energy { 1.429959981781247   } 
   nonlocal_energyvar { 6.371025781259947   } 
   autocorr_energy { } 
} 

block { 
   label spin_0.005
   totweight 2176000
   nautocorr 0
   total_energy { -11.33280033048778   } 
   total_energyvar { 0.231238290740814   } 
   weight { 0.9948618033800556   } 
   weightvar { 0.09088874056809407   } 
   kinetic_energy { 3.539340054130095   } 
   kinetic_energyvar { 4.241221492446103   } 
   potential_energy { -16.29935769784613   } 
   potential_energyvar { 4.774795418275644   } 
   nonlocal_energy { 1.427217313228251   } 
   nonlocal_energyvar { 6.343778275323189   } 
   autocorr_energy { } 
} 

block { 
   label spin_0.005
   totweight 2176000
   nautocorr 0
   total_energy { -11.33283023280851   } 
   total_energyvar { 0.1919442279336711   } 
   weight { 0.9952046125264854   } 
   weightvar { 0.0912526022971203   } 
   kinetic_energy { 3.532898689173023   } 
   kinetic_energyvar { 4.207573401412913   } 
   potential_energy { -16.30490476855719   } 
   potential_energyvar { 4.816412205210051   } 
   nonlocal_energy { 1.43917584657566   } 
   nonlocal_energyvar { 6.465205926155184   } 
   autocorr_energy { } 
} 

block { 
   label spin_0.005
   totweight 2176000
   nautocorr 0
   total_energy { -11.33536458027064   } 
   total_energyvar { 0.1969518551322754   } 
   weight { 0.995333878579749   } 
   weightvar { 0.09098407372708905   } 
   kinetic_energy { 3.547533553739974   } 
   kinetic_energyvar { 4.192191607882194   } 
   potential_energy { -16.29778662825576   } 
   potential_energyvar { 4.811989638924784   } 
   nonlocal_energy { 1.41488849424514   } 
   nonlocal_energyvar { 6.299865200957242   } 
   autocorr_energy { } 
} 

block { 
   label spin_0.005
   totweight 2176000
   nautocorr 0
   total_energy { -11.33541603374854   } 
   total_energyvar { 0.2226788772790133   } 
   weight { 0.9963875726287569   } 
   weightvar { 0.0906890709130712   } 
   kinetic_energy { 3.544221432542095   } 
   kinetic_energyvar { 4.281680205974072   } 
   potential_energy { -16.31178015770007   } 
   potential_energyvar { 4.789678460774319   } 
   nonlocal_energy { 1.432142691409438   } 
   nonlocal_energyvar { 6.43910121922967   } 
   autocorr_energy { } 
} 

block { 
   label spin_0.005
   totweight 2176000
   nautocorr 0
   total_energy { -11.33440074768642   } 
   total_energyvar { 0.2001082956776881   } 
   weight { 0.996278072759453   } 
   weightvar { 0.09248884150725838   } 
   kinetic_energy { 3.538997981682148   } 
   kinetic_energyvar { 4.236206325867366   } 
   potential_energy { -16.30246413301037   } 
   potential_energyvar { 4.777577140405107   } 
   nonlocal_energy { 1.4290654036418   } 
   nonlocal_energyvar { 6.434323740277851   } 
   autocorr_energy { } 
} 

block { 
   label spin_0.005
   totweight 2176000
   nautocorr 0
   total_energy { -11.33168748963657   } 
   total_energyvar { 0.1949866497427883   } 
   weight { 0.9954655738630686   } 
   weightvar { 0.09342376055473976   } 
   kinetic_energy { 3.558263123848238   } 
   kinetic_energyvar { 4.136855764633691   } 
   potential_energy { -16.29793846906758   } 
   potential_energyvar { 4.837738896095711   } 
   nonlocal_energy { 1.407987855582775   } 
   nonlocal_energyvar { 6.247853936898229   } 
   autocorr_energy { } 
} 

#-------------------------------------------------
#DMC run: timestep 0.001
#-------------------------------------------------


init { 
   label spin_0.001
}
block { 
   label spin_0.001
   totweight 10880000
   nautocorr 0
   total_energy { -11.33185059374105   } 
   total_energyvar { 0.185770705144165   } 
   weight { 0.9942137450944271   } 
   weightvar { 0.09378685276270786   } 
   kinetic_energy { 3.541081494169268   } 
   kinetic_energyvar { 4.255286799403343   } 
   potential_energy { -16.29448578635937   } 
   potential_energyvar { 4.856574791114173   } 
   nonlocal_energy { 1.42155369844905   } 
   nonlocal_energyvar { 6.390970505792572   } 
   autocorr_energy { } 
} 

block { 
   label spin_0.001
   totweight 10880000
   nautocorr 0
   total_energy { -11.33115109497985   } 
   total_energyvar { 0.1635194105320694   } 
   weight { 0.9938338024520013   } 
   weightvar { 0.09404636171403745   } 
   kinetic_energy { 3.54013136561887   } 
   kinetic_energyvar { 4.10097761823133   } 
   potential_energy { -16.29437585850116   } 
   potential_energyvar { 4.866395167560176   } 
   nonlocal_energy { 1.423093397902439   } 
   nonlocal_energyvar { 6.254587220589363   } 
   autocorr_energy { } 
} 

block { 
   label spin_0.001
   totweight 10880000
   nautocorr 0
   total_energy { -11.33199653174182   } 
   total_energyvar { 0.1975502768492486   } 
   weight { 0.9941348718209113   } 
   weightvar { 0.09339792032922221   } 
   kinetic_energy { 3.527031083929896   } 
   kinetic_energyvar { 4.29162425423644   } 
   potential_energy { -16.27917631161141   } 
   potential_energyvar { 4.823834047610617   } 
   nonlocal_energy { 1.420148695939691   } 
   nonlocal_energyvar { 6.492212157739456   } 
   autocorr_energy { } 
} 

block { 
   label spin_0.001
   totweight 10880000
   nautocorr 0
   total_energy { -11.33191108847839   } 
   total_energyvar { 0.2133115095165275   } 
   weight { 0.9935368199695511   } 
   weightvar { 0.09190952900510081   } 
   kinetic_energy { 3.539510292799299   } 
   kinetic_energyvar { 4.321444099065332   } 
   potential_energy { -16.31095653116278   } 
   potential_energyvar { 4.851861378025941   } 
   nonlocal_energy { 1.439535149885095   } 
   nonlocal_energyvar { 6.592245062101719   } 
   autocorr_energy { } 
} 

block { 
   label spin_0.001
   totweight 10880000
   nautocorr 0
   total_energy { -11.33422385249178   } 
   total_energyvar { 0.1878594439373157   } 
   weight { 0.9943107978056317   } 
   weightvar { 0.09095027733063749   } 
   kinetic_energy { 3.561030677233596   } 
   kinetic_energyvar { 4.211397785644568   } 
   potential_energy { -16.32276058241556   } 
   potential_energyvar { 4.827410553108034   } 
   nonlocal_energy { 1.427506052690186   } 
   nonlocal_energyvar { 6.361003379793489   } 
   autocorr_energy { } 
} 

block { 
   label spin_0.001
   totweight 10880000
   nautocorr 0
   total_energy { -11.33404854507105   } 
   total_energyvar { 0.178750002992482   } 
   weight { 0.9956878133345751   } 
   weightvar { 0.09197440188407238   } 
   kinetic_energy { 3.554620458101246   } 
   kinetic_energyvar { 4.251512783430797   } 
   potential_energy { -16.31393453047282   } 
   potential_energyvar { 4.825792495878273   } 
   nonlocal_energy { 1.425265527300528   } 
   nonlocal_energyvar { 6.463912422705542   } 
   autocorr_energy { } 
} 

block { 
   label spin_0.001
   totweight 10880000
   nautocorr 0
   total_energy { -11.33255282747024   } 
   total_energyvar { 0.1862620359111229   } 
   weight { 0.9948733686489707   } 
   weightvar { 0.09245417668559576   } 
   kinetic_energy { 3.55475969592282   } 
   kinetic_energyvar { 4.195064627845688   } 
   potential_energy { -16.30408470862571   } 
   potential_energyvar { 4.757863264318902   } 
   nonlocal_energy { 1.416772185232655   } 
   nonlocal_energyvar { 6.305290890143438   } 
   autocorr_energy { } 
} 

block { 
   label spin_0.001
   totweight 10880000
   nautocorr 0
   total_energy { -11.33485791076595   } 
   total_energyvar { 0.1746307141776321   } 
   weight { 0.9946174040031215   } 
   weightvar { 0.09263927203221642   } 
   kinetic_energy { 3.528775551351814   } 
   kinetic_energyvar { 4.302193635443119   } 
   potential_energy { -16.29230419364054   } 
   potential_energyvar { 4.799046506331575   } 
   nonlocal_energy { 1.428670731522778   } 
   nonlocal_energyvar { 6.456328973965565   } 
   autocorr_energy { } 
} 

block { 
   label spin_0.001
   totweight 10880000
   nautocorr 0
   total_energy { -11.33355732764086   } 
   total_energyvar { 0.1882377056066416   } 
   weight { 0.9950248663366491   } 
   weightvar { 0.09163945160554243   } 
   kinetic_energy { 3.527595095983416   } 
   kinetic_energyvar { 4.214117968496043   } 
   potential_energy { -16.27571676887188   } 
   potential_energyvar { 4.832932072613104   } 
   nonlocal_energy { 1.414564345247608   } 
   nonlocal_energyvar { 6.45389533391201   } 
   autocorr_energy { } 
} 

block { 
   label spin_0.001
   totweight 10880000
   nautocorr 0
   total_energy { -11.33301337459388   } 
   total_energyvar { 0.2592396315593095   } 
   weight { 0.9942977216419482   } 
   weightvar { 0.09163300209998132   } 
   kinetic_energy { 3.543161414254134   } 
   kinetic_energyvar { 4.237914030857862   } 
   potential_energy { -16.30285895291644   } 
   potential_energyvar { 4.816975780860776   } 
   nonlocal_energy { 1.426684164068432   } 
   nonlocal_energyvar { 6.377313723941469   } 
   autocorr_energy { } 
} 

block { 
   label spin_0.001
   totweight 10880000
   nautocorr 0
   total_energy { -11.33396334538153   } 
   total_energyvar { 0.1949725006589929   } 
   weight { 0.994621134998028   } 
   weightvar { 0.09185060262671389   } 
   kinetic_energy { 3.563776053108231   } 
   kinetic_energyvar { 4.158721072874116   } 
   potential_energy { -16.30583972571136   } 
   potential_energyvar { 4.796549604583991   } 
   nonlocal_energy { 1.408100327221598   } 
   nonlocal_energyvar { 6.215419980239815   } 
   autocorr_energy { } 
} 

block { 
   label spin_0.001
   totweight 10880000
   nautocorr 0
   total_energy { -11.33433655494206   } 
   total_energyvar { 0.1531092776459911   } 
   weight { 0.9943373882377589   } 
   weightvar { 0.09148285344902904   } 
   kinetic_energy { 3.545737648645065   } 
   kinetic_energyvar { 4.109847943185553   } 
   potential_energy { -16.28185143563571   } 
   potential_energyvar { 4.810363190246718   } 
   nonlocal_energy { 1.401777232048589   } 
   nonlocal_energyvar { 6.180371995076354   } 
   autocorr_energy { } 
} 

block { 
   label spin_0.001
   totweight 10880000
   nautocorr 0
   total_energy { -11.33270999522928   } 
   total_energyvar { 0.1834223089297001   } 
   weight { 0.9943402911248158   } 
   weightvar { 0.09226983002811029   } 
   kinetic_energy { 3.538768456851929   } 
   kinetic_energyvar { 4.076160896655038   } 
   potential_energy { -16.27300116171843   } 
   potential_energyvar { 4.796702671937809   } 
   nonlocal_energy { 1.401522709637222   } 
   nonlocal_energyvar { 6.125941911810934   } 
   autocorr_energy { } 
} 

block { 
   label spin_0.001
   totweight 10880000
   nautocorr 0
   total_energy { -11.33080073922648   } 
   total_energyvar { 0.1994999367025828   } 
   weight { 0.9928526855500648   } 
   weightvar { 0.09261088547052819   } 
   kinetic_energy { 3.552476895963659   } 
   kinetic_energyvar { 4.19345153600882   } 
   potential_energy { -16.31009215503365   } 
   potential_energyvar { 4.821032697412201   } 
   nonlocal_energy { 1.42681451984351   } 
   nonlocal_energyvar { 6.305092174417112   } 
   autocorr_energy { } 
} 

block { 
   label spin_0.001
   totweight 10880000
   nautocorr 0
   total_energy { -11.33281253424019   } 
   total_energyvar { 0.1888842141690445   } 
   weight { 0.9924898485373368   } 
   weightvar { 0.09180814769231595   } 
   kinetic_energy { 3.547352161399236   } 
   kinetic_energyvar { 4.133698668948089   } 
   potential_energy { -16.30503714867653   } 
   potential_energyvar { 4.814848387936719   } 
   nonlocal_energy { 1.424872453037097   } 
   nonlocal_energyvar { 6.249754918308062   } 
   autocorr_energy { } 
} 

