#-------------------------------------------------
#VMC run: timestep 0.42 nconfig 3072 steps 30
#-------------------------------------------------


init { 
   label vmc
}
block { 
   label vmc
   totweight 92160
   nautocorr 0
   total_energy { -7.632440846699074   } 
   total_energyvar { 0.07336268184917004   } 
   weight { 1   } 
   weightvar { 0   } 
   kinetic_energy { 2.408994671757771   } 
   kinetic_energyvar { 2.701030149715356   } 
   potential_energy { -10.97526610918291   } 
   potential_energyvar { 2.877315036177402   } 
   nonlocal_energy { 0.9338305907260677   } 
   nonlocal_energyvar { 4.477426370961955   } 
   autocorr_energy { } 
} 

block { 
   label vmc
   totweight 92160
   nautocorr 0
   total_energy { -7.626614947030581   } 
   total_energyvar { 0.08083754736129425   } 
   weight { 1   } 
   weightvar { 0   } 
   kinetic_energy { 2.42832932580791   } 
   kinetic_energyvar { 2.677643241683074   } 
   potential_energy { -10.98732763377373   } 
   potential_energyvar { 2.877367721730446   } 
   nonlocal_energy { 0.9323833609352382   } 
   nonlocal_energyvar { 4.384202394689942   } 
   autocorr_energy { } 
} 

block { 
   label vmc
   totweight 92160
   nautocorr 0
   total_energy { -7.627391127905585   } 
   total_energyvar { 0.07913138799500109   } 
   weight { 1   } 
   weightvar { 0   } 
   kinetic_energy { 2.440176544259996   } 
   kinetic_energyvar { 2.734983426556733   } 
   potential_energy { -11.00215226367759   } 
   potential_energyvar { 2.86592629213376   } 
   nonlocal_energy { 0.9345845915120085   } 
   nonlocal_energyvar { 4.494652116714983   } 
   autocorr_energy { } 
} 

block { 
   label vmc
   totweight 92160
   nautocorr 0
   total_energy { -7.62556303093263   } 
   total_energyvar { 0.08119461160111049   } 
   weight { 1   } 
   weightvar { 0   } 
   kinetic_energy { 2.421213639956405   } 
   kinetic_energyvar { 2.758506174631323   } 
   potential_energy { -10.98629194043247   } 
   potential_energyvar { 2.894212500781788   } 
   nonlocal_energy { 0.9395152695434319   } 
   nonlocal_energyvar { 4.548918959191631   } 
   autocorr_energy { } 
} 

block { 
   label vmc
   totweight 92160
   nautocorr 0
   total_energy { -7.627871208196324   } 
   total_energyvar { 0.07888589142508552   } 
   weight { 1   } 
   weightvar { 0   } 
   kinetic_energy { 2.414788159304993   } 
   kinetic_energyvar { 2.771351168210645   } 
   potential_energy { -10.97791188851441   } 
   potential_energyvar { 2.892979353718572   } 
   nonlocal_energy { 0.9352525210130883   } 
   nonlocal_energyvar { 4.5473319194789   } 
   autocorr_energy { } 
} 

block { 
   label vmc
   totweight 92160
   nautocorr 0
   total_energy { -7.629256528411475   } 
   total_energyvar { 0.07764291526406826   } 
   weight { 1   } 
   weightvar { 0   } 
   kinetic_energy { 2.41339272703587   } 
   kinetic_energyvar { 2.737940716018363   } 
   potential_energy { -10.96970919467998   } 
   potential_energyvar { 2.856360359818195   } 
   nonlocal_energy { 0.9270599392326294   } 
   nonlocal_energyvar { 4.463336476410074   } 
   autocorr_energy { } 
} 

block { 
   label vmc
   totweight 92160
   nautocorr 0
   total_energy { -7.630429974939177   } 
   total_energyvar { 0.07408050270869487   } 
   weight { 1   } 
   weightvar { 0   } 
   kinetic_energy { 2.42077023596265   } 
   kinetic_energyvar { 2.653646741979224   } 
   potential_energy { -10.97472650197052   } 
   potential_energyvar { 2.852425872114366   } 
   nonlocal_energy { 0.9235262910686941   } 
   nonlocal_energyvar { 4.325117651063129   } 
   autocorr_energy { } 
} 

block { 
   label vmc
   totweight 92160
   nautocorr 0
   total_energy { -7.625269462375925   } 
   total_energyvar { 0.0840699279181536   } 
   weight { 1   } 
   weightvar { 0   } 
   kinetic_energy { 2.417923312585027   } 
   kinetic_energyvar { 2.773085118522749   } 
   potential_energy { -10.98160073993406   } 
   potential_energyvar { 2.936568222022239   } 
   nonlocal_energy { 0.9384079649731063   } 
   nonlocal_energyvar { 4.499501561230283   } 
   autocorr_energy { } 
} 

block { 
   label vmc
   totweight 92160
   nautocorr 0
   total_energy { -7.627117432839853   } 
   total_energyvar { 0.07624603217820487   } 
   weight { 1   } 
   weightvar { 0   } 
   kinetic_energy { 2.43852944581107   } 
   kinetic_energyvar { 2.661064866187323   } 
   potential_energy { -10.99941932853385   } 
   potential_energyvar { 2.870451613899724   } 
   nonlocal_energy { 0.9337724498829302   } 
   nonlocal_energyvar { 4.388568168764666   } 
   autocorr_energy { } 
} 

block { 
   label vmc
   totweight 92160
   nautocorr 0
   total_energy { -7.628341349072732   } 
   total_energyvar { 0.06947326846715506   } 
   weight { 1   } 
   weightvar { 0   } 
   kinetic_energy { 2.417911825026406   } 
   kinetic_energyvar { 2.714398960039356   } 
   potential_energy { -10.97509841118888   } 
   potential_energyvar { 2.873174269541201   } 
   nonlocal_energy { 0.9288452370897389   } 
   nonlocal_energyvar { 4.474130393243032   } 
   autocorr_energy { } 
} 

block { 
   label vmc
   totweight 92160
   nautocorr 0
   total_energy { -7.6287964817342   } 
   total_energyvar { 0.08094813293023251   } 
   weight { 1   } 
   weightvar { 0   } 
   kinetic_energy { 2.412556208661484   } 
   kinetic_energyvar { 2.762853202750088   } 
   potential_energy { -10.97844430424903   } 
   potential_energyvar { 2.902986458546425   } 
   nonlocal_energy { 0.9370916138533489   } 
   nonlocal_energyvar { 4.539932888130445   } 
   autocorr_energy { } 
} 

block { 
   label vmc
   totweight 92160
   nautocorr 0
   total_energy { -7.629833938953703   } 
   total_energyvar { 0.07332623013510849   } 
   weight { 1   } 
   weightvar { 0   } 
   kinetic_energy { 2.417328865306045   } 
   kinetic_energyvar { 2.676980056429032   } 
   potential_energy { -10.97569271737344   } 
   potential_energyvar { 2.854233974245992   } 
   nonlocal_energy { 0.9285299131136955   } 
   nonlocal_energyvar { 4.370003232750784   } 
   autocorr_energy { } 
} 

block { 
   label vmc
   totweight 92160
   nautocorr 0
   total_energy { -7.626621648966831   } 
   total_energyvar { 0.07753011166141516   } 
   weight { 1   } 
   weightvar { 0   } 
   kinetic_energy { 2.432149033437148   } 
   kinetic_energyvar { 2.68119529576375   } 
   potential_energy { -10.97909548169702   } 
   potential_energyvar { 2.881870468257834   } 
   nonlocal_energy { 0.9203247992930402   } 
   nonlocal_energyvar { 4.390572510958956   } 
   autocorr_energy { } 
} 

block { 
   label vmc
   totweight 92160
   nautocorr 0
   total_energy { -7.627459982830674   } 
   total_energyvar { 0.08220624591083694   } 
   weight { 1   } 
   weightvar { 0   } 
   kinetic_energy { 2.417080901052158   } 
   kinetic_energyvar { 2.781957703810973   } 
   potential_energy { -10.99103895460319   } 
   potential_energyvar { 2.917706205664777   } 
   nonlocal_energy { 0.9464980707203557   } 
   nonlocal_energyvar { 4.667695723179666   } 
   autocorr_energy { } 
} 

block { 
   label vmc
   totweight 92160
   nautocorr 0
   total_energy { -7.627974536185051   } 
   total_energyvar { 0.08528418896494568   } 
   weight { 1   } 
   weightvar { 0   } 
   kinetic_energy { 2.421691760656758   } 
   kinetic_energyvar { 2.701721332851088   } 
   potential_energy { -10.99366365817255   } 
   potential_energyvar { 2.877427187671152   } 
   nonlocal_energy { 0.9439973613307433   } 
   nonlocal_energyvar { 4.525336744469008   } 
   autocorr_energy { } 
} 

block { 
   label vmc
   totweight 92160
   nautocorr 0
   total_energy { -7.628549505015005   } 
   total_energyvar { 0.08757486937341813   } 
   weight { 1   } 
   weightvar { 0   } 
   kinetic_energy { 2.423037766837947   } 
   kinetic_energyvar { 2.717790105137711   } 
   potential_energy { -10.97810093221388   } 
   potential_energyvar { 2.889587523077896   } 
   nonlocal_energy { 0.9265136603609301   } 
   nonlocal_energyvar { 4.443523794132754   } 
   autocorr_energy { } 
} 

block { 
   label vmc
   totweight 92160
   nautocorr 0
   total_energy { -7.626926646905031   } 
   total_energyvar { 0.08113225553334187   } 
   weight { 1   } 
   weightvar { 0   } 
   kinetic_energy { 2.420043919908339   } 
   kinetic_energyvar { 2.928248716972796   } 
   potential_energy { -10.97807409464597   } 
   potential_energyvar { 3.139563661853802   } 
   nonlocal_energy { 0.9311035278326035   } 
   nonlocal_energyvar { 4.508123442700211   } 
   autocorr_energy { } 
} 

block { 
   label vmc
   totweight 92160
   nautocorr 0
   total_energy { -7.627275638199595   } 
   total_energyvar { 0.08654167526696609   } 
   weight { 1   } 
   weightvar { 0   } 
   kinetic_energy { 2.422667545473744   } 
   kinetic_energyvar { 2.799506207807013   } 
   potential_energy { -10.98331172332837   } 
   potential_energyvar { 2.936803105143912   } 
   nonlocal_energy { 0.9333685396550335   } 
   nonlocal_energyvar { 4.633992424642555   } 
   autocorr_energy { } 
} 

block { 
   label vmc
   totweight 92160
   nautocorr 0
   total_energy { -7.624556600230262   } 
   total_energyvar { 0.08962281900468573   } 
   weight { 1   } 
   weightvar { 0   } 
   kinetic_energy { 2.422143349008806   } 
   kinetic_energyvar { 2.68230864144012   } 
   potential_energy { -10.9726565390108   } 
   potential_energyvar { 2.899068232844864   } 
   nonlocal_energy { 0.9259565897717377   } 
   nonlocal_energyvar { 4.43169344256531   } 
   autocorr_energy { } 
} 

block { 
   label vmc
   totweight 92160
   nautocorr 0
   total_energy { -7.626504451264045   } 
   total_energyvar { 0.07326755337071499   } 
   weight { 1   } 
   weightvar { 0   } 
   kinetic_energy { 2.422154449723006   } 
   kinetic_energyvar { 2.670530839556216   } 
   potential_energy { -10.98501912950247   } 
   potential_energyvar { 2.847339882462278   } 
   nonlocal_energy { 0.9363602285154167   } 
   nonlocal_energyvar { 4.438496824425468   } 
   autocorr_energy { } 
} 

block { 
   label vmc
   totweight 92160
   nautocorr 0
   total_energy { -7.62732264126788   } 
   total_energyvar { 0.08039408451668188   } 
   weight { 1   } 
   weightvar { 0   } 
   kinetic_energy { 2.42327355746974   } 
   kinetic_energyvar { 2.682748436191049   } 
   potential_energy { -10.98164031707291   } 
   potential_energyvar { 2.909052875548348   } 
   nonlocal_energy { 0.9310441183352876   } 
   nonlocal_energyvar { 4.423621288817389   } 
   autocorr_energy { } 
} 

block { 
   label vmc
   totweight 92160
   nautocorr 0
   total_energy { -7.627079011265144   } 
   total_energyvar { 0.08135431524072649   } 
   weight { 1   } 
   weightvar { 0   } 
   kinetic_energy { 2.419886293644124   } 
   kinetic_energyvar { 2.693104131147897   } 
   potential_energy { -10.97742794497105   } 
   potential_energyvar { 2.879990061186081   } 
   nonlocal_energy { 0.9304626400617786   } 
   nonlocal_energyvar { 4.358454150158376   } 
   autocorr_energy { } 
} 

block { 
   label vmc
   totweight 92160
   nautocorr 0
   total_energy { -7.62746587142126   } 
   total_energyvar { 0.07513211552537973   } 
   weight { 1   } 
   weightvar { 0   } 
   kinetic_energy { 2.415940301764337   } 
   kinetic_energyvar { 2.653929292291537   } 
   potential_energy { -10.9594549344905   } 
   potential_energyvar { 2.872837815808802   } 
   nonlocal_energy { 0.9160487613048995   } 
   nonlocal_energyvar { 4.343458125348835   } 
   autocorr_energy { } 
} 

block { 
   label vmc
   totweight 92160
   nautocorr 0
   total_energy { -7.626282835547678   } 
   total_energyvar { 0.07978961775154916   } 
   weight { 1   } 
   weightvar { 0   } 
   kinetic_energy { 2.41781706745466   } 
   kinetic_energyvar { 2.716973732690849   } 
   potential_energy { -10.97618153457427   } 
   potential_energyvar { 2.863031887263651   } 
   nonlocal_energy { 0.9320816315719276   } 
   nonlocal_energyvar { 4.486703616629767   } 
   autocorr_energy { } 
} 

block { 
   label vmc
   totweight 92160
   nautocorr 0
   total_energy { -7.62707900788016   } 
   total_energyvar { 0.07815210676353027   } 
   weight { 1   } 
   weightvar { 0   } 
   kinetic_energy { 2.421222539467727   } 
   kinetic_energyvar { 2.708479409015576   } 
   potential_energy { -10.9754634305705   } 
   potential_energyvar { 2.901846554802325   } 
   nonlocal_energy { 0.9271618832226088   } 
   nonlocal_energyvar { 4.436402976724746   } 
   autocorr_energy { } 
} 

block { 
   label vmc
   totweight 92160
   nautocorr 0
   total_energy { -7.62689816642867   } 
   total_energyvar { 0.07875890199202243   } 
   weight { 1   } 
   weightvar { 0   } 
   kinetic_energy { 2.418623385960775   } 
   kinetic_energyvar { 2.738266501860347   } 
   potential_energy { -10.9858375624439   } 
   potential_energyvar { 2.912954410462477   } 
   nonlocal_energy { 0.9403160100544545   } 
   nonlocal_energyvar { 4.554717319824596   } 
   autocorr_energy { } 
} 

block { 
   label vmc
   totweight 92160
   nautocorr 0
   total_energy { -7.628625691375661   } 
   total_energyvar { 0.07843548903693828   } 
   weight { 1   } 
   weightvar { 0   } 
   kinetic_energy { 2.41850836456381   } 
   kinetic_energyvar { 2.839154039893017   } 
   potential_energy { -10.99027402199671   } 
   potential_energyvar { 2.881967628725844   } 
   nonlocal_energy { 0.9431399660572399   } 
   nonlocal_energyvar { 4.679209654958535   } 
   autocorr_energy { } 
} 

block { 
   label vmc
   totweight 92160
   nautocorr 0
   total_energy { -7.625914722486671   } 
   total_energyvar { 0.08866290896271987   } 
   weight { 1   } 
   weightvar { 0   } 
   kinetic_energy { 2.415809912461918   } 
   kinetic_energyvar { 2.79063191726009   } 
   potential_energy { -10.98228310866125   } 
   potential_energyvar { 2.901288707168713   } 
   nonlocal_energy { 0.9405584737126572   } 
   nonlocal_energyvar { 4.639812693794363   } 
   autocorr_energy { } 
} 

block { 
   label vmc
   totweight 92160
   nautocorr 0
   total_energy { -7.62652403139392   } 
   total_energyvar { 0.07902915147642318   } 
   weight { 1   } 
   weightvar { 0   } 
   kinetic_energy { 2.431043446078919   } 
   kinetic_energyvar { 2.653224223617095   } 
   potential_energy { -10.98729688889461   } 
   potential_energyvar { 2.873589190272141   } 
   nonlocal_energy { 0.9297294114217697   } 
   nonlocal_energyvar { 4.351881327348488   } 
   autocorr_energy { } 
} 

block { 
   label vmc
   totweight 92160
   nautocorr 0
   total_energy { -7.628275354218282   } 
   total_energyvar { 0.07727904039127313   } 
   weight { 1   } 
   weightvar { 0   } 
   kinetic_energy { 2.417281964361547   } 
   kinetic_energyvar { 2.768912910815421   } 
   potential_energy { -10.98976550322871   } 
   potential_energyvar { 2.885703885609594   } 
   nonlocal_energy { 0.9442081846488809   } 
   nonlocal_energyvar { 4.531587448234578   } 
   autocorr_energy { } 
} 

