#-------------------------------------------------
#VMC run: timestep 0.27 nconfig 2048 steps 30
#-------------------------------------------------


init { 
   label vmc
}
block { 
   label vmc
   totweight 61440
   nautocorr 0
   total_energy { -293.7490246964354   } 
   total_energyvar { 3.328303429905719   } 
   weight { 1   } 
   weightvar { 0   } 
   kinetic_energy { 115.1198993285861   } 
   kinetic_energyvar { 371.4815345723764   } 
   potential_energy { -447.946126147789   } 
   potential_energyvar { 764.0989739707842   } 
   nonlocal_energy { 39.07720212276757   } 
   nonlocal_energyvar { 657.5993744417087   } 
   autocorr_energy { } 
} 

block { 
   label vmc
   totweight 61440
   nautocorr 0
   total_energy { -293.7394380198287   } 
   total_energyvar { 3.369376349796864   } 
   weight { 1   } 
   weightvar { 0   } 
   kinetic_energy { 115.117103641673   } 
   kinetic_energyvar { 371.2505758211356   } 
   potential_energy { -447.8527460304951   } 
   potential_energyvar { 762.7702225660503   } 
   nonlocal_energy { 38.9962043689934   } 
   nonlocal_energyvar { 654.6883117098856   } 
   autocorr_energy { } 
} 

block { 
   label vmc
   totweight 61440
   nautocorr 0
   total_energy { -293.7496972751553   } 
   total_energyvar { 3.403602350794077   } 
   weight { 1   } 
   weightvar { 0   } 
   kinetic_energy { 115.2730376234429   } 
   kinetic_energyvar { 370.9495099699819   } 
   potential_energy { -448.0618588969799   } 
   potential_energyvar { 770.4728021395044   } 
   nonlocal_energy { 39.03912399838164   } 
   nonlocal_energyvar { 654.8118223145181   } 
   autocorr_energy { } 
} 

block { 
   label vmc
   totweight 61440
   nautocorr 0
   total_energy { -293.7504804159497   } 
   total_energyvar { 3.403067711715467   } 
   weight { 1   } 
   weightvar { 0   } 
   kinetic_energy { 115.129692726755   } 
   kinetic_energyvar { 379.1257146269612   } 
   potential_energy { -447.6996369772122   } 
   potential_energyvar { 757.5162098632269   } 
   nonlocal_energy { 38.8194638345076   } 
   nonlocal_energyvar { 652.5177734186252   } 
   autocorr_energy { } 
} 

block { 
   label vmc
   totweight 61440
   nautocorr 0
   total_energy { -293.7268339288732   } 
   total_energyvar { 4.364947359972057   } 
   weight { 1   } 
   weightvar { 0   } 
   kinetic_energy { 115.229855498221   } 
   kinetic_energyvar { 376.062020638809   } 
   potential_energy { -448.0552488107872   } 
   potential_energyvar { 778.546518632167   } 
   nonlocal_energy { 39.09855938369302   } 
   nonlocal_energyvar { 678.4909060662184   } 
   autocorr_energy { } 
} 

block { 
   label vmc
   totweight 61440
   nautocorr 0
   total_energy { -293.7452734542234   } 
   total_energyvar { 3.370703434442788   } 
   weight { 1   } 
   weightvar { 0   } 
   kinetic_energy { 115.1133495791275   } 
   kinetic_energyvar { 371.7972818336538   } 
   potential_energy { -447.9720025183622   } 
   potential_energyvar { 757.1507445523122   } 
   nonlocal_energy { 39.11337948501124   } 
   nonlocal_energyvar { 649.4813186348779   } 
   autocorr_energy { } 
} 

block { 
   label vmc
   totweight 61440
   nautocorr 0
   total_energy { -293.7450129078258   } 
   total_energyvar { 3.500655080144926   } 
   weight { 1   } 
   weightvar { 0   } 
   kinetic_energy { 115.1563604858928   } 
   kinetic_energyvar { 378.5148537755005   } 
   potential_energy { -448.042805920396   } 
   potential_energyvar { 771.8781466212497   } 
   nonlocal_energy { 39.14143252667741   } 
   nonlocal_energyvar { 660.6094396590536   } 
   autocorr_energy { } 
} 

block { 
   label vmc
   totweight 61440
   nautocorr 0
   total_energy { -293.7493261421961   } 
   total_energyvar { 3.520844279654387   } 
   weight { 1   } 
   weightvar { 0   } 
   kinetic_energy { 115.0862652039351   } 
   kinetic_energyvar { 382.2071513370541   } 
   potential_energy { -447.6256607472574   } 
   potential_energyvar { 761.4709958572103   } 
   nonlocal_energy { 38.79006940112608   } 
   nonlocal_energyvar { 655.5007353900544   } 
   autocorr_energy { } 
} 

block { 
   label vmc
   totweight 61440
   nautocorr 0
   total_energy { -293.7496034708157   } 
   total_energyvar { 3.469578164837583   } 
   weight { 1   } 
   weightvar { 0   } 
   kinetic_energy { 114.8738522891477   } 
   kinetic_energyvar { 376.5711673720653   } 
   potential_energy { -447.9614609348253   } 
   potential_energyvar { 770.9556207610844   } 
   nonlocal_energy { 39.33800517486191   } 
   nonlocal_energyvar { 671.7008317584803   } 
   autocorr_energy { } 
} 

block { 
   label vmc
   totweight 61440
   nautocorr 0
   total_energy { -293.7251585744137   } 
   total_energyvar { 3.332361858239226   } 
   weight { 1   } 
   weightvar { 0   } 
   kinetic_energy { 115.2141379525022   } 
   kinetic_energyvar { 375.2902819297734   } 
   potential_energy { -448.0317735401629   } 
   potential_energyvar { 773.1108970186107   } 
   nonlocal_energy { 39.09247701324696   } 
   nonlocal_energyvar { 656.7387642485991   } 
   autocorr_energy { } 
} 

block { 
   label vmc
   totweight 61440
   nautocorr 0
   total_energy { -293.7456874038933   } 
   total_energyvar { 3.380972122451258   } 
   weight { 1   } 
   weightvar { 0   } 
   kinetic_energy { 115.1772525338197   } 
   kinetic_energyvar { 377.0912983101059   } 
   potential_energy { -447.9251310480228   } 
   potential_energyvar { 762.8358060636227   } 
   nonlocal_energy { 39.00219111030983   } 
   nonlocal_energyvar { 658.7765028235682   } 
   autocorr_energy { } 
} 

block { 
   label vmc
   totweight 61440
   nautocorr 0
   total_energy { -293.739108755589   } 
   total_energyvar { 3.351515237089265   } 
   weight { 1   } 
   weightvar { 0   } 
   kinetic_energy { 114.9266599126562   } 
   kinetic_energyvar { 377.2722447308454   } 
   potential_energy { -447.5970064322788   } 
   potential_energyvar { 776.7826309239366   } 
   nonlocal_energy { 38.93123776403358   } 
   nonlocal_energyvar { 668.2632943287069   } 
   autocorr_energy { } 
} 

block { 
   label vmc
   totweight 61440
   nautocorr 0
   total_energy { -293.7503348198781   } 
   total_energyvar { 3.347161210661932   } 
   weight { 1   } 
   weightvar { 0   } 
   kinetic_energy { 115.1088254487509   } 
   kinetic_energyvar { 383.6320917328595   } 
   potential_energy { -447.8963713164597   } 
   potential_energyvar { 774.0578090655008   } 
   nonlocal_energy { 39.03721104783072   } 
   nonlocal_energyvar { 657.96938725418   } 
   autocorr_energy { } 
} 

block { 
   label vmc
   totweight 61440
   nautocorr 0
   total_energy { -293.7516107356337   } 
   total_energyvar { 3.343868086132159   } 
   weight { 1   } 
   weightvar { 0   } 
   kinetic_energy { 115.4036531052042   } 
   kinetic_energyvar { 369.8332927194292   } 
   potential_energy { -448.1105999614819   } 
   potential_energyvar { 760.3321798330517   } 
   nonlocal_energy { 38.95533612064393   } 
   nonlocal_energyvar { 649.7622632276737   } 
   autocorr_energy { } 
} 

block { 
   label vmc
   totweight 61440
   nautocorr 0
   total_energy { -293.740286870938   } 
   total_energyvar { 3.399305223101464   } 
   weight { 1   } 
   weightvar { 0   } 
   kinetic_energy { 114.9505744399312   } 
   kinetic_energyvar { 375.2445528603293   } 
   potential_energy { -447.8926733883451   } 
   potential_energyvar { 763.7382074024155   } 
   nonlocal_energy { 39.20181207747586   } 
   nonlocal_energyvar { 663.765043462523   } 
   autocorr_energy { } 
} 

block { 
   label vmc
   totweight 61440
   nautocorr 0
   total_energy { -293.7428216458592   } 
   total_energyvar { 3.47576283221012   } 
   weight { 1   } 
   weightvar { 0   } 
   kinetic_energy { 115.1427217489195   } 
   kinetic_energyvar { 377.867563953751   } 
   potential_energy { -447.9505476450728   } 
   potential_energyvar { 760.0683966011483   } 
   nonlocal_energy { 39.06500425029414   } 
   nonlocal_energyvar { 666.2002122120092   } 
   autocorr_energy { } 
} 

block { 
   label vmc
   totweight 61440
   nautocorr 0
   total_energy { -293.7666241289264   } 
   total_energyvar { 3.685343966433416   } 
   weight { 1   } 
   weightvar { 0   } 
   kinetic_energy { 114.9693412996677   } 
   kinetic_energyvar { 369.9744173415694   } 
   potential_energy { -447.4507792725419   } 
   potential_energyvar { 763.2397910495904   } 
   nonlocal_energy { 38.71481384394788   } 
   nonlocal_energyvar { 638.0442248219806   } 
   autocorr_energy { } 
} 

block { 
   label vmc
   totweight 61440
   nautocorr 0
   total_energy { -293.7477032714253   } 
   total_energyvar { 3.412291596020143   } 
   weight { 1   } 
   weightvar { 0   } 
   kinetic_energy { 115.2414523415085   } 
   kinetic_energyvar { 377.7920257675581   } 
   potential_energy { -448.0601716462127   } 
   potential_energyvar { 759.5110248024147   } 
   nonlocal_energy { 39.07101603327889   } 
   nonlocal_energyvar { 666.9144390160182   } 
   autocorr_energy { } 
} 

block { 
   label vmc
   totweight 61440
   nautocorr 0
   total_energy { -293.7496046503962   } 
   total_energyvar { 3.357666061157618   } 
   weight { 1   } 
   weightvar { 0   } 
   kinetic_energy { 115.0793304943926   } 
   kinetic_energyvar { 373.5858534024224   } 
   potential_energy { -447.9239021336588   } 
   potential_energyvar { 764.153658859868   } 
   nonlocal_energy { 39.09496698887004   } 
   nonlocal_energyvar { 651.6647000218876   } 
   autocorr_energy { } 
} 

block { 
   label vmc
   totweight 61440
   nautocorr 0
   total_energy { -293.7485667995767   } 
   total_energyvar { 3.414407147728217   } 
   weight { 1   } 
   weightvar { 0   } 
   kinetic_energy { 115.1923091277663   } 
   kinetic_energyvar { 372.042961793108   } 
   potential_energy { -447.8245326204784   } 
   potential_energyvar { 762.2990661431536   } 
   nonlocal_energy { 38.88365669313539   } 
   nonlocal_energyvar { 656.1191071912325   } 
   autocorr_energy { } 
} 

