#-------------------------------------------------
#DMC run: timestep 0.005
#-------------------------------------------------


init { 
   label spin_0.005
}
block { 
   label spin_0.005
   totweight 3276800
   nautocorr 0
   total_energy { -293.8660520940147   } 
   total_energyvar { 3.40356150712456   } 
   weight { 1.036689539535425   } 
   weightvar { 0.05671257976107842   } 
   kinetic_energy { 112.2115881564503   } 
   kinetic_energyvar { 386.0384832552422   } 
   potential_energy { -444.7462873093602   } 
   potential_energyvar { 774.9269862446592   } 
   nonlocal_energy { 38.66864705889526   } 
   nonlocal_energyvar { 660.4020356178049   } 
   autocorr_energy { } 
} 

block { 
   label spin_0.005
   totweight 3276800
   nautocorr 0
   total_energy { -293.85386005765   } 
   total_energyvar { 3.416794508804006   } 
   weight { 1.03275761591907   } 
   weightvar { 0.09114129364380294   } 
   kinetic_energy { 114.3980363478791   } 
   kinetic_energyvar { 376.3210004074854   } 
   potential_energy { -447.2997729692024   } 
   potential_energyvar { 765.4605774072013   } 
   nonlocal_energy { 39.04787656367323   } 
   nonlocal_energyvar { 662.4370300274652   } 
   autocorr_energy { } 
} 

block { 
   label spin_0.005
   totweight 3276800
   nautocorr 0
   total_energy { -293.8546300745647   } 
   total_energyvar { 3.39970533000662   } 
   weight { 1.008316826665171   } 
   weightvar { 0.09674132027627026   } 
   kinetic_energy { 114.681992595011   } 
   kinetic_energyvar { 375.7480149494137   } 
   potential_energy { -447.574690198622   } 
   potential_energyvar { 760.468329617487   } 
   nonlocal_energy { 39.03806752904627   } 
   nonlocal_energyvar { 656.7835424793789   } 
   autocorr_energy { } 
} 

block { 
   label spin_0.005
   totweight 3276800
   nautocorr 0
   total_energy { -293.8514925323399   } 
   total_energyvar { 3.399997320266148   } 
   weight { 0.9982494841824905   } 
   weightvar { 0.09774141288894855   } 
   kinetic_energy { 114.9016373985906   } 
   kinetic_energyvar { 375.9056527865658   } 
   potential_energy { -447.8720750340869   } 
   potential_energyvar { 768.2449404858636   } 
   nonlocal_energy { 39.11894510315642   } 
   nonlocal_energyvar { 661.2660363579265   } 
   autocorr_energy { } 
} 

block { 
   label spin_0.005
   totweight 3276800
   nautocorr 0
   total_energy { -293.8522668482938   } 
   total_energyvar { 3.398271071065925   } 
   weight { 0.9962851545300851   } 
   weightvar { 0.09893048673863193   } 
   kinetic_energy { 114.8173699758079   } 
   kinetic_energyvar { 374.7979190909431   } 
   potential_energy { -447.7258804135759   } 
   potential_energyvar { 762.7666186844687   } 
   nonlocal_energy { 39.05624358947417   } 
   nonlocal_energyvar { 657.961640598994   } 
   autocorr_energy { } 
} 

block { 
   label spin_0.005
   totweight 3276800
   nautocorr 0
   total_energy { -293.8454227677482   } 
   total_energyvar { 3.396209013105721   } 
   weight { 0.9931673259916077   } 
   weightvar { 0.1001195767238208   } 
   kinetic_energy { 114.99273394718   } 
   kinetic_energyvar { 375.2727789495138   } 
   potential_energy { -447.8598259221761   } 
   potential_energyvar { 764.226859228758   } 
   nonlocal_energy { 39.02166920724793   } 
   nonlocal_energyvar { 658.7580790626342   } 
   autocorr_energy { } 
} 

block { 
   label spin_0.005
   totweight 3276800
   nautocorr 0
   total_energy { -293.8521535675172   } 
   total_energyvar { 3.410376858921349   } 
   weight { 0.9946788284782764   } 
   weightvar { 0.1011359153169042   } 
   kinetic_energy { 114.9882243968698   } 
   kinetic_energyvar { 374.6267276252913   } 
   potential_energy { -447.7499363325401   } 
   potential_energyvar { 759.4439195667828   } 
   nonlocal_energy { 38.90955836815307   } 
   nonlocal_energyvar { 655.3355472777491   } 
   autocorr_energy { } 
} 

block { 
   label spin_0.005
   totweight 3276800
   nautocorr 0
   total_energy { -293.8541083755467   } 
   total_energyvar { 3.376413709248026   } 
   weight { 0.9985276774326249   } 
   weightvar { 0.09869044028982576   } 
   kinetic_energy { 114.9909852661593   } 
   kinetic_energyvar { 373.4820483888129   } 
   potential_energy { -447.8668469695714   } 
   potential_energyvar { 761.9799503439324   } 
   nonlocal_energy { 39.02175332786545   } 
   nonlocal_energyvar { 657.1873715616757   } 
   autocorr_energy { } 
} 

block { 
   label spin_0.005
   totweight 3276800
   nautocorr 0
   total_energy { -293.8530213254906   } 
   total_energyvar { 3.380632092590887   } 
   weight { 0.9986619430300001   } 
   weightvar { 0.09856300206627124   } 
   kinetic_energy { 114.9809547460477   } 
   kinetic_energyvar { 373.5409498771839   } 
   potential_energy { -447.8504562616683   } 
   potential_energyvar { 761.8184121813645   } 
   nonlocal_energy { 39.01648019012989   } 
   nonlocal_energyvar { 657.7121149224494   } 
   autocorr_energy { } 
} 

block { 
   label spin_0.005
   totweight 3276800
   nautocorr 0
   total_energy { -293.8545781727753   } 
   total_energyvar { 3.413925246746627   } 
   weight { 1.000932554734712   } 
   weightvar { 0.09892156379182471   } 
   kinetic_energy { 114.9265693146707   } 
   kinetic_energyvar { 375.5454405988181   } 
   potential_energy { -447.924009546016   } 
   potential_energyvar { 764.7194618589415   } 
   nonlocal_energy { 39.14286205856995   } 
   nonlocal_energyvar { 663.7252957213508   } 
   autocorr_energy { } 
} 

block { 
   label spin_0.005
   totweight 3276800
   nautocorr 0
   total_energy { -293.8593082464126   } 
   total_energyvar { 3.421551318317967   } 
   weight { 1.002065896929514   } 
   weightvar { 0.09948626396375165   } 
   kinetic_energy { 114.9197126354366   } 
   kinetic_energyvar { 375.4085835097445   } 
   potential_energy { -447.9296183427795   } 
   potential_energyvar { 766.4359996120228   } 
   nonlocal_energy { 39.15059746093032   } 
   nonlocal_energyvar { 661.5388654216009   } 
   autocorr_energy { } 
} 

block { 
   label spin_0.005
   totweight 3276800
   nautocorr 0
   total_energy { -293.8564304742147   } 
   total_energyvar { 3.398051258531556   } 
   weight { 1.00388768233688   } 
   weightvar { 0.09866813995627445   } 
   kinetic_energy { 115.078487652438   } 
   kinetic_energyvar { 375.8890060911135   } 
   potential_energy { -447.9618573738471   } 
   potential_energyvar { 762.9866569630514   } 
   nonlocal_energy { 39.0269392471944   } 
   nonlocal_energyvar { 658.1951147920144   } 
   autocorr_energy { } 
} 

block { 
   label spin_0.005
   totweight 3276800
   nautocorr 0
   total_energy { -293.8533462585823   } 
   total_energyvar { 3.49807686884287   } 
   weight { 1.002205060370092   } 
   weightvar { 0.0996773154136853   } 
   kinetic_energy { 115.106824232891   } 
   kinetic_energyvar { 373.3347919141664   } 
   potential_energy { -448.0210178022423   } 
   potential_energyvar { 761.0123843945554   } 
   nonlocal_energy { 39.06084731076903   } 
   nonlocal_energyvar { 655.3324387483202   } 
   autocorr_energy { } 
} 

block { 
   label spin_0.005
   totweight 3276800
   nautocorr 0
   total_energy { -293.8534765921132   } 
   total_energyvar { 3.429547436687117   } 
   weight { 0.9998145066203794   } 
   weightvar { 0.09975396671233268   } 
   kinetic_energy { 115.0062515866553   } 
   kinetic_energyvar { 374.0901738256144   } 
   potential_energy { -447.8857099375669   } 
   potential_energyvar { 763.5541099512678   } 
   nonlocal_energy { 39.02598175879851   } 
   nonlocal_energyvar { 659.1887062292623   } 
   autocorr_energy { } 
} 

block { 
   label spin_0.005
   totweight 3276800
   nautocorr 0
   total_energy { -293.8547139780955   } 
   total_energyvar { 3.422842121712775   } 
   weight { 0.9987009691016049   } 
   weightvar { 0.09984187230936853   } 
   kinetic_energy { 114.9765514085745   } 
   kinetic_energyvar { 374.6351862347774   } 
   potential_energy { -447.9832974698498   } 
   potential_energyvar { 765.0607893981395   } 
   nonlocal_energy { 39.15203208317998   } 
   nonlocal_energyvar { 659.328326427982   } 
   autocorr_energy { } 
} 

block { 
   label spin_0.005
   totweight 3276800
   nautocorr 0
   total_energy { -293.8551385494725   } 
   total_energyvar { 3.4143721479519   } 
   weight { 1.000993213754341   } 
   weightvar { 0.09986077918187655   } 
   kinetic_energy { 114.9590865816309   } 
   kinetic_energyvar { 375.4954247355387   } 
   potential_energy { -447.894649024369   } 
   potential_energyvar { 762.1865048830444   } 
   nonlocal_energy { 39.0804238932656   } 
   nonlocal_energyvar { 660.9527344731428   } 
   autocorr_energy { } 
} 

block { 
   label spin_0.005
   totweight 3276800
   nautocorr 0
   total_energy { -293.8551934283619   } 
   total_energyvar { 3.441096509513556   } 
   weight { 0.9992360365257678   } 
   weightvar { 0.09918659516896922   } 
   kinetic_energy { 115.030371428547   } 
   kinetic_energyvar { 375.0802080136285   } 
   potential_energy { -447.9404320591067   } 
   potential_energyvar { 762.9490134700719   } 
   nonlocal_energy { 39.05486720219795   } 
   nonlocal_energyvar { 658.110014029169   } 
   autocorr_energy { } 
} 

block { 
   label spin_0.005
   totweight 3276800
   nautocorr 0
   total_energy { -293.8602911029657   } 
   total_energyvar { 3.408140430427546   } 
   weight { 1.002290917886859   } 
   weightvar { 0.09915381142195502   } 
   kinetic_energy { 115.0971315713186   } 
   kinetic_energyvar { 372.8597354955381   } 
   potential_energy { -448.0809945074621   } 
   potential_energyvar { 762.6026572690424   } 
   nonlocal_energy { 39.12357183317779   } 
   nonlocal_energyvar { 657.9958382668087   } 
   autocorr_energy { } 
} 

block { 
   label spin_0.005
   totweight 3276800
   nautocorr 0
   total_energy { -293.8526719961137   } 
   total_energyvar { 3.392363401098086   } 
   weight { 1.001494965456172   } 
   weightvar { 0.0998758900460358   } 
   kinetic_energy { 114.9321997013748   } 
   kinetic_energyvar { 374.4156819558605   } 
   potential_energy { -447.7878683527421   } 
   potential_energyvar { 764.5735801381779   } 
   nonlocal_energy { 39.00299665525368   } 
   nonlocal_energyvar { 658.1815751923556   } 
   autocorr_energy { } 
} 

block { 
   label spin_0.005
   totweight 3276800
   nautocorr 0
   total_energy { -293.854169471519   } 
   total_energyvar { 3.379568078274915   } 
   weight { 0.9995965419475696   } 
   weightvar { 0.09953023078124049   } 
   kinetic_energy { 115.0474811428783   } 
   kinetic_energyvar { 374.9425571608853   } 
   potential_energy { -447.9250646467956   } 
   potential_energyvar { 767.3782372020803   } 
   nonlocal_energy { 39.02341403239843   } 
   nonlocal_energyvar { 662.9434027089877   } 
   autocorr_energy { } 
} 

block { 
   label spin_0.005
   totweight 3276800
   nautocorr 0
   total_energy { -293.8525856788721   } 
   total_energyvar { 3.432695548439688   } 
   weight { 0.9992396040035584   } 
   weightvar { 0.09908758501867358   } 
   kinetic_energy { 115.0600237195519   } 
   kinetic_energyvar { 377.3148250002376   } 
   potential_energy { -448.0009150226454   } 
   potential_energyvar { 766.2359898766052   } 
   nonlocal_energy { 39.08830562422138   } 
   nonlocal_energyvar { 663.2808413570024   } 
   autocorr_energy { } 
} 

