0: output to I.linear.o
d 1 i 0 : 2 -> 5 sign 1
d 1 i 1 : 3 -> 6 sign 1
d 2 i 0 : 4 -> 5 sign 1
d 3 i 0 : 3 -> 7 sign 1
d 3 i 1 : 4 -> 6 sign 1
d 4 i 0 : 2 -> 7 sign -1
d 4 i 1 : 4 -> 6 sign -1
d 1 i 0 : 2 -> 5 sign 1
d 1 i 1 : 3 -> 6 sign 1
d 2 i 0 : 4 -> 5 sign 1
d 3 i 0 : 3 -> 7 sign 1
d 3 i 1 : 4 -> 6 sign 1
d 4 i 0 : 2 -> 7 sign -1
d 4 i 1 : 4 -> 6 sign -1
d 1 i 0 : 2 -> 5 sign 1
d 1 i 1 : 3 -> 6 sign 1
d 2 i 0 : 4 -> 5 sign 1
d 3 i 0 : 3 -> 7 sign 1
d 3 i 1 : 4 -> 6 sign 1
d 4 i 0 : 2 -> 7 sign -1
d 4 i 1 : 4 -> 6 sign -1
d 1 i 0 : 2 -> 5 sign 1
d 1 i 1 : 3 -> 6 sign 1
d 2 i 0 : 4 -> 5 sign 1
d 3 i 0 : 3 -> 7 sign 1
d 3 i 1 : 4 -> 6 sign 1
d 4 i 0 : 2 -> 7 sign -1
d 4 i 1 : 4 -> 6 sign -1
d 1 i 0 : 2 -> 5 sign 1
d 1 i 1 : 3 -> 6 sign 1
d 2 i 0 : 4 -> 5 sign 1
d 3 i 0 : 3 -> 7 sign 1
d 3 i 1 : 4 -> 6 sign 1
d 4 i 0 : 2 -> 7 sign -1
d 4 i 1 : 4 -> 6 sign -1
d 1 i 0 : 2 -> 5 sign 1
d 1 i 1 : 3 -> 6 sign 1
d 2 i 0 : 4 -> 5 sign 1
d 3 i 0 : 3 -> 7 sign 1
d 3 i 1 : 4 -> 6 sign 1
d 4 i 0 : 2 -> 7 sign -1
d 4 i 1 : 4 -> 6 sign -1
d 1 i 0 : 2 -> 5 sign 1
d 1 i 1 : 3 -> 6 sign 1
d 2 i 0 : 4 -> 5 sign 1
d 3 i 0 : 3 -> 7 sign 1
d 3 i 1 : 4 -> 6 sign 1
d 4 i 0 : 2 -> 7 sign -1
d 4 i 1 : 4 -> 6 sign -1
d 1 i 0 : 2 -> 5 sign 1
d 1 i 1 : 3 -> 6 sign 1
d 2 i 0 : 4 -> 5 sign 1
d 3 i 0 : 3 -> 7 sign 1
d 3 i 1 : 4 -> 6 sign 1
d 4 i 0 : 2 -> 7 sign -1
d 4 i 1 : 4 -> 6 sign -1
d 1 i 0 : 2 -> 5 sign 1
d 1 i 1 : 3 -> 6 sign 1
d 2 i 0 : 4 -> 5 sign 1
d 3 i 0 : 3 -> 7 sign 1
d 3 i 1 : 4 -> 6 sign 1
d 4 i 0 : 2 -> 7 sign -1
d 4 i 1 : 4 -> 6 sign -1
d 1 i 0 : 2 -> 5 sign 1
d 1 i 1 : 3 -> 6 sign 1
d 2 i 0 : 4 -> 5 sign 1
d 3 i 0 : 3 -> 7 sign 1
d 3 i 1 : 4 -> 6 sign 1
d 4 i 0 : 2 -> 7 sign -1
d 4 i 1 : 4 -> 6 sign -1
d 1 i 0 : 2 -> 5 sign 1
d 1 i 1 : 3 -> 6 sign 1
d 2 i 0 : 4 -> 5 sign 1
d 3 i 0 : 3 -> 7 sign 1
d 3 i 1 : 4 -> 6 sign 1
d 4 i 0 : 2 -> 7 sign -1
d 4 i 1 : 4 -> 6 sign -1
d 1 i 0 : 2 -> 5 sign 1
d 1 i 1 : 3 -> 6 sign 1
d 2 i 0 : 4 -> 5 sign 1
d 3 i 0 : 3 -> 7 sign 1
d 3 i 1 : 4 -> 6 sign 1
d 4 i 0 : 2 -> 7 sign -1
d 4 i 1 : 4 -> 6 sign -1
d 1 i 0 : 2 -> 5 sign 1
d 1 i 1 : 3 -> 6 sign 1
d 2 i 0 : 4 -> 5 sign 1
d 3 i 0 : 3 -> 7 sign 1
d 3 i 1 : 4 -> 6 sign 1
d 4 i 0 : 2 -> 7 sign -1
d 4 i 1 : 4 -> 6 sign -1
d 1 i 0 : 2 -> 5 sign 1
d 1 i 1 : 3 -> 6 sign 1
d 2 i 0 : 4 -> 5 sign 1
d 3 i 0 : 3 -> 7 sign 1
d 3 i 1 : 4 -> 6 sign 1
d 4 i 0 : 2 -> 7 sign -1
d 4 i 1 : 4 -> 6 sign -1
d 1 i 0 : 2 -> 5 sign 1
d 1 i 1 : 3 -> 6 sign 1
d 2 i 0 : 4 -> 5 sign 1
d 3 i 0 : 3 -> 7 sign 1
d 3 i 1 : 4 -> 6 sign 1
d 4 i 0 : 2 -> 7 sign -1
d 4 i 1 : 4 -> 6 sign -1
d 1 i 0 : 2 -> 5 sign 1
d 1 i 1 : 3 -> 6 sign 1
d 2 i 0 : 4 -> 5 sign 1
d 3 i 0 : 3 -> 7 sign 1
d 3 i 1 : 4 -> 6 sign 1
d 4 i 0 : 2 -> 7 sign -1
d 4 i 1 : 4 -> 6 sign -1
d 1 i 0 : 2 -> 5 sign 1
d 1 i 1 : 3 -> 6 sign 1
d 2 i 0 : 4 -> 5 sign 1
d 3 i 0 : 3 -> 7 sign 1
d 3 i 1 : 4 -> 6 sign 1
d 4 i 0 : 2 -> 7 sign -1
d 4 i 1 : 4 -> 6 sign -1
d 1 i 0 : 2 -> 5 sign 1
d 1 i 1 : 3 -> 6 sign 1
d 2 i 0 : 4 -> 5 sign 1
d 3 i 0 : 3 -> 7 sign 1
d 3 i 1 : 4 -> 6 sign 1
d 4 i 0 : 2 -> 7 sign -1
d 4 i 1 : 4 -> 6 sign -1
d 1 i 0 : 2 -> 5 sign 1
d 1 i 1 : 3 -> 6 sign 1
d 2 i 0 : 4 -> 5 sign 1
d 3 i 0 : 3 -> 7 sign 1
d 3 i 1 : 4 -> 6 sign 1
d 4 i 0 : 2 -> 7 sign -1
d 4 i 1 : 4 -> 6 sign -1
d 1 i 0 : 2 -> 5 sign 1
d 1 i 1 : 3 -> 6 sign 1
d 2 i 0 : 4 -> 5 sign 1
d 3 i 0 : 3 -> 7 sign 1
d 3 i 1 : 4 -> 6 sign 1
d 4 i 0 : 2 -> 7 sign -1
d 4 i 1 : 4 -> 6 sign -1
d 1 i 0 : 2 -> 5 sign 1
d 1 i 1 : 3 -> 6 sign 1
d 2 i 0 : 4 -> 5 sign 1
d 3 i 0 : 3 -> 7 sign 1
d 3 i 1 : 4 -> 6 sign 1
d 4 i 0 : 2 -> 7 sign -1
d 4 i 1 : 4 -> 6 sign -1
d 1 i 0 : 2 -> 5 sign 1
d 1 i 1 : 3 -> 6 sign 1
d 2 i 0 : 4 -> 5 sign 1
d 3 i 0 : 3 -> 7 sign 1
d 3 i 1 : 4 -> 6 sign 1
d 4 i 0 : 2 -> 7 sign -1
d 4 i 1 : 4 -> 6 sign -1
d 1 i 0 : 2 -> 5 sign 1
d 1 i 1 : 3 -> 6 sign 1
d 2 i 0 : 4 -> 5 sign 1
d 3 i 0 : 3 -> 7 sign 1
d 3 i 1 : 4 -> 6 sign 1
d 4 i 0 : 2 -> 7 sign -1
d 4 i 1 : 4 -> 6 sign -1
d 1 i 0 : 2 -> 5 sign 1
d 1 i 1 : 3 -> 6 sign 1
d 2 i 0 : 4 -> 5 sign 1
d 3 i 0 : 3 -> 7 sign 1
d 3 i 1 : 4 -> 6 sign 1
d 4 i 0 : 2 -> 7 sign -1
d 4 i 1 : 4 -> 6 sign -1
d 1 i 0 : 2 -> 5 sign 1
d 1 i 1 : 3 -> 6 sign 1
d 2 i 0 : 4 -> 5 sign 1
d 3 i 0 : 3 -> 7 sign 1
d 3 i 1 : 4 -> 6 sign 1
d 4 i 0 : 2 -> 7 sign -1
d 4 i 1 : 4 -> 6 sign -1
d 1 i 0 : 2 -> 5 sign 1
d 1 i 1 : 3 -> 6 sign 1
d 2 i 0 : 4 -> 5 sign 1
d 3 i 0 : 3 -> 7 sign 1
d 3 i 1 : 4 -> 6 sign 1
d 4 i 0 : 2 -> 7 sign -1
d 4 i 1 : 4 -> 6 sign -1
d 1 i 0 : 2 -> 5 sign 1
d 1 i 1 : 3 -> 6 sign 1
d 2 i 0 : 4 -> 5 sign 1
d 3 i 0 : 3 -> 7 sign 1
d 3 i 1 : 4 -> 6 sign 1
d 4 i 0 : 2 -> 7 sign -1
d 4 i 1 : 4 -> 6 sign -1
d 1 i 0 : 2 -> 5 sign 1
d 1 i 1 : 3 -> 6 sign 1
d 2 i 0 : 4 -> 5 sign 1
d 3 i 0 : 3 -> 7 sign 1
d 3 i 1 : 4 -> 6 sign 1
d 4 i 0 : 2 -> 7 sign -1
d 4 i 1 : 4 -> 6 sign -1
d 1 i 0 : 2 -> 5 sign 1
d 1 i 1 : 3 -> 6 sign 1
d 2 i 0 : 4 -> 5 sign 1
d 3 i 0 : 3 -> 7 sign 1
d 3 i 1 : 4 -> 6 sign 1
d 4 i 0 : 2 -> 7 sign -1
d 4 i 1 : 4 -> 6 sign -1
d 1 i 0 : 2 -> 5 sign 1
d 1 i 1 : 3 -> 6 sign 1
d 2 i 0 : 4 -> 5 sign 1
d 3 i 0 : 3 -> 7 sign 1
d 3 i 1 : 4 -> 6 sign 1
d 4 i 0 : 2 -> 7 sign -1
d 4 i 1 : 4 -> 6 sign -1
d 1 i 0 : 2 -> 5 sign 1
d 1 i 1 : 3 -> 6 sign 1
d 2 i 0 : 4 -> 5 sign 1
d 3 i 0 : 3 -> 7 sign 1
d 3 i 1 : 4 -> 6 sign 1
d 4 i 0 : 2 -> 7 sign -1
d 4 i 1 : 4 -> 6 sign -1
d 1 i 0 : 2 -> 5 sign 1
d 1 i 1 : 3 -> 6 sign 1
d 2 i 0 : 4 -> 5 sign 1
d 3 i 0 : 3 -> 7 sign 1
d 3 i 1 : 4 -> 6 sign 1
d 4 i 0 : 2 -> 7 sign -1
d 4 i 1 : 4 -> 6 sign -1
d 1 i 0 : 2 -> 5 sign 1
d 1 i 1 : 3 -> 6 sign 1
d 2 i 0 : 4 -> 5 sign 1
d 3 i 0 : 3 -> 7 sign 1
d 3 i 1 : 4 -> 6 sign 1
d 4 i 0 : 2 -> 7 sign -1
d 4 i 1 : 4 -> 6 sign -1
d 1 i 0 : 2 -> 5 sign 1
d 1 i 1 : 3 -> 6 sign 1
d 2 i 0 : 4 -> 5 sign 1
d 3 i 0 : 3 -> 7 sign 1
d 3 i 1 : 4 -> 6 sign 1
d 4 i 0 : 2 -> 7 sign -1
d 4 i 1 : 4 -> 6 sign -1
d 1 i 0 : 2 -> 5 sign 1
d 1 i 1 : 3 -> 6 sign 1
d 2 i 0 : 4 -> 5 sign 1
d 3 i 0 : 3 -> 7 sign 1
d 3 i 1 : 4 -> 6 sign 1
d 4 i 0 : 2 -> 7 sign -1
d 4 i 1 : 4 -> 6 sign -1
d 1 i 0 : 2 -> 5 sign 1
d 1 i 1 : 3 -> 6 sign 1
d 2 i 0 : 4 -> 5 sign 1
d 3 i 0 : 3 -> 7 sign 1
d 3 i 1 : 4 -> 6 sign 1
d 4 i 0 : 2 -> 7 sign -1
d 4 i 1 : 4 -> 6 sign -1
d 1 i 0 : 2 -> 5 sign 1
d 1 i 1 : 3 -> 6 sign 1
d 2 i 0 : 4 -> 5 sign 1
d 3 i 0 : 3 -> 7 sign 1
d 3 i 1 : 4 -> 6 sign 1
d 4 i 0 : 2 -> 7 sign -1
d 4 i 1 : 4 -> 6 sign -1
d 1 i 0 : 2 -> 5 sign 1
d 1 i 1 : 3 -> 6 sign 1
d 2 i 0 : 4 -> 5 sign 1
d 3 i 0 : 3 -> 7 sign 1
d 3 i 1 : 4 -> 6 sign 1
d 4 i 0 : 2 -> 7 sign -1
d 4 i 1 : 4 -> 6 sign -1
d 1 i 0 : 2 -> 5 sign 1
d 1 i 1 : 3 -> 6 sign 1
d 2 i 0 : 4 -> 5 sign 1
d 3 i 0 : 3 -> 7 sign 1
d 3 i 1 : 4 -> 6 sign 1
d 4 i 0 : 2 -> 7 sign -1
d 4 i 1 : 4 -> 6 sign -1
d 1 i 0 : 2 -> 5 sign 1
d 1 i 1 : 3 -> 6 sign 1
d 2 i 0 : 4 -> 5 sign 1
d 3 i 0 : 3 -> 7 sign 1
d 3 i 1 : 4 -> 6 sign 1
d 4 i 0 : 2 -> 7 sign -1
d 4 i 1 : 4 -> 6 sign -1
d 1 i 0 : 2 -> 5 sign 1
d 1 i 1 : 3 -> 6 sign 1
d 2 i 0 : 4 -> 5 sign 1
d 3 i 0 : 3 -> 7 sign 1
d 3 i 1 : 4 -> 6 sign 1
d 4 i 0 : 2 -> 7 sign -1
d 4 i 1 : 4 -> 6 sign -1
d 1 i 0 : 2 -> 5 sign 1
d 1 i 1 : 3 -> 6 sign 1
d 2 i 0 : 4 -> 5 sign 1
d 3 i 0 : 3 -> 7 sign 1
d 3 i 1 : 4 -> 6 sign 1
d 4 i 0 : 2 -> 7 sign -1
d 4 i 1 : 4 -> 6 sign -1
d 1 i 0 : 2 -> 5 sign 1
d 1 i 1 : 3 -> 6 sign 1
d 2 i 0 : 4 -> 5 sign 1
d 3 i 0 : 3 -> 7 sign 1
d 3 i 1 : 4 -> 6 sign 1
d 4 i 0 : 2 -> 7 sign -1
d 4 i 1 : 4 -> 6 sign -1
d 1 i 0 : 2 -> 5 sign 1
d 1 i 1 : 3 -> 6 sign 1
d 2 i 0 : 4 -> 5 sign 1
d 3 i 0 : 3 -> 7 sign 1
d 3 i 1 : 4 -> 6 sign 1
d 4 i 0 : 2 -> 7 sign -1
d 4 i 1 : 4 -> 6 sign -1
d 1 i 0 : 2 -> 5 sign 1
d 1 i 1 : 3 -> 6 sign 1
d 2 i 0 : 4 -> 5 sign 1
d 3 i 0 : 3 -> 7 sign 1
d 3 i 1 : 4 -> 6 sign 1
d 4 i 0 : 2 -> 7 sign -1
d 4 i 1 : 4 -> 6 sign -1
d 1 i 0 : 2 -> 5 sign 1
d 1 i 1 : 3 -> 6 sign 1
d 2 i 0 : 4 -> 5 sign 1
d 3 i 0 : 3 -> 7 sign 1
d 3 i 1 : 4 -> 6 sign 1
d 4 i 0 : 2 -> 7 sign -1
d 4 i 1 : 4 -> 6 sign -1
d 1 i 0 : 2 -> 5 sign 1
d 1 i 1 : 3 -> 6 sign 1
d 2 i 0 : 4 -> 5 sign 1
d 3 i 0 : 3 -> 7 sign 1
d 3 i 1 : 4 -> 6 sign 1
d 4 i 0 : 2 -> 7 sign -1
d 4 i 1 : 4 -> 6 sign -1
d 1 i 0 : 2 -> 5 sign 1
d 1 i 1 : 3 -> 6 sign 1
d 2 i 0 : 4 -> 5 sign 1
d 3 i 0 : 3 -> 7 sign 1
d 3 i 1 : 4 -> 6 sign 1
d 4 i 0 : 2 -> 7 sign -1
d 4 i 1 : 4 -> 6 sign -1
d 1 i 0 : 2 -> 5 sign 1
d 1 i 1 : 3 -> 6 sign 1
d 2 i 0 : 4 -> 5 sign 1
d 3 i 0 : 3 -> 7 sign 1
d 3 i 1 : 4 -> 6 sign 1
d 4 i 0 : 2 -> 7 sign -1
d 4 i 1 : 4 -> 6 sign -1
d 1 i 0 : 2 -> 5 sign 1
d 1 i 1 : 3 -> 6 sign 1
d 2 i 0 : 4 -> 5 sign 1
d 3 i 0 : 3 -> 7 sign 1
d 3 i 1 : 4 -> 6 sign 1
d 4 i 0 : 2 -> 7 sign -1
d 4 i 1 : 4 -> 6 sign -1
d 1 i 0 : 2 -> 5 sign 1
d 1 i 1 : 3 -> 6 sign 1
d 2 i 0 : 4 -> 5 sign 1
d 3 i 0 : 3 -> 7 sign 1
d 3 i 1 : 4 -> 6 sign 1
d 4 i 0 : 2 -> 7 sign -1
d 4 i 1 : 4 -> 6 sign -1
d 1 i 0 : 2 -> 5 sign 1
d 1 i 1 : 3 -> 6 sign 1
d 2 i 0 : 4 -> 5 sign 1
d 3 i 0 : 3 -> 7 sign 1
d 3 i 1 : 4 -> 6 sign 1
d 4 i 0 : 2 -> 7 sign -1
d 4 i 1 : 4 -> 6 sign -1
d 1 i 0 : 2 -> 5 sign 1
d 1 i 1 : 3 -> 6 sign 1
d 2 i 0 : 4 -> 5 sign 1
d 3 i 0 : 3 -> 7 sign 1
d 3 i 1 : 4 -> 6 sign 1
d 4 i 0 : 2 -> 7 sign -1
d 4 i 1 : 4 -> 6 sign -1
d 1 i 0 : 2 -> 5 sign 1
d 1 i 1 : 3 -> 6 sign 1
d 2 i 0 : 4 -> 5 sign 1
d 3 i 0 : 3 -> 7 sign 1
d 3 i 1 : 4 -> 6 sign 1
d 4 i 0 : 2 -> 7 sign -1
d 4 i 1 : 4 -> 6 sign -1
d 1 i 0 : 2 -> 5 sign 1
d 1 i 1 : 3 -> 6 sign 1
d 2 i 0 : 4 -> 5 sign 1
d 3 i 0 : 3 -> 7 sign 1
d 3 i 1 : 4 -> 6 sign 1
d 4 i 0 : 2 -> 7 sign -1
d 4 i 1 : 4 -> 6 sign -1
d 1 i 0 : 2 -> 5 sign 1
d 1 i 1 : 3 -> 6 sign 1
d 2 i 0 : 4 -> 5 sign 1
d 3 i 0 : 3 -> 7 sign 1
d 3 i 1 : 4 -> 6 sign 1
d 4 i 0 : 2 -> 7 sign -1
d 4 i 1 : 4 -> 6 sign -1
d 1 i 0 : 2 -> 5 sign 1
d 1 i 1 : 3 -> 6 sign 1
d 2 i 0 : 4 -> 5 sign 1
d 3 i 0 : 3 -> 7 sign 1
d 3 i 1 : 4 -> 6 sign 1
d 4 i 0 : 2 -> 7 sign -1
d 4 i 1 : 4 -> 6 sign -1
d 1 i 0 : 2 -> 5 sign 1
d 1 i 1 : 3 -> 6 sign 1
d 2 i 0 : 4 -> 5 sign 1
d 3 i 0 : 3 -> 7 sign 1
d 3 i 1 : 4 -> 6 sign 1
d 4 i 0 : 2 -> 7 sign -1
d 4 i 1 : 4 -> 6 sign -1
d 1 i 0 : 2 -> 5 sign 1
d 1 i 1 : 3 -> 6 sign 1
d 2 i 0 : 4 -> 5 sign 1
d 3 i 0 : 3 -> 7 sign 1
d 3 i 1 : 4 -> 6 sign 1
d 4 i 0 : 2 -> 7 sign -1
d 4 i 1 : 4 -> 6 sign -1
d 1 i 0 : 2 -> 5 sign 1
d 1 i 1 : 3 -> 6 sign 1
d 2 i 0 : 4 -> 5 sign 1
d 3 i 0 : 3 -> 7 sign 1
d 3 i 1 : 4 -> 6 sign 1
d 4 i 0 : 2 -> 7 sign -1
d 4 i 1 : 4 -> 6 sign -1
d 1 i 0 : 2 -> 5 sign 1
d 1 i 1 : 3 -> 6 sign 1
d 2 i 0 : 4 -> 5 sign 1
d 3 i 0 : 3 -> 7 sign 1
d 3 i 1 : 4 -> 6 sign 1
d 4 i 0 : 2 -> 7 sign -1
d 4 i 1 : 4 -> 6 sign -1
d 1 i 0 : 2 -> 5 sign 1
d 1 i 1 : 3 -> 6 sign 1
d 2 i 0 : 4 -> 5 sign 1
d 3 i 0 : 3 -> 7 sign 1
d 3 i 1 : 4 -> 6 sign 1
d 4 i 0 : 2 -> 7 sign -1
d 4 i 1 : 4 -> 6 sign -1
d 1 i 0 : 2 -> 5 sign 1
d 1 i 1 : 3 -> 6 sign 1
d 2 i 0 : 4 -> 5 sign 1
d 3 i 0 : 3 -> 7 sign 1
d 3 i 1 : 4 -> 6 sign 1
d 4 i 0 : 2 -> 7 sign -1
d 4 i 1 : 4 -> 6 sign -1
d 1 i 0 : 2 -> 5 sign 1
d 1 i 1 : 3 -> 6 sign 1
d 2 i 0 : 4 -> 5 sign 1
d 3 i 0 : 3 -> 7 sign 1
d 3 i 1 : 4 -> 6 sign 1
d 4 i 0 : 2 -> 7 sign -1
d 4 i 1 : 4 -> 6 sign -1
Could not open I.linear.config. Generating configurations from scratch
0: Timestep is 1.40094
1: Timestep is 1.40094
2: Timestep is 1.40094
4: Timestep is 1.40094
5: Timestep is 1.40094
6: Timestep is 1.40094
8: Timestep is 1.40094
9: Timestep is 1.40094
10: Timestep is 1.40094
11: Timestep is 1.40094
12: Timestep is 1.40094
13: Timestep is 1.40094
14: Timestep is 1.40094
15: Timestep is 1.40094
16: Timestep is 1.40094
17: Timestep is 1.40094
18: Timestep is 1.40094
19: Timestep is 1.40094
20: Timestep is 1.40094
21: Timestep is 1.40094
22: Timestep is 1.40094
23: Timestep is 1.40094
24: Timestep is 1.40094
25: Timestep is 1.40094
26: Timestep is 1.40094
27: Timestep is 1.40094
28: Timestep is 1.40094
29: Timestep is 1.40094
30: Timestep is 1.40094
31: Timestep is 1.40094
32: Timestep is 1.40094
33: Timestep is 1.40094
34: Timestep is 1.40094
35: Timestep is 1.40094
36: Timestep is 1.40094
37: Timestep is 1.40094
38: Timestep is 1.40094
39: Timestep is 1.40094
40: Timestep is 1.40094
41: Timestep is 1.40094
42: Timestep is 1.40094
43: Timestep is 1.40094
44: Timestep is 1.40094
45: Timestep is 1.40094
47: Timestep is 1.40094
48: Timestep is 1.40094
49: Timestep is 1.40094
50: Timestep is 1.40094
51: Timestep is 1.40094
52: Timestep is 1.40094
53: Timestep is 1.40094
54: Timestep is 1.40094
55: Timestep is 1.40094
56: Timestep is 1.40094
57: Timestep is 1.40094
58: Timestep is 1.40094
59: Timestep is 1.40094
60: Timestep is 1.40094
61: Timestep is 1.40094
62: Timestep is 1.40094
63: Timestep is 1.40094
3: Timestep is 1.40094
7: Timestep is 1.40094
46: Timestep is 1.40094
1: Write took 0 seconds
1: Write took 0 seconds
1: Write took 0 seconds
1: Write took 0 seconds
1: Write took 0 seconds
1: Write took 0 seconds
1: Write took 0 seconds
1: Write took 0 seconds
1: Write took 0 seconds
1: Write took 0 seconds
1: Write took 0 seconds
1: Write took 0 seconds
1: Write took 0 seconds
1: Write took 0 seconds
1: Write took 0 seconds
1: Write took 0 seconds
1: Write took 0 seconds
1: Write took 0 seconds
1: Write took 0 seconds
1: Write took 0 seconds
energy derivative -60.76838164 +/- 0.4183992804
energy derivative -274.5708677 +/- 2.346465563
energy derivative -944.7592875 +/- 16.9541431
energy derivative -1685.218614 +/- 57.15292116
energy derivative -6.79540431 +/- 0.04105998034
energy derivative -33.43474909 +/- 0.2025727477
energy derivative -160.2999169 +/- 1.019770088
energy derivative -685.6230685 +/- 6.674160461
energy derivative -2092.361001 +/- 21.55783068
energy derivative -1374.436185 +/- 11.96485407
energy derivative -2134.793186 +/- 22.04929768
energy derivative -6052.429754 +/- 155.921643
energy derivative -3971.317166 +/- 72.01365337
energy derivative -4124.68224 +/- 75.30370865
energy derivative -6165.455239 +/- 160.3383203
energy derivative -6609.650761 +/- 343.9886873
energy derivative -6846.968262 +/- 235.3813813
energy derivative -6607.49905 +/- 345.1320618
energy derivative -4636.567316 +/- 90.02972841
energy derivative -7281.938115 +/- 294.8589233
eigenvals (233730.2504,0) (101931.4762,0) (47113.73222,0) (-41349.44872,0) (-32090.04174,310.6430274) (-32090.04174,-310.6430274) (-26576.99857,555.170413) (-26576.99857,-555.170413) (-18906.15305,0) (-14574.06367,0) (-15713.07112,0) (5230.009335,0) (-5255.363477,0) (3290.046463,0) (-1156.489898,0) (676.5848114,0) (-432.913924,0) (111.7068833,0) (63.91354503,0) (-7.417181645,0) (-10.19236358,0) 
chose 20 eigenval -10.19236358
eigenvals (1180038.117,0) (529262.7451,0) (296446.9492,0) (46341.1062,0) (-40960.51504,0) (21072.10958,0) (16151.4214,0) (-32019.23638,0) (-30413.67283,0) (-25896.41037,302.8834931) (-25896.41037,-302.8834931) (-17367.13552,0) (-12992.6253,0) (-7808.519708,0) (-3816.990661,0) (1363.578892,0) (1189.794942,0) (-137.7892396,0) (-9.91641661,0) (75.75741996,0) (37.10492712,0) 
chose 18 eigenval -9.91641661
eigenvals (5912070.904,0) (2667764.852,0) (1548524.701,0) (258505.599,0) (123931.5914,0) (100779.6684,0) (-40194.44036,0) (-32028.89095,0) (-28528.16643,0) (-24938.08254,853.401393) (-24938.08254,-853.401393) (17525.84635,0) (-14896.18513,0) (-7936.166242,0) (11852.0786,0) (9050.743421,0) (3138.774055,0) (857.3045094,0) (387.3289165,0) (-16.33725777,0) (1.108487255,0) 
chose 7 eigenval -32028.89095
eigenvals (29572343.04,0) (13360744.19,0) (7809893.007,0) (1322530.369,0) (655971.8179,0) (520865.5369,0) (135818.1028,0) (100268.9041,0) (59251.39496,0) (27288.36517,0) (-39281.99182,0) (-31928.12351,0) (-26758.17823,0) (-23081.5721,0) (-24563.96594,0) (-11024.81284,0) (-5492.198244,0) (6101.502434,0) (3105.656836,0) (-10.58640528,0) (147.1272916,0) 
i 11 stab 3.577913984 p0 0.1199647187 eigenval (-31928.12351,0)
i 19 stab 3.577913984 p0 0.1902922197 eigenval (-10.58640528,0)
chose 19 eigenval -10.58640528
eigenvals (147873725.8,0) (66825739.74,0) (39116924.53,0) (6643478.657,0) (3320586.699,0) (2621191.266,0) (737699.7334,0) (552515.4843,0) (311293.4445,0) (145422.2005,0) (35093.4028,0) (18496.81927,0) (-38320.66723,0) (-31469.91219,0) (-19176.33594,0) (-24434.23114,477.3947115) (-24434.23114,-477.3947115) (5849.256218,0) (-2822.635442,0) (1193.907917,0) (1.837195047,0) 
i 12 stab 17.88956992 p0 0.1861466336 eigenval (-38320.66723,0)
i 13 stab 17.88956992 p0 0.2605514418 eigenval (-31469.91219,0)
i 20 stab 17.88956992 p0 0.1487175822 eigenval (1.837195047,0)
chose 13 eigenval -31469.91219
eigenvals (739380643.9,0) (334150737.5,0) (195652119.8,0) (33248394.36,0) (16644556.93,0) (13122871.81,0) (3749376.303,0) (2815340.013,0) (1572789.435,0) (738026.9145,0) (190072.68,0) (108557.4789,0) (81252.02273,0) (18231.07929,0) (-37209.51092,0) (-31049.1851,0) (-14512.76312,0) (-19525.86739,0) (-21359.19622,0) (-58.06029873,0) (1134.817149,0) 
i 14 stab 89.44784961 p0 0.3680471331 eigenval (-37209.51092,0)
i 15 stab 89.44784961 p0 0.4858349486 eigenval (-31049.1851,0)
i 19 stab 89.44784961 p0 0.1862545598 eigenval (-58.06029873,0)
chose 15 eigenval -31049.1851
eigenvals (3696915235,0) (1670775730,0) (978328104.1,0) (166273008.1,0) (83264587.88,0) (65631288.18,0) (18808228.29,0) (14129794.49,0) (7880587.908,0) (3701863.805,0) (973516.9832,0) (580673.0044,0) (444006.4933,0) (118522.1566,0) (-35671.04177,0) (-30699.3838,0) (15314.75825,0) (-15298.91351,0) (7238.593,0) (-6467.899532,0) (6.243415115,0) 
i 14 stab 447.2392481 p0 0.7079287854 eigenval (-35671.04177,0)
i 15 stab 447.2392481 p0 0.7489715076 eigenval (-30699.3838,0)
i 17 stab 447.2392481 p0 0.1987282543 eigenval (-15298.91351,0)
i 20 stab 447.2392481 p0 0.3533654665 eigenval (6.243415115,0)
chose 15 eigenval -30699.3838
eigenvals (1.848458819e+10,0) (8353900695,0) (4891708027,0) (831396084,0) (416364778.6,0) (328173372.9,0) (94102582.75,0) (70702134.1,0) (39419646.77,0) (18521242.16,0) (4893511.13,0) (2947357.599,0) (2253553.047,0) (625657.402,0) (162607.6135,0) (75219.58505,0) (44401.58405,0) (-34424.73756,0) (-28935.35414,0) (-10446.48714,0) (206.5820332,0) 
i 17 stab 2236.19624 p0 0.9570573373 eigenval (-34424.73756,0)
i 18 stab 2236.19624 p0 0.8357765764 eigenval (-28935.35414,0)
i 19 stab 2236.19624 p0 0.1771766709 eigenval (-10446.48714,0)
i 20 stab 2236.19624 p0 0.3722646574 eigenval (206.5820332,0)
chose 17 eigenval -34424.73756
eigenvals (9.242295298e+10,0) (4.176952552e+10,0) (2.445860764e+10,0) (4157011465,0) (2081865739,0) (1640883797,0) (470574374,0) (353563845.6,0) (197114954.5,0) (92618174.19,0) (24494100.15,0) (14781865.7,0) (11300620.73,0) (3162960.629,0) (905607.4717,0) (476378.4972,0) (237042.6462,0) (-33642.8856,0) (-25162.60699,0) (16909.50826,0) (-232.7746096,0) 
i 17 stab 11180.9812 p0 0.9864571245 eigenval (-33642.8856,0)
i 18 stab 11180.9812 p0 0.9155170262 eigenval (-25162.60699,0)
i 20 stab 11180.9812 p0 0.5491073474 eigenval (-232.7746096,0)
chose 17 eigenval -33642.8856
eigenvals (4.621147769e+11,0) (2.088476496e+11,0) (1.222931057e+11,0) (2.078508837e+10,0) (1.040937055e+10,0) (8204435918,0) (2352933334,0) (1767872406,0) (985591495.8,0) (463102842.4,0) (122497171.6,0) (73954615.89,0) (56535835.74,0) (15849831.81,0) (4621031.087,0) (2485350.806,0) (1199452.143,0) (162004.7945,0) (-32386.50331,0) (-19726.50497,0) (1942.426974,0) 
i 18 stab 55904.90601 p0 0.9951598553 eigenval (-32386.50331,0)
i 19 stab 55904.90601 p0 0.9135873933 eigenval (-19726.50497,0)
i 20 stab 55904.90601 p0 0.5492658198 eigenval (1942.426974,0)
chose 18 eigenval -32386.50331
eigenvals (2.310573897e+12,0) (1.04423827e+12,0) (6.11465596e+11,0) (1.039254729e+11,0) (5.204689457e+10,0) (4.102219652e+10,0) (1.176472813e+10,0) (8839415207,0) (4927974203,0) (2315526185,0) (612512554.5,0) (369818408.5,0) (282711886.5,0) (79284260.04,0) (23198224.64,0) (12530661.36,0) (6011722.124,0) (894908.3402,0) (-30930.13082,0) (-5757.271276,0) (22562.24122,0) 
i 18 stab 279524.53 p0 0.9992679139 eigenval (-30930.13082,0)
i 19 stab 279524.53 p0 0.9063194352 eigenval (-5757.271276,0)
chose 18 eigenval -30930.13082
eigenvals (1.155286949e+13,0) (5.221191373e+12,0) (3.057328048e+12,0) (5.196273955e+11,0) (2.602345147e+11,0) (2.051109996e+11,0) (5.882370214e+10,0) (4.419712921e+10,0) (2.463988774e+10,0) (1.15776429e+10,0) (3062589474,0) (1849137380,0) (1413592136,0) (396456415.7,0) (116084207.2,0) (62757299.78,0) (30073131.69,0) (4560952.685,0) (-29912.47923,0) (11193.98145,0) (183109.8983,0) 
i 18 stab 1397622.65 p0 0.9998373484 eigenval (-29912.47923,0)
i 19 stab 1397622.65 p0 0.8741088915 eigenval (11193.98145,0)
chose 18 eigenval -29912.47923
eigenvals (5.776434748e+13,0) (2.610595689e+13,0) (1.528664031e+13,0) (2.598137008e+12,0) (1.301172615e+12,0) (1.025555015e+12,0) (2.941185721e+11,0) (2.209856993e+11,0) (1.231994554e+11,0) (5.788822647e+10,0) (1.531297407e+10,0) (9245732237,0) (7067993380,0) (1982317197,0) (580514123,0) (313890508.9,0) (150380192.1,0) (22891482.25,0) (-29079.62633,0) (80947.90297,0) (1004760.831,0) 
i 18 stab 6988113.251 p0 0.9999795534 eigenval (-29079.62633,0)
i 19 stab 6988113.251 p0 0.5446764309 eigenval (80947.90297,0)
chose 18 eigenval -29079.62633
eigenvals (2.888217375e+14,0) (1.305297845e+14,0) (7.64332016e+13,0) (1.299068507e+13,0) (6.505863119e+12,0) (5.12777509e+12,0) (1.470592922e+12,0) (1.104928549e+12,0) (6.159972938e+11,0) (2.894411443e+11,0) (7.656489706e+10,0) (4.622870652e+10,0) (3.53399996e+10,0) (9911621104,0) (2902663703,0) (1569556558,0) (751915496.4,0) (114544191.8,0) (-28731.49489,0) (430753.1332,0) (5115726.876,0) 
i 18 stab 34940566.25 p0 0.9999988426 eigenval (-28731.49489,0)
i 19 stab 34940566.25 p0 0.1524316715 eigenval (430753.1332,0)
chose 18 eigenval -28731.49489
eigenvals (1.444108687e+15,0) (6.526489223e+14,0) (3.821660081e+14,0) (6.49534254e+13,0) (3.252931564e+13,0) (2.563887547e+13,0) (7.352964672e+12,0) (5.5246428e+12,0) (3.079986486e+12,0) (1.447205734e+12,0) (3.82824512e+11,0) (2.31143578e+11,0) (1.767000307e+11,0) (4.955814064e+10,0) (1.45134116e+10,0) (7847886802,0) (3759592019,0) (572807751.6,0) (-28645.7758,0) (2180916.625,0) (25671060.87,0) 
i 18 stab 174702831.3 p0 0.99999995 eigenval (-28645.7758,0)
chose 18 eigenval -28645.7758
eigenvals (1.848458819e+10,0) (8353900695,0) (4891708027,0) (831396084,0) (416364778.6,0) (328173372.9,0) (94102582.75,0) (70702134.1,0) (39419646.77,0) (18521242.16,0) (4893511.13,0) (2947357.599,0) (2253553.047,0) (625657.402,0) (162607.6135,0) (75219.58505,0) (44401.58405,0) (-34424.73756,0) (-28935.35414,0) (-10446.48714,0) (206.5820332,0) 
i 17 stab 2236.19624 p0 0.9570573373 eigenval (-34424.73756,0)
i 18 stab 2236.19624 p0 0.8357765764 eigenval (-28935.35414,0)
i 19 stab 2236.19624 p0 0.1771766709 eigenval (-10446.48714,0)
i 20 stab 2236.19624 p0 0.3722646574 eigenval (206.5820332,0)
chose 17 eigenval -34424.73756
eigenvals (9.242295298e+10,0) (4.176952552e+10,0) (2.445860764e+10,0) (4157011465,0) (2081865739,0) (1640883797,0) (470574374,0) (353563845.6,0) (197114954.5,0) (92618174.19,0) (24494100.15,0) (14781865.7,0) (11300620.73,0) (3162960.629,0) (905607.4717,0) (476378.4972,0) (237042.6462,0) (-33642.8856,0) (-25162.60699,0) (16909.50826,0) (-232.7746096,0) 
i 17 stab 11180.9812 p0 0.9864571245 eigenval (-33642.8856,0)
i 18 stab 11180.9812 p0 0.9155170262 eigenval (-25162.60699,0)
i 20 stab 11180.9812 p0 0.5491073474 eigenval (-232.7746096,0)
chose 17 eigenval -33642.8856
eigenvals (4.621147769e+11,0) (2.088476496e+11,0) (1.222931057e+11,0) (2.078508837e+10,0) (1.040937055e+10,0) (8204435918,0) (2352933334,0) (1767872406,0) (985591495.8,0) (463102842.4,0) (122497171.6,0) (73954615.89,0) (56535835.74,0) (15849831.81,0) (4621031.087,0) (2485350.806,0) (1199452.143,0) (162004.7945,0) (-32386.50331,0) (-19726.50497,0) (1942.426974,0) 
i 18 stab 55904.90601 p0 0.9951598553 eigenval (-32386.50331,0)
i 19 stab 55904.90601 p0 0.9135873933 eigenval (-19726.50497,0)
i 20 stab 55904.90601 p0 0.5492658198 eigenval (1942.426974,0)
chose 18 eigenval -32386.50331
eigenvals (2.310573897e+12,0) (1.04423827e+12,0) (6.11465596e+11,0) (1.039254729e+11,0) (5.204689457e+10,0) (4.102219652e+10,0) (1.176472813e+10,0) (8839415207,0) (4927974203,0) (2315526185,0) (612512554.5,0) (369818408.5,0) (282711886.5,0) (79284260.04,0) (23198224.64,0) (12530661.36,0) (6011722.124,0) (894908.3402,0) (-30930.13082,0) (-5757.271276,0) (22562.24122,0) 
i 18 stab 279524.53 p0 0.9992679139 eigenval (-30930.13082,0)
i 19 stab 279524.53 p0 0.9063194352 eigenval (-5757.271276,0)
chose 18 eigenval -30930.13082
eigenvals (1.155286949e+13,0) (5.221191373e+12,0) (3.057328048e+12,0) (5.196273955e+11,0) (2.602345147e+11,0) (2.051109996e+11,0) (5.882370214e+10,0) (4.419712921e+10,0) (2.463988774e+10,0) (1.15776429e+10,0) (3062589474,0) (1849137380,0) (1413592136,0) (396456415.7,0) (116084207.2,0) (62757299.78,0) (30073131.69,0) (4560952.685,0) (-29912.47923,0) (11193.98145,0) (183109.8983,0) 
i 18 stab 1397622.65 p0 0.9998373484 eigenval (-29912.47923,0)
i 19 stab 1397622.65 p0 0.8741088915 eigenval (11193.98145,0)
chose 18 eigenval -29912.47923
eigenvals (5.776434748e+13,0) (2.610595689e+13,0) (1.528664031e+13,0) (2.598137008e+12,0) (1.301172615e+12,0) (1.025555015e+12,0) (2.941185721e+11,0) (2.209856993e+11,0) (1.231994554e+11,0) (5.788822647e+10,0) (1.531297407e+10,0) (9245732237,0) (7067993380,0) (1982317197,0) (580514123,0) (313890508.9,0) (150380192.1,0) (22891482.25,0) (-29079.62633,0) (80947.90297,0) (1004760.831,0) 
i 18 stab 6988113.251 p0 0.9999795534 eigenval (-29079.62633,0)
i 19 stab 6988113.251 p0 0.5446764309 eigenval (80947.90297,0)
chose 18 eigenval -29079.62633
eigenvals (2.888217375e+14,0) (1.305297845e+14,0) (7.64332016e+13,0) (1.299068507e+13,0) (6.505863119e+12,0) (5.12777509e+12,0) (1.470592922e+12,0) (1.104928549e+12,0) (6.159972938e+11,0) (2.894411443e+11,0) (7.656489706e+10,0) (4.622870652e+10,0) (3.53399996e+10,0) (9911621104,0) (2902663703,0) (1569556558,0) (751915496.4,0) (114544191.8,0) (-28731.49489,0) (430753.1332,0) (5115726.876,0) 
i 18 stab 34940566.25 p0 0.9999988426 eigenval (-28731.49489,0)
i 19 stab 34940566.25 p0 0.1524316715 eigenval (430753.1332,0)
chose 18 eigenval -28731.49489
eigenvals (1.444108687e+15,0) (6.526489223e+14,0) (3.821660081e+14,0) (6.49534254e+13,0) (3.252931564e+13,0) (2.563887547e+13,0) (7.352964672e+12,0) (5.5246428e+12,0) (3.079986486e+12,0) (1.447205734e+12,0) (3.82824512e+11,0) (2.31143578e+11,0) (1.767000307e+11,0) (4.955814064e+10,0) (1.45134116e+10,0) (7847886802,0) (3759592019,0) (572807751.6,0) (-28645.7758,0) (2180916.625,0) (25671060.87,0) 
i 18 stab 174702831.3 p0 0.99999995 eigenval (-28645.7758,0)
chose 18 eigenval -28645.7758
0: Timestep is 1.1425
2: Timestep is 1.1425
4: Timestep is 1.1425
6: Timestep is 1.1425
8: Timestep is 1.1425
10: Timestep is 1.1425
12: Timestep is 1.1425
14: Timestep is 1.1425
15: Timestep is 1.1425
16: Timestep is 1.1425
17: Timestep is 1.1425
18: Timestep is 1.1425
19: Timestep is 1.1425
21: Timestep is 1.1425
23: Timestep is 1.1425
24: Timestep is 1.1425
25: Timestep is 1.1425
26: Timestep is 1.1425
27: Timestep is 1.1425
28: Timestep is 1.1425
29: Timestep is 1.1425
30: Timestep is 1.1425
31: Timestep is 1.1425
32: Timestep is 1.1425
33: Timestep is 1.1425
34: Timestep is 1.1425
35: Timestep is 1.1425
36: Timestep is 1.1425
37: Timestep is 1.1425
38: Timestep is 1.1425
39: Timestep is 1.1425
40: Timestep is 1.1425
41: Timestep is 1.1425
42: Timestep is 1.1425
43: Timestep is 1.1425
44: Timestep is 1.1425
45: Timestep is 1.1425
46: Timestep is 1.1425
47: Timestep is 1.1425
48: Timestep is 1.1425
49: Timestep is 1.1425
50: Timestep is 1.1425
51: Timestep is 1.1425
52: Timestep is 1.1425
53: Timestep is 1.1425
54: Timestep is 1.1425
55: Timestep is 1.1425
56: Timestep is 1.1425
57: Timestep is 1.1425
58: Timestep is 1.1425
59: Timestep is 1.1425
60: Timestep is 1.1425
61: Timestep is 1.1425
62: Timestep is 1.1425
63: Timestep is 1.1425
1: Timestep is 1.1425
3: Timestep is 1.1425
5: Timestep is 1.1425
7: Timestep is 1.1425
9: Timestep is 1.1425
11: Timestep is 1.1425
13: Timestep is 1.1425
20: Timestep is 1.1425
22: Timestep is 1.1425
fitting to -418.6880648 279524.53
fitting to -300.3720802 1397622.65
fitting to -106.0428293 55904.90601
fitting to -82.0382269 6988113.251
fitting to -16.92868046 34940566.25
fit r2 0.5105998772 curvature -6.751176391e-13
eigenvals (2.310573897e+12,0) (1.04423827e+12,0) (6.11465596e+11,0) (1.039254729e+11,0) (5.204689457e+10,0) (4.102219652e+10,0) (1.176472813e+10,0) (8839415207,0) (4927974203,0) (2315526185,0) (612512554.5,0) (369818408.5,0) (282711886.5,0) (79284260.04,0) (23198224.64,0) (12530661.36,0) (6011722.124,0) (894908.3402,0) (-30930.13082,0) (-5757.271276,0) (22562.24122,0) 
i 18 stab 279524.53 p0 0.9992679139 eigenval (-30930.13082,0)
i 19 stab 279524.53 p0 0.9063194352 eigenval (-5757.271276,0)
chose 18 eigenval -30930.13082
0: Timestep is 1.1471875
1: Timestep is 1.1471875
2: Timestep is 1.1471875
3: Timestep is 1.1471875
4: Timestep is 1.1471875
5: Timestep is 1.1471875
6: Timestep is 1.1471875
7: Timestep is 1.1471875
8: Timestep is 1.1471875
9: Timestep is 1.1471875
10: Timestep is 1.1471875
11: Timestep is 1.1471875
12: Timestep is 1.1471875
13: Timestep is 1.1471875
14: Timestep is 1.1471875
15: Timestep is 1.1471875
17: Timestep is 1.1471875
18: Timestep is 1.1471875
19: Timestep is 1.1471875
20: Timestep is 1.1471875
21: Timestep is 1.1471875
22: Timestep is 1.1471875
23: Timestep is 1.1471875
24: Timestep is 1.1471875
25: Timestep is 1.1471875
26: Timestep is 1.1471875
27: Timestep is 1.1471875
28: Timestep is 1.1471875
29: Timestep is 1.1471875
30: Timestep is 1.1471875
31: Timestep is 1.1471875
32: Timestep is 1.1471875
33: Timestep is 1.1471875
34: Timestep is 1.1471875
35: Timestep is 1.1471875
36: Timestep is 1.1471875
37: Timestep is 1.1471875
38: Timestep is 1.1471875
39: Timestep is 1.1471875
40: Timestep is 1.1471875
41: Timestep is 1.1471875
42: Timestep is 1.1471875
43: Timestep is 1.1471875
44: Timestep is 1.1471875
45: Timestep is 1.1471875
46: Timestep is 1.1471875
47: Timestep is 1.1471875
48: Timestep is 1.1471875
49: Timestep is 1.1471875
50: Timestep is 1.1471875
51: Timestep is 1.1471875
52: Timestep is 1.1471875
53: Timestep is 1.1471875
54: Timestep is 1.1471875
55: Timestep is 1.1471875
56: Timestep is 1.1471875
57: Timestep is 1.1471875
58: Timestep is 1.1471875
59: Timestep is 1.1471875
60: Timestep is 1.1471875
61: Timestep is 1.1471875
62: Timestep is 1.1471875
63: Timestep is 1.1471875
16: Timestep is 1.1471875
Read took 0 seconds
0: Timestep is 1.414375
1: Timestep is 1.414375
2: Timestep is 1.414375
3: Timestep is 1.414375
4: Timestep is 1.414375
5: Timestep is 1.414375
6: Timestep is 1.414375
7: Timestep is 1.414375
8: Timestep is 1.414375
9: Timestep is 1.414375
10: Timestep is 1.414375
11: Timestep is 1.414375
12: Timestep is 1.414375
13: Timestep is 1.414375
14: Timestep is 1.414375
15: Timestep is 1.414375
16: Timestep is 1.414375
17: Timestep is 1.414375
18: Timestep is 1.414375
19: Timestep is 1.414375
20: Timestep is 1.414375
21: Timestep is 1.414375
22: Timestep is 1.414375
23: Timestep is 1.414375
24: Timestep is 1.414375
25: Timestep is 1.414375
26: Timestep is 1.414375
27: Timestep is 1.414375
28: Timestep is 1.414375
29: Timestep is 1.414375
30: Timestep is 1.414375
31: Timestep is 1.414375
32: Timestep is 1.414375
33: Timestep is 1.414375
34: Timestep is 1.414375
35: Timestep is 1.414375
36: Timestep is 1.414375
37: Timestep is 1.414375
38: Timestep is 1.414375
39: Timestep is 1.414375
40: Timestep is 1.414375
41: Timestep is 1.414375
43: Timestep is 1.414375
44: Timestep is 1.414375
45: Timestep is 1.414375
46: Timestep is 1.414375
47: Timestep is 1.414375
48: Timestep is 1.414375
49: Timestep is 1.414375
50: Timestep is 1.414375
51: Timestep is 1.414375
52: Timestep is 1.414375
53: Timestep is 1.414375
54: Timestep is 1.414375
55: Timestep is 1.414375
56: Timestep is 1.414375
57: Timestep is 1.414375
58: Timestep is 1.414375
59: Timestep is 1.414375
60: Timestep is 1.414375
61: Timestep is 1.414375
62: Timestep is 1.414375
63: Timestep is 1.414375
42: Timestep is 1.414375
1: Write took 0 seconds
1: Write took 0 seconds
1: Write took 0 seconds
1: Write took 0 seconds
1: Write took 0 seconds
1: Write took 0 seconds
1: Write took 0 seconds
1: Write took 0 seconds
1: Write took 0 seconds
1: Write took 0 seconds
1: Write took 0 seconds
1: Write took 0 seconds
1: Write took 0 seconds
1: Write took 0 seconds
1: Write took 0 seconds
1: Write took 0 seconds
1: Write took 0 seconds
1: Write took 0 seconds
1: Write took 0 seconds
1: Write took 0 seconds
energy derivative -61.05993629 +/- 0.1613724948
energy derivative -276.7866862 +/- 0.6165371515
energy derivative -966.4799489 +/- 11.5740624
energy derivative -1813.71029 +/- 45.57948356
energy derivative -6.944828659 +/- 0.04395696529
energy derivative -34.17789232 +/- 0.2076149234
energy derivative -164.0150424 +/- 0.8055647782
energy derivative -704.0119129 +/- 2.163450658
energy derivative -2111.698659 +/- 8.606697946
energy derivative -1386.368153 +/- 3.207837346
energy derivative -2155.351596 +/- 8.799481495
energy derivative -6218.952941 +/- 120.9438801
energy derivative -4061.297073 +/- 49.2555559
energy derivative -4220.168617 +/- 51.45747206
energy derivative -6338.016433 +/- 124.5793935
energy derivative -7287.100162 +/- 305.3087736
energy derivative -7362.308237 +/- 188.6552633
energy derivative -7285.941713 +/- 306.536971
energy derivative -4740.372126 +/- 63.22139047
energy derivative -7809.062968 +/- 248.5779231
eigenvals (2804697.573,0) (930717.1421,0) (170410.2174,0) (48456.36319,0) (36816.78509,0) (-43421.38697,0) (8702.487927,0) (-31773.70721,0) (-27212.23457,2319.17705) (-27212.23457,-2319.17705) (-25825.89588,0) (-24206.27748,0) (-22003.66379,0) (-19296.18995,0) (-12789.01023,0) (2605.255644,0) (2659.766536,0) (575.2981848,0) (83.36866214,0) (-17.9974533,0) (-9.334167611,0) 
chose 20 eigenval -9.334167611
eigenvals (14048583.23,0) (4701056.262,0) (930669.4538,0) (296560.5296,0) (192617.565,0) (90608.82384,0) (-42392.73318,0) (16636.08755,0) (15042.49598,0) (-30614.27959,0) (-27552.23265,0) (-25614.37821,0) (-25181.81591,0) (-14925.91319,0) (-18877.39892,0) (-22187.9365,0) (-5935.350906,0) (3590.660333,0) (1451.945238,0) (-8.234298943,0) (93.79650251,0) 
chose 19 eigenval -8.234298943
eigenvals (70268096.19,0) (23552847.75,0) (4734429.235,0) (1543835.41,0) (972810.9034,0) (504768.6397,0) (88174.45366,0) (82079.50864,0) (49609.46042,0) (-41079.65158,0) (15670.62955,0) (-29196.99948,825.6159512) (-29196.99948,-825.6159512) (-24447.45241,1030.907456) (-24447.45241,-1030.907456) (-20437.68259,0) (-15447.64995,0) (9993.454292,0) (410.1827149,0) (-6.251776168,0) (3476.136035,0) 
chose 12 eigenval -29196.99948
eigenvals (351365678,0) (117811824.5,0) (23753738.73,0) (7781509.251,0) (4874385.785,0) (2577035.553,0) (451464.4356,0) (429853.2567,0) (324390.6715,0) (125222.3662,0) (74547.89451,0) (34242.37391,0) (2479.49503,0) (13.92440914,0) (-39998.75177,0) (-11360.44305,0) (-18156.28831,0) (-28641.83251,1363.811564) (-28641.83251,-1363.811564) (-22217.09102,0) (-23821.98229,0) 
chose 18 eigenval -28641.83251
eigenvals (1756853591,0) (589106711.5,0) (118850389.1,0) (38970137.58,0) (24382406.22,0) (12938700.45,0) (2271561.929,0) (2178414.122,0) (1694087.12,0) (698282.3824,0) (384456.1575,0) (182686.5634,0) (18774.62879,0) (-39129.28111,0) (-27672.79711,1259.735746) (-27672.79711,-1259.735746) (-23949.33538,0) (-19219.5232,0) (-3365.968161,0) (2167.988589,0) (221.9112695,0) 
i 15 stab 18.70178802 p0 0.1994756437 eigenval (-27672.79711,-1259.735746)
i 16 stab 18.70178802 p0 0.1324622739 eigenval (-23949.33538,0)
chose 15 eigenval -27672.79711
eigenvals (8784293153,0) (2945581150,0) (594333661.9,0) (194913330.9,0) (121922538.7,0) (64747092.64,0) (11373081.66,0) (10924225.02,0) (8540475.738,0) (3565522.11,0) (1934095.104,0) (928136.6539,0) (128432.0103,0) (102487.1158,0) (-37415.96308,0) (-27937.68016,0) (-24572.52127,0) (-22445.40625,0) (-12215.35151,0) (-65.34013972,0) (19002.58325,0) 
i 14 stab 93.50894008 p0 0.1176202292 eigenval (-37415.96308,0)
chose 14 eigenval -37415.96308
eigenvals (4.392149098e+10,0) (1.472795334e+10,0) (2971750029,0) (974629308.1,0) (609623207.3,0) (323789067.2,0) (56880903.91,0) (54653936.87,0) (42771935.43,0) (17902078.33,0) (9682405.847,0) (4656463.257,0) (695052.4829,0) (602327.8736,0) (116653.7007,0) (31668.41394,0) (-34905.96744,0) (-28442.75676,0) (-22675.04489,0) (-11189.89345,0) (371.9355634,0) 
i 16 stab 467.5447004 p0 0.2660253567 eigenval (-34905.96744,0)
i 17 stab 467.5447004 p0 0.1882079896 eigenval (-28442.75676,0)
i 18 stab 467.5447004 p0 0.2722490513 eigenval (-22675.04489,0)
chose 18 eigenval -22675.04489
eigenvals (2.196074801e+11,0) (7.363981428e+10,0) (1.485883187e+10,0) (4873209196,0) (3048126552,0) (1618998943,0) (284420060.6,0) (273302629.9,0) (213929134.5,0) (89584930.31,0) (48423986.79,0) (23298338,0) (3534893.633,0) (3097513.809,0) (604789.6776,0) (262598.8014,0) (42323.40758,0) (-17695.93448,0) (-32001.65516,0) (-28772.7865,0) (2741.637029,0) 
i 17 stab 2337.723502 p0 0.2130562229 eigenval (-17695.93448,0)
i 18 stab 2337.723502 p0 0.5467683088 eigenval (-32001.65516,0)
chose 18 eigenval -32001.65516
eigenvals (1.098037426e+12,0) (3.68199119e+11,0) (7.429424105e+10,0) (2.436610864e+10,0) (1.524064327e+10,0) (8095048321,0) (1422115853,0) (1366546122,0) (1069715110,0) (447999204.4,0) (242131897.1,0) (116507761.2,0) (17735764.1,0) (15572309.78,0) (3045862.191,0) (1420757.999,0) (309536.4383,0) (30876.32697,0) (-3185.076477,0) (-29475.12726,0) (-28493.48411,0) 
i 18 stab 11688.61751 p0 0.1673030654 eigenval (-3185.076477,0)
i 19 stab 11688.61751 p0 0.8481515606 eigenval (-29475.12726,0)
i 20 stab 11688.61751 p0 0.7183450597 eigenval (-28493.48411,0)
chose 19 eigenval -29475.12726
eigenvals (5.490187153e+12,0) (1.840995643e+12,0) (3.71471287e+11,0) (1.218306058e+11,0) (7.620322688e+10,0) (4.047529521e+10,0) (7110594819,0) (6832763588,0) (5348644984,0) (2240070578,0) (1210671450,0) (582554887.3,0) (88740463.1,0) (77946048.68,0) (15251344.54,0) (7212284.937,0) (1645905.788,0) (231265.0214,0) (18695.65345,0) (-29606.06462,0) (-24653.10938,0) 
i 19 stab 58443.08755 p0 0.9887897536 eigenval (-29606.06462,0)
i 20 stab 58443.08755 p0 0.7162443528 eigenval (-24653.10938,0)
chose 19 eigenval -29606.06462
eigenvals (2.745093579e+13,0) (9.20497826e+12,0) (1.857356517e+12,0) (6.091530918e+11,0) (3.810161449e+11,0) (2.023765297e+11,0) (3.555298965e+10,0) (3.416385092e+10,0) (2.674329435e+10,0) (1.120042744e+10,0) (6053369214,0) (2912790520,0) (443764028,0) (389814694.4,0) (76278782.42,0) (36170066.46,0) (8327825.57,0) (1248431.646,0) (121788.7189,0) (-29787.83207,0) (-15107.33887,0) 
i 19 stab 292215.4377 p0 0.9994019284 eigenval (-29787.83207,0)
i 20 stab 292215.4377 p0 0.5187289651 eigenval (-15107.33887,0)
chose 19 eigenval -29787.83207
eigenvals (1.37254679e+14,0) (4.602489135e+13,0) (9.286782665e+12,0) (3.045765522e+12,0) (1.905080735e+12,0) (1.011882702e+12,0) (1.777649638e+11,0) (1.708192876e+11,0) (1.337165412e+11,0) (5.600221178e+10,0) (3.026685804e+10,0) (1.456396868e+10,0) (2218881866,0) (1949157913,0) (381415977.2,0) (180959003.5,0) (41737439.74,0) (6336567.115,0) (642451.7784,0) (-29884.5965,0) (24254.47318,0) 
i 19 stab 1461077.189 p0 0.9999718268 eigenval (-29884.5965,0)
i 20 stab 1461077.189 p0 0.1794391185 eigenval (24254.47318,0)
chose 19 eigenval -29884.5965
eigenvals (6.862733949e+14,0) (2.301244568e+14,0) (4.643391341e+13,0) (1.522882767e+13,0) (9.525403686e+12,0) (5.059413563e+12,0) (8.888248345e+11,0) (8.540964708e+11,0) (6.685827754e+11,0) (2.800111335e+11,0) (1.513343021e+11,0) (7.28198595e+10,0) (1.109447106e+10,0) (9745874006,0) (1907101952,0) (904903694.3,0) (208785513.7,0) (31777679.22,0) (3247877.755,0) (-29914.44388,0) (218053.1067,0) 
i 19 stab 7305385.944 p0 0.9999988095 eigenval (-29914.44388,0)
chose 19 eigenval -29914.44388
eigenvals (3.431366975e+15,0) (1.150622284e+15,0) (2.321695671e+14,0) (7.614413842e+13,0) (4.762701844e+13,0) (2.529706787e+13,0) (4.444124188e+12,0) (4.270482387e+12,0) (3.342913946e+12,0) (1.400055742e+12,0) (7.566715227e+11,0) (3.640993136e+11,0) (5.547241704e+10,0) (4.872945447e+10,0) (9535531826,0) (4524627150,0) (1044025884,0) (158983325.7,0) (-29921.14243,0) (16275495.46,0) (1186327.734,0) 
i 18 stab 36526929.72 p0 0.9999999518 eigenval (-29921.14243,0)
chose 18 eigenval -29921.14243
eigenvals (1.715683487e+16,0) (5.75311142e+15,0) (1.160847836e+15,0) (3.807206922e+14,0) (2.381350922e+14,0) (1.264853394e+14,0) (2.222062096e+13,0) (2.135241197e+13,0) (1.67145698e+13,0) (7.000278784e+12,0) (3.783357625e+12,0) (1.820496584e+12,0) (2.773621469e+11,0) (2.436473568e+11,0) (4.76776812e+10,0) (2.262324443e+10,0) (5220227736,0) (795011575.5,0) (-29922.5157,0) (81413684.42,0) (6027550.739,0) 
i 18 stab 182634648.6 p0 0.9999999981 eigenval (-29922.5157,0)
chose 18 eigenval -29922.5157
eigenvals (1.098037426e+12,0) (3.68199119e+11,0) (7.429424105e+10,0) (2.436610864e+10,0) (1.524064327e+10,0) (8095048321,0) (1422115853,0) (1366546122,0) (1069715110,0) (447999204.4,0) (242131897.1,0) (116507761.2,0) (17735764.1,0) (15572309.78,0) (3045862.191,0) (1420757.999,0) (309536.4383,0) (30876.32697,0) (-3185.076477,0) (-29475.12726,0) (-28493.48411,0) 
i 18 stab 11688.61751 p0 0.1673030654 eigenval (-3185.076477,0)
i 19 stab 11688.61751 p0 0.8481515606 eigenval (-29475.12726,0)
i 20 stab 11688.61751 p0 0.7183450597 eigenval (-28493.48411,0)
chose 19 eigenval -29475.12726
eigenvals (5.490187153e+12,0) (1.840995643e+12,0) (3.71471287e+11,0) (1.218306058e+11,0) (7.620322688e+10,0) (4.047529521e+10,0) (7110594819,0) (6832763588,0) (5348644984,0) (2240070578,0) (1210671450,0) (582554887.3,0) (88740463.1,0) (77946048.68,0) (15251344.54,0) (7212284.937,0) (1645905.788,0) (231265.0214,0) (18695.65345,0) (-29606.06462,0) (-24653.10938,0) 
i 19 stab 58443.08755 p0 0.9887897536 eigenval (-29606.06462,0)
i 20 stab 58443.08755 p0 0.7162443528 eigenval (-24653.10938,0)
chose 19 eigenval -29606.06462
eigenvals (2.745093579e+13,0) (9.20497826e+12,0) (1.857356517e+12,0) (6.091530918e+11,0) (3.810161449e+11,0) (2.023765297e+11,0) (3.555298965e+10,0) (3.416385092e+10,0) (2.674329435e+10,0) (1.120042744e+10,0) (6053369214,0) (2912790520,0) (443764028,0) (389814694.4,0) (76278782.42,0) (36170066.46,0) (8327825.57,0) (1248431.646,0) (121788.7189,0) (-29787.83207,0) (-15107.33887,0) 
i 19 stab 292215.4377 p0 0.9994019284 eigenval (-29787.83207,0)
i 20 stab 292215.4377 p0 0.5187289651 eigenval (-15107.33887,0)
chose 19 eigenval -29787.83207
eigenvals (1.37254679e+14,0) (4.602489135e+13,0) (9.286782665e+12,0) (3.045765522e+12,0) (1.905080735e+12,0) (1.011882702e+12,0) (1.777649638e+11,0) (1.708192876e+11,0) (1.337165412e+11,0) (5.600221178e+10,0) (3.026685804e+10,0) (1.456396868e+10,0) (2218881866,0) (1949157913,0) (381415977.2,0) (180959003.5,0) (41737439.74,0) (6336567.115,0) (642451.7784,0) (-29884.5965,0) (24254.47318,0) 
i 19 stab 1461077.189 p0 0.9999718268 eigenval (-29884.5965,0)
i 20 stab 1461077.189 p0 0.1794391185 eigenval (24254.47318,0)
chose 19 eigenval -29884.5965
eigenvals (6.862733949e+14,0) (2.301244568e+14,0) (4.643391341e+13,0) (1.522882767e+13,0) (9.525403686e+12,0) (5.059413563e+12,0) (8.888248345e+11,0) (8.540964708e+11,0) (6.685827754e+11,0) (2.800111335e+11,0) (1.513343021e+11,0) (7.28198595e+10,0) (1.109447106e+10,0) (9745874006,0) (1907101952,0) (904903694.3,0) (208785513.7,0) (31777679.22,0) (3247877.755,0) (-29914.44388,0) (218053.1067,0) 
i 19 stab 7305385.944 p0 0.9999988095 eigenval (-29914.44388,0)
chose 19 eigenval -29914.44388
eigenvals (3.431366975e+15,0) (1.150622284e+15,0) (2.321695671e+14,0) (7.614413842e+13,0) (4.762701844e+13,0) (2.529706787e+13,0) (4.444124188e+12,0) (4.270482387e+12,0) (3.342913946e+12,0) (1.400055742e+12,0) (7.566715227e+11,0) (3.640993136e+11,0) (5.547241704e+10,0) (4.872945447e+10,0) (9535531826,0) (4524627150,0) (1044025884,0) (158983325.7,0) (-29921.14243,0) (16275495.46,0) (1186327.734,0) 
i 18 stab 36526929.72 p0 0.9999999518 eigenval (-29921.14243,0)
chose 18 eigenval -29921.14243
eigenvals (1.715683487e+16,0) (5.75311142e+15,0) (1.160847836e+15,0) (3.807206922e+14,0) (2.381350922e+14,0) (1.264853394e+14,0) (2.222062096e+13,0) (2.135241197e+13,0) (1.67145698e+13,0) (7.000278784e+12,0) (3.783357625e+12,0) (1.820496584e+12,0) (2.773621469e+11,0) (2.436473568e+11,0) (4.76776812e+10,0) (2.262324443e+10,0) (5220227736,0) (795011575.5,0) (-29922.5157,0) (81413684.42,0) (6027550.739,0) 
i 18 stab 182634648.6 p0 0.9999999981 eigenval (-29922.5157,0)
chose 18 eigenval -29922.5157
0: Timestep is 1.1509375
1: Timestep is 1.1509375
2: Timestep is 1.1509375
3: Timestep is 1.1509375
4: Timestep is 1.1509375
5: Timestep is 1.1509375
6: Timestep is 1.1509375
7: Timestep is 1.1509375
8: Timestep is 1.1509375
9: Timestep is 1.1509375
10: Timestep is 1.1509375
11: Timestep is 1.1509375
12: Timestep is 1.1509375
13: Timestep is 1.1509375
14: Timestep is 1.1509375
15: Timestep is 1.1509375
16: Timestep is 1.1509375
17: Timestep is 1.1509375
18: Timestep is 1.1509375
19: Timestep is 1.1509375
20: Timestep is 1.1509375
21: Timestep is 1.1509375
22: Timestep is 1.1509375
23: Timestep is 1.1509375
24: Timestep is 1.1509375
25: Timestep is 1.1509375
26: Timestep is 1.1509375
27: Timestep is 1.1509375
28: Timestep is 1.1509375
29: Timestep is 1.1509375
30: Timestep is 1.1509375
31: Timestep is 1.1509375
32: Timestep is 1.1509375
33: Timestep is 1.1509375
34: Timestep is 1.1509375
35: Timestep is 1.1509375
36: Timestep is 1.1509375
37: Timestep is 1.1509375
38: Timestep is 1.1509375
39: Timestep is 1.1509375
40: Timestep is 1.1509375
41: Timestep is 1.1509375
42: Timestep is 1.1509375
43: Timestep is 1.1509375
44: Timestep is 1.1509375
45: Timestep is 1.1509375
46: Timestep is 1.1509375
47: Timestep is 1.1509375
48: Timestep is 1.1509375
49: Timestep is 1.1509375
50: Timestep is 1.1509375
51: Timestep is 1.1509375
52: Timestep is 1.1509375
53: Timestep is 1.1509375
55: Timestep is 1.1509375
56: Timestep is 1.1509375
57: Timestep is 1.1509375
58: Timestep is 1.1509375
59: Timestep is 1.1509375
60: Timestep is 1.1509375
61: Timestep is 1.1509375
62: Timestep is 1.1509375
63: Timestep is 1.1509375
54: Timestep is 1.1509375
fitting to -2027.954817 11688.61751
fitting to -133.2589631 58443.08755
fitting to -0.9480117231 292215.4377
fitting to 0.02889268463 182634648.6
fitting to 0.1425639906 36526929.72
fit r2 0.1985351966 curvature -1.103534412e-13
eigenvals (1.098037426e+12,0) (3.68199119e+11,0) (7.429424105e+10,0) (2.436610864e+10,0) (1.524064327e+10,0) (8095048321,0) (1422115853,0) (1366546122,0) (1069715110,0) (447999204.4,0) (242131897.1,0) (116507761.2,0) (17735764.1,0) (15572309.78,0) (3045862.191,0) (1420757.999,0) (309536.4383,0) (30876.32697,0) (-3185.076477,0) (-29475.12726,0) (-28493.48411,0) 
i 18 stab 11688.61751 p0 0.1673030654 eigenval (-3185.076477,0)
i 19 stab 11688.61751 p0 0.8481515606 eigenval (-29475.12726,0)
i 20 stab 11688.61751 p0 0.7183450597 eigenval (-28493.48411,0)
chose 19 eigenval -29475.12726
0: Timestep is 1.14
1: Timestep is 1.14
2: Timestep is 1.14
4: Timestep is 1.14
5: Timestep is 1.14
6: Timestep is 1.14
7: Timestep is 1.14
8: Timestep is 1.14
9: Timestep is 1.14
10: Timestep is 1.14
11: Timestep is 1.14
12: Timestep is 1.14
13: Timestep is 1.14
14: Timestep is 1.14
15: Timestep is 1.14
16: Timestep is 1.14
17: Timestep is 1.14
18: Timestep is 1.14
19: Timestep is 1.14
20: Timestep is 1.14
21: Timestep is 1.14
22: Timestep is 1.14
23: Timestep is 1.14
24: Timestep is 1.14
25: Timestep is 1.14
26: Timestep is 1.14
27: Timestep is 1.14
28: Timestep is 1.14
29: Timestep is 1.14
30: Timestep is 1.14
31: Timestep is 1.14
32: Timestep is 1.14
33: Timestep is 1.14
34: Timestep is 1.14
35: Timestep is 1.14
36: Timestep is 1.14
37: Timestep is 1.14
38: Timestep is 1.14
39: Timestep is 1.14
40: Timestep is 1.14
41: Timestep is 1.14
42: Timestep is 1.14
43: Timestep is 1.14
44: Timestep is 1.14
45: Timestep is 1.14
46: Timestep is 1.14
47: Timestep is 1.14
48: Timestep is 1.14
49: Timestep is 1.14
50: Timestep is 1.14
51: Timestep is 1.14
52: Timestep is 1.14
53: Timestep is 1.14
54: Timestep is 1.14
55: Timestep is 1.14
56: Timestep is 1.14
57: Timestep is 1.14
58: Timestep is 1.14
59: Timestep is 1.14
60: Timestep is 1.14
61: Timestep is 1.14
62: Timestep is 1.14
63: Timestep is 1.14
3: Timestep is 1.14
Read took 0 seconds
0: Timestep is 1.4003125
2: Timestep is 1.4003125
3: Timestep is 1.4003125
4: Timestep is 1.4003125
5: Timestep is 1.4003125
6: Timestep is 1.4003125
7: Timestep is 1.4003125
8: Timestep is 1.4003125
9: Timestep is 1.4003125
10: Timestep is 1.4003125
11: Timestep is 1.4003125
12: Timestep is 1.4003125
13: Timestep is 1.4003125
14: Timestep is 1.4003125
15: Timestep is 1.4003125
16: Timestep is 1.4003125
17: Timestep is 1.4003125
18: Timestep is 1.4003125
19: Timestep is 1.4003125
20: Timestep is 1.4003125
21: Timestep is 1.4003125
22: Timestep is 1.4003125
23: Timestep is 1.4003125
24: Timestep is 1.4003125
25: Timestep is 1.4003125
26: Timestep is 1.4003125
27: Timestep is 1.4003125
28: Timestep is 1.4003125
29: Timestep is 1.4003125
30: Timestep is 1.4003125
31: Timestep is 1.4003125
32: Timestep is 1.4003125
33: Timestep is 1.4003125
34: Timestep is 1.4003125
35: Timestep is 1.4003125
36: Timestep is 1.4003125
37: Timestep is 1.4003125
38: Timestep is 1.4003125
39: Timestep is 1.4003125
40: Timestep is 1.4003125
41: Timestep is 1.4003125
42: Timestep is 1.4003125
43: Timestep is 1.4003125
44: Timestep is 1.4003125
45: Timestep is 1.4003125
46: Timestep is 1.4003125
47: Timestep is 1.4003125
48: Timestep is 1.4003125
49: Timestep is 1.4003125
50: Timestep is 1.4003125
51: Timestep is 1.4003125
52: Timestep is 1.4003125
53: Timestep is 1.4003125
54: Timestep is 1.4003125
55: Timestep is 1.4003125
56: Timestep is 1.4003125
57: Timestep is 1.4003125
58: Timestep is 1.4003125
59: Timestep is 1.4003125
60: Timestep is 1.4003125
61: Timestep is 1.4003125
62: Timestep is 1.4003125
63: Timestep is 1.4003125
1: Timestep is 1.4003125
1: Write took 0 seconds
1: Write took 0 seconds
1: Write took 0 seconds
1: Write took 0 seconds
1: Write took 0 seconds
1: Write took 0 seconds
1: Write took 0 seconds
1: Write took 0 seconds
1: Write took 0 seconds
1: Write took 0 seconds
1: Write took 0 seconds
1: Write took 0 seconds
1: Write took 0 seconds
1: Write took 0 seconds
1: Write took 0 seconds
1: Write took 0 seconds
1: Write took 0 seconds
1: Write took 0 seconds
1: Write took 0 seconds
1: Write took 0 seconds
energy derivative -nan +/- -nan
energy derivative -nan +/- -nan
energy derivative -nan +/- -nan
energy derivative -nan +/- -nan
energy derivative -nan +/- -nan
energy derivative -nan +/- -nan
energy derivative -nan +/- -nan
energy derivative -nan +/- -nan
energy derivative -nan +/- -nan
energy derivative -nan +/- -nan
energy derivative -nan +/- -nan
energy derivative -nan +/- -nan
energy derivative -nan +/- -nan
energy derivative -nan +/- -nan
energy derivative -nan +/- -nan
energy derivative -nan +/- -nan
energy derivative -nan +/- -nan
energy derivative -nan +/- -nan
energy derivative -nan +/- -nan
energy derivative -nan +/- -nan
eigenvals (-nan,-nan) (-nan,-nan) (-nan,-nan) (-nan,-nan) (-nan,-nan) (-nan,-nan) (-nan,-nan) (-nan,-nan) (-nan,-nan) (-nan,-nan) (-nan,-nan) (-nan,-nan) (-nan,-nan) (-nan,-nan) (-nan,-nan) (-nan,-nan) (-nan,-nan) (-nan,-nan) (-nan,-nan) (-nan,-nan) (-nan,-nan) 
chose 0 eigenval 100000000
eigenvals (-nan,-nan) (nan,-nan) (nan,-nan) (nan,-nan) (nan,-nan) (nan,-nan) (nan,-nan) (nan,-nan) (nan,-nan) (nan,-nan) (nan,-nan) (nan,-nan) (nan,-nan) (nan,-nan) (nan,-nan) (nan,-nan) (nan,-nan) (nan,-nan) (nan,-nan) (nan,-nan) (nan,-nan) 
chose 0 eigenval 100000000
eigenvals (-nan,-nan) (nan,-nan) (nan,-nan) (nan,-nan) (nan,-nan) (nan,-nan) (nan,-nan) (nan,-nan) (nan,-nan) (nan,-nan) (nan,-nan) (nan,-nan) (nan,-nan) (nan,-nan) (nan,-nan) (nan,-nan) (nan,-nan) (nan,-nan) (nan,-nan) (nan,-nan) (nan,-nan) 
chose 0 eigenval 100000000
eigenvals (-nan,-nan) (nan,-nan) (nan,-nan) (nan,-nan) (nan,-nan) (nan,-nan) (nan,-nan) (nan,-nan) (nan,-nan) (nan,-nan) (nan,-nan) (nan,-nan) (nan,-nan) (nan,-nan) (nan,-nan) (nan,-nan) (nan,-nan) (nan,-nan) (nan,-nan) (nan,-nan) (nan,-nan) 
chose 0 eigenval 100000000
eigenvals (-nan,-nan) (nan,-nan) (nan,-nan) (nan,-nan) (nan,-nan) (nan,-nan) (nan,-nan) (nan,-nan) (nan,-nan) (nan,-nan) (nan,-nan) (nan,-nan) (nan,-nan) (nan,-nan) (nan,-nan) (nan,-nan) (nan,-nan) (nan,-nan) (nan,-nan) (nan,-nan) (nan,-nan) 
chose 0 eigenval 100000000
eigenvals (-nan,-nan) (nan,-nan) (nan,-nan) (nan,-nan) (nan,-nan) (nan,-nan) (nan,-nan) (nan,-nan) (nan,-nan) (nan,-nan) (nan,-nan) (nan,-nan) (nan,-nan) (nan,-nan) (nan,-nan) (nan,-nan) (nan,-nan) (nan,-nan) (nan,-nan) (nan,-nan) (nan,-nan) 
chose 0 eigenval 100000000
eigenvals (-nan,-nan) (nan,-nan) (nan,-nan) (nan,-nan) (nan,-nan) (nan,-nan) (nan,-nan) (nan,-nan) (nan,-nan) (nan,-nan) (nan,-nan) (nan,-nan) (nan,-nan) (nan,-nan) (nan,-nan) (nan,-nan) (nan,-nan) (nan,-nan) (nan,-nan) (nan,-nan) (nan,-nan) 
chose 0 eigenval 100000000
eigenvals (-nan,-nan) (nan,-nan) (nan,-nan) (nan,-nan) (nan,-nan) (nan,-nan) (nan,-nan) (nan,-nan) (nan,-nan) (nan,-nan) (nan,-nan) (nan,-nan) (nan,-nan) (nan,-nan) (nan,-nan) (nan,-nan) (nan,-nan) (nan,-nan) (nan,-nan) (nan,-nan) (nan,-nan) 
chose 0 eigenval 100000000
eigenvals (-nan,-nan) (nan,-nan) (nan,-nan) (nan,-nan) (nan,-nan) (nan,-nan) (nan,-nan) (nan,-nan) (nan,-nan) (nan,-nan) (nan,-nan) (nan,-nan) (nan,-nan) (nan,-nan) (nan,-nan) (nan,-nan) (nan,-nan) (nan,-nan) (nan,-nan) (nan,-nan) (nan,-nan) 
chose 0 eigenval 100000000
eigenvals (-nan,-nan) (nan,-nan) (nan,-nan) (nan,-nan) (nan,-nan) (nan,-nan) (nan,-nan) (nan,-nan) (nan,-nan) (nan,-nan) (nan,-nan) (nan,-nan) (nan,-nan) (nan,-nan) (nan,-nan) (nan,-nan) (nan,-nan) (nan,-nan) (nan,-nan) (nan,-nan) (nan,-nan) 
chose 0 eigenval 100000000
eigenvals (-nan,-nan) (nan,-nan) (nan,-nan) (nan,-nan) (nan,-nan) (nan,-nan) (nan,-nan) (nan,-nan) (nan,-nan) (nan,-nan) (nan,-nan) (nan,-nan) (nan,-nan) (nan,-nan) (nan,-nan) (nan,-nan) (nan,-nan) (nan,-nan) (nan,-nan) (nan,-nan) (nan,-nan) 
chose 0 eigenval 100000000
eigenvals (-nan,-nan) (nan,-nan) (nan,-nan) (nan,-nan) (nan,-nan) (nan,-nan) (nan,-nan) (nan,-nan) (nan,-nan) (nan,-nan) (nan,-nan) (nan,-nan) (nan,-nan) (nan,-nan) (nan,-nan) (nan,-nan) (nan,-nan) (nan,-nan) (nan,-nan) (nan,-nan) (nan,-nan) 
chose 0 eigenval 100000000
eigenvals (-nan,-nan) (nan,-nan) (nan,-nan) (nan,-nan) (nan,-nan) (nan,-nan) (nan,-nan) (nan,-nan) (nan,-nan) (nan,-nan) (nan,-nan) (nan,-nan) (nan,-nan) (nan,-nan) (nan,-nan) (nan,-nan) (nan,-nan) (nan,-nan) (nan,-nan) (nan,-nan) (nan,-nan) 
chose 0 eigenval 100000000
eigenvals (-nan,-nan) (nan,-nan) (nan,-nan) (nan,-nan) (nan,-nan) (nan,-nan) (nan,-nan) (nan,-nan) (nan,-nan) (nan,-nan) (nan,-nan) (nan,-nan) (nan,-nan) (nan,-nan) (nan,-nan) (nan,-nan) (nan,-nan) (nan,-nan) (nan,-nan) (nan,-nan) (nan,-nan) 
chose 0 eigenval 100000000
eigenvals (-nan,-nan) (nan,-nan) (nan,-nan) (nan,-nan) (nan,-nan) (nan,-nan) (nan,-nan) (nan,-nan) (nan,-nan) (nan,-nan) (nan,-nan) (nan,-nan) (nan,-nan) (nan,-nan) (nan,-nan) (nan,-nan) (nan,-nan) (nan,-nan) (nan,-nan) (nan,-nan) (nan,-nan) 
chose 0 eigenval 100000000
Read took 0 seconds
