#-------------------------------------------------
#VMC run: timestep 0.35 nconfig 3072 steps 30
#-------------------------------------------------


init { 
   label vmc
}
block { 
   label vmc
   totweight 92160
   nautocorr 0
   total_energy { -134.6792771976103   } 
   total_energyvar { 4.172716597863121   } 
   weight { 1   } 
   weightvar { 0   } 
   kinetic_energy { 47.53331616281068   } 
   kinetic_energyvar { 138.3030406571008   } 
   potential_energy { -199.983462743631   } 
   potential_energyvar { 266.6636112692717   } 
   nonlocal_energy { 17.77086938321003   } 
   nonlocal_energyvar { 277.8249513772373   } 
   autocorr_energy { } 
} 

block { 
   label vmc
   totweight 92160
   nautocorr 0
   total_energy { -134.6594263349963   } 
   total_energyvar { 2.545816573454392   } 
   weight { 1   } 
   weightvar { 0   } 
   kinetic_energy { 47.4178643618913   } 
   kinetic_energyvar { 136.9339108934463   } 
   potential_energy { -199.8740299506909   } 
   potential_energyvar { 266.6720863658171   } 
   nonlocal_energy { 17.79673925380333   } 
   nonlocal_energyvar { 274.0167964223025   } 
   autocorr_energy { } 
} 

block { 
   label vmc
   totweight 92160
   nautocorr 0
   total_energy { -134.6623945816866   } 
   total_energyvar { 2.519493385981908   } 
   weight { 1   } 
   weightvar { 0   } 
   kinetic_energy { 47.47797732822066   } 
   kinetic_energyvar { 137.1486807302667   } 
   potential_energy { -199.8461713609756   } 
   potential_energyvar { 266.5059196031758   } 
   nonlocal_energy { 17.70579945106839   } 
   nonlocal_energyvar { 269.9739181751903   } 
   autocorr_energy { } 
} 

block { 
   label vmc
   totweight 92160
   nautocorr 0
   total_energy { -134.6700036813767   } 
   total_energyvar { 2.586809611292728   } 
   weight { 1   } 
   weightvar { 0   } 
   kinetic_energy { 47.40939616763355   } 
   kinetic_energyvar { 139.9551929205807   } 
   potential_energy { -199.7386866217212   } 
   potential_energyvar { 264.7129791994399   } 
   nonlocal_energy { 17.65928677271098   } 
   nonlocal_energyvar { 272.5966277411523   } 
   autocorr_energy { } 
} 

block { 
   label vmc
   totweight 92160
   nautocorr 0
   total_energy { -134.659245538052   } 
   total_energyvar { 2.692600963121686   } 
   weight { 1   } 
   weightvar { 0   } 
   kinetic_energy { 47.63956975103762   } 
   kinetic_energyvar { 134.1830390860499   } 
   potential_energy { -199.8467517161019   } 
   potential_energyvar { 263.5370004033402   } 
   nonlocal_energy { 17.54793642701232   } 
   nonlocal_energyvar { 264.683662455088   } 
   autocorr_energy { } 
} 

block { 
   label vmc
   totweight 92160
   nautocorr 0
   total_energy { -134.6614322885967   } 
   total_energyvar { 2.524158404773114   } 
   weight { 1   } 
   weightvar { 0   } 
   kinetic_energy { 47.51310053259795   } 
   kinetic_energyvar { 136.2873405203087   } 
   potential_energy { -199.9965753536368   } 
   potential_energyvar { 267.3085432793835   } 
   nonlocal_energy { 17.82204253244216   } 
   nonlocal_energyvar { 273.0962762300547   } 
   autocorr_energy { } 
} 

block { 
   label vmc
   totweight 92160
   nautocorr 0
   total_energy { -134.6638629933891   } 
   total_energyvar { 4.367539481863199   } 
   weight { 1   } 
   weightvar { 0   } 
   kinetic_energy { 47.53075282414078   } 
   kinetic_energyvar { 138.2416960335173   } 
   potential_energy { -199.9803597230566   } 
   potential_energyvar { 266.8843900692438   } 
   nonlocal_energy { 17.78574390552668   } 
   nonlocal_energyvar { 275.2407602955471   } 
   autocorr_energy { } 
} 

block { 
   label vmc
   totweight 92160
   nautocorr 0
   total_energy { -134.6678700298506   } 
   total_energyvar { 2.718278165290849   } 
   weight { 1   } 
   weightvar { 0   } 
   kinetic_energy { 47.52192053752034   } 
   kinetic_energyvar { 138.5936378713115   } 
   potential_energy { -199.8700735696919   } 
   potential_energyvar { 267.4666158303696   } 
   nonlocal_energy { 17.68028300232099   } 
   nonlocal_energyvar { 271.4406157773986   } 
   autocorr_energy { } 
} 

block { 
   label vmc
   totweight 92160
   nautocorr 0
   total_energy { -134.6611549862929   } 
   total_energyvar { 2.682146802882401   } 
   weight { 1   } 
   weightvar { 0   } 
   kinetic_energy { 47.54732883128455   } 
   kinetic_energyvar { 136.8031759322137   } 
   potential_energy { -199.8356097177613   } 
   potential_energyvar { 266.7605279543509   } 
   nonlocal_energy { 17.62712590018379   } 
   nonlocal_energyvar { 272.5567909215304   } 
   autocorr_energy { } 
} 

block { 
   label vmc
   totweight 92160
   nautocorr 0
   total_energy { -134.6670543116814   } 
   total_energyvar { 2.511727179833823   } 
   weight { 1   } 
   weightvar { 0   } 
   kinetic_energy { 47.60136683554396   } 
   kinetic_energyvar { 133.8474645503699   } 
   potential_energy { -199.9601795600803   } 
   potential_energyvar { 265.010611874829   } 
   nonlocal_energy { 17.69175841285499   } 
   nonlocal_energyvar { 269.6056151653798   } 
   autocorr_energy { } 
} 

block { 
   label vmc
   totweight 92160
   nautocorr 0
   total_energy { -134.6633411865222   } 
   total_energyvar { 2.498297242495258   } 
   weight { 1   } 
   weightvar { 0   } 
   kinetic_energy { 47.56806483201184   } 
   kinetic_energyvar { 137.4536857509774   } 
   potential_energy { -199.9458507847533   } 
   potential_energyvar { 266.2955469707908   } 
   nonlocal_energy { 17.71444476621928   } 
   nonlocal_energyvar { 271.1148371572484   } 
   autocorr_energy { } 
} 

block { 
   label vmc
   totweight 92160
   nautocorr 0
   total_energy { -134.6652908620262   } 
   total_energyvar { 2.50228211746141   } 
   weight { 1   } 
   weightvar { 0   } 
   kinetic_energy { 47.41243229186998   } 
   kinetic_energyvar { 136.3128891038432   } 
   potential_energy { -199.972232122496   } 
   potential_energyvar { 266.6899089134192   } 
   nonlocal_energy { 17.89450896859985   } 
   nonlocal_energyvar { 274.1092233559214   } 
   autocorr_energy { } 
} 

block { 
   label vmc
   totweight 92160
   nautocorr 0
   total_energy { -134.6442718673171   } 
   total_energyvar { 2.48355385533352   } 
   weight { 1   } 
   weightvar { 0   } 
   kinetic_energy { 47.53132906349536   } 
   kinetic_energyvar { 135.8576737765928   } 
   potential_energy { -199.7710154541791   } 
   potential_energyvar { 263.334407216128   } 
   nonlocal_energy { 17.5954145233667   } 
   nonlocal_energyvar { 263.9226497122268   } 
   autocorr_energy { } 
} 

block { 
   label vmc
   totweight 92160
   nautocorr 0
   total_energy { -134.6653136390731   } 
   total_energyvar { 2.487626681429035   } 
   weight { 1   } 
   weightvar { 0   } 
   kinetic_energy { 47.43456764713281   } 
   kinetic_energyvar { 139.3620533846035   } 
   potential_energy { -199.8463090621941   } 
   potential_energyvar { 267.9104996824263   } 
   nonlocal_energy { 17.74642777598821   } 
   nonlocal_energyvar { 273.6214440258528   } 
   autocorr_energy { } 
} 

block { 
   label vmc
   totweight 92160
   nautocorr 0
   total_energy { -134.649295361637   } 
   total_energyvar { 2.493169993337352   } 
   weight { 1   } 
   weightvar { 0   } 
   kinetic_energy { 47.395194653144   } 
   kinetic_energyvar { 137.3196876381723   } 
   potential_energy { -199.8301339592903   } 
   potential_energyvar { 268.1040593829234   } 
   nonlocal_energy { 17.78564394450922   } 
   nonlocal_energyvar { 273.9305381525712   } 
   autocorr_energy { } 
} 

block { 
   label vmc
   totweight 92160
   nautocorr 0
   total_energy { -134.6570262641603   } 
   total_energyvar { 2.590675369900982   } 
   weight { 1   } 
   weightvar { 0   } 
   kinetic_energy { 47.48083437279715   } 
   kinetic_energyvar { 140.2588610829243   } 
   potential_energy { -199.8733300090658   } 
   potential_energyvar { 269.7308911563666   } 
   nonlocal_energy { 17.73546937210832   } 
   nonlocal_energyvar { 279.1605705008424   } 
   autocorr_energy { } 
} 

block { 
   label vmc
   totweight 92160
   nautocorr 0
   total_energy { -134.6678775974419   } 
   total_energyvar { 2.599346316583913   } 
   weight { 1   } 
   weightvar { 0   } 
   kinetic_energy { 47.38777914862034   } 
   kinetic_energyvar { 136.7160372107994   } 
   potential_energy { -199.7147859574253   } 
   potential_energyvar { 266.444239595395   } 
   nonlocal_energy { 17.65912921136309   } 
   nonlocal_energyvar { 270.152584776311   } 
   autocorr_energy { } 
} 

block { 
   label vmc
   totweight 92160
   nautocorr 0
   total_energy { -134.6649760564063   } 
   total_energyvar { 2.427380928315734   } 
   weight { 1   } 
   weightvar { 0   } 
   kinetic_energy { 47.46317920063383   } 
   kinetic_energyvar { 138.0489180663411   } 
   potential_energy { -199.7971156137579   } 
   potential_energyvar { 265.949825188907   } 
   nonlocal_energy { 17.66896035671771   } 
   nonlocal_energyvar { 271.1987898090521   } 
   autocorr_energy { } 
} 

block { 
   label vmc
   totweight 92160
   nautocorr 0
   total_energy { -134.6584839060345   } 
   total_energyvar { 2.520675412501859   } 
   weight { 1   } 
   weightvar { 0   } 
   kinetic_energy { 47.4579924248437   } 
   kinetic_energyvar { 138.5374962482058   } 
   potential_energy { -199.8737817017674   } 
   potential_energyvar { 267.7306262113775   } 
   nonlocal_energy { 17.75730537088915   } 
   nonlocal_energyvar { 276.0644606294559   } 
   autocorr_energy { } 
} 

block { 
   label vmc
   totweight 92160
   nautocorr 0
   total_energy { -134.6595615096512   } 
   total_energyvar { 2.563808772173217   } 
   weight { 1   } 
   weightvar { 0   } 
   kinetic_energy { 47.43935698679952   } 
   kinetic_energyvar { 136.5017726249554   } 
   potential_energy { -199.7825067976418   } 
   potential_energyvar { 268.4824092627943   } 
   nonlocal_energy { 17.68358830119103   } 
   nonlocal_energyvar { 273.7006192899101   } 
   autocorr_energy { } 
} 

block { 
   label vmc
   totweight 92160
   nautocorr 0
   total_energy { -134.6678542077307   } 
   total_energyvar { 2.473616122190394   } 
   weight { 1   } 
   weightvar { 0   } 
   kinetic_energy { 47.61518259059113   } 
   kinetic_energyvar { 137.676591952511   } 
   potential_energy { -200.0567595514093   } 
   potential_energyvar { 265.2633014824141   } 
   nonlocal_energy { 17.77372275308745   } 
   nonlocal_energyvar { 270.7596316138107   } 
   autocorr_energy { } 
} 

block { 
   label vmc
   totweight 92160
   nautocorr 0
   total_energy { -134.6653049349236   } 
   total_energyvar { 2.539439532601696   } 
   weight { 1   } 
   weightvar { 0   } 
   kinetic_energy { 47.43110217156548   } 
   kinetic_energyvar { 136.5901332371843   } 
   potential_energy { -199.7189355288329   } 
   potential_energyvar { 265.3670751058522   } 
   nonlocal_energy { 17.62252842234383   } 
   nonlocal_energyvar { 270.1347841809501   } 
   autocorr_energy { } 
} 

block { 
   label vmc
   totweight 92160
   nautocorr 0
   total_energy { -134.6661798159617   } 
   total_energyvar { 2.466703404233519   } 
   weight { 1   } 
   weightvar { 0   } 
   kinetic_energy { 47.48620342460371   } 
   kinetic_energyvar { 136.0591953474005   } 
   potential_energy { -199.7448528426973   } 
   potential_energyvar { 266.5786181639558   } 
   nonlocal_energy { 17.59246960213192   } 
   nonlocal_energyvar { 268.0326720510554   } 
   autocorr_energy { } 
} 

block { 
   label vmc
   totweight 92160
   nautocorr 0
   total_energy { -134.6597599464882   } 
   total_energyvar { 3.330031388738165   } 
   weight { 1   } 
   weightvar { 0   } 
   kinetic_energy { 47.56750579668129   } 
   kinetic_energyvar { 134.4066405075386   } 
   potential_energy { -199.8347179119715   } 
   potential_energyvar { 265.6768342981198   } 
   nonlocal_energy { 17.60745216880202   } 
   nonlocal_energyvar { 266.4678894339092   } 
   autocorr_energy { } 
} 

block { 
   label vmc
   totweight 92160
   nautocorr 0
   total_energy { -134.6668345507477   } 
   total_energyvar { 2.50553809159045   } 
   weight { 1   } 
   weightvar { 0   } 
   kinetic_energy { 47.57961593241277   } 
   kinetic_energyvar { 134.3045177216437   } 
   potential_energy { -199.8487934546648   } 
   potential_energyvar { 265.2956030591391   } 
   nonlocal_energy { 17.60234297150438   } 
   nonlocal_energyvar { 262.7551049338749   } 
   autocorr_energy { } 
} 

block { 
   label vmc
   totweight 92160
   nautocorr 0
   total_energy { -134.6571879391298   } 
   total_energyvar { 2.495053454415707   } 
   weight { 1   } 
   weightvar { 0   } 
   kinetic_energy { 47.49883183729504   } 
   kinetic_energyvar { 139.4921735921959   } 
   potential_energy { -199.9807688722744   } 
   potential_energyvar { 268.7077303378217   } 
   nonlocal_energy { 17.82474909584965   } 
   nonlocal_energyvar { 279.1278796009631   } 
   autocorr_energy { } 
} 

block { 
   label vmc
   totweight 92160
   nautocorr 0
   total_energy { -134.6639683728463   } 
   total_energyvar { 2.514785162135711   } 
   weight { 1   } 
   weightvar { 0   } 
   kinetic_energy { 47.57417723088834   } 
   kinetic_energyvar { 136.7075042253434   } 
   potential_energy { -199.953321819204   } 
   potential_energyvar { 265.2098604223896   } 
   nonlocal_energy { 17.71517621546935   } 
   nonlocal_energyvar { 269.5255450526182   } 
   autocorr_energy { } 
} 

block { 
   label vmc
   totweight 92160
   nautocorr 0
   total_energy { -134.6749860359054   } 
   total_energyvar { 2.721546680703613   } 
   weight { 1   } 
   weightvar { 0   } 
   kinetic_energy { 47.53750516378257   } 
   kinetic_energyvar { 142.0540762430269   } 
   potential_energy { -200.0622608581329   } 
   potential_energyvar { 267.653040267811   } 
   nonlocal_energy { 17.84976965844497   } 
   nonlocal_energyvar { 283.7915576637411   } 
   autocorr_energy { } 
} 

block { 
   label vmc
   totweight 92160
   nautocorr 0
   total_energy { -134.6615740588948   } 
   total_energyvar { 2.743846116516033   } 
   weight { 1   } 
   weightvar { 0   } 
   kinetic_energy { 47.44021646278468   } 
   kinetic_energyvar { 134.6980944544427   } 
   potential_energy { -199.840410328446   } 
   potential_energyvar { 265.3067453749591   } 
   nonlocal_energy { 17.73861980676649   } 
   nonlocal_energyvar { 267.4486666450408   } 
   autocorr_energy { } 
} 

block { 
   label vmc
   totweight 92160
   nautocorr 0
   total_energy { -134.6586636472201   } 
   total_energyvar { 5.931938200660997   } 
   weight { 1   } 
   weightvar { 0   } 
   kinetic_energy { 47.56379388221249   } 
   kinetic_energyvar { 137.4082395634393   } 
   potential_energy { -199.8718869496892   } 
   potential_energyvar { 263.6351498567944   } 
   nonlocal_energy { 17.64942942025664   } 
   nonlocal_energyvar { 268.4741260966689   } 
   autocorr_energy { } 
} 

block { 
   label vmc
   totweight 92160
   nautocorr 0
   total_energy { -134.6652317888455   } 
   total_energyvar { 2.669305652228841   } 
   weight { 1   } 
   weightvar { 0   } 
   kinetic_energy { 47.49839190250245   } 
   kinetic_energyvar { 135.6859247857362   } 
   potential_energy { -199.7482612664171   } 
   potential_energyvar { 265.8965938115675   } 
   nonlocal_energy { 17.58463757506914   } 
   nonlocal_energyvar { 271.4009731340257   } 
   autocorr_energy { } 
} 

block { 
   label vmc
   totweight 92160
   nautocorr 0
   total_energy { -134.6604062362591   } 
   total_energyvar { 2.529698027024795   } 
   weight { 1   } 
   weightvar { 0   } 
   kinetic_energy { 47.48748734801271   } 
   kinetic_energyvar { 136.1498517784893   } 
   potential_energy { -199.8310732321554   } 
   potential_energyvar { 267.9782031301197   } 
   nonlocal_energy { 17.68317964788363   } 
   nonlocal_energyvar { 274.682397887698   } 
   autocorr_energy { } 
} 

block { 
   label vmc
   totweight 92160
   nautocorr 0
   total_energy { -134.6493990148277   } 
   total_energyvar { 2.478695689729256   } 
   weight { 1   } 
   weightvar { 0   } 
   kinetic_energy { 47.53130962575477   } 
   kinetic_energyvar { 137.3429224233151   } 
   potential_energy { -199.8649212350995   } 
   potential_energyvar { 266.2435722558949   } 
   nonlocal_energy { 17.68421259451704   } 
   nonlocal_energyvar { 267.7261864398065   } 
   autocorr_energy { } 
} 

block { 
   label vmc
   totweight 92160
   nautocorr 0
   total_energy { -134.665861005589   } 
   total_energyvar { 2.505685810022162   } 
   weight { 1   } 
   weightvar { 0   } 
   kinetic_energy { 47.58826815504062   } 
   kinetic_energyvar { 137.7344644598623   } 
   potential_energy { -199.9559434364936   } 
   potential_energyvar { 264.8807592409797   } 
   nonlocal_energy { 17.70181427586395   } 
   nonlocal_energyvar { 275.0634151239512   } 
   autocorr_energy { } 
} 

block { 
   label vmc
   totweight 92160
   nautocorr 0
   total_energy { -134.6525464931895   } 
   total_energyvar { 2.515238581796434   } 
   weight { 1   } 
   weightvar { 0   } 
   kinetic_energy { 47.5404463802274   } 
   kinetic_energyvar { 135.9046455242032   } 
   potential_energy { -199.9503204129534   } 
   potential_energyvar { 265.515438658505   } 
   nonlocal_energy { 17.75732753953657   } 
   nonlocal_energyvar { 271.3964269033402   } 
   autocorr_energy { } 
} 

block { 
   label vmc
   totweight 92160
   nautocorr 0
   total_energy { -134.6753025201889   } 
   total_energyvar { 2.520364482176626   } 
   weight { 1   } 
   weightvar { 0   } 
   kinetic_energy { 47.38094519367596   } 
   kinetic_energyvar { 139.7283171864439   } 
   potential_energy { -199.7894819415356   } 
   potential_energyvar { 267.6501497638945   } 
   nonlocal_energy { 17.73323422767069   } 
   nonlocal_energyvar { 278.0638075642774   } 
   autocorr_energy { } 
} 

block { 
   label vmc
   totweight 92160
   nautocorr 0
   total_energy { -134.6639055756208   } 
   total_energyvar { 2.532302455639914   } 
   weight { 1   } 
   weightvar { 0   } 
   kinetic_energy { 47.4917643064282   } 
   kinetic_energyvar { 136.8777930666558   } 
   potential_energy { -199.7805329005602   } 
   potential_energyvar { 263.1317879212897   } 
   nonlocal_energy { 17.62486301851119   } 
   nonlocal_energyvar { 266.547584129951   } 
   autocorr_energy { } 
} 

block { 
   label vmc
   totweight 92160
   nautocorr 0
   total_energy { -134.6644552710615   } 
   total_energyvar { 2.501090038087697   } 
   weight { 1   } 
   weightvar { 0   } 
   kinetic_energy { 47.54908835859889   } 
   kinetic_energyvar { 135.1020475961122   } 
   potential_energy { -199.8488948692497   } 
   potential_energyvar { 262.4513633206748   } 
   nonlocal_energy { 17.63535123958939   } 
   nonlocal_energyvar { 263.1514513845978   } 
   autocorr_energy { } 
} 

block { 
   label vmc
   totweight 92160
   nautocorr 0
   total_energy { -134.6615642569249   } 
   total_energyvar { 2.462343209194831   } 
   weight { 1   } 
   weightvar { 0   } 
   kinetic_energy { 47.51460030297427   } 
   kinetic_energyvar { 133.9175768224144   } 
   potential_energy { -199.6339935792737   } 
   potential_energyvar { 264.2850405637317   } 
   nonlocal_energy { 17.45782901937458   } 
   nonlocal_energyvar { 262.7088144659962   } 
   autocorr_energy { } 
} 

block { 
   label vmc
   totweight 92160
   nautocorr 0
   total_energy { -134.6597152964442   } 
   total_energyvar { 2.592490204669954   } 
   weight { 1   } 
   weightvar { 0   } 
   kinetic_energy { 47.51235096720789   } 
   kinetic_energyvar { 137.0062269642542   } 
   potential_energy { -199.9046141268858   } 
   potential_energyvar { 266.1757961393662   } 
   nonlocal_energy { 17.73254786323371   } 
   nonlocal_energyvar { 274.3879124549624   } 
   autocorr_energy { } 
} 

