#-------------------------------------------------
#VMC run: timestep 0.5 nconfig 2560 steps 20
#-------------------------------------------------


init { 
   label vmc
}
block { 
   label vmc
   totweight 51200
   nautocorr 0
   total_energy { -134.5508917840989   } 
   total_energyvar { 5.433069099100416   } 
   weight { 1   } 
   weightvar { 0   } 
   kinetic_energy { 47.34210337411368   } 
   kinetic_energyvar { 154.8134020555427   } 
   potential_energy { -195.6505627533885   } 
   potential_energyvar { 169.116570626517   } 
   nonlocal_energy { 13.75756759517597   } 
   nonlocal_energyvar { 232.6208837119391   } 
   autocorr_energy { } 
} 

block { 
   label vmc
   totweight 51200
   nautocorr 0
   total_energy { -134.5378914405399   } 
   total_energyvar { 3.586793656942399   } 
   weight { 1   } 
   weightvar { 0   } 
   kinetic_energy { 47.45706571088655   } 
   kinetic_energyvar { 151.1720662271942   } 
   potential_energy { -195.6045363614669   } 
   potential_energyvar { 168.6391586061318   } 
   nonlocal_energy { 13.60957921004053   } 
   nonlocal_energyvar { 219.8858429450621   } 
   autocorr_energy { } 
} 

block { 
   label vmc
   totweight 51200
   nautocorr 0
   total_energy { -134.5262810556407   } 
   total_energyvar { 3.631511756873917   } 
   weight { 1   } 
   weightvar { 0   } 
   kinetic_energy { 47.4714611976354   } 
   kinetic_energyvar { 154.3932451411254   } 
   potential_energy { -195.8603975890537   } 
   potential_energyvar { 170.4890337746913   } 
   nonlocal_energy { 13.86265533577764   } 
   nonlocal_energyvar { 232.2868658623337   } 
   autocorr_energy { } 
} 

block { 
   label vmc
   totweight 51200
   nautocorr 0
   total_energy { -134.534465117278   } 
   total_energyvar { 3.619898470705754   } 
   weight { 1   } 
   weightvar { 0   } 
   kinetic_energy { 47.47534175287555   } 
   kinetic_energyvar { 150.4223011625377   } 
   potential_energy { -195.7555233836236   } 
   potential_energyvar { 165.7762376816324   } 
   nonlocal_energy { 13.74571651347009   } 
   nonlocal_energyvar { 222.9842727255561   } 
   autocorr_energy { } 
} 

block { 
   label vmc
   totweight 51200
   nautocorr 0
   total_energy { -134.5253351074562   } 
   total_energyvar { 3.679513711054577   } 
   weight { 1   } 
   weightvar { 0   } 
   kinetic_energy { 47.41693916933371   } 
   kinetic_energyvar { 161.0510688523197   } 
   potential_energy { -195.9326593052782   } 
   potential_energyvar { 166.8381303419288   } 
   nonlocal_energy { 13.99038502848825   } 
   nonlocal_energyvar { 240.9850272278557   } 
   autocorr_energy { } 
} 

block { 
   label vmc
   totweight 51200
   nautocorr 0
   total_energy { -134.5287651555829   } 
   total_energyvar { 3.518844238029254   } 
   weight { 1   } 
   weightvar { 0   } 
   kinetic_energy { 47.30284383536646   } 
   kinetic_energyvar { 157.5602639571524   } 
   potential_energy { -195.5690975338301   } 
   potential_energyvar { 167.8377199456777   } 
   nonlocal_energy { 13.73748854288077   } 
   nonlocal_energyvar { 231.3482237097405   } 
   autocorr_energy { } 
} 

block { 
   label vmc
   totweight 51200
   nautocorr 0
   total_energy { -134.526610570823   } 
   total_energyvar { 3.675731224465151   } 
   weight { 1   } 
   weightvar { 0   } 
   kinetic_energy { 47.38369774272719   } 
   kinetic_energyvar { 156.0809395795068   } 
   potential_energy { -195.7245889854387   } 
   potential_energyvar { 168.4995579574737   } 
   nonlocal_energy { 13.81428067188857   } 
   nonlocal_energyvar { 232.3097172333298   } 
   autocorr_energy { } 
} 

block { 
   label vmc
   totweight 51200
   nautocorr 0
   total_energy { -134.5202578382136   } 
   total_energyvar { 3.558178093085286   } 
   weight { 1   } 
   weightvar { 0   } 
   kinetic_energy { 47.35653854190978   } 
   kinetic_energyvar { 158.6987393440199   } 
   potential_energy { -195.7058966856405   } 
   potential_energyvar { 167.7236743411198   } 
   nonlocal_energy { 13.82910030551706   } 
   nonlocal_energyvar { 235.0916288644403   } 
   autocorr_energy { } 
} 

block { 
   label vmc
   totweight 51200
   nautocorr 0
   total_energy { -134.5477391412723   } 
   total_energyvar { 3.442809730730241   } 
   weight { 1   } 
   weightvar { 0   } 
   kinetic_energy { 47.50345258489454   } 
   kinetic_energyvar { 154.0422899928133   } 
   potential_energy { -195.7662487654748   } 
   potential_energyvar { 168.0694178341651   } 
   nonlocal_energy { 13.71505703930802   } 
   nonlocal_energyvar { 226.9228896618307   } 
   autocorr_energy { } 
} 

block { 
   label vmc
   totweight 51200
   nautocorr 0
   total_energy { -134.5197166610432   } 
   total_energyvar { 3.559739972513641   } 
   weight { 1   } 
   weightvar { 0   } 
   kinetic_energy { 47.3667845021335   } 
   kinetic_energyvar { 152.8780271950736   } 
   potential_energy { -195.5902912546786   } 
   potential_energyvar { 169.4882013773659   } 
   nonlocal_energy { 13.70379009150191   } 
   nonlocal_energyvar { 224.5495088834267   } 
   autocorr_energy { } 
} 

block { 
   label vmc
   totweight 51200
   nautocorr 0
   total_energy { -134.5385422587598   } 
   total_energyvar { 3.556083289764993   } 
   weight { 1   } 
   weightvar { 0   } 
   kinetic_energy { 47.41507917772795   } 
   kinetic_energyvar { 158.2464726431692   } 
   potential_energy { -195.7599060427406   } 
   potential_energyvar { 169.1703051524837   } 
   nonlocal_energy { 13.80628460625278   } 
   nonlocal_energyvar { 232.4160293739354   } 
   autocorr_energy { } 
} 

block { 
   label vmc
   totweight 51200
   nautocorr 0
   total_energy { -134.5333274100679   } 
   total_energyvar { 3.511412488425677   } 
   weight { 1   } 
   weightvar { 0   } 
   kinetic_energy { 47.24342219754212   } 
   kinetic_energyvar { 154.8163216673279   } 
   potential_energy { -195.6309932578019   } 
   potential_energyvar { 169.4050374157004   } 
   nonlocal_energy { 13.85424365019187   } 
   nonlocal_energyvar { 231.1464488252732   } 
   autocorr_energy { } 
} 

block { 
   label vmc
   totweight 51200
   nautocorr 0
   total_energy { -134.5362103921031   } 
   total_energyvar { 3.866373225330037   } 
   weight { 1   } 
   weightvar { 0   } 
   kinetic_energy { 47.49928550806733   } 
   kinetic_energyvar { 152.5620411998028   } 
   potential_energy { -195.6201085981037   } 
   potential_energyvar { 168.0281011207281   } 
   nonlocal_energy { 13.58461269793324   } 
   nonlocal_energyvar { 222.7180124047283   } 
   autocorr_energy { } 
} 

block { 
   label vmc
   totweight 51200
   nautocorr 0
   total_energy { -134.5415771019402   } 
   total_energyvar { 3.845326999780155   } 
   weight { 1   } 
   weightvar { 0   } 
   kinetic_energy { 47.56356726830349   } 
   kinetic_energyvar { 148.2063701840115   } 
   potential_energy { -195.648206712381   } 
   potential_energyvar { 166.7154386882397   } 
   nonlocal_energy { 13.54306234213735   } 
   nonlocal_energyvar { 213.26965822806   } 
   autocorr_energy { } 
} 

block { 
   label vmc
   totweight 51200
   nautocorr 0
   total_energy { -134.536859979635   } 
   total_energyvar { 3.551139721663874   } 
   weight { 1   } 
   weightvar { 0   } 
   kinetic_energy { 47.2379845701924   } 
   kinetic_energyvar { 161.7269416944991   } 
   potential_energy { -195.7521559062895   } 
   potential_energyvar { 167.0642800108073   } 
   nonlocal_energy { 13.97731135646207   } 
   nonlocal_energyvar { 236.5165334149383   } 
   autocorr_energy { } 
} 

block { 
   label vmc
   totweight 51200
   nautocorr 0
   total_energy { -134.5259474482881   } 
   total_energyvar { 3.707964394994722   } 
   weight { 1   } 
   weightvar { 0   } 
   kinetic_energy { 47.0949918300362   } 
   kinetic_energyvar { 163.4103979415259   } 
   potential_energy { -195.6146672368528   } 
   potential_energyvar { 171.9417232349936   } 
   nonlocal_energy { 13.99372795852853   } 
   nonlocal_energyvar { 246.5537241023689   } 
   autocorr_energy { } 
} 

block { 
   label vmc
   totweight 51200
   nautocorr 0
   total_energy { -134.5294828990108   } 
   total_energyvar { 3.514623582621845   } 
   weight { 1   } 
   weightvar { 0   } 
   kinetic_energy { 47.52822853478489   } 
   kinetic_energyvar { 144.5489334227619   } 
   potential_energy { -195.5397115647663   } 
   potential_energyvar { 167.6316461424917   } 
   nonlocal_energy { 13.48200013097059   } 
   nonlocal_energyvar { 212.8099590694364   } 
   autocorr_energy { } 
} 

block { 
   label vmc
   totweight 51200
   nautocorr 0
   total_energy { -134.5270781245394   } 
   total_energyvar { 3.66026063852089   } 
   weight { 1   } 
   weightvar { 0   } 
   kinetic_energy { 47.26250008566051   } 
   kinetic_energyvar { 163.6749612500384   } 
   potential_energy { -195.7458396797278   } 
   potential_energyvar { 168.0592736461811   } 
   nonlocal_energy { 13.95626146952788   } 
   nonlocal_energyvar { 242.7340769792451   } 
   autocorr_energy { } 
} 

block { 
   label vmc
   totweight 51200
   nautocorr 0
   total_energy { -134.5217046104718   } 
   total_energyvar { 3.551098748347433   } 
   weight { 1   } 
   weightvar { 0   } 
   kinetic_energy { 47.36714445552847   } 
   kinetic_energyvar { 149.7539234255664   } 
   potential_energy { -195.66222196803   } 
   potential_energyvar { 167.6118554336654   } 
   nonlocal_energy { 13.77337290202972   } 
   nonlocal_energyvar { 220.0505086112995   } 
   autocorr_energy { } 
} 

block { 
   label vmc
   totweight 51200
   nautocorr 0
   total_energy { -134.5102389067648   } 
   total_energyvar { 8.926397657075148   } 
   weight { 1   } 
   weightvar { 0   } 
   kinetic_energy { 47.54229009711869   } 
   kinetic_energyvar { 153.3598464329329   } 
   potential_energy { -195.7265513735252   } 
   potential_energyvar { 167.8655446431663   } 
   nonlocal_energy { 13.67402236964173   } 
   nonlocal_energyvar { 232.7297380308615   } 
   autocorr_energy { } 
} 

