#-------------------------------------------------
#DMC run: timestep 0.005
#-------------------------------------------------


init { 
   label spin_0.005
}
block { 
   label spin_0.005
   totweight 819200
   nautocorr 0
   total_energy { -146.9370259150762   } 
   total_energyvar { 1.490601959412963   } 
   weight { 1.020843660653363   } 
   weightvar { 0.02963668898543214   } 
   kinetic_energy { 56.99755488793433   } 
   kinetic_energyvar { 183.3532823058331   } 
   potential_energy { -223.3374614666513   } 
   potential_energyvar { 383.0395081009689   } 
   nonlocal_energy { 19.40288066364088   } 
   nonlocal_energyvar { 324.5706387842279   } 
   autocorr_energy { } 
} 

block { 
   label spin_0.005
   totweight 819200
   nautocorr 0
   total_energy { -146.919951982206   } 
   total_energyvar { 1.55080353516305   } 
   weight { 1.0121673754379   } 
   weightvar { 0.07383931682701818   } 
   kinetic_energy { 57.4405190527495   } 
   kinetic_energyvar { 184.8856465551486   } 
   potential_energy { -223.9733728458172   } 
   potential_energyvar { 387.1437058770662   } 
   nonlocal_energy { 19.61290181086168   } 
   nonlocal_energyvar { 326.0629939287275   } 
   autocorr_energy { } 
} 

block { 
   label spin_0.005
   totweight 819200
   nautocorr 0
   total_energy { -146.9146004557646   } 
   total_energyvar { 1.532499524692267   } 
   weight { 0.996837189921823   } 
   weightvar { 0.0882228985522918   } 
   kinetic_energy { 57.48410046035139   } 
   kinetic_energyvar { 183.2484752542074   } 
   potential_energy { -224.0076966039541   } 
   potential_energyvar { 380.0909838606123   } 
   nonlocal_energy { 19.60899568783808   } 
   nonlocal_energyvar { 327.0187003134034   } 
   autocorr_energy { } 
} 

block { 
   label spin_0.005
   totweight 819200
   nautocorr 0
   total_energy { -146.9112140700527   } 
   total_energyvar { 1.508972093534901   } 
   weight { 0.9905020101711426   } 
   weightvar { 0.09274254084958164   } 
   kinetic_energy { 57.43783382600297   } 
   kinetic_energyvar { 183.0807489486828   } 
   potential_energy { -223.762566694775   } 
   potential_energyvar { 380.4062243491729   } 
   nonlocal_energy { 19.41351879871937   } 
   nonlocal_energyvar { 324.059554732637   } 
   autocorr_energy { } 
} 

block { 
   label spin_0.005
   totweight 819200
   nautocorr 0
   total_energy { -146.9078923261697   } 
   total_energyvar { 1.548097173421683   } 
   weight { 0.9870772724168466   } 
   weightvar { 0.09646484919575665   } 
   kinetic_energy { 57.34645409568726   } 
   kinetic_energyvar { 182.841922365989   } 
   potential_energy { -223.6576609108053   } 
   potential_energyvar { 383.2693264241381   } 
   nonlocal_energy { 19.40331448894836   } 
   nonlocal_energyvar { 322.1270448651719   } 
   autocorr_energy { } 
} 

block { 
   label spin_0.005
   totweight 819200
   nautocorr 0
   total_energy { -146.918594343718   } 
   total_energyvar { 1.519252347090507   } 
   weight { 0.9899400558325582   } 
   weightvar { 0.09541691302722752   } 
   kinetic_energy { 57.40431482250179   } 
   kinetic_energyvar { 181.368034323125   } 
   potential_energy { -223.7290012674662   } 
   potential_energyvar { 380.2477926338776   } 
   nonlocal_energy { 19.40609210124646   } 
   nonlocal_energyvar { 322.6593571081077   } 
   autocorr_energy { } 
} 

block { 
   label spin_0.005
   totweight 819200
   nautocorr 0
   total_energy { -146.9172728870692   } 
   total_energyvar { 1.53673823313973   } 
   weight { 0.9987176644335581   } 
   weightvar { 0.09285545185725889   } 
   kinetic_energy { 57.45564356623701   } 
   kinetic_energyvar { 183.55527396327   } 
   potential_energy { -223.9761690785371   } 
   potential_energyvar { 384.0826515100185   } 
   nonlocal_energy { 19.60325262523091   } 
   nonlocal_energyvar { 328.8450525931834   } 
   autocorr_energy { } 
} 

block { 
   label spin_0.005
   totweight 819200
   nautocorr 0
   total_energy { -146.9118218207817   } 
   total_energyvar { 1.536354636667215   } 
   weight { 0.9993992988580941   } 
   weightvar { 0.09398166244754941   } 
   kinetic_energy { 57.59446078458289   } 
   kinetic_energyvar { 183.6079748922858   } 
   potential_energy { -224.0469253136236   } 
   potential_energyvar { 385.5877465401682   } 
   nonlocal_energy { 19.54064270825903   } 
   nonlocal_energyvar { 324.9230799215867   } 
   autocorr_energy { } 
} 

block { 
   label spin_0.005
   totweight 819200
   nautocorr 0
   total_energy { -146.9114588787666   } 
   total_energyvar { 1.536184256923232   } 
   weight { 0.9977872078202082   } 
   weightvar { 0.09163350501221591   } 
   kinetic_energy { 57.55300018005988   } 
   kinetic_energyvar { 184.709738375806   } 
   potential_energy { -224.0169800360099   } 
   potential_energyvar { 384.953171702595   } 
   nonlocal_energy { 19.5525209771834   } 
   nonlocal_energyvar { 328.100358768433   } 
   autocorr_energy { } 
} 

block { 
   label spin_0.005
   totweight 819200
   nautocorr 0
   total_energy { -146.907624591514   } 
   total_energyvar { 1.532980709011416   } 
   weight { 0.995738627549558   } 
   weightvar { 0.09113021957748899   } 
   kinetic_energy { 57.53329078718505   } 
   kinetic_energyvar { 182.2354082847245   } 
   potential_energy { -223.8837910632779   } 
   potential_energyvar { 381.3988882573966   } 
   nonlocal_energy { 19.44287568457894   } 
   nonlocal_energyvar { 321.1318405695958   } 
   autocorr_energy { } 
} 

block { 
   label spin_0.005
   totweight 819200
   nautocorr 0
   total_energy { -146.9100738995877   } 
   total_energyvar { 1.6233264163434   } 
   weight { 0.9959382046971882   } 
   weightvar { 0.09131577265251535   } 
   kinetic_energy { 57.44690231552701   } 
   kinetic_energyvar { 183.5964944788159   } 
   potential_energy { -223.9002200346418   } 
   potential_energyvar { 379.4602255375728   } 
   nonlocal_energy { 19.54324381952709   } 
   nonlocal_energyvar { 327.6306154201614   } 
   autocorr_energy { } 
} 

block { 
   label spin_0.005
   totweight 819200
   nautocorr 0
   total_energy { -146.9201532758341   } 
   total_energyvar { 1.519615830962867   } 
   weight { 0.9982120694606418   } 
   weightvar { 0.09196095639368183   } 
   kinetic_energy { 57.44724908779275   } 
   kinetic_energyvar { 183.2442292896607   } 
   potential_energy { -223.8773906216771   } 
   potential_energyvar { 382.8362814779123   } 
   nonlocal_energy { 19.5099882580503   } 
   nonlocal_energyvar { 320.9627006967393   } 
   autocorr_energy { } 
} 

block { 
   label spin_0.005
   totweight 819200
   nautocorr 0
   total_energy { -146.9268663298307   } 
   total_energyvar { 1.514797611272971   } 
   weight { 1.00686595636304   } 
   weightvar { 0.0913365916787591   } 
   kinetic_energy { 57.4614268527499   } 
   kinetic_energyvar { 180.2795966156579   } 
   potential_energy { -223.869507856433   } 
   potential_energyvar { 381.7908040496021   } 
   nonlocal_energy { 19.48121467385233   } 
   nonlocal_energyvar { 321.4727059446022   } 
   autocorr_energy { } 
} 

block { 
   label spin_0.005
   totweight 819200
   nautocorr 0
   total_energy { -146.9183405309809   } 
   total_energyvar { 1.59294546655492   } 
   weight { 1.007019793259004   } 
   weightvar { 0.09071780297194584   } 
   kinetic_energy { 57.45099910920597   } 
   kinetic_energyvar { 184.7016757663537   } 
   potential_energy { -223.9444426452979   } 
   potential_energyvar { 381.0653105707755   } 
   nonlocal_energy { 19.57510300511102   } 
   nonlocal_energyvar { 324.4505167905243   } 
   autocorr_energy { } 
} 

block { 
   label spin_0.005
   totweight 819200
   nautocorr 0
   total_energy { -146.9140371639249   } 
   total_energyvar { 1.659886134001747   } 
   weight { 1.001095608869156   } 
   weightvar { 0.09056017117509849   } 
   kinetic_energy { 57.42707054773411   } 
   kinetic_energyvar { 186.947728991696   } 
   potential_energy { -223.806688587059   } 
   potential_energyvar { 385.037699707133   } 
   nonlocal_energy { 19.46558087539999   } 
   nonlocal_energyvar { 332.0144839201872   } 
   autocorr_energy { } 
} 

block { 
   label spin_0.005
   totweight 819200
   nautocorr 0
   total_energy { -146.9171500256451   } 
   total_energyvar { 1.52776093710252   } 
   weight { 1.002524664469625   } 
   weightvar { 0.09081616074416927   } 
   kinetic_energy { 57.50200892794296   } 
   kinetic_energyvar { 178.9917912125102   } 
   potential_energy { -223.8244428751809   } 
   potential_energyvar { 377.5047144193565   } 
   nonlocal_energy { 19.40528392159286   } 
   nonlocal_energyvar { 319.7107286049268   } 
   autocorr_energy { } 
} 

block { 
   label spin_0.005
   totweight 819200
   nautocorr 0
   total_energy { -146.9032389597986   } 
   total_energyvar { 1.548505834680673   } 
   weight { 0.996273546181618   } 
   weightvar { 0.08925566179207924   } 
   kinetic_energy { 57.57938993080381   } 
   kinetic_energyvar { 183.2421191511976   } 
   potential_energy { -224.0614749336106   } 
   potential_energyvar { 383.988667753857   } 
   nonlocal_energy { 19.57884604300812   } 
   nonlocal_energyvar { 326.6559869711434   } 
   autocorr_energy { } 
} 

block { 
   label spin_0.005
   totweight 819200
   nautocorr 0
   total_energy { -146.9100374339455   } 
   total_energyvar { 1.502787957566583   } 
   weight { 0.9938829299711425   } 
   weightvar { 0.09335869721787679   } 
   kinetic_energy { 57.5133646711724   } 
   kinetic_energyvar { 179.7046603810928   } 
   potential_energy { -223.8725834271699   } 
   potential_energyvar { 379.7208727901248   } 
   nonlocal_energy { 19.44918132205197   } 
   nonlocal_energyvar { 319.2503564160806   } 
   autocorr_energy { } 
} 

block { 
   label spin_0.005
   totweight 819200
   nautocorr 0
   total_energy { -146.9202055241971   } 
   total_energyvar { 1.559616943788874   } 
   weight { 0.9977536095836084   } 
   weightvar { 0.09429988406633402   } 
   kinetic_energy { 57.51555144596926   } 
   kinetic_energyvar { 181.9370546152299   } 
   potential_energy { -223.9908858850323   } 
   potential_energyvar { 379.9876981677491   } 
   nonlocal_energy { 19.55512891486593   } 
   nonlocal_energyvar { 327.0708514396022   } 
   autocorr_energy { } 
} 

block { 
   label spin_0.005
   totweight 819200
   nautocorr 0
   total_energy { -146.9135207901895   } 
   total_energyvar { 1.521007892748527   } 
   weight { 0.9994717441335385   } 
   weightvar { 0.09405395165016919   } 
   kinetic_energy { 57.37961011668509   } 
   kinetic_energyvar { 182.4852698836117   } 
   potential_energy { -223.7765532715661   } 
   potential_energyvar { 380.7103906149055   } 
   nonlocal_energy { 19.48342236469154   } 
   nonlocal_energyvar { 322.2508187367338   } 
   autocorr_energy { } 
} 

block { 
   label spin_0.005
   totweight 819200
   nautocorr 0
   total_energy { -146.9184739545435   } 
   total_energyvar { 1.575946252821231   } 
   weight { 1.000312619772364   } 
   weightvar { 0.09310776260450494   } 
   kinetic_energy { 57.39555338930563   } 
   kinetic_energyvar { 182.3817154309718   } 
   potential_energy { -223.7571817128674   } 
   potential_energyvar { 381.923692702033   } 
   nonlocal_energy { 19.44315436901827   } 
   nonlocal_energyvar { 323.3575596163749   } 
   autocorr_energy { } 
} 

block { 
   label spin_0.005
   totweight 819200
   nautocorr 0
   total_energy { -146.912051882727   } 
   total_energyvar { 1.548393100663296   } 
   weight { 1.000913606700683   } 
   weightvar { 0.09260618702840366   } 
   kinetic_energy { 57.50214484746158   } 
   kinetic_energyvar { 183.5439618243968   } 
   potential_energy { -223.9607218101028   } 
   potential_energyvar { 380.1692213226542   } 
   nonlocal_energy { 19.54652507991412   } 
   nonlocal_energyvar { 328.9986519884863   } 
   autocorr_energy { } 
} 

block { 
   label spin_0.005
   totweight 819200
   nautocorr 0
   total_energy { -146.9094888083072   } 
   total_energyvar { 1.52666299702593   } 
   weight { 0.9964189263840743   } 
   weightvar { 0.09044386885916175   } 
   kinetic_energy { 57.42065135549821   } 
   kinetic_energyvar { 183.2550804790569   } 
   potential_energy { -223.8329303965581   } 
   potential_energyvar { 384.0121236345587   } 
   nonlocal_energy { 19.50279023275279   } 
   nonlocal_energyvar { 328.5680908377947   } 
   autocorr_energy { } 
} 

block { 
   label spin_0.005
   totweight 819200
   nautocorr 0
   total_energy { -146.9162033095016   } 
   total_energyvar { 1.542350826143751   } 
   weight { 0.9992291113317142   } 
   weightvar { 0.09094817962227682   } 
   kinetic_energy { 57.33013044972025   } 
   kinetic_energyvar { 181.9681072957825   } 
   potential_energy { -223.8193479844844   } 
   potential_energyvar { 381.5607421135894   } 
   nonlocal_energy { 19.57301422526245   } 
   nonlocal_energyvar { 327.5874763875997   } 
   autocorr_energy { } 
} 

block { 
   label spin_0.005
   totweight 819200
   nautocorr 0
   total_energy { -146.9097756287723   } 
   total_energyvar { 1.521625732355872   } 
   weight { 0.9974711321610537   } 
   weightvar { 0.09318329452882268   } 
   kinetic_energy { 57.35840526508565   } 
   kinetic_energyvar { 181.2566747692098   } 
   potential_energy { -223.7493673456437   } 
   potential_energyvar { 379.9519593523229   } 
   nonlocal_energy { 19.48118645178568   } 
   nonlocal_energyvar { 321.132696284343   } 
   autocorr_energy { } 
} 

block { 
   label spin_0.005
   totweight 819200
   nautocorr 0
   total_energy { -146.9074067819859   } 
   total_energyvar { 1.532370877013504   } 
   weight { 0.9950650478005568   } 
   weightvar { 0.09332956480993278   } 
   kinetic_energy { 57.46895257962008   } 
   kinetic_energyvar { 181.0849106743122   } 
   potential_energy { -223.8901625340288   } 
   potential_energyvar { 380.7916374752145   } 
   nonlocal_energy { 19.51380317242288   } 
   nonlocal_energyvar { 324.5646760150462   } 
   autocorr_energy { } 
} 

block { 
   label spin_0.005
   totweight 819200
   nautocorr 0
   total_energy { -146.9085302694383   } 
   total_energyvar { 1.5289485727097   } 
   weight { 0.9942708588711272   } 
   weightvar { 0.09179159287666934   } 
   kinetic_energy { 57.40411510380925   } 
   kinetic_energyvar { 180.8399104512601   } 
   potential_energy { -223.7430470522515   } 
   potential_energyvar { 376.5402451737456   } 
   nonlocal_energy { 19.43040167900391   } 
   nonlocal_energyvar { 321.8172173934265   } 
   autocorr_energy { } 
} 

block { 
   label spin_0.005
   totweight 819200
   nautocorr 0
   total_energy { -146.916958166555   } 
   total_energyvar { 1.550655784233663   } 
   weight { 0.9980037197238714   } 
   weightvar { 0.09113687801124011   } 
   kinetic_energy { 57.63117158400676   } 
   kinetic_energyvar { 182.0892366910383   } 
   potential_energy { -224.0264263555555   } 
   potential_energyvar { 380.5802821271378   } 
   nonlocal_energy { 19.47829660499379   } 
   nonlocal_energyvar { 321.1556611166783   } 
   autocorr_energy { } 
} 

block { 
   label spin_0.005
   totweight 819200
   nautocorr 0
   total_energy { -146.9206361314041   } 
   total_energyvar { 1.529188811620845   } 
   weight { 1.000680150262862   } 
   weightvar { 0.09174281535949154   } 
   kinetic_energy { 57.40542144195195   } 
   kinetic_energyvar { 182.2550030137247   } 
   potential_energy { -223.7840142786801   } 
   potential_energyvar { 381.742693889935   } 
   nonlocal_energy { 19.45795670532408   } 
   nonlocal_energyvar { 322.8384605294369   } 
   autocorr_energy { } 
} 

block { 
   label spin_0.005
   totweight 819200
   nautocorr 0
   total_energy { -146.907777765834   } 
   total_energyvar { 1.511742550275895   } 
   weight { 1.001578129204234   } 
   weightvar { 0.0910312819667176   } 
   kinetic_energy { 57.46450219454391   } 
   kinetic_energyvar { 180.9145857366286   } 
   potential_energy { -223.6165835438267   } 
   potential_energyvar { 376.6439316737101   } 
   nonlocal_energy { 19.24430358344874   } 
   nonlocal_energyvar { 314.9654334655644   } 
   autocorr_energy { } 
} 

#-------------------------------------------------
#DMC run: timestep 0.005
#-------------------------------------------------


init { 
   label spin_0.005
}
block { 
   label spin_0.005
   totweight 819200
   nautocorr 0
   total_energy { -146.9085876627982   } 
   total_energyvar { 1.550911096470025   } 
   weight { 1.000120832637486   } 
   weightvar { 0.0904963142568061   } 
   kinetic_energy { 57.62279567658752   } 
   kinetic_energyvar { 183.1412442646913   } 
   potential_energy { -224.058899913347   } 
   potential_energyvar { 379.1888311591844   } 
   nonlocal_energy { 19.52751657396121   } 
   nonlocal_energyvar { 325.2266614401485   } 
   autocorr_energy { } 
} 

block { 
   label spin_0.005
   totweight 819200
   nautocorr 0
   total_energy { -146.9181243451768   } 
   total_energyvar { 1.551669996518735   } 
   weight { 1.003379508432486   } 
   weightvar { 0.09173548549098957   } 
   kinetic_energy { 57.52524648003678   } 
   kinetic_energyvar { 182.5514431882742   } 
   potential_energy { -223.9585265175587   } 
   potential_energyvar { 381.6703742608333   } 
   nonlocal_energy { 19.51515569234512   } 
   nonlocal_energyvar { 323.7761767384171   } 
   autocorr_energy { } 
} 

block { 
   label spin_0.005
   totweight 819200
   nautocorr 0
   total_energy { -146.9163700334847   } 
   total_energyvar { 1.516992525254061   } 
   weight { 1.004244712264601   } 
   weightvar { 0.09278849546277119   } 
   kinetic_energy { 57.51782240294834   } 
   kinetic_energyvar { 181.7077959441328   } 
   potential_energy { -223.8876979696629   } 
   potential_energyvar { 378.0820369094599   } 
   nonlocal_energy { 19.45350553322984   } 
   nonlocal_energyvar { 321.9827963818478   } 
   autocorr_energy { } 
} 

block { 
   label spin_0.005
   totweight 819200
   nautocorr 0
   total_energy { -146.9163562244494   } 
   total_energyvar { 1.529655019982644   } 
   weight { 1.003318411739181   } 
   weightvar { 0.09215813597041883   } 
   kinetic_energy { 57.36200590856995   } 
   kinetic_energyvar { 186.9735106516303   } 
   potential_energy { -223.7533526051863   } 
   potential_energyvar { 381.675513074217   } 
   nonlocal_energy { 19.47499047216699   } 
   nonlocal_energyvar { 326.900409823117   } 
   autocorr_energy { } 
} 

