#-------------------------------------------------
#VMC run: timestep 0.42 nconfig 3072 steps 20
#-------------------------------------------------


init { 
   label vmc
}
block { 
   label vmc
   totweight 61440
   nautocorr 0
   total_energy { -7.521929614805455   } 
   total_energyvar { 0.3880953709103575   } 
   weight { 1   } 
   weightvar { 0   } 
   kinetic_energy { 2.260213320586439   } 
   kinetic_energyvar { 2.67413553499695   } 
   potential_energy { -10.70436011767395   } 
   potential_energyvar { 3.242442313201755   } 
   nonlocal_energy { 0.9222171822820535   } 
   nonlocal_energyvar { 4.58910389758066   } 
   autocorr_energy { } 
} 

block { 
   label vmc
   totweight 61440
   nautocorr 0
   total_energy { -7.519482110154629   } 
   total_energyvar { 0.5180033475994542   } 
   weight { 1   } 
   weightvar { 0   } 
   kinetic_energy { 2.295553443498267   } 
   kinetic_energyvar { 2.568888783598465   } 
   potential_energy { -10.73155346206864   } 
   potential_energyvar { 3.421154032511733   } 
   nonlocal_energy { 0.9165179084157413   } 
   nonlocal_energyvar { 4.506532652177418   } 
   autocorr_energy { } 
} 

block { 
   label vmc
   totweight 61440
   nautocorr 0
   total_energy { -7.517100000504599   } 
   total_energyvar { 0.4961408327473668   } 
   weight { 1   } 
   weightvar { 0   } 
   kinetic_energy { 2.299167058357895   } 
   kinetic_energyvar { 2.584964976050749   } 
   potential_energy { -10.72801773186878   } 
   potential_energyvar { 3.391235327667176   } 
   nonlocal_energy { 0.9117506730062864   } 
   nonlocal_energyvar { 4.43402270637056   } 
   autocorr_energy { } 
} 

block { 
   label vmc
   totweight 61440
   nautocorr 0
   total_energy { -7.521809401241502   } 
   total_energyvar { 0.3853437526726867   } 
   weight { 1   } 
   weightvar { 0   } 
   kinetic_energy { 2.290332568015558   } 
   kinetic_energyvar { 2.565089072883684   } 
   potential_energy { -10.71955996237117   } 
   potential_energyvar { 3.25556233440417   } 
   nonlocal_energy { 0.9074179931141059   } 
   nonlocal_energyvar { 4.378522902850047   } 
   autocorr_energy { } 
} 

block { 
   label vmc
   totweight 61440
   nautocorr 0
   total_energy { -7.517141561877467   } 
   total_energyvar { 0.4009068058184392   } 
   weight { 1   } 
   weightvar { 0   } 
   kinetic_energy { 2.28383469822063   } 
   kinetic_energyvar { 2.631034859946591   } 
   potential_energy { -10.72266022660346   } 
   potential_energyvar { 3.268246187412891   } 
   nonlocal_energy { 0.9216839665053591   } 
   nonlocal_energyvar { 4.584276173666273   } 
   autocorr_energy { } 
} 

block { 
   label vmc
   totweight 61440
   nautocorr 0
   total_energy { -7.51809453991146   } 
   total_energyvar { 0.3930219596787954   } 
   weight { 1   } 
   weightvar { 0   } 
   kinetic_energy { 2.295178929847772   } 
   kinetic_energyvar { 2.620764803197402   } 
   potential_energy { -10.72998213412168   } 
   potential_energyvar { 3.286858073531532   } 
   nonlocal_energy { 0.9167086643624444   } 
   nonlocal_energyvar { 4.490781421736433   } 
   autocorr_energy { } 
} 

block { 
   label vmc
   totweight 61440
   nautocorr 0
   total_energy { -7.522445954188839   } 
   total_energyvar { 0.3964030537914273   } 
   weight { 1   } 
   weightvar { 0   } 
   kinetic_energy { 2.299586292356036   } 
   kinetic_energyvar { 2.541786398489727   } 
   potential_energy { -10.73097213496457   } 
   potential_energyvar { 3.249098536063665   } 
   nonlocal_energy { 0.9089398884196908   } 
   nonlocal_energyvar { 4.373177297009229   } 
   autocorr_energy { } 
} 

block { 
   label vmc
   totweight 61440
   nautocorr 0
   total_energy { -7.516799039554576   } 
   total_energyvar { 0.4838724060130515   } 
   weight { 1   } 
   weightvar { 0   } 
   kinetic_energy { 2.294879201151496   } 
   kinetic_energyvar { 2.607054628586785   } 
   potential_energy { -10.72029523354354   } 
   potential_energyvar { 3.333643518567329   } 
   nonlocal_energy { 0.9086169928374663   } 
   nonlocal_energyvar { 4.508543995397202   } 
   autocorr_energy { } 
} 

block { 
   label vmc
   totweight 61440
   nautocorr 0
   total_energy { -7.519138723616899   } 
   total_energyvar { 0.3730283395333457   } 
   weight { 1   } 
   weightvar { 0   } 
   kinetic_energy { 2.304098275714309   } 
   kinetic_energyvar { 2.568021909030899   } 
   potential_energy { -10.73293345855199   } 
   potential_energyvar { 3.227067078603246   } 
   nonlocal_energy { 0.9096964592207861   } 
   nonlocal_energyvar { 4.440342744249592   } 
   autocorr_energy { } 
} 

block { 
   label vmc
   totweight 61440
   nautocorr 0
   total_energy { -7.522029662832918   } 
   total_energyvar { 0.4053881950789028   } 
   weight { 1   } 
   weightvar { 0   } 
   kinetic_energy { 2.296260399885663   } 
   kinetic_energyvar { 2.519466861489712   } 
   potential_energy { -10.72237538329695   } 
   potential_energyvar { 3.269820377588576   } 
   nonlocal_energy { 0.9040853205783699   } 
   nonlocal_energyvar { 4.36259541039984   } 
   autocorr_energy { } 
} 

block { 
   label vmc
   totweight 61440
   nautocorr 0
   total_energy { -7.521338642864191   } 
   total_energyvar { 0.391660964586062   } 
   weight { 1   } 
   weightvar { 0   } 
   kinetic_energy { 2.303410191109294   } 
   kinetic_energyvar { 2.566302156915191   } 
   potential_energy { -10.73891405553679   } 
   potential_energyvar { 3.281225745716061   } 
   nonlocal_energy { 0.9141652215633049   } 
   nonlocal_energyvar { 4.478176674320005   } 
   autocorr_energy { } 
} 

block { 
   label vmc
   totweight 61440
   nautocorr 0
   total_energy { -7.52338009011249   } 
   total_energyvar { 0.3871349131726461   } 
   weight { 1   } 
   weightvar { 0   } 
   kinetic_energy { 2.292081531051019   } 
   kinetic_energyvar { 2.53424894804923   } 
   potential_energy { -10.72303503882935   } 
   potential_energyvar { 3.258432300729107   } 
   nonlocal_energy { 0.9075734176658419   } 
   nonlocal_energyvar { 4.400870113262147   } 
   autocorr_energy { } 
} 

block { 
   label vmc
   totweight 61440
   nautocorr 0
   total_energy { -7.522279409651603   } 
   total_energyvar { 0.3662835739632458   } 
   weight { 1   } 
   weightvar { 0   } 
   kinetic_energy { 2.306863463793228   } 
   kinetic_energyvar { 2.564978771694774   } 
   potential_energy { -10.74715971675522   } 
   potential_energyvar { 3.226295327237445   } 
   nonlocal_energy { 0.9180168433103932   } 
   nonlocal_energyvar { 4.420875813878606   } 
   autocorr_energy { } 
} 

block { 
   label vmc
   totweight 61440
   nautocorr 0
   total_energy { -7.525251762494958   } 
   total_energyvar { 0.3846257383652197   } 
   weight { 1   } 
   weightvar { 0   } 
   kinetic_energy { 2.287712074250541   } 
   kinetic_energyvar { 2.531443921196063   } 
   potential_energy { -10.7171423446284   } 
   potential_energyvar { 3.238415802703103   } 
   nonlocal_energy { 0.9041785078829053   } 
   nonlocal_energyvar { 4.295216353502249   } 
   autocorr_energy { } 
} 

block { 
   label vmc
   totweight 61440
   nautocorr 0
   total_energy { -7.523411459985806   } 
   total_energyvar { 0.4348725725257943   } 
   weight { 1   } 
   weightvar { 0   } 
   kinetic_energy { 2.307539584142672   } 
   kinetic_energyvar { 2.493476761502037   } 
   potential_energy { -10.73429303134655   } 
   potential_energyvar { 3.230577006742407   } 
   nonlocal_energy { 0.9033419872180704   } 
   nonlocal_energyvar { 4.252078876288521   } 
   autocorr_energy { } 
} 

block { 
   label vmc
   totweight 61440
   nautocorr 0
   total_energy { -7.521751472585652   } 
   total_energyvar { 0.4020079159614763   } 
   weight { 1   } 
   weightvar { 0   } 
   kinetic_energy { 2.282583323898425   } 
   kinetic_energyvar { 2.724191984431079   } 
   potential_energy { -10.72320093485821   } 
   potential_energyvar { 3.296241510049764   } 
   nonlocal_energy { 0.9188661383741287   } 
   nonlocal_energyvar { 4.72979939075889   } 
   autocorr_energy { } 
} 

block { 
   label vmc
   totweight 61440
   nautocorr 0
   total_energy { -7.524730352927128   } 
   total_energyvar { 0.3802844310034831   } 
   weight { 1   } 
   weightvar { 0   } 
   kinetic_energy { 2.290481094933675   } 
   kinetic_energyvar { 2.563307409861628   } 
   potential_energy { -10.72818061532178   } 
   potential_energyvar { 3.250363129171408   } 
   nonlocal_energy { 0.9129691674609752   } 
   nonlocal_energyvar { 4.437802723707567   } 
   autocorr_energy { } 
} 

block { 
   label vmc
   totweight 61440
   nautocorr 0
   total_energy { -7.521796888948646   } 
   total_energyvar { 0.4541496242971029   } 
   weight { 1   } 
   weightvar { 0   } 
   kinetic_energy { 2.304952474672465   } 
   kinetic_energyvar { 2.650310394345122   } 
   potential_energy { -10.74126534600677   } 
   potential_energyvar { 3.337275074688547   } 
   nonlocal_energy { 0.9145159823856557   } 
   nonlocal_energyvar { 4.508622279507352   } 
   autocorr_energy { } 
} 

block { 
   label vmc
   totweight 61440
   nautocorr 0
   total_energy { -7.524207756065602   } 
   total_energyvar { 0.3712341770633831   } 
   weight { 1   } 
   weightvar { 0   } 
   kinetic_energy { 2.292584234635588   } 
   kinetic_energyvar { 2.623840493930946   } 
   potential_energy { -10.73113679105739   } 
   potential_energyvar { 3.228389546116588   } 
   nonlocal_energy { 0.9143448003561961   } 
   nonlocal_energyvar { 4.521183197202554   } 
   autocorr_energy { } 
} 

block { 
   label vmc
   totweight 61440
   nautocorr 0
   total_energy { -7.525681617018736   } 
   total_energyvar { 0.3718028459882099   } 
   weight { 1   } 
   weightvar { 0   } 
   kinetic_energy { 2.29298005948825   } 
   kinetic_energyvar { 2.533281745076207   } 
   potential_energy { -10.73355176164768   } 
   potential_energyvar { 3.26429911267381   } 
   nonlocal_energy { 0.9148900851406903   } 
   nonlocal_energyvar { 4.434393513680346   } 
   autocorr_energy { } 
} 

