#-------------------------------------------------
#VMC run: timestep 1.8 nconfig 4352 steps 20
#-------------------------------------------------


init { 
   label vmc
}
block { 
   label vmc
   totweight 87040
   nautocorr 0
   total_energy { -10.58197789219483   } 
   total_energyvar { 0.7709393900628987   } 
   weight { 1   } 
   weightvar { 1.776356839400247e-15   } 
   kinetic_energy { 3.270390731414662   } 
   kinetic_energyvar { 1.910822695803688   } 
   potential_energy { -15.14588504150753   } 
   potential_energyvar { 4.745778417364747   } 
   nonlocal_energy { 1.293516417898037   } 
   nonlocal_energyvar { 4.853602547565396   } 
   autocorr_energy { } 
} 

block { 
   label vmc
   totweight 87040
   nautocorr 0
   total_energy { -10.58371628431034   } 
   total_energyvar { 0.7521560443500285   } 
   weight { 1   } 
   weightvar { 1.776356839400247e-15   } 
   kinetic_energy { 3.260648180214544   } 
   kinetic_energyvar { 1.853565533429657   } 
   potential_energy { -15.13891072780678   } 
   potential_energyvar { 4.665874157411612   } 
   nonlocal_energy { 1.294546263281889   } 
   nonlocal_energyvar { 4.766473885242302   } 
   autocorr_energy { } 
} 

block { 
   label vmc
   totweight 87040
   nautocorr 0
   total_energy { -10.58212908139123   } 
   total_energyvar { 0.7337425352188102   } 
   weight { 1   } 
   weightvar { 1.776356839400247e-15   } 
   kinetic_energy { 3.277316147162272   } 
   kinetic_energyvar { 1.894413996561475   } 
   potential_energy { -15.1476171294312   } 
   potential_energyvar { 4.56797871055361   } 
   nonlocal_energy { 1.288171900877704   } 
   nonlocal_energyvar { 4.654360796942426   } 
   autocorr_energy { } 
} 

block { 
   label vmc
   totweight 87040
   nautocorr 0
   total_energy { -10.58562189664058   } 
   total_energyvar { 0.7417816682554291   } 
   weight { 1   } 
   weightvar { 1.776356839400247e-15   } 
   kinetic_energy { 3.260388386332547   } 
   kinetic_energyvar { 1.887615232653896   } 
   potential_energy { -15.14944732729687   } 
   potential_energyvar { 4.745096889144872   } 
   nonlocal_energy { 1.303437044323742   } 
   nonlocal_energyvar { 4.772660572756252   } 
   autocorr_energy { } 
} 

block { 
   label vmc
   totweight 87040
   nautocorr 0
   total_energy { -10.58061418171712   } 
   total_energyvar { 0.7891539421470881   } 
   weight { 1   } 
   weightvar { 1.776356839400247e-15   } 
   kinetic_energy { 3.275049009050461   } 
   kinetic_energyvar { 1.906893368686574   } 
   potential_energy { -15.15770147898917   } 
   potential_energyvar { 4.735993519711511   } 
   nonlocal_energy { 1.30203828822159   } 
   nonlocal_energyvar { 4.757276342226261   } 
   autocorr_energy { } 
} 

block { 
   label vmc
   totweight 87040
   nautocorr 0
   total_energy { -10.58176798300257   } 
   total_energyvar { 0.7675716288896089   } 
   weight { 1   } 
   weightvar { 1.776356839400247e-15   } 
   kinetic_energy { 3.278396371529292   } 
   kinetic_energyvar { 1.914842192633506   } 
   potential_energy { -15.14835783986787   } 
   potential_energyvar { 4.711295389238136   } 
   nonlocal_energy { 1.288193485336015   } 
   nonlocal_energyvar { 4.802128381483054   } 
   autocorr_energy { } 
} 

block { 
   label vmc
   totweight 87040
   nautocorr 0
   total_energy { -10.58105003056291   } 
   total_energyvar { 0.7282246530114682   } 
   weight { 1   } 
   weightvar { 1.776356839400247e-15   } 
   kinetic_energy { 3.258421582550264   } 
   kinetic_energyvar { 1.849952519955606   } 
   potential_energy { -15.13055877589782   } 
   potential_energyvar { 4.589481928305834   } 
   nonlocal_energy { 1.291087162784649   } 
   nonlocal_energyvar { 4.752025868395381   } 
   autocorr_energy { } 
} 

block { 
   label vmc
   totweight 87040
   nautocorr 0
   total_energy { -10.58843962260461   } 
   total_energyvar { 0.7119446230032749   } 
   weight { 1   } 
   weightvar { 1.776356839400247e-15   } 
   kinetic_energy { 3.265962677908898   } 
   kinetic_energyvar { 1.897524318706089   } 
   potential_energy { -15.15134169028051   } 
   potential_energyvar { 4.739194754377371   } 
   nonlocal_energy { 1.296939389767013   } 
   nonlocal_energyvar { 4.799718797685524   } 
   autocorr_energy { } 
} 

block { 
   label vmc
   totweight 87040
   nautocorr 0
   total_energy { -10.58755221743657   } 
   total_energyvar { 0.7375909380014788   } 
   weight { 1   } 
   weightvar { 1.776356839400247e-15   } 
   kinetic_energy { 3.268788636602268   } 
   kinetic_energyvar { 1.863687561716164   } 
   potential_energy { -15.1385233547681   } 
   potential_energyvar { 4.698350276439112   } 
   nonlocal_energy { 1.282182500729257   } 
   nonlocal_energyvar { 4.681872159384042   } 
   autocorr_energy { } 
} 

block { 
   label vmc
   totweight 87040
   nautocorr 0
   total_energy { -10.59156983768498   } 
   total_energyvar { 0.7307633945029298   } 
   weight { 1   } 
   weightvar { 1.776356839400247e-15   } 
   kinetic_energy { 3.262548656213797   } 
   kinetic_energyvar { 1.834842485491439   } 
   potential_energy { -15.16352719919174   } 
   potential_energyvar { 4.71996721125847   } 
   nonlocal_energy { 1.309408705292961   } 
   nonlocal_energyvar { 4.798540920566465   } 
   autocorr_energy { } 
} 

block { 
   label vmc
   totweight 87040
   nautocorr 0
   total_energy { -10.58121593052394   } 
   total_energyvar { 0.775091671543186   } 
   weight { 1   } 
   weightvar { 1.776356839400247e-15   } 
   kinetic_energy { 3.267288862881503   } 
   kinetic_energyvar { 1.863523971614393   } 
   potential_energy { -15.14456401954881   } 
   potential_energyvar { 4.845182425584606   } 
   nonlocal_energy { 1.296059226143375   } 
   nonlocal_energyvar { 4.744909800500065   } 
   autocorr_energy { } 
} 

block { 
   label vmc
   totweight 87040
   nautocorr 0
   total_energy { -10.58313035446656   } 
   total_energyvar { 0.80719463408394   } 
   weight { 1   } 
   weightvar { 1.776356839400247e-15   } 
   kinetic_energy { 3.265871067765838   } 
   kinetic_energyvar { 1.833418332018482   } 
   potential_energy { -15.14343639396995   } 
   potential_energyvar { 4.71084330806954   } 
   nonlocal_energy { 1.294434971737554   } 
   nonlocal_energyvar { 4.651871419389828   } 
   autocorr_energy { } 
} 

block { 
   label vmc
   totweight 87040
   nautocorr 0
   total_energy { -10.57779810892036   } 
   total_energyvar { 0.7620416795356522   } 
   weight { 1   } 
   weightvar { 1.776356839400247e-15   } 
   kinetic_energy { 3.26986727041044   } 
   kinetic_energyvar { 1.814267071996535   } 
   potential_energy { -15.14488143487541   } 
   potential_energyvar { 4.688641641774076   } 
   nonlocal_energy { 1.297216055544611   } 
   nonlocal_energyvar { 4.732184686208406   } 
   autocorr_energy { } 
} 

block { 
   label vmc
   totweight 87040
   nautocorr 0
   total_energy { -10.58263923016828   } 
   total_energyvar { 0.7301030232274202   } 
   weight { 1   } 
   weightvar { 1.776356839400247e-15   } 
   kinetic_energy { 3.264421907173006   } 
   kinetic_energyvar { 1.861964300328958   } 
   potential_energy { -15.13899497464575   } 
   potential_energyvar { 4.719292810199263   } 
   nonlocal_energy { 1.291933837304462   } 
   nonlocal_energyvar { 4.709281087751203   } 
   autocorr_energy { } 
} 

block { 
   label vmc
   totweight 87040
   nautocorr 0
   total_energy { -10.58670614355669   } 
   total_energyvar { 0.7170461451617928   } 
   weight { 1   } 
   weightvar { 1.776356839400247e-15   } 
   kinetic_energy { 3.270896246531042   } 
   kinetic_energyvar { 1.885606821153821   } 
   potential_energy { -15.16447779769166   } 
   potential_energyvar { 4.639897562483749   } 
   nonlocal_energy { 1.306875407603931   } 
   nonlocal_energyvar { 4.849381576527862   } 
   autocorr_energy { } 
} 

block { 
   label vmc
   totweight 87040
   nautocorr 0
   total_energy { -10.57611773364275   } 
   total_energyvar { 0.7871106076991189   } 
   weight { 1   } 
   weightvar { 1.776356839400247e-15   } 
   kinetic_energy { 3.277306412321646   } 
   kinetic_energyvar { 1.844850121721152   } 
   potential_energy { -15.13861263678952   } 
   potential_energyvar { 4.801126871563863   } 
   nonlocal_energy { 1.28518849082512   } 
   nonlocal_energyvar { 4.692408159092642   } 
   autocorr_energy { } 
} 

block { 
   label vmc
   totweight 87040
   nautocorr 0
   total_energy { -10.59211255666311   } 
   total_energyvar { 0.7074874538757837   } 
   weight { 1   } 
   weightvar { 1.776356839400247e-15   } 
   kinetic_energy { 3.267465182468079   } 
   kinetic_energyvar { 1.853518112633501   } 
   potential_energy { -15.16478558107523   } 
   potential_energyvar { 4.666207925789688   } 
   nonlocal_energy { 1.305207841944043   } 
   nonlocal_energyvar { 4.679834185271292   } 
   autocorr_energy { } 
} 

block { 
   label vmc
   totweight 87040
   nautocorr 0
   total_energy { -10.5847693730778   } 
   total_energyvar { 0.7940910057604766   } 
   weight { 1   } 
   weightvar { 1.776356839400247e-15   } 
   kinetic_energy { 3.256578582661685   } 
   kinetic_energyvar { 1.836903234235694   } 
   potential_energy { -15.14848112239472   } 
   potential_energyvar { 4.801755485879952   } 
   nonlocal_energy { 1.307133166655236   } 
   nonlocal_energyvar { 4.809336057107353   } 
   autocorr_energy { } 
} 

block { 
   label vmc
   totweight 87040
   nautocorr 0
   total_energy { -10.58149108511261   } 
   total_energyvar { 0.8047106591908778   } 
   weight { 1   } 
   weightvar { 1.776356839400247e-15   } 
   kinetic_energy { 3.268466597667171   } 
   kinetic_energyvar { 1.833338898571707   } 
   potential_energy { -15.16237095536603   } 
   potential_energyvar { 4.743158337815836   } 
   nonlocal_energy { 1.312413272586258   } 
   nonlocal_energyvar { 4.757185343566245   } 
   autocorr_energy { } 
} 

block { 
   label vmc
   totweight 87040
   nautocorr 0
   total_energy { -10.58804432847342   } 
   total_energyvar { 0.7555387699688518   } 
   weight { 1   } 
   weightvar { 1.776356839400247e-15   } 
   kinetic_energy { 3.26173521110416   } 
   kinetic_energyvar { 1.867139158068087   } 
   potential_energy { -15.15247217527973   } 
   potential_energyvar { 4.702077620815368   } 
   nonlocal_energy { 1.302692635702143   } 
   nonlocal_energyvar { 4.875873868735672   } 
   autocorr_energy { } 
} 

