#-------------------------------------------------
#DMC run: timestep 0.005
#-------------------------------------------------


init { 
   label spin_0.005
}
block { 
   label spin_0.005
   totweight 3276800
   nautocorr 0
   total_energy { -293.9043770591181   } 
   total_energyvar { 3.929037236333679   } 
   weight { 1.064875345483619   } 
   weightvar { 0.05706250520619087   } 
   kinetic_energy { 112.5345404402396   } 
   kinetic_energyvar { 369.3582470137185   } 
   potential_energy { -447.8525370195654   } 
   potential_energyvar { 828.5102516893746   } 
   nonlocal_energy { 41.41361952020762   } 
   nonlocal_energyvar { 666.7565383706982   } 
   autocorr_energy { } 
} 

block { 
   label spin_0.005
   totweight 3276800
   nautocorr 0
   total_energy { -293.8629577961347   } 
   total_energyvar { 3.752616116338215   } 
   weight { 1.048687725815785   } 
   weightvar { 0.08793331710287491   } 
   kinetic_energy { 114.6580250480128   } 
   kinetic_energyvar { 359.8232939936548   } 
   potential_energy { -450.3658400859235   } 
   potential_energyvar { 821.105675413299   } 
   nonlocal_energy { 41.84485724177605   } 
   nonlocal_energyvar { 668.0809738442197   } 
   autocorr_energy { } 
} 

block { 
   label spin_0.005
   totweight 3276800
   nautocorr 0
   total_energy { -293.8629343749035   } 
   total_energyvar { 3.767172564590952   } 
   weight { 1.002704547651623   } 
   weightvar { 0.09643651610621225   } 
   kinetic_energy { 115.1488939120908   } 
   kinetic_energyvar { 360.2575111086493   } 
   potential_energy { -451.006973587767   } 
   potential_energyvar { 824.0289688246451   } 
   nonlocal_energy { 41.99514530077267   } 
   nonlocal_energyvar { 669.0469906852951   } 
   autocorr_energy { } 
} 

block { 
   label spin_0.005
   totweight 3276800
   nautocorr 0
   total_energy { -293.8607167503492   } 
   total_energyvar { 3.9062865405218   } 
   weight { 0.9882064744997225   } 
   weightvar { 0.1006814662867028   } 
   kinetic_energy { 115.1039561063562   } 
   kinetic_energyvar { 357.7558539005173   } 
   potential_energy { -450.8445490866942   } 
   potential_energyvar { 820.419521822846   } 
   nonlocal_energy { 41.87987622998887   } 
   nonlocal_energyvar { 668.1001291315188   } 
   autocorr_energy { } 
} 

block { 
   label spin_0.005
   totweight 3276800
   nautocorr 0
   total_energy { -293.8594440419228   } 
   total_energyvar { 3.857007945922622   } 
   weight { 0.9851203842175407   } 
   weightvar { 0.1029656713576672   } 
   kinetic_energy { 115.15845765058   } 
   kinetic_energyvar { 359.4288668557023   } 
   potential_energy { -450.9320220188958   } 
   potential_energyvar { 813.0707899599051   } 
   nonlocal_energy { 41.91412032639302   } 
   nonlocal_energyvar { 665.1231375974777   } 
   autocorr_energy { } 
} 

block { 
   label spin_0.005
   totweight 3276800
   nautocorr 0
   total_energy { -293.8582701724264   } 
   total_energyvar { 3.937203954886871   } 
   weight { 0.9853174162938465   } 
   weightvar { 0.1026958531461038   } 
   kinetic_energy { 115.2464970667935   } 
   kinetic_energyvar { 357.3117101087779   } 
   potential_energy { -450.9903668577987   } 
   potential_energyvar { 815.4643029226216   } 
   nonlocal_energy { 41.8855996185788   } 
   nonlocal_energyvar { 665.401642786088   } 
   autocorr_energy { } 
} 

block { 
   label spin_0.005
   totweight 3276800
   nautocorr 0
   total_energy { -293.8609521321256   } 
   total_energyvar { 3.787214351847546   } 
   weight { 0.9905520326492103   } 
   weightvar { 0.1019718176987001   } 
   kinetic_energy { 115.2639078587273   } 
   kinetic_energyvar { 358.5348635375158   } 
   potential_energy { -450.9235875895466   } 
   potential_energyvar { 819.0034611673084   } 
   nonlocal_energy { 41.79872759869384   } 
   nonlocal_energyvar { 660.0753057008023   } 
   autocorr_energy { } 
} 

block { 
   label spin_0.005
   totweight 3276800
   nautocorr 0
   total_energy { -293.8539870375642   } 
   total_energyvar { 3.831748769495403   } 
   weight { 0.9930320557937955   } 
   weightvar { 0.1014261052935884   } 
   kinetic_energy { 115.1595252479894   } 
   kinetic_energyvar { 360.2084188981075   } 
   potential_energy { -450.8267808510823   } 
   potential_energyvar { 820.4785750862125   } 
   nonlocal_energy { 41.81326856552872   } 
   nonlocal_energyvar { 663.4851279747903   } 
   autocorr_energy { } 
} 

block { 
   label spin_0.005
   totweight 3276800
   nautocorr 0
   total_energy { -293.8591734615183   } 
   total_energyvar { 3.79288632140395   } 
   weight { 0.9938262957013129   } 
   weightvar { 0.1011898877507076   } 
   kinetic_energy { 115.1589617186844   } 
   kinetic_energyvar { 359.688942705514   } 
   potential_energy { -450.8261258216835   } 
   potential_energyvar { 818.7977560374586   } 
   nonlocal_energy { 41.80799064148074   } 
   nonlocal_energyvar { 662.8858490075595   } 
   autocorr_energy { } 
} 

block { 
   label spin_0.005
   totweight 3276800
   nautocorr 0
   total_energy { -293.8596761188994   } 
   total_energyvar { 4.148742684451885   } 
   weight { 0.9971775390253093   } 
   weightvar { 0.1008507865232768   } 
   kinetic_energy { 115.1907902760298   } 
   kinetic_energyvar { 356.8563083891546   } 
   potential_energy { -450.9503997272534   } 
   potential_energyvar { 816.1867643111926   } 
   nonlocal_energy { 41.89993333232416   } 
   nonlocal_energyvar { 666.9795063015872   } 
   autocorr_energy { } 
} 

block { 
   label spin_0.005
   totweight 3276800
   nautocorr 0
   total_energy { -293.8508354596276   } 
   total_energyvar { 3.749346307142294   } 
   weight { 0.9955459641091374   } 
   weightvar { 0.1002667702983799   } 
   kinetic_energy { 115.2414755472297   } 
   kinetic_energyvar { 363.2252605975033   } 
   potential_energy { -451.09640794465   } 
   potential_energyvar { 826.3237311684919   } 
   nonlocal_energy { 42.00409693779267   } 
   nonlocal_energyvar { 668.6214106875274   } 
   autocorr_energy { } 
} 

block { 
   label spin_0.005
   totweight 3276800
   nautocorr 0
   total_energy { -293.8560000905158   } 
   total_energyvar { 3.777552867671899   } 
   weight { 0.9948973732590841   } 
   weightvar { 0.100985599937344   } 
   kinetic_energy { 115.0328795384077   } 
   kinetic_energyvar { 359.1676256494734   } 
   potential_energy { -450.6191129200548   } 
   potential_energyvar { 815.2603259788242   } 
   nonlocal_energy { 41.7302332911313   } 
   nonlocal_energyvar { 662.089704541753   } 
   autocorr_energy { } 
} 

block { 
   label spin_0.005
   totweight 3276800
   nautocorr 0
   total_energy { -293.8502882390701   } 
   total_energyvar { 3.774534795089712   } 
   weight { 0.9932914003133582   } 
   weightvar { 0.1004992142745036   } 
   kinetic_energy { 115.2268689668484   } 
   kinetic_energyvar { 360.3046484557057   } 
   potential_energy { -451.0079262848178   } 
   potential_energyvar { 819.9908922542145   } 
   nonlocal_energy { 41.93076907889919   } 
   nonlocal_energyvar { 666.0422199695589   } 
   autocorr_energy { } 
} 

block { 
   label spin_0.005
   totweight 3276800
   nautocorr 0
   total_energy { -293.8613893290708   } 
   total_energyvar { 3.811105265424156   } 
   weight { 0.9958552938993551   } 
   weightvar { 0.1014714637795279   } 
   kinetic_energy { 115.2484174045884   } 
   kinetic_energyvar { 362.3892369105406   } 
   potential_energy { -451.0232256047759   } 
   potential_energyvar { 822.0334625373813   } 
   nonlocal_energy { 41.91341887111653   } 
   nonlocal_energyvar { 665.8712458265318   } 
   autocorr_energy { } 
} 

block { 
   label spin_0.005
   totweight 3276800
   nautocorr 0
   total_energy { -293.8528342734921   } 
   total_energyvar { 3.876113621389043   } 
   weight { 0.9964915863472661   } 
   weightvar { 0.1005260445449291   } 
   kinetic_energy { 115.170078289617   } 
   kinetic_energyvar { 360.9196078723061   } 
   potential_energy { -450.8946547164764   } 
   potential_energyvar { 822.2958593634526   } 
   nonlocal_energy { 41.87174215336739   } 
   nonlocal_energyvar { 663.1835036502866   } 
   autocorr_energy { } 
} 

block { 
   label spin_0.005
   totweight 3276800
   nautocorr 0
   total_energy { -293.8654414903447   } 
   total_energyvar { 3.790337427884301   } 
   weight { 0.9991286111121209   } 
   weightvar { 0.09907500153422596   } 
   kinetic_energy { 115.1452209964204   } 
   kinetic_energyvar { 357.8466917713411   } 
   potential_energy { -450.7678611971462   } 
   potential_energyvar { 818.896895132455   } 
   nonlocal_energy { 41.7571987103811   } 
   nonlocal_energyvar { 659.0317761408844   } 
   autocorr_energy { } 
} 

block { 
   label spin_0.005
   totweight 3276800
   nautocorr 0
   total_energy { -293.8638196382157   } 
   total_energyvar { 3.854858453851075   } 
   weight { 1.002177721791131   } 
   weightvar { 0.1003540304962199   } 
   kinetic_energy { 115.13068192411   } 
   kinetic_energyvar { 359.8692529424988   } 
   potential_energy { -450.8878371655329   } 
   potential_energyvar { 819.3807460845364   } 
   nonlocal_energy { 41.89333560320708   } 
   nonlocal_energyvar { 667.3221286987875   } 
   autocorr_energy { } 
} 

block { 
   label spin_0.005
   totweight 3276800
   nautocorr 0
   total_energy { -293.8602234540915   } 
   total_energyvar { 3.840560325670858   } 
   weight { 1.002561470122392   } 
   weightvar { 0.1001378044719623   } 
   kinetic_energy { 115.2843471410983   } 
   kinetic_energyvar { 359.1414841553154   } 
   potential_energy { -451.0400866086058   } 
   potential_energyvar { 818.668523094127   } 
   nonlocal_energy { 41.89551601341604   } 
   nonlocal_energyvar { 664.608033922735   } 
   autocorr_energy { } 
} 

block { 
   label spin_0.005
   totweight 3276800
   nautocorr 0
   total_energy { -293.8546066441941   } 
   total_energyvar { 3.872021350373019   } 
   weight { 0.998015623019311   } 
   weightvar { 0.1002339687265196   } 
   kinetic_energy { 115.2171596426383   } 
   kinetic_energyvar { 360.9997333780409   } 
   potential_energy { -450.9204843739193   } 
   potential_energyvar { 817.31722291914   } 
   nonlocal_energy { 41.84871808708683   } 
   nonlocal_energyvar { 665.5229547703278   } 
   autocorr_energy { } 
} 

block { 
   label spin_0.005
   totweight 3276800
   nautocorr 0
   total_energy { -293.8617733547438   } 
   total_energyvar { 3.927135063958448   } 
   weight { 0.9990968873203253   } 
   weightvar { 0.1008235206138728   } 
   kinetic_energy { 115.3230229842722   } 
   kinetic_energyvar { 360.7293606853778   } 
   potential_energy { -451.0926286873565   } 
   potential_energyvar { 823.5930622283732   } 
   nonlocal_energy { 41.9078323483405   } 
   nonlocal_energyvar { 666.2329624634361   } 
   autocorr_energy { } 
} 

