#-------------------------------------------------
#VMC run: timestep 0.5 nconfig 2560 steps 20
#-------------------------------------------------


init { 
   label vmc
}
block { 
   label vmc
   totweight 51200
   nautocorr 0
   total_energy { -134.4034778776838   } 
   total_energyvar { 1.32222412782251   } 
   weight { 1   } 
   weightvar { 0   } 
   kinetic_energy { 47.41550026420557   } 
   kinetic_energyvar { 147.0887684491902   } 
   potential_energy { -194.8375245835542   } 
   potential_energyvar { 164.4354279636181   } 
   nonlocal_energy { 13.01854644166483   } 
   nonlocal_energyvar { 215.8200647960168   } 
   autocorr_energy { } 
} 

block { 
   label vmc
   totweight 51200
   nautocorr 0
   total_energy { -134.3854801003443   } 
   total_energyvar { 1.353054409037064   } 
   weight { 1   } 
   weightvar { 0   } 
   kinetic_energy { 47.22035836852464   } 
   kinetic_energyvar { 154.7296372352995   } 
   potential_energy { -194.8658215397475   } 
   potential_energyvar { 165.1985833952509   } 
   nonlocal_energy { 13.25998307087855   } 
   nonlocal_energyvar { 229.6828330120681   } 
   autocorr_energy { } 
} 

block { 
   label vmc
   totweight 51200
   nautocorr 0
   total_energy { -134.3851088466286   } 
   total_energyvar { 1.331376335791504   } 
   weight { 1   } 
   weightvar { 0   } 
   kinetic_energy { 47.33749825768061   } 
   kinetic_energyvar { 149.6638489141879   } 
   potential_energy { -194.9009228565044   } 
   potential_energyvar { 165.9917243401656   } 
   nonlocal_energy { 13.17831575219514   } 
   nonlocal_energyvar { 224.7257244358152   } 
   autocorr_energy { } 
} 

block { 
   label vmc
   totweight 51200
   nautocorr 0
   total_energy { -134.3936939008671   } 
   total_energyvar { 1.356055978665155   } 
   weight { 1   } 
   weightvar { 0   } 
   kinetic_energy { 47.24368164549712   } 
   kinetic_energyvar { 148.4402645064691   } 
   potential_energy { -194.8359813596834   } 
   potential_energyvar { 163.7291114309569   } 
   nonlocal_energy { 13.19860581331919   } 
   nonlocal_energyvar { 220.4400474948378   } 
   autocorr_energy { } 
} 

block { 
   label vmc
   totweight 51200
   nautocorr 0
   total_energy { -134.3913321199419   } 
   total_energyvar { 1.362582707281981   } 
   weight { 1   } 
   weightvar { 0   } 
   kinetic_energy { 47.28907386542363   } 
   kinetic_energyvar { 157.1475541831711   } 
   potential_energy { -194.8959371211559   } 
   potential_energyvar { 164.1328283904227   } 
   nonlocal_energy { 13.21553113579036   } 
   nonlocal_energyvar { 230.9935029648408   } 
   autocorr_energy { } 
} 

block { 
   label vmc
   totweight 51200
   nautocorr 0
   total_energy { -134.3969712267136   } 
   total_energyvar { 1.353147064773879   } 
   weight { 1   } 
   weightvar { 0   } 
   kinetic_energy { 47.29380728949494   } 
   kinetic_energyvar { 147.1272198247903   } 
   potential_energy { -194.8173791293796   } 
   potential_energyvar { 164.0820433494971   } 
   nonlocal_energy { 13.12660061317111   } 
   nonlocal_energyvar { 220.3278474718124   } 
   autocorr_energy { } 
} 

block { 
   label vmc
   totweight 51200
   nautocorr 0
   total_energy { -134.3939991352798   } 
   total_energyvar { 1.339070052386796   } 
   weight { 1   } 
   weightvar { 0   } 
   kinetic_energy { 47.2930028536666   } 
   kinetic_energyvar { 147.6897987519117   } 
   potential_energy { -194.8862491193414   } 
   potential_energyvar { 162.9971250003405   } 
   nonlocal_energy { 13.19924713039491   } 
   nonlocal_energyvar { 222.5897012749977   } 
   autocorr_energy { } 
} 

block { 
   label vmc
   totweight 51200
   nautocorr 0
   total_energy { -134.3851957245039   } 
   total_energyvar { 1.376868016482301   } 
   weight { 1   } 
   weightvar { 0   } 
   kinetic_energy { 47.26989708993602   } 
   kinetic_energyvar { 147.8924569691727   } 
   potential_energy { -194.7868304831254   } 
   potential_energyvar { 164.7872527587765   } 
   nonlocal_energy { 13.13173766868552   } 
   nonlocal_energyvar { 222.6893805071713   } 
   autocorr_energy { } 
} 

block { 
   label vmc
   totweight 51200
   nautocorr 0
   total_energy { -134.3768766147587   } 
   total_energyvar { 1.371157779220855   } 
   weight { 1   } 
   weightvar { 0   } 
   kinetic_energy { 47.41827686707067   } 
   kinetic_energyvar { 148.1051136144546   } 
   potential_energy { -194.855466867695   } 
   potential_energyvar { 163.1307311420541   } 
   nonlocal_energy { 13.06031338586561   } 
   nonlocal_energyvar { 220.5336897950335   } 
   autocorr_energy { } 
} 

block { 
   label vmc
   totweight 51200
   nautocorr 0
   total_energy { -134.383551631509   } 
   total_energyvar { 1.352686823811086   } 
   weight { 1   } 
   weightvar { 0   } 
   kinetic_energy { 47.28722336448132   } 
   kinetic_energyvar { 149.6325101711721   } 
   potential_energy { -194.7817109484285   } 
   potential_energyvar { 164.272230827043   } 
   nonlocal_energy { 13.11093595243821   } 
   nonlocal_energyvar { 223.3784628660947   } 
   autocorr_energy { } 
} 

block { 
   label vmc
   totweight 51200
   nautocorr 0
   total_energy { -134.3894763844832   } 
   total_energyvar { 1.362953050682123   } 
   weight { 1   } 
   weightvar { 0   } 
   kinetic_energy { 47.22853606161466   } 
   kinetic_energyvar { 154.1781371964452   } 
   potential_energy { -194.7641090266939   } 
   potential_energyvar { 164.0177264278555   } 
   nonlocal_energy { 13.146096580596   } 
   nonlocal_energyvar { 228.629989748496   } 
   autocorr_energy { } 
} 

block { 
   label vmc
   totweight 51200
   nautocorr 0
   total_energy { -134.3934413412914   } 
   total_energyvar { 1.347810765551476   } 
   weight { 1   } 
   weightvar { 0   } 
   kinetic_energy { 47.12344626348057   } 
   kinetic_energyvar { 152.587260835667   } 
   potential_energy { -194.7357011524832   } 
   potential_energyvar { 165.1119260713016   } 
   nonlocal_energy { 13.2188135477113   } 
   nonlocal_energyvar { 228.192339618982   } 
   autocorr_energy { } 
} 

block { 
   label vmc
   totweight 51200
   nautocorr 0
   total_energy { -134.3996283702622   } 
   total_energyvar { 1.351864746615393   } 
   weight { 1   } 
   weightvar { 0   } 
   kinetic_energy { 47.4611286494621   } 
   kinetic_energyvar { 148.5371471064285   } 
   potential_energy { -194.88176099219   } 
   potential_energyvar { 164.8031481299804   } 
   nonlocal_energy { 13.02100397246566   } 
   nonlocal_energyvar { 217.1343692653025   } 
   autocorr_energy { } 
} 

block { 
   label vmc
   totweight 51200
   nautocorr 0
   total_energy { -134.4001000661933   } 
   total_energyvar { 1.337818670514464   } 
   weight { 1   } 
   weightvar { 0   } 
   kinetic_energy { 47.23287854675722   } 
   kinetic_energyvar { 153.0167180066755   } 
   potential_energy { -194.811499850207   } 
   potential_energyvar { 164.4792036115559   } 
   nonlocal_energy { 13.1785212372565   } 
   nonlocal_energyvar { 230.0495032467358   } 
   autocorr_energy { } 
} 

block { 
   label vmc
   totweight 51200
   nautocorr 0
   total_energy { -134.3832306958913   } 
   total_energyvar { 1.384407168674787   } 
   weight { 1   } 
   weightvar { 0   } 
   kinetic_energy { 47.27767802538602   } 
   kinetic_energyvar { 152.8315086585565   } 
   potential_energy { -194.8886804751062   } 
   potential_energyvar { 165.7178559405488   } 
   nonlocal_energy { 13.22777175382884   } 
   nonlocal_energyvar { 230.7917682596389   } 
   autocorr_energy { } 
} 

block { 
   label vmc
   totweight 51200
   nautocorr 0
   total_energy { -134.3835301365635   } 
   total_energyvar { 1.346774665967015   } 
   weight { 1   } 
   weightvar { 0   } 
   kinetic_energy { 47.2269447076967   } 
   kinetic_energyvar { 151.0832183444226   } 
   potential_energy { -194.7475418469455   } 
   potential_energyvar { 163.7719692962194   } 
   nonlocal_energy { 13.13706700268536   } 
   nonlocal_energyvar { 223.5543966571199   } 
   autocorr_energy { } 
} 

block { 
   label vmc
   totweight 51200
   nautocorr 0
   total_energy { -134.3916776678194   } 
   total_energyvar { 1.396121406787639   } 
   weight { 1   } 
   weightvar { 0   } 
   kinetic_energy { 47.15210557928636   } 
   kinetic_energyvar { 153.5978956060067   } 
   potential_energy { -194.7491636443531   } 
   potential_energyvar { 167.2976636613189   } 
   nonlocal_energy { 13.20538039724744   } 
   nonlocal_energyvar { 225.3701536829143   } 
   autocorr_energy { } 
} 

block { 
   label vmc
   totweight 51200
   nautocorr 0
   total_energy { -134.3871139172465   } 
   total_energyvar { 1.362066856948981   } 
   weight { 1   } 
   weightvar { 0   } 
   kinetic_energy { 47.21624445510939   } 
   kinetic_energyvar { 158.5602870680897   } 
   potential_energy { -194.9125248460554   } 
   potential_energyvar { 169.4871908986758   } 
   nonlocal_energy { 13.30916647369954   } 
   nonlocal_energyvar { 235.2367159737685   } 
   autocorr_energy { } 
} 

block { 
   label vmc
   totweight 51200
   nautocorr 0
   total_energy { -134.3874697724247   } 
   total_energyvar { 1.344372527451948   } 
   weight { 1   } 
   weightvar { 0   } 
   kinetic_energy { 47.19388359291153   } 
   kinetic_energyvar { 150.51682736167   } 
   potential_energy { -194.806430032562   } 
   potential_energyvar { 165.3734549490685   } 
   nonlocal_energy { 13.22507666722579   } 
   nonlocal_energyvar { 226.8712576174857   } 
   autocorr_energy { } 
} 

block { 
   label vmc
   totweight 51200
   nautocorr 0
   total_energy { -134.3917929511695   } 
   total_energyvar { 1.364179729039127   } 
   weight { 1   } 
   weightvar { 0   } 
   kinetic_energy { 47.18873779983375   } 
   kinetic_energyvar { 159.2539836519353   } 
   potential_energy { -194.8655717297401   } 
   potential_energyvar { 166.6082855053401   } 
   nonlocal_energy { 13.28504097873675   } 
   nonlocal_energyvar { 238.9711011286371   } 
   autocorr_energy { } 
} 

