#-------------------------------------------------
#DMC run: timestep 0.005
#-------------------------------------------------


init { 
   label spin_0.005
}
block { 
   label spin_0.005
   totweight 1740800
   nautocorr 0
   total_energy { -134.5717391020395   } 
   total_energyvar { 3.802626404504524   } 
   weight { 1.037988746600708   } 
   weightvar { 0.04584517335724849   } 
   kinetic_energy { 48.26200654075173   } 
   kinetic_energyvar { 154.4005888040418   } 
   potential_energy { -196.6912097793708   } 
   potential_energyvar { 167.9037863777016   } 
   nonlocal_energy { 13.85746413657954   } 
   nonlocal_energyvar { 230.6462674894386   } 
   autocorr_energy { } 
} 

block { 
   label spin_0.005
   totweight 1740800
   nautocorr 0
   total_energy { -134.5338979406141   } 
   total_energyvar { 4.791118626520936   } 
   weight { 1.027083699994374   } 
   weightvar { 0.08971073331177742   } 
   kinetic_energy { 48.38646146604945   } 
   kinetic_energyvar { 156.0410576887587   } 
   potential_energy { -196.8181549345257   } 
   potential_energyvar { 167.6096804863287   } 
   nonlocal_energy { 13.89779552786213   } 
   nonlocal_energyvar { 233.8760701741648   } 
   autocorr_energy { } 
} 

block { 
   label spin_0.005
   totweight 1740800
   nautocorr 0
   total_energy { -134.532097602737   } 
   total_energyvar { 3.960038095953944   } 
   weight { 0.9924026298774256   } 
   weightvar { 0.1000544282872213   } 
   kinetic_energy { 48.48005640883566   } 
   kinetic_energyvar { 154.7280599365255   } 
   potential_energy { -196.8523493751475   } 
   potential_energyvar { 167.6617264344808   } 
   nonlocal_energy { 13.84019536357477   } 
   nonlocal_energyvar { 230.1951207134075   } 
   autocorr_energy { } 
} 

block { 
   label spin_0.005
   totweight 1740800
   nautocorr 0
   total_energy { -134.5300069452103   } 
   total_energyvar { 3.840823463017369   } 
   weight { 0.9852968218486349   } 
   weightvar { 0.1031649308282596   } 
   kinetic_energy { 48.54720647045678   } 
   kinetic_energyvar { 154.8075081871404   } 
   potential_energy { -197.0376198010412   } 
   potential_energyvar { 168.1935003371827   } 
   nonlocal_energy { 13.96040638537416   } 
   nonlocal_energyvar { 233.3920623870837   } 
   autocorr_energy { } 
} 

block { 
   label spin_0.005
   totweight 1740800
   nautocorr 0
   total_energy { -134.5361965194988   } 
   total_energyvar { 3.820694869540171   } 
   weight { 0.9866671011442226   } 
   weightvar { 0.1041703871745535   } 
   kinetic_energy { 48.46353055979402   } 
   kinetic_energyvar { 155.9010505954487   } 
   potential_energy { -196.8903495338467   } 
   potential_energyvar { 167.9797391224731   } 
   nonlocal_energy { 13.89062245455389   } 
   nonlocal_energyvar { 231.474467924396   } 
   autocorr_energy { } 
} 

block { 
   label spin_0.005
   totweight 1740800
   nautocorr 0
   total_energy { -134.533862326299   } 
   total_energyvar { 3.851869125515385   } 
   weight { 0.9892548188766686   } 
   weightvar { 0.1031511630088192   } 
   kinetic_energy { 48.50211652183542   } 
   kinetic_energyvar { 152.7099329699741   } 
   potential_energy { -196.8595134629549   } 
   potential_energyvar { 164.7234739635134   } 
   nonlocal_energy { 13.82353461482041   } 
   nonlocal_energyvar { 227.9853068970399   } 
   autocorr_energy { } 
} 

block { 
   label spin_0.005
   totweight 1740800
   nautocorr 0
   total_energy { -134.5371002204798   } 
   total_energyvar { 4.08917795289207   } 
   weight { 0.9940059540520527   } 
   weightvar { 0.1046623174732979   } 
   kinetic_energy { 48.43250404567263   } 
   kinetic_energyvar { 154.6709705665108   } 
   potential_energy { -196.8890475671656   } 
   potential_energyvar { 168.3420756626506   } 
   nonlocal_energy { 13.91944330101321   } 
   nonlocal_energyvar { 231.257702540303   } 
   autocorr_energy { } 
} 

block { 
   label spin_0.005
   totweight 1740800
   nautocorr 0
   total_energy { -134.5363287715567   } 
   total_energyvar { 4.45915530683851   } 
   weight { 0.9985538116363365   } 
   weightvar { 0.1026337791253416   } 
   kinetic_energy { 48.49753563798063   } 
   kinetic_energyvar { 155.3228529356714   } 
   potential_energy { -196.9583614856059   } 
   potential_energyvar { 165.63519692732   } 
   nonlocal_energy { 13.9244970760686   } 
   nonlocal_energyvar { 231.9857009882646   } 
   autocorr_energy { } 
} 

block { 
   label spin_0.005
   totweight 1740800
   nautocorr 0
   total_energy { -134.5334511378249   } 
   total_energyvar { 3.8559733891812   } 
   weight { 0.9987777009978783   } 
   weightvar { 0.1023758785956731   } 
   kinetic_energy { 48.56245743133281   } 
   kinetic_energyvar { 154.2986914685832   } 
   potential_energy { -197.0334657813285   } 
   potential_energyvar { 166.9441525437544   } 
   nonlocal_energy { 13.93755721217076   } 
   nonlocal_energyvar { 231.9216931569238   } 
   autocorr_energy { } 
} 

block { 
   label spin_0.005
   totweight 1740800
   nautocorr 0
   total_energy { -134.5426553306566   } 
   total_energyvar { 3.826734534008307   } 
   weight { 1.001978882002648   } 
   weightvar { 0.1025362749825043   } 
   kinetic_energy { 48.44607239651805   } 
   kinetic_energyvar { 155.6283259666064   } 
   potential_energy { -196.8454396101847   } 
   potential_energyvar { 168.8568397323251   } 
   nonlocal_energy { 13.85671188301006   } 
   nonlocal_energyvar { 230.8761886330126   } 
   autocorr_energy { } 
} 

block { 
   label spin_0.005
   totweight 1740800
   nautocorr 0
   total_energy { -134.5349663456813   } 
   total_energyvar { 3.874406962781475   } 
   weight { 1.000873640651116   } 
   weightvar { 0.09954064663090875   } 
   kinetic_energy { 48.49254673429056   } 
   kinetic_energyvar { 153.9177312336072   } 
   potential_energy { -196.9098237081418   } 
   potential_energyvar { 166.333072710365   } 
   nonlocal_energy { 13.88231062816997   } 
   nonlocal_energyvar { 229.0580046926353   } 
   autocorr_energy { } 
} 

block { 
   label spin_0.005
   totweight 1740800
   nautocorr 0
   total_energy { -134.537428259286   } 
   total_energyvar { 3.844664117334724   } 
   weight { 1.001567398319307   } 
   weightvar { 0.101890155554707   } 
   kinetic_energy { 48.53904805316418   } 
   kinetic_energyvar { 152.6026189945796   } 
   potential_energy { -196.8907188316659   } 
   potential_energyvar { 166.0745338873488   } 
   nonlocal_energy { 13.8142425192157   } 
   nonlocal_energyvar { 227.1263641369669   } 
   autocorr_energy { } 
} 

block { 
   label spin_0.005
   totweight 1740800
   nautocorr 0
   total_energy { -134.5259506110854   } 
   total_energyvar { 3.860423853853489   } 
   weight { 0.9969517341168959   } 
   weightvar { 0.1032057288318876   } 
   kinetic_energy { 48.52790277424406   } 
   kinetic_energyvar { 154.8467406351926   } 
   potential_energy { -196.9671487941254   } 
   potential_energyvar { 166.0677296159287   } 
   nonlocal_energy { 13.91329540879598   } 
   nonlocal_energyvar { 231.7117068584552   } 
   autocorr_energy { } 
} 

block { 
   label spin_0.005
   totweight 1740800
   nautocorr 0
   total_energy { -134.5339157772058   } 
   total_energyvar { 4.202952270418332   } 
   weight { 0.994836138138611   } 
   weightvar { 0.1042147507215871   } 
   kinetic_energy { 48.55039933704867   } 
   kinetic_energyvar { 154.3418958077123   } 
   potential_energy { -196.9898970491101   } 
   potential_energyvar { 165.2260553698268   } 
   nonlocal_energy { 13.90558193485553   } 
   nonlocal_energyvar { 230.5580043427242   } 
   autocorr_energy { } 
} 

