#-------------------------------------------------
#VMC run: timestep 1.6 nconfig 21760 steps 30
#-------------------------------------------------


init { 
   label vmc
}
block { 
   label vmc
   totweight 652800
   nautocorr 0
   total_energy { -127.4001671582876   } 
   total_energyvar { 1.744005134408648   } 
   weight { 1   } 
   weightvar { 1.776356839400247e-15   } 
   kinetic_energy { 49.93721759199695   } 
   kinetic_energyvar { 136.3797579661579   } 
   potential_energy { -196.6306208880534   } 
   potential_energyvar { 328.6176804462039   } 
   nonlocal_energy { 19.29323613776885   } 
   nonlocal_energyvar { 263.8263916691035   } 
   autocorr_energy { } 
} 

block { 
   label vmc
   totweight 652800
   nautocorr 0
   total_energy { -127.3628288588632   } 
   total_energyvar { 1.995925455512066   } 
   weight { 1   } 
   weightvar { 1.776356839400247e-15   } 
   kinetic_energy { 49.57827601603309   } 
   kinetic_energyvar { 138.77552176237   } 
   potential_energy { -196.1353903115042   } 
   potential_energyvar { 334.9427091847522   } 
   nonlocal_energy { 19.19428543660789   } 
   nonlocal_energyvar { 269.2326239502678   } 
   autocorr_energy { } 
} 

block { 
   label vmc
   totweight 652800
   nautocorr 0
   total_energy { -127.369779531381   } 
   total_energyvar { 1.873181159587658   } 
   weight { 1   } 
   weightvar { 1.776356839400247e-15   } 
   kinetic_energy { 49.7014795626059   } 
   kinetic_energyvar { 138.2755410348978   } 
   potential_energy { -196.1965152916016   } 
   potential_energyvar { 328.4218997948215   } 
   nonlocal_energy { 19.12525619761471   } 
   nonlocal_energyvar { 265.6834555545445   } 
   autocorr_energy { } 
} 

block { 
   label vmc
   totweight 652800
   nautocorr 0
   total_energy { -127.3645795973458   } 
   total_energyvar { 1.862180709620356   } 
   weight { 1   } 
   weightvar { 1.776356839400247e-15   } 
   kinetic_energy { 49.61157634201736   } 
   kinetic_energyvar { 139.0934863417721   } 
   potential_energy { -196.1354401649464   } 
   potential_energyvar { 330.5928680403217   } 
   nonlocal_energy { 19.15928422558315   } 
   nonlocal_energyvar { 267.0165182061999   } 
   autocorr_energy { } 
} 

block { 
   label vmc
   totweight 652800
   nautocorr 0
   total_energy { -127.3655262077437   } 
   total_energyvar { 1.889879439377025   } 
   weight { 1   } 
   weightvar { 1.776356839400247e-15   } 
   kinetic_energy { 49.55789545519067   } 
   kinetic_energyvar { 138.7085998913332   } 
   potential_energy { -196.2640526081794   } 
   potential_energyvar { 336.8848612051838   } 
   nonlocal_energy { 19.34063094524511   } 
   nonlocal_energyvar { 277.8564444345812   } 
   autocorr_energy { } 
} 

block { 
   label vmc
   totweight 652800
   nautocorr 0
   total_energy { -127.3660224475167   } 
   total_energyvar { 1.89237422142395   } 
   weight { 1   } 
   weightvar { 1.776356839400247e-15   } 
   kinetic_energy { 49.61211603644444   } 
   kinetic_energyvar { 138.6799667727153   } 
   potential_energy { -196.1673000131924   } 
   potential_energyvar { 332.9470474312012   } 
   nonlocal_energy { 19.18916152923127   } 
   nonlocal_energyvar { 270.0164760230928   } 
   autocorr_energy { } 
} 

block { 
   label vmc
   totweight 652800
   nautocorr 0
   total_energy { -127.3626741718642   } 
   total_energyvar { 1.968448923186461   } 
   weight { 1   } 
   weightvar { 1.776356839400247e-15   } 
   kinetic_energy { 49.63601712424225   } 
   kinetic_energyvar { 141.7828156921688   } 
   potential_energy { -196.2580046307048   } 
   potential_energyvar { 333.1265547631088   } 
   nonlocal_energy { 19.25931333459835   } 
   nonlocal_energyvar { 273.6135397348004   } 
   autocorr_energy { } 
} 

block { 
   label vmc
   totweight 652800
   nautocorr 0
   total_energy { -127.3585586697377   } 
   total_energyvar { 1.955381060731518   } 
   weight { 1   } 
   weightvar { 1.776356839400247e-15   } 
   kinetic_energy { 49.61096590833389   } 
   kinetic_energyvar { 138.5168151472334   } 
   potential_energy { -196.3043808321148   } 
   potential_energyvar { 335.8982424843317   } 
   nonlocal_energy { 19.3348562540432   } 
   nonlocal_energyvar { 272.5532674769844   } 
   autocorr_energy { } 
} 

block { 
   label vmc
   totweight 652800
   nautocorr 0
   total_energy { -127.3576773657665   } 
   total_energyvar { 1.966660716868169   } 
   weight { 1   } 
   weightvar { 1.776356839400247e-15   } 
   kinetic_energy { 49.58932494151698   } 
   kinetic_energyvar { 140.00107704416   } 
   potential_energy { -196.2207883809028   } 
   potential_energyvar { 335.2411124513797   } 
   nonlocal_energy { 19.2737860736194   } 
   nonlocal_energyvar { 273.6762437119349   } 
   autocorr_energy { } 
} 

block { 
   label vmc
   totweight 652800
   nautocorr 0
   total_energy { -127.3595929314805   } 
   total_energyvar { 1.94323893962646   } 
   weight { 1   } 
   weightvar { 1.776356839400247e-15   } 
   kinetic_energy { 49.53604950765814   } 
   kinetic_energyvar { 139.4325786775706   } 
   potential_energy { -196.12202761307   } 
   potential_energyvar { 332.2739131927103   } 
   nonlocal_energy { 19.22638517393138   } 
   nonlocal_energyvar { 271.5677902257839   } 
   autocorr_energy { } 
} 

block { 
   label vmc
   totweight 652800
   nautocorr 0
   total_energy { -127.3662435391253   } 
   total_energyvar { 1.935408899148605   } 
   weight { 1   } 
   weightvar { 1.776356839400247e-15   } 
   kinetic_energy { 49.54167636123753   } 
   kinetic_energyvar { 137.9572385901668   } 
   potential_energy { -196.132297472769   } 
   potential_energyvar { 333.6818307914108   } 
   nonlocal_energy { 19.22437757240618   } 
   nonlocal_energyvar { 270.0397740190446   } 
   autocorr_energy { } 
} 

block { 
   label vmc
   totweight 652800
   nautocorr 0
   total_energy { -127.3632221280728   } 
   total_energyvar { 2.065778041977222   } 
   weight { 1   } 
   weightvar { 1.776356839400247e-15   } 
   kinetic_energy { 49.5716734121041   } 
   kinetic_energyvar { 138.2369064904704   } 
   potential_energy { -196.1421769067846   } 
   potential_energyvar { 334.9428831269331   } 
   nonlocal_energy { 19.20728136660767   } 
   nonlocal_energyvar { 270.1632127112998   } 
   autocorr_energy { } 
} 

block { 
   label vmc
   totweight 652800
   nautocorr 0
   total_energy { -127.3666305431057   } 
   total_energyvar { 1.877879225067783   } 
   weight { 1   } 
   weightvar { 1.776356839400247e-15   } 
   kinetic_energy { 49.55695199057035   } 
   kinetic_energyvar { 139.070999905577   } 
   potential_energy { -196.0458156213171   } 
   potential_energyvar { 332.0423420195731   } 
   nonlocal_energy { 19.12223308764102   } 
   nonlocal_energyvar { 267.8206012358447   } 
   autocorr_energy { } 
} 

block { 
   label vmc
   totweight 652800
   nautocorr 0
   total_energy { -127.3561495897498   } 
   total_energyvar { 1.954324099246883   } 
   weight { 1   } 
   weightvar { 1.776356839400247e-15   } 
   kinetic_energy { 49.55009090190734   } 
   kinetic_energyvar { 139.2495161177139   } 
   potential_energy { -196.1366585642443   } 
   potential_energyvar { 332.000665300901   } 
   nonlocal_energy { 19.23041807258725   } 
   nonlocal_energyvar { 268.214260106293   } 
   autocorr_energy { } 
} 

block { 
   label vmc
   totweight 652800
   nautocorr 0
   total_energy { -127.3606747703999   } 
   total_energyvar { 1.907985352907136   } 
   weight { 1   } 
   weightvar { 1.776356839400247e-15   } 
   kinetic_energy { 49.6064837531806   } 
   kinetic_energyvar { 139.5894020785499   } 
   potential_energy { -196.1116636121635   } 
   potential_energyvar { 332.0314387919258   } 
   nonlocal_energy { 19.14450508858301   } 
   nonlocal_energyvar { 267.9977186501445   } 
   autocorr_energy { } 
} 

block { 
   label vmc
   totweight 652800
   nautocorr 0
   total_energy { -127.3622238557284   } 
   total_energyvar { 1.91982712913632   } 
   weight { 1   } 
   weightvar { 1.776356839400247e-15   } 
   kinetic_energy { 49.56949250186375   } 
   kinetic_energyvar { 140.0514826309051   } 
   potential_energy { -196.1164205140722   } 
   potential_energyvar { 332.2011801230888   } 
   nonlocal_energy { 19.18470415648008   } 
   nonlocal_energyvar { 269.9609928773255   } 
   autocorr_energy { } 
} 

block { 
   label vmc
   totweight 652800
   nautocorr 0
   total_energy { -127.369972053781   } 
   total_energyvar { 1.883843955946046   } 
   weight { 1   } 
   weightvar { 1.776356839400247e-15   } 
   kinetic_energy { 49.56870629273069   } 
   kinetic_energyvar { 137.2748618315964   } 
   potential_energy { -196.0549137568725   } 
   potential_energyvar { 328.2309317686557   } 
   nonlocal_energy { 19.11623541036078   } 
   nonlocal_energyvar { 265.8467524557132   } 
   autocorr_energy { } 
} 

block { 
   label vmc
   totweight 652800
   nautocorr 0
   total_energy { -127.3647432292504   } 
   total_energyvar { 2.003134685576027   } 
   weight { 1   } 
   weightvar { 1.776356839400247e-15   } 
   kinetic_energy { 49.56484558658851   } 
   kinetic_energyvar { 138.642597766893   } 
   potential_energy { -196.0946295465746   } 
   potential_energyvar { 334.0851432155824   } 
   nonlocal_energy { 19.16504073073569   } 
   nonlocal_energyvar { 271.1238563037131   } 
   autocorr_energy { } 
} 

block { 
   label vmc
   totweight 652800
   nautocorr 0
   total_energy { -127.3587197037883   } 
   total_energyvar { 2.264018852978007   } 
   weight { 1   } 
   weightvar { 1.776356839400247e-15   } 
   kinetic_energy { 49.57645361841031   } 
   kinetic_energyvar { 139.3249022389392   } 
   potential_energy { -196.081838877059   } 
   potential_energyvar { 333.0725976922668   } 
   nonlocal_energy { 19.14666555486033   } 
   nonlocal_energyvar { 269.4759664692749   } 
   autocorr_energy { } 
} 

block { 
   label vmc
   totweight 652800
   nautocorr 0
   total_energy { -127.3604958022771   } 
   total_energyvar { 2.049550707071006   } 
   weight { 1   } 
   weightvar { 1.776356839400247e-15   } 
   kinetic_energy { 49.606019861787   } 
   kinetic_energyvar { 138.7865553003373   } 
   potential_energy { -196.134052859958   } 
   potential_energyvar { 333.7477386878411   } 
   nonlocal_energy { 19.16753719589386   } 
   nonlocal_energyvar { 271.372799755552   } 
   autocorr_energy { } 
} 

