#-------------------------------------------------
#VMC run: timestep 0.47 nconfig 80 steps 30
#-------------------------------------------------


init { 
   label vmc
}
block { 
   label vmc
   totweight 2400
   nautocorr 0
   total_energy { -67.33419943473676   } 
   total_energyvar { 9.113206108479654   } 
   weight { 1   } 
   weightvar { 0   } 
   kinetic_energy { 23.57246703086748   } 
   kinetic_energyvar { 61.02296051621383   } 
   potential_energy { -101.5498962073818   } 
   potential_energyvar { 142.0935152609984   } 
   nonlocal_energy { 10.64322974177754   } 
   nonlocal_energyvar { 123.098922394048   } 
   autocorr_energy { } 
} 

block { 
   label vmc
   totweight 2400
   nautocorr 0
   total_energy { -67.4834593903058   } 
   total_energyvar { 6.552367062988767   } 
   weight { 1   } 
   weightvar { 0   } 
   kinetic_energy { 23.8345214017408   } 
   kinetic_energyvar { 49.50816662705691   } 
   potential_energy { -102.174599350341   } 
   potential_energyvar { 136.0890044344633   } 
   nonlocal_energy { 10.85661855829443   } 
   nonlocal_energyvar { 103.491821873388   } 
   autocorr_energy { } 
} 

block { 
   label vmc
   totweight 2400
   nautocorr 0
   total_energy { -67.4664495721043   } 
   total_energyvar { 5.785169343395999   } 
   weight { 1   } 
   weightvar { 0   } 
   kinetic_energy { 23.39731828756222   } 
   kinetic_energyvar { 72.81219382631821   } 
   potential_energy { -103.0417624298503   } 
   potential_energyvar { 165.3458345084748   } 
   nonlocal_energy { 12.1779945701838   } 
   nonlocal_energyvar { 190.7009513740571   } 
   autocorr_energy { } 
} 

block { 
   label vmc
   totweight 2400
   nautocorr 0
   total_energy { -67.55438860900171   } 
   total_energyvar { 5.102744809424996   } 
   weight { 1   } 
   weightvar { 0   } 
   kinetic_energy { 24.16830434658075   } 
   kinetic_energyvar { 47.98709597817518   } 
   potential_energy { -101.9820859872781   } 
   potential_energyvar { 130.6522989962679   } 
   nonlocal_energy { 10.25939303169568   } 
   nonlocal_energyvar { 103.328151959254   } 
   autocorr_energy { } 
} 

block { 
   label vmc
   totweight 2400
   nautocorr 0
   total_energy { -67.41756175491064   } 
   total_energyvar { 4.981020991063427   } 
   weight { 1   } 
   weightvar { 0   } 
   kinetic_energy { 23.85186370179475   } 
   kinetic_energyvar { 48.2964196751186   } 
   potential_energy { -101.6226362550691   } 
   potential_energyvar { 131.78174118836   } 
   nonlocal_energy { 10.35321079836371   } 
   nonlocal_energyvar { 98.04855439746439   } 
   autocorr_energy { } 
} 

block { 
   label vmc
   totweight 2400
   nautocorr 0
   total_energy { -67.49406578944655   } 
   total_energyvar { 5.240102075010936   } 
   weight { 1   } 
   weightvar { 0   } 
   kinetic_energy { 23.93635914456633   } 
   kinetic_energyvar { 53.8323022268327   } 
   potential_energy { -102.1609878822194   } 
   potential_energyvar { 138.9981479066572   } 
   nonlocal_energy { 10.73056294820653   } 
   nonlocal_energyvar { 113.1419551406623   } 
   autocorr_energy { } 
} 

block { 
   label vmc
   totweight 2400
   nautocorr 0
   total_energy { -67.52407497924408   } 
   total_energyvar { 4.862235311283467   } 
   weight { 1   } 
   weightvar { 0   } 
   kinetic_energy { 23.56873421392559   } 
   kinetic_energyvar { 58.62000593706332   } 
   potential_energy { -102.1763657998639   } 
   potential_energyvar { 144.5704882835902   } 
   nonlocal_energy { 11.08355660669425   } 
   nonlocal_energyvar { 123.0741726008844   } 
   autocorr_energy { } 
} 

block { 
   label vmc
   totweight 2400
   nautocorr 0
   total_energy { -67.43450253898031   } 
   total_energyvar { 5.404815705265039   } 
   weight { 1   } 
   weightvar { 0   } 
   kinetic_energy { 24.14801799142409   } 
   kinetic_energyvar { 57.42822403505753   } 
   potential_energy { -102.6132810561634   } 
   potential_energyvar { 147.864831853952   } 
   nonlocal_energy { 11.03076052575896   } 
   nonlocal_energyvar { 126.8693230883134   } 
   autocorr_energy { } 
} 

block { 
   label vmc
   totweight 2400
   nautocorr 0
   total_energy { -67.4850755358496   } 
   total_energyvar { 4.822873711757408   } 
   weight { 1   } 
   weightvar { 0   } 
   kinetic_energy { 24.0790237241948   } 
   kinetic_energyvar { 57.19495001170278   } 
   potential_energy { -102.107743692945   } 
   potential_energyvar { 138.990101014827   } 
   nonlocal_energy { 10.54364443290058   } 
   nonlocal_energyvar { 116.6332488138557   } 
   autocorr_energy { } 
} 

block { 
   label vmc
   totweight 2400
   nautocorr 0
   total_energy { -67.48315127797994   } 
   total_energyvar { 5.211467965167031   } 
   weight { 1   } 
   weightvar { 0   } 
   kinetic_energy { 24.08036139315742   } 
   kinetic_energyvar { 52.34501348430179   } 
   potential_energy { -102.3408721154308   } 
   potential_energyvar { 138.1508925474334   } 
   nonlocal_energy { 10.77735944429345   } 
   nonlocal_energyvar { 100.7370772078646   } 
   autocorr_energy { } 
} 

block { 
   label vmc
   totweight 2400
   nautocorr 0
   total_energy { -67.44176633483923   } 
   total_energyvar { 5.299781631910474   } 
   weight { 1   } 
   weightvar { 0   } 
   kinetic_energy { 23.73875086144094   } 
   kinetic_energyvar { 54.28274825339979   } 
   potential_energy { -101.876798861134   } 
   potential_energyvar { 144.2149081324455   } 
   nonlocal_energy { 10.6962816648538   } 
   nonlocal_energyvar { 111.1672402041412   } 
   autocorr_energy { } 
} 

block { 
   label vmc
   totweight 2400
   nautocorr 0
   total_energy { -67.50518249011233   } 
   total_energyvar { 5.807217615340281   } 
   weight { 1   } 
   weightvar { 0   } 
   kinetic_energy { 23.60365092201528   } 
   kinetic_energyvar { 77.62327062447906   } 
   potential_energy { -101.8205452384519   } 
   potential_energyvar { 154.4883161939014   } 
   nonlocal_energy { 10.71171182632431   } 
   nonlocal_energyvar { 142.5649175487492   } 
   autocorr_energy { } 
} 

block { 
   label vmc
   totweight 2400
   nautocorr 0
   total_energy { -67.33160890793978   } 
   total_energyvar { 7.338363388190334   } 
   weight { 1   } 
   weightvar { 0   } 
   kinetic_energy { 24.10962663468785   } 
   kinetic_energyvar { 53.73837055863806   } 
   potential_energy { -102.1847860000836   } 
   potential_energyvar { 146.5275064443938   } 
   nonlocal_energy { 10.743550457456   } 
   nonlocal_energyvar { 105.3737523927479   } 
   autocorr_energy { } 
} 

block { 
   label vmc
   totweight 2400
   nautocorr 0
   total_energy { -67.42468186590256   } 
   total_energyvar { 5.604970762630521   } 
   weight { 1   } 
   weightvar { 0   } 
   kinetic_energy { 23.87305983708267   } 
   kinetic_energyvar { 54.27754668847145   } 
   potential_energy { -101.6268549010614   } 
   potential_energyvar { 137.2990073111866   } 
   nonlocal_energy { 10.32911319807618   } 
   nonlocal_energyvar { 119.083078010207   } 
   autocorr_energy { } 
} 

block { 
   label vmc
   totweight 2400
   nautocorr 0
   total_energy { -67.45982728725447   } 
   total_energyvar { 4.366523422495894   } 
   weight { 1   } 
   weightvar { 0   } 
   kinetic_energy { 23.06168121080562   } 
   kinetic_energyvar { 65.20668738531454   } 
   potential_energy { -101.3851886733331   } 
   potential_energyvar { 147.2759810959166   } 
   nonlocal_energy { 10.86368017527295   } 
   nonlocal_energyvar { 147.0521406369564   } 
   autocorr_energy { } 
} 

block { 
   label vmc
   totweight 2400
   nautocorr 0
   total_energy { -67.41900093193873   } 
   total_energyvar { 5.36135958651511   } 
   weight { 1   } 
   weightvar { 0   } 
   kinetic_energy { 23.41814374396899   } 
   kinetic_energyvar { 52.02977480895429   } 
   potential_energy { -101.3812508563331   } 
   potential_energyvar { 132.3334891307582   } 
   nonlocal_energy { 10.54410618042536   } 
   nonlocal_energyvar { 121.3700318501523   } 
   autocorr_energy { } 
} 

block { 
   label vmc
   totweight 2400
   nautocorr 0
   total_energy { -67.43865484244483   } 
   total_energyvar { 6.456324880833363   } 
   weight { 1   } 
   weightvar { 0   } 
   kinetic_energy { 23.76390788137438   } 
   kinetic_energyvar { 59.95460687271063   } 
   potential_energy { -102.0345250495098   } 
   potential_energyvar { 144.0597377712892   } 
   nonlocal_energy { 10.83196232569055   } 
   nonlocal_energyvar { 125.2105630112803   } 
   autocorr_energy { } 
} 

block { 
   label vmc
   totweight 2400
   nautocorr 0
   total_energy { -67.5093289087   } 
   total_energyvar { 4.738658525762165   } 
   weight { 1   } 
   weightvar { 0   } 
   kinetic_energy { 23.48798020680023   } 
   kinetic_energyvar { 51.3731195580329   } 
   potential_energy { -101.4778869038641   } 
   potential_energyvar { 135.6334557661368   } 
   nonlocal_energy { 10.48057778836393   } 
   nonlocal_energyvar { 102.5465613667041   } 
   autocorr_energy { } 
} 

block { 
   label vmc
   totweight 2400
   nautocorr 0
   total_energy { -67.50711792665298   } 
   total_energyvar { 5.262857785429644   } 
   weight { 1   } 
   weightvar { 0   } 
   kinetic_energy { 23.86406024676211   } 
   kinetic_energyvar { 55.41616939931259   } 
   potential_energy { -101.5710411577312   } 
   potential_energyvar { 131.8496026418068   } 
   nonlocal_energy { 10.19986298431607   } 
   nonlocal_energyvar { 110.0838031609938   } 
   autocorr_energy { } 
} 

block { 
   label vmc
   totweight 2400
   nautocorr 0
   total_energy { -67.46884374207427   } 
   total_energyvar { 6.102257770836927   } 
   weight { 1   } 
   weightvar { 0   } 
   kinetic_energy { 24.0335798666531   } 
   kinetic_energyvar { 53.00402570846236   } 
   potential_energy { -102.0128805319213   } 
   potential_energyvar { 144.4417992795981   } 
   nonlocal_energy { 10.51045692319394   } 
   nonlocal_energyvar { 113.3471639323677   } 
   autocorr_energy { } 
} 

block { 
   label vmc
   totweight 2400
   nautocorr 0
   total_energy { -67.47940024811362   } 
   total_energyvar { 5.592583784645932   } 
   weight { 1   } 
   weightvar { 0   } 
   kinetic_energy { 23.67904602878803   } 
   kinetic_energyvar { 55.84858346654342   } 
   potential_energy { -102.0191770639489   } 
   potential_energyvar { 139.1448140471695   } 
   nonlocal_energy { 10.8607307870473   } 
   nonlocal_energyvar { 117.9296280603786   } 
   autocorr_energy { } 
} 

block { 
   label vmc
   totweight 2400
   nautocorr 0
   total_energy { -67.48954274650322   } 
   total_energyvar { 4.725444377899151   } 
   weight { 1   } 
   weightvar { 0   } 
   kinetic_energy { 23.9074932084194   } 
   kinetic_energyvar { 57.59940575763877   } 
   potential_energy { -102.5814833485374   } 
   potential_energyvar { 144.7902396770197   } 
   nonlocal_energy { 11.18444739361473   } 
   nonlocal_energyvar { 131.9473368882612   } 
   autocorr_energy { } 
} 

block { 
   label vmc
   totweight 2400
   nautocorr 0
   total_energy { -67.43393576278608   } 
   total_energyvar { 5.897441996673262   } 
   weight { 1   } 
   weightvar { 0   } 
   kinetic_energy { 23.3656563971183   } 
   kinetic_energyvar { 57.03325025329715   } 
   potential_energy { -101.4540657614647   } 
   potential_energyvar { 139.8311772971519   } 
   nonlocal_energy { 10.65447360156028   } 
   nonlocal_energyvar { 127.401599219779   } 
   autocorr_energy { } 
} 

block { 
   label vmc
   totweight 2400
   nautocorr 0
   total_energy { -67.43417476196407   } 
   total_energyvar { 6.879697465620682   } 
   weight { 1   } 
   weightvar { 0   } 
   kinetic_energy { 24.12920885201531   } 
   kinetic_energyvar { 59.24847163183057   } 
   potential_energy { -102.2218965152496   } 
   potential_energyvar { 146.2144292142488   } 
   nonlocal_energy { 10.65851290127024   } 
   nonlocal_energyvar { 113.2328269331665   } 
   autocorr_energy { } 
} 

block { 
   label vmc
   totweight 2400
   nautocorr 0
   total_energy { -67.42529951283517   } 
   total_energyvar { 9.986266966550318   } 
   weight { 1   } 
   weightvar { 0   } 
   kinetic_energy { 23.56078776624069   } 
   kinetic_energyvar { 58.21835562934891   } 
   potential_energy { -101.7108465538669   } 
   potential_energyvar { 145.0726877052794   } 
   nonlocal_energy { 10.72475927479104   } 
   nonlocal_energyvar { 119.3908944594982   } 
   autocorr_energy { } 
} 

block { 
   label vmc
   totweight 2400
   nautocorr 0
   total_energy { -67.46839692785296   } 
   total_energyvar { 10.0305887416047   } 
   weight { 1   } 
   weightvar { 0   } 
   kinetic_energy { 23.85261730325123   } 
   kinetic_energyvar { 52.94703180618992   } 
   potential_energy { -102.1446730037365   } 
   potential_energyvar { 143.2102721603512   } 
   nonlocal_energy { 10.8236587726323   } 
   nonlocal_energyvar { 117.4208145769758   } 
   autocorr_energy { } 
} 

block { 
   label vmc
   totweight 2400
   nautocorr 0
   total_energy { -67.55051934180517   } 
   total_energyvar { 5.157296337898432   } 
   weight { 1   } 
   weightvar { 0   } 
   kinetic_energy { 24.15336468142561   } 
   kinetic_energyvar { 55.06322730260973   } 
   potential_energy { -102.8086582793023   } 
   potential_energyvar { 134.7967879225278   } 
   nonlocal_energy { 11.10477425607147   } 
   nonlocal_energyvar { 121.0261721798427   } 
   autocorr_energy { } 
} 

block { 
   label vmc
   totweight 2400
   nautocorr 0
   total_energy { -67.50041768488622   } 
   total_energyvar { 4.849940716993276   } 
   weight { 1   } 
   weightvar { 0   } 
   kinetic_energy { 24.01253555025624   } 
   kinetic_energyvar { 60.3435070396289   } 
   potential_energy { -101.4389930736496   } 
   potential_energyvar { 133.6981052023219   } 
   nonlocal_energy { 9.926039838507105   } 
   nonlocal_energyvar { 108.706200553738   } 
   autocorr_energy { } 
} 

block { 
   label vmc
   totweight 2400
   nautocorr 0
   total_energy { -67.44241167146798   } 
   total_energyvar { 5.198596350900544   } 
   weight { 1   } 
   weightvar { 0   } 
   kinetic_energy { 23.75210758962628   } 
   kinetic_energyvar { 54.1786999772726   } 
   potential_energy { -101.8875136337618   } 
   potential_energyvar { 136.6058310555397   } 
   nonlocal_energy { 10.69299437266761   } 
   nonlocal_energyvar { 101.1318175659978   } 
   autocorr_energy { } 
} 

block { 
   label vmc
   totweight 2400
   nautocorr 0
   total_energy { -67.42574358104083   } 
   total_energyvar { 5.721148582234486   } 
   weight { 1   } 
   weightvar { 0   } 
   kinetic_energy { 23.83498407642054   } 
   kinetic_energyvar { 52.57519159635071   } 
   potential_energy { -101.8175969170321   } 
   potential_energyvar { 133.9461163983915   } 
   nonlocal_energy { 10.55686925957073   } 
   nonlocal_energyvar { 108.0218975160698   } 
   autocorr_energy { } 
} 

