#-------------------------------------------------
#DMC run: timestep 0.005
#-------------------------------------------------


init { 
   label spin_0.005
}
block { 
   label spin_0.005
   totweight 3481600
   nautocorr 0
   total_energy { -127.2976037294641   } 
   total_energyvar { 1.637911084265803   } 
   weight { 1.013926932169008   } 
   weightvar { 0.02724836292217572   } 
   kinetic_energy { 48.21775042662587   } 
   kinetic_energyvar { 127.1713565149378   } 
   potential_energy { -196.0395788216597   } 
   potential_energyvar { 353.7210263464836   } 
   nonlocal_energy { 20.52422466556975   } 
   nonlocal_energyvar { 283.5159263252589   } 
   autocorr_energy { } 
} 

block { 
   label spin_0.005
   totweight 3481600
   nautocorr 0
   total_energy { -127.2761750060565   } 
   total_energyvar { 1.586058225638007   } 
   weight { 1.004357990366374   } 
   weightvar { 0.07020356805110607   } 
   kinetic_energy { 48.47316793016756   } 
   kinetic_energyvar { 126.7031735342489   } 
   potential_energy { -196.3161717132547   } 
   potential_energyvar { 353.9047238056788   } 
   nonlocal_energy { 20.5668287770306   } 
   nonlocal_energyvar { 281.3432568773754   } 
   autocorr_energy { } 
} 

block { 
   label spin_0.005
   totweight 3481600
   nautocorr 0
   total_energy { -127.2737671726778   } 
   total_energyvar { 1.614150860323598   } 
   weight { 0.9919561049454735   } 
   weightvar { 0.08523406529678559   } 
   kinetic_energy { 48.49239102305457   } 
   kinetic_energyvar { 125.3226878383859   } 
   potential_energy { -196.2848958589206   } 
   potential_energyvar { 352.4727359603068   } 
   nonlocal_energy { 20.51873766318818   } 
   nonlocal_energyvar { 280.2563807535101   } 
   autocorr_energy { } 
} 

#-------------------------------------------------
#DMC run: timestep 0.005
#-------------------------------------------------


init { 
   label spin_0.005
}
block { 
   label spin_0.005
   totweight 3481600
   nautocorr 0
   total_energy { -127.274393720391   } 
   total_energyvar { 1.598652027444425   } 
   weight { 0.9922332043367198   } 
   weightvar { 0.09187365129696699   } 
   kinetic_energy { 48.51524141770749   } 
   kinetic_energyvar { 125.9023637233485   } 
   potential_energy { -196.4824977201903   } 
   potential_energyvar { 354.8077526605227   } 
   nonlocal_energy { 20.69286258209191   } 
   nonlocal_energyvar { 286.7991420196714   } 
   autocorr_energy { } 
} 

block { 
   label spin_0.005
   totweight 3481600
   nautocorr 0
   total_energy { -127.2754700332305   } 
   total_energyvar { 1.585713867091155   } 
   weight { 0.9967997793903859   } 
   weightvar { 0.09097420508001892   } 
   kinetic_energy { 48.48505118552744   } 
   kinetic_energyvar { 125.3276002782053   } 
   potential_energy { -196.3142614571274   } 
   potential_energyvar { 352.0019141631642   } 
   nonlocal_energy { 20.55374023836954   } 
   nonlocal_energyvar { 282.4721145291139   } 
   autocorr_energy { } 
} 

block { 
   label spin_0.005
   totweight 3481600
   nautocorr 0
   total_energy { -127.2735820615826   } 
   total_energyvar { 1.640301983906326   } 
   weight { 0.9978045543852635   } 
   weightvar { 0.0920146520783665   } 
   kinetic_energy { 48.46371197486929   } 
   kinetic_energyvar { 125.4420297195969   } 
   potential_energy { -196.233053710344   } 
   potential_energyvar { 353.9419085424042   } 
   nonlocal_energy { 20.49575967389218   } 
   nonlocal_energyvar { 282.7193671336331   } 
   autocorr_energy { } 
} 

block { 
   label spin_0.005
   totweight 3481600
   nautocorr 0
   total_energy { -127.2743914183019   } 
   total_energyvar { 1.604509138141372   } 
   weight { 0.9987444166716494   } 
   weightvar { 0.09076468850668758   } 
   kinetic_energy { 48.46132154066972   } 
   kinetic_energyvar { 125.872636879147   } 
   potential_energy { -196.2334628576988   } 
   potential_energyvar { 353.0671358233739   } 
   nonlocal_energy { 20.49774989872712   } 
   nonlocal_energyvar { 280.5649307404212   } 
   autocorr_energy { } 
} 

block { 
   label spin_0.005
   totweight 3481600
   nautocorr 0
   total_energy { -127.2772473704501   } 
   total_energyvar { 1.591566385836247   } 
   weight { 1.000184128235429   } 
   weightvar { 0.09222986571945428   } 
   kinetic_energy { 48.42564316957635   } 
   kinetic_energyvar { 124.5748953317293   } 
   potential_energy { -196.2290316670938   } 
   potential_energyvar { 351.4946303485916   } 
   nonlocal_energy { 20.52614112706741   } 
   nonlocal_energyvar { 281.5280088931475   } 
   autocorr_energy { } 
} 

block { 
   label spin_0.005
   totweight 3481600
   nautocorr 0
   total_energy { -127.2769734298076   } 
   total_energyvar { 1.58006797487358   } 
   weight { 1.001061071268549   } 
   weightvar { 0.09173856048975165   } 
   kinetic_energy { 48.4761845155241   } 
   kinetic_energyvar { 126.1059433456497   } 
   potential_energy { -196.2730779540554   } 
   potential_energyvar { 354.3543351611399   } 
   nonlocal_energy { 20.5199200087236   } 
   nonlocal_energyvar { 281.697863421896   } 
   autocorr_energy { } 
} 

block { 
   label spin_0.005
   totweight 3481600
   nautocorr 0
   total_energy { -127.2752252542448   } 
   total_energyvar { 1.589459583713047   } 
   weight { 1.000886033138703   } 
   weightvar { 0.09148849187060083   } 
   kinetic_energy { 48.53718129223233   } 
   kinetic_energyvar { 125.6458076078023   } 
   potential_energy { -196.3808797302193   } 
   potential_energyvar { 351.2583072078788   } 
   nonlocal_energy { 20.56847318374223   } 
   nonlocal_energyvar { 281.6076066817718   } 
   autocorr_energy { } 
} 

block { 
   label spin_0.005
   totweight 3481600
   nautocorr 0
   total_energy { -127.2735143123495   } 
   total_energyvar { 1.60177843390309   } 
   weight { 1.00003378120612   } 
   weightvar { 0.09116342258423721   } 
   kinetic_energy { 48.62851436443212   } 
   kinetic_energyvar { 125.262453742357   } 
   potential_energy { -196.5514869893238   } 
   potential_energyvar { 351.2584431946621   } 
   nonlocal_energy { 20.64945831254218   } 
   nonlocal_energyvar { 281.6494778241097   } 
   autocorr_energy { } 
} 

block { 
   label spin_0.005
   totweight 3481600
   nautocorr 0
   total_energy { -127.2766103669335   } 
   total_energyvar { 1.604032574552631   } 
   weight { 0.9997158707914309   } 
   weightvar { 0.09111445064255719   } 
   kinetic_energy { 48.53634781674597   } 
   kinetic_energyvar { 125.1373753289243   } 
   potential_energy { -196.3461668367265   } 
   potential_energyvar { 350.9137899946521   } 
   nonlocal_energy { 20.53320865304709   } 
   nonlocal_energyvar { 280.0793061189635   } 
   autocorr_energy { } 
} 

block { 
   label spin_0.005
   totweight 3481600
   nautocorr 0
   total_energy { -127.2761478896628   } 
   total_energyvar { 1.88354388889366   } 
   weight { 0.9999763443636834   } 
   weightvar { 0.09154007452942139   } 
   kinetic_energy { 48.4590357232631   } 
   kinetic_energyvar { 126.3520095753433   } 
   potential_energy { -196.2912378674058   } 
   potential_energyvar { 353.2752379837744   } 
   nonlocal_energy { 20.55605425447982   } 
   nonlocal_energyvar { 282.9702566505613   } 
   autocorr_energy { } 
} 

