 ENTER Z, NR
 PLEASE ENTER RELATIVITY FACTOR.  (0=NR, 1=REL.)
 PLEASE ENTER IUFLAG. (0=U, 1=SU, 2=R).
 PLEASE ENTER NFC, NEL, RATIO, ETOL, XNUM
 PLEASE ENTER N L M J S OCC.
    2738.000000 -13817.144096
     237.443728 -15000.489409
      86.498673 -15221.049920
      27.722344 -15241.897485
       8.828804 -15243.263395
       3.502549 -15243.500115
       1.637655 -15243.552636
       0.783347 -15243.563792
       0.375368 -15243.566104
       0.179755 -15243.566574
       0.085947 -15243.566668
       0.041034 -15243.566685
       0.019570 -15243.566687
       0.009327 -15243.566687
       0.004444 -15243.566687
       0.002118 -15243.566687
       0.001010 -15243.566687
       0.000482 -15243.566686
       0.000230 -15243.566687
       0.000110 -15243.566686
       0.000053 -15243.566686
    1   0 0   1/2   1    2.0000      -2370.863453
    2   0 0   1/2   1    2.0000       -401.363177
    2   1 1   1/2   1    2.0000       -384.481761
    2   1 1   3/2   1    4.0000       -384.481761
    3   0 0   1/2   1    2.0000        -99.681143
    3   1 1   1/2   1    2.0000        -91.816276
    3   1 0   3/2   1    4.0000        -91.816276
    3   2 2   3/2   1    4.0000        -77.380133
    3   2 2   5/2   1    6.0000        -77.380133
    4   0 0   1/2   1    2.0000        -27.278119
    4   1 1   1/2   1    2.0000        -23.915019
    4   1 1   3/2   1    4.0000        -23.915019
    4   2 2   3/2   1    4.0000        -17.863798
    4   2 2   5/2   1    6.0000        -17.863798
    4   3 3   5/2   1    6.0000         -9.852870
    4   3 3   7/2   1    8.0000         -9.852870
    5   0 0   1/2   1    2.0000         -9.526079
 TOTAL ENERGY =   -15243.566686-414801.839245
 PLEASE ENTER FULL FILENAME.
