#-------------------------------------------------
#VMC run: timestep 0.45 nconfig 5120 steps 30
#-------------------------------------------------


init { 
   label vmc
}
block { 
   label vmc
   totweight 153600
   nautocorr 0
   total_energy { -66.67856119609544   } 
   total_energyvar { 5.430327303893499   } 
   weight { 1   } 
   weightvar { 0   } 
   kinetic_energy { 23.29550220542713   } 
   kinetic_energyvar { 77.08351495653699   } 
   potential_energy { -96.52088101437721   } 
   potential_energyvar { 96.14238394973239   } 
   nonlocal_energy { 6.546817612854624   } 
   nonlocal_energyvar { 111.852354104791   } 
   autocorr_energy { } 
} 

block { 
   label vmc
   totweight 153600
   nautocorr 0
   total_energy { -66.66694442451725   } 
   total_energyvar { 5.422819799283925   } 
   weight { 1   } 
   weightvar { 0   } 
   kinetic_energy { 23.22346974348711   } 
   kinetic_energyvar { 77.41156907027724   } 
   potential_energy { -96.46307385896807   } 
   potential_energyvar { 98.20546206815001   } 
   nonlocal_energy { 6.572659690963714   } 
   nonlocal_energyvar { 112.818832159512   } 
   autocorr_energy { } 
} 

block { 
   label vmc
   totweight 153600
   nautocorr 0
   total_energy { -66.67334817210021   } 
   total_energyvar { 5.402377005433222   } 
   weight { 1   } 
   weightvar { 0   } 
   kinetic_energy { 23.24671525004838   } 
   kinetic_energyvar { 79.10349257175923   } 
   potential_energy { -96.46366556782283   } 
   potential_energyvar { 96.67613612683475   } 
   nonlocal_energy { 6.543602145674227   } 
   nonlocal_energyvar { 115.4790542015188   } 
   autocorr_energy { } 
} 

block { 
   label vmc
   totweight 153600
   nautocorr 0
   total_energy { -66.67372464051191   } 
   total_energyvar { 5.481517355058492   } 
   weight { 1   } 
   weightvar { 0   } 
   kinetic_energy { 23.29521252310575   } 
   kinetic_energyvar { 76.86065034971656   } 
   potential_energy { -96.5175908037231   } 
   potential_energyvar { 97.03160124479606   } 
   nonlocal_energy { 6.548653640105432   } 
   nonlocal_energyvar { 112.327127686152   } 
   autocorr_energy { } 
} 

block { 
   label vmc
   totweight 153600
   nautocorr 0
   total_energy { -66.68782104237609   } 
   total_energyvar { 5.413961117026772   } 
   weight { 1   } 
   weightvar { 0   } 
   kinetic_energy { 23.25763898586348   } 
   kinetic_energyvar { 78.31948373135343   } 
   potential_energy { -96.5178912406458   } 
   potential_energyvar { 96.9606776207291   } 
   nonlocal_energy { 6.572431212406213   } 
   nonlocal_energyvar { 115.7605163289165   } 
   autocorr_energy { } 
} 

block { 
   label vmc
   totweight 153600
   nautocorr 0
   total_energy { -66.66616172210304   } 
   total_energyvar { 5.379763848563062   } 
   weight { 1   } 
   weightvar { 0   } 
   kinetic_energy { 23.24813810540504   } 
   kinetic_energyvar { 78.28623661284836   } 
   potential_energy { -96.47219010413995   } 
   potential_energyvar { 97.11018535928376   } 
   nonlocal_energy { 6.557890276631892   } 
   nonlocal_energyvar { 113.7042875467868   } 
   autocorr_energy { } 
} 

block { 
   label vmc
   totweight 153600
   nautocorr 0
   total_energy { -66.6753923649019   } 
   total_energyvar { 5.24966674862954   } 
   weight { 1   } 
   weightvar { 0   } 
   kinetic_energy { 23.29764812062206   } 
   kinetic_energyvar { 80.09281914191709   } 
   potential_energy { -96.5492732978758   } 
   potential_energyvar { 97.05712114333176   } 
   nonlocal_energy { 6.576232812351838   } 
   nonlocal_energyvar { 117.5665100672455   } 
   autocorr_energy { } 
} 

block { 
   label vmc
   totweight 153600
   nautocorr 0
   total_energy { -66.67783355786749   } 
   total_energyvar { 6.769027148168664   } 
   weight { 1   } 
   weightvar { 0   } 
   kinetic_energy { 23.32709476942049   } 
   kinetic_energyvar { 77.2563830607162   } 
   potential_energy { -96.51655672162977   } 
   potential_energyvar { 96.94661255690247   } 
   nonlocal_energy { 6.511628394341815   } 
   nonlocal_energyvar { 113.4454563167856   } 
   autocorr_energy { } 
} 

block { 
   label vmc
   totweight 153600
   nautocorr 0
   total_energy { -66.68113934794033   } 
   total_energyvar { 5.258981225509238   } 
   weight { 1   } 
   weightvar { 0   } 
   kinetic_energy { 23.26124869419818   } 
   kinetic_energyvar { 77.56988483858132   } 
   potential_energy { -96.5430117001189   } 
   potential_energyvar { 96.57644886195955   } 
   nonlocal_energy { 6.600623657980378   } 
   nonlocal_energyvar { 114.2538773287897   } 
   autocorr_energy { } 
} 

block { 
   label vmc
   totweight 153600
   nautocorr 0
   total_energy { -66.67167765494686   } 
   total_energyvar { 5.549694364396516   } 
   weight { 1   } 
   weightvar { 0   } 
   kinetic_energy { 23.27147833901047   } 
   kinetic_energyvar { 78.71657878259795   } 
   potential_energy { -96.55516431078715   } 
   potential_energyvar { 97.88303028065302   } 
   nonlocal_energy { 6.612008316829823   } 
   nonlocal_energyvar { 115.4257293687343   } 
   autocorr_energy { } 
} 

block { 
   label vmc
   totweight 153600
   nautocorr 0
   total_energy { -66.67066719603599   } 
   total_energyvar { 5.448552884814226   } 
   weight { 1   } 
   weightvar { 0   } 
   kinetic_energy { 23.20419575826043   } 
   kinetic_energyvar { 78.33833693864197   } 
   potential_energy { -96.41978512370451   } 
   potential_energyvar { 97.16930822130381   } 
   nonlocal_energy { 6.5449221694081   } 
   nonlocal_energyvar { 115.1877349433867   } 
   autocorr_energy { } 
} 

block { 
   label vmc
   totweight 153600
   nautocorr 0
   total_energy { -66.67463385048201   } 
   total_energyvar { 5.356324250822545   } 
   weight { 1   } 
   weightvar { 0   } 
   kinetic_energy { 23.20055283507523   } 
   kinetic_energyvar { 78.93230164777945   } 
   potential_energy { -96.4934899103017   } 
   potential_energyvar { 97.02752961914514   } 
   nonlocal_energy { 6.618303224744448   } 
   nonlocal_energyvar { 117.3867955569188   } 
   autocorr_energy { } 
} 

block { 
   label vmc
   totweight 153600
   nautocorr 0
   total_energy { -66.66964503245828   } 
   total_energyvar { 5.372451694295231   } 
   weight { 1   } 
   weightvar { 0   } 
   kinetic_energy { 23.28105105525252   } 
   kinetic_energyvar { 77.21357660600577   } 
   potential_energy { -96.48150155349414   } 
   potential_energyvar { 97.05207394377143   } 
   nonlocal_energy { 6.530805465783349   } 
   nonlocal_energyvar { 112.1352963063239   } 
   autocorr_energy { } 
} 

block { 
   label vmc
   totweight 153600
   nautocorr 0
   total_energy { -66.68181811643454   } 
   total_energyvar { 5.524154805221834   } 
   weight { 1   } 
   weightvar { 0   } 
   kinetic_energy { 23.24090311665746   } 
   kinetic_energyvar { 78.3011176239728   } 
   potential_energy { -96.47739651481689   } 
   potential_energyvar { 97.44453566694061   } 
   nonlocal_energy { 6.554675281724891   } 
   nonlocal_energyvar { 113.9432299801069   } 
   autocorr_energy { } 
} 

block { 
   label vmc
   totweight 153600
   nautocorr 0
   total_energy { -66.66481040094851   } 
   total_energyvar { 5.421275659855001   } 
   weight { 1   } 
   weightvar { 0   } 
   kinetic_energy { 23.22847101745243   } 
   kinetic_energyvar { 79.4358977508805   } 
   potential_energy { -96.5003446257557   } 
   potential_energyvar { 96.8067885344315   } 
   nonlocal_energy { 6.607063207354756   } 
   nonlocal_energyvar { 115.7029113296202   } 
   autocorr_energy { } 
} 

block { 
   label vmc
   totweight 153600
   nautocorr 0
   total_energy { -66.66646978019341   } 
   total_energyvar { 5.369670393008541   } 
   weight { 1   } 
   weightvar { 0   } 
   kinetic_energy { 23.27449749434572   } 
   kinetic_energyvar { 79.51058322803597   } 
   potential_energy { -96.49486353320593   } 
   potential_energyvar { 97.55979425366456   } 
   nonlocal_energy { 6.553896258666787   } 
   nonlocal_energyvar { 116.3724446388101   } 
   autocorr_energy { } 
} 

block { 
   label vmc
   totweight 153600
   nautocorr 0
   total_energy { -66.66617609418748   } 
   total_energyvar { 5.731645723560162   } 
   weight { 1   } 
   weightvar { 0   } 
   kinetic_energy { 23.26487625683009   } 
   kinetic_energyvar { 77.44269276667848   } 
   potential_energy { -96.50836258520803   } 
   potential_energyvar { 97.40067852331072   } 
   nonlocal_energy { 6.577310234190482   } 
   nonlocal_energyvar { 113.9422998397509   } 
   autocorr_energy { } 
} 

block { 
   label vmc
   totweight 153600
   nautocorr 0
   total_energy { -66.67628082722142   } 
   total_energyvar { 6.04597670349226   } 
   weight { 1   } 
   weightvar { 0   } 
   kinetic_energy { 23.30819868018633   } 
   kinetic_energyvar { 77.09903281339274   } 
   potential_energy { -96.50566601993839   } 
   potential_energyvar { 97.5567365179013   } 
   nonlocal_energy { 6.521186512530621   } 
   nonlocal_energyvar { 112.6360039392109   } 
   autocorr_energy { } 
} 

block { 
   label vmc
   totweight 153600
   nautocorr 0
   total_energy { -66.67212217220124   } 
   total_energyvar { 5.611240052188752   } 
   weight { 1   } 
   weightvar { 0   } 
   kinetic_energy { 23.31894734530577   } 
   kinetic_energyvar { 76.86317347923493   } 
   potential_energy { -96.5030215726766   } 
   potential_energyvar { 96.69877707341139   } 
   nonlocal_energy { 6.51195205516959   } 
   nonlocal_energyvar { 112.0172485762821   } 
   autocorr_energy { } 
} 

block { 
   label vmc
   totweight 153600
   nautocorr 0
   total_energy { -66.6798017297575   } 
   total_energyvar { 5.438590222612544   } 
   weight { 1   } 
   weightvar { 0   } 
   kinetic_energy { 23.41881254000146   } 
   kinetic_energyvar { 75.50963357039323   } 
   potential_energy { -96.53124663934034   } 
   potential_energyvar { 96.48164656770562   } 
   nonlocal_energy { 6.432632369581368   } 
   nonlocal_energyvar { 107.6931078642993   } 
   autocorr_energy { } 
} 

block { 
   label vmc
   totweight 153600
   nautocorr 0
   total_energy { -66.67587509840655   } 
   total_energyvar { 5.363891298828506   } 
   weight { 1   } 
   weightvar { 0   } 
   kinetic_energy { 23.33909362290496   } 
   kinetic_energyvar { 76.05290342626762   } 
   potential_energy { -96.52942667575272   } 
   potential_energyvar { 96.45025244025277   } 
   nonlocal_energy { 6.514457954441194   } 
   nonlocal_energyvar { 111.1951258859828   } 
   autocorr_energy { } 
} 

block { 
   label vmc
   totweight 153600
   nautocorr 0
   total_energy { -66.67163444462233   } 
   total_energyvar { 8.411827056571651   } 
   weight { 1   } 
   weightvar { 0   } 
   kinetic_energy { 23.2917766426047   } 
   kinetic_energyvar { 78.14355858979532   } 
   potential_energy { -96.50935027595257   } 
   potential_energyvar { 99.9241329726183   } 
   nonlocal_energy { 6.54593918872557   } 
   nonlocal_energyvar { 113.1845923149064   } 
   autocorr_energy { } 
} 

block { 
   label vmc
   totweight 153600
   nautocorr 0
   total_energy { -66.66798848992046   } 
   total_energyvar { 5.486058605508501   } 
   weight { 1   } 
   weightvar { 0   } 
   kinetic_energy { 23.26023697520814   } 
   kinetic_energyvar { 78.44368444666659   } 
   potential_energy { -96.5149684445767   } 
   potential_energyvar { 97.34013397488958   } 
   nonlocal_energy { 6.586742979448081   } 
   nonlocal_energyvar { 115.5581839228834   } 
   autocorr_energy { } 
} 

block { 
   label vmc
   totweight 153600
   nautocorr 0
   total_energy { -66.66859205290106   } 
   total_energyvar { 5.622571131629482   } 
   weight { 1   } 
   weightvar { 0   } 
   kinetic_energy { 23.26715497950818   } 
   kinetic_energyvar { 78.73511689752191   } 
   potential_energy { -96.50659342742317   } 
   potential_energyvar { 97.52884778627484   } 
   nonlocal_energy { 6.570846395013904   } 
   nonlocal_energyvar { 114.8596107350449   } 
   autocorr_energy { } 
} 

block { 
   label vmc
   totweight 153600
   nautocorr 0
   total_energy { -66.67696621248643   } 
   total_energyvar { 5.513333805542166   } 
   weight { 1   } 
   weightvar { 0   } 
   kinetic_energy { 23.25435150872279   } 
   kinetic_energyvar { 77.27328958995527   } 
   potential_energy { -96.51556529737003   } 
   potential_energyvar { 97.50065324656997   } 
   nonlocal_energy { 6.58424757616081   } 
   nonlocal_energyvar { 114.4256101967874   } 
   autocorr_energy { } 
} 

block { 
   label vmc
   totweight 153600
   nautocorr 0
   total_energy { -66.68026063502386   } 
   total_energyvar { 5.461297301419473   } 
   weight { 1   } 
   weightvar { 0   } 
   kinetic_energy { 23.25076001697556   } 
   kinetic_energyvar { 78.4543449023502   } 
   potential_energy { -96.51335957120345   } 
   potential_energyvar { 97.77330225241937   } 
   nonlocal_energy { 6.582338919204039   } 
   nonlocal_energyvar { 115.5239649786671   } 
   autocorr_energy { } 
} 

block { 
   label vmc
   totweight 153600
   nautocorr 0
   total_energy { -66.68278242374522   } 
   total_energyvar { 5.193663523407757   } 
   weight { 1   } 
   weightvar { 0   } 
   kinetic_energy { 23.27662856118436   } 
   kinetic_energyvar { 77.34825417105537   } 
   potential_energy { -96.49234008736651   } 
   potential_energyvar { 96.59503038247425   } 
   nonlocal_energy { 6.532929102436905   } 
   nonlocal_energyvar { 113.3338504426965   } 
   autocorr_energy { } 
} 

block { 
   label vmc
   totweight 153600
   nautocorr 0
   total_energy { -66.67766909305458   } 
   total_energyvar { 5.33429414371251   } 
   weight { 1   } 
   weightvar { 0   } 
   kinetic_energy { 23.25586892669351   } 
   kinetic_energyvar { 79.67077556826682   } 
   potential_energy { -96.5355912428934   } 
   potential_energyvar { 97.76996867748302   } 
   nonlocal_energy { 6.602053223145325   } 
   nonlocal_energyvar { 116.1693838040154   } 
   autocorr_energy { } 
} 

block { 
   label vmc
   totweight 153600
   nautocorr 0
   total_energy { -66.68701279520209   } 
   total_energyvar { 5.489529140009146   } 
   weight { 1   } 
   weightvar { 0   } 
   kinetic_energy { 23.25640516885064   } 
   kinetic_energyvar { 79.28655038081902   } 
   potential_energy { -96.53758012731785   } 
   potential_energyvar { 97.88337183977916   } 
   nonlocal_energy { 6.594162163265108   } 
   nonlocal_energyvar { 115.8182277808355   } 
   autocorr_energy { } 
} 

block { 
   label vmc
   totweight 153600
   nautocorr 0
   total_energy { -66.68152968796159   } 
   total_energyvar { 5.354782630308588   } 
   weight { 1   } 
   weightvar { 0   } 
   kinetic_energy { 23.26845477154679   } 
   kinetic_energyvar { 79.36640403797171   } 
   potential_energy { -96.53074176868424   } 
   potential_energyvar { 96.55585673551334   } 
   nonlocal_energy { 6.580757309175844   } 
   nonlocal_energyvar { 116.209463163271   } 
   autocorr_energy { } 
} 

block { 
   label vmc
   totweight 153600
   nautocorr 0
   total_energy { -66.67449094159296   } 
   total_energyvar { 5.598251720784421   } 
   weight { 1   } 
   weightvar { 0   } 
   kinetic_energy { 23.31011749804004   } 
   kinetic_energyvar { 76.13922589393998   } 
   potential_energy { -96.56697401709748   } 
   potential_energyvar { 97.42064155058189   } 
   nonlocal_energy { 6.582365577464489   } 
   nonlocal_energyvar { 111.7780559697599   } 
   autocorr_energy { } 
} 

block { 
   label vmc
   totweight 153600
   nautocorr 0
   total_energy { -66.67247294159239   } 
   total_energyvar { 5.522857118397789   } 
   weight { 1   } 
   weightvar { 0   } 
   kinetic_energy { 23.23369884902496   } 
   kinetic_energyvar { 79.56682417617888   } 
   potential_energy { -96.51025714934903   } 
   potential_energyvar { 98.14992502105275   } 
   nonlocal_energy { 6.604085358731683   } 
   nonlocal_energyvar { 117.7266292643557   } 
   autocorr_energy { } 
} 

block { 
   label vmc
   totweight 153600
   nautocorr 0
   total_energy { -66.67641653034627   } 
   total_energyvar { 6.399309033642338   } 
   weight { 1   } 
   weightvar { 0   } 
   kinetic_energy { 23.2976821875307   } 
   kinetic_energyvar { 77.51412420992884   } 
   potential_energy { -96.47536523342572   } 
   potential_energyvar { 97.70881120286019   } 
   nonlocal_energy { 6.501266515548744   } 
   nonlocal_energyvar { 112.8724991930628   } 
   autocorr_energy { } 
} 

block { 
   label vmc
   totweight 153600
   nautocorr 0
   total_energy { -66.68128722705656   } 
   total_energyvar { 5.344995360937641   } 
   weight { 1   } 
   weightvar { 0   } 
   kinetic_energy { 23.20084973871749   } 
   kinetic_energyvar { 79.68602519583894   } 
   potential_energy { -96.49303389347858   } 
   potential_energyvar { 96.10992206975207   } 
   nonlocal_energy { 6.610896927704538   } 
   nonlocal_energyvar { 117.1794790864455   } 
   autocorr_energy { } 
} 

block { 
   label vmc
   totweight 153600
   nautocorr 0
   total_energy { -66.67060133952948   } 
   total_energyvar { 5.383063165072443   } 
   weight { 1   } 
   weightvar { 0   } 
   kinetic_energy { 23.27603777699461   } 
   kinetic_energyvar { 77.67042116637917   } 
   potential_energy { -96.49856070771695   } 
   potential_energyvar { 97.69700443818161   } 
   nonlocal_energy { 6.551921591192842   } 
   nonlocal_energyvar { 113.2374253778492   } 
   autocorr_energy { } 
} 

block { 
   label vmc
   totweight 153600
   nautocorr 0
   total_energy { -66.6841060042442   } 
   total_energyvar { 5.28208917546598   } 
   weight { 1   } 
   weightvar { 0   } 
   kinetic_energy { 23.31391866775884   } 
   kinetic_energyvar { 76.39264531849845   } 
   potential_energy { -96.56516218886311   } 
   potential_energyvar { 96.36438614959577   } 
   nonlocal_energy { 6.567137516860063   } 
   nonlocal_energyvar { 111.8783865199707   } 
   autocorr_energy { } 
} 

block { 
   label vmc
   totweight 153600
   nautocorr 0
   total_energy { -66.68392423572965   } 
   total_energyvar { 5.613407217041612   } 
   weight { 1   } 
   weightvar { 0   } 
   kinetic_energy { 23.29033723326894   } 
   kinetic_energyvar { 77.43282193868087   } 
   potential_energy { -96.56139338372309   } 
   potential_energyvar { 96.82724324773834   } 
   nonlocal_energy { 6.587131914724488   } 
   nonlocal_energyvar { 114.4388030073964   } 
   autocorr_energy { } 
} 

block { 
   label vmc
   totweight 153600
   nautocorr 0
   total_energy { -66.66726437172198   } 
   total_energyvar { 5.451114068232709   } 
   weight { 1   } 
   weightvar { 0   } 
   kinetic_energy { 23.28682569942428   } 
   kinetic_energyvar { 79.16357552974179   } 
   potential_energy { -96.51528921261723   } 
   potential_energyvar { 97.32019581564329   } 
   nonlocal_energy { 6.561199141470971   } 
   nonlocal_energyvar { 115.5368005148752   } 
   autocorr_energy { } 
} 

block { 
   label vmc
   totweight 153600
   nautocorr 0
   total_energy { -66.65951340556687   } 
   total_energyvar { 5.79867464326911   } 
   weight { 1   } 
   weightvar { 0   } 
   kinetic_energy { 23.23713838497983   } 
   kinetic_energyvar { 78.47527175246206   } 
   potential_energy { -96.51966705834299   } 
   potential_energyvar { 97.59676684962552   } 
   nonlocal_energy { 6.623015267796307   } 
   nonlocal_energyvar { 115.6966130729051   } 
   autocorr_energy { } 
} 

block { 
   label vmc
   totweight 153600
   nautocorr 0
   total_energy { -66.6765959514578   } 
   total_energyvar { 5.302177513939759   } 
   weight { 1   } 
   weightvar { 0   } 
   kinetic_energy { 23.30329943595781   } 
   kinetic_energyvar { 77.01808901923008   } 
   potential_energy { -96.5425285790479   } 
   potential_energyvar { 96.74366446622092   } 
   nonlocal_energy { 6.562633191632283   } 
   nonlocal_energyvar { 112.6180868319255   } 
   autocorr_energy { } 
} 

