 ENTER Z, NR
 PLEASE ENTER RELATIVITY FACTOR.  (0=NR, 1=REL.)
 PLEASE ENTER IUFLAG. (0=U, 1=SU, 2=R).
 PLEASE ENTER NFC, NEL, RATIO, ETOL, XNUM
 PLEASE ENTER N L M J S OCC.
    3120.500000 -16346.534856
     253.491564 -17515.985925
      95.106109 -17739.706922
      32.324003 -17763.826784
      10.924210 -17765.600237
       4.233647 -17765.833689
       1.890013 -17765.887056
       0.892270 -17765.900732
       0.427023 -17765.904657
       0.204873 -17765.905974
       0.098308 -17765.906490
       0.047159 -17765.906716
       0.022616 -17765.906822
       0.010844 -17765.906874
       0.005200 -17765.906899
       0.002493 -17765.906912
       0.001196 -17765.906918
       0.000574 -17765.906921
       0.000275 -17765.906923
       0.000132 -17765.906924
       0.000064 -17765.906924
    1   0 0   1/2   1    2.0000      -2720.817424
    2   0 0   1/2   1    2.0000       -470.968208
    2   1 1   1/2   1    2.0000       -452.721899
    2   1 1   3/2   1    4.0000       -452.721899
    3   0 0   1/2   1    2.0000       -122.775258
    3   1 1   1/2   1    2.0000       -114.141327
    3   1 0   3/2   1    4.0000       -114.141327
    3   2 2   3/2   1    4.0000        -98.292011
    3   2 2   5/2   1    6.0000        -98.292011
    4   0 0   1/2   1    2.0000        -37.595303
    4   1 1   1/2   1    2.0000        -33.780855
    4   1 1   3/2   1    4.0000        -33.780855
    4   2 2   3/2   1    4.0000        -26.871966
    4   2 2   5/2   1    6.0000        -26.871966
    4   3 3   5/2   1    6.0000        -17.538399
    4   3 3   7/2   1    8.0000        -17.538399
    5   0 0   1/2   1    2.0000        -15.207995
 TOTAL ENERGY =   -17765.906924-483438.752853
 PLEASE ENTER FULL FILENAME.
