#-------------------------------------------------
#VMC run: timestep 0.3 nconfig 2048 steps 30
#-------------------------------------------------


init { 
   label vmc
}
block { 
   label vmc
   totweight 61440
   nautocorr 0
   total_energy { -145.8585098123759   } 
   total_energyvar { 15.26548633873162   } 
   weight { 1   } 
   weightvar { 0   } 
   kinetic_energy { 56.87342927668853   } 
   kinetic_energyvar { 200.8470969462887   } 
   potential_energy { -222.3843564790296   } 
   potential_energyvar { 466.3671794622064   } 
   nonlocal_energy { 19.65241738996523   } 
   nonlocal_energyvar { 342.4676143932085   } 
   autocorr_energy { } 
} 

block { 
   label vmc
   totweight 61440
   nautocorr 0
   total_energy { -145.843852740928   } 
   total_energyvar { 16.41496297959015   } 
   weight { 1   } 
   weightvar { 0   } 
   kinetic_energy { 56.58958855161257   } 
   kinetic_energyvar { 202.913991036767   } 
   potential_energy { -221.9126926975942   } 
   potential_energyvar { 461.2368950262558   } 
   nonlocal_energy { 19.47925140505363   } 
   nonlocal_energyvar { 336.2288954116396   } 
   autocorr_energy { } 
} 

block { 
   label vmc
   totweight 61440
   nautocorr 0
   total_energy { -145.8257947495046   } 
   total_energyvar { 15.65931346724223   } 
   weight { 1   } 
   weightvar { 0   } 
   kinetic_energy { 56.53637435481398   } 
   kinetic_energyvar { 206.9105183293879   } 
   potential_energy { -221.8417522014701   } 
   potential_energyvar { 461.645515635064   } 
   nonlocal_energy { 19.47958309715155   } 
   nonlocal_energyvar { 338.7547738753188   } 
   autocorr_energy { } 
} 

block { 
   label vmc
   totweight 61440
   nautocorr 0
   total_energy { -145.8590443758757   } 
   total_energyvar { 17.23432089858981   } 
   weight { 1   } 
   weightvar { 0   } 
   kinetic_energy { 56.8458552333558   } 
   kinetic_energyvar { 198.2994534707055   } 
   potential_energy { -222.0311592126771   } 
   potential_energyvar { 463.2069964471355   } 
   nonlocal_energy { 19.32625960344554   } 
   nonlocal_energyvar { 328.2395003155445   } 
   autocorr_energy { } 
} 

block { 
   label vmc
   totweight 61440
   nautocorr 0
   total_energy { -145.8641026510444   } 
   total_energyvar { 15.58536905073636   } 
   weight { 1   } 
   weightvar { 0   } 
   kinetic_energy { 56.88764233241624   } 
   kinetic_energyvar { 203.6717663371971   } 
   potential_energy { -222.2654120283072   } 
   potential_energyvar { 461.8195607518783   } 
   nonlocal_energy { 19.51366704484657   } 
   nonlocal_energyvar { 334.5635437341461   } 
   autocorr_energy { } 
} 

block { 
   label vmc
   totweight 61440
   nautocorr 0
   total_energy { -145.8595703154454   } 
   total_energyvar { 15.19579493071352   } 
   weight { 1   } 
   weightvar { 0   } 
   kinetic_energy { 56.72119967739504   } 
   kinetic_energyvar { 201.8875864098356   } 
   potential_energy { -221.876424327439   } 
   potential_energyvar { 458.7754384487309   } 
   nonlocal_energy { 19.29565433459858   } 
   nonlocal_energyvar { 333.2629971998798   } 
   autocorr_energy { } 
} 

block { 
   label vmc
   totweight 61440
   nautocorr 0
   total_energy { -145.8656495681713   } 
   total_energyvar { 14.473759579848   } 
   weight { 1   } 
   weightvar { 0   } 
   kinetic_energy { 56.76198634426884   } 
   kinetic_energyvar { 202.9444163383673   } 
   potential_energy { -222.0521533038037   } 
   potential_energyvar { 458.6790397003039   } 
   nonlocal_energy { 19.42451739136363   } 
   nonlocal_energyvar { 331.5462837874994   } 
   autocorr_energy { } 
} 

block { 
   label vmc
   totweight 61440
   nautocorr 0
   total_energy { -145.8575754171008   } 
   total_energyvar { 15.1499023397483   } 
   weight { 1   } 
   weightvar { 0   } 
   kinetic_energy { 56.77497717240785   } 
   kinetic_energyvar { 211.4638250555209   } 
   potential_energy { -222.0781301369356   } 
   potential_energyvar { 465.3373735417644   } 
   nonlocal_energy { 19.44557754742696   } 
   nonlocal_energyvar { 343.8686713989234   } 
   autocorr_energy { } 
} 

block { 
   label vmc
   totweight 61440
   nautocorr 0
   total_energy { -145.8473688134983   } 
   total_energyvar { 15.92064267131176   } 
   weight { 1   } 
   weightvar { 0   } 
   kinetic_energy { 56.88398716685469   } 
   kinetic_energyvar { 202.457909710828   } 
   potential_energy { -222.0973159335585   } 
   potential_energyvar { 456.2942700386145   } 
   nonlocal_energy { 19.36595995320548   } 
   nonlocal_energyvar { 328.0443646957459   } 
   autocorr_energy { } 
} 

block { 
   label vmc
   totweight 61440
   nautocorr 0
   total_energy { -145.8125749383663   } 
   total_energyvar { 15.4208477875288   } 
   weight { 1   } 
   weightvar { 0   } 
   kinetic_energy { 56.69739837331225   } 
   kinetic_energyvar { 206.941383597743   } 
   potential_energy { -221.8564390444514   } 
   potential_energyvar { 468.7064587778   } 
   nonlocal_energy { 19.34646573277285   } 
   nonlocal_energyvar { 341.9258202573137   } 
   autocorr_energy { } 
} 

block { 
   label vmc
   totweight 61440
   nautocorr 0
   total_energy { -145.8310021584791   } 
   total_energyvar { 15.17533848518207   } 
   weight { 1   } 
   weightvar { 0   } 
   kinetic_energy { 56.82168195108129   } 
   kinetic_energyvar { 203.7786931874849   } 
   potential_energy { -222.3637660844696   } 
   potential_energyvar { 465.4545775558017   } 
   nonlocal_energy { 19.71108197490924   } 
   nonlocal_energyvar { 344.8502561507948   } 
   autocorr_energy { } 
} 

block { 
   label vmc
   totweight 61440
   nautocorr 0
   total_energy { -145.8493074912034   } 
   total_energyvar { 15.1140028314223   } 
   weight { 1   } 
   weightvar { 0   } 
   kinetic_energy { 56.82932785624139   } 
   kinetic_energyvar { 201.1637729912825   } 
   potential_energy { -222.1258075618798   } 
   potential_energyvar { 465.2428468773718   } 
   nonlocal_energy { 19.44717221443507   } 
   nonlocal_energyvar { 331.2399558884013   } 
   autocorr_energy { } 
} 

block { 
   label vmc
   totweight 61440
   nautocorr 0
   total_energy { -145.8933098892894   } 
   total_energyvar { 14.34981189533201   } 
   weight { 1   } 
   weightvar { 0   } 
   kinetic_energy { 56.82472782419072   } 
   kinetic_energyvar { 209.2986423511809   } 
   potential_energy { -222.1588034593445   } 
   potential_energyvar { 454.8902504954978   } 
   nonlocal_energy { 19.44076574586437   } 
   nonlocal_energyvar { 340.790945949247   } 
   autocorr_energy { } 
} 

block { 
   label vmc
   totweight 61440
   nautocorr 0
   total_energy { -145.8221456585231   } 
   total_energyvar { 17.80666091260217   } 
   weight { 1   } 
   weightvar { 0   } 
   kinetic_energy { 56.67941403682847   } 
   kinetic_energyvar { 206.9440257533607   } 
   potential_energy { -222.0347075634471   } 
   potential_energyvar { 462.576780920964   } 
   nonlocal_energy { 19.53314786809554   } 
   nonlocal_energyvar { 339.9950927961103   } 
   autocorr_energy { } 
} 

block { 
   label vmc
   totweight 61440
   nautocorr 0
   total_energy { -145.8423925123583   } 
   total_energyvar { 15.32539815682541   } 
   weight { 1   } 
   weightvar { 0   } 
   kinetic_energy { 56.89375497778314   } 
   kinetic_energyvar { 199.9229758778069   } 
   potential_energy { -222.0566479889275   } 
   potential_energyvar { 456.3777641126698   } 
   nonlocal_energy { 19.32050049878605   } 
   nonlocal_energyvar { 323.2405576081401   } 
   autocorr_energy { } 
} 

block { 
   label vmc
   totweight 61440
   nautocorr 0
   total_energy { -145.852736562348   } 
   total_energyvar { 16.14485894619479   } 
   weight { 1   } 
   weightvar { 0   } 
   kinetic_energy { 56.74056562230304   } 
   kinetic_energyvar { 205.4845260052391   } 
   potential_energy { -222.1412806099855   } 
   potential_energyvar { 463.5449142137951   } 
   nonlocal_energy { 19.54797842533445   } 
   nonlocal_energyvar { 345.7284639790186   } 
   autocorr_energy { } 
} 

block { 
   label vmc
   totweight 61440
   nautocorr 0
   total_energy { -145.8591372034207   } 
   total_energyvar { 14.75987081224601   } 
   weight { 1   } 
   weightvar { 0   } 
   kinetic_energy { 56.72571185716885   } 
   kinetic_energyvar { 199.469928235073   } 
   potential_energy { -222.0295742543341   } 
   potential_energyvar { 461.4440545762132   } 
   nonlocal_energy { 19.44472519374451   } 
   nonlocal_energyvar { 334.595608479603   } 
   autocorr_energy { } 
} 

block { 
   label vmc
   totweight 61440
   nautocorr 0
   total_energy { -145.8237067277346   } 
   total_energyvar { 15.6273325891099   } 
   weight { 1   } 
   weightvar { 0   } 
   kinetic_energy { 56.86791305889746   } 
   kinetic_energyvar { 208.4686705857044   } 
   potential_energy { -222.1644255740414   } 
   potential_energyvar { 462.1468740663596   } 
   nonlocal_energy { 19.47280578740935   } 
   nonlocal_energyvar { 342.3455589270934   } 
   autocorr_energy { } 
} 

block { 
   label vmc
   totweight 61440
   nautocorr 0
   total_energy { -145.8358528951647   } 
   total_energyvar { 15.88306046505787   } 
   weight { 1   } 
   weightvar { 0   } 
   kinetic_energy { 56.76423300273684   } 
   kinetic_energyvar { 204.3082484980606   } 
   potential_energy { -222.3542314303692   } 
   potential_energyvar { 470.4982017170204   } 
   nonlocal_energy { 19.75414553246769   } 
   nonlocal_energyvar { 345.8249908101496   } 
   autocorr_energy { } 
} 

block { 
   label vmc
   totweight 61440
   nautocorr 0
   total_energy { -145.8344809640334   } 
   total_energyvar { 15.92296309929668   } 
   weight { 1   } 
   weightvar { 0   } 
   kinetic_energy { 56.84354798189526   } 
   kinetic_energyvar { 203.7114354698139   } 
   potential_energy { -222.2773725926222   } 
   potential_energyvar { 468.4915969797005   } 
   nonlocal_energy { 19.59934364669353   } 
   nonlocal_energyvar { 337.0780832484264   } 
   autocorr_energy { } 
} 

block { 
   label vmc
   totweight 61440
   nautocorr 0
   total_energy { -145.8610540471874   } 
   total_energyvar { 14.71405379485397   } 
   weight { 1   } 
   weightvar { 0   } 
   kinetic_energy { 56.76455351246544   } 
   kinetic_energyvar { 201.6733268556078   } 
   potential_energy { -222.0136582614879   } 
   potential_energyvar { 463.8577019653277   } 
   nonlocal_energy { 19.38805070183509   } 
   nonlocal_energyvar { 331.8560570743628   } 
   autocorr_energy { } 
} 

block { 
   label vmc
   totweight 61440
   nautocorr 0
   total_energy { -145.8627007186119   } 
   total_energyvar { 14.64029364433943   } 
   weight { 1   } 
   weightvar { 0   } 
   kinetic_energy { 56.75158522146259   } 
   kinetic_energyvar { 198.8362266430667   } 
   potential_energy { -222.0390401798383   } 
   potential_energyvar { 462.0339015713889   } 
   nonlocal_energy { 19.42475423976374   } 
   nonlocal_energyvar { 330.3176017440107   } 
   autocorr_energy { } 
} 

block { 
   label vmc
   totweight 61440
   nautocorr 0
   total_energy { -145.8510490999148   } 
   total_energyvar { 15.3192699359614   } 
   weight { 1   } 
   weightvar { 0   } 
   kinetic_energy { 56.79425214477541   } 
   kinetic_energyvar { 200.4205494566745   } 
   potential_energy { -222.0641807086699   } 
   potential_energyvar { 458.9588165449539   } 
   nonlocal_energy { 19.41887946397968   } 
   nonlocal_energyvar { 330.9218923395536   } 
   autocorr_energy { } 
} 

block { 
   label vmc
   totweight 61440
   nautocorr 0
   total_energy { -145.8634927256212   } 
   total_energyvar { 14.4043989872508   } 
   weight { 1   } 
   weightvar { 0   } 
   kinetic_energy { 56.31824052516797   } 
   kinetic_energyvar { 201.1025465838002   } 
   potential_energy { -221.7243976020637   } 
   potential_energyvar { 466.9556150558321   } 
   nonlocal_energy { 19.54266435127459   } 
   nonlocal_energyvar { 341.6539772249579   } 
   autocorr_energy { } 
} 

block { 
   label vmc
   totweight 61440
   nautocorr 0
   total_energy { -145.8729440272443   } 
   total_energyvar { 15.80549303611695   } 
   weight { 1   } 
   weightvar { 0   } 
   kinetic_energy { 56.73154216488119   } 
   kinetic_energyvar { 201.6946706679629   } 
   potential_energy { -221.8910119843538   } 
   potential_energyvar { 463.5491995064839   } 
   nonlocal_energy { 19.28652579222834   } 
   nonlocal_energyvar { 337.061355678055   } 
   autocorr_energy { } 
} 

block { 
   label vmc
   totweight 61440
   nautocorr 0
   total_energy { -145.815642506536   } 
   total_energyvar { 15.33613888895152   } 
   weight { 1   } 
   weightvar { 0   } 
   kinetic_energy { 56.70839644454298   } 
   kinetic_energyvar { 203.2935460603497   } 
   potential_energy { -222.0740403461479   } 
   potential_energyvar { 466.1722891095638   } 
   nonlocal_energy { 19.55000139506898   } 
   nonlocal_energyvar { 342.7035247150698   } 
   autocorr_energy { } 
} 

block { 
   label vmc
   totweight 61440
   nautocorr 0
   total_energy { -145.8614403855335   } 
   total_energyvar { 14.83590335560571   } 
   weight { 1   } 
   weightvar { 0   } 
   kinetic_energy { 56.61974085681004   } 
   kinetic_energyvar { 202.5737885002861   } 
   potential_energy { -221.8709449699423   } 
   potential_energyvar { 460.3387151667868   } 
   nonlocal_energy { 19.38976372759871   } 
   nonlocal_energyvar { 333.8907111689167   } 
   autocorr_energy { } 
} 

block { 
   label vmc
   totweight 61440
   nautocorr 0
   total_energy { -145.8944141256292   } 
   total_energyvar { 14.52225906328799   } 
   weight { 1   } 
   weightvar { 0   } 
   kinetic_energy { 56.54394906950183   } 
   kinetic_energyvar { 205.0744632700021   } 
   potential_energy { -222.0801958796688   } 
   potential_energyvar { 467.1917569950671   } 
   nonlocal_energy { 19.64183268453772   } 
   nonlocal_energyvar { 342.0059377556841   } 
   autocorr_energy { } 
} 

block { 
   label vmc
   totweight 61440
   nautocorr 0
   total_energy { -145.8649107703986   } 
   total_energyvar { 15.19846725694498   } 
   weight { 1   } 
   weightvar { 0   } 
   kinetic_energy { 56.79336386432146   } 
   kinetic_energyvar { 201.7181059226805   } 
   potential_energy { -222.0242057759756   } 
   potential_energyvar { 463.3861737026811   } 
   nonlocal_energy { 19.36593114125551   } 
   nonlocal_energyvar { 330.4190801136735   } 
   autocorr_energy { } 
} 

block { 
   label vmc
   totweight 61440
   nautocorr 0
   total_energy { -145.8336040475695   } 
   total_energyvar { 15.69084263557113   } 
   weight { 1   } 
   weightvar { 0   } 
   kinetic_energy { 56.81081311428969   } 
   kinetic_energyvar { 201.6538358235616   } 
   potential_energy { -222.1876740934021   } 
   potential_energyvar { 462.0625210428718   } 
   nonlocal_energy { 19.5432569315429   } 
   nonlocal_energyvar { 335.8940487275183   } 
   autocorr_energy { } 
} 

