#-------------------------------------------------
#VMC run: timestep 0.3 nconfig 2048 steps 30
#-------------------------------------------------


init { 
   label vmc
}
block { 
   label vmc
   totweight 61440
   nautocorr 0
   total_energy { -146.6140892656462   } 
   total_energyvar { 1.568147599513993   } 
   weight { 1   } 
   weightvar { 0   } 
   kinetic_energy { 57.7000779378524   } 
   kinetic_energyvar { 182.5064401064744   } 
   potential_energy { -223.6938783365701   } 
   potential_energyvar { 381.6390739088845   } 
   nonlocal_energy { 19.37971113307148   } 
   nonlocal_energyvar { 323.4355238582306   } 
   autocorr_energy { } 
} 

block { 
   label vmc
   totweight 61440
   nautocorr 0
   total_energy { -146.6029171993251   } 
   total_energyvar { 1.632704960004858   } 
   weight { 1   } 
   weightvar { 0   } 
   kinetic_energy { 57.4905729583873   } 
   kinetic_energyvar { 189.1998206288984   } 
   potential_energy { -223.5146971476682   } 
   potential_energyvar { 382.2425487171342   } 
   nonlocal_energy { 19.42120698995575   } 
   nonlocal_energyvar { 329.165759504875   } 
   autocorr_energy { } 
} 

block { 
   label vmc
   totweight 61440
   nautocorr 0
   total_energy { -146.6016146496141   } 
   total_energyvar { 1.57399431949157   } 
   weight { 1   } 
   weightvar { 0   } 
   kinetic_energy { 57.64210963842996   } 
   kinetic_energyvar { 187.1355255943809   } 
   potential_energy { -223.6330157870727   } 
   potential_energyvar { 383.5828180854003   } 
   nonlocal_energy { 19.38929149902865   } 
   nonlocal_energyvar { 323.4331386886793   } 
   autocorr_energy { } 
} 

block { 
   label vmc
   totweight 61440
   nautocorr 0
   total_energy { -146.6138464027112   } 
   total_energyvar { 1.614374998171479   } 
   weight { 1   } 
   weightvar { 0   } 
   kinetic_energy { 57.50367517159033   } 
   kinetic_energyvar { 184.8115428581672   } 
   potential_energy { -223.4982896414303   } 
   potential_energyvar { 382.710500087966   } 
   nonlocal_energy { 19.38076806712871   } 
   nonlocal_energyvar { 324.4654537939408   } 
   autocorr_energy { } 
} 

block { 
   label vmc
   totweight 61440
   nautocorr 0
   total_energy { -146.604074778903   } 
   total_energyvar { 1.565351775593137   } 
   weight { 1   } 
   weightvar { 0   } 
   kinetic_energy { 57.60949109765462   } 
   kinetic_energyvar { 184.3944906939237   } 
   potential_energy { -223.5842311664137   } 
   potential_energyvar { 379.7359074450223   } 
   nonlocal_energy { 19.3706652898561   } 
   nonlocal_energyvar { 317.3194011655404   } 
   autocorr_energy { } 
} 

block { 
   label vmc
   totweight 61440
   nautocorr 0
   total_energy { -146.6073843835019   } 
   total_energyvar { 1.582020064407374   } 
   weight { 1   } 
   weightvar { 0   } 
   kinetic_energy { 57.49285889887297   } 
   kinetic_energyvar { 188.5444645331563   } 
   potential_energy { -223.5356987401571   } 
   potential_energyvar { 385.1266356862212   } 
   nonlocal_energy { 19.43545545778226   } 
   nonlocal_energyvar { 327.3998883925073   } 
   autocorr_energy { } 
} 

block { 
   label vmc
   totweight 61440
   nautocorr 0
   total_energy { -146.6072893313317   } 
   total_energyvar { 1.625938369899915   } 
   weight { 1   } 
   weightvar { 0   } 
   kinetic_energy { 57.67401563794449   } 
   kinetic_energyvar { 186.7880051542533   } 
   potential_energy { -223.6568589281905   } 
   potential_energyvar { 378.7156747144645   } 
   nonlocal_energy { 19.3755539589143   } 
   nonlocal_energyvar { 323.1000940367528   } 
   autocorr_energy { } 
} 

block { 
   label vmc
   totweight 61440
   nautocorr 0
   total_energy { -146.6090293187804   } 
   total_energyvar { 1.600208612475852   } 
   weight { 1   } 
   weightvar { 0   } 
   kinetic_energy { 57.42323046232436   } 
   kinetic_energyvar { 184.623172011764   } 
   potential_energy { -223.689206487463   } 
   potential_energyvar { 383.4545499618743   } 
   nonlocal_energy { 19.65694670635823   } 
   nonlocal_energyvar { 336.0360252435254   } 
   autocorr_energy { } 
} 

block { 
   label vmc
   totweight 61440
   nautocorr 0
   total_energy { -146.6081280636403   } 
   total_energyvar { 1.57145126896275   } 
   weight { 1   } 
   weightvar { 0   } 
   kinetic_energy { 57.68614805662038   } 
   kinetic_energyvar { 182.8422676217509   } 
   potential_energy { -223.7239743012383   } 
   potential_energyvar { 380.5961209141207   } 
   nonlocal_energy { 19.42969818097766   } 
   nonlocal_energyvar { 320.5443969575306   } 
   autocorr_energy { } 
} 

block { 
   label vmc
   totweight 61440
   nautocorr 0
   total_energy { -146.6023273758118   } 
   total_energyvar { 1.660993189242564   } 
   weight { 1   } 
   weightvar { 0   } 
   kinetic_energy { 57.48489622787766   } 
   kinetic_energyvar { 190.766045426079   } 
   potential_energy { -223.662401598141   } 
   potential_energyvar { 386.1295852427212   } 
   nonlocal_energy { 19.57517799445158   } 
   nonlocal_energyvar { 339.5132810251721   } 
   autocorr_energy { } 
} 

block { 
   label vmc
   totweight 61440
   nautocorr 0
   total_energy { -146.6079068552928   } 
   total_energyvar { 1.602053550254943   } 
   weight { 1   } 
   weightvar { 0   } 
   kinetic_energy { 57.5116752996961   } 
   kinetic_energyvar { 182.2798335765402   } 
   potential_energy { -223.4589813428906   } 
   potential_energyvar { 377.5204750606311   } 
   nonlocal_energy { 19.33939918790167   } 
   nonlocal_energyvar { 318.3626269857584   } 
   autocorr_energy { } 
} 

block { 
   label vmc
   totweight 61440
   nautocorr 0
   total_energy { -146.6033856663572   } 
   total_energyvar { 1.670759084650562   } 
   weight { 1   } 
   weightvar { 0   } 
   kinetic_energy { 57.60811060437948   } 
   kinetic_energyvar { 189.0970082028126   } 
   potential_energy { -223.6898358593461   } 
   potential_energyvar { 381.6494943276392   } 
   nonlocal_energy { 19.47833958860933   } 
   nonlocal_energyvar { 331.9481091748162   } 
   autocorr_energy { } 
} 

block { 
   label vmc
   totweight 61440
   nautocorr 0
   total_energy { -146.5989080746426   } 
   total_energyvar { 1.553948228592639   } 
   weight { 1   } 
   weightvar { 0   } 
   kinetic_energy { 57.51837082575362   } 
   kinetic_energyvar { 186.8246753098338   } 
   potential_energy { -223.5053974138026   } 
   potential_energyvar { 384.4405745189487   } 
   nonlocal_energy { 19.38811851340643   } 
   nonlocal_energyvar { 323.3930286237033   } 
   autocorr_energy { } 
} 

block { 
   label vmc
   totweight 61440
   nautocorr 0
   total_energy { -146.6094834041272   } 
   total_energyvar { 1.69568863047603   } 
   weight { 1   } 
   weightvar { 0   } 
   kinetic_energy { 57.58985833495513   } 
   kinetic_energyvar { 187.1151976092271   } 
   potential_energy { -223.7160544577171   } 
   potential_energyvar { 381.4447214846284   } 
   nonlocal_energy { 19.51671271863473   } 
   nonlocal_energyvar { 326.5461243540145   } 
   autocorr_energy { } 
} 

block { 
   label vmc
   totweight 61440
   nautocorr 0
   total_energy { -146.6031982804475   } 
   total_energyvar { 1.532236295912915   } 
   weight { 1   } 
   weightvar { 0   } 
   kinetic_energy { 57.43657816593615   } 
   kinetic_energyvar { 184.1577567711317   } 
   potential_energy { -223.4838914908281   } 
   potential_energyvar { 380.4460673030713   } 
   nonlocal_energy { 19.44411504444445   } 
   nonlocal_energyvar { 319.9147436821335   } 
   autocorr_energy { } 
} 

block { 
   label vmc
   totweight 61440
   nautocorr 0
   total_energy { -146.6001436689581   } 
   total_energyvar { 1.623921436814732   } 
   weight { 1   } 
   weightvar { 0   } 
   kinetic_energy { 57.51973130519819   } 
   kinetic_energyvar { 189.2437884615252   } 
   potential_energy { -223.5370083220082   } 
   potential_energyvar { 384.7766439613798   } 
   nonlocal_energy { 19.41713334785189   } 
   nonlocal_energyvar { 327.9010314868812   } 
   autocorr_energy { } 
} 

block { 
   label vmc
   totweight 61440
   nautocorr 0
   total_energy { -146.6035289870128   } 
   total_energyvar { 1.592684955754264   } 
   weight { 1   } 
   weightvar { 0   } 
   kinetic_energy { 57.48679100997676   } 
   kinetic_energyvar { 184.1130530916429   } 
   potential_energy { -223.4521524944415   } 
   potential_energyvar { 377.7894037100185   } 
   nonlocal_energy { 19.36183249745196   } 
   nonlocal_energyvar { 320.8865488119089   } 
   autocorr_energy { } 
} 

block { 
   label vmc
   totweight 61440
   nautocorr 0
   total_energy { -146.6008129959826   } 
   total_energyvar { 1.581851311559163   } 
   weight { 1   } 
   weightvar { 0   } 
   kinetic_energy { 57.38605298528565   } 
   kinetic_energyvar { 187.9596467780267   } 
   potential_energy { -223.4487291621492   } 
   potential_energyvar { 382.3589808102529   } 
   nonlocal_energy { 19.46186318088102   } 
   nonlocal_energyvar { 328.5478824829208   } 
   autocorr_energy { } 
} 

block { 
   label vmc
   totweight 61440
   nautocorr 0
   total_energy { -146.5975230053427   } 
   total_energyvar { 1.569791441652077   } 
   weight { 1   } 
   weightvar { 0   } 
   kinetic_energy { 57.57410365133423   } 
   kinetic_energyvar { 184.7822194420704   } 
   potential_energy { -223.3747001463165   } 
   potential_energyvar { 377.9488034363257   } 
   nonlocal_energy { 19.20307348963962   } 
   nonlocal_energyvar { 317.6681908251878   } 
   autocorr_energy { } 
} 

block { 
   label vmc
   totweight 61440
   nautocorr 0
   total_energy { -146.5895697238038   } 
   total_energyvar { 1.670676404793645   } 
   weight { 1   } 
   weightvar { 0   } 
   kinetic_energy { 57.47434144484223   } 
   kinetic_energyvar { 192.169816251401   } 
   potential_energy { -223.5132679771386   } 
   potential_energyvar { 381.0420177195797   } 
   nonlocal_energy { 19.44935680849254   } 
   nonlocal_energyvar { 338.9349038658312   } 
   autocorr_energy { } 
} 

block { 
   label vmc
   totweight 61440
   nautocorr 0
   total_energy { -146.59939462989   } 
   total_energyvar { 1.636433054532955   } 
   weight { 1   } 
   weightvar { 0   } 
   kinetic_energy { 57.43203314899659   } 
   kinetic_energyvar { 189.9124778493426   } 
   potential_energy { -223.556335011313   } 
   potential_energyvar { 384.05484090891   } 
   nonlocal_energy { 19.52490723242635   } 
   nonlocal_energyvar { 334.6131358722626   } 
   autocorr_energy { } 
} 

block { 
   label vmc
   totweight 61440
   nautocorr 0
   total_energy { -146.5967377704617   } 
   total_energyvar { 1.599183319266621   } 
   weight { 1   } 
   weightvar { 0   } 
   kinetic_energy { 57.64367098351296   } 
   kinetic_energyvar { 183.0342232236171   } 
   potential_energy { -223.5833819927073   } 
   potential_energyvar { 379.1933354537575   } 
   nonlocal_energy { 19.34297323873261   } 
   nonlocal_energyvar { 315.5573931310656   } 
   autocorr_energy { } 
} 

block { 
   label vmc
   totweight 61440
   nautocorr 0
   total_energy { -146.5875451168482   } 
   total_energyvar { 1.583905691470374   } 
   weight { 1   } 
   weightvar { 0   } 
   kinetic_energy { 57.5426305687973   } 
   kinetic_energyvar { 190.2926105564811   } 
   potential_energy { -223.6335048779623   } 
   potential_energyvar { 383.5785830578067   } 
   nonlocal_energy { 19.50332919231682   } 
   nonlocal_energyvar { 332.3312699147158   } 
   autocorr_energy { } 
} 

block { 
   label vmc
   totweight 61440
   nautocorr 0
   total_energy { -146.5957382022017   } 
   total_energyvar { 1.588235107446752   } 
   weight { 1   } 
   weightvar { 0   } 
   kinetic_energy { 57.41567056721339   } 
   kinetic_energyvar { 183.4402221711775   } 
   potential_energy { -223.388524757735   } 
   potential_energyvar { 381.0533341511948   } 
   nonlocal_energy { 19.37711598831988   } 
   nonlocal_energyvar { 323.220371777296   } 
   autocorr_energy { } 
} 

block { 
   label vmc
   totweight 61440
   nautocorr 0
   total_energy { -146.5991686094566   } 
   total_energyvar { 1.59769656199125   } 
   weight { 1   } 
   weightvar { 0   } 
   kinetic_energy { 57.47096605347395   } 
   kinetic_energyvar { 188.9462235449867   } 
   potential_energy { -223.4058185558821   } 
   potential_energyvar { 384.559384927312   } 
   nonlocal_energy { 19.33568389295161   } 
   nonlocal_energyvar { 327.514411327106   } 
   autocorr_energy { } 
} 

block { 
   label vmc
   totweight 61440
   nautocorr 0
   total_energy { -146.6007129133754   } 
   total_energyvar { 1.585666703397141   } 
   weight { 1   } 
   weightvar { 0   } 
   kinetic_energy { 57.60677416517392   } 
   kinetic_energyvar { 183.320167344833   } 
   potential_energy { -223.7015648225651   } 
   potential_energyvar { 378.4825716842905   } 
   nonlocal_energy { 19.49407774401588   } 
   nonlocal_energyvar { 324.2180853901509   } 
   autocorr_energy { } 
} 

block { 
   label vmc
   totweight 61440
   nautocorr 0
   total_energy { -146.60672265338   } 
   total_energyvar { 1.566766757415221   } 
   weight { 1   } 
   weightvar { 0   } 
   kinetic_energy { 57.5228700935666   } 
   kinetic_energyvar { 186.6411463915998   } 
   potential_energy { -223.570028675782   } 
   potential_energyvar { 380.3391036790527   } 
   nonlocal_energy { 19.44043592883537   } 
   nonlocal_energyvar { 323.9888450413829   } 
   autocorr_energy { } 
} 

block { 
   label vmc
   totweight 61440
   nautocorr 0
   total_energy { -146.6027711116591   } 
   total_energyvar { 1.67725962179991   } 
   weight { 1   } 
   weightvar { 0   } 
   kinetic_energy { 57.60364102538663   } 
   kinetic_energyvar { 185.9782394856103   } 
   potential_energy { -223.668480621348   } 
   potential_energyvar { 381.7899307885503   } 
   nonlocal_energy { 19.46206848430219   } 
   nonlocal_energyvar { 327.5175567336704   } 
   autocorr_energy { } 
} 

block { 
   label vmc
   totweight 61440
   nautocorr 0
   total_energy { -146.5984873636057   } 
   total_energyvar { 1.598738723581157   } 
   weight { 1   } 
   weightvar { 0   } 
   kinetic_energy { 57.40868944975968   } 
   kinetic_energyvar { 184.9823279192737   } 
   potential_energy { -223.3778290926844   } 
   potential_energyvar { 378.3564327974573   } 
   nonlocal_energy { 19.37065227931902   } 
   nonlocal_energyvar { 321.3357746886283   } 
   autocorr_energy { } 
} 

block { 
   label vmc
   totweight 61440
   nautocorr 0
   total_energy { -146.6013949383726   } 
   total_energyvar { 1.557314494425069   } 
   weight { 1   } 
   weightvar { 0   } 
   kinetic_energy { 57.62151675176262   } 
   kinetic_energyvar { 183.8372791191609   } 
   potential_energy { -223.528322613574   } 
   potential_energyvar { 377.6656690974303   } 
   nonlocal_energy { 19.30541092343882   } 
   nonlocal_energyvar { 319.2913369215307   } 
   autocorr_energy { } 
} 

