#-------------------------------------------------
#DMC run: timestep 0.001
#-------------------------------------------------


init { 
   label spin_0.001
}
block { 
   label spin_0.001
   totweight 8192000
   nautocorr 0
   total_energy { -5.335598934347821   } 
   total_energyvar { 0.02786786988827845   } 
   weight { 1.005627983100573   } 
   weightvar { 0.001905134767893029   } 
   kinetic_energy { 1.609146404414027   } 
   kinetic_energyvar { 1.008340271587631   } 
   potential_energy { -7.576639039774762   } 
   potential_energyvar { 2.008090486425747   } 
   nonlocal_energy { 0.6318937010129155   } 
   nonlocal_energyvar { 2.346018450308887   } 
   autocorr_energy { } 
} 

block { 
   label spin_0.001
   totweight 8192000
   nautocorr 0
   total_energy { -5.334428853216903   } 
   total_energyvar { 0.02922595563237512   } 
   weight { 1.005742988030192   } 
   weightvar { 0.008735839160168938   } 
   kinetic_energy { 1.625788588500437   } 
   kinetic_energyvar { 0.9990036539724215   } 
   potential_energy { -7.623911554975865   } 
   potential_energyvar { 2.058885585379217   } 
   nonlocal_energy { 0.663694113258525   } 
   nonlocal_energyvar { 2.42549469628052   } 
   autocorr_energy { } 
} 

block { 
   label spin_0.001
   totweight 8192000
   nautocorr 0
   total_energy { -5.333318196373915   } 
   total_energyvar { 0.02712630559811329   } 
   weight { 1.001058805406148   } 
   weightvar { 0.01730106153601459   } 
   kinetic_energy { 1.63132080237784   } 
   kinetic_energyvar { 0.9465325432932259   } 
   potential_energy { -7.608533878746822   } 
   potential_energyvar { 1.9733014412261   } 
   nonlocal_energy { 0.6438948799950672   } 
   nonlocal_energyvar { 2.236994405876363   } 
   autocorr_energy { } 
} 

block { 
   label spin_0.001
   totweight 8192000
   nautocorr 0
   total_energy { -5.33431382876039   } 
   total_energyvar { 0.0985366433221514   } 
   weight { 0.9997853567986679   } 
   weightvar { 0.02668826406071591   } 
   kinetic_energy { 1.628100804334391   } 
   kinetic_energyvar { 0.9845661225247067   } 
   potential_energy { -7.607933123156049   } 
   potential_energyvar { 2.164718298917487   } 
   nonlocal_energy { 0.6455184900612695   } 
   nonlocal_energyvar { 2.323832704342771   } 
   autocorr_energy { } 
} 

block { 
   label spin_0.001
   totweight 8192000
   nautocorr 0
   total_energy { -5.334692918525379   } 
   total_energyvar { 0.02879283337551219   } 
   weight { 0.9995159492364062   } 
   weightvar { 0.03600292935699945   } 
   kinetic_energy { 1.630164981506472   } 
   kinetic_energyvar { 0.9943900230785993   } 
   potential_energy { -7.624966436167568   } 
   potential_energyvar { 2.059392706056686   } 
   nonlocal_energy { 0.6601085361357176   } 
   nonlocal_energyvar { 2.375982948634043   } 
   autocorr_energy { } 
} 

block { 
   label spin_0.001
   totweight 8192000
   nautocorr 0
   total_energy { -5.334289271306323   } 
   total_energyvar { 0.02863003331088316   } 
   weight { 0.9995726742646589   } 
   weightvar { 0.04544709215550712   } 
   kinetic_energy { 1.631446501987069   } 
   kinetic_energyvar { 0.9934856320532083   } 
   potential_energy { -7.62727361719906   } 
   potential_energyvar { 2.055267335704033   } 
   nonlocal_energy { 0.6615378439056674   } 
   nonlocal_energyvar { 2.344116780739775   } 
   autocorr_energy { } 
} 

block { 
   label spin_0.001
   totweight 8192000
   nautocorr 0
   total_energy { -5.334439942912002   } 
   total_energyvar { 0.02829895518442311   } 
   weight { 0.9996452764740009   } 
   weightvar { 0.0536552620556629   } 
   kinetic_energy { 1.647767501121062   } 
   kinetic_energyvar { 0.9592692367731895   } 
   potential_energy { -7.625475955330552   } 
   potential_energyvar { 2.006311741740627   } 
   nonlocal_energy { 0.6432685112974885   } 
   nonlocal_energyvar { 2.252203798775048   } 
   autocorr_energy { } 
} 

block { 
   label spin_0.001
   totweight 8192000
   nautocorr 0
   total_energy { -5.335062122428377   } 
   total_energyvar { 0.04150501820382568   } 
   weight { 1.000127483670399   } 
   weightvar { 0.06029006814877048   } 
   kinetic_energy { 1.62869440080898   } 
   kinetic_energyvar { 0.9938274633151192   } 
   potential_energy { -7.614183756271955   } 
   potential_energyvar { 2.146146672691573   } 
   nonlocal_energy { 0.6504272330345994   } 
   nonlocal_energyvar { 2.344914553247935   } 
   autocorr_energy { } 
} 

block { 
   label spin_0.001
   totweight 8192000
   nautocorr 0
   total_energy { -5.334512534284717   } 
   total_energyvar { 0.02879508339320727   } 
   weight { 1.000135894728196   } 
   weightvar { 0.06631775635146034   } 
   kinetic_energy { 1.623253098375191   } 
   kinetic_energyvar { 1.000734028959832   } 
   potential_energy { -7.607291815363773   } 
   potential_energyvar { 2.065691656232515   } 
   nonlocal_energy { 0.6495261827038649   } 
   nonlocal_energyvar { 2.373701604547549   } 
   autocorr_energy { } 
} 

block { 
   label spin_0.001
   totweight 8192000
   nautocorr 0
   total_energy { -5.335340971567797   } 
   total_energyvar { 0.02845272561215109   } 
   weight { 1.00014068606463   } 
   weightvar { 0.07190398375909948   } 
   kinetic_energy { 1.625215635994034   } 
   kinetic_energyvar { 0.9826907843222366   } 
   potential_energy { -7.607274020556573   } 
   potential_energyvar { 2.050183310252264   } 
   nonlocal_energy { 0.6467174129947406   } 
   nonlocal_energyvar { 2.342286055859525   } 
   autocorr_energy { } 
} 

block { 
   label spin_0.001
   totweight 8192000
   nautocorr 0
   total_energy { -5.334883770018383   } 
   total_energyvar { 0.02897826211877287   } 
   weight { 1.000258909952378   } 
   weightvar { 0.07633894173298068   } 
   kinetic_energy { 1.630210065006792   } 
   kinetic_energyvar { 0.9808846142959917   } 
   potential_energy { -7.623026591789183   } 
   potential_energyvar { 2.080605540180389   } 
   nonlocal_energy { 0.657932756764009   } 
   nonlocal_energyvar { 2.357452718556561   } 
   autocorr_energy { } 
} 

block { 
   label spin_0.001
   totweight 8192000
   nautocorr 0
   total_energy { -5.335100114196895   } 
   total_energyvar { 0.03031811442618996   } 
   weight { 1.000260056835478   } 
   weightvar { 0.07953761790563779   } 
   kinetic_energy { 1.628061281361284   } 
   kinetic_energyvar { 0.9734225724003995   } 
   potential_energy { -7.626500088272403   } 
   potential_energyvar { 2.061662868861242   } 
   nonlocal_energy { 0.6633386927142237   } 
   nonlocal_energyvar { 2.371649911891385   } 
   autocorr_energy { } 
} 

block { 
   label spin_0.001
   totweight 8192000
   nautocorr 0
   total_energy { -5.332515546110028   } 
   total_energyvar { 0.04184018332020761   } 
   weight { 0.9990719522496193   } 
   weightvar { 0.08265942655909921   } 
   kinetic_energy { 1.627210481009202   } 
   kinetic_energyvar { 0.9605486273421252   } 
   potential_energy { -7.608128450390923   } 
   potential_energyvar { 2.055611002401018   } 
   nonlocal_energy { 0.6484024232716935   } 
   nonlocal_energyvar { 2.313562180181036   } 
   autocorr_energy { } 
} 

block { 
   label spin_0.001
   totweight 8192000
   nautocorr 0
   total_energy { -5.334181115471287   } 
   total_energyvar { 0.02766815231372228   } 
   weight { 0.9990093923223811   } 
   weightvar { 0.08522174494507284   } 
   kinetic_energy { 1.622172167958688   } 
   kinetic_energyvar { 0.970186553080029   } 
   potential_energy { -7.605628417514564   } 
   potential_energyvar { 2.020904659420414   } 
   nonlocal_energy { 0.6492751340845893   } 
   nonlocal_energyvar { 2.327510725000551   } 
   autocorr_energy { } 
} 

block { 
   label spin_0.001
   totweight 8192000
   nautocorr 0
   total_energy { -5.335812062404538   } 
   total_energyvar { 0.02794862275404418   } 
   weight { 0.999718954894661   } 
   weightvar { 0.08728181341262298   } 
   kinetic_energy { 1.623395334969987   } 
   kinetic_energyvar { 0.9882052458103451   } 
   potential_energy { -7.594052459322891   } 
   potential_energyvar { 2.04974317476543   } 
   nonlocal_energy { 0.6348450619483657   } 
   nonlocal_energyvar { 2.296069133256425   } 
   autocorr_energy { } 
} 

block { 
   label spin_0.001
   totweight 8192000
   nautocorr 0
   total_energy { -5.335124371430776   } 
   total_energyvar { 0.02697853862094759   } 
   weight { 1.000505024043123   } 
   weightvar { 0.0877845532919137   } 
   kinetic_energy { 1.621364754072538   } 
   kinetic_energyvar { 0.9601472101380871   } 
   potential_energy { -7.61111886186168   } 
   potential_energyvar { 2.020923847918444   } 
   nonlocal_energy { 0.6546297363583656   } 
   nonlocal_energyvar { 2.320162696453773   } 
   autocorr_energy { } 
} 

block { 
   label spin_0.001
   totweight 8192000
   nautocorr 0
   total_energy { -5.333324103166888   } 
   total_energyvar { 0.02841940768232817   } 
   weight { 0.9996941199420973   } 
   weightvar { 0.08960048841495333   } 
   kinetic_energy { 1.626595849574307   } 
   kinetic_energyvar { 0.9677406345122135   } 
   potential_energy { -7.607547984841879   } 
   potential_energyvar { 2.084395127130259   } 
   nonlocal_energy { 0.6476280321006844   } 
   nonlocal_energyvar { 2.374759109456173   } 
   autocorr_energy { } 
} 

block { 
   label spin_0.001
   totweight 8192000
   nautocorr 0
   total_energy { -5.333448073783089   } 
   total_energyvar { 0.02778293664415699   } 
   weight { 0.9991278044915179   } 
   weightvar { 0.09032932782733602   } 
   kinetic_energy { 1.625849833717726   } 
   kinetic_energyvar { 0.9778442019985788   } 
   potential_energy { -7.613269881244668   } 
   potential_energyvar { 2.066801907407647   } 
   nonlocal_energy { 0.6539719737438541   } 
   nonlocal_energyvar { 2.354368211406586   } 
   autocorr_energy { } 
} 

block { 
   label spin_0.001
   totweight 8192000
   nautocorr 0
   total_energy { -5.33286789957942   } 
   total_energyvar { 0.03141641568446876   } 
   weight { 0.9984786157827601   } 
   weightvar { 0.09071088079041303   } 
   kinetic_energy { 1.623444518912348   } 
   kinetic_energyvar { 0.9777695269231578   } 
   potential_energy { -7.602911764860218   } 
   potential_energyvar { 2.014728277640012   } 
   nonlocal_energy { 0.6465993463684507   } 
   nonlocal_energyvar { 2.290386199332215   } 
   autocorr_energy { } 
} 

block { 
   label spin_0.001
   totweight 8192000
   nautocorr 0
   total_energy { -5.334002480759837   } 
   total_energyvar { 0.02894588092763023   } 
   weight { 0.9987928526305059   } 
   weightvar { 0.09134760243931855   } 
   kinetic_energy { 1.618578669999099   } 
   kinetic_energyvar { 0.992236274273234   } 
   potential_energy { -7.606014085305307   } 
   potential_energyvar { 2.065044232729936   } 
   nonlocal_energy { 0.6534329345463706   } 
   nonlocal_energyvar { 2.356175341929108   } 
   autocorr_energy { } 
} 

