#-------------------------------------------------
#DMC run: timestep 0.005
#-------------------------------------------------


init { 
   label spin_0.005
}
block { 
   label spin_0.005
   totweight 3481600
   nautocorr 0
   total_energy { -126.3691193305726   } 
   total_energyvar { 1.388916969201949   } 
   weight { 1.032270400499556   } 
   weightvar { 0.02713286002692193   } 
   kinetic_energy { 47.22142388597525   } 
   kinetic_energyvar { 122.7240281420106   } 
   potential_energy { -194.0575224587509   } 
   potential_energyvar { 354.4257307944406   } 
   nonlocal_energy { 20.46697924220312   } 
   nonlocal_energyvar { 278.1652036619026   } 
   autocorr_energy { } 
} 

block { 
   label spin_0.005
   totweight 3481600
   nautocorr 0
   total_energy { -126.327336901963   } 
   total_energyvar { 1.462362395512013   } 
   weight { 1.013325057676332   } 
   weightvar { 0.07022688081945425   } 
   kinetic_energy { 47.51369705000563   } 
   kinetic_energyvar { 120.4728715096172   } 
   potential_energy { -194.4025905569781   } 
   potential_energyvar { 352.308887856197   } 
   nonlocal_energy { 20.56155660500956   } 
   nonlocal_energyvar { 277.3114744085316   } 
   autocorr_energy { } 
} 

block { 
   label spin_0.005
   totweight 3481600
   nautocorr 0
   total_energy { -126.3202452036614   } 
   total_energyvar { 1.420963350684955   } 
   weight { 0.9849469930848491   } 
   weightvar { 0.08604371370885283   } 
   kinetic_energy { 47.56902918556422   } 
   kinetic_energyvar { 120.6726399444812   } 
   potential_energy { -194.4541041251823   } 
   potential_energyvar { 352.5684394419467   } 
   nonlocal_energy { 20.56482973595662   } 
   nonlocal_energyvar { 278.1179396849374   } 
   autocorr_energy { } 
} 

#-------------------------------------------------
#DMC run: timestep 0.005
#-------------------------------------------------


init { 
   label spin_0.005
}
block { 
   label spin_0.005
   totweight 3481600
   nautocorr 0
   total_energy { -126.3194635497709   } 
   total_energyvar { 1.451088807894853   } 
   weight { 0.9839678314025915   } 
   weightvar { 0.09165147849035894   } 
   kinetic_energy { 47.55483309035579   } 
   kinetic_energyvar { 120.8054368769464   } 
   potential_energy { -194.4216121841026   } 
   potential_energyvar { 352.2034872240867   } 
   nonlocal_energy { 20.54731554397587   } 
   nonlocal_energyvar { 277.7173576888851   } 
   autocorr_energy { } 
} 

block { 
   label spin_0.005
   totweight 3481600
   nautocorr 0
   total_energy { -126.3221991112617   } 
   total_energyvar { 1.446070843234904   } 
   weight { 0.9921078302861286   } 
   weightvar { 0.09357871390821475   } 
   kinetic_energy { 47.541126245629   } 
   kinetic_energyvar { 120.4166515318683   } 
   potential_energy { -194.4441253894787   } 
   potential_energyvar { 351.0934063702465   } 
   nonlocal_energy { 20.58080003258797   } 
   nonlocal_energyvar { 279.0113627288666   } 
   autocorr_energy { } 
} 

block { 
   label spin_0.005
   totweight 3481600
   nautocorr 0
   total_energy { -126.3177305770984   } 
   total_energyvar { 1.510478747333106   } 
   weight { 0.9964003764392259   } 
   weightvar { 0.093255268439376   } 
   kinetic_energy { 47.54008814671082   } 
   kinetic_energyvar { 120.3810722154076   } 
   potential_energy { -194.3937938914079   } 
   potential_energyvar { 351.232231390445   } 
   nonlocal_energy { 20.53597516759866   } 
   nonlocal_energyvar { 275.4883499562936   } 
   autocorr_energy { } 
} 

block { 
   label spin_0.005
   totweight 3481600
   nautocorr 0
   total_energy { -126.3201271416935   } 
   total_energyvar { 1.441973126094477   } 
   weight { 0.9974538130232946   } 
   weightvar { 0.09224735717716581   } 
   kinetic_energy { 47.52911819363238   } 
   kinetic_energyvar { 120.8707391522287   } 
   potential_energy { -194.3473293919895   } 
   potential_energyvar { 352.6445338226431   } 
   nonlocal_energy { 20.49808405666358   } 
   nonlocal_energyvar { 277.9678452086706   } 
   autocorr_energy { } 
} 

block { 
   label spin_0.005
   totweight 3481600
   nautocorr 0
   total_energy { -126.3227441960755   } 
   total_energyvar { 1.437523959595317   } 
   weight { 0.9995381520841843   } 
   weightvar { 0.09223053066118811   } 
   kinetic_energy { 47.51570754713499   } 
   kinetic_energyvar { 121.1230833760334   } 
   potential_energy { -194.4139654493779   } 
   potential_energyvar { 352.9816603943869   } 
   nonlocal_energy { 20.57551370616745   } 
   nonlocal_energyvar { 278.8029574209174   } 
   autocorr_energy { } 
} 

