#-------------------------------------------------
#VMC run: timestep 1.6 nconfig 21760 steps 30
#-------------------------------------------------


init { 
   label vmc
}
block { 
   label vmc
   totweight 652800
   nautocorr 0
   total_energy { -126.2973007901764   } 
   total_energyvar { 1.399517483966694   } 
   weight { 1   } 
   weightvar { 1.776356839400247e-15   } 
   kinetic_energy { 47.75882206137519   } 
   kinetic_energyvar { 122.0496242436159   } 
   potential_energy { -194.597809733894   } 
   potential_energyvar { 352.0198628001859   } 
   nonlocal_energy { 20.54168688234241   } 
   nonlocal_energyvar { 277.8378516392923   } 
   autocorr_energy { } 
} 

block { 
   label vmc
   totweight 652800
   nautocorr 0
   total_energy { -126.2796124476167   } 
   total_energyvar { 1.403169783971112   } 
   weight { 1   } 
   weightvar { 1.776356839400247e-15   } 
   kinetic_energy { 47.52751951613357   } 
   kinetic_energyvar { 121.270777582725   } 
   potential_energy { -194.4052856992722   } 
   potential_energyvar { 352.8048990556097   } 
   nonlocal_energy { 20.59815373552192   } 
   nonlocal_energyvar { 281.2550095351826   } 
   autocorr_energy { } 
} 

block { 
   label vmc
   totweight 652800
   nautocorr 0
   total_energy { -126.2781150781368   } 
   total_energyvar { 1.450130149025904   } 
   weight { 1   } 
   weightvar { 1.776356839400247e-15   } 
   kinetic_energy { 47.470543438397   } 
   kinetic_energyvar { 121.9944084376973   } 
   potential_energy { -194.2243397530535   } 
   potential_energyvar { 354.2664262512054   } 
   nonlocal_energy { 20.47568123651964   } 
   nonlocal_energyvar { 281.1013418433585   } 
   autocorr_energy { } 
} 

block { 
   label vmc
   totweight 652800
   nautocorr 0
   total_energy { -126.2736365821285   } 
   total_energyvar { 1.410739078719932   } 
   weight { 1   } 
   weightvar { 1.776356839400247e-15   } 
   kinetic_energy { 47.54689033261532   } 
   kinetic_energyvar { 121.0249782340592   } 
   potential_energy { -194.2730829243184   } 
   potential_energyvar { 351.0672708518345   } 
   nonlocal_energy { 20.45255600957459   } 
   nonlocal_energyvar { 277.5523492608475   } 
   autocorr_energy { } 
} 

block { 
   label vmc
   totweight 652800
   nautocorr 0
   total_energy { -126.2695424961067   } 
   total_energyvar { 1.474999123365657   } 
   weight { 1   } 
   weightvar { 1.776356839400247e-15   } 
   kinetic_energy { 47.52744916146698   } 
   kinetic_energyvar { 121.0534056546399   } 
   potential_energy { -194.3426629362821   } 
   potential_energyvar { 353.8312522289993   } 
   nonlocal_energy { 20.54567127870848   } 
   nonlocal_energyvar { 279.5408650201514   } 
   autocorr_energy { } 
} 

block { 
   label vmc
   totweight 652800
   nautocorr 0
   total_energy { -126.2749339656593   } 
   total_energyvar { 1.428253740195653   } 
   weight { 1   } 
   weightvar { 1.776356839400247e-15   } 
   kinetic_energy { 47.52378990551499   } 
   kinetic_energyvar { 119.9796454666375   } 
   potential_energy { -194.1758640941435   } 
   potential_energyvar { 348.2827878204311   } 
   nonlocal_energy { 20.37714022296931   } 
   nonlocal_energyvar { 269.4622079955179   } 
   autocorr_energy { } 
} 

block { 
   label vmc
   totweight 652800
   nautocorr 0
   total_energy { -126.2776548261166   } 
   total_energyvar { 1.410187193468354   } 
   weight { 1   } 
   weightvar { 1.776356839400247e-15   } 
   kinetic_energy { 47.51994161348098   } 
   kinetic_energyvar { 120.6243947885695   } 
   potential_energy { -194.2459119648665   } 
   potential_energyvar { 350.8128952695345   } 
   nonlocal_energy { 20.44831552526892   } 
   nonlocal_energyvar { 276.008274109398   } 
   autocorr_energy { } 
} 

block { 
   label vmc
   totweight 652800
   nautocorr 0
   total_energy { -126.2796442070041   } 
   total_energyvar { 1.417283978409272   } 
   weight { 1   } 
   weightvar { 1.776356839400247e-15   } 
   kinetic_energy { 47.42332797380584   } 
   kinetic_energyvar { 120.6108771371735   } 
   potential_energy { -194.2948611410897   } 
   potential_energyvar { 356.1891982457678   } 
   nonlocal_energy { 20.59188896027982   } 
   nonlocal_energyvar { 281.6701372642423   } 
   autocorr_energy { } 
} 

block { 
   label vmc
   totweight 652800
   nautocorr 0
   total_energy { -126.2776337539279   } 
   total_energyvar { 1.39318885966982   } 
   weight { 1   } 
   weightvar { 1.776356839400247e-15   } 
   kinetic_energy { 47.49614927856771   } 
   kinetic_energyvar { 120.7297332008819   } 
   potential_energy { -194.3575253056936   } 
   potential_energyvar { 353.0064536395383   } 
   nonlocal_energy { 20.583742273198   } 
   nonlocal_energyvar { 278.5420098826924   } 
   autocorr_energy { } 
} 

block { 
   label vmc
   totweight 652800
   nautocorr 0
   total_energy { -126.278193331194   } 
   total_energyvar { 1.412765992931295   } 
   weight { 1   } 
   weightvar { 1.776356839400247e-15   } 
   kinetic_energy { 47.53078820200388   } 
   kinetic_energyvar { 121.8349993410309   } 
   potential_energy { -194.306941293246   } 
   potential_energyvar { 352.6734613815023   } 
   nonlocal_energy { 20.49795976004816   } 
   nonlocal_energyvar { 277.0375200108041   } 
   autocorr_energy { } 
} 

block { 
   label vmc
   totweight 652800
   nautocorr 0
   total_energy { -126.2810652101663   } 
   total_energyvar { 1.438322749727066   } 
   weight { 1   } 
   weightvar { 1.776356839400247e-15   } 
   kinetic_energy { 47.56898095236022   } 
   kinetic_energyvar { 119.7321870390678   } 
   potential_energy { -194.1689890468884   } 
   potential_energyvar { 348.6485259606123   } 
   nonlocal_energy { 20.31894288436181   } 
   nonlocal_energyvar { 270.3680580728109   } 
   autocorr_energy { } 
} 

block { 
   label vmc
   totweight 652800
   nautocorr 0
   total_energy { -126.2824571745709   } 
   total_energyvar { 1.40131756635336   } 
   weight { 1   } 
   weightvar { 1.776356839400247e-15   } 
   kinetic_energy { 47.51771351980609   } 
   kinetic_energyvar { 121.2558739774072   } 
   potential_energy { -194.331298558982   } 
   potential_energyvar { 348.8413908705106   } 
   nonlocal_energy { 20.53112786460504   } 
   nonlocal_energyvar { 276.3408928324511   } 
   autocorr_energy { } 
} 

block { 
   label vmc
   totweight 652800
   nautocorr 0
   total_energy { -126.2813797108146   } 
   total_energyvar { 1.367287173084071   } 
   weight { 1   } 
   weightvar { 1.776356839400247e-15   } 
   kinetic_energy { 47.57740481848433   } 
   kinetic_energyvar { 121.5193811823346   } 
   potential_energy { -194.3677677306141   } 
   potential_energyvar { 351.1186993662906   } 
   nonlocal_energy { 20.50898320131509   } 
   nonlocal_energyvar { 277.7409936323497   } 
   autocorr_energy { } 
} 

block { 
   label vmc
   totweight 652800
   nautocorr 0
   total_energy { -126.2763472954837   } 
   total_energyvar { 1.623882134128154   } 
   weight { 1   } 
   weightvar { 1.776356839400247e-15   } 
   kinetic_energy { 47.49130957814015   } 
   kinetic_energyvar { 120.5852900278144   } 
   potential_energy { -194.2763958607149   } 
   potential_energyvar { 354.6107625256961   } 
   nonlocal_energy { 20.50873898709106   } 
   nonlocal_energyvar { 279.1985948489925   } 
   autocorr_energy { } 
} 

block { 
   label vmc
   totweight 652800
   nautocorr 0
   total_energy { -126.2831442051764   } 
   total_energyvar { 1.377125721341294   } 
   weight { 1   } 
   weightvar { 1.776356839400247e-15   } 
   kinetic_energy { 47.49555725963133   } 
   kinetic_energyvar { 120.6852871789403   } 
   potential_energy { -194.2831901764059   } 
   potential_energyvar { 351.7953731356408   } 
   nonlocal_energy { 20.5044887115982   } 
   nonlocal_energyvar { 273.9639387382448   } 
   autocorr_energy { } 
} 

block { 
   label vmc
   totweight 652800
   nautocorr 0
   total_energy { -126.2808986237478   } 
   total_energyvar { 1.387203007120019   } 
   weight { 1   } 
   weightvar { 1.776356839400247e-15   } 
   kinetic_energy { 47.49971334805483   } 
   kinetic_energyvar { 120.160968252585   } 
   potential_energy { -194.1945903899468   } 
   potential_energyvar { 351.7490446756439   } 
   nonlocal_energy { 20.41397841814409   } 
   nonlocal_energyvar { 276.9370869993097   } 
   autocorr_energy { } 
} 

