#-------------------------------------------------
#DMC run: timestep 0.001
#-------------------------------------------------


init { 
   label spin_0.001
}
block { 
   label spin_0.001
   totweight 4352000
   nautocorr 0
   total_energy { -11.00235516012419   } 
   total_energyvar { 407.0945281953766   } 
   weight { 1.408449926291515   } 
   weightvar { 0.06477036689534824   } 
   kinetic_energy { 3.395958408961477   } 
   kinetic_energyvar { 289.9820306503329   } 
   potential_energy { -15.65672909029854   } 
   potential_energyvar { 63.3315176190637   } 
   nonlocal_energy { 1.25841552121287   } 
   nonlocal_energyvar { 133.5651833199406   } 
   autocorr_energy { } 
} 

block { 
   label spin_0.001
   totweight 4352000
   nautocorr 0
   total_energy { -11.01233054814407   } 
   total_energyvar { 2.058688531640596   } 
   weight { 1.447073397040978   } 
   weightvar { 0.04951478927340015   } 
   kinetic_energy { 3.405948452622995   } 
   kinetic_energyvar { 5.176712690078544   } 
   potential_energy { -15.6733453230126   } 
   potential_energyvar { 4.652422516856037   } 
   nonlocal_energy { 1.255066322245538   } 
   nonlocal_energyvar { 9.58704791903682   } 
   autocorr_energy { } 
} 

block { 
   label spin_0.001
   totweight 4352000
   nautocorr 0
   total_energy { -11.01652365293496   } 
   total_energyvar { 1.939575802833126   } 
   weight { 1.15435467726333   } 
   weightvar { 0.07113278953056847   } 
   kinetic_energy { 3.389979766534874   } 
   kinetic_energyvar { 5.133861908334483   } 
   potential_energy { -15.63400573031144   } 
   potential_energyvar { 4.582048942444737   } 
   nonlocal_energy { 1.227502310841607   } 
   nonlocal_energyvar { 9.343824361888462   } 
   autocorr_energy { } 
} 

block { 
   label spin_0.001
   totweight 4352000
   nautocorr 0
   total_energy { -11.01241541281337   } 
   total_energyvar { 1.625757039545782   } 
   weight { 1.058396352099759   } 
   weightvar { 0.09123487220419278   } 
   kinetic_energy { 3.393229497752   } 
   kinetic_energyvar { 4.853389674275139   } 
   potential_energy { -15.638685756314   } 
   potential_energyvar { 4.655200798669306   } 
   nonlocal_energy { 1.233040845748634   } 
   nonlocal_energyvar { 9.469129940479391   } 
   autocorr_energy { } 
} 

block { 
   label spin_0.001
   totweight 4352000
   nautocorr 0
   total_energy { -11.01538840860815   } 
   total_energyvar { 1.450301190203466   } 
   weight { 1.022895810077847   } 
   weightvar { 0.100867735719001   } 
   kinetic_energy { 3.443962002260818   } 
   kinetic_energyvar { 4.767563502391456   } 
   potential_energy { -15.69143407531979   } 
   potential_energyvar { 4.562089963649544   } 
   nonlocal_energy { 1.232083664450833   } 
   nonlocal_energyvar { 8.852492579465057   } 
   autocorr_energy { } 
} 

block { 
   label spin_0.001
   totweight 4352000
   nautocorr 0
   total_energy { -11.00915460069641   } 
   total_energyvar { 1.186447706591638   } 
   weight { 1.007843757053845   } 
   weightvar { 0.1043411096133331   } 
   kinetic_energy { 3.434726162469862   } 
   kinetic_energyvar { 4.759866436769949   } 
   potential_energy { -15.70693451905557   } 
   potential_energyvar { 4.642949315600384   } 
   nonlocal_energy { 1.263053755889299   } 
   nonlocal_energyvar { 9.523919208274258   } 
   autocorr_energy { } 
} 

block { 
   label spin_0.001
   totweight 4352000
   nautocorr 0
   total_energy { -11.01462759257456   } 
   total_energyvar { 1.421544587078691   } 
   weight { 1.003327082355645   } 
   weightvar { 0.1049349995073283   } 
   kinetic_energy { 3.385655084656034   } 
   kinetic_energyvar { 4.90414030426665   } 
   potential_energy { -15.63422355071342   } 
   potential_energyvar { 4.603074213501042   } 
   nonlocal_energy { 1.233940873482823   } 
   nonlocal_energyvar { 9.637544950203099   } 
   autocorr_energy { } 
} 

block { 
   label spin_0.001
   totweight 4352000
   nautocorr 0
   total_energy { -11.01505377546517   } 
   total_energyvar { 1.093589757548073   } 
   weight { 1.002555189099037   } 
   weightvar { 0.107892426271007   } 
   kinetic_energy { 3.40035611716265   } 
   kinetic_energyvar { 4.76188672363084   } 
   potential_energy { -15.65484273844071   } 
   potential_energyvar { 4.637608093448012   } 
   nonlocal_energy { 1.23943284581288   } 
   nonlocal_energyvar { 9.579143441815955   } 
   autocorr_energy { } 
} 

block { 
   label spin_0.001
   totweight 4352000
   nautocorr 0
   total_energy { -11.01348071602424   } 
   total_energyvar { 1.390961042283428   } 
   weight { 1.000770142872906   } 
   weightvar { 0.1082071732320368   } 
   kinetic_energy { 3.41034234670464   } 
   kinetic_energyvar { 4.773465257462672   } 
   potential_energy { -15.66791945454203   } 
   potential_energyvar { 4.639451493151612   } 
   nonlocal_energy { 1.244096391813144   } 
   nonlocal_energyvar { 9.454917488457866   } 
   autocorr_energy { } 
} 

block { 
   label spin_0.001
   totweight 4352000
   nautocorr 0
   total_energy { -11.01113904680764   } 
   total_energyvar { 1.296374477263452   } 
   weight { 0.9996522083433811   } 
   weightvar { 0.108770405211916   } 
   kinetic_energy { 3.391200224352863   } 
   kinetic_energyvar { 4.945643855598598   } 
   potential_energy { -15.6591350661609   } 
   potential_energyvar { 4.605325931091954   } 
   nonlocal_energy { 1.256795795000395   } 
   nonlocal_energyvar { 9.766532640080943   } 
   autocorr_energy { } 
} 

