#-------------------------------------------------
#VMC run: timestep 1.8 nconfig 4352 steps 30
#-------------------------------------------------


init { 
   label vmc
}
block { 
   label vmc
   totweight 130560
   nautocorr 0
   total_energy { -4.916443504145547   } 
   total_energyvar { 0.03197117334701926   } 
   weight { 1   } 
   weightvar { 1.776356839400247e-15   } 
   kinetic_energy { 1.398666288342294   } 
   kinetic_energyvar { 1.008238134793353   } 
   potential_energy { -6.929395405949161   } 
   potential_energyvar { 1.845726012349912   } 
   nonlocal_energy { 0.6142856134613206   } 
   nonlocal_energyvar { 2.340033710286286   } 
   autocorr_energy { } 
} 

block { 
   label vmc
   totweight 130560
   nautocorr 0
   total_energy { -4.916647719176062   } 
   total_energyvar { 0.02821408378242123   } 
   weight { 1   } 
   weightvar { 1.776356839400247e-15   } 
   kinetic_energy { 1.398018167058291   } 
   kinetic_energyvar { 0.9874306866690206   } 
   potential_energy { -6.937565325866008   } 
   potential_energyvar { 1.824190012459628   } 
   nonlocal_energy { 0.6228994396316562   } 
   nonlocal_energyvar { 2.319539197286738   } 
   autocorr_energy { } 
} 

block { 
   label vmc
   totweight 130560
   nautocorr 0
   total_energy { -4.915936112245348   } 
   total_energyvar { 0.03524079203507618   } 
   weight { 1   } 
   weightvar { 1.776356839400247e-15   } 
   kinetic_energy { 1.393224501537886   } 
   kinetic_energyvar { 1.098689239757106   } 
   potential_energy { -6.946212923716153   } 
   potential_energyvar { 1.863832854532335   } 
   nonlocal_energy { 0.6370523099329214   } 
   nonlocal_energyvar { 2.538724749514189   } 
   autocorr_energy { } 
} 

block { 
   label vmc
   totweight 130560
   nautocorr 0
   total_energy { -4.916249659594702   } 
   total_energyvar { 0.02917303276842549   } 
   weight { 1   } 
   weightvar { 1.776356839400247e-15   } 
   kinetic_energy { 1.397471506369061   } 
   kinetic_energyvar { 1.020644204397426   } 
   potential_energy { -6.932378353150488   } 
   potential_energyvar { 1.839194964600849   } 
   nonlocal_energy { 0.6186571871867261   } 
   nonlocal_energyvar { 2.356223428582467   } 
   autocorr_energy { } 
} 

block { 
   label vmc
   totweight 130560
   nautocorr 0
   total_energy { -4.916482111721527   } 
   total_energyvar { 0.0307506313947309   } 
   weight { 1   } 
   weightvar { 1.776356839400247e-15   } 
   kinetic_energy { 1.397752574697062   } 
   kinetic_energyvar { 1.021289041712543   } 
   potential_energy { -6.943328955079746   } 
   potential_energyvar { 1.828912161020821   } 
   nonlocal_energy { 0.6290942686611559   } 
   nonlocal_energyvar { 2.373081204173812   } 
   autocorr_energy { } 
} 

block { 
   label vmc
   totweight 130560
   nautocorr 0
   total_energy { -4.916045030170219   } 
   total_energyvar { 0.02896319640706337   } 
   weight { 1   } 
   weightvar { 1.776356839400247e-15   } 
   kinetic_energy { 1.398586065616714   } 
   kinetic_energyvar { 1.035810456889092   } 
   potential_energy { -6.938822412567753   } 
   potential_energyvar { 1.833018647225446   } 
   nonlocal_energy { 0.6241913167808196   } 
   nonlocal_energyvar { 2.365066439627973   } 
   autocorr_energy { } 
} 

block { 
   label vmc
   totweight 130560
   nautocorr 0
   total_energy { -4.916048090726179   } 
   total_energyvar { 0.02788202127623075   } 
   weight { 1   } 
   weightvar { 1.776356839400247e-15   } 
   kinetic_energy { 1.402975416065356   } 
   kinetic_energyvar { 0.9981050148577829   } 
   potential_energy { -6.93347970328424   } 
   potential_energyvar { 1.821017053556832   } 
   nonlocal_energy { 0.6144561964927033   } 
   nonlocal_energyvar { 2.313250815933987   } 
   autocorr_energy { } 
} 

block { 
   label vmc
   totweight 130560
   nautocorr 0
   total_energy { -4.915046923923993   } 
   total_energyvar { 0.03132575203018383   } 
   weight { 1   } 
   weightvar { 1.776356839400247e-15   } 
   kinetic_energy { 1.40101561020706   } 
   kinetic_energyvar { 1.003086013794205   } 
   potential_energy { -6.940002202663174   } 
   potential_energyvar { 1.845657016281672   } 
   nonlocal_energy { 0.6239396685321209   } 
   nonlocal_energyvar { 2.371282216103113   } 
   autocorr_energy { } 
} 

block { 
   label vmc
   totweight 130560
   nautocorr 0
   total_energy { -4.916451449141697   } 
   total_energyvar { 0.02786967267965377   } 
   weight { 1   } 
   weightvar { 1.776356839400247e-15   } 
   kinetic_energy { 1.396704800796172   } 
   kinetic_energyvar { 1.045113932644471   } 
   potential_energy { -6.928814822875496   } 
   potential_energyvar { 1.833881570917353   } 
   nonlocal_energy { 0.6156585729376286   } 
   nonlocal_energyvar { 2.379433853438571   } 
   autocorr_energy { } 
} 

block { 
   label vmc
   totweight 130560
   nautocorr 0
   total_energy { -4.91809735946936   } 
   total_energyvar { 0.03231846808753394   } 
   weight { 1   } 
   weightvar { 1.776356839400247e-15   } 
   kinetic_energy { 1.402366268055846   } 
   kinetic_energyvar { 1.006440233942084   } 
   potential_energy { -6.94156087097314   } 
   potential_energyvar { 1.838677126671547   } 
   nonlocal_energy { 0.6210972434479348   } 
   nonlocal_energyvar { 2.363326213453512   } 
   autocorr_energy { } 
} 

block { 
   label vmc
   totweight 130560
   nautocorr 0
   total_energy { -4.916862140664427   } 
   total_energyvar { 0.02725087470864994   } 
   weight { 1   } 
   weightvar { 1.776356839400247e-15   } 
   kinetic_energy { 1.401481336104047   } 
   kinetic_energyvar { 0.9992150856664088   } 
   potential_energy { -6.943154949705447   } 
   potential_energyvar { 1.808866651573876   } 
   nonlocal_energy { 0.6248114729369723   } 
   nonlocal_energyvar { 2.325167614809877   } 
   autocorr_energy { } 
} 

block { 
   label vmc
   totweight 130560
   nautocorr 0
   total_energy { -4.915547444435203   } 
   total_energyvar { 0.02785415591215205   } 
   weight { 1   } 
   weightvar { 1.776356839400247e-15   } 
   kinetic_energy { 1.401557488521099   } 
   kinetic_energyvar { 1.027635483378219   } 
   potential_energy { -6.936472316154121   } 
   potential_energyvar { 1.82399853564893   } 
   nonlocal_energy { 0.619367383197817   } 
   nonlocal_energyvar { 2.37244464161549   } 
   autocorr_energy { } 
} 

block { 
   label vmc
   totweight 130560
   nautocorr 0
   total_energy { -4.916462870966055   } 
   total_energyvar { 0.03166672941281518   } 
   weight { 1   } 
   weightvar { 1.776356839400247e-15   } 
   kinetic_energy { 1.398479511062237   } 
   kinetic_energyvar { 1.053698250238674   } 
   potential_energy { -6.940206233470331   } 
   potential_energyvar { 1.9082202268705   } 
   nonlocal_energy { 0.6252638514420409   } 
   nonlocal_energyvar { 2.406976204440304   } 
   autocorr_energy { } 
} 

block { 
   label vmc
   totweight 130560
   nautocorr 0
   total_energy { -4.916521722494853   } 
   total_energyvar { 0.02699093515242556   } 
   weight { 1   } 
   weightvar { 1.776356839400247e-15   } 
   kinetic_energy { 1.409062048964667   } 
   kinetic_energyvar { 1.002584393231762   } 
   potential_energy { -6.945024287845555   } 
   potential_energyvar { 1.79978947412117   } 
   nonlocal_energy { 0.6194405163860355   } 
   nonlocal_energyvar { 2.304927174315238   } 
   autocorr_energy { } 
} 

block { 
   label vmc
   totweight 130560
   nautocorr 0
   total_energy { -4.917872867199352   } 
   total_energyvar { 0.02836983776153997   } 
   weight { 1   } 
   weightvar { 1.776356839400247e-15   } 
   kinetic_energy { 1.401264660591903   } 
   kinetic_energyvar { 1.015902186267217   } 
   potential_energy { -6.927743223374921   } 
   potential_energyvar { 1.812256826067722   } 
   nonlocal_energy { 0.6086056955836665   } 
   nonlocal_energyvar { 2.30208865703923   } 
   autocorr_energy { } 
} 

block { 
   label vmc
   totweight 130560
   nautocorr 0
   total_energy { -4.916359019583839   } 
   total_energyvar { 0.02999539782583999   } 
   weight { 1   } 
   weightvar { 1.776356839400247e-15   } 
   kinetic_energy { 1.406224909188632   } 
   kinetic_energyvar { 1.03252936346802   } 
   potential_energy { -6.938210484953511   } 
   potential_energyvar { 1.877977443235187   } 
   nonlocal_energy { 0.6156265561810381   } 
   nonlocal_energyvar { 2.343732809366308   } 
   autocorr_energy { } 
} 

block { 
   label vmc
   totweight 130560
   nautocorr 0
   total_energy { -4.915471541378842   } 
   total_energyvar { 0.0324850742559931   } 
   weight { 1   } 
   weightvar { 1.776356839400247e-15   } 
   kinetic_energy { 1.408144650651959   } 
   kinetic_energyvar { 1.02750655216205   } 
   potential_energy { -6.941226233514392   } 
   potential_energyvar { 1.838870616324695   } 
   nonlocal_energy { 0.617610041483591   } 
   nonlocal_energyvar { 2.342012313243008   } 
   autocorr_energy { } 
} 

block { 
   label vmc
   totweight 130560
   nautocorr 0
   total_energy { -4.916532306610515   } 
   total_energyvar { 0.02944508824766866   } 
   weight { 1   } 
   weightvar { 1.776356839400247e-15   } 
   kinetic_energy { 1.400587289854532   } 
   kinetic_energyvar { 1.037897806513038   } 
   potential_energy { -6.939810042212383   } 
   potential_energyvar { 1.83287933406626   } 
   nonlocal_energy { 0.6226904457473368   } 
   nonlocal_energyvar { 2.386492292324429   } 
   autocorr_energy { } 
} 

block { 
   label vmc
   totweight 130560
   nautocorr 0
   total_energy { -4.916982193209447   } 
   total_energyvar { 0.02960924426805532   } 
   weight { 1   } 
   weightvar { 1.776356839400247e-15   } 
   kinetic_energy { 1.396150213869205   } 
   kinetic_energyvar { 1.005366375264133   } 
   potential_energy { -6.935414212855003   } 
   potential_energyvar { 1.825030954123441   } 
   nonlocal_energy { 0.6222818057763517   } 
   nonlocal_energyvar { 2.359507117344417   } 
   autocorr_energy { } 
} 

block { 
   label vmc
   totweight 130560
   nautocorr 0
   total_energy { -4.91601845969736   } 
   total_energyvar { 0.03010162910745659   } 
   weight { 1   } 
   weightvar { 1.776356839400247e-15   } 
   kinetic_energy { 1.402489799874846   } 
   kinetic_energyvar { 1.019633479343988   } 
   potential_energy { -6.932953063427099   } 
   potential_energyvar { 1.854566843422325   } 
   nonlocal_energy { 0.6144448038548933   } 
   nonlocal_energyvar { 2.316086367871745   } 
   autocorr_energy { } 
} 

