#-------------------------------------------------
#VMC run: timestep 0.6 nconfig 2176 steps 100
#-------------------------------------------------


init { 
   label vmc
}
block { 
   label vmc
   totweight 217600
   nautocorr 0
   total_energy { -126.2768899212834   } 
   total_energyvar { 12.67463719009075   } 
   weight { 1   } 
   weightvar { 1.776356839400247e-15   } 
   kinetic_energy { 47.69359999920587   } 
   kinetic_energyvar { 138.7983942956104   } 
   potential_energy { -194.461582735575   } 
   potential_energyvar { 424.0758291333049   } 
   nonlocal_energy { 20.49109281508564   } 
   nonlocal_energyvar { 293.5201313311164   } 
   autocorr_energy { } 
} 

block { 
   label vmc
   totweight 217600
   nautocorr 0
   total_energy { -126.2816964959505   } 
   total_energyvar { 12.69386895208243   } 
   weight { 1   } 
   weightvar { 1.776356839400247e-15   } 
   kinetic_energy { 47.77109536681031   } 
   kinetic_energyvar { 136.6642604618113   } 
   potential_energy { -194.5285752011221   } 
   potential_energyvar { 425.1664602316326   } 
   nonlocal_energy { 20.47578333836134   } 
   nonlocal_energyvar { 293.2405885972092   } 
   autocorr_energy { } 
} 

block { 
   label vmc
   totweight 217600
   nautocorr 0
   total_energy { -126.2479745273476   } 
   total_energyvar { 12.67796973683334   } 
   weight { 1   } 
   weightvar { 1.776356839400247e-15   } 
   kinetic_energy { 47.76043563463358   } 
   kinetic_energyvar { 137.9386091432269   } 
   potential_energy { -194.6312282527919   } 
   potential_energyvar { 424.6192124984879   } 
   nonlocal_energy { 20.62281809081077   } 
   nonlocal_energyvar { 295.538014914441   } 
   autocorr_energy { } 
} 

block { 
   label vmc
   totweight 217600
   nautocorr 0
   total_energy { -126.2499002858383   } 
   total_energyvar { 12.87839582160879   } 
   weight { 1   } 
   weightvar { 1.776356839400247e-15   } 
   kinetic_energy { 47.79060762514646   } 
   kinetic_energyvar { 137.1853508657305   } 
   potential_energy { -194.4074159451701   } 
   potential_energyvar { 421.0487165815647   } 
   nonlocal_energy { 20.36690803418534   } 
   nonlocal_energyvar { 289.2499125873081   } 
   autocorr_energy { } 
} 

block { 
   label vmc
   totweight 217600
   nautocorr 0
   total_energy { -126.265333761211   } 
   total_energyvar { 12.36509095348945   } 
   weight { 1   } 
   weightvar { 1.776356839400247e-15   } 
   kinetic_energy { 47.80904552824224   } 
   kinetic_energyvar { 138.0290967560934   } 
   potential_energy { -194.4870474648458   } 
   potential_energyvar { 420.9028616141201   } 
   nonlocal_energy { 20.41266817539257   } 
   nonlocal_energyvar { 288.3463659942297   } 
   autocorr_energy { } 
} 

block { 
   label vmc
   totweight 217600
   nautocorr 0
   total_energy { -126.2601446693447   } 
   total_energyvar { 12.91472664311931   } 
   weight { 1   } 
   weightvar { 1.776356839400247e-15   } 
   kinetic_energy { 47.71380098469334   } 
   kinetic_energyvar { 137.1016348821195   } 
   potential_energy { -194.3906258735441   } 
   potential_energyvar { 419.3922390808505   } 
   nonlocal_energy { 20.41668021950602   } 
   nonlocal_energyvar { 286.0342235235202   } 
   autocorr_energy { } 
} 

block { 
   label vmc
   totweight 217600
   nautocorr 0
   total_energy { -126.2661234194408   } 
   total_energyvar { 13.03610734373525   } 
   weight { 1   } 
   weightvar { 1.776356839400247e-15   } 
   kinetic_energy { 47.78243453757504   } 
   kinetic_energyvar { 135.9950263876452   } 
   potential_energy { -194.5794321576407   } 
   potential_energyvar { 425.0708904650417   } 
   nonlocal_energy { 20.53087420062488   } 
   nonlocal_energyvar { 291.5414649496546   } 
   autocorr_energy { } 
} 

block { 
   label vmc
   totweight 217600
   nautocorr 0
   total_energy { -126.2658147963139   } 
   total_energyvar { 12.745716779695   } 
   weight { 1   } 
   weightvar { 1.776356839400247e-15   } 
   kinetic_energy { 47.78445628992689   } 
   kinetic_energyvar { 137.196866873833   } 
   potential_energy { -194.5457853774285   } 
   potential_energyvar { 424.4257737924513   } 
   nonlocal_energy { 20.49551429118764   } 
   nonlocal_energyvar { 294.5134481224486   } 
   autocorr_energy { } 
} 

block { 
   label vmc
   totweight 217600
   nautocorr 0
   total_energy { -126.2400736238943   } 
   total_energyvar { 12.90661615687638   } 
   weight { 1   } 
   weightvar { 1.776356839400247e-15   } 
   kinetic_energy { 47.71526842587587   } 
   kinetic_energyvar { 135.4520748655926   } 
   potential_energy { -194.3979908230759   } 
   potential_energyvar { 424.4001398082837   } 
   nonlocal_energy { 20.44264877330578   } 
   nonlocal_energyvar { 289.7414057533193   } 
   autocorr_energy { } 
} 

block { 
   label vmc
   totweight 217600
   nautocorr 0
   total_energy { -126.2595307835496   } 
   total_energyvar { 13.1225463847934   } 
   weight { 1   } 
   weightvar { 1.776356839400247e-15   } 
   kinetic_energy { 47.78677728170461   } 
   kinetic_energyvar { 135.685105002075   } 
   potential_energy { -194.4515585744014   } 
   potential_energyvar { 423.0311564359958   } 
   nonlocal_energy { 20.40525050914719   } 
   nonlocal_energyvar { 287.8423197651077   } 
   autocorr_energy { } 
} 

block { 
   label vmc
   totweight 217600
   nautocorr 0
   total_energy { -126.2689396346058   } 
   total_energyvar { 12.57021337292391   } 
   weight { 1   } 
   weightvar { 1.776356839400247e-15   } 
   kinetic_energy { 47.71525538577073   } 
   kinetic_energyvar { 149.2412046424139   } 
   potential_energy { -194.3991511231043   } 
   potential_energyvar { 422.084036591312   } 
   nonlocal_energy { 20.41495610272778   } 
   nonlocal_energyvar { 305.6507467447777   } 
   autocorr_energy { } 
} 

#-------------------------------------------------
#VMC run: timestep 0.6 nconfig 2176 steps 100
#-------------------------------------------------


init { 
   label vmc
}
block { 
   label vmc
   totweight 217600
   nautocorr 0
   total_energy { -126.2512293123399   } 
   total_energyvar { 12.83449424961145   } 
   weight { 1   } 
   weightvar { 1.776356839400247e-15   } 
   kinetic_energy { 47.77920827892623   } 
   kinetic_energyvar { 137.7241191544623   } 
   potential_energy { -194.4702574310327   } 
   potential_energyvar { 421.1617099726604   } 
   nonlocal_energy { 20.43981983976659   } 
   nonlocal_energyvar { 292.1817835685769   } 
   autocorr_energy { } 
} 

block { 
   label vmc
   totweight 217600
   nautocorr 0
   total_energy { -126.2609136602773   } 
   total_energyvar { 14.07953002218721   } 
   weight { 1   } 
   weightvar { 1.776356839400247e-15   } 
   kinetic_energy { 47.74870687576935   } 
   kinetic_energyvar { 138.3552856332815   } 
   potential_energy { -194.5935249668933   } 
   potential_energyvar { 427.8040656876223   } 
   nonlocal_energy { 20.5839044308466   } 
   nonlocal_energyvar { 296.8243157546568   } 
   autocorr_energy { } 
} 

block { 
   label vmc
   totweight 217600
   nautocorr 0
   total_energy { -126.269481105134   } 
   total_energyvar { 12.58412264044757   } 
   weight { 1   } 
   weightvar { 1.776356839400247e-15   } 
   kinetic_energy { 47.70877954223448   } 
   kinetic_energyvar { 136.9032443818069   } 
   potential_energy { -194.4171035352117   } 
   potential_energyvar { 419.3987231837339   } 
   nonlocal_energy { 20.43884288784326   } 
   nonlocal_energyvar { 291.4075535525294   } 
   autocorr_energy { } 
} 

block { 
   label vmc
   totweight 217600
   nautocorr 0
   total_energy { -126.2767884750922   } 
   total_energyvar { 12.81512018093697   } 
   weight { 1   } 
   weightvar { 1.776356839400247e-15   } 
   kinetic_energy { 47.80431735537188   } 
   kinetic_energyvar { 136.7294758202669   } 
   potential_energy { -194.5548139420151   } 
   potential_energyvar { 421.0029545396423   } 
   nonlocal_energy { 20.47370811155103   } 
   nonlocal_energyvar { 290.4707151298135   } 
   autocorr_energy { } 
} 

block { 
   label vmc
   totweight 217600
   nautocorr 0
   total_energy { -126.2526437770669   } 
   total_energyvar { 12.85419180211161   } 
   weight { 1   } 
   weightvar { 1.776356839400247e-15   } 
   kinetic_energy { 47.77022994507369   } 
   kinetic_energyvar { 136.4724443862879   } 
   potential_energy { -194.5274112901407   } 
   potential_energyvar { 425.1899615471123   } 
   nonlocal_energy { 20.5045375680001   } 
   nonlocal_energyvar { 290.1050648744668   } 
   autocorr_energy { } 
} 

block { 
   label vmc
   totweight 217600
   nautocorr 0
   total_energy { -126.2576704902881   } 
   total_energyvar { 19.19053686318632   } 
   weight { 1   } 
   weightvar { 1.776356839400247e-15   } 
   kinetic_energy { 47.72305755601116   } 
   kinetic_energyvar { 137.8962461877684   } 
   potential_energy { -194.4433495038483   } 
   potential_energyvar { 431.8995885774012   } 
   nonlocal_energy { 20.46262145754907   } 
   nonlocal_energyvar { 293.3290438946997   } 
   autocorr_energy { } 
} 

block { 
   label vmc
   totweight 217600
   nautocorr 0
   total_energy { -126.262271914122   } 
   total_energyvar { 13.00457122044241   } 
   weight { 1   } 
   weightvar { 1.776356839400247e-15   } 
   kinetic_energy { 47.77937846320513   } 
   kinetic_energyvar { 136.2276656418398   } 
   potential_energy { -194.4833259889373   } 
   potential_energyvar { 422.7758514768491   } 
   nonlocal_energy { 20.4416756116102   } 
   nonlocal_energyvar { 289.8941279191769   } 
   autocorr_energy { } 
} 

block { 
   label vmc
   totweight 217600
   nautocorr 0
   total_energy { -126.2669535667533   } 
   total_energyvar { 12.65168079562927   } 
   weight { 1   } 
   weightvar { 1.776356839400247e-15   } 
   kinetic_energy { 47.7130990578466   } 
   kinetic_energyvar { 137.4931206689041   } 
   potential_energy { -194.4184037904165   } 
   potential_energyvar { 420.7779818516638   } 
   nonlocal_energy { 20.43835116581657   } 
   nonlocal_energyvar { 293.3372811380081   } 
   autocorr_energy { } 
} 

block { 
   label vmc
   totweight 217600
   nautocorr 0
   total_energy { -126.2575933228985   } 
   total_energyvar { 12.52178023447441   } 
   weight { 1   } 
   weightvar { 1.776356839400247e-15   } 
   kinetic_energy { 47.76319955777655   } 
   kinetic_energyvar { 138.1988015084738   } 
   potential_energy { -194.562832853806   } 
   potential_energyvar { 423.4536404122284   } 
   nonlocal_energy { 20.54203997313095   } 
   nonlocal_energyvar { 291.0765253097385   } 
   autocorr_energy { } 
} 

block { 
   label vmc
   totweight 217600
   nautocorr 0
   total_energy { -126.2725283234808   } 
   total_energyvar { 12.77857010161953   } 
   weight { 1   } 
   weightvar { 1.776356839400247e-15   } 
   kinetic_energy { 47.80784575388387   } 
   kinetic_energyvar { 136.7875083216721   } 
   potential_energy { -194.5189404488006   } 
   potential_energyvar { 423.5670699486002   } 
   nonlocal_energy { 20.438566371436   } 
   nonlocal_energyvar { 288.5634480293495   } 
   autocorr_energy { } 
} 

block { 
   label vmc
   totweight 217600
   nautocorr 0
   total_energy { -126.2743788892896   } 
   total_energyvar { 13.09892364570155   } 
   weight { 1   } 
   weightvar { 1.776356839400247e-15   } 
   kinetic_energy { 47.71036535163708   } 
   kinetic_energyvar { 138.181159946557   } 
   potential_energy { -194.3248082211428   } 
   potential_energyvar { 421.942254096366   } 
   nonlocal_energy { 20.34006398021611   } 
   nonlocal_energyvar { 290.390253492116   } 
   autocorr_energy { } 
} 

block { 
   label vmc
   totweight 217600
   nautocorr 0
   total_energy { -126.2546274764638   } 
   total_energyvar { 12.63775735506968   } 
   weight { 1   } 
   weightvar { 1.776356839400247e-15   } 
   kinetic_energy { 47.77611258153146   } 
   kinetic_energyvar { 137.5232016486154   } 
   potential_energy { -194.446438888977   } 
   potential_energyvar { 422.3043143353852   } 
   nonlocal_energy { 20.41569883098176   } 
   nonlocal_energyvar { 292.1526941860495   } 
   autocorr_energy { } 
} 

block { 
   label vmc
   totweight 217600
   nautocorr 0
   total_energy { -126.2785434112775   } 
   total_energyvar { 12.40969076778826   } 
   weight { 1   } 
   weightvar { 1.776356839400247e-15   } 
   kinetic_energy { 47.71086735609135   } 
   kinetic_energyvar { 140.5712015759593   } 
   potential_energy { -194.4422441969079   } 
   potential_energyvar { 419.5698702149002   } 
   nonlocal_energy { 20.45283342953904   } 
   nonlocal_energyvar { 292.1782403708447   } 
   autocorr_energy { } 
} 

block { 
   label vmc
   totweight 217600
   nautocorr 0
   total_energy { -126.2593544864677   } 
   total_energyvar { 12.78812858573471   } 
   weight { 1   } 
   weightvar { 1.776356839400247e-15   } 
   kinetic_energy { 47.71829772970898   } 
   kinetic_energyvar { 136.1198764613627   } 
   potential_energy { -194.3690545254007   } 
   potential_energyvar { 419.4613778136804   } 
   nonlocal_energy { 20.39140230922397   } 
   nonlocal_energyvar { 287.9220973205779   } 
   autocorr_energy { } 
} 

block { 
   label vmc
   totweight 217600
   nautocorr 0
   total_energy { -126.2549714059321   } 
   total_energyvar { 13.62455048404449   } 
   weight { 1   } 
   weightvar { 1.776356839400247e-15   } 
   kinetic_energy { 47.8295634164567   } 
   kinetic_energyvar { 135.6385260237477   } 
   potential_energy { -194.5839230798143   } 
   potential_energyvar { 421.6298356765246   } 
   nonlocal_energy { 20.4993882574255   } 
   nonlocal_energyvar { 287.2481894521816   } 
   autocorr_energy { } 
} 

block { 
   label vmc
   totweight 217600
   nautocorr 0
   total_energy { -126.2496644640123   } 
   total_energyvar { 12.70644792712835   } 
   weight { 1   } 
   weightvar { 1.776356839400247e-15   } 
   kinetic_energy { 47.73628981018237   } 
   kinetic_energyvar { 138.2950204630139   } 
   potential_energy { -194.4886954553696   } 
   potential_energyvar { 423.4597107999173   } 
   nonlocal_energy { 20.50274118117503   } 
   nonlocal_energyvar { 292.7247891853729   } 
   autocorr_energy { } 
} 

block { 
   label vmc
   totweight 217600
   nautocorr 0
   total_energy { -126.259728272676   } 
   total_energyvar { 12.82260290832724   } 
   weight { 1   } 
   weightvar { 1.776356839400247e-15   } 
   kinetic_energy { 47.72387621655815   } 
   kinetic_energyvar { 137.7336233217295   } 
   potential_energy { -194.3931995586866   } 
   potential_energyvar { 419.1949920920379   } 
   nonlocal_energy { 20.40959506945245   } 
   nonlocal_energyvar { 288.5836581060051   } 
   autocorr_energy { } 
} 

block { 
   label vmc
   totweight 217600
   nautocorr 0
   total_energy { -126.2607550528632   } 
   total_energyvar { 13.84084384769422   } 
   weight { 1   } 
   weightvar { 1.776356839400247e-15   } 
   kinetic_energy { 47.74249114924903   } 
   kinetic_energyvar { 138.3006249132739   } 
   potential_energy { -194.4888135889607   } 
   potential_energyvar { 426.4601223755738   } 
   nonlocal_energy { 20.48556738684853   } 
   nonlocal_energyvar { 295.1339052322322   } 
   autocorr_energy { } 
} 

block { 
   label vmc
   totweight 217600
   nautocorr 0
   total_energy { -126.264144813809   } 
   total_energyvar { 14.18993820393442   } 
   weight { 1   } 
   weightvar { 1.776356839400247e-15   } 
   kinetic_energy { 47.88913436770944   } 
   kinetic_energyvar { 138.8824355592619   } 
   potential_energy { -194.6229157400381   } 
   potential_energyvar { 423.1930319050996   } 
   nonlocal_energy { 20.46963655851976   } 
   nonlocal_energyvar { 291.0428200683407   } 
   autocorr_energy { } 
} 

block { 
   label vmc
   totweight 217600
   nautocorr 0
   total_energy { -126.2647714004637   } 
   total_energyvar { 12.77719960137297   } 
   weight { 1   } 
   weightvar { 1.776356839400247e-15   } 
   kinetic_energy { 47.800164172616   } 
   kinetic_energyvar { 136.964455792843   } 
   potential_energy { -194.5631273681026   } 
   potential_energyvar { 427.4916277334052   } 
   nonlocal_energy { 20.49819179502295   } 
   nonlocal_energyvar { 295.1787784816546   } 
   autocorr_energy { } 
} 

block { 
   label vmc
   totweight 217600
   nautocorr 0
   total_energy { -126.2524129301061   } 
   total_energyvar { 12.99476225918874   } 
   weight { 1   } 
   weightvar { 1.776356839400247e-15   } 
   kinetic_energy { 47.74093084678392   } 
   kinetic_energyvar { 138.4692942133363   } 
   potential_energy { -194.3440109517191   } 
   potential_energyvar { 419.1617143914269   } 
   nonlocal_energy { 20.35066717482913   } 
   nonlocal_energyvar { 289.4258795422543   } 
   autocorr_energy { } 
} 

block { 
   label vmc
   totweight 217600
   nautocorr 0
   total_energy { -126.2778269059441   } 
   total_energyvar { 12.96493896156757   } 
   weight { 1   } 
   weightvar { 1.776356839400247e-15   } 
   kinetic_energy { 47.72259412630588   } 
   kinetic_energyvar { 137.4708888567641   } 
   potential_energy { -194.5573721886064   } 
   potential_energyvar { 424.2894196648627   } 
   nonlocal_energy { 20.55695115635646   } 
   nonlocal_energyvar { 299.0312693845547   } 
   autocorr_energy { } 
} 

block { 
   label vmc
   totweight 217600
   nautocorr 0
   total_energy { -126.2505295449372   } 
   total_energyvar { 12.87460180582739   } 
   weight { 1   } 
   weightvar { 1.776356839400247e-15   } 
   kinetic_energy { 47.86383257775825   } 
   kinetic_energyvar { 139.7257350188937   } 
   potential_energy { -194.4807972375381   } 
   potential_energyvar { 419.6191536266414   } 
   nonlocal_energy { 20.36643511484259   } 
   nonlocal_energyvar { 288.0497464064352   } 
   autocorr_energy { } 
} 

block { 
   label vmc
   totweight 217600
   nautocorr 0
   total_energy { -126.2740181042017   } 
   total_energyvar { 12.46963172457331   } 
   weight { 1   } 
   weightvar { 1.776356839400247e-15   } 
   kinetic_energy { 47.7454981322061   } 
   kinetic_energyvar { 137.1189485343909   } 
   potential_energy { -194.4731659961278   } 
   potential_energyvar { 425.2565382363402   } 
   nonlocal_energy { 20.45364975971998   } 
   nonlocal_energyvar { 294.3437312929007   } 
   autocorr_energy { } 
} 

block { 
   label vmc
   totweight 217600
   nautocorr 0
   total_energy { -126.2810153612559   } 
   total_energyvar { 12.37467476992028   } 
   weight { 1   } 
   weightvar { 1.776356839400247e-15   } 
   kinetic_energy { 47.73425682559728   } 
   kinetic_energyvar { 138.3904064549557   } 
   potential_energy { -194.5092317073711   } 
   potential_energyvar { 422.7438003294341   } 
   nonlocal_energy { 20.49395952051789   } 
   nonlocal_energyvar { 293.4428870848775   } 
   autocorr_energy { } 
} 

block { 
   label vmc
   totweight 217600
   nautocorr 0
   total_energy { -126.2613825820986   } 
   total_energyvar { 13.16906226335646   } 
   weight { 1   } 
   weightvar { 1.776356839400247e-15   } 
   kinetic_energy { 47.80335880745089   } 
   kinetic_energyvar { 141.6522584309231   } 
   potential_energy { -194.3756460353822   } 
   potential_energyvar { 419.8993787686836   } 
   nonlocal_energy { 20.31090464583268   } 
   nonlocal_energyvar { 289.0990482639974   } 
   autocorr_energy { } 
} 

block { 
   label vmc
   totweight 217600
   nautocorr 0
   total_energy { -126.2576692599933   } 
   total_energyvar { 12.78242146128646   } 
   weight { 1   } 
   weightvar { 1.776356839400247e-15   } 
   kinetic_energy { 47.73175832386716   } 
   kinetic_energyvar { 139.2789007670541   } 
   potential_energy { -194.4701019311227   } 
   potential_energyvar { 420.1984427064667   } 
   nonlocal_energy { 20.48067434726223   } 
   nonlocal_energyvar { 290.2344493190229   } 
   autocorr_energy { } 
} 

block { 
   label vmc
   totweight 217600
   nautocorr 0
   total_energy { -126.247702611954   } 
   total_energyvar { 13.08402407783554   } 
   weight { 1   } 
   weightvar { 1.776356839400247e-15   } 
   kinetic_energy { 47.71014604085437   } 
   kinetic_energyvar { 137.4283380320206   } 
   potential_energy { -194.4697103397092   } 
   potential_energyvar { 425.7638743383347   } 
   nonlocal_energy { 20.51186168690085   } 
   nonlocal_energyvar { 290.2057254145664   } 
   autocorr_energy { } 
} 

block { 
   label vmc
   totweight 217600
   nautocorr 0
   total_energy { -126.2644162766454   } 
   total_energyvar { 13.92480058178555   } 
   weight { 1   } 
   weightvar { 1.776356839400247e-15   } 
   kinetic_energy { 47.69294242186763   } 
   kinetic_energyvar { 137.007113376532   } 
   potential_energy { -194.4660202176011   } 
   potential_energyvar { 424.7271837766951   } 
   nonlocal_energy { 20.50866151908812   } 
   nonlocal_energyvar { 293.6261518324866   } 
   autocorr_energy { } 
} 

block { 
   label vmc
   totweight 217600
   nautocorr 0
   total_energy { -126.265926638786   } 
   total_energyvar { 12.675612151972   } 
   weight { 1   } 
   weightvar { 1.776356839400247e-15   } 
   kinetic_energy { 47.77221677825816   } 
   kinetic_energyvar { 138.9135055098382   } 
   potential_energy { -194.5355260866818   } 
   potential_energyvar { 425.8700188637424   } 
   nonlocal_energy { 20.49738266963767   } 
   nonlocal_energyvar { 296.418783723723   } 
   autocorr_energy { } 
} 

block { 
   label vmc
   totweight 217600
   nautocorr 0
   total_energy { -126.2445859032512   } 
   total_energyvar { 13.05372723524966   } 
   weight { 1   } 
   weightvar { 1.776356839400247e-15   } 
   kinetic_energy { 47.67056475142524   } 
   kinetic_energyvar { 138.5277596646799   } 
   potential_energy { -194.3477676382737   } 
   potential_energyvar { 426.8960259035276   } 
   nonlocal_energy { 20.43261698359718   } 
   nonlocal_energyvar { 295.062543642424   } 
   autocorr_energy { } 
} 

block { 
   label vmc
   totweight 217600
   nautocorr 0
   total_energy { -126.2549425628166   } 
   total_energyvar { 13.16956067889073   } 
   weight { 1   } 
   weightvar { 1.776356839400247e-15   } 
   kinetic_energy { 47.69606910276042   } 
   kinetic_energyvar { 139.9372531141376   } 
   potential_energy { -194.5006780186103   } 
   potential_energyvar { 421.6502376910747   } 
   nonlocal_energy { 20.54966635303331   } 
   nonlocal_energyvar { 295.2689017793675   } 
   autocorr_energy { } 
} 

block { 
   label vmc
   totweight 217600
   nautocorr 0
   total_energy { -126.2623034471112   } 
   total_energyvar { 12.33472610605804   } 
   weight { 1   } 
   weightvar { 1.776356839400247e-15   } 
   kinetic_energy { 47.7084540812303   } 
   kinetic_energyvar { 136.4391647778592   } 
   potential_energy { -194.3864147894716   } 
   potential_energyvar { 422.7270643777633   } 
   nonlocal_energy { 20.41565726113008   } 
   nonlocal_energyvar { 290.5822615848507   } 
   autocorr_energy { } 
} 

block { 
   label vmc
   totweight 217600
   nautocorr 0
   total_energy { -126.2655318958944   } 
   total_energyvar { 12.36918029349948   } 
   weight { 1   } 
   weightvar { 1.776356839400247e-15   } 
   kinetic_energy { 47.69550605680268   } 
   kinetic_energyvar { 138.1825452183703   } 
   potential_energy { -194.4363717042087   } 
   potential_energyvar { 422.4769677466605   } 
   nonlocal_energy { 20.47533375151152   } 
   nonlocal_energyvar { 290.3695736502755   } 
   autocorr_energy { } 
} 

block { 
   label vmc
   totweight 217600
   nautocorr 0
   total_energy { -126.279223319906   } 
   total_energyvar { 12.42834923014778   } 
   weight { 1   } 
   weightvar { 1.776356839400247e-15   } 
   kinetic_energy { 47.85022033497201   } 
   kinetic_energyvar { 137.7367180459643   } 
   potential_energy { -194.6728616038109   } 
   potential_energyvar { 423.161350441771   } 
   nonlocal_energy { 20.54341794893287   } 
   nonlocal_energyvar { 291.1615121577678   } 
   autocorr_energy { } 
} 

block { 
   label vmc
   totweight 217600
   nautocorr 0
   total_energy { -126.2717918665287   } 
   total_energyvar { 12.77705369252431   } 
   weight { 1   } 
   weightvar { 1.776356839400247e-15   } 
   kinetic_energy { 47.74657813240216   } 
   kinetic_energyvar { 137.6554374112991   } 
   potential_energy { -194.434711678822   } 
   potential_energyvar { 420.9141925803249   } 
   nonlocal_energy { 20.41634167989111   } 
   nonlocal_energyvar { 288.8150651830828   } 
   autocorr_energy { } 
} 

block { 
   label vmc
   totweight 217600
   nautocorr 0
   total_energy { -126.2593412359201   } 
   total_energyvar { 12.70401605526899   } 
   weight { 1   } 
   weightvar { 1.776356839400247e-15   } 
   kinetic_energy { 47.70612209757002   } 
   kinetic_energyvar { 138.0202831809898   } 
   potential_energy { -194.4695575259303   } 
   potential_energyvar { 424.5786277167022   } 
   nonlocal_energy { 20.50409419244011   } 
   nonlocal_energyvar { 295.1688133173701   } 
   autocorr_energy { } 
} 

block { 
   label vmc
   totweight 217600
   nautocorr 0
   total_energy { -126.2598324305878   } 
   total_energyvar { 12.75659720898684   } 
   weight { 1   } 
   weightvar { 1.776356839400247e-15   } 
   kinetic_energy { 47.77000834912729   } 
   kinetic_energyvar { 137.74528086785   } 
   potential_energy { -194.5519605167015   } 
   potential_energyvar { 426.0049971553375   } 
   nonlocal_energy { 20.52211973698644   } 
   nonlocal_energyvar { 294.7574787592951   } 
   autocorr_energy { } 
} 

block { 
   label vmc
   totweight 217600
   nautocorr 0
   total_energy { -126.285303277276   } 
   total_energyvar { 12.59264886540216   } 
   weight { 1   } 
   weightvar { 1.776356839400247e-15   } 
   kinetic_energy { 47.73049164318197   } 
   kinetic_energyvar { 139.2364812484628   } 
   potential_energy { -194.4620444161837   } 
   potential_energyvar { 423.3779526699421   } 
   nonlocal_energy { 20.44624949572572   } 
   nonlocal_energyvar { 292.6416338362803   } 
   autocorr_energy { } 
} 

block { 
   label vmc
   totweight 217600
   nautocorr 0
   total_energy { -126.2580743711925   } 
   total_energyvar { 12.70017558092021   } 
   weight { 1   } 
   weightvar { 1.776356839400247e-15   } 
   kinetic_energy { 47.72990862268326   } 
   kinetic_energyvar { 138.7010499610234   } 
   potential_energy { -194.5646894075809   } 
   potential_energyvar { 423.0087848159201   } 
   nonlocal_energy { 20.57670641370516   } 
   nonlocal_energyvar { 292.1410742185276   } 
   autocorr_energy { } 
} 

block { 
   label vmc
   totweight 217600
   nautocorr 0
   total_energy { -126.2459869530341   } 
   total_energyvar { 13.09482394059721   } 
   weight { 1   } 
   weightvar { 1.776356839400247e-15   } 
   kinetic_energy { 47.82894538783205   } 
   kinetic_energyvar { 136.5602347818056   } 
   potential_energy { -194.471854133172   } 
   potential_energyvar { 420.9025707984565   } 
   nonlocal_energy { 20.3969217923058   } 
   nonlocal_energyvar { 287.5955495839765   } 
   autocorr_energy { } 
} 

block { 
   label vmc
   totweight 217600
   nautocorr 0
   total_energy { -126.287727040298   } 
   total_energyvar { 12.61714082276756   } 
   weight { 1   } 
   weightvar { 1.776356839400247e-15   } 
   kinetic_energy { 47.79423724728775   } 
   kinetic_energyvar { 137.4679251487953   } 
   potential_energy { -194.5384378691355   } 
   potential_energyvar { 421.7938989712696   } 
   nonlocal_energy { 20.45647358154977   } 
   nonlocal_energyvar { 293.2898392902512   } 
   autocorr_energy { } 
} 

block { 
   label vmc
   totweight 217600
   nautocorr 0
   total_energy { -126.2556643579174   } 
   total_energyvar { 12.97569022537845   } 
   weight { 1   } 
   weightvar { 1.776356839400247e-15   } 
   kinetic_energy { 47.78086371450686   } 
   kinetic_energyvar { 137.810229337671   } 
   potential_energy { -194.4792765207307   } 
   potential_energyvar { 424.1727427306874   } 
   nonlocal_energy { 20.44274844830635   } 
   nonlocal_energyvar { 292.1898302475236   } 
   autocorr_energy { } 
} 

block { 
   label vmc
   totweight 217600
   nautocorr 0
   total_energy { -126.2636367035973   } 
   total_energyvar { 13.06285585628772   } 
   weight { 1   } 
   weightvar { 1.776356839400247e-15   } 
   kinetic_energy { 47.83243382597021   } 
   kinetic_energyvar { 137.0369160905767   } 
   potential_energy { -194.4946778607506   } 
   potential_energyvar { 420.5349260143933   } 
   nonlocal_energy { 20.3986073311831   } 
   nonlocal_energyvar { 288.4663262820345   } 
   autocorr_energy { } 
} 

block { 
   label vmc
   totweight 217600
   nautocorr 0
   total_energy { -126.2543125745212   } 
   total_energyvar { 12.78412768149146   } 
   weight { 1   } 
   weightvar { 1.776356839400247e-15   } 
   kinetic_energy { 47.69890593910944   } 
   kinetic_energyvar { 136.6138597144865   } 
   potential_energy { -194.3266985439093   } 
   potential_energyvar { 421.5936193952871   } 
   nonlocal_energy { 20.37348003027871   } 
   nonlocal_energyvar { 289.8902070456042   } 
   autocorr_energy { } 
} 

block { 
   label vmc
   totweight 217600
   nautocorr 0
   total_energy { -126.2595530933488   } 
   total_energyvar { 12.55265741120239   } 
   weight { 1   } 
   weightvar { 1.776356839400247e-15   } 
   kinetic_energy { 47.74052010566155   } 
   kinetic_energyvar { 135.8042233973077   } 
   potential_energy { -194.5869257481106   } 
   potential_energyvar { 424.5591229391189   } 
   nonlocal_energy { 20.58685254910031   } 
   nonlocal_energyvar { 291.8673330670696   } 
   autocorr_energy { } 
} 

block { 
   label vmc
   totweight 217600
   nautocorr 0
   total_energy { -126.2606803808129   } 
   total_energyvar { 12.617981798272   } 
   weight { 1   } 
   weightvar { 1.776356839400247e-15   } 
   kinetic_energy { 47.7970411960782   } 
   kinetic_energyvar { 138.1395518411356   } 
   potential_energy { -194.5085039357986   } 
   potential_energyvar { 420.999120122847   } 
   nonlocal_energy { 20.45078235890749   } 
   nonlocal_energyvar { 291.4681703646986   } 
   autocorr_energy { } 
} 

block { 
   label vmc
   totweight 217600
   nautocorr 0
   total_energy { -126.2596866158003   } 
   total_energyvar { 12.60973017012109   } 
   weight { 1   } 
   weightvar { 1.776356839400247e-15   } 
   kinetic_energy { 47.7710970076838   } 
   kinetic_energyvar { 138.1761890050375   } 
   potential_energy { -194.397605053573   } 
   potential_energyvar { 424.3449997534911   } 
   nonlocal_energy { 20.36682143008883   } 
   nonlocal_energyvar { 293.784927222479   } 
   autocorr_energy { } 
} 

