#-------------------------------------------------
#DMC run: timestep 0.005
#-------------------------------------------------


init { 
   label spin_0.005
}
block { 
   label spin_0.005
   totweight 870400
   nautocorr 0
   total_energy { -104.1422774193917   } 
   total_energyvar { 4.690357135708072   } 
   weight { 1.040283996226794   } 
   weightvar { 0.03289356206107138   } 
   kinetic_energy { 35.13644337959563   } 
   kinetic_energyvar { 108.857096621723   } 
   potential_energy { -152.3896562408731   } 
   potential_energyvar { 176.2010359306377   } 
   nonlocal_energy { 13.1109354418858   } 
   nonlocal_energyvar { 198.2098994182888   } 
   autocorr_energy { } 
} 

block { 
   label spin_0.005
   totweight 870400
   nautocorr 0
   total_energy { -104.0983102841845   } 
   total_energyvar { 4.804432294379849   } 
   weight { 1.032154767514042   } 
   weightvar { 0.07898674898148596   } 
   kinetic_energy { 35.52121033124144   } 
   kinetic_energyvar { 109.1717480207039   } 
   potential_energy { -152.8605640647073   } 
   potential_energyvar { 176.5046501236617   } 
   nonlocal_energy { 13.24104344928146   } 
   nonlocal_energyvar { 199.7771542080398   } 
   autocorr_energy { } 
} 

block { 
   label spin_0.005
   totweight 870400
   nautocorr 0
   total_energy { -104.0734816847633   } 
   total_energyvar { 4.814181827632367   } 
   weight { 0.9812313069834192   } 
   weightvar { 0.09235291300195952   } 
   kinetic_energy { 35.46264098278539   } 
   kinetic_energyvar { 107.9240728630942   } 
   potential_energy { -152.656327629697   } 
   potential_energyvar { 175.3920407696929   } 
   nonlocal_energy { 13.12020496214832   } 
   nonlocal_energyvar { 197.8197802020519   } 
   autocorr_energy { } 
} 

block { 
   label spin_0.005
   totweight 870400
   nautocorr 0
   total_energy { -104.0840163221355   } 
   total_energyvar { 4.726995815352493   } 
   weight { 0.9688101339390256   } 
   weightvar { 0.09950716675722657   } 
   kinetic_energy { 35.52903503313232   } 
   kinetic_energyvar { 107.5114100992436   } 
   potential_energy { -152.8267909901306   } 
   potential_energyvar { 175.5337196204947   } 
   nonlocal_energy { 13.21373963486279   } 
   nonlocal_energyvar { 198.0314120466006   } 
   autocorr_energy { } 
} 

block { 
   label spin_0.005
   totweight 870400
   nautocorr 0
   total_energy { -104.0709182390726   } 
   total_energyvar { 4.704975791244319   } 
   weight { 0.972657725929795   } 
   weightvar { 0.1019157851015462   } 
   kinetic_energy { 35.43318637328514   } 
   kinetic_energyvar { 107.5508432054362   } 
   potential_energy { -152.6386174543995   } 
   potential_energyvar { 172.8845221324661   } 
   nonlocal_energy { 13.13451284204178   } 
   nonlocal_energyvar { 197.0994838712598   } 
   autocorr_energy { } 
} 

block { 
   label spin_0.005
   totweight 870400
   nautocorr 0
   total_energy { -104.070066103407   } 
   total_energyvar { 4.715607885156661   } 
   weight { 0.9711140245602596   } 
   weightvar { 0.1006825542636528   } 
   kinetic_energy { 35.43796540369114   } 
   kinetic_energyvar { 108.8327226808942   } 
   potential_energy { -152.5830655129133   } 
   potential_energyvar { 175.5154207936866   } 
   nonlocal_energy { 13.07503400581514   } 
   nonlocal_energyvar { 198.1829382137096   } 
   autocorr_energy { } 
} 

block { 
   label spin_0.005
   totweight 870400
   nautocorr 0
   total_energy { -104.0778013826522   } 
   total_energyvar { 4.8180488986191   } 
   weight { 0.9821929425262205   } 
   weightvar { 0.09901611762004398   } 
   kinetic_energy { 35.57463289325148   } 
   kinetic_energyvar { 108.6923773449474   } 
   potential_energy { -152.8179980151962   } 
   potential_energyvar { 176.5440248838642   } 
   nonlocal_energy { 13.16556373929248   } 
   nonlocal_energyvar { 196.973300032112   } 
   autocorr_energy { } 
} 

block { 
   label spin_0.005
   totweight 870400
   nautocorr 0
   total_energy { -104.0769356576355   } 
   total_energyvar { 4.834530787989595   } 
   weight { 0.9931555555611173   } 
   weightvar { 0.09922202495569282   } 
   kinetic_energy { 35.61566129011216   } 
   kinetic_energyvar { 110.3291005968029   } 
   potential_energy { -153.0632774957512   } 
   potential_energyvar { 177.8051912824411   } 
   nonlocal_energy { 13.37068054800353   } 
   nonlocal_energyvar { 205.1667423418052   } 
   autocorr_energy { } 
} 

block { 
   label spin_0.005
   totweight 870400
   nautocorr 0
   total_energy { -104.0712208277744   } 
   total_energyvar { 4.892330357437762   } 
   weight { 0.9931834982055513   } 
   weightvar { 0.09733369101209237   } 
   kinetic_energy { 35.62133820324021   } 
   kinetic_energyvar { 106.4759984547078   } 
   potential_energy { -152.8330233758705   } 
   potential_energyvar { 175.3197182236653   } 
   nonlocal_energy { 13.14046434485593   } 
   nonlocal_energyvar { 196.5633170040223   } 
   autocorr_energy { } 
} 

block { 
   label spin_0.005
   totweight 870400
   nautocorr 0
   total_energy { -104.0670875740832   } 
   total_energyvar { 4.703649465307107   } 
   weight { 0.9915766486457425   } 
   weightvar { 0.09658893827457958   } 
   kinetic_energy { 35.59179732725028   } 
   kinetic_energyvar { 107.6816131877884   } 
   potential_energy { -152.8493122013238   } 
   potential_energyvar { 174.4524390274192   } 
   nonlocal_energy { 13.19042729999029   } 
   nonlocal_energyvar { 198.4344960552815   } 
   autocorr_energy { } 
} 

block { 
   label spin_0.005
   totweight 870400
   nautocorr 0
   total_energy { -104.0693482670426   } 
   total_energyvar { 4.782884785241767   } 
   weight { 0.9903737704979273   } 
   weightvar { 0.09711923934723553   } 
   kinetic_energy { 35.58004926557658   } 
   kinetic_energyvar { 107.3027248711339   } 
   potential_energy { -152.8037382674792   } 
   potential_energyvar { 175.1323744906964   } 
   nonlocal_energy { 13.1543407348601   } 
   nonlocal_energyvar { 196.8384811716995   } 
   autocorr_energy { } 
} 

block { 
   label spin_0.005
   totweight 870400
   nautocorr 0
   total_energy { -104.0709711979466   } 
   total_energyvar { 4.913299589073286   } 
   weight { 0.9958410097463499   } 
   weightvar { 0.09682135181612714   } 
   kinetic_energy { 35.5265083434299   } 
   kinetic_energyvar { 108.0810143833266   } 
   potential_energy { -152.7032391409093   } 
   potential_energyvar { 175.2574146426235   } 
   nonlocal_energy { 13.10575959953287   } 
   nonlocal_energyvar { 199.1048087180911   } 
   autocorr_energy { } 
} 

block { 
   label spin_0.005
   totweight 870400
   nautocorr 0
   total_energy { -104.0749197436329   } 
   total_energyvar { 4.807497934319396   } 
   weight { 0.9947128141003294   } 
   weightvar { 0.0987649612156356   } 
   kinetic_energy { 35.48876736158064   } 
   kinetic_energyvar { 108.6149173924125   } 
   potential_energy { -152.7254859754519   } 
   potential_energyvar { 175.7320892157856   } 
   nonlocal_energy { 13.16179887023837   } 
   nonlocal_energyvar { 200.2280663573364   } 
   autocorr_energy { } 
} 

block { 
   label spin_0.005
   totweight 870400
   nautocorr 0
   total_energy { -104.0739306121287   } 
   total_energyvar { 4.816875499184357   } 
   weight { 0.9958910202544254   } 
   weightvar { 0.0981257306061163   } 
   kinetic_energy { 35.55778043706764   } 
   kinetic_energyvar { 107.4602200157426   } 
   potential_energy { -152.8322444723313   } 
   potential_energyvar { 175.0483626085505   } 
   nonlocal_energy { 13.20053342313493   } 
   nonlocal_energyvar { 197.6468351556132   } 
   autocorr_energy { } 
} 

block { 
   label spin_0.005
   totweight 870400
   nautocorr 0
   total_energy { -104.0673590585668   } 
   total_energyvar { 4.837013792768464   } 
   weight { 0.9948902731662548   } 
   weightvar { 0.09771503603453523   } 
   kinetic_energy { 35.59345671958553   } 
   kinetic_energyvar { 109.4231686059485   } 
   potential_energy { -152.9524321511643   } 
   potential_energyvar { 176.3229493448984   } 
   nonlocal_energy { 13.29161637301196   } 
   nonlocal_energyvar { 201.2616601600923   } 
   autocorr_energy { } 
} 

block { 
   label spin_0.005
   totweight 870400
   nautocorr 0
   total_energy { -104.0725163375501   } 
   total_energyvar { 4.849772355775838   } 
   weight { 0.9948892612292641   } 
   weightvar { 0.09758500211299115   } 
   kinetic_energy { 35.58525609819253   } 
   kinetic_energyvar { 107.8985164159365   } 
   potential_energy { -152.8782222826538   } 
   potential_energyvar { 174.828814155114   } 
   nonlocal_energy { 13.22044984691118   } 
   nonlocal_energyvar { 199.9756468993826   } 
   autocorr_energy { } 
} 

block { 
   label spin_0.005
   totweight 870400
   nautocorr 0
   total_energy { -104.0742402142023   } 
   total_energyvar { 4.819293911649067   } 
   weight { 0.9964163216048693   } 
   weightvar { 0.09686377491262772   } 
   kinetic_energy { 35.52873445988726   } 
   kinetic_energyvar { 106.6657253213014   } 
   potential_energy { -152.7486327482335   } 
   potential_energyvar { 174.1309931142357   } 
   nonlocal_energy { 13.14565807414394   } 
   nonlocal_energyvar { 194.5989493337591   } 
   autocorr_energy { } 
} 

block { 
   label spin_0.005
   totweight 870400
   nautocorr 0
   total_energy { -104.0837543473146   } 
   total_energyvar { 4.764808713196392   } 
   weight { 1.001357186248641   } 
   weightvar { 0.09500284385382604   } 
   kinetic_energy { 35.63673783114427   } 
   kinetic_energyvar { 106.7893671005176   } 
   potential_energy { -152.9332036447558   } 
   potential_energyvar { 175.1156149947284   } 
   nonlocal_energy { 13.21271146629696   } 
   nonlocal_energyvar { 195.2580647634501   } 
   autocorr_energy { } 
} 

block { 
   label spin_0.005
   totweight 870400
   nautocorr 0
   total_energy { -104.0630915572336   } 
   total_energyvar { 4.789332237367377   } 
   weight { 0.9954128452134171   } 
   weightvar { 0.09652902735143565   } 
   kinetic_energy { 35.55188002891654   } 
   kinetic_energyvar { 107.1416216153178   } 
   potential_energy { -152.7650126401334   } 
   potential_energyvar { 174.5595853035028   } 
   nonlocal_energy { 13.1500410539833   } 
   nonlocal_energyvar { 196.8397147791412   } 
   autocorr_energy { } 
} 

block { 
   label spin_0.005
   totweight 870400
   nautocorr 0
   total_energy { -104.0770411758338   } 
   total_energyvar { 4.824762539005873   } 
   weight { 0.9963033404253654   } 
   weightvar { 0.0950017144692471   } 
   kinetic_energy { 35.53125996610761   } 
   kinetic_energyvar { 109.0795986521486   } 
   potential_energy { -152.8775067495923   } 
   potential_energyvar { 175.059949470406   } 
   nonlocal_energy { 13.26920560765094   } 
   nonlocal_energyvar { 200.9893596683556   } 
   autocorr_energy { } 
} 

block { 
   label spin_0.005
   totweight 870400
   nautocorr 0
   total_energy { -104.064907820645   } 
   total_energyvar { 4.784971590590822   } 
   weight { 0.9946904378261446   } 
   weightvar { 0.0960308662499372   } 
   kinetic_energy { 35.59673908501003   } 
   kinetic_energyvar { 109.184093700891   } 
   potential_energy { -152.853019788708   } 
   potential_energyvar { 177.2794854912598   } 
   nonlocal_energy { 13.19137288305298   } 
   nonlocal_energyvar { 199.7436662604775   } 
   autocorr_energy { } 
} 

