#-------------------------------------------------
#DMC run: timestep 0.001
#-------------------------------------------------


init { 
   label spin_0.005
}
block { 
   label spin_0.005
   totweight 819200
   nautocorr 0
   total_energy { -64.79777884497145   } 
   total_energyvar { 0.5642570227198828   } 
   weight { 1.000511961273154   } 
   weightvar { 0.00231422821862339   } 
   kinetic_energy { 18.71146093454524   } 
   kinetic_energyvar { 52.17479342174256   } 
   potential_energy { -94.69184319712308   } 
   potential_energyvar { 112.0396408346992   } 
   nonlocal_energy { 11.18260341760639   } 
   nonlocal_energyvar { 133.8682136945081   } 
   autocorr_energy { } 
} 

block { 
   label spin_0.005
   totweight 819200
   nautocorr 0
   total_energy { -64.81315297630633   } 
   total_energyvar { 0.8408178685688443   } 
   weight { 1.002498880038313   } 
   weightvar { 0.009891344252454456   } 
   kinetic_energy { 18.76408024413761   } 
   kinetic_energyvar { 53.65321695299768   } 
   potential_energy { -94.81630932825237   } 
   potential_energyvar { 111.3765962690087   } 
   nonlocal_energy { 11.23907610780844   } 
   nonlocal_energyvar { 135.8838612698604   } 
   autocorr_energy { } 
} 

block { 
   label spin_0.005
   totweight 819200
   nautocorr 0
   total_energy { -64.81730335686474   } 
   total_energyvar { 0.5609470233646825   } 
   weight { 1.004707469320545   } 
   weightvar { 0.01816307582795373   } 
   kinetic_energy { 18.86541810491522   } 
   kinetic_energyvar { 50.08276828858781   } 
   potential_energy { -94.71919156222324   } 
   potential_energyvar { 108.2982298756836   } 
   nonlocal_energy { 11.03647010044328   } 
   nonlocal_energyvar { 130.0537518122583   } 
   autocorr_energy { } 
} 

block { 
   label spin_0.005
   totweight 819200
   nautocorr 0
   total_energy { -64.83116535338993   } 
   total_energyvar { 0.5715522298955428   } 
   weight { 1.006572623516428   } 
   weightvar { 0.02672411200836114   } 
   kinetic_energy { 18.85635035475648   } 
   kinetic_energyvar { 51.19993693471161   } 
   potential_energy { -94.79723787750521   } 
   potential_energyvar { 106.4559034823893   } 
   nonlocal_energy { 11.1097221693588   } 
   nonlocal_energyvar { 129.0842280505115   } 
   autocorr_energy { } 
} 

block { 
   label spin_0.005
   totweight 819200
   nautocorr 0
   total_energy { -64.81869120813118   } 
   total_energyvar { 0.5963248028679982   } 
   weight { 1.008016919566811   } 
   weightvar { 0.03607868353253671   } 
   kinetic_energy { 18.81012503307983   } 
   kinetic_energyvar { 53.08319495491733   } 
   potential_energy { -94.91216550877812   } 
   potential_energyvar { 110.8486340247698   } 
   nonlocal_energy { 11.28334926756708   } 
   nonlocal_energyvar { 138.1252161295811   } 
   autocorr_energy { } 
} 

block { 
   label spin_0.005
   totweight 819200
   nautocorr 0
   total_energy { -64.82630805482661   } 
   total_energyvar { 0.5422314867815815   } 
   weight { 1.007297755443005   } 
   weightvar { 0.04493175803519431   } 
   kinetic_energy { 18.84291177033185   } 
   kinetic_energyvar { 52.99314419536726   } 
   potential_energy { -94.86179519619192   } 
   potential_energyvar { 108.6898647109933   } 
   nonlocal_energy { 11.19257537103347   } 
   nonlocal_energyvar { 132.5752468477081   } 
   autocorr_energy { } 
} 

block { 
   label spin_0.005
   totweight 819200
   nautocorr 0
   total_energy { -64.83428148219133   } 
   total_energyvar { 0.5743581581805889   } 
   weight { 1.007794815985992   } 
   weightvar { 0.05226771197365621   } 
   kinetic_energy { 18.83829071581303   } 
   kinetic_energyvar { 52.5983542690209   } 
   potential_energy { -94.98325474949756   } 
   potential_energyvar { 109.0617267170689   } 
   nonlocal_energy { 11.31068255149317   } 
   nonlocal_energyvar { 134.8631151670564   } 
   autocorr_energy { } 
} 

block { 
   label spin_0.005
   totweight 819200
   nautocorr 0
   total_energy { -64.83288238411944   } 
   total_energyvar { 0.595363298127572   } 
   weight { 1.00839643070505   } 
   weightvar { 0.05809315500932029   } 
   kinetic_energy { 18.86504977682865   } 
   kinetic_energyvar { 52.33692283177725   } 
   potential_energy { -94.91994240615345   } 
   potential_energyvar { 110.1337457827269   } 
   nonlocal_energy { 11.22201024520535   } 
   nonlocal_energyvar { 135.9302284845848   } 
   autocorr_energy { } 
} 

block { 
   label spin_0.005
   totweight 819200
   nautocorr 0
   total_energy { -64.82007350724285   } 
   total_energyvar { 1.240956463928345   } 
   weight { 1.006246635473621   } 
   weightvar { 0.06310534620247304   } 
   kinetic_energy { 18.86609733461277   } 
   kinetic_energyvar { 51.4470326906952   } 
   potential_energy { -94.87827983854694   } 
   potential_energyvar { 108.977622043621   } 
   nonlocal_energy { 11.19210899669133   } 
   nonlocal_energyvar { 131.8273344203002   } 
   autocorr_energy { } 
} 

block { 
   label spin_0.005
   totweight 819200
   nautocorr 0
   total_energy { -64.82992681730069   } 
   total_energyvar { 0.5486625178313568   } 
   weight { 1.005017757554842   } 
   weightvar { 0.06919077034247602   } 
   kinetic_energy { 18.94239889255967   } 
   kinetic_energyvar { 50.77454435428392   } 
   potential_energy { -94.94246594502927   } 
   potential_energyvar { 106.5373301391461   } 
   nonlocal_energy { 11.17014023516891   } 
   nonlocal_energyvar { 129.0883707670747   } 
   autocorr_energy { } 
} 

block { 
   label spin_0.005
   totweight 819200
   nautocorr 0
   total_energy { -64.83016134850598   } 
   total_energyvar { 0.5916122241877871   } 
   weight { 1.004975190191624   } 
   weightvar { 0.07405895666920047   } 
   kinetic_energy { 19.07825166198586   } 
   kinetic_energyvar { 51.25802305311938   } 
   potential_energy { -94.95869592802521   } 
   potential_energyvar { 109.4161259836361   } 
   nonlocal_energy { 11.05028291753338   } 
   nonlocal_energyvar { 132.2130959246828   } 
   autocorr_energy { } 
} 

block { 
   label spin_0.005
   totweight 819200
   nautocorr 0
   total_energy { -64.81066639641446   } 
   total_energyvar { 0.5550392022522559   } 
   weight { 1.002649829078207   } 
   weightvar { 0.07565840246573093   } 
   kinetic_energy { 19.00217070801044   } 
   kinetic_energyvar { 50.06612038198703   } 
   potential_energy { -94.78972160627168   } 
   potential_energyvar { 109.4638775975467   } 
   nonlocal_energy { 10.97688450184678   } 
   nonlocal_energyvar { 126.9274958939807   } 
   autocorr_energy { } 
} 

block { 
   label spin_0.005
   totweight 819200
   nautocorr 0
   total_energy { -64.8312775737368   } 
   total_energyvar { 0.5664513884261886   } 
   weight { 1.00087241596845   } 
   weightvar { 0.0782568385775959   } 
   kinetic_energy { 18.90141969654303   } 
   kinetic_energyvar { 52.59456288173914   } 
   potential_energy { -94.97218060596263   } 
   potential_energyvar { 113.0266296747637   } 
   nonlocal_energy { 11.23948333568282   } 
   nonlocal_energyvar { 134.1170044534721   } 
   autocorr_energy { } 
} 

block { 
   label spin_0.005
   totweight 819200
   nautocorr 0
   total_energy { -64.82439542160495   } 
   total_energyvar { 0.5671743827650746   } 
   weight { 1.001067385315195   } 
   weightvar { 0.08044184577746884   } 
   kinetic_energy { 18.9139456189855   } 
   kinetic_energyvar { 52.32583688146553   } 
   potential_energy { -95.04014060243804   } 
   potential_energyvar { 109.9255651616733   } 
   nonlocal_energy { 11.3017995618476   } 
   nonlocal_energyvar { 134.8776018115251   } 
   autocorr_energy { } 
} 

block { 
   label spin_0.005
   totweight 819200
   nautocorr 0
   total_energy { -64.82188765322638   } 
   total_energyvar { 0.5588941972597876   } 
   weight { 0.9998491374518952   } 
   weightvar { 0.08240999021445602   } 
   kinetic_energy { 18.9539530039906   } 
   kinetic_energyvar { 51.23286756125905   } 
   potential_energy { -94.85780450034002   } 
   potential_energyvar { 108.7052136446818   } 
   nonlocal_energy { 11.08196384312304   } 
   nonlocal_energyvar { 129.872564108309   } 
   autocorr_energy { } 
} 

