#-------------------------------------------------
#DMC run: timestep 0.001
#-------------------------------------------------


init { 
   label spin_0.005
}
block { 
   label spin_0.005
   totweight 819200
   nautocorr 0
   total_energy { -67.75300426848251   } 
   total_energyvar { 0.5100298388749922   } 
   weight { 0.9797987145163948   } 
   weightvar { 0.002438095731302691   } 
   kinetic_energy { 22.88879969811985   } 
   kinetic_energyvar { 58.41337463372419   } 
   potential_energy { -102.2413805210278   } 
   potential_energyvar { 122.5397613555666   } 
   nonlocal_energy { 11.59957655442539   } 
   nonlocal_energyvar { 134.5649316364372   } 
   autocorr_energy { } 
} 

block { 
   label spin_0.005
   totweight 819200
   nautocorr 0
   total_energy { -67.74715342026849   } 
   total_energyvar { 0.4802513716898726   } 
   weight { 0.9631370273686589   } 
   weightvar { 0.009615603857538653   } 
   kinetic_energy { 23.21861839483697   } 
   kinetic_energyvar { 56.09568231372508   } 
   potential_energy { -101.6896318412406   } 
   potential_energyvar { 118.561312866405   } 
   nonlocal_energy { 10.7238600261351   } 
   nonlocal_energyvar { 118.1400131599829   } 
   autocorr_energy { } 
} 

block { 
   label spin_0.005
   totweight 819200
   nautocorr 0
   total_energy { -67.75839598022132   } 
   total_energyvar { 0.4584233940849639   } 
   weight { 0.9699825572205719   } 
   weightvar { 0.01863821600139224   } 
   kinetic_energy { 23.24641041317496   } 
   kinetic_energyvar { 54.39477713264107   } 
   potential_energy { -101.702148882999   } 
   potential_energyvar { 118.0405959131384   } 
   nonlocal_energy { 10.69734248960272   } 
   nonlocal_energyvar { 115.5607472754934   } 
   autocorr_energy { } 
} 

block { 
   label spin_0.005
   totweight 819200
   nautocorr 0
   total_energy { -67.76477381033095   } 
   total_energyvar { 0.4775273580891009   } 
   weight { 0.9772154777085508   } 
   weightvar { 0.02886402867926299   } 
   kinetic_energy { 23.43155317984365   } 
   kinetic_energyvar { 52.60656955095123   } 
   potential_energy { -101.7329464092619   } 
   potential_energyvar { 117.9023408632539   } 
   nonlocal_energy { 10.53661941908729   } 
   nonlocal_energyvar { 112.0419850737542   } 
   autocorr_energy { } 
} 

block { 
   label spin_0.005
   totweight 819200
   nautocorr 0
   total_energy { -67.75753767530031   } 
   total_energyvar { 0.4951405181924452   } 
   weight { 0.9820499281881437   } 
   weightvar { 0.04024216555938644   } 
   kinetic_energy { 23.4530227989638   } 
   kinetic_energyvar { 55.51105919873938   } 
   potential_energy { -101.9441090572355   } 
   potential_energyvar { 115.9793741476652   } 
   nonlocal_energy { 10.73354858297139   } 
   nonlocal_energyvar { 119.8827929729329   } 
   autocorr_energy { } 
} 

block { 
   label spin_0.005
   totweight 819200
   nautocorr 0
   total_energy { -67.75327926667819   } 
   total_energyvar { 0.4770187933494978   } 
   weight { 0.9852601103748961   } 
   weightvar { 0.05061574220630468   } 
   kinetic_energy { 23.63047899009567   } 
   kinetic_energyvar { 54.39945711129222   } 
   potential_energy { -102.1327453259122   } 
   potential_energyvar { 116.350198397474   } 
   nonlocal_energy { 10.74898706913829   } 
   nonlocal_energyvar { 113.3131650274542   } 
   autocorr_energy { } 
} 

block { 
   label spin_0.005
   totweight 819200
   nautocorr 0
   total_energy { -67.76398811866105   } 
   total_energyvar { 0.7297798982631496   } 
   weight { 0.9883037406159627   } 
   weightvar { 0.05999305348097844   } 
   kinetic_energy { 23.67070431119384   } 
   kinetic_energyvar { 54.90783168566775   } 
   potential_energy { -102.1914718883943   } 
   potential_energyvar { 119.1246695218525   } 
   nonlocal_energy { 10.75677945853935   } 
   nonlocal_energyvar { 115.2469266023787   } 
   autocorr_energy { } 
} 

block { 
   label spin_0.005
   totweight 819200
   nautocorr 0
   total_energy { -67.75512381281651   } 
   total_energyvar { 0.542893476180636   } 
   weight { 0.9906388951591703   } 
   weightvar { 0.06658308952472397   } 
   kinetic_energy { 23.70790779206878   } 
   kinetic_energyvar { 54.11591742050577   } 
   potential_energy { -102.2169965256752   } 
   potential_energyvar { 116.9100428917507   } 
   nonlocal_energy { 10.75396492078993   } 
   nonlocal_energyvar { 115.0070160003859   } 
   autocorr_energy { } 
} 

block { 
   label spin_0.005
   totweight 819200
   nautocorr 0
   total_energy { -67.75865844528869   } 
   total_energyvar { 0.4803944998308641   } 
   weight { 0.9923032846192156   } 
   weightvar { 0.07306110818285609   } 
   kinetic_energy { 23.78919613618115   } 
   kinetic_energyvar { 53.3787387378299   } 
   potential_energy { -102.3395239895776   } 
   potential_energyvar { 117.730490354268   } 
   nonlocal_energy { 10.79166940810776   } 
   nonlocal_energyvar { 115.9587873552221   } 
   autocorr_energy { } 
} 

block { 
   label spin_0.005
   totweight 819200
   nautocorr 0
   total_energy { -67.75784977016372   } 
   total_energyvar { 1.645464420752639   } 
   weight { 0.9942707385385845   } 
   weightvar { 0.07765023209696229   } 
   kinetic_energy { 23.84259993969697   } 
   kinetic_energyvar { 54.36267513471046   } 
   potential_energy { -102.4696705705377   } 
   potential_energyvar { 117.347780728875   } 
   nonlocal_energy { 10.86922086067705   } 
   nonlocal_energyvar { 117.0885744755349   } 
   autocorr_energy { } 
} 

block { 
   label spin_0.005
   totweight 819200
   nautocorr 0
   total_energy { -67.75819291862274   } 
   total_energyvar { 0.4829559460905038   } 
   weight { 0.994797549610058   } 
   weightvar { 0.08083351646776295   } 
   kinetic_energy { 23.83035017057328   } 
   kinetic_energyvar { 54.22362681603843   } 
   potential_energy { -102.3902600983112   } 
   potential_energyvar { 120.0993893630149   } 
   nonlocal_energy { 10.8017170091152   } 
   nonlocal_energyvar { 118.4509476486394   } 
   autocorr_energy { } 
} 

block { 
   label spin_0.005
   totweight 819200
   nautocorr 0
   total_energy { -67.76616222029386   } 
   total_energyvar { 0.4874638088044954   } 
   weight { 0.9965676629911521   } 
   weightvar { 0.08360940315301771   } 
   kinetic_energy { 23.77215610430281   } 
   kinetic_energyvar { 54.85354340625324   } 
   potential_energy { -102.4012514118608   } 
   potential_energyvar { 119.270931865125   } 
   nonlocal_energy { 10.8629330872641   } 
   nonlocal_energyvar { 119.3738678716061   } 
   autocorr_energy { } 
} 

block { 
   label spin_0.005
   totweight 819200
   nautocorr 0
   total_energy { -67.76114090913384   } 
   total_energyvar { 0.506950492010954   } 
   weight { 0.9978631606297667   } 
   weightvar { 0.08541729385005496   } 
   kinetic_energy { 23.72089793530097   } 
   kinetic_energyvar { 54.50754705975508   } 
   potential_energy { -102.1523772663366   } 
   potential_energyvar { 117.0526114435774   } 
   nonlocal_energy { 10.67033842190174   } 
   nonlocal_energyvar { 116.2388722828502   } 
   autocorr_energy { } 
} 

block { 
   label spin_0.005
   totweight 819200
   nautocorr 0
   total_energy { -67.76230587312789   } 
   total_energyvar { 0.5203563727998243   } 
   weight { 0.9984027743793844   } 
   weightvar { 0.08718748147807655   } 
   kinetic_energy { 23.84533611690852   } 
   kinetic_energyvar { 53.12664659486753   } 
   potential_energy { -102.4286524291725   } 
   potential_energyvar { 118.1786321233705   } 
   nonlocal_energy { 10.82101043913614   } 
   nonlocal_energyvar { 116.8574083992802   } 
   autocorr_energy { } 
} 

block { 
   label spin_0.005
   totweight 819200
   nautocorr 0
   total_energy { -67.76282688000778   } 
   total_energyvar { 0.4758671242719649   } 
   weight { 0.9994213920512121   } 
   weightvar { 0.08828654026905917   } 
   kinetic_energy { 23.84185709386208   } 
   kinetic_energyvar { 53.18628027042756   } 
   potential_energy { -102.4807452454437   } 
   potential_energyvar { 119.4566386690902   } 
   nonlocal_energy { 10.87606127157385   } 
   nonlocal_energyvar { 115.598982635049   } 
   autocorr_energy { } 
} 

