0: output to I.df.o
276: System
276: Wave function
29: System
29: Wave function
392: System
392: Wave function
504: System
504: Wave function
21: System
421: System
421: Wave function
162: System
162: Wave function
21: Wave function
12: System
12: Wave function
304: System
42: System
42: Wave function
304: Wave function
44: System
44: Wave function
56: System
56: Wave function
404: System
404: Wave function
123: System
123: Wave function
420: System
509: System
509: Wave function
93: System
93: Wave function
14: System
14: Wave function
420: Wave function
135: System
135: Wave function
480: System
480: Wave function
47: System
422: System
182: System
182: Wave function
477: System
47: Wave function
422: Wave function
136: System
136: Wave function
477: Wave function
40: System
395: System
395: Wave function
140: System
40: Wave function
432: System
140: Wave function
62: System
62: Wave function
432: Wave function
167: System
295: System
295: Wave function
155: System
155: Wave function
426: System
426: Wave function
167: Wave function
284: System
284: Wave function
57: System
57: Wave function
164: System
164: Wave function
177: System
177: Wave function
150: System
150: Wave function
128: System
128: Wave function
31: System
31: Wave function
172: System
172: Wave function
431: System
431: Wave function
423: System
423: Wave function
159: System
159: Wave function
305: System
305: Wave function
189: System
189: Wave function
156: System
156: Wave function
287: System
287: Wave function
428: System
428: Wave function
23: System
23: Wave function
389: System
389: Wave function
133: System
133: Wave function
271: System
271: Wave function
22: System
22: Wave function
28: System
28: Wave function
386: System
386: Wave function
412: System
412: Wave function
147: System
147: Wave function
266: System
266: Wave function
46: System
46: Wave function
440: System
440: Wave function
314: System
314: Wave function
49: System
49: Wave function
424: System
424: Wave function
149: System
149: Wave function
260: System
397: System
397: Wave function
163: System
163: Wave function
260: Wave function
0: System
455: System
455: Wave function
258: System
7: System
7: Wave function
384: System
141: System
141: Wave function
258: Wave function
0: Wave function
384: Wave function
129: System
129: Wave function
256: System
20: System
20: Wave function
409: System
409: Wave function
256: Wave function
407: System
407: Wave function
154: System
154: Wave function
55: System
55: Wave function
408: System
408: Wave function
275: System
275: Wave function
165: System
165: Wave function
11: System
11: Wave function
437: System
170: System
170: Wave function
301: System
301: Wave function
50: System
50: Wave function
437: Wave function
187: System
187: Wave function
259: System
259: Wave function
60: System
447: System
263: System
263: Wave function
60: Wave function
447: Wave function
186: System
318: System
318: Wave function
32: System
443: System
443: Wave function
310: System
310: Wave function
32: Wave function
411: System
411: Wave function
186: Wave function
63: System
130: System
290: System
290: Wave function
24: System
24: Wave function
444: System
130: Wave function
297: System
38: System
38: Wave function
444: Wave function
297: Wave function
63: Wave function
445: System
445: Wave function
181: System
181: Wave function
37: System
37: Wave function
405: System
405: Wave function
174: System
273: System
273: Wave function
16: System
16: Wave function
425: System
425: Wave function
174: Wave function
272: System
272: Wave function
45: System
45: Wave function
438: System
438: Wave function
19: System
19: Wave function
132: System
132: Wave function
279: System
279: Wave function
39: System
39: Wave function
442: System
442: Wave function
415: System
415: Wave function
202: System
202: Wave function
312: System
312: Wave function
436: System
139: System
139: Wave function
307: System
307: Wave function
436: Wave function
107: System
107: Wave function
399: System
399: Wave function
151: System
151: Wave function
324: System
324: Wave function
282: System
282: Wave function
2: System
2: Wave function
416: System
416: Wave function
183: System
183: Wave function
321: System
321: Wave function
434: System
434: Wave function
311: System
311: Wave function
418: System
418: Wave function
179: System
179: Wave function
270: System
270: Wave function
1: System
1: Wave function
48: System
48: Wave function
430: System
430: Wave function
138: System
138: Wave function
264: System
264: Wave function
25: System
433: System
433: Wave function
171: System
171: Wave function
25: Wave function
402: System
286: System
41: System
41: Wave function
402: Wave function
286: Wave function
81: System
81: Wave function
51: System
51: Wave function
400: System
91: System
91: Wave function
10: System
10: Wave function
400: Wave function
191: System
191: Wave function
298: System
80: System
80: Wave function
417: System
417: Wave function
298: Wave function
403: System
144: System
144: Wave function
281: System
281: Wave function
13: System
13: Wave function
403: Wave function
169: System
169: Wave function
454: System
454: Wave function
294: System
15: System
15: Wave function
439: System
168: System
168: Wave function
313: System
313: Wave function
34: System
34: Wave function
414: System
414: Wave function
160: System
160: Wave function
294: Wave function
5: System
5: Wave function
439: Wave function
166: System
300: System
300: Wave function
61: System
388: System
388: Wave function
153: System
153: Wave function
319: System
319: Wave function
61: Wave function
390: System
390: Wave function
166: Wave function
262: System
262: Wave function
52: System
410: System
410: Wave function
58: System
401: System
401: Wave function
148: System
148: Wave function
283: System
283: Wave function
52: Wave function
446: System
446: Wave function
161: System
161: Wave function
209: System
209: Wave function
308: System
308: Wave function
58: Wave function
427: System
131: System
131: Wave function
460: System
460: Wave function
289: System
6: System
6: Wave function
427: Wave function
158: System
158: Wave function
289: Wave function
33: System
33: Wave function
387: System
387: Wave function
190: System
190: Wave function
469: System
469: Wave function
303: System
303: Wave function
3: System
3: Wave function
419: System
419: Wave function
146: System
146: Wave function
463: System
463: Wave function
267: System
267: Wave function
26: System
26: Wave function
157: System
113: System
113: Wave function
30: System
30: Wave function
406: System
406: Wave function
296: System
296: Wave function
59: System
59: Wave function
394: System
394: Wave function
157: Wave function
466: System
466: Wave function
315: System
315: Wave function
89: System
8: System
8: Wave function
385: System
134: System
134: Wave function
302: System
302: Wave function
89: Wave function
27: System
385: Wave function
143: System
143: Wave function
291: System
291: Wave function
27: Wave function
391: System
482: System
299: System
299: Wave function
53: System
391: Wave function
173: System
482: Wave function
257: System
257: Wave function
53: Wave function
393: System
393: Wave function
173: Wave function
331: System
331: Wave function
278: System
278: Wave function
18: System
18: Wave function
441: System
441: Wave function
142: System
142: Wave function
350: System
274: System
274: Wave function
116: System
116: Wave function
54: System
54: Wave function
396: System
396: Wave function
145: System
350: Wave function
215: System
488: System
288: System
288: Wave function
85: System
85: Wave function
43: System
43: Wave function
398: System
398: Wave function
145: Wave function
215: Wave function
488: Wave function
99: System
36: System
36: Wave function
413: System
413: Wave function
137: System
137: Wave function
495: System
495: Wave function
261: System
261: Wave function
100: System
100: Wave function
9: System
9: Wave function
435: System
435: Wave function
223: System
223: Wave function
475: System
475: Wave function
265: System
265: Wave function
99: Wave function
35: System
35: Wave function
176: System
176: Wave function
285: System
285: Wave function
106: System
106: Wave function
17: System
17: Wave function
178: System
316: System
316: Wave function
110: System
110: Wave function
4: System
185: System
185: Wave function
214: System
214: Wave function
269: System
111: System
111: Wave function
4: Wave function
188: System
188: Wave function
220: System
220: Wave function
277: System
277: Wave function
178: Wave function
227: System
227: Wave function
124: System
124: Wave function
180: System
180: Wave function
306: System
306: Wave function
74: System
74: Wave function
175: System
175: Wave function
309: System
309: Wave function
72: System
72: Wave function
184: System
184: Wave function
269: Wave function
280: System
280: Wave function
293: System
293: Wave function
317: System
317: Wave function
268: System
268: Wave function
211: System
211: Wave function
201: System
201: Wave function
251: System
251: Wave function
207: System
207: Wave function
242: System
242: Wave function
206: System
206: Wave function
219: System
219: Wave function
77: System
77: Wave function
253: System
253: Wave function
70: System
70: Wave function
226: System
226: Wave function
429: System
429: Wave function
112: System
112: Wave function
68: System
68: Wave function
210: System
210: Wave function
102: System
102: Wave function
216: System
120: System
216: Wave function
120: Wave function
75: System
239: System
239: Wave function
78: System
78: Wave function
105: System
233: System
109: System
109: Wave function
233: Wave function
481: System
481: Wave function
75: Wave function
199: System
199: Wave function
105: Wave function
218: System
218: Wave function
127: System
67: System
67: Wave function
232: System
232: Wave function
122: System
241: System
241: Wave function
127: Wave function
213: System
213: Wave function
83: System
83: Wave function
247: System
247: Wave function
114: System
250: System
122: Wave function
196: System
196: Wave function
103: System
103: Wave function
200: System
200: Wave function
104: System
104: Wave function
250: Wave function
114: Wave function
204: System
204: Wave function
119: System
119: Wave function
205: System
205: Wave function
235: System
235: Wave function
79: System
79: Wave function
246: System
246: Wave function
87: System
87: Wave function
195: System
195: Wave function
97: System
97: Wave function
221: System
221: Wave function
121: System
121: Wave function
208: System
208: Wave function
108: System
108: Wave function
229: System
229: Wave function
71: System
71: Wave function
231: System
231: Wave function
94: System
94: Wave function
243: System
243: Wave function
73: System
244: System
244: Wave function
73: Wave function
192: System
192: Wave function
92: System
203: System
203: Wave function
92: Wave function
348: System
348: Wave function
217: System
217: Wave function
98: System
98: Wave function
366: System
366: Wave function
115: System
115: Wave function
364: System
364: Wave function
90: System
90: Wave function
342: System
342: Wave function
117: System
117: Wave function
86: System
86: Wave function
367: System
367: Wave function
96: System
96: Wave function
377: System
377: Wave function
125: System
125: Wave function
126: System
126: Wave function
381: System
381: Wave function
65: System
66: System
66: Wave function
337: System
337: Wave function
69: System
69: Wave function
84: System
84: Wave function
465: System
465: Wave function
95: System
95: Wave function
118: System
118: Wave function
64: System
64: Wave function
65: Wave function
82: System
82: Wave function
101: System
101: Wave function
88: System
88: Wave function
356: System
356: Wave function
372: System
372: Wave function
346: System
346: Wave function
344: System
344: Wave function
360: System
360: Wave function
370: System
370: Wave function
374: System
374: Wave function
343: System
343: Wave function
335: System
335: Wave function
359: System
359: Wave function
326: System
326: Wave function
334: System
334: Wave function
345: System
345: Wave function
371: System
371: Wave function
382: System
382: Wave function
322: System
322: Wave function
330: System
330: Wave function
333: System
333: Wave function
353: System
353: Wave function
369: System
369: Wave function
380: System
380: Wave function
323: System
323: Wave function
332: System
332: Wave function
336: System
336: Wave function
347: System
347: Wave function
361: System
361: Wave function
329: System
329: Wave function
320: System
320: Wave function
328: System
328: Wave function
355: System
355: Wave function
358: System
358: Wave function
362: System
362: Wave function
363: System
363: Wave function
376: System
376: Wave function
222: System
230: System
230: Wave function
234: System
234: Wave function
245: System
245: Wave function
249: System
249: Wave function
198: System
198: Wave function
212: System
212: Wave function
224: System
224: Wave function
236: System
236: Wave function
252: System
252: Wave function
254: System
254: Wave function
255: System
255: Wave function
193: System
193: Wave function
197: System
197: Wave function
225: System
225: Wave function
352: System
352: Wave function
237: System
237: Wave function
248: System
248: Wave function
194: System
194: Wave function
228: System
228: Wave function
238: System
238: Wave function
354: System
354: Wave function
373: System
373: Wave function
341: System
341: Wave function
357: System
357: Wave function
368: System
368: Wave function
378: System
378: Wave function
222: Wave function
240: System
240: Wave function
507: System
507: Wave function
487: System
487: Wave function
451: System
451: Wave function
499: System
499: Wave function
501: System
501: Wave function
508: System
508: Wave function
510: System
510: Wave function
486: System
486: Wave function
325: System
325: Wave function
491: System
152: System
327: System
327: Wave function
339: System
339: Wave function
491: Wave function
152: Wave function
365: System
365: Wave function
379: System
379: Wave function
472: System
472: Wave function
349: System
349: Wave function
351: System
351: Wave function
498: System
498: Wave function
375: System
375: Wave function
471: System
471: Wave function
383: System
383: Wave function
506: System
506: Wave function
338: System
338: Wave function
461: System
461: Wave function
476: System
476: Wave function
492: System
452: System
452: Wave function
456: System
456: Wave function
458: System
458: Wave function
459: System
459: Wave function
464: System
464: Wave function
492: Wave function
494: System
494: Wave function
496: System
496: Wave function
497: System
497: Wave function
473: System
473: Wave function
505: System
505: Wave function
511: System
511: Wave function
453: System
453: Wave function
490: System
490: Wave function
470: System
470: Wave function
478: System
478: Wave function
485: System
485: Wave function
503: System
503: Wave function
462: System
462: Wave function
483: System
483: Wave function
474: System
484: System
484: Wave function
457: System
457: Wave function
474: Wave function
500: System
502: System
502: Wave function
500: Wave function
448: System
448: Wave function
449: System
449: Wave function
450: System
450: Wave function
468: System
468: Wave function
479: System
479: Wave function
489: System
489: Wave function
493: System
493: Wave function
76: System
76: Wave function
467: System
467: Wave function
292: System
292: Wave function
340: System
340: Wave function
d 1 i 0 : 2 -> 6 sign -1
d 2 i 0 : 3 -> 6 sign 1
d 2 i 1 : 5 -> 7 sign 1
d 3 i 0 : 4 -> 7 sign -1
d 1 i 0 : 2 -> 6 sign -1
d 2 i 0 : 3 -> 6 sign 1
d 2 i 1 : 5 -> 7 sign 1
d 3 i 0 : 4 -> 7 sign -1
321: Pseudopotential
d 1 i 0 : 2 -> 6 sign -1
d 2 i 0 : 3 -> 6 sign 1
d 2 i 1 : 5 -> 7 sign 1
d 3 i 0 : 4 -> 7 sign -1
385: Pseudopotential
d 1 i 0 : 2 -> 6 sign -1
d 2 i 0 : 3 -> 6 sign 1
d 2 i 1 : 5 -> 7 sign 1
d 3 i 0 : 4 -> 7 sign -1
449: Pseudopotential
d 1 i 0 : 2 -> 6 sign -1
d 2 i 0 : 3 -> 6 sign 1
d 2 i 1 : 5 -> 7 sign 1
d 3 i 0 : 4 -> 7 sign -1
d 1 i 0 : 2 -> 6 sign -1
d 2 i 0 : 3 -> 6 sign 1
d 2 i 1 : 5 -> 7 sign 1
d 3 i 0 : 4 -> 7 sign -1
d 1 i 0 : 2 -> 6 sign -1
d 2 i 0 : 3 -> 6 sign 1
d 2 i 1 : 5 -> 7 sign 1
d 3 i 0 : 4 -> 7 sign -1
d 1 i 0 : 2 -> 6 sign -1
d 2 i 0 : 3 -> 6 sign 1
d 2 i 1 : 5 -> 7 sign 1
d 3 i 0 : 4 -> 7 sign -1
d 1 i 0 : 2 -> 6 sign -1
d 2 i 0 : 3 -> 6 sign 1
d 2 i 1 : 5 -> 7 sign 1
d 3 i 0 : 4 -> 7 sign -1
d 1 i 0 : 2 -> 6 sign -1
d 2 i 0 : 3 -> 6 sign 1
d 2 i 1 : 5 -> 7 sign 1
d 3 i 0 : 4 -> 7 sign -1
d 1 i 0 : 2 -> 6 sign -1
d 2 i 0 : 3 -> 6 sign 1
d 2 i 1 : 5 -> 7 sign 1
d 3 i 0 : 4 -> 7 sign -1
d 1 i 0 : 2 -> 6 sign -1
d 2 i 0 : 3 -> 6 sign 1
d 2 i 1 : 5 -> 7 sign 1
d 3 i 0 : 4 -> 7 sign -1
1: Pseudopotential
d 1 i 0 : 2 -> 6 sign -1
d 2 i 0 : 3 -> 6 sign 1
d 2 i 1 : 5 -> 7 sign 1
d 3 i 0 : 4 -> 7 sign -1
129: Pseudopotential
d 1 i 0 : 2 -> 6 sign -1
d 2 i 0 : 3 -> 6 sign 1
d 2 i 1 : 5 -> 7 sign 1
d 3 i 0 : 4 -> 7 sign -1
238: Pseudopotential
d 1 i 0 : 2 -> 6 sign -1
d 2 i 0 : 3 -> 6 sign 1
d 2 i 1 : 5 -> 7 sign 1
d 3 i 0 : 4 -> 7 sign -1
257: Pseudopotential
65: Pseudopotential
d 1 i 0 : 2 -> 6 sign -1
d 2 i 0 : 3 -> 6 sign 1
d 2 i 1 : 5 -> 7 sign 1
d 3 i 0 : 4 -> 7 sign -1
d 1 i 0 : 2 -> 6 sign -1
d 2 i 0 : 3 -> 6 sign 1
d 2 i 1 : 5 -> 7 sign 1
d 3 i 0 : 4 -> 7 sign -1
d 1 i 0 : 2 -> 6 sign -1
d 2 i 0 : 3 -> 6 sign 1
d 2 i 1 : 5 -> 7 sign 1
d 3 i 0 : 4 -> 7 sign -1
150: Pseudopotential
d 1 i 0 : 2 -> 6 sign -1
d 2 i 0 : 3 -> 6 sign 1
d 2 i 1 : 5 -> 7 sign 1
d 3 i 0 : 4 -> 7 sign -1
d 1 i 0 : 2 -> 6 sign -1
d 2 i 0 : 3 -> 6 sign 1
d 2 i 1 : 5 -> 7 sign 1
d 3 i 0 : 4 -> 7 sign -1
d 1 i 0 : 2 -> 6 sign -1
d 2 i 0 : 3 -> 6 sign 1
d 2 i 1 : 5 -> 7 sign 1
d 3 i 0 : 4 -> 7 sign -1
d 1 i 0 : 2 -> 6 sign -1
d 2 i 0 : 3 -> 6 sign 1
d 2 i 1 : 5 -> 7 sign 1
d 3 i 0 : 4 -> 7 sign -1
d 1 i 0 : 2 -> 6 sign -1
d 2 i 0 : 3 -> 6 sign 1
d 2 i 1 : 5 -> 7 sign 1
d 3 i 0 : 4 -> 7 sign -1
26: Pseudopotential
d 1 i 0 : 2 -> 6 sign -1
d 2 i 0 : 3 -> 6 sign 1
d 2 i 1 : 5 -> 7 sign 1
d 3 i 0 : 4 -> 7 sign -1
d 1 i 0 : 2 -> 6 sign -1
d 2 i 0 : 3 -> 6 sign 1
d 2 i 1 : 5 -> 7 sign 1
d 3 i 0 : 4 -> 7 sign -1
338: Pseudopotential
d 1 i 0 : 2 -> 6 sign -1
d 2 i 0 : 3 -> 6 sign 1
d 2 i 1 : 5 -> 7 sign 1
d 3 i 0 : 4 -> 7 sign -1
482: Pseudopotential
266: Pseudopotential
98: Pseudopotential
d 1 i 0 : 2 -> 6 sign -1
d 2 i 0 : 3 -> 6 sign 1
d 2 i 1 : 5 -> 7 sign 1
d 3 i 0 : 4 -> 7 sign -1
402: Pseudopotential
d 1 i 0 : 2 -> 6 sign -1
d 2 i 0 : 3 -> 6 sign 1
d 2 i 1 : 5 -> 7 sign 1
d 3 i 0 : 4 -> 7 sign -1
d 1 i 0 : 2 -> 6 sign -1
d 2 i 0 : 3 -> 6 sign 1
d 2 i 1 : 5 -> 7 sign 1
d 3 i 0 : 4 -> 7 sign -1
d 1 i 0 : 2 -> 6 sign -1
d 2 i 0 : 3 -> 6 sign 1
d 2 i 1 : 5 -> 7 sign 1
d 3 i 0 : 4 -> 7 sign -1
228: Pseudopotential
490: Pseudopotential
d 1 i 0 : 2 -> 6 sign -1
d 2 i 0 : 3 -> 6 sign 1
d 2 i 1 : 5 -> 7 sign 1
d 3 i 0 : 4 -> 7 sign -1
d 1 i 0 : 2 -> 6 sign -1
d 2 i 0 : 3 -> 6 sign 1
d 2 i 1 : 5 -> 7 sign 1
d 3 i 0 : 4 -> 7 sign -1
d 1 i 0 : 2 -> 6 sign -1
d 2 i 0 : 3 -> 6 sign 1
d 2 i 1 : 5 -> 7 sign 1
d 3 i 0 : 4 -> 7 sign -1
d 1 i 0 : 2 -> 6 sign -1
d 2 i 0 : 3 -> 6 sign 1
d 2 i 1 : 5 -> 7 sign 1
d 3 i 0 : 4 -> 7 sign -1
d 1 i 0 : 2 -> 6 sign -1
d 2 i 0 : 3 -> 6 sign 1
d 2 i 1 : 5 -> 7 sign 1
d 3 i 0 : 4 -> 7 sign -1
358: Pseudopotential
d 1 i 0 : 2 -> 6 sign -1
d 2 i 0 : 3 -> 6 sign 1
d 2 i 1 : 5 -> 7 sign 1
d 3 i 0 : 4 -> 7 sign -1
d 1 i 0 : 2 -> 6 sign -1
d 2 i 0 : 3 -> 6 sign 1
d 2 i 1 : 5 -> 7 sign 1
d 3 i 0 : 4 -> 7 sign -1
314: Pseudopotential
d 1 i 0 : 2 -> 6 sign -1
d 2 i 0 : 3 -> 6 sign 1
d 2 i 1 : 5 -> 7 sign 1
d 3 i 0 : 4 -> 7 sign -1
62: Pseudopotential
410: Pseudopotential
d 1 i 0 : 2 -> 6 sign -1
d 2 i 0 : 3 -> 6 sign 1
d 2 i 1 : 5 -> 7 sign 1
d 3 i 0 : 4 -> 7 sign -1
d 1 i 0 : 2 -> 6 sign -1
d 2 i 0 : 3 -> 6 sign 1
d 2 i 1 : 5 -> 7 sign 1
d 3 i 0 : 4 -> 7 sign -1
210: Pseudopotential
d 1 i 0 : 2 -> 6 sign -1
d 2 i 0 : 3 -> 6 sign 1
d 2 i 1 : 5 -> 7 sign 1
d 3 i 0 : 4 -> 7 sign -1
d 1 i 0 : 2 -> 6 sign -1
d 2 i 0 : 3 -> 6 sign 1
d 2 i 1 : 5 -> 7 sign 1
d 3 i 0 : 4 -> 7 sign -1
73: Pseudopotential
34: Pseudopotential
d 1 i 0 : 2 -> 6 sign -1
d 2 i 0 : 3 -> 6 sign 1
d 2 i 1 : 5 -> 7 sign 1
d 3 i 0 : 4 -> 7 sign -1
153: Pseudopotential
d 1 i 0 : 2 -> 6 sign -1
d 2 i 0 : 3 -> 6 sign 1
d 2 i 1 : 5 -> 7 sign 1
d 3 i 0 : 4 -> 7 sign -1
218: Pseudopotential
d 1 i 0 : 2 -> 6 sign -1
d 2 i 0 : 3 -> 6 sign 1
d 2 i 1 : 5 -> 7 sign 1
d 3 i 0 : 4 -> 7 sign -1
d 1 i 0 : 2 -> 6 sign -1
d 2 i 0 : 3 -> 6 sign 1
d 2 i 1 : 5 -> 7 sign 1
d 3 i 0 : 4 -> 7 sign -1
74: Pseudopotential
d 1 i 0 : 2 -> 6 sign -1
d 2 i 0 : 3 -> 6 sign 1
d 2 i 1 : 5 -> 7 sign 1
d 3 i 0 : 4 -> 7 sign -1
d 1 i 0 : 2 -> 6 sign -1
d 2 i 0 : 3 -> 6 sign 1
d 2 i 1 : 5 -> 7 sign 1
d 3 i 0 : 4 -> 7 sign -1
162: Pseudopotential
330: Pseudopotential
d 1 i 0 : 2 -> 6 sign -1
d 2 i 0 : 3 -> 6 sign 1
d 2 i 1 : 5 -> 7 sign 1
d 3 i 0 : 4 -> 7 sign -1
471: Pseudopotential
d 1 i 0 : 2 -> 6 sign -1
d 2 i 0 : 3 -> 6 sign 1
d 2 i 1 : 5 -> 7 sign 1
d 3 i 0 : 4 -> 7 sign -1
d 1 i 0 : 2 -> 6 sign -1
d 2 i 0 : 3 -> 6 sign 1
d 2 i 1 : 5 -> 7 sign 1
d 3 i 0 : 4 -> 7 sign -1
d 1 i 0 : 2 -> 6 sign -1
d 2 i 0 : 3 -> 6 sign 1
d 2 i 1 : 5 -> 7 sign 1
d 3 i 0 : 4 -> 7 sign -1
394: Pseudopotential
d 1 i 0 : 2 -> 6 sign -1
d 2 i 0 : 3 -> 6 sign 1
d 2 i 1 : 5 -> 7 sign 1
d 3 i 0 : 4 -> 7 sign -1
d 1 i 0 : 2 -> 6 sign -1
d 2 i 0 : 3 -> 6 sign 1
d 2 i 1 : 5 -> 7 sign 1
d 3 i 0 : 4 -> 7 sign -1
202: Pseudopotential
474: Pseudopotential
d 1 i 0 : 2 -> 6 sign -1
d 2 i 0 : 3 -> 6 sign 1
d 2 i 1 : 5 -> 7 sign 1
d 3 i 0 : 4 -> 7 sign -1
d 1 i 0 : 2 -> 6 sign -1
d 2 i 0 : 3 -> 6 sign 1
d 2 i 1 : 5 -> 7 sign 1
d 3 i 0 : 4 -> 7 sign -1
d 1 i 0 : 2 -> 6 sign -1
d 2 i 0 : 3 -> 6 sign 1
d 2 i 1 : 5 -> 7 sign 1
d 3 i 0 : 4 -> 7 sign -1
d 1 i 0 : 2 -> 6 sign -1
d 2 i 0 : 3 -> 6 sign 1
d 2 i 1 : 5 -> 7 sign 1
d 3 i 0 : 4 -> 7 sign -1
186: Pseudopotential
356: Pseudopotential
d 1 i 0 : 2 -> 6 sign -1
d 2 i 0 : 3 -> 6 sign 1
d 2 i 1 : 5 -> 7 sign 1
d 3 i 0 : 4 -> 7 sign -1
d 1 i 0 : 2 -> 6 sign -1
d 2 i 0 : 3 -> 6 sign 1
d 2 i 1 : 5 -> 7 sign 1
d 3 i 0 : 4 -> 7 sign -1
298: Pseudopotential
d 1 i 0 : 2 -> 6 sign -1
d 2 i 0 : 3 -> 6 sign 1
d 2 i 1 : 5 -> 7 sign 1
d 3 i 0 : 4 -> 7 sign -1
51: Pseudopotential
406: Pseudopotential
d 1 i 0 : 2 -> 6 sign -1
d 2 i 0 : 3 -> 6 sign 1
d 2 i 1 : 5 -> 7 sign 1
d 3 i 0 : 4 -> 7 sign -1
d 1 i 0 : 2 -> 6 sign -1
d 2 i 0 : 3 -> 6 sign 1
d 2 i 1 : 5 -> 7 sign 1
d 3 i 0 : 4 -> 7 sign -1
226: Pseudopotential
458: Pseudopotential
318: Pseudopotential
92: Pseudopotential
54: Pseudopotential
d 1 i 0 : 2 -> 6 sign -1
d 2 i 0 : 3 -> 6 sign 1
d 2 i 1 : 5 -> 7 sign 1
d 3 i 0 : 4 -> 7 sign -1
407: Pseudopotential
d 1 i 0 : 2 -> 6 sign -1
d 2 i 0 : 3 -> 6 sign 1
d 2 i 1 : 5 -> 7 sign 1
d 3 i 0 : 4 -> 7 sign -1
d 1 i 0 : 2 -> 6 sign -1
d 2 i 0 : 3 -> 6 sign 1
d 2 i 1 : 5 -> 7 sign 1
d 3 i 0 : 4 -> 7 sign -1
250: Pseudopotential
d 1 i 0 : 2 -> 6 sign -1
d 2 i 0 : 3 -> 6 sign 1
d 2 i 1 : 5 -> 7 sign 1
d 3 i 0 : 4 -> 7 sign -1
d 1 i 0 : 2 -> 6 sign -1
d 2 i 0 : 3 -> 6 sign 1
d 2 i 1 : 5 -> 7 sign 1
d 3 i 0 : 4 -> 7 sign -1
d 1 i 0 : 2 -> 6 sign -1
d 2 i 0 : 3 -> 6 sign 1
d 2 i 1 : 5 -> 7 sign 1
d 3 i 0 : 4 -> 7 sign -1
63: Pseudopotential
d 1 i 0 : 2 -> 6 sign -1
d 2 i 0 : 3 -> 6 sign 1
d 2 i 1 : 5 -> 7 sign 1
d 3 i 0 : 4 -> 7 sign -1
d 1 i 0 : 2 -> 6 sign -1
d 2 i 0 : 3 -> 6 sign 1
d 2 i 1 : 5 -> 7 sign 1
d 3 i 0 : 4 -> 7 sign -1
337: Pseudopotential
d 1 i 0 : 2 -> 6 sign -1
d 2 i 0 : 3 -> 6 sign 1
d 2 i 1 : 5 -> 7 sign 1
d 3 i 0 : 4 -> 7 sign -1
d 1 i 0 : 2 -> 6 sign -1
d 2 i 0 : 3 -> 6 sign 1
d 2 i 1 : 5 -> 7 sign 1
d 3 i 0 : 4 -> 7 sign -1
d 1 i 0 : 2 -> 6 sign -1
d 2 i 0 : 3 -> 6 sign 1
d 2 i 1 : 5 -> 7 sign 1
d 3 i 0 : 4 -> 7 sign -1
d 1 i 0 : 2 -> 6 sign -1
d 2 i 0 : 3 -> 6 sign 1
d 2 i 1 : 5 -> 7 sign 1
d 3 i 0 : 4 -> 7 sign -1
d 1 i 0 : 2 -> 6 sign -1
d 2 i 0 : 3 -> 6 sign 1
d 2 i 1 : 5 -> 7 sign 1
d 3 i 0 : 4 -> 7 sign -1
d 1 i 0 : 2 -> 6 sign -1
d 2 i 0 : 3 -> 6 sign 1
d 2 i 1 : 5 -> 7 sign 1
d 3 i 0 : 4 -> 7 sign -1
170: Pseudopotential
d 1 i 0 : 2 -> 6 sign -1
d 2 i 0 : 3 -> 6 sign 1
d 2 i 1 : 5 -> 7 sign 1
d 3 i 0 : 4 -> 7 sign -1
d 1 i 0 : 2 -> 6 sign -1
d 2 i 0 : 3 -> 6 sign 1
d 2 i 1 : 5 -> 7 sign 1
d 3 i 0 : 4 -> 7 sign -1
d 1 i 0 : 2 -> 6 sign -1
d 2 i 0 : 3 -> 6 sign 1
d 2 i 1 : 5 -> 7 sign 1
d 3 i 0 : 4 -> 7 sign -1
82: Pseudopotential
12: Pseudopotential
434: Pseudopotential
178: Pseudopotential
339: Pseudopotential
d 1 i 0 : 2 -> 6 sign -1
d 2 i 0 : 3 -> 6 sign 1
d 2 i 1 : 5 -> 7 sign 1
d 3 i 0 : 4 -> 7 sign -1
262: Pseudopotential
90: Pseudopotential
d 1 i 0 : 2 -> 6 sign -1
d 2 i 0 : 3 -> 6 sign 1
d 2 i 1 : 5 -> 7 sign 1
d 3 i 0 : 4 -> 7 sign -1
140: Pseudopotential
d 1 i 0 : 2 -> 6 sign -1
d 2 i 0 : 3 -> 6 sign 1
d 2 i 1 : 5 -> 7 sign 1
d 3 i 0 : 4 -> 7 sign -1
d 1 i 0 : 2 -> 6 sign -1
d 2 i 0 : 3 -> 6 sign 1
d 2 i 1 : 5 -> 7 sign 1
d 3 i 0 : 4 -> 7 sign -1
502: Pseudopotential
d 1 i 0 : 2 -> 6 sign -1
d 2 i 0 : 3 -> 6 sign 1
d 2 i 1 : 5 -> 7 sign 1
d 3 i 0 : 4 -> 7 sign -1
d 1 i 0 : 2 -> 6 sign -1
d 2 i 0 : 3 -> 6 sign 1
d 2 i 1 : 5 -> 7 sign 1
d 3 i 0 : 4 -> 7 sign -1
d 1 i 0 : 2 -> 6 sign -1
d 2 i 0 : 3 -> 6 sign 1
d 2 i 1 : 5 -> 7 sign 1
d 3 i 0 : 4 -> 7 sign -1
d 1 i 0 : 2 -> 6 sign -1
d 2 i 0 : 3 -> 6 sign 1
d 2 i 1 : 5 -> 7 sign 1
d 3 i 0 : 4 -> 7 sign -1
438: Pseudopotential
d 1 i 0 : 2 -> 6 sign -1
d 2 i 0 : 3 -> 6 sign 1
d 2 i 1 : 5 -> 7 sign 1
d 3 i 0 : 4 -> 7 sign -1
d 1 i 0 : 2 -> 6 sign -1
d 2 i 0 : 3 -> 6 sign 1
d 2 i 1 : 5 -> 7 sign 1
d 3 i 0 : 4 -> 7 sign -1
193: Pseudopotential
d 1 i 0 : 2 -> 6 sign -1
d 2 i 0 : 3 -> 6 sign 1
d 2 i 1 : 5 -> 7 sign 1
d 3 i 0 : 4 -> 7 sign -1
42: Pseudopotential
401: Pseudopotential
d 1 i 0 : 2 -> 6 sign -1
d 2 i 0 : 3 -> 6 sign 1
d 2 i 1 : 5 -> 7 sign 1
d 3 i 0 : 4 -> 7 sign -1
d 1 i 0 : 2 -> 6 sign -1
d 2 i 0 : 3 -> 6 sign 1
d 2 i 1 : 5 -> 7 sign 1
d 3 i 0 : 4 -> 7 sign -1
d 1 i 0 : 2 -> 6 sign -1
d 2 i 0 : 3 -> 6 sign 1
d 2 i 1 : 5 -> 7 sign 1
d 3 i 0 : 4 -> 7 sign -1
d 1 i 0 : 2 -> 6 sign -1
d 2 i 0 : 3 -> 6 sign 1
d 2 i 1 : 5 -> 7 sign 1
d 3 i 0 : 4 -> 7 sign -1
10: Pseudopotential
414: Pseudopotential
d 1 i 0 : 2 -> 6 sign -1
d 2 i 0 : 3 -> 6 sign 1
d 2 i 1 : 5 -> 7 sign 1
d 3 i 0 : 4 -> 7 sign -1
d 1 i 0 : 2 -> 6 sign -1
d 2 i 0 : 3 -> 6 sign 1
d 2 i 1 : 5 -> 7 sign 1
d 3 i 0 : 4 -> 7 sign -1
d 1 i 0 : 2 -> 6 sign -1
d 2 i 0 : 3 -> 6 sign 1
d 2 i 1 : 5 -> 7 sign 1
d 3 i 0 : 4 -> 7 sign -1
d 1 i 0 : 2 -> 6 sign -1
d 2 i 0 : 3 -> 6 sign 1
d 2 i 1 : 5 -> 7 sign 1
d 3 i 0 : 4 -> 7 sign -1
282: Pseudopotential
83: Pseudopotential
d 1 i 0 : 2 -> 6 sign -1
d 2 i 0 : 3 -> 6 sign 1
d 2 i 1 : 5 -> 7 sign 1
d 3 i 0 : 4 -> 7 sign -1
420: Pseudopotential
160: Pseudopotential
d 1 i 0 : 2 -> 6 sign -1
d 2 i 0 : 3 -> 6 sign 1
d 2 i 1 : 5 -> 7 sign 1
d 3 i 0 : 4 -> 7 sign -1
209: Pseudopotential
d 1 i 0 : 2 -> 6 sign -1
d 2 i 0 : 3 -> 6 sign 1
d 2 i 1 : 5 -> 7 sign 1
d 3 i 0 : 4 -> 7 sign -1
290: Pseudopotential
99: Pseudopotential
18: Pseudopotential
422: Pseudopotential
165: Pseudopotential
364: Pseudopotential
229: Pseudopotential
d 1 i 0 : 2 -> 6 sign -1
d 2 i 0 : 3 -> 6 sign 1
d 2 i 1 : 5 -> 7 sign 1
d 3 i 0 : 4 -> 7 sign -1
291: Pseudopotential
d 1 i 0 : 2 -> 6 sign -1
d 2 i 0 : 3 -> 6 sign 1
d 2 i 1 : 5 -> 7 sign 1
d 3 i 0 : 4 -> 7 sign -1
d 1 i 0 : 2 -> 6 sign -1
d 2 i 0 : 3 -> 6 sign 1
d 2 i 1 : 5 -> 7 sign 1
d 3 i 0 : 4 -> 7 sign -1
426: Pseudopotential
148: Pseudopotential
366: Pseudopotential
232: Pseudopotential
492: Pseudopotential
273: Pseudopotential
d 1 i 0 : 2 -> 6 sign -1
d 2 i 0 : 3 -> 6 sign 1
d 2 i 1 : 5 -> 7 sign 1
d 3 i 0 : 4 -> 7 sign -1
36: Pseudopotential
d 1 i 0 : 2 -> 6 sign -1
d 2 i 0 : 3 -> 6 sign 1
d 2 i 1 : 5 -> 7 sign 1
d 3 i 0 : 4 -> 7 sign -1
d 1 i 0 : 2 -> 6 sign -1
d 2 i 0 : 3 -> 6 sign 1
d 2 i 1 : 5 -> 7 sign 1
d 3 i 0 : 4 -> 7 sign -1
370: Pseudopotential
203: Pseudopotential
460: Pseudopotential
276: Pseudopotential
67: Pseudopotential
d 1 i 0 : 2 -> 6 sign -1
d 2 i 0 : 3 -> 6 sign 1
d 2 i 1 : 5 -> 7 sign 1
d 3 i 0 : 4 -> 7 sign -1
d 1 i 0 : 2 -> 6 sign -1
d 2 i 0 : 3 -> 6 sign 1
d 2 i 1 : 5 -> 7 sign 1
d 3 i 0 : 4 -> 7 sign -1
d 1 i 0 : 2 -> 6 sign -1
d 2 i 0 : 3 -> 6 sign 1
d 2 i 1 : 5 -> 7 sign 1
d 3 i 0 : 4 -> 7 sign -1
378: Pseudopotential
d 1 i 0 : 2 -> 6 sign -1
d 2 i 0 : 3 -> 6 sign 1
d 2 i 1 : 5 -> 7 sign 1
d 3 i 0 : 4 -> 7 sign -1
462: Pseudopotential
d 1 i 0 : 2 -> 6 sign -1
d 2 i 0 : 3 -> 6 sign 1
d 2 i 1 : 5 -> 7 sign 1
d 3 i 0 : 4 -> 7 sign -1
d 1 i 0 : 2 -> 6 sign -1
d 2 i 0 : 3 -> 6 sign 1
d 2 i 1 : 5 -> 7 sign 1
d 3 i 0 : 4 -> 7 sign -1
d 1 i 0 : 2 -> 6 sign -1
d 2 i 0 : 3 -> 6 sign 1
d 2 i 1 : 5 -> 7 sign 1
d 3 i 0 : 4 -> 7 sign -1
d 1 i 0 : 2 -> 6 sign -1
d 2 i 0 : 3 -> 6 sign 1
d 2 i 1 : 5 -> 7 sign 1
d 3 i 0 : 4 -> 7 sign -1
418: Pseudopotential
151: Pseudopotential
346: Pseudopotential
d 1 i 0 : 2 -> 6 sign -1
d 2 i 0 : 3 -> 6 sign 1
d 2 i 1 : 5 -> 7 sign 1
d 3 i 0 : 4 -> 7 sign -1
481: Pseudopotential
d 1 i 0 : 2 -> 6 sign -1
d 2 i 0 : 3 -> 6 sign 1
d 2 i 1 : 5 -> 7 sign 1
d 3 i 0 : 4 -> 7 sign -1
114: Pseudopotential
49: Pseudopotential
d 1 i 0 : 2 -> 6 sign -1
d 2 i 0 : 3 -> 6 sign 1
d 2 i 1 : 5 -> 7 sign 1
d 3 i 0 : 4 -> 7 sign -1
d 1 i 0 : 2 -> 6 sign -1
d 2 i 0 : 3 -> 6 sign 1
d 2 i 1 : 5 -> 7 sign 1
d 3 i 0 : 4 -> 7 sign -1
348: Pseudopotential
d 1 i 0 : 2 -> 6 sign -1
d 2 i 0 : 3 -> 6 sign 1
d 2 i 1 : 5 -> 7 sign 1
d 3 i 0 : 4 -> 7 sign -1
484: Pseudopotential
d 1 i 0 : 2 -> 6 sign -1
d 2 i 0 : 3 -> 6 sign 1
d 2 i 1 : 5 -> 7 sign 1
d 3 i 0 : 4 -> 7 sign -1
123: Pseudopotential
d 1 i 0 : 2 -> 6 sign -1
d 2 i 0 : 3 -> 6 sign 1
d 2 i 1 : 5 -> 7 sign 1
d 3 i 0 : 4 -> 7 sign -1
411: Pseudopotential
d 1 i 0 : 2 -> 6 sign -1
d 2 i 0 : 3 -> 6 sign 1
d 2 i 1 : 5 -> 7 sign 1
d 3 i 0 : 4 -> 7 sign -1
350: Pseudopotential
255: Pseudopotential
486: Pseudopotential
d 1 i 0 : 2 -> 6 sign -1
d 2 i 0 : 3 -> 6 sign 1
d 2 i 1 : 5 -> 7 sign 1
d 3 i 0 : 4 -> 7 sign -1
312: Pseudopotential
103: Pseudopotential
22: Pseudopotential
d 1 i 0 : 2 -> 6 sign -1
d 2 i 0 : 3 -> 6 sign 1
d 2 i 1 : 5 -> 7 sign 1
d 3 i 0 : 4 -> 7 sign -1
167: Pseudopotential
354: Pseudopotential
d 1 i 0 : 2 -> 6 sign -1
d 2 i 0 : 3 -> 6 sign 1
d 2 i 1 : 5 -> 7 sign 1
d 3 i 0 : 4 -> 7 sign -1
494: Pseudopotential
260: Pseudopotential
d 1 i 0 : 2 -> 6 sign -1
d 2 i 0 : 3 -> 6 sign 1
d 2 i 1 : 5 -> 7 sign 1
d 3 i 0 : 4 -> 7 sign -1
20: Pseudopotential
415: Pseudopotential
175: Pseudopotential
d 1 i 0 : 2 -> 6 sign -1
d 2 i 0 : 3 -> 6 sign 1
d 2 i 1 : 5 -> 7 sign 1
d 3 i 0 : 4 -> 7 sign -1
d 1 i 0 : 2 -> 6 sign -1
d 2 i 0 : 3 -> 6 sign 1
d 2 i 1 : 5 -> 7 sign 1
d 3 i 0 : 4 -> 7 sign -1
d 1 i 0 : 2 -> 6 sign -1
d 2 i 0 : 3 -> 6 sign 1
d 2 i 1 : 5 -> 7 sign 1
d 3 i 0 : 4 -> 7 sign -1
d 1 i 0 : 2 -> 6 sign -1
d 2 i 0 : 3 -> 6 sign 1
d 2 i 1 : 5 -> 7 sign 1
d 3 i 0 : 4 -> 7 sign -1
122: Pseudopotential
d 1 i 0 : 2 -> 6 sign -1
d 2 i 0 : 3 -> 6 sign 1
d 2 i 1 : 5 -> 7 sign 1
d 3 i 0 : 4 -> 7 sign -1
d 1 i 0 : 2 -> 6 sign -1
d 2 i 0 : 3 -> 6 sign 1
d 2 i 1 : 5 -> 7 sign 1
d 3 i 0 : 4 -> 7 sign -1
182: Pseudopotential
362: Pseudopotential
234: Pseudopotential
468: Pseudopotential
307: Pseudopotential
d 1 i 0 : 2 -> 6 sign -1
d 2 i 0 : 3 -> 6 sign 1
d 2 i 1 : 5 -> 7 sign 1
d 3 i 0 : 4 -> 7 sign -1
d 1 i 0 : 2 -> 6 sign -1
d 2 i 0 : 3 -> 6 sign 1
d 2 i 1 : 5 -> 7 sign 1
d 3 i 0 : 4 -> 7 sign -1
404: Pseudopotential
d 1 i 0 : 2 -> 6 sign -1
d 2 i 0 : 3 -> 6 sign 1
d 2 i 1 : 5 -> 7 sign 1
d 3 i 0 : 4 -> 7 sign -1
189: Pseudopotential
d 1 i 0 : 2 -> 6 sign -1
d 2 i 0 : 3 -> 6 sign 1
d 2 i 1 : 5 -> 7 sign 1
d 3 i 0 : 4 -> 7 sign -1
235: Pseudopotential
470: Pseudopotential
d 1 i 0 : 2 -> 6 sign -1
d 2 i 0 : 3 -> 6 sign 1
d 2 i 1 : 5 -> 7 sign 1
d 3 i 0 : 4 -> 7 sign -1
116: Pseudopotential
d 1 i 0 : 2 -> 6 sign -1
d 2 i 0 : 3 -> 6 sign 1
d 2 i 1 : 5 -> 7 sign 1
d 3 i 0 : 4 -> 7 sign -1
413: Pseudopotential
159: Pseudopotential
d 1 i 0 : 2 -> 6 sign -1
d 2 i 0 : 3 -> 6 sign 1
d 2 i 1 : 5 -> 7 sign 1
d 3 i 0 : 4 -> 7 sign -1
d 1 i 0 : 2 -> 6 sign -1
d 2 i 0 : 3 -> 6 sign 1
d 2 i 1 : 5 -> 7 sign 1
d 3 i 0 : 4 -> 7 sign -1
d 1 i 0 : 2 -> 6 sign -1
d 2 i 0 : 3 -> 6 sign 1
d 2 i 1 : 5 -> 7 sign 1
d 3 i 0 : 4 -> 7 sign -1
284: Pseudopotential
75: Pseudopotential
60: Pseudopotential
442: Pseudopotential
d 1 i 0 : 2 -> 6 sign -1
d 2 i 0 : 3 -> 6 sign 1
d 2 i 1 : 5 -> 7 sign 1
d 3 i 0 : 4 -> 7 sign -1
355: Pseudopotential
d 1 i 0 : 2 -> 6 sign -1
d 2 i 0 : 3 -> 6 sign 1
d 2 i 1 : 5 -> 7 sign 1
d 3 i 0 : 4 -> 7 sign -1
d 1 i 0 : 2 -> 6 sign -1
d 2 i 0 : 3 -> 6 sign 1
d 2 i 1 : 5 -> 7 sign 1
d 3 i 0 : 4 -> 7 sign -1
289: Pseudopotential
d 1 i 0 : 2 -> 6 sign -1
d 2 i 0 : 3 -> 6 sign 1
d 2 i 1 : 5 -> 7 sign 1
d 3 i 0 : 4 -> 7 sign -1
29: Pseudopotential
d 1 i 0 : 2 -> 6 sign -1
d 2 i 0 : 3 -> 6 sign 1
d 2 i 1 : 5 -> 7 sign 1
d 3 i 0 : 4 -> 7 sign -1
d 1 i 0 : 2 -> 6 sign -1
d 2 i 0 : 3 -> 6 sign 1
d 2 i 1 : 5 -> 7 sign 1
d 3 i 0 : 4 -> 7 sign -1
d 1 i 0 : 2 -> 6 sign -1
d 2 i 0 : 3 -> 6 sign 1
d 2 i 1 : 5 -> 7 sign 1
d 3 i 0 : 4 -> 7 sign -1
d 1 i 0 : 2 -> 6 sign -1
d 2 i 0 : 3 -> 6 sign 1
d 2 i 1 : 5 -> 7 sign 1
d 3 i 0 : 4 -> 7 sign -1
d 1 i 0 : 2 -> 6 sign -1
d 2 i 0 : 3 -> 6 sign 1
d 2 i 1 : 5 -> 7 sign 1
d 3 i 0 : 4 -> 7 sign -1
d 1 i 0 : 2 -> 6 sign -1
d 2 i 0 : 3 -> 6 sign 1
d 2 i 1 : 5 -> 7 sign 1
d 3 i 0 : 4 -> 7 sign -1
d 1 i 0 : 2 -> 6 sign -1
d 2 i 0 : 3 -> 6 sign 1
d 2 i 1 : 5 -> 7 sign 1
d 3 i 0 : 4 -> 7 sign -1
d 1 i 0 : 2 -> 6 sign -1
d 2 i 0 : 3 -> 6 sign 1
d 2 i 1 : 5 -> 7 sign 1
d 3 i 0 : 4 -> 7 sign -1
d 1 i 0 : 2 -> 6 sign -1
d 2 i 0 : 3 -> 6 sign 1
d 2 i 1 : 5 -> 7 sign 1
d 3 i 0 : 4 -> 7 sign -1
172: Pseudopotential
d 1 i 0 : 2 -> 6 sign -1
d 2 i 0 : 3 -> 6 sign 1
d 2 i 1 : 5 -> 7 sign 1
d 3 i 0 : 4 -> 7 sign -1
361: Pseudopotential
d 1 i 0 : 2 -> 6 sign -1
d 2 i 0 : 3 -> 6 sign 1
d 2 i 1 : 5 -> 7 sign 1
d 3 i 0 : 4 -> 7 sign -1
d 1 i 0 : 2 -> 6 sign -1
d 2 i 0 : 3 -> 6 sign 1
d 2 i 1 : 5 -> 7 sign 1
d 3 i 0 : 4 -> 7 sign -1
498: Pseudopotential
302: Pseudopotential
81: Pseudopotential
d 1 i 0 : 2 -> 6 sign -1
d 2 i 0 : 3 -> 6 sign 1
d 2 i 1 : 5 -> 7 sign 1
d 3 i 0 : 4 -> 7 sign -1
447: Pseudopotential
174: Pseudopotential
d 1 i 0 : 2 -> 6 sign -1
d 2 i 0 : 3 -> 6 sign 1
d 2 i 1 : 5 -> 7 sign 1
d 3 i 0 : 4 -> 7 sign -1
231: Pseudopotential
d 1 i 0 : 2 -> 6 sign -1
d 2 i 0 : 3 -> 6 sign 1
d 2 i 1 : 5 -> 7 sign 1
d 3 i 0 : 4 -> 7 sign -1
506: Pseudopotential
d 1 i 0 : 2 -> 6 sign -1
d 2 i 0 : 3 -> 6 sign 1
d 2 i 1 : 5 -> 7 sign 1
d 3 i 0 : 4 -> 7 sign -1
101: Pseudopotential
38: Pseudopotential
421: Pseudopotential
d 1 i 0 : 2 -> 6 sign -1
d 2 i 0 : 3 -> 6 sign 1
d 2 i 1 : 5 -> 7 sign 1
d 3 i 0 : 4 -> 7 sign -1
383: Pseudopotential
233: Pseudopotential
466: Pseudopotential
d 1 i 0 : 2 -> 6 sign -1
d 2 i 0 : 3 -> 6 sign 1
d 2 i 1 : 5 -> 7 sign 1
d 3 i 0 : 4 -> 7 sign -1
d 1 i 0 : 2 -> 6 sign -1
d 2 i 0 : 3 -> 6 sign 1
d 2 i 1 : 5 -> 7 sign 1
d 3 i 0 : 4 -> 7 sign -1
d 1 i 0 : 2 -> 6 sign -1
d 2 i 0 : 3 -> 6 sign 1
d 2 i 1 : 5 -> 7 sign 1
d 3 i 0 : 4 -> 7 sign -1
d 1 i 0 : 2 -> 6 sign -1
d 2 i 0 : 3 -> 6 sign 1
d 2 i 1 : 5 -> 7 sign 1
d 3 i 0 : 4 -> 7 sign -1
d 1 i 0 : 2 -> 6 sign -1
d 2 i 0 : 3 -> 6 sign 1
d 2 i 1 : 5 -> 7 sign 1
d 3 i 0 : 4 -> 7 sign -1
d 1 i 0 : 2 -> 6 sign -1
d 2 i 0 : 3 -> 6 sign 1
d 2 i 1 : 5 -> 7 sign 1
d 3 i 0 : 4 -> 7 sign -1
245: Pseudopotential
476: Pseudopotential
281: Pseudopotential
d 1 i 0 : 2 -> 6 sign -1
d 2 i 0 : 3 -> 6 sign 1
d 2 i 1 : 5 -> 7 sign 1
d 3 i 0 : 4 -> 7 sign -1
d 1 i 0 : 2 -> 6 sign -1
d 2 i 0 : 3 -> 6 sign 1
d 2 i 1 : 5 -> 7 sign 1
d 3 i 0 : 4 -> 7 sign -1
d 1 i 0 : 2 -> 6 sign -1
d 2 i 0 : 3 -> 6 sign 1
d 2 i 1 : 5 -> 7 sign 1
d 3 i 0 : 4 -> 7 sign -1
142: Pseudopotential
357: Pseudopotential
d 1 i 0 : 2 -> 6 sign -1
d 2 i 0 : 3 -> 6 sign 1
d 2 i 1 : 5 -> 7 sign 1
d 3 i 0 : 4 -> 7 sign -1
478: Pseudopotential
297: Pseudopotential
d 1 i 0 : 2 -> 6 sign -1
d 2 i 0 : 3 -> 6 sign 1
d 2 i 1 : 5 -> 7 sign 1
d 3 i 0 : 4 -> 7 sign -1
31: Pseudopotential
d 1 i 0 : 2 -> 6 sign -1
d 2 i 0 : 3 -> 6 sign 1
d 2 i 1 : 5 -> 7 sign 1
d 3 i 0 : 4 -> 7 sign -1
143: Pseudopotential
345: Pseudopotential
200: Pseudopotential
489: Pseudopotential
d 1 i 0 : 2 -> 6 sign -1
d 2 i 0 : 3 -> 6 sign 1
d 2 i 1 : 5 -> 7 sign 1
d 3 i 0 : 4 -> 7 sign -1
66: Pseudopotential
50: Pseudopotential
423: Pseudopotential
d 1 i 0 : 2 -> 6 sign -1
d 2 i 0 : 3 -> 6 sign 1
d 2 i 1 : 5 -> 7 sign 1
d 3 i 0 : 4 -> 7 sign -1
347: Pseudopotential
206: Pseudopotential
d 1 i 0 : 2 -> 6 sign -1
d 2 i 0 : 3 -> 6 sign 1
d 2 i 1 : 5 -> 7 sign 1
d 3 i 0 : 4 -> 7 sign -1
305: Pseudopotential
108: Pseudopotential
58: Pseudopotential
431: Pseudopotential
d 1 i 0 : 2 -> 6 sign -1
d 2 i 0 : 3 -> 6 sign 1
d 2 i 1 : 5 -> 7 sign 1
d 3 i 0 : 4 -> 7 sign -1
d 1 i 0 : 2 -> 6 sign -1
d 2 i 0 : 3 -> 6 sign 1
d 2 i 1 : 5 -> 7 sign 1
d 3 i 0 : 4 -> 7 sign -1
208: Pseudopotential
d 1 i 0 : 2 -> 6 sign -1
d 2 i 0 : 3 -> 6 sign 1
d 2 i 1 : 5 -> 7 sign 1
d 3 i 0 : 4 -> 7 sign -1
278: Pseudopotential
97: Pseudopotential
d 1 i 0 : 2 -> 6 sign -1
d 2 i 0 : 3 -> 6 sign 1
d 2 i 1 : 5 -> 7 sign 1
d 3 i 0 : 4 -> 7 sign -1
409: Pseudopotential
188: Pseudopotential
367: Pseudopotential
254: Pseudopotential
450: Pseudopotential
d 1 i 0 : 2 -> 6 sign -1
d 2 i 0 : 3 -> 6 sign 1
d 2 i 1 : 5 -> 7 sign 1
d 3 i 0 : 4 -> 7 sign -1
d 1 i 0 : 2 -> 6 sign -1
d 2 i 0 : 3 -> 6 sign 1
d 2 i 1 : 5 -> 7 sign 1
d 3 i 0 : 4 -> 7 sign -1
21: Pseudopotential
d 1 i 0 : 2 -> 6 sign -1
d 2 i 0 : 3 -> 6 sign 1
d 2 i 1 : 5 -> 7 sign 1
d 3 i 0 : 4 -> 7 sign -1
190: Pseudopotential
d 1 i 0 : 2 -> 6 sign -1
d 2 i 0 : 3 -> 6 sign 1
d 2 i 1 : 5 -> 7 sign 1
d 3 i 0 : 4 -> 7 sign -1
d 1 i 0 : 2 -> 6 sign -1
d 2 i 0 : 3 -> 6 sign 1
d 2 i 1 : 5 -> 7 sign 1
d 3 i 0 : 4 -> 7 sign -1
d 1 i 0 : 2 -> 6 sign -1
d 2 i 0 : 3 -> 6 sign 1
d 2 i 1 : 5 -> 7 sign 1
d 3 i 0 : 4 -> 7 sign -1
300: Pseudopotential
d 1 i 0 : 2 -> 6 sign -1
d 2 i 0 : 3 -> 6 sign 1
d 2 i 1 : 5 -> 7 sign 1
d 3 i 0 : 4 -> 7 sign -1
d 1 i 0 : 2 -> 6 sign -1
d 2 i 0 : 3 -> 6 sign 1
d 2 i 1 : 5 -> 7 sign 1
d 3 i 0 : 4 -> 7 sign -1
d 1 i 0 : 2 -> 6 sign -1
d 2 i 0 : 3 -> 6 sign 1
d 2 i 1 : 5 -> 7 sign 1
d 3 i 0 : 4 -> 7 sign -1
d 1 i 0 : 2 -> 6 sign -1
d 2 i 0 : 3 -> 6 sign 1
d 2 i 1 : 5 -> 7 sign 1
d 3 i 0 : 4 -> 7 sign -1
365: Pseudopotential
d 1 i 0 : 2 -> 6 sign -1
d 2 i 0 : 3 -> 6 sign 1
d 2 i 1 : 5 -> 7 sign 1
d 3 i 0 : 4 -> 7 sign -1
d 1 i 0 : 2 -> 6 sign -1
d 2 i 0 : 3 -> 6 sign 1
d 2 i 1 : 5 -> 7 sign 1
d 3 i 0 : 4 -> 7 sign -1
d 1 i 0 : 2 -> 6 sign -1
d 2 i 0 : 3 -> 6 sign 1
d 2 i 1 : 5 -> 7 sign 1
d 3 i 0 : 4 -> 7 sign -1
110: Pseudopotential
d 1 i 0 : 2 -> 6 sign -1
d 2 i 0 : 3 -> 6 sign 1
d 2 i 1 : 5 -> 7 sign 1
d 3 i 0 : 4 -> 7 sign -1
428: Pseudopotential
d 1 i 0 : 2 -> 6 sign -1
d 2 i 0 : 3 -> 6 sign 1
d 2 i 1 : 5 -> 7 sign 1
d 3 i 0 : 4 -> 7 sign -1
d 1 i 0 : 2 -> 6 sign -1
d 2 i 0 : 3 -> 6 sign 1
d 2 i 1 : 5 -> 7 sign 1
d 3 i 0 : 4 -> 7 sign -1
215: Pseudopotential
510: Pseudopotential
d 1 i 0 : 2 -> 6 sign -1
d 2 i 0 : 3 -> 6 sign 1
d 2 i 1 : 5 -> 7 sign 1
d 3 i 0 : 4 -> 7 sign -1
77: Pseudopotential
61: Pseudopotential
398: Pseudopotential
164: Pseudopotential
d 1 i 0 : 2 -> 6 sign -1
d 2 i 0 : 3 -> 6 sign 1
d 2 i 1 : 5 -> 7 sign 1
d 3 i 0 : 4 -> 7 sign -1
198: Pseudopotential
463: Pseudopotential
272: Pseudopotential
d 1 i 0 : 2 -> 6 sign -1
d 2 i 0 : 3 -> 6 sign 1
d 2 i 1 : 5 -> 7 sign 1
d 3 i 0 : 4 -> 7 sign -1
d 1 i 0 : 2 -> 6 sign -1
d 2 i 0 : 3 -> 6 sign 1
d 2 i 1 : 5 -> 7 sign 1
d 3 i 0 : 4 -> 7 sign -1
d 1 i 0 : 2 -> 6 sign -1
d 2 i 0 : 3 -> 6 sign 1
d 2 i 1 : 5 -> 7 sign 1
d 3 i 0 : 4 -> 7 sign -1
d 1 i 0 : 2 -> 6 sign -1
d 2 i 0 : 3 -> 6 sign 1
d 2 i 1 : 5 -> 7 sign 1
d 3 i 0 : 4 -> 7 sign -1
d 1 i 0 : 2 -> 6 sign -1
d 2 i 0 : 3 -> 6 sign 1
d 2 i 1 : 5 -> 7 sign 1
d 3 i 0 : 4 -> 7 sign -1
d 1 i 0 : 2 -> 6 sign -1
d 2 i 0 : 3 -> 6 sign 1
d 2 i 1 : 5 -> 7 sign 1
d 3 i 0 : 4 -> 7 sign -1
497: Pseudopotential
293: Pseudopotential
94: Pseudopotential
d 1 i 0 : 2 -> 6 sign -1
d 2 i 0 : 3 -> 6 sign 1
d 2 i 1 : 5 -> 7 sign 1
d 3 i 0 : 4 -> 7 sign -1
d 1 i 0 : 2 -> 6 sign -1
d 2 i 0 : 3 -> 6 sign 1
d 2 i 1 : 5 -> 7 sign 1
d 3 i 0 : 4 -> 7 sign -1
146: Pseudopotential
322: Pseudopotential
d 1 i 0 : 2 -> 6 sign -1
d 2 i 0 : 3 -> 6 sign 1
d 2 i 1 : 5 -> 7 sign 1
d 3 i 0 : 4 -> 7 sign -1
d 1 i 0 : 2 -> 6 sign -1
d 2 i 0 : 3 -> 6 sign 1
d 2 i 1 : 5 -> 7 sign 1
d 3 i 0 : 4 -> 7 sign -1
259: Pseudopotential
d 1 i 0 : 2 -> 6 sign -1
d 2 i 0 : 3 -> 6 sign 1
d 2 i 1 : 5 -> 7 sign 1
d 3 i 0 : 4 -> 7 sign -1
d 1 i 0 : 2 -> 6 sign -1
d 2 i 0 : 3 -> 6 sign 1
d 2 i 1 : 5 -> 7 sign 1
d 3 i 0 : 4 -> 7 sign -1
32: Pseudopotential
d 1 i 0 : 2 -> 6 sign -1
d 2 i 0 : 3 -> 6 sign 1
d 2 i 1 : 5 -> 7 sign 1
d 3 i 0 : 4 -> 7 sign -1
405: Pseudopotential
138: Pseudopotential
351: Pseudopotential
213: Pseudopotential
d 1 i 0 : 2 -> 6 sign -1
d 2 i 0 : 3 -> 6 sign 1
d 2 i 1 : 5 -> 7 sign 1
d 3 i 0 : 4 -> 7 sign -1
473: Pseudopotential
d 1 i 0 : 2 -> 6 sign -1
d 2 i 0 : 3 -> 6 sign 1
d 2 i 1 : 5 -> 7 sign 1
d 3 i 0 : 4 -> 7 sign -1
d 1 i 0 : 2 -> 6 sign -1
d 2 i 0 : 3 -> 6 sign 1
d 2 i 1 : 5 -> 7 sign 1
d 3 i 0 : 4 -> 7 sign -1
d 1 i 0 : 2 -> 6 sign -1
d 2 i 0 : 3 -> 6 sign 1
d 2 i 1 : 5 -> 7 sign 1
d 3 i 0 : 4 -> 7 sign -1
d 1 i 0 : 2 -> 6 sign -1
d 2 i 0 : 3 -> 6 sign 1
d 2 i 1 : 5 -> 7 sign 1
d 3 i 0 : 4 -> 7 sign -1
412: Pseudopotential
d 1 i 0 : 2 -> 6 sign -1
d 2 i 0 : 3 -> 6 sign 1
d 2 i 1 : 5 -> 7 sign 1
d 3 i 0 : 4 -> 7 sign -1
d 1 i 0 : 2 -> 6 sign -1
d 2 i 0 : 3 -> 6 sign 1
d 2 i 1 : 5 -> 7 sign 1
d 3 i 0 : 4 -> 7 sign -1
230: Pseudopotential
d 1 i 0 : 2 -> 6 sign -1
d 2 i 0 : 3 -> 6 sign 1
d 2 i 1 : 5 -> 7 sign 1
d 3 i 0 : 4 -> 7 sign -1
d 1 i 0 : 2 -> 6 sign -1
d 2 i 0 : 3 -> 6 sign 1
d 2 i 1 : 5 -> 7 sign 1
d 3 i 0 : 4 -> 7 sign -1
87: Pseudopotential
d 1 i 0 : 2 -> 6 sign -1
d 2 i 0 : 3 -> 6 sign 1
d 2 i 1 : 5 -> 7 sign 1
d 3 i 0 : 4 -> 7 sign -1
35: Pseudopotential
d 1 i 0 : 2 -> 6 sign -1
d 2 i 0 : 3 -> 6 sign 1
d 2 i 1 : 5 -> 7 sign 1
d 3 i 0 : 4 -> 7 sign -1
430: Pseudopotential
187: Pseudopotential
382: Pseudopotential
d 1 i 0 : 2 -> 6 sign -1
d 2 i 0 : 3 -> 6 sign 1
d 2 i 1 : 5 -> 7 sign 1
d 3 i 0 : 4 -> 7 sign -1
d 1 i 0 : 2 -> 6 sign -1
d 2 i 0 : 3 -> 6 sign 1
d 2 i 1 : 5 -> 7 sign 1
d 3 i 0 : 4 -> 7 sign -1
483: Pseudopotential
d 1 i 0 : 2 -> 6 sign -1
d 2 i 0 : 3 -> 6 sign 1
d 2 i 1 : 5 -> 7 sign 1
d 3 i 0 : 4 -> 7 sign -1
106: Pseudopotential
d 1 i 0 : 2 -> 6 sign -1
d 2 i 0 : 3 -> 6 sign 1
d 2 i 1 : 5 -> 7 sign 1
d 3 i 0 : 4 -> 7 sign -1
37: Pseudopotential
d 1 i 0 : 2 -> 6 sign -1
d 2 i 0 : 3 -> 6 sign 1
d 2 i 1 : 5 -> 7 sign 1
d 3 i 0 : 4 -> 7 sign -1
436: Pseudopotential
d 1 i 0 : 2 -> 6 sign -1
d 2 i 0 : 3 -> 6 sign 1
d 2 i 1 : 5 -> 7 sign 1
d 3 i 0 : 4 -> 7 sign -1
145: Pseudopotential
349: Pseudopotential
d 1 i 0 : 2 -> 6 sign -1
d 2 i 0 : 3 -> 6 sign 1
d 2 i 1 : 5 -> 7 sign 1
d 3 i 0 : 4 -> 7 sign -1
465: Pseudopotential
d 1 i 0 : 2 -> 6 sign -1
d 2 i 0 : 3 -> 6 sign 1
d 2 i 1 : 5 -> 7 sign 1
d 3 i 0 : 4 -> 7 sign -1
d 1 i 0 : 2 -> 6 sign -1
d 2 i 0 : 3 -> 6 sign 1
d 2 i 1 : 5 -> 7 sign 1
d 3 i 0 : 4 -> 7 sign -1
d 1 i 0 : 2 -> 6 sign -1
d 2 i 0 : 3 -> 6 sign 1
d 2 i 1 : 5 -> 7 sign 1
d 3 i 0 : 4 -> 7 sign -1
39: Pseudopotential
437: Pseudopotential
d 1 i 0 : 2 -> 6 sign -1
d 2 i 0 : 3 -> 6 sign 1
d 2 i 1 : 5 -> 7 sign 1
d 3 i 0 : 4 -> 7 sign -1
374: Pseudopotential
d 1 i 0 : 2 -> 6 sign -1
d 2 i 0 : 3 -> 6 sign 1
d 2 i 1 : 5 -> 7 sign 1
d 3 i 0 : 4 -> 7 sign -1
477: Pseudopotential
286: Pseudopotential
d 1 i 0 : 2 -> 6 sign -1
d 2 i 0 : 3 -> 6 sign 1
d 2 i 1 : 5 -> 7 sign 1
d 3 i 0 : 4 -> 7 sign -1
d 1 i 0 : 2 -> 6 sign -1
d 2 i 0 : 3 -> 6 sign 1
d 2 i 1 : 5 -> 7 sign 1
d 3 i 0 : 4 -> 7 sign -1
41: Pseudopotential
d 1 i 0 : 2 -> 6 sign -1
d 2 i 0 : 3 -> 6 sign 1
d 2 i 1 : 5 -> 7 sign 1
d 3 i 0 : 4 -> 7 sign -1
446: Pseudopotential
d 1 i 0 : 2 -> 6 sign -1
d 2 i 0 : 3 -> 6 sign 1
d 2 i 1 : 5 -> 7 sign 1
d 3 i 0 : 4 -> 7 sign -1
d 1 i 0 : 2 -> 6 sign -1
d 2 i 0 : 3 -> 6 sign 1
d 2 i 1 : 5 -> 7 sign 1
d 3 i 0 : 4 -> 7 sign -1
d 1 i 0 : 2 -> 6 sign -1
d 2 i 0 : 3 -> 6 sign 1
d 2 i 1 : 5 -> 7 sign 1
d 3 i 0 : 4 -> 7 sign -1
d 1 i 0 : 2 -> 6 sign -1
d 2 i 0 : 3 -> 6 sign 1
d 2 i 1 : 5 -> 7 sign 1
d 3 i 0 : 4 -> 7 sign -1
487: Pseudopotential
d 1 i 0 : 2 -> 6 sign -1
d 2 i 0 : 3 -> 6 sign 1
d 2 i 1 : 5 -> 7 sign 1
d 3 i 0 : 4 -> 7 sign -1
104: Pseudopotential
d 1 i 0 : 2 -> 6 sign -1
d 2 i 0 : 3 -> 6 sign 1
d 2 i 1 : 5 -> 7 sign 1
d 3 i 0 : 4 -> 7 sign -1
16: Pseudopotential
403: Pseudopotential
137: Pseudopotential
d 1 i 0 : 2 -> 6 sign -1
d 2 i 0 : 3 -> 6 sign 1
d 2 i 1 : 5 -> 7 sign 1
d 3 i 0 : 4 -> 7 sign -1
212: Pseudopotential
d 1 i 0 : 2 -> 6 sign -1
d 2 i 0 : 3 -> 6 sign 1
d 2 i 1 : 5 -> 7 sign 1
d 3 i 0 : 4 -> 7 sign -1
258: Pseudopotential
d 1 i 0 : 2 -> 6 sign -1
d 2 i 0 : 3 -> 6 sign 1
d 2 i 1 : 5 -> 7 sign 1
d 3 i 0 : 4 -> 7 sign -1
d 1 i 0 : 2 -> 6 sign -1
d 2 i 0 : 3 -> 6 sign 1
d 2 i 1 : 5 -> 7 sign 1
d 3 i 0 : 4 -> 7 sign -1
17: Pseudopotential
d 1 i 0 : 2 -> 6 sign -1
d 2 i 0 : 3 -> 6 sign 1
d 2 i 1 : 5 -> 7 sign 1
d 3 i 0 : 4 -> 7 sign -1
179: Pseudopotential
d 1 i 0 : 2 -> 6 sign -1
d 2 i 0 : 3 -> 6 sign 1
d 2 i 1 : 5 -> 7 sign 1
d 3 i 0 : 4 -> 7 sign -1
332: Pseudopotential
219: Pseudopotential
479: Pseudopotential
280: Pseudopotential
100: Pseudopotential
d 1 i 0 : 2 -> 6 sign -1
d 2 i 0 : 3 -> 6 sign 1
d 2 i 1 : 5 -> 7 sign 1
d 3 i 0 : 4 -> 7 sign -1
19: Pseudopotential
d 1 i 0 : 2 -> 6 sign -1
d 2 i 0 : 3 -> 6 sign 1
d 2 i 1 : 5 -> 7 sign 1
d 3 i 0 : 4 -> 7 sign -1
d 1 i 0 : 2 -> 6 sign -1
d 2 i 0 : 3 -> 6 sign 1
d 2 i 1 : 5 -> 7 sign 1
d 3 i 0 : 4 -> 7 sign -1
333: Pseudopotential
201: Pseudopotential
d 1 i 0 : 2 -> 6 sign -1
d 2 i 0 : 3 -> 6 sign 1
d 2 i 1 : 5 -> 7 sign 1
d 3 i 0 : 4 -> 7 sign -1
d 1 i 0 : 2 -> 6 sign -1
d 2 i 0 : 3 -> 6 sign 1
d 2 i 1 : 5 -> 7 sign 1
d 3 i 0 : 4 -> 7 sign -1
102: Pseudopotential
d 1 i 0 : 2 -> 6 sign -1
d 2 i 0 : 3 -> 6 sign 1
d 2 i 1 : 5 -> 7 sign 1
d 3 i 0 : 4 -> 7 sign -1
24: Pseudopotential
386: Pseudopotential
d 1 i 0 : 2 -> 6 sign -1
d 2 i 0 : 3 -> 6 sign 1
d 2 i 1 : 5 -> 7 sign 1
d 3 i 0 : 4 -> 7 sign -1
185: Pseudopotential
324: Pseudopotential
214: Pseudopotential
d 1 i 0 : 2 -> 6 sign -1
d 2 i 0 : 3 -> 6 sign 1
d 2 i 1 : 5 -> 7 sign 1
d 3 i 0 : 4 -> 7 sign -1
256: Pseudopotential
d 1 i 0 : 2 -> 6 sign -1
d 2 i 0 : 3 -> 6 sign 1
d 2 i 1 : 5 -> 7 sign 1
d 3 i 0 : 4 -> 7 sign -1
25: Pseudopotential
d 1 i 0 : 2 -> 6 sign -1
d 2 i 0 : 3 -> 6 sign 1
d 2 i 1 : 5 -> 7 sign 1
d 3 i 0 : 4 -> 7 sign -1
d 1 i 0 : 2 -> 6 sign -1
d 2 i 0 : 3 -> 6 sign 1
d 2 i 1 : 5 -> 7 sign 1
d 3 i 0 : 4 -> 7 sign -1
d 1 i 0 : 2 -> 6 sign -1
d 2 i 0 : 3 -> 6 sign 1
d 2 i 1 : 5 -> 7 sign 1
d 3 i 0 : 4 -> 7 sign -1
d 1 i 0 : 2 -> 6 sign -1
d 2 i 0 : 3 -> 6 sign 1
d 2 i 1 : 5 -> 7 sign 1
d 3 i 0 : 4 -> 7 sign -1
469: Pseudopotential
d 1 i 0 : 2 -> 6 sign -1
d 2 i 0 : 3 -> 6 sign 1
d 2 i 1 : 5 -> 7 sign 1
d 3 i 0 : 4 -> 7 sign -1
d 1 i 0 : 2 -> 6 sign -1
d 2 i 0 : 3 -> 6 sign 1
d 2 i 1 : 5 -> 7 sign 1
d 3 i 0 : 4 -> 7 sign -1
27: Pseudopotential
390: Pseudopotential
d 1 i 0 : 2 -> 6 sign -1
d 2 i 0 : 3 -> 6 sign 1
d 2 i 1 : 5 -> 7 sign 1
d 3 i 0 : 4 -> 7 sign -1
154: Pseudopotential
d 1 i 0 : 2 -> 6 sign -1
d 2 i 0 : 3 -> 6 sign 1
d 2 i 1 : 5 -> 7 sign 1
d 3 i 0 : 4 -> 7 sign -1
375: Pseudopotential
d 1 i 0 : 2 -> 6 sign -1
d 2 i 0 : 3 -> 6 sign 1
d 2 i 1 : 5 -> 7 sign 1
d 3 i 0 : 4 -> 7 sign -1
485: Pseudopotential
274: Pseudopotential
d 1 i 0 : 2 -> 6 sign -1
d 2 i 0 : 3 -> 6 sign 1
d 2 i 1 : 5 -> 7 sign 1
d 3 i 0 : 4 -> 7 sign -1
28: Pseudopotential
d 1 i 0 : 2 -> 6 sign -1
d 2 i 0 : 3 -> 6 sign 1
d 2 i 1 : 5 -> 7 sign 1
d 3 i 0 : 4 -> 7 sign -1
d 1 i 0 : 2 -> 6 sign -1
d 2 i 0 : 3 -> 6 sign 1
d 2 i 1 : 5 -> 7 sign 1
d 3 i 0 : 4 -> 7 sign -1
155: Pseudopotential
d 1 i 0 : 2 -> 6 sign -1
d 2 i 0 : 3 -> 6 sign 1
d 2 i 1 : 5 -> 7 sign 1
d 3 i 0 : 4 -> 7 sign -1
217: Pseudopotential
d 1 i 0 : 2 -> 6 sign -1
d 2 i 0 : 3 -> 6 sign 1
d 2 i 1 : 5 -> 7 sign 1
d 3 i 0 : 4 -> 7 sign -1
306: Pseudopotential
125: Pseudopotential
30: Pseudopotential
417: Pseudopotential
d 1 i 0 : 2 -> 6 sign -1
d 2 i 0 : 3 -> 6 sign 1
d 2 i 1 : 5 -> 7 sign 1
d 3 i 0 : 4 -> 7 sign -1
173: Pseudopotential
372: Pseudopotential
211: Pseudopotential
d 1 i 0 : 2 -> 6 sign -1
d 2 i 0 : 3 -> 6 sign 1
d 2 i 1 : 5 -> 7 sign 1
d 3 i 0 : 4 -> 7 sign -1
d 1 i 0 : 2 -> 6 sign -1
d 2 i 0 : 3 -> 6 sign 1
d 2 i 1 : 5 -> 7 sign 1
d 3 i 0 : 4 -> 7 sign -1
313: Pseudopotential
127: Pseudopotential
33: Pseudopotential
d 1 i 0 : 2 -> 6 sign -1
d 2 i 0 : 3 -> 6 sign 1
d 2 i 1 : 5 -> 7 sign 1
d 3 i 0 : 4 -> 7 sign -1
131: Pseudopotential
335: Pseudopotential
d 1 i 0 : 2 -> 6 sign -1
d 2 i 0 : 3 -> 6 sign 1
d 2 i 1 : 5 -> 7 sign 1
d 3 i 0 : 4 -> 7 sign -1
461: Pseudopotential
271: Pseudopotential
d 1 i 0 : 2 -> 6 sign -1
d 2 i 0 : 3 -> 6 sign 1
d 2 i 1 : 5 -> 7 sign 1
d 3 i 0 : 4 -> 7 sign -1
d 1 i 0 : 2 -> 6 sign -1
d 2 i 0 : 3 -> 6 sign 1
d 2 i 1 : 5 -> 7 sign 1
d 3 i 0 : 4 -> 7 sign -1
40: Pseudopotential
d 1 i 0 : 2 -> 6 sign -1
d 2 i 0 : 3 -> 6 sign 1
d 2 i 1 : 5 -> 7 sign 1
d 3 i 0 : 4 -> 7 sign -1
d 1 i 0 : 2 -> 6 sign -1
d 2 i 0 : 3 -> 6 sign 1
d 2 i 1 : 5 -> 7 sign 1
d 3 i 0 : 4 -> 7 sign -1
147: Pseudopotential
d 1 i 0 : 2 -> 6 sign -1
d 2 i 0 : 3 -> 6 sign 1
d 2 i 1 : 5 -> 7 sign 1
d 3 i 0 : 4 -> 7 sign -1
236: Pseudopotential
d 1 i 0 : 2 -> 6 sign -1
d 2 i 0 : 3 -> 6 sign 1
d 2 i 1 : 5 -> 7 sign 1
d 3 i 0 : 4 -> 7 sign -1
d 1 i 0 : 2 -> 6 sign -1
d 2 i 0 : 3 -> 6 sign 1
d 2 i 1 : 5 -> 7 sign 1
d 3 i 0 : 4 -> 7 sign -1
121: Pseudopotential
d 1 i 0 : 2 -> 6 sign -1
d 2 i 0 : 3 -> 6 sign 1
d 2 i 1 : 5 -> 7 sign 1
d 3 i 0 : 4 -> 7 sign -1
43: Pseudopotential
397: Pseudopotential
152: Pseudopotential
369: Pseudopotential
d 1 i 0 : 2 -> 6 sign -1
d 2 i 0 : 3 -> 6 sign 1
d 2 i 1 : 5 -> 7 sign 1
d 3 i 0 : 4 -> 7 sign -1
d 1 i 0 : 2 -> 6 sign -1
d 2 i 0 : 3 -> 6 sign 1
d 2 i 1 : 5 -> 7 sign 1
d 3 i 0 : 4 -> 7 sign -1
d 1 i 0 : 2 -> 6 sign -1
d 2 i 0 : 3 -> 6 sign 1
d 2 i 1 : 5 -> 7 sign 1
d 3 i 0 : 4 -> 7 sign -1
115: Pseudopotential
d 1 i 0 : 2 -> 6 sign -1
d 2 i 0 : 3 -> 6 sign 1
d 2 i 1 : 5 -> 7 sign 1
d 3 i 0 : 4 -> 7 sign -1
44: Pseudopotential
395: Pseudopotential
d 1 i 0 : 2 -> 6 sign -1
d 2 i 0 : 3 -> 6 sign 1
d 2 i 1 : 5 -> 7 sign 1
d 3 i 0 : 4 -> 7 sign -1
d 1 i 0 : 2 -> 6 sign -1
d 2 i 0 : 3 -> 6 sign 1
d 2 i 1 : 5 -> 7 sign 1
d 3 i 0 : 4 -> 7 sign -1
204: Pseudopotential
d 1 i 0 : 2 -> 6 sign -1
d 2 i 0 : 3 -> 6 sign 1
d 2 i 1 : 5 -> 7 sign 1
d 3 i 0 : 4 -> 7 sign -1
d 1 i 0 : 2 -> 6 sign -1
d 2 i 0 : 3 -> 6 sign 1
d 2 i 1 : 5 -> 7 sign 1
d 3 i 0 : 4 -> 7 sign -1
d 1 i 0 : 2 -> 6 sign -1
d 2 i 0 : 3 -> 6 sign 1
d 2 i 1 : 5 -> 7 sign 1
d 3 i 0 : 4 -> 7 sign -1
d 1 i 0 : 2 -> 6 sign -1
d 2 i 0 : 3 -> 6 sign 1
d 2 i 1 : 5 -> 7 sign 1
d 3 i 0 : 4 -> 7 sign -1
46: Pseudopotential
d 1 i 0 : 2 -> 6 sign -1
d 2 i 0 : 3 -> 6 sign 1
d 2 i 1 : 5 -> 7 sign 1
d 3 i 0 : 4 -> 7 sign -1
d 1 i 0 : 2 -> 6 sign -1
d 2 i 0 : 3 -> 6 sign 1
d 2 i 1 : 5 -> 7 sign 1
d 3 i 0 : 4 -> 7 sign -1
379: Pseudopotential
d 1 i 0 : 2 -> 6 sign -1
d 2 i 0 : 3 -> 6 sign 1
d 2 i 1 : 5 -> 7 sign 1
d 3 i 0 : 4 -> 7 sign -1
495: Pseudopotential
316: Pseudopotential
d 1 i 0 : 2 -> 6 sign -1
d 2 i 0 : 3 -> 6 sign 1
d 2 i 1 : 5 -> 7 sign 1
d 3 i 0 : 4 -> 7 sign -1
d 1 i 0 : 2 -> 6 sign -1
d 2 i 0 : 3 -> 6 sign 1
d 2 i 1 : 5 -> 7 sign 1
d 3 i 0 : 4 -> 7 sign -1
47: Pseudopotential
d 1 i 0 : 2 -> 6 sign -1
d 2 i 0 : 3 -> 6 sign 1
d 2 i 1 : 5 -> 7 sign 1
d 3 i 0 : 4 -> 7 sign -1
d 1 i 0 : 2 -> 6 sign -1
d 2 i 0 : 3 -> 6 sign 1
d 2 i 1 : 5 -> 7 sign 1
d 3 i 0 : 4 -> 7 sign -1
d 1 i 0 : 2 -> 6 sign -1
d 2 i 0 : 3 -> 6 sign 1
d 2 i 1 : 5 -> 7 sign 1
d 3 i 0 : 4 -> 7 sign -1
d 1 i 0 : 2 -> 6 sign -1
d 2 i 0 : 3 -> 6 sign 1
d 2 i 1 : 5 -> 7 sign 1
d 3 i 0 : 4 -> 7 sign -1
509: Pseudopotential
317: Pseudopotential
111: Pseudopotential
d 1 i 0 : 2 -> 6 sign -1
d 2 i 0 : 3 -> 6 sign 1
d 2 i 1 : 5 -> 7 sign 1
d 3 i 0 : 4 -> 7 sign -1
48: Pseudopotential
396: Pseudopotential
163: Pseudopotential
d 1 i 0 : 2 -> 6 sign -1
d 2 i 0 : 3 -> 6 sign 1
d 2 i 1 : 5 -> 7 sign 1
d 3 i 0 : 4 -> 7 sign -1
223: Pseudopotential
511: Pseudopotential
319: Pseudopotential
105: Pseudopotential
d 1 i 0 : 2 -> 6 sign -1
d 2 i 0 : 3 -> 6 sign 1
d 2 i 1 : 5 -> 7 sign 1
d 3 i 0 : 4 -> 7 sign -1
52: Pseudopotential
d 1 i 0 : 2 -> 6 sign -1
d 2 i 0 : 3 -> 6 sign 1
d 2 i 1 : 5 -> 7 sign 1
d 3 i 0 : 4 -> 7 sign -1
149: Pseudopotential
d 1 i 0 : 2 -> 6 sign -1
d 2 i 0 : 3 -> 6 sign 1
d 2 i 1 : 5 -> 7 sign 1
d 3 i 0 : 4 -> 7 sign -1
249: Pseudopotential
475: Pseudopotential
d 1 i 0 : 2 -> 6 sign -1
d 2 i 0 : 3 -> 6 sign 1
d 2 i 1 : 5 -> 7 sign 1
d 3 i 0 : 4 -> 7 sign -1
d 1 i 0 : 2 -> 6 sign -1
d 2 i 0 : 3 -> 6 sign 1
d 2 i 1 : 5 -> 7 sign 1
d 3 i 0 : 4 -> 7 sign -1
d 1 i 0 : 2 -> 6 sign -1
d 2 i 0 : 3 -> 6 sign 1
d 2 i 1 : 5 -> 7 sign 1
d 3 i 0 : 4 -> 7 sign -1
55: Pseudopotential
399: Pseudopotential
d 1 i 0 : 2 -> 6 sign -1
d 2 i 0 : 3 -> 6 sign 1
d 2 i 1 : 5 -> 7 sign 1
d 3 i 0 : 4 -> 7 sign -1
353: Pseudopotential
d 1 i 0 : 2 -> 6 sign -1
d 2 i 0 : 3 -> 6 sign 1
d 2 i 1 : 5 -> 7 sign 1
d 3 i 0 : 4 -> 7 sign -1
d 1 i 0 : 2 -> 6 sign -1
d 2 i 0 : 3 -> 6 sign 1
d 2 i 1 : 5 -> 7 sign 1
d 3 i 0 : 4 -> 7 sign -1
275: Pseudopotential
d 1 i 0 : 2 -> 6 sign -1
d 2 i 0 : 3 -> 6 sign 1
d 2 i 1 : 5 -> 7 sign 1
d 3 i 0 : 4 -> 7 sign -1
d 1 i 0 : 2 -> 6 sign -1
d 2 i 0 : 3 -> 6 sign 1
d 2 i 1 : 5 -> 7 sign 1
d 3 i 0 : 4 -> 7 sign -1
d 1 i 0 : 2 -> 6 sign -1
d 2 i 0 : 3 -> 6 sign 1
d 2 i 1 : 5 -> 7 sign 1
d 3 i 0 : 4 -> 7 sign -1
161: Pseudopotential
d 1 i 0 : 2 -> 6 sign -1
d 2 i 0 : 3 -> 6 sign 1
d 2 i 1 : 5 -> 7 sign 1
d 3 i 0 : 4 -> 7 sign -1
359: Pseudopotential
247: Pseudopotential
493: Pseudopotential
d 1 i 0 : 2 -> 6 sign -1
d 2 i 0 : 3 -> 6 sign 1
d 2 i 1 : 5 -> 7 sign 1
d 3 i 0 : 4 -> 7 sign -1
93: Pseudopotential
d 1 i 0 : 2 -> 6 sign -1
d 2 i 0 : 3 -> 6 sign 1
d 2 i 1 : 5 -> 7 sign 1
d 3 i 0 : 4 -> 7 sign -1
3: Pseudopotential
441: Pseudopotential
d 1 i 0 : 2 -> 6 sign -1
d 2 i 0 : 3 -> 6 sign 1
d 2 i 1 : 5 -> 7 sign 1
d 3 i 0 : 4 -> 7 sign -1
133: Pseudopotential
373: Pseudopotential
d 1 i 0 : 2 -> 6 sign -1
d 2 i 0 : 3 -> 6 sign 1
d 2 i 1 : 5 -> 7 sign 1
d 3 i 0 : 4 -> 7 sign -1
d 1 i 0 : 2 -> 6 sign -1
d 2 i 0 : 3 -> 6 sign 1
d 2 i 1 : 5 -> 7 sign 1
d 3 i 0 : 4 -> 7 sign -1
d 1 i 0 : 2 -> 6 sign -1
d 2 i 0 : 3 -> 6 sign 1
d 2 i 1 : 5 -> 7 sign 1
d 3 i 0 : 4 -> 7 sign -1
109: Pseudopotential
d 1 i 0 : 2 -> 6 sign -1
d 2 i 0 : 3 -> 6 sign 1
d 2 i 1 : 5 -> 7 sign 1
d 3 i 0 : 4 -> 7 sign -1
393: Pseudopotential
157: Pseudopotential
380: Pseudopotential
d 1 i 0 : 2 -> 6 sign -1
d 2 i 0 : 3 -> 6 sign 1
d 2 i 1 : 5 -> 7 sign 1
d 3 i 0 : 4 -> 7 sign -1
499: Pseudopotential
d 1 i 0 : 2 -> 6 sign -1
d 2 i 0 : 3 -> 6 sign 1
d 2 i 1 : 5 -> 7 sign 1
d 3 i 0 : 4 -> 7 sign -1
268: Pseudopotential
d 1 i 0 : 2 -> 6 sign -1
d 2 i 0 : 3 -> 6 sign 1
d 2 i 1 : 5 -> 7 sign 1
d 3 i 0 : 4 -> 7 sign -1
d 1 i 0 : 2 -> 6 sign -1
d 2 i 0 : 3 -> 6 sign 1
d 2 i 1 : 5 -> 7 sign 1
d 3 i 0 : 4 -> 7 sign -1
5: Pseudopotential
400: Pseudopotential
d 1 i 0 : 2 -> 6 sign -1
d 2 i 0 : 3 -> 6 sign 1
d 2 i 1 : 5 -> 7 sign 1
d 3 i 0 : 4 -> 7 sign -1
d 1 i 0 : 2 -> 6 sign -1
d 2 i 0 : 3 -> 6 sign 1
d 2 i 1 : 5 -> 7 sign 1
d 3 i 0 : 4 -> 7 sign -1
368: Pseudopotential
d 1 i 0 : 2 -> 6 sign -1
d 2 i 0 : 3 -> 6 sign 1
d 2 i 1 : 5 -> 7 sign 1
d 3 i 0 : 4 -> 7 sign -1
d 1 i 0 : 2 -> 6 sign -1
d 2 i 0 : 3 -> 6 sign 1
d 2 i 1 : 5 -> 7 sign 1
d 3 i 0 : 4 -> 7 sign -1
301: Pseudopotential
d 1 i 0 : 2 -> 6 sign -1
d 2 i 0 : 3 -> 6 sign 1
d 2 i 1 : 5 -> 7 sign 1
d 3 i 0 : 4 -> 7 sign -1
d 1 i 0 : 2 -> 6 sign -1
d 2 i 0 : 3 -> 6 sign 1
d 2 i 1 : 5 -> 7 sign 1
d 3 i 0 : 4 -> 7 sign -1
6: Pseudopotential
d 1 i 0 : 2 -> 6 sign -1
d 2 i 0 : 3 -> 6 sign 1
d 2 i 1 : 5 -> 7 sign 1
d 3 i 0 : 4 -> 7 sign -1
158: Pseudopotential
d 1 i 0 : 2 -> 6 sign -1
d 2 i 0 : 3 -> 6 sign 1
d 2 i 1 : 5 -> 7 sign 1
d 3 i 0 : 4 -> 7 sign -1
d 1 i 0 : 2 -> 6 sign -1
d 2 i 0 : 3 -> 6 sign 1
d 2 i 1 : 5 -> 7 sign 1
d 3 i 0 : 4 -> 7 sign -1
507: Pseudopotential
303: Pseudopotential
89: Pseudopotential
d 1 i 0 : 2 -> 6 sign -1
d 2 i 0 : 3 -> 6 sign 1
d 2 i 1 : 5 -> 7 sign 1
d 3 i 0 : 4 -> 7 sign -1
8: Pseudopotential
d 1 i 0 : 2 -> 6 sign -1
d 2 i 0 : 3 -> 6 sign 1
d 2 i 1 : 5 -> 7 sign 1
d 3 i 0 : 4 -> 7 sign -1
d 1 i 0 : 2 -> 6 sign -1
d 2 i 0 : 3 -> 6 sign 1
d 2 i 1 : 5 -> 7 sign 1
d 3 i 0 : 4 -> 7 sign -1
d 1 i 0 : 2 -> 6 sign -1
d 2 i 0 : 3 -> 6 sign 1
d 2 i 1 : 5 -> 7 sign 1
d 3 i 0 : 4 -> 7 sign -1
d 1 i 0 : 2 -> 6 sign -1
d 2 i 0 : 3 -> 6 sign 1
d 2 i 1 : 5 -> 7 sign 1
d 3 i 0 : 4 -> 7 sign -1
d 1 i 0 : 2 -> 6 sign -1
d 2 i 0 : 3 -> 6 sign 1
d 2 i 1 : 5 -> 7 sign 1
d 3 i 0 : 4 -> 7 sign -1
d 1 i 0 : 2 -> 6 sign -1
d 2 i 0 : 3 -> 6 sign 1
d 2 i 1 : 5 -> 7 sign 1
d 3 i 0 : 4 -> 7 sign -1
310: Pseudopotential
91: Pseudopotential
d 1 i 0 : 2 -> 6 sign -1
d 2 i 0 : 3 -> 6 sign 1
d 2 i 1 : 5 -> 7 sign 1
d 3 i 0 : 4 -> 7 sign -1
9: Pseudopotential
408: Pseudopotential
169: Pseudopotential
331: Pseudopotential
d 1 i 0 : 2 -> 6 sign -1
d 2 i 0 : 3 -> 6 sign 1
d 2 i 1 : 5 -> 7 sign 1
d 3 i 0 : 4 -> 7 sign -1
d 1 i 0 : 2 -> 6 sign -1
d 2 i 0 : 3 -> 6 sign 1
d 2 i 1 : 5 -> 7 sign 1
d 3 i 0 : 4 -> 7 sign -1
d 1 i 0 : 2 -> 6 sign -1
d 2 i 0 : 3 -> 6 sign 1
d 2 i 1 : 5 -> 7 sign 1
d 3 i 0 : 4 -> 7 sign -1
d 1 i 0 : 2 -> 6 sign -1
d 2 i 0 : 3 -> 6 sign 1
d 2 i 1 : 5 -> 7 sign 1
d 3 i 0 : 4 -> 7 sign -1
d 1 i 0 : 2 -> 6 sign -1
d 2 i 0 : 3 -> 6 sign 1
d 2 i 1 : 5 -> 7 sign 1
d 3 i 0 : 4 -> 7 sign -1
11: Pseudopotential
416: Pseudopotential
d 1 i 0 : 2 -> 6 sign -1
d 2 i 0 : 3 -> 6 sign 1
d 2 i 1 : 5 -> 7 sign 1
d 3 i 0 : 4 -> 7 sign -1
d 1 i 0 : 2 -> 6 sign -1
d 2 i 0 : 3 -> 6 sign 1
d 2 i 1 : 5 -> 7 sign 1
d 3 i 0 : 4 -> 7 sign -1
237: Pseudopotential
480: Pseudopotential
263: Pseudopotential
95: Pseudopotential
d 1 i 0 : 2 -> 6 sign -1
d 2 i 0 : 3 -> 6 sign 1
d 2 i 1 : 5 -> 7 sign 1
d 3 i 0 : 4 -> 7 sign -1
13: Pseudopotential
d 1 i 0 : 2 -> 6 sign -1
d 2 i 0 : 3 -> 6 sign 1
d 2 i 1 : 5 -> 7 sign 1
d 1 i 0 : 2 -> 6 sign -1
d 2 i 0 : 3 -> 6 sign 1
d 2 i 1 : 5 -> 7 sign 1
d 3 i 0 : 4 -> 7 sign -1
381: Pseudopotential
239: Pseudopotential
d 1 i 0 : 2 -> 6 sign -1
d 2 i 0 : 3 -> 6 sign 1
d 2 i 1 : 5 -> 7 sign 1
d 3 i 0 : 4 -> 7 sign -1
d 1 i 0 : 2 -> 6 sign -1
d 2 i 0 : 3 -> 6 sign 1
d 2 i 1 : 5 -> 7 sign 1
d 3 i 0 : 4 -> 7 sign -1
d 1 i 0 : 2 -> 6 sign -1
d 2 i 0 : 3 -> 6 sign 1
d 2 i 1 : 5 -> 7 sign 1
d 3 i 0 : 4 -> 7 sign -1
d 1 i 0 : 2 -> 6 sign -1
d 2 i 0 : 3 -> 6 sign 1
d 2 i 1 : 5 -> 7 sign 1
d 3 i 0 : 4 -> 7 sign -1
15: Pseudopotential
d 3 i 0 : 4 -> 7 sign -1
d 1 i 0 : 2 -> 6 sign -1
d 2 i 0 : 3 -> 6 sign 1
d 2 i 1 : 5 -> 7 sign 1
d 3 i 0 : 4 -> 7 sign -1
377: Pseudopotential
253: Pseudopotential
505: Pseudopotential
270: Pseudopotential
d 1 i 0 : 2 -> 6 sign -1
d 2 i 0 : 3 -> 6 sign 1
d 2 i 1 : 5 -> 7 sign 1
d 3 i 0 : 4 -> 7 sign -1
d 1 i 0 : 2 -> 6 sign -1
d 2 i 0 : 3 -> 6 sign 1
d 2 i 1 : 5 -> 7 sign 1
d 3 i 0 : 4 -> 7 sign -1
23: Pseudopotential
429: Pseudopotential
180: Pseudopotential
d 1 i 0 : 2 -> 6 sign -1
d 2 i 0 : 3 -> 6 sign 1
d 2 i 1 : 5 -> 7 sign 1
d 3 i 0 : 4 -> 7 sign -1
d 1 i 0 : 2 -> 6 sign -1
d 2 i 0 : 3 -> 6 sign 1
d 2 i 1 : 5 -> 7 sign 1
d 3 i 0 : 4 -> 7 sign -1
d 1 i 0 : 2 -> 6 sign -1
d 2 i 0 : 3 -> 6 sign 1
d 2 i 1 : 5 -> 7 sign 1
d 3 i 0 : 4 -> 7 sign -1
d 1 i 0 : 2 -> 6 sign -1
d 2 i 0 : 3 -> 6 sign 1
d 2 i 1 : 5 -> 7 sign 1
d 3 i 0 : 4 -> 7 sign -1
117: Pseudopotential
d 1 i 0 : 2 -> 6 sign -1
d 2 i 0 : 3 -> 6 sign 1
d 2 i 1 : 5 -> 7 sign 1
d 3 i 0 : 4 -> 7 sign -1
45: Pseudopotential
d 1 i 0 : 2 -> 6 sign -1
d 2 i 0 : 3 -> 6 sign 1
d 2 i 1 : 5 -> 7 sign 1
d 3 i 0 : 4 -> 7 sign -1
d 1 i 0 : 2 -> 6 sign -1
d 2 i 0 : 3 -> 6 sign 1
d 2 i 1 : 5 -> 7 sign 1
d 3 i 0 : 4 -> 7 sign -1
191: Pseudopotential
371: Pseudopotential
241: Pseudopotential
504: Pseudopotential
d 1 i 0 : 2 -> 6 sign -1
d 2 i 0 : 3 -> 6 sign 1
d 2 i 1 : 5 -> 7 sign 1
d 3 i 0 : 4 -> 7 sign -1
265: Pseudopotential
119: Pseudopotential
d 1 i 0 : 2 -> 6 sign -1
d 2 i 0 : 3 -> 6 sign 1
d 2 i 1 : 5 -> 7 sign 1
d 3 i 0 : 4 -> 7 sign -1
56: Pseudopotential
445: Pseudopotential
135: Pseudopotential
d 1 i 0 : 2 -> 6 sign -1
d 2 i 0 : 3 -> 6 sign 1
d 2 i 1 : 5 -> 7 sign 1
d 3 i 0 : 4 -> 7 sign -1
221: Pseudopotential
500: Pseudopotential
287: Pseudopotential
d 1 i 0 : 2 -> 6 sign -1
d 2 i 0 : 3 -> 6 sign 1
d 2 i 1 : 5 -> 7 sign 1
d 3 i 0 : 4 -> 7 sign -1
d 1 i 0 : 2 -> 6 sign -1
d 2 i 0 : 3 -> 6 sign 1
d 2 i 1 : 5 -> 7 sign 1
d 3 i 0 : 4 -> 7 sign -1
57: Pseudopotential
d 1 i 0 : 2 -> 6 sign -1
d 2 i 0 : 3 -> 6 sign 1
d 2 i 1 : 5 -> 7 sign 1
d 3 i 0 : 4 -> 7 sign -1
d 1 i 0 : 2 -> 6 sign -1
d 2 i 0 : 3 -> 6 sign 1
d 2 i 1 : 5 -> 7 sign 1
d 3 i 0 : 4 -> 7 sign -1
323: Pseudopotential
225: Pseudopotential
d 1 i 0 : 2 -> 6 sign -1
d 2 i 0 : 3 -> 6 sign 1
d 2 i 1 : 5 -> 7 sign 1
d 3 i 0 : 4 -> 7 sign -1
d 1 i 0 : 2 -> 6 sign -1
d 2 i 0 : 3 -> 6 sign 1
d 2 i 1 : 5 -> 7 sign 1
d 3 i 0 : 4 -> 7 sign -1
d 1 i 0 : 2 -> 6 sign -1
d 2 i 0 : 3 -> 6 sign 1
d 2 i 1 : 5 -> 7 sign 1
d 3 i 0 : 4 -> 7 sign -1
d 1 i 0 : 2 -> 6 sign -1
d 2 i 0 : 3 -> 6 sign 1
d 2 i 1 : 5 -> 7 sign 1
d 3 i 0 : 4 -> 7 sign -1
59: Pseudopotential
439: Pseudopotential
171: Pseudopotential
d 1 i 0 : 2 -> 6 sign -1
d 2 i 0 : 3 -> 6 sign 1
d 2 i 1 : 5 -> 7 sign 1
d 3 i 0 : 4 -> 7 sign -1
227: Pseudopotential
501: Pseudopotential
292: Pseudopotential
d 1 i 0 : 2 -> 6 sign -1
d 2 i 0 : 3 -> 6 sign 1
d 2 i 1 : 5 -> 7 sign 1
d 3 i 0 : 4 -> 7 sign -1
d 1 i 0 : 2 -> 6 sign -1
d 2 i 0 : 3 -> 6 sign 1
d 2 i 1 : 5 -> 7 sign 1
d 3 i 0 : 4 -> 7 sign -1
d 1 i 0 : 2 -> 6 sign -1
d 2 i 0 : 3 -> 6 sign 1
d 2 i 1 : 5 -> 7 sign 1
d 3 i 0 : 4 -> 7 sign -1
156: Pseudopotential
d 1 i 0 : 2 -> 6 sign -1
d 2 i 0 : 3 -> 6 sign 1
d 2 i 1 : 5 -> 7 sign 1
d 3 i 0 : 4 -> 7 sign -1
d 1 i 0 : 2 -> 6 sign -1
d 2 i 0 : 3 -> 6 sign 1
d 2 i 1 : 5 -> 7 sign 1
d 3 i 0 : 4 -> 7 sign -1
d 1 i 0 : 2 -> 6 sign -1
d 2 i 0 : 3 -> 6 sign 1
d 2 i 1 : 5 -> 7 sign 1
d 3 i 0 : 4 -> 7 sign -1
d 1 i 0 : 2 -> 6 sign -1
d 2 i 0 : 3 -> 6 sign 1
d 2 i 1 : 5 -> 7 sign 1
d 3 i 0 : 4 -> 7 sign -1
308: Pseudopotential
107: Pseudopotential
2: Pseudopotential
d 1 i 0 : 2 -> 6 sign -1
d 2 i 0 : 3 -> 6 sign 1
d 2 i 1 : 5 -> 7 sign 1
d 3 i 0 : 4 -> 7 sign -1
d 1 i 0 : 2 -> 6 sign -1
d 2 i 0 : 3 -> 6 sign 1
d 2 i 1 : 5 -> 7 sign 1
d 3 i 0 : 4 -> 7 sign -1
343: Pseudopotential
d 1 i 0 : 2 -> 6 sign -1
d 2 i 0 : 3 -> 6 sign 1
d 2 i 1 : 5 -> 7 sign 1
d 3 i 0 : 4 -> 7 sign -1
503: Pseudopotential
d 1 i 0 : 2 -> 6 sign -1
d 2 i 0 : 3 -> 6 sign 1
d 2 i 1 : 5 -> 7 sign 1
d 3 i 0 : 4 -> 7 sign -1
96: Pseudopotential
4: Pseudopotential
d 1 i 0 : 2 -> 6 sign -1
d 2 i 0 : 3 -> 6 sign 1
d 2 i 1 : 5 -> 7 sign 1
d 3 i 0 : 4 -> 7 sign -1
d 1 i 0 : 2 -> 6 sign -1
d 2 i 0 : 3 -> 6 sign 1
d 2 i 1 : 5 -> 7 sign 1
d 3 i 0 : 4 -> 7 sign -1
363: Pseudopotential
205: Pseudopotential
d 1 i 0 : 2 -> 6 sign -1
d 2 i 0 : 3 -> 6 sign 1
d 2 i 1 : 5 -> 7 sign 1
d 3 i 0 : 4 -> 7 sign -1
d 1 i 0 : 2 -> 6 sign -1
d 2 i 0 : 3 -> 6 sign 1
d 2 i 1 : 5 -> 7 sign 1
d 3 i 0 : 4 -> 7 sign -1
d 1 i 0 : 2 -> 6 sign -1
d 2 i 0 : 3 -> 6 sign 1
d 2 i 1 : 5 -> 7 sign 1
d 3 i 0 : 4 -> 7 sign -1
d 1 i 0 : 2 -> 6 sign -1
d 2 i 0 : 3 -> 6 sign 1
d 2 i 1 : 5 -> 7 sign 1
d 3 i 0 : 4 -> 7 sign -1
7: Pseudopotential
435: Pseudopotential
d 1 i 0 : 2 -> 6 sign -1
d 2 i 0 : 3 -> 6 sign 1
d 2 i 1 : 5 -> 7 sign 1
d 3 i 0 : 4 -> 7 sign -1
130: Pseudopotential
d 1 i 0 : 2 -> 6 sign -1
d 2 i 0 : 3 -> 6 sign 1
d 2 i 1 : 5 -> 7 sign 1
d 3 i 0 : 4 -> 7 sign -1
d 1 i 0 : 2 -> 6 sign -1
d 2 i 0 : 3 -> 6 sign 1
d 2 i 1 : 5 -> 7 sign 1
d 3 i 0 : 4 -> 7 sign -1
d 1 i 0 : 2 -> 6 sign -1
d 2 i 0 : 3 -> 6 sign 1
d 2 i 1 : 5 -> 7 sign 1
d 3 i 0 : 4 -> 7 sign -1
269: Pseudopotential
d 1 i 0 : 2 -> 6 sign -1
d 2 i 0 : 3 -> 6 sign 1
d 2 i 1 : 5 -> 7 sign 1
d 3 i 0 : 4 -> 7 sign -1
0: Pseudopotential
388: Pseudopotential
d 1 i 0 : 2 -> 6 sign -1
d 2 i 0 : 3 -> 6 sign 1
d 2 i 1 : 5 -> 7 sign 1
d 3 i 0 : 4 -> 7 sign -1
328: Pseudopotential
d 1 i 0 : 2 -> 6 sign -1
d 2 i 0 : 3 -> 6 sign 1
d 2 i 1 : 5 -> 7 sign 1
d 3 i 0 : 4 -> 7 sign -1
459: Pseudopotential
315: Pseudopotential
d 1 i 0 : 2 -> 6 sign -1
d 2 i 0 : 3 -> 6 sign 1
d 2 i 1 : 5 -> 7 sign 1
d 3 i 0 : 4 -> 7 sign -1
84: Pseudopotential
d 1 i 0 : 2 -> 6 sign -1
d 2 i 0 : 3 -> 6 sign 1
d 2 i 1 : 5 -> 7 sign 1
d 3 i 0 : 4 -> 7 sign -1
425: Pseudopotential
181: Pseudopotential
d 1 i 0 : 2 -> 6 sign -1
d 2 i 0 : 3 -> 6 sign 1
d 2 i 1 : 5 -> 7 sign 1
d 3 i 0 : 4 -> 7 sign -1
207: Pseudopotential
488: Pseudopotential
d 1 i 0 : 2 -> 6 sign -1
d 2 i 0 : 3 -> 6 sign 1
d 2 i 1 : 5 -> 7 sign 1
d 3 i 0 : 4 -> 7 sign -1
85: Pseudopotential
14: Pseudopotential
d 1 i 0 : 2 -> 6 sign -1
d 2 i 0 : 3 -> 6 sign 1
d 2 i 1 : 5 -> 7 sign 1
d 3 i 0 : 4 -> 7 sign -1
183: Pseudopotential
d 1 i 0 : 2 -> 6 sign -1
d 2 i 0 : 3 -> 6 sign 1
d 2 i 1 : 5 -> 7 sign 1
d 3 i 0 : 4 -> 7 sign -1
251: Pseudopotential
d 1 i 0 : 2 -> 6 sign -1
d 2 i 0 : 3 -> 6 sign 1
d 2 i 1 : 5 -> 7 sign 1
d 3 i 0 : 4 -> 7 sign -1
d 1 i 0 : 2 -> 6 sign -1
d 2 i 0 : 3 -> 6 sign 1
d 2 i 1 : 5 -> 7 sign 1
d 3 i 0 : 4 -> 7 sign -1
d 1 i 0 : 2 -> 6 sign -1
d 2 i 0 : 3 -> 6 sign 1
d 2 i 1 : 5 -> 7 sign 1
d 3 i 0 : 4 -> 7 sign -1
88: Pseudopotential
d 1 i 0 : 2 -> 6 sign -1
d 1 i 0 : 2 -> 6 sign -1
d 2 i 0 : 3 -> 6 sign 1
d 2 i 1 : 5 -> 7 sign 1
d 3 i 0 : 4 -> 7 sign -1
139: Pseudopotential
360: Pseudopotential
195: Pseudopotential
496: Pseudopotential
267: Pseudopotential
113: Pseudopotential
d 2 i 0 : 3 -> 6 sign 1
444: Pseudopotential
d 1 i 0 : 2 -> 6 sign -1
d 2 i 0 : 3 -> 6 sign 1
d 2 i 1 : 5 -> 7 sign 1
d 3 i 0 : 4 -> 7 sign -1
344: Pseudopotential
d 1 i 0 : 2 -> 6 sign -1
d 2 i 0 : 3 -> 6 sign 1
d 2 i 1 : 5 -> 7 sign 1
d 3 i 0 : 4 -> 7 sign -1
220: Pseudopotential
d 1 i 0 : 2 -> 6 sign -1
d 2 i 0 : 3 -> 6 sign 1
d 2 i 1 : 5 -> 7 sign 1
d 3 i 0 : 4 -> 7 sign -1
d 1 i 0 : 2 -> 6 sign -1
d 2 i 0 : 3 -> 6 sign 1
d 2 i 1 : 5 -> 7 sign 1
d 3 i 0 : 4 -> 7 sign -1
283: Pseudopotential
d 1 i 0 : 2 -> 6 sign -1
d 2 i 0 : 3 -> 6 sign 1
d 2 i 1 : 5 -> 7 sign 1
d 3 i 0 : 4 -> 7 sign -1
124: Pseudopotential
d 2 i 1 : 5 -> 7 sign 1
440: Pseudopotential
184: Pseudopotential
d 1 i 0 : 2 -> 6 sign -1
d 2 i 0 : 3 -> 6 sign 1
d 2 i 1 : 5 -> 7 sign 1
d 3 i 0 : 4 -> 7 sign -1
d 1 i 0 : 2 -> 6 sign -1
d 2 i 0 : 3 -> 6 sign 1
d 2 i 1 : 5 -> 7 sign 1
d 3 i 0 : 4 -> 7 sign -1
216: Pseudopotential
464: Pseudopotential
299: Pseudopotential
126: Pseudopotential
d 3 i 0 : 4 -> 7 sign -1
d 1 i 0 : 2 -> 6 sign -1
d 2 i 0 : 3 -> 6 sign 1
d 2 i 1 : 5 -> 7 sign 1
d 3 i 0 : 4 -> 7 sign -1
d 1 i 0 : 2 -> 6 sign -1
d 2 i 0 : 3 -> 6 sign 1
d 2 i 1 : 5 -> 7 sign 1
d 3 i 0 : 4 -> 7 sign -1
352: Pseudopotential
d 1 i 0 : 2 -> 6 sign -1
d 2 i 0 : 3 -> 6 sign 1
d 2 i 1 : 5 -> 7 sign 1
d 3 i 0 : 4 -> 7 sign -1
d 1 i 0 : 2 -> 6 sign -1
d 2 i 0 : 3 -> 6 sign 1
d 2 i 1 : 5 -> 7 sign 1
d 3 i 0 : 4 -> 7 sign -1
d 1 i 0 : 2 -> 6 sign -1
d 2 i 0 : 3 -> 6 sign 1
d 2 i 1 : 5 -> 7 sign 1
d 3 i 0 : 4 -> 7 sign -1
d 1 i 0 : 2 -> 6 sign -1
d 2 i 0 : 3 -> 6 sign 1
d 2 i 1 : 5 -> 7 sign 1
d 3 i 0 : 4 -> 7 sign -1
53: Pseudopotential
392: Pseudopotential
141: Pseudopotential
d 1 i 0 : 2 -> 6 sign -1
d 2 i 0 : 3 -> 6 sign 1
d 2 i 1 : 5 -> 7 sign 1
d 3 i 0 : 4 -> 7 sign -1
252: Pseudopotential
472: Pseudopotential
d 1 i 0 : 2 -> 6 sign -1
d 2 i 0 : 3 -> 6 sign 1
d 2 i 1 : 5 -> 7 sign 1
d 3 i 0 : 4 -> 7 sign -1
d 1 i 0 : 2 -> 6 sign -1
d 2 i 0 : 3 -> 6 sign 1
d 2 i 1 : 5 -> 7 sign 1
d 3 i 0 : 4 -> 7 sign -1
70: Pseudopotential
d 1 i 0 : 2 -> 6 sign -1
d 2 i 0 : 3 -> 6 sign 1
d 2 i 1 : 5 -> 7 sign 1
d 3 i 0 : 4 -> 7 sign -1
d 1 i 0 : 2 -> 6 sign -1
d 2 i 0 : 3 -> 6 sign 1
d 2 i 1 : 5 -> 7 sign 1
d 3 i 0 : 4 -> 7 sign -1
327: Pseudopotential
d 1 i 0 : 2 -> 6 sign -1
d 2 i 0 : 3 -> 6 sign 1
d 2 i 1 : 5 -> 7 sign 1
d 3 i 0 : 4 -> 7 sign -1
d 1 i 0 : 2 -> 6 sign -1
d 2 i 0 : 3 -> 6 sign 1
d 2 i 1 : 5 -> 7 sign 1
d 3 i 0 : 4 -> 7 sign -1
d 1 i 0 : 2 -> 6 sign -1
d 2 i 0 : 3 -> 6 sign 1
d 2 i 1 : 5 -> 7 sign 1
d 3 i 0 : 4 -> 7 sign -1
279: Pseudopotential
d 1 i 0 : 2 -> 6 sign -1
d 2 i 0 : 3 -> 6 sign 1
d 2 i 1 : 5 -> 7 sign 1
d 3 i 0 : 4 -> 7 sign -1
71: Pseudopotential
424: Pseudopotential
d 1 i 0 : 2 -> 6 sign -1
d 2 i 0 : 3 -> 6 sign 1
d 2 i 1 : 5 -> 7 sign 1
d 3 i 0 : 4 -> 7 sign -1
d 1 i 0 : 2 -> 6 sign -1
d 2 i 0 : 3 -> 6 sign 1
d 2 i 1 : 5 -> 7 sign 1
d 3 i 0 : 4 -> 7 sign -1
326: Pseudopotential
d 1 i 0 : 2 -> 6 sign -1
d 2 i 0 : 3 -> 6 sign 1
d 2 i 1 : 5 -> 7 sign 1
d 3 i 0 : 4 -> 7 sign -1
224: Pseudopotential
491: Pseudopotential
309: Pseudopotential
68: Pseudopotential
d 1 i 0 : 2 -> 6 sign -1
d 2 i 0 : 3 -> 6 sign 1
d 2 i 1 : 5 -> 7 sign 1
d 3 i 0 : 4 -> 7 sign -1
144: Pseudopotential
d 1 i 0 : 2 -> 6 sign -1
d 2 i 0 : 3 -> 6 sign 1
d 2 i 1 : 5 -> 7 sign 1
d 3 i 0 : 4 -> 7 sign -1
197: Pseudopotential
d 1 i 0 : 2 -> 6 sign -1
d 2 i 0 : 3 -> 6 sign 1
d 2 i 1 : 5 -> 7 sign 1
d 3 i 0 : 4 -> 7 sign -1
311: Pseudopotential
d 1 i 0 : 2 -> 6 sign -1
d 2 i 0 : 3 -> 6 sign 1
d 2 i 1 : 5 -> 7 sign 1
d 3 i 0 : 4 -> 7 sign -1
387: Pseudopotential
136: Pseudopotential
320: Pseudopotential
d 1 i 0 : 2 -> 6 sign -1
d 2 i 0 : 3 -> 6 sign 1
d 2 i 1 : 5 -> 7 sign 1
d 3 i 0 : 4 -> 7 sign -1
d 1 i 0 : 2 -> 6 sign -1
d 2 i 0 : 3 -> 6 sign 1
d 2 i 1 : 5 -> 7 sign 1
d 3 i 0 : 4 -> 7 sign -1
d 1 i 0 : 2 -> 6 sign -1
d 2 i 0 : 3 -> 6 sign 1
d 2 i 1 : 5 -> 7 sign 1
d 3 i 0 : 4 -> 7 sign -1
86: Pseudopotential
d 1 i 0 : 2 -> 6 sign -1
d 2 i 0 : 3 -> 6 sign 1
d 2 i 1 : 5 -> 7 sign 1
d 3 i 0 : 4 -> 7 sign -1
419: Pseudopotential
d 1 i 0 : 2 -> 6 sign -1
d 2 i 0 : 3 -> 6 sign 1
d 2 i 1 : 5 -> 7 sign 1
d 3 i 0 : 4 -> 7 sign -1
d 1 i 0 : 2 -> 6 sign -1
d 2 i 0 : 3 -> 6 sign 1
d 2 i 1 : 5 -> 7 sign 1
d 3 i 0 : 4 -> 7 sign -1
d 1 i 0 : 2 -> 6 sign -1
d 2 i 0 : 3 -> 6 sign 1
d 2 i 1 : 5 -> 7 sign 1
d 3 i 0 : 4 -> 7 sign -1
452: Pseudopotential
d 1 i 0 : 2 -> 6 sign -1
d 2 i 0 : 3 -> 6 sign 1
d 2 i 1 : 5 -> 7 sign 1
d 3 i 0 : 4 -> 7 sign -1
d 1 i 0 : 2 -> 6 sign -1
d 2 i 0 : 3 -> 6 sign 1
d 2 i 1 : 5 -> 7 sign 1
d 3 i 0 : 4 -> 7 sign -1
120: Pseudopotential
d 1 i 0 : 2 -> 6 sign -1
d 2 i 0 : 3 -> 6 sign 1
d 2 i 1 : 5 -> 7 sign 1
d 3 i 0 : 4 -> 7 sign -1
d 1 i 0 : 2 -> 6 sign -1
d 2 i 0 : 3 -> 6 sign 1
d 2 i 1 : 5 -> 7 sign 1
d 3 i 0 : 4 -> 7 sign -1
341: Pseudopotential
244: Pseudopotential
454: Pseudopotential
285: Pseudopotential
d 1 i 0 : 2 -> 6 sign -1
d 2 i 0 : 3 -> 6 sign 1
d 2 i 1 : 5 -> 7 sign 1
d 3 i 0 : 4 -> 7 sign -1
112: Pseudopotential
d 1 i 0 : 2 -> 6 sign -1
d 2 i 0 : 3 -> 6 sign 1
d 2 i 1 : 5 -> 7 sign 1
d 3 i 0 : 4 -> 7 sign -1
427: Pseudopotential
d 1 i 0 : 2 -> 6 sign -1
d 2 i 0 : 3 -> 6 sign 1
d 2 i 1 : 5 -> 7 sign 1
d 3 i 0 : 4 -> 7 sign -1
d 1 i 0 : 2 -> 6 sign -1
d 2 i 0 : 3 -> 6 sign 1
d 2 i 1 : 5 -> 7 sign 1
d 3 i 0 : 4 -> 7 sign -1
246: Pseudopotential
d 1 i 0 : 2 -> 6 sign -1
d 2 i 0 : 3 -> 6 sign 1
d 2 i 1 : 5 -> 7 sign 1
d 3 i 0 : 4 -> 7 sign -1
296: Pseudopotential
d 1 i 0 : 2 -> 6 sign -1
d 2 i 0 : 3 -> 6 sign 1
d 2 i 1 : 5 -> 7 sign 1
d 3 i 0 : 4 -> 7 sign -1
391: Pseudopotential
168: Pseudopotential
336: Pseudopotential
d 1 i 0 : 2 -> 6 sign -1
d 2 i 0 : 3 -> 6 sign 1
d 2 i 1 : 5 -> 7 sign 1
d 3 i 0 : 4 -> 7 sign -1
248: Pseudopotential
d 1 i 0 : 2 -> 6 sign -1
d 2 i 0 : 3 -> 6 sign 1
d 2 i 1 : 5 -> 7 sign 1
d 3 i 0 : 4 -> 7 sign -1
d 1 i 0 : 2 -> 6 sign -1
d 2 i 0 : 3 -> 6 sign 1
d 2 i 1 : 5 -> 7 sign 1
d 3 i 0 : 4 -> 7 sign -1
d 1 i 0 : 2 -> 6 sign -1
d 2 i 0 : 3 -> 6 sign 1
d 2 i 1 : 5 -> 7 sign 1
d 3 i 0 : 4 -> 7 sign -1
d 1 i 0 : 2 -> 6 sign -1
d 2 i 0 : 3 -> 6 sign 1
d 2 i 1 : 5 -> 7 sign 1
d 3 i 0 : 4 -> 7 sign -1
d 1 i 0 : 2 -> 6 sign -1
d 2 i 0 : 3 -> 6 sign 1
d 2 i 1 : 5 -> 7 sign 1
d 3 i 0 : 4 -> 7 sign -1
d 1 i 0 : 2 -> 6 sign -1
d 2 i 0 : 3 -> 6 sign 1
d 2 i 1 : 5 -> 7 sign 1
d 3 i 0 : 4 -> 7 sign -1
d 1 i 0 : 2 -> 6 sign -1
d 2 i 0 : 3 -> 6 sign 1
d 2 i 1 : 5 -> 7 sign 1
d 3 i 0 : 4 -> 7 sign -1
194: Pseudopotential
453: Pseudopotential
264: Pseudopotential
118: Pseudopotential
443: Pseudopotential
134: Pseudopotential
d 1 i 0 : 2 -> 6 sign -1
d 2 i 0 : 3 -> 6 sign 1
d 2 i 1 : 5 -> 7 sign 1
d 3 i 0 : 4 -> 7 sign -1
d 1 i 0 : 2 -> 6 sign -1
d 2 i 0 : 3 -> 6 sign 1
d 2 i 1 : 5 -> 7 sign 1
d 3 i 0 : 4 -> 7 sign -1
455: Pseudopotential
d 1 i 0 : 2 -> 6 sign -1
d 2 i 0 : 3 -> 6 sign 1
d 2 i 1 : 5 -> 7 sign 1
d 3 i 0 : 4 -> 7 sign -1
d 1 i 0 : 2 -> 6 sign -1
d 2 i 0 : 3 -> 6 sign 1
d 2 i 1 : 5 -> 7 sign 1
d 3 i 0 : 4 -> 7 sign -1
d 1 i 0 : 2 -> 6 sign -1
d 2 i 0 : 3 -> 6 sign 1
d 2 i 1 : 5 -> 7 sign 1
d 3 i 0 : 4 -> 7 sign -1
128: Pseudopotential
340: Pseudopotential
d 1 i 0 : 2 -> 6 sign -1
d 2 i 0 : 3 -> 6 sign 1
d 2 i 1 : 5 -> 7 sign 1
d 3 i 0 : 4 -> 7 sign -1
d 1 i 0 : 2 -> 6 sign -1
d 2 i 0 : 3 -> 6 sign 1
d 2 i 1 : 5 -> 7 sign 1
d 3 i 0 : 4 -> 7 sign -1
304: Pseudopotential
80: Pseudopotential
384: Pseudopotential
132: Pseudopotential
342: Pseudopotential
d 1 i 0 : 2 -> 6 sign -1
d 2 i 0 : 3 -> 6 sign 1
d 2 i 1 : 5 -> 7 sign 1
d 3 i 0 : 4 -> 7 sign -1
448: Pseudopotential
d 1 i 0 : 2 -> 6 sign -1
d 2 i 0 : 3 -> 6 sign 1
d 2 i 1 : 5 -> 7 sign 1
d 3 i 0 : 4 -> 7 sign -1
64: Pseudopotential
d 1 i 0 : 2 -> 6 sign -1
d 2 i 0 : 3 -> 6 sign 1
d 2 i 1 : 5 -> 7 sign 1
d 3 i 0 : 4 -> 7 sign -1
d 1 i 0 : 2 -> 6 sign -1
d 2 i 0 : 3 -> 6 sign 1
d 2 i 1 : 5 -> 7 sign 1
d 3 i 0 : 4 -> 7 sign -1
d 1 i 0 : 2 -> 6 sign -1
d 2 i 0 : 3 -> 6 sign 1
d 2 i 1 : 5 -> 7 sign 1
d 3 i 0 : 4 -> 7 sign -1
199: Pseudopotential
d 1 i 0 : 2 -> 6 sign -1
d 2 i 0 : 3 -> 6 sign 1
d 2 i 1 : 5 -> 7 sign 1
d 3 i 0 : 4 -> 7 sign -1
d 1 i 0 : 2 -> 6 sign -1
d 2 i 0 : 3 -> 6 sign 1
d 2 i 1 : 5 -> 7 sign 1
d 3 i 0 : 4 -> 7 sign -1
d 1 i 0 : 2 -> 6 sign -1
d 2 i 0 : 3 -> 6 sign 1
d 2 i 1 : 5 -> 7 sign 1
d 3 i 0 : 4 -> 7 sign -1
389: Pseudopotential
166: Pseudopotential
376: Pseudopotential
196: Pseudopotential
d 1 i 0 : 2 -> 6 sign -1
d 2 i 0 : 3 -> 6 sign 1
d 2 i 1 : 5 -> 7 sign 1
d 3 i 0 : 4 -> 7 sign -1
d 1 i 0 : 2 -> 6 sign -1
d 2 i 0 : 3 -> 6 sign 1
d 2 i 1 : 5 -> 7 sign 1
d 3 i 0 : 4 -> 7 sign -1
288: Pseudopotential
d 1 i 0 : 2 -> 6 sign -1
d 2 i 0 : 3 -> 6 sign 1
d 2 i 1 : 5 -> 7 sign 1
d 3 i 0 : 4 -> 7 sign -1
d 1 i 0 : 2 -> 6 sign -1
d 2 i 0 : 3 -> 6 sign 1
d 2 i 1 : 5 -> 7 sign 1
d 3 i 0 : 4 -> 7 sign -1
432: Pseudopotential
d 1 i 0 : 2 -> 6 sign -1
d 2 i 0 : 3 -> 6 sign 1
d 2 i 1 : 5 -> 7 sign 1
d 3 i 0 : 4 -> 7 sign -1
d 1 i 0 : 2 -> 6 sign -1
d 2 i 0 : 3 -> 6 sign 1
d 2 i 1 : 5 -> 7 sign 1
d 3 i 0 : 4 -> 7 sign -1
192: Pseudopotential
456: Pseudopotential
294: Pseudopotential
79: Pseudopotential
d 1 i 0 : 2 -> 6 sign -1
d 2 i 0 : 3 -> 6 sign 1
d 2 i 1 : 5 -> 7 sign 1
d 3 i 0 : 4 -> 7 sign -1
433: Pseudopotential
176: Pseudopotential
325: Pseudopotential
d 1 i 0 : 2 -> 6 sign -1
d 2 i 0 : 3 -> 6 sign 1
d 2 i 1 : 5 -> 7 sign 1
d 3 i 0 : 4 -> 7 sign -1
457: Pseudopotential
295: Pseudopotential
72: Pseudopotential
d 1 i 0 : 2 -> 6 sign -1
d 2 i 0 : 3 -> 6 sign 1
d 2 i 1 : 5 -> 7 sign 1
d 3 i 0 : 4 -> 7 sign -1
177: Pseudopotential
d 1 i 0 : 2 -> 6 sign -1
d 2 i 0 : 3 -> 6 sign 1
d 2 i 1 : 5 -> 7 sign 1
d 3 i 0 : 4 -> 7 sign -1
222: Pseudopotential
d 1 i 0 : 2 -> 6 sign -1
d 2 i 0 : 3 -> 6 sign 1
d 2 i 1 : 5 -> 7 sign 1
d 3 i 0 : 4 -> 7 sign -1
d 1 i 0 : 2 -> 6 sign -1
d 2 i 0 : 3 -> 6 sign 1
d 2 i 1 : 5 -> 7 sign 1
d 3 i 0 : 4 -> 7 sign -1
d 1 i 0 : 2 -> 6 sign -1
d 2 i 0 : 3 -> 6 sign 1
d 2 i 1 : 5 -> 7 sign 1
d 3 i 0 : 4 -> 7 sign -1
329: Pseudopotential
d 1 i 0 : 2 -> 6 sign -1
d 2 i 0 : 3 -> 6 sign 1
d 2 i 1 : 5 -> 7 sign 1
d 3 i 0 : 4 -> 7 sign -1
261: Pseudopotential
69: Pseudopotential
d 1 i 0 : 2 -> 6 sign -1
d 2 i 0 : 3 -> 6 sign 1
d 2 i 1 : 5 -> 7 sign 1
d 3 i 0 : 4 -> 7 sign -1
334: Pseudopotential
508: Pseudopotential
d 1 i 0 : 2 -> 6 sign -1
d 2 i 0 : 3 -> 6 sign 1
d 2 i 1 : 5 -> 7 sign 1
d 3 i 0 : 4 -> 7 sign -1
d 1 i 0 : 2 -> 6 sign -1
d 2 i 0 : 3 -> 6 sign 1
d 2 i 1 : 5 -> 7 sign 1
d 3 i 0 : 4 -> 7 sign -1
78: Pseudopotential
451: Pseudopotential
d 1 i 0 : 2 -> 6 sign -1
d 2 i 0 : 3 -> 6 sign 1
d 2 i 1 : 5 -> 7 sign 1
d 3 i 0 : 4 -> 7 sign -1
d 1 i 0 : 2 -> 6 sign -1
d 2 i 0 : 3 -> 6 sign 1
d 2 i 1 : 5 -> 7 sign 1
d 3 i 0 : 4 -> 7 sign -1
277: Pseudopotential
467: Pseudopotential
76: Pseudopotential
Could not open I.df.config. Generating configurations from scratch
d 1 i 0 : 2 -> 6 sign -1
d 1 i 0 : 2 -> 6 sign -1
d 2 i 0 : 3 -> 6 sign 1
d 2 i 1 : 5 -> 7 sign 1
d 3 i 0 : 4 -> 7 sign -1
242: Pseudopotential
d 2 i 0 : 3 -> 6 sign 1
d 2 i 1 : 5 -> 7 sign 1
d 3 i 0 : 4 -> 7 sign -1
243: Pseudopotential
d 1 i 0 : 2 -> 6 sign -1
d 2 i 0 : 3 -> 6 sign 1
d 2 i 1 : 5 -> 7 sign 1
d 3 i 0 : 4 -> 7 sign -1
240: Pseudopotential
256: Timestep is 1.60398
64: Timestep is 1.60398
384: Timestep is 1.60398
128: Timestep is 1.60398
320: Timestep is 1.60398
192: Timestep is 1.60398
257: Timestep is 1.60398
385: Timestep is 1.60398
129: Timestep is 1.60398
321: Timestep is 1.60398
448: Timestep is 1.60398
258: Timestep is 1.60398
65: Timestep is 1.60398
386: Timestep is 1.60398
130: Timestep is 1.60398
322: Timestep is 1.60398
193: Timestep is 1.60398
449: Timestep is 1.60398
259: Timestep is 1.60398
66: Timestep is 1.60398
387: Timestep is 1.60398
131: Timestep is 1.60398
323: Timestep is 1.60398
194: Timestep is 1.60398
450: Timestep is 1.60398
260: Timestep is 1.60398
67: Timestep is 1.60398
388: Timestep is 1.60398
132: Timestep is 1.60398
324: Timestep is 1.60398
195: Timestep is 1.60398
451: Timestep is 1.60398
68: Timestep is 1.60398
389: Timestep is 1.60398
133: Timestep is 1.60398
325: Timestep is 1.60398
196: Timestep is 1.60398
452: Timestep is 1.60398
261: Timestep is 1.60398
69: Timestep is 1.60398
390: Timestep is 1.60398
134: Timestep is 1.60398
326: Timestep is 1.60398
197: Timestep is 1.60398
262: Timestep is 1.60398
391: Timestep is 1.60398
135: Timestep is 1.60398
327: Timestep is 1.60398
198: Timestep is 1.60398
453: Timestep is 1.60398
263: Timestep is 1.60398
70: Timestep is 1.60398
392: Timestep is 1.60398
136: Timestep is 1.60398
328: Timestep is 1.60398
199: Timestep is 1.60398
454: Timestep is 1.60398
264: Timestep is 1.60398
71: Timestep is 1.60398
393: Timestep is 1.60398
137: Timestep is 1.60398
329: Timestep is 1.60398
200: Timestep is 1.60398
455: Timestep is 1.60398
265: Timestep is 1.60398
72: Timestep is 1.60398
394: Timestep is 1.60398
138: Timestep is 1.60398
330: Timestep is 1.60398
201: Timestep is 1.60398
456: Timestep is 1.60398
266: Timestep is 1.60398
73: Timestep is 1.60398
395: Timestep is 1.60398
139: Timestep is 1.60398
331: Timestep is 1.60398
202: Timestep is 1.60398
457: Timestep is 1.60398
267: Timestep is 1.60398
74: Timestep is 1.60398
0: Timestep is 1.60398
396: Timestep is 1.60398
140: Timestep is 1.60398
332: Timestep is 1.60398
203: Timestep is 1.60398
458: Timestep is 1.60398
268: Timestep is 1.60398
75: Timestep is 1.60398
3: Timestep is 1.60398
397: Timestep is 1.60398
141: Timestep is 1.60398
333: Timestep is 1.60398
204: Timestep is 1.60398
459: Timestep is 1.60398
76: Timestep is 1.60398
398: Timestep is 1.60398
142: Timestep is 1.60398
334: Timestep is 1.60398
205: Timestep is 1.60398
460: Timestep is 1.60398
269: Timestep is 1.60398
77: Timestep is 1.60398
4: Timestep is 1.60398
399: Timestep is 1.60398
143: Timestep is 1.60398
335: Timestep is 1.60398
206: Timestep is 1.60398
461: Timestep is 1.60398
270: Timestep is 1.60398
79: Timestep is 1.60398
400: Timestep is 1.60398
144: Timestep is 1.60398
336: Timestep is 1.60398
207: Timestep is 1.60398
271: Timestep is 1.60398
80: Timestep is 1.60398
401: Timestep is 1.60398
146: Timestep is 1.60398
337: Timestep is 1.60398
208: Timestep is 1.60398
462: Timestep is 1.60398
272: Timestep is 1.60398
5: Timestep is 1.60398
402: Timestep is 1.60398
147: Timestep is 1.60398
338: Timestep is 1.60398
209: Timestep is 1.60398
463: Timestep is 1.60398
273: Timestep is 1.60398
81: Timestep is 1.60398
6: Timestep is 1.60398
403: Timestep is 1.60398
148: Timestep is 1.60398
339: Timestep is 1.60398
210: Timestep is 1.60398
464: Timestep is 1.60398
274: Timestep is 1.60398
82: Timestep is 1.60398
7: Timestep is 1.60398
404: Timestep is 1.60398
149: Timestep is 1.60398
340: Timestep is 1.60398
211: Timestep is 1.60398
465: Timestep is 1.60398
275: Timestep is 1.60398
83: Timestep is 1.60398
405: Timestep is 1.60398
150: Timestep is 1.60398
341: Timestep is 1.60398
212: Timestep is 1.60398
466: Timestep is 1.60398
276: Timestep is 1.60398
84: Timestep is 1.60398
8: Timestep is 1.60398
406: Timestep is 1.60398
151: Timestep is 1.60398
342: Timestep is 1.60398
213: Timestep is 1.60398
467: Timestep is 1.60398
277: Timestep is 1.60398
85: Timestep is 1.60398
9: Timestep is 1.60398
407: Timestep is 1.60398
152: Timestep is 1.60398
343: Timestep is 1.60398
214: Timestep is 1.60398
468: Timestep is 1.60398
279: Timestep is 1.60398
86: Timestep is 1.60398
10: Timestep is 1.60398
408: Timestep is 1.60398
153: Timestep is 1.60398
344: Timestep is 1.60398
215: Timestep is 1.60398
469: Timestep is 1.60398
280: Timestep is 1.60398
87: Timestep is 1.60398
11: Timestep is 1.60398
409: Timestep is 1.60398
154: Timestep is 1.60398
345: Timestep is 1.60398
216: Timestep is 1.60398
470: Timestep is 1.60398
281: Timestep is 1.60398
88: Timestep is 1.60398
12: Timestep is 1.60398
410: Timestep is 1.60398
155: Timestep is 1.60398
346: Timestep is 1.60398
217: Timestep is 1.60398
471: Timestep is 1.60398
282: Timestep is 1.60398
89: Timestep is 1.60398
13: Timestep is 1.60398
411: Timestep is 1.60398
156: Timestep is 1.60398
347: Timestep is 1.60398
218: Timestep is 1.60398
472: Timestep is 1.60398
283: Timestep is 1.60398
90: Timestep is 1.60398
14: Timestep is 1.60398
412: Timestep is 1.60398
157: Timestep is 1.60398
348: Timestep is 1.60398
219: Timestep is 1.60398
473: Timestep is 1.60398
284: Timestep is 1.60398
91: Timestep is 1.60398
15: Timestep is 1.60398
413: Timestep is 1.60398
158: Timestep is 1.60398
349: Timestep is 1.60398
220: Timestep is 1.60398
474: Timestep is 1.60398
285: Timestep is 1.60398
92: Timestep is 1.60398
16: Timestep is 1.60398
414: Timestep is 1.60398
159: Timestep is 1.60398
350: Timestep is 1.60398
221: Timestep is 1.60398
475: Timestep is 1.60398
286: Timestep is 1.60398
93: Timestep is 1.60398
17: Timestep is 1.60398
415: Timestep is 1.60398
160: Timestep is 1.60398
351: Timestep is 1.60398
222: Timestep is 1.60398
476: Timestep is 1.60398
287: Timestep is 1.60398
94: Timestep is 1.60398
18: Timestep is 1.60398
416: Timestep is 1.60398
161: Timestep is 1.60398
352: Timestep is 1.60398
223: Timestep is 1.60398
477: Timestep is 1.60398
95: Timestep is 1.60398
19: Timestep is 1.60398
417: Timestep is 1.60398
162: Timestep is 1.60398
224: Timestep is 1.60398
478: Timestep is 1.60398
288: Timestep is 1.60398
96: Timestep is 1.60398
20: Timestep is 1.60398
418: Timestep is 1.60398
163: Timestep is 1.60398
353: Timestep is 1.60398
225: Timestep is 1.60398
479: Timestep is 1.60398
289: Timestep is 1.60398
97: Timestep is 1.60398
21: Timestep is 1.60398
419: Timestep is 1.60398
164: Timestep is 1.60398
354: Timestep is 1.60398
226: Timestep is 1.60398
480: Timestep is 1.60398
290: Timestep is 1.60398
98: Timestep is 1.60398
22: Timestep is 1.60398
420: Timestep is 1.60398
165: Timestep is 1.60398
355: Timestep is 1.60398
227: Timestep is 1.60398
291: Timestep is 1.60398
99: Timestep is 1.60398
23: Timestep is 1.60398
421: Timestep is 1.60398
166: Timestep is 1.60398
356: Timestep is 1.60398
228: Timestep is 1.60398
481: Timestep is 1.60398
292: Timestep is 1.60398
100: Timestep is 1.60398
24: Timestep is 1.60398
422: Timestep is 1.60398
167: Timestep is 1.60398
357: Timestep is 1.60398
229: Timestep is 1.60398
482: Timestep is 1.60398
293: Timestep is 1.60398
101: Timestep is 1.60398
25: Timestep is 1.60398
423: Timestep is 1.60398
168: Timestep is 1.60398
358: Timestep is 1.60398
230: Timestep is 1.60398
483: Timestep is 1.60398
294: Timestep is 1.60398
26: Timestep is 1.60398
424: Timestep is 1.60398
169: Timestep is 1.60398
359: Timestep is 1.60398
231: Timestep is 1.60398
484: Timestep is 1.60398
295: Timestep is 1.60398
102: Timestep is 1.60398
27: Timestep is 1.60398
425: Timestep is 1.60398
170: Timestep is 1.60398
360: Timestep is 1.60398
232: Timestep is 1.60398
485: Timestep is 1.60398
296: Timestep is 1.60398
103: Timestep is 1.60398
28: Timestep is 1.60398
426: Timestep is 1.60398
171: Timestep is 1.60398
361: Timestep is 1.60398
233: Timestep is 1.60398
486: Timestep is 1.60398
297: Timestep is 1.60398
104: Timestep is 1.60398
29: Timestep is 1.60398
427: Timestep is 1.60398
172: Timestep is 1.60398
362: Timestep is 1.60398
234: Timestep is 1.60398
487: Timestep is 1.60398
298: Timestep is 1.60398
105: Timestep is 1.60398
30: Timestep is 1.60398
428: Timestep is 1.60398
173: Timestep is 1.60398
363: Timestep is 1.60398
235: Timestep is 1.60398
488: Timestep is 1.60398
299: Timestep is 1.60398
106: Timestep is 1.60398
31: Timestep is 1.60398
429: Timestep is 1.60398
174: Timestep is 1.60398
364: Timestep is 1.60398
489: Timestep is 1.60398
300: Timestep is 1.60398
107: Timestep is 1.60398
32: Timestep is 1.60398
430: Timestep is 1.60398
175: Timestep is 1.60398
365: Timestep is 1.60398
236: Timestep is 1.60398
490: Timestep is 1.60398
301: Timestep is 1.60398
108: Timestep is 1.60398
33: Timestep is 1.60398
431: Timestep is 1.60398
176: Timestep is 1.60398
366: Timestep is 1.60398
237: Timestep is 1.60398
491: Timestep is 1.60398
302: Timestep is 1.60398
109: Timestep is 1.60398
34: Timestep is 1.60398
432: Timestep is 1.60398
177: Timestep is 1.60398
367: Timestep is 1.60398
238: Timestep is 1.60398
492: Timestep is 1.60398
303: Timestep is 1.60398
110: Timestep is 1.60398
35: Timestep is 1.60398
434: Timestep is 1.60398
178: Timestep is 1.60398
368: Timestep is 1.60398
239: Timestep is 1.60398
493: Timestep is 1.60398
304: Timestep is 1.60398
111: Timestep is 1.60398
36: Timestep is 1.60398
435: Timestep is 1.60398
179: Timestep is 1.60398
369: Timestep is 1.60398
240: Timestep is 1.60398
494: Timestep is 1.60398
305: Timestep is 1.60398
112: Timestep is 1.60398
37: Timestep is 1.60398
436: Timestep is 1.60398
180: Timestep is 1.60398
370: Timestep is 1.60398
241: Timestep is 1.60398
495: Timestep is 1.60398
306: Timestep is 1.60398
113: Timestep is 1.60398
38: Timestep is 1.60398
437: Timestep is 1.60398
181: Timestep is 1.60398
371: Timestep is 1.60398
243: Timestep is 1.60398
496: Timestep is 1.60398
307: Timestep is 1.60398
114: Timestep is 1.60398
39: Timestep is 1.60398
438: Timestep is 1.60398
182: Timestep is 1.60398
372: Timestep is 1.60398
244: Timestep is 1.60398
497: Timestep is 1.60398
308: Timestep is 1.60398
115: Timestep is 1.60398
40: Timestep is 1.60398
439: Timestep is 1.60398
183: Timestep is 1.60398
373: Timestep is 1.60398
245: Timestep is 1.60398
498: Timestep is 1.60398
309: Timestep is 1.60398
116: Timestep is 1.60398
41: Timestep is 1.60398
440: Timestep is 1.60398
184: Timestep is 1.60398
374: Timestep is 1.60398
246: Timestep is 1.60398
500: Timestep is 1.60398
310: Timestep is 1.60398
117: Timestep is 1.60398
42: Timestep is 1.60398
441: Timestep is 1.60398
185: Timestep is 1.60398
375: Timestep is 1.60398
247: Timestep is 1.60398
501: Timestep is 1.60398
311: Timestep is 1.60398
118: Timestep is 1.60398
43: Timestep is 1.60398
442: Timestep is 1.60398
186: Timestep is 1.60398
376: Timestep is 1.60398
248: Timestep is 1.60398
502: Timestep is 1.60398
312: Timestep is 1.60398
119: Timestep is 1.60398
44: Timestep is 1.60398
443: Timestep is 1.60398
187: Timestep is 1.60398
377: Timestep is 1.60398
249: Timestep is 1.60398
503: Timestep is 1.60398
313: Timestep is 1.60398
120: Timestep is 1.60398
45: Timestep is 1.60398
444: Timestep is 1.60398
188: Timestep is 1.60398
378: Timestep is 1.60398
250: Timestep is 1.60398
504: Timestep is 1.60398
314: Timestep is 1.60398
121: Timestep is 1.60398
46: Timestep is 1.60398
445: Timestep is 1.60398
189: Timestep is 1.60398
380: Timestep is 1.60398
251: Timestep is 1.60398
505: Timestep is 1.60398
315: Timestep is 1.60398
122: Timestep is 1.60398
47: Timestep is 1.60398
446: Timestep is 1.60398
190: Timestep is 1.60398
381: Timestep is 1.60398
252: Timestep is 1.60398
506: Timestep is 1.60398
316: Timestep is 1.60398
123: Timestep is 1.60398
48: Timestep is 1.60398
447: Timestep is 1.60398
191: Timestep is 1.60398
382: Timestep is 1.60398
253: Timestep is 1.60398
507: Timestep is 1.60398
317: Timestep is 1.60398
124: Timestep is 1.60398
49: Timestep is 1.60398
383: Timestep is 1.60398
254: Timestep is 1.60398
508: Timestep is 1.60398
318: Timestep is 1.60398
125: Timestep is 1.60398
50: Timestep is 1.60398
255: Timestep is 1.60398
509: Timestep is 1.60398
319: Timestep is 1.60398
126: Timestep is 1.60398
51: Timestep is 1.60398
242: Timestep is 1.60398
510: Timestep is 1.60398
127: Timestep is 1.60398
52: Timestep is 1.60398
511: Timestep is 1.60398
53: Timestep is 1.60398
54: Timestep is 1.60398
55: Timestep is 1.60398
56: Timestep is 1.60398
57: Timestep is 1.60398
58: Timestep is 1.60398
59: Timestep is 1.60398
60: Timestep is 1.60398
61: Timestep is 1.60398
62: Timestep is 1.60398
63: Timestep is 1.60398
1: Timestep is 1.60398
379: Timestep is 1.60398
78: Timestep is 1.60398
499: Timestep is 1.60398
433: Timestep is 1.60398
278: Timestep is 1.60398
145: Timestep is 1.60398
2: Timestep is 1.60398
1: Write took 0 seconds
1: Write took 0 seconds
1: Write took 0 seconds
1: Write took 0 seconds
1: Write took 0 seconds
