#-------------------------------------------------
#VMC run: timestep 0.47 nconfig 5120 steps 30
#-------------------------------------------------


init { 
   label vmc
}
block { 
   label vmc
   totweight 153600
   nautocorr 0
   total_energy { -67.88287622738387   } 
   total_energyvar { 0.6091181808023597   } 
   weight { 1   } 
   weightvar { 0   } 
   kinetic_energy { 23.86006617962283   } 
   kinetic_energyvar { 56.47712302924479   } 
   potential_energy { -102.4719968080357   } 
   potential_energyvar { 126.3857974393403   } 
   nonlocal_energy { 10.72905440102905   } 
   nonlocal_energyvar { 118.2700037757423   } 
   autocorr_energy { } 
} 

block { 
   label vmc
   totweight 153600
   nautocorr 0
   total_energy { -67.87901733554881   } 
   total_energyvar { 0.6805655271627518   } 
   weight { 1   } 
   weightvar { 0   } 
   kinetic_energy { 23.81373183332231   } 
   kinetic_energyvar { 56.87710532889676   } 
   potential_energy { -102.4282569188862   } 
   potential_energyvar { 126.9820780682298   } 
   nonlocal_energy { 10.7355077500151   } 
   nonlocal_energyvar { 118.3800707650282   } 
   autocorr_energy { } 
} 

block { 
   label vmc
   totweight 153600
   nautocorr 0
   total_energy { -67.8816536513265   } 
   total_energyvar { 0.604468160083439   } 
   weight { 1   } 
   weightvar { 0   } 
   kinetic_energy { 23.80818252943453   } 
   kinetic_energyvar { 55.82672586726243   } 
   potential_energy { -102.3226398980773   } 
   potential_energyvar { 126.4016826722805   } 
   nonlocal_energy { 10.63280371731623   } 
   nonlocal_energyvar { 116.3829372448027   } 
   autocorr_energy { } 
} 

block { 
   label vmc
   totweight 153600
   nautocorr 0
   total_energy { -67.87883402852036   } 
   total_energyvar { 0.6640523926697672   } 
   weight { 1   } 
   weightvar { 0   } 
   kinetic_energy { 23.76869269158869   } 
   kinetic_energyvar { 56.55879802121495   } 
   potential_energy { -102.353611141177   } 
   potential_energyvar { 127.0544054059268   } 
   nonlocal_energy { 10.70608442106799   } 
   nonlocal_energyvar { 117.8031699462422   } 
   autocorr_energy { } 
} 

block { 
   label vmc
   totweight 153600
   nautocorr 0
   total_energy { -67.88036367304365   } 
   total_energyvar { 0.6191303524763029   } 
   weight { 1   } 
   weightvar { 0   } 
   kinetic_energy { 23.80393226015321   } 
   kinetic_energyvar { 55.70786427272512   } 
   potential_energy { -102.432353706771   } 
   potential_energyvar { 126.4021460247326   } 
   nonlocal_energy { 10.74805777357412   } 
   nonlocal_energyvar { 116.1522969434169   } 
   autocorr_energy { } 
} 

block { 
   label vmc
   totweight 153600
   nautocorr 0
   total_energy { -67.88689355196824   } 
   total_energyvar { 0.6007234431911975   } 
   weight { 1   } 
   weightvar { 0   } 
   kinetic_energy { 23.87230368913855   } 
   kinetic_energyvar { 55.46812126001585   } 
   potential_energy { -102.4466540302093   } 
   potential_energyvar { 125.1368725781793   } 
   nonlocal_energy { 10.68745678910255   } 
   nonlocal_energyvar { 114.5093151885625   } 
   autocorr_energy { } 
} 

block { 
   label vmc
   totweight 153600
   nautocorr 0
   total_energy { -67.87784744707488   } 
   total_energyvar { 0.6340443943763142   } 
   weight { 1   } 
   weightvar { 0   } 
   kinetic_energy { 23.85902914455211   } 
   kinetic_energyvar { 55.95549607748342   } 
   potential_energy { -102.3844909655649   } 
   potential_energyvar { 125.4926569006016   } 
   nonlocal_energy { 10.64761437393789   } 
   nonlocal_energyvar { 115.8406977152917   } 
   autocorr_energy { } 
} 

block { 
   label vmc
   totweight 153600
   nautocorr 0
   total_energy { -67.88098598176863   } 
   total_energyvar { 1.835683842390859   } 
   weight { 1   } 
   weightvar { 0   } 
   kinetic_energy { 23.8211738596746   } 
   kinetic_energyvar { 57.25571224721852   } 
   potential_energy { -102.4282078197942   } 
   potential_energyvar { 126.6325052665861   } 
   nonlocal_energy { 10.72604797835095   } 
   nonlocal_energyvar { 116.4781511413943   } 
   autocorr_energy { } 
} 

block { 
   label vmc
   totweight 153600
   nautocorr 0
   total_energy { -67.87773546172102   } 
   total_energyvar { 0.629385275606279   } 
   weight { 1   } 
   weightvar { 0   } 
   kinetic_energy { 23.82516473101556   } 
   kinetic_energyvar { 57.13604990711112   } 
   potential_energy { -102.4365326831621   } 
   potential_energyvar { 128.030612913887   } 
   nonlocal_energy { 10.73363249042548   } 
   nonlocal_energyvar { 120.3722321155201   } 
   autocorr_energy { } 
} 

block { 
   label vmc
   totweight 153600
   nautocorr 0
   total_energy { -67.87865398909038   } 
   total_energyvar { 0.6364557219028062   } 
   weight { 1   } 
   weightvar { 0   } 
   kinetic_energy { 23.80455913572724   } 
   kinetic_energyvar { 56.13061705520239   } 
   potential_energy { -102.4106727164646   } 
   potential_energyvar { 126.8091096737712   } 
   nonlocal_energy { 10.72745959164701   } 
   nonlocal_energyvar { 118.3533322630791   } 
   autocorr_energy { } 
} 

block { 
   label vmc
   totweight 153600
   nautocorr 0
   total_energy { -67.87686957695676   } 
   total_energyvar { 0.6465035455687134   } 
   weight { 1   } 
   weightvar { 0   } 
   kinetic_energy { 23.83227855517423   } 
   kinetic_energyvar { 55.76687386853632   } 
   potential_energy { -102.3901162413721   } 
   potential_energyvar { 125.9287709308467   } 
   nonlocal_energy { 10.68096810924104   } 
   nonlocal_energyvar { 115.9757001917428   } 
   autocorr_energy { } 
} 

block { 
   label vmc
   totweight 153600
   nautocorr 0
   total_energy { -67.88025355246241   } 
   total_energyvar { 0.6400333141707892   } 
   weight { 1   } 
   weightvar { 0   } 
   kinetic_energy { 23.80892068479798   } 
   kinetic_energyvar { 54.79836028222025   } 
   potential_energy { -102.3316585513716   } 
   potential_energyvar { 125.8256748265297   } 
   nonlocal_energy { 10.64248431411124   } 
   nonlocal_energyvar { 113.9183843541485   } 
   autocorr_energy { } 
} 

block { 
   label vmc
   totweight 153600
   nautocorr 0
   total_energy { -67.8811616184605   } 
   total_energyvar { 0.6644819946223952   } 
   weight { 1   } 
   weightvar { 0   } 
   kinetic_energy { 23.87844359947181   } 
   kinetic_energyvar { 55.8599559436091   } 
   potential_energy { -102.4681839606466   } 
   potential_energyvar { 127.4266377287825   } 
   nonlocal_energy { 10.70857874271432   } 
   nonlocal_energyvar { 117.6804363316753   } 
   autocorr_energy { } 
} 

block { 
   label vmc
   totweight 153600
   nautocorr 0
   total_energy { -67.88029566869508   } 
   total_energyvar { 0.650176440162218   } 
   weight { 1   } 
   weightvar { 0   } 
   kinetic_energy { 23.84525150625474   } 
   kinetic_energyvar { 55.23027397073292   } 
   potential_energy { -102.3762702726746   } 
   potential_energyvar { 126.1062144688401   } 
   nonlocal_energy { 10.65072309772479   } 
   nonlocal_energyvar { 116.71776102487   } 
   autocorr_energy { } 
} 

block { 
   label vmc
   totweight 153600
   nautocorr 0
   total_energy { -67.88182822482291   } 
   total_energyvar { 0.8387769988477162   } 
   weight { 1   } 
   weightvar { 0   } 
   kinetic_energy { 23.82314341702656   } 
   kinetic_energyvar { 56.95065508858984   } 
   potential_energy { -102.3876265382976   } 
   potential_energyvar { 126.4568532683581   } 
   nonlocal_energy { 10.68265489644818   } 
   nonlocal_energyvar { 118.3350358698879   } 
   autocorr_energy { } 
} 

block { 
   label vmc
   totweight 153600
   nautocorr 0
   total_energy { -67.88113759330993   } 
   total_energyvar { 0.6366802636459086   } 
   weight { 1   } 
   weightvar { 0   } 
   kinetic_energy { 23.81847566615127   } 
   kinetic_energyvar { 56.41673961254394   } 
   potential_energy { -102.4313035001718   } 
   potential_energyvar { 126.4613615355902   } 
   nonlocal_energy { 10.73169024071061   } 
   nonlocal_energyvar { 118.1579363199363   } 
   autocorr_energy { } 
} 

block { 
   label vmc
   totweight 153600
   nautocorr 0
   total_energy { -67.87576634678732   } 
   total_energyvar { 0.6630853480592734   } 
   weight { 1   } 
   weightvar { 0   } 
   kinetic_energy { 23.76577410547344   } 
   kinetic_energyvar { 56.46471808545495   } 
   potential_energy { -102.2983447586735   } 
   potential_energyvar { 126.5309535873846   } 
   nonlocal_energy { 10.65680430641273   } 
   nonlocal_energyvar { 116.5583793485493   } 
   autocorr_energy { } 
} 

block { 
   label vmc
   totweight 153600
   nautocorr 0
   total_energy { -67.88214961116115   } 
   total_energyvar { 0.6228082415960283   } 
   weight { 1   } 
   weightvar { 0   } 
   kinetic_energy { 23.83655715769477   } 
   kinetic_energyvar { 55.49541548201251   } 
   potential_energy { -102.4013567371989   } 
   potential_energyvar { 126.9855434822953   } 
   nonlocal_energy { 10.68264996834296   } 
   nonlocal_energyvar { 116.8544287443502   } 
   autocorr_energy { } 
} 

block { 
   label vmc
   totweight 153600
   nautocorr 0
   total_energy { -67.87967616536109   } 
   total_energyvar { 0.6517187321350093   } 
   weight { 1   } 
   weightvar { 0   } 
   kinetic_energy { 23.78936902841782   } 
   kinetic_energyvar { 55.3930503541329   } 
   potential_energy { -102.3539505775173   } 
   potential_energyvar { 126.6635698017306   } 
   nonlocal_energy { 10.68490538373841   } 
   nonlocal_energyvar { 116.7523362562384   } 
   autocorr_energy { } 
} 

block { 
   label vmc
   totweight 153600
   nautocorr 0
   total_energy { -67.8796617873116   } 
   total_energyvar { 0.7158069396597122   } 
   weight { 1   } 
   weightvar { 0   } 
   kinetic_energy { 23.78586910085024   } 
   kinetic_energyvar { 56.02924667966251   } 
   potential_energy { -102.4004498579345   } 
   potential_energyvar { 126.3729251663215   } 
   nonlocal_energy { 10.73491896977265   } 
   nonlocal_energyvar { 117.1413133562611   } 
   autocorr_energy { } 
} 

