#-------------------------------------------------
#VMC run: timestep 0.47 nconfig 5120 steps 30
#-------------------------------------------------


init { 
   label vmc
}
block { 
   label vmc
   totweight 153600
   nautocorr 0
   total_energy { -67.88450297256205   } 
   total_energyvar { 0.7427947462649765   } 
   weight { 1   } 
   weightvar { 0   } 
   kinetic_energy { 24.57392808773606   } 
   kinetic_energyvar { 56.27095701498328   } 
   potential_energy { -103.292384520208   } 
   potential_energyvar { 125.6951833478732   } 
   nonlocal_energy { 10.83395345990989   } 
   nonlocal_energyvar { 114.8451237052222   } 
   autocorr_energy { } 
} 

block { 
   label vmc
   totweight 153600
   nautocorr 0
   total_energy { -67.88669571420452   } 
   total_energyvar { 0.7457703117245057   } 
   weight { 1   } 
   weightvar { 0   } 
   kinetic_energy { 24.48411759187551   } 
   kinetic_energyvar { 56.25472935622002   } 
   potential_energy { -103.2222761173054   } 
   potential_energyvar { 125.7006427801752   } 
   nonlocal_energy { 10.85146281122533   } 
   nonlocal_energyvar { 114.450430868099   } 
   autocorr_energy { } 
} 

block { 
   label vmc
   totweight 153600
   nautocorr 0
   total_energy { -67.87980551520545   } 
   total_energyvar { 0.7507961909365353   } 
   weight { 1   } 
   weightvar { 0   } 
   kinetic_energy { 24.53092680620163   } 
   kinetic_energyvar { 57.48881060053186   } 
   potential_energy { -103.2579725565766   } 
   potential_energyvar { 125.8516676523624   } 
   nonlocal_energy { 10.84724023516951   } 
   nonlocal_energyvar { 116.1531602986635   } 
   autocorr_energy { } 
} 

block { 
   label vmc
   totweight 153600
   nautocorr 0
   total_energy { -67.87661308468402   } 
   total_energyvar { 0.7271870675801998   } 
   weight { 1   } 
   weightvar { 0   } 
   kinetic_energy { 24.4442570689391   } 
   kinetic_energyvar { 57.22402547741518   } 
   potential_energy { -103.1474638936119   } 
   potential_energyvar { 125.9615488376456   } 
   nonlocal_energy { 10.82659373998876   } 
   nonlocal_energyvar { 117.4878409206068   } 
   autocorr_energy { } 
} 

block { 
   label vmc
   totweight 153600
   nautocorr 0
   total_energy { -67.88438171062093   } 
   total_energyvar { 0.7188176962874879   } 
   weight { 1   } 
   weightvar { 0   } 
   kinetic_energy { 24.50041955931886   } 
   kinetic_energyvar { 56.84702114741987   } 
   potential_energy { -103.2067326435765   } 
   potential_energyvar { 125.7299882010452   } 
   nonlocal_energy { 10.82193137363676   } 
   nonlocal_energyvar { 115.7293182289272   } 
   autocorr_energy { } 
} 

block { 
   label vmc
   totweight 153600
   nautocorr 0
   total_energy { -67.87957024716539   } 
   total_energyvar { 0.7568634426665353   } 
   weight { 1   } 
   weightvar { 0   } 
   kinetic_energy { 24.50656284886082   } 
   kinetic_energyvar { 56.64242609874059   } 
   potential_energy { -103.1533938548984   } 
   potential_energyvar { 125.1017830832756   } 
   nonlocal_energy { 10.76726075887214   } 
   nonlocal_energyvar { 113.2789543393882   } 
   autocorr_energy { } 
} 

block { 
   label vmc
   totweight 153600
   nautocorr 0
   total_energy { -67.87639535474875   } 
   total_energyvar { 0.7164837874227368   } 
   weight { 1   } 
   weightvar { 0   } 
   kinetic_energy { 24.46262124975536   } 
   kinetic_energyvar { 56.68458702541562   } 
   potential_energy { -103.1589695239895   } 
   potential_energyvar { 124.7089615179224   } 
   nonlocal_energy { 10.81995291948543   } 
   nonlocal_energyvar { 116.0980060959028   } 
   autocorr_energy { } 
} 

block { 
   label vmc
   totweight 153600
   nautocorr 0
   total_energy { -67.88388632917028   } 
   total_energyvar { 0.7618335433967073   } 
   weight { 1   } 
   weightvar { 0   } 
   kinetic_energy { 24.52354613078576   } 
   kinetic_energyvar { 56.2719093906642   } 
   potential_energy { -103.2231665775967   } 
   potential_energyvar { 125.5495561742623   } 
   nonlocal_energy { 10.81573411764064   } 
   nonlocal_energyvar { 114.3642353832277   } 
   autocorr_energy { } 
} 

block { 
   label vmc
   totweight 153600
   nautocorr 0
   total_energy { -67.8857988897211   } 
   total_energyvar { 0.7062127577330596   } 
   weight { 1   } 
   weightvar { 0   } 
   kinetic_energy { 24.51714977143718   } 
   kinetic_energyvar { 56.96460184388028   } 
   potential_energy { -103.2797861392032   } 
   potential_energyvar { 125.8270108550504   } 
   nonlocal_energy { 10.87683747804488   } 
   nonlocal_energyvar { 115.7191126945516   } 
   autocorr_energy { } 
} 

block { 
   label vmc
   totweight 153600
   nautocorr 0
   total_energy { -67.87850597653775   } 
   total_energyvar { 0.7352663614948317   } 
   weight { 1   } 
   weightvar { 0   } 
   kinetic_energy { 24.4698694262657   } 
   kinetic_energyvar { 56.98530611010263   } 
   potential_energy { -103.0732821436707   } 
   potential_energyvar { 124.8492922382092   } 
   nonlocal_energy { 10.72490674086724   } 
   nonlocal_energyvar { 114.8500231918164   } 
   autocorr_energy { } 
} 

block { 
   label vmc
   totweight 153600
   nautocorr 0
   total_energy { -67.87893876550523   } 
   total_energyvar { 0.7533597875825434   } 
   weight { 1   } 
   weightvar { 0   } 
   kinetic_energy { 24.50181410134321   } 
   kinetic_energyvar { 56.67373521836898   } 
   potential_energy { -103.2097095587441   } 
   potential_energyvar { 125.373527560698   } 
   nonlocal_energy { 10.82895669189563   } 
   nonlocal_energyvar { 114.2799253209337   } 
   autocorr_energy { } 
} 

block { 
   label vmc
   totweight 153600
   nautocorr 0
   total_energy { -67.87928348919229   } 
   total_energyvar { 0.7176334249613842   } 
   weight { 1   } 
   weightvar { 0   } 
   kinetic_energy { 24.55684385953787   } 
   kinetic_energyvar { 56.50372761434384   } 
   potential_energy { -103.2422458289305   } 
   potential_energyvar { 125.8787954025002   } 
   nonlocal_energy { 10.80611848020036   } 
   nonlocal_energyvar { 115.4266827242259   } 
   autocorr_energy { } 
} 

block { 
   label vmc
   totweight 153600
   nautocorr 0
   total_energy { -67.88062704678576   } 
   total_energyvar { 0.7155256463379921   } 
   weight { 1   } 
   weightvar { 0   } 
   kinetic_energy { 24.49851780434319   } 
   kinetic_energyvar { 55.98639834291296   } 
   potential_energy { -103.1520491772482   } 
   potential_energyvar { 124.7824309950592   } 
   nonlocal_energy { 10.77290432611925   } 
   nonlocal_energyvar { 113.0145461388375   } 
   autocorr_energy { } 
} 

block { 
   label vmc
   totweight 153600
   nautocorr 0
   total_energy { -67.87617845023337   } 
   total_energyvar { 0.7292472014466819   } 
   weight { 1   } 
   weightvar { 0   } 
   kinetic_energy { 24.49002905309132   } 
   kinetic_energyvar { 57.05226539734353   } 
   potential_energy { -103.1399424705555   } 
   potential_energyvar { 125.6599660940571   } 
   nonlocal_energy { 10.77373496723086   } 
   nonlocal_energyvar { 114.8292770301479   } 
   autocorr_energy { } 
} 

block { 
   label vmc
   totweight 153600
   nautocorr 0
   total_energy { -67.87455620784868   } 
   total_energyvar { 0.7127105427856739   } 
   weight { 1   } 
   weightvar { 0   } 
   kinetic_energy { 24.49405507726503   } 
   kinetic_energyvar { 56.397313815743   } 
   potential_energy { -103.1391299065483   } 
   potential_energyvar { 124.8414811221667   } 
   nonlocal_energy { 10.77051862143455   } 
   nonlocal_energyvar { 113.4851967855747   } 
   autocorr_energy { } 
} 

block { 
   label vmc
   totweight 153600
   nautocorr 0
   total_energy { -67.87928826924893   } 
   total_energyvar { 0.7274572332990079   } 
   weight { 1   } 
   weightvar { 0   } 
   kinetic_energy { 24.55383327312068   } 
   kinetic_energyvar { 57.52332655722279   } 
   potential_energy { -103.2845047292287   } 
   potential_energyvar { 124.8080440920481   } 
   nonlocal_energy { 10.85138318685908   } 
   nonlocal_energyvar { 116.7551696106591   } 
   autocorr_energy { } 
} 

block { 
   label vmc
   totweight 153600
   nautocorr 0
   total_energy { -67.88017193583283   } 
   total_energyvar { 0.7051852674150931   } 
   weight { 1   } 
   weightvar { 0   } 
   kinetic_energy { 24.46626045287432   } 
   kinetic_energyvar { 56.87793218560724   } 
   potential_energy { -103.1626725213805   } 
   potential_energyvar { 125.3792237933297   } 
   nonlocal_energy { 10.81624013267338   } 
   nonlocal_energyvar { 115.5427227187296   } 
   autocorr_energy { } 
} 

block { 
   label vmc
   totweight 153600
   nautocorr 0
   total_energy { -67.88141900978471   } 
   total_energyvar { 0.7240961642929533   } 
   weight { 1   } 
   weightvar { 0   } 
   kinetic_energy { 24.47162339752135   } 
   kinetic_energyvar { 56.98687549587736   } 
   potential_energy { -103.1657946181161   } 
   potential_energyvar { 125.8467799323374   } 
   nonlocal_energy { 10.81275221081006   } 
   nonlocal_energyvar { 116.8906373182587   } 
   autocorr_energy { } 
} 

block { 
   label vmc
   totweight 153600
   nautocorr 0
   total_energy { -67.87733506844593   } 
   total_energyvar { 0.7749307107871972   } 
   weight { 1   } 
   weightvar { 0   } 
   kinetic_energy { 24.46931641627923   } 
   kinetic_energyvar { 56.6192266589062   } 
   potential_energy { -103.1378320316733   } 
   potential_energyvar { 124.9721389362852   } 
   nonlocal_energy { 10.79118054694813   } 
   nonlocal_energyvar { 114.2211294961793   } 
   autocorr_energy { } 
} 

block { 
   label vmc
   totweight 153600
   nautocorr 0
   total_energy { -67.8786817543659   } 
   total_energyvar { 0.7988699085953276   } 
   weight { 1   } 
   weightvar { 0   } 
   kinetic_energy { 24.49220790502226   } 
   kinetic_energyvar { 57.21278423070925   } 
   potential_energy { -103.2092444999574   } 
   potential_energyvar { 124.6240868151851   } 
   nonlocal_energy { 10.83835484056925   } 
   nonlocal_energyvar { 115.740600331486   } 
   autocorr_energy { } 
} 

