#-------------------------------------------------
#VMC run: timestep 0.27 nconfig 4352 steps 30
#-------------------------------------------------


init { 
   label vmc
}
block { 
   label vmc
   totweight 130560
   nautocorr 0
   total_energy { -293.7779758021167   } 
   total_energyvar { 3.74795348548847   } 
   weight { 1   } 
   weightvar { 1.776356839400247e-15   } 
   kinetic_energy { 114.8263948689133   } 
   kinetic_energyvar { 372.5260098385851   } 
   potential_energy { -447.5698703355739   } 
   potential_energyvar { 763.7215344695454   } 
   nonlocal_energy { 38.96549966454393   } 
   nonlocal_energyvar { 653.7493231875934   } 
   autocorr_energy { } 
} 

block { 
   label vmc
   totweight 130560
   nautocorr 0
   total_energy { -293.7596359539523   } 
   total_energyvar { 3.781705961883403   } 
   weight { 1   } 
   weightvar { 1.776356839400247e-15   } 
   kinetic_energy { 114.7642242482529   } 
   kinetic_energyvar { 370.8467064006687   } 
   potential_energy { -447.3953389111684   } 
   potential_energyvar { 757.5832222691722   } 
   nonlocal_energy { 38.87147870896325   } 
   nonlocal_energyvar { 646.7649183566018   } 
   autocorr_energy { } 
} 

block { 
   label vmc
   totweight 130560
   nautocorr 0
   total_energy { -293.7526270213476   } 
   total_energyvar { 3.812397498774462   } 
   weight { 1   } 
   weightvar { 1.776356839400247e-15   } 
   kinetic_energy { 114.5893751226453   } 
   kinetic_energyvar { 373.3827423531229   } 
   potential_energy { -447.4104587492597   } 
   potential_energyvar { 760.9263815339486   } 
   nonlocal_energy { 39.06845660526684   } 
   nonlocal_energyvar { 659.8582342799817   } 
   autocorr_energy { } 
} 

block { 
   label vmc
   totweight 130560
   nautocorr 0
   total_energy { -293.7547077652895   } 
   total_energyvar { 3.86368593596716   } 
   weight { 1   } 
   weightvar { 1.776356839400247e-15   } 
   kinetic_energy { 114.7890460340577   } 
   kinetic_energyvar { 372.5921107372906   } 
   potential_energy { -447.4788738783176   } 
   potential_energyvar { 761.6459044293807   } 
   nonlocal_energy { 38.93512007897028   } 
   nonlocal_energyvar { 654.0331238616193   } 
   autocorr_energy { } 
} 

block { 
   label vmc
   totweight 130560
   nautocorr 0
   total_energy { -293.7455548949204   } 
   total_energyvar { 3.870465607165941   } 
   weight { 1   } 
   weightvar { 1.776356839400247e-15   } 
   kinetic_energy { 114.8154055475006   } 
   kinetic_energyvar { 371.8243919490295   } 
   potential_energy { -447.6364795284924   } 
   potential_energyvar { 760.7608713325242   } 
   nonlocal_energy { 39.0755190860714   } 
   nonlocal_energyvar { 658.8240267631982   } 
   autocorr_energy { } 
} 

block { 
   label vmc
   totweight 130560
   nautocorr 0
   total_energy { -293.7465505035522   } 
   total_energyvar { 3.828771730390279   } 
   weight { 1   } 
   weightvar { 1.776356839400247e-15   } 
   kinetic_energy { 114.7265765170031   } 
   kinetic_energyvar { 379.6975630683757   } 
   potential_energy { -447.7165568979459   } 
   potential_energyvar { 760.7036080169532   } 
   nonlocal_energy { 39.24342987739062   } 
   nonlocal_energyvar { 664.1447535194217   } 
   autocorr_energy { } 
} 

block { 
   label vmc
   totweight 130560
   nautocorr 0
   total_energy { -293.7503990766356   } 
   total_energyvar { 3.839353650101681   } 
   weight { 1   } 
   weightvar { 1.776356839400247e-15   } 
   kinetic_energy { 114.8642759724686   } 
   kinetic_energyvar { 376.7527474955681   } 
   potential_energy { -447.633347524318   } 
   potential_energyvar { 763.7195688296251   } 
   nonlocal_energy { 39.01867247521378   } 
   nonlocal_energyvar { 658.1698453873773   } 
   autocorr_energy { } 
} 

block { 
   label vmc
   totweight 130560
   nautocorr 0
   total_energy { -293.7527523998987   } 
   total_energyvar { 3.834346331768737   } 
   weight { 1   } 
   weightvar { 1.776356839400247e-15   } 
   kinetic_energy { 114.8031595920674   } 
   kinetic_energyvar { 375.4445931708934   } 
   potential_energy { -447.6571231819917   } 
   potential_energyvar { 760.6972793168408   } 
   nonlocal_energy { 39.10121119002552   } 
   nonlocal_energyvar { 656.0333857120158   } 
   autocorr_energy { } 
} 

block { 
   label vmc
   totweight 130560
   nautocorr 0
   total_energy { -293.7524782803119   } 
   total_energyvar { 3.923371602980334   } 
   weight { 1   } 
   weightvar { 1.776356839400247e-15   } 
   kinetic_energy { 114.742710542668   } 
   kinetic_energyvar { 378.137723466959   } 
   potential_energy { -447.6605827235464   } 
   potential_energyvar { 774.204541813682   } 
   nonlocal_energy { 39.16539390056647   } 
   nonlocal_energyvar { 667.5518286094918   } 
   autocorr_energy { } 
} 

block { 
   label vmc
   totweight 130560
   nautocorr 0
   total_energy { -293.756150168972   } 
   total_energyvar { 3.994323832629562   } 
   weight { 1   } 
   weightvar { 1.776356839400247e-15   } 
   kinetic_energy { 114.8893544790124   } 
   kinetic_energyvar { 375.3068176552152   } 
   potential_energy { -447.6796372401104   } 
   potential_energyvar { 762.9722905666194   } 
   nonlocal_energy { 39.03413259212596   } 
   nonlocal_energyvar { 655.9063045674312   } 
   autocorr_energy { } 
} 

block { 
   label vmc
   totweight 130560
   nautocorr 0
   total_energy { -293.7581079235745   } 
   total_energyvar { 4.432549855810837   } 
   weight { 1   } 
   weightvar { 1.776356839400247e-15   } 
   kinetic_energy { 114.9231181148601   } 
   kinetic_energyvar { 376.7311271933999   } 
   potential_energy { -447.6398141142701   } 
   potential_energyvar { 758.0773076568591   } 
   nonlocal_energy { 38.95858807583539   } 
   nonlocal_energyvar { 660.6190639157621   } 
   autocorr_energy { } 
} 

block { 
   label vmc
   totweight 130560
   nautocorr 0
   total_energy { -293.7528380579251   } 
   total_energyvar { 3.883813660513172   } 
   weight { 1   } 
   weightvar { 1.776356839400247e-15   } 
   kinetic_energy { 114.6215294337961   } 
   kinetic_energyvar { 377.4816693615927   } 
   potential_energy { -447.6668423116933   } 
   potential_energyvar { 769.1576032050972   } 
   nonlocal_energy { 39.29247481997216   } 
   nonlocal_energyvar { 666.6609609879573   } 
   autocorr_energy { } 
} 

block { 
   label vmc
   totweight 130560
   nautocorr 0
   total_energy { -293.7497254189145   } 
   total_energyvar { 3.88346220710708   } 
   weight { 1   } 
   weightvar { 1.776356839400247e-15   } 
   kinetic_energy { 114.8330735006497   } 
   kinetic_energyvar { 378.5547489711756   } 
   potential_energy { -447.6609900550359   } 
   potential_energyvar { 767.7943669497676   } 
   nonlocal_energy { 39.07819113547165   } 
   nonlocal_energyvar { 662.2767334917071   } 
   autocorr_energy { } 
} 

block { 
   label vmc
   totweight 130560
   nautocorr 0
   total_energy { -293.748898171928   } 
   total_energyvar { 3.836013431432353   } 
   weight { 1   } 
   weightvar { 1.776356839400247e-15   } 
   kinetic_energy { 114.785887580727   } 
   kinetic_energyvar { 374.065515285391   } 
   potential_energy { -447.6146336650962   } 
   potential_energyvar { 768.4542509207316   } 
   nonlocal_energy { 39.07984791244104   } 
   nonlocal_energyvar { 660.2332006346116   } 
   autocorr_energy { } 
} 

block { 
   label vmc
   totweight 130560
   nautocorr 0
   total_energy { -293.7456193557975   } 
   total_energyvar { 3.866319932278872   } 
   weight { 1   } 
   weightvar { 1.776356839400247e-15   } 
   kinetic_energy { 114.8933041136423   } 
   kinetic_energyvar { 373.3003996489106   } 
   potential_energy { -447.7315050695671   } 
   potential_energyvar { 764.3880114765852   } 
   nonlocal_energy { 39.0925816001274   } 
   nonlocal_energyvar { 663.45419939402   } 
   autocorr_energy { } 
} 

block { 
   label vmc
   totweight 130560
   nautocorr 0
   total_energy { -293.7620775613684   } 
   total_energyvar { 3.873237659899165   } 
   weight { 1   } 
   weightvar { 1.776356839400247e-15   } 
   kinetic_energy { 114.7964162864228   } 
   kinetic_energyvar { 381.7757163611669   } 
   potential_energy { -447.7262898598338   } 
   potential_energyvar { 766.6141569229246   } 
   nonlocal_energy { 39.16779601204265   } 
   nonlocal_energyvar { 666.7760565838632   } 
   autocorr_energy { } 
} 

block { 
   label vmc
   totweight 130560
   nautocorr 0
   total_energy { -293.7511165951198   } 
   total_energyvar { 3.885301420297439   } 
   weight { 1   } 
   weightvar { 1.776356839400247e-15   } 
   kinetic_energy { 114.8754885894795   } 
   kinetic_energyvar { 374.6118125401445   } 
   potential_energy { -447.5846206204224   } 
   potential_energyvar { 753.5446895435539   } 
   nonlocal_energy { 38.95801543582305   } 
   nonlocal_energyvar { 656.8313828945953   } 
   autocorr_energy { } 
} 

block { 
   label vmc
   totweight 130560
   nautocorr 0
   total_energy { -293.7513879087074   } 
   total_energyvar { 3.813851802701421   } 
   weight { 1   } 
   weightvar { 1.776356839400247e-15   } 
   kinetic_energy { 114.9816373376089   } 
   kinetic_energyvar { 374.9142292129646   } 
   potential_energy { -447.7908691093808   } 
   potential_energyvar { 762.4137284596319   } 
   nonlocal_energy { 39.05784386306448   } 
   nonlocal_energyvar { 655.4089980061219   } 
   autocorr_energy { } 
} 

block { 
   label vmc
   totweight 130560
   nautocorr 0
   total_energy { -293.7509787085692   } 
   total_energyvar { 3.897703030564634   } 
   weight { 1   } 
   weightvar { 1.776356839400247e-15   } 
   kinetic_energy { 114.7342543207772   } 
   kinetic_energyvar { 376.3143649454604   } 
   potential_energy { -447.6759114070354   } 
   potential_energyvar { 771.5933187737103   } 
   nonlocal_energy { 39.19067837768896   } 
   nonlocal_energyvar { 669.0717997337398   } 
   autocorr_energy { } 
} 

block { 
   label vmc
   totweight 130560
   nautocorr 0
   total_energy { -293.747666187403   } 
   total_energyvar { 3.859625432295521   } 
   weight { 1   } 
   weightvar { 1.776356839400247e-15   } 
   kinetic_energy { 114.927830106794   } 
   kinetic_energyvar { 371.8242742074955   } 
   potential_energy { -447.8033078135748   } 
   potential_energyvar { 760.5999291843565   } 
   nonlocal_energy { 39.12781151937781   } 
   nonlocal_energyvar { 656.9571386825999   } 
   autocorr_energy { } 
} 

