0: output to I.opt.o
30: wfdata allocate
54: wfdata allocate
22: wfdata allocate
0: wfdata allocate
28: wfdata allocate
26: wfdata allocate
31: wfdata allocate
57: wfdata allocate
4: wfdata allocate
38: wfdata allocate
40: wfdata allocate
1: wfdata allocate
13: wfdata allocate
3: wfdata allocate
8: wfdata allocate
9: wfdata allocate
10: wfdata allocate
11: wfdata allocate
15: wfdata allocate
25: wfdata allocate
27: wfdata allocate
37: wfdata allocate
39: wfdata allocate
46: wfdata allocate
49: wfdata allocate
44: wfdata allocate
32: wfdata allocate
36: wfdata allocate
29: wfdata allocate
59: wfdata allocate
19: wfdata allocate
45: wfdata allocate
53: wfdata allocate
63: wfdata allocate
48: wfdata allocate
50: wfdata allocate
41: wfdata allocate
61: wfdata allocate
17: wfdata allocate
33: wfdata allocate
5: wfdata allocate
7: wfdata allocate
43: wfdata allocate
12: wfdata allocate
60: wfdata allocate
2: wfdata allocate
6: wfdata allocate
34: wfdata allocate
52: wfdata allocate
47: wfdata allocate
55: wfdata allocate
14: wfdata allocate
62: wfdata allocate
56: wfdata allocate
20: wfdata allocate
16: wfdata allocate
18: wfdata allocate
24: wfdata allocate
35: wfdata allocate
42: wfdata allocate
21: wfdata allocate
23: wfdata allocate
58: wfdata allocate
51: wfdata allocate
d 1 i 0 : 2 -> 6 sign -1
d 2 i 0 : 3 -> 6 sign 1
d 2 i 1 : 5 -> 7 sign 1
d 3 i 0 : 4 -> 7 sign -1
d 1 i 0 : 2 -> 6 sign -1
d 2 i 0 : 3 -> 6 sign 1
d 2 i 1 : 5 -> 7 sign 1
d 3 i 0 : 4 -> 7 sign -1
d 1 i 0 : 2 -> 6 sign -1
d 2 i 0 : 3 -> 6 sign 1
d 2 i 1 : 5 -> 7 sign 1
d 3 i 0 : 4 -> 7 sign -1
d 1 i 0 : 2 -> 6 sign -1
d 2 i 0 : 3 -> 6 sign 1
d 2 i 1 : 5 -> 7 sign 1
d 3 i 0 : 4 -> 7 sign -1
d 1 i 0 : 2 -> 6 sign -1
d 2 i 0 : 3 -> 6 sign 1
d 2 i 1 : 5 -> 7 sign 1
d 3 i 0 : 4 -> 7 sign -1
d 1 i 0 : 2 -> 6 sign -1
d 2 i 0 : 3 -> 6 sign 1
d 2 i 1 : 5 -> 7 sign 1
d 3 i 0 : 4 -> 7 sign -1
d 1 i 0 : 2 -> 6 sign -1
d 2 i 0 : 3 -> 6 sign 1
d 2 i 1 : 5 -> 7 sign 1
d 3 i 0 : 4 -> 7 sign -1
d 1 i 0 : 2 -> 6 sign -1
d 2 i 0 : 3 -> 6 sign 1
d 2 i 1 : 5 -> 7 sign 1
d 3 i 0 : 4 -> 7 sign -1
d 1 i 0 : 2 -> 6 sign -1
d 2 i 0 : 3 -> 6 sign 1
d 2 i 1 : 5 -> 7 sign 1
d 3 i 0 : 4 -> 7 sign -1
d 1 i 0 : 2 -> 6 sign -1
d 2 i 0 : 3 -> 6 sign 1
d 2 i 1 : 5 -> 7 sign 1
d 3 i 0 : 4 -> 7 sign -1
d 1 i 0 : 2 -> 6 sign -1
d 2 i 0 : 3 -> 6 sign 1
d 2 i 1 : 5 -> 7 sign 1
d 3 i 0 : 4 -> 7 sign -1
d 1 i 0 : 2 -> 6 sign -1
d 2 i 0 : 3 -> 6 sign 1
d 2 i 1 : 5 -> 7 sign 1
d 3 i 0 : 4 -> 7 sign -1
d 1 i 0 : 2 -> 6 sign -1
d 2 i 0 : 3 -> 6 sign 1
d 2 i 1 : 5 -> 7 sign 1
d 3 i 0 : 4 -> 7 sign -1
d 1 i 0 : 2 -> 6 sign -1
d 2 i 0 : 3 -> 6 sign 1
d 2 i 1 : 5 -> 7 sign 1
d 3 i 0 : 4 -> 7 sign -1
d 1 i 0 : 2 -> 6 sign -1
d 2 i 0 : 3 -> 6 sign 1
d 2 i 1 : 5 -> 7 sign 1
d 3 i 0 : 4 -> 7 sign -1
d 1 i 0 : 2 -> 6 sign -1
d 2 i 0 : 3 -> 6 sign 1
d 2 i 1 : 5 -> 7 sign 1
d 3 i 0 : 4 -> 7 sign -1
d 1 i 0 : 2 -> 6 sign -1
d 2 i 0 : 3 -> 6 sign 1
d 2 i 1 : 5 -> 7 sign 1
d 3 i 0 : 4 -> 7 sign -1
d 1 i 0 : 2 -> 6 sign -1
d 2 i 0 : 3 -> 6 sign 1
d 2 i 1 : 5 -> 7 sign 1
d 1 i 0 : 2 -> 6 sign -1
d 2 i 0 : 3 -> 6 sign 1
d 2 i 1 : 5 -> 7 sign 1
d 3 i 0 : 4 -> 7 sign -1
d 3 i 0 : 4 -> 7 sign -1
d 1 i 0 : 2 -> 6 sign -1
d 2 i 0 : 3 -> 6 sign 1
d 2 i 1 : 5 -> 7 sign 1
d 3 i 0 : 4 -> 7 sign -1
d 1 i 0 : 2 -> 6 sign -1
d 2 i 0 : 3 -> 6 sign 1
d 2 i 1 : 5 -> 7 sign 1
d 3 i 0 : 4 -> 7 sign -1
d 1 i 0 : 2 -> 6 sign -1
d 2 i 0 : 3 -> 6 sign 1
d 2 i 1 : 5 -> 7 sign 1
d 3 i 0 : 4 -> 7 sign -1
d 1 i 0 : 2 -> 6 sign -1
d 2 i 0 : 3 -> 6 sign 1
d 2 i 1 : 5 -> 7 sign 1
d 3 i 0 : 4 -> 7 sign -1
d 1 i 0 : 2 -> 6 sign -1
d 2 i 0 : 3 -> 6 sign 1
d 2 i 1 : 5 -> 7 sign 1
d 3 i 0 : 4 -> 7 sign -1
d 1 i 0 : 2 -> 6 sign -1
d 2 i 0 : 3 -> 6 sign 1
d 2 i 1 : 5 -> 7 sign 1
d 3 i 0 : 4 -> 7 sign -1
d 1 i 0 : 2 -> 6 sign -1
d 2 i 0 : 3 -> 6 sign 1
d 2 i 1 : 5 -> 7 sign 1
d 3 i 0 : 4 -> 7 sign -1
d 1 i 0 : 2 -> 6 sign -1
d 2 i 0 : 3 -> 6 sign 1
d 2 i 1 : 5 -> 7 sign 1
d 3 i 0 : 4 -> 7 sign -1
d 1 i 0 : 2 -> 6 sign -1
d 2 i 0 : 3 -> 6 sign 1
d 2 i 1 : 5 -> 7 sign 1
d 1 i 0 : 2 -> 6 sign -1
d 2 i 0 : 3 -> 6 sign 1
d 2 i 1 : 5 -> 7 sign 1
d 3 i 0 : 4 -> 7 sign -1
d 1 i 0 : 2 -> 6 sign -1
d 2 i 0 : 3 -> 6 sign 1
d 2 i 1 : 5 -> 7 sign 1
d 3 i 0 : 4 -> 7 sign -1
d 3 i 0 : 4 -> 7 sign -1
d 1 i 0 : 2 -> 6 sign -1
d 2 i 0 : 3 -> 6 sign 1
d 2 i 1 : 5 -> 7 sign 1
d 3 i 0 : 4 -> 7 sign -1
d 1 i 0 : 2 -> 6 sign -1
d 2 i 0 : 3 -> 6 sign 1
d 2 i 1 : 5 -> 7 sign 1
d 3 i 0 : 4 -> 7 sign -1
d 1 i 0 : 2 -> 6 sign -1
d 2 i 0 : 3 -> 6 sign 1
d 2 i 1 : 5 -> 7 sign 1
d 3 i 0 : 4 -> 7 sign -1
d 1 i 0 : 2 -> 6 sign -1
d 2 i 0 : 3 -> 6 sign 1
d 2 i 1 : 5 -> 7 sign 1
d 3 i 0 : 4 -> 7 sign -1
d 1 i 0 : 2 -> 6 sign -1
d 2 i 0 : 3 -> 6 sign 1
d 2 i 1 : 5 -> 7 sign 1
d 3 i 0 : 4 -> 7 sign -1
d 1 i 0 : 2 -> 6 sign -1
d 2 i 0 : 3 -> 6 sign 1
d 2 i 1 : 5 -> 7 sign 1
d 3 i 0 : 4 -> 7 sign -1
d 1 i 0 : 2 -> 6 sign -1
d 2 i 0 : 3 -> 6 sign 1
d 2 i 1 : 5 -> 7 sign 1
d 3 i 0 : 4 -> 7 sign -1
d 1 i 0 : 2 -> 6 sign -1
d 2 i 0 : 3 -> 6 sign 1
d 2 i 1 : 5 -> 7 sign 1
d 3 i 0 : 4 -> 7 sign -1
d 1 i 0 : 2 -> 6 sign -1
d 2 i 0 : 3 -> 6 sign 1
d 2 i 1 : 5 -> 7 sign 1
d 3 i 0 : 4 -> 7 sign -1
d 1 i 0 : 2 -> 6 sign -1
d 2 i 0 : 3 -> 6 sign 1
d 2 i 1 : 5 -> 7 sign 1
d 3 i 0 : 4 -> 7 sign -1
d 1 i 0 : 2 -> 6 sign -1
d 2 i 0 : 3 -> 6 sign 1
d 2 i 1 : 5 -> 7 sign 1
d 3 i 0 : 4 -> 7 sign -1
d 1 i 0 : 2 -> 6 sign -1
d 2 i 0 : 3 -> 6 sign 1
d 2 i 1 : 5 -> 7 sign 1
d 3 i 0 : 4 -> 7 sign -1
d 1 i 0 : 2 -> 6 sign -1
d 2 i 0 : 3 -> 6 sign 1
d 2 i 1 : 5 -> 7 sign 1
d 3 i 0 : 4 -> 7 sign -1
d 1 i 0 : 2 -> 6 sign -1
d 2 i 0 : 3 -> 6 sign 1
d 2 i 1 : 5 -> 7 sign 1
d 3 i 0 : 4 -> 7 sign -1
d 1 i 0 : 2 -> 6 sign -1
d 2 i 0 : 3 -> 6 sign 1
d 2 i 1 : 5 -> 7 sign 1
d 3 i 0 : 4 -> 7 sign -1
d 1 i 0 : 2 -> 6 sign -1
d 2 i 0 : 3 -> 6 sign 1
d 2 i 1 : 5 -> 7 sign 1
d 3 i 0 : 4 -> 7 sign -1
d 1 i 0 : 2 -> 6 sign -1
d 2 i 0 : 3 -> 6 sign 1
d 2 i 1 : 5 -> 7 sign 1
d 3 i 0 : 4 -> 7 sign -1
d 1 i 0 : 2 -> 6 sign -1
d 2 i 0 : 3 -> 6 sign 1
d 2 i 1 : 5 -> 7 sign 1
d 3 i 0 : 4 -> 7 sign -1
d 1 i 0 : 2 -> 6 sign -1
d 2 i 0 : 3 -> 6 sign 1
d 2 i 1 : 5 -> 7 sign 1
d 3 i 0 : 4 -> 7 sign -1
d 1 i 0 : 2 -> 6 sign -1
d 2 i 0 : 3 -> 6 sign 1
d 2 i 1 : 5 -> 7 sign 1
d 3 i 0 : 4 -> 7 sign -1
d 1 i 0 : 2 -> 6 sign -1
d 2 i 0 : 3 -> 6 sign 1
d 2 i 1 : 5 -> 7 sign 1
d 3 i 0 : 4 -> 7 sign -1
d 1 i 0 : 2 -> 6 sign -1
d 2 i 0 : 3 -> 6 sign 1
d 2 i 1 : 5 -> 7 sign 1
d 3 i 0 : 4 -> 7 sign -1
d 1 i 0 : 2 -> 6 sign -1
d 2 i 0 : 3 -> 6 sign 1
d 2 i 1 : 5 -> 7 sign 1
d 3 i 0 : 4 -> 7 sign -1
d 1 i 0 : 2 -> 6 sign -1
d 2 i 0 : 3 -> 6 sign 1
d 2 i 1 : 5 -> 7 sign 1
d 3 i 0 : 4 -> 7 sign -1
d 1 i 0 : 2 -> 6 sign -1
d 2 i 0 : 3 -> 6 sign 1
d 2 i 1 : 5 -> 7 sign 1
d 3 i 0 : 4 -> 7 sign -1
d 1 i 0 : 2 -> 6 sign -1
d 2 i 0 : 3 -> 6 sign 1
d 2 i 1 : 5 -> 7 sign 1
d 3 i 0 : 4 -> 7 sign -1
d 1 i 0 : 2 -> 6 sign -1
d 2 i 0 : 3 -> 6 sign 1
d 2 i 1 : 5 -> 7 sign 1
d 3 i 0 : 4 -> 7 sign -1
d 1 i 0 : 2 -> 6 sign -1
d 2 i 0 : 3 -> 6 sign 1
d 2 i 1 : 5 -> 7 sign 1
d 3 i 0 : 4 -> 7 sign -1
d 1 i 0 : 2 -> 6 sign -1
d 2 i 0 : 3 -> 6 sign 1
d 2 i 1 : 5 -> 7 sign 1
d 3 i 0 : 4 -> 7 sign -1
d 1 i 0 : 2 -> 6 sign -1
d 2 i 0 : 3 -> 6 sign 1
d 2 i 1 : 5 -> 7 sign 1
d 3 i 0 : 4 -> 7 sign -1
d 1 i 0 : 2 -> 6 sign -1
d 2 i 0 : 3 -> 6 sign 1
d 2 i 1 : 5 -> 7 sign 1
d 3 i 0 : 4 -> 7 sign -1
d 1 i 0 : 2 -> 6 sign -1
d 2 i 0 : 3 -> 6 sign 1
d 2 i 1 : 5 -> 7 sign 1
d 3 i 0 : 4 -> 7 sign -1
d 1 i 0 : 2 -> 6 sign -1
d 2 i 0 : 3 -> 6 sign 1
d 2 i 1 : 5 -> 7 sign 1
d 3 i 0 : 4 -> 7 sign -1
d 1 i 0 : 2 -> 6 sign -1
d 2 i 0 : 3 -> 6 sign 1
d 2 i 1 : 5 -> 7 sign 1
d 3 i 0 : 4 -> 7 sign -1
0: Timestep is 1.12375
2: Timestep is 1.12375
4: Timestep is 1.12375
6: Timestep is 1.12375
7: Timestep is 1.12375
8: Timestep is 1.12375
9: Timestep is 1.12375
10: Timestep is 1.12375
12: Timestep is 1.12375
15: Timestep is 1.12375
16: Timestep is 1.12375
17: Timestep is 1.12375
18: Timestep is 1.12375
19: Timestep is 1.12375
20: Timestep is 1.12375
22: Timestep is 1.12375
23: Timestep is 1.12375
24: Timestep is 1.12375
26: Timestep is 1.12375
27: Timestep is 1.12375
28: Timestep is 1.12375
29: Timestep is 1.12375
30: Timestep is 1.12375
32: Timestep is 1.12375
33: Timestep is 1.12375
34: Timestep is 1.12375
35: Timestep is 1.12375
36: Timestep is 1.12375
38: Timestep is 1.12375
39: Timestep is 1.12375
40: Timestep is 1.12375
41: Timestep is 1.12375
42: Timestep is 1.12375
43: Timestep is 1.12375
44: Timestep is 1.12375
45: Timestep is 1.12375
46: Timestep is 1.12375
47: Timestep is 1.12375
48: Timestep is 1.12375
49: Timestep is 1.12375
50: Timestep is 1.12375
52: Timestep is 1.12375
53: Timestep is 1.12375
54: Timestep is 1.12375
55: Timestep is 1.12375
56: Timestep is 1.12375
57: Timestep is 1.12375
58: Timestep is 1.12375
59: Timestep is 1.12375
60: Timestep is 1.12375
61: Timestep is 1.12375
62: Timestep is 1.12375
63: Timestep is 1.12375
1: Timestep is 1.12375
3: Timestep is 1.12375
5: Timestep is 1.12375
11: Timestep is 1.12375
13: Timestep is 1.12375
21: Timestep is 1.12375
25: Timestep is 1.12375
31: Timestep is 1.12375
37: Timestep is 1.12375
51: Timestep is 1.12375
14: Timestep is 1.12375
Setting step size to 0.0459

Setting step size to 0.0328

Setting step size to 0.0484

Setting step size to 0.0129

Setting step size to 0.0556

Setting step size to  0.012

Setting step size to 0.0058

Setting step size to 0.0517

Setting step size to 0.0209

Setting step size to  0.053

Setting step size to 0.0121

Setting step size to 0.00879

Setting step size to 0.0318

Setting step size to 0.0135

Setting step size to 0.0387

Setting step size to  0.035

Setting step size to 0.0146

Setting step size to 0.0514

Setting step size to 0.0113

Setting step size to 0.0418

Setting step size to 0.0148

Setting step size to 0.0073

Setting step size to 0.0255

Setting step size to 0.0328

Setting step size to 0.00747

Setting step size to 0.0474

Setting step size to 0.00698

Setting step size to 0.0114

Setting step size to 0.0363

Setting step size to 0.00647

Setting step size to 0.0459

Setting step size to 0.0328

Setting step size to 0.0484

Setting step size to 0.0129

Setting step size to 0.0556

Setting step size to  0.012

Setting step size to 0.0058

Setting step size to 0.0517

Setting step size to 0.0209

Setting step size to  0.053

Setting step size to 0.0121

Setting step size to 0.00879

Setting step size to 0.0318

Setting step size to 0.0135

Setting step size to 0.0387

Setting step size to  0.035

Setting step size to 0.0146

Setting step size to 0.0514

Setting step size to 0.0113

Setting step size to 0.0418

Setting step size to 0.0148

Setting step size to 0.0073

Setting step size to 0.0255

Setting step size to 0.0328

Setting step size to 0.00747

Setting step size to 0.0474

Setting step size to 0.00698

Setting step size to 0.0114

Setting step size to 0.0363

Setting step size to 0.00647

Setting step size to 0.0459

Setting step size to 0.0328

Setting step size to 0.0484

Setting step size to 0.0129

Setting step size to 0.0556

Setting step size to  0.012

Setting step size to 0.0058

Setting step size to 0.0517

Setting step size to 0.0209

Setting step size to  0.053

Setting step size to 0.0121

Setting step size to 0.00879

Setting step size to 0.0318

Setting step size to 0.0135

Setting step size to 0.0387

Setting step size to  0.035

Setting step size to 0.0146

Setting step size to 0.0514

Setting step size to 0.0113

Setting step size to 0.0418

Setting step size to 0.0148

Setting step size to 0.0073

Setting step size to 0.0255

Setting step size to 0.0328

Setting step size to 0.00747

Setting step size to 0.0474

Setting step size to 0.00698

Setting step size to 0.0114

Setting step size to 0.0363

Setting step size to 0.00647

Setting step size to 0.0459

Setting step size to 0.0328

Setting step size to 0.0484

Setting step size to 0.0129

Setting step size to 0.0556

Setting step size to  0.012

Setting step size to 0.0058

Setting step size to 0.0517

Setting step size to 0.0209

Setting step size to  0.053

Setting step size to 0.0121

Setting step size to 0.00879

Setting step size to 0.0318

Setting step size to 0.0135

Setting step size to 0.0387

Setting step size to  0.035

Setting step size to 0.0146

Setting step size to 0.0514

Setting step size to 0.0113

Setting step size to 0.0418

Setting step size to 0.0148

Setting step size to 0.0073

Setting step size to 0.0255

Setting step size to 0.0328

Setting step size to 0.00747

Setting step size to 0.0474

Setting step size to 0.00698

Setting step size to 0.0114

Setting step size to 0.0363

Setting step size to 0.00647

Setting step size to 0.0459

Setting step size to 0.0328

Setting step size to 0.0484

Setting step size to 0.0129

Setting step size to 0.0556

Setting step size to  0.012

Setting step size to 0.0058

Setting step size to 0.0517

Setting step size to 0.0209

Setting step size to  0.053

Setting step size to 0.0121

Setting step size to 0.00879

Setting step size to 0.0318

Setting step size to 0.0135

Setting step size to 0.0387

Setting step size to  0.035

Setting step size to 0.0146

Setting step size to 0.0514

Setting step size to 0.0113

Setting step size to 0.0418

Setting step size to 0.0148

Setting step size to 0.0073

Setting step size to 0.0255

Setting step size to 0.0328

Setting step size to 0.00747

Setting step size to 0.0474

Setting step size to 0.00698

Setting step size to 0.0114

Setting step size to 0.0363

Setting step size to 0.00647

Setting step size to 0.0459

Setting step size to 0.0328

Setting step size to 0.0484

Setting step size to 0.0129

Setting step size to 0.0556

Setting step size to  0.012

Setting step size to 0.0058

Setting step size to 0.0517

Setting step size to 0.0209

Setting step size to  0.053

Setting step size to 0.0121

Setting step size to 0.00879

Setting step size to 0.0318

Setting step size to 0.0135

Setting step size to 0.0387

Setting step size to  0.035

Setting step size to 0.0146

Setting step size to 0.0514

Setting step size to 0.0113

Setting step size to 0.0418

Setting step size to 0.0148

Setting step size to 0.0073

Setting step size to 0.0255

Setting step size to 0.0328

Setting step size to 0.00747

Setting step size to 0.0474

Setting step size to 0.00698

Setting step size to 0.0114

Setting step size to 0.0363

Setting step size to 0.00647

Setting step size to 0.0459

Setting step size to 0.0328

Setting step size to 0.0484

Setting step size to 0.0129

Setting step size to 0.0556

Setting step size to  0.012

Setting step size to 0.0058

Setting step size to 0.0517

Setting step size to 0.0209

Setting step size to  0.053

Setting step size to 0.0121

Setting step size to 0.00879

Setting step size to 0.0318

Setting step size to 0.0135

Setting step size to 0.0387

Setting step size to  0.035

Setting step size to 0.0146

Setting step size to 0.0514

Setting step size to 0.0113

Setting step size to 0.0418

Setting step size to 0.0148

Setting step size to 0.0073

Setting step size to 0.0255

Setting step size to 0.0328

Setting step size to 0.00747

Setting step size to 0.0474

Setting step size to 0.00698

Setting step size to 0.0114

Setting step size to 0.0363

Setting step size to 0.00647

Setting step size to 0.0459

Setting step size to 0.0328

Setting step size to 0.0484

Setting step size to 0.0129

Setting step size to 0.0556

Setting step size to  0.012

Setting step size to 0.0058

Setting step size to 0.0517

Setting step size to 0.0209

Setting step size to  0.053

Setting step size to 0.0121

Setting step size to 0.00879

Setting step size to 0.0318

Setting step size to 0.0135

Setting step size to 0.0387

Setting step size to  0.035

Setting step size to 0.0146

Setting step size to 0.0514

Setting step size to 0.0113

Setting step size to 0.0418

Setting step size to 0.0148

Setting step size to 0.0073

Setting step size to 0.0255

Setting step size to 0.0328

Setting step size to 0.00747

Setting step size to 0.0474

Setting step size to 0.00698

Setting step size to 0.0114

Setting step size to 0.0363

Setting step size to 0.00647

Setting step size to 0.0459

Setting step size to 0.0328

Setting step size to 0.0484

Setting step size to 0.0129

Setting step size to 0.0556

Setting step size to  0.012

Setting step size to 0.0058

Setting step size to 0.0517

Setting step size to 0.0209

Setting step size to  0.053

Setting step size to 0.0121

Setting step size to 0.00879

Setting step size to 0.0318

Setting step size to 0.0135

Setting step size to 0.0387

Setting step size to  0.035

Setting step size to 0.0146

Setting step size to 0.0514

Setting step size to 0.0113

Setting step size to 0.0418

Setting step size to 0.0148

Setting step size to 0.0073

Setting step size to 0.0255

Setting step size to 0.0328

Setting step size to 0.00747

Setting step size to 0.0474

Setting step size to 0.00698

Setting step size to 0.0114

Setting step size to 0.0363

Setting step size to 0.00647

Setting step size to 0.0459

Setting step size to 0.0328

Setting step size to 0.0484

Setting step size to 0.0129

Setting step size to 0.0556

Setting step size to  0.012

Setting step size to 0.0058

Setting step size to 0.0517

Setting step size to 0.0209

Setting step size to  0.053

Setting step size to 0.0121

Setting step size to 0.00879

Setting step size to 0.0318

Setting step size to 0.0135

Setting step size to 0.0387

Setting step size to  0.035

Setting step size to 0.0146

Setting step size to 0.0514

Setting step size to 0.0113

Setting step size to 0.0418

Setting step size to 0.0148

Setting step size to 0.0073

Setting step size to 0.0255

Setting step size to 0.0328

Setting step size to 0.00747

Setting step size to 0.0474

Setting step size to 0.00698

Setting step size to 0.0114

Setting step size to 0.0363

Setting step size to 0.00647

Setting step size to 0.0459

Setting step size to 0.0328

Setting step size to 0.0484

Setting step size to 0.0129

Setting step size to 0.0556

Setting step size to  0.012

Setting step size to 0.0058

Setting step size to 0.0517

Setting step size to 0.0209

Setting step size to  0.053

Setting step size to 0.0121

Setting step size to 0.00879

Setting step size to 0.0318

Setting step size to 0.0135

Setting step size to 0.0387

Setting step size to  0.035

Setting step size to 0.0146

Setting step size to 0.0514

Setting step size to 0.0113

Setting step size to 0.0418

Setting step size to 0.0148

Setting step size to 0.0073

Setting step size to 0.0255

Setting step size to 0.0328

Setting step size to 0.00747

Setting step size to 0.0474

Setting step size to 0.00698

Setting step size to 0.0114

Setting step size to 0.0363

Setting step size to 0.00647

Setting step size to 0.0459

Setting step size to 0.0328

Setting step size to 0.0484

Setting step size to 0.0129

Setting step size to 0.0556

Setting step size to  0.012

Setting step size to 0.0058

Setting step size to 0.0517

Setting step size to 0.0209

Setting step size to  0.053

Setting step size to 0.0121

Setting step size to 0.00879

Setting step size to 0.0318

Setting step size to 0.0135

Setting step size to 0.0387

Setting step size to  0.035

Setting step size to 0.0146

Setting step size to 0.0514

Setting step size to 0.0113

Setting step size to 0.0418

Setting step size to 0.0148

Setting step size to 0.0073

Setting step size to 0.0255

Setting step size to 0.0328

Setting step size to 0.00747

Setting step size to 0.0474

Setting step size to 0.00698

Setting step size to 0.0114

Setting step size to 0.0363

Setting step size to 0.00647

Setting step size to 0.0459

Setting step size to 0.0328

Setting step size to 0.0484

Setting step size to 0.0129

Setting step size to 0.0556

Setting step size to  0.012

Setting step size to 0.0058

Setting step size to 0.0517

Setting step size to 0.0209

Setting step size to  0.053

Setting step size to 0.0121

Setting step size to 0.00879

Setting step size to 0.0318

Setting step size to 0.0135

Setting step size to 0.0387

Setting step size to  0.035

Setting step size to 0.0146

Setting step size to 0.0514

Setting step size to 0.0113

Setting step size to 0.0418

Setting step size to 0.0148

Setting step size to 0.0073

Setting step size to 0.0255

Setting step size to 0.0328

Setting step size to 0.00747

Setting step size to 0.0474

Setting step size to 0.00698

Setting step size to 0.0114

Setting step size to 0.0363

Setting step size to 0.00647

Setting step size to 0.0459

Setting step size to 0.0328

Setting step size to 0.0484

Setting step size to 0.0129

Setting step size to 0.0556

Setting step size to  0.012

Setting step size to 0.0058

Setting step size to 0.0517

Setting step size to 0.0209

Setting step size to  0.053

Setting step size to 0.0121

Setting step size to 0.00879

Setting step size to 0.0318

Setting step size to 0.0135

Setting step size to 0.0387

Setting step size to  0.035

Setting step size to 0.0146

Setting step size to 0.0514

Setting step size to 0.0113

Setting step size to 0.0418

Setting step size to 0.0148

Setting step size to 0.0073

Setting step size to 0.0255

Setting step size to 0.0328

Setting step size to 0.00747

Setting step size to 0.0474

Setting step size to 0.00698

Setting step size to 0.0114

Setting step size to 0.0363

Setting step size to 0.00647

Setting step size to 0.0459

Setting step size to 0.0328

Setting step size to 0.0484

Setting step size to 0.0129

Setting step size to 0.0556

Setting step size to  0.012

Setting step size to 0.0058

Setting step size to 0.0517

Setting step size to 0.0209

Setting step size to  0.053

Setting step size to 0.0121

Setting step size to 0.00879

Setting step size to 0.0318

Setting step size to 0.0135

Setting step size to 0.0387

Setting step size to  0.035

Setting step size to 0.0146

Setting step size to 0.0514

Setting step size to 0.0113

Setting step size to 0.0418

Setting step size to 0.0148

Setting step size to 0.0073

Setting step size to 0.0255

Setting step size to 0.0328

Setting step size to 0.00747

Setting step size to 0.0474

Setting step size to 0.00698

Setting step size to 0.0114

Setting step size to 0.0363

Setting step size to 0.00647

Setting step size to 0.0459

Setting step size to 0.0328

Setting step size to 0.0484

Setting step size to 0.0129

Setting step size to 0.0556

Setting step size to  0.012

Setting step size to 0.0058

Setting step size to 0.0517

Setting step size to 0.0209

Setting step size to  0.053

Setting step size to 0.0121

Setting step size to 0.00879

Setting step size to 0.0318

Setting step size to 0.0135

Setting step size to 0.0387

Setting step size to  0.035

Setting step size to 0.0146

Setting step size to 0.0514

Setting step size to 0.0113

Setting step size to 0.0418

Setting step size to 0.0148

Setting step size to 0.0073

Setting step size to 0.0255

Setting step size to 0.0328

Setting step size to 0.00747

Setting step size to 0.0474

Setting step size to 0.00698

Setting step size to 0.0114

Setting step size to 0.0363

Setting step size to 0.00647

Setting step size to 0.0459

Setting step size to 0.0328

Setting step size to 0.0484

Setting step size to 0.0129

Setting step size to 0.0556

Setting step size to  0.012

Setting step size to 0.0058

Setting step size to 0.0517

Setting step size to 0.0209

Setting step size to  0.053

Setting step size to 0.0121

Setting step size to 0.00879

Setting step size to 0.0318

Setting step size to 0.0135

Setting step size to 0.0387

Setting step size to  0.035

Setting step size to 0.0146

Setting step size to 0.0514

Setting step size to 0.0113

Setting step size to 0.0418

Setting step size to 0.0148

Setting step size to 0.0073

Setting step size to 0.0255

Setting step size to 0.0328

Setting step size to 0.00747

Setting step size to 0.0474

Setting step size to 0.00698

Setting step size to 0.0114

Setting step size to 0.0363

Setting step size to 0.00647

Setting step size to 0.0459

Setting step size to 0.0328

Setting step size to 0.0484

Setting step size to 0.0129

Setting step size to 0.0556

Setting step size to  0.012

Setting step size to 0.0058

Setting step size to 0.0517

Setting step size to 0.0209

Setting step size to  0.053

Setting step size to 0.0121

Setting step size to 0.00879

Setting step size to 0.0318

Setting step size to 0.0135

Setting step size to 0.0387

Setting step size to  0.035

Setting step size to 0.0146

Setting step size to 0.0514

Setting step size to 0.0113

Setting step size to 0.0418

Setting step size to 0.0148

Setting step size to 0.0073

Setting step size to 0.0255

Setting step size to 0.0328

Setting step size to 0.00747

Setting step size to 0.0474

Setting step size to 0.00698

Setting step size to 0.0114

Setting step size to 0.0363

Setting step size to 0.00647

Setting step size to 0.0459

Setting step size to 0.0328

Setting step size to 0.0484

Setting step size to 0.0129

Setting step size to 0.0556

Setting step size to  0.012

Setting step size to 0.0058

Setting step size to 0.0517

Setting step size to 0.0209

Setting step size to  0.053

Setting step size to 0.0121

Setting step size to 0.00879

Setting step size to 0.0318

Setting step size to 0.0135

Setting step size to 0.0387

Setting step size to  0.035

Setting step size to 0.0146

Setting step size to 0.0514

Setting step size to 0.0113

Setting step size to 0.0418

Setting step size to 0.0148

Setting step size to 0.0073

Setting step size to 0.0255

Setting step size to 0.0328

Setting step size to 0.00747

Setting step size to 0.0474

Setting step size to 0.00698

Setting step size to 0.0114

Setting step size to 0.0363

Setting step size to 0.00647

Setting step size to 0.0459

Setting step size to 0.0328

Setting step size to 0.0484

Setting step size to 0.0129

Setting step size to 0.0556

Setting step size to  0.012

Setting step size to 0.0058

Setting step size to 0.0517

Setting step size to 0.0209

Setting step size to  0.053

Setting step size to 0.0121

Setting step size to 0.00879

Setting step size to 0.0318

Setting step size to 0.0135

Setting step size to 0.0387

Setting step size to  0.035

Setting step size to 0.0146

Setting step size to 0.0514

Setting step size to 0.0113

Setting step size to 0.0418

Setting step size to 0.0148

Setting step size to 0.0073

Setting step size to 0.0255

Setting step size to 0.0328

Setting step size to 0.00747

Setting step size to 0.0474

Setting step size to 0.00698

Setting step size to 0.0114

Setting step size to 0.0363

Setting step size to 0.00647

Setting step size to 0.0459

Setting step size to 0.0328

Setting step size to 0.0484

Setting step size to 0.0129

Setting step size to 0.0556

Setting step size to  0.012

Setting step size to 0.0058

Setting step size to 0.0517

Setting step size to 0.0209

Setting step size to  0.053

Setting step size to 0.0121

Setting step size to 0.00879

Setting step size to 0.0318

Setting step size to 0.0135

Setting step size to 0.0387

Setting step size to  0.035

Setting step size to 0.0146

Setting step size to 0.0514

Setting step size to 0.0113

Setting step size to 0.0418

Setting step size to 0.0148

Setting step size to 0.0073

Setting step size to 0.0255

Setting step size to 0.0328

Setting step size to 0.00747

Setting step size to 0.0474

Setting step size to 0.00698

Setting step size to 0.0114

Setting step size to 0.0363

Setting step size to 0.00647

Setting step size to 0.0459

Setting step size to 0.0328

Setting step size to 0.0484

Setting step size to 0.0129

Setting step size to 0.0556

Setting step size to  0.012

Setting step size to 0.0058

Setting step size to 0.0517

Setting step size to 0.0209

Setting step size to  0.053

Setting step size to 0.0121

Setting step size to 0.00879

Setting step size to 0.0318

Setting step size to 0.0135

Setting step size to 0.0387

Setting step size to  0.035

Setting step size to 0.0146

Setting step size to 0.0514

Setting step size to 0.0113

Setting step size to 0.0418

Setting step size to 0.0148

Setting step size to 0.0073

Setting step size to 0.0255

Setting step size to 0.0328

Setting step size to 0.00747

Setting step size to 0.0474

Setting step size to 0.00698

Setting step size to 0.0114

Setting step size to 0.0363

Setting step size to 0.00647

Setting step size to 0.0459

Setting step size to 0.0328

Setting step size to 0.0484

Setting step size to 0.0129

Setting step size to 0.0556

Setting step size to  0.012

Setting step size to 0.0058

Setting step size to 0.0517

Setting step size to 0.0209

Setting step size to  0.053

Setting step size to 0.0121

Setting step size to 0.00879

Setting step size to 0.0318

Setting step size to 0.0135

Setting step size to 0.0387

Setting step size to  0.035

Setting step size to 0.0146

Setting step size to 0.0514

Setting step size to 0.0113

Setting step size to 0.0418

Setting step size to 0.0148

Setting step size to 0.0073

Setting step size to 0.0255

Setting step size to 0.0328

Setting step size to 0.00747

Setting step size to 0.0474

Setting step size to 0.00698

Setting step size to 0.0114

Setting step size to 0.0363

Setting step size to 0.00647

Setting step size to 0.0459

Setting step size to 0.0328

Setting step size to 0.0484

Setting step size to 0.0129

Setting step size to 0.0556

Setting step size to  0.012

Setting step size to 0.0058

Setting step size to 0.0517

Setting step size to 0.0209

Setting step size to  0.053

Setting step size to 0.0121

Setting step size to 0.00879

Setting step size to 0.0318

Setting step size to 0.0135

Setting step size to 0.0387

Setting step size to  0.035

Setting step size to 0.0146

Setting step size to 0.0514

Setting step size to 0.0113

Setting step size to 0.0418

Setting step size to 0.0148

Setting step size to 0.0073

Setting step size to 0.0255

Setting step size to 0.0328

Setting step size to 0.00747

Setting step size to 0.0474

Setting step size to 0.00698

Setting step size to 0.0114

Setting step size to 0.0363

Setting step size to 0.00647

Setting step size to 0.0459

Setting step size to 0.0328

Setting step size to 0.0484

Setting step size to 0.0129

Setting step size to 0.0556

Setting step size to  0.012

Setting step size to 0.0058

Setting step size to 0.0517

Setting step size to 0.0209

Setting step size to  0.053

Setting step size to 0.0121

Setting step size to 0.00879

Setting step size to 0.0318

Setting step size to 0.0135

Setting step size to 0.0387

Setting step size to  0.035

Setting step size to 0.0146

Setting step size to 0.0514

Setting step size to 0.0113

Setting step size to 0.0418

Setting step size to 0.0148

Setting step size to 0.0073

Setting step size to 0.0255

Setting step size to 0.0328

Setting step size to 0.00747

Setting step size to 0.0474

Setting step size to 0.00698

Setting step size to 0.0114

Setting step size to 0.0363

Setting step size to 0.00647

Setting step size to 0.0459

Setting step size to 0.0328

Setting step size to 0.0484

Setting step size to 0.0129

Setting step size to 0.0556

Setting step size to  0.012

Setting step size to 0.0058

Setting step size to 0.0517

Setting step size to 0.0209

Setting step size to  0.053

Setting step size to 0.0121

Setting step size to 0.00879

Setting step size to 0.0318

Setting step size to 0.0135

Setting step size to 0.0387

Setting step size to  0.035

Setting step size to 0.0146

Setting step size to 0.0514

Setting step size to 0.0113

Setting step size to 0.0418

Setting step size to 0.0148

Setting step size to 0.0073

Setting step size to 0.0255

Setting step size to 0.0328

Setting step size to 0.00747

Setting step size to 0.0474

Setting step size to 0.00698

Setting step size to 0.0114

Setting step size to 0.0363

Setting step size to 0.00647

Setting step size to 0.0459

Setting step size to 0.0328

Setting step size to 0.0484

Setting step size to 0.0129

Setting step size to 0.0556

Setting step size to  0.012

Setting step size to 0.0058

Setting step size to 0.0517

Setting step size to 0.0209

Setting step size to  0.053

Setting step size to 0.0121

Setting step size to 0.00879

Setting step size to 0.0318

Setting step size to 0.0135

Setting step size to 0.0387

Setting step size to  0.035

Setting step size to 0.0146

Setting step size to 0.0514

Setting step size to 0.0113

Setting step size to 0.0418

Setting step size to 0.0148

Setting step size to 0.0073

Setting step size to 0.0255

Setting step size to 0.0328

Setting step size to 0.00747

Setting step size to 0.0474

Setting step size to 0.00698

Setting step size to 0.0114

Setting step size to 0.0363

Setting step size to 0.00647

Setting step size to 0.0459

Setting step size to 0.0328

Setting step size to 0.0484

Setting step size to 0.0129

Setting step size to 0.0556

Setting step size to  0.012

Setting step size to 0.0058

Setting step size to 0.0517

Setting step size to 0.0209

Setting step size to  0.053

Setting step size to 0.0121

Setting step size to 0.00879

Setting step size to 0.0318

Setting step size to 0.0135

Setting step size to 0.0387

Setting step size to  0.035

Setting step size to 0.0146

Setting step size to 0.0514

Setting step size to 0.0113

Setting step size to 0.0418

Setting step size to 0.0148

Setting step size to 0.0073

Setting step size to 0.0255

Setting step size to 0.0328

Setting step size to 0.00747

Setting step size to 0.0474

Setting step size to 0.00698

Setting step size to 0.0114

Setting step size to 0.0363

Setting step size to 0.00647

Setting step size to 0.0459

Setting step size to 0.0328

Setting step size to 0.0484

Setting step size to 0.0129

Setting step size to 0.0556

Setting step size to  0.012

Setting step size to 0.0058

Setting step size to 0.0517

Setting step size to 0.0209

Setting step size to  0.053

Setting step size to 0.0121

Setting step size to 0.00879

Setting step size to 0.0318

Setting step size to 0.0135

Setting step size to 0.0387

Setting step size to  0.035

Setting step size to 0.0146

Setting step size to 0.0514

Setting step size to 0.0113

Setting step size to 0.0418

Setting step size to 0.0148

Setting step size to 0.0073

Setting step size to 0.0255

Setting step size to 0.0328

Setting step size to 0.00747

Setting step size to 0.0474

Setting step size to 0.00698

Setting step size to 0.0114

Setting step size to 0.0363

Setting step size to 0.00647

Setting step size to 0.0459

Setting step size to 0.0328

Setting step size to 0.0484

Setting step size to 0.0129

Setting step size to 0.0556

Setting step size to  0.012

Setting step size to 0.0058

Setting step size to 0.0517

Setting step size to 0.0209

Setting step size to  0.053

Setting step size to 0.0121

Setting step size to 0.00879

Setting step size to 0.0318

Setting step size to 0.0135

Setting step size to 0.0387

Setting step size to  0.035

Setting step size to 0.0146

Setting step size to 0.0514

Setting step size to 0.0113

Setting step size to 0.0418

Setting step size to 0.0148

Setting step size to 0.0073

Setting step size to 0.0255

Setting step size to 0.0328

Setting step size to 0.00747

Setting step size to 0.0474

Setting step size to 0.00698

Setting step size to 0.0114

Setting step size to 0.0363

Setting step size to 0.00647

Setting step size to 0.0459

Setting step size to 0.0328

Setting step size to 0.0484

Setting step size to 0.0129

Setting step size to 0.0556

Setting step size to  0.012

Setting step size to 0.0058

Setting step size to 0.0517

Setting step size to 0.0209

Setting step size to  0.053

Setting step size to 0.0121

Setting step size to 0.00879

Setting step size to 0.0318

Setting step size to 0.0135

Setting step size to 0.0387

Setting step size to  0.035

Setting step size to 0.0146

Setting step size to 0.0514

Setting step size to 0.0113

Setting step size to 0.0418

Setting step size to 0.0148

Setting step size to 0.0073

Setting step size to 0.0255

Setting step size to 0.0328

Setting step size to 0.00747

Setting step size to 0.0474

Setting step size to 0.00698

Setting step size to 0.0114

Setting step size to 0.0363

Setting step size to 0.00647

Setting step size to 0.0459

Setting step size to 0.0328

Setting step size to 0.0484

Setting step size to 0.0129

Setting step size to 0.0556

Setting step size to  0.012

Setting step size to 0.0058

Setting step size to 0.0517

Setting step size to 0.0209

Setting step size to  0.053

Setting step size to 0.0121

Setting step size to 0.00879

Setting step size to 0.0318

Setting step size to 0.0135

Setting step size to 0.0387

Setting step size to  0.035

Setting step size to 0.0146

Setting step size to 0.0514

Setting step size to 0.0113

Setting step size to 0.0418

Setting step size to 0.0148

Setting step size to 0.0073

Setting step size to 0.0255

Setting step size to 0.0328

Setting step size to 0.00747

Setting step size to 0.0474

Setting step size to 0.00698

Setting step size to 0.0114

Setting step size to 0.0363

Setting step size to 0.00647

Setting step size to 0.0459

Setting step size to 0.0328

Setting step size to 0.0484

Setting step size to 0.0129

Setting step size to 0.0556

Setting step size to  0.012

Setting step size to 0.0058

Setting step size to 0.0517

Setting step size to 0.0209

Setting step size to  0.053

Setting step size to 0.0121

Setting step size to 0.00879

Setting step size to 0.0318

Setting step size to 0.0135

Setting step size to 0.0387

Setting step size to  0.035

Setting step size to 0.0146

Setting step size to 0.0514

Setting step size to 0.0113

Setting step size to 0.0418

Setting step size to 0.0148

Setting step size to 0.0073

Setting step size to 0.0255

Setting step size to 0.0328

Setting step size to 0.00747

Setting step size to 0.0474

Setting step size to 0.00698

Setting step size to 0.0114

Setting step size to 0.0363

Setting step size to 0.00647

Setting step size to 0.0459

Setting step size to 0.0328

Setting step size to 0.0484

Setting step size to 0.0129

Setting step size to 0.0556

Setting step size to  0.012

Setting step size to 0.0058

Setting step size to 0.0517

Setting step size to 0.0209

Setting step size to  0.053

Setting step size to 0.0121

Setting step size to 0.00879

Setting step size to 0.0318

Setting step size to 0.0135

Setting step size to 0.0387

Setting step size to  0.035

Setting step size to 0.0146

Setting step size to 0.0514

Setting step size to 0.0113

Setting step size to 0.0418

Setting step size to 0.0148

Setting step size to 0.0073

Setting step size to 0.0255

Setting step size to 0.0328

Setting step size to 0.00747

Setting step size to 0.0474

Setting step size to 0.00698

Setting step size to 0.0114

Setting step size to 0.0363

Setting step size to 0.00647

Setting step size to 0.0459

Setting step size to 0.0328

Setting step size to 0.0484

Setting step size to 0.0129

Setting step size to 0.0556

Setting step size to  0.012

Setting step size to 0.0058

Setting step size to 0.0517

Setting step size to 0.0209

Setting step size to  0.053

Setting step size to 0.0121

Setting step size to 0.00879

Setting step size to 0.0318

Setting step size to 0.0135

Setting step size to 0.0387

Setting step size to  0.035

Setting step size to 0.0146

Setting step size to 0.0514

Setting step size to 0.0113

Setting step size to 0.0418

Setting step size to 0.0148

Setting step size to 0.0073

Setting step size to 0.0255

Setting step size to 0.0328

Setting step size to 0.00747

Setting step size to 0.0474

Setting step size to 0.00698

Setting step size to 0.0114

Setting step size to 0.0363

Setting step size to 0.00647

Setting step size to 0.0459

Setting step size to 0.0328

Setting step size to 0.0484

Setting step size to 0.0129

Setting step size to 0.0556

Setting step size to  0.012

Setting step size to 0.0058

Setting step size to 0.0517

Setting step size to 0.0209

Setting step size to  0.053

Setting step size to 0.0121

Setting step size to 0.00879

Setting step size to 0.0318

Setting step size to 0.0135

Setting step size to 0.0387

Setting step size to  0.035

Setting step size to 0.0146

Setting step size to 0.0514

Setting step size to 0.0113

Setting step size to 0.0418

Setting step size to 0.0148

Setting step size to 0.0073

Setting step size to 0.0255

Setting step size to 0.0328

Setting step size to 0.00747

Setting step size to 0.0474

Setting step size to 0.00698

Setting step size to 0.0114

Setting step size to 0.0363

Setting step size to 0.00647

Setting step size to 0.0459

Setting step size to 0.0328

Setting step size to 0.0484

Setting step size to 0.0129

Setting step size to 0.0556

Setting step size to  0.012

Setting step size to 0.0058

Setting step size to 0.0517

Setting step size to 0.0209

Setting step size to  0.053

Setting step size to 0.0121

Setting step size to 0.00879

Setting step size to 0.0318

Setting step size to 0.0135

Setting step size to 0.0387

Setting step size to  0.035

Setting step size to 0.0146

Setting step size to 0.0514

Setting step size to 0.0113

Setting step size to 0.0418

Setting step size to 0.0148

Setting step size to 0.0073

Setting step size to 0.0255

Setting step size to 0.0328

Setting step size to 0.00747

Setting step size to 0.0474

Setting step size to 0.00698

Setting step size to 0.0114

Setting step size to 0.0363

Setting step size to 0.00647

Setting step size to 0.0459

Setting step size to 0.0328

Setting step size to 0.0484

Setting step size to 0.0129

Setting step size to 0.0556

Setting step size to  0.012

Setting step size to 0.0058

Setting step size to 0.0517

Setting step size to 0.0209

Setting step size to  0.053

Setting step size to 0.0121

Setting step size to 0.00879

Setting step size to 0.0318

Setting step size to 0.0135

Setting step size to 0.0387

Setting step size to  0.035

Setting step size to 0.0146

Setting step size to 0.0514

Setting step size to 0.0113

Setting step size to 0.0418

Setting step size to 0.0148

Setting step size to 0.0073

Setting step size to 0.0255

Setting step size to 0.0328

Setting step size to 0.00747

Setting step size to 0.0474

Setting step size to 0.00698

Setting step size to 0.0114

Setting step size to 0.0363

Setting step size to 0.00647

Setting step size to 0.0459

Setting step size to 0.0328

Setting step size to 0.0484

Setting step size to 0.0129

Setting step size to 0.0556

Setting step size to  0.012

Setting step size to 0.0058

Setting step size to 0.0517

Setting step size to 0.0209

Setting step size to  0.053

Setting step size to 0.0121

Setting step size to 0.00879

Setting step size to 0.0318

Setting step size to 0.0135

Setting step size to 0.0387

Setting step size to  0.035

Setting step size to 0.0146

Setting step size to 0.0514

Setting step size to 0.0113

Setting step size to 0.0418

Setting step size to 0.0148

Setting step size to 0.0073

Setting step size to 0.0255

Setting step size to 0.0328

Setting step size to 0.00747

Setting step size to 0.0474

Setting step size to 0.00698

Setting step size to 0.0114

Setting step size to 0.0363

Setting step size to 0.00647

Setting step size to 0.0459

Setting step size to 0.0328

Setting step size to 0.0484

Setting step size to 0.0129

Setting step size to 0.0556

Setting step size to  0.012

Setting step size to 0.0058

Setting step size to 0.0517

Setting step size to 0.0209

Setting step size to  0.053

Setting step size to 0.0121

Setting step size to 0.00879

Setting step size to 0.0318

Setting step size to 0.0135

Setting step size to 0.0387

Setting step size to  0.035

Setting step size to 0.0146

Setting step size to 0.0514

Setting step size to 0.0113

Setting step size to 0.0418

Setting step size to 0.0148

Setting step size to 0.0073

Setting step size to 0.0255

Setting step size to 0.0328

Setting step size to 0.00747

Setting step size to 0.0474

Setting step size to 0.00698

Setting step size to 0.0114

Setting step size to 0.0363

Setting step size to 0.00647

Setting step size to 0.0459

Setting step size to 0.0328

Setting step size to 0.0484

Setting step size to 0.0129

Setting step size to 0.0556

Setting step size to  0.012

Setting step size to 0.0058

Setting step size to 0.0517

Setting step size to 0.0209

Setting step size to  0.053

Setting step size to 0.0121

Setting step size to 0.00879

Setting step size to 0.0318

Setting step size to 0.0135

Setting step size to 0.0387

Setting step size to  0.035

Setting step size to 0.0146

Setting step size to 0.0514

Setting step size to 0.0113

Setting step size to 0.0418

Setting step size to 0.0148

Setting step size to 0.0073

Setting step size to 0.0255

Setting step size to 0.0328

Setting step size to 0.00747

Setting step size to 0.0474

Setting step size to 0.00698

Setting step size to 0.0114

Setting step size to 0.0363

Setting step size to 0.00647

Setting step size to 0.0459

Setting step size to 0.0328

Setting step size to 0.0484

Setting step size to 0.0129

Setting step size to 0.0556

Setting step size to  0.012

Setting step size to 0.0058

Setting step size to 0.0517

Setting step size to 0.0209

Setting step size to  0.053

Setting step size to 0.0121

Setting step size to 0.00879

Setting step size to 0.0318

Setting step size to 0.0135

Setting step size to 0.0387

Setting step size to  0.035

Setting step size to 0.0146

Setting step size to 0.0514

Setting step size to 0.0113

Setting step size to 0.0418

Setting step size to 0.0148

Setting step size to 0.0073

Setting step size to 0.0255

Setting step size to 0.0328

Setting step size to 0.00747

Setting step size to 0.0474

Setting step size to 0.00698

Setting step size to 0.0114

Setting step size to 0.0363

Setting step size to 0.00647

Setting step size to 0.0459

Setting step size to 0.0328

Setting step size to 0.0484

Setting step size to 0.0129

Setting step size to 0.0556

Setting step size to  0.012

Setting step size to 0.0058

Setting step size to 0.0517

Setting step size to 0.0209

Setting step size to  0.053

Setting step size to 0.0121

Setting step size to 0.00879

Setting step size to 0.0318

Setting step size to 0.0135

Setting step size to 0.0387

Setting step size to  0.035

Setting step size to 0.0146

Setting step size to 0.0514

Setting step size to 0.0113

Setting step size to 0.0418

Setting step size to 0.0148

Setting step size to 0.0073

Setting step size to 0.0255

Setting step size to 0.0328

Setting step size to 0.00747

Setting step size to 0.0474

Setting step size to 0.00698

Setting step size to 0.0114

Setting step size to 0.0363

Setting step size to 0.00647

Setting step size to 0.0459

Setting step size to 0.0328

Setting step size to 0.0484

Setting step size to 0.0129

Setting step size to 0.0556

Setting step size to  0.012

Setting step size to 0.0058

Setting step size to 0.0517

Setting step size to 0.0209

Setting step size to  0.053

Setting step size to 0.0121

Setting step size to 0.00879

Setting step size to 0.0318

Setting step size to 0.0135

Setting step size to 0.0387

Setting step size to  0.035

Setting step size to 0.0146

Setting step size to 0.0514

Setting step size to 0.0113

Setting step size to 0.0418

Setting step size to 0.0148

Setting step size to 0.0073

Setting step size to 0.0255

Setting step size to 0.0328

Setting step size to 0.00747

Setting step size to 0.0474

Setting step size to 0.00698

Setting step size to 0.0114

Setting step size to 0.0363

Setting step size to 0.00647

Setting step size to 0.0459

Setting step size to 0.0328

Setting step size to 0.0484

Setting step size to 0.0129

Setting step size to 0.0556

Setting step size to  0.012

Setting step size to 0.0058

Setting step size to 0.0517

Setting step size to 0.0209

Setting step size to  0.053

Setting step size to 0.0121

Setting step size to 0.00879

Setting step size to 0.0318

Setting step size to 0.0135

Setting step size to 0.0387

Setting step size to  0.035

Setting step size to 0.0146

Setting step size to 0.0514

Setting step size to 0.0113

Setting step size to 0.0418

Setting step size to 0.0148

Setting step size to 0.0073

Setting step size to 0.0255

Setting step size to 0.0328

Setting step size to 0.00747

Setting step size to 0.0474

Setting step size to 0.00698

Setting step size to 0.0114

Setting step size to 0.0363

Setting step size to 0.00647

Setting step size to 0.0459

Setting step size to 0.0328

Setting step size to 0.0484

Setting step size to 0.0129

Setting step size to 0.0556

Setting step size to  0.012

Setting step size to 0.0058

Setting step size to 0.0517

Setting step size to 0.0209

Setting step size to  0.053

Setting step size to 0.0121

Setting step size to 0.00879

Setting step size to 0.0318

Setting step size to 0.0135

Setting step size to 0.0387

Setting step size to  0.035

Setting step size to 0.0146

Setting step size to 0.0514

Setting step size to 0.0113

Setting step size to 0.0418

Setting step size to 0.0148

Setting step size to 0.0073

Setting step size to 0.0255

Setting step size to 0.0328

Setting step size to 0.00747

Setting step size to 0.0474

Setting step size to 0.00698

Setting step size to 0.0114

Setting step size to 0.0363

Setting step size to 0.00647

Setting step size to 0.0459

Setting step size to 0.0328

Setting step size to 0.0484

Setting step size to 0.0129

Setting step size to 0.0556

Setting step size to  0.012

Setting step size to 0.0058

Setting step size to 0.0517

Setting step size to 0.0209

Setting step size to  0.053

Setting step size to 0.0121

Setting step size to 0.00879

Setting step size to 0.0318

Setting step size to 0.0135

Setting step size to 0.0387

Setting step size to  0.035

Setting step size to 0.0146

Setting step size to 0.0514

Setting step size to 0.0113

Setting step size to 0.0418

Setting step size to 0.0148

Setting step size to 0.0073

Setting step size to 0.0255

Setting step size to 0.0328

Setting step size to 0.00747

Setting step size to 0.0474

Setting step size to 0.00698

Setting step size to 0.0114

Setting step size to 0.0363

Setting step size to 0.00647

Setting step size to 0.0459

Setting step size to 0.0328

Setting step size to 0.0484

Setting step size to 0.0129

Setting step size to 0.0556

Setting step size to  0.012

Setting step size to 0.0058

Setting step size to 0.0517

Setting step size to 0.0209

Setting step size to  0.053

Setting step size to 0.0121

Setting step size to 0.00879

Setting step size to 0.0318

Setting step size to 0.0135

Setting step size to 0.0387

Setting step size to  0.035

Setting step size to 0.0146

Setting step size to 0.0514

Setting step size to 0.0113

Setting step size to 0.0418

Setting step size to 0.0148

Setting step size to 0.0073

Setting step size to 0.0255

Setting step size to 0.0328

Setting step size to 0.00747

Setting step size to 0.0474

Setting step size to 0.00698

Setting step size to 0.0114

Setting step size to 0.0363

Setting step size to 0.00647

Setting step size to 0.0459

Setting step size to 0.0328

Setting step size to 0.0484

Setting step size to 0.0129

Setting step size to 0.0556

Setting step size to  0.012

Setting step size to 0.0058

Setting step size to 0.0517

Setting step size to 0.0209

Setting step size to  0.053

Setting step size to 0.0121

Setting step size to 0.00879

Setting step size to 0.0318

Setting step size to 0.0135

Setting step size to 0.0387

Setting step size to  0.035

Setting step size to 0.0146

Setting step size to 0.0514

Setting step size to 0.0113

Setting step size to 0.0418

Setting step size to 0.0148

Setting step size to 0.0073

Setting step size to 0.0255

Setting step size to 0.0328

Setting step size to 0.00747

Setting step size to 0.0474

Setting step size to 0.00698

Setting step size to 0.0114

Setting step size to 0.0363

Setting step size to 0.00647

Setting step size to 0.0459

Setting step size to 0.0328

Setting step size to 0.0484

Setting step size to 0.0129

Setting step size to 0.0556

Setting step size to  0.012

Setting step size to 0.0058

Setting step size to 0.0517

Setting step size to 0.0209

Setting step size to  0.053

Setting step size to 0.0121

Setting step size to 0.00879

Setting step size to 0.0318

Setting step size to 0.0135

Setting step size to 0.0387

Setting step size to  0.035

Setting step size to 0.0146

Setting step size to 0.0514

Setting step size to 0.0113

Setting step size to 0.0418

Setting step size to 0.0148

Setting step size to 0.0073

Setting step size to 0.0255

Setting step size to 0.0328

Setting step size to 0.00747

Setting step size to 0.0474

Setting step size to 0.00698

Setting step size to 0.0114

Setting step size to 0.0363

Setting step size to 0.00647

Setting step size to 0.0459

Setting step size to 0.0328

Setting step size to 0.0484

Setting step size to 0.0129

Setting step size to 0.0556

Setting step size to  0.012

Setting step size to 0.0058

Setting step size to 0.0517

Setting step size to 0.0209

Setting step size to  0.053

Setting step size to 0.0121

Setting step size to 0.00879

Setting step size to 0.0318

Setting step size to 0.0135

Setting step size to 0.0387

Setting step size to  0.035

Setting step size to 0.0146

Setting step size to 0.0514

Setting step size to 0.0113

Setting step size to 0.0418

Setting step size to 0.0148

Setting step size to 0.0073

Setting step size to 0.0255

Setting step size to 0.0328

Setting step size to 0.00747

Setting step size to 0.0474

Setting step size to 0.00698

Setting step size to 0.0114

Setting step size to 0.0363

Setting step size to 0.00647

Setting step size to 0.0459

Setting step size to 0.0328

Setting step size to 0.0484

Setting step size to 0.0129

Setting step size to 0.0556

Setting step size to  0.012

Setting step size to 0.0058

Setting step size to 0.0517

Setting step size to 0.0209

Setting step size to  0.053

Setting step size to 0.0121

Setting step size to 0.00879

Setting step size to 0.0318

Setting step size to 0.0135

Setting step size to 0.0387

Setting step size to  0.035

Setting step size to 0.0146

Setting step size to 0.0514

Setting step size to 0.0113

Setting step size to 0.0418

Setting step size to 0.0148

Setting step size to 0.0073

Setting step size to 0.0255

Setting step size to 0.0328

Setting step size to 0.00747

Setting step size to 0.0474

Setting step size to 0.00698

Setting step size to 0.0114

Setting step size to 0.0363

Setting step size to 0.00647

Setting step size to 0.0459

Setting step size to 0.0328

Setting step size to 0.0484

Setting step size to 0.0129

Setting step size to 0.0556

Setting step size to  0.012

Setting step size to 0.0058

Setting step size to 0.0517

Setting step size to 0.0209

Setting step size to  0.053

Setting step size to 0.0121

Setting step size to 0.00879

Setting step size to 0.0318

Setting step size to 0.0135

Setting step size to 0.0387

Setting step size to  0.035

Setting step size to 0.0146

Setting step size to 0.0514

Setting step size to 0.0113

Setting step size to 0.0418

Setting step size to 0.0148

Setting step size to 0.0073

Setting step size to 0.0255

Setting step size to 0.0328

Setting step size to 0.00747

Setting step size to 0.0474

Setting step size to 0.00698

Setting step size to 0.0114

Setting step size to 0.0363

Setting step size to 0.00647

Setting step size to 0.0459

Setting step size to 0.0328

Setting step size to 0.0484

Setting step size to 0.0129

Setting step size to 0.0556

Setting step size to  0.012

Setting step size to 0.0058

Setting step size to 0.0517

Setting step size to 0.0209

Setting step size to  0.053

Setting step size to 0.0121

Setting step size to 0.00879

Setting step size to 0.0318

Setting step size to 0.0135

Setting step size to 0.0387

Setting step size to  0.035

Setting step size to 0.0146

Setting step size to 0.0514

Setting step size to 0.0113

Setting step size to 0.0418

Setting step size to 0.0148

Setting step size to 0.0073

Setting step size to 0.0255

Setting step size to 0.0328

Setting step size to 0.00747

Setting step size to 0.0474

Setting step size to 0.00698

Setting step size to 0.0114

Setting step size to 0.0363

Setting step size to 0.00647

Setting step size to 0.0459

Setting step size to 0.0328

Setting step size to 0.0484

Setting step size to 0.0129

Setting step size to 0.0556

Setting step size to  0.012

Setting step size to 0.0058

Setting step size to 0.0517

Setting step size to 0.0209

Setting step size to  0.053

Setting step size to 0.0121

Setting step size to 0.00879

Setting step size to 0.0318

Setting step size to 0.0135

Setting step size to 0.0387

Setting step size to  0.035

Setting step size to 0.0146

Setting step size to 0.0514

Setting step size to 0.0113

Setting step size to 0.0418

Setting step size to 0.0148

Setting step size to 0.0073

Setting step size to 0.0255

Setting step size to 0.0328

Setting step size to 0.00747

Setting step size to 0.0474

Setting step size to 0.00698

Setting step size to 0.0114

Setting step size to 0.0363

Setting step size to 0.00647

Setting step size to 0.0459

Setting step size to 0.0328

Setting step size to 0.0484

Setting step size to 0.0129

Setting step size to 0.0556

Setting step size to  0.012

Setting step size to 0.0058

Setting step size to 0.0517

Setting step size to 0.0209

Setting step size to  0.053

Setting step size to 0.0121

Setting step size to 0.00879

Setting step size to 0.0318

Setting step size to 0.0135

Setting step size to 0.0387

Setting step size to  0.035

Setting step size to 0.0146

Setting step size to 0.0514

Setting step size to 0.0113

Setting step size to 0.0418

Setting step size to 0.0148

Setting step size to 0.0073

Setting step size to 0.0255

Setting step size to 0.0328

Setting step size to 0.00747

Setting step size to 0.0474

Setting step size to 0.00698

Setting step size to 0.0114

Setting step size to 0.0363

Setting step size to 0.00647

Setting step size to 0.0459

Setting step size to 0.0328

Setting step size to 0.0484

Setting step size to 0.0129

Setting step size to 0.0556

Setting step size to  0.012

Setting step size to 0.0058

Setting step size to 0.0517

Setting step size to 0.0209

Setting step size to  0.053

Setting step size to 0.0121

Setting step size to 0.00879

Setting step size to 0.0318

Setting step size to 0.0135

Setting step size to 0.0387

Setting step size to  0.035

Setting step size to 0.0146

Setting step size to 0.0514

Setting step size to 0.0113

Setting step size to 0.0418

Setting step size to 0.0148

Setting step size to 0.0073

Setting step size to 0.0255

Setting step size to 0.0328

Setting step size to 0.00747

Setting step size to 0.0474

Setting step size to 0.00698

Setting step size to 0.0114

Setting step size to 0.0363

Setting step size to 0.00647

Setting step size to 0.0459

Setting step size to 0.0328

Setting step size to 0.0484

Setting step size to 0.0129

Setting step size to 0.0556

Setting step size to  0.012

Setting step size to 0.0058

Setting step size to 0.0517

Setting step size to 0.0209

Setting step size to  0.053

Setting step size to 0.0121

Setting step size to 0.00879

Setting step size to 0.0318

Setting step size to 0.0135

Setting step size to 0.0387

Setting step size to  0.035

Setting step size to 0.0146

Setting step size to 0.0514

Setting step size to 0.0113

Setting step size to 0.0418

Setting step size to 0.0148

Setting step size to 0.0073

Setting step size to 0.0255

Setting step size to 0.0328

Setting step size to 0.00747

Setting step size to 0.0474

Setting step size to 0.00698

Setting step size to 0.0114

Setting step size to 0.0363

Setting step size to 0.00647

Setting step size to 0.0459

Setting step size to 0.0328

Setting step size to 0.0484

Setting step size to 0.0129

Setting step size to 0.0556

Setting step size to  0.012

Setting step size to 0.0058

Setting step size to 0.0517

Setting step size to 0.0209

Setting step size to  0.053

Setting step size to 0.0121

Setting step size to 0.00879

Setting step size to 0.0318

Setting step size to 0.0135

Setting step size to 0.0387

Setting step size to  0.035

Setting step size to 0.0146

Setting step size to 0.0514

Setting step size to 0.0113

Setting step size to 0.0418

Setting step size to 0.0148

Setting step size to 0.0073

Setting step size to 0.0255

Setting step size to 0.0328

Setting step size to 0.00747

Setting step size to 0.0474

Setting step size to 0.00698

Setting step size to 0.0114

Setting step size to 0.0363

Setting step size to 0.00647

Setting step size to 0.0459

Setting step size to 0.0328

Setting step size to 0.0484

Setting step size to 0.0129

Setting step size to 0.0556

Setting step size to  0.012

Setting step size to 0.0058

Setting step size to 0.0517

Setting step size to 0.0209

Setting step size to  0.053

Setting step size to 0.0121

Setting step size to 0.00879

Setting step size to 0.0318

Setting step size to 0.0135

Setting step size to 0.0387

Setting step size to  0.035

Setting step size to 0.0146

Setting step size to 0.0514

Setting step size to 0.0113

Setting step size to 0.0418

Setting step size to 0.0148

Setting step size to 0.0073

Setting step size to 0.0255

Setting step size to 0.0328

Setting step size to 0.00747

Setting step size to 0.0474

Setting step size to 0.00698

Setting step size to 0.0114

Setting step size to 0.0363

Setting step size to 0.00647

Setting step size to 0.0459

Setting step size to 0.0328

Setting step size to 0.0484

Setting step size to 0.0129

Setting step size to 0.0556

Setting step size to  0.012

Setting step size to 0.0058

Setting step size to 0.0517

Setting step size to 0.0209

Setting step size to  0.053

Setting step size to 0.0121

Setting step size to 0.00879

Setting step size to 0.0318

Setting step size to 0.0135

Setting step size to 0.0387

Setting step size to  0.035

Setting step size to 0.0146

Setting step size to 0.0514

Setting step size to 0.0113

Setting step size to 0.0418

Setting step size to 0.0148

Setting step size to 0.0073

Setting step size to 0.0255

Setting step size to 0.0328

Setting step size to 0.00747

Setting step size to 0.0474

Setting step size to 0.00698

Setting step size to 0.0114

Setting step size to 0.0363

Setting step size to 0.00647

Setting step size to 0.0459

Setting step size to 0.0328

Setting step size to 0.0484

Setting step size to 0.0129

Setting step size to 0.0556

Setting step size to  0.012

Setting step size to 0.0058

Setting step size to 0.0517

Setting step size to 0.0209

Setting step size to  0.053

Setting step size to 0.0121

Setting step size to 0.00879

Setting step size to 0.0318

Setting step size to 0.0135

Setting step size to 0.0387

Setting step size to  0.035

Setting step size to 0.0146

Setting step size to 0.0514

Setting step size to 0.0113

Setting step size to 0.0418

Setting step size to 0.0148

Setting step size to 0.0073

Setting step size to 0.0255

Setting step size to 0.0328

Setting step size to 0.00747

Setting step size to 0.0474

Setting step size to 0.00698

Setting step size to 0.0114

Setting step size to 0.0363

Setting step size to 0.00647

Setting step size to 0.0459

Setting step size to 0.0328

Setting step size to 0.0484

Setting step size to 0.0129

Setting step size to 0.0556

Setting step size to  0.012

Setting step size to 0.0058

Setting step size to 0.0517

Setting step size to 0.0209

Setting step size to  0.053

Setting step size to 0.0121

Setting step size to 0.00879

Setting step size to 0.0318

Setting step size to 0.0135

Setting step size to 0.0387

Setting step size to  0.035

Setting step size to 0.0146

Setting step size to 0.0514

Setting step size to 0.0113

Setting step size to 0.0418

Setting step size to 0.0148

Setting step size to 0.0073

Setting step size to 0.0255

Setting step size to 0.0328

Setting step size to 0.00747

Setting step size to 0.0474

Setting step size to 0.00698

Setting step size to 0.0114

Setting step size to 0.0363

Setting step size to 0.00647

Setting step size to 0.0459

Setting step size to 0.0328

Setting step size to 0.0484

Setting step size to 0.0129

Setting step size to 0.0556

Setting step size to  0.012

Setting step size to 0.0058

Setting step size to 0.0517

Setting step size to 0.0209

Setting step size to  0.053

Setting step size to 0.0121

Setting step size to 0.00879

Setting step size to 0.0318

Setting step size to 0.0135

Setting step size to 0.0387

Setting step size to  0.035

Setting step size to 0.0146

Setting step size to 0.0514

Setting step size to 0.0113

Setting step size to 0.0418

Setting step size to 0.0148

Setting step size to 0.0073

Setting step size to 0.0255

Setting step size to 0.0328

Setting step size to 0.00747

Setting step size to 0.0474

Setting step size to 0.00698

Setting step size to 0.0114

Setting step size to 0.0363

Setting step size to 0.00647

