 ENTER Z, NR
 PLEASE ENTER RELATIVITY FACTOR.  (0=NR, 1=REL.)
 PLEASE ENTER IUFLAG. (0=U, 1=SU, 2=R).
 PLEASE ENTER NFC, NEL, RATIO, ETOL, XNUM
 PLEASE ENTER N L M J S OCC.
    3042.000000 -15562.644639
     260.972314 -17004.639759
      94.190500 -17278.300623
      29.453100 -17305.193642
       9.032207 -17307.580178
       3.520884 -17308.062702
       1.593384 -17308.162841
       0.730313 -17308.182003
       0.334119 -17308.185392
       0.152590 -17308.185882
       0.069621 -17308.185890
       0.031744 -17308.185847
       0.014472 -17308.185814
       0.006599 -17308.185796
       0.003011 -17308.185786
       0.001375 -17308.185781
       0.000628 -17308.185779
       0.000287 -17308.185777
       0.000139 -17308.185777
       0.000070 -17308.185777
    1   0 0   0/2   1    2.0000      -2641.892660
    2   0 0   0/2   1    2.0000       -449.794532
    2   1 0   2/2   1    6.0000       -431.799474
    3   0 0   0/2   1    2.0000       -111.342676
    3   1 0   2/2   1    6.0000       -102.866270
    3   2 0   4/2   1   10.0000        -87.258401
    4   0 0   0/2   1    2.0000        -28.997317
    4   1 0   2/2   1    6.0000        -25.299667
    4   2 0   4/2   1   10.0000        -18.534329
    4   3 0   6/2   1   14.0000         -9.481258
    5   0 0   0/2   1    2.0000         -8.827354
    5   1 0   2/2   1    6.0000         -7.426211
    5   3 0   6/2   1    1.0000         -3.205455
 TOTAL ENERGY =   -17308.185777-470983.428077
 PLEASE ENTER FULL FILENAME.
