#-------------------------------------------------
#DMC run: timestep 0.005
#-------------------------------------------------


init { 
   label spin_0.005
}
block { 
   label spin_0.005
   totweight 1740800
   nautocorr 0
   total_energy { -134.5755283198959   } 
   total_energyvar { 1.457969983611176   } 
   weight { 1.05446565456337   } 
   weightvar { 0.04807800965706242   } 
   kinetic_energy { 46.498033825008   } 
   kinetic_energyvar { 153.6572185028165   } 
   potential_energy { -194.1614646982395   } 
   potential_energyvar { 163.9832625136688   } 
   nonlocal_energy { 13.0879025533356   } 
   nonlocal_energyvar { 224.5848390324902   } 
   autocorr_energy { } 
} 

block { 
   label spin_0.005
   totweight 1740800
   nautocorr 0
   total_energy { -134.5335562053023   } 
   total_energyvar { 2.031730560654607   } 
   weight { 1.038008829708007   } 
   weightvar { 0.09585330490406356   } 
   kinetic_energy { 46.5992447097475   } 
   kinetic_energyvar { 152.482355754944   } 
   potential_energy { -194.2698622005177   } 
   potential_energyvar { 164.6460901498201   } 
   nonlocal_energy { 13.1370612854679   } 
   nonlocal_energyvar { 225.5143199540485   } 
   autocorr_energy { } 
} 

block { 
   label spin_0.005
   totweight 1740800
   nautocorr 0
   total_energy { -134.53748722511   } 
   total_energyvar { 1.473501347952069   } 
   weight { 0.9983173655409439   } 
   weightvar { 0.1071398379100241   } 
   kinetic_energy { 46.66557620830016   } 
   kinetic_energyvar { 151.3691484632673   } 
   potential_energy { -194.2229849761421   } 
   potential_energyvar { 164.052604723304   } 
   nonlocal_energy { 13.0199215427319   } 
   nonlocal_energyvar { 222.2722794820374   } 
   autocorr_energy { } 
} 

block { 
   label spin_0.005
   totweight 1740800
   nautocorr 0
   total_energy { -134.5354421874831   } 
   total_energyvar { 1.495580837882871   } 
   weight { 0.9913793646372495   } 
   weightvar { 0.1112354915893591   } 
   kinetic_energy { 46.76551660355637   } 
   kinetic_energyvar { 152.7849244690983   } 
   potential_energy { -194.4766929544485   } 
   potential_energyvar { 165.9082478014752   } 
   nonlocal_energy { 13.17573416340895   } 
   nonlocal_energyvar { 226.0966191074643   } 
   autocorr_energy { } 
} 

block { 
   label spin_0.005
   totweight 1740800
   nautocorr 0
   total_energy { -134.5355157681489   } 
   total_energyvar { 1.486436874058821   } 
   weight { 0.9886302618931205   } 
   weightvar { 0.1117631947958126   } 
   kinetic_energy { 46.74073897423528   } 
   kinetic_energyvar { 153.8318279981097   } 
   potential_energy { -194.411713258139   } 
   potential_energyvar { 165.0167161496246   } 
   nonlocal_energy { 13.1354585157548   } 
   nonlocal_energyvar { 226.3587684969756   } 
   autocorr_energy { } 
} 

block { 
   label spin_0.005
   totweight 1740800
   nautocorr 0
   total_energy { -134.5384686230152   } 
   total_energyvar { 1.491896343056627   } 
   weight { 0.9913453320248135   } 
   weightvar { 0.1107678549683664   } 
   kinetic_energy { 46.76813471612869   } 
   kinetic_energyvar { 154.2990958671271   } 
   potential_energy { -194.5652428892049   } 
   potential_energyvar { 165.1601028130569   } 
   nonlocal_energy { 13.25863955006101   } 
   nonlocal_energyvar { 228.5448251331584   } 
   autocorr_energy { } 
} 

block { 
   label spin_0.005
   totweight 1740800
   nautocorr 0
   total_energy { -134.5387148746376   } 
   total_energyvar { 1.486250693564474   } 
   weight { 0.9960273376510085   } 
   weightvar { 0.1092022302959254   } 
   kinetic_energy { 46.66795248369283   } 
   kinetic_energyvar { 153.5900063388407   } 
   potential_energy { -194.3297793111498   } 
   potential_energyvar { 165.8497492028112   } 
   nonlocal_energy { 13.12311195281938   } 
   nonlocal_energyvar { 224.3161067843251   } 
   autocorr_energy { } 
} 

block { 
   label spin_0.005
   totweight 1740800
   nautocorr 0
   total_energy { -134.5375530122603   } 
   total_energyvar { 1.494148559480649   } 
   weight { 0.9996405315014064   } 
   weightvar { 0.1104156703701309   } 
   kinetic_energy { 46.74542627626555   } 
   kinetic_energyvar { 152.5851382522487   } 
   potential_energy { -194.4356884769763   } 
   potential_energyvar { 164.2561068590579   } 
   nonlocal_energy { 13.15270918845047   } 
   nonlocal_energyvar { 222.9667894978101   } 
   autocorr_energy { } 
} 

block { 
   label spin_0.005
   totweight 1740800
   nautocorr 0
   total_energy { -134.5378928941016   } 
   total_energyvar { 2.057328819535528   } 
   weight { 0.9981689392771897   } 
   weightvar { 0.1077859043639676   } 
   kinetic_energy { 46.6957320364152   } 
   kinetic_energyvar { 153.9309681902384   } 
   potential_energy { -194.3831423491686   } 
   potential_energyvar { 164.880720722886   } 
   nonlocal_energy { 13.14951741865179   } 
   nonlocal_energyvar { 225.6022037376924   } 
   autocorr_energy { } 
} 

block { 
   label spin_0.005
   totweight 1740800
   nautocorr 0
   total_energy { -134.5270419375487   } 
   total_energyvar { 1.672888205569372   } 
   weight { 0.9966591878186307   } 
   weightvar { 0.1083449245918815   } 
   kinetic_energy { 46.67060086638416   } 
   kinetic_energyvar { 154.8761999501959   } 
   potential_energy { -194.4599441157214   } 
   potential_energyvar { 165.0685484702187   } 
   nonlocal_energy { 13.26230131178862   } 
   nonlocal_energyvar { 229.2798516866955   } 
   autocorr_energy { } 
} 

block { 
   label spin_0.005
   totweight 1740800
   nautocorr 0
   total_energy { -134.532268126448   } 
   total_energyvar { 1.494912190332446   } 
   weight { 0.9945012651296651   } 
   weightvar { 0.1102025363420447   } 
   kinetic_energy { 46.72085385819512   } 
   kinetic_energyvar { 153.2401567775971   } 
   potential_energy { -194.3944873290777   } 
   potential_energyvar { 165.523635097688   } 
   nonlocal_energy { 13.14136534443459   } 
   nonlocal_energyvar { 226.3566731377142   } 
   autocorr_energy { } 
} 

block { 
   label spin_0.005
   totweight 1740800
   nautocorr 0
   total_energy { -134.533587260058   } 
   total_energyvar { 2.195302470829348   } 
   weight { 0.9966864492995022   } 
   weightvar { 0.1112668427363213   } 
   kinetic_energy { 46.70118176979364   } 
   kinetic_energyvar { 154.9303673500812   } 
   potential_energy { -194.3905415586037   } 
   potential_energyvar { 164.7855206126153   } 
   nonlocal_energy { 13.15577252875209   } 
   nonlocal_energyvar { 227.3812894134356   } 
   autocorr_energy { } 
} 

