#-------------------------------------------------
#DMC run: timestep 0.005
#-------------------------------------------------


init { 
   label spin_0.005
}
block { 
   label spin_0.005
   totweight 3276800
   nautocorr 0
   total_energy { -293.9115350514074   } 
   total_energyvar { 3.28206282368005   } 
   weight { 1.04431638624029   } 
   weightvar { 0.05495599456015331   } 
   kinetic_energy { 111.9011456575221   } 
   kinetic_energyvar { 386.3076527928491   } 
   potential_energy { -444.3787120726732   } 
   potential_energyvar { 778.9477364687294   } 
   nonlocal_energy { 38.56603136374373   } 
   nonlocal_energyvar { 660.6726798198199   } 
   autocorr_energy { } 
} 

block { 
   label spin_0.005
   totweight 3276800
   nautocorr 0
   total_energy { -293.8776843747171   } 
   total_energyvar { 3.338043109068463   } 
   weight { 1.030592051749465   } 
   weightvar { 0.09030671590052874   } 
   kinetic_energy { 114.3350997558628   } 
   kinetic_energyvar { 375.2105311642172   } 
   potential_energy { -447.1877119719394   } 
   potential_energyvar { 768.3771922789163   } 
   nonlocal_energy { 38.97492784135959   } 
   nonlocal_energyvar { 656.8459421912463   } 
   autocorr_energy { } 
} 

block { 
   label spin_0.005
   totweight 3276800
   nautocorr 0
   total_energy { -293.8807618697041   } 
   total_energyvar { 3.337291429212465   } 
   weight { 0.9984502839028826   } 
   weightvar { 0.09804292781795032   } 
   kinetic_energy { 114.5672268287849   } 
   kinetic_energyvar { 373.8340216656914   } 
   potential_energy { -447.3952982613989   } 
   potential_energyvar { 760.4682822597699   } 
   nonlocal_energy { 38.94730956290991   } 
   nonlocal_energyvar { 654.0681511282388   } 
   autocorr_energy { } 
} 

block { 
   label spin_0.005
   totweight 3276800
   nautocorr 0
   total_energy { -293.8813272084313   } 
   total_energyvar { 3.366418473347617   } 
   weight { 0.9917541913039014   } 
   weightvar { 0.1012892082701836   } 
   kinetic_energy { 114.8968651489961   } 
   kinetic_energyvar { 372.8469873022693   } 
   potential_energy { -447.8012174712144   } 
   potential_energyvar { 765.2503502112698   } 
   nonlocal_energy { 39.02302511378691   } 
   nonlocal_energyvar { 654.9088775860204   } 
   autocorr_energy { } 
} 

block { 
   label spin_0.005
   totweight 3276800
   nautocorr 0
   total_energy { -293.8752874446253   } 
   total_energyvar { 3.794833570846262   } 
   weight { 0.9897257732562167   } 
   weightvar { 0.10061737940585   } 
   kinetic_energy { 114.8749275834251   } 
   kinetic_energyvar { 373.570403363827   } 
   potential_energy { -447.8468890242513   } 
   potential_energyvar { 765.1871342246905   } 
   nonlocal_energy { 39.09667399620086   } 
   nonlocal_energyvar { 661.8414774766582   } 
   autocorr_energy { } 
} 

block { 
   label spin_0.005
   totweight 3276800
   nautocorr 0
   total_energy { -293.8785663578379   } 
   total_energyvar { 3.317074723521558   } 
   weight { 0.9896730715410078   } 
   weightvar { 0.09913825172650116   } 
   kinetic_energy { 114.8363642766824   } 
   kinetic_energyvar { 369.6665649413692   } 
   potential_energy { -447.7347370971967   } 
   potential_energyvar { 760.0687577634822   } 
   nonlocal_energy { 39.01980646267631   } 
   nonlocal_energyvar { 651.8795492599086   } 
   autocorr_energy { } 
} 

block { 
   label spin_0.005
   totweight 3276800
   nautocorr 0
   total_energy { -293.88361725404   } 
   total_energyvar { 3.318307749165868   } 
   weight { 0.9948043158732645   } 
   weightvar { 0.09868223955586503   } 
   kinetic_energy { 114.8217624664075   } 
   kinetic_energyvar { 375.6215782138241   } 
   potential_energy { -447.6550799939421   } 
   potential_energyvar { 766.3236696891037   } 
   nonlocal_energy { 38.94970027349458   } 
   nonlocal_energyvar { 657.8620209590571   } 
   autocorr_energy { } 
} 

block { 
   label spin_0.005
   totweight 3276800
   nautocorr 0
   total_energy { -293.8771172747155   } 
   total_energyvar { 3.324601534626278   } 
   weight { 0.9973135802581155   } 
   weightvar { 0.09765700948313114   } 
   kinetic_energy { 114.8860488421791   } 
   kinetic_energyvar { 371.2599553953022   } 
   potential_energy { -447.8004816136798   } 
   potential_energyvar { 761.3752271916987   } 
   nonlocal_energy { 39.03731549678513   } 
   nonlocal_energyvar { 657.8985176667752   } 
   autocorr_energy { } 
} 

block { 
   label spin_0.005
   totweight 3276800
   nautocorr 0
   total_energy { -293.8893780414584   } 
   total_energyvar { 3.341379387521227   } 
   weight { 1.001951449720885   } 
   weightvar { 0.09976913019023487   } 
   kinetic_energy { 114.9274278353303   } 
   kinetic_energyvar { 372.1191963606109   } 
   potential_energy { -447.8386624704457   } 
   potential_energyvar { 764.7596789528374   } 
   nonlocal_energy { 39.02185659365703   } 
   nonlocal_energyvar { 656.522365304229   } 
   autocorr_energy { } 
} 

block { 
   label spin_0.005
   totweight 3276800
   nautocorr 0
   total_energy { -293.8895089878434   } 
   total_energyvar { 3.332759965356705   } 
   weight { 1.005987903522258   } 
   weightvar { 0.09867354602491403   } 
   kinetic_energy { 114.7599176709157   } 
   kinetic_energyvar { 373.9642811204792   } 
   potential_energy { -447.6321934846604   } 
   potential_energyvar { 763.416961246878   } 
   nonlocal_energy { 38.98276682590128   } 
   nonlocal_energyvar { 657.125448758301   } 
   autocorr_energy { } 
} 

block { 
   label spin_0.005
   totweight 3276800
   nautocorr 0
   total_energy { -293.8838448093724   } 
   total_energyvar { 3.370259866729912   } 
   weight { 1.005124181887725   } 
   weightvar { 0.09832636819598294   } 
   kinetic_energy { 114.9557439826522   } 
   kinetic_energyvar { 370.8576296912961   } 
   potential_energy { -447.9715889538039   } 
   potential_energyvar { 762.1115855614552   } 
   nonlocal_energy { 39.1320001617793   } 
   nonlocal_energyvar { 657.4148461987636   } 
   autocorr_energy { } 
} 

block { 
   label spin_0.005
   totweight 3276800
   nautocorr 0
   total_energy { -293.8783777168912   } 
   total_energyvar { 3.33590597551882   } 
   weight { 1.000225039910173   } 
   weightvar { 0.09955909303530718   } 
   kinetic_energy { 114.894475760668   } 
   kinetic_energyvar { 372.0270256409237   } 
   potential_energy { -447.7461396124662   } 
   potential_energyvar { 763.2269406938245   } 
   nonlocal_energy { 38.97328613490701   } 
   nonlocal_energyvar { 657.6741884120106   } 
   autocorr_energy { } 
} 

block { 
   label spin_0.005
   totweight 3276800
   nautocorr 0
   total_energy { -293.8859417897319   } 
   total_energyvar { 3.312330398777517   } 
   weight { 1.000422013241529   } 
   weightvar { 0.1001681937064408   } 
   kinetic_energy { 114.9935903598039   } 
   kinetic_energyvar { 371.7044396914666   } 
   potential_energy { -447.911210123589   } 
   potential_energyvar { 761.2214936143607   } 
   nonlocal_energy { 39.03167797405325   } 
   nonlocal_energyvar { 655.4981006203102   } 
   autocorr_energy { } 
} 

block { 
   label spin_0.005
   totweight 3276800
   nautocorr 0
   total_energy { -293.8823651729161   } 
   total_energyvar { 3.337212452719145   } 
   weight { 1.000032704694662   } 
   weightvar { 0.09965901995818618   } 
   kinetic_energy { 115.0506697560871   } 
   kinetic_energyvar { 373.1430452051682   } 
   potential_energy { -448.0249292536875   } 
   potential_energyvar { 759.8084814914004   } 
   nonlocal_energy { 39.09189432468437   } 
   nonlocal_energyvar { 656.8679884665609   } 
   autocorr_energy { } 
} 

block { 
   label spin_0.005
   totweight 3276800
   nautocorr 0
   total_energy { -293.884954359691   } 
   total_energyvar { 3.331278293787267   } 
   weight { 1.000956107135175   } 
   weightvar { 0.09992785471433782   } 
   kinetic_energy { 114.9951988420715   } 
   kinetic_energyvar { 375.0769620730742   } 
   potential_energy { -447.9413322592235   } 
   potential_energyvar { 764.433194349614   } 
   nonlocal_energy { 39.061179057461   } 
   nonlocal_energyvar { 660.3815685827951   } 
   autocorr_energy { } 
} 

block { 
   label spin_0.005
   totweight 3276800
   nautocorr 0
   total_energy { -293.8836330618624   } 
   total_energyvar { 3.302807713378173   } 
   weight { 1.001123154250901   } 
   weightvar { 0.09866764303052387   } 
   kinetic_energy { 114.9661859660592   } 
   kinetic_energyvar { 371.0990398504877   } 
   potential_energy { -447.8597438129527   } 
   potential_energyvar { 759.6451063834209   } 
   nonlocal_energy { 39.0099247850311   } 
   nonlocal_energyvar { 655.5585195304923   } 
   autocorr_energy { } 
} 

block { 
   label spin_0.005
   totweight 3276800
   nautocorr 0
   total_energy { -293.8841809607233   } 
   total_energyvar { 3.350152456602829   } 
   weight { 1.000518500990921   } 
   weightvar { 0.09873028911291454   } 
   kinetic_energy { 114.8951778760698   } 
   kinetic_energyvar { 373.9110742054084   } 
   potential_energy { -447.8050978650781   } 
   potential_energyvar { 760.989000765803   } 
   nonlocal_energy { 39.02573902828492   } 
   nonlocal_energyvar { 658.9427380014293   } 
   autocorr_energy { } 
} 

block { 
   label spin_0.005
   totweight 3276800
   nautocorr 0
   total_energy { -293.8858311580728   } 
   total_energyvar { 3.333076559121423   } 
   weight { 1.001432158672319   } 
   weightvar { 0.09878088425522151   } 
   kinetic_energy { 114.903040824587   } 
   kinetic_energyvar { 372.1049823867427   } 
   potential_energy { -447.7961430849427   } 
   potential_energyvar { 762.7739861008517   } 
   nonlocal_energy { 39.00727110228298   } 
   nonlocal_energyvar { 659.1641756766761   } 
   autocorr_energy { } 
} 

block { 
   label spin_0.005
   totweight 3276800
   nautocorr 0
   total_energy { -293.8850738166113   } 
   total_energyvar { 3.339509898681884   } 
   weight { 0.9995735383805627   } 
   weightvar { 0.09873556270754251   } 
   kinetic_energy { 114.8977617408098   } 
   kinetic_energyvar { 372.6741889181537   } 
   potential_energy { -447.837926295693   } 
   potential_energyvar { 765.7982092790094   } 
   nonlocal_energy { 39.05509073827196   } 
   nonlocal_energyvar { 658.8888804723358   } 
   autocorr_energy { } 
} 

block { 
   label spin_0.005
   totweight 3276800
   nautocorr 0
   total_energy { -293.8857003438454   } 
   total_energyvar { 3.369991544081593   } 
   weight { 1.003108334559131   } 
   weightvar { 0.09909563278820357   } 
   kinetic_energy { 114.9306844086838   } 
   kinetic_energyvar { 374.3863499147803   } 
   potential_energy { -447.9176600649883   } 
   potential_energyvar { 763.0704677854072   } 
   nonlocal_energy { 39.10127531245897   } 
   nonlocal_energyvar { 659.4038159155223   } 
   autocorr_energy { } 
} 

block { 
   label spin_0.005
   totweight 3276800
   nautocorr 0
   total_energy { -293.8864103378892   } 
   total_energyvar { 3.339901066793123   } 
   weight { 1.000939494695138   } 
   weightvar { 0.09816879788858612   } 
   kinetic_energy { 114.9475037771597   } 
   kinetic_energyvar { 375.4618474224374   } 
   potential_energy { -447.8861029270558   } 
   potential_energyvar { 766.4749125247724   } 
   nonlocal_energy { 39.05218881200703   } 
   nonlocal_energyvar { 661.9249447427813   } 
   autocorr_energy { } 
} 

block { 
   label spin_0.005
   totweight 3276800
   nautocorr 0
   total_energy { -293.8862241222577   } 
   total_energyvar { 3.353584448540412   } 
   weight { 1.001802587277232   } 
   weightvar { 0.09889243186198268   } 
   kinetic_energy { 114.8992841031587   } 
   kinetic_energyvar { 374.8268231780865   } 
   potential_energy { -447.9465816867324   } 
   potential_energyvar { 765.1173249050805   } 
   nonlocal_energy { 39.161073461316   } 
   nonlocal_energyvar { 665.6040618659106   } 
   autocorr_energy { } 
} 

