#-------------------------------------------------
#DMC run: timestep 0.005
#-------------------------------------------------


init { 
   label spin_0.005
}
block { 
   label spin_0.005
   totweight 870400
   nautocorr 0
   total_energy { -8.005240523947627   } 
   total_energyvar { 0.06733301024494474   } 
   weight { 1.003110089108474   } 
   weightvar { 0.004118331113916366   } 
   kinetic_energy { 2.572934642518305   } 
   kinetic_energyvar { 2.816152128405585   } 
   potential_energy { -11.50273647651783   } 
   potential_energyvar { 2.905484265433438   } 
   nonlocal_energy { 0.9245613100518946   } 
   nonlocal_energyvar { 4.419487188808149   } 
   autocorr_energy { } 
} 

block { 
   label spin_0.005
   totweight 870400
   nautocorr 0
   total_energy { -8.010384978964135   } 
   total_energyvar { 0.09290738077035186   } 
   weight { 1.007266650049266   } 
   weightvar { 0.01793585119670729   } 
   kinetic_energy { 2.581000134450246   } 
   kinetic_energyvar { 2.84156280758519   } 
   potential_energy { -11.50918612436099   } 
   potential_energyvar { 2.904692558434112   } 
   nonlocal_energy { 0.9178010109466072   } 
   nonlocal_energyvar { 4.462387222650797   } 
   autocorr_energy { } 
} 

block { 
   label spin_0.005
   totweight 870400
   nautocorr 0
   total_energy { -8.005192729835022   } 
   total_energyvar { 0.09156612529858779   } 
   weight { 1.001466908069417   } 
   weightvar { 0.03425477071754865   } 
   kinetic_energy { 2.606148149480596   } 
   kinetic_energyvar { 2.936191539587834   } 
   potential_energy { -11.54795067821637   } 
   potential_energyvar { 2.963323986422908   } 
   nonlocal_energy { 0.9366097989007519   } 
   nonlocal_energyvar { 4.675617780439141   } 
   autocorr_energy { } 
} 

block { 
   label spin_0.005
   totweight 870400
   nautocorr 0
   total_energy { -8.005739291437811   } 
   total_energyvar { 0.09691261683404226   } 
   weight { 0.9973047489652005   } 
   weightvar { 0.04936854962279046   } 
   kinetic_energy { 2.612902563288817   } 
   kinetic_energyvar { 3.052285857660511   } 
   potential_energy { -11.55765219909246   } 
   potential_energyvar { 2.980063581047631   } 
   nonlocal_energy { 0.9390103443658335   } 
   nonlocal_energyvar { 4.849508820003177   } 
   autocorr_energy { } 
} 

block { 
   label spin_0.005
   totweight 870400
   nautocorr 0
   total_energy { -8.000939668018086   } 
   total_energyvar { 0.1077496353561695   } 
   weight { 0.9953337190867076   } 
   weightvar { 0.06222604825111757   } 
   kinetic_energy { 2.614572829779456   } 
   kinetic_energyvar { 3.009849965687941   } 
   potential_energy { -11.56055270614332   } 
   potential_energyvar { 3.012690432269479   } 
   nonlocal_energy { 0.9450402083457763   } 
   nonlocal_energyvar { 4.764629715948561   } 
   autocorr_energy { } 
} 

block { 
   label spin_0.005
   totweight 870400
   nautocorr 0
   total_energy { -7.99894485621312   } 
   total_energyvar { 0.08355172027011949   } 
   weight { 0.9931606143985031   } 
   weightvar { 0.07414622385514275   } 
   kinetic_energy { 2.612878551008015   } 
   kinetic_energyvar { 2.854332749006883   } 
   potential_energy { -11.52156157745474   } 
   potential_energyvar { 2.863899347897545   } 
   nonlocal_energy { 0.9097381702336085   } 
   nonlocal_energyvar { 4.481068992527379   } 
   autocorr_energy { } 
} 

block { 
   label spin_0.005
   totweight 870400
   nautocorr 0
   total_energy { -8.001084382475065   } 
   total_energyvar { 0.08793796627419052   } 
   weight { 0.993651089080246   } 
   weightvar { 0.08419874725696659   } 
   kinetic_energy { 2.578481065610894   } 
   kinetic_energyvar { 2.973528873782748   } 
   potential_energy { -11.51962303878827   } 
   potential_energyvar { 2.885270406659501   } 
   nonlocal_energy { 0.9400575907023151   } 
   nonlocal_energyvar { 4.646504681011607   } 
   autocorr_energy { } 
} 

block { 
   label spin_0.005
   totweight 870400
   nautocorr 0
   total_energy { -8.00165876114448   } 
   total_energyvar { 0.0882968314147515   } 
   weight { 0.9940635315478438   } 
   weightvar { 0.08717007169111811   } 
   kinetic_energy { 2.602955097734971   } 
   kinetic_energyvar { 2.771765731091213   } 
   potential_energy { -11.51532988030591   } 
   potential_energyvar { 2.898380047032996   } 
   nonlocal_energy { 0.9107160214264626   } 
   nonlocal_energyvar { 4.364378403335446   } 
   autocorr_energy { } 
} 

block { 
   label spin_0.005
   totweight 870400
   nautocorr 0
   total_energy { -7.999923893704292   } 
   total_energyvar { 0.08108167564637712   } 
   weight { 0.9957596820255175   } 
   weightvar { 0.09007436321927137   } 
   kinetic_energy { 2.634688263566282   } 
   kinetic_energyvar { 2.701080154823754   } 
   potential_energy { -11.52285154331984   } 
   potential_energyvar { 2.90486887669361   } 
   nonlocal_energy { 0.8882393860492628   } 
   nonlocal_energyvar { 4.125864096555738   } 
   autocorr_energy { } 
} 

block { 
   label spin_0.005
   totweight 870400
   nautocorr 0
   total_energy { -7.99809179405057   } 
   total_energyvar { 0.09253491113633652   } 
   weight { 0.994329925554608   } 
   weightvar { 0.09280050479342737   } 
   kinetic_energy { 2.616983210016828   } 
   kinetic_energyvar { 2.888966125401469   } 
   potential_energy { -11.53952677544732   } 
   potential_energyvar { 2.967212920359292   } 
   nonlocal_energy { 0.9244517713799181   } 
   nonlocal_energyvar { 4.557162910913946   } 
   autocorr_energy { } 
} 

block { 
   label spin_0.005
   totweight 870400
   nautocorr 0
   total_energy { -7.997307963125144   } 
   total_energyvar { 0.08109583281726128   } 
   weight { 0.9942993307925393   } 
   weightvar { 0.09328540907410214   } 
   kinetic_energy { 2.616291868689708   } 
   kinetic_energyvar { 2.970194731268048   } 
   potential_energy { -11.57719779713518   } 
   potential_energyvar { 2.95319957740058   } 
   nonlocal_energy { 0.9635979653203323   } 
   nonlocal_energyvar { 4.742949816460702   } 
   autocorr_energy { } 
} 

block { 
   label spin_0.005
   totweight 870400
   nautocorr 0
   total_energy { -8.000811097047736   } 
   total_energyvar { 0.1001156880028645   } 
   weight { 0.996090875442581   } 
   weightvar { 0.09525722631926049   } 
   kinetic_energy { 2.6090797566751   } 
   kinetic_energyvar { 2.858710352581113   } 
   potential_energy { -11.52978120317948   } 
   potential_energyvar { 2.863674697288936   } 
   nonlocal_energy { 0.9198903494566423   } 
   nonlocal_energyvar { 4.572823859992869   } 
   autocorr_energy { } 
} 

block { 
   label spin_0.005
   totweight 870400
   nautocorr 0
   total_energy { -7.998365249151671   } 
   total_energyvar { 0.08409471009393557   } 
   weight { 0.9967430278530494   } 
   weightvar { 0.09757014009218368   } 
   kinetic_energy { 2.598503396695948   } 
   kinetic_energyvar { 2.777670281471258   } 
   potential_energy { -11.50540734998745   } 
   potential_energyvar { 2.876416413858281   } 
   nonlocal_energy { 0.9085387041398286   } 
   nonlocal_energyvar { 4.417478236325835   } 
   autocorr_energy { } 
} 

block { 
   label spin_0.005
   totweight 870400
   nautocorr 0
   total_energy { -8.001187120189575   } 
   total_energyvar { 0.08623609507402925   } 
   weight { 0.9980064766177648   } 
   weightvar { 0.0999635622503648   } 
   kinetic_energy { 2.598697103546644   } 
   kinetic_energyvar { 2.940719518239546   } 
   potential_energy { -11.53854510704091   } 
   potential_energyvar { 2.974196432790232   } 
   nonlocal_energy { 0.938660883304692   } 
   nonlocal_energyvar { 4.575781080352511   } 
   autocorr_energy { } 
} 

block { 
   label spin_0.005
   totweight 870400
   nautocorr 0
   total_energy { -8.001114788539482   } 
   total_energyvar { 0.1121028537252861   } 
   weight { 0.998929580476314   } 
   weightvar { 0.1012835231057688   } 
   kinetic_energy { 2.600969272244102   } 
   kinetic_energyvar { 2.956178186443003   } 
   potential_energy { -11.53570494534328   } 
   potential_energyvar { 2.982497045671956   } 
   nonlocal_energy { 0.9336208845596967   } 
   nonlocal_energyvar { 4.698207878785415   } 
   autocorr_energy { } 
} 

block { 
   label spin_0.005
   totweight 870400
   nautocorr 0
   total_energy { -7.998035403866519   } 
   total_energyvar { 0.07451553346012173   } 
   weight { 0.9984991820912036   } 
   weightvar { 0.09986284762214356   } 
   kinetic_energy { 2.608271173160316   } 
   kinetic_energyvar { 2.78369251295835   } 
   potential_energy { -11.53881914435348   } 
   potential_energyvar { 2.829745537337097   } 
   nonlocal_energy { 0.9325125673266459   } 
   nonlocal_energyvar { 4.348353624191568   } 
   autocorr_energy { } 
} 

block { 
   label spin_0.005
   totweight 870400
   nautocorr 0
   total_energy { -7.99807600631228   } 
   total_energyvar { 0.08928467298572523   } 
   weight { 0.9974743887600073   } 
   weightvar { 0.09935443227622612   } 
   kinetic_energy { 2.619488043507508   } 
   kinetic_energyvar { 2.723568914213489   } 
   potential_energy { -11.51063703378361   } 
   potential_energyvar { 2.851654062573754   } 
   nonlocal_energy { 0.8930729839638235   } 
   nonlocal_energyvar { 4.243010005025641   } 
   autocorr_energy { } 
} 

block { 
   label spin_0.005
   totweight 870400
   nautocorr 0
   total_energy { -8.000812013988153   } 
   total_energyvar { 0.08849090202297102   } 
   weight { 0.9972284676856091   } 
   weightvar { 0.1021237764291133   } 
   kinetic_energy { 2.603129497957641   } 
   kinetic_energyvar { 2.915331987586923   } 
   potential_energy { -11.5398015343143   } 
   potential_energyvar { 2.874714714576263   } 
   nonlocal_energy { 0.9358600223685037   } 
   nonlocal_energyvar { 4.675317508943682   } 
   autocorr_energy { } 
} 

block { 
   label spin_0.005
   totweight 870400
   nautocorr 0
   total_energy { -8.000518925627571   } 
   total_energyvar { 0.08728916724856424   } 
   weight { 0.9988340975087391   } 
   weightvar { 0.1030570283661886   } 
   kinetic_energy { 2.627931861010502   } 
   kinetic_energyvar { 2.894987067925916   } 
   potential_energy { -11.53889544166239   } 
   potential_energyvar { 2.852419030433503   } 
   nonlocal_energy { 0.910444655024322   } 
   nonlocal_energyvar { 4.546469342533483   } 
   autocorr_energy { } 
} 

block { 
   label spin_0.005
   totweight 870400
   nautocorr 0
   total_energy { -7.997840547533936   } 
   total_energyvar { 0.09008017645251902   } 
   weight { 0.9977647349438699   } 
   weightvar { 0.1045937565138318   } 
   kinetic_energy { 2.624836991858675   } 
   kinetic_energyvar { 2.858469881302152   } 
   potential_energy { -11.56473883664374   } 
   potential_energyvar { 2.89403522641388   } 
   nonlocal_energy { 0.9420612972511315   } 
   nonlocal_energyvar { 4.588702117678073   } 
   autocorr_energy { } 
} 

block { 
   label spin_0.005
   totweight 870400
   nautocorr 0
   total_energy { -7.999384632082562   } 
   total_energyvar { 0.08921569765854989   } 
   weight { 0.9979959225869822   } 
   weightvar { 0.1040375267314619   } 
   kinetic_energy { 2.603674016979748   } 
   kinetic_energyvar { 3.116678050749098   } 
   potential_energy { -11.56263865676796   } 
   potential_energyvar { 3.087309079629918   } 
   nonlocal_energy { 0.9595800077056484   } 
   nonlocal_energyvar { 4.899743952779329   } 
   autocorr_energy { } 
} 

block { 
   label spin_0.005
   totweight 870400
   nautocorr 0
   total_energy { -7.99924949512226   } 
   total_energyvar { 0.1027206864971908   } 
   weight { 0.9972327161366874   } 
   weightvar { 0.1041247503508966   } 
   kinetic_energy { 2.610273143532639   } 
   kinetic_energyvar { 2.95094193310636   } 
   potential_energy { -11.5434974413258   } 
   potential_energyvar { 2.947682645195089   } 
   nonlocal_energy { 0.9339748026708957   } 
   nonlocal_energyvar { 4.790624063098639   } 
   autocorr_energy { } 
} 

block { 
   label spin_0.005
   totweight 870400
   nautocorr 0
   total_energy { -7.99944414085429   } 
   total_energyvar { 0.09173624322694519   } 
   weight { 0.9975900750244459   } 
   weightvar { 0.1032396580384704   } 
   kinetic_energy { 2.604567532986544   } 
   kinetic_energyvar { 2.96045870227989   } 
   potential_energy { -11.52283484395104   } 
   potential_energyvar { 2.9079737204614   } 
   nonlocal_energy { 0.9188231701102041   } 
   nonlocal_energyvar { 4.658383045954614   } 
   autocorr_energy { } 
} 

block { 
   label spin_0.005
   totweight 870400
   nautocorr 0
   total_energy { -7.997173948750376   } 
   total_energyvar { 0.08818963219208413   } 
   weight { 0.9974009972305892   } 
   weightvar { 0.1047614418607439   } 
   kinetic_energy { 2.638485697000791   } 
   kinetic_energyvar { 2.774433039935359   } 
   potential_energy { -11.54257592044689   } 
   potential_energyvar { 2.898130970112506   } 
   nonlocal_energy { 0.9069162746957178   } 
   nonlocal_energyvar { 4.331942004539229   } 
   autocorr_energy { } 
} 

block { 
   label spin_0.005
   totweight 870400
   nautocorr 0
   total_energy { -7.997648961976704   } 
   total_energyvar { 0.0869551345904519   } 
   weight { 0.9965442695888479   } 
   weightvar { 0.1054826493161151   } 
   kinetic_energy { 2.635808809169579   } 
   kinetic_energyvar { 2.820517369828455   } 
   potential_energy { -11.55716635701065   } 
   potential_energyvar { 2.882028422224769   } 
   nonlocal_energy { 0.923708585864365   } 
   nonlocal_energyvar { 4.537964401879386   } 
   autocorr_energy { } 
} 

block { 
   label spin_0.005
   totweight 870400
   nautocorr 0
   total_energy { -7.999813579854565   } 
   total_energyvar { 0.1408180776563844   } 
   weight { 0.9969639969656106   } 
   weightvar { 0.1044115947290385   } 
   kinetic_energy { 2.623346240106376   } 
   kinetic_energyvar { 2.847563550451711   } 
   potential_energy { -11.54778733706111   } 
   potential_energyvar { 2.887776067006497   } 
   nonlocal_energy { 0.9246275171001707   } 
   nonlocal_energyvar { 4.399543980434631   } 
   autocorr_energy { } 
} 

block { 
   label spin_0.005
   totweight 870400
   nautocorr 0
   total_energy { -7.999700427074312   } 
   total_energyvar { 0.09094097606221953   } 
   weight { 0.9973318020946766   } 
   weightvar { 0.1045131635780367   } 
   kinetic_energy { 2.615444048058654   } 
   kinetic_energyvar { 2.806923761464079   } 
   potential_energy { -11.50576884809331   } 
   potential_energyvar { 2.871817084551656   } 
   nonlocal_energy { 0.8906243729603448   } 
   nonlocal_energyvar { 4.264114551654458   } 
   autocorr_energy { } 
} 

block { 
   label spin_0.005
   totweight 870400
   nautocorr 0
   total_energy { -7.998134602899732   } 
   total_energyvar { 0.09073971349001984   } 
   weight { 0.9981745405215942   } 
   weightvar { 0.1046775841224258   } 
   kinetic_energy { 2.619612349017771   } 
   kinetic_energyvar { 2.811191654981569   } 
   potential_energy { -11.50815342025198   } 
   potential_energyvar { 2.856773225248287   } 
   nonlocal_energy { 0.8904064683344746   } 
   nonlocal_energyvar { 4.381362820569295   } 
   autocorr_energy { } 
} 

block { 
   label spin_0.005
   totweight 870400
   nautocorr 0
   total_energy { -7.998522398655331   } 
   total_energyvar { 0.08242585115648281   } 
   weight { 0.9971404794445342   } 
   weightvar { 0.101803539895692   } 
   kinetic_energy { 2.601800660579851   } 
   kinetic_energyvar { 2.814763486628905   } 
   potential_energy { -11.5170720641106   } 
   potential_energyvar { 2.895245404403366   } 
   nonlocal_energy { 0.9167490048754199   } 
   nonlocal_energyvar { 4.395238137524307   } 
   autocorr_energy { } 
} 

block { 
   label spin_0.005
   totweight 870400
   nautocorr 0
   total_energy { -7.999306785659637   } 
   total_energyvar { 0.08299811431422387   } 
   weight { 0.9976640329978461   } 
   weightvar { 0.1007983623086798   } 
   kinetic_energy { 2.585896179146412   } 
   kinetic_energyvar { 2.857669254587091   } 
   potential_energy { -11.48926465231521   } 
   potential_energyvar { 2.896685644448615   } 
   nonlocal_energy { 0.904061687509162   } 
   nonlocal_energyvar { 4.417388051349774   } 
   autocorr_energy { } 
} 

block { 
   label spin_0.005
   totweight 870400
   nautocorr 0
   total_energy { -8.001056725315022   } 
   total_energyvar { 0.08610210697334249   } 
   weight { 0.9994089617653   } 
   weightvar { 0.1021228098701763   } 
   kinetic_energy { 2.606132081428018   } 
   kinetic_energyvar { 2.794780300884397   } 
   potential_energy { -11.52713865010365   } 
   potential_energyvar { 2.89360953673409   } 
   nonlocal_energy { 0.919949843360608   } 
   nonlocal_energyvar { 4.366928147009932   } 
   autocorr_energy { } 
} 

block { 
   label spin_0.005
   totweight 870400
   nautocorr 0
   total_energy { -7.998177357805904   } 
   total_energyvar { 0.08515864357413619   } 
   weight { 0.9981941720257127   } 
   weightvar { 0.1038843590987086   } 
   kinetic_energy { 2.609855508648046   } 
   kinetic_energyvar { 2.799163206126701   } 
   potential_energy { -11.51869869750538   } 
   potential_energyvar { 2.870109373925009   } 
   nonlocal_energy { 0.910665831051427   } 
   nonlocal_energyvar { 4.384630082377621   } 
   autocorr_energy { } 
} 

block { 
   label spin_0.005
   totweight 870400
   nautocorr 0
   total_energy { -8.001107430976004   } 
   total_energyvar { 0.09010113813759288   } 
   weight { 0.9988252654668029   } 
   weightvar { 0.1019421546811532   } 
   kinetic_energy { 2.603505127753263   } 
   kinetic_energyvar { 2.849009448203015   } 
   potential_energy { -11.52691162093916   } 
   potential_energyvar { 2.879973264769761   } 
   nonlocal_energy { 0.9222990622098892   } 
   nonlocal_energyvar { 4.555492739821706   } 
   autocorr_energy { } 
} 

block { 
   label spin_0.005
   totweight 870400
   nautocorr 0
   total_energy { -7.997231385554115   } 
   total_energyvar { 0.08781559929703735   } 
   weight { 0.9983535750473024   } 
   weightvar { 0.1010277859909343   } 
   kinetic_energy { 2.621847482852849   } 
   kinetic_energyvar { 2.906749256912141   } 
   potential_energy { -11.54471863943267   } 
   potential_energyvar { 2.92261870618517   } 
   nonlocal_energy { 0.9256397710257093   } 
   nonlocal_energyvar { 4.621041731530664   } 
   autocorr_energy { } 
} 

block { 
   label spin_0.005
   totweight 870400
   nautocorr 0
   total_energy { -7.997931032533312   } 
   total_energyvar { 0.08031953121376248   } 
   weight { 0.9973382185749003   } 
   weightvar { 0.1007673589404652   } 
   kinetic_energy { 2.607871480164963   } 
   kinetic_energyvar { 2.784346616186029   } 
   potential_energy { -11.52455983847625   } 
   potential_energyvar { 2.869228955427535   } 
   nonlocal_energy { 0.9187573257779679   } 
   nonlocal_energyvar { 4.361012555166337   } 
   autocorr_energy { } 
} 

block { 
   label spin_0.005
   totweight 870400
   nautocorr 0
   total_energy { -7.995790841725827   } 
   total_energyvar { 0.08657476242468679   } 
   weight { 0.9966675858455626   } 
   weightvar { 0.100208828386645   } 
   kinetic_energy { 2.617838756713979   } 
   kinetic_energyvar { 2.856628863155743   } 
   potential_energy { -11.51827348897776   } 
   potential_energyvar { 2.898630698885218   } 
   nonlocal_energy { 0.9046438905379552   } 
   nonlocal_energyvar { 4.381711566153585   } 
   autocorr_energy { } 
} 

block { 
   label spin_0.005
   totweight 870400
   nautocorr 0
   total_energy { -7.998336134817412   } 
   total_energyvar { 0.0843712127520037   } 
   weight { 0.9962750692962989   } 
   weightvar { 0.1011149750839179   } 
   kinetic_energy { 2.610997991241293   } 
   kinetic_energyvar { 2.832283894302898   } 
   potential_energy { -11.51738795636553   } 
   potential_energyvar { 2.940411014862395   } 
   nonlocal_energy { 0.9080538303068247   } 
   nonlocal_energyvar { 4.440451248007267   } 
   autocorr_energy { } 
} 

block { 
   label spin_0.005
   totweight 870400
   nautocorr 0
   total_energy { -7.997344850988661   } 
   total_energyvar { 0.0830995292955068   } 
   weight { 0.9969164943007962   } 
   weightvar { 0.101643622774153   } 
   kinetic_energy { 2.593821939387635   } 
   kinetic_energyvar { 2.801098050217905   } 
   potential_energy { -11.51146158918557   } 
   potential_energyvar { 2.893596505236292   } 
   nonlocal_energy { 0.9202947988092759   } 
   nonlocal_energyvar { 4.399649266319781   } 
   autocorr_energy { } 
} 

block { 
   label spin_0.005
   totweight 870400
   nautocorr 0
   total_energy { -7.994637298954033   } 
   total_energyvar { 0.09482411045122045   } 
   weight { 0.9957576228188886   } 
   weightvar { 0.100703330823829   } 
   kinetic_energy { 2.593546387683912   } 
   kinetic_energyvar { 3.051396141526079   } 
   potential_energy { -11.5277099026532   } 
   potential_energyvar { 2.913636222958539   } 
   nonlocal_energy { 0.9395262160152569   } 
   nonlocal_energyvar { 4.853841916763029   } 
   autocorr_energy { } 
} 

block { 
   label spin_0.005
   totweight 870400
   nautocorr 0
   total_energy { -7.99862302710067   } 
   total_energyvar { 0.08333730147742062   } 
   weight { 0.9960814536262772   } 
   weightvar { 0.1034723391101743   } 
   kinetic_energy { 2.597652907214824   } 
   kinetic_energyvar { 2.908118764283786   } 
   potential_energy { -11.53673765781704   } 
   potential_energyvar { 2.878550020695239   } 
   nonlocal_energy { 0.9404617235015496   } 
   nonlocal_energyvar { 4.691089045130278   } 
   autocorr_energy { } 
} 

block { 
   label spin_0.005
   totweight 870400
   nautocorr 0
   total_energy { -8.003046847690097   } 
   total_energyvar { 0.08301656191857842   } 
   weight { 0.9984433108367951   } 
   weightvar { 0.1066369578700528   } 
   kinetic_energy { 2.623798728693018   } 
   kinetic_energyvar { 2.904222863061624   } 
   potential_energy { -11.54146458380302   } 
   potential_energyvar { 2.863687347950727   } 
   nonlocal_energy { 0.9146190074199024   } 
   nonlocal_energyvar { 4.596127625965349   } 
   autocorr_energy { } 
} 

block { 
   label spin_0.005
   totweight 870400
   nautocorr 0
   total_energy { -7.999918930444589   } 
   total_energyvar { 0.08930534620208758   } 
   weight { 1.000022201241647   } 
   weightvar { 0.1050481028922027   } 
   kinetic_energy { 2.614128061190637   } 
   kinetic_energyvar { 2.797079705852011   } 
   potential_energy { -11.51189436700869   } 
   potential_energyvar { 2.902960644185961   } 
   nonlocal_energy { 0.8978473753734597   } 
   nonlocal_energyvar { 4.353903310660358   } 
   autocorr_energy { } 
} 

block { 
   label spin_0.005
   totweight 870400
   nautocorr 0
   total_energy { -7.999005671885738   } 
   total_energyvar { 0.09761501731361311   } 
   weight { 0.9990676802430332   } 
   weightvar { 0.1047717143170674   } 
   kinetic_energy { 2.591696015162387   } 
   kinetic_energyvar { 3.003272090246423   } 
   potential_energy { -11.5327138287594   } 
   potential_energyvar { 2.936859295268563   } 
   nonlocal_energy { 0.9420121417112723   } 
   nonlocal_energyvar { 4.830883955176724   } 
   autocorr_energy { } 
} 

block { 
   label spin_0.005
   totweight 870400
   nautocorr 0
   total_energy { -7.999052261243519   } 
   total_energyvar { 0.1068226945887793   } 
   weight { 0.9980676647191518   } 
   weightvar { 0.1052952786155962   } 
   kinetic_energy { 2.61572229187116   } 
   kinetic_energyvar { 2.97387692644142   } 
   potential_energy { -11.53853894312385   } 
   potential_energyvar { 2.940288943008527   } 
   nonlocal_energy { 0.9237643900091661   } 
   nonlocal_energyvar { 4.644802206033771   } 
   autocorr_energy { } 
} 

block { 
   label spin_0.005
   totweight 870400
   nautocorr 0
   total_energy { -7.998181585372822   } 
   total_energyvar { 0.08416963034746015   } 
   weight { 0.9978873797883853   } 
   weightvar { 0.105203119809089   } 
   kinetic_energy { 2.59788464942056   } 
   kinetic_energyvar { 2.969388144382468   } 
   potential_energy { -11.53723488489226   } 
   potential_energyvar { 2.95988199654971   } 
   nonlocal_energy { 0.9411686500988802   } 
   nonlocal_energyvar { 4.655108030487104   } 
   autocorr_energy { } 
} 

block { 
   label spin_0.005
   totweight 870400
   nautocorr 0
   total_energy { -8.000003253722825   } 
   total_energyvar { 0.08954187926332123   } 
   weight { 0.9984249947881743   } 
   weightvar { 0.1055255759840076   } 
   kinetic_energy { 2.619537158084247   } 
   kinetic_energyvar { 2.78589709772693   } 
   potential_energy { -11.5374329490359   } 
   potential_energyvar { 2.839737015146586   } 
   nonlocal_energy { 0.917892537228832   } 
   nonlocal_energyvar { 4.362464287272068   } 
   autocorr_energy { } 
} 

block { 
   label spin_0.005
   totweight 870400
   nautocorr 0
   total_energy { -8.002482589192924   } 
   total_energyvar { 0.08280015418851935   } 
   weight { 0.9983857318469611   } 
   weightvar { 0.1039431108405256   } 
   kinetic_energy { 2.611140453454163   } 
   kinetic_energyvar { 2.76753910280035   } 
   potential_energy { -11.52080341224988   } 
   potential_energyvar { 2.818233777942947   } 
   nonlocal_energy { 0.9071803696027892   } 
   nonlocal_energyvar { 4.280021451131026   } 
   autocorr_energy { } 
} 

block { 
   label spin_0.005
   totweight 870400
   nautocorr 0
   total_energy { -8.003875399749676   } 
   total_energyvar { 0.08245998375041706   } 
   weight { 1.001440127315548   } 
   weightvar { 0.104319529517089   } 
   kinetic_energy { 2.593529911307972   } 
   kinetic_energyvar { 2.937847168529774   } 
   potential_energy { -11.53219102206033   } 
   potential_energyvar { 2.931307902933072   } 
   nonlocal_energy { 0.9347857110026859   } 
   nonlocal_energyvar { 4.662502442187214   } 
   autocorr_energy { } 
} 

block { 
   label spin_0.005
   totweight 870400
   nautocorr 0
   total_energy { -7.999869816222113   } 
   total_energyvar { 0.08366876826743395   } 
   weight { 1.000741442079815   } 
   weightvar { 0.1039831981180002   } 
   kinetic_energy { 2.646968876997338   } 
   kinetic_energyvar { 2.732179126536711   } 
   potential_energy { -11.55484603009925   } 
   potential_energyvar { 2.843340053594557   } 
   nonlocal_energy { 0.9080073368797987   } 
   nonlocal_energyvar { 4.275576937564598   } 
   autocorr_energy { } 
} 

block { 
   label spin_0.005
   totweight 870400
   nautocorr 0
   total_energy { -8.000232933692006   } 
   total_energyvar { 0.1035732985598916   } 
   weight { 0.9994830659733472   } 
   weightvar { 0.1007571952565212   } 
   kinetic_energy { 2.615837497558918   } 
   kinetic_energyvar { 2.991160472183617   } 
   potential_energy { -11.55735581991317   } 
   potential_energyvar { 2.918755723638653   } 
   nonlocal_energy { 0.9412853886622465   } 
   nonlocal_energyvar { 4.811603810611087   } 
   autocorr_energy { } 
} 

