#-------------------------------------------------
#VMC run: timestep 0.47 nconfig 5120 steps 30
#-------------------------------------------------


init { 
   label vmc
}
block { 
   label vmc
   totweight 153600
   nautocorr 0
   total_energy { -67.92615890714086   } 
   total_energyvar { 0.5793578558244662   } 
   weight { 1   } 
   weightvar { 0   } 
   kinetic_energy { 24.42376221728816   } 
   kinetic_energyvar { 54.4332660148908   } 
   potential_energy { -102.9953812017379   } 
   potential_energyvar { 119.48375785207   } 
   nonlocal_energy { 10.64546007730888   } 
   nonlocal_energyvar { 113.0512439686197   } 
   autocorr_energy { } 
} 

block { 
   label vmc
   totweight 153600
   nautocorr 0
   total_energy { -67.92178226921956   } 
   total_energyvar { 0.6229645422337463   } 
   weight { 1   } 
   weightvar { 0   } 
   kinetic_energy { 24.32267602363898   } 
   kinetic_energyvar { 56.3247243143711   } 
   potential_energy { -103.0497835209481   } 
   potential_energyvar { 121.5657302315428   } 
   nonlocal_energy { 10.80532522808954   } 
   nonlocal_energyvar { 119.8733254350457   } 
   autocorr_energy { } 
} 

block { 
   label vmc
   totweight 153600
   nautocorr 0
   total_energy { -67.92161816520728   } 
   total_energyvar { 0.6191250768128244   } 
   weight { 1   } 
   weightvar { 0   } 
   kinetic_energy { 24.37646169377538   } 
   kinetic_energyvar { 55.4803686323754   } 
   potential_energy { -103.0771319990503   } 
   potential_energyvar { 120.6674275820319   } 
   nonlocal_energy { 10.77905214006761   } 
   nonlocal_energyvar { 117.0759273435862   } 
   autocorr_energy { } 
} 

block { 
   label vmc
   totweight 153600
   nautocorr 0
   total_energy { -67.92122459395898   } 
   total_energyvar { 0.6500670077730396   } 
   weight { 1   } 
   weightvar { 0   } 
   kinetic_energy { 24.42847126067601   } 
   kinetic_energyvar { 54.44072046782577   } 
   potential_energy { -103.0713817465837   } 
   potential_energyvar { 120.0339167615297   } 
   nonlocal_energy { 10.72168589194877   } 
   nonlocal_energyvar { 113.887591675299   } 
   autocorr_energy { } 
} 

block { 
   label vmc
   totweight 153600
   nautocorr 0
   total_energy { -67.92537192936697   } 
   total_energyvar { 0.5937759297367188   } 
   weight { 1   } 
   weightvar { 0   } 
   kinetic_energy { 24.45461851579866   } 
   kinetic_energyvar { 54.10969383478854   } 
   potential_energy { -103.0822030463826   } 
   potential_energyvar { 119.3179238411006   } 
   nonlocal_energy { 10.70221260121691   } 
   nonlocal_energyvar { 113.5772944350849   } 
   autocorr_energy { } 
} 

block { 
   label vmc
   totweight 153600
   nautocorr 0
   total_energy { -67.92504957133214   } 
   total_energyvar { 0.6131132506989865   } 
   weight { 1   } 
   weightvar { 0   } 
   kinetic_energy { 24.42292426639265   } 
   kinetic_energyvar { 55.42779466565356   } 
   potential_energy { -103.0522690499291   } 
   potential_energyvar { 120.0766430737847   } 
   nonlocal_energy { 10.70429521220429   } 
   nonlocal_energyvar { 115.2822076183976   } 
   autocorr_energy { } 
} 

block { 
   label vmc
   totweight 153600
   nautocorr 0
   total_energy { -67.91871863509482   } 
   total_energyvar { 0.7349115778219498   } 
   weight { 1   } 
   weightvar { 0   } 
   kinetic_energy { 24.4267121450154   } 
   kinetic_energyvar { 54.92154109648276   } 
   potential_energy { -103.0808829054777   } 
   potential_energyvar { 121.3053752818105   } 
   nonlocal_energy { 10.73545212536746   } 
   nonlocal_energyvar { 114.7127693984234   } 
   autocorr_energy { } 
} 

block { 
   label vmc
   totweight 153600
   nautocorr 0
   total_energy { -67.92332365119836   } 
   total_energyvar { 0.6211613215099349   } 
   weight { 1   } 
   weightvar { 0   } 
   kinetic_energy { 24.40738357217093   } 
   kinetic_energyvar { 54.28357587079946   } 
   potential_energy { -103.0554555782924   } 
   potential_energyvar { 119.1333231278837   } 
   nonlocal_energy { 10.72474835492306   } 
   nonlocal_energyvar { 113.2468671840571   } 
   autocorr_energy { } 
} 

block { 
   label vmc
   totweight 153600
   nautocorr 0
   total_energy { -67.92302042664117   } 
   total_energyvar { 0.6348736528643834   } 
   weight { 1   } 
   weightvar { 0   } 
   kinetic_energy { 24.41801666443884   } 
   kinetic_energyvar { 55.47047574360952   } 
   potential_energy { -103.0542594712088   } 
   potential_energyvar { 120.5182519060039   } 
   nonlocal_energy { 10.71322238012882   } 
   nonlocal_energyvar { 116.1619299804671   } 
   autocorr_energy { } 
} 

block { 
   label vmc
   totweight 153600
   nautocorr 0
   total_energy { -67.92030020706174   } 
   total_energyvar { 0.6262074815320945   } 
   weight { 1   } 
   weightvar { 0   } 
   kinetic_energy { 24.39766621549855   } 
   kinetic_energyvar { 55.5934496679466   } 
   potential_energy { -103.0707225170553   } 
   potential_energyvar { 120.3722402214495   } 
   nonlocal_energy { 10.75275609449502   } 
   nonlocal_energyvar { 115.9429686094228   } 
   autocorr_energy { } 
} 

block { 
   label vmc
   totweight 153600
   nautocorr 0
   total_energy { -67.92579314408506   } 
   total_energyvar { 0.6317548785561208   } 
   weight { 1   } 
   weightvar { 0   } 
   kinetic_energy { 24.38280592566998   } 
   kinetic_energyvar { 56.06560832556394   } 
   potential_energy { -103.1363452974348   } 
   potential_energyvar { 121.3846237008413   } 
   nonlocal_energy { 10.82774622767977   } 
   nonlocal_energyvar { 118.7736598250428   } 
   autocorr_energy { } 
} 

block { 
   label vmc
   totweight 153600
   nautocorr 0
   total_energy { -67.92292530589818   } 
   total_energyvar { 0.6573535799917474   } 
   weight { 1   } 
   weightvar { 0   } 
   kinetic_energy { 24.39099896584369   } 
   kinetic_energyvar { 58.13377047280271   } 
   potential_energy { -103.1009102020417   } 
   potential_energyvar { 120.7422789325909   } 
   nonlocal_energy { 10.78698593029987   } 
   nonlocal_energyvar { 119.6197782285922   } 
   autocorr_energy { } 
} 

block { 
   label vmc
   totweight 153600
   nautocorr 0
   total_energy { -67.92123731540309   } 
   total_energyvar { 0.6229153537792419   } 
   weight { 1   } 
   weightvar { 0   } 
   kinetic_energy { 24.40896758046647   } 
   kinetic_energyvar { 55.65715115448847   } 
   potential_energy { -103.1244319811665   } 
   potential_energyvar { 120.0365681600127   } 
   nonlocal_energy { 10.79422708529698   } 
   nonlocal_energyvar { 117.4167638935207   } 
   autocorr_energy { } 
} 

block { 
   label vmc
   totweight 153600
   nautocorr 0
   total_energy { -67.91944937760495   } 
   total_energyvar { 0.6148410822135151   } 
   weight { 1   } 
   weightvar { 0   } 
   kinetic_energy { 24.35677706873521   } 
   kinetic_energyvar { 56.70437514086736   } 
   potential_energy { -103.0656836769186   } 
   potential_energyvar { 121.0371115734148   } 
   nonlocal_energy { 10.7894572305784   } 
   nonlocal_energyvar { 118.2671547254655   } 
   autocorr_energy { } 
} 

block { 
   label vmc
   totweight 153600
   nautocorr 0
   total_energy { -67.9189195861201   } 
   total_energyvar { 1.18631329532997   } 
   weight { 1   } 
   weightvar { 0   } 
   kinetic_energy { 24.4828167288732   } 
   kinetic_energyvar { 54.6543573510803   } 
   potential_energy { -103.120913671534   } 
   potential_energyvar { 122.9630907707185   } 
   nonlocal_energy { 10.71917735654066   } 
   nonlocal_energyvar { 114.0217024314592   } 
   autocorr_energy { } 
} 

block { 
   label vmc
   totweight 153600
   nautocorr 0
   total_energy { -67.92362079247384   } 
   total_energyvar { 1.510560207065224   } 
   weight { 1   } 
   weightvar { 0   } 
   kinetic_energy { 24.39045937563593   } 
   kinetic_energyvar { 55.83071571306482   } 
   potential_energy { -103.0228095219177   } 
   potential_energyvar { 121.0770265244863   } 
   nonlocal_energy { 10.70872935380789   } 
   nonlocal_energyvar { 115.6298367455109   } 
   autocorr_energy { } 
} 

block { 
   label vmc
   totweight 153600
   nautocorr 0
   total_energy { -67.9220911314855   } 
   total_energyvar { 0.9228247364496264   } 
   weight { 1   } 
   weightvar { 0   } 
   kinetic_energy { 24.3610880881691   } 
   kinetic_energyvar { 56.98018120232253   } 
   potential_energy { -103.0675394170468   } 
   potential_energyvar { 122.0169521048054   } 
   nonlocal_energy { 10.78436019739219   } 
   nonlocal_energyvar { 120.1855406653846   } 
   autocorr_energy { } 
} 

block { 
   label vmc
   totweight 153600
   nautocorr 0
   total_energy { -67.92328509191653   } 
   total_energyvar { 0.6418785236062929   } 
   weight { 1   } 
   weightvar { 0   } 
   kinetic_energy { 24.43519696164229   } 
   kinetic_energyvar { 55.40837170447653   } 
   potential_energy { -103.0834121906721   } 
   potential_energyvar { 120.2777966044148   } 
   nonlocal_energy { 10.72493013711328   } 
   nonlocal_energyvar { 115.7111538889367   } 
   autocorr_energy { } 
} 

block { 
   label vmc
   totweight 153600
   nautocorr 0
   total_energy { -67.9297974203768   } 
   total_energyvar { 0.6091653186076968   } 
   weight { 1   } 
   weightvar { 0   } 
   kinetic_energy { 24.41413405383945   } 
   kinetic_energyvar { 55.01750015398789   } 
   potential_energy { -103.1029845243281   } 
   potential_energyvar { 120.3241774717352   } 
   nonlocal_energy { 10.75905305011184   } 
   nonlocal_energyvar { 114.7204061832699   } 
   autocorr_energy { } 
} 

block { 
   label vmc
   totweight 153600
   nautocorr 0
   total_energy { -67.92432467970131   } 
   total_energyvar { 0.667750679022538   } 
   weight { 1   } 
   weightvar { 0   } 
   kinetic_energy { 24.44377772255871   } 
   kinetic_energyvar { 54.9920654297507   } 
   potential_energy { -103.0986090846159   } 
   potential_energyvar { 120.5158822445537   } 
   nonlocal_energy { 10.73050668235582   } 
   nonlocal_energyvar { 116.0811541370694   } 
   autocorr_energy { } 
} 

