#-------------------------------------------------
#DMC run: timestep 0.005
#-------------------------------------------------


init { 
   label spin_0.005
}
block { 
   label spin_0.005
   totweight 870400
   nautocorr 0
   total_energy { -67.06801796775868   } 
   total_energyvar { 0.5148243910561929   } 
   weight { 1.025555327974005   } 
   weightvar { 0.01320272705124368   } 
   kinetic_energy { 23.03380274869133   } 
   kinetic_energyvar { 76.03725778511802   } 
   potential_energy { -96.67373400928295   } 
   potential_energyvar { 83.89034119489443   } 
   nonlocal_energy { 6.571913292832955   } 
   nonlocal_energyvar { 113.9791080567319   } 
   autocorr_energy { } 
} 

block { 
   label spin_0.005
   totweight 870400
   nautocorr 0
   total_energy { -67.02366386676368   } 
   total_energyvar { 0.5505019343233234   } 
   weight { 1.005994420212799   } 
   weightvar { 0.04805820797603304   } 
   kinetic_energy { 23.06445125896544   } 
   kinetic_energyvar { 75.48213022057693   } 
   potential_energy { -96.58039425447582   } 
   potential_energyvar { 82.71072471535281   } 
   nonlocal_energy { 6.492279128746662   } 
   nonlocal_energyvar { 111.1917198253574   } 
   autocorr_energy { } 
} 

block { 
   label spin_0.005
   totweight 870400
   nautocorr 0
   total_energy { -67.01045078930618   } 
   total_energyvar { 0.5577772238781804   } 
   weight { 0.9791458456244848   } 
   weightvar { 0.07172397494461254   } 
   kinetic_energy { 23.21329728298385   } 
   kinetic_energyvar { 75.671191491976   } 
   potential_energy { -96.7883711414961   } 
   potential_energyvar { 82.56097861286469   } 
   nonlocal_energy { 6.564623069206074   } 
   nonlocal_energyvar { 112.343714919472   } 
   autocorr_energy { } 
} 

block { 
   label spin_0.005
   totweight 870400
   nautocorr 0
   total_energy { -67.01032249553511   } 
   total_energyvar { 0.556574571841265   } 
   weight { 0.9738503066470636   } 
   weightvar { 0.08203679994214828   } 
   kinetic_energy { 23.2619021135771   } 
   kinetic_energyvar { 74.99447550444916   } 
   potential_energy { -96.83475543133324   } 
   potential_energyvar { 82.7726779465917   } 
   nonlocal_energy { 6.562530822221028   } 
   nonlocal_energyvar { 112.2585986356137   } 
   autocorr_energy { } 
} 

block { 
   label spin_0.005
   totweight 870400
   nautocorr 0
   total_energy { -67.01074981013956   } 
   total_energyvar { 0.5534467629947638   } 
   weight { 0.9776946270837457   } 
   weightvar { 0.09008799851607688   } 
   kinetic_energy { 23.32887275181619   } 
   kinetic_energyvar { 73.74015612761733   } 
   potential_energy { -96.85563179554603   } 
   potential_energyvar { 83.5360232658949   } 
   nonlocal_energy { 6.5160092335903   } 
   nonlocal_energyvar { 109.3114332286347   } 
   autocorr_energy { } 
} 

block { 
   label spin_0.005
   totweight 870400
   nautocorr 0
   total_energy { -67.00613329427756   } 
   total_energyvar { 0.5609940403136391   } 
   weight { 0.9801655732348951   } 
   weightvar { 0.09259135593233001   } 
   kinetic_energy { 23.20560691929244   } 
   kinetic_energyvar { 75.62473823279548   } 
   potential_energy { -96.80091964812866   } 
   potential_energyvar { 83.59180024540412   } 
   nonlocal_energy { 6.589179434558649   } 
   nonlocal_energyvar { 112.7703426856995   } 
   autocorr_energy { } 
} 

block { 
   label spin_0.005
   totweight 870400
   nautocorr 0
   total_energy { -67.00731130097324   } 
   total_energyvar { 0.5683985611845672   } 
   weight { 0.9867926477231488   } 
   weightvar { 0.09533478519737504   } 
   kinetic_energy { 23.21522149886059   } 
   kinetic_energyvar { 75.89886553358713   } 
   potential_energy { -96.80329421095793   } 
   potential_energyvar { 83.75271070101759   } 
   nonlocal_energy { 6.580761411124069   } 
   nonlocal_energyvar { 112.9893880676923   } 
   autocorr_energy { } 
} 

block { 
   label spin_0.005
   totweight 870400
   nautocorr 0
   total_energy { -67.00028017869083   } 
   total_energyvar { 0.5698694372539267   } 
   weight { 0.9901869337843509   } 
   weightvar { 0.09411515434195225   } 
   kinetic_energy { 23.27482868077688   } 
   kinetic_energyvar { 75.82358607913875   } 
   potential_energy { -96.86940205183716   } 
   potential_energyvar { 83.48477126894733   } 
   nonlocal_energy { 6.594293192369446   } 
   nonlocal_energyvar { 112.7909130662529   } 
   autocorr_energy { } 
} 

block { 
   label spin_0.005
   totweight 870400
   nautocorr 0
   total_energy { -67.00422152716341   } 
   total_energyvar { 0.6297306252228393   } 
   weight { 0.9910928750189861   } 
   weightvar { 0.09454753231265776   } 
   kinetic_energy { 23.2127040554742   } 
   kinetic_energyvar { 75.36290724082794   } 
   potential_energy { -96.76390769265822   } 
   potential_energyvar { 83.90029699148256   } 
   nonlocal_energy { 6.546982110020611   } 
   nonlocal_energyvar { 112.7400306977338   } 
   autocorr_energy { } 
} 

block { 
   label spin_0.005
   totweight 870400
   nautocorr 0
   total_energy { -67.00960222465713   } 
   total_energyvar { 0.5609690029009725   } 
   weight { 0.998077494207644   } 
   weightvar { 0.09473640294093548   } 
   kinetic_energy { 23.16923337354609   } 
   kinetic_energyvar { 76.66770846916957   } 
   potential_energy { -96.7327528952207   } 
   potential_energyvar { 84.49111816546475   } 
   nonlocal_energy { 6.553917297017469   } 
   nonlocal_energyvar { 113.7604707801349   } 
   autocorr_energy { } 
} 

block { 
   label spin_0.005
   totweight 870400
   nautocorr 0
   total_energy { -67.00569055509676   } 
   total_energyvar { 0.5671218894249913   } 
   weight { 0.9990056361810448   } 
   weightvar { 0.09556887696406781   } 
   kinetic_energy { 23.25429497506692   } 
   kinetic_energyvar { 75.71479116168895   } 
   potential_energy { -96.84184224052414   } 
   potential_energyvar { 82.61968026112113   } 
   nonlocal_energy { 6.581856710360458   } 
   nonlocal_energyvar { 113.9501293731504   } 
   autocorr_energy { } 
} 

block { 
   label spin_0.005
   totweight 870400
   nautocorr 0
   total_energy { -67.0064368850928   } 
   total_energyvar { 0.5631483168760357   } 
   weight { 0.9980801985655189   } 
   weightvar { 0.09604679579471352   } 
   kinetic_energy { 23.23123227091643   } 
   kinetic_energyvar { 75.55222268793774   } 
   potential_energy { -96.76554833465084   } 
   potential_energyvar { 84.10405919296571   } 
   nonlocal_energy { 6.527879178641613   } 
   nonlocal_energyvar { 112.4360230174328   } 
   autocorr_energy { } 
} 

block { 
   label spin_0.005
   totweight 870400
   nautocorr 0
   total_energy { -67.00460340099899   } 
   total_energyvar { 0.5589322361066904   } 
   weight { 0.9970812469664962   } 
   weightvar { 0.09615714793070472   } 
   kinetic_energy { 23.14764314198564   } 
   kinetic_energyvar { 74.56654129219521   } 
   potential_energy { -96.66613122833408   } 
   potential_energyvar { 82.53296092756786   } 
   nonlocal_energy { 6.513884685349454   } 
   nonlocal_energyvar { 110.7787806018952   } 
   autocorr_energy { } 
} 

block { 
   label spin_0.005
   totweight 870400
   nautocorr 0
   total_energy { -67.00387559902464   } 
   total_energyvar { 0.5695041251275087   } 
   weight { 0.9980376196271712   } 
   weightvar { 0.09664485695828412   } 
   kinetic_energy { 23.1826387084358   } 
   kinetic_energyvar { 76.13308864914876   } 
   potential_energy { -96.78898091510649   } 
   potential_energyvar { 83.04148400064258   } 
   nonlocal_energy { 6.602466607646043   } 
   nonlocal_energyvar { 113.9937880684203   } 
   autocorr_energy { } 
} 

block { 
   label spin_0.005
   totweight 870400
   nautocorr 0
   total_energy { -67.00092952847849   } 
   total_energyvar { 0.5664325395516211   } 
   weight { 0.9977126145850901   } 
   weightvar { 0.09310734104955104   } 
   kinetic_energy { 23.19542074420951   } 
   kinetic_energyvar { 76.69955455786776   } 
   potential_energy { -96.75899165260709   } 
   potential_energyvar { 83.79293306318267   } 
   nonlocal_energy { 6.5626413799191   } 
   nonlocal_energyvar { 114.1407468472199   } 
   autocorr_energy { } 
} 

block { 
   label spin_0.005
   totweight 870400
   nautocorr 0
   total_energy { -67.00030830850888   } 
   total_energyvar { 0.5704897307046977   } 
   weight { 0.995239393563552   } 
   weightvar { 0.09596811608825719   } 
   kinetic_energy { 23.23095000389917   } 
   kinetic_energyvar { 76.35227511577044   } 
   potential_energy { -96.87241722292875   } 
   potential_energyvar { 83.08908275109579   } 
   nonlocal_energy { 6.641158910520704   } 
   nonlocal_energyvar { 114.6348893343602   } 
   autocorr_energy { } 
} 

block { 
   label spin_0.005
   totweight 870400
   nautocorr 0
   total_energy { -67.00312969730388   } 
   total_energyvar { 0.5603774715675619   } 
   weight { 0.9966739784580887   } 
   weightvar { 0.09404734797444882   } 
   kinetic_energy { 23.25988451833327   } 
   kinetic_energyvar { 74.88903914982188   } 
   potential_energy { -96.77824926485465   } 
   potential_energyvar { 82.62881871700191   } 
   nonlocal_energy { 6.515235049217487   } 
   nonlocal_energyvar { 111.4171290143103   } 
   autocorr_energy { } 
} 

block { 
   label spin_0.005
   totweight 870400
   nautocorr 0
   total_energy { -67.00463053681823   } 
   total_energyvar { 0.5800618887969266   } 
   weight { 0.9977171591057808   } 
   weightvar { 0.09645406678131725   } 
   kinetic_energy { 23.14977872509098   } 
   kinetic_energyvar { 76.747003709862   } 
   potential_energy { -96.78711038873847   } 
   potential_energyvar { 83.98375399355676   } 
   nonlocal_energy { 6.632701126829248   } 
   nonlocal_energyvar { 115.6384414785941   } 
   autocorr_energy { } 
} 

block { 
   label spin_0.005
   totweight 870400
   nautocorr 0
   total_energy { -67.00454383719732   } 
   total_energyvar { 0.5712678785493113   } 
   weight { 0.9984364433222952   } 
   weightvar { 0.09436316577623828   } 
   kinetic_energy { 23.27286757649136   } 
   kinetic_energyvar { 76.3696171510399   } 
   potential_energy { -96.95466434975114   } 
   potential_energyvar { 83.67589709862258   } 
   nonlocal_energy { 6.677252936062463   } 
   nonlocal_energyvar { 115.8388029239357   } 
   autocorr_energy { } 
} 

block { 
   label spin_0.005
   totweight 870400
   nautocorr 0
   total_energy { -67.00600707297382   } 
   total_energyvar { 0.5709275553872702   } 
   weight { 0.9992717059327768   } 
   weightvar { 0.09420974205893183   } 
   kinetic_energy { 23.28351383799377   } 
   kinetic_energyvar { 77.1771375500857   } 
   potential_energy { -96.92060268905195   } 
   potential_energyvar { 84.3142074164859   } 
   nonlocal_energy { 6.63108177808436   } 
   nonlocal_energyvar { 115.5753245752155   } 
   autocorr_energy { } 
} 

block { 
   label spin_0.005
   totweight 870400
   nautocorr 0
   total_energy { -66.99975996094327   } 
   total_energyvar { 0.5764282695795434   } 
   weight { 0.9982765563567795   } 
   weightvar { 0.09347690927006157   } 
   kinetic_energy { 23.29028869147761   } 
   kinetic_energyvar { 75.14018124368276   } 
   potential_energy { -96.84738789320012   } 
   potential_energyvar { 83.15823450949722   } 
   nonlocal_energy { 6.557339240779247   } 
   nonlocal_energyvar { 112.5092101653255   } 
   autocorr_energy { } 
} 

block { 
   label spin_0.005
   totweight 870400
   nautocorr 0
   total_energy { -67.00327637322529   } 
   total_energyvar { 0.5780154165930085   } 
   weight { 0.9984825052509145   } 
   weightvar { 0.0944341957991242   } 
   kinetic_energy { 23.19808734540057   } 
   kinetic_energyvar { 75.99974751831834   } 
   potential_energy { -96.76482721596207   } 
   potential_energyvar { 82.20329070078159   } 
   nonlocal_energy { 6.563463497336202   } 
   nonlocal_energyvar { 113.2275079363228   } 
   autocorr_energy { } 
} 

block { 
   label spin_0.005
   totweight 870400
   nautocorr 0
   total_energy { -67.00065330036485   } 
   total_energyvar { 0.579080723291181   } 
   weight { 0.9962580822022836   } 
   weightvar { 0.09321338824350887   } 
   kinetic_energy { 23.20434774087376   } 
   kinetic_energyvar { 77.28399753194471   } 
   potential_energy { -96.87025906278069   } 
   potential_energyvar { 85.1774296361819   } 
   nonlocal_energy { 6.665258021542074   } 
   nonlocal_energyvar { 116.3327357648087   } 
   autocorr_energy { } 
} 

block { 
   label spin_0.005
   totweight 870400
   nautocorr 0
   total_energy { -67.00732889862225   } 
   total_energyvar { 0.5611508347600244   } 
   weight { 0.9985646412908082   } 
   weightvar { 0.09348674149434695   } 
   kinetic_energy { 23.17145726189981   } 
   kinetic_energyvar { 77.29950500358548   } 
   potential_energy { -96.80890913018735   } 
   potential_energyvar { 84.31468848341834   } 
   nonlocal_energy { 6.630122969665297   } 
   nonlocal_energyvar { 116.0352487469287   } 
   autocorr_energy { } 
} 

block { 
   label spin_0.005
   totweight 870400
   nautocorr 0
   total_energy { -67.00108681104881   } 
   total_energyvar { 0.5784069115122006   } 
   weight { 0.9991237901010238   } 
   weightvar { 0.09281116752348255   } 
   kinetic_energy { 23.19023995898927   } 
   kinetic_energyvar { 75.70215700239055   } 
   potential_energy { -96.8044885742525   } 
   potential_energyvar { 82.7746792855031   } 
   nonlocal_energy { 6.61316180421441   } 
   nonlocal_energyvar { 113.9237180627359   } 
   autocorr_energy { } 
} 

block { 
   label spin_0.005
   totweight 870400
   nautocorr 0
   total_energy { -67.00328165790923   } 
   total_energyvar { 0.5653776749321859   } 
   weight { 0.9986962977465772   } 
   weightvar { 0.09481973339688295   } 
   kinetic_energy { 23.20220806274069   } 
   kinetic_energyvar { 75.62840575623963   } 
   potential_energy { -96.81175995348694   } 
   potential_energyvar { 83.73887090328506   } 
   nonlocal_energy { 6.606270232837044   } 
   nonlocal_energyvar { 114.1354147419848   } 
   autocorr_energy { } 
} 

block { 
   label spin_0.005
   totweight 870400
   nautocorr 0
   total_energy { -67.0066588113684   } 
   total_energyvar { 0.5653355643657799   } 
   weight { 0.9992837224212533   } 
   weightvar { 0.09667053123158524   } 
   kinetic_energy { 23.17765878914555   } 
   kinetic_energyvar { 77.46041782005392   } 
   potential_energy { -96.79001342484887   } 
   potential_energyvar { 83.45919506673906   } 
   nonlocal_energy { 6.605695824334922   } 
   nonlocal_energyvar { 115.4930821719827   } 
   autocorr_energy { } 
} 

block { 
   label spin_0.005
   totweight 870400
   nautocorr 0
   total_energy { -67.00024741547308   } 
   total_energyvar { 0.5708139906171712   } 
   weight { 0.9996264679580503   } 
   weightvar { 0.09437676362996396   } 
   kinetic_energy { 23.21369790075765   } 
   kinetic_energyvar { 76.09738077416156   } 
   potential_energy { -96.79545375414639   } 
   potential_energyvar { 82.99696353063025   } 
   nonlocal_energy { 6.581508437915653   } 
   nonlocal_energyvar { 113.9815012568786   } 
   autocorr_energy { } 
} 

block { 
   label spin_0.005
   totweight 870400
   nautocorr 0
   total_energy { -67.00247787306476   } 
   total_energyvar { 0.5631398497363378   } 
   weight { 0.9970939773953678   } 
   weightvar { 0.09508988794584604   } 
   kinetic_energy { 23.23593590999058   } 
   kinetic_energyvar { 76.64305490144557   } 
   potential_energy { -96.88154063729928   } 
   potential_energyvar { 84.64005493271175   } 
   nonlocal_energy { 6.64312685424395   } 
   nonlocal_energyvar { 116.1910125799553   } 
   autocorr_energy { } 
} 

block { 
   label spin_0.005
   totweight 870400
   nautocorr 0
   total_energy { -67.00577297060495   } 
   total_energyvar { 0.5642802166665294   } 
   weight { 0.9993175465084679   } 
   weightvar { 0.0966546314469954   } 
   kinetic_energy { 23.16771100261422   } 
   kinetic_energyvar { 75.58924150071678   } 
   potential_energy { -96.75366294655309   } 
   potential_energyvar { 84.71781548142279   } 
   nonlocal_energy { 6.580178973333912   } 
   nonlocal_energyvar { 112.4214004157829   } 
   autocorr_energy { } 
} 

block { 
   label spin_0.005
   totweight 870400
   nautocorr 0
   total_energy { -67.0044452479432   } 
   total_energyvar { 0.5666636629679545   } 
   weight { 0.9999113272253645   } 
   weightvar { 0.09409876534205293   } 
   kinetic_energy { 23.21378865823582   } 
   kinetic_energyvar { 77.29128135781099   } 
   potential_energy { -96.8653305298657   } 
   potential_energyvar { 83.32986702409056   } 
   nonlocal_energy { 6.647096623686672   } 
   nonlocal_energyvar { 116.2190206713641   } 
   autocorr_energy { } 
} 

block { 
   label spin_0.005
   totweight 870400
   nautocorr 0
   total_energy { -67.00909794531893   } 
   total_energyvar { 0.5626843260974441   } 
   weight { 1.00040312999546   } 
   weightvar { 0.09315387658248471   } 
   kinetic_energy { 23.33667696484173   } 
   kinetic_energyvar { 76.38427955506327   } 
   potential_energy { -96.96697173821369   } 
   potential_energyvar { 83.55160650628305   } 
   nonlocal_energy { 6.621196828053025   } 
   nonlocal_energyvar { 114.6765719317646   } 
   autocorr_energy { } 
} 

block { 
   label spin_0.005
   totweight 870400
   nautocorr 0
   total_energy { -67.00488029688552   } 
   total_energyvar { 0.5672590469099537   } 
   weight { 1.003527554177343   } 
   weightvar { 0.09524467845555561   } 
   kinetic_energy { 23.33089436157438   } 
   kinetic_energyvar { 75.05565909626263   } 
   potential_energy { -96.94377067944285   } 
   potential_energyvar { 82.48228980669273   } 
   nonlocal_energy { 6.607996020982925   } 
   nonlocal_energyvar { 113.211152533792   } 
   autocorr_energy { } 
} 

block { 
   label spin_0.005
   totweight 870400
   nautocorr 0
   total_energy { -67.00507900939128   } 
   total_energyvar { 0.5703935116200429   } 
   weight { 1.00093870728403   } 
   weightvar { 0.09559259921983732   } 
   kinetic_energy { 23.24203145366241   } 
   kinetic_energyvar { 75.03262610156776   } 
   potential_energy { -96.78115145708044   } 
   potential_energyvar { 84.3165033118665   } 
   nonlocal_energy { 6.53404099402673   } 
   nonlocal_energyvar { 112.9620612234434   } 
   autocorr_energy { } 
} 

block { 
   label spin_0.005
   totweight 870400
   nautocorr 0
   total_energy { -67.00256307495194   } 
   total_energyvar { 0.5684179555636275   } 
   weight { 1.00065590515798   } 
   weightvar { 0.09392230003955603   } 
   kinetic_energy { 23.31588640852694   } 
   kinetic_energyvar { 75.20500628444893   } 
   potential_energy { -96.87661618105948   } 
   potential_energyvar { 83.08409120020072   } 
   nonlocal_energy { 6.558166697580582   } 
   nonlocal_energyvar { 111.7946995500974   } 
   autocorr_energy { } 
} 

block { 
   label spin_0.005
   totweight 870400
   nautocorr 0
   total_energy { -67.00826825628485   } 
   total_energyvar { 0.5644851147038658   } 
   weight { 0.9994276549360663   } 
   weightvar { 0.0941377873545413   } 
   kinetic_energy { 23.18603606145093   } 
   kinetic_energyvar { 76.81024757270804   } 
   potential_energy { -96.72448369988025   } 
   potential_energyvar { 83.26613037826411   } 
   nonlocal_energy { 6.53017938214447   } 
   nonlocal_energyvar { 114.0183455008695   } 
   autocorr_energy { } 
} 

