#-------------------------------------------------
#VMC run: timestep 1.8 nconfig 4352 steps 30
#-------------------------------------------------


init { 
   label vmc
}
block { 
   label vmc
   totweight 130560
   nautocorr 0
   total_energy { -3.891519149361474   } 
   total_energyvar { 0.03619530768967719   } 
   weight { 1   } 
   weightvar { 1.776356839400247e-15   } 
   kinetic_energy { 1.229389795886734   } 
   kinetic_energyvar { 1.259094062914602   } 
   potential_energy { -5.444041653042201   } 
   potential_energyvar { 1.281667395612132   } 
   nonlocal_energy { 0.3231327077939928   } 
   nonlocal_energyvar { 2.136697479228746   } 
   autocorr_energy { } 
} 

block { 
   label vmc
   totweight 130560
   nautocorr 0
   total_energy { -3.889705635641528   } 
   total_energyvar { 0.04488360984928139   } 
   weight { 1   } 
   weightvar { 1.776356839400247e-15   } 
   kinetic_energy { 1.237170793462104   } 
   kinetic_energyvar { 1.238888544737194   } 
   potential_energy { -5.444513925546588   } 
   potential_energyvar { 1.345884982380702   } 
   nonlocal_energy { 0.317637496442957   } 
   nonlocal_energyvar { 2.083755341952144   } 
   autocorr_energy { } 
} 

block { 
   label vmc
   totweight 130560
   nautocorr 0
   total_energy { -3.890950223134805   } 
   total_energyvar { 0.03732723661556422   } 
   weight { 1   } 
   weightvar { 1.776356839400247e-15   } 
   kinetic_energy { 1.226701799846659   } 
   kinetic_energyvar { 1.279560267182426   } 
   potential_energy { -5.454504503970062   } 
   potential_energyvar { 1.311600130423872   } 
   nonlocal_energy { 0.3368524809885978   } 
   nonlocal_energyvar { 2.226816602088149   } 
   autocorr_energy { } 
} 

block { 
   label vmc
   totweight 130560
   nautocorr 0
   total_energy { -3.889334561342932   } 
   total_energyvar { 0.04100287194301031   } 
   weight { 1   } 
   weightvar { 1.776356839400247e-15   } 
   kinetic_energy { 1.225126664436624   } 
   kinetic_energyvar { 1.312075744529528   } 
   potential_energy { -5.4453466643809   } 
   potential_energyvar { 1.350707387835669   } 
   nonlocal_energy { 0.3308854386013438   } 
   nonlocal_energyvar { 2.315207706903294   } 
   autocorr_energy { } 
} 

block { 
   label vmc
   totweight 130560
   nautocorr 0
   total_energy { -3.89085731987743   } 
   total_energyvar { 0.04293950105717369   } 
   weight { 1   } 
   weightvar { 1.776356839400247e-15   } 
   kinetic_energy { 1.227440771876915   } 
   kinetic_energyvar { 1.325076725230935   } 
   potential_energy { -5.452865141386608   } 
   potential_energyvar { 1.350367768019583   } 
   nonlocal_energy { 0.3345670496322618   } 
   nonlocal_energyvar { 2.20366133160291   } 
   autocorr_energy { } 
} 

block { 
   label vmc
   totweight 130560
   nautocorr 0
   total_energy { -3.889579636158675   } 
   total_energyvar { 0.04031786349054793   } 
   weight { 1   } 
   weightvar { 1.776356839400247e-15   } 
   kinetic_energy { 1.225566500900255   } 
   kinetic_energyvar { 1.319443705149008   } 
   potential_energy { -5.454804860760399   } 
   potential_energyvar { 1.310513781944626   } 
   nonlocal_energy { 0.3396587237014687   } 
   nonlocal_energyvar { 2.29759848797179   } 
   autocorr_energy { } 
} 

block { 
   label vmc
   totweight 130560
   nautocorr 0
   total_energy { -3.889566919957248   } 
   total_energyvar { 0.0385779399388908   } 
   weight { 1   } 
   weightvar { 1.776356839400247e-15   } 
   kinetic_energy { 1.229056177840914   } 
   kinetic_energyvar { 1.274666890465089   } 
   potential_energy { -5.449853065256999   } 
   potential_energyvar { 1.305307935592912   } 
   nonlocal_energy { 0.3312299674588371   } 
   nonlocal_energyvar { 2.214497969341817   } 
   autocorr_energy { } 
} 

block { 
   label vmc
   totweight 130560
   nautocorr 0
   total_energy { -3.891143174127148   } 
   total_energyvar { 0.03833891923944372   } 
   weight { 1   } 
   weightvar { 1.776356839400247e-15   } 
   kinetic_energy { 1.22580881722798   } 
   kinetic_energyvar { 1.282208127570773   } 
   potential_energy { -5.453313950196497   } 
   potential_energyvar { 1.323653611329489   } 
   nonlocal_energy { 0.3363619588413694   } 
   nonlocal_energyvar { 2.198012987138457   } 
   autocorr_energy { } 
} 

block { 
   label vmc
   totweight 130560
   nautocorr 0
   total_energy { -3.889146393113754   } 
   total_energyvar { 0.03968916918856717   } 
   weight { 1   } 
   weightvar { 1.776356839400247e-15   } 
   kinetic_energy { 1.22216044340173   } 
   kinetic_energyvar { 1.252686411841654   } 
   potential_energy { -5.442062108934854   } 
   potential_energyvar { 1.289067292861345   } 
   nonlocal_energy { 0.3307552724193711   } 
   nonlocal_energyvar { 2.177014087530745   } 
   autocorr_energy { } 
} 

block { 
   label vmc
   totweight 130560
   nautocorr 0
   total_energy { -3.890116115566483   } 
   total_energyvar { 0.04057432381871542   } 
   weight { 1   } 
   weightvar { 1.776356839400247e-15   } 
   kinetic_energy { 1.229682225646844   } 
   kinetic_energyvar { 1.244511120650507   } 
   potential_energy { -5.449383530445512   } 
   potential_energyvar { 1.315780871703818   } 
   nonlocal_energy { 0.3295851892321862   } 
   nonlocal_energyvar { 2.155626420757842   } 
   autocorr_energy { } 
} 

block { 
   label vmc
   totweight 130560
   nautocorr 0
   total_energy { -3.890789768822352   } 
   total_energyvar { 0.03974353050343971   } 
   weight { 1   } 
   weightvar { 1.776356839400247e-15   } 
   kinetic_energy { 1.236807325986688   } 
   kinetic_energyvar { 1.253646829143126   } 
   potential_energy { -5.44886438843388   } 
   potential_energyvar { 1.303001694913199   } 
   nonlocal_energy { 0.3212672936248411   } 
   nonlocal_energyvar { 2.147702644422336   } 
   autocorr_energy { } 
} 

block { 
   label vmc
   totweight 130560
   nautocorr 0
   total_energy { -3.890251392816096   } 
   total_energyvar { 0.03925181013902022   } 
   weight { 1   } 
   weightvar { 1.776356839400247e-15   } 
   kinetic_energy { 1.222145318242948   } 
   kinetic_energyvar { 1.288375841082544   } 
   potential_energy { -5.441789411371595   } 
   potential_energyvar { 1.325805192017439   } 
   nonlocal_energy { 0.3293927003125497   } 
   nonlocal_energyvar { 2.244371032954034   } 
   autocorr_energy { } 
} 

block { 
   label vmc
   totweight 130560
   nautocorr 0
   total_energy { -3.890218974340141   } 
   total_energyvar { 0.03888435244815258   } 
   weight { 1   } 
   weightvar { 1.776356839400247e-15   } 
   kinetic_energy { 1.234982900658325   } 
   kinetic_energyvar { 1.223776416764661   } 
   potential_energy { -5.44920810800847   } 
   potential_energyvar { 1.308594487616138   } 
   nonlocal_energy { 0.3240062330100046   } 
   nonlocal_energyvar { 2.089082335874294   } 
   autocorr_energy { } 
} 

block { 
   label vmc
   totweight 130560
   nautocorr 0
   total_energy { -3.890723374848112   } 
   total_energyvar { 0.04077603588452489   } 
   weight { 1   } 
   weightvar { 1.776356839400247e-15   } 
   kinetic_energy { 1.226176299155823   } 
   kinetic_energyvar { 1.286487703883134   } 
   potential_energy { -5.450628943837919   } 
   potential_energyvar { 1.324602526974776   } 
   nonlocal_energy { 0.3337292698339834   } 
   nonlocal_energyvar { 2.281244346514209   } 
   autocorr_energy { } 
} 

block { 
   label vmc
   totweight 130560
   nautocorr 0
   total_energy { -3.890062318390861   } 
   total_energyvar { 0.04138366923164764   } 
   weight { 1   } 
   weightvar { 1.776356839400247e-15   } 
   kinetic_energy { 1.223163118447692   } 
   kinetic_energyvar { 1.266315380626847   } 
   potential_energy { -5.451768899248003   } 
   potential_energyvar { 1.322477402157188   } 
   nonlocal_energy { 0.3385434624094499   } 
   nonlocal_energyvar { 2.218911938974684   } 
   autocorr_energy { } 
} 

block { 
   label vmc
   totweight 130560
   nautocorr 0
   total_energy { -3.889856524455323   } 
   total_energyvar { 0.03831878867553297   } 
   weight { 1   } 
   weightvar { 1.776356839400247e-15   } 
   kinetic_energy { 1.226129971108169   } 
   kinetic_energyvar { 1.262311480974847   } 
   potential_energy { -5.451165917505483   } 
   potential_energyvar { 1.309536578912424   } 
   nonlocal_energy { 0.3351794219419894   } 
   nonlocal_energyvar { 2.185203061450382   } 
   autocorr_energy { } 
} 

block { 
   label vmc
   totweight 130560
   nautocorr 0
   total_energy { -3.889835821359674   } 
   total_energyvar { 0.07296455494829829   } 
   weight { 1   } 
   weightvar { 1.776356839400247e-15   } 
   kinetic_energy { 1.231321103457652   } 
   kinetic_energyvar { 1.34420259337768   } 
   potential_energy { -5.451775008970588   } 
   potential_energyvar { 1.308068627114181   } 
   nonlocal_energy { 0.3306180841532637   } 
   nonlocal_energyvar { 2.2218627197239   } 
   autocorr_energy { } 
} 

block { 
   label vmc
   totweight 130560
   nautocorr 0
   total_energy { -3.890001594563232   } 
   total_energyvar { 0.03802684360690752   } 
   weight { 1   } 
   weightvar { 1.776356839400247e-15   } 
   kinetic_energy { 1.222564484304441   } 
   kinetic_energyvar { 1.267104166399314   } 
   potential_energy { -5.446999030612062   } 
   potential_energyvar { 1.290064294862837   } 
   nonlocal_energy { 0.3344329517443891   } 
   nonlocal_energyvar { 2.207132399081328   } 
   autocorr_energy { } 
} 

block { 
   label vmc
   totweight 130560
   nautocorr 0
   total_energy { -3.890489524671535   } 
   total_energyvar { 0.03712092196279031   } 
   weight { 1   } 
   weightvar { 1.776356839400247e-15   } 
   kinetic_energy { 1.228152942075154   } 
   kinetic_energyvar { 1.263635912608488   } 
   potential_energy { -5.444489338017188   } 
   potential_energyvar { 1.302362010117578   } 
   nonlocal_energy { 0.325846871270501   } 
   nonlocal_energyvar { 2.176805307548587   } 
   autocorr_energy { } 
} 

block { 
   label vmc
   totweight 130560
   nautocorr 0
   total_energy { -3.89128094021381   } 
   total_energyvar { 0.03730888409941854   } 
   weight { 1   } 
   weightvar { 1.776356839400247e-15   } 
   kinetic_energy { 1.224037565686109   } 
   kinetic_energyvar { 1.278626848471885   } 
   potential_energy { -5.442006096030984   } 
   potential_energyvar { 1.316941289061796   } 
   nonlocal_energy { 0.3266875901310662   } 
   nonlocal_energyvar { 2.214477982977092   } 
   autocorr_energy { } 
} 

