
 Primary working directories    : /global/cscratch1/sd/haihan
 Secondary working directories  : /global/cscratch1/sd/haihan
 Wavefunction directory         : /global/homes/h/haihan/wfu/
 Main file repository           : /global/cscratch1/sd/haihan/

 SHA1      : 19cd028119e0e09f93f0674bd8af7968d9b3eff6
 NAME      : 2015.1.36
 ARCHNAME  : linux/x86_64
 FC        : /opt/cray/pe/craype/2.5.14/bin/ftn
 BLASLIB   : -L/opt/intel/compilers_and_libraries_2018.1.163/linux/mkl/lib/intel64 -Wl,-_start-group -lmkl_intel_ilp64 -lmkl_intel_thread -lmkl_core -Wl,-_end-group -liomp5
 id        : lbl

 Nodes     nprocs
 nid00691    15
 Number of processes for MPI-2 version of Molpro:   nprocs(total)=   16   nprocs(compute)=   15   nprocs(helper)=    1

 Using customized tuning parameters: mindgm=7; mindgv=16; mindgc=1; mindgr=1; noblas=0; minvec=7
 default implementation of scratch files=sf  

 ***,Ir
 memory,512,m
 
 gthresh,twoint=1.e-12
 gprint,basis,orbitals
 
 angstrom
 geometry={
 1                                                                               ! Number of atoms
 Ir 0.0 0.0 0.0
 }
 
                                                                                 !!! Initial guesses from STU
 f_par=[0.712700, 3.05666]
 
 proc opt_basis
 
                                                                                 !Calculate the exponents
 N=1                                                                             ! Adjust to get enough exponents
 do i=1,N
 f_exp(i)=f_par(1)*f_par(2)^(i-1)
 g_exp(i)=g_par(1)*g_par(2)^(i-1)
 enddo
 
 basis={
 Including file /global/u2/h/haihan/Research/HZECP/Ir_basis/cc_dz/ecp.molpro
 Including file /global/u2/h/haihan/Research/HZECP/Ir_basis/cc_dz/basis.molpro
 
 f,Ir,f_exp(1)
 
 }
 
 {rhf
  start,atden
  wf,17,1,3
  occ,4,1,1,1,1,1,1,0
  closed,4,1,1,0,1,0,0,0
  sym,1,1,1,3,2
  orbital,4202.2
 }
 pop
 {multi
  start,4202.2
  maxit,40
  occ,4,1,1,1,1,1,1,0
  frozen,2,1,1,0,1,0,0
  wf,17,1,3;state,1
  wf,17,4,3;state,3
  wf,17,6,3;state,3
  wf,17,7,3;state,3
  orbital,4203.2
 }
 {multi
  start,4203.2
  maxit,40
  occ,4,1,1,1,1,1,1,0
  closed,2,1,1,0,1,0,0
  wf,17,1,3;state,1
  wf,17,4,3;state,3
  wf,17,6,3;state,3
  wf,17,7,3;state,3
  natorb,ci,print
  orbital,5202.2
 }
 {rhf,nitord=1,maxit=0
  start,5202.2
  wf,17,1,3
  occ,4,1,1,1,1,1,1,0
  closed,4,1,1,0,1,0,0,0
  print,orbitals=2
 }
 
 data,rename,4202.2,4302.2
 data,rename,4203.2,4303.2
 data,rename,5202.2,5302.2
 
 {ci;maxit,100;core,1,1,1,0,1,0,0,0}
 eval=energy
 
 endproc
 
 {minimize,eval,f_par(1)
 method,bfgs,proc=opt_basis,thresh=5e-5,vstep=1e-3
 maxit,100}
 

 Variables initialized (889), CPU time= 0.00 sec
 Commands  initialized (702), CPU time= 0.01 sec, 572 directives.
 Default parameters read. Elapsed time= 0.18 sec

 Checking input...
 Passed
1


                                         ***  PROGRAM SYSTEM MOLPRO  ***
                                       Copyright, TTI GmbH Stuttgart, 2015
                                    Version 2015.1 linked Dec 29 2018 15:55:43


 **********************************************************************************************************************************
 LABEL *   Ir                                                                            
  64 bit mpp version                                                                     DATE: 26-Dec-21          TIME: 13:49:29  
 **********************************************************************************************************************************

 SHA1:             19cd028119e0e09f93f0674bd8af7968d9b3eff6
 **********************************************************************************************************************************

 THRESHOLDS:

 ZERO    =  1.00D-12  ONEINT  =  1.00D-12  TWOINT  =  1.00D-12  PREFAC  =  1.00D-14  LOCALI  =  1.00D-09  EORDER  =  1.00D-04
 ENERGY  =  0.00D+00  ETEST   =  0.00D+00  EDENS   =  0.00D+00  THRDEDEF=  1.00D-06  GRADIENT=  1.00D-02  STEP    =  1.00D-03
 ORBITAL =  1.00D-05  CIVEC   =  1.00D-05  COEFF   =  1.00D-04  PRINTCI =  5.00D-02  PUNCHCI =  9.90D+01  OPTGRAD =  3.00D-04
 OPTENERG=  1.00D-06  OPTSTEP =  3.00D-04  THRGRAD =  1.00D-10  COMPRESS=  1.00D-11  VARMIN  =  1.00D-07  VARMAX  =  1.00D-03
 THRDOUB =  0.00D+00  THRDIV  =  1.00D-05  THRRED  =  1.00D-07  THRPSP  =  1.00D+00  THRDC   =  1.00D-10  THRCS   =  1.00D-10
 THRNRM  =  1.00D-08  THREQ   =  0.00D+00  THRDE   =  1.00D+00  THRREF  =  1.00D-05  SPARFAC =  1.00D+00  THRDLP  =  1.00D-07
 THRDIA  =  1.00D-10  THRDLS  =  1.00D-07  THRGPS  =  0.00D+00  THRKEX  =  0.00D+00  THRDIS  =  2.00D-01  THRVAR  =  1.00D-10
 THRLOC  =  1.00D-06  THRGAP  =  1.00D-06  THRLOCT = -1.00D+00  THRGAPT = -1.00D+00  THRORB  =  1.00D-06  THRMLTP =  0.00D+00
 THRCPQCI=  1.00D-10  KEXTA   =  0.00D+00  THRCOARS=  0.00D+00  SYMTOL  =  1.00D-06  GRADTOL =  1.00D-06  THROVL  =  1.00D-08
 THRORTH =  1.00D-08  GRID    =  1.00D-06  GRIDMAX =  1.00D-03  DTMAX   =  0.00D+00  THROCCDE=  1.00D-01  THROCCDE=  1.00D-01



 ZUNIT=ANG
 

Geometry recognized as XYZ

 SETTING F_PAR(1)       =         0.71270000                                  
 SETTING F_PAR(2)       =         3.05666000                                  

 Variable memory set to  512000000 words,  buffer space   230000 words



 PROGRAM * MINIMIZE (General minimization)     Authors: H.-J. Werner, P.J. Knowles, K.A. Peterson

 Minimize EVAL with respect to:        F_PAR(1)  
 Method BFGS will be used
 Variables are optimized in the space of (x/x0)


 Minimization using procedure=OPT_BASIS

 *** Long output written to logfile /global/u2/h/haihan/Research/HZECP/Ir_basis/cc_dz/atom.log ***


 BFGS update of inverse hessian 

 PROGRAM * MINIMIZE (General minimization)     Authors: H.-J. Werner, P.J. Knowles, K.A. Peterson


 Results for BFGS iteration    1       Current function value  =       -103.848530687
                                     Previous function value =          0.000000000
 Current variables and gradients:
 BFGS       F_PAR(1)                  0.712700       -0.0006843

 BFGS update of inverse hessian 

 Results for BFGS iteration    2       Current function value  =       -103.848531978
                                     Previous function value =       -103.848530687
 Current variables and gradients:
 BFGS       F_PAR(1)                  0.715383       -0.0000029

 PROGRAM * MINIMIZE (General minimization)     Authors: H.-J. Werner, P.J. Knowles, K.A. Peterson


 Minimization of EVAL using the BFGS method has converged after    2 iterations


 Running procedure=OPT_BASIS
 SETTING N              =         1.00000000                                  

 DO I                   =         1.00000000   
 SETTING F_EXP(1)       =         0.71538325                                  
 VARIABLE G_PAR UNDEFINED, ASSUMING 0
 SETTING G_EXP(1)       =     0.00000000D+00                                  
 SETTING BASIS          =    USERDEF


 Current variables in basis input:

 Set= 1  F_EXP(1)            =       0.71538325

 Recomputing integrals since basis changed


 Using spherical harmonics



 PROGRAM * SEWARD (Integral evaluation for generally contracted gaussian basis sets)     Author: Roland Lindh, 1990

 Geometry written to block  1 of record 700

 Orientation using atomic masses  
 Molecule type: Atom
 Symmetry elements: X,Y,Z
 Rotational constants:       0.0000000      0.0000000      0.0000000 GHz  (calculated with average atomic masses)

 Point group  D2h 



 ATOMIC COORDINATES

 NR  ATOM    CHARGE       X              Y              Z

   1  IR     17.00    0.000000000    0.000000000    0.000000000


          IR  CORE POTENTIAL

          g POTENTIAL

 POWERS             1              3              2              2
 EXPONENTIALS   12.17107       12.17014       5.602984       12.32034    
 COEFFICIENTS   17.00000       206.9082      -23.15704      -143.2084    

          s - g POTENTIAL

 POWERS             2              2
 EXPONENTIALS   6.284095       13.82629    
 COEFFICIENTS   76.59951       438.8739    

          p - g POTENTIAL

 POWERS             2              2
 EXPONENTIALS   5.346383       11.26419    
 COEFFICIENTS   61.99194       262.7501    

          d - g POTENTIAL

 POWERS             2              2
 EXPONENTIALS   4.766746       6.815210    
 COEFFICIENTS   31.12365       123.9560    

          f - g POTENTIAL

 POWERS             2              2
 EXPONENTIALS   2.786350       2.592946    
 COEFFICIENTS   10.32928       11.88570    


 BASIS DATA

   Nr Sym  Nuc  Type         Exponents   Contraction coefficients

    1.1 Ag    1  1s          81.883746    -0.000456    0.000109   -0.000038
    2.1 Ag                   43.142946     0.007251   -0.002172    0.002972
    3.1 Ag                   22.731175    -0.076134    0.025226   -0.041889
                             11.976612     0.392307   -0.137486    0.239038
                              6.310243    -0.599162    0.226746   -0.395296
                              3.324744    -0.476593    0.170008   -0.372238
                              1.751742     0.610563   -0.264851    0.603962
                              0.922959     0.693017   -0.402410    1.150634
                              0.486289     0.225546   -0.187447   -0.303613
                              0.256216     0.005951    0.125771   -1.551674
                              0.134995     0.006730    0.448621   -0.332414
                              0.071126    -0.002486    0.434740    0.662273
                              0.037475     0.000625    0.243405    0.641326
    4.1 Ag    1  3d0         69.582346     0.000025
                             36.601738    -0.000064
                             19.253263    -0.000576
                             10.127610     0.015407
                              5.327330    -0.090881
                              2.802285     0.051156
                              1.474059     0.271027
                              0.775385     0.351688
                              0.407869     0.302463
                              0.214547     0.179813
                              0.112856     0.070886
                              0.059365     0.010937
                              0.031227     0.000567
    5.1 Ag    1  3d2+        69.582346     0.000025
                             36.601738    -0.000064
                             19.253263    -0.000576
                             10.127610     0.015407
                              5.327330    -0.090881
                              2.802285     0.051156
                              1.474059     0.271027
                              0.775385     0.351688
                              0.407869     0.302463
                              0.214547     0.179813
                              0.112856     0.070886
                              0.059365     0.010937
                              0.031227     0.000567
    6.1 Ag    1  3d0         69.582346    -0.000072
                             36.601738     0.000277
                             19.253263     0.000052
                             10.127610    -0.017626
                              5.327330     0.115701
                              2.802285    -0.072020
                              1.474059    -0.456700
                              0.775385    -0.416372
                              0.407869     0.235208
                              0.214547     0.527233
                              0.112856     0.277584
                              0.059365     0.049775
                              0.031227     0.001660
    7.1 Ag    1  3d2+        69.582346    -0.000072
                             36.601738     0.000277
                             19.253263     0.000052
                             10.127610    -0.017626
                              5.327330     0.115701
                              2.802285    -0.072020
                              1.474059    -0.456700
                              0.775385    -0.416372
                              0.407869     0.235208
                              0.214547     0.527233
                              0.112856     0.277584
                              0.059365     0.049775
                              0.031227     0.001660
    1.2 B3u   1  2px         80.754753     0.000049   -0.000042   -0.000262
    2.2 B3u                  42.532608     0.000099    0.000069    0.001072
    3.2 B3u                  22.401440    -0.007030    0.002710    0.001640
                             11.798583     0.078305   -0.034573   -0.052183
                              6.214179    -0.246821    0.116184    0.184751
                              3.272938    -0.082812    0.029428    0.120530
                              1.723819     0.447701   -0.224637   -0.585460
                              0.907916     0.490763   -0.332112   -0.820919
                              0.478189     0.232088   -0.112114    1.053718
                              0.251857     0.035712    0.425856    0.983090
                              0.132650     0.008228    0.545958   -0.660728
                              0.069865    -0.000973    0.215607   -0.554789
                              0.036797     0.000521    0.018735   -0.065086
    4.2 B3u   1  4f1+         0.715383     1.000000
    5.2 B3u   1  4f3+         0.715383     1.000000
    1.3 B2u   1  2py         80.754753     0.000049   -0.000042   -0.000262
    2.3 B2u                  42.532608     0.000099    0.000069    0.001072
    3.3 B2u                  22.401440    -0.007030    0.002710    0.001640
                             11.798583     0.078305   -0.034573   -0.052183
                              6.214179    -0.246821    0.116184    0.184751
                              3.272938    -0.082812    0.029428    0.120530
                              1.723819     0.447701   -0.224637   -0.585460
                              0.907916     0.490763   -0.332112   -0.820919
                              0.478189     0.232088   -0.112114    1.053718
                              0.251857     0.035712    0.425856    0.983090
                              0.132650     0.008228    0.545958   -0.660728
                              0.069865    -0.000973    0.215607   -0.554789
                              0.036797     0.000521    0.018735   -0.065086
    4.3 B2u   1  4f1-         0.715383     1.000000
    5.3 B2u   1  4f3-         0.715383     1.000000
    1.4 B1g   1  3d2-        69.582346     0.000025   -0.000072
    2.4 B1g                  36.601738    -0.000064    0.000277
                             19.253263    -0.000576    0.000052
                             10.127610     0.015407   -0.017626
                              5.327330    -0.090881    0.115701
                              2.802285     0.051156   -0.072020
                              1.474059     0.271027   -0.456700
                              0.775385     0.351688   -0.416372
                              0.407869     0.302463    0.235208
                              0.214547     0.179813    0.527233
                              0.112856     0.070886    0.277584
                              0.059365     0.010937    0.049775
                              0.031227     0.000567    0.001660
    1.5 B1u   1  2pz         80.754753     0.000049   -0.000042   -0.000262
    2.5 B1u                  42.532608     0.000099    0.000069    0.001072
    3.5 B1u                  22.401440    -0.007030    0.002710    0.001640
                             11.798583     0.078305   -0.034573   -0.052183
                              6.214179    -0.246821    0.116184    0.184751
                              3.272938    -0.082812    0.029428    0.120530
                              1.723819     0.447701   -0.224637   -0.585460
                              0.907916     0.490763   -0.332112   -0.820919
                              0.478189     0.232088   -0.112114    1.053718
                              0.251857     0.035712    0.425856    0.983090
                              0.132650     0.008228    0.545958   -0.660728
                              0.069865    -0.000973    0.215607   -0.554789
                              0.036797     0.000521    0.018735   -0.065086
    4.5 B1u   1  4f0          0.715383     1.000000
    5.5 B1u   1  4f2+         0.715383     1.000000
    1.6 B2g   1  3d1+        69.582346     0.000025   -0.000072
    2.6 B2g                  36.601738    -0.000064    0.000277
                             19.253263    -0.000576    0.000052
                             10.127610     0.015407   -0.017626
                              5.327330    -0.090881    0.115701
                              2.802285     0.051156   -0.072020
                              1.474059     0.271027   -0.456700
                              0.775385     0.351688   -0.416372
                              0.407869     0.302463    0.235208
                              0.214547     0.179813    0.527233
                              0.112856     0.070886    0.277584
                              0.059365     0.010937    0.049775
                              0.031227     0.000567    0.001660
    1.7 B3g   1  3d1-        69.582346     0.000025   -0.000072
    2.7 B3g                  36.601738    -0.000064    0.000277
                             19.253263    -0.000576    0.000052
                             10.127610     0.015407   -0.017626
                              5.327330    -0.090881    0.115701
                              2.802285     0.051156   -0.072020
                              1.474059     0.271027   -0.456700
                              0.775385     0.351688   -0.416372
                              0.407869     0.302463    0.235208
                              0.214547     0.179813    0.527233
                              0.112856     0.070886    0.277584
                              0.059365     0.010937    0.049775
                              0.031227     0.000567    0.001660
    1.8 Au    1  4f2-         0.715383     1.000000

 NUCLEAR CHARGE:                   17
 NUMBER OF PRIMITIVE AOS:         140
 NUMBER OF SYMMETRY AOS:          124
 NUMBER OF CONTRACTIONS:           29   (   7Ag  +   5B3u +   5B2u +   2B1g +   5B1u +   2B2g +   2B3g +   1Au  )
 NUMBER OF CORE ORBITALS:           4   (   1Ag  +   1B3u +   1B2u +   0B1g +   1B1u +   0B2g +   0B3g +   0Au  )
 NUMBER OF VALENCE ORBITALS:        6   (   3Ag  +   0B3u +   0B2u +   1B1g +   0B1u +   1B2g +   1B3g +   0Au  )


 NUCLEAR REPULSION ENERGY    0.00000000

 EXTRA SYMMETRY OF AOS IN SYMMETRY 1:   1 1 1 2 3 2 3
 EXTRA SYMMETRY OF AOS IN SYMMETRY 2:   1 1 1 2 3
 EXTRA SYMMETRY OF AOS IN SYMMETRY 3:   1 1 1 2 3
 EXTRA SYMMETRY OF AOS IN SYMMETRY 5:   1 1 1 2 3

 Eigenvalues of metric

         1 0.985E+00 0.994E+00 0.994E+00 0.100E+01 0.101E+01 0.101E+01 0.101E+01
         2 0.100E+01 0.100E+01 0.100E+01 0.100E+01 0.100E+01
         3 0.100E+01 0.100E+01 0.100E+01 0.100E+01 0.100E+01
         4 0.994E+00 0.101E+01
         5 0.100E+01 0.100E+01 0.100E+01 0.100E+01 0.100E+01
         6 0.994E+00 0.101E+01
         7 0.994E+00 0.101E+01
         8 0.100E+01


 Contracted 2-electron integrals neglected if value below      1.0D-12
 AO integral compression algorithm  1   Integral accuracy      1.0D-12

     3.932 MB (compressed) written to integral file (100.0%)

     Node minimum: 0.262 MB, node maximum: 0.262 MB


 NUMBER OF SORTED TWO-ELECTRON INTEGRALS:       1365.     BUFFER LENGTH:  32768
 NUMBER OF SEGMENTS:   1  SEGMENT LENGTH:       1365      RECORD LENGTH: 524288

 Memory used in sort:       0.56 MW

 SORT1 READ       26095. AND WROTE        1137. INTEGRALS IN      1 RECORDS. CPU TIME:     0.01 SEC, REAL TIME:     0.04 SEC
 SORT2 READ       11782. AND WROTE       14291. INTEGRALS IN     15 RECORDS. CPU TIME:     0.00 SEC, REAL TIME:     0.13 SEC

 Node minimum:         452.  Node maximum:        2214. integrals

 OPERATOR DM      FOR CENTER  0  COORDINATES:    0.000000    0.000000    0.000000


 **********************************************************************************************************************************
 DATASETS  * FILE   NREC   LENGTH (MB)   RECORD NAMES
              1      19       19.89       500      610      700      900      950      970     1003      129      960     1100   
                                          VAR    BASINP    GEOM    SYMINP    ZMAT    AOBASIS   BASIS     P2S    ABASIS      S 
                                         1400     1410     1420     1200     1210     1080     1600     1650     1700   
                                           T        V       ECP      H0       H01     AOSYM     SMH    MOLCAS    OPER   

              2      33       60.63       200      700     1000      520     4302     4303     5302     2101     1001     4302   
                                        OPTIONS   GEOM     BASIS   MCVARS     RHF     MCSCF    MCSCF     RHF     BASIS     RHF  
                                         4303     5302     2102     1002     4302     4303     5302     2103     1003     4302   
                                         MCSCF    MCSCF     RHF     BASIS     RHF     MCSCF    MCSCF     RHF     BASIS     RHF  
                                         4303     5302     2104     1004     4302     4303     5302     2105     1005     4302   
                                         MCSCF    MCSCF     RHF     BASIS     RHF     MCSCF    MCSCF     RHF     BASIS     RHF  
                                         4303     5302     2106   
                                         MCSCF    MCSCF     RHF  

 PROGRAMS   *        TOTAL       INT        CI      DATA      DATA      DATA       RHF     MULTI     MULTI       POP       RHF
 CPU TIMES  *         8.43      0.74      0.13      0.00      0.00      0.00      0.02      0.19      0.14      0.01      0.03
 REAL TIME  *        23.36 SEC
 DISK USED  *         1.27 GB      
 SF USED    *        11.98 MB      
 GA USED    *         0.00 MB       (max)       0.00 MB       (current)
 **********************************************************************************************************************************


 PROGRAM * RHF-SCF (OPEN SHELL)       Authors: W. Meyer, H.-J. Werner


 NUMBER OF ELECTRONS:      10+    7-    SPACE SYMMETRY=1    SPIN SYMMETRY: Quartet 
 CONVERGENCE THRESHOLDS:    1.00E-05 (Density)    1.00E-07 (Energy)
 MAX. NUMBER OF ITERATIONS:       60
 INTERPOLATION TYPE:            DIIS
 INTERPOLATION STEPS:              2 (START)      1 (STEP)
 LEVEL SHIFTS:                 -0.60 (CLOSED) -0.30 (OPEN) 

 Number of closed-shell orbitals:    7 (   4   1   1   0   1   0   0   0 )
 Number of open-shell orbitals:      3 (   0   0   0   1   0   1   1   0 )


 
 Extra symmetries of mos in symmetry 1:   1   1   3   2

   Atom=IR basis=cc-pVTZ-PP        lmin=0  lmax=2

 Orbital guess generated from atomic densities. Full valence occupancy:    4   1   1   1   1   1   1   0


 Molecular orbital dump at record        4202.2

 ITERATION    DDIFF          GRAD             ENERGY        2-EL.EN.            DIPOLE MOMENTS         DIIS   ORB.
    1      0.000D+00      0.000D+00      -103.66194353    153.450336    0.00000    0.00000    0.00000    0    start
    2      0.000D+00      0.149D-01      -103.66629517    153.042687    0.00000    0.00000    0.00000    1    diag,B
    3      0.520D-02      0.395D-02      -103.66701874    153.053770    0.00000    0.00000    0.00000    2    diag,B
    4      0.266D-02      0.125D-02      -103.66713357    153.005144    0.00000    0.00000    0.00000    3    diag,B
    5      0.128D-02      0.535D-03      -103.66715987    152.975257    0.00000    0.00000    0.00000    4    diag,B
    6      0.961D-03      0.763D-04      -103.66716019    152.972747    0.00000    0.00000    0.00000    5    diag,B
    7      0.820D-04      0.135D-04      -103.66716020    152.972960    0.00000    0.00000    0.00000    6    fixocc
    8      0.163D-04      0.769D-06      -103.66716020    152.972901    0.00000    0.00000    0.00000    7    diag,B
    9      0.348D-06      0.123D-06      -103.66716020    152.972907    0.00000    0.00000    0.00000    0    orth

 Final alpha occupancy:   4   1   1   1   1   1   1   0
 Final beta  occupancy:   4   1   1   0   1   0   0   0

 !RHF STATE 1.1 Energy               -103.667160198730
 Nuclear energy                         0.00000000
 One-electron energy                 -180.15361367
 Two-electron energy                   76.48645347
 Virial quotient                       -2.97313767
 !RHF STATE 1.1 Dipole moment           0.00000000     0.00000000     0.00000000
 Dipole moment /Debye                   0.00000000     0.00000000     0.00000000

 ELECTRON ORBITALS
 =================


   Orb  Occ    Energy  Couls-En    Coefficients

                                   1 1s      1 1s      1 1s      1 3d0     1 3d2+    1 3d0     1 3d2+ 

   1.1   2    -4.2241  -18.8540  1.000000  0.000059 -0.000070 -0.000000  0.000000 -0.000000 -0.000000

   2.1   2    -0.2965   -6.2571 -0.000058  0.999990  0.000645  0.000000 -0.000000  0.000000 -0.000000

   3.1   2    -0.4588   -9.5481  0.000000  0.000000  0.000000  0.001784  0.999926  0.000013  0.007290

   4.1   2    -0.4588   -9.5481  0.000000 -0.000000  0.000000  0.999926 -0.001784  0.007290 -0.000013

                                   1 2px     1 2px     1 2px     1 4f1+    1 4f3+ 

   1.2   2    -2.4548  -14.9757  0.999967  0.000125  0.000107 -0.004978  0.006427

                                   1 2py     1 2py     1 2py     1 4f1-    1 4f3- 

   1.3   2    -2.4548  -14.9757  0.999967  0.000125  0.000107 -0.004978 -0.006427

                                   1 3d2-    1 3d2- 

   1.4   +    -0.5251   -9.6886  1.000003 -0.012091

                                   1 2pz     1 2pz     1 2pz     1 4f0     1 4f2+ 

   1.5   2    -2.4548  -14.9757  0.999967  0.000125  0.000107  0.008129  0.000000

                                   1 3d1+    1 3d1+ 

   1.6   +    -0.5251   -9.6886  1.000003 -0.012091

                                   1 3d1-    1 3d1- 

   1.7   +    -0.5251   -9.6886  1.000003 -0.012091

 HOMO      4.1    -0.458821 =     -12.4851eV
 LUMO      2.2     0.113121 =       3.0782eV
 LUMO-HOMO         0.571941 =      15.5633eV


 **********************************************************************************************************************************
 DATASETS  * FILE   NREC   LENGTH (MB)   RECORD NAMES
              1      19       19.89       500      610      700      900      950      970     1003      129      960     1100   
                                          VAR    BASINP    GEOM    SYMINP    ZMAT    AOBASIS   BASIS     P2S    ABASIS      S 
                                         1400     1410     1420     1200     1210     1080     1600     1650     1700   
                                           T        V       ECP      H0       H01     AOSYM     SMH    MOLCAS    OPER   

              2      34       63.13       200      700     1000      520     4302     4303     5302     2101     1001     4302   
                                        OPTIONS   GEOM     BASIS   MCVARS     RHF     MCSCF    MCSCF     RHF     BASIS     RHF  
                                         4303     5302     2102     1002     4302     4303     5302     2103     1003     4302   
                                         MCSCF    MCSCF     RHF     BASIS     RHF     MCSCF    MCSCF     RHF     BASIS     RHF  
                                         4303     5302     2104     1004     4302     4303     5302     2105     1005     4302   
                                         MCSCF    MCSCF     RHF     BASIS     RHF     MCSCF    MCSCF     RHF     BASIS     RHF  
                                         4303     5302     2106     4202   
                                         MCSCF    MCSCF     RHF      RHF  

 PROGRAMS   *        TOTAL       RHF       INT        CI      DATA      DATA      DATA       RHF     MULTI     MULTI       POP
 CPU TIMES  *         8.50      0.05      0.74      0.13      0.00      0.00      0.00      0.02      0.19      0.14      0.01
 REAL TIME  *        23.60 SEC
 DISK USED  *         1.31 GB      
 SF USED    *        11.98 MB      
 GA USED    *         0.00 MB       (max)       0.00 MB       (current)
 **********************************************************************************************************************************


 PROGRAM * POP (Mulliken population analysis)

 
 Density matrix read from record         4202.2  Type=RHF/CHARGE (state 1.1)
 
 Population analysis by basis function type

 Unique atom        s        p        d        f        g    Total    Charge
   1  IR      4.00000  5.99960  7.00000  0.00040  0.00000 17.00000  + 0.00000


 **********************************************************************************************************************************
 DATASETS  * FILE   NREC   LENGTH (MB)   RECORD NAMES
              1      19       19.89       500      610      700      900      950      970     1003      129      960     1100   
                                          VAR    BASINP    GEOM    SYMINP    ZMAT    AOBASIS   BASIS     P2S    ABASIS      S 
                                         1400     1410     1420     1200     1210     1080     1600     1650     1700   
                                           T        V       ECP      H0       H01     AOSYM     SMH    MOLCAS    OPER   

              2      34       63.13       200      700     1000      520     4302     4303     5302     2101     1001     4302   
                                        OPTIONS   GEOM     BASIS   MCVARS     RHF     MCSCF    MCSCF     RHF     BASIS     RHF  
                                         4303     5302     2102     1002     4302     4303     5302     2103     1003     4302   
                                         MCSCF    MCSCF     RHF     BASIS     RHF     MCSCF    MCSCF     RHF     BASIS     RHF  
                                         4303     5302     2104     1004     4302     4303     5302     2105     1005     4302   
                                         MCSCF    MCSCF     RHF     BASIS     RHF     MCSCF    MCSCF     RHF     BASIS     RHF  
                                         4303     5302     2106     4202   
                                         MCSCF    MCSCF     RHF      RHF  

 PROGRAMS   *        TOTAL       POP       RHF       INT        CI      DATA      DATA      DATA       RHF     MULTI     MULTI
 CPU TIMES  *         8.50      0.00      0.05      0.74      0.13      0.00      0.00      0.00      0.02      0.19      0.14
 REAL TIME  *        23.64 SEC
 DISK USED  *         1.31 GB      
 SF USED    *        11.98 MB      
 GA USED    *         0.00 MB       (max)       0.00 MB       (current)
 **********************************************************************************************************************************


 Current variables in basis input:

 Set= 1  F_EXP(1)            =       0.71538325

 PROGRAM * MULTI (Direct Multiconfiguration SCF)       Authors: P.J. Knowles, H.-J. Werner (1984)     S.T. Elbert (1988)


 Number of frozen core orbitals:    5 (   2   1   1   0   1   0   0   0 )
 Number of active  orbitals:        5 (   2   0   0   1   0   1   1   0 )
 Number of external orbitals:      19 (   3   4   4   1   4   1   1   1 )

 State symmetry 1

 Number of electrons:     7    Spin symmetry=Quartet   Space symmetry=1
 Number of states:        1
 Number of CSFs:          1   (1 determinants, 10 intermediate states)

 State symmetry 2

 Number of electrons:     7    Spin symmetry=Quartet   Space symmetry=4
 Number of states:        3
 Number of CSFs:          3   (3 determinants, 10 intermediate states)

 State symmetry 3

 Number of electrons:     7    Spin symmetry=Quartet   Space symmetry=6
 Number of states:        3
 Number of CSFs:          3   (3 determinants, 10 intermediate states)

 State symmetry 4

 Number of electrons:     7    Spin symmetry=Quartet   Space symmetry=7
 Number of states:        3
 Number of CSFs:          3   (3 determinants, 10 intermediate states)

 Iteration controls:
             1  2  3  4  5  6  7  8  9 10 11 12 13 14 15 16 17 18 19 20 21 22 23 24 25 26 27 28 29 30 31 32 33 34 35 36 37 38 39
 DIAGCI      T  T  T  T  T  T  T  T  T  T  T  T  T  T  T  T  T  T  T  T  T  T  T  T  T  T  T  T  T  T  T  T  T  T  T  T  T  T  T
 WERNER      T  T  T  T  T  T  T  T  T  T  T  T  T  T  T  T  T  T  T  T  T  T  T  T  T  T  T  T  T  T  T  T  T  T  T  T  T  T  T
 INTERNAL    F  T  T  T  T  T  T  T  T  T  T  T  T  T  T  T  T  T  T  T  T  T  T  T  T  T  T  T  T  T  T  T  T  T  T  T  T  T  T

 Valence orbitals read from record       4202.2  Type=RHF/CANONICAL (state 1.1)
 Frozen core orbitals read from record   4202.2  Type=RHF/CANONICAL (state 1.1)
 *** IN SYMMETRY 1 ORBITAL  3 SYMMETRY CONTAMINATION OF 0.178D-02 HAS BEEN REMOVED
 *** IN SYMMETRY 1 ORBITAL  4 SYMMETRY CONTAMINATION OF 0.178D-02 HAS BEEN REMOVED

 EXTRA SYMMETRY OF MOS IN SYMMETRY 1:   0 0 3 2 1 3 2
 *** IN SYMMETRY 2 ORBITAL  1 SYMMETRY CONTAMINATION OF 0.113D-01 HAS BEEN REMOVED
 EXTRA SYMMETRY OF MOS IN SYMMETRY 2:   0 1 1 2 3
 *** IN SYMMETRY 3 ORBITAL  1 SYMMETRY CONTAMINATION OF 0.113D-01 HAS BEEN REMOVED
 EXTRA SYMMETRY OF MOS IN SYMMETRY 3:   0 1 1 2 3
 *** IN SYMMETRY 5 ORBITAL  1 SYMMETRY CONTAMINATION OF 0.806D-02 HAS BEEN REMOVED
 EXTRA SYMMETRY OF MOS IN SYMMETRY 5:   0 1 1 3 2

 Wavefunction dump at record             4203.2

 Convergence thresholds  0.10E-01 (gradient)  0.10E-05 (energy)  0.10E-02 (step length)

 Weight factors for state symmetry  1:    0.10000
 Weight factors for state symmetry  2:    0.10000   0.10000   0.10000
 Weight factors for state symmetry  3:    0.10000   0.10000   0.10000
 Weight factors for state symmetry  4:    0.10000   0.10000   0.10000

 Number of orbital rotations:        9   (     0 Core/Active      0 Core/Virtual   0 Active/Active      9 Active/Virtual)
 Total number of variables:         37


 ITER. MIC  NCI  NEG     ENERGY(VAR)     ENERGY(PROJ)   ENERGY CHANGE     GRAD(0)  GRAD(ORB)   GRAD(CI)     STEP       TIME

   1   21   16    0    -103.64723317    -103.64804483   -0.00081166    0.03607231 0.00000000 0.00000000  0.23D-01      0.02
   2   12   16    0    -103.64804710    -103.64804712   -0.00000002    0.00017888 0.00000000 0.00000000  0.96D-04      0.04
   3   18   16    0    -103.64804712    -103.64804712    0.00000000    0.00000000 0.00000000 0.00000000  0.22D-08      0.07

 ** WVFN ****  CONVERGENCE REACHED, FINAL GRADIENT:  0.54D-15



 Results for state 1.1
 =====================

 !MCSCF STATE 1.1 Energy             -103.665040911392
 Nuclear energy                         0.00000000
 Kinetic energy                        34.84774285
 One electron energy                 -180.13287955
 Two electron energy                   76.46783864
 Virial ratio                           3.97479930

 !MCSCF STATE 1.1 Dipole moment         0.00000000     0.00000000     0.00000000
 Dipole moment /Debye                   0.00000000     0.00000000     0.00000000



 Results for state 1.4
 =====================

 !MCSCF STATE 1.4 Energy             -103.665040911392
 Nuclear energy                         0.00000000
 Kinetic energy                        34.84774285
 One electron energy                 -180.13287955
 Two electron energy                   76.46783864
 Virial ratio                           3.97479930

 !MCSCF STATE 1.4 Dipole moment         0.00000000     0.00000000     0.00000000
 Dipole moment /Debye                   0.00000000     0.00000000     0.00000000

 Results for state 2.4
 =====================

 !MCSCF STATE 2.4 Energy             -103.665040911392
 Nuclear energy                         0.00000000
 Kinetic energy                        34.84774285
 One electron energy                 -180.13287955
 Two electron energy                   76.46783864
 Virial ratio                           3.97479930

 !MCSCF STATE 2.4 Dipole moment         0.00000000     0.00000000     0.00000000
 Dipole moment /Debye                   0.00000000     0.00000000     0.00000000

 Results for state 3.4
 =====================

 !MCSCF STATE 3.4 Energy             -103.608394928289
 Nuclear energy                         0.00000000
 Kinetic energy                        34.84774285
 One electron energy                 -180.13287955
 Two electron energy                   76.52448462
 Virial ratio                           3.97317377

 !MCSCF STATE 3.4 Dipole moment         0.00000000     0.00000000     0.00000000
 Dipole moment /Debye                   0.00000000     0.00000000     0.00000000



 Results for state 1.6
 =====================

 !MCSCF STATE 1.6 Energy             -103.665040911392
 Nuclear energy                         0.00000000
 Kinetic energy                        34.84774285
 One electron energy                 -180.13287955
 Two electron energy                   76.46783864
 Virial ratio                           3.97479930

 !MCSCF STATE 1.6 Dipole moment         0.00000000     0.00000000     0.00000000
 Dipole moment /Debye                   0.00000000     0.00000000     0.00000000

 Results for state 2.6
 =====================

 !MCSCF STATE 2.6 Energy             -103.665040911392
 Nuclear energy                         0.00000000
 Kinetic energy                        34.84774285
 One electron energy                 -180.13287955
 Two electron energy                   76.46783864
 Virial ratio                           3.97479930

 !MCSCF STATE 2.6 Dipole moment         0.00000000     0.00000000     0.00000000
 Dipole moment /Debye                   0.00000000     0.00000000     0.00000000

 Results for state 3.6
 =====================

 !MCSCF STATE 3.6 Energy             -103.608394928289
 Nuclear energy                         0.00000000
 Kinetic energy                        34.84774285
 One electron energy                 -180.13287955
 Two electron energy                   76.52448462
 Virial ratio                           3.97317377

 !MCSCF STATE 3.6 Dipole moment         0.00000000     0.00000000     0.00000000
 Dipole moment /Debye                   0.00000000     0.00000000     0.00000000



 Results for state 1.7
 =====================

 !MCSCF STATE 1.7 Energy             -103.665040911392
 Nuclear energy                         0.00000000
 Kinetic energy                        34.84774285
 One electron energy                 -180.13287955
 Two electron energy                   76.46783864
 Virial ratio                           3.97479930

 !MCSCF STATE 1.7 Dipole moment         0.00000000     0.00000000     0.00000000
 Dipole moment /Debye                   0.00000000     0.00000000     0.00000000

 Results for state 2.7
 =====================

 !MCSCF STATE 2.7 Energy             -103.665040911392
 Nuclear energy                         0.00000000
 Kinetic energy                        34.84774285
 One electron energy                 -180.13287955
 Two electron energy                   76.46783864
 Virial ratio                           3.97479930

 !MCSCF STATE 2.7 Dipole moment         0.00000000     0.00000000     0.00000000
 Dipole moment /Debye                   0.00000000     0.00000000     0.00000000

 Results for state 3.7
 =====================

 !MCSCF STATE 3.7 Energy             -103.608394928289
 Nuclear energy                         0.00000000
 Kinetic energy                        34.84774285
 One electron energy                 -180.13287955
 Two electron energy                   76.52448462
 Virial ratio                           3.97317377

 !MCSCF STATE 3.7 Dipole moment         0.00000000     0.00000000     0.00000000
 Dipole moment /Debye                   0.00000000     0.00000000     0.00000000

 State-averaged charge density matrix saved on record  4203.2 (density set 1)


 NATURAL ORBITALS (state averaged)
 =================================

   Orb     Occ        Energy       Coefficients

                                   1 1s      1 1s      1 1s      1 3d0     1 3d2+    1 3d0     1 3d2+ 

   3.1  1.40000    -0.308469     0.000000  0.000000  0.000000  1.000001  0.000000 -0.000100  0.000000

   4.1  1.40000    -0.308469     0.000000  0.000000  0.000000  0.000000  1.000001  0.000000 -0.000100

                                   1 3d2-    1 3d2- 

   1.4  1.40000    -0.308469     1.000001 -0.000100

                                   1 3d1+    1 3d1+ 

   1.6  1.40000    -0.308469     1.000001 -0.000100

                                   1 3d1-    1 3d1- 

   1.7  1.40000    -0.308469     1.000001 -0.000100
 

 EXTRA SYMMETRY OF MOS IN SYMMETRY 1:   0 0 2 3 1 2 3
 EXTRA SYMMETRY OF MOS IN SYMMETRY 2:   0 1 1 3 2
 EXTRA SYMMETRY OF MOS IN SYMMETRY 3:   0 1 1 3 2
 EXTRA SYMMETRY OF MOS IN SYMMETRY 5:   0 1 1 2 3

 Natural orbital dump (state averaged) at molpro section  4203.2    (Orbital set 2)



 **********************************************************************************************************************************
 DATASETS  * FILE   NREC   LENGTH (MB)   RECORD NAMES
              1      20       19.91       500      610      700      900      950      970     1003      129      960     1100   
                                          VAR    BASINP    GEOM    SYMINP    ZMAT    AOBASIS   BASIS     P2S    ABASIS      S 
                                         1400     1410     1420     1200     1210     1080     1600     1650     1700     1380   
                                           T        V       ECP      H0       H01     AOSYM     SMH    MOLCAS    OPER     JKOP   

              2      35       65.63       200      700     1000      520     4302     4303     5302     2101     1001     4302   
                                        OPTIONS   GEOM     BASIS   MCVARS     RHF     MCSCF    MCSCF     RHF     BASIS     RHF  
                                         4303     5302     2102     1002     4302     4303     5302     2103     1003     4302   
                                         MCSCF    MCSCF     RHF     BASIS     RHF     MCSCF    MCSCF     RHF     BASIS     RHF  
                                         4303     5302     2104     1004     4302     4303     5302     2105     1005     4302   
                                         MCSCF    MCSCF     RHF     BASIS     RHF     MCSCF    MCSCF     RHF     BASIS     RHF  
                                         4303     5302     2106     4202     4203   
                                         MCSCF    MCSCF     RHF      RHF     MCSCF   

 PROGRAMS   *        TOTAL     MULTI       POP       RHF       INT        CI      DATA      DATA      DATA       RHF     MULTI
 CPU TIMES  *         8.62      0.12      0.00      0.05      0.74      0.13      0.00      0.00      0.00      0.02      0.19
 REAL TIME  *        24.66 SEC
 DISK USED  *         1.31 GB      
 SF USED    *        11.98 MB      
 GA USED    *         0.00 MB       (max)       0.00 MB       (current)
 **********************************************************************************************************************************


 Current variables in basis input:

 Set= 1  F_EXP(1)            =       0.71538325

 PROGRAM * MULTI (Direct Multiconfiguration SCF)       Authors: P.J. Knowles, H.-J. Werner (1984)     S.T. Elbert (1988)


 Number of closed-shell orbitals:   5 (   2   1   1   0   1   0   0   0 )
 Number of active  orbitals:        5 (   2   0   0   1   0   1   1   0 )
 Number of external orbitals:      19 (   3   4   4   1   4   1   1   1 )

 State symmetry 1

 Number of electrons:     7    Spin symmetry=Quartet   Space symmetry=1
 Number of states:        1
 Number of CSFs:          1   (1 determinants, 10 intermediate states)

 State symmetry 2

 Number of electrons:     7    Spin symmetry=Quartet   Space symmetry=4
 Number of states:        3
 Number of CSFs:          3   (3 determinants, 10 intermediate states)

 State symmetry 3

 Number of electrons:     7    Spin symmetry=Quartet   Space symmetry=6
 Number of states:        3
 Number of CSFs:          3   (3 determinants, 10 intermediate states)

 State symmetry 4

 Number of electrons:     7    Spin symmetry=Quartet   Space symmetry=7
 Number of states:        3
 Number of CSFs:          3   (3 determinants, 10 intermediate states)

 Iteration controls:
             1  2  3  4  5  6  7  8  9 10 11 12 13 14 15 16 17 18 19 20 21 22 23 24 25 26 27 28 29 30 31 32 33 34 35 36 37 38 39
 DIAGCI      T  T  T  T  T  T  T  T  T  T  T  T  T  T  T  T  T  T  T  T  T  T  T  T  T  T  T  T  T  T  T  T  T  T  T  T  T  T  T
 WERNER      T  T  T  T  T  T  T  T  T  T  T  T  T  T  T  T  T  T  T  T  T  T  T  T  T  T  T  T  T  T  T  T  T  T  T  T  T  T  T
 INTERNAL    F  T  T  T  T  T  T  T  T  T  T  T  T  T  T  T  T  T  T  T  T  T  T  T  T  T  T  T  T  T  T  T  T  T  T  T  T  T  T

 Molecular orbitals read from record     4203.2  Type=MCSCF/NATURAL (state averaged)

 EXTRA SYMMETRY OF MOS IN SYMMETRY 1:   1 1 2 3 1 2 3
 EXTRA SYMMETRY OF MOS IN SYMMETRY 2:   1 1 1 3 2
 EXTRA SYMMETRY OF MOS IN SYMMETRY 3:   1 1 1 3 2
 EXTRA SYMMETRY OF MOS IN SYMMETRY 5:   1 1 1 2 3

 Wavefunction dump at record             5202.2

 Convergence thresholds  0.10E-01 (gradient)  0.10E-05 (energy)  0.10E-02 (step length)

 Weight factors for state symmetry  1:    0.10000
 Weight factors for state symmetry  2:    0.10000   0.10000   0.10000
 Weight factors for state symmetry  3:    0.10000   0.10000   0.10000
 Weight factors for state symmetry  4:    0.10000   0.10000   0.10000

 Number of orbital rotations:       31   (     4 Core/Active     18 Core/Virtual   0 Active/Active      9 Active/Virtual)
 Total number of variables:         59


 ITER. MIC  NCI  NEG     ENERGY(VAR)     ENERGY(PROJ)   ENERGY CHANGE     GRAD(0)  GRAD(ORB)   GRAD(CI)     STEP       TIME

   1   35   20    0    -103.64804712    -103.64804819   -0.00000107    0.00206875 0.00000000 0.00000000  0.74D-03      0.04
   2   49   48    0    -103.64804819    -103.64804819   -0.00000000    0.00000030 0.00000000 0.00000000  0.13D-06      0.12

 ** WVFN ****  CONVERGENCE REACHED, FINAL GRADIENT:  0.48D-14



 Results for state 1.1
 =====================

 !MCSCF STATE 1.1 Energy             -103.665040260655
 Nuclear energy                         0.00000000
 Kinetic energy                        34.85059682
 One electron energy                 -180.13768602
 Two electron energy                   76.47264576
 Virial ratio                           3.97455567

 !MCSCF STATE 1.1 Dipole moment         0.00000000     0.00000000     0.00000000
 Dipole moment /Debye                   0.00000000     0.00000000     0.00000000



 Results for state 1.4
 =====================

 !MCSCF STATE 1.4 Energy             -103.665040260656
 Nuclear energy                         0.00000000
 Kinetic energy                        34.85059682
 One electron energy                 -180.13768602
 Two electron energy                   76.47264576
 Virial ratio                           3.97455567

 !MCSCF STATE 1.4 Dipole moment         0.00000000     0.00000000     0.00000000
 Dipole moment /Debye                   0.00000000     0.00000000     0.00000000

 Results for state 2.4
 =====================

 !MCSCF STATE 2.4 Energy             -103.665040260656
 Nuclear energy                         0.00000000
 Kinetic energy                        34.85059682
 One electron energy                 -180.13768602
 Two electron energy                   76.47264576
 Virial ratio                           3.97455567

 !MCSCF STATE 2.4 Dipole moment         0.00000000     0.00000000     0.00000000
 Dipole moment /Debye                   0.00000000     0.00000000     0.00000000

 Results for state 3.4
 =====================

 !MCSCF STATE 3.4 Energy             -103.608400019193
 Nuclear energy                         0.00000000
 Kinetic energy                        34.85059682
 One electron energy                 -180.13768602
 Two electron energy                   76.52928600
 Virial ratio                           3.97293044

 !MCSCF STATE 3.4 Dipole moment         0.00000000     0.00000000     0.00000000
 Dipole moment /Debye                   0.00000000     0.00000000     0.00000000



 Results for state 1.6
 =====================

 !MCSCF STATE 1.6 Energy             -103.665040260656
 Nuclear energy                         0.00000000
 Kinetic energy                        34.85059682
 One electron energy                 -180.13768602
 Two electron energy                   76.47264576
 Virial ratio                           3.97455567

 !MCSCF STATE 1.6 Dipole moment         0.00000000     0.00000000     0.00000000
 Dipole moment /Debye                   0.00000000     0.00000000     0.00000000

 Results for state 2.6
 =====================

 !MCSCF STATE 2.6 Energy             -103.665040260656
 Nuclear energy                         0.00000000
 Kinetic energy                        34.85059682
 One electron energy                 -180.13768602
 Two electron energy                   76.47264576
 Virial ratio                           3.97455567

 !MCSCF STATE 2.6 Dipole moment         0.00000000     0.00000000     0.00000000
 Dipole moment /Debye                   0.00000000     0.00000000     0.00000000

 Results for state 3.6
 =====================

 !MCSCF STATE 3.6 Energy             -103.608400019192
 Nuclear energy                         0.00000000
 Kinetic energy                        34.85059682
 One electron energy                 -180.13768602
 Two electron energy                   76.52928600
 Virial ratio                           3.97293044

 !MCSCF STATE 3.6 Dipole moment         0.00000000     0.00000000     0.00000000
 Dipole moment /Debye                   0.00000000     0.00000000     0.00000000



 Results for state 1.7
 =====================

 !MCSCF STATE 1.7 Energy             -103.665040260656
 Nuclear energy                         0.00000000
 Kinetic energy                        34.85059682
 One electron energy                 -180.13768602
 Two electron energy                   76.47264576
 Virial ratio                           3.97455567

 !MCSCF STATE 1.7 Dipole moment         0.00000000     0.00000000     0.00000000
 Dipole moment /Debye                   0.00000000     0.00000000     0.00000000

 Results for state 2.7
 =====================

 !MCSCF STATE 2.7 Energy             -103.665040260656
 Nuclear energy                         0.00000000
 Kinetic energy                        34.85059682
 One electron energy                 -180.13768602
 Two electron energy                   76.47264576
 Virial ratio                           3.97455567

 !MCSCF STATE 2.7 Dipole moment         0.00000000     0.00000000     0.00000000
 Dipole moment /Debye                   0.00000000     0.00000000     0.00000000

 Results for state 3.7
 =====================

 !MCSCF STATE 3.7 Energy             -103.608400019193
 Nuclear energy                         0.00000000
 Kinetic energy                        34.85059682
 One electron energy                 -180.13768602
 Two electron energy                   76.52928600
 Virial ratio                           3.97293044

 !MCSCF STATE 3.7 Dipole moment         0.00000000     0.00000000     0.00000000
 Dipole moment /Debye                   0.00000000     0.00000000     0.00000000

 State-averaged charge density matrix saved on record  5202.2 (density set 1)


 NATURAL ORBITALS (state averaged)
 =================================

   Orb     Occ        Energy       Coefficients

                                   1 1s      1 1s      1 1s      1 3d0     1 3d2+    1 3d0     1 3d2+ 

   1.1  2.00000    -4.225788     1.000000  0.000000  0.000000  0.000000  0.000000  0.000000  0.000000

   2.1  2.00000    -0.296846    -0.000000  1.000000 -0.000000  0.000000  0.000000  0.000000  0.000000

   3.1  1.40000    -0.308193     0.000000  0.000000  0.000000  0.000000  1.000000  0.000000 -0.000000

   4.1  1.40000    -0.308193     0.000000  0.000000  0.000000  1.000000  0.000000 -0.000000  0.000000

                                   1 2px     1 2px     1 2px     1 4f1+    1 4f3+ 

   1.2  2.00000    -2.456013     1.000000  0.000001 -0.000000  0.000000  0.000000

                                   1 2py     1 2py     1 2py     1 4f1-    1 4f3- 

   1.3  2.00000    -2.456013     1.000000  0.000001 -0.000000  0.000000  0.000000

                                   1 3d2-    1 3d2- 

   1.4  1.40000    -0.308193     1.000000 -0.000000

                                   1 2pz     1 2pz     1 2pz     1 4f0     1 4f2+ 

   1.5  2.00000    -2.456013     1.000000  0.000001 -0.000000  0.000000  0.000000

                                   1 3d1+    1 3d1+ 

   1.6  1.40000    -0.308193     1.000000 -0.000000

                                   1 3d1-    1 3d1- 

   1.7  1.40000    -0.308193     1.000000 -0.000000
 

 EXTRA SYMMETRY OF MOS IN SYMMETRY 1:   1 1 3 2 1 2 3

 Natural orbital dump (state averaged) at molpro section  5202.2    (Orbital set 2)


 CI vector for state symmetry 1
 ==============================

 22 a a a          1.0000000

 TOTAL ENERGIES                      -103.66504026

 CI vector for state symmetry 2
 ==============================

 a2 2 a a          0.0000000   1.0000000   0.0000000
 aa a 2 2          0.8944272   0.0000000  -0.4472136
 2a 2 a a          0.4472136   0.0000000   0.8944272

 TOTAL ENERGIES                      -103.66504026  -103.66504026  -103.60840002

 CI vector for state symmetry 3
 ==============================

 aa 2 a 2          0.8918754  -0.0675156  -0.4472136
 2a a 2 a          0.2883405   0.8466757   0.4472136
 a2 a 2 a          0.3484510  -0.5278086   0.7745967

 TOTAL ENERGIES                      -103.66504026  -103.66504026  -103.60840002

 CI vector for state symmetry 4
 ==============================

 aa 2 2 a          0.8933629  -0.0436197  -0.4472136
 2a a a 2         -0.1811061   0.8758999  -0.4472136
 a2 a a 2          0.4112217   0.4805172   0.7745967

 TOTAL ENERGIES                      -103.66504026  -103.66504026  -103.60840002



 **********************************************************************************************************************************
 DATASETS  * FILE   NREC   LENGTH (MB)   RECORD NAMES
              1      20       19.97       500      610      700      900      950      970     1003      129      960     1100   
                                          VAR    BASINP    GEOM    SYMINP    ZMAT    AOBASIS   BASIS     P2S    ABASIS      S 
                                         1400     1410     1420     1200     1210     1080     1600     1650     1700     1380   
                                           T        V       ECP      H0       H01     AOSYM     SMH    MOLCAS    OPER     JKOP   

              2      36       68.13       200      700     1000      520     4302     4303     5302     2101     1001     4302   
                                        OPTIONS   GEOM     BASIS   MCVARS     RHF     MCSCF    MCSCF     RHF     BASIS     RHF  
                                         4303     5302     2102     1002     4302     4303     5302     2103     1003     4302   
                                         MCSCF    MCSCF     RHF     BASIS     RHF     MCSCF    MCSCF     RHF     BASIS     RHF  
                                         4303     5302     2104     1004     4302     4303     5302     2105     1005     4302   
                                         MCSCF    MCSCF     RHF     BASIS     RHF     MCSCF    MCSCF     RHF     BASIS     RHF  
                                         4303     5302     2106     4202     4203     5202   
                                         MCSCF    MCSCF     RHF      RHF     MCSCF    MCSCF   

 PROGRAMS   *        TOTAL     MULTI     MULTI       POP       RHF       INT        CI      DATA      DATA      DATA       RHF
 CPU TIMES  *         8.78      0.16      0.12      0.00      0.05      0.74      0.13      0.00      0.00      0.00      0.02
 REAL TIME  *        25.78 SEC
 DISK USED  *         1.31 GB      
 SF USED    *        11.98 MB      
 GA USED    *         0.00 MB       (max)       0.00 MB       (current)
 **********************************************************************************************************************************


 Current variables in basis input:

 Set= 1  F_EXP(1)            =       0.71538325

 PROGRAM * RHF-SCF (OPEN SHELL)       Authors: W. Meyer, H.-J. Werner


 NUMBER OF ELECTRONS:      10+    7-    SPACE SYMMETRY=1    SPIN SYMMETRY: Quartet 
 CONVERGENCE THRESHOLDS:    1.00E-05 (Density)    1.00E-07 (Energy)
 MAX. NUMBER OF ITERATIONS:        0
 INTERPOLATION TYPE:            DIIS
 INTERPOLATION STEPS:              2 (START)      1 (STEP)
 LEVEL SHIFTS:                 -0.60 (CLOSED) -0.30 (OPEN) 

 Number of closed-shell orbitals:    7 (   4   1   1   0   1   0   0   0 )
 Number of open-shell orbitals:      3 (   0   0   0   1   0   1   1   0 )


 Molecular orbitals read from record     5202.2  Type=MCSCF/NATURAL (state averaged)

 Molecular orbital dump at record        2104.2

 ITERATION    DDIFF          GRAD             ENERGY        2-EL.EN.            DIPOLE MOMENTS         DIIS   ORB.
    1      0.000D+00      0.000D+00      -103.66504026    152.945292    0.00000    0.00000    0.00000    0    start

 Final alpha occupancy:   4   1   1   1   1   1   1   0
 Final beta  occupancy:   4   1   1   0   1   0   0   0

 !RHF STATE 1.1 Energy               -103.665040260655
 Nuclear energy                         0.00000000
 One-electron energy                 -180.13768602
 Two-electron energy                   76.47264576
 Virial quotient                       -2.97455567
 !RHF STATE 1.1 Dipole moment           0.00000000     0.00000000     0.00000000
 Dipole moment /Debye                   0.00000000     0.00000000     0.00000000

 ELECTRON ORBITALS
 =================


   Orb  Occ    Energy  Couls-En    Coefficients

                                   1 1s      1 1s      1 1s      1 3d0     1 3d2+    1 3d0     1 3d2+ 

   1.1   2    -4.2258  -18.8559  1.000000  0.000000  0.000000  0.000000  0.000000  0.000000  0.000000

   2.1   2    -0.2968   -6.2598 -0.000000  1.000000 -0.000000  0.000000  0.000000  0.000000  0.000000

   3.1   2    -0.3082   -9.4256  0.000000  0.000000  0.000000  0.000000  1.000000  0.000000 -0.000000

   4.1   2    -0.3082   -9.4256  0.000000  0.000000  0.000000  1.000000  0.000000 -0.000000  0.000000

   5.1   0     0.4967   -5.2138  0.000000 -0.014614  1.000107  0.000000  0.000000  0.000000  0.000000

   6.1   0     0.9446   -5.4358  0.000000  0.000000  0.000000 -0.006330  0.000000  1.000020  0.000000

                                   1 2px     1 2px     1 2px     1 4f1+    1 4f3+ 

   1.2   2    -2.4560  -14.9776  1.000000  0.000001 -0.000000  0.000000  0.000000

   2.2   0     0.1268   -4.9072  0.000001  0.967293 -0.253661  0.000000  0.000000

   3.2   0     1.0894   -5.2391  0.000000  0.253661  0.967293  0.000000  0.000000

                                   1 2py     1 2py     1 2py     1 4f1-    1 4f3- 

   1.3   2    -2.4560  -14.9776  1.000000  0.000001 -0.000000  0.000000  0.000000

   2.3   0     0.1268   -4.9072  0.000001  0.967293 -0.253661  0.000000  0.000000

   3.3   0     1.0894   -5.2391  0.000000  0.253661  0.967293  0.000000  0.000000

                                   1 3d2-    1 3d2- 

   1.4   +    -0.3082   -9.4256  1.000000 -0.000000

   2.4   0     0.9446   -5.4358 -0.006330  1.000020

                                   1 2pz     1 2pz     1 2pz     1 4f0     1 4f2+ 

   1.5   2    -2.4560  -14.9776  1.000000  0.000001 -0.000000  0.000000  0.000000

   2.5   0     0.1268   -4.9072  0.000001  0.967293 -0.253661  0.000000  0.000000

   3.5   0     1.0894   -5.2391  0.000000  0.253661  0.967293  0.000000  0.000000

                                   1 3d1+    1 3d1+ 

   1.6   +    -0.3082   -9.4256  1.000000 -0.000000

   2.6   0     0.9446   -5.4358 -0.006330  1.000020

                                   1 3d1-    1 3d1- 

   1.7   +    -0.3082   -9.4256  1.000000 -0.000000

   2.7   0     0.9446   -5.4358 -0.006330  1.000020

                                   1 4f2- 

   1.8   0     1.8108   -5.2835  1.000000

 HOMO      4.1    -0.308193 =      -8.3864eV
 LUMO      2.2     0.126775 =       3.4497eV
 LUMO-HOMO         0.434968 =      11.8361eV


 **********************************************************************************************************************************
 DATASETS  * FILE   NREC   LENGTH (MB)   RECORD NAMES
              1      20       19.97       500      610      700      900      950      970     1003      129      960     1100   
                                          VAR    BASINP    GEOM    SYMINP    ZMAT    AOBASIS   BASIS     P2S    ABASIS      S 
                                         1400     1410     1420     1200     1210     1080     1600     1650     1700     1380   
                                           T        V       ECP      H0       H01     AOSYM     SMH    MOLCAS    OPER     JKOP   

              2      36       68.13       200      700     1000      520     4302     4303     5302     2101     1001     4302   
                                        OPTIONS   GEOM     BASIS   MCVARS     RHF     MCSCF    MCSCF     RHF     BASIS     RHF  
                                         4303     5302     2102     1002     4302     4303     5302     2103     1003     4302   
                                         MCSCF    MCSCF     RHF     BASIS     RHF     MCSCF    MCSCF     RHF     BASIS     RHF  
                                         4303     5302     2104     1004     4302     4303     5302     2105     1005     4302   
                                         MCSCF    MCSCF     RHF     BASIS     RHF     MCSCF    MCSCF     RHF     BASIS     RHF  
                                         4303     5302     2106     4202     4203     5202   
                                         MCSCF    MCSCF     RHF      RHF     MCSCF    MCSCF   

 PROGRAMS   *        TOTAL       RHF     MULTI     MULTI       POP       RHF       INT        CI      DATA      DATA      DATA
 CPU TIMES  *         8.81      0.03      0.16      0.12      0.00      0.05      0.74      0.13      0.00      0.00      0.00
 REAL TIME  *        25.85 SEC
 DISK USED  *         1.31 GB      
 SF USED    *        11.98 MB      
 GA USED    *         0.00 MB       (max)       0.00 MB       (current)
 **********************************************************************************************************************************

 
 RECORD   4202.2 RENAMED TO   4302.2


 **********************************************************************************************************************************
 DATASETS  * FILE   NREC   LENGTH (MB)   RECORD NAMES
              1      20       19.97       500      610      700      900      950      970     1003      129      960     1100   
                                          VAR    BASINP    GEOM    SYMINP    ZMAT    AOBASIS   BASIS     P2S    ABASIS      S 
                                         1400     1410     1420     1200     1210     1080     1600     1650     1700     1380   
                                           T        V       ECP      H0       H01     AOSYM     SMH    MOLCAS    OPER     JKOP   

              2      36       68.13       200      700     1000      520     4302     4303     5302     2101     1001     4302   
                                        OPTIONS   GEOM     BASIS   MCVARS     RHF     MCSCF    MCSCF     RHF     BASIS     RHF  
                                         4303     5302     2102     1002     4302     4303     5302     2103     1003     4302   
                                         MCSCF    MCSCF     RHF     BASIS     RHF     MCSCF    MCSCF     RHF     BASIS     RHF  
                                         4303     5302     2104     1004     4302     4303     5302     2105     1005     4302   
                                         MCSCF    MCSCF     RHF     BASIS     RHF     MCSCF    MCSCF     RHF     BASIS     RHF  
                                         4303     5302     2106     4302     4203     5202   
                                         MCSCF    MCSCF     RHF      RHF     MCSCF    MCSCF   

 PROGRAMS   *        TOTAL      DATA       RHF     MULTI     MULTI       POP       RHF       INT        CI      DATA      DATA
 CPU TIMES  *         8.81      0.00      0.03      0.16      0.12      0.00      0.05      0.74      0.13      0.00      0.00
 REAL TIME  *        25.86 SEC
 DISK USED  *         1.31 GB      
 SF USED    *        11.98 MB      
 GA USED    *         0.00 MB       (max)       0.00 MB       (current)
 **********************************************************************************************************************************

 
 RECORD   4203.2 RENAMED TO   4303.2


 **********************************************************************************************************************************
 DATASETS  * FILE   NREC   LENGTH (MB)   RECORD NAMES
              1      20       19.97       500      610      700      900      950      970     1003      129      960     1100   
                                          VAR    BASINP    GEOM    SYMINP    ZMAT    AOBASIS   BASIS     P2S    ABASIS      S 
                                         1400     1410     1420     1200     1210     1080     1600     1650     1700     1380   
                                           T        V       ECP      H0       H01     AOSYM     SMH    MOLCAS    OPER     JKOP   

              2      36       68.13       200      700     1000      520     4302     4303     5302     2101     1001     4302   
                                        OPTIONS   GEOM     BASIS   MCVARS     RHF     MCSCF    MCSCF     RHF     BASIS     RHF  
                                         4303     5302     2102     1002     4302     4303     5302     2103     1003     4302   
                                         MCSCF    MCSCF     RHF     BASIS     RHF     MCSCF    MCSCF     RHF     BASIS     RHF  
                                         4303     5302     2104     1004     4302     4303     5302     2105     1005     4302   
                                         MCSCF    MCSCF     RHF     BASIS     RHF     MCSCF    MCSCF     RHF     BASIS     RHF  
                                         4303     5302     2106     4302     4303     5202   
                                         MCSCF    MCSCF     RHF      RHF     MCSCF    MCSCF   

 PROGRAMS   *        TOTAL      DATA      DATA       RHF     MULTI     MULTI       POP       RHF       INT        CI      DATA
 CPU TIMES  *         8.82      0.00      0.00      0.03      0.16      0.12      0.00      0.05      0.74      0.13      0.00
 REAL TIME  *        25.86 SEC
 DISK USED  *         1.31 GB      
 SF USED    *        11.98 MB      
 GA USED    *         0.00 MB       (max)       0.00 MB       (current)
 **********************************************************************************************************************************

 
 RECORD   5202.2 RENAMED TO   5302.2


 **********************************************************************************************************************************
 DATASETS  * FILE   NREC   LENGTH (MB)   RECORD NAMES
              1      20       19.97       500      610      700      900      950      970     1003      129      960     1100   
                                          VAR    BASINP    GEOM    SYMINP    ZMAT    AOBASIS   BASIS     P2S    ABASIS      S 
                                         1400     1410     1420     1200     1210     1080     1600     1650     1700     1380   
                                           T        V       ECP      H0       H01     AOSYM     SMH    MOLCAS    OPER     JKOP   

              2      36       68.13       200      700     1000      520     4302     4303     5302     2101     1001     4302   
                                        OPTIONS   GEOM     BASIS   MCVARS     RHF     MCSCF    MCSCF     RHF     BASIS     RHF  
                                         4303     5302     2102     1002     4302     4303     5302     2103     1003     4302   
                                         MCSCF    MCSCF     RHF     BASIS     RHF     MCSCF    MCSCF     RHF     BASIS     RHF  
                                         4303     5302     2104     1004     4302     4303     5302     2105     1005     4302   
                                         MCSCF    MCSCF     RHF     BASIS     RHF     MCSCF    MCSCF     RHF     BASIS     RHF  
                                         4303     5302     2106     4302     4303     5302   
                                         MCSCF    MCSCF     RHF      RHF     MCSCF    MCSCF   

 PROGRAMS   *        TOTAL      DATA      DATA      DATA       RHF     MULTI     MULTI       POP       RHF       INT        CI
 CPU TIMES  *         8.82      0.00      0.00      0.00      0.03      0.16      0.12      0.00      0.05      0.74      0.13
 REAL TIME  *        25.87 SEC
 DISK USED  *         1.31 GB      
 SF USED    *        11.98 MB      
 GA USED    *         0.00 MB       (max)       0.00 MB       (current)
 **********************************************************************************************************************************


 Current variables in basis input:

 Set= 1  F_EXP(1)            =       0.71538325

 PROGRAM * CI (Multireference internally contracted CI)     Authors: H.-J. Werner, P.J. Knowles, 1987


 Convergence thresholds:  THRVAR = 1.00D-08  THRDEN = 1.00D-06

 Number of optimized states:  1  Roots:   1
 Number of reference states:  1  Roots:   1

 Reference symmetry:                   1   Quartet 
 Number of electrons:                 17
 Maximum number of shells:             3
 Maximum number of spin couplings:    14

 Reference space:        1 conf        1 CSFs
 N elec internal:       19 conf       19 CSFs
 N-1 el internal:       42 conf       78 CSFs
 N-2 el internal:       18 conf       93 CSFs

 Number of electrons in valence space:                      9
 Maximum number of open shell orbitals in reference space:  3
 Maximum number of open shell orbitals in internal spaces:  7


 Number of core orbitals:           4 (   1   1   1   0   1   0   0   0 )
 Number of closed-shell orbitals:   3 (   3   0   0   0   0   0   0   0 )
 Number of active  orbitals:        3 (   0   0   0   1   0   1   1   0 )
 Number of external orbitals:      19 (   3   4   4   1   4   1   1   1 )

 Molecular orbitals read from record     2104.2  Type=RHF/CANONICAL (state 1.1)

 Coulomb and exchange operators available. No transformation done.

 Number of p-space configurations:   1

 Reference wavefunction optimized for reference space (refopt=1)

 State     Reference Energy 
   1        -103.66504026

 Number of blocks in overlap matrix:    30   Smallest eigenvalue:  0.10D+01
 Number of N-2 electron functions:      30
 Number of N-1 electron functions:      78

 Number of internal configurations:                    1
 Number of singly external configurations:           102
 Number of doubly external configurations:           807
 Total number of contracted configurations:          910
 Total number of uncontracted configurations:       2458

 Diagonal Coupling coefficients finished.               Storage:    6176 words, CPU-Time:      0.00 seconds.
 Energy denominators for pairs finished in 1 passes.    Storage:    4168 words, CPU-time:      0.00 seconds.

  ITER. STATE  ROOT     SQ.NORM     CORR.ENERGY   TOTAL ENERGY   ENERGY CHANGE       DEN1      VAR(S)    VAR(P)      TIME
    1     1     1     1.00000000     0.00000000  -103.66504026    -0.00000000    -0.22409263  0.55D-02  0.11D+00     0.05
    2     1     1     1.07359444    -0.18084475  -103.84588501    -0.18084475    -0.00217073  0.87D-03  0.65D-03     0.06
    3     1     1     1.08019967    -0.18340328  -103.84844354    -0.00255853    -0.00007427  0.71D-05  0.35D-04     0.06
    4     1     1     1.08179770    -0.18349000  -103.84853026    -0.00008672    -0.00000145  0.14D-06  0.60D-06     0.07
    5     1     1     1.08175108    -0.18349166  -103.84853193    -0.00000166    -0.00000005  0.69D-08  0.20D-07     0.07
    6     1     1     1.08174617    -0.18349172  -103.84853198    -0.00000005    -0.00000000  0.42D-09  0.72D-09     0.08


 =====================================
 Analysis of CPU times by interactions
 =====================================

       I      S      P

 I  12.5%
 S  12.5%  12.5%
 P   0.0%   0.0%   0.0%

 Initialization:  37.5%
 Other:           25.0%

 Total CPU:        0.1 seconds
 =====================================



 Reference coefficients greater than 0.0500000
 =============================================
 222///           0.9614735

 Coefficients of doubly external configurations greater than 0.0500000
 =====================================================================

 PAIR    I     J   ->   K     L     NP  SYM  REF     COEFFICIENTS

   1    2.1   2.1      2.3   2.3     1   1    1   -0.07357528
   1    2.1   2.1      2.2   2.2     1   1    1   -0.07357528
   1    2.1   2.1      2.5   2.5     1   1    1   -0.07357440



 RESULTS FOR STATE 1.1
 =====================

 Coefficient of reference function:   C(0) = 0.96147350 (fixed)   0.96147350 (relaxed)

 Energy contributions of configuration classes

 CLASS          SQ.NORM        ECORR1        ECORR2
 +++++++++++++++++++++++++++++++++++++++++++++++++++
 Internals    0.00000000    0.00000000    0.00000000
 Singles      0.00591821   -0.00462964   -0.00528406
 Pairs        0.07582796   -0.17886208   -0.17820765
 Total        1.08174617   -0.18349172   -0.18349172
 +++++++++++++++++++++++++++++++++++++++++++++++++++


 Reference energy                    -103.66504026
 Nuclear energy                         0.00000000
 Kinetic energy                        34.83331448
 One electron energy                 -179.93539566
 Two electron energy                   76.08686368
 Virial quotient                       -2.98129918
 Correlation energy                    -0.18349172
 !CI(SD) STATE 1.1 Energy            -103.848531978155

 Properties without orbital relaxation:

 !CI(SD) STATE 1.1 Dipole moment        0.00000000     0.00000000     0.00000000
 Dipole moment /Debye                   0.00000000     0.00000000     0.00000000

 Cluster corrected energies          -103.86353172 (Davidson, fixed reference)
 Cluster corrected energies          -103.86353172 (Davidson, relaxed reference)

 Cluster corrected energies          -103.85879584 (Pople, fixed reference)
 Cluster corrected energies          -103.85879584 (Pople, relaxed reference)



 **********************************************************************************************************************************
 DATASETS  * FILE   NREC   LENGTH (MB)   RECORD NAMES
              1      20       19.97       500      610      700      900      950      970     1003      129      960     1100   
                                          VAR    BASINP    GEOM    SYMINP    ZMAT    AOBASIS   BASIS     P2S    ABASIS      S 
                                         1400     1410     1420     1200     1210     1080     1600     1650     1700     1380   
                                           T        V       ECP      H0       H01     AOSYM     SMH    MOLCAS    OPER     JKOP   

              2      36       68.13       200      700     1000      520     4302     4303     5302     2101     1001     4302   
                                        OPTIONS   GEOM     BASIS   MCVARS     RHF     MCSCF    MCSCF     RHF     BASIS     RHF  
                                         4303     5302     2102     1002     4302     4303     5302     2103     1003     4302   
                                         MCSCF    MCSCF     RHF     BASIS     RHF     MCSCF    MCSCF     RHF     BASIS     RHF  
                                         4303     5302     2104     1004     4302     4303     5302     2105     1005     4302   
                                         MCSCF    MCSCF     RHF     BASIS     RHF     MCSCF    MCSCF     RHF     BASIS     RHF  
                                         4303     5302     2106     4302     4303     5302   
                                         MCSCF    MCSCF     RHF      RHF     MCSCF    MCSCF   

 PROGRAMS   *        TOTAL        CI      DATA      DATA      DATA       RHF     MULTI     MULTI       POP       RHF       INT
 CPU TIMES  *         8.93      0.12      0.00      0.00      0.00      0.03      0.16      0.12      0.00      0.05      0.74
 REAL TIME  *        26.14 SEC
 DISK USED  *         1.31 GB      
 SF USED    *        11.98 MB      
 GA USED    *         0.00 MB       (max)       0.00 MB       (current)
 **********************************************************************************************************************************
 SETTING EVAL           =      -103.84853198  AU                              

 BFGS final minimum    =      -103.848531978       maximum gradient =           -0.29E-05

           variable                 value           gradient
 BFGS       F_PAR(1)                0.715383       -0.0000029


 **********************************************************************************************************************************
 DATASETS  * FILE   NREC   LENGTH (MB)   RECORD NAMES
              1      20       19.97       500      610      700      900      950      970     1003      129      960     1100   
                                          VAR    BASINP    GEOM    SYMINP    ZMAT    AOBASIS   BASIS     P2S    ABASIS      S 
                                         1400     1410     1420     1200     1210     1080     1600     1650     1700     1380   
                                           T        V       ECP      H0       H01     AOSYM     SMH    MOLCAS    OPER     JKOP   

              2      36       68.13       200      700     1000      520     4302     4303     5302     2101     1001     4302   
                                        OPTIONS   GEOM     BASIS   MCVARS     RHF     MCSCF    MCSCF     RHF     BASIS     RHF  
                                         4303     5302     2102     1002     4302     4303     5302     2103     1003     4302   
                                         MCSCF    MCSCF     RHF     BASIS     RHF     MCSCF    MCSCF     RHF     BASIS     RHF  
                                         4303     5302     2104     1004     4302     4303     5302     2105     1005     4302   
                                         MCSCF    MCSCF     RHF     BASIS     RHF     MCSCF    MCSCF     RHF     BASIS     RHF  
                                         4303     5302     2106     4302     4303     5302   
                                         MCSCF    MCSCF     RHF      RHF     MCSCF    MCSCF   

 PROGRAMS   *        TOTAL  MINIMIZE      DATA      DATA      DATA       RHF     MULTI     MULTI       POP       RHF       INT
 CPU TIMES  *         8.94      0.13      0.00      0.00      0.00      0.03      0.16      0.12      0.00      0.05      0.74
 REAL TIME  *        26.15 SEC
 DISK USED  *         1.31 GB      
 SF USED    *        11.98 MB      
 GA USED    *         0.00 MB       (max)       0.00 MB       (current)
 **********************************************************************************************************************************

 MINIMIZE/USERDEF energy=   -103.848531978155

        CI              RHF-SCF         MULTI           MULTI           RHF-SCF         CI              RHF-SCF         MULTI   
   -103.84853198   -103.66504026   -103.60840002   -103.60839493   -103.66716020   -103.84853188   -103.66504026   -103.60840002
 **********************************************************************************************************************************
 Molpro calculation terminated
 Variable memory released
