#-------------------------------------------------
#DMC run: timestep 0.005
#-------------------------------------------------


init { 
   label spin_0.005
}
block { 
   label spin_0.005
   totweight 1740800
   nautocorr 0
   total_energy { -134.4268617631602   } 
   total_energyvar { 1.562640266036914   } 
   weight { 1.031128403667231   } 
   weightvar { 0.04310277573913151   } 
   kinetic_energy { 47.99045755322345   } 
   kinetic_energyvar { 155.488841283608   } 
   potential_energy { -195.7490497868927   } 
   potential_energyvar { 164.8940912582112   } 
   nonlocal_energy { 13.33173047050899   } 
   nonlocal_energyvar { 231.0547574140853   } 
   autocorr_energy { } 
} 

block { 
   label spin_0.005
   totweight 1740800
   nautocorr 0
   total_energy { -134.41913459913   } 
   total_energyvar { 1.553672206378779   } 
   weight { 1.031989327251105   } 
   weightvar { 0.0880220722641423   } 
   kinetic_energy { 48.08955879733498   } 
   kinetic_energyvar { 152.6999180509359   } 
   potential_energy { -195.7958258625415   } 
   potential_energyvar { 163.3574967149587   } 
   nonlocal_energy { 13.28713246607651   } 
   nonlocal_energyvar { 228.2735002002296   } 
   autocorr_energy { } 
} 

block { 
   label spin_0.005
   totweight 1740800
   nautocorr 0
   total_energy { -134.4273383923997   } 
   total_energyvar { 1.560966514950587   } 
   weight { 1.011424627134548   } 
   weightvar { 0.1001470081667837   } 
   kinetic_energy { 48.12969343426582   } 
   kinetic_energyvar { 153.2011394373767   } 
   potential_energy { -195.8093884634204   } 
   potential_energyvar { 164.1443599159833   } 
   nonlocal_energy { 13.2523566367549   } 
   nonlocal_energyvar { 225.6353685591164   } 
   autocorr_energy { } 
} 

block { 
   label spin_0.005
   totweight 1740800
   nautocorr 0
   total_energy { -134.4310878602388   } 
   total_energyvar { 1.553527057301914   } 
   weight { 1.008865939542052   } 
   weightvar { 0.1011146821063268   } 
   kinetic_energy { 48.24481609196658   } 
   kinetic_energyvar { 152.2621453972847   } 
   potential_energy { -195.947916395093   } 
   potential_energyvar { 163.9881492252103   } 
   nonlocal_energy { 13.27201244288763   } 
   nonlocal_energyvar { 226.087626277373   } 
   autocorr_energy { } 
} 

block { 
   label spin_0.005
   totweight 1740800
   nautocorr 0
   total_energy { -134.4274325532589   } 
   total_energyvar { 1.975472546719775   } 
   weight { 1.005415632738602   } 
   weightvar { 0.1006290991058824   } 
   kinetic_energy { 48.2058961928203   } 
   kinetic_energyvar { 153.6383402206501   } 
   potential_energy { -195.9163893354221   } 
   potential_energyvar { 163.1580925185996   } 
   nonlocal_energy { 13.28306058934292   } 
   nonlocal_energyvar { 228.1489262304746   } 
   autocorr_energy { } 
} 

block { 
   label spin_0.005
   totweight 1740800
   nautocorr 0
   total_energy { -134.424115046414   } 
   total_energyvar { 1.710186468632039   } 
   weight { 1.001314639784816   } 
   weightvar { 0.1022975327962749   } 
   kinetic_energy { 48.18030476070398   } 
   kinetic_energyvar { 153.040305445713   } 
   potential_energy { -195.8558660443246   } 
   potential_energyvar { 162.8269411961444   } 
   nonlocal_energy { 13.25144623720657   } 
   nonlocal_energyvar { 227.2205883464064   } 
   autocorr_energy { } 
} 

block { 
   label spin_0.005
   totweight 1740800
   nautocorr 0
   total_energy { -134.4336518147566   } 
   total_energyvar { 2.023177388273045   } 
   weight { 1.001235262377979   } 
   weightvar { 0.103737108962867   } 
   kinetic_energy { 48.24972499598812   } 
   kinetic_energyvar { 152.2984674911532   } 
   potential_energy { -195.9378349819912   } 
   potential_energyvar { 163.1942341545314   } 
   nonlocal_energy { 13.25445817124653   } 
   nonlocal_energyvar { 225.4911267430385   } 
   autocorr_energy { } 
} 

block { 
   label spin_0.005
   totweight 1740800
   nautocorr 0
   total_energy { -134.4270143589506   } 
   total_energyvar { 1.775283364919965   } 
   weight { 1.003553880076714   } 
   weightvar { 0.1030149490151368   } 
   kinetic_energy { 48.16617809413485   } 
   kinetic_energyvar { 154.270418036886   } 
   potential_energy { -195.9092437244773   } 
   potential_energyvar { 163.8665853501385   } 
   nonlocal_energy { 13.31605127139188   } 
   nonlocal_energyvar { 229.5920055828499   } 
   autocorr_energy { } 
} 

block { 
   label spin_0.005
   totweight 1740800
   nautocorr 0
   total_energy { -134.4200665287143   } 
   total_energyvar { 1.561258999717606   } 
   weight { 0.9975370076199608   } 
   weightvar { 0.1042270011368395   } 
   kinetic_energy { 48.16798301878263   } 
   kinetic_energyvar { 154.4444010708103   } 
   potential_energy { -195.927152491624   } 
   potential_energyvar { 166.1355917200229   } 
   nonlocal_energy { 13.33910294412707   } 
   nonlocal_energyvar { 230.1945122842072   } 
   autocorr_energy { } 
} 

block { 
   label spin_0.005
   totweight 1740800
   nautocorr 0
   total_energy { -134.4246324736343   } 
   total_energyvar { 1.562943250789705   } 
   weight { 0.9965898493457498   } 
   weightvar { 0.1032430431711087   } 
   kinetic_energy { 48.29088264184774   } 
   kinetic_energyvar { 153.4998986458593   } 
   potential_energy { -196.0466449386102   } 
   potential_energyvar { 163.7638557198988   } 
   nonlocal_energy { 13.33112982312814   } 
   nonlocal_energyvar { 229.4377088682533   } 
   autocorr_energy { } 
} 

block { 
   label spin_0.005
   totweight 1740800
   nautocorr 0
   total_energy { -134.4147992141263   } 
   total_energyvar { 3.0286755426341   } 
   weight { 0.994613093877729   } 
   weightvar { 0.1031152594469323   } 
   kinetic_energy { 48.37159629754167   } 
   kinetic_energyvar { 154.5773951320411   } 
   potential_energy { -196.1942243768731   } 
   potential_energyvar { 163.5974753166246   } 
   nonlocal_energy { 13.4078288652051   } 
   nonlocal_energyvar { 232.0231742906502   } 
   autocorr_energy { } 
} 

block { 
   label spin_0.005
   totweight 1740800
   nautocorr 0
   total_energy { -134.4239082311634   } 
   total_energyvar { 1.58267437321858   } 
   weight { 0.9942887936732396   } 
   weightvar { 0.1054047194558441   } 
   kinetic_energy { 48.27199281477217   } 
   kinetic_energyvar { 155.0902402527323   } 
   potential_energy { -196.0123259837395   } 
   potential_energyvar { 164.0195467687113   } 
   nonlocal_energy { 13.31642493780398   } 
   nonlocal_energyvar { 228.6232884425422   } 
   autocorr_energy { } 
} 

block { 
   label spin_0.005
   totweight 1740800
   nautocorr 0
   total_energy { -134.4212394659275   } 
   total_energyvar { 1.561390874719797   } 
   weight { 0.9949110428948482   } 
   weightvar { 0.1050903395175995   } 
   kinetic_energy { 48.06741989150278   } 
   kinetic_energyvar { 153.6761947338743   } 
   potential_energy { -195.8451647321297   } 
   potential_energyvar { 164.2504219898276   } 
   nonlocal_energy { 13.35650537469941   } 
   nonlocal_energyvar { 230.1720013302622   } 
   autocorr_energy { } 
} 

block { 
   label spin_0.005
   totweight 1740800
   nautocorr 0
   total_energy { -134.426770426604   } 
   total_energyvar { 1.539362007055045   } 
   weight { 0.9978929103303059   } 
   weightvar { 0.1042809656372827   } 
   kinetic_energy { 48.25584820562798   } 
   kinetic_energyvar { 151.6977295721632   } 
   potential_energy { -195.9769229324469   } 
   potential_energyvar { 163.2914477072472   } 
   nonlocal_energy { 13.29430430021492   } 
   nonlocal_energyvar { 224.4250290172802   } 
   autocorr_energy { } 
} 

