#-------------------------------------------------
#DMC run: timestep 0.001
#-------------------------------------------------


init { 
   label spin_0.005
}
block { 
   label spin_0.005
   totweight 819200
   nautocorr 0
   total_energy { -55.35061588505507   } 
   total_energyvar { 1.331504911878142   } 
   weight { 0.984230923426876   } 
   weightvar { 0.007837511884698554   } 
   kinetic_energy { 13.2294912487515   } 
   kinetic_energyvar { 56.63970486762729   } 
   potential_energy { -80.13091972436096   } 
   potential_energyvar { 104.4421277787779   } 
   nonlocal_energy { 11.55081259055438   } 
   nonlocal_energyvar { 159.1590111736162   } 
   autocorr_energy { } 
} 

block { 
   label spin_0.005
   totweight 819200
   nautocorr 0
   total_energy { -55.40223466637514   } 
   total_energyvar { 1.03685960002454   } 
   weight { 0.9771496153086544   } 
   weightvar { 0.02866076138754107   } 
   kinetic_energy { 13.99580532401581   } 
   kinetic_energyvar { 45.62663681789818   } 
   potential_energy { -78.89524153737193   } 
   potential_energyvar { 98.49990441528294   } 
   nonlocal_energy { 9.497201546980975   } 
   nonlocal_energyvar { 110.760004637144   } 
   autocorr_energy { } 
} 

block { 
   label spin_0.005
   totweight 819200
   nautocorr 0
   total_energy { -55.42158366702178   } 
   total_energyvar { 0.9323068639628119   } 
   weight { 0.9903364470006544   } 
   weightvar { 0.04480346353649419   } 
   kinetic_energy { 14.38112328708915   } 
   kinetic_energyvar { 45.57748237765846   } 
   potential_energy { -79.31619495858412   } 
   potential_energyvar { 101.4543431384333   } 
   nonlocal_energy { 9.513488004473192   } 
   nonlocal_energyvar { 114.1038264398069   } 
   autocorr_energy { } 
} 

block { 
   label spin_0.005
   totweight 819200
   nautocorr 0
   total_energy { -55.39358077962616   } 
   total_energyvar { 0.6041798725909311   } 
   weight { 0.9957950116176006   } 
   weightvar { 0.05632488723229435   } 
   kinetic_energy { 14.60578922324287   } 
   kinetic_energyvar { 44.69027898259988   } 
   potential_energy { -79.52215427976196   } 
   potential_energyvar { 96.89510748867404   } 
   nonlocal_energy { 9.522784276892921   } 
   nonlocal_energyvar { 109.4350223219931   } 
   autocorr_energy { } 
} 

block { 
   label spin_0.005
   totweight 819200
   nautocorr 0
   total_energy { -55.39358976933104   } 
   total_energyvar { 0.6117426401311717   } 
   weight { 0.9972321398117009   } 
   weightvar { 0.06688709640902196   } 
   kinetic_energy { 14.65163801575715   } 
   kinetic_energyvar { 47.29413824396896   } 
   potential_energy { -79.87287943987532   } 
   potential_energyvar { 98.12932516980855   } 
   nonlocal_energy { 9.827651654787127   } 
   nonlocal_energyvar { 121.11997741023   } 
   autocorr_energy { } 
} 

block { 
   label spin_0.005
   totweight 819200
   nautocorr 0
   total_energy { -55.38251500535696   } 
   total_energyvar { 0.6345449957356164   } 
   weight { 0.9964780632645899   } 
   weightvar { 0.07689682444325284   } 
   kinetic_energy { 14.73733905146283   } 
   kinetic_energyvar { 46.37660641354142   } 
   potential_energy { -79.88011487137621   } 
   potential_energyvar { 99.37334983406231   } 
   nonlocal_energy { 9.760260814556416   } 
   nonlocal_energyvar { 118.7852700684549   } 
   autocorr_energy { } 
} 

block { 
   label spin_0.005
   totweight 819200
   nautocorr 0
   total_energy { -55.38933535968827   } 
   total_energyvar { 0.6072126583648679   } 
   weight { 0.9951565873581707   } 
   weightvar { 0.08311144212081635   } 
   kinetic_energy { 14.75842775577757   } 
   kinetic_energyvar { 44.84047618363956   } 
   potential_energy { -79.76680775569609   } 
   potential_energyvar { 96.43027193305014   } 
   nonlocal_energy { 9.619044640230245   } 
   nonlocal_energyvar { 112.2434438640414   } 
   autocorr_energy { } 
} 

block { 
   label spin_0.005
   totweight 819200
   nautocorr 0
   total_energy { -55.39195138898675   } 
   total_energyvar { 0.531537865148923   } 
   weight { 0.9948673405277075   } 
   weightvar { 0.08702108532326504   } 
   kinetic_energy { 14.90154429625596   } 
   kinetic_energyvar { 44.58050522588467   } 
   potential_energy { -79.88939487676353   } 
   potential_energyvar { 99.25508559320096   } 
   nonlocal_energy { 9.595899191520804   } 
   nonlocal_energyvar { 113.7816152543814   } 
   autocorr_energy { } 
} 

block { 
   label spin_0.005
   totweight 819200
   nautocorr 0
   total_energy { -55.40006037837588   } 
   total_energyvar { 0.5050781324092851   } 
   weight { 0.9956364720061489   } 
   weightvar { 0.08956380873704614   } 
   kinetic_energy { 14.80369602496618   } 
   kinetic_energyvar { 45.69789696675016   } 
   potential_energy { -80.05946788723043   } 
   potential_energyvar { 99.92559290939427   } 
   nonlocal_energy { 9.85571148388839   } 
   nonlocal_energyvar { 119.1742864466674   } 
   autocorr_energy { } 
} 

block { 
   label spin_0.005
   totweight 819200
   nautocorr 0
   total_energy { -55.39036947785625   } 
   total_energyvar { 0.5178535763230099   } 
   weight { 0.9966640497665179   } 
   weightvar { 0.09032058343632041   } 
   kinetic_energy { 14.89408119303991   } 
   kinetic_energyvar { 42.97990291121661   } 
   potential_energy { -79.77243727710783   } 
   potential_energyvar { 99.03696852580805   } 
   nonlocal_energy { 9.487986606211676   } 
   nonlocal_energyvar { 110.4890606036555   } 
   autocorr_energy { } 
} 

block { 
   label spin_0.005
   totweight 819200
   nautocorr 0
   total_energy { -55.38016122087596   } 
   total_energyvar { 0.8055845454735671   } 
   weight { 0.9950029296029038   } 
   weightvar { 0.09272937638091533   } 
   kinetic_energy { 14.81882589704635   } 
   kinetic_energyvar { 44.50073624371029   } 
   potential_energy { -79.83531591449777   } 
   potential_energyvar { 99.52365315666103   } 
   nonlocal_energy { 9.636328796575448   } 
   nonlocal_energyvar { 115.884564126426   } 
   autocorr_energy { } 
} 

block { 
   label spin_0.005
   totweight 819200
   nautocorr 0
   total_energy { -55.37514008391122   } 
   total_energyvar { 0.5114575458593615   } 
   weight { 0.992795738170503   } 
   weightvar { 0.09493029996211613   } 
   kinetic_energy { 14.91506683229418   } 
   kinetic_energyvar { 44.23489569569023   } 
   potential_energy { -79.93088906269426   } 
   potential_energyvar { 94.61664147574197   } 
   nonlocal_energy { 9.640682146488878   } 
   nonlocal_energyvar { 112.6458474417749   } 
   autocorr_energy { } 
} 

block { 
   label spin_0.005
   totweight 819200
   nautocorr 0
   total_energy { -55.37677659438045   } 
   total_energyvar { 0.5386606223104738   } 
   weight { 0.9904723574573326   } 
   weightvar { 0.09756862377768567   } 
   kinetic_energy { 14.94608946170239   } 
   kinetic_energyvar { 44.66284875428315   } 
   potential_energy { -80.11076557659071   } 
   potential_energyvar { 97.80032662200672   } 
   nonlocal_energy { 9.787899520507851   } 
   nonlocal_energyvar { 115.7828624601563   } 
   autocorr_energy { } 
} 

block { 
   label spin_0.005
   totweight 819200
   nautocorr 0
   total_energy { -55.37274229428186   } 
   total_energyvar { 0.5420974044842256   } 
   weight { 0.9890531975687976   } 
   weightvar { 0.09838261144471785   } 
   kinetic_energy { 14.84582742122118   } 
   kinetic_energyvar { 45.96435267736211   } 
   potential_energy { -80.11351210392277   } 
   potential_energyvar { 101.0655562176914   } 
   nonlocal_energy { 9.894942388419736   } 
   nonlocal_energyvar { 120.2341560675713   } 
   autocorr_energy { } 
} 

block { 
   label spin_0.005
   totweight 819200
   nautocorr 0
   total_energy { -55.38641016635844   } 
   total_energyvar { 0.5808970803603372   } 
   weight { 0.9892557877776232   } 
   weightvar { 0.09808799674961631   } 
   kinetic_energy { 14.89718905914728   } 
   kinetic_energyvar { 44.19357951048496   } 
   potential_energy { -80.03875819134049   } 
   potential_energyvar { 101.2359657907745   } 
   nonlocal_energy { 9.755158965834775   } 
   nonlocal_energyvar { 115.0946443644171   } 
   autocorr_energy { } 
} 

