#-------------------------------------------------
#VMC run: timestep 1.6 nconfig 2176 steps 40
#-------------------------------------------------


init { 
   label vmc
}
block { 
   label vmc
   totweight 87040
   nautocorr 0
   total_energy { -3.894861620984245   } 
   total_energyvar { 0.2420073582263409   } 
   weight { 1   } 
   weightvar { 1.776356839400247e-15   } 
   kinetic_energy { 1.353552243796761   } 
   kinetic_energyvar { 2.05191251998994   } 
   potential_energy { -5.375682953205308   } 
   potential_energyvar { 1.163136513944425   } 
   nonlocal_energy { 0.1272690884243021   } 
   nonlocal_energyvar { 2.513823888510248   } 
   autocorr_energy { } 
} 

block { 
   label vmc
   totweight 87040
   nautocorr 0
   total_energy { -3.892872885929016   } 
   total_energyvar { 0.2010639548485604   } 
   weight { 1   } 
   weightvar { 1.776356839400247e-15   } 
   kinetic_energy { 1.335362961963679   } 
   kinetic_energyvar { 2.146371208877086   } 
   potential_energy { -5.360006243842595   } 
   potential_energyvar { 1.147480720267681   } 
   nonlocal_energy { 0.1317703959498994   } 
   nonlocal_energyvar { 2.615438980062416   } 
   autocorr_energy { } 
} 

block { 
   label vmc
   totweight 87040
   nautocorr 0
   total_energy { -3.898477350332967   } 
   total_energyvar { 0.1819629382914976   } 
   weight { 1   } 
   weightvar { 1.776356839400247e-15   } 
   kinetic_energy { 1.339223632025419   } 
   kinetic_energyvar { 2.25094794393122   } 
   potential_energy { -5.363069628231546   } 
   potential_energyvar { 1.127024545892127   } 
   nonlocal_energy { 0.125368645873159   } 
   nonlocal_energyvar { 2.517802535814061   } 
   autocorr_energy { } 
} 

block { 
   label vmc
   totweight 87040
   nautocorr 0
   total_energy { -3.897386367647772   } 
   total_energyvar { 0.3117605713528536   } 
   weight { 1   } 
   weightvar { 1.776356839400247e-15   } 
   kinetic_energy { 1.355670654427713   } 
   kinetic_energyvar { 2.471843912842568   } 
   potential_energy { -5.374204277273815   } 
   potential_energyvar { 1.159353896763097   } 
   nonlocal_energy { 0.1211472551983299   } 
   nonlocal_energyvar { 2.781884845119877   } 
   autocorr_energy { } 
} 

block { 
   label vmc
   totweight 87040
   nautocorr 0
   total_energy { -3.894670709518275   } 
   total_energyvar { 0.2187559551429259   } 
   weight { 1   } 
   weightvar { 1.776356839400247e-15   } 
   kinetic_energy { 1.36166919987662   } 
   kinetic_energyvar { 1.997449612970627   } 
   potential_energy { -5.368928093991032   } 
   potential_energyvar { 1.165286546566056   } 
   nonlocal_energy { 0.112588184596136   } 
   nonlocal_energyvar { 2.305071016687795   } 
   autocorr_energy { } 
} 

block { 
   label vmc
   totweight 87040
   nautocorr 0
   total_energy { -3.895688722339133   } 
   total_energyvar { 0.1979315562163307   } 
   weight { 1   } 
   weightvar { 1.776356839400247e-15   } 
   kinetic_energy { 1.351272701974171   } 
   kinetic_energyvar { 2.119116904241252   } 
   potential_energy { -5.363691198456766   } 
   potential_energyvar { 1.146074348126825   } 
   nonlocal_energy { 0.1167297741434614   } 
   nonlocal_energyvar { 2.454899915427139   } 
   autocorr_energy { } 
} 

block { 
   label vmc
   totweight 87040
   nautocorr 0
   total_energy { -3.896566679953747   } 
   total_energyvar { 0.1687904097928349   } 
   weight { 1   } 
   weightvar { 1.776356839400247e-15   } 
   kinetic_energy { 1.351964746934148   } 
   kinetic_energyvar { 2.018981134066192   } 
   potential_energy { -5.370707113196501   } 
   potential_energyvar { 1.150619511185591   } 
   nonlocal_energy { 0.122175686308606   } 
   nonlocal_energyvar { 2.27116636009723   } 
   autocorr_energy { } 
} 

block { 
   label vmc
   totweight 87040
   nautocorr 0
   total_energy { -3.893087649070417   } 
   total_energyvar { 0.2142133410053294   } 
   weight { 1   } 
   weightvar { 1.776356839400247e-15   } 
   kinetic_energy { 1.349441189629856   } 
   kinetic_energyvar { 2.047063753291808   } 
   potential_energy { -5.354695112922271   } 
   potential_energyvar { 1.145719808080919   } 
   nonlocal_energy { 0.1121662742219975   } 
   nonlocal_energyvar { 2.410636196325382   } 
   autocorr_energy { } 
} 

block { 
   label vmc
   totweight 87040
   nautocorr 0
   total_energy { -3.895179039507958   } 
   total_energyvar { 0.2145990719555649   } 
   weight { 1   } 
   weightvar { 1.776356839400247e-15   } 
   kinetic_energy { 1.349210349502192   } 
   kinetic_energyvar { 2.133930371533395   } 
   potential_energy { -5.368109914821039   } 
   potential_energyvar { 1.142664995837148   } 
   nonlocal_energy { 0.1237205258108906   } 
   nonlocal_energyvar { 2.520665549706453   } 
   autocorr_energy { } 
} 

block { 
   label vmc
   totweight 87040
   nautocorr 0
   total_energy { -3.896021284003423   } 
   total_energyvar { 0.248387289349926   } 
   weight { 1   } 
   weightvar { 1.776356839400247e-15   } 
   kinetic_energy { 1.34991183381408   } 
   kinetic_energyvar { 2.240809802562588   } 
   potential_energy { -5.367751693366886   } 
   potential_energyvar { 1.155501898171954   } 
   nonlocal_energy { 0.1218185755493828   } 
   nonlocal_energyvar { 2.672755038905745   } 
   autocorr_energy { } 
} 

block { 
   label vmc
   totweight 87040
   nautocorr 0
   total_energy { -3.891673569381638   } 
   total_energyvar { 0.2517898250912858   } 
   weight { 1   } 
   weightvar { 1.776356839400247e-15   } 
   kinetic_energy { 1.354323910737864   } 
   kinetic_energyvar { 1.967826051404033   } 
   potential_energy { -5.369858853841779   } 
   potential_energyvar { 1.166452643559041   } 
   nonlocal_energy { 0.1238613737222782   } 
   nonlocal_energyvar { 2.413900903609626   } 
   autocorr_energy { } 
} 

block { 
   label vmc
   totweight 87040
   nautocorr 0
   total_energy { -3.892598490379074   } 
   total_energyvar { 0.2092458215070692   } 
   weight { 1   } 
   weightvar { 1.776356839400247e-15   } 
   kinetic_energy { 1.35585552238282   } 
   kinetic_energyvar { 2.099809926886242   } 
   potential_energy { -5.373358903615896   } 
   potential_energyvar { 1.144012870888875   } 
   nonlocal_energy { 0.1249048908540015   } 
   nonlocal_energyvar { 2.578067181309558   } 
   autocorr_energy { } 
} 

block { 
   label vmc
   totweight 87040
   nautocorr 0
   total_energy { -3.894132431696847   } 
   total_energyvar { 0.2618545893022443   } 
   weight { 1   } 
   weightvar { 1.776356839400247e-15   } 
   kinetic_energy { 1.352814661775261   } 
   kinetic_energyvar { 2.135764083370061   } 
   potential_energy { -5.370605021257495   } 
   potential_energyvar { 1.16371084307534   } 
   nonlocal_energy { 0.1236579277853863   } 
   nonlocal_energyvar { 2.481742066600739   } 
   autocorr_energy { } 
} 

block { 
   label vmc
   totweight 87040
   nautocorr 0
   total_energy { -3.89673513438596   } 
   total_energyvar { 0.1987812153280165   } 
   weight { 1   } 
   weightvar { 1.776356839400247e-15   } 
   kinetic_energy { 1.351974762433893   } 
   kinetic_energyvar { 2.092035658023209   } 
   potential_energy { -5.375777242526772   } 
   potential_energyvar { 1.174445538612378   } 
   nonlocal_energy { 0.1270673457069191   } 
   nonlocal_energyvar { 2.394507017989017   } 
   autocorr_energy { } 
} 

block { 
   label vmc
   totweight 87040
   nautocorr 0
   total_energy { -3.896746951836446   } 
   total_energyvar { 0.1962855021236868   } 
   weight { 1   } 
   weightvar { 1.776356839400247e-15   } 
   kinetic_energy { 1.362815796138849   } 
   kinetic_energyvar { 2.01059015448901   } 
   potential_energy { -5.371520489069321   } 
   potential_energyvar { 1.143911044496892   } 
   nonlocal_energy { 0.111957741094027   } 
   nonlocal_energyvar { 2.304174289056981   } 
   autocorr_energy { } 
} 

block { 
   label vmc
   totweight 87040
   nautocorr 0
   total_energy { -3.899989845232311   } 
   total_energyvar { 0.1857000441693983   } 
   weight { 1   } 
   weightvar { 1.776356839400247e-15   } 
   kinetic_energy { 1.363953981530089   } 
   kinetic_energyvar { 2.031828415839956   } 
   potential_energy { -5.373784547959018   } 
   potential_energyvar { 1.146889320394331   } 
   nonlocal_energy { 0.10984072119662   } 
   nonlocal_energyvar { 2.27631633090155   } 
   autocorr_energy { } 
} 

block { 
   label vmc
   totweight 87040
   nautocorr 0
   total_energy { -3.893362554460845   } 
   total_energyvar { 0.266191518047506   } 
   weight { 1   } 
   weightvar { 1.776356839400247e-15   } 
   kinetic_energy { 1.347887804417183   } 
   kinetic_energyvar { 2.123391416134721   } 
   potential_energy { -5.374802909511181   } 
   potential_energyvar { 1.154461118888624   } 
   nonlocal_energy { 0.1335525506331513   } 
   nonlocal_energyvar { 2.757871743770467   } 
   autocorr_energy { } 
} 

block { 
   label vmc
   totweight 87040
   nautocorr 0
   total_energy { -3.897267574962392   } 
   total_energyvar { 0.191232476439938   } 
   weight { 1   } 
   weightvar { 1.776356839400247e-15   } 
   kinetic_energy { 1.339825029269085   } 
   kinetic_energyvar { 2.304441382204075   } 
   potential_energy { -5.366862770558876   } 
   potential_energyvar { 1.141834888281859   } 
   nonlocal_energy { 0.1297701663273998   } 
   nonlocal_energyvar { 2.608630588332119   } 
   autocorr_energy { } 
} 

block { 
   label vmc
   totweight 87040
   nautocorr 0
   total_energy { -3.899941082954325   } 
   total_energyvar { 0.192906161365121   } 
   weight { 1   } 
   weightvar { 1.776356839400247e-15   } 
   kinetic_energy { 1.342433112425384   } 
   kinetic_energyvar { 2.293825422377283   } 
   potential_energy { -5.364829922158454   } 
   potential_energyvar { 1.140787280363376   } 
   nonlocal_energy { 0.1224557267787466   } 
   nonlocal_energyvar { 2.547013375454815   } 
   autocorr_energy { } 
} 

block { 
   label vmc
   totweight 87040
   nautocorr 0
   total_energy { -3.896637308951575   } 
   total_energyvar { 0.1762283065472051   } 
   weight { 1   } 
   weightvar { 1.776356839400247e-15   } 
   kinetic_energy { 1.35846498092951   } 
   kinetic_energyvar { 2.066867240920513   } 
   potential_energy { -5.362808857753254   } 
   potential_energyvar { 1.130101502105364   } 
   nonlocal_energy { 0.1077065678721687   } 
   nonlocal_energyvar { 2.402203405911598   } 
   autocorr_energy { } 
} 

block { 
   label vmc
   totweight 87040
   nautocorr 0
   total_energy { -3.896934630974749   } 
   total_energyvar { 0.1939243256944574   } 
   weight { 1   } 
   weightvar { 1.776356839400247e-15   } 
   kinetic_energy { 1.349122248657942   } 
   kinetic_energyvar { 2.055759870316494   } 
   potential_energy { -5.366236707164311   } 
   potential_energyvar { 1.156360682864165   } 
   nonlocal_energy { 0.1201798275316214   } 
   nonlocal_energyvar { 2.355651961064578   } 
   autocorr_energy { } 
} 

block { 
   label vmc
   totweight 87040
   nautocorr 0
   total_energy { -3.895926926117737   } 
   total_energyvar { 0.1723877816194293   } 
   weight { 1   } 
   weightvar { 1.776356839400247e-15   } 
   kinetic_energy { 1.327173062251059   } 
   kinetic_energyvar { 2.155993111925056   } 
   potential_energy { -5.365369689443368   } 
   potential_energyvar { 1.157530422272083   } 
   nonlocal_energy { 0.1422697010745711   } 
   nonlocal_energyvar { 2.575465570482426   } 
   autocorr_energy { } 
} 

block { 
   label vmc
   totweight 87040
   nautocorr 0
   total_energy { -3.900291387111592   } 
   total_energyvar { 0.1942371198579473   } 
   weight { 1   } 
   weightvar { 1.776356839400247e-15   } 
   kinetic_energy { 1.352270855508801   } 
   kinetic_energyvar { 2.167469091381921   } 
   potential_energy { -5.365672303785901   } 
   potential_energyvar { 1.141781134263345   } 
   nonlocal_energy { 0.1131100611655076   } 
   nonlocal_energyvar { 2.455654780253502   } 
   autocorr_energy { } 
} 

block { 
   label vmc
   totweight 87040
   nautocorr 0
   total_energy { -3.895445684951472   } 
   total_energyvar { 0.1884137329287732   } 
   weight { 1   } 
   weightvar { 1.776356839400247e-15   } 
   kinetic_energy { 1.367703947929564   } 
   kinetic_energyvar { 2.08258030679191   } 
   potential_energy { -5.36938674073083   } 
   potential_energyvar { 1.122824085216206   } 
   nonlocal_energy { 0.106237107849793   } 
   nonlocal_energyvar { 2.371503056322716   } 
   autocorr_energy { } 
} 

block { 
   label vmc
   totweight 87040
   nautocorr 0
   total_energy { -3.896174614529947   } 
   total_energyvar { 0.2213004944163159   } 
   weight { 1   } 
   weightvar { 1.776356839400247e-15   } 
   kinetic_energy { 1.354765163896465   } 
   kinetic_energyvar { 2.040804220293702   } 
   potential_energy { -5.361045234202242   } 
   potential_energyvar { 1.159488235127272   } 
   nonlocal_energy { 0.1101054557758309   } 
   nonlocal_energyvar { 2.386787663177798   } 
   autocorr_energy { } 
} 

block { 
   label vmc
   totweight 87040
   nautocorr 0
   total_energy { -3.896077979633626   } 
   total_energyvar { 0.1850625285502267   } 
   weight { 1   } 
   weightvar { 1.776356839400247e-15   } 
   kinetic_energy { 1.34364838737136   } 
   kinetic_energyvar { 2.195272556698821   } 
   potential_energy { -5.364971871442015   } 
   potential_energyvar { 1.149629974032653   } 
   nonlocal_energy { 0.1252455044370292   } 
   nonlocal_energyvar { 2.516480350961833   } 
   autocorr_energy { } 
} 

block { 
   label vmc
   totweight 87040
   nautocorr 0
   total_energy { -3.895180034714253   } 
   total_energyvar { 0.2330457400025364   } 
   weight { 1   } 
   weightvar { 1.776356839400247e-15   } 
   kinetic_energy { 1.346680650202456   } 
   kinetic_energyvar { 2.237611073915968   } 
   potential_energy { -5.362214233759756   } 
   potential_energyvar { 1.144718218880604   } 
   nonlocal_energy { 0.1203535488430481   } 
   nonlocal_energyvar { 2.693085936906215   } 
   autocorr_energy { } 
} 

block { 
   label vmc
   totweight 87040
   nautocorr 0
   total_energy { -3.895368087157966   } 
   total_energyvar { 0.2163119520821308   } 
   weight { 1   } 
   weightvar { 1.776356839400247e-15   } 
   kinetic_energy { 1.345712905474908   } 
   kinetic_energyvar { 2.067958979603114   } 
   potential_energy { -5.362338900744378   } 
   potential_energyvar { 1.151238184228379   } 
   nonlocal_energy { 0.1212579081115035   } 
   nonlocal_energyvar { 2.499026115412865   } 
   autocorr_energy { } 
} 

block { 
   label vmc
   totweight 87040
   nautocorr 0
   total_energy { -3.89544358518105   } 
   total_energyvar { 0.2037625122585108   } 
   weight { 1   } 
   weightvar { 1.776356839400247e-15   } 
   kinetic_energy { 1.354477785631396   } 
   kinetic_energyvar { 2.013361078021521   } 
   potential_energy { -5.36573742525736   } 
   potential_energyvar { 1.152232851299185   } 
   nonlocal_energy { 0.1158160544449148   } 
   nonlocal_energyvar { 2.419380914393031   } 
   autocorr_energy { } 
} 

block { 
   label vmc
   totweight 87040
   nautocorr 0
   total_energy { -3.896387964986356   } 
   total_energyvar { 0.2118874577848257   } 
   weight { 1   } 
   weightvar { 1.776356839400247e-15   } 
   kinetic_energy { 1.34970431462666   } 
   kinetic_energyvar { 2.097980126728356   } 
   potential_energy { -5.362307932423646   } 
   potential_energyvar { 1.141049681780591   } 
   nonlocal_energy { 0.1162156528106304   } 
   nonlocal_energyvar { 2.39282406152814   } 
   autocorr_energy { } 
} 

