#-------------------------------------------------
#VMC run: timestep 1.6 nconfig 1024 steps 30
#-------------------------------------------------


init { 
   label vmc
}
block { 
   label vmc
   totweight 30720
   nautocorr 0
   total_energy { -3.937867241797988   } 
   total_energyvar { 0.09012412006038514   } 
   weight { 1   } 
   weightvar { 0   } 
   kinetic_energy { 1.393647912304815   } 
   kinetic_energyvar { 2.273883471823117   } 
   potential_energy { -5.443011665288387   } 
   potential_energyvar { 1.045772948193608   } 
   nonlocal_energy { 0.1114965111855852   } 
   nonlocal_energyvar { 2.367293935686138   } 
   autocorr_energy { } 
} 

block { 
   label vmc
   totweight 30720
   nautocorr 0
   total_energy { -3.932495884403198   } 
   total_energyvar { 0.2012436957403133   } 
   weight { 1   } 
   weightvar { 0   } 
   kinetic_energy { 1.394984826592067   } 
   kinetic_energyvar { 2.252943775173367   } 
   potential_energy { -5.45759277430331   } 
   potential_energyvar { 1.048931739761699   } 
   nonlocal_energy { 0.1301120633080448   } 
   nonlocal_energyvar { 2.769514053032069   } 
   autocorr_energy { } 
} 

block { 
   label vmc
   totweight 30720
   nautocorr 0
   total_energy { -3.932915259392453   } 
   total_energyvar { 0.1680966908678096   } 
   weight { 1   } 
   weightvar { 0   } 
   kinetic_energy { 1.365704984796047   } 
   kinetic_energyvar { 2.345853009094575   } 
   potential_energy { -5.45884309420627   } 
   potential_energyvar { 1.064432351416539   } 
   nonlocal_energy { 0.1602228500177706   } 
   nonlocal_energyvar { 2.881590258102486   } 
   autocorr_energy { } 
} 

block { 
   label vmc
   totweight 30720
   nautocorr 0
   total_energy { -3.932448077603944   } 
   total_energyvar { 0.1086351405971371   } 
   weight { 1   } 
   weightvar { 0   } 
   kinetic_energy { 1.371684842192482   } 
   kinetic_energyvar { 2.377795097378001   } 
   potential_energy { -5.455822436243784   } 
   potential_energyvar { 1.066963362087381   } 
   nonlocal_energy { 0.1516895164473576   } 
   nonlocal_energyvar { 2.858127315660678   } 
   autocorr_energy { } 
} 

block { 
   label vmc
   totweight 30720
   nautocorr 0
   total_energy { -3.934825061781209   } 
   total_energyvar { 0.07854884965976035   } 
   weight { 1   } 
   weightvar { 0   } 
   kinetic_energy { 1.392356805183081   } 
   kinetic_energyvar { 2.101091654540768   } 
   potential_energy { -5.458232114888566   } 
   potential_energyvar { 1.060049783764125   } 
   nonlocal_energy { 0.131050247924277   } 
   nonlocal_energyvar { 2.400811564985175   } 
   autocorr_energy { } 
} 

block { 
   label vmc
   totweight 30720
   nautocorr 0
   total_energy { -3.934324470873455   } 
   total_energyvar { 0.1487879093503358   } 
   weight { 1   } 
   weightvar { 0   } 
   kinetic_energy { 1.387333469463731   } 
   kinetic_energyvar { 2.153746995075398   } 
   potential_energy { -5.438611708157323   } 
   potential_energyvar { 1.04453327478528   } 
   nonlocal_energy { 0.116953767820136   } 
   nonlocal_energyvar { 2.617256170044413   } 
   autocorr_energy { } 
} 

block { 
   label vmc
   totweight 30720
   nautocorr 0
   total_energy { -3.931426204811186   } 
   total_energyvar { 0.07885063908461552   } 
   weight { 1   } 
   weightvar { 0   } 
   kinetic_energy { 1.382961250246589   } 
   kinetic_energyvar { 2.147519746982442   } 
   potential_energy { -5.453942252878416   } 
   potential_energyvar { 1.054711912723623   } 
   nonlocal_energy { 0.1395547978206401   } 
   nonlocal_energyvar { 2.43936095895795   } 
   autocorr_energy { } 
} 

block { 
   label vmc
   totweight 30720
   nautocorr 0
   total_energy { -3.934887298842377   } 
   total_energyvar { 0.09694799636835139   } 
   weight { 1   } 
   weightvar { 0   } 
   kinetic_energy { 1.345361642588063   } 
   kinetic_energyvar { 2.717066801552522   } 
   potential_energy { -5.443798586990624   } 
   potential_energyvar { 1.062829218921944   } 
   nonlocal_energy { 0.1635496455601853   } 
   nonlocal_energyvar { 3.125152773449759   } 
   autocorr_energy { } 
} 

block { 
   label vmc
   totweight 30720
   nautocorr 0
   total_energy { -3.932568970688505   } 
   total_energyvar { 0.1430855206651351   } 
   weight { 1   } 
   weightvar { 0   } 
   kinetic_energy { 1.397445796248429   } 
   kinetic_energyvar { 2.070477759184315   } 
   potential_energy { -5.443470679412735   } 
   potential_energyvar { 1.032090248392397   } 
   nonlocal_energy { 0.1134559124758012   } 
   nonlocal_energyvar { 2.524880863944586   } 
   autocorr_energy { } 
} 

block { 
   label vmc
   totweight 30720
   nautocorr 0
   total_energy { -3.933759451701085   } 
   total_energyvar { 0.07187233479947368   } 
   weight { 1   } 
   weightvar { 0   } 
   kinetic_energy { 1.396171322267138   } 
   kinetic_energyvar { 1.948904379954186   } 
   potential_energy { -5.443948904537647   } 
   potential_energyvar { 1.052717847145824   } 
   nonlocal_energy { 0.1140181305694237   } 
   nonlocal_energyvar { 2.185098139163915   } 
   autocorr_energy { } 
} 

block { 
   label vmc
   totweight 30720
   nautocorr 0
   total_energy { -3.93844428706555   } 
   total_energyvar { 0.1471441619031928   } 
   weight { 1   } 
   weightvar { 0   } 
   kinetic_energy { 1.371918969960527   } 
   kinetic_energyvar { 2.559736076288625   } 
   potential_energy { -5.441341202387802   } 
   potential_energyvar { 1.041802396877599   } 
   nonlocal_energy { 0.1309779453617249   } 
   nonlocal_energyvar { 2.860286662916635   } 
   autocorr_energy { } 
} 

block { 
   label vmc
   totweight 30720
   nautocorr 0
   total_energy { -3.941449568478726   } 
   total_energyvar { 0.107906266222303   } 
   weight { 1   } 
   weightvar { 0   } 
   kinetic_energy { 1.378833814052554   } 
   kinetic_energyvar { 2.647099047660912   } 
   potential_energy { -5.444268350059669   } 
   potential_energyvar { 1.018861796115258   } 
   nonlocal_energy { 0.1239849675283874   } 
   nonlocal_energyvar { 2.803049547330929   } 
   autocorr_energy { } 
} 

block { 
   label vmc
   totweight 30720
   nautocorr 0
   total_energy { -3.938872289945672   } 
   total_energyvar { 0.2211658591117693   } 
   weight { 1   } 
   weightvar { 0   } 
   kinetic_energy { 1.347488593565318   } 
   kinetic_energyvar { 2.897602813885687   } 
   potential_energy { -5.450392536734998   } 
   potential_energyvar { 1.06175694511858   } 
   nonlocal_energy { 0.1640316532240068   } 
   nonlocal_energyvar { 3.378886773734379   } 
   autocorr_energy { } 
} 

block { 
   label vmc
   totweight 30720
   nautocorr 0
   total_energy { -3.93757487620827   } 
   total_energyvar { 0.08402513046847367   } 
   weight { 1   } 
   weightvar { 0   } 
   kinetic_energy { 1.390561996797584   } 
   kinetic_energyvar { 2.198544251350943   } 
   potential_energy { -5.455339439543518   } 
   potential_energyvar { 1.045314716663042   } 
   nonlocal_energy { 0.1272025665376645   } 
   nonlocal_energyvar { 2.375195747987824   } 
   autocorr_energy { } 
} 

block { 
   label vmc
   totweight 30720
   nautocorr 0
   total_energy { -3.935282466363211   } 
   total_energyvar { 0.07654665954967749   } 
   weight { 1   } 
   weightvar { 0   } 
   kinetic_energy { 1.408359202229253   } 
   kinetic_energyvar { 2.114496161689813   } 
   potential_energy { -5.457328336765909   } 
   potential_energyvar { 1.033831324176047   } 
   nonlocal_energy { 0.1136866681734442   } 
   nonlocal_energyvar { 2.307887820266166   } 
   autocorr_energy { } 
} 

block { 
   label vmc
   totweight 30720
   nautocorr 0
   total_energy { -3.935460948952618   } 
   total_energyvar { 0.1476179308490193   } 
   weight { 1   } 
   weightvar { 0   } 
   kinetic_energy { 1.386238249005934   } 
   kinetic_energyvar { 2.282203645620245   } 
   potential_energy { -5.446384737085206   } 
   potential_energyvar { 1.048803293483382   } 
   nonlocal_energy { 0.1246855391266534   } 
   nonlocal_energyvar { 2.614477809975403   } 
   autocorr_energy { } 
} 

block { 
   label vmc
   totweight 30720
   nautocorr 0
   total_energy { -3.933918473577994   } 
   total_energyvar { 0.0723573111012345   } 
   weight { 1   } 
   weightvar { 0   } 
   kinetic_energy { 1.396638444838767   } 
   kinetic_energyvar { 1.926282227795112   } 
   potential_energy { -5.43179261890653   } 
   potential_energyvar { 1.031352207705166   } 
   nonlocal_energy { 0.1012357004897691   } 
   nonlocal_energyvar { 2.074118857720327   } 
   autocorr_energy { } 
} 

block { 
   label vmc
   totweight 30720
   nautocorr 0
   total_energy { -3.937615180764515   } 
   total_energyvar { 0.09226742119555222   } 
   weight { 1   } 
   weightvar { 0   } 
   kinetic_energy { 1.400341414598595   } 
   kinetic_energyvar { 2.061591282032814   } 
   potential_energy { -5.444338352681967   } 
   potential_energyvar { 1.027444663970956   } 
   nonlocal_energy { 0.106381757318856   } 
   nonlocal_energyvar { 2.24932082233426   } 
   autocorr_energy { } 
} 

block { 
   label vmc
   totweight 30720
   nautocorr 0
   total_energy { -3.931595218074408   } 
   total_energyvar { 0.06805230219847061   } 
   weight { 1   } 
   weightvar { 0   } 
   kinetic_energy { 1.392833105102288   } 
   kinetic_energyvar { 1.729327736049738   } 
   potential_energy { -5.444458852216933   } 
   potential_energyvar { 1.0315493702003   } 
   nonlocal_energy { 0.120030529040238   } 
   nonlocal_energyvar { 2.032739072353492   } 
   autocorr_energy { } 
} 

block { 
   label vmc
   totweight 30720
   nautocorr 0
   total_energy { -3.932259546285905   } 
   total_energyvar { 0.0693935961284956   } 
   weight { 1   } 
   weightvar { 0   } 
   kinetic_energy { 1.402566408148143   } 
   kinetic_energyvar { 2.008864338200101   } 
   potential_energy { -5.46535411866394   } 
   potential_energyvar { 1.065019784664285   } 
   nonlocal_energy { 0.1305281642298917   } 
   nonlocal_energyvar { 2.363373625412611   } 
   autocorr_energy { } 
} 

