#-------------------------------------------------
#VMC run: timestep 0.47 nconfig 5120 steps 30
#-------------------------------------------------


init { 
   label vmc
}
block { 
   label vmc
   totweight 153600
   nautocorr 0
   total_energy { -55.31543703479313   } 
   total_energyvar { 0.7581258340069578   } 
   weight { 1   } 
   weightvar { 0   } 
   kinetic_energy { 14.52988097569862   } 
   kinetic_energyvar { 48.97496543529898   } 
   potential_energy { -79.76707996313792   } 
   potential_energyvar { 102.2260947856486   } 
   nonlocal_energy { 9.921761952646159   } 
   nonlocal_energyvar { 124.2483017635685   } 
   autocorr_energy { } 
} 

block { 
   label vmc
   totweight 153600
   nautocorr 0
   total_energy { -55.33556800695948   } 
   total_energyvar { 0.6112755261492635   } 
   weight { 1   } 
   weightvar { 0   } 
   kinetic_energy { 14.88231824840351   } 
   kinetic_energyvar { 46.22220771275213   } 
   potential_energy { -79.95765723690853   } 
   potential_energyvar { 98.00366791900561   } 
   nonlocal_energy { 9.739770981545538   } 
   nonlocal_energyvar { 114.7744625247988   } 
   autocorr_energy { } 
} 

block { 
   label vmc
   totweight 153600
   nautocorr 0
   total_energy { -55.34050305283997   } 
   total_energyvar { 0.5769859396808118   } 
   weight { 1   } 
   weightvar { 0   } 
   kinetic_energy { 14.97945142384799   } 
   kinetic_energyvar { 44.06948370731536   } 
   potential_energy { -79.89322687518218   } 
   potential_energyvar { 96.30447998730681   } 
   nonlocal_energy { 9.573272398494218   } 
   nonlocal_energyvar { 108.5717808687073   } 
   autocorr_energy { } 
} 

#-------------------------------------------------
#VMC run: timestep 0.47 nconfig 5120 steps 30
#-------------------------------------------------


init { 
   label vmc
}
block { 
   label vmc
   totweight 153600
   nautocorr 0
   total_energy { -55.31021147642461   } 
   total_energyvar { 0.7959243174682753   } 
   weight { 1   } 
   weightvar { 0   } 
   kinetic_energy { 14.58433104122198   } 
   kinetic_energyvar { 48.56501043495401   } 
   potential_energy { -79.78672407822718   } 
   potential_energyvar { 101.9871625486724   } 
   nonlocal_energy { 9.892181560580605   } 
   nonlocal_energyvar { 122.7995129257753   } 
   autocorr_energy { } 
} 

block { 
   label vmc
   totweight 153600
   nautocorr 0
   total_energy { -55.32644541261973   } 
   total_energyvar { 1.010760602531247   } 
   weight { 1   } 
   weightvar { 0   } 
   kinetic_energy { 14.92230118928955   } 
   kinetic_energyvar { 46.45206002017643   } 
   potential_energy { -79.89087740239576   } 
   potential_energyvar { 98.7871014827778   } 
   nonlocal_energy { 9.642130800486481   } 
   nonlocal_energyvar { 115.5983712361258   } 
   autocorr_energy { } 
} 

block { 
   label vmc
   totweight 153600
   nautocorr 0
   total_energy { -55.3329519250574   } 
   total_energyvar { 0.6143454784534671   } 
   weight { 1   } 
   weightvar { 0   } 
   kinetic_energy { 14.90935730880631   } 
   kinetic_energyvar { 45.50122985422988   } 
   potential_energy { -79.93835478993155   } 
   potential_energyvar { 97.43819749847358   } 
   nonlocal_energy { 9.696045556067819   } 
   nonlocal_energyvar { 113.0192624509462   } 
   autocorr_energy { } 
} 

block { 
   label vmc
   totweight 153600
   nautocorr 0
   total_energy { -55.33642661274401   } 
   total_energyvar { 0.6301260917382631   } 
   weight { 1   } 
   weightvar { 0   } 
   kinetic_energy { 14.94508020910216   } 
   kinetic_energyvar { 44.68133873160701   } 
   potential_energy { -79.94711546837759   } 
   potential_energyvar { 98.41958203155507   } 
   nonlocal_energy { 9.665608646531428   } 
   nonlocal_energyvar { 112.5098801862984   } 
   autocorr_energy { } 
} 

block { 
   label vmc
   totweight 153600
   nautocorr 0
   total_energy { -55.33165594890027   } 
   total_energyvar { 4.74555770515059   } 
   weight { 1   } 
   weightvar { 0   } 
   kinetic_energy { 14.90009818521614   } 
   kinetic_energyvar { 53.49659951965796   } 
   potential_energy { -79.93742510632379   } 
   potential_energyvar { 99.1610586243326   } 
   nonlocal_energy { 9.705670972207363   } 
   nonlocal_energyvar { 114.7155413524425   } 
   autocorr_energy { } 
} 

block { 
   label vmc
   totweight 153600
   nautocorr 0
   total_energy { -55.3396466777664   } 
   total_energyvar { 0.6167066493255217   } 
   weight { 1   } 
   weightvar { 0   } 
   kinetic_energy { 14.88257071079106   } 
   kinetic_energyvar { 45.72776311858017   } 
   potential_energy { -79.95565164993768   } 
   potential_energyvar { 98.86888071806449   } 
   nonlocal_energy { 9.733434261380232   } 
   nonlocal_energyvar { 114.1800993626217   } 
   autocorr_energy { } 
} 

block { 
   label vmc
   totweight 153600
   nautocorr 0
   total_energy { -55.33465416583925   } 
   total_energyvar { 0.6002071024242871   } 
   weight { 1   } 
   weightvar { 0   } 
   kinetic_energy { 14.94690367421613   } 
   kinetic_energyvar { 45.33325908552643   } 
   potential_energy { -79.9394806136833   } 
   potential_energyvar { 98.11386481945651   } 
   nonlocal_energy { 9.657922773627931   } 
   nonlocal_energyvar { 113.2295975734536   } 
   autocorr_energy { } 
} 

block { 
   label vmc
   totweight 153600
   nautocorr 0
   total_energy { -55.3373969488751   } 
   total_energyvar { 0.6676104394189429   } 
   weight { 1   } 
   weightvar { 0   } 
   kinetic_energy { 14.89462367318343   } 
   kinetic_energyvar { 45.66482433398827   } 
   potential_energy { -79.92833615103179   } 
   potential_energyvar { 98.58239191888964   } 
   nonlocal_energy { 9.696315528973249   } 
   nonlocal_energyvar { 113.9547312325057   } 
   autocorr_energy { } 
} 

block { 
   label vmc
   totweight 153600
   nautocorr 0
   total_energy { -55.34073201918498   } 
   total_energyvar { 0.6120309746023617   } 
   weight { 1   } 
   weightvar { 0   } 
   kinetic_energy { 14.90050048164787   } 
   kinetic_energyvar { 45.38386744325063   } 
   potential_energy { -79.93432477125043   } 
   potential_energyvar { 98.28121952011867   } 
   nonlocal_energy { 9.693092270417583   } 
   nonlocal_energyvar { 113.8758248180821   } 
   autocorr_energy { } 
} 

block { 
   label vmc
   totweight 153600
   nautocorr 0
   total_energy { -55.34049500816329   } 
   total_energyvar { 0.6604451675009317   } 
   weight { 1   } 
   weightvar { 0   } 
   kinetic_energy { 14.90841083805228   } 
   kinetic_energyvar { 45.30755152369555   } 
   potential_energy { -79.95733913945504   } 
   potential_energyvar { 98.08736353204665   } 
   nonlocal_energy { 9.708433293239475   } 
   nonlocal_energyvar { 113.2251200381772   } 
   autocorr_energy { } 
} 

block { 
   label vmc
   totweight 153600
   nautocorr 0
   total_energy { -55.3407406273388   } 
   total_energyvar { 0.5993692232725238   } 
   weight { 1   } 
   weightvar { 0   } 
   kinetic_energy { 14.88283212956774   } 
   kinetic_energyvar { 46.76762208316206   } 
   potential_energy { -79.9470086819353   } 
   potential_energyvar { 98.21460308356102   } 
   nonlocal_energy { 9.723435925028756   } 
   nonlocal_energyvar { 116.6525178419716   } 
   autocorr_energy { } 
} 

block { 
   label vmc
   totweight 153600
   nautocorr 0
   total_energy { -55.34230174270165   } 
   total_energyvar { 0.5706260365043893   } 
   weight { 1   } 
   weightvar { 0   } 
   kinetic_energy { 14.91131707127337   } 
   kinetic_energyvar { 45.45580477158863   } 
   potential_energy { -79.93539132018249   } 
   potential_energyvar { 97.51995521591344   } 
   nonlocal_energy { 9.681772506207459   } 
   nonlocal_energyvar { 113.4969422776826   } 
   autocorr_energy { } 
} 

block { 
   label vmc
   totweight 153600
   nautocorr 0
   total_energy { -55.34326740871131   } 
   total_energyvar { 0.5803790474789156   } 
   weight { 1   } 
   weightvar { 0   } 
   kinetic_energy { 14.90023370068931   } 
   kinetic_energyvar { 46.55133108643483   } 
   potential_energy { -79.93352700575861   } 
   potential_energyvar { 97.54223539427726   } 
   nonlocal_energy { 9.690025896357996   } 
   nonlocal_energyvar { 116.4922741537904   } 
   autocorr_energy { } 
} 

block { 
   label vmc
   totweight 153600
   nautocorr 0
   total_energy { -55.34091463679886   } 
   total_energyvar { 0.6568894970989121   } 
   weight { 1   } 
   weightvar { 0   } 
   kinetic_energy { 14.95801925804778   } 
   kinetic_energyvar { 45.41270118157676   } 
   potential_energy { -79.98842077674541   } 
   potential_energyvar { 98.2160906628186   } 
   nonlocal_energy { 9.689486881898759   } 
   nonlocal_energyvar { 114.2859102345183   } 
   autocorr_energy { } 
} 

block { 
   label vmc
   totweight 153600
   nautocorr 0
   total_energy { -55.34384789860077   } 
   total_energyvar { 0.5536801850330427   } 
   weight { 1   } 
   weightvar { 0   } 
   kinetic_energy { 14.94795522344127   } 
   kinetic_energyvar { 44.78611732876361   } 
   potential_energy { -79.88293479627646   } 
   potential_energyvar { 96.9443527689357   } 
   nonlocal_energy { 9.591131674234424   } 
   nonlocal_energyvar { 110.3795355136876   } 
   autocorr_energy { } 
} 

block { 
   label vmc
   totweight 153600
   nautocorr 0
   total_energy { -55.34069222886974   } 
   total_energyvar { 2.82058347970474   } 
   weight { 1   } 
   weightvar { 0   } 
   kinetic_energy { 14.94141864176729   } 
   kinetic_energyvar { 49.1722943977845   } 
   potential_energy { -79.88510455364265   } 
   potential_energyvar { 98.86644061810186   } 
   nonlocal_energy { 9.60299368300562   } 
   nonlocal_energyvar { 112.3659492822091   } 
   autocorr_energy { } 
} 

block { 
   label vmc
   totweight 153600
   nautocorr 0
   total_energy { -55.3438394144128   } 
   total_energyvar { 0.6271650136676151   } 
   weight { 1   } 
   weightvar { 0   } 
   kinetic_energy { 14.89796652051675   } 
   kinetic_energyvar { 46.01728343617636   } 
   potential_energy { -80.00751009983081   } 
   potential_energyvar { 99.06179712309364   } 
   nonlocal_energy { 9.765704164901269   } 
   nonlocal_energyvar { 117.1121095049568   } 
   autocorr_energy { } 
} 

block { 
   label vmc
   totweight 153600
   nautocorr 0
   total_energy { -55.34289857330953   } 
   total_energyvar { 0.5505990803203499   } 
   weight { 1   } 
   weightvar { 0   } 
   kinetic_energy { 14.92211333162001   } 
   kinetic_energyvar { 45.48194582748387   } 
   potential_energy { -79.9770824735136   } 
   potential_energyvar { 96.96268715560306   } 
   nonlocal_energy { 9.712070568584064   } 
   nonlocal_energyvar { 113.6933963502304   } 
   autocorr_energy { } 
} 

block { 
   label vmc
   totweight 153600
   nautocorr 0
   total_energy { -55.34229395068729   } 
   total_energyvar { 0.5669582503436673   } 
   weight { 1   } 
   weightvar { 0   } 
   kinetic_energy { 14.9222270695749   } 
   kinetic_energyvar { 45.59085205522928   } 
   potential_energy { -79.89943154737212   } 
   potential_energyvar { 97.21303000637862   } 
   nonlocal_energy { 9.634910527109929   } 
   nonlocal_energyvar { 113.680826855949   } 
   autocorr_energy { } 
} 

block { 
   label vmc
   totweight 153600
   nautocorr 0
   total_energy { -55.34623878532197   } 
   total_energyvar { 0.5545689065453041   } 
   weight { 1   } 
   weightvar { 0   } 
   kinetic_energy { 14.8895320369261   } 
   kinetic_energyvar { 45.5830419158609   } 
   potential_energy { -79.94589662657332   } 
   potential_energyvar { 98.60810500653288   } 
   nonlocal_energy { 9.710125804325246   } 
   nonlocal_energyvar { 115.2623186613014   } 
   autocorr_energy { } 
} 

