#-------------------------------------------------
#DMC run: timestep 0.001
#-------------------------------------------------


init { 
   label spin_0.001
}
block { 
   label spin_0.001
   totweight 3072000
   nautocorr 0
   total_energy { -5.187084730748812   } 
   total_energyvar { 0.1180498595727426   } 
   weight { 1.007626595718931   } 
   weightvar { 0.005656404521491467   } 
   kinetic_energy { 1.785043637161051   } 
   kinetic_energyvar { 2.406237827957509   } 
   potential_energy { -7.106612086762531   } 
   potential_energyvar { 1.382839550787354   } 
   nonlocal_energy { 0.1344837188526689   } 
   nonlocal_energyvar { 2.626012831796172   } 
   autocorr_energy { } 
} 

block { 
   label spin_0.001
   totweight 3072000
   nautocorr 0
   total_energy { -5.182921279288053   } 
   total_energyvar { 0.1340219842752548   } 
   weight { 1.004946745120198   } 
   weightvar { 0.02361140905080954   } 
   kinetic_energy { 1.783974955655206   } 
   kinetic_energyvar { 2.37209932362463   } 
   potential_energy { -7.086954641167638   } 
   potential_energyvar { 1.380111251745248   } 
   nonlocal_energy { 0.120058406224378   } 
   nonlocal_energyvar { 2.673247528670674   } 
   autocorr_energy { } 
} 

block { 
   label spin_0.001
   totweight 3072000
   nautocorr 0
   total_energy { -5.183154464111047   } 
   total_energyvar { 0.1227864642375339   } 
   weight { 0.9973330514847767   } 
   weightvar { 0.04033867715462408   } 
   kinetic_energy { 1.778374023471992   } 
   kinetic_energyvar { 2.573233144944557   } 
   potential_energy { -7.10260806240323   } 
   potential_energyvar { 1.373133524420296   } 
   nonlocal_energy { 0.141079574820191   } 
   nonlocal_energyvar { 2.811245598330682   } 
   autocorr_energy { } 
} 

block { 
   label spin_0.001
   totweight 3072000
   nautocorr 0
   total_energy { -5.179626985165092   } 
   total_energyvar { 0.121895951584957   } 
   weight { 0.9932097405230574   } 
   weightvar { 0.05369914147897283   } 
   kinetic_energy { 1.805293521428939   } 
   kinetic_energyvar { 2.477963747886673   } 
   potential_energy { -7.116435315212094   } 
   potential_energyvar { 1.352261759376105   } 
   nonlocal_energy { 0.1315148086180641   } 
   nonlocal_energyvar { 2.69466519400951   } 
   autocorr_energy { } 
} 

block { 
   label spin_0.001
   totweight 3072000
   nautocorr 0
   total_energy { -5.169578669097269   } 
   total_energyvar { 0.1725150616576972   } 
   weight { 0.9887547114217896   } 
   weightvar { 0.06613900280427434   } 
   kinetic_energy { 1.811991394829626   } 
   kinetic_energyvar { 2.384898048081421   } 
   potential_energy { -7.111406162980607   } 
   potential_energyvar { 1.354060012303203   } 
   nonlocal_energy { 0.1298360990537133   } 
   nonlocal_energyvar { 2.539212042988374   } 
   autocorr_energy { } 
} 

block { 
   label spin_0.001
   totweight 3072000
   nautocorr 0
   total_energy { -5.173628035158723   } 
   total_energyvar { 0.1039958215183877   } 
   weight { 0.9870537307731593   } 
   weightvar { 0.07641490680509828   } 
   kinetic_energy { 1.799096552525318   } 
   kinetic_energyvar { 2.288831249949962   } 
   potential_energy { -7.091094834506399   } 
   potential_energyvar { 1.337114902203109   } 
   nonlocal_energy { 0.1183702468223569   } 
   nonlocal_energyvar { 2.43746384458635   } 
   autocorr_energy { } 
} 

block { 
   label spin_0.001
   totweight 3072000
   nautocorr 0
   total_energy { -5.17552187140991   } 
   total_energyvar { 0.1139731424996315   } 
   weight { 0.9895640520322578   } 
   weightvar { 0.08262993398039473   } 
   kinetic_energy { 1.809603100520826   } 
   kinetic_energyvar { 2.319814150104218   } 
   potential_energy { -7.114394104191498   } 
   potential_energyvar { 1.348550339151429   } 
   nonlocal_energy { 0.1292691322607611   } 
   nonlocal_energyvar { 2.526884788622672   } 
   autocorr_energy { } 
} 

block { 
   label spin_0.001
   totweight 3072000
   nautocorr 0
   total_energy { -5.171756401946436   } 
   total_energyvar { 0.1405608181614306   } 
   weight { 0.9923763009489869   } 
   weightvar { 0.08840819044252926   } 
   kinetic_energy { 1.784577194670148   } 
   kinetic_energyvar { 2.588207593391536   } 
   potential_energy { -7.11937723132191   } 
   potential_energyvar { 1.367498365309696   } 
   nonlocal_energy { 0.1630436347053268   } 
   nonlocal_energyvar { 2.906843350839139   } 
   autocorr_energy { } 
} 

block { 
   label spin_0.001
   totweight 3072000
   nautocorr 0
   total_energy { -5.172882813291692   } 
   total_energyvar { 0.1222517207090885   } 
   weight { 0.9918242007458253   } 
   weightvar { 0.09428559576722551   } 
   kinetic_energy { 1.788528515112983   } 
   kinetic_energyvar { 2.520697377025408   } 
   potential_energy { -7.091553636561191   } 
   potential_energyvar { 1.35346925248267   } 
   nonlocal_energy { 0.1301423081565146   } 
   nonlocal_energyvar { 2.728067774807647   } 
   autocorr_energy { } 
} 

block { 
   label spin_0.001
   totweight 3072000
   nautocorr 0
   total_energy { -5.177159271404454   } 
   total_energyvar { 0.09673504326951893   } 
   weight { 0.9945034890303323   } 
   weightvar { 0.09853255136303529   } 
   kinetic_energy { 1.786978819285711   } 
   kinetic_energyvar { 2.45869942241161   } 
   potential_energy { -7.096871933851183   } 
   potential_energyvar { 1.339299699188881   } 
   nonlocal_energy { 0.1327338431610182   } 
   nonlocal_energyvar { 2.629235248614001   } 
   autocorr_energy { } 
} 

block { 
   label spin_0.001
   totweight 3072000
   nautocorr 0
   total_energy { -5.17796553726992   } 
   total_energyvar { 0.1526536618186957   } 
   weight { 0.9971141485210012   } 
   weightvar { 0.09882956686063316   } 
   kinetic_energy { 1.770949459293325   } 
   kinetic_energyvar { 2.530166569263099   } 
   potential_energy { -7.082392886498929   } 
   potential_energyvar { 1.375731921348492   } 
   nonlocal_energy { 0.1334778899356843   } 
   nonlocal_energyvar { 2.673711757685224   } 
   autocorr_energy { } 
} 

block { 
   label spin_0.001
   totweight 3072000
   nautocorr 0
   total_energy { -5.176623660819531   } 
   total_energyvar { 0.1265486194910004   } 
   weight { 0.9973316321054865   } 
   weightvar { 0.1002683238415707   } 
   kinetic_energy { 1.771803332625945   } 
   kinetic_energyvar { 2.586687039133683   } 
   potential_energy { -7.089737165376895   } 
   potential_energyvar { 1.405097284580424   } 
   nonlocal_energy { 0.141310171931418   } 
   nonlocal_energyvar { 2.875949111147511   } 
   autocorr_energy { } 
} 

block { 
   label spin_0.001
   totweight 3072000
   nautocorr 0
   total_energy { -5.175688371160391   } 
   total_energyvar { 0.1467406456469201   } 
   weight { 0.9968579758942782   } 
   weightvar { 0.1007083923296756   } 
   kinetic_energy { 1.767326334613319   } 
   kinetic_energyvar { 2.468993153755365   } 
   potential_energy { -7.072137914378365   } 
   potential_energyvar { 1.374796027892794   } 
   nonlocal_energy { 0.1291232086046538   } 
   nonlocal_energyvar { 2.805162500555931   } 
   autocorr_energy { } 
} 

block { 
   label spin_0.001
   totweight 3072000
   nautocorr 0
   total_energy { -5.174533793031221   } 
   total_energyvar { 0.1119268735413737   } 
   weight { 0.9961790621950329   } 
   weightvar { 0.1024822417855609   } 
   kinetic_energy { 1.808391167992881   } 
   kinetic_energyvar { 2.339465500639286   } 
   potential_energy { -7.098782287357825   } 
   potential_energyvar { 1.380779774667983   } 
   nonlocal_energy { 0.1158573263337235   } 
   nonlocal_energyvar { 2.536066988536541   } 
   autocorr_energy { } 
} 

block { 
   label spin_0.001
   totweight 3072000
   nautocorr 0
   total_energy { -5.175693340167037   } 
   total_energyvar { 0.09892457790198901   } 
   weight { 0.9955996988953227   } 
   weightvar { 0.1021712835603496   } 
   kinetic_energy { 1.791302135890985   } 
   kinetic_energyvar { 2.363550808689577   } 
   potential_energy { -7.080615059079274   } 
   potential_energyvar { 1.379540199268403   } 
   nonlocal_energy { 0.1136195830212524   } 
   nonlocal_energyvar { 2.507867673668013   } 
   autocorr_energy { } 
} 

block { 
   label spin_0.001
   totweight 3072000
   nautocorr 0
   total_energy { -5.176007170626365   } 
   total_energyvar { 0.1144493283714658   } 
   weight { 0.9965308093999315   } 
   weightvar { 0.1046849493358571   } 
   kinetic_energy { 1.802482314947939   } 
   kinetic_energyvar { 2.401711706112433   } 
   potential_energy { -7.098773866487259   } 
   potential_energyvar { 1.346789234732357   } 
   nonlocal_energy { 0.1202843809129566   } 
   nonlocal_energyvar { 2.657768621403123   } 
   autocorr_energy { } 
} 

block { 
   label spin_0.001
   totweight 3072000
   nautocorr 0
   total_energy { -5.173505365344213   } 
   total_energyvar { 0.1261338234247328   } 
   weight { 0.9953717874963592   } 
   weightvar { 0.1055005757300961   } 
   kinetic_energy { 1.792549145687599   } 
   kinetic_energyvar { 2.674934024247423   } 
   potential_energy { -7.119785664790456   } 
   potential_energyvar { 1.404157260608195   } 
   nonlocal_energy { 0.1537311537586422   } 
   nonlocal_energyvar { 2.966122965883211   } 
   autocorr_energy { } 
} 

block { 
   label spin_0.001
   totweight 3072000
   nautocorr 0
   total_energy { -5.170627018936638   } 
   total_energyvar { 0.1071490862482661   } 
   weight { 0.9923916417093834   } 
   weightvar { 0.1022427304197905   } 
   kinetic_energy { 1.782981094872087   } 
   kinetic_energyvar { 2.432898112315096   } 
   potential_energy { -7.082924565559533   } 
   potential_energyvar { 1.376408197533601   } 
   nonlocal_energy { 0.1293164517508091   } 
   nonlocal_energyvar { 2.623384140107532   } 
   autocorr_energy { } 
} 

