#-------------------------------------------------
#DMC run: timestep 0.005
#-------------------------------------------------


init { 
   label spin_0.005
}
block { 
   label spin_0.005
   totweight 870400
   nautocorr 0
   total_energy { -7.126638384807719   } 
   total_energyvar { 0.06707222218489158   } 
   weight { 1.006288998026034   } 
   weightvar { 0.00323043930302897   } 
   kinetic_energy { 2.039135390944261   } 
   kinetic_energyvar { 2.596326126930433   } 
   potential_energy { -10.0553798390946   } 
   potential_energyvar { 2.929447878975006   } 
   nonlocal_energy { 0.8896060633426208   } 
   nonlocal_energyvar { 4.59741740989107   } 
   autocorr_energy { } 
} 

block { 
   label spin_0.005
   totweight 870400
   nautocorr 0
   total_energy { -7.125803402977414   } 
   total_energyvar { 0.07030002218453078   } 
   weight { 1.007722037871178   } 
   weightvar { 0.01577737889899084   } 
   kinetic_energy { 2.055178590832683   } 
   kinetic_energyvar { 2.592523798698621   } 
   potential_energy { -10.09076734154701   } 
   potential_energyvar { 2.897692750703331   } 
   nonlocal_energy { 0.9097853477369102   } 
   nonlocal_energyvar { 4.481022744230236   } 
   autocorr_energy { } 
} 

block { 
   label spin_0.005
   totweight 870400
   nautocorr 0
   total_energy { -7.119565411225262   } 
   total_energyvar { 0.1005433766578693   } 
   weight { 1.000201429094595   } 
   weightvar { 0.03345518661278528   } 
   kinetic_energy { 2.083398210169865   } 
   kinetic_energyvar { 2.625343790742019   } 
   potential_energy { -10.15432179665546   } 
   potential_energyvar { 2.945762336446211   } 
   nonlocal_energy { 0.9513581752603353   } 
   nonlocal_energyvar { 4.683430549567698   } 
   autocorr_energy { } 
} 

block { 
   label spin_0.005
   totweight 870400
   nautocorr 0
   total_energy { -7.118743048063005   } 
   total_energyvar { 0.08570523214262502   } 
   weight { 0.9955743028425904   } 
   weightvar { 0.0531724274137334   } 
   kinetic_energy { 2.085457912657959   } 
   kinetic_energyvar { 2.595680468259652   } 
   potential_energy { -10.1416040121002   } 
   potential_energyvar { 2.873297615990787   } 
   nonlocal_energy { 0.9374030513792352   } 
   nonlocal_energyvar { 4.593790334257059   } 
   autocorr_energy { } 
} 

block { 
   label spin_0.005
   totweight 870400
   nautocorr 0
   total_energy { -7.119464845243069   } 
   total_energyvar { 0.1015640126227799   } 
   weight { 0.9953451290493189   } 
   weightvar { 0.07142953889973735   } 
   kinetic_energy { 2.085891934313729   } 
   kinetic_energyvar { 2.628357096508068   } 
   potential_energy { -10.14806658244944   } 
   potential_energyvar { 2.956022930807679   } 
   nonlocal_energy { 0.9427098028926405   } 
   nonlocal_energyvar { 4.675101044757192   } 
   autocorr_energy { } 
} 

block { 
   label spin_0.005
   totweight 870400
   nautocorr 0
   total_energy { -7.112858047888168   } 
   total_energyvar { 0.09790137355110545   } 
   weight { 0.9933508739724539   } 
   weightvar { 0.08766697802217915   } 
   kinetic_energy { 2.080375880537961   } 
   kinetic_energyvar { 2.61576899451206   } 
   potential_energy { -10.14313005575424   } 
   potential_energyvar { 2.916596755748238   } 
   nonlocal_energy { 0.9498961273281132   } 
   nonlocal_energyvar { 4.691662869709669   } 
   autocorr_energy { } 
} 

block { 
   label spin_0.005
   totweight 870400
   nautocorr 0
   total_energy { -7.112777796618494   } 
   total_energyvar { 0.09732087433315233   } 
   weight { 0.9925741374883863   } 
   weightvar { 0.09756623426613414   } 
   kinetic_energy { 2.091282981273802   } 
   kinetic_energyvar { 2.676094058708814   } 
   potential_energy { -10.15722171870796   } 
   potential_energyvar { 2.944073806318744   } 
   nonlocal_energy { 0.9531609408156646   } 
   nonlocal_energyvar { 4.784299732556737   } 
   autocorr_energy { } 
} 

block { 
   label spin_0.005
   totweight 870400
   nautocorr 0
   total_energy { -7.114096763997323   } 
   total_energyvar { 0.1097135947002168   } 
   weight { 0.9946016553253313   } 
   weightvar { 0.1059250642860541   } 
   kinetic_energy { 2.073546297629674   } 
   kinetic_energyvar { 2.779364238572003   } 
   potential_energy { -10.14730103745161   } 
   potential_energyvar { 3.051380514586587   } 
   nonlocal_energy { 0.9596579758246131   } 
   nonlocal_energyvar { 4.967529160338517   } 
   autocorr_energy { } 
} 

block { 
   label spin_0.005
   totweight 870400
   nautocorr 0
   total_energy { -7.118173448474787   } 
   total_energyvar { 0.08692472912262102   } 
   weight { 0.9970826957833825   } 
   weightvar { 0.1107768777197193   } 
   kinetic_energy { 2.085164900242636   } 
   kinetic_energyvar { 2.622032873676072   } 
   potential_energy { -10.11693442141528   } 
   potential_energyvar { 2.885307926209753   } 
   nonlocal_energy { 0.9135960726978599   } 
   nonlocal_energyvar { 4.477388184817821   } 
   autocorr_energy { } 
} 

block { 
   label spin_0.005
   totweight 870400
   nautocorr 0
   total_energy { -7.113038110322107   } 
   total_energyvar { 0.09092914315913364   } 
   weight { 0.9977792806002859   } 
   weightvar { 0.1134702268330886   } 
   kinetic_energy { 2.071159435510975   } 
   kinetic_energyvar { 2.6538860440398   } 
   potential_energy { -10.11585867669117   } 
   potential_energyvar { 2.880016232252001   } 
   nonlocal_energy { 0.9316611308580873   } 
   nonlocal_energyvar { 4.671186079659417   } 
   autocorr_energy { } 
} 

block { 
   label spin_0.005
   totweight 870400
   nautocorr 0
   total_energy { -7.110690739740763   } 
   total_energyvar { 0.08805502104474221   } 
   weight { 0.9959932885558802   } 
   weightvar { 0.1123203277599104   } 
   kinetic_energy { 2.076937817534844   } 
   kinetic_energyvar { 2.698047188756055   } 
   potential_energy { -10.14823063728803   } 
   potential_energyvar { 2.966969179239504   } 
   nonlocal_energy { 0.9606020800124245   } 
   nonlocal_energyvar { 4.859051396092063   } 
   autocorr_energy { } 
} 

block { 
   label spin_0.005
   totweight 870400
   nautocorr 0
   total_energy { -7.114947553944949   } 
   total_energyvar { 0.09007802219238804   } 
   weight { 0.9962565237830061   } 
   weightvar { 0.1148045189967787   } 
   kinetic_energy { 2.084304703101731   } 
   kinetic_energyvar { 2.690762290212098   } 
   potential_energy { -10.14452134638926   } 
   potential_energyvar { 2.986252411939319   } 
   nonlocal_energy { 0.9452690893425774   } 
   nonlocal_energyvar { 4.720836006998643   } 
   autocorr_energy { } 
} 

block { 
   label spin_0.005
   totweight 870400
   nautocorr 0
   total_energy { -7.11317530655669   } 
   total_energyvar { 0.08517439298131819   } 
   weight { 0.9976767923529128   } 
   weightvar { 0.1176736199732911   } 
   kinetic_energy { 2.112058037094517   } 
   kinetic_energyvar { 2.671864222343792   } 
   potential_energy { -10.16333159839136   } 
   potential_energyvar { 2.939306520434048   } 
   nonlocal_energy { 0.938098254740154   } 
   nonlocal_energyvar { 4.63952074011089   } 
   autocorr_energy { } 
} 

block { 
   label spin_0.005
   totweight 870400
   nautocorr 0
   total_energy { -7.116074222117198   } 
   total_energyvar { 0.0846426296552395   } 
   weight { 0.9995300538633441   } 
   weightvar { 0.1169158882791713   } 
   kinetic_energy { 2.083090217773023   } 
   kinetic_energyvar { 2.565955344144889   } 
   potential_energy { -10.13587849200778   } 
   potential_energyvar { 2.950858551280996   } 
   nonlocal_energy { 0.9367140521175565   } 
   nonlocal_energyvar { 4.504678036599562   } 
   autocorr_energy { } 
} 

block { 
   label spin_0.005
   totweight 870400
   nautocorr 0
   total_energy { -7.10919156353259   } 
   total_energyvar { 0.09369996787750275   } 
   weight { 0.997854867505818   } 
   weightvar { 0.1151180907951268   } 
   kinetic_energy { 2.093759210945727   } 
   kinetic_energyvar { 2.508252164172321   } 
   potential_energy { -10.11831681246074   } 
   potential_energyvar { 2.962911067180399   } 
   nonlocal_energy { 0.9153660379824218   } 
   nonlocal_energyvar { 4.403836156786833   } 
   autocorr_energy { } 
} 

block { 
   label spin_0.005
   totweight 870400
   nautocorr 0
   total_energy { -7.114258533836494   } 
   total_energyvar { 0.09042250972256333   } 
   weight { 0.9975174852499218   } 
   weightvar { 0.1163866548747267   } 
   kinetic_energy { 2.077386343502535   } 
   kinetic_energyvar { 2.662592667352659   } 
   potential_energy { -10.13137013294432   } 
   potential_energyvar { 2.972881268779712   } 
   nonlocal_energy { 0.9397252556052966   } 
   nonlocal_energyvar { 4.719649870530517   } 
   autocorr_energy { } 
} 

block { 
   label spin_0.005
   totweight 870400
   nautocorr 0
   total_energy { -7.112387262724368   } 
   total_energyvar { 0.102467140182373   } 
   weight { 0.998813401267858   } 
   weightvar { 0.1128905004351573   } 
   kinetic_energy { 2.064627304317786   } 
   kinetic_energyvar { 2.716900048585556   } 
   potential_energy { -10.10721498333779   } 
   potential_energyvar { 3.089591019970376   } 
   nonlocal_energy { 0.9302004162956358   } 
   nonlocal_energyvar { 4.989330536161683   } 
   autocorr_energy { } 
} 

block { 
   label spin_0.005
   totweight 870400
   nautocorr 0
   total_energy { -7.113773620442027   } 
   total_energyvar { 0.09076306126507284   } 
   weight { 0.9985948576008051   } 
   weightvar { 0.1144018495037671   } 
   kinetic_energy { 2.034702403423714   } 
   kinetic_energyvar { 2.656042073796878   } 
   potential_energy { -10.07816687163778   } 
   potential_energyvar { 2.976634583775059   } 
   nonlocal_energy { 0.929690847772039   } 
   nonlocal_energyvar { 4.731052191495622   } 
   autocorr_energy { } 
} 

block { 
   label spin_0.005
   totweight 870400
   nautocorr 0
   total_energy { -7.113345087442899   } 
   total_energyvar { 0.08771719359542142   } 
   weight { 0.9987859750150752   } 
   weightvar { 0.1151747189132659   } 
   kinetic_energy { 2.044310067858848   } 
   kinetic_energyvar { 2.646269735316372   } 
   potential_energy { -10.08027399995718   } 
   potential_energyvar { 2.898869493318027   } 
   nonlocal_energy { 0.9226188446554358   } 
   nonlocal_energyvar { 4.648937049107549   } 
   autocorr_energy { } 
} 

block { 
   label spin_0.005
   totweight 870400
   nautocorr 0
   total_energy { -7.111711376715882   } 
   total_energyvar { 0.08907786963931241   } 
   weight { 0.9981278824309798   } 
   weightvar { 0.1150588768620375   } 
   kinetic_energy { 2.068616686116376   } 
   kinetic_energyvar { 2.614353160166626   } 
   potential_energy { -10.1113838855272   } 
   potential_energyvar { 2.962078920663541   } 
   nonlocal_energy { 0.9310558226949412   } 
   nonlocal_energyvar { 4.63402674754038   } 
   autocorr_energy { } 
} 

block { 
   label spin_0.005
   totweight 870400
   nautocorr 0
   total_energy { -7.115085192078141   } 
   total_energyvar { 0.08544768619674872   } 
   weight { 0.9990847769820917   } 
   weightvar { 0.1144114468477414   } 
   kinetic_energy { 2.045055563267414   } 
   kinetic_energyvar { 2.766041955431848   } 
   potential_energy { -10.11575492260683   } 
   potential_energyvar { 2.985557245500765   } 
   nonlocal_energy { 0.9556141672612758   } 
   nonlocal_energyvar { 4.921705403541545   } 
   autocorr_energy { } 
} 

block { 
   label spin_0.005
   totweight 870400
   nautocorr 0
   total_energy { -7.110649829019436   } 
   total_energyvar { 0.09672096730411894   } 
   weight { 0.9981281106090263   } 
   weightvar { 0.1153494554631962   } 
   kinetic_energy { 2.070256065278635   } 
   kinetic_energyvar { 2.628456351892345   } 
   potential_energy { -10.11228795970012   } 
   potential_energyvar { 2.964233980120375   } 
   nonlocal_energy { 0.9313820654020462   } 
   nonlocal_energyvar { 4.646954141010815   } 
   autocorr_energy { } 
} 

block { 
   label spin_0.005
   totweight 870400
   nautocorr 0
   total_energy { -7.113292892083575   } 
   total_energyvar { 0.09570650247140247   } 
   weight { 0.9984668501462225   } 
   weightvar { 0.117825453426946   } 
   kinetic_energy { 2.079928759049479   } 
   kinetic_energyvar { 2.618717147594803   } 
   potential_energy { -10.13152701311823   } 
   potential_energyvar { 3.023495563216259   } 
   nonlocal_energy { 0.9383053619851772   } 
   nonlocal_energyvar { 4.677814507019244   } 
   autocorr_energy { } 
} 

block { 
   label spin_0.005
   totweight 870400
   nautocorr 0
   total_energy { -7.111670551580247   } 
   total_energyvar { 0.1112535771445459   } 
   weight { 0.9980512762097541   } 
   weightvar { 0.1181287783540695   } 
   kinetic_energy { 2.057394212395941   } 
   kinetic_energyvar { 2.717260421005346   } 
   potential_energy { -10.12361581176974   } 
   potential_energyvar { 3.021665242405928   } 
   nonlocal_energy { 0.954551047793554   } 
   nonlocal_energyvar { 4.937090133443802   } 
   autocorr_energy { } 
} 

block { 
   label spin_0.005
   totweight 870400
   nautocorr 0
   total_energy { -7.109057941699042   } 
   total_energyvar { 0.08738961657069128   } 
   weight { 0.9971609362589172   } 
   weightvar { 0.1151524158902518   } 
   kinetic_energy { 2.080090976425099   } 
   kinetic_energyvar { 2.544707254957759   } 
   potential_energy { -10.10879325763697   } 
   potential_energyvar { 2.956040981250568   } 
   nonlocal_energy { 0.9196443395128243   } 
   nonlocal_energyvar { 4.471937496171834   } 
   autocorr_energy { } 
} 

block { 
   label spin_0.005
   totweight 870400
   nautocorr 0
   total_energy { -7.113032594760067   } 
   total_energyvar { 0.09367240929142522   } 
   weight { 0.9968690477227352   } 
   weightvar { 0.1136772626039235   } 
   kinetic_energy { 2.089367217972139   } 
   kinetic_energyvar { 2.502025674570466   } 
   potential_energy { -10.11129948076673   } 
   potential_energyvar { 2.890550073821596   } 
   nonlocal_energy { 0.9088996680345175   } 
   nonlocal_energyvar { 4.310644839280967   } 
   autocorr_energy { } 
} 

block { 
   label spin_0.005
   totweight 870400
   nautocorr 0
   total_energy { -7.113022121711487   } 
   total_energyvar { 0.09572116473832795   } 
   weight { 0.9986396019858226   } 
   weightvar { 0.1161925835905718   } 
   kinetic_energy { 2.066821312956269   } 
   kinetic_energyvar { 2.662661336098748   } 
   potential_energy { -10.13310144904643   } 
   potential_energyvar { 3.006089525746955   } 
   nonlocal_energy { 0.9532580143786762   } 
   nonlocal_energyvar { 4.88979791336767   } 
   autocorr_energy { } 
} 

block { 
   label spin_0.005
   totweight 870400
   nautocorr 0
   total_energy { -7.114652249065868   } 
   total_energyvar { 0.08631752669547001   } 
   weight { 0.9997461989094547   } 
   weightvar { 0.1159046797542322   } 
   kinetic_energy { 2.075658721763186   } 
   kinetic_energyvar { 2.54503050588681   } 
   potential_energy { -10.10387238145448   } 
   potential_energyvar { 2.942592307259429   } 
   nonlocal_energy { 0.9135614106254297   } 
   nonlocal_energyvar { 4.420064193813517   } 
   autocorr_energy { } 
} 

block { 
   label spin_0.005
   totweight 870400
   nautocorr 0
   total_energy { -7.112041239577843   } 
   total_energyvar { 0.08402227476501287   } 
   weight { 0.9991013360957997   } 
   weightvar { 0.1154278301337266   } 
   kinetic_energy { 2.093059075820529   } 
   kinetic_energyvar { 2.616199473237829   } 
   potential_energy { -10.13123986557484   } 
   potential_energyvar { 2.948633919950454   } 
   nonlocal_energy { 0.9261395501764662   } 
   nonlocal_energyvar { 4.596804373832515   } 
   autocorr_energy { } 
} 

block { 
   label spin_0.005
   totweight 870400
   nautocorr 0
   total_energy { -7.114298718603245   } 
   total_energyvar { 0.08930061932327567   } 
   weight { 0.9993102842619638   } 
   weightvar { 0.1149377213737265   } 
   kinetic_energy { 2.07489625739096   } 
   kinetic_energyvar { 2.559464515933797   } 
   potential_energy { -10.07437206565992   } 
   potential_energyvar { 2.87496354985029   } 
   nonlocal_energy { 0.8851770896657155   } 
   nonlocal_energyvar { 4.409511670492896   } 
   autocorr_energy { } 
} 

block { 
   label spin_0.005
   totweight 870400
   nautocorr 0
   total_energy { -7.117008564889385   } 
   total_energyvar { 0.0811461201426161   } 
   weight { 1.00121557122049   } 
   weightvar { 0.1121415201227982   } 
   kinetic_energy { 2.058148383979984   } 
   kinetic_energyvar { 2.569979580767502   } 
   potential_energy { -10.0835346525468   } 
   potential_energyvar { 2.915610698728785   } 
   nonlocal_energy { 0.9083777036774239   } 
   nonlocal_energyvar { 4.531236515665048   } 
   autocorr_energy { } 
} 

block { 
   label spin_0.005
   totweight 870400
   nautocorr 0
   total_energy { -7.118153717671158   } 
   total_energyvar { 0.08021516379532789   } 
   weight { 1.002975762038508   } 
   weightvar { 0.1118370904854979   } 
   kinetic_energy { 2.0432366776463   } 
   kinetic_energyvar { 2.557958497370357   } 
   potential_energy { -10.07460908914405   } 
   potential_energyvar { 2.859027442796918   } 
   nonlocal_energy { 0.9132186938265878   } 
   nonlocal_energyvar { 4.456788485985394   } 
   autocorr_energy { } 
} 

block { 
   label spin_0.005
   totweight 870400
   nautocorr 0
   total_energy { -7.115511500688142   } 
   total_energyvar { 0.08460906462383234   } 
   weight { 1.002844433412643   } 
   weightvar { 0.1141750923862153   } 
   kinetic_energy { 2.057454014937859   } 
   kinetic_energyvar { 2.627155778956551   } 
   potential_energy { -10.11434520368675   } 
   potential_energyvar { 2.935355924430184   } 
   nonlocal_energy { 0.9413796880607521   } 
   nonlocal_energyvar { 4.710857404324575   } 
   autocorr_energy { } 
} 

block { 
   label spin_0.005
   totweight 870400
   nautocorr 0
   total_energy { -7.114300076653858   } 
   total_energyvar { 0.08911322959747076   } 
   weight { 1.000891402921582   } 
   weightvar { 0.1122654365498451   } 
   kinetic_energy { 2.068242067334582   } 
   kinetic_energyvar { 2.584878343594822   } 
   potential_energy { -10.10628055737258   } 
   potential_energyvar { 2.95085779591096   } 
   nonlocal_energy { 0.9237384133841385   } 
   nonlocal_energyvar { 4.609738617964288   } 
   autocorr_energy { } 
} 

block { 
   label spin_0.005
   totweight 870400
   nautocorr 0
   total_energy { -7.119228265667156   } 
   total_energyvar { 0.07501403706870224   } 
   weight { 1.002308555595476   } 
   weightvar { 0.1114014360275678   } 
   kinetic_energy { 2.0792857699703   } 
   kinetic_energyvar { 2.714088643014376   } 
   potential_energy { -10.14532213258865   } 
   potential_energyvar { 2.959371037779817   } 
   nonlocal_energy { 0.9468080969511894   } 
   nonlocal_energyvar { 4.644681456710165   } 
   autocorr_energy { } 
} 

block { 
   label spin_0.005
   totweight 870400
   nautocorr 0
   total_energy { -7.116734405929629   } 
   total_energyvar { 0.1089083886916322   } 
   weight { 1.002865364437291   } 
   weightvar { 0.1112784632413866   } 
   kinetic_energy { 2.079248972503484   } 
   kinetic_energyvar { 2.829247136919664   } 
   potential_energy { -10.15659841528626   } 
   potential_energyvar { 3.021596625632756   } 
   nonlocal_energy { 0.9606150368531466   } 
   nonlocal_energyvar { 5.020886478906558   } 
   autocorr_energy { } 
} 

block { 
   label spin_0.005
   totweight 870400
   nautocorr 0
   total_energy { -7.116473586134284   } 
   total_energyvar { 0.08480746184756319   } 
   weight { 1.002225590803642   } 
   weightvar { 0.1122845439866312   } 
   kinetic_energy { 2.094911068317322   } 
   kinetic_energyvar { 2.605774296697983   } 
   potential_energy { -10.1413641545547   } 
   potential_energyvar { 2.914279007597674   } 
   nonlocal_energy { 0.9299795001030938   } 
   nonlocal_energyvar { 4.565479532466862   } 
   autocorr_energy { } 
} 

block { 
   label spin_0.005
   totweight 870400
   nautocorr 0
   total_energy { -7.114581653851529   } 
   total_energyvar { 0.0852828241694568   } 
   weight { 1.00123884827708   } 
   weightvar { 0.1124756853836569   } 
   kinetic_energy { 2.104471286237739   } 
   kinetic_energyvar { 2.740497795032661   } 
   potential_energy { -10.17614806611898   } 
   potential_energyvar { 3.027212581403171   } 
   nonlocal_energy { 0.9570951260297136   } 
   nonlocal_energyvar { 4.827081105450181   } 
   autocorr_energy { } 
} 

block { 
   label spin_0.005
   totweight 870400
   nautocorr 0
   total_energy { -7.111950444730756   } 
   total_energyvar { 0.1011630836898309   } 
   weight { 0.9994112992109143   } 
   weightvar { 0.1130761282210014   } 
   kinetic_energy { 2.090510707341563   } 
   kinetic_energyvar { 2.716480593294211   } 
   potential_energy { -10.14754657886459   } 
   potential_energyvar { 2.995475343493252   } 
   nonlocal_energy { 0.945085426792271   } 
   nonlocal_energyvar { 4.850658455462737   } 
   autocorr_energy { } 
} 

block { 
   label spin_0.005
   totweight 870400
   nautocorr 0
   total_energy { -7.114569947007762   } 
   total_energyvar { 0.1079457446064342   } 
   weight { 0.9983206833244209   } 
   weightvar { 0.1138075502443387   } 
   kinetic_energy { 2.093254481186831   } 
   kinetic_energyvar { 2.601407849605978   } 
   potential_energy { -10.11926559272275   } 
   potential_energyvar { 2.915530176629131   } 
   nonlocal_energy { 0.9114411645281546   } 
   nonlocal_energyvar { 4.416695668228821   } 
   autocorr_energy { } 
} 

block { 
   label spin_0.005
   totweight 870400
   nautocorr 0
   total_energy { -7.118688548632765   } 
   total_energyvar { 0.1037795962359129   } 
   weight { 1.000828938031795   } 
   weightvar { 0.1120571004984423   } 
   kinetic_energy { 2.076263300990997   } 
   kinetic_energyvar { 2.71337200959366   } 
   potential_energy { -10.13526679250776   } 
   potential_energyvar { 3.007215432654162   } 
   nonlocal_energy { 0.9403149428839968   } 
   nonlocal_energyvar { 4.871040936383012   } 
   autocorr_energy { } 
} 

block { 
   label spin_0.005
   totweight 870400
   nautocorr 0
   total_energy { -7.115242464176379   } 
   total_energyvar { 0.08693814392713009   } 
   weight { 1.001677708939633   } 
   weightvar { 0.1116324875516612   } 
   kinetic_energy { 2.094584601559363   } 
   kinetic_energyvar { 2.57595535811546   } 
   potential_energy { -10.14848393868876   } 
   potential_energyvar { 2.879111804180559   } 
   nonlocal_energy { 0.9386568729530161   } 
   nonlocal_energyvar { 4.546932163604802   } 
   autocorr_energy { } 
} 

block { 
   label spin_0.005
   totweight 870400
   nautocorr 0
   total_energy { -7.11529115001908   } 
   total_energyvar { 0.08688779422930619   } 
   weight { 1.000833749616623   } 
   weightvar { 0.1118354067244294   } 
   kinetic_energy { 2.089585092329603   } 
   kinetic_energyvar { 2.648830801462439   } 
   potential_energy { -10.15019320641557   } 
   potential_energyvar { 2.918254785134262   } 
   nonlocal_energy { 0.9453169640668866   } 
   nonlocal_energyvar { 4.642686033413516   } 
   autocorr_energy { } 
} 

block { 
   label spin_0.005
   totweight 870400
   nautocorr 0
   total_energy { -7.111097226279   } 
   total_energyvar { 0.09863771027628201   } 
   weight { 0.9984058862218478   } 
   weightvar { 0.1087687216685977   } 
   kinetic_energy { 2.082109136762757   } 
   kinetic_energyvar { 2.639892971716005   } 
   potential_energy { -10.13333581253728   } 
   potential_energyvar { 2.94665717276673   } 
   nonlocal_energy { 0.9401294494955197   } 
   nonlocal_energyvar { 4.696146673511311   } 
   autocorr_energy { } 
} 

block { 
   label spin_0.005
   totweight 870400
   nautocorr 0
   total_energy { -7.111815113901943   } 
   total_energyvar { 0.09899574082347165   } 
   weight { 0.9973713228996306   } 
   weightvar { 0.1092830996130836   } 
   kinetic_energy { 2.072211187729225   } 
   kinetic_energyvar { 2.629852271888248   } 
   potential_energy { -10.10753438208286   } 
   potential_energyvar { 2.98836512510956   } 
   nonlocal_energy { 0.9235080804516905   } 
   nonlocal_energyvar { 4.629987161095   } 
   autocorr_energy { } 
} 

block { 
   label spin_0.005
   totweight 870400
   nautocorr 0
   total_energy { -7.116106000089539   } 
   total_energyvar { 0.08665952985468504   } 
   weight { 0.998196725836851   } 
   weightvar { 0.1111283894890652   } 
   kinetic_energy { 2.072345002072435   } 
   kinetic_energyvar { 2.677774296327525   } 
   potential_energy { -10.13461137119626   } 
   potential_energyvar { 2.997153053797684   } 
   nonlocal_energy { 0.9461603690342819   } 
   nonlocal_energyvar { 4.610704069511774   } 
   autocorr_energy { } 
} 

block { 
   label spin_0.005
   totweight 870400
   nautocorr 0
   total_energy { -7.115918255336624   } 
   total_energyvar { 0.08001777040705542   } 
   weight { 1.000640684508427   } 
   weightvar { 0.1132861085513333   } 
   kinetic_energy { 2.082280048845148   } 
   kinetic_energyvar { 2.707612903088507   } 
   potential_energy { -10.1549638023008   } 
   potential_energyvar { 2.915922470727751   } 
   nonlocal_energy { 0.9567654981190334   } 
   nonlocal_energyvar { 4.804559965169261   } 
   autocorr_energy { } 
} 

block { 
   label spin_0.005
   totweight 870400
   nautocorr 0
   total_energy { -7.114505619352828   } 
   total_energyvar { 0.08798805671440643   } 
   weight { 1.000233164164237   } 
   weightvar { 0.1170821780824788   } 
   kinetic_energy { 2.094586269476822   } 
   kinetic_energyvar { 2.641392781210827   } 
   potential_energy { -10.15397877474969   } 
   potential_energyvar { 2.958353846386381   } 
   nonlocal_energy { 0.9448868859200409   } 
   nonlocal_energyvar { 4.58619230968514   } 
   autocorr_energy { } 
} 

block { 
   label spin_0.005
   totweight 870400
   nautocorr 0
   total_energy { -7.115599588154328   } 
   total_energyvar { 0.1187477536684211   } 
   weight { 1.000325919633527   } 
   weightvar { 0.1173980710132267   } 
   kinetic_energy { 2.09670741449445   } 
   kinetic_energyvar { 2.52990416826067   } 
   potential_energy { -10.10762654940663   } 
   potential_energyvar { 2.956240395341449   } 
   nonlocal_energy { 0.8953195467578576   } 
   nonlocal_energyvar { 4.449341165923685   } 
   autocorr_energy { } 
} 

block { 
   label spin_0.005
   totweight 870400
   nautocorr 0
   total_energy { -7.114064267303317   } 
   total_energyvar { 0.09262997909859365   } 
   weight { 0.9998754386934351   } 
   weightvar { 0.1152551351919879   } 
   kinetic_energy { 2.083324400134829   } 
   kinetic_energyvar { 2.631968597516748   } 
   potential_energy { -10.11758992168662   } 
   potential_energyvar { 2.952699533607683   } 
   nonlocal_energy { 0.9202012542484675   } 
   nonlocal_energyvar { 4.646522129033362   } 
   autocorr_energy { } 
} 

