#-------------------------------------------------
#VMC run: timestep 0.42 nconfig 3072 steps 30
#-------------------------------------------------


init { 
   label vmc
}
block { 
   label vmc
   totweight 92160
   nautocorr 0
   total_energy { -7.099493325365645   } 
   total_energyvar { 0.07838252003495581   } 
   weight { 1   } 
   weightvar { 0   } 
   kinetic_energy { 2.08461531875784   } 
   kinetic_energyvar { 2.565425157100177   } 
   potential_energy { -10.11326748180277   } 
   potential_energyvar { 2.900095146013859   } 
   nonlocal_energy { 0.9291588376792865   } 
   nonlocal_energyvar { 4.459204507403027   } 
   autocorr_energy { } 
} 

block { 
   label vmc
   totweight 92160
   nautocorr 0
   total_energy { -7.096084256336865   } 
   total_energyvar { 0.09327084252546068   } 
   weight { 1   } 
   weightvar { 0   } 
   kinetic_energy { 2.086457622368151   } 
   kinetic_energyvar { 2.614320978748004   } 
   potential_energy { -10.11616285630972   } 
   potential_energyvar { 2.969590329098124   } 
   nonlocal_energy { 0.9336209776047001   } 
   nonlocal_energyvar { 4.698197598226767   } 
   autocorr_energy { } 
} 

block { 
   label vmc
   totweight 92160
   nautocorr 0
   total_energy { -7.096308720736046   } 
   total_energyvar { 0.1080320611590027   } 
   weight { 1   } 
   weightvar { 0   } 
   kinetic_energy { 2.08270936391314   } 
   kinetic_energyvar { 2.609258007420086   } 
   potential_energy { -10.12223887926856   } 
   potential_energyvar { 2.977193718288037   } 
   nonlocal_energy { 0.943220794619377   } 
   nonlocal_energyvar { 4.626574299563528   } 
   autocorr_energy { } 
} 

block { 
   label vmc
   totweight 92160
   nautocorr 0
   total_energy { -7.09569886413302   } 
   total_energyvar { 0.2082323786473383   } 
   weight { 1   } 
   weightvar { 0   } 
   kinetic_energy { 2.085959644073259   } 
   kinetic_energyvar { 2.773179966236114   } 
   potential_energy { -10.1287895447291   } 
   potential_energyvar { 3.048756839607682   } 
   nonlocal_energy { 0.9471310365228269   } 
   nonlocal_energyvar { 4.802210239558391   } 
   autocorr_energy { } 
} 

block { 
   label vmc
   totweight 92160
   nautocorr 0
   total_energy { -7.095833556177197   } 
   total_energyvar { 0.1090175827518316   } 
   weight { 1   } 
   weightvar { 0   } 
   kinetic_energy { 2.078833451069945   } 
   kinetic_energyvar { 2.615740077153675   } 
   potential_energy { -10.11759068115058   } 
   potential_energyvar { 2.949977259976983   } 
   nonlocal_energy { 0.942923673903441   } 
   nonlocal_energyvar { 4.675730260661999   } 
   autocorr_energy { } 
} 

block { 
   label vmc
   totweight 92160
   nautocorr 0
   total_energy { -7.095300968540743   } 
   total_energyvar { 0.09278787779720019   } 
   weight { 1   } 
   weightvar { 0   } 
   kinetic_energy { 2.098052503940813   } 
   kinetic_energyvar { 2.6022140942884   } 
   potential_energy { -10.13394968692742   } 
   potential_energyvar { 2.941741057633316   } 
   nonlocal_energy { 0.9405962144458623   } 
   nonlocal_energyvar { 4.58999542274693   } 
   autocorr_energy { } 
} 

block { 
   label vmc
   totweight 92160
   nautocorr 0
   total_energy { -7.097619972578729   } 
   total_energyvar { 0.09621187452155473   } 
   weight { 1   } 
   weightvar { 0   } 
   kinetic_energy { 2.080930703810956   } 
   kinetic_energyvar { 2.713561631334703   } 
   potential_energy { -10.1253626478837   } 
   potential_energyvar { 3.002207667759391   } 
   nonlocal_energy { 0.9468119714940156   } 
   nonlocal_energyvar { 4.841077118655656   } 
   autocorr_energy { } 
} 

block { 
   label vmc
   totweight 92160
   nautocorr 0
   total_energy { -7.097898671565104   } 
   total_energyvar { 0.1061191901185452   } 
   weight { 1   } 
   weightvar { 0   } 
   kinetic_energy { 2.079533200685438   } 
   kinetic_energyvar { 2.597404077180926   } 
   potential_energy { -10.11146068604567   } 
   potential_energyvar { 2.956703860560194   } 
   nonlocal_energy { 0.9340288137951268   } 
   nonlocal_energyvar { 4.554264073019792   } 
   autocorr_energy { } 
} 

block { 
   label vmc
   totweight 92160
   nautocorr 0
   total_energy { -7.097730438317818   } 
   total_energyvar { 0.08671877887867722   } 
   weight { 1   } 
   weightvar { 0   } 
   kinetic_energy { 2.076177355351647   } 
   kinetic_energyvar { 2.685062348181216   } 
   potential_energy { -10.11673577050573   } 
   potential_energyvar { 2.923978230862986   } 
   nonlocal_energy { 0.9428279768362687   } 
   nonlocal_energyvar { 4.714408795498287   } 
   autocorr_energy { } 
} 

block { 
   label vmc
   totweight 92160
   nautocorr 0
   total_energy { -7.097016652499219   } 
   total_energyvar { 0.085032642068849   } 
   weight { 1   } 
   weightvar { 0   } 
   kinetic_energy { 2.090357607767759   } 
   kinetic_energyvar { 2.593856983960967   } 
   potential_energy { -10.11845383533283   } 
   potential_energyvar { 2.944757384200096   } 
   nonlocal_energy { 0.9310795750658483   } 
   nonlocal_energyvar { 4.571274856100979   } 
   autocorr_energy { } 
} 

block { 
   label vmc
   totweight 92160
   nautocorr 0
   total_energy { -7.095461500528756   } 
   total_energyvar { 0.08589572084155356   } 
   weight { 1   } 
   weightvar { 0   } 
   kinetic_energy { 2.078047740176015   } 
   kinetic_energyvar { 2.593472567797976   } 
   potential_energy { -10.10453654434098   } 
   potential_energyvar { 2.899460137235323   } 
   nonlocal_energy { 0.9310273036362084   } 
   nonlocal_energyvar { 4.549739394726426   } 
   autocorr_energy { } 
} 

block { 
   label vmc
   totweight 92160
   nautocorr 0
   total_energy { -7.096779108683683   } 
   total_energyvar { 0.1064771703894776   } 
   weight { 1   } 
   weightvar { 0   } 
   kinetic_energy { 2.08765288720893   } 
   kinetic_energyvar { 2.622594299734379   } 
   potential_energy { -10.12704932470219   } 
   potential_energyvar { 3.014925317002088   } 
   nonlocal_energy { 0.9426173288095805   } 
   nonlocal_energyvar { 4.655232356647371   } 
   autocorr_energy { } 
} 

block { 
   label vmc
   totweight 92160
   nautocorr 0
   total_energy { -7.096009356427223   } 
   total_energyvar { 0.1162412085473174   } 
   weight { 1   } 
   weightvar { 0   } 
   kinetic_energy { 2.087462073011156   } 
   kinetic_energyvar { 2.64061395288432   } 
   potential_energy { -10.12540129841415   } 
   potential_energyvar { 2.970603803678444   } 
   nonlocal_energy { 0.9419298689757738   } 
   nonlocal_energyvar { 4.730982005372024   } 
   autocorr_energy { } 
} 

block { 
   label vmc
   totweight 92160
   nautocorr 0
   total_energy { -7.097531209115775   } 
   total_energyvar { 0.1003479125521297   } 
   weight { 1   } 
   weightvar { 0   } 
   kinetic_energy { 2.083853848339217   } 
   kinetic_energyvar { 2.589651703316175   } 
   potential_energy { -10.11333334012892   } 
   potential_energyvar { 2.956856179748888   } 
   nonlocal_energy { 0.9319482826739256   } 
   nonlocal_energyvar { 4.596433748759613   } 
   autocorr_energy { } 
} 

block { 
   label vmc
   totweight 92160
   nautocorr 0
   total_energy { -7.095926123864079   } 
   total_energyvar { 0.09035874438300255   } 
   weight { 1   } 
   weightvar { 0   } 
   kinetic_energy { 2.087905214542066   } 
   kinetic_energyvar { 2.708418810255771   } 
   potential_energy { -10.11389321134197   } 
   potential_energyvar { 3.027070489647906   } 
   nonlocal_energy { 0.9300618729358222   } 
   nonlocal_energyvar { 4.587426417090222   } 
   autocorr_energy { } 
} 

block { 
   label vmc
   totweight 92160
   nautocorr 0
   total_energy { -7.097497169084749   } 
   total_energyvar { 0.08738925364643654   } 
   weight { 1   } 
   weightvar { 0   } 
   kinetic_energy { 2.084588752694052   } 
   kinetic_energyvar { 2.659590061269421   } 
   potential_energy { -10.12213917671347   } 
   potential_energyvar { 2.957528043958573   } 
   nonlocal_energy { 0.9400532549346691   } 
   nonlocal_energyvar { 4.697205606126138   } 
   autocorr_energy { } 
} 

block { 
   label vmc
   totweight 92160
   nautocorr 0
   total_energy { -7.098437028144844   } 
   total_energyvar { 0.1208693847448257   } 
   weight { 1   } 
   weightvar { 0   } 
   kinetic_energy { 2.085206116456388   } 
   kinetic_energyvar { 2.687223991560225   } 
   potential_energy { -10.11900451828566   } 
   potential_energyvar { 3.01411030358515   } 
   nonlocal_energy { 0.9353613736844314   } 
   nonlocal_energyvar { 4.779604063862507   } 
   autocorr_energy { } 
} 

block { 
   label vmc
   totweight 92160
   nautocorr 0
   total_energy { -7.09776432075255   } 
   total_energyvar { 0.08199568609232405   } 
   weight { 1   } 
   weightvar { 0   } 
   kinetic_energy { 2.077262577774469   } 
   kinetic_energyvar { 2.691083504646858   } 
   potential_energy { -10.11511505382645   } 
   potential_energyvar { 2.92078892415644   } 
   nonlocal_energy { 0.9400881552994282   } 
   nonlocal_energyvar { 4.716180600402613   } 
   autocorr_energy { } 
} 

block { 
   label vmc
   totweight 92160
   nautocorr 0
   total_energy { -7.096477585606602   } 
   total_energyvar { 0.1055391274560534   } 
   weight { 1   } 
   weightvar { 0   } 
   kinetic_energy { 2.070651005031074   } 
   kinetic_energyvar { 2.650627395791576   } 
   potential_energy { -10.11273531561209   } 
   potential_energyvar { 2.986642781127896   } 
   nonlocal_energy { 0.9456067249744157   } 
   nonlocal_energyvar { 4.793643094618503   } 
   autocorr_energy { } 
} 

block { 
   label vmc
   totweight 92160
   nautocorr 0
   total_energy { -7.095208512654506   } 
   total_energyvar { 0.08988904673189221   } 
   weight { 1   } 
   weightvar { 0   } 
   kinetic_energy { 2.083316490920895   } 
   kinetic_energyvar { 2.610249446555733   } 
   potential_energy { -10.11038643402815   } 
   potential_energyvar { 2.953270483683229   } 
   nonlocal_energy { 0.9318614304527455   } 
   nonlocal_energyvar { 4.646063656279618   } 
   autocorr_energy { } 
} 

block { 
   label vmc
   totweight 92160
   nautocorr 0
   total_energy { -7.095397676816195   } 
   total_energyvar { 0.08971510480639557   } 
   weight { 1   } 
   weightvar { 0   } 
   kinetic_energy { 2.090241027624972   } 
   kinetic_energyvar { 2.598497115768728   } 
   potential_energy { -10.12730097511791   } 
   potential_energyvar { 2.95087861272907   } 
   nonlocal_energy { 0.9416622706767467   } 
   nonlocal_energyvar { 4.581485520410848   } 
   autocorr_energy { } 
} 

block { 
   label vmc
   totweight 92160
   nautocorr 0
   total_energy { -7.097373127754789   } 
   total_energyvar { 0.08979797443823925   } 
   weight { 1   } 
   weightvar { 0   } 
   kinetic_energy { 2.076933720301788   } 
   kinetic_energyvar { 2.694835202889761   } 
   potential_energy { -10.12748800520503   } 
   potential_energyvar { 3.025064742071244   } 
   nonlocal_energy { 0.9531811571484519   } 
   nonlocal_energyvar { 4.850145163699914   } 
   autocorr_energy { } 
} 

block { 
   label vmc
   totweight 92160
   nautocorr 0
   total_energy { -7.095773024750183   } 
   total_energyvar { 0.09115075236499666   } 
   weight { 1   } 
   weightvar { 0   } 
   kinetic_energy { 2.08716252843753   } 
   kinetic_energyvar { 2.575089363044263   } 
   potential_energy { -10.10719845555026   } 
   potential_energyvar { 2.921200643226512   } 
   nonlocal_energy { 0.9242629023625512   } 
   nonlocal_energyvar { 4.466528408131797   } 
   autocorr_energy { } 
} 

block { 
   label vmc
   totweight 92160
   nautocorr 0
   total_energy { -7.098302038285316   } 
   total_energyvar { 0.091349379799404   } 
   weight { 1   } 
   weightvar { 0   } 
   kinetic_energy { 2.074663857840916   } 
   kinetic_energyvar { 2.712793972838045   } 
   potential_energy { -10.11736290053677   } 
   potential_energyvar { 2.956677527792274   } 
   nonlocal_energy { 0.94439700441054   } 
   nonlocal_energyvar { 4.813159876511824   } 
   autocorr_energy { } 
} 

block { 
   label vmc
   totweight 92160
   nautocorr 0
   total_energy { -7.098468351798218   } 
   total_energyvar { 0.08367049345051428   } 
   weight { 1   } 
   weightvar { 0   } 
   kinetic_energy { 2.078202679085503   } 
   kinetic_energyvar { 2.615471843407253   } 
   potential_energy { -10.11305739117412   } 
   potential_energyvar { 2.981745618095566   } 
   nonlocal_energy { 0.9363863602904012   } 
   nonlocal_energyvar { 4.648899816459755   } 
   autocorr_energy { } 
} 

block { 
   label vmc
   totweight 92160
   nautocorr 0
   total_energy { -7.097437979430412   } 
   total_energyvar { 0.08549576643701363   } 
   weight { 1   } 
   weightvar { 0   } 
   kinetic_energy { 2.084321122472195   } 
   kinetic_energyvar { 2.602216411498961   } 
   potential_energy { -10.12055887791028   } 
   potential_energyvar { 2.93085994705334   } 
   nonlocal_energy { 0.9387997760076678   } 
   nonlocal_energyvar { 4.614733979657112   } 
   autocorr_energy { } 
} 

block { 
   label vmc
   totweight 92160
   nautocorr 0
   total_energy { -7.095957943860811   } 
   total_energyvar { 0.09102740396978534   } 
   weight { 1   } 
   weightvar { 0   } 
   kinetic_energy { 2.085137036663601   } 
   kinetic_energyvar { 2.573879709048149   } 
   potential_energy { -10.1079902064213   } 
   potential_energyvar { 2.92092812276541   } 
   nonlocal_energy { 0.926895225896889   } 
   nonlocal_energyvar { 4.46589347801125   } 
   autocorr_energy { } 
} 

block { 
   label vmc
   totweight 92160
   nautocorr 0
   total_energy { -7.098661757237697   } 
   total_energyvar { 0.08514442123407123   } 
   weight { 1   } 
   weightvar { 0   } 
   kinetic_energy { 2.090228321185429   } 
   kinetic_energyvar { 2.559994376602108   } 
   potential_energy { -10.10964857602302   } 
   potential_energyvar { 2.881527851736421   } 
   nonlocal_energy { 0.9207584975998995   } 
   nonlocal_energyvar { 4.393157634444686   } 
   autocorr_energy { } 
} 

block { 
   label vmc
   totweight 92160
   nautocorr 0
   total_energy { -7.096196211685053   } 
   total_energyvar { 0.08965984986693012   } 
   weight { 1   } 
   weightvar { 0   } 
   kinetic_energy { 2.090364177767381   } 
   kinetic_energyvar { 2.60883856311017   } 
   potential_energy { -10.11664809330994   } 
   potential_energyvar { 2.965950609354383   } 
   nonlocal_energy { 0.9300877038575064   } 
   nonlocal_energyvar { 4.689320090190507   } 
   autocorr_energy { } 
} 

block { 
   label vmc
   totweight 92160
   nautocorr 0
   total_energy { -7.098083265607285   } 
   total_energyvar { 0.1140601582092135   } 
   weight { 1   } 
   weightvar { 0   } 
   kinetic_energy { 2.079137630605215   } 
   kinetic_energyvar { 2.634461105770626   } 
   potential_energy { -10.11590704073723   } 
   potential_energyvar { 2.971079676737964   } 
   nonlocal_energy { 0.9386861445247293   } 
   nonlocal_energyvar { 4.697713071005426   } 
   autocorr_energy { } 
} 

