#-------------------------------------------------
#VMC run: timestep 0.5 nconfig 2560 steps 20
#-------------------------------------------------


init { 
   label vmc
}
block { 
   label vmc
   totweight 51200
   nautocorr 0
   total_energy { -134.3150508755829   } 
   total_energyvar { 1.530462931053379   } 
   weight { 1   } 
   weightvar { 0   } 
   kinetic_energy { 48.31667782865383   } 
   kinetic_energyvar { 153.9895784768611   } 
   potential_energy { -195.8905549207263   } 
   potential_energyvar { 162.3832402283584   } 
   nonlocal_energy { 13.25882621648961   } 
   nonlocal_energyvar { 229.2557586841678   } 
   autocorr_energy { } 
} 

block { 
   label vmc
   totweight 51200
   nautocorr 0
   total_energy { -134.3163478323821   } 
   total_energyvar { 1.523722510976696   } 
   weight { 1   } 
   weightvar { 0   } 
   kinetic_energy { 48.04662290378856   } 
   kinetic_energyvar { 149.9806921100602   } 
   potential_energy { -195.6980324782504   } 
   potential_energyvar { 163.6514783740797   } 
   nonlocal_energy { 13.33506174207975   } 
   nonlocal_energyvar { 223.2716059602833   } 
   autocorr_energy { } 
} 

block { 
   label vmc
   totweight 51200
   nautocorr 0
   total_energy { -134.3208448498888   } 
   total_energyvar { 1.583155941881655   } 
   weight { 1   } 
   weightvar { 0   } 
   kinetic_energy { 47.89959608154799   } 
   kinetic_energyvar { 156.3321658102289   } 
   potential_energy { -195.59928822897   } 
   potential_energyvar { 163.6127629465431   } 
   nonlocal_energy { 13.37884729753319   } 
   nonlocal_energyvar { 235.2085573587601   } 
   autocorr_energy { } 
} 

block { 
   label vmc
   totweight 51200
   nautocorr 0
   total_energy { -134.3019284145616   } 
   total_energyvar { 1.544985281563535   } 
   weight { 1   } 
   weightvar { 0   } 
   kinetic_energy { 48.14152964648298   } 
   kinetic_energyvar { 151.1276754941436   } 
   potential_energy { -195.8670282906087   } 
   potential_energyvar { 163.4516543125   } 
   nonlocal_energy { 13.42357022956416   } 
   nonlocal_energyvar { 229.0921599628033   } 
   autocorr_energy { } 
} 

block { 
   label vmc
   totweight 51200
   nautocorr 0
   total_energy { -134.3201730948059   } 
   total_energyvar { 1.557485236242534   } 
   weight { 1   } 
   weightvar { 0   } 
   kinetic_energy { 48.05639469006137   } 
   kinetic_energyvar { 160.5625622224554   } 
   potential_energy { -195.7879810003896   } 
   potential_energyvar { 163.7314185941512   } 
   nonlocal_energy { 13.41141321552233   } 
   nonlocal_energyvar { 240.8777480165783   } 
   autocorr_energy { } 
} 

block { 
   label vmc
   totweight 51200
   nautocorr 0
   total_energy { -134.3128252467672   } 
   total_energyvar { 1.55646973065985   } 
   weight { 1   } 
   weightvar { 0   } 
   kinetic_energy { 48.14923918119734   } 
   kinetic_energyvar { 156.6581469946045   } 
   potential_energy { -195.8260352854709   } 
   potential_energyvar { 165.1900241563789   } 
   nonlocal_energy { 13.36397085750644   } 
   nonlocal_energyvar { 235.4707789039773   } 
   autocorr_energy { } 
} 

block { 
   label vmc
   totweight 51200
   nautocorr 0
   total_energy { -134.3105236134888   } 
   total_energyvar { 1.543437222086483   } 
   weight { 1   } 
   weightvar { 0   } 
   kinetic_energy { 48.07169227574867   } 
   kinetic_energyvar { 155.9040247941437   } 
   potential_energy { -195.7918569738253   } 
   potential_energyvar { 164.8739299040829   } 
   nonlocal_energy { 13.40964108458781   } 
   nonlocal_energyvar { 232.0903354175033   } 
   autocorr_energy { } 
} 

block { 
   label vmc
   totweight 51200
   nautocorr 0
   total_energy { -134.3107633214916   } 
   total_energyvar { 1.574534284143097   } 
   weight { 1   } 
   weightvar { 0   } 
   kinetic_energy { 48.20897608611862   } 
   kinetic_energyvar { 147.7291524227812   } 
   potential_energy { -195.6704306999913   } 
   potential_energyvar { 163.5265068999735   } 
   nonlocal_energy { 13.15069129238116   } 
   nonlocal_energyvar { 222.6869052019973   } 
   autocorr_energy { } 
} 

block { 
   label vmc
   totweight 51200
   nautocorr 0
   total_energy { -134.3141308520765   } 
   total_energyvar { 1.549421322647598   } 
   weight { 1   } 
   weightvar { 0   } 
   kinetic_energy { 48.22056034717248   } 
   kinetic_energyvar { 147.7625687107774   } 
   potential_energy { -195.8406685046542   } 
   potential_energyvar { 163.0386427352979   } 
   nonlocal_energy { 13.30597730540515   } 
   nonlocal_energyvar { 221.4984466833985   } 
   autocorr_energy { } 
} 

block { 
   label vmc
   totweight 51200
   nautocorr 0
   total_energy { -134.3094382445263   } 
   total_energyvar { 1.55949450993831   } 
   weight { 1   } 
   weightvar { 0   } 
   kinetic_energy { 48.06890364491041   } 
   kinetic_energyvar { 152.4176416534048   } 
   potential_energy { -195.7460287964862   } 
   potential_energyvar { 162.9581040455998   } 
   nonlocal_energy { 13.3676869070495   } 
   nonlocal_energyvar { 228.4181085531777   } 
   autocorr_energy { } 
} 

block { 
   label vmc
   totweight 51200
   nautocorr 0
   total_energy { -134.3073008191578   } 
   total_energyvar { 1.598498847524433   } 
   weight { 1   } 
   weightvar { 0   } 
   kinetic_energy { 48.0254962116803   } 
   kinetic_energyvar { 157.3773982667254   } 
   potential_energy { -195.7311391978722   } 
   potential_energyvar { 162.9241186498945   } 
   nonlocal_energy { 13.39834216703407   } 
   nonlocal_energyvar { 235.75915261413   } 
   autocorr_energy { } 
} 

block { 
   label vmc
   totweight 51200
   nautocorr 0
   total_energy { -134.3023743664419   } 
   total_energyvar { 1.573111523152273   } 
   weight { 1   } 
   weightvar { 0   } 
   kinetic_energy { 48.16995191158432   } 
   kinetic_energyvar { 149.9677031467552   } 
   potential_energy { -195.7654546714326   } 
   potential_energyvar { 162.5580051010524   } 
   nonlocal_energy { 13.29312839340638   } 
   nonlocal_energyvar { 227.4116637869395   } 
   autocorr_energy { } 
} 

block { 
   label vmc
   totweight 51200
   nautocorr 0
   total_energy { -134.3184207422817   } 
   total_energyvar { 1.553286068166617   } 
   weight { 1   } 
   weightvar { 0   } 
   kinetic_energy { 48.06116558853362   } 
   kinetic_energyvar { 154.8717137767803   } 
   potential_energy { -195.7874173886886   } 
   potential_energyvar { 165.331745020889   } 
   nonlocal_energy { 13.40783105787327   } 
   nonlocal_energyvar { 232.0957373311941   } 
   autocorr_energy { } 
} 

block { 
   label vmc
   totweight 51200
   nautocorr 0
   total_energy { -134.3126910182365   } 
   total_energyvar { 1.549219610445446   } 
   weight { 1   } 
   weightvar { 0   } 
   kinetic_energy { 48.11874904636991   } 
   kinetic_energyvar { 154.839286377494   } 
   potential_energy { -195.8246455047099   } 
   potential_energyvar { 164.1443856021587   } 
   nonlocal_energy { 13.39320544010353   } 
   nonlocal_energyvar { 232.5028764933368   } 
   autocorr_energy { } 
} 

block { 
   label vmc
   totweight 51200
   nautocorr 0
   total_energy { -134.3196195419276   } 
   total_energyvar { 1.549733466102392   } 
   weight { 1   } 
   weightvar { 0   } 
   kinetic_energy { 48.23861604249527   } 
   kinetic_energyvar { 150.212475461178   } 
   potential_energy { -195.767177735226   } 
   potential_energyvar { 164.1151171930755   } 
   nonlocal_energy { 13.20894215080311   } 
   nonlocal_energyvar { 223.7492834051075   } 
   autocorr_energy { } 
} 

block { 
   label vmc
   totweight 51200
   nautocorr 0
   total_energy { -134.309463711802   } 
   total_energyvar { 1.579333736020615   } 
   weight { 1   } 
   weightvar { 0   } 
   kinetic_energy { 48.20368045111042   } 
   kinetic_energyvar { 150.8960419063049   } 
   potential_energy { -195.6706446069048   } 
   potential_energyvar { 165.6553679498423   } 
   nonlocal_energy { 13.15750044399237   } 
   nonlocal_energyvar { 224.9739951078767   } 
   autocorr_energy { } 
} 

block { 
   label vmc
   totweight 51200
   nautocorr 0
   total_energy { -134.3163851703955   } 
   total_energyvar { 1.515678914125577   } 
   weight { 1   } 
   weightvar { 0   } 
   kinetic_energy { 48.17123749284831   } 
   kinetic_energyvar { 154.2914078580938   } 
   potential_energy { -195.8124266510696   } 
   potential_energyvar { 163.6445680783205   } 
   nonlocal_energy { 13.32480398782576   } 
   nonlocal_energyvar { 233.1798478398501   } 
   autocorr_energy { } 
} 

block { 
   label vmc
   totweight 51200
   nautocorr 0
   total_energy { -134.3047755661868   } 
   total_energyvar { 1.516833707587378   } 
   weight { 1   } 
   weightvar { 0   } 
   kinetic_energy { 48.13082607577133   } 
   kinetic_energyvar { 152.4220008681527   } 
   potential_energy { -195.556730985276   } 
   potential_energyvar { 162.1803182492738   } 
   nonlocal_energy { 13.12112934331793   } 
   nonlocal_energyvar { 229.1760927675975   } 
   autocorr_energy { } 
} 

block { 
   label vmc
   totweight 51200
   nautocorr 0
   total_energy { -134.3205692403783   } 
   total_energyvar { 1.610468118367283   } 
   weight { 1   } 
   weightvar { 0   } 
   kinetic_energy { 48.07982500977062   } 
   kinetic_energyvar { 156.1037845792791   } 
   potential_energy { -195.7496790998156   } 
   potential_energyvar { 162.7591705908406   } 
   nonlocal_energy { 13.34928484966664   } 
   nonlocal_energyvar { 234.9765014786586   } 
   autocorr_energy { } 
} 

block { 
   label vmc
   totweight 51200
   nautocorr 0
   total_energy { -134.3202615353453   } 
   total_energyvar { 1.562751157056034   } 
   weight { 1   } 
   weightvar { 0   } 
   kinetic_energy { 48.06898353069238   } 
   kinetic_energyvar { 150.5590782098942   } 
   potential_energy { -195.8292946624725   } 
   potential_energyvar { 165.3838865609361   } 
   nonlocal_energy { 13.44004959643481   } 
   nonlocal_energyvar { 230.8078306433133   } 
   autocorr_energy { } 
} 

