#-------------------------------------------------
#VMC run: timestep 0.5 nconfig 2560 steps 20
#-------------------------------------------------


init { 
   label vmc
}
block { 
   label vmc
   totweight 51200
   nautocorr 0
   total_energy { -134.5300784826863   } 
   total_energyvar { 11.07196720260204   } 
   weight { 1   } 
   weightvar { 0   } 
   kinetic_energy { 47.57716883406693   } 
   kinetic_energyvar { 159.8527398402495   } 
   potential_energy { -195.8593883429538   } 
   potential_energyvar { 173.1314686257989   } 
   nonlocal_energy { 13.75214102620047   } 
   nonlocal_energyvar { 239.5961803878154   } 
   autocorr_energy { } 
} 

block { 
   label vmc
   totweight 51200
   nautocorr 0
   total_energy { -134.5090445853674   } 
   total_energyvar { 13.09183796313606   } 
   weight { 1   } 
   weightvar { 0   } 
   kinetic_energy { 47.3943430503749   } 
   kinetic_energyvar { 158.3988489202459   } 
   potential_energy { -195.8257033203275   } 
   potential_energyvar { 173.3631995632057   } 
   nonlocal_energy { 13.92231568458519   } 
   nonlocal_energyvar { 243.6266732726949   } 
   autocorr_energy { } 
} 

block { 
   label vmc
   totweight 51200
   nautocorr 0
   total_energy { -134.5327609010064   } 
   total_energyvar { 3.703672785581225   } 
   weight { 1   } 
   weightvar { 0   } 
   kinetic_energy { 47.37594566572397   } 
   kinetic_energyvar { 156.4784376441667   } 
   potential_energy { -195.8040628071395   } 
   potential_energyvar { 170.339916405959   } 
   nonlocal_energy { 13.89535624040918   } 
   nonlocal_energyvar { 236.8333806893884   } 
   autocorr_energy { } 
} 

block { 
   label vmc
   totweight 51200
   nautocorr 0
   total_energy { -134.5326971592877   } 
   total_energyvar { 5.256923183048589   } 
   weight { 1   } 
   weightvar { 0   } 
   kinetic_energy { 47.2558886283482   } 
   kinetic_energyvar { 157.4346976154732   } 
   potential_energy { -195.6898380840653   } 
   potential_energyvar { 168.501999990189   } 
   nonlocal_energy { 13.9012522964293   } 
   nonlocal_energyvar { 237.8282472014479   } 
   autocorr_energy { } 
} 

block { 
   label vmc
   totweight 51200
   nautocorr 0
   total_energy { -134.5248595416278   } 
   total_energyvar { 3.746875881928054   } 
   weight { 1   } 
   weightvar { 0   } 
   kinetic_energy { 47.39727413514746   } 
   kinetic_energyvar { 157.094769763034   } 
   potential_energy { -195.6966723164815   } 
   potential_energyvar { 167.5445664457229   } 
   nonlocal_energy { 13.77453863970632   } 
   nonlocal_energyvar { 233.6852106776066   } 
   autocorr_energy { } 
} 

block { 
   label vmc
   totweight 51200
   nautocorr 0
   total_energy { -134.5512824476748   } 
   total_energyvar { 3.614981804413433   } 
   weight { 1   } 
   weightvar { 0   } 
   kinetic_energy { 47.2448716072491   } 
   kinetic_energyvar { 154.4852226521444   } 
   potential_energy { -195.6843791359762   } 
   potential_energyvar { 171.4793695465424   } 
   nonlocal_energy { 13.88822508105229   } 
   nonlocal_energyvar { 231.826792421462   } 
   autocorr_energy { } 
} 

block { 
   label vmc
   totweight 51200
   nautocorr 0
   total_energy { -134.54195753027   } 
   total_energyvar { 3.839118604317372   } 
   weight { 1   } 
   weightvar { 0   } 
   kinetic_energy { 47.34986511798583   } 
   kinetic_energyvar { 161.5435049854354   } 
   potential_energy { -195.83846722333   } 
   potential_energyvar { 172.4706226240534   } 
   nonlocal_energy { 13.94664457507421   } 
   nonlocal_energyvar { 238.4964576477707   } 
   autocorr_energy { } 
} 

block { 
   label vmc
   totweight 51200
   nautocorr 0
   total_energy { -134.5286421523002   } 
   total_energyvar { 3.646009513083113   } 
   weight { 1   } 
   weightvar { 0   } 
   kinetic_energy { 47.50876528645554   } 
   kinetic_energyvar { 153.4580809710033   } 
   potential_energy { -195.7086668565663   } 
   potential_energyvar { 169.4963225802881   } 
   nonlocal_energy { 13.67125941781062   } 
   nonlocal_energyvar { 227.6178210204756   } 
   autocorr_energy { } 
} 

block { 
   label vmc
   totweight 51200
   nautocorr 0
   total_energy { -134.5360397779345   } 
   total_energyvar { 3.639325404948848   } 
   weight { 1   } 
   weightvar { 0   } 
   kinetic_energy { 47.45048550619485   } 
   kinetic_energyvar { 155.4844177121956   } 
   potential_energy { -195.8151094908222   } 
   potential_energyvar { 170.0600917949935   } 
   nonlocal_energy { 13.82858420669282   } 
   nonlocal_energyvar { 233.6774607931907   } 
   autocorr_energy { } 
} 

block { 
   label vmc
   totweight 51200
   nautocorr 0
   total_energy { -134.5223354253476   } 
   total_energyvar { 3.644703454070854   } 
   weight { 1   } 
   weightvar { 0   } 
   kinetic_energy { 47.4256732247656   } 
   kinetic_energyvar { 159.5788430780608   } 
   potential_energy { -195.7680280312075   } 
   potential_energyvar { 169.4544627018831   } 
   nonlocal_energy { 13.82001938109429   } 
   nonlocal_energyvar { 235.2606300168127   } 
   autocorr_energy { } 
} 

block { 
   label vmc
   totweight 51200
   nautocorr 0
   total_energy { -134.5300738929658   } 
   total_energyvar { 3.719276790583626   } 
   weight { 1   } 
   weightvar { 0   } 
   kinetic_energy { 47.39374541761592   } 
   kinetic_energyvar { 155.0608283853087   } 
   potential_energy { -195.7097526034905   } 
   potential_energyvar { 167.0032266369084   } 
   nonlocal_energy { 13.78593329290875   } 
   nonlocal_energyvar { 230.0183816595168   } 
   autocorr_energy { } 
} 

block { 
   label vmc
   totweight 51200
   nautocorr 0
   total_energy { -134.5238559216191   } 
   total_energyvar { 3.835952586383107   } 
   weight { 1   } 
   weightvar { 0   } 
   kinetic_energy { 47.45155751193413   } 
   kinetic_energyvar { 159.5463287684482   } 
   potential_energy { -195.7618306311754   } 
   potential_energyvar { 168.0166744786013   } 
   nonlocal_energy { 13.78641719762222   } 
   nonlocal_energyvar { 236.2326634043789   } 
   autocorr_energy { } 
} 

block { 
   label vmc
   totweight 51200
   nautocorr 0
   total_energy { -134.5155459321562   } 
   total_energyvar { 3.678505863777634   } 
   weight { 1   } 
   weightvar { 0   } 
   kinetic_energy { 47.44773885427501   } 
   kinetic_energyvar { 156.1796224099715   } 
   potential_energy { -195.7083395309988   } 
   potential_energyvar { 168.7251285758101   } 
   nonlocal_energy { 13.74505474456758   } 
   nonlocal_energyvar { 228.1663062544396   } 
   autocorr_energy { } 
} 

block { 
   label vmc
   totweight 51200
   nautocorr 0
   total_energy { -134.5363783722661   } 
   total_energyvar { 3.802836538103039   } 
   weight { 1   } 
   weightvar { 0   } 
   kinetic_energy { 47.46776193516189   } 
   kinetic_energyvar { 151.1280873504107   } 
   potential_energy { -195.7382353758755   } 
   potential_energyvar { 167.477343560395   } 
   nonlocal_energy { 13.73409506844759   } 
   nonlocal_energyvar { 224.0094925547123   } 
   autocorr_energy { } 
} 

block { 
   label vmc
   totweight 51200
   nautocorr 0
   total_energy { -134.5216465124117   } 
   total_energyvar { 3.713577059793415   } 
   weight { 1   } 
   weightvar { 0   } 
   kinetic_energy { 47.35696765493078   } 
   kinetic_energyvar { 153.7858932708183   } 
   potential_energy { -195.7547962020861   } 
   potential_energyvar { 169.1084752278719   } 
   nonlocal_energy { 13.8761820347437   } 
   nonlocal_energyvar { 228.0741918261513   } 
   autocorr_energy { } 
} 

block { 
   label vmc
   totweight 51200
   nautocorr 0
   total_energy { -134.5264489625291   } 
   total_energyvar { 5.599533623752903   } 
   weight { 1   } 
   weightvar { 0   } 
   kinetic_energy { 47.25679484588911   } 
   kinetic_energyvar { 160.9646179746618   } 
   potential_energy { -195.7749805529455   } 
   potential_energyvar { 169.7530577271314   } 
   nonlocal_energy { 13.99173674452723   } 
   nonlocal_energyvar { 244.2130017207212   } 
   autocorr_energy { } 
} 

block { 
   label vmc
   totweight 51200
   nautocorr 0
   total_energy { -134.5299876977405   } 
   total_energyvar { 3.616325344622637   } 
   weight { 1   } 
   weightvar { 0   } 
   kinetic_energy { 47.37178562978159   } 
   kinetic_energyvar { 154.2667822998097   } 
   potential_energy { -195.675042283807   } 
   potential_energyvar { 167.5359551678696   } 
   nonlocal_energy { 13.7732689562849   } 
   nonlocal_energyvar { 226.5232720907473   } 
   autocorr_energy { } 
} 

block { 
   label vmc
   totweight 51200
   nautocorr 0
   total_energy { -134.5207574484208   } 
   total_energyvar { 3.828794213398571   } 
   weight { 1   } 
   weightvar { 0   } 
   kinetic_energy { 47.29988287939176   } 
   kinetic_energyvar { 157.3202178276998   } 
   potential_energy { -195.7073239948467   } 
   potential_energyvar { 167.4318232102014   } 
   nonlocal_energy { 13.8866836670342   } 
   nonlocal_energyvar { 233.5140574604443   } 
   autocorr_energy { } 
} 

block { 
   label vmc
   totweight 51200
   nautocorr 0
   total_energy { -134.5271636973204   } 
   total_energyvar { 7.274868026939937   } 
   weight { 1   } 
   weightvar { 0   } 
   kinetic_energy { 47.47611988400951   } 
   kinetic_energyvar { 156.7874834854347   } 
   potential_energy { -195.721817310278   } 
   potential_energyvar { 169.0645704073225   } 
   nonlocal_energy { 13.71853372894806   } 
   nonlocal_energyvar { 235.1662953666142   } 
   autocorr_energy { } 
} 

block { 
   label vmc
   totweight 51200
   nautocorr 0
   total_energy { -134.5309715759216   } 
   total_energyvar { 3.753709207538119   } 
   weight { 1   } 
   weightvar { 0   } 
   kinetic_energy { 47.42158976042352   } 
   kinetic_energyvar { 158.4183922464784   } 
   potential_energy { -195.6249368086021   } 
   potential_energyvar { 167.1112865687597   } 
   nonlocal_energy { 13.67237547225689   } 
   nonlocal_energyvar { 233.6887574119025   } 
   autocorr_energy { } 
} 

