#-------------------------------------------------
#DMC run: timestep 0.001
#-------------------------------------------------


init { 
   label spin_0.001
}
block { 
   label spin_0.001
   totweight 8192000
   nautocorr 0
   total_energy { -5.060486613036489   } 
   total_energyvar { 0.03156818181996299   } 
   weight { 1.000769322478912   } 
   weightvar { 0.001687587517979716   } 
   kinetic_energy { 1.44453763205204   } 
   kinetic_energyvar { 1.108940673738483   } 
   potential_energy { -7.122978501568361   } 
   potential_energyvar { 1.971853326775852   } 
   nonlocal_energy { 0.6179542564798314   } 
   nonlocal_energyvar { 2.510496605928803   } 
   autocorr_energy { } 
} 

block { 
   label spin_0.001
   totweight 8192000
   nautocorr 0
   total_energy { -5.061419082801338   } 
   total_energyvar { 0.02972866349315042   } 
   weight { 1.001137700084843   } 
   weightvar { 0.006707454762550134   } 
   kinetic_energy { 1.452705531700471   } 
   kinetic_energyvar { 1.063229617267634   } 
   potential_energy { -7.125441391354554   } 
   potential_energyvar { 1.933384782381831   } 
   nonlocal_energy { 0.6113167768527465   } 
   nonlocal_energyvar { 2.448102307491591   } 
   autocorr_energy { } 
} 

block { 
   label spin_0.001
   totweight 8192000
   nautocorr 0
   total_energy { -5.062517441607174   } 
   total_energyvar { 0.02984114652586309   } 
   weight { 1.000580727317905   } 
   weightvar { 0.01191886055762405   } 
   kinetic_energy { 1.448028904973903   } 
   kinetic_energyvar { 1.071205290620508   } 
   potential_energy { -7.109859495347945   } 
   potential_energyvar { 1.901227444214203   } 
   nonlocal_energy { 0.5993131487668689   } 
   nonlocal_energyvar { 2.413814609273346   } 
   autocorr_energy { } 
} 

block { 
   label spin_0.001
   totweight 8192000
   nautocorr 0
   total_energy { -5.061845654214172   } 
   total_energyvar { 0.0328206449695429   } 
   weight { 1.000309479333804   } 
   weightvar { 0.01724963392186432   } 
   kinetic_energy { 1.442607748013194   } 
   kinetic_energyvar { 1.054793180297564   } 
   potential_energy { -7.115328427293275   } 
   potential_energyvar { 1.914734590159831   } 
   nonlocal_energy { 0.6108750250659105   } 
   nonlocal_energyvar { 2.437360279573502   } 
   autocorr_energy { } 
} 

block { 
   label spin_0.001
   totweight 8192000
   nautocorr 0
   total_energy { -5.061410571078203   } 
   total_energyvar { 0.02980686159012849   } 
   weight { 0.9997303164855466   } 
   weightvar { 0.02273350307868707   } 
   kinetic_energy { 1.445432539461895   } 
   kinetic_energyvar { 1.054038568952829   } 
   potential_energy { -7.091534517741729   } 
   potential_energyvar { 1.875441124014144   } 
   nonlocal_energy { 0.5846914072016307   } 
   nonlocal_energyvar { 2.345523625156113   } 
   autocorr_energy { } 
} 

block { 
   label spin_0.001
   totweight 8192000
   nautocorr 0
   total_energy { -5.061172747676024   } 
   total_energyvar { 0.03488486546788442   } 
   weight { 0.9988959292410466   } 
   weightvar { 0.02857803207132085   } 
   kinetic_energy { 1.441239626999917   } 
   kinetic_energyvar { 1.095619600509519   } 
   potential_energy { -7.117794907515618   } 
   potential_energyvar { 1.976415807101344   } 
   nonlocal_energy { 0.6153825328396768   } 
   nonlocal_energyvar { 2.518931401574503   } 
   autocorr_energy { } 
} 

block { 
   label spin_0.001
   totweight 8192000
   nautocorr 0
   total_energy { -5.0615588109828   } 
   total_energyvar { 0.0293912481160918   } 
   weight { 0.9990936230145105   } 
   weightvar { 0.03345642861091706   } 
   kinetic_energy { 1.448744709509793   } 
   kinetic_energyvar { 1.052778666662804   } 
   potential_energy { -7.120482724445447   } 
   potential_energyvar { 1.898521683786288   } 
   nonlocal_energy { 0.6101792039528554   } 
   nonlocal_energyvar { 2.415015430437567   } 
   autocorr_energy { } 
} 

block { 
   label spin_0.001
   totweight 8192000
   nautocorr 0
   total_energy { -5.061474480109049   } 
   total_energyvar { 0.03999313796720109   } 
   weight { 0.9988870237818055   } 
   weightvar { 0.03839518625346607   } 
   kinetic_energy { 1.448625714017221   } 
   kinetic_energyvar { 1.08268455393503   } 
   potential_energy { -7.11832692605361   } 
   potential_energyvar { 1.970254567558658   } 
   nonlocal_energy { 0.6082267319273411   } 
   nonlocal_energyvar { 2.422214959363611   } 
   autocorr_energy { } 
} 

block { 
   label spin_0.001
   totweight 8192000
   nautocorr 0
   total_energy { -5.061951033852739   } 
   total_energyvar { 0.03197438772483199   } 
   weight { 0.9991799500078534   } 
   weightvar { 0.04287331197343683   } 
   kinetic_energy { 1.448936689685509   } 
   kinetic_energyvar { 1.066531167558621   } 
   potential_energy { -7.105097736503948   } 
   potential_energyvar { 1.954320414899088   } 
   nonlocal_energy { 0.5942100129657008   } 
   nonlocal_energyvar { 2.424203400318279   } 
   autocorr_energy { } 
} 

block { 
   label spin_0.001
   totweight 8192000
   nautocorr 0
   total_energy { -5.060710999303666   } 
   total_energyvar { 0.02971316351375924   } 
   weight { 0.9988768713647161   } 
   weightvar { 0.04628434955536358   } 
   kinetic_energy { 1.459738475185048   } 
   kinetic_energyvar { 1.01346805530553   } 
   potential_energy { -7.110500051364903   } 
   potential_energyvar { 1.875029839282497   } 
   nonlocal_energy { 0.5900505768761883   } 
   nonlocal_energyvar { 2.318831340007855   } 
   autocorr_energy { } 
} 

block { 
   label spin_0.001
   totweight 8192000
   nautocorr 0
   total_energy { -5.061321504778302   } 
   total_energyvar { 0.03473544616774872   } 
   weight { 0.9985277442650381   } 
   weightvar { 0.04968583471241752   } 
   kinetic_energy { 1.454432998752506   } 
   kinetic_energyvar { 1.094971756582658   } 
   potential_energy { -7.145649252407576   } 
   potential_energyvar { 1.99868542552688   } 
   nonlocal_energy { 0.6298947488767693   } 
   nonlocal_energyvar { 2.578252429956964   } 
   autocorr_energy { } 
} 

block { 
   label spin_0.001
   totweight 8192000
   nautocorr 0
   total_energy { -5.061595086666124   } 
   total_energyvar { 0.03346044086164137   } 
   weight { 0.9987451788075528   } 
   weightvar { 0.05313904595289992   } 
   kinetic_energy { 1.452316959992396   } 
   kinetic_energyvar { 1.081375720057347   } 
   potential_energy { -7.132907304668446   } 
   potential_energyvar { 1.96188439609956   } 
   nonlocal_energy { 0.6189952580099283   } 
   nonlocal_energyvar { 2.482935095976635   } 
   autocorr_energy { } 
} 

block { 
   label spin_0.001
   totweight 8192000
   nautocorr 0
   total_energy { -5.060123198718026   } 
   total_energyvar { 0.02953554291796597   } 
   weight { 0.9985275425767443   } 
   weightvar { 0.05586225872834392   } 
   kinetic_energy { 1.44944079211028   } 
   kinetic_energyvar { 1.091179034775332   } 
   potential_energy { -7.124128728419983   } 
   potential_energyvar { 1.953418489587986   } 
   nonlocal_energy { 0.6145647375916758   } 
   nonlocal_energyvar { 2.475306201661021   } 
   autocorr_energy { } 
} 

block { 
   label spin_0.001
   totweight 8192000
   nautocorr 0
   total_energy { -5.060549315787696   } 
   total_energyvar { 0.03347464599783612   } 
   weight { 0.9982132310349634   } 
   weightvar { 0.05836812809729114   } 
   kinetic_energy { 1.456045002058486   } 
   kinetic_energyvar { 1.072387768558577   } 
   potential_energy { -7.123299408330385   } 
   potential_energyvar { 1.934196577502639   } 
   nonlocal_energy { 0.6067050904842025   } 
   nonlocal_energyvar { 2.443302536375271   } 
   autocorr_energy { } 
} 

block { 
   label spin_0.001
   totweight 8192000
   nautocorr 0
   total_energy { -5.06151255296002   } 
   total_energyvar { 0.02974479479758845   } 
   weight { 0.9987124946229827   } 
   weightvar { 0.06071679116945639   } 
   kinetic_energy { 1.448578440175912   } 
   kinetic_energyvar { 1.062600144810353   } 
   potential_energy { -7.129482818685823   } 
   potential_energyvar { 1.950958162258974   } 
   nonlocal_energy { 0.6193918255498907   } 
   nonlocal_energyvar { 2.493535897078155   } 
   autocorr_energy { } 
} 

block { 
   label spin_0.001
   totweight 8192000
   nautocorr 0
   total_energy { -5.061655244802566   } 
   total_energyvar { 0.02899424456172451   } 
   weight { 0.9993501294572859   } 
   weightvar { 0.06262338527675634   } 
   kinetic_energy { 1.452870423280156   } 
   kinetic_energyvar { 1.023445643725282   } 
   potential_energy { -7.122812253341134   } 
   potential_energyvar { 1.900922500945004   } 
   nonlocal_energy { 0.6082865852584127   } 
   nonlocal_energyvar { 2.398983744041781   } 
   autocorr_energy { } 
} 

block { 
   label spin_0.001
   totweight 8192000
   nautocorr 0
   total_energy { -5.06077406129171   } 
   total_energyvar { 0.03245888120674823   } 
   weight { 0.9989680791625405   } 
   weightvar { 0.06517248968764423   } 
   kinetic_energy { 1.46160055839013   } 
   kinetic_energyvar { 1.074372951243156   } 
   potential_energy { -7.149439525902073   } 
   potential_energyvar { 1.984661366410087   } 
   nonlocal_energy { 0.6270649062202333   } 
   nonlocal_energyvar { 2.51700593411099   } 
   autocorr_energy { } 
} 

block { 
   label spin_0.001
   totweight 8192000
   nautocorr 0
   total_energy { -5.060990527122628   } 
   total_energyvar { 0.08371785313662436   } 
   weight { 0.9989307970757532   } 
   weightvar { 0.06709053589886513   } 
   kinetic_energy { 1.468882405447542   } 
   kinetic_energyvar { 1.018812964449965   } 
   potential_energy { -7.125584709282183   } 
   potential_energyvar { 1.97360533122813   } 
   nonlocal_energy { 0.5957117767120137   } 
   nonlocal_energyvar { 2.342260190914605   } 
   autocorr_energy { } 
} 

block { 
   label spin_0.001
   totweight 8192000
   nautocorr 0
   total_energy { -5.062555940089937   } 
   total_energyvar { 0.03301489359871389   } 
   weight { 0.9992548888099867   } 
   weightvar { 0.06860386290650838   } 
   kinetic_energy { 1.447890685626074   } 
   kinetic_energyvar { 1.102373294290158   } 
   potential_energy { -7.146127737021756   } 
   potential_energyvar { 1.997996379846952   } 
   nonlocal_energy { 0.6356811113057459   } 
   nonlocal_energyvar { 2.594911172542104   } 
   autocorr_energy { } 
} 

block { 
   label spin_0.001
   totweight 8192000
   nautocorr 0
   total_energy { -5.063109055827991   } 
   total_energyvar { 0.03273969394552817   } 
   weight { 0.9998338654417261   } 
   weightvar { 0.07023819237712009   } 
   kinetic_energy { 1.448601487009587   } 
   kinetic_energyvar { 1.088172658338888   } 
   potential_energy { -7.130849900065052   } 
   potential_energyvar { 1.999376962015192   } 
   nonlocal_energy { 0.6191393572274734   } 
   nonlocal_energyvar { 2.559539716742725   } 
   autocorr_energy { } 
} 

