#-------------------------------------------------
#DMC run: timestep 0.005
#-------------------------------------------------


init { 
   label spin_0.005
}
block { 
   label spin_0.005
   totweight 1740800
   nautocorr 0
   total_energy { -134.4638682349121   } 
   total_energyvar { 1.604374042690179   } 
   weight { 1.036890769837296   } 
   weightvar { 0.04444649016991321   } 
   kinetic_energy { 47.9003045681346   } 
   kinetic_energyvar { 155.7771479529483   } 
   potential_energy { -195.7242302157251   } 
   potential_energyvar { 163.7033641952566   } 
   nonlocal_energy { 13.36005741267837   } 
   nonlocal_energyvar { 228.640742683382   } 
   autocorr_energy { } 
} 

block { 
   label spin_0.005
   totweight 1740800
   nautocorr 0
   total_energy { -134.4404651784772   } 
   total_energyvar { 1.611102837504991   } 
   weight { 1.030999669337882   } 
   weightvar { 0.08992277947127753   } 
   kinetic_energy { 48.18590870589313   } 
   kinetic_energyvar { 153.3798391570992   } 
   potential_energy { -195.9645418731733   } 
   potential_energyvar { 163.4317020756325   } 
   nonlocal_energy { 13.33816798880299   } 
   nonlocal_energyvar { 225.6977681978429   } 
   autocorr_energy { } 
} 

block { 
   label spin_0.005
   totweight 1740800
   nautocorr 0
   total_energy { -134.4278178113863   } 
   total_energyvar { 1.600954655688003   } 
   weight { 0.9965525980750087   } 
   weightvar { 0.101684453935993   } 
   kinetic_energy { 48.22159646805085   } 
   kinetic_energyvar { 154.741975728449   } 
   potential_energy { -195.9375622025629   } 
   potential_energyvar { 163.8968625927969   } 
   nonlocal_energy { 13.28814792312569   } 
   nonlocal_energyvar { 225.4694223936487   } 
   autocorr_energy { } 
} 

block { 
   label spin_0.005
   totweight 1740800
   nautocorr 0
   total_energy { -134.4223233245593   } 
   total_energyvar { 1.619214654000001   } 
   weight { 0.9840679483302267   } 
   weightvar { 0.1039098882438   } 
   kinetic_energy { 48.24373959220114   } 
   kinetic_energyvar { 155.6305616961785   } 
   potential_energy { -195.9352586655991   } 
   potential_energyvar { 163.5511917618283   } 
   nonlocal_energy { 13.26919574883865   } 
   nonlocal_energyvar { 226.0688201037034   } 
   autocorr_energy { } 
} 

block { 
   label spin_0.005
   totweight 1740800
   nautocorr 0
   total_energy { -134.4328513825162   } 
   total_energyvar { 1.607962209873827   } 
   weight { 0.9854137875069292   } 
   weightvar { 0.1049038217279402   } 
   kinetic_energy { 48.26459728243986   } 
   kinetic_energyvar { 155.3144685721544   } 
   potential_energy { -196.0954601342179   } 
   potential_energyvar { 163.6272307037304   } 
   nonlocal_energy { 13.39801146926189   } 
   nonlocal_energyvar { 228.1767324243571   } 
   autocorr_energy { } 
} 

block { 
   label spin_0.005
   totweight 1740800
   nautocorr 0
   total_energy { -134.4288164393144   } 
   total_energyvar { 1.589708426717995   } 
   weight { 0.9883564178848269   } 
   weightvar { 0.1075712793876011   } 
   kinetic_energy { 48.26239756621774   } 
   kinetic_energyvar { 153.5711967090721   } 
   potential_energy { -195.9579977729279   } 
   potential_energyvar { 163.084897889192   } 
   nonlocal_energy { 13.26678376739581   } 
   nonlocal_energyvar { 227.3402284313214   } 
   autocorr_energy { } 
} 

block { 
   label spin_0.005
   totweight 1740800
   nautocorr 0
   total_energy { -134.4342940747177   } 
   total_energyvar { 1.595521779019268   } 
   weight { 0.9960635218013362   } 
   weightvar { 0.1071604481884939   } 
   kinetic_energy { 48.2597638907325   } 
   kinetic_energyvar { 155.1976528155819   } 
   potential_energy { -195.9755774004147   } 
   potential_energyvar { 164.5225944241542   } 
   nonlocal_energy { 13.28151943496453   } 
   nonlocal_energyvar { 226.1446647764439   } 
   autocorr_energy { } 
} 

block { 
   label spin_0.005
   totweight 1740800
   nautocorr 0
   total_energy { -134.4267233685744   } 
   total_energyvar { 1.602800448683283   } 
   weight { 0.9990678211008783   } 
   weightvar { 0.1034237966990761   } 
   kinetic_energy { 48.27323353694088   } 
   kinetic_energyvar { 154.9445127635514   } 
   potential_energy { -196.0530483046274   } 
   potential_energyvar { 163.6122128921041   } 
   nonlocal_energy { 13.35309139911215   } 
   nonlocal_energyvar { 228.0241945954424   } 
   autocorr_energy { } 
} 

block { 
   label spin_0.005
   totweight 1740800
   nautocorr 0
   total_energy { -134.4299465298936   } 
   total_energyvar { 1.601031942794944   } 
   weight { 0.9986694320856869   } 
   weightvar { 0.1037407282842132   } 
   kinetic_energy { 48.24906131838654   } 
   kinetic_energyvar { 154.2567730286394   } 
   potential_energy { -196.014594724863   } 
   potential_energyvar { 163.4542244304448   } 
   nonlocal_energy { 13.33558687658293   } 
   nonlocal_energyvar { 226.5281532307872   } 
   autocorr_energy { } 
} 

block { 
   label spin_0.005
   totweight 1740800
   nautocorr 0
   total_energy { -134.4316431114948   } 
   total_energyvar { 1.59953340707232   } 
   weight { 1.000073989668187   } 
   weightvar { 0.103922434261508   } 
   kinetic_energy { 48.31086164693675   } 
   kinetic_energyvar { 154.1363527538035   } 
   potential_energy { -196.0623198772603   } 
   potential_energyvar { 163.7553332992679   } 
   nonlocal_energy { 13.3198151188287   } 
   nonlocal_energyvar { 225.5740522452676   } 
   autocorr_energy { } 
} 

block { 
   label spin_0.005
   totweight 1740800
   nautocorr 0
   total_energy { -134.4296614135758   } 
   total_energyvar { 2.096499043994071   } 
   weight { 1.000005905260575   } 
   weightvar { 0.1045043925958788   } 
   kinetic_energy { 48.32239475437193   } 
   kinetic_energyvar { 154.0940475419617   } 
   potential_energy { -196.107526784086   } 
   potential_energyvar { 161.9306835331276   } 
   nonlocal_energy { 13.35547061613828   } 
   nonlocal_energyvar { 225.6106988130764   } 
   autocorr_energy { } 
} 

block { 
   label spin_0.005
   totweight 1740800
   nautocorr 0
   total_energy { -134.4311183600856   } 
   total_energyvar { 1.736986059089862   } 
   weight { 1.000558670342662   } 
   weightvar { 0.1018954013122216   } 
   kinetic_energy { 48.30755943128433   } 
   kinetic_energyvar { 155.2656045760885   } 
   potential_energy { -196.0887636085507   } 
   potential_energyvar { 162.9733465342452   } 
   nonlocal_energy { 13.35008581718079   } 
   nonlocal_energyvar { 225.4885907900355   } 
   autocorr_energy { } 
} 

block { 
   label spin_0.005
   totweight 1740800
   nautocorr 0
   total_energy { -134.4287856155744   } 
   total_energyvar { 1.605059970959292   } 
   weight { 0.9999764699377638   } 
   weightvar { 0.1029077273960044   } 
   kinetic_energy { 48.32056147401865   } 
   kinetic_energyvar { 153.0452863196005   } 
   potential_energy { -195.999958781085   } 
   potential_energyvar { 163.1518310364906   } 
   nonlocal_energy { 13.25061169149193   } 
   nonlocal_energyvar { 222.3305194986142   } 
   autocorr_energy { } 
} 

block { 
   label spin_0.005
   totweight 1740800
   nautocorr 0
   total_energy { -134.4283442821971   } 
   total_energyvar { 1.621569860344068   } 
   weight { 0.9989733289143699   } 
   weightvar { 0.1042100067589697   } 
   kinetic_energy { 48.17932308084436   } 
   kinetic_energyvar { 154.5110468209002   } 
   potential_energy { -195.9048581400516   } 
   potential_energyvar { 162.2806945353003   } 
   nonlocal_energy { 13.29719077701014   } 
   nonlocal_energyvar { 226.1129540075313   } 
   autocorr_energy { } 
} 

