#-------------------------------------------------
#VMC run: timestep 0.42 nconfig 3072 steps 20
#-------------------------------------------------


init { 
   label vmc
}
block { 
   label vmc
   totweight 61440
   nautocorr 0
   total_energy { -6.913808968042189   } 
   total_energyvar { 0.2422946967381837   } 
   weight { 1   } 
   weightvar { 0   } 
   kinetic_energy { 1.975786012674129   } 
   kinetic_energyvar { 2.370558491608343   } 
   potential_energy { -9.76780179405176   } 
   potential_energyvar { 2.933984529412123   } 
   nonlocal_energy { 0.8782068133354411   } 
   nonlocal_energyvar { 4.232522770872844   } 
   autocorr_energy { } 
} 

block { 
   label vmc
   totweight 61440
   nautocorr 0
   total_energy { -6.91350642640846   } 
   total_energyvar { 0.2440129720617597   } 
   weight { 1   } 
   weightvar { 0   } 
   kinetic_energy { 1.960632253997401   } 
   kinetic_energyvar { 2.362395663610635   } 
   potential_energy { -9.75236595845209   } 
   potential_energyvar { 2.981913223929212   } 
   nonlocal_energy { 0.8782272780462301   } 
   nonlocal_energyvar { 4.228774152158484   } 
   autocorr_energy { } 
} 

block { 
   label vmc
   totweight 61440
   nautocorr 0
   total_energy { -6.906000301781281   } 
   total_energyvar { 0.2892657206022211   } 
   weight { 1   } 
   weightvar { 0   } 
   kinetic_energy { 1.97508921789726   } 
   kinetic_energyvar { 2.41658763301666   } 
   potential_energy { -9.758985237533429   } 
   potential_energyvar { 3.011259484817386   } 
   nonlocal_energy { 0.8778957178548851   } 
   nonlocal_energyvar { 4.415386025182205   } 
   autocorr_energy { } 
} 

block { 
   label vmc
   totweight 61440
   nautocorr 0
   total_energy { -6.911519424899463   } 
   total_energyvar { 0.2910626494153124   } 
   weight { 1   } 
   weightvar { 0   } 
   kinetic_energy { 1.987244571675431   } 
   kinetic_energyvar { 2.30178575391385   } 
   potential_energy { -9.768130244653884   } 
   potential_energyvar { 2.942305552466277   } 
   nonlocal_energy { 0.8693662480789875   } 
   nonlocal_energyvar { 4.127422180879432   } 
   autocorr_energy { } 
} 

block { 
   label vmc
   totweight 61440
   nautocorr 0
   total_energy { -6.905631985314532   } 
   total_energyvar { 0.3024888562891483   } 
   weight { 1   } 
   weightvar { 0   } 
   kinetic_energy { 1.985001486806344   } 
   kinetic_energyvar { 2.356678025734102   } 
   potential_energy { -9.763105740642072   } 
   potential_energyvar { 3.039582792066371   } 
   nonlocal_energy { 0.8724722685211972   } 
   nonlocal_energyvar { 4.290909582214275   } 
   autocorr_energy { } 
} 

block { 
   label vmc
   totweight 61440
   nautocorr 0
   total_energy { -6.907913821395647   } 
   total_energyvar { 0.2550262579185531   } 
   weight { 1   } 
   weightvar { 0   } 
   kinetic_energy { 1.981791646119768   } 
   kinetic_energyvar { 2.292521764145368   } 
   potential_energy { -9.775135359764818   } 
   potential_energyvar { 2.941273594305173   } 
   nonlocal_energy { 0.8854298922494032   } 
   nonlocal_energyvar { 4.149780068030137   } 
   autocorr_energy { } 
} 

block { 
   label vmc
   totweight 61440
   nautocorr 0
   total_energy { -6.909730754291887   } 
   total_energyvar { 0.2589119130327787   } 
   weight { 1   } 
   weightvar { 0   } 
   kinetic_energy { 1.971370356260205   } 
   kinetic_energyvar { 2.417150035646555   } 
   potential_energy { -9.769065442717295   } 
   potential_energyvar { 2.976267965009607   } 
   nonlocal_energy { 0.8879643321652019   } 
   nonlocal_energyvar { 4.331859448914368   } 
   autocorr_energy { } 
} 

block { 
   label vmc
   totweight 61440
   nautocorr 0
   total_energy { -6.909443764189294   } 
   total_energyvar { 0.3506454687733556   } 
   weight { 1   } 
   weightvar { 0   } 
   kinetic_energy { 1.979626350982037   } 
   kinetic_energyvar { 2.445111679292655   } 
   potential_energy { -9.772495890469816   } 
   potential_energyvar { 3.095887761628572   } 
   nonlocal_energy { 0.8834257752984837   } 
   nonlocal_energyvar { 4.408095921088307   } 
   autocorr_energy { } 
} 

block { 
   label vmc
   totweight 61440
   nautocorr 0
   total_energy { -6.910975498664251   } 
   total_energyvar { 0.2459220653267674   } 
   weight { 1   } 
   weightvar { 0   } 
   kinetic_energy { 1.981318630112693   } 
   kinetic_energyvar { 2.373982918360719   } 
   potential_energy { -9.775502530862443   } 
   potential_energyvar { 2.91713090626285   } 
   nonlocal_energy { 0.8832084020854986   } 
   nonlocal_energyvar { 4.170471086529049   } 
   autocorr_energy { } 
} 

block { 
   label vmc
   totweight 61440
   nautocorr 0
   total_energy { -6.910264124583106   } 
   total_energyvar { 0.2795962326030942   } 
   weight { 1   } 
   weightvar { 0   } 
   kinetic_energy { 1.965714211370107   } 
   kinetic_energyvar { 2.441589622430339   } 
   potential_energy { -9.760797963587622   } 
   potential_energyvar { 2.961667490366879   } 
   nonlocal_energy { 0.8848196276344071   } 
   nonlocal_energyvar { 4.401465411339647   } 
   autocorr_energy { } 
} 

block { 
   label vmc
   totweight 61440
   nautocorr 0
   total_energy { -6.908786082592303   } 
   total_energyvar { 0.2631732218226064   } 
   weight { 1   } 
   weightvar { 0   } 
   kinetic_energy { 1.970310348748183   } 
   kinetic_energyvar { 2.487918645165022   } 
   potential_energy { -9.781588887641199   } 
   potential_energyvar { 2.953401130035369   } 
   nonlocal_energy { 0.9024924563007146   } 
   nonlocal_energyvar { 4.528274464744007   } 
   autocorr_energy { } 
} 

block { 
   label vmc
   totweight 61440
   nautocorr 0
   total_energy { -6.90713946838033   } 
   total_energyvar { 0.3340386024717948   } 
   weight { 1   } 
   weightvar { 0   } 
   kinetic_energy { 1.97065899104713   } 
   kinetic_energyvar { 2.39945252210681   } 
   potential_energy { -9.760962051533859   } 
   potential_energyvar { 3.012021953922522   } 
   nonlocal_energy { 0.8831635921063996   } 
   nonlocal_energyvar { 4.340162768189721   } 
   autocorr_energy { } 
} 

block { 
   label vmc
   totweight 61440
   nautocorr 0
   total_energy { -6.909443216343218   } 
   total_energyvar { 0.2843981402812693   } 
   weight { 1   } 
   weightvar { 0   } 
   kinetic_energy { 1.968003293512027   } 
   kinetic_energyvar { 2.3997501289962   } 
   potential_energy { -9.759767958636113   } 
   potential_energyvar { 3.015868406455441   } 
   nonlocal_energy { 0.8823214487808682   } 
   nonlocal_energyvar { 4.31535369968553   } 
   autocorr_energy { } 
} 

block { 
   label vmc
   totweight 61440
   nautocorr 0
   total_energy { -6.910160654114042   } 
   total_energyvar { 0.2863529415912432   } 
   weight { 1   } 
   weightvar { 0   } 
   kinetic_energy { 1.977614003067962   } 
   kinetic_energyvar { 2.389152668039178   } 
   potential_energy { -9.776227869137236   } 
   potential_energyvar { 2.981983198013558   } 
   nonlocal_energy { 0.8884532119552299   } 
   nonlocal_energyvar { 4.388405040768917   } 
   autocorr_energy { } 
} 

block { 
   label vmc
   totweight 61440
   nautocorr 0
   total_energy { -6.908823768847664   } 
   total_energyvar { 0.2490215432770412   } 
   weight { 1   } 
   weightvar { 0   } 
   kinetic_energy { 1.96193216903884   } 
   kinetic_energyvar { 2.406397911629149   } 
   potential_energy { -9.751782674700801   } 
   potential_energyvar { 2.945800686293683   } 
   nonlocal_energy { 0.8810267368142962   } 
   nonlocal_energyvar { 4.327822192213286   } 
   autocorr_energy { } 
} 

block { 
   label vmc
   totweight 61440
   nautocorr 0
   total_energy { -6.910470356092516   } 
   total_energyvar { 0.2634639585675895   } 
   weight { 1   } 
   weightvar { 0   } 
   kinetic_energy { 1.976853743905176   } 
   kinetic_energyvar { 2.313389286174325   } 
   potential_energy { -9.752508858454624   } 
   potential_energyvar { 2.935397523779975   } 
   nonlocal_energy { 0.8651847584569311   } 
   nonlocal_energyvar { 4.093028531749916   } 
   autocorr_energy { } 
} 

block { 
   label vmc
   totweight 61440
   nautocorr 0
   total_energy { -6.912745259393986   } 
   total_energyvar { 0.2859593892875236   } 
   weight { 1   } 
   weightvar { 0   } 
   kinetic_energy { 1.962677083957125   } 
   kinetic_energyvar { 2.361416325345843   } 
   potential_energy { -9.761767920078606   } 
   potential_energyvar { 2.972333288228972   } 
   nonlocal_energy { 0.8863455767274947   } 
   nonlocal_energyvar { 4.252696572906784   } 
   autocorr_energy { } 
} 

block { 
   label vmc
   totweight 61440
   nautocorr 0
   total_energy { -6.916577917417926   } 
   total_energyvar { 0.2884410397859324   } 
   weight { 1   } 
   weightvar { 0   } 
   kinetic_energy { 1.954895764198527   } 
   kinetic_energyvar { 2.546537022790198   } 
   potential_energy { -9.759159945153783   } 
   potential_energyvar { 3.01352158609244   } 
   nonlocal_energy { 0.8876862635373312   } 
   nonlocal_energyvar { 4.563127773573089   } 
   autocorr_energy { } 
} 

block { 
   label vmc
   totweight 61440
   nautocorr 0
   total_energy { -6.910730765669286   } 
   total_energyvar { 0.2889753885619847   } 
   weight { 1   } 
   weightvar { 0   } 
   kinetic_energy { 1.976026174786429   } 
   kinetic_energyvar { 2.43704358578015   } 
   potential_energy { -9.776023508505643   } 
   potential_energyvar { 2.987319461536303   } 
   nonlocal_energy { 0.8892665680499289   } 
   nonlocal_energyvar { 4.350071022770283   } 
   autocorr_energy { } 
} 

block { 
   label vmc
   totweight 61440
   nautocorr 0
   total_energy { -6.9117631966492   } 
   total_energyvar { 0.2721510548364116   } 
   weight { 1   } 
   weightvar { 0   } 
   kinetic_energy { 1.988616576536099   } 
   kinetic_energyvar { 2.433239130588845   } 
   potential_energy { -9.775587081579962   } 
   potential_energyvar { 2.952205365159403   } 
   nonlocal_energy { 0.8752073083946619   } 
   nonlocal_energyvar { 4.257633655743579   } 
   autocorr_energy { } 
} 

