#-------------------------------------------------
#DMC run: timestep 0.001
#-------------------------------------------------


init { 
   label spin_0.001
}
block { 
   label spin_0.001
   totweight 4352000
   nautocorr 0
   total_energy { -10.96202423289893   } 
   total_energyvar { 0.3166695674714339   } 
   weight { 1.006579759839647   } 
   weightvar { 0.007692085231124756   } 
   kinetic_energy { 3.421312674477299   } 
   kinetic_energyvar { 4.858949984356847   } 
   potential_energy { -15.52549129835233   } 
   potential_energyvar { 4.455222180105169   } 
   nonlocal_energy { 1.142154390976102   } 
   nonlocal_energyvar { 6.494788087343466   } 
   autocorr_energy { } 
} 

block { 
   label spin_0.001
   totweight 4352000
   nautocorr 0
   total_energy { -10.95999079399307   } 
   total_energyvar { 0.2828721980317532   } 
   weight { 1.005864018585396   } 
   weightvar { 0.02797160497926883   } 
   kinetic_energy { 3.429613336034278   } 
   kinetic_energyvar { 4.865991100145808   } 
   potential_energy { -15.55452188455898   } 
   potential_energyvar { 4.413017021718074   } 
   nonlocal_energy { 1.164917754531637   } 
   nonlocal_energyvar { 6.769710795544898   } 
   autocorr_energy { } 
} 

block { 
   label spin_0.001
   totweight 4352000
   nautocorr 0
   total_energy { -10.95859077752113   } 
   total_energyvar { 0.2589526613241466   } 
   weight { 0.9971442932463019   } 
   weightvar { 0.04486126993380756   } 
   kinetic_energy { 3.436092612316215   } 
   kinetic_energyvar { 4.779695959026847   } 
   potential_energy { -15.51591094060231   } 
   potential_energyvar { 4.474124254998308   } 
   nonlocal_energy { 1.121227550764973   } 
   nonlocal_energyvar { 6.286694174676525   } 
   autocorr_energy { } 
} 

block { 
   label spin_0.001
   totweight 4352000
   nautocorr 0
   total_energy { -10.95382608083538   } 
   total_energyvar { 0.2469502935767002   } 
   weight { 0.9922531051462014   } 
   weightvar { 0.05847263996983041   } 
   kinetic_energy { 3.458599731909638   } 
   kinetic_energyvar { 4.72568196342229   } 
   potential_energy { -15.56932171789293   } 
   potential_energyvar { 4.46458677102556   } 
   nonlocal_energy { 1.156895905147906   } 
   nonlocal_energyvar { 6.422275329485961   } 
   autocorr_energy { } 
} 

block { 
   label spin_0.001
   totweight 4352000
   nautocorr 0
   total_energy { -10.95157121680666   } 
   total_energyvar { 0.2280019471120008   } 
   weight { 0.9894902379856274   } 
   weightvar { 0.07049988197337045   } 
   kinetic_energy { 3.454024431821637   } 
   kinetic_energyvar { 4.768155559014104   } 
   potential_energy { -15.54977704976662   } 
   potential_energyvar { 4.433089488333253   } 
   nonlocal_energy { 1.144181401138318   } 
   nonlocal_energyvar { 6.395045910283642   } 
   autocorr_energy { } 
} 

block { 
   label spin_0.001
   totweight 4352000
   nautocorr 0
   total_energy { -10.95213295121653   } 
   total_energyvar { 0.2614390679328711   } 
   weight { 0.9880801830753728   } 
   weightvar { 0.07797018637015835   } 
   kinetic_energy { 3.433896662909169   } 
   kinetic_energyvar { 5.019915579810386   } 
   potential_energy { -15.54712328500549   } 
   potential_energyvar { 4.461516235089546   } 
   nonlocal_energy { 1.161093670879792   } 
   nonlocal_energyvar { 6.750349037441691   } 
   autocorr_energy { } 
} 

block { 
   label spin_0.001
   totweight 4352000
   nautocorr 0
   total_energy { -10.95557223813181   } 
   total_energyvar { 0.319886154370453   } 
   weight { 0.9914667731735015   } 
   weightvar { 0.08177438400981085   } 
   kinetic_energy { 3.463245595291333   } 
   kinetic_energyvar { 4.796231219558914   } 
   potential_energy { -15.56192811899701   } 
   potential_energyvar { 4.26966750840182   } 
   nonlocal_energy { 1.143110285573871   } 
   nonlocal_energyvar { 6.623917757289064   } 
   autocorr_energy { } 
} 

block { 
   label spin_0.001
   totweight 4352000
   nautocorr 0
   total_energy { -10.95490018309034   } 
   total_energyvar { 0.3021379492301066   } 
   weight { 0.9940018008787481   } 
   weightvar { 0.08606741474407033   } 
   kinetic_energy { 3.430522272364501   } 
   kinetic_energyvar { 5.012850239197035   } 
   potential_energy { -15.55458330966818   } 
   potential_energyvar { 4.384720444764595   } 
   nonlocal_energy { 1.169160854213329   } 
   nonlocal_energyvar { 6.87891379194842   } 
   autocorr_energy { } 
} 

block { 
   label spin_0.001
   totweight 4352000
   nautocorr 0
   total_energy { -10.95582661313269   } 
   total_energyvar { 0.2143808319109295   } 
   weight { 0.9943576480846246   } 
   weightvar { 0.08714926642927265   } 
   kinetic_energy { 3.452757985283219   } 
   kinetic_energyvar { 4.884357045349355   } 
   potential_energy { -15.57976173331918   } 
   potential_energyvar { 4.442036320176906   } 
   nonlocal_energy { 1.171177134903272   } 
   nonlocal_energyvar { 6.70587134812965   } 
   autocorr_energy { } 
} 

block { 
   label spin_0.001
   totweight 4352000
   nautocorr 0
   total_energy { -10.95010722503729   } 
   total_energyvar { 0.3224131285840675   } 
   weight { 0.9933382932575353   } 
   weightvar { 0.08680119944988891   } 
   kinetic_energy { 3.435140945285154   } 
   kinetic_energyvar { 4.939687209697213   } 
   potential_energy { -15.54440460290184   } 
   potential_energyvar { 4.469776900789422   } 
   nonlocal_energy { 1.159156432579399   } 
   nonlocal_energyvar { 6.624512189461382   } 
   autocorr_energy { } 
} 

block { 
   label spin_0.001
   totweight 4352000
   nautocorr 0
   total_energy { -10.95359584666463   } 
   total_energyvar { 0.2768041436580725   } 
   weight { 0.9925943316259415   } 
   weightvar { 0.0879517824264061   } 
   kinetic_energy { 3.432571331763096   } 
   kinetic_energyvar { 4.940911959905335   } 
   potential_energy { -15.54295086964834   } 
   potential_energyvar { 4.517557818086027   } 
   nonlocal_energy { 1.156783691220606   } 
   nonlocal_energyvar { 6.525850243738269   } 
   autocorr_energy { } 
} 

