#-------------------------------------------------
#DMC run: timestep 0.005
#-------------------------------------------------


init { 
   label spin_0.005
}
block { 
   label spin_0.005
   totweight 3481600
   nautocorr 0
   total_energy { -126.2745783680298   } 
   total_energyvar { 1.528305273773761   } 
   weight { 1.015037004744537   } 
   weightvar { 0.02686048368197396   } 
   kinetic_energy { 47.84270380301717   } 
   kinetic_energyvar { 127.1207980276159   } 
   potential_energy { -195.0152059855048   } 
   potential_energyvar { 358.612646995986   } 
   nonlocal_energy { 20.89792381445778   } 
   nonlocal_energyvar { 290.8524798474848   } 
   autocorr_energy { } 
} 

block { 
   label spin_0.005
   totweight 3481600
   nautocorr 0
   total_energy { -126.2521642601506   } 
   total_energyvar { 1.560285812841668   } 
   weight { 1.005221817150058   } 
   weightvar { 0.06959362133312298   } 
   kinetic_energy { 47.88061418289929   } 
   kinetic_energyvar { 125.8256138800278   } 
   potential_energy { -195.0224046133648   } 
   potential_energyvar { 356.4898138959362   } 
   nonlocal_energy { 20.88962617031488   } 
   nonlocal_energyvar { 290.9134026950271   } 
   autocorr_energy { } 
} 

block { 
   label spin_0.005
   totweight 3481600
   nautocorr 0
   total_energy { -126.2476729191668   } 
   total_energyvar { 1.566859339703051   } 
   weight { 0.9908778481730057   } 
   weightvar { 0.08503077127091159   } 
   kinetic_energy { 47.83174934857071   } 
   kinetic_energyvar { 125.6835565518442   } 
   potential_energy { -194.9693929066123   } 
   potential_energyvar { 357.5451886399891   } 
   nonlocal_energy { 20.88997063887481   } 
   nonlocal_energyvar { 289.9774709596643   } 
   autocorr_energy { } 
} 

block { 
   label spin_0.005
   totweight 3481600
   nautocorr 0
   total_energy { -126.2515102797163   } 
   total_energyvar { 1.583527767196047   } 
   weight { 0.989952907353255   } 
   weightvar { 0.09053941900399901   } 
   kinetic_energy { 47.86342662029309   } 
   kinetic_energyvar { 125.4754981270855   } 
   potential_energy { -194.9472881891947   } 
   potential_energyvar { 357.248130304424   } 
   nonlocal_energy { 20.83235128918538   } 
   nonlocal_energyvar { 288.6355082162837   } 
   autocorr_energy { } 
} 

block { 
   label spin_0.005
   totweight 3481600
   nautocorr 0
   total_energy { -126.2482471792007   } 
   total_energyvar { 1.593626339691001   } 
   weight { 0.9908926358457024   } 
   weightvar { 0.09216767825080882   } 
   kinetic_energy { 47.88711358805749   } 
   kinetic_energyvar { 125.179748180828   } 
   potential_energy { -194.9432275106622   } 
   potential_energyvar { 358.5162807246392   } 
   nonlocal_energy { 20.80786674340404   } 
   nonlocal_energyvar { 288.8363100916463   } 
   autocorr_energy { } 
} 

block { 
   label spin_0.005
   totweight 3481600
   nautocorr 0
   total_energy { -126.2497864705188   } 
   total_energyvar { 1.575372205291524   } 
   weight { 0.9917118759287584   } 
   weightvar { 0.09210101241375368   } 
   kinetic_energy { 47.90000893384056   } 
   kinetic_energyvar { 125.1133063636299   } 
   potential_energy { -194.9570990541822   } 
   potential_energyvar { 354.5201475815006   } 
   nonlocal_energy { 20.80730364982289   } 
   nonlocal_energyvar { 287.5342556203246   } 
   autocorr_energy { } 
} 

block { 
   label spin_0.005
   totweight 3481600
   nautocorr 0
   total_energy { -126.2504406581653   } 
   total_energyvar { 1.569237385043507   } 
   weight { 0.9961708309558892   } 
   weightvar { 0.09280797518867677   } 
   kinetic_energy { 47.88573828909718   } 
   kinetic_energyvar { 124.6484867831063   } 
   potential_energy { -194.9663831604261   } 
   potential_energyvar { 356.0676072928338   } 
   nonlocal_energy { 20.83020421316354   } 
   nonlocal_energyvar { 288.6847127834333   } 
   autocorr_energy { } 
} 

block { 
   label spin_0.005
   totweight 3481600
   nautocorr 0
   total_energy { -126.2492542359176   } 
   total_energyvar { 1.565129776601552   } 
   weight { 0.9977118260917704   } 
   weightvar { 0.09286589928207528   } 
   kinetic_energy { 47.92990687808778   } 
   kinetic_energyvar { 125.661723135092   } 
   potential_energy { -195.0342652453771   } 
   potential_energyvar { 357.0499086616771   } 
   nonlocal_energy { 20.85510413137161   } 
   nonlocal_energyvar { 290.3486019394143   } 
   autocorr_energy { } 
} 

block { 
   label spin_0.005
   totweight 3481600
   nautocorr 0
   total_energy { -126.2477591916648   } 
   total_energyvar { 1.573089740888822   } 
   weight { 0.998543818486211   } 
   weightvar { 0.09143381126977959   } 
   kinetic_energy { 47.9174979202802   } 
   kinetic_energyvar { 125.6496546465309   } 
   potential_energy { -195.1072242347632   } 
   potential_energyvar { 357.4772602005956   } 
   nonlocal_energy { 20.94196712281813   } 
   nonlocal_energyvar { 292.2456348147379   } 
   autocorr_energy { } 
} 

