#-------------------------------------------------
#VMC run: timestep 1.2 nconfig 1280 steps 50
#-------------------------------------------------


init { 
   label vmc
}
block { 
   label vmc
   totweight 64000
   nautocorr 0
   total_energy { -11.2383911518128   } 
   total_energyvar { 2.324088909209709   } 
   weight { 1   } 
   weightvar { 0   } 
   kinetic_energy { 3.266001377594908   } 
   kinetic_energyvar { 6.15343892258317   } 
   potential_energy { -15.80975201981304   } 
   potential_energyvar { 5.608160907924604   } 
   nonlocal_energy { 1.305359490405327   } 
   nonlocal_energyvar { 6.429399982483457   } 
   autocorr_energy { } 
} 

block { 
   label vmc
   totweight 64000
   nautocorr 0
   total_energy { -11.22743741274517   } 
   total_energyvar { 0.4824115423292068   } 
   weight { 1   } 
   weightvar { 0   } 
   kinetic_energy { 3.289478069652299   } 
   kinetic_energyvar { 3.540391903647909   } 
   potential_energy { -15.83492053084964   } 
   potential_energyvar { 5.404015777906026   } 
   nonlocal_energy { 1.318005048452167   } 
   nonlocal_energyvar { 6.530343102886546   } 
   autocorr_energy { } 
} 

block { 
   label vmc
   totweight 64000
   nautocorr 0
   total_energy { -11.23201653579841   } 
   total_energyvar { 0.4557204119131674   } 
   weight { 1   } 
   weightvar { 0   } 
   kinetic_energy { 3.294333538833425   } 
   kinetic_energyvar { 3.499147968724288   } 
   potential_energy { -15.82957670154389   } 
   potential_energyvar { 5.44228146139547   } 
   nonlocal_energy { 1.303226626912057   } 
   nonlocal_energyvar { 6.282009171740536   } 
   autocorr_energy { } 
} 

block { 
   label vmc
   totweight 64000
   nautocorr 0
   total_energy { -11.23700564273041   } 
   total_energyvar { 0.4784454084967458   } 
   weight { 1   } 
   weightvar { 0   } 
   kinetic_energy { 3.280303279160925   } 
   kinetic_energyvar { 3.648436488679484   } 
   potential_energy { -15.83223506872783   } 
   potential_energyvar { 5.498277475258366   } 
   nonlocal_energy { 1.314926146836487   } 
   nonlocal_energyvar { 6.436308944669193   } 
   autocorr_energy { } 
} 

block { 
   label vmc
   totweight 64000
   nautocorr 0
   total_energy { -11.23269959003665   } 
   total_energyvar { 0.5226904415554859   } 
   weight { 1   } 
   weightvar { 0   } 
   kinetic_energy { 3.272138097361587   } 
   kinetic_energyvar { 3.74976737251774   } 
   potential_energy { -15.83433012866452   } 
   potential_energyvar { 5.546512904603483   } 
   nonlocal_energy { 1.329492441266285   } 
   nonlocal_energyvar { 6.62612299413161   } 
   autocorr_energy { } 
} 

block { 
   label vmc
   totweight 64000
   nautocorr 0
   total_energy { -11.23610258682981   } 
   total_energyvar { 0.4833878661654411   } 
   weight { 1   } 
   weightvar { 0   } 
   kinetic_energy { 3.287048538168965   } 
   kinetic_energyvar { 3.729090183530881   } 
   potential_energy { -15.81350917102106   } 
   potential_energyvar { 5.44689853617235   } 
   nonlocal_energy { 1.290358046022291   } 
   nonlocal_energyvar { 6.152436353751303   } 
   autocorr_energy { } 
} 

block { 
   label vmc
   totweight 64000
   nautocorr 0
   total_energy { -11.2326462576145   } 
   total_energyvar { 0.4581020700189876   } 
   weight { 1   } 
   weightvar { 0   } 
   kinetic_energy { 3.284281329093019   } 
   kinetic_energyvar { 3.785897199867253   } 
   potential_energy { -15.82833032627373   } 
   potential_energyvar { 5.525993760039294   } 
   nonlocal_energy { 1.311402739566211   } 
   nonlocal_energyvar { 6.457690321079392   } 
   autocorr_energy { } 
} 

block { 
   label vmc
   totweight 64000
   nautocorr 0
   total_energy { -11.23900591825553   } 
   total_energyvar { 0.9033258472283887   } 
   weight { 1   } 
   weightvar { 0   } 
   kinetic_energy { 3.276053885879826   } 
   kinetic_energyvar { 4.486728007380707   } 
   potential_energy { -15.81875291451686   } 
   potential_energyvar { 5.543308377200465   } 
   nonlocal_energy { 1.303693110381505   } 
   nonlocal_energyvar { 6.435122210101774   } 
   autocorr_energy { } 
} 

block { 
   label vmc
   totweight 64000
   nautocorr 0
   total_energy { -11.23138238075443   } 
   total_energyvar { 0.5166553813693044   } 
   weight { 1   } 
   weightvar { 0   } 
   kinetic_energy { 3.267598087690606   } 
   kinetic_energyvar { 3.659538680326059   } 
   potential_energy { -15.80106856054636   } 
   potential_energyvar { 5.495313344892885   } 
   nonlocal_energy { 1.302088092101327   } 
   nonlocal_energyvar { 6.393308554202497   } 
   autocorr_energy { } 
} 

block { 
   label vmc
   totweight 64000
   nautocorr 0
   total_energy { -11.23586579467615   } 
   total_energyvar { 0.5261822524022859   } 
   weight { 1   } 
   weightvar { 0   } 
   kinetic_energy { 3.284588636749287   } 
   kinetic_energyvar { 3.590117123433002   } 
   potential_energy { -15.84308885391735   } 
   potential_energyvar { 5.497994860559515   } 
   nonlocal_energy { 1.322634422491906   } 
   nonlocal_energyvar { 6.346475710806574   } 
   autocorr_energy { } 
} 

