#-------------------------------------------------
#VMC run: timestep 1.2 nconfig 3200 steps 100
#-------------------------------------------------


init { 
   label vmc
}
block { 
   label vmc
   totweight 320000
   nautocorr 0
   total_energy { -11.35230591729758   } 
   total_energyvar { 0.4319907591979796   } 
   weight { 1   } 
   weightvar { 0   } 
   kinetic_energy { 3.616549502781142   } 
   kinetic_energyvar { 4.354086389465238   } 
   potential_energy { -16.40511218375965   } 
   potential_energyvar { 5.166720120413122   } 
   nonlocal_energy { 1.436256763680928   } 
   nonlocal_energyvar { 6.992039303505333   } 
   autocorr_energy { } 
} 

block { 
   label vmc
   totweight 320000
   nautocorr 0
   total_energy { -11.35049420722719   } 
   total_energyvar { 0.9466515109643511   } 
   weight { 1   } 
   weightvar { 0   } 
   kinetic_energy { 3.620424430508197   } 
   kinetic_energyvar { 4.774204730257761   } 
   potential_energy { -16.40234892137138   } 
   potential_energyvar { 5.346475501580858   } 
   nonlocal_energy { 1.431430283635995   } 
   nonlocal_energyvar { 7.408405686313762   } 
   autocorr_energy { } 
} 

block { 
   label vmc
   totweight 320000
   nautocorr 0
   total_energy { -11.35285767123495   } 
   total_energyvar { 0.2146999753786661   } 
   weight { 1   } 
   weightvar { 0   } 
   kinetic_energy { 3.614367810698905   } 
   kinetic_energyvar { 4.209585706816737   } 
   potential_energy { -16.39793702879711   } 
   potential_energyvar { 4.966317833636341   } 
   nonlocal_energy { 1.430711546863251   } 
   nonlocal_energyvar { 6.986357623747134   } 
   autocorr_energy { } 
} 

block { 
   label vmc
   totweight 320000
   nautocorr 0
   total_energy { -11.35180690314251   } 
   total_energyvar { 0.3729123088646511   } 
   weight { 1   } 
   weightvar { 0   } 
   kinetic_energy { 3.624930523144186   } 
   kinetic_energyvar { 4.250553425856785   } 
   potential_energy { -16.39892504588686   } 
   potential_energyvar { 5.160417384650544   } 
   nonlocal_energy { 1.422187619600164   } 
   nonlocal_energyvar { 6.877140027167685   } 
   autocorr_energy { } 
} 

block { 
   label vmc
   totweight 320000
   nautocorr 0
   total_energy { -11.35241989095253   } 
   total_energyvar { 0.198185286016523   } 
   weight { 1   } 
   weightvar { 0   } 
   kinetic_energy { 3.617627316730764   } 
   kinetic_energyvar { 4.05912627147024   } 
   potential_energy { -16.39662966754497   } 
   potential_energyvar { 4.927416598499149   } 
   nonlocal_energy { 1.426582459861674   } 
   nonlocal_energyvar { 6.746889523757306   } 
   autocorr_energy { } 
} 

block { 
   label vmc
   totweight 320000
   nautocorr 0
   total_energy { -11.35016602932457   } 
   total_energyvar { 0.7097225678092549   } 
   weight { 1   } 
   weightvar { 0   } 
   kinetic_energy { 3.615375774726286   } 
   kinetic_energyvar { 4.512131745727674   } 
   potential_energy { -16.39154055875273   } 
   potential_energyvar { 5.026274486342538   } 
   nonlocal_energy { 1.425998754701873   } 
   nonlocal_energyvar { 7.026271614345439   } 
   autocorr_energy { } 
} 

block { 
   label vmc
   totweight 320000
   nautocorr 0
   total_energy { -11.34855711138302   } 
   total_energyvar { 1.010385334105775   } 
   weight { 1   } 
   weightvar { 0   } 
   kinetic_energy { 3.632053377799597   } 
   kinetic_energyvar { 4.675327340579563   } 
   potential_energy { -16.41250470404341   } 
   potential_energyvar { 5.216678193774383   } 
   nonlocal_energy { 1.431894214860803   } 
   nonlocal_energyvar { 7.232101841313989   } 
   autocorr_energy { } 
} 

block { 
   label vmc
   totweight 320000
   nautocorr 0
   total_energy { -11.35286957131125   } 
   total_energyvar { 0.2650378497040372   } 
   weight { 1   } 
   weightvar { 0   } 
   kinetic_energy { 3.6208258923603   } 
   kinetic_energyvar { 4.200907168627695   } 
   potential_energy { -16.41890341720341   } 
   potential_energyvar { 5.001535727676313   } 
   nonlocal_energy { 1.445207953531862   } 
   nonlocal_energyvar { 6.958942695658878   } 
   autocorr_energy { } 
} 

block { 
   label vmc
   totweight 320000
   nautocorr 0
   total_energy { -11.35241797300188   } 
   total_energyvar { 0.3957220260661277   } 
   weight { 1   } 
   weightvar { 0   } 
   kinetic_energy { 3.613684902459156   } 
   kinetic_energyvar { 4.286420790887624   } 
   potential_energy { -16.40102686778742   } 
   potential_energyvar { 5.04800833259017   } 
   nonlocal_energy { 1.434923992326382   } 
   nonlocal_energyvar { 6.985916512150337   } 
   autocorr_energy { } 
} 

block { 
   label vmc
   totweight 320000
   nautocorr 0
   total_energy { -11.35253076534732   } 
   total_energyvar { 0.7541619393614345   } 
   weight { 1   } 
   weightvar { 0   } 
   kinetic_energy { 3.618053981459403   } 
   kinetic_energyvar { 4.657217089428787   } 
   potential_energy { -16.41049219112282   } 
   potential_energyvar { 5.068329895820224   } 
   nonlocal_energy { 1.439907444316096   } 
   nonlocal_energyvar { 7.167891264730635   } 
   autocorr_energy { } 
} 

block { 
   label vmc
   totweight 320000
   nautocorr 0
   total_energy { -11.35261577184926   } 
   total_energyvar { 0.4044337179913697   } 
   weight { 1   } 
   weightvar { 0   } 
   kinetic_energy { 3.619735614918083   } 
   kinetic_energyvar { 4.282119503783025   } 
   potential_energy { -16.40005542012742   } 
   potential_energyvar { 5.018602581422851   } 
   nonlocal_energy { 1.427704033360076   } 
   nonlocal_energyvar { 6.864181234004264   } 
   autocorr_energy { } 
} 

block { 
   label vmc
   totweight 320000
   nautocorr 0
   total_energy { -11.35240498109266   } 
   total_energyvar { 0.2799843452206038   } 
   weight { 1   } 
   weightvar { 0   } 
   kinetic_energy { 3.610994102468152   } 
   kinetic_energyvar { 4.229042595804707   } 
   potential_energy { -16.40429512534195   } 
   potential_energyvar { 4.99304618670091   } 
   nonlocal_energy { 1.440896041781142   } 
   nonlocal_energyvar { 7.096111956115789   } 
   autocorr_energy { } 
} 

block { 
   label vmc
   totweight 320000
   nautocorr 0
   total_energy { -11.35210764940198   } 
   total_energyvar { 0.414884813575857   } 
   weight { 1   } 
   weightvar { 0   } 
   kinetic_energy { 3.613548903073234   } 
   kinetic_energyvar { 4.318082767894777   } 
   potential_energy { -16.40573362595981   } 
   potential_energyvar { 4.992542636769991   } 
   nonlocal_energy { 1.440077073484598   } 
   nonlocal_energyvar { 7.020911510860639   } 
   autocorr_energy { } 
} 

block { 
   label vmc
   totweight 320000
   nautocorr 0
   total_energy { -11.35191748545958   } 
   total_energyvar { 0.7773860903796026   } 
   weight { 1   } 
   weightvar { 0   } 
   kinetic_energy { 3.616825486500856   } 
   kinetic_energyvar { 4.648946787058637   } 
   potential_energy { -16.40041131337274   } 
   potential_energyvar { 5.017760196888324   } 
   nonlocal_energy { 1.431668341412302   } 
   nonlocal_energyvar { 6.984110293255047   } 
   autocorr_energy { } 
} 

block { 
   label vmc
   totweight 320000
   nautocorr 0
   total_energy { -11.35265404931277   } 
   total_energyvar { 0.5898149835103058   } 
   weight { 1   } 
   weightvar { 0   } 
   kinetic_energy { 3.615276061871197   } 
   kinetic_energyvar { 4.455333858468288   } 
   potential_energy { -16.41039743017101   } 
   potential_energyvar { 5.049027608943359   } 
   nonlocal_energy { 1.442467318987041   } 
   nonlocal_energyvar { 7.088859285580608   } 
   autocorr_energy { } 
} 

block { 
   label vmc
   totweight 320000
   nautocorr 0
   total_energy { -11.3515897865111   } 
   total_energyvar { 0.6454900079980085   } 
   weight { 1   } 
   weightvar { 0   } 
   kinetic_energy { 3.627257545561426   } 
   kinetic_energyvar { 4.430352365818548   } 
   potential_energy { -16.40754095886971   } 
   potential_energyvar { 5.119244448944361   } 
   nonlocal_energy { 1.428693626797191   } 
   nonlocal_energyvar { 6.987147602834089   } 
   autocorr_energy { } 
} 

block { 
   label vmc
   totweight 320000
   nautocorr 0
   total_energy { -11.35172528580819   } 
   total_energyvar { 0.4231869030561584   } 
   weight { 1   } 
   weightvar { 0   } 
   kinetic_energy { 3.625593352168685   } 
   kinetic_energyvar { 4.209830597272394   } 
   potential_energy { -16.41079513354201   } 
   potential_energyvar { 5.048993568873909   } 
   nonlocal_energy { 1.433476495565132   } 
   nonlocal_energyvar { 6.948137143974398   } 
   autocorr_energy { } 
} 

block { 
   label vmc
   totweight 320000
   nautocorr 0
   total_energy { -11.35215446203201   } 
   total_energyvar { 0.4658539270836968   } 
   weight { 1   } 
   weightvar { 0   } 
   kinetic_energy { 3.618160414999695   } 
   kinetic_energyvar { 4.357325025408606   } 
   potential_energy { -16.40411957695861   } 
   potential_energyvar { 5.014424499711733   } 
   nonlocal_energy { 1.433804699926909   } 
   nonlocal_energyvar { 7.03954972830214   } 
   autocorr_energy { } 
} 

block { 
   label vmc
   totweight 320000
   nautocorr 0
   total_energy { -11.35097519931325   } 
   total_energyvar { 0.2568956504396915   } 
   weight { 1   } 
   weightvar { 0   } 
   kinetic_energy { 3.618843564971973   } 
   kinetic_energyvar { 4.10912905584685   } 
   potential_energy { -16.40808662486812   } 
   potential_energyvar { 5.016426188184172   } 
   nonlocal_energy { 1.438267860582897   } 
   nonlocal_energyvar { 6.940055249466839   } 
   autocorr_energy { } 
} 

block { 
   label vmc
   totweight 320000
   nautocorr 0
   total_energy { -11.35394719214481   } 
   total_energyvar { 0.2004832992361744   } 
   weight { 1   } 
   weightvar { 0   } 
   kinetic_energy { 3.625757581578042   } 
   kinetic_energyvar { 4.075834847402937   } 
   potential_energy { -16.40053032623745   } 
   potential_energyvar { 4.989231426199134   } 
   nonlocal_energy { 1.4208255525146   } 
   nonlocal_energyvar { 6.687611832562418   } 
   autocorr_energy { } 
} 

