

Optimizing with step size: 0.001
Optimization terminated successfully    (Exit mode 0)
            Current function value: -5.327887818639626
            Iterations: 7
            Function evaluations: 47
            Gradient evaluations: 7


Optimizing with step size: 0.0001
Optimization terminated successfully    (Exit mode 0)
            Current function value: -5.32788794881552
            Iterations: 2
            Function evaluations: 11
            Gradient evaluations: 2


Optimizing with step size: 1e-05
Optimization terminated successfully    (Exit mode 0)
            Current function value: -5.327887949123089
            Iterations: 1
            Function evaluations: 12
            Gradient evaluations: 1
     fun: -5.327887949123089
     jac: array([-0.000205,  0.000112,  0.001412,  0.000253])
 message: 'Optimization terminated successfully'
    nfev: 12
     nit: 1
    njev: 1
  status: 0
 success: True
       x: array([ 0.070789,  2.102821,  0.050000,  2.090858])


GAIN IN ENERGY: -0.001907065619903392
FINAL ENERGY: -5.327887949123081
FINAL PARAMETERS: [0.07078935164231275, 2.1028213263481716, 0.05, 2.0908575773769806]
