#-------------------------------------------------
#VMC run: timestep 0.27 nconfig 2048 steps 30
#-------------------------------------------------


init { 
   label vmc
}
block { 
   label vmc
   totweight 61440
   nautocorr 0
   total_energy { -293.7340731960174   } 
   total_energyvar { 4.106934701750864   } 
   weight { 1   } 
   weightvar { 0   } 
   kinetic_energy { 115.4624826732141   } 
   kinetic_energyvar { 352.6184215864839   } 
   potential_energy { -451.1523143583346   } 
   potential_energyvar { 824.6494197375064   } 
   nonlocal_energy { 41.95575848910319   } 
   nonlocal_energyvar { 657.9507592961395   } 
   autocorr_energy { } 
} 

block { 
   label vmc
   totweight 61440
   nautocorr 0
   total_energy { -293.7149666217283   } 
   total_energyvar { 4.211045762476851   } 
   weight { 1   } 
   weightvar { 0   } 
   kinetic_energy { 115.2941126705491   } 
   kinetic_energyvar { 356.863376329163   } 
   potential_energy { -450.9941631799959   } 
   potential_energyvar { 828.2782743055959   } 
   nonlocal_energy { 41.98508388771848   } 
   nonlocal_energyvar { 671.3857130565617   } 
   autocorr_energy { } 
} 

block { 
   label vmc
   totweight 61440
   nautocorr 0
   total_energy { -293.7233334993077   } 
   total_energyvar { 3.606130951616791   } 
   weight { 1   } 
   weightvar { 0   } 
   kinetic_energy { 115.482581094603   } 
   kinetic_energyvar { 369.0282749899372   } 
   potential_energy { -451.1559707235692   } 
   potential_energyvar { 827.818538088527   } 
   nonlocal_energy { 41.95005612965845   } 
   nonlocal_energyvar { 669.6010328084841   } 
   autocorr_energy { } 
} 

block { 
   label vmc
   totweight 61440
   nautocorr 0
   total_energy { -293.7141460972768   } 
   total_energyvar { 3.574426859806588   } 
   weight { 1   } 
   weightvar { 0   } 
   kinetic_energy { 115.4712303725392   } 
   kinetic_energyvar { 354.1792077604852   } 
   potential_energy { -450.9460213324406   } 
   potential_energyvar { 813.7549254465729   } 
   nonlocal_energy { 41.76064486262456   } 
   nonlocal_energyvar { 654.5175554900574   } 
   autocorr_energy { } 
} 

block { 
   label vmc
   totweight 61440
   nautocorr 0
   total_energy { -293.7071397289517   } 
   total_energyvar { 3.631603240656968   } 
   weight { 1   } 
   weightvar { 0   } 
   kinetic_energy { 115.5354194632108   } 
   kinetic_energyvar { 363.7660508733576   } 
   potential_energy { -451.3060635251422   } 
   potential_energyvar { 823.1808370630077   } 
   nonlocal_energy { 42.0635043329796   } 
   nonlocal_energyvar { 664.9060981014846   } 
   autocorr_energy { } 
} 

block { 
   label vmc
   totweight 61440
   nautocorr 0
   total_energy { -293.7114175242857   } 
   total_energyvar { 3.600340408873243   } 
   weight { 1   } 
   weightvar { 0   } 
   kinetic_energy { 115.5466781660533   } 
   kinetic_energyvar { 360.4571163111482   } 
   potential_energy { -451.0522614822518   } 
   potential_energyvar { 823.6566133710592   } 
   nonlocal_energy { 41.79416579191281   } 
   nonlocal_energyvar { 655.7591902861816   } 
   autocorr_energy { } 
} 

block { 
   label vmc
   totweight 61440
   nautocorr 0
   total_energy { -293.7145112132235   } 
   total_energyvar { 3.406312553665981   } 
   weight { 1   } 
   weightvar { 0   } 
   kinetic_energy { 115.5751031215075   } 
   kinetic_energyvar { 356.8830932624903   } 
   potential_energy { -451.0721192841557   } 
   potential_energyvar { 824.2716149869658   } 
   nonlocal_energy { 41.78250494942475   } 
   nonlocal_energyvar { 655.7833492709885   } 
   autocorr_energy { } 
} 

block { 
   label vmc
   totweight 61440
   nautocorr 0
   total_energy { -293.7165533676018   } 
   total_energyvar { 3.698924973396119   } 
   weight { 1   } 
   weightvar { 0   } 
   kinetic_energy { 115.3832838403024   } 
   kinetic_energyvar { 365.3666479336998   } 
   potential_energy { -451.1578447506946   } 
   potential_energyvar { 816.0279125228355   } 
   nonlocal_energy { 42.05800754279043   } 
   nonlocal_energyvar { 676.9051553610003   } 
   autocorr_energy { } 
} 

block { 
   label vmc
   totweight 61440
   nautocorr 0
   total_energy { -293.7103118775106   } 
   total_energyvar { 3.51753690543053   } 
   weight { 1   } 
   weightvar { 0   } 
   kinetic_energy { 115.5180369023449   } 
   kinetic_energyvar { 363.2393268110428   } 
   potential_energy { -451.0344459974478   } 
   potential_energyvar { 814.3962553398987   } 
   nonlocal_energy { 41.80609721759226   } 
   nonlocal_energyvar { 661.3257824080634   } 
   autocorr_energy { } 
} 

block { 
   label vmc
   totweight 61440
   nautocorr 0
   total_energy { -293.7195867232342   } 
   total_energyvar { 3.554616089329508   } 
   weight { 1   } 
   weightvar { 0   } 
   kinetic_energy { 115.5746437813303   } 
   kinetic_energyvar { 362.1785038225301   } 
   potential_energy { -451.2793883839052   } 
   potential_energyvar { 818.3745267448171   } 
   nonlocal_energy { 41.98515787934075   } 
   nonlocal_energyvar { 666.9774239496865   } 
   autocorr_energy { } 
} 

block { 
   label vmc
   totweight 61440
   nautocorr 0
   total_energy { -293.7095710726032   } 
   total_energyvar { 3.579061121634457   } 
   weight { 1   } 
   weightvar { 0   } 
   kinetic_energy { 115.5427161425925   } 
   kinetic_energyvar { 365.5046942165235   } 
   potential_energy { -451.0995720950862   } 
   potential_energyvar { 814.7763560201312   } 
   nonlocal_energy { 41.84728487989064   } 
   nonlocal_energyvar { 666.9220707087244   } 
   autocorr_energy { } 
} 

block { 
   label vmc
   totweight 61440
   nautocorr 0
   total_energy { -293.7079243244908   } 
   total_energyvar { 3.54069915001256   } 
   weight { 1   } 
   weightvar { 0   } 
   kinetic_energy { 115.498557563981   } 
   kinetic_energyvar { 357.4584823449857   } 
   potential_energy { -451.2343877669089   } 
   potential_energyvar { 823.2596158823594   } 
   nonlocal_energy { 42.02790587843704   } 
   nonlocal_energyvar { 663.7900463710872   } 
   autocorr_energy { } 
} 

block { 
   label vmc
   totweight 61440
   nautocorr 0
   total_energy { -293.7218620680511   } 
   total_energyvar { 3.608879054041464   } 
   weight { 1   } 
   weightvar { 0   } 
   kinetic_energy { 115.4681364517828   } 
   kinetic_energyvar { 357.3715722489375   } 
   potential_energy { -450.8833477025917   } 
   potential_energyvar { 827.0543632350556   } 
   nonlocal_energy { 41.69334918275796   } 
   nonlocal_energyvar { 664.0828268808912   } 
   autocorr_energy { } 
} 

block { 
   label vmc
   totweight 61440
   nautocorr 0
   total_energy { -293.7100096569487   } 
   total_energyvar { 3.587604402072341   } 
   weight { 1   } 
   weightvar { 0   } 
   kinetic_energy { 115.5896108742242   } 
   kinetic_energyvar { 352.7869179682538   } 
   potential_energy { -451.1013209932088   } 
   potential_energyvar { 802.7005302876071   } 
   nonlocal_energy { 41.80170046203584   } 
   nonlocal_energyvar { 651.6712722724691   } 
   autocorr_energy { } 
} 

block { 
   label vmc
   totweight 61440
   nautocorr 0
   total_energy { -293.7055490616578   } 
   total_energyvar { 3.630107361809137   } 
   weight { 1   } 
   weightvar { 0   } 
   kinetic_energy { 115.3425048848204   } 
   kinetic_energyvar { 358.6727553139226   } 
   potential_energy { -450.9406808412105   } 
   potential_energyvar { 824.8860721887036   } 
   nonlocal_energy { 41.89262689473226   } 
   nonlocal_energyvar { 662.247018998786   } 
   autocorr_energy { } 
} 

block { 
   label vmc
   totweight 61440
   nautocorr 0
   total_energy { -293.6973866956837   } 
   total_energyvar { 3.644479894563497   } 
   weight { 1   } 
   weightvar { 0   } 
   kinetic_energy { 115.4760613711843   } 
   kinetic_energyvar { 370.3921070865568   } 
   potential_energy { -451.0918679992265   } 
   potential_energyvar { 812.9536258216639   } 
   nonlocal_energy { 41.9184199323585   } 
   nonlocal_energyvar { 664.3593005206802   } 
   autocorr_energy { } 
} 

block { 
   label vmc
   totweight 61440
   nautocorr 0
   total_energy { -293.7195204806861   } 
   total_energyvar { 3.631717822790192   } 
   weight { 1   } 
   weightvar { 0   } 
   kinetic_energy { 115.2074966253207   } 
   kinetic_energyvar { 358.7833012208355   } 
   potential_energy { -451.0228316044983   } 
   potential_energyvar { 818.2750346287863   } 
   nonlocal_energy { 42.09581449849149   } 
   nonlocal_energyvar { 665.1750328629939   } 
   autocorr_energy { } 
} 

block { 
   label vmc
   totweight 61440
   nautocorr 0
   total_energy { -293.7065872133541   } 
   total_energyvar { 3.682329520565427   } 
   weight { 1   } 
   weightvar { 0   } 
   kinetic_energy { 115.3921792450167   } 
   kinetic_energyvar { 360.1740314007678   } 
   potential_energy { -451.1031981736915   } 
   potential_energyvar { 824.5381430417692   } 
   nonlocal_energy { 42.00443171532074   } 
   nonlocal_energyvar { 662.9748805298515   } 
   autocorr_energy { } 
} 

block { 
   label vmc
   totweight 61440
   nautocorr 0
   total_energy { -293.7043962153566   } 
   total_energyvar { 3.915066078279833   } 
   weight { 1   } 
   weightvar { 0   } 
   kinetic_energy { 115.4157518777738   } 
   kinetic_energyvar { 358.2124571346583   } 
   potential_energy { -451.0291480219967   } 
   potential_energyvar { 823.0221653316072   } 
   nonlocal_energy { 41.90899992886636   } 
   nonlocal_energyvar { 659.7446245441317   } 
   autocorr_energy { } 
} 

block { 
   label vmc
   totweight 61440
   nautocorr 0
   total_energy { -293.6997220192987   } 
   total_energyvar { 3.729210797270576   } 
   weight { 1   } 
   weightvar { 0   } 
   kinetic_energy { 115.4420844583934   } 
   kinetic_energyvar { 358.060936109134   } 
   potential_energy { -451.2173439495211   } 
   potential_energyvar { 825.5584573676599   } 
   nonlocal_energy { 42.07553747182897   } 
   nonlocal_energyvar { 671.4973797593191   } 
   autocorr_energy { } 
} 

