#-------------------------------------------------
#VMC run: timestep 0.42 nconfig 3072 steps 30
#-------------------------------------------------


init { 
   label vmc
}
block { 
   label vmc
   totweight 92160
   nautocorr 0
   total_energy { -8.204896342600943   } 
   total_energyvar { 0.199730378360231   } 
   weight { 1   } 
   weightvar { 0   } 
   kinetic_energy { 2.782505933715127   } 
   kinetic_energyvar { 2.919673185921395   } 
   potential_energy { -11.91978814462458   } 
   potential_energyvar { 3.329535932435962   } 
   nonlocal_energy { 0.9323858683085084   } 
   nonlocal_energyvar { 4.704060402383856   } 
   autocorr_energy { } 
} 

block { 
   label vmc
   totweight 92160
   nautocorr 0
   total_energy { -8.201401455568071   } 
   total_energyvar { 0.09976137585676086   } 
   weight { 1   } 
   weightvar { 0   } 
   kinetic_energy { 2.76081227900284   } 
   kinetic_energyvar { 2.88949987990837   } 
   potential_energy { -11.8945244601824   } 
   potential_energyvar { 3.181420894088346   } 
   nonlocal_energy { 0.9323107256114851   } 
   nonlocal_energyvar { 4.606100133253224   } 
   autocorr_energy { } 
} 

block { 
   label vmc
   totweight 92160
   nautocorr 0
   total_energy { -8.199912283202085   } 
   total_energyvar { 0.1722834394689512   } 
   weight { 1   } 
   weightvar { 0   } 
   kinetic_energy { 2.785116353541007   } 
   kinetic_energyvar { 3.143101337171074   } 
   potential_energy { -11.91481930455195   } 
   potential_energyvar { 3.432345762255275   } 
   nonlocal_energy { 0.9297906678088588   } 
   nonlocal_energyvar { 4.648159556586063   } 
   autocorr_energy { } 
} 

block { 
   label vmc
   totweight 92160
   nautocorr 0
   total_energy { -8.198964279269585   } 
   total_energyvar { 0.1051702159454088   } 
   weight { 1   } 
   weightvar { 0   } 
   kinetic_energy { 2.77275590608761   } 
   kinetic_energyvar { 2.946498528884743   } 
   potential_energy { -11.91174164412705   } 
   potential_energyvar { 3.191401530970925   } 
   nonlocal_energy { 0.9400214587698612   } 
   nonlocal_energyvar { 4.717936347820439   } 
   autocorr_energy { } 
} 

block { 
   label vmc
   totweight 92160
   nautocorr 0
   total_energy { -8.20204032296124   } 
   total_energyvar { 0.09521406200194253   } 
   weight { 1   } 
   weightvar { 0   } 
   kinetic_energy { 2.763160867482415   } 
   kinetic_energyvar { 3.04411426389683   } 
   potential_energy { -11.91059037008404   } 
   potential_energyvar { 3.17075113355672   } 
   nonlocal_energy { 0.9453891796403828   } 
   nonlocal_energyvar { 4.833555762486673   } 
   autocorr_energy { } 
} 

block { 
   label vmc
   totweight 92160
   nautocorr 0
   total_energy { -8.199178555905915   } 
   total_energyvar { 0.1007674615992602   } 
   weight { 1   } 
   weightvar { 0   } 
   kinetic_energy { 2.773585709777767   } 
   kinetic_energyvar { 2.981772254560938   } 
   potential_energy { -11.91910838015461   } 
   potential_energyvar { 3.260730842475702   } 
   nonlocal_energy { 0.946344114470927   } 
   nonlocal_energyvar { 4.750011657933481   } 
   autocorr_energy { } 
} 

block { 
   label vmc
   totweight 92160
   nautocorr 0
   total_energy { -8.200476856369928   } 
   total_energyvar { 0.1009882946337535   } 
   weight { 1   } 
   weightvar { 0   } 
   kinetic_energy { 2.775315611371645   } 
   kinetic_energyvar { 2.945732480051786   } 
   potential_energy { -11.9135291443812   } 
   potential_energyvar { 3.168171460768152   } 
   nonlocal_energy { 0.9377366766396266   } 
   nonlocal_energyvar { 4.710482070014296   } 
   autocorr_energy { } 
} 

block { 
   label vmc
   totweight 92160
   nautocorr 0
   total_energy { -8.200171905677614   } 
   total_energyvar { 0.09085245635506431   } 
   weight { 1   } 
   weightvar { 0   } 
   kinetic_energy { 2.774252068781114   } 
   kinetic_energyvar { 2.855177294409033   } 
   potential_energy { -11.91818264971594   } 
   potential_energyvar { 3.146219540523811   } 
   nonlocal_energy { 0.9437586752572171   } 
   nonlocal_energyvar { 4.597548323413713   } 
   autocorr_energy { } 
} 

block { 
   label vmc
   totweight 92160
   nautocorr 0
   total_energy { -8.199720466518198   } 
   total_energyvar { 0.1005808479521228   } 
   weight { 1   } 
   weightvar { 0   } 
   kinetic_energy { 2.76875859096377   } 
   kinetic_energyvar { 2.950413524559215   } 
   potential_energy { -11.9049563973085   } 
   potential_energyvar { 3.149608156509013   } 
   nonlocal_energy { 0.9364773398265388   } 
   nonlocal_energyvar { 4.723064647263884   } 
   autocorr_energy { } 
} 

block { 
   label vmc
   totweight 92160
   nautocorr 0
   total_energy { -8.20158923074618   } 
   total_energyvar { 0.09594011981819074   } 
   weight { 1   } 
   weightvar { 0   } 
   kinetic_energy { 2.774311358883122   } 
   kinetic_energyvar { 2.946653764144844   } 
   potential_energy { -11.90647830186881   } 
   potential_energyvar { 3.144446621791945   } 
   nonlocal_energy { 0.9305777122395062   } 
   nonlocal_energyvar { 4.598356383994843   } 
   autocorr_energy { } 
} 

block { 
   label vmc
   totweight 92160
   nautocorr 0
   total_energy { -8.201464346159161   } 
   total_energyvar { 0.1000286673020402   } 
   weight { 1   } 
   weightvar { 0   } 
   kinetic_energy { 2.767206012714039   } 
   kinetic_energyvar { 2.932703230682204   } 
   potential_energy { -11.91850357568288   } 
   potential_energyvar { 3.194186730290047   } 
   nonlocal_energy { 0.949833216809681   } 
   nonlocal_energyvar { 4.688787813756324   } 
   autocorr_energy { } 
} 

block { 
   label vmc
   totweight 92160
   nautocorr 0
   total_energy { -8.202645243969009   } 
   total_energyvar { 0.09022856517093292   } 
   weight { 1   } 
   weightvar { 0   } 
   kinetic_energy { 2.782623879053365   } 
   kinetic_energyvar { 2.862138433581801   } 
   potential_energy { -11.92498818514424   } 
   potential_energyvar { 3.10877640540493   } 
   nonlocal_energy { 0.9397190621218627   } 
   nonlocal_energyvar { 4.558725203276467   } 
   autocorr_energy { } 
} 

block { 
   label vmc
   totweight 92160
   nautocorr 0
   total_energy { -8.20018623290737   } 
   total_energyvar { 0.09979406489909   } 
   weight { 1   } 
   weightvar { 0   } 
   kinetic_energy { 2.780378315037221   } 
   kinetic_energyvar { 2.87748475057899   } 
   potential_energy { -11.9089504684727   } 
   potential_energyvar { 3.125776804301623   } 
   nonlocal_energy { 0.9283859205281041   } 
   nonlocal_energyvar { 4.635656707908503   } 
   autocorr_energy { } 
} 

block { 
   label vmc
   totweight 92160
   nautocorr 0
   total_energy { -8.198296498361806   } 
   total_energyvar { 0.09891293496331829   } 
   weight { 1   } 
   weightvar { 0   } 
   kinetic_energy { 2.770028854211878   } 
   kinetic_energyvar { 2.949862616816217   } 
   potential_energy { -11.9166074650787   } 
   potential_energyvar { 3.137558414365857   } 
   nonlocal_energy { 0.9482821125050134   } 
   nonlocal_energyvar { 4.758840864858501   } 
   autocorr_energy { } 
} 

block { 
   label vmc
   totweight 92160
   nautocorr 0
   total_energy { -8.201094300130206   } 
   total_energyvar { 0.0948596333774997   } 
   weight { 1   } 
   weightvar { 0   } 
   kinetic_energy { 2.770887247455958   } 
   kinetic_energyvar { 2.924134748425053   } 
   potential_energy { -11.90464898808386   } 
   potential_energyvar { 3.120358271297811   } 
   nonlocal_energy { 0.9326674404976956   } 
   nonlocal_energyvar { 4.648138828264239   } 
   autocorr_energy { } 
} 

block { 
   label vmc
   totweight 92160
   nautocorr 0
   total_energy { -8.198883218181066   } 
   total_energyvar { 0.1050523176743126   } 
   weight { 1   } 
   weightvar { 0   } 
   kinetic_energy { 2.774389591871713   } 
   kinetic_energyvar { 2.862356429980116   } 
   potential_energy { -11.90037046277271   } 
   potential_energyvar { 3.139309085815361   } 
   nonlocal_energy { 0.9270976527199296   } 
   nonlocal_energyvar { 4.5645282911772   } 
   autocorr_energy { } 
} 

block { 
   label vmc
   totweight 92160
   nautocorr 0
   total_energy { -8.198483885100988   } 
   total_energyvar { 0.09495608728244612   } 
   weight { 1   } 
   weightvar { 0   } 
   kinetic_energy { 2.764514403789986   } 
   kinetic_energyvar { 2.937891230256544   } 
   potential_energy { -11.91031638202842   } 
   potential_energyvar { 3.163124639148991   } 
   nonlocal_energy { 0.947318093137451   } 
   nonlocal_energyvar { 4.723674292299466   } 
   autocorr_energy { } 
} 

block { 
   label vmc
   totweight 92160
   nautocorr 0
   total_energy { -8.198499194800352   } 
   total_energyvar { 0.09685416742849744   } 
   weight { 1   } 
   weightvar { 0   } 
   kinetic_energy { 2.775002361200025   } 
   kinetic_energyvar { 2.871201813631938   } 
   potential_energy { -11.91334366669771   } 
   potential_energyvar { 3.136319844644114   } 
   nonlocal_energy { 0.9398421106973286   } 
   nonlocal_energyvar { 4.619458622901779   } 
   autocorr_energy { } 
} 

block { 
   label vmc
   totweight 92160
   nautocorr 0
   total_energy { -8.202053536014056   } 
   total_energyvar { 0.09007769131010185   } 
   weight { 1   } 
   weightvar { 0   } 
   kinetic_energy { 2.771226284205341   } 
   kinetic_energyvar { 2.953742371851707   } 
   potential_energy { -11.91840073755725   } 
   potential_energyvar { 3.134327072563077   } 
   nonlocal_energy { 0.9451209173378545   } 
   nonlocal_energyvar { 4.731821052309135   } 
   autocorr_energy { } 
} 

block { 
   label vmc
   totweight 92160
   nautocorr 0
   total_energy { -8.196737003116965   } 
   total_energyvar { 0.1204714317430724   } 
   weight { 1   } 
   weightvar { 0   } 
   kinetic_energy { 2.756219827537453   } 
   kinetic_energyvar { 2.970042585157524   } 
   potential_energy { -11.90152420940754   } 
   potential_energyvar { 3.234175577252895   } 
   nonlocal_energy { 0.9485673787531195   } 
   nonlocal_energyvar { 4.800280143957949   } 
   autocorr_energy { } 
} 

block { 
   label vmc
   totweight 92160
   nautocorr 0
   total_energy { -8.200160105479249   } 
   total_energyvar { 0.0984694068206884   } 
   weight { 1   } 
   weightvar { 0   } 
   kinetic_energy { 2.769896369416246   } 
   kinetic_energyvar { 2.950268852498451   } 
   potential_energy { -11.91245581980686   } 
   potential_energyvar { 3.147732520939694   } 
   nonlocal_energy { 0.9423993449113678   } 
   nonlocal_energyvar { 4.719367921358703   } 
   autocorr_energy { } 
} 

block { 
   label vmc
   totweight 92160
   nautocorr 0
   total_energy { -8.19927241561011   } 
   total_energyvar { 0.09405949705985692   } 
   weight { 1   } 
   weightvar { 0   } 
   kinetic_energy { 2.774690320422168   } 
   kinetic_energyvar { 2.917279955575399   } 
   potential_energy { -11.90732744243703   } 
   potential_energyvar { 3.107836291743216   } 
   nonlocal_energy { 0.933364706404748   } 
   nonlocal_energyvar { 4.688249683452439   } 
   autocorr_energy { } 
} 

block { 
   label vmc
   totweight 92160
   nautocorr 0
   total_energy { -8.199593946352556   } 
   total_energyvar { 0.09463309189462675   } 
   weight { 1   } 
   weightvar { 0   } 
   kinetic_energy { 2.777676076954702   } 
   kinetic_energyvar { 2.924684263762121   } 
   potential_energy { -11.92723089360237   } 
   potential_energyvar { 3.20861772499727   } 
   nonlocal_energy { 0.949960870295111   } 
   nonlocal_energyvar { 4.776632629548551   } 
   autocorr_energy { } 
} 

block { 
   label vmc
   totweight 92160
   nautocorr 0
   total_energy { -8.200969156182822   } 
   total_energyvar { 0.1015335223758181   } 
   weight { 1   } 
   weightvar { 0   } 
   kinetic_energy { 2.756537240651181   } 
   kinetic_energyvar { 3.013587309164661   } 
   potential_energy { -11.90488570250935   } 
   potential_energyvar { 3.178907812523933   } 
   nonlocal_energy { 0.9473793056753516   } 
   nonlocal_energyvar { 4.939937615317613   } 
   autocorr_energy { } 
} 

block { 
   label vmc
   totweight 92160
   nautocorr 0
   total_energy { -8.201121778115612   } 
   total_energyvar { 0.09142066001522196   } 
   weight { 1   } 
   weightvar { 0   } 
   kinetic_energy { 2.773618044896956   } 
   kinetic_energyvar { 2.90395712364764   } 
   potential_energy { -11.91827509589988   } 
   potential_energyvar { 3.152610566583851   } 
   nonlocal_energy { 0.9435352728873105   } 
   nonlocal_energyvar { 4.6813214780775   } 
   autocorr_energy { } 
} 

block { 
   label vmc
   totweight 92160
   nautocorr 0
   total_energy { -8.19913219431146   } 
   total_energyvar { 0.1121226200036788   } 
   weight { 1   } 
   weightvar { 0   } 
   kinetic_energy { 2.770876786273696   } 
   kinetic_energyvar { 2.879171060222152   } 
   potential_energy { -11.90006124864134   } 
   potential_energyvar { 3.141408615859533   } 
   nonlocal_energy { 0.9300522680561825   } 
   nonlocal_energyvar { 4.658683226056876   } 
   autocorr_energy { } 
} 

block { 
   label vmc
   totweight 92160
   nautocorr 0
   total_energy { -8.200343282940837   } 
   total_energyvar { 0.1337387667933193   } 
   weight { 1   } 
   weightvar { 0   } 
   kinetic_energy { 2.772040011469674   } 
   kinetic_energyvar { 2.980120370875458   } 
   potential_energy { -11.90801078788677   } 
   potential_energyvar { 3.198798360335489   } 
   nonlocal_energy { 0.9356274934762638   } 
   nonlocal_energyvar { 4.763960562665525   } 
   autocorr_energy { } 
} 

block { 
   label vmc
   totweight 92160
   nautocorr 0
   total_energy { -8.199826035533704   } 
   total_energyvar { 0.1006467311698789   } 
   weight { 1   } 
   weightvar { 0   } 
   kinetic_energy { 2.764957805739034   } 
   kinetic_energyvar { 2.987767290418019   } 
   potential_energy { -11.8960494176207   } 
   potential_energyvar { 3.251886655626236   } 
   nonlocal_energy { 0.9312655763479679   } 
   nonlocal_energyvar { 4.603690468056472   } 
   autocorr_energy { } 
} 

block { 
   label vmc
   totweight 92160
   nautocorr 0
   total_energy { -8.200917338096604   } 
   total_energyvar { 0.1034818181875502   } 
   weight { 1   } 
   weightvar { 0   } 
   kinetic_energy { 2.770306140215354   } 
   kinetic_energyvar { 2.932632251230354   } 
   potential_energy { -11.9126055329954   } 
   potential_energyvar { 3.143236905583298   } 
   nonlocal_energy { 0.9413820546834434   } 
   nonlocal_energyvar { 4.704098546304609   } 
   autocorr_energy { } 
} 

block { 
   label vmc
   totweight 92160
   nautocorr 0
   total_energy { -8.199728731528888   } 
   total_energyvar { 0.09843862321626555   } 
   weight { 1   } 
   weightvar { 0   } 
   kinetic_energy { 2.772059687080978   } 
   kinetic_energyvar { 2.808897630986011   } 
   potential_energy { -11.89405079047837   } 
   potential_energyvar { 3.162266438288658   } 
   nonlocal_energy { 0.9222623718684992   } 
   nonlocal_energyvar { 4.44017715335089   } 
   autocorr_energy { } 
} 

