#-------------------------------------------------
#VMC run: timestep 1.8 nconfig 8192 steps 30
#-------------------------------------------------


init { 
   label vmc
}
block { 
   label vmc
   totweight 245760
   nautocorr 0
   total_energy { -10.69068609669224   } 
   total_energyvar { 0.9100697703867667   } 
   weight { 1   } 
   weightvar { 0   } 
   kinetic_energy { 3.839937940242821   } 
   kinetic_energyvar { 4.426533797294947   } 
   potential_energy { -14.85319246062179   } 
   potential_energyvar { 3.20183995095254   } 
   nonlocal_energy { 0.3225684236867325   } 
   nonlocal_energyvar { 5.400912134990447   } 
   autocorr_energy { } 
} 

block { 
   label vmc
   totweight 245760
   nautocorr 0
   total_energy { -10.69540405598934   } 
   total_energyvar { 0.8709567051825154   } 
   weight { 1   } 
   weightvar { 0   } 
   kinetic_energy { 3.83063492485486   } 
   kinetic_energyvar { 4.542570712780308   } 
   potential_energy { -14.85591134009329   } 
   potential_energyvar { 3.175946156683642   } 
   nonlocal_energy { 0.3298723592490931   } 
   nonlocal_energyvar { 5.521047829366992   } 
   autocorr_energy { } 
} 

block { 
   label vmc
   totweight 245760
   nautocorr 0
   total_energy { -10.69377303053761   } 
   total_energyvar { 3.426544541788111   } 
   weight { 1   } 
   weightvar { 0   } 
   kinetic_energy { 3.835958287305857   } 
   kinetic_energyvar { 6.29271032643445   } 
   potential_energy { -14.85256082295026   } 
   potential_energyvar { 3.247374737729583   } 
   nonlocal_energy { 0.3228295051067852   } 
   nonlocal_energyvar { 5.69029791074087   } 
   autocorr_energy { } 
} 

block { 
   label vmc
   totweight 245760
   nautocorr 0
   total_energy { -10.69821243947622   } 
   total_energyvar { 0.9064428839018767   } 
   weight { 1   } 
   weightvar { 0   } 
   kinetic_energy { 3.828421730929088   } 
   kinetic_energyvar { 4.695630244533106   } 
   potential_energy { -14.85893637681302   } 
   potential_energyvar { 3.183085620128549   } 
   nonlocal_energy { 0.3323022064077105   } 
   nonlocal_energyvar { 5.629574187138739   } 
   autocorr_energy { } 
} 

block { 
   label vmc
   totweight 245760
   nautocorr 0
   total_energy { -10.69702273802929   } 
   total_energyvar { 0.9439858763830206   } 
   weight { 1   } 
   weightvar { 0   } 
   kinetic_energy { 3.821816164591921   } 
   kinetic_energyvar { 4.704148100903005   } 
   potential_energy { -14.85605359403888   } 
   potential_energyvar { 3.148355803318661   } 
   nonlocal_energy { 0.3372146914176731   } 
   nonlocal_energyvar { 5.524429889786028   } 
   autocorr_energy { } 
} 

block { 
   label vmc
   totweight 245760
   nautocorr 0
   total_energy { -10.69661500639172   } 
   total_energyvar { 1.913767716235619   } 
   weight { 1   } 
   weightvar { 0   } 
   kinetic_energy { 3.84935853350645   } 
   kinetic_energyvar { 5.093755897497451   } 
   potential_energy { -14.86044543675512   } 
   potential_energyvar { 3.165837299219462   } 
   nonlocal_energy { 0.3144718968569584   } 
   nonlocal_energyvar { 5.458075254767902   } 
   autocorr_energy { } 
} 

block { 
   label vmc
   totweight 245760
   nautocorr 0
   total_energy { -10.69569203189421   } 
   total_energyvar { 0.9351765880768292   } 
   weight { 1   } 
   weightvar { 0   } 
   kinetic_energy { 3.832000345666169   } 
   kinetic_energyvar { 4.571528516695762   } 
   potential_energy { -14.8599286457133   } 
   potential_energyvar { 3.20156451170994   } 
   nonlocal_energy { 0.3322362681529222   } 
   nonlocal_energyvar { 5.555782769016342   } 
   autocorr_energy { } 
} 

block { 
   label vmc
   totweight 245760
   nautocorr 0
   total_energy { -10.68955993433424   } 
   total_energyvar { 4.203274524768614   } 
   weight { 1   } 
   weightvar { 0   } 
   kinetic_energy { 3.831515917950199   } 
   kinetic_energyvar { 6.645420759463129   } 
   potential_energy { -14.86222289406211   } 
   potential_energyvar { 3.208586596426387   } 
   nonlocal_energy { 0.3411470417776765   } 
   nonlocal_energyvar { 5.868215677778521   } 
   autocorr_energy { } 
} 

block { 
   label vmc
   totweight 245760
   nautocorr 0
   total_energy { -10.6951445017783   } 
   total_energyvar { 0.9302211200788788   } 
   weight { 1   } 
   weightvar { 0   } 
   kinetic_energy { 3.833706721204897   } 
   kinetic_energyvar { 4.679002578163826   } 
   potential_energy { -14.86489140932451   } 
   potential_energyvar { 3.226309777604276   } 
   nonlocal_energy { 0.3360401863413146   } 
   nonlocal_energyvar { 5.756417036523736   } 
   autocorr_energy { } 
} 

block { 
   label vmc
   totweight 245760
   nautocorr 0
   total_energy { -10.69345366553186   } 
   total_energyvar { 0.9271871744104351   } 
   weight { 1   } 
   weightvar { 0   } 
   kinetic_energy { 3.82929059955558   } 
   kinetic_energyvar { 4.582940591332565   } 
   potential_energy { -14.84901722577215   } 
   potential_energyvar { 3.18628619091406   } 
   nonlocal_energy { 0.3262729606847039   } 
   nonlocal_energyvar { 5.513917989187886   } 
   autocorr_energy { } 
} 

block { 
   label vmc
   totweight 245760
   nautocorr 0
   total_energy { -10.69292185715165   } 
   total_energyvar { 1.47900998279091   } 
   weight { 1   } 
   weightvar { 0   } 
   kinetic_energy { 3.835034228857423   } 
   kinetic_energyvar { 4.956531463748189   } 
   potential_energy { -14.85749195116559   } 
   potential_energyvar { 3.18084118086943   } 
   nonlocal_energy { 0.3295358651565238   } 
   nonlocal_energyvar { 5.761491613809516   } 
   autocorr_energy { } 
} 

block { 
   label vmc
   totweight 245760
   nautocorr 0
   total_energy { -10.69562218179161   } 
   total_energyvar { 0.9137071591018706   } 
   weight { 1   } 
   weightvar { 0   } 
   kinetic_energy { 3.826874032162768   } 
   kinetic_energyvar { 4.667699364314158   } 
   potential_energy { -14.85878847983662   } 
   potential_energyvar { 3.157039768428384   } 
   nonlocal_energy { 0.3362922658822415   } 
   nonlocal_energyvar { 5.651218057656163   } 
   autocorr_energy { } 
} 

block { 
   label vmc
   totweight 245760
   nautocorr 0
   total_energy { -10.6935982123862   } 
   total_energyvar { 1.239881097936381   } 
   weight { 1   } 
   weightvar { 0   } 
   kinetic_energy { 3.834025327414372   } 
   kinetic_energyvar { 4.59128446915786   } 
   potential_energy { -14.85642547819379   } 
   potential_energyvar { 3.45194038319172   } 
   nonlocal_energy { 0.3288019383932259   } 
   nonlocal_energyvar { 5.59165847627843   } 
   autocorr_energy { } 
} 

block { 
   label vmc
   totweight 245760
   nautocorr 0
   total_energy { -10.69773186620787   } 
   total_energyvar { 1.264431718734757   } 
   weight { 1   } 
   weightvar { 0   } 
   kinetic_energy { 3.823810093175692   } 
   kinetic_energyvar { 4.777305957233439   } 
   potential_energy { -14.85832462372369   } 
   potential_energyvar { 3.183563569752055   } 
   nonlocal_energy { 0.3367826643401212   } 
   nonlocal_energyvar { 5.736516142052464   } 
   autocorr_energy { } 
} 

block { 
   label vmc
   totweight 245760
   nautocorr 0
   total_energy { -10.69896272756118   } 
   total_energyvar { 0.8585900206043211   } 
   weight { 1   } 
   weightvar { 0   } 
   kinetic_energy { 3.825398138204408   } 
   kinetic_energyvar { 4.636094383671249   } 
   potential_energy { -14.85880810019347   } 
   potential_energyvar { 3.162549550268319   } 
   nonlocal_energy { 0.3344472344278813   } 
   nonlocal_energyvar { 5.642752315250037   } 
   autocorr_energy { } 
} 

block { 
   label vmc
   totweight 245760
   nautocorr 0
   total_energy { -10.69907071448111   } 
   total_energyvar { 0.9001345997100554   } 
   weight { 1   } 
   weightvar { 0   } 
   kinetic_energy { 3.826857332625524   } 
   kinetic_energyvar { 4.584268122097834   } 
   potential_energy { -14.86168879685022   } 
   potential_energyvar { 3.194908282457111   } 
   nonlocal_energy { 0.3357607497435839   } 
   nonlocal_energyvar { 5.581961154342831   } 
   autocorr_energy { } 
} 

block { 
   label vmc
   totweight 245760
   nautocorr 0
   total_energy { -10.69061204836002   } 
   total_energyvar { 0.956788606914027   } 
   weight { 1   } 
   weightvar { 0   } 
   kinetic_energy { 3.827938221871003   } 
   kinetic_energyvar { 4.638978003652982   } 
   potential_energy { -14.85321184602774   } 
   potential_energyvar { 3.220761841483736   } 
   nonlocal_energy { 0.3346615757967148   } 
   nonlocal_energyvar { 5.678513346446278   } 
   autocorr_energy { } 
} 

block { 
   label vmc
   totweight 245760
   nautocorr 0
   total_energy { -10.69909519604392   } 
   total_energyvar { 0.8989692463033189   } 
   weight { 1   } 
   weightvar { 0   } 
   kinetic_energy { 3.834821989572484   } 
   kinetic_energyvar { 4.612707975124037   } 
   potential_energy { -14.86197218451438   } 
   potential_energyvar { 3.205467028953455   } 
   nonlocal_energy { 0.3280549988979712   } 
   nonlocal_energyvar { 5.568298953565203   } 
   autocorr_energy { } 
} 

block { 
   label vmc
   totweight 245760
   nautocorr 0
   total_energy { -10.69978664961193   } 
   total_energyvar { 0.9091209133531937   } 
   weight { 1   } 
   weightvar { 0   } 
   kinetic_energy { 3.841040601162953   } 
   kinetic_energyvar { 4.573510402199966   } 
   potential_energy { -14.8645060356246   } 
   potential_energyvar { 3.150586947150196   } 
   nonlocal_energy { 0.3236787848497203   } 
   nonlocal_energyvar { 5.543289578763297   } 
   autocorr_energy { } 
} 

block { 
   label vmc
   totweight 245760
   nautocorr 0
   total_energy { -10.69524253353457   } 
   total_energyvar { 1.342622630519939   } 
   weight { 1   } 
   weightvar { 0   } 
   kinetic_energy { 3.836425389117589   } 
   kinetic_energyvar { 4.887356560888215   } 
   potential_energy { -14.85671547973655   } 
   potential_energyvar { 3.196846699076453   } 
   nonlocal_energy { 0.3250475570843917   } 
   nonlocal_energyvar { 5.702378304400709   } 
   autocorr_energy { } 
} 

