#-------------------------------------------------
#VMC run: timestep 0.47 nconfig 8192 steps 30
#-------------------------------------------------


init { 
   label vmc
}
block { 
   label vmc
   totweight 245760
   nautocorr 0
   total_energy { -64.68063805071139   } 
   total_energyvar { 0.5676396353491001   } 
   weight { 1   } 
   weightvar { 0   } 
   kinetic_energy { 18.93701849227116   } 
   kinetic_energyvar { 53.35269658966015   } 
   potential_energy { -94.78324794231163   } 
   potential_energyvar { 108.7585721437977   } 
   nonlocal_energy { 11.16559139932907   } 
   nonlocal_energyvar { 134.0994839999496   } 
   autocorr_energy { } 
} 

block { 
   label vmc
   totweight 245760
   nautocorr 0
   total_energy { -64.68145905617126   } 
   total_energyvar { 0.5374573188086689   } 
   weight { 1   } 
   weightvar { 0   } 
   kinetic_energy { 18.85988185059747   } 
   kinetic_energyvar { 53.1306731148283   } 
   potential_energy { -94.67902764931759   } 
   potential_energyvar { 108.8861935165069   } 
   nonlocal_energy { 11.13768674254887   } 
   nonlocal_energyvar { 133.6221704055706   } 
   autocorr_energy { } 
} 

block { 
   label vmc
   totweight 245760
   nautocorr 0
   total_energy { -64.6812468534435   } 
   total_energyvar { 0.5006219494400026   } 
   weight { 1   } 
   weightvar { 0   } 
   kinetic_energy { 18.89045618185624   } 
   kinetic_energyvar { 52.69292367147983   } 
   potential_energy { -94.65670797727601   } 
   potential_energyvar { 108.3627044530174   } 
   nonlocal_energy { 11.08500494197628   } 
   nonlocal_energyvar { 132.5480286202279   } 
   autocorr_energy { } 
} 

block { 
   label vmc
   totweight 245760
   nautocorr 0
   total_energy { -64.68274996432807   } 
   total_energyvar { 0.5241805132982565   } 
   weight { 1   } 
   weightvar { 0   } 
   kinetic_energy { 18.83316533141127   } 
   kinetic_energyvar { 53.41487043958489   } 
   potential_energy { -94.68754661674356   } 
   potential_energyvar { 109.835005969907   } 
   nonlocal_energy { 11.17163132100423   } 
   nonlocal_energyvar { 135.5429216399521   } 
   autocorr_energy { } 
} 

block { 
   label vmc
   totweight 245760
   nautocorr 0
   total_energy { -64.68062553795878   } 
   total_energyvar { 0.5499235976552265   } 
   weight { 1   } 
   weightvar { 0   } 
   kinetic_energy { 18.89815663351908   } 
   kinetic_energyvar { 52.57901894399696   } 
   potential_energy { -94.65963478073695   } 
   potential_energyvar { 108.338329912871   } 
   nonlocal_energy { 11.0808526092591   } 
   nonlocal_energyvar { 132.1544408858458   } 
   autocorr_energy { } 
} 

block { 
   label vmc
   totweight 245760
   nautocorr 0
   total_energy { -64.6818821881018   } 
   total_energyvar { 0.5943268756658174   } 
   weight { 1   } 
   weightvar { 0   } 
   kinetic_energy { 18.86660643701098   } 
   kinetic_energyvar { 53.7567625285452   } 
   potential_energy { -94.71609987412701   } 
   potential_energyvar { 109.8028813488497   } 
   nonlocal_energy { 11.16761124901424   } 
   nonlocal_energyvar { 135.3464020114556   } 
   autocorr_energy { } 
} 

block { 
   label vmc
   totweight 245760
   nautocorr 0
   total_energy { -64.68225562345371   } 
   total_energyvar { 0.4946434219659983   } 
   weight { 1   } 
   weightvar { 0   } 
   kinetic_energy { 18.93424013720347   } 
   kinetic_energyvar { 52.62693688776091   } 
   potential_energy { -94.71843551306327   } 
   potential_energyvar { 108.1515692381627   } 
   nonlocal_energy { 11.10193975240609   } 
   nonlocal_energyvar { 131.9078119706163   } 
   autocorr_energy { } 
} 

block { 
   label vmc
   totweight 245760
   nautocorr 0
   total_energy { -64.67942487082387   } 
   total_energyvar { 0.6348786827189855   } 
   weight { 1   } 
   weightvar { 0   } 
   kinetic_energy { 18.87903917861804   } 
   kinetic_energyvar { 53.30825166141157   } 
   potential_energy { -94.68794893327181   } 
   potential_energyvar { 108.6998880661207   } 
   nonlocal_energy { 11.12948488382991   } 
   nonlocal_energyvar { 134.5255552064409   } 
   autocorr_energy { } 
} 

block { 
   label vmc
   totweight 245760
   nautocorr 0
   total_energy { -64.68009027265038   } 
   total_energyvar { 0.5104032074224785   } 
   weight { 1   } 
   weightvar { 0   } 
   kinetic_energy { 18.90174148398863   } 
   kinetic_energyvar { 52.8786090956045   } 
   potential_energy { -94.63459156229935   } 
   potential_energyvar { 108.3379868609509   } 
   nonlocal_energy { 11.05275980566034   } 
   nonlocal_energyvar { 132.4150587133063   } 
   autocorr_energy { } 
} 

block { 
   label vmc
   totweight 245760
   nautocorr 0
   total_energy { -64.68563396469379   } 
   total_energyvar { 7.087363317846131   } 
   weight { 1   } 
   weightvar { 0   } 
   kinetic_energy { 18.89608869260226   } 
   kinetic_energyvar { 56.46476028313604   } 
   potential_energy { -94.72496298990357   } 
   potential_energyvar { 108.8903112155118   } 
   nonlocal_energy { 11.14324033260752   } 
   nonlocal_energyvar { 132.7738798383432   } 
   autocorr_energy { } 
} 

block { 
   label vmc
   totweight 245760
   nautocorr 0
   total_energy { -64.68136417326679   } 
   total_energyvar { 0.5769881453321712   } 
   weight { 1   } 
   weightvar { 0   } 
   kinetic_energy { 18.88850685138832   } 
   kinetic_energyvar { 52.9043882102582   } 
   potential_energy { -94.68112784562427   } 
   potential_energyvar { 108.7892690930908   } 
   nonlocal_energy { 11.11125682096916   } 
   nonlocal_energyvar { 133.3186236975967   } 
   autocorr_energy { } 
} 

block { 
   label vmc
   totweight 245760
   nautocorr 0
   total_energy { -64.67915412436224   } 
   total_energyvar { 0.6300091964792923   } 
   weight { 1   } 
   weightvar { 0   } 
   kinetic_energy { 18.9000869623948   } 
   kinetic_energyvar { 53.32370516994785   } 
   potential_energy { -94.72210469791305   } 
   potential_energyvar { 109.0640459031484   } 
   nonlocal_energy { 11.14286361115601   } 
   nonlocal_energyvar { 134.9768940395127   } 
   autocorr_energy { } 
} 

block { 
   label vmc
   totweight 245760
   nautocorr 0
   total_energy { -64.68080241198132   } 
   total_energyvar { 0.5106729292895299   } 
   weight { 1   } 
   weightvar { 0   } 
   kinetic_energy { 18.89611098276845   } 
   kinetic_energyvar { 52.21563687339987   } 
   potential_energy { -94.65181532526364   } 
   potential_energyvar { 107.7492164333774   } 
   nonlocal_energy { 11.07490193051387   } 
   nonlocal_energyvar { 131.0191163531044   } 
   autocorr_energy { } 
} 

block { 
   label vmc
   totweight 245760
   nautocorr 0
   total_energy { -64.6789833723121   } 
   total_energyvar { 0.5381520047422526   } 
   weight { 1   } 
   weightvar { 0   } 
   kinetic_energy { 18.90128877443674   } 
   kinetic_energyvar { 52.53158428705735   } 
   potential_energy { -94.6542410696314   } 
   potential_energyvar { 107.9528425208039   } 
   nonlocal_energy { 11.07396892288255   } 
   nonlocal_energyvar { 131.6252784264951   } 
   autocorr_energy { } 
} 

block { 
   label vmc
   totweight 245760
   nautocorr 0
   total_energy { -64.68235765796292   } 
   total_energyvar { 0.5710762995097204   } 
   weight { 1   } 
   weightvar { 0   } 
   kinetic_energy { 18.89012237225547   } 
   kinetic_energyvar { 52.70474899549252   } 
   potential_energy { -94.65082396732873   } 
   potential_energyvar { 108.3815431453243   } 
   nonlocal_energy { 11.07834393711034   } 
   nonlocal_energyvar { 131.5264913473757   } 
   autocorr_energy { } 
} 

block { 
   label vmc
   totweight 245760
   nautocorr 0
   total_energy { -64.6833655850028   } 
   total_energyvar { 0.5508095675546422   } 
   weight { 1   } 
   weightvar { 0   } 
   kinetic_energy { 18.85503074392683   } 
   kinetic_energyvar { 53.155660249559   } 
   potential_energy { -94.69326236032572   } 
   potential_energyvar { 109.1938009618522   } 
   nonlocal_energy { 11.15486603139609   } 
   nonlocal_energyvar { 134.9558861361302   } 
   autocorr_energy { } 
} 

block { 
   label vmc
   totweight 245760
   nautocorr 0
   total_energy { -64.67951890674054   } 
   total_energyvar { 0.9245988481145375   } 
   weight { 1   } 
   weightvar { 0   } 
   kinetic_energy { 18.89093216305913   } 
   kinetic_energyvar { 53.15802349692822   } 
   potential_energy { -94.69968852847387   } 
   potential_energyvar { 110.4466750139816   } 
   nonlocal_energy { 11.12923745867419   } 
   nonlocal_energyvar { 132.5596883705998   } 
   autocorr_energy { } 
} 

block { 
   label vmc
   totweight 245760
   nautocorr 0
   total_energy { -64.68217195115751   } 
   total_energyvar { 0.5910277970248146   } 
   weight { 1   } 
   weightvar { 0   } 
   kinetic_energy { 18.88978603928242   } 
   kinetic_energyvar { 53.23993024628463   } 
   potential_energy { -94.68525754191485   } 
   potential_energyvar { 108.8705989610824   } 
   nonlocal_energy { 11.11329955147494   } 
   nonlocal_energyvar { 133.954351168461   } 
   autocorr_energy { } 
} 

block { 
   label vmc
   totweight 245760
   nautocorr 0
   total_energy { -64.68291192721307   } 
   total_energyvar { 0.5398334725309786   } 
   weight { 1   } 
   weightvar { 0   } 
   kinetic_energy { 18.88859167918626   } 
   kinetic_energyvar { 52.44072118208094   } 
   potential_energy { -94.67486523358039   } 
   potential_energyvar { 108.5499369333467   } 
   nonlocal_energy { 11.10336162718104   } 
   nonlocal_energyvar { 132.1598274315487   } 
   autocorr_energy { } 
} 

block { 
   label vmc
   totweight 245760
   nautocorr 0
   total_energy { -64.68389114954689   } 
   total_energyvar { 0.6105947472636578   } 
   weight { 1   } 
   weightvar { 0   } 
   kinetic_energy { 18.92873534890405   } 
   kinetic_energyvar { 52.51626506248181   } 
   potential_energy { -94.73085045363185   } 
   potential_energyvar { 108.399348441644   } 
   nonlocal_energy { 11.1182239551809   } 
   nonlocal_energyvar { 131.755335012805   } 
   autocorr_energy { } 
} 

block { 
   label vmc
   totweight 245760
   nautocorr 0
   total_energy { -64.68060577144635   } 
   total_energyvar { 0.4833537630819833   } 
   weight { 1   } 
   weightvar { 0   } 
   kinetic_energy { 18.88092450453603   } 
   kinetic_energyvar { 52.22528801474367   } 
   potential_energy { -94.71122747925914   } 
   potential_energyvar { 108.3560457612904   } 
   nonlocal_energy { 11.14969720327677   } 
   nonlocal_energyvar { 131.4543118829003   } 
   autocorr_energy { } 
} 

block { 
   label vmc
   totweight 245760
   nautocorr 0
   total_energy { -64.6820724700701   } 
   total_energyvar { 0.5108843651558324   } 
   weight { 1   } 
   weightvar { 0   } 
   kinetic_energy { 18.89234578780839   } 
   kinetic_energyvar { 53.38313713063702   } 
   potential_energy { -94.72790303047181   } 
   potential_energyvar { 108.6637975260844   } 
   nonlocal_energy { 11.1534847725933   } 
   nonlocal_energyvar { 133.9678631583063   } 
   autocorr_energy { } 
} 

block { 
   label vmc
   totweight 245760
   nautocorr 0
   total_energy { -64.68013726850971   } 
   total_energyvar { 0.5567337430220678   } 
   weight { 1   } 
   weightvar { 0   } 
   kinetic_energy { 18.89201778149889   } 
   kinetic_energyvar { 52.87835888648481   } 
   potential_energy { -94.71580511245318   } 
   potential_energyvar { 109.0518642089342   } 
   nonlocal_energy { 11.1436500624446   } 
   nonlocal_energyvar { 133.6181056965415   } 
   autocorr_energy { } 
} 

block { 
   label vmc
   totweight 245760
   nautocorr 0
   total_energy { -64.68082733668891   } 
   total_energyvar { 0.5438379665057186   } 
   weight { 1   } 
   weightvar { 0   } 
   kinetic_energy { 18.88300252019345   } 
   kinetic_energyvar { 52.66348650272828   } 
   potential_energy { -94.67834935949683   } 
   potential_energyvar { 108.5411155020358   } 
   nonlocal_energy { 11.11451950261446   } 
   nonlocal_energyvar { 132.177990601134   } 
   autocorr_energy { } 
} 

block { 
   label vmc
   totweight 245760
   nautocorr 0
   total_energy { -64.6833050622526   } 
   total_energyvar { 0.5181301131614122   } 
   weight { 1   } 
   weightvar { 0   } 
   kinetic_energy { 18.91845855613366   } 
   kinetic_energyvar { 52.75915248343899   } 
   potential_energy { -94.7354424215585   } 
   potential_energyvar { 109.1147587226465   } 
   nonlocal_energy { 11.13367880317224   } 
   nonlocal_energyvar { 133.5573855731593   } 
   autocorr_energy { } 
} 

block { 
   label vmc
   totweight 245760
   nautocorr 0
   total_energy { -64.68318019836524   } 
   total_energyvar { 0.5116707338005254   } 
   weight { 1   } 
   weightvar { 0   } 
   kinetic_energy { 18.91279201956468   } 
   kinetic_energyvar { 53.00320733813094   } 
   potential_energy { -94.75887707043348   } 
   potential_energyvar { 108.6732624196183   } 
   nonlocal_energy { 11.16290485250355   } 
   nonlocal_energyvar { 132.9984927621573   } 
   autocorr_energy { } 
} 

block { 
   label vmc
   totweight 245760
   nautocorr 0
   total_energy { -64.67914599524541   } 
   total_energyvar { 0.5585062518109076   } 
   weight { 1   } 
   weightvar { 0   } 
   kinetic_energy { 18.8604473475309   } 
   kinetic_energyvar { 53.06436527645418   } 
   potential_energy { -94.58683871362743   } 
   potential_energyvar { 109.2092165258054   } 
   nonlocal_energy { 11.0472453708511   } 
   nonlocal_energyvar { 133.5457838342353   } 
   autocorr_energy { } 
} 

block { 
   label vmc
   totweight 245760
   nautocorr 0
   total_energy { -64.68029199132626   } 
   total_energyvar { 0.5074001122754668   } 
   weight { 1   } 
   weightvar { 0   } 
   kinetic_energy { 18.84181934515134   } 
   kinetic_energyvar { 53.92570646356956   } 
   potential_energy { -94.69074571151253   } 
   potential_energyvar { 109.2814375599064   } 
   nonlocal_energy { 11.16863437503494   } 
   nonlocal_energyvar { 135.7041731853648   } 
   autocorr_energy { } 
} 

block { 
   label vmc
   totweight 245760
   nautocorr 0
   total_energy { -64.68161225873131   } 
   total_energyvar { 0.5132604746848387   } 
   weight { 1   } 
   weightvar { 0   } 
   kinetic_energy { 18.91152716508842   } 
   kinetic_energyvar { 52.65552087520337   } 
   potential_energy { -94.71954297242581   } 
   potential_energyvar { 108.5638038899253   } 
   nonlocal_energy { 11.12640354860608   } 
   nonlocal_energyvar { 132.8798451847929   } 
   autocorr_energy { } 
} 

block { 
   label vmc
   totweight 245760
   nautocorr 0
   total_energy { -64.67934521006771   } 
   total_energyvar { 0.5973782397642762   } 
   weight { 1   } 
   weightvar { 0   } 
   kinetic_energy { 18.88088122271285   } 
   kinetic_energyvar { 52.752625987023   } 
   potential_energy { -94.63163744166123   } 
   potential_energyvar { 108.2096666328005   } 
   nonlocal_energy { 11.07141100888065   } 
   nonlocal_energyvar { 132.2293323070614   } 
   autocorr_energy { } 
} 

block { 
   label vmc
   totweight 245760
   nautocorr 0
   total_energy { -64.68408735624466   } 
   total_energyvar { 0.5180533341935025   } 
   weight { 1   } 
   weightvar { 0   } 
   kinetic_energy { 18.85217633296154   } 
   kinetic_energyvar { 53.30175794589897   } 
   potential_energy { -94.67780868976442   } 
   potential_energyvar { 108.7939347981179   } 
   nonlocal_energy { 11.14154500055824   } 
   nonlocal_energyvar { 134.287655262712   } 
   autocorr_energy { } 
} 

block { 
   label vmc
   totweight 245760
   nautocorr 0
   total_energy { -64.68340914030911   } 
   total_energyvar { 0.5182751462130624   } 
   weight { 1   } 
   weightvar { 0   } 
   kinetic_energy { 18.86990032220227   } 
   kinetic_energyvar { 53.84457078831381   } 
   potential_energy { -94.79986161599942   } 
   potential_energyvar { 109.1510240702066   } 
   nonlocal_energy { 11.24655215348806   } 
   nonlocal_energyvar { 136.4145550125954   } 
   autocorr_energy { } 
} 

block { 
   label vmc
   totweight 245760
   nautocorr 0
   total_energy { -64.68163735428772   } 
   total_energyvar { 0.4965075272206924   } 
   weight { 1   } 
   weightvar { 0   } 
   kinetic_energy { 18.90338550130461   } 
   kinetic_energyvar { 52.34743929168631   } 
   potential_energy { -94.68262119591068   } 
   potential_energyvar { 108.4163987240349   } 
   nonlocal_energy { 11.09759834031835   } 
   nonlocal_energyvar { 131.4068150024305   } 
   autocorr_energy { } 
} 

block { 
   label vmc
   totweight 245760
   nautocorr 0
   total_energy { -64.68285187034225   } 
   total_energyvar { 0.5218947683865829   } 
   weight { 1   } 
   weightvar { 0   } 
   kinetic_energy { 18.87299945989625   } 
   kinetic_energyvar { 53.04233822442198   } 
   potential_energy { -94.73444743198499   } 
   potential_energyvar { 108.7859196284925   } 
   nonlocal_energy { 11.17859610174649   } 
   nonlocal_energyvar { 133.8725997119635   } 
   autocorr_energy { } 
} 

block { 
   label vmc
   totweight 245760
   nautocorr 0
   total_energy { -64.67935904216644   } 
   total_energyvar { 0.5190149145028409   } 
   weight { 1   } 
   weightvar { 0   } 
   kinetic_energy { 18.90412983209369   } 
   kinetic_energyvar { 52.95804136699464   } 
   potential_energy { -94.72027948877736   } 
   potential_energyvar { 108.6699350899704   } 
   nonlocal_energy { 11.13679061451725   } 
   nonlocal_energyvar { 132.6613650012467   } 
   autocorr_energy { } 
} 

block { 
   label vmc
   totweight 245760
   nautocorr 0
   total_energy { -64.6804480269402   } 
   total_energyvar { 0.5490685897568625   } 
   weight { 1   } 
   weightvar { 0   } 
   kinetic_energy { 18.93731348602726   } 
   kinetic_energyvar { 52.31186071785949   } 
   potential_energy { -94.7513155117106   } 
   potential_energyvar { 108.2415987908777   } 
   nonlocal_energy { 11.13355399874314   } 
   nonlocal_energyvar { 130.8821605828844   } 
   autocorr_energy { } 
} 

block { 
   label vmc
   totweight 245760
   nautocorr 0
   total_energy { -64.68273985759427   } 
   total_energyvar { 0.5393532647172301   } 
   weight { 1   } 
   weightvar { 0   } 
   kinetic_energy { 18.83857306699197   } 
   kinetic_energyvar { 53.57225678324868   } 
   potential_energy { -94.73381016598395   } 
   potential_energyvar { 109.9111683685902   } 
   nonlocal_energy { 11.21249724139773   } 
   nonlocal_energyvar { 136.0279357090654   } 
   autocorr_energy { } 
} 

block { 
   label vmc
   totweight 245760
   nautocorr 0
   total_energy { -64.68299185717557   } 
   total_energyvar { 0.5747810992973058   } 
   weight { 1   } 
   weightvar { 0   } 
   kinetic_energy { 18.95204822028135   } 
   kinetic_energyvar { 51.99245940070948   } 
   potential_energy { -94.68338888724821   } 
   potential_energyvar { 108.0918297654269   } 
   nonlocal_energy { 11.04834880979129   } 
   nonlocal_energyvar { 129.4782530679981   } 
   autocorr_energy { } 
} 

block { 
   label vmc
   totweight 245760
   nautocorr 0
   total_energy { -64.68127618254549   } 
   total_energyvar { 0.5603480825116083   } 
   weight { 1   } 
   weightvar { 0   } 
   kinetic_energy { 18.85754442039238   } 
   kinetic_energyvar { 53.2613663992902   } 
   potential_energy { -94.67788961507713   } 
   potential_energyvar { 108.7494146205346   } 
   nonlocal_energy { 11.13906901213925   } 
   nonlocal_energyvar { 134.7900658054545   } 
   autocorr_energy { } 
} 

block { 
   label vmc
   totweight 245760
   nautocorr 0
   total_energy { -64.68184315878801   } 
   total_energyvar { 0.5498471136593731   } 
   weight { 1   } 
   weightvar { 0   } 
   kinetic_energy { 18.90863180169303   } 
   kinetic_energyvar { 51.96092667265967   } 
   potential_energy { -94.66509464569438   } 
   potential_energyvar { 108.0941526446427   } 
   nonlocal_energy { 11.07461968521334   } 
   nonlocal_energyvar { 130.0215991567404   } 
   autocorr_energy { } 
} 

#-------------------------------------------------
#VMC run: timestep 0.47 nconfig 8192 steps 30
#-------------------------------------------------


init { 
   label vmc
}
block { 
   label vmc
   totweight 245760
   nautocorr 0
   total_energy { -64.68506571469297   } 
   total_energyvar { 0.5038130467474513   } 
   weight { 1   } 
   weightvar { 0   } 
   kinetic_energy { 18.95682150312912   } 
   kinetic_energyvar { 52.67344494545032   } 
   potential_energy { -94.73321863580392   } 
   potential_energyvar { 108.0872807494861   } 
   nonlocal_energy { 11.09133141798182   } 
   nonlocal_energyvar { 132.4634463760934   } 
   autocorr_energy { } 
} 

block { 
   label vmc
   totweight 245760
   nautocorr 0
   total_energy { -64.68407975738836   } 
   total_energyvar { 0.516697120459264   } 
   weight { 1   } 
   weightvar { 0   } 
   kinetic_energy { 18.89201633596201   } 
   kinetic_energyvar { 53.11343203758832   } 
   potential_energy { -94.74035636764269   } 
   potential_energyvar { 108.8991321048759   } 
   nonlocal_energy { 11.16426027429233   } 
   nonlocal_energyvar { 133.9319845976553   } 
   autocorr_energy { } 
} 

block { 
   label vmc
   totweight 245760
   nautocorr 0
   total_energy { -64.68408952715539   } 
   total_energyvar { 0.516752211033736   } 
   weight { 1   } 
   weightvar { 0   } 
   kinetic_energy { 18.87009577840603   } 
   kinetic_energyvar { 53.37254550041746   } 
   potential_energy { -94.74561435333177   } 
   potential_energyvar { 108.3216111540591   } 
   nonlocal_energy { 11.19142904777036   } 
   nonlocal_energyvar { 135.1758137120262   } 
   autocorr_energy { } 
} 

block { 
   label vmc
   totweight 245760
   nautocorr 0
   total_energy { -64.6843047714548   } 
   total_energyvar { 0.4680223293843825   } 
   weight { 1   } 
   weightvar { 0   } 
   kinetic_energy { 18.91226136344161   } 
   kinetic_energyvar { 53.19813333329771   } 
   potential_energy { -94.69902724517608   } 
   potential_energyvar { 108.3194757060464   } 
   nonlocal_energy { 11.10246111027968   } 
   nonlocal_energyvar { 132.8920235431124   } 
   autocorr_energy { } 
} 

block { 
   label vmc
   totweight 245760
   nautocorr 0
   total_energy { -64.68209805277684   } 
   total_energyvar { 0.4821398685041566   } 
   weight { 1   } 
   weightvar { 0   } 
   kinetic_energy { 18.88645732765636   } 
   kinetic_energyvar { 52.80538594928423   } 
   potential_energy { -94.68937509434949   } 
   potential_energyvar { 108.7255372641508   } 
   nonlocal_energy { 11.12081971391628   } 
   nonlocal_energyvar { 133.4819176108182   } 
   autocorr_energy { } 
} 

block { 
   label vmc
   totweight 245760
   nautocorr 0
   total_energy { -64.68209869689639   } 
   total_energyvar { 0.5124906578152765   } 
   weight { 1   } 
   weightvar { 0   } 
   kinetic_energy { 18.90629909180428   } 
   kinetic_energyvar { 52.85114698884816   } 
   potential_energy { -94.65337916812805   } 
   potential_energyvar { 108.0007166193692   } 
   nonlocal_energy { 11.06498137942737   } 
   nonlocal_energyvar { 132.3936026957638   } 
   autocorr_energy { } 
} 

block { 
   label vmc
   totweight 245760
   nautocorr 0
   total_energy { -64.68556106825103   } 
   total_energyvar { 0.530947062516883   } 
   weight { 1   } 
   weightvar { 0   } 
   kinetic_energy { 18.86574172947611   } 
   kinetic_energyvar { 53.15387600201107   } 
   potential_energy { -94.7090364476705   } 
   potential_energyvar { 108.3281832876183   } 
   nonlocal_energy { 11.15773364994336   } 
   nonlocal_energyvar { 133.875360592603   } 
   autocorr_energy { } 
} 

block { 
   label vmc
   totweight 245760
   nautocorr 0
   total_energy { -64.68528640728195   } 
   total_energyvar { 0.5092840546998825   } 
   weight { 1   } 
   weightvar { 0   } 
   kinetic_energy { 18.90243287065707   } 
   kinetic_energyvar { 52.60953266733205   } 
   potential_energy { -94.6813554626965   } 
   potential_energyvar { 108.1204374236207   } 
   nonlocal_energy { 11.09363618475748   } 
   nonlocal_energyvar { 132.1122584848142   } 
   autocorr_energy { } 
} 

block { 
   label vmc
   totweight 245760
   nautocorr 0
   total_energy { -64.68316079456656   } 
   total_energyvar { 0.507324906569587   } 
   weight { 1   } 
   weightvar { 0   } 
   kinetic_energy { 18.89854764691213   } 
   kinetic_energyvar { 52.88593095794234   } 
   potential_energy { -94.64699319930578   } 
   potential_energyvar { 108.4674458951883   } 
   nonlocal_energy { 11.06528475782709   } 
   nonlocal_energyvar { 133.1221002974536   } 
   autocorr_energy { } 
} 

block { 
   label vmc
   totweight 245760
   nautocorr 0
   total_energy { -64.68190217630483   } 
   total_energyvar { 1.834888291884063   } 
   weight { 1   } 
   weightvar { 0   } 
   kinetic_energy { 18.88436556022883   } 
   kinetic_energyvar { 54.95492687908482   } 
   potential_energy { -94.68752465578   } 
   potential_energyvar { 108.3894979288309   } 
   nonlocal_energy { 11.12125691924636   } 
   nonlocal_energyvar { 133.5458257737808   } 
   autocorr_energy { } 
} 

block { 
   label vmc
   totweight 245760
   nautocorr 0
   total_energy { -64.68398138813248   } 
   total_energyvar { 0.5648565857883485   } 
   weight { 1   } 
   weightvar { 0   } 
   kinetic_energy { 18.86687220249144   } 
   kinetic_energyvar { 53.40576786548273   } 
   potential_energy { -94.65884682335745   } 
   potential_energyvar { 108.9150937413901   } 
   nonlocal_energy { 11.10799323273352   } 
   nonlocal_energyvar { 134.8402390551875   } 
   autocorr_energy { } 
} 

block { 
   label vmc
   totweight 245760
   nautocorr 0
   total_energy { -64.68519201238625   } 
   total_energyvar { 0.4535388853098928   } 
   weight { 1   } 
   weightvar { 0   } 
   kinetic_energy { 18.95093063502125   } 
   kinetic_energyvar { 52.59000991886487   } 
   potential_energy { -94.69477369037536   } 
   potential_energyvar { 107.8508215145354   } 
   nonlocal_energy { 11.05865104296784   } 
   nonlocal_energyvar { 130.5603421501643   } 
   autocorr_energy { } 
} 

block { 
   label vmc
   totweight 245760
   nautocorr 0
   total_energy { -64.68665284280524   } 
   total_energyvar { 0.4760089281977858   } 
   weight { 1   } 
   weightvar { 0   } 
   kinetic_energy { 18.89627783307203   } 
   kinetic_energyvar { 52.97382830415344   } 
   potential_energy { -94.71807785727914   } 
   potential_energyvar { 108.4145904310684   } 
   nonlocal_energy { 11.13514718140184   } 
   nonlocal_energyvar { 133.4392189213461   } 
   autocorr_energy { } 
} 

block { 
   label vmc
   totweight 245760
   nautocorr 0
   total_energy { -64.68404526492149   } 
   total_energyvar { 0.5424202005040313   } 
   weight { 1   } 
   weightvar { 0   } 
   kinetic_energy { 18.85551581965684   } 
   kinetic_energyvar { 53.62360791326137   } 
   potential_energy { -94.71534879712107   } 
   potential_energyvar { 109.9790071283767   } 
   nonlocal_energy { 11.17578771254272   } 
   nonlocal_energyvar { 137.2657508351708   } 
   autocorr_energy { } 
} 

block { 
   label vmc
   totweight 245760
   nautocorr 0
   total_energy { -64.68023987229438   } 
   total_energyvar { 0.6795167492622303   } 
   weight { 1   } 
   weightvar { 0   } 
   kinetic_energy { 18.89686562500751   } 
   kinetic_energyvar { 53.13632144045602   } 
   potential_energy { -94.71975356927577   } 
   potential_energyvar { 108.48756264053   } 
   nonlocal_energy { 11.14264807197387   } 
   nonlocal_energyvar { 134.4735302749944   } 
   autocorr_energy { } 
} 

block { 
   label vmc
   totweight 245760
   nautocorr 0
   total_energy { -64.68688617607117   } 
   total_energyvar { 0.507417242377916   } 
   weight { 1   } 
   weightvar { 0   } 
   kinetic_energy { 18.92254901292888   } 
   kinetic_energyvar { 52.67176135013188   } 
   potential_energy { -94.74710370857355   } 
   potential_energyvar { 108.4100805268638   } 
   nonlocal_energy { 11.1376685195735   } 
   nonlocal_energyvar { 132.3001094808961   } 
   autocorr_energy { } 
} 

block { 
   label vmc
   totweight 245760
   nautocorr 0
   total_energy { -64.68153811417734   } 
   total_energyvar { 0.4899651371378832   } 
   weight { 1   } 
   weightvar { 0   } 
   kinetic_energy { 18.88378600006583   } 
   kinetic_energyvar { 53.11384842511862   } 
   potential_energy { -94.6831603808216   } 
   potential_energyvar { 108.7726346533017   } 
   nonlocal_energy { 11.11783626657844   } 
   nonlocal_energyvar { 134.2744080806454   } 
   autocorr_energy { } 
} 

block { 
   label vmc
   totweight 245760
   nautocorr 0
   total_energy { -64.68265799062523   } 
   total_energyvar { 0.5223734881879319   } 
   weight { 1   } 
   weightvar { 0   } 
   kinetic_energy { 18.86625197088242   } 
   kinetic_energyvar { 53.2338653490605   } 
   potential_energy { -94.69819771898364   } 
   potential_energyvar { 109.0314486673796   } 
   nonlocal_energy { 11.14928775747598   } 
   nonlocal_energyvar { 135.0341009534764   } 
   autocorr_energy { } 
} 

block { 
   label vmc
   totweight 245760
   nautocorr 0
   total_energy { -64.68505535250739   } 
   total_energyvar { 0.4541109544753219   } 
   weight { 1   } 
   weightvar { 0   } 
   kinetic_energy { 18.89926019468415   } 
   kinetic_energyvar { 52.51010396923062   } 
   potential_energy { -94.69932685649221   } 
   potential_energyvar { 107.9840017889902   } 
   nonlocal_energy { 11.11501130930065   } 
   nonlocal_energyvar { 132.2521621813967   } 
   autocorr_energy { } 
} 

block { 
   label vmc
   totweight 245760
   nautocorr 0
   total_energy { -64.6866810752222   } 
   total_energyvar { 1.543727446178963   } 
   weight { 1   } 
   weightvar { 0   } 
   kinetic_energy { 18.88425824200447   } 
   kinetic_energyvar { 53.45530154275061   } 
   potential_energy { -94.65604065682956   } 
   potential_energyvar { 108.2282709736753   } 
   nonlocal_energy { 11.08510133960288   } 
   nonlocal_energyvar { 132.1538926284234   } 
   autocorr_energy { } 
} 

block { 
   label vmc
   totweight 245760
   nautocorr 0
   total_energy { -64.68253519918632   } 
   total_energyvar { 0.4688692319946298   } 
   weight { 1   } 
   weightvar { 0   } 
   kinetic_energy { 18.86365967890174   } 
   kinetic_energyvar { 52.54867454883259   } 
   potential_energy { -94.68091458103699   } 
   potential_energyvar { 108.2756859083191   } 
   nonlocal_energy { 11.13471970294892   } 
   nonlocal_energyvar { 132.7535346086949   } 
   autocorr_energy { } 
} 

block { 
   label vmc
   totweight 245760
   nautocorr 0
   total_energy { -64.68622268120916   } 
   total_energyvar { 0.5012679552152565   } 
   weight { 1   } 
   weightvar { 0   } 
   kinetic_energy { 18.90615540190078   } 
   kinetic_energyvar { 52.83030409810161   } 
   potential_energy { -94.66389570688789   } 
   potential_energyvar { 107.8301493621946   } 
   nonlocal_energy { 11.07151762377793   } 
   nonlocal_energyvar { 131.7054466762638   } 
   autocorr_energy { } 
} 

block { 
   label vmc
   totweight 245760
   nautocorr 0
   total_energy { -64.68241232349017   } 
   total_energyvar { 1.788417682004363   } 
   weight { 1   } 
   weightvar { 0   } 
   kinetic_energy { 18.87910451718862   } 
   kinetic_energyvar { 55.25099211899764   } 
   potential_energy { -94.71941117623425   } 
   potential_energyvar { 109.2117531733282   } 
   nonlocal_energy { 11.15789433555546   } 
   nonlocal_energyvar { 134.6770132845363   } 
   autocorr_energy { } 
} 

block { 
   label vmc
   totweight 245760
   nautocorr 0
   total_energy { -64.68210047748489   } 
   total_energyvar { 0.4831843497737986   } 
   weight { 1   } 
   weightvar { 0   } 
   kinetic_energy { 18.90300664223166   } 
   kinetic_energyvar { 52.08928602824552   } 
   potential_energy { -94.61429054112655   } 
   potential_energyvar { 107.5095025413688   } 
   nonlocal_energy { 11.02918342141   } 
   nonlocal_energyvar { 129.8751455181021   } 
   autocorr_energy { } 
} 

block { 
   label vmc
   totweight 245760
   nautocorr 0
   total_energy { -64.68514151192009   } 
   total_energyvar { 0.5001060086853737   } 
   weight { 1   } 
   weightvar { 0   } 
   kinetic_energy { 18.84933883974855   } 
   kinetic_energyvar { 53.33621889399646   } 
   potential_energy { -94.71078730332952   } 
   potential_energyvar { 109.5528355405979   } 
   nonlocal_energy { 11.17630695166089   } 
   nonlocal_energyvar { 134.9348360230913   } 
   autocorr_energy { } 
} 

block { 
   label vmc
   totweight 245760
   nautocorr 0
   total_energy { -64.68551432291954   } 
   total_energyvar { 0.4882724459779427   } 
   weight { 1   } 
   weightvar { 0   } 
   kinetic_energy { 18.90408975816342   } 
   kinetic_energyvar { 52.33269042487967   } 
   potential_energy { -94.6577405740599   } 
   potential_energyvar { 108.7291811517321   } 
   nonlocal_energy { 11.06813649297693   } 
   nonlocal_energyvar { 131.6130103271069   } 
   autocorr_energy { } 
} 

block { 
   label vmc
   totweight 245760
   nautocorr 0
   total_energy { -64.68528235567388   } 
   total_energyvar { 0.4710935617346928   } 
   weight { 1   } 
   weightvar { 0   } 
   kinetic_energy { 18.89289446040059   } 
   kinetic_energyvar { 52.32510934198677   } 
   potential_energy { -94.65395910715203   } 
   potential_energyvar { 107.6040489726773   } 
   nonlocal_energy { 11.07578229107758   } 
   nonlocal_energyvar { 130.5647282582372   } 
   autocorr_energy { } 
} 

block { 
   label vmc
   totweight 245760
   nautocorr 0
   total_energy { -64.68290916357722   } 
   total_energyvar { 0.5538289714881505   } 
   weight { 1   } 
   weightvar { 0   } 
   kinetic_energy { 18.87110506240976   } 
   kinetic_energyvar { 53.1564521233808   } 
   potential_energy { -94.73956889159298   } 
   potential_energyvar { 109.6246623181402   } 
   nonlocal_energy { 11.18555466560599   } 
   nonlocal_energyvar { 135.0809674414054   } 
   autocorr_energy { } 
} 

block { 
   label vmc
   totweight 245760
   nautocorr 0
   total_energy { -64.68457920370467   } 
   total_energyvar { 0.4963021774971736   } 
   weight { 1   } 
   weightvar { 0   } 
   kinetic_energy { 18.93392030467502   } 
   kinetic_energyvar { 52.04928412946099   } 
   potential_energy { -94.68533445458348   } 
   potential_energyvar { 108.4977018554091   } 
   nonlocal_energy { 11.06683494620378   } 
   nonlocal_energyvar { 131.4264799749567   } 
   autocorr_energy { } 
} 

block { 
   label vmc
   totweight 245760
   nautocorr 0
   total_energy { -64.68357449653833   } 
   total_energyvar { 0.7609547510203745   } 
   weight { 1   } 
   weightvar { 0   } 
   kinetic_energy { 18.85322398244274   } 
   kinetic_energyvar { 53.57462637299667   } 
   potential_energy { -94.72115347956897   } 
   potential_energyvar { 109.1679797551397   } 
   nonlocal_energy { 11.18435500058788   } 
   nonlocal_energyvar { 135.9733938567184   } 
   autocorr_energy { } 
} 

block { 
   label vmc
   totweight 245760
   nautocorr 0
   total_energy { -64.68501536789751   } 
   total_energyvar { 0.5281567776944838   } 
   weight { 1   } 
   weightvar { 0   } 
   kinetic_energy { 18.90436995857059   } 
   kinetic_energyvar { 53.32491041739159   } 
   potential_energy { -94.77957466819359   } 
   potential_energyvar { 108.4349690150726   } 
   nonlocal_energy { 11.19018934172548   } 
   nonlocal_energyvar { 134.9751549659564   } 
   autocorr_energy { } 
} 

block { 
   label vmc
   totweight 245760
   nautocorr 0
   total_energy { -64.68217674489006   } 
   total_energyvar { 0.6622774138092505   } 
   weight { 1   } 
   weightvar { 0   } 
   kinetic_energy { 18.86161830907282   } 
   kinetic_energyvar { 53.61343417655015   } 
   potential_energy { -94.71259718269452   } 
   potential_energyvar { 109.5471260905656   } 
   nonlocal_energy { 11.16880212873165   } 
   nonlocal_energyvar { 135.190954574822   } 
   autocorr_energy { } 
} 

block { 
   label vmc
   totweight 245760
   nautocorr 0
   total_energy { -64.68613222871667   } 
   total_energyvar { 0.5149794552480661   } 
   weight { 1   } 
   weightvar { 0   } 
   kinetic_energy { 18.8734739679328   } 
   kinetic_energyvar { 52.57559269318063   } 
   potential_energy { -94.64460867211612   } 
   potential_energyvar { 108.4273634255836   } 
   nonlocal_energy { 11.08500247546664   } 
   nonlocal_energyvar { 132.1790916984167   } 
   autocorr_energy { } 
} 

block { 
   label vmc
   totweight 245760
   nautocorr 0
   total_energy { -64.68417961619021   } 
   total_energyvar { 0.5238077982340887   } 
   weight { 1   } 
   weightvar { 0   } 
   kinetic_energy { 18.87185077947505   } 
   kinetic_energyvar { 53.27030342863855   } 
   potential_energy { -94.64930325185752   } 
   potential_energyvar { 108.4620577362629   } 
   nonlocal_energy { 11.09327285619227   } 
   nonlocal_energyvar { 134.236547498917   } 
   autocorr_energy { } 
} 

block { 
   label vmc
   totweight 245760
   nautocorr 0
   total_energy { -64.68275032564932   } 
   total_energyvar { 0.532738025240446   } 
   weight { 1   } 
   weightvar { 0   } 
   kinetic_energy { 18.88656528802992   } 
   kinetic_energyvar { 52.638728418862   } 
   potential_energy { -94.67298890587686   } 
   potential_energyvar { 108.5013967279303   } 
   nonlocal_energy { 11.10367329219761   } 
   nonlocal_energyvar { 132.0254758295742   } 
   autocorr_energy { } 
} 

block { 
   label vmc
   totweight 245760
   nautocorr 0
   total_energy { -64.6842664925118   } 
   total_energyvar { 0.4929362737474691   } 
   weight { 1   } 
   weightvar { 0   } 
   kinetic_energy { 18.87800045334302   } 
   kinetic_energyvar { 53.22054825928315   } 
   potential_energy { -94.69603518058393   } 
   potential_energyvar { 108.7188779530355   } 
   nonlocal_energy { 11.1337682347291   } 
   nonlocal_energyvar { 134.0727594216273   } 
   autocorr_energy { } 
} 

block { 
   label vmc
   totweight 245760
   nautocorr 0
   total_energy { -64.68536540622247   } 
   total_energyvar { 0.4925951666520549   } 
   weight { 1   } 
   weightvar { 0   } 
   kinetic_energy { 18.86943644976824   } 
   kinetic_energyvar { 53.26112280836845   } 
   potential_energy { -94.71816782064961   } 
   potential_energyvar { 108.8347319967289   } 
   nonlocal_energy { 11.16336596465891   } 
   nonlocal_energyvar { 134.5664663708948   } 
   autocorr_energy { } 
} 

block { 
   label vmc
   totweight 245760
   nautocorr 0
   total_energy { -64.68431003635941   } 
   total_energyvar { 0.4779901304981892   } 
   weight { 1   } 
   weightvar { 0   } 
   kinetic_energy { 18.86331015518086   } 
   kinetic_energyvar { 53.71303286421861   } 
   potential_energy { -94.67994343970688   } 
   potential_energyvar { 108.6483294110401   } 
   nonlocal_energy { 11.13232324816661   } 
   nonlocal_energyvar { 134.8440086192952   } 
   autocorr_energy { } 
} 

block { 
   label vmc
   totweight 245760
   nautocorr 0
   total_energy { -64.68400282116968   } 
   total_energyvar { 0.5325019393832404   } 
   weight { 1   } 
   weightvar { 0   } 
   kinetic_energy { 18.85338993509462   } 
   kinetic_energyvar { 54.00280555793204   } 
   potential_energy { -94.6640487152184   } 
   potential_energyvar { 109.4426603025274   } 
   nonlocal_energy { 11.12665595895411   } 
   nonlocal_energyvar { 136.9489638731545   } 
   autocorr_energy { } 
} 

block { 
   label vmc
   totweight 245760
   nautocorr 0
   total_energy { -64.68504090338959   } 
   total_energyvar { 0.4784515891881896   } 
   weight { 1   } 
   weightvar { 0   } 
   kinetic_energy { 18.89041100201109   } 
   kinetic_energyvar { 52.9484505624516   } 
   potential_energy { -94.69384562234151   } 
   potential_energyvar { 108.5359034499659   } 
   nonlocal_energy { 11.11839371694083   } 
   nonlocal_energyvar { 133.3246111198312   } 
   autocorr_energy { } 
} 

