#-------------------------------------------------
#VMC run: timestep 1.6 nconfig 2176 steps 40
#-------------------------------------------------


init { 
   label vmc
}
block { 
   label vmc
   totweight 87040
   nautocorr 0
   total_energy { -5.030443122179214   } 
   total_energyvar { 0.285903594128533   } 
   weight { 1   } 
   weightvar { 1.776356839400247e-15   } 
   kinetic_energy { 1.67164434985526   } 
   kinetic_energyvar { 2.322225865118832   } 
   potential_energy { -6.886915133515116   } 
   potential_energyvar { 1.463502342821525   } 
   nonlocal_energy { 0.1848276614806435   } 
   nonlocal_energyvar { 2.976992418437673   } 
   autocorr_energy { } 
} 

block { 
   label vmc
   totweight 87040
   nautocorr 0
   total_energy { -5.034408783484317   } 
   total_energyvar { 0.2666149984354867   } 
   weight { 1   } 
   weightvar { 1.776356839400247e-15   } 
   kinetic_energy { 1.683272393045194   } 
   kinetic_energyvar { 2.25831279718022   } 
   potential_energy { -6.893635685104134   } 
   potential_energyvar { 1.447589500925287   } 
   nonlocal_energy { 0.1759545085746235   } 
   nonlocal_energyvar { 2.733030559169914   } 
   autocorr_energy { } 
} 

block { 
   label vmc
   totweight 87040
   nautocorr 0
   total_energy { -5.035972935895102   } 
   total_energyvar { 0.2755153811581899   } 
   weight { 1   } 
   weightvar { 1.776356839400247e-15   } 
   kinetic_energy { 1.688495185560774   } 
   kinetic_energyvar { 2.305354736679177   } 
   potential_energy { -6.885415029597521   } 
   potential_energyvar { 1.456235023852471   } 
   nonlocal_energy { 0.1609469081416443   } 
   nonlocal_energyvar { 2.760144966902159   } 
   autocorr_energy { } 
} 

block { 
   label vmc
   totweight 87040
   nautocorr 0
   total_energy { -5.027765110028872   } 
   total_energyvar { 0.2709576636565156   } 
   weight { 1   } 
   weightvar { 1.776356839400247e-15   } 
   kinetic_energy { 1.677269936529587   } 
   kinetic_energyvar { 2.067148751341898   } 
   potential_energy { -6.882447349314367   } 
   potential_energyvar { 1.458179716804468   } 
   nonlocal_energy { 0.1774123027559056   } 
   nonlocal_energyvar { 2.641802020928101   } 
   autocorr_energy { } 
} 

block { 
   label vmc
   totweight 87040
   nautocorr 0
   total_energy { -5.027106981878947   } 
   total_energyvar { 0.2866983502607108   } 
   weight { 1   } 
   weightvar { 1.776356839400247e-15   } 
   kinetic_energy { 1.677746930078884   } 
   kinetic_energyvar { 2.248200515639752   } 
   potential_energy { -6.883687325882077   } 
   potential_energyvar { 1.475813810426115   } 
   nonlocal_energy { 0.1788334139242474   } 
   nonlocal_energyvar { 2.749044285029026   } 
   autocorr_energy { } 
} 

block { 
   label vmc
   totweight 87040
   nautocorr 0
   total_energy { -5.033111018965705   } 
   total_energyvar { 0.2529536685496786   } 
   weight { 1   } 
   weightvar { 1.776356839400247e-15   } 
   kinetic_energy { 1.678574646830493   } 
   kinetic_energyvar { 2.088234566603964   } 
   potential_energy { -6.889384388610115   } 
   potential_energyvar { 1.445935229442526   } 
   nonlocal_energy { 0.1776987228139183   } 
   nonlocal_energyvar { 2.61690917467681   } 
   autocorr_energy { } 
} 

block { 
   label vmc
   totweight 87040
   nautocorr 0
   total_energy { -5.030147689304526   } 
   total_energyvar { 0.266771046281668   } 
   weight { 1   } 
   weightvar { 1.776356839400247e-15   } 
   kinetic_energy { 1.6878740134058   } 
   kinetic_energyvar { 2.085599696453179   } 
   potential_energy { -6.892286174060692   } 
   potential_energyvar { 1.464421576460483   } 
   nonlocal_energy { 0.1742644713503662   } 
   nonlocal_energyvar { 2.580847216290372   } 
   autocorr_energy { } 
} 

block { 
   label vmc
   totweight 87040
   nautocorr 0
   total_energy { -5.034813250985883   } 
   total_energyvar { 0.3403677504612898   } 
   weight { 1   } 
   weightvar { 1.776356839400247e-15   } 
   kinetic_energy { 1.672740293339676   } 
   kinetic_energyvar { 2.42986286893524   } 
   potential_energy { -6.888138755291509   } 
   potential_energyvar { 1.450500129878449   } 
   nonlocal_energy { 0.1805852109659505   } 
   nonlocal_energyvar { 2.98967195466065   } 
   autocorr_energy { } 
} 

block { 
   label vmc
   totweight 87040
   nautocorr 0
   total_energy { -5.035945690293621   } 
   total_energyvar { 0.285601347411818   } 
   weight { 1   } 
   weightvar { 1.776356839400247e-15   } 
   kinetic_energy { 1.676293113824472   } 
   kinetic_energyvar { 2.311286586786615   } 
   potential_energy { -6.8814205219433   } 
   potential_energyvar { 1.446162676460067   } 
   nonlocal_energy { 0.1691817178252072   } 
   nonlocal_energyvar { 2.767162009605738   } 
   autocorr_energy { } 
} 

block { 
   label vmc
   totweight 87040
   nautocorr 0
   total_energy { -5.030655082222023   } 
   total_energyvar { 0.3615912862233885   } 
   weight { 1   } 
   weightvar { 1.776356839400247e-15   } 
   kinetic_energy { 1.685341042444574   } 
   kinetic_energyvar { 2.199396101374524   } 
   potential_energy { -6.896545257939803   } 
   potential_energyvar { 1.50119610168769   } 
   nonlocal_energy { 0.1805491332732054   } 
   nonlocal_energyvar { 2.930980961575884   } 
   autocorr_energy { } 
} 

block { 
   label vmc
   totweight 87040
   nautocorr 0
   total_energy { -5.032661687830987   } 
   total_energyvar { 0.3072774104273759   } 
   weight { 1   } 
   weightvar { 1.776356839400247e-15   } 
   kinetic_energy { 1.671331217558273   } 
   kinetic_energyvar { 2.601981545824013   } 
   potential_energy { -6.884090634560232   } 
   potential_energyvar { 1.462838693271745   } 
   nonlocal_energy { 0.1800977291709732   } 
   nonlocal_energyvar { 3.130497965491676   } 
   autocorr_energy { } 
} 

block { 
   label vmc
   totweight 87040
   nautocorr 0
   total_energy { -5.028940389254238   } 
   total_energyvar { 0.307537804665895   } 
   weight { 1   } 
   weightvar { 1.776356839400247e-15   } 
   kinetic_energy { 1.675037129507913   } 
   kinetic_energyvar { 2.30933196534363   } 
   potential_energy { -6.880745139898139   } 
   potential_energyvar { 1.480655928578191   } 
   nonlocal_energy { 0.1767676211359865   } 
   nonlocal_energyvar { 2.829189722620508   } 
   autocorr_energy { } 
} 

block { 
   label vmc
   totweight 87040
   nautocorr 0
   total_energy { -5.028998303341316   } 
   total_energyvar { 0.3348416327399908   } 
   weight { 1   } 
   weightvar { 1.776356839400247e-15   } 
   kinetic_energy { 1.673134001958756   } 
   kinetic_energyvar { 2.36191835649597   } 
   potential_energy { -6.883981385658693   } 
   potential_energyvar { 1.508233043602353   } 
   nonlocal_energy { 0.1818490803586199   } 
   nonlocal_energyvar { 2.916092977776962   } 
   autocorr_energy { } 
} 

block { 
   label vmc
   totweight 87040
   nautocorr 0
   total_energy { -5.03021939906427   } 
   total_energyvar { 0.2807676390956034   } 
   weight { 1   } 
   weightvar { 1.776356839400247e-15   } 
   kinetic_energy { 1.67356534371194   } 
   kinetic_energyvar { 2.264133929856462   } 
   potential_energy { -6.88122863155885   } 
   potential_energyvar { 1.455525873140795   } 
   nonlocal_energy { 0.1774438887826381   } 
   nonlocal_energyvar { 2.76078052866761   } 
   autocorr_energy { } 
} 

block { 
   label vmc
   totweight 87040
   nautocorr 0
   total_energy { -5.028631457417224   } 
   total_energyvar { 0.2976341715388659   } 
   weight { 1   } 
   weightvar { 1.776356839400247e-15   } 
   kinetic_energy { 1.702366274394695   } 
   kinetic_energyvar { 2.188963891049954   } 
   potential_energy { -6.890188593141647   } 
   potential_energyvar { 1.450485938191385   } 
   nonlocal_energy { 0.1591908613297285   } 
   nonlocal_energyvar { 2.702926848284414   } 
   autocorr_energy { } 
} 

block { 
   label vmc
   totweight 87040
   nautocorr 0
   total_energy { -5.032227425830278   } 
   total_energyvar { 0.3041683692629498   } 
   weight { 1   } 
   weightvar { 1.776356839400247e-15   } 
   kinetic_energy { 1.678141085172054   } 
   kinetic_energyvar { 2.236758306525576   } 
   potential_energy { -6.887438788806569   } 
   potential_energyvar { 1.45858642143168   } 
   nonlocal_energy { 0.1770702778042361   } 
   nonlocal_energyvar { 2.860845485187046   } 
   autocorr_energy { } 
} 

block { 
   label vmc
   totweight 87040
   nautocorr 0
   total_energy { -5.030110449524342   } 
   total_energyvar { 0.2645524929741923   } 
   weight { 1   } 
   weightvar { 1.776356839400247e-15   } 
   kinetic_energy { 1.688519014217913   } 
   kinetic_energyvar { 2.117190021893094   } 
   potential_energy { -6.887589279928643   } 
   potential_energyvar { 1.450670902158238   } 
   nonlocal_energy { 0.1689598161863903   } 
   nonlocal_energyvar { 2.581030556917259   } 
   autocorr_energy { } 
} 

block { 
   label vmc
   totweight 87040
   nautocorr 0
   total_energy { -5.033016461731896   } 
   total_energyvar { 0.3290895098086816   } 
   weight { 1   } 
   weightvar { 1.776356839400247e-15   } 
   kinetic_energy { 1.669288337539446   } 
   kinetic_energyvar { 2.223913990013279   } 
   potential_energy { -6.886237028158839   } 
   potential_energyvar { 1.510194328484433   } 
   nonlocal_energy { 0.183932228887496   } 
   nonlocal_energyvar { 2.836105874049173   } 
   autocorr_energy { } 
} 

block { 
   label vmc
   totweight 87040
   nautocorr 0
   total_energy { -5.035292873707822   } 
   total_energyvar { 0.2796086173528055   } 
   weight { 1   } 
   weightvar { 1.776356839400247e-15   } 
   kinetic_energy { 1.685421638139114   } 
   kinetic_energyvar { 2.171953517866663   } 
   potential_energy { -6.890313311800901   } 
   potential_energyvar { 1.435211499890991   } 
   nonlocal_energy { 0.1695987999539659   } 
   nonlocal_energyvar { 2.733413083910224   } 
   autocorr_energy { } 
} 

block { 
   label vmc
   totweight 87040
   nautocorr 0
   total_energy { -5.03066953221853   } 
   total_energyvar { 0.4431831940923144   } 
   weight { 1   } 
   weightvar { 1.776356839400247e-15   } 
   kinetic_energy { 1.674666319861551   } 
   kinetic_energyvar { 2.265635642323387   } 
   potential_energy { -6.881463819818149   } 
   potential_energyvar { 1.574843201551589   } 
   nonlocal_energy { 0.1761279677380669   } 
   nonlocal_energyvar { 2.876371358078143   } 
   autocorr_energy { } 
} 

block { 
   label vmc
   totweight 87040
   nautocorr 0
   total_energy { -5.030650943307521   } 
   total_energyvar { 0.3593163503794945   } 
   weight { 1   } 
   weightvar { 1.776356839400247e-15   } 
   kinetic_energy { 1.689684816005785   } 
   kinetic_energyvar { 2.130117699896278   } 
   potential_energy { -6.883398344396321   } 
   potential_energyvar { 1.497534276212712   } 
   nonlocal_energy { 0.1630625850830145   } 
   nonlocal_energyvar { 2.696441869942754   } 
   autocorr_energy { } 
} 

block { 
   label vmc
   totweight 87040
   nautocorr 0
   total_energy { -5.034892446780563   } 
   total_energyvar { 0.2645553335382982   } 
   weight { 1   } 
   weightvar { 1.776356839400247e-15   } 
   kinetic_energy { 1.682214157682552   } 
   kinetic_energyvar { 2.325441885358873   } 
   potential_energy { -6.882734017312995   } 
   potential_energyvar { 1.434157509678499   } 
   nonlocal_energy { 0.1656274128498822   } 
   nonlocal_energyvar { 2.784175993134265   } 
   autocorr_energy { } 
} 

block { 
   label vmc
   totweight 87040
   nautocorr 0
   total_energy { -5.035647787578819   } 
   total_energyvar { 0.2904074312542742   } 
   weight { 1   } 
   weightvar { 1.776356839400247e-15   } 
   kinetic_energy { 1.681828233574783   } 
   kinetic_energyvar { 2.240705026230071   } 
   potential_energy { -6.893281698754792   } 
   potential_energyvar { 1.458212788098556   } 
   nonlocal_energy { 0.1758056776011884   } 
   nonlocal_energyvar { 2.789498429432974   } 
   autocorr_energy { } 
} 

block { 
   label vmc
   totweight 87040
   nautocorr 0
   total_energy { -5.032662976392263   } 
   total_energyvar { 0.2711283084852338   } 
   weight { 1   } 
   weightvar { 1.776356839400247e-15   } 
   kinetic_energy { 1.682292543431557   } 
   kinetic_energyvar { 2.230204057015808   } 
   potential_energy { -6.899200495553024   } 
   potential_energyvar { 1.478954743194725   } 
   nonlocal_energy { 0.1842449757292042   } 
   nonlocal_energyvar { 2.794326473013296   } 
   autocorr_energy { } 
} 

block { 
   label vmc
   totweight 87040
   nautocorr 0
   total_energy { -5.033558852946792   } 
   total_energyvar { 0.2958641471179703   } 
   weight { 1   } 
   weightvar { 1.776356839400247e-15   } 
   kinetic_energy { 1.672247557718605   } 
   kinetic_energyvar { 2.485909556096704   } 
   potential_energy { -6.897330684762967   } 
   potential_energyvar { 1.471753160099917   } 
   nonlocal_energy { 0.1915242740975704   } 
   nonlocal_energyvar { 3.077493166925386   } 
   autocorr_energy { } 
} 

block { 
   label vmc
   totweight 87040
   nautocorr 0
   total_energy { -5.031258571543703   } 
   total_energyvar { 0.5135759053186875   } 
   weight { 1   } 
   weightvar { 1.776356839400247e-15   } 
   kinetic_energy { 1.671437108824489   } 
   kinetic_energyvar { 2.569425733952658   } 
   potential_energy { -6.887197063092882   } 
   potential_energyvar { 1.46851561710673   } 
   nonlocal_energy { 0.1845013827246881   } 
   nonlocal_energyvar { 2.990939220870634   } 
   autocorr_energy { } 
} 

block { 
   label vmc
   totweight 87040
   nautocorr 0
   total_energy { -5.034221865510887   } 
   total_energyvar { 0.2662135977815287   } 
   weight { 1   } 
   weightvar { 1.776356839400247e-15   } 
   kinetic_energy { 1.673979076448109   } 
   kinetic_energyvar { 2.284920945754914   } 
   potential_energy { -6.883585141317202   } 
   potential_energyvar { 1.452637478357814   } 
   nonlocal_energy { 0.1753841993582088   } 
   nonlocal_energyvar { 2.819936333361174   } 
   autocorr_energy { } 
} 

block { 
   label vmc
   totweight 87040
   nautocorr 0
   total_energy { -5.031194595101515   } 
   total_energyvar { 0.403183377829128   } 
   weight { 1   } 
   weightvar { 1.776356839400247e-15   } 
   kinetic_energy { 1.695973356478608   } 
   kinetic_energyvar { 1.989982632713746   } 
   potential_energy { -6.890848889331807   } 
   potential_energyvar { 1.578726594668368   } 
   nonlocal_energy { 0.1636809377516858   } 
   nonlocal_energyvar { 2.532041362069368   } 
   autocorr_energy { } 
} 

block { 
   label vmc
   totweight 87040
   nautocorr 0
   total_energy { -5.024941509037025   } 
   total_energyvar { 0.4172814622776918   } 
   weight { 1   } 
   weightvar { 1.776356839400247e-15   } 
   kinetic_energy { 1.680449690178143   } 
   kinetic_energyvar { 2.33682569947464   } 
   potential_energy { -6.893549427004158   } 
   potential_energyvar { 1.469350551906971   } 
   nonlocal_energy { 0.1881582277889916   } 
   nonlocal_energyvar { 3.154816357453034   } 
   autocorr_energy { } 
} 

block { 
   label vmc
   totweight 87040
   nautocorr 0
   total_energy { -5.029147938800999   } 
   total_energyvar { 0.383420511490847   } 
   weight { 1   } 
   weightvar { 1.776356839400247e-15   } 
   kinetic_energy { 1.679092168767367   } 
   kinetic_energyvar { 2.370492258276961   } 
   potential_energy { -6.877248385958859   } 
   potential_energyvar { 1.45673192816974   } 
   nonlocal_energy { 0.1690082783904935   } 
   nonlocal_energyvar { 2.883172390709914   } 
   autocorr_energy { } 
} 

