#-------------------------------------------------
#VMC run: timestep 0.42 nconfig 3072 steps 20
#-------------------------------------------------


init { 
   label vmc
}
block { 
   label vmc
   totweight 61440
   nautocorr 0
   total_energy { -103.7277625748705   } 
   total_energyvar { 12.41215558082849   } 
   weight { 1   } 
   weightvar { 0   } 
   kinetic_energy { 35.6856500531329   } 
   kinetic_energyvar { 117.0329399868119   } 
   potential_energy { -152.6929334332299   } 
   potential_energyvar { 210.0614546330338   } 
   nonlocal_energy { 13.27952080522645   } 
   nonlocal_energyvar { 206.32476951542   } 
   autocorr_energy { } 
} 

block { 
   label vmc
   totweight 61440
   nautocorr 0
   total_energy { -103.7279878751908   } 
   total_energyvar { 12.32103970678635   } 
   weight { 1   } 
   weightvar { 0   } 
   kinetic_energy { 35.666134197363   } 
   kinetic_energyvar { 113.2713976915181   } 
   potential_energy { -152.5907888808227   } 
   potential_energyvar { 208.1641386836214   } 
   nonlocal_energy { 13.19666680826894   } 
   nonlocal_energyvar { 200.3561299007947   } 
   autocorr_energy { } 
} 

block { 
   label vmc
   totweight 61440
   nautocorr 0
   total_energy { -103.7446912483896   } 
   total_energyvar { 12.33720866721787   } 
   weight { 1   } 
   weightvar { 0   } 
   kinetic_energy { 35.62528092621189   } 
   kinetic_energyvar { 112.2077745328199   } 
   potential_energy { -152.4505337504883   } 
   potential_energyvar { 209.7046285389484   } 
   nonlocal_energy { 13.08056157588673   } 
   nonlocal_energyvar { 201.4300546208874   } 
   autocorr_energy { } 
} 

block { 
   label vmc
   totweight 61440
   nautocorr 0
   total_energy { -103.7230051552056   } 
   total_energyvar { 13.47088557133487   } 
   weight { 1   } 
   weightvar { 0   } 
   kinetic_energy { 35.7425017087017   } 
   kinetic_energyvar { 109.8409010224511   } 
   potential_energy { -152.5457602370193   } 
   potential_energyvar { 208.859496786745   } 
   nonlocal_energy { 13.08025337311208   } 
   nonlocal_energyvar { 198.9137746907645   } 
   autocorr_energy { } 
} 

block { 
   label vmc
   totweight 61440
   nautocorr 0
   total_energy { -103.7376484650674   } 
   total_energyvar { 13.06594238869586   } 
   weight { 1   } 
   weightvar { 0   } 
   kinetic_energy { 35.78967394442502   } 
   kinetic_energyvar { 110.9235509453402   } 
   potential_energy { -152.5586652790125   } 
   potential_energyvar { 208.7513056538996   } 
   nonlocal_energy { 13.03134286952004   } 
   nonlocal_energyvar { 197.0762643725456   } 
   autocorr_energy { } 
} 

block { 
   label vmc
   totweight 61440
   nautocorr 0
   total_energy { -103.7163408727464   } 
   total_energyvar { 14.57604732081254   } 
   weight { 1   } 
   weightvar { 0   } 
   kinetic_energy { 35.56878785001979   } 
   kinetic_energyvar { 112.9442868419538   } 
   potential_energy { -152.3672571320164   } 
   potential_energyvar { 211.6020919833973   } 
   nonlocal_energy { 13.08212840925018   } 
   nonlocal_energyvar { 199.9289883639691   } 
   autocorr_energy { } 
} 

block { 
   label vmc
   totweight 61440
   nautocorr 0
   total_energy { -103.7670373067046   } 
   total_energyvar { 12.5591336716844   } 
   weight { 1   } 
   weightvar { 0   } 
   kinetic_energy { 35.55524252723013   } 
   kinetic_energyvar { 113.514975037465   } 
   potential_energy { -152.3749449610428   } 
   potential_energyvar { 208.0380585759806   } 
   nonlocal_energy { 13.05266512710813   } 
   nonlocal_energyvar { 197.7066917546927   } 
   autocorr_energy { } 
} 

block { 
   label vmc
   totweight 61440
   nautocorr 0
   total_energy { -103.7512287264609   } 
   total_energyvar { 12.73936117955355   } 
   weight { 1   } 
   weightvar { 0   } 
   kinetic_energy { 35.64206770224344   } 
   kinetic_energyvar { 113.2928780382613   } 
   potential_energy { -152.5383812424279   } 
   potential_energyvar { 208.3730267203331   } 
   nonlocal_energy { 13.14508481372358   } 
   nonlocal_energyvar { 199.1930610966527   } 
   autocorr_energy { } 
} 

block { 
   label vmc
   totweight 61440
   nautocorr 0
   total_energy { -103.7471600813666   } 
   total_energyvar { 12.4742302493023   } 
   weight { 1   } 
   weightvar { 0   } 
   kinetic_energy { 35.64854503447914   } 
   kinetic_energyvar { 113.8438413537474   } 
   potential_energy { -152.4142298656602   } 
   potential_energyvar { 208.0580117580843   } 
   nonlocal_energy { 13.01852474981449   } 
   nonlocal_energyvar { 196.2012698026055   } 
   autocorr_energy { } 
} 

block { 
   label vmc
   totweight 61440
   nautocorr 0
   total_energy { -103.7298749509735   } 
   total_energyvar { 13.11334848089051   } 
   weight { 1   } 
   weightvar { 0   } 
   kinetic_energy { 35.67010275802248   } 
   kinetic_energyvar { 113.0255020327987   } 
   potential_energy { -152.4291213294453   } 
   potential_energyvar { 206.9705335304099   } 
   nonlocal_energy { 13.02914362044927   } 
   nonlocal_energyvar { 200.2202116620489   } 
   autocorr_energy { } 
} 

block { 
   label vmc
   totweight 61440
   nautocorr 0
   total_energy { -103.7242811426325   } 
   total_energyvar { 12.51270598989864   } 
   weight { 1   } 
   weightvar { 0   } 
   kinetic_energy { 35.59684473040582   } 
   kinetic_energyvar { 111.8616331455111   } 
   potential_energy { -152.3984659754526   } 
   potential_energyvar { 209.3802053278636   } 
   nonlocal_energy { 13.07734010241425   } 
   nonlocal_energyvar { 196.7585027893237   } 
   autocorr_energy { } 
} 

block { 
   label vmc
   totweight 61440
   nautocorr 0
   total_energy { -103.7403067735992   } 
   total_energyvar { 12.45332561647662   } 
   weight { 1   } 
   weightvar { 0   } 
   kinetic_energy { 35.6781038781499   } 
   kinetic_energyvar { 111.9951718833096   } 
   potential_energy { -152.5440997307757   } 
   potential_energyvar { 208.8433205418246   } 
   nonlocal_energy { 13.12568907902656   } 
   nonlocal_energyvar { 200.5386583282681   } 
   autocorr_energy { } 
} 

block { 
   label vmc
   totweight 61440
   nautocorr 0
   total_energy { -103.7268828751289   } 
   total_energyvar { 12.45024160343386   } 
   weight { 1   } 
   weightvar { 0   } 
   kinetic_energy { 35.78944916421576   } 
   kinetic_energyvar { 110.60660149936   } 
   potential_energy { -152.587405980915   } 
   potential_energyvar { 207.2889679025197   } 
   nonlocal_energy { 13.07107394157027   } 
   nonlocal_energyvar { 193.8794413267782   } 
   autocorr_energy { } 
} 

block { 
   label vmc
   totweight 61440
   nautocorr 0
   total_energy { -103.7159397053279   } 
   total_energyvar { 12.49909124848563   } 
   weight { 1   } 
   weightvar { 0   } 
   kinetic_energy { 35.68696814226956   } 
   kinetic_energyvar { 112.4085072007914   } 
   potential_energy { -152.6167198627008   } 
   potential_energyvar { 209.8004587485521   } 
   nonlocal_energy { 13.21381201510344   } 
   nonlocal_energyvar { 202.3148799858285   } 
   autocorr_energy { } 
} 

block { 
   label vmc
   totweight 61440
   nautocorr 0
   total_energy { -103.7360281603121   } 
   total_energyvar { 12.14935048867637   } 
   weight { 1   } 
   weightvar { 0   } 
   kinetic_energy { 35.6791176580457   } 
   kinetic_energyvar { 108.5195313141087   } 
   potential_energy { -152.37455413525   } 
   potential_energyvar { 204.3212655143379   } 
   nonlocal_energy { 12.95940831689223   } 
   nonlocal_energyvar { 193.0356539184673   } 
   autocorr_energy { } 
} 

block { 
   label vmc
   totweight 61440
   nautocorr 0
   total_energy { -103.7165304667518   } 
   total_energyvar { 12.1852547518554   } 
   weight { 1   } 
   weightvar { 0   } 
   kinetic_energy { 35.57574145048594   } 
   kinetic_energyvar { 114.1506220358458   } 
   potential_energy { -152.4709815614053   } 
   potential_energyvar { 207.7329547166055   } 
   nonlocal_energy { 13.17870964416753   } 
   nonlocal_energyvar { 204.2481945035582   } 
   autocorr_energy { } 
} 

block { 
   label vmc
   totweight 61440
   nautocorr 0
   total_energy { -103.7271108304996   } 
   total_energyvar { 12.86233395815561   } 
   weight { 1   } 
   weightvar { 0   } 
   kinetic_energy { 35.63096092824784   } 
   kinetic_energyvar { 115.341005659603   } 
   potential_energy { -152.4972978751309   } 
   potential_energyvar { 207.2233702314933   } 
   nonlocal_energy { 13.13922611638346   } 
   nonlocal_energyvar { 201.4918362322295   } 
   autocorr_energy { } 
} 

block { 
   label vmc
   totweight 61440
   nautocorr 0
   total_energy { -103.7099419345778   } 
   total_energyvar { 12.45407290225326   } 
   weight { 1   } 
   weightvar { 0   } 
   kinetic_energy { 35.67879205928796   } 
   kinetic_energyvar { 112.3812501632506   } 
   potential_energy { -152.6652863481399   } 
   potential_energyvar { 210.0647600204075   } 
   nonlocal_energy { 13.27655235427408   } 
   nonlocal_energyvar { 203.8325782860136   } 
   autocorr_energy { } 
} 

block { 
   label vmc
   totweight 61440
   nautocorr 0
   total_energy { -103.7543660848864   } 
   total_energyvar { 12.35815331355745   } 
   weight { 1   } 
   weightvar { 0   } 
   kinetic_energy { 35.64683767082376   } 
   kinetic_energyvar { 114.3841607322435   } 
   potential_energy { -152.6459340222537   } 
   potential_energyvar { 208.8641856014086   } 
   nonlocal_energy { 13.24473026654364   } 
   nonlocal_energyvar { 205.4164914757444   } 
   autocorr_energy { } 
} 

block { 
   label vmc
   totweight 61440
   nautocorr 0
   total_energy { -103.7258381088503   } 
   total_energyvar { 12.34180148132809   } 
   weight { 1   } 
   weightvar { 0   } 
   kinetic_energy { 35.59437705597726   } 
   kinetic_energyvar { 114.6590348371506   } 
   potential_energy { -152.4748885700509   } 
   potential_energyvar { 208.6690229034628   } 
   nonlocal_energy { 13.1546734052234   } 
   nonlocal_energyvar { 199.5566735481605   } 
   autocorr_energy { } 
} 

