#-------------------------------------------------
#DMC run: timestep 0.005
#-------------------------------------------------


init { 
   label spin_0.005
}
block { 
   label spin_0.005
   totweight 3481600
   nautocorr 0
   total_energy { -126.3271873296475   } 
   total_energyvar { 1.594105978990672   } 
   weight { 1.018847464549408   } 
   weightvar { 0.0268095121766074   } 
   kinetic_energy { 47.79992040502265   } 
   kinetic_energyvar { 124.6888504322885   } 
   potential_energy { -194.983926334755   } 
   potential_energyvar { 359.9419410073987   } 
   nonlocal_energy { 20.85681860008484   } 
   nonlocal_energyvar { 289.6073104631849   } 
   autocorr_energy { } 
} 

block { 
   label spin_0.005
   totweight 3481600
   nautocorr 0
   total_energy { -126.3003285464282   } 
   total_energyvar { 1.518487058073004   } 
   weight { 1.007137025293341   } 
   weightvar { 0.06961476471930939   } 
   kinetic_energy { 47.95171407211073   } 
   kinetic_energyvar { 123.7399575396116   } 
   potential_energy { -195.1486532221815   } 
   potential_energyvar { 357.3552326749959   } 
   nonlocal_energy { 20.8966106036425   } 
   nonlocal_energyvar { 289.6261371416473   } 
   autocorr_energy { } 
} 

block { 
   label spin_0.005
   totweight 3481600
   nautocorr 0
   total_energy { -126.2974318766076   } 
   total_energyvar { 1.50553247655241   } 
   weight { 0.9907501722157817   } 
   weightvar { 0.08469845593320796   } 
   kinetic_energy { 48.01524297330128   } 
   kinetic_energyvar { 124.2382651086782   } 
   potential_energy { -195.2883634396541   } 
   potential_energyvar { 358.8872878830009   } 
   nonlocal_energy { 20.97568858974509   } 
   nonlocal_energyvar { 290.7583091647904   } 
   autocorr_energy { } 
} 

block { 
   label spin_0.005
   totweight 3481600
   nautocorr 0
   total_energy { -126.2968723448577   } 
   total_energyvar { 1.475957058125396   } 
   weight { 0.9874197216000804   } 
   weightvar { 0.09045790339039035   } 
   kinetic_energy { 47.98647704514237   } 
   kinetic_energyvar { 123.3779610612424   } 
   potential_energy { -195.1863301222145   } 
   potential_energyvar { 358.0071174885467   } 
   nonlocal_energy { 20.90298073221441   } 
   nonlocal_energyvar { 289.1020434149647   } 
   autocorr_energy { } 
} 

block { 
   label spin_0.005
   totweight 3481600
   nautocorr 0
   total_energy { -126.3026101446031   } 
   total_energyvar { 1.497030643822097   } 
   weight { 0.9918528004560755   } 
   weightvar { 0.09169785686343815   } 
   kinetic_energy { 47.85023167454258   } 
   kinetic_energyvar { 122.7976657132353   } 
   potential_energy { -194.984604187691   } 
   potential_energyvar { 355.2053004241648   } 
   nonlocal_energy { 20.83176236854527   } 
   nonlocal_energyvar { 286.0176454288808   } 
   autocorr_energy { } 
} 

block { 
   label spin_0.005
   totweight 3481600
   nautocorr 0
   total_energy { -126.2972170037121   } 
   total_energyvar { 1.512033679025845   } 
   weight { 0.9921519448080902   } 
   weightvar { 0.09298602403797857   } 
   kinetic_energy { 47.965206842794   } 
   kinetic_energyvar { 123.7405308848495   } 
   potential_energy { -195.1255807997447   } 
   potential_energyvar { 357.420119668521   } 
   nonlocal_energy { 20.86315695323862   } 
   nonlocal_energyvar { 286.3191608736255   } 
   autocorr_energy { } 
} 

block { 
   label spin_0.005
   totweight 3481600
   nautocorr 0
   total_energy { -126.3012299974141   } 
   total_energyvar { 1.505976134280436   } 
   weight { 0.996303227031765   } 
   weightvar { 0.09334702812807927   } 
   kinetic_energy { 47.87933855965516   } 
   kinetic_energyvar { 123.4101223966665   } 
   potential_energy { -195.0191153190709   } 
   potential_energyvar { 356.5757006423358   } 
   nonlocal_energy { 20.83854676200163   } 
   nonlocal_energyvar { 287.2555357440671   } 
   autocorr_energy { } 
} 

block { 
   label spin_0.005
   totweight 3481600
   nautocorr 0
   total_energy { -126.3002292563188   } 
   total_energyvar { 1.480888884792868   } 
   weight { 0.9993093204694486   } 
   weightvar { 0.09334084490895912   } 
   kinetic_energy { 47.948480812802   } 
   kinetic_energyvar { 123.0993372322877   } 
   potential_energy { -195.123103666847   } 
   potential_energyvar { 356.6139656601185   } 
   nonlocal_energy { 20.8743935977262   } 
   nonlocal_energyvar { 288.3331043620779   } 
   autocorr_energy { } 
} 

