 ENTER Z, NR
 PLEASE ENTER RELATIVITY FACTOR.  (0=NR, 1=REL.)
 PLEASE ENTER IUFLAG. (0=U, 1=SU, 2=R).
 PLEASE ENTER NFC, NEL, RATIO, ETOL, XNUM
 PLEASE ENTER N L M J S OCC.
      16.734004   -108.517088
       7.868076   -123.583595
       3.157942   -126.624641
       1.120255   -126.920041
       0.429448   -126.971185
       0.196988   -126.982932
       0.088697   -126.985222
       0.041670   -126.985628
       0.019313   -126.985698
       0.009301   -126.985710
       0.004389   -126.985712
       0.002153   -126.985713
       0.001027   -126.985713
       0.000510   -126.985713
       0.000245   -126.985713
       0.000123   -126.985713
       0.000059   -126.985713
    1   0 0   0/2   1    2.0000         -3.931417
    2   1 1   2/2   1    2.0000         -2.417495
    2   1 0   2/2   1    2.0000         -2.417495
    2   1-1   2/2   1    2.0000         -2.417495
    3   2 2   4/2   1    2.0000         -0.327559
    3   2 1   4/2   1    2.0000         -0.327559
    3   2 0   4/2   1    2.0000         -0.327559
    3   2-1   4/2   1    2.0000         -0.327559
    3   2-2   4/2   1    2.0000         -0.327559
 TOTAL ENERGY =     -126.985713  -3455.484425
