 ENTER Z, NR
 PLEASE ENTER RELATIVITY FACTOR.  (0=NR, 1=REL.)
 PLEASE ENTER IUFLAG. (0=U, 1=SU, 2=R).
 PLEASE ENTER NFC, NEL, RATIO, ETOL, XNUM
 PLEASE ENTER N L M J S OCC.
      16.707397   -107.941959
       7.939524   -123.620536
       3.155702   -126.646852
       1.115934   -126.937750
       0.430779   -126.990162
       0.197605   -127.002086
       0.088745   -127.004386
       0.041713   -127.004791
       0.019291   -127.004860
       0.009306   -127.004872
       0.004381   -127.004874
       0.002155   -127.004874
       0.001025   -127.004874
       0.000511   -127.004874
       0.000244   -127.004874
       0.000123   -127.004874
       0.000059   -127.004874
    1   0 0   0/2   1    2.0000         -3.840450
    2   1 1   2/2   1    2.0000         -2.402397
    2   1 0   2/2   1    2.0000         -2.402397
    2   1-1   2/2   1    2.0000         -2.402397
    3   2 2   4/2   1    2.0000         -0.327919
    3   2 1   4/2   1    2.0000         -0.327919
    3   2 0   4/2   1    2.0000         -0.327919
    3   2-1   4/2   1    2.0000         -0.327919
    3   2-2   4/2   1    2.0000         -0.327919
 TOTAL ENERGY =     -127.004874  -3456.005840
