 ENTER Z, NR
 PLEASE ENTER RELATIVITY FACTOR.  (0=NR, 1=REL.)
 PLEASE ENTER IUFLAG. (0=U, 1=SU, 2=R).
 PLEASE ENTER NFC, NEL, RATIO, ETOL, XNUM
 PLEASE ENTER N L M J S OCC.
      16.828664   -108.895085
       7.857613   -123.821241
       3.166835   -126.881939
       1.124904   -127.181672
       0.429650   -127.232719
       0.196899   -127.244448
       0.088721   -127.246737
       0.041652   -127.247144
       0.019323   -127.247215
       0.009297   -127.247227
       0.004392   -127.247230
       0.002151   -127.247230
       0.001028   -127.247230
       0.000510   -127.247230
       0.000245   -127.247230
       0.000123   -127.247230
       0.000059   -127.247230
    1   0 0   0/2   1    2.0000         -4.022552
    2   1 1   2/2   1    2.0000         -2.402458
    2   1 0   2/2   1    2.0000         -2.402458
    2   1-1   2/2   1    2.0000         -2.402458
    3   2 2   4/2   1    2.0000         -0.327670
    3   2 1   4/2   1    2.0000         -0.327670
    3   2 0   4/2   1    2.0000         -0.327670
    3   2-1   4/2   1    2.0000         -0.327670
    3   2-2   4/2   1    2.0000         -0.327670
 TOTAL ENERGY =     -127.247230  -3462.600730
