 ENTER Z, NR
 PLEASE ENTER RELATIVITY FACTOR.  (0=NR, 1=REL.)
 PLEASE ENTER IUFLAG. (0=U, 1=SU, 2=R).
 PLEASE ENTER NFC, NEL, RATIO, ETOL, XNUM
 PLEASE ENTER N L M J S OCC.
      16.580901   -105.996784
       7.947345   -122.728293
       3.103191   -125.611217
       1.095912   -125.886711
       0.431050   -125.939998
       0.197908   -125.952008
       0.088764   -125.954306
       0.041770   -125.954707
       0.019282   -125.954775
       0.009323   -125.954787
       0.004378   -125.954789
       0.002161   -125.954789
       0.001024   -125.954789
       0.000513   -125.954789
       0.000244   -125.954789
       0.000124   -125.954789
       0.000059   -125.954789
    1   0 0   0/2   1    2.0000         -3.777254
    2   1 1   2/2   1    2.0000         -2.367260
    2   1 0   2/2   1    2.0000         -2.367260
    2   1-1   2/2   1    2.0000         -2.367260
    3   2 2   4/2   1    2.0000         -0.329358
    3   2 1   4/2   1    2.0000         -0.329358
    3   2 0   4/2   1    2.0000         -0.329358
    3   2-1   4/2   1    2.0000         -0.329358
    3   2-2   4/2   1    2.0000         -0.329358
 TOTAL ENERGY =     -125.954789  -3427.431345
