 ENTER Z, NR
 PLEASE ENTER RELATIVITY FACTOR.  (0=NR, 1=REL.)
 PLEASE ENTER IUFLAG. (0=U, 1=SU, 2=R).
 PLEASE ENTER NFC, NEL, RATIO, ETOL, XNUM
 PLEASE ENTER N L M J S OCC.
      16.655327   -106.897622
       7.934545   -123.215278
       3.119956   -126.125421
       1.105510   -126.408877
       0.431072   -126.461744
       0.197567   -126.473720
       0.088763   -126.476023
       0.041709   -126.476428
       0.019293   -126.476497
       0.009307   -126.476509
       0.004382   -126.476512
       0.002156   -126.476512
       0.001025   -126.476512
       0.000512   -126.476512
       0.000244   -126.476512
       0.000123   -126.476512
       0.000059   -126.476512
    1   0 0   0/2   1    2.0000         -3.838834
    2   1 1   2/2   1    2.0000         -2.403400
    2   1 0   2/2   1    2.0000         -2.403400
    2   1-1   2/2   1    2.0000         -2.403400
    3   2 2   4/2   1    2.0000         -0.328330
    3   2 1   4/2   1    2.0000         -0.328330
    3   2 0   4/2   1    2.0000         -0.328330
    3   2-1   4/2   1    2.0000         -0.328330
    3   2-2   4/2   1    2.0000         -0.328330
 TOTAL ENERGY =     -126.476512  -3441.628261
