#-------------------------------------------------
#DMC run: timestep 0.005
#-------------------------------------------------


init { 
   label spin_0.005
}
block { 
   label spin_0.005
   totweight 1740800
   nautocorr 0
   total_energy { -134.6198973335579   } 
   total_energyvar { 3.722711361605965   } 
   weight { 1.042224550824064   } 
   weightvar { 0.04639694773651731   } 
   kinetic_energy { 47.71571671494964   } 
   kinetic_energyvar { 157.9201709057501   } 
   potential_energy { -196.2662427688887   } 
   potential_energyvar { 168.4958487195086   } 
   nonlocal_energy { 13.9306287203812   } 
   nonlocal_energyvar { 230.6769437507153   } 
   autocorr_energy { } 
} 

block { 
   label spin_0.005
   totweight 1740800
   nautocorr 0
   total_energy { -134.6261472777478   } 
   total_energyvar { 3.768177813976581   } 
   weight { 1.050872592076813   } 
   weightvar { 0.08904015582450693   } 
   kinetic_energy { 47.87299501681731   } 
   kinetic_energyvar { 155.8062460655177   } 
   potential_energy { -196.3574816881001   } 
   potential_energyvar { 168.640605051339   } 
   nonlocal_energy { 13.85833939353496   } 
   nonlocal_energyvar { 228.4828123038433   } 
   autocorr_energy { } 
} 

block { 
   label spin_0.005
   totweight 1740800
   nautocorr 0
   total_energy { -134.6191372706314   } 
   total_energyvar { 3.748787223387865   } 
   weight { 1.019585496599022   } 
   weightvar { 0.09686988215399325   } 
   kinetic_energy { 47.96020982954494   } 
   kinetic_energyvar { 157.966642841567   } 
   potential_energy { -196.4177343866859   } 
   potential_energyvar { 168.4442549833749   } 
   nonlocal_energy { 13.83838728650951   } 
   nonlocal_energyvar { 231.568555637884   } 
   autocorr_energy { } 
} 

block { 
   label spin_0.005
   totweight 1740800
   nautocorr 0
   total_energy { -134.6317120771672   } 
   total_energyvar { 3.675693064378507   } 
   weight { 1.009961844769584   } 
   weightvar { 0.1013975349289591   } 
   kinetic_energy { 47.97467791915182   } 
   kinetic_energyvar { 155.8768063394461   } 
   potential_energy { -196.4022238963472   } 
   potential_energyvar { 168.3574410655594   } 
   nonlocal_energy { 13.79583390002807   } 
   nonlocal_energyvar { 228.1798112273491   } 
   autocorr_energy { } 
} 

block { 
   label spin_0.005
   totweight 1740800
   nautocorr 0
   total_energy { -134.6195953449437   } 
   total_energyvar { 3.695164395040207   } 
   weight { 1.003485843825826   } 
   weightvar { 0.1013769420510983   } 
   kinetic_energy { 47.92152564326528   } 
   kinetic_energyvar { 155.0254923839249   } 
   potential_energy { -196.2749706355489   } 
   potential_energyvar { 165.963653255788   } 
   nonlocal_energy { 13.73384964733997   } 
   nonlocal_energyvar { 227.7751336728437   } 
   autocorr_energy { } 
} 

block { 
   label spin_0.005
   totweight 1740800
   nautocorr 0
   total_energy { -134.6235670070307   } 
   total_energyvar { 3.702561560130989   } 
   weight { 0.9982245182030853   } 
   weightvar { 0.1011754040241819   } 
   kinetic_energy { 47.92444497479263   } 
   kinetic_energyvar { 154.8887719683116   } 
   potential_energy { -196.3226562316023   } 
   potential_energyvar { 166.6878243652056   } 
   nonlocal_energy { 13.77464424977901   } 
   nonlocal_energyvar { 229.6343054213989   } 
   autocorr_energy { } 
} 

block { 
   label spin_0.005
   totweight 1740800
   nautocorr 0
   total_energy { -134.6204869968902   } 
   total_energyvar { 3.72670524355691   } 
   weight { 0.997853901719154   } 
   weightvar { 0.1011089260306669   } 
   kinetic_energy { 47.94654573400904   } 
   kinetic_energyvar { 157.2752213154187   } 
   potential_energy { -196.3993531562608   } 
   potential_energyvar { 168.305050630158   } 
   nonlocal_energy { 13.83232042536159   } 
   nonlocal_energyvar { 231.7316094461412   } 
   autocorr_energy { } 
} 

block { 
   label spin_0.005
   totweight 1740800
   nautocorr 0
   total_energy { -134.61663877205   } 
   total_energyvar { 3.724166755104758   } 
   weight { 0.9960927426229709   } 
   weightvar { 0.1018140120412182   } 
   kinetic_energy { 48.02547309881031   } 
   kinetic_energyvar { 155.4676000988186   } 
   potential_energy { -196.434326988293   } 
   potential_energyvar { 167.3045489581947   } 
   nonlocal_energy { 13.7922151174327   } 
   nonlocal_energyvar { 229.684412735963   } 
   autocorr_energy { } 
} 

block { 
   label spin_0.005
   totweight 1740800
   nautocorr 0
   total_energy { -134.6170057456727   } 
   total_energyvar { 3.703997976670035   } 
   weight { 0.9930977762714562   } 
   weightvar { 0.1022553924029532   } 
   kinetic_energy { 48.03861120334292   } 
   kinetic_energyvar { 154.1918944358888   } 
   potential_energy { -196.4214272384641   } 
   potential_energyvar { 167.5518013718195   } 
   nonlocal_energy { 13.76581028944843   } 
   nonlocal_energyvar { 227.0548159262099   } 
   autocorr_energy { } 
} 

block { 
   label spin_0.005
   totweight 1740800
   nautocorr 0
   total_energy { -134.6239379092618   } 
   total_energyvar { 3.83277393015588   } 
   weight { 0.9944205914054407   } 
   weightvar { 0.1031188668860548   } 
   kinetic_energy { 47.92342941137493   } 
   kinetic_energyvar { 157.0199189893796   } 
   potential_energy { -196.4677896068426   } 
   potential_energyvar { 167.8227726383358   } 
   nonlocal_energy { 13.92042228620592   } 
   nonlocal_energyvar { 233.6260590893011   } 
   autocorr_energy { } 
} 

block { 
   label spin_0.005
   totweight 1740800
   nautocorr 0
   total_energy { -134.6233560408182   } 
   total_energyvar { 3.683020967841339   } 
   weight { 0.9993807146459793   } 
   weightvar { 0.103281097782543   } 
   kinetic_energy { 48.00853756461508   } 
   kinetic_energyvar { 154.2737809543784   } 
   potential_energy { -196.3786015492762   } 
   potential_energyvar { 165.1963397986955   } 
   nonlocal_energy { 13.74670794384292   } 
   nonlocal_energyvar { 225.2210910666011   } 
   autocorr_energy { } 
} 

block { 
   label spin_0.005
   totweight 1740800
   nautocorr 0
   total_energy { -134.6154922134274   } 
   total_energyvar { 3.701892071781798   } 
   weight { 0.995476739293103   } 
   weightvar { 0.1031437838674436   } 
   kinetic_energy { 48.0304409905718   } 
   kinetic_energyvar { 156.1430240503663   } 
   potential_energy { -196.5321065224684   } 
   potential_energyvar { 167.4309423957775   } 
   nonlocal_energy { 13.88617331846904   } 
   nonlocal_energyvar { 230.8464584442726   } 
   autocorr_energy { } 
} 

block { 
   label spin_0.005
   totweight 1740800
   nautocorr 0
   total_energy { -134.6210664944234   } 
   total_energyvar { 3.949702778548321   } 
   weight { 0.9969055704055946   } 
   weightvar { 0.1031212557547742   } 
   kinetic_energy { 48.01067245030679   } 
   kinetic_energyvar { 154.4837979033368   } 
   potential_energy { -196.4270835738506   } 
   potential_energyvar { 166.8797672038125   } 
   nonlocal_energy { 13.79534462912046   } 
   nonlocal_energyvar { 227.4033920743862   } 
   autocorr_energy { } 
} 

block { 
   label spin_0.005
   totweight 1740800
   nautocorr 0
   total_energy { -134.6149897875032   } 
   total_energyvar { 4.15092036189821   } 
   weight { 0.9946907336026098   } 
   weightvar { 0.1035757352226789   } 
   kinetic_energy { 48.05892605742404   } 
   kinetic_energyvar { 154.2186014578568   } 
   potential_energy { -196.5434943631898   } 
   potential_energyvar { 168.1029124010066   } 
   nonlocal_energy { 13.86957851826249   } 
   nonlocal_energyvar { 228.9193287421535   } 
   autocorr_energy { } 
} 

block { 
   label spin_0.005
   totweight 1740800
   nautocorr 0
   total_energy { -134.6180641719089   } 
   total_energyvar { 4.226171226879616   } 
   weight { 0.9932864751044874   } 
   weightvar { 0.1035181586036115   } 
   kinetic_energy { 48.0885551098697   } 
   kinetic_energyvar { 155.8715611430728   } 
   potential_energy { -196.5842983284101   } 
   potential_energyvar { 168.9335321011602   } 
   nonlocal_energy { 13.8776790466315   } 
   nonlocal_energyvar { 230.3494669973504   } 
   autocorr_energy { } 
} 

