#-------------------------------------------------
#DMC run: timestep 0.001
#-------------------------------------------------


init { 
   label spin_0.005
}
block { 
   label spin_0.005
   totweight 819200
   nautocorr 0
   total_energy { -67.83246224847747   } 
   total_energyvar { 0.525350629651629   } 
   weight { 1.000804745453253   } 
   weightvar { 0.002521002881152657   } 
   kinetic_energy { 23.63011564172093   } 
   kinetic_energyvar { 55.59485703513263   } 
   potential_energy { -101.8261458922124   } 
   potential_energyvar { 118.5751676264703   } 
   nonlocal_energy { 10.36356800201398   } 
   nonlocal_energyvar { 113.2108535572331   } 
   autocorr_energy { } 
} 

block { 
   label spin_0.005
   totweight 819200
   nautocorr 0
   total_energy { -67.84236576043159   } 
   total_energyvar { 0.5209369083908719   } 
   weight { 1.003695194355936   } 
   weightvar { 0.01054867481222269   } 
   kinetic_energy { 23.75469683522666   } 
   kinetic_energyvar { 55.49552254555864   } 
   potential_energy { -102.1018720952573   } 
   potential_energyvar { 120.5307404408437   } 
   nonlocal_energy { 10.5048094995991   } 
   nonlocal_energyvar { 116.5650785294287   } 
   autocorr_energy { } 
} 

block { 
   label spin_0.005
   totweight 819200
   nautocorr 0
   total_energy { -67.85168693182229   } 
   total_energyvar { 0.5240453242437565   } 
   weight { 1.005068642327416   } 
   weightvar { 0.02059989666020821   } 
   kinetic_energy { 23.83242612766737   } 
   kinetic_energyvar { 55.28215588039516   } 
   potential_energy { -102.2576080550673   } 
   potential_energyvar { 117.8821064352798   } 
   nonlocal_energy { 10.57349499557759   } 
   nonlocal_energyvar { 116.2824903557405   } 
   autocorr_energy { } 
} 

block { 
   label spin_0.005
   totweight 819200
   nautocorr 0
   total_energy { -67.85331376804277   } 
   total_energyvar { 0.5168525879853461   } 
   weight { 1.005989711113347   } 
   weightvar { 0.03122567951073539   } 
   kinetic_energy { 23.99734637545044   } 
   kinetic_energyvar { 56.24812641661111   } 
   potential_energy { -102.4932069756208   } 
   potential_energyvar { 121.8545397498994   } 
   nonlocal_energy { 10.64254683212761   } 
   nonlocal_energyvar { 117.9019628954232   } 
   autocorr_energy { } 
} 

block { 
   label spin_0.005
   totweight 819200
   nautocorr 0
   total_energy { -67.85282191254747   } 
   total_energyvar { 0.523705323255084   } 
   weight { 1.006945404193393   } 
   weightvar { 0.04168797182558228   } 
   kinetic_energy { 23.98192714479811   } 
   kinetic_energyvar { 55.93045786365114   } 
   potential_energy { -102.457029657877   } 
   potential_energyvar { 120.3298820105145   } 
   nonlocal_energy { 10.62228060053145   } 
   nonlocal_energyvar { 118.2591117497793   } 
   autocorr_energy { } 
} 

block { 
   label spin_0.005
   totweight 819200
   nautocorr 0
   total_energy { -67.84561286919784   } 
   total_energyvar { 0.7462593654563234   } 
   weight { 1.006158587507302   } 
   weightvar { 0.05070611576029681   } 
   kinetic_energy { 24.02855642080103   } 
   kinetic_energyvar { 54.11426115323118   } 
   potential_energy { -102.3758668497584   } 
   potential_energyvar { 122.0019654923722   } 
   nonlocal_energy { 10.50169755975949   } 
   nonlocal_energyvar { 114.9605868696237   } 
   autocorr_energy { } 
} 

block { 
   label spin_0.005
   totweight 819200
   nautocorr 0
   total_energy { -67.8405555205824   } 
   total_energyvar { 0.538451305282862   } 
   weight { 1.003332713854648   } 
   weightvar { 0.05873387630587881   } 
   kinetic_energy { 24.12568416416951   } 
   kinetic_energyvar { 53.40477313394797   } 
   potential_energy { -102.3772617074855   } 
   potential_energyvar { 117.56530331167   } 
   nonlocal_energy { 10.41102202273362   } 
   nonlocal_energyvar { 108.3971583478721   } 
   autocorr_energy { } 
} 

block { 
   label spin_0.005
   totweight 819200
   nautocorr 0
   total_energy { -67.84443167378376   } 
   total_energyvar { 0.5104679395933888   } 
   weight { 1.001985868728219   } 
   weightvar { 0.06457661290900489   } 
   kinetic_energy { 24.13355608777678   } 
   kinetic_energyvar { 54.43077148157143   } 
   potential_energy { -102.7091544655541   } 
   potential_energyvar { 119.0435724427962   } 
   nonlocal_energy { 10.73116670399358   } 
   nonlocal_energyvar { 114.238007939055   } 
   autocorr_energy { } 
} 

block { 
   label spin_0.005
   totweight 819200
   nautocorr 0
   total_energy { -67.84231720055743   } 
   total_energyvar { 0.5385956546409922   } 
   weight { 1.00039278273592   } 
   weightvar { 0.06935908400622821   } 
   kinetic_energy { 24.23153841854636   } 
   kinetic_energyvar { 54.41074346843115   } 
   potential_energy { -102.711217952952   } 
   potential_energyvar { 115.1272704636606   } 
   nonlocal_energy { 10.63736233384825   } 
   nonlocal_energyvar { 111.6465899680088   } 
   autocorr_energy { } 
} 

block { 
   label spin_0.005
   totweight 819200
   nautocorr 0
   total_energy { -67.84631038613934   } 
   total_energyvar { 0.7214281030948   } 
   weight { 0.9997105681242932   } 
   weightvar { 0.07596896922577484   } 
   kinetic_energy { 24.34977765479628   } 
   kinetic_energyvar { 52.95015747036869   } 
   potential_energy { -102.632584231605   } 
   potential_energyvar { 115.7064081494143   } 
   nonlocal_energy { 10.43649619066942   } 
   nonlocal_energyvar { 105.7291454693495   } 
   autocorr_energy { } 
} 

block { 
   label spin_0.005
   totweight 819200
   nautocorr 0
   total_energy { -67.84381900005513   } 
   total_energyvar { 0.5306753553360923   } 
   weight { 0.9991821556129575   } 
   weightvar { 0.07985666960462076   } 
   kinetic_energy { 24.24009266112213   } 
   kinetic_energyvar { 55.6532828603028   } 
   potential_energy { -102.6869159107391   } 
   potential_energyvar { 117.8850929140237   } 
   nonlocal_energy { 10.60300424956186   } 
   nonlocal_energyvar { 115.4841138721847   } 
   autocorr_energy { } 
} 

block { 
   label spin_0.005
   totweight 819200
   nautocorr 0
   total_energy { -67.84851656778339   } 
   total_energyvar { 0.5291244337530474   } 
   weight { 0.9993282873717362   } 
   weightvar { 0.08354320859184716   } 
   kinetic_energy { 24.26012017385161   } 
   kinetic_energyvar { 54.97801175322825   } 
   potential_energy { -102.659272332711   } 
   potential_energyvar { 121.1329823120183   } 
   nonlocal_energy { 10.55063559107596   } 
   nonlocal_energyvar { 113.8631842238494   } 
   autocorr_energy { } 
} 

block { 
   label spin_0.005
   totweight 819200
   nautocorr 0
   total_energy { -67.83618004451196   } 
   total_energyvar { 0.5268436961505517   } 
   weight { 0.9992347389524787   } 
   weightvar { 0.08627919202304997   } 
   kinetic_energy { 24.12711688559772   } 
   kinetic_energyvar { 54.76049514355741   } 
   potential_energy { -102.6204910687899   } 
   potential_energyvar { 118.6956532634535   } 
   nonlocal_energy { 10.65719413868017   } 
   nonlocal_energyvar { 116.5013044986566   } 
   autocorr_energy { } 
} 

block { 
   label spin_0.005
   totweight 819200
   nautocorr 0
   total_energy { -67.84803454480323   } 
   total_energyvar { 0.6190113092813144   } 
   weight { 0.9984752253271253   } 
   weightvar { 0.08652226143158383   } 
   kinetic_energy { 24.11761643949729   } 
   kinetic_energyvar { 55.05838763684198   } 
   potential_energy { -102.6248734267919   } 
   potential_energyvar { 118.6973528580906   } 
   nonlocal_energy { 10.65922244249141   } 
   nonlocal_energyvar { 116.2056650684101   } 
   autocorr_energy { } 
} 

block { 
   label spin_0.005
   totweight 819200
   nautocorr 0
   total_energy { -67.84449471253187   } 
   total_energyvar { 0.5362334120549646   } 
   weight { 0.9985745963226849   } 
   weightvar { 0.08867200223927062   } 
   kinetic_energy { 24.14016435574343   } 
   kinetic_energyvar { 54.83347622727511   } 
   potential_energy { -102.6798437107437   } 
   potential_energyvar { 120.1849950386013   } 
   nonlocal_energy { 10.69518464246838   } 
   nonlocal_energyvar { 120.2958774409196   } 
   autocorr_energy { } 
} 

