#-------------------------------------------------
#DMC run: timestep 0.005
#-------------------------------------------------


init { 
   label spin_0.005
}
block { 
   label spin_0.005
   totweight 870400
   nautocorr 0
   total_energy { -104.1575429292753   } 
   total_energyvar { 1.013538761108131   } 
   weight { 1.038082160600897   } 
   weightvar { 0.0262283116761295   } 
   kinetic_energy { 34.93508432721534   } 
   kinetic_energyvar { 104.9097594857638   } 
   potential_energy { -152.5129214967937   } 
   potential_energyvar { 178.0442686340616   } 
   nonlocal_energy { 13.42029424030298   } 
   nonlocal_energyvar { 195.1091104837898   } 
   autocorr_energy { } 
} 

block { 
   label spin_0.005
   totweight 870400
   nautocorr 0
   total_energy { -104.1146525113499   } 
   total_energyvar { 1.167578433094003   } 
   weight { 1.025732944294845   } 
   weightvar { 0.07458862864395159   } 
   kinetic_energy { 35.1626326037207   } 
   kinetic_energyvar { 104.1844848682305   } 
   potential_energy { -152.6578481643006   } 
   potential_energyvar { 176.8697047924394   } 
   nonlocal_energy { 13.38056304923003   } 
   nonlocal_energyvar { 195.9231869302147   } 
   autocorr_energy { } 
} 

block { 
   label spin_0.005
   totweight 870400
   nautocorr 0
   total_energy { -104.0941440821335   } 
   total_energyvar { 1.203557901066308   } 
   weight { 0.9824167999458011   } 
   weightvar { 0.09182139728024832   } 
   kinetic_energy { 35.28358025671364   } 
   kinetic_energyvar { 105.4932611822657   } 
   potential_energy { -152.8892864715255   } 
   potential_energyvar { 176.9644103220904   } 
   nonlocal_energy { 13.51156213267832   } 
   nonlocal_energyvar { 199.5695968025129   } 
   autocorr_energy { } 
} 

block { 
   label spin_0.005
   totweight 870400
   nautocorr 0
   total_energy { -104.0957816057042   } 
   total_energyvar { 1.188157373114298   } 
   weight { 0.9725930038309802   } 
   weightvar { 0.09685783522571118   } 
   kinetic_energy { 35.42581753595132   } 
   kinetic_energyvar { 104.6240935073923   } 
   potential_energy { -153.0103877331834   } 
   potential_energyvar { 177.2653176665319   } 
   nonlocal_energy { 13.48878859152789   } 
   nonlocal_energyvar { 195.5663900322965   } 
   autocorr_energy { } 
} 

block { 
   label spin_0.005
   totweight 870400
   nautocorr 0
   total_energy { -104.0873975201673   } 
   total_energyvar { 1.199701003142062   } 
   weight { 0.9714938820843311   } 
   weightvar { 0.09913463368207424   } 
   kinetic_energy { 35.36967684590981   } 
   kinetic_energyvar { 104.0983479809442   } 
   potential_energy { -152.9832331182596   } 
   potential_energyvar { 177.6026123229183   } 
   nonlocal_energy { 13.52615875218252   } 
   nonlocal_energyvar { 197.7408621353787   } 
   autocorr_energy { } 
} 

block { 
   label spin_0.005
   totweight 870400
   nautocorr 0
   total_energy { -104.0903491776508   } 
   total_energyvar { 1.187410378124134   } 
   weight { 0.9758405582193694   } 
   weightvar { 0.09891796750397722   } 
   kinetic_energy { 35.37014836781734   } 
   kinetic_energyvar { 105.1909049619346   } 
   potential_energy { -152.9191704945316   } 
   potential_energyvar { 177.6842009283084   } 
   nonlocal_energy { 13.45867294906338   } 
   nonlocal_energyvar { 196.3213001770981   } 
   autocorr_energy { } 
} 

block { 
   label spin_0.005
   totweight 870400
   nautocorr 0
   total_energy { -104.0912948488728   } 
   total_energyvar { 1.214328488633929   } 
   weight { 0.9844790638614948   } 
   weightvar { 0.1001145205130925   } 
   kinetic_energy { 35.35333035458865   } 
   kinetic_energyvar { 105.7805775297269   } 
   potential_energy { -152.9756288202271   } 
   potential_energyvar { 175.9692916316497   } 
   nonlocal_energy { 13.53100361676559   } 
   nonlocal_energyvar { 199.4938423343241   } 
   autocorr_energy { } 
} 

block { 
   label spin_0.005
   totweight 870400
   nautocorr 0
   total_energy { -104.0960906198401   } 
   total_energyvar { 1.214298657349788   } 
   weight { 0.9949548192522271   } 
   weightvar { 0.1034551125666393   } 
   kinetic_energy { 35.37924880917426   } 
   kinetic_energyvar { 105.1111125535346   } 
   potential_energy { -152.9878093554354   } 
   potential_energyvar { 176.5762882116152   } 
   nonlocal_energy { 13.51246992642103   } 
   nonlocal_energyvar { 199.3711497449487   } 
   autocorr_energy { } 
} 

block { 
   label spin_0.005
   totweight 870400
   nautocorr 0
   total_energy { -104.091662097729   } 
   total_energyvar { 1.183749709526391   } 
   weight { 0.9997370111383024   } 
   weightvar { 0.09887430764607325   } 
   kinetic_energy { 35.47485852328322   } 
   kinetic_energyvar { 101.8683348899008   } 
   potential_energy { -152.9768710310846   } 
   potential_energyvar { 175.3288382149397   } 
   nonlocal_energy { 13.41035041007247   } 
   nonlocal_energyvar { 192.1004376665859   } 
   autocorr_energy { } 
} 

block { 
   label spin_0.005
   totweight 870400
   nautocorr 0
   total_energy { -104.099707914993   } 
   total_energyvar { 1.188743097288912   } 
   weight { 1.00081944925871   } 
   weightvar { 0.09757003619149163   } 
   kinetic_energy { 35.35960043217427   } 
   kinetic_energyvar { 105.101783923501   } 
   potential_energy { -153.0078684351213   } 
   potential_energyvar { 178.7153168696909   } 
   nonlocal_energy { 13.54856008795397   } 
   nonlocal_energyvar { 197.1475760098991   } 
   autocorr_energy { } 
} 

block { 
   label spin_0.005
   totweight 870400
   nautocorr 0
   total_energy { -104.0938202730517   } 
   total_energyvar { 1.213821963017026   } 
   weight { 1.001302264772369   } 
   weightvar { 0.0959041347260772   } 
   kinetic_energy { 35.44393617897869   } 
   kinetic_energyvar { 104.252561657639   } 
   potential_energy { -153.0355667930987   } 
   potential_energyvar { 175.186447257009   } 
   nonlocal_energy { 13.49781034106836   } 
   nonlocal_energyvar { 197.2109776314617   } 
   autocorr_energy { } 
} 

block { 
   label spin_0.005
   totweight 870400
   nautocorr 0
   total_energy { -104.0953464913842   } 
   total_energyvar { 1.190896620778262   } 
   weight { 1.002510529094969   } 
   weightvar { 0.09943726317672545   } 
   kinetic_energy { 35.31351555567327   } 
   kinetic_energyvar { 104.4581764825981   } 
   potential_energy { -152.7530546735073   } 
   potential_energyvar { 175.526995346411   } 
   nonlocal_energy { 13.34419262644983   } 
   nonlocal_energyvar { 195.7389726605252   } 
   autocorr_energy { } 
} 

block { 
   label spin_0.005
   totweight 870400
   nautocorr 0
   total_energy { -104.0936119689168   } 
   total_energyvar { 1.20220940987529   } 
   weight { 1.001142271309317   } 
   weightvar { 0.1004523904631719   } 
   kinetic_energy { 35.33190703973403   } 
   kinetic_energyvar { 104.0546581199127   } 
   potential_energy { -152.8183890354376   } 
   potential_energyvar { 179.9715974459652   } 
   nonlocal_energy { 13.39287002678676   } 
   nonlocal_energyvar { 195.8720392304649   } 
   autocorr_energy { } 
} 

block { 
   label spin_0.005
   totweight 870400
   nautocorr 0
   total_energy { -104.0881136152703   } 
   total_energyvar { 1.200403118096293   } 
   weight { 0.9986609425117821   } 
   weightvar { 0.09923496240179407   } 
   kinetic_energy { 35.39374268308891   } 
   kinetic_energyvar { 105.8560463865665   } 
   potential_energy { -152.9467298815889   } 
   potential_energyvar { 179.2760910462339   } 
   nonlocal_energy { 13.46487358322969   } 
   nonlocal_energyvar { 199.2435105059018   } 
   autocorr_energy { } 
} 

block { 
   label spin_0.005
   totweight 870400
   nautocorr 0
   total_energy { -104.0903433267375   } 
   total_energyvar { 1.18662619336955   } 
   weight { 0.9960047551963358   } 
   weightvar { 0.09998887486762048   } 
   kinetic_energy { 35.35881954271642   } 
   kinetic_energyvar { 105.1203685391601   } 
   potential_energy { -152.9145315321006   } 
   potential_energyvar { 176.057466722397   } 
   nonlocal_energy { 13.46536866264668   } 
   nonlocal_energyvar { 197.2089448927214   } 
   autocorr_energy { } 
} 

block { 
   label spin_0.005
   totweight 870400
   nautocorr 0
   total_energy { -104.0944541920519   } 
   total_energyvar { 1.202128686776617   } 
   weight { 0.997884071924947   } 
   weightvar { 0.09919465471098851   } 
   kinetic_energy { 35.44532547504629   } 
   kinetic_energyvar { 105.3062302604882   } 
   potential_energy { -152.9655257155156   } 
   potential_energyvar { 177.2713223064832   } 
   nonlocal_energy { 13.4257460484174   } 
   nonlocal_energyvar { 198.0476799292542   } 
   autocorr_energy { } 
} 

block { 
   label spin_0.005
   totweight 870400
   nautocorr 0
   total_energy { -104.0900861833763   } 
   total_energyvar { 1.213078792458672   } 
   weight { 0.9999304146618614   } 
   weightvar { 0.1009277927622526   } 
   kinetic_energy { 35.3605873527633   } 
   kinetic_energyvar { 105.1357608571809   } 
   potential_energy { -152.879914434417   } 
   potential_energyvar { 177.7988550024939   } 
   nonlocal_energy { 13.42924089827742   } 
   nonlocal_energyvar { 197.9062767839443   } 
   autocorr_energy { } 
} 

block { 
   label spin_0.005
   totweight 870400
   nautocorr 0
   total_energy { -104.0904523009386   } 
   total_energyvar { 1.204464882875353   } 
   weight { 0.9961328733033414   } 
   weightvar { 0.09883274278612186   } 
   kinetic_energy { 35.39561798162383   } 
   kinetic_energyvar { 104.0205052474717   } 
   potential_energy { -152.9727542221129   } 
   potential_energyvar { 178.1776533125386   } 
   nonlocal_energy { 13.48668393955046   } 
   nonlocal_energyvar { 197.7246101240279   } 
   autocorr_energy { } 
} 

block { 
   label spin_0.005
   totweight 870400
   nautocorr 0
   total_energy { -104.0923690337781   } 
   total_energyvar { 1.197025445568365   } 
   weight { 0.9984356580819179   } 
   weightvar { 0.09706137137563399   } 
   kinetic_energy { 35.37747243941753   } 
   kinetic_energyvar { 104.3350064895594   } 
   potential_energy { -152.9566019043129   } 
   potential_energyvar { 177.9670523603985   } 
   nonlocal_energy { 13.48676043111734   } 
   nonlocal_energyvar { 196.0601386889116   } 
   autocorr_energy { } 
} 

block { 
   label spin_0.005
   totweight 870400
   nautocorr 0
   total_energy { -104.0948954393261   } 
   total_energyvar { 1.195387752643886   } 
   weight { 0.9985558672542292   } 
   weightvar { 0.09933596688267166   } 
   kinetic_energy { 35.37736541232118   } 
   kinetic_energyvar { 106.1545699224506   } 
   potential_energy { -152.9273754454222   } 
   potential_energyvar { 177.7985005293011   } 
   nonlocal_energy { 13.45511459377488   } 
   nonlocal_energyvar { 198.4386805382159   } 
   autocorr_energy { } 
} 

block { 
   label spin_0.005
   totweight 870400
   nautocorr 0
   total_energy { -104.088136807708   } 
   total_energyvar { 1.210852816027503   } 
   weight { 0.9995856577315516   } 
   weightvar { 0.09813047200629195   } 
   kinetic_energy { 35.30595295800202   } 
   kinetic_energyvar { 104.3880764249644   } 
   potential_energy { -152.8774055935513   } 
   potential_energyvar { 179.1790869416239   } 
   nonlocal_energy { 13.48331582784121   } 
   nonlocal_energyvar { 198.635059043282   } 
   autocorr_energy { } 
} 

block { 
   label spin_0.005
   totweight 870400
   nautocorr 0
   total_energy { -104.0960435207677   } 
   total_energyvar { 1.212516575617862   } 
   weight { 0.9988725171496837   } 
   weightvar { 0.09536982485443757   } 
   kinetic_energy { 35.32916062946271   } 
   kinetic_energyvar { 103.6553245812706   } 
   potential_energy { -152.7939380707838   } 
   potential_energyvar { 176.4227617957987   } 
   nonlocal_energy { 13.36873392055344   } 
   nonlocal_energyvar { 194.7412552275447   } 
   autocorr_energy { } 
} 

block { 
   label spin_0.005
   totweight 870400
   nautocorr 0
   total_energy { -104.0985772072333   } 
   total_energyvar { 1.177619747345461   } 
   weight { 1.00357691960751   } 
   weightvar { 0.09810612756538893   } 
   kinetic_energy { 35.40263383059914   } 
   kinetic_energyvar { 102.9917160628282   } 
   potential_energy { -152.8968198623568   } 
   potential_energyvar { 175.7023196793548   } 
   nonlocal_energy { 13.39560882452437   } 
   nonlocal_energyvar { 193.2051474566224   } 
   autocorr_energy { } 
} 

block { 
   label spin_0.005
   totweight 870400
   nautocorr 0
   total_energy { -104.0975998789598   } 
   total_energyvar { 1.201220731749427   } 
   weight { 1.002752325450658   } 
   weightvar { 0.09848405926094214   } 
   kinetic_energy { 35.26158188849022   } 
   kinetic_energyvar { 105.0052721256216   } 
   potential_energy { -152.752436353042   } 
   potential_energyvar { 177.3744241170878   } 
   nonlocal_energy { 13.39325458559195   } 
   nonlocal_energyvar { 195.2172473132653   } 
   autocorr_energy { } 
} 

block { 
   label spin_0.005
   totweight 870400
   nautocorr 0
   total_energy { -104.0943081420607   } 
   total_energyvar { 1.197896219430123   } 
   weight { 1.004101471400538   } 
   weightvar { 0.09772364716772418   } 
   kinetic_energy { 35.30695316419634   } 
   kinetic_energyvar { 104.2407088838848   } 
   potential_energy { -152.7485714506423   } 
   potential_energyvar { 176.2108708943509   } 
   nonlocal_energy { 13.34731014438522   } 
   nonlocal_energyvar { 194.5531595856685   } 
   autocorr_energy { } 
} 

block { 
   label spin_0.005
   totweight 870400
   nautocorr 0
   total_energy { -104.0898172264192   } 
   total_energyvar { 1.214201170302001   } 
   weight { 0.9992709159257566   } 
   weightvar { 0.09759781865882894   } 
   kinetic_energy { 35.31753169427109   } 
   kinetic_energyvar { 104.1097471917784   } 
   potential_energy { -152.9447784400951   } 
   potential_energyvar { 178.2186289116823   } 
   nonlocal_energy { 13.53742951940487   } 
   nonlocal_energyvar { 197.9616696603055   } 
   autocorr_energy { } 
} 

block { 
   label spin_0.005
   totweight 870400
   nautocorr 0
   total_energy { -104.0861916977126   } 
   total_energyvar { 1.192072104172395   } 
   weight { 0.9961303323301913   } 
   weightvar { 0.09753305376134415   } 
   kinetic_energy { 35.41739369428421   } 
   kinetic_energyvar { 105.6315582106055   } 
   potential_energy { -152.9692324674874   } 
   potential_energyvar { 177.5443557128238   } 
   nonlocal_energy { 13.46564707549058   } 
   nonlocal_energyvar { 197.8459241131382   } 
   autocorr_energy { } 
} 

block { 
   label spin_0.005
   totweight 870400
   nautocorr 0
   total_energy { -104.098695739349   } 
   total_energyvar { 1.188414597923516   } 
   weight { 0.9994597290378107   } 
   weightvar { 0.09789561317722448   } 
   kinetic_energy { 35.38642456525802   } 
   kinetic_energyvar { 104.5438937771795   } 
   potential_energy { -153.0127030329017   } 
   potential_energyvar { 178.6386126603093   } 
   nonlocal_energy { 13.5275827282946   } 
   nonlocal_energyvar { 196.9240881448537   } 
   autocorr_energy { } 
} 

block { 
   label spin_0.005
   totweight 870400
   nautocorr 0
   total_energy { -104.1015481810325   } 
   total_energyvar { 1.203961368084767   } 
   weight { 1.004256816091882   } 
   weightvar { 0.09748505211757566   } 
   kinetic_energy { 35.31663835843193   } 
   kinetic_energyvar { 105.4206357156587   } 
   potential_energy { -152.8894909808799   } 
   potential_energyvar { 179.7142317221518   } 
   nonlocal_energy { 13.47130444141542   } 
   nonlocal_energyvar { 197.89345006347   } 
   autocorr_energy { } 
} 

block { 
   label spin_0.005
   totweight 870400
   nautocorr 0
   total_energy { -104.0923793151264   } 
   total_energyvar { 1.188051377142843   } 
   weight { 1.00400131621986   } 
   weightvar { 0.09807040453374899   } 
   kinetic_energy { 35.38923369909846   } 
   kinetic_energyvar { 104.1088723605867   } 
   potential_energy { -152.9756793684774   } 
   potential_energyvar { 177.713901198672   } 
   nonlocal_energy { 13.49406635425252   } 
   nonlocal_energyvar { 197.1083814842212   } 
   autocorr_energy { } 
} 

block { 
   label spin_0.005
   totweight 870400
   nautocorr 0
   total_energy { -104.0909857130784   } 
   total_energyvar { 1.189773359970078   } 
   weight { 0.9980482516955197   } 
   weightvar { 0.09836033673803081   } 
   kinetic_energy { 35.27916555257725   } 
   kinetic_energyvar { 105.3788648215674   } 
   potential_energy { -152.7286181022493   } 
   potential_energyvar { 178.8787812970749   } 
   nonlocal_energy { 13.35846683659363   } 
   nonlocal_energyvar { 195.7990666041399   } 
   autocorr_energy { } 
} 

block { 
   label spin_0.005
   totweight 870400
   nautocorr 0
   total_energy { -104.0944068867045   } 
   total_energyvar { 1.225035124261411   } 
   weight { 0.9999124399568489   } 
   weightvar { 0.09816726653886161   } 
   kinetic_energy { 35.40518272738665   } 
   kinetic_energyvar { 106.8466998252955   } 
   potential_energy { -153.0904215860847   } 
   potential_energyvar { 179.0023334134711   } 
   nonlocal_energy { 13.59083197199356   } 
   nonlocal_energyvar { 200.0738913661738   } 
   autocorr_energy { } 
} 

