#-------------------------------------------------
#DMC run: timestep 0.005
#-------------------------------------------------


init { 
   label spin_0.005
}
block { 
   label spin_0.005
   totweight 1740800
   nautocorr 0
   total_energy { -272.0927989320766   } 
   total_energyvar { 4.053864555486361   } 
   weight { 1.090450290344934   } 
   weightvar { 0.0614248599677312   } 
   kinetic_energy { 90.62959430886318   } 
   kinetic_energyvar { 285.247758410892   } 
   potential_energy { -398.4619877504971   } 
   potential_energyvar { 537.3205126287811   } 
   nonlocal_energy { 35.7395945095574   } 
   nonlocal_energyvar { 569.417929941389   } 
   autocorr_energy { } 
} 

block { 
   label spin_0.005
   totweight 1740800
   nautocorr 0
   total_energy { -272.0434810348602   } 
   total_energyvar { 4.635623549307401   } 
   weight { 1.092585034074452   } 
   weightvar { 0.08851517194132531   } 
   kinetic_energy { 92.42870202774404   } 
   kinetic_energyvar { 280.8497372647433   } 
   potential_energy { -400.4332979450676   } 
   potential_energyvar { 532.3519282782032   } 
   nonlocal_energy { 35.96111488246349   } 
   nonlocal_energyvar { 564.4110763491851   } 
   autocorr_energy { } 
} 

block { 
   label spin_0.005
   totweight 1740800
   nautocorr 0
   total_energy { -272.0191212925007   } 
   total_energyvar { 4.563359396541038   } 
   weight { 0.9990060655193869   } 
   weightvar { 0.1059056520573131   } 
   kinetic_energy { 92.68781404250085   } 
   kinetic_energyvar { 277.6374152497595   } 
   potential_energy { -400.5150969949332   } 
   potential_energyvar { 530.8572018033882   } 
   nonlocal_energy { 35.80816165993156   } 
   nonlocal_energyvar { 558.3237792361147   } 
   autocorr_energy { } 
} 

block { 
   label spin_0.005
   totweight 1740800
   nautocorr 0
   total_energy { -272.0153646215434   } 
   total_energyvar { 4.510907044629676   } 
   weight { 0.9712821448924444   } 
   weightvar { 0.1130865310355803   } 
   kinetic_energy { 93.02384823194346   } 
   kinetic_energyvar { 277.4481724871112   } 
   potential_energy { -401.0442506227425   } 
   potential_energyvar { 527.8575872833786   } 
   nonlocal_energy { 36.00503776925576   } 
   nonlocal_energyvar { 559.9167995161413   } 
   autocorr_energy { } 
} 

block { 
   label spin_0.005
   totweight 1740800
   nautocorr 0
   total_energy { -271.9911914151505   } 
   total_energyvar { 4.643534831556757   } 
   weight { 0.9627011714257833   } 
   weightvar { 0.1141471238374464   } 
   kinetic_energy { 93.10926633625165   } 
   kinetic_energyvar { 279.1191462246587   } 
   potential_energy { -400.9854107206369   } 
   potential_energyvar { 527.6938765665398   } 
   nonlocal_energy { 35.88495296923475   } 
   nonlocal_energyvar { 560.5317658279049   } 
   autocorr_energy { } 
} 

block { 
   label spin_0.005
   totweight 1740800
   nautocorr 0
   total_energy { -271.9980239870257   } 
   total_energyvar { 4.853947722584819   } 
   weight { 0.959394533386173   } 
   weightvar { 0.1154873759780881   } 
   kinetic_energy { 93.15028031885642   } 
   kinetic_energyvar { 278.6225571232665   } 
   potential_energy { -401.2040564897635   } 
   potential_energyvar { 527.8048488487839   } 
   nonlocal_energy { 36.05575218388145   } 
   nonlocal_energyvar { 563.1625856258232   } 
   autocorr_energy { } 
} 

block { 
   label spin_0.005
   totweight 1740800
   nautocorr 0
   total_energy { -271.9981552535182   } 
   total_energyvar { 4.650636454642159   } 
   weight { 0.9719262075855584   } 
   weightvar { 0.1139544475819228   } 
   kinetic_energy { 92.93101048669165   } 
   kinetic_energyvar { 280.9508608682591   } 
   potential_energy { -400.7547099667692   } 
   potential_energyvar { 528.1676598736781   } 
   nonlocal_energy { 35.82554422655926   } 
   nonlocal_energyvar { 561.3250667446777   } 
   autocorr_energy { } 
} 

block { 
   label spin_0.005
   totweight 1740800
   nautocorr 0
   total_energy { -272.0003699050684   } 
   total_energyvar { 4.543806830162699   } 
   weight { 0.9849574767596789   } 
   weightvar { 0.1109402337806013   } 
   kinetic_energy { 93.02954749826607   } 
   kinetic_energyvar { 278.7480008751978   } 
   potential_energy { -400.9317145843416   } 
   potential_energyvar { 531.0627205262685   } 
   nonlocal_energy { 35.90179718100723   } 
   nonlocal_energyvar { 557.0790894917074   } 
   autocorr_energy { } 
} 

block { 
   label spin_0.005
   totweight 1740800
   nautocorr 0
   total_energy { -271.9898605262185   } 
   total_energyvar { 4.586612137502263   } 
   weight { 0.9870210177305283   } 
   weightvar { 0.1100520526604435   } 
   kinetic_energy { 93.0420352011638   } 
   kinetic_energyvar { 278.755723755727   } 
   potential_energy { -400.9216457410993   } 
   potential_energyvar { 527.0116512698086   } 
   nonlocal_energy { 35.88975001371715   } 
   nonlocal_energyvar { 558.9659836109431   } 
   autocorr_energy { } 
} 

block { 
   label spin_0.005
   totweight 1740800
   nautocorr 0
   total_energy { -271.9908034522827   } 
   total_energyvar { 4.73157659626232   } 
   weight { 0.9862472854179737   } 
   weightvar { 0.1113962044838559   } 
   kinetic_energy { 93.02922879460259   } 
   kinetic_energyvar { 278.4927208870237   } 
   potential_energy { -401.0229873252309   } 
   potential_energyvar { 529.4188892697115   } 
   nonlocal_energy { 36.00295507834558   } 
   nonlocal_energyvar { 564.4289173984631   } 
   autocorr_energy { } 
} 

block { 
   label spin_0.005
   totweight 1740800
   nautocorr 0
   total_energy { -271.9875231427513   } 
   total_energyvar { 4.684982239777231   } 
   weight { 0.9895661350989994   } 
   weightvar { 0.1100676323503171   } 
   kinetic_energy { 93.19026524307263   } 
   kinetic_energyvar { 278.0828507162236   } 
   potential_energy { -401.2590129451596   } 
   potential_energyvar { 526.8849567202852   } 
   nonlocal_energy { 36.08122455933558   } 
   nonlocal_energyvar { 563.6166263466002   } 
   autocorr_energy { } 
} 

block { 
   label spin_0.005
   totweight 1740800
   nautocorr 0
   total_energy { -272.0007951250381   } 
   total_energyvar { 4.589248987722575   } 
   weight { 0.9945589181497173   } 
   weightvar { 0.1096681158694766   } 
   kinetic_energy { 93.15731556402143   } 
   kinetic_energyvar { 278.9608286493261   } 
   potential_energy { -401.1405589752488   } 
   potential_energyvar { 531.0468404854579   } 
   nonlocal_energy { 35.9824482861894   } 
   nonlocal_energyvar { 564.3139116390148   } 
   autocorr_energy { } 
} 

block { 
   label spin_0.005
   totweight 1740800
   nautocorr 0
   total_energy { -271.998575804035   } 
   total_energyvar { 4.535944814826681   } 
   weight { 0.9999132832393369   } 
   weightvar { 0.1086331916217493   } 
   kinetic_energy { 93.16706847989191   } 
   kinetic_energyvar { 277.4181017394107   } 
   potential_energy { -401.1844711218752   } 
   potential_energyvar { 528.3176252282357   } 
   nonlocal_energy { 36.01882683794832   } 
   nonlocal_energyvar { 560.7085521775299   } 
   autocorr_energy { } 
} 

block { 
   label spin_0.005
   totweight 1740800
   nautocorr 0
   total_energy { -271.9957454599105   } 
   total_energyvar { 4.803651099976004   } 
   weight { 1.001570822408779   } 
   weightvar { 0.1071554327449868   } 
   kinetic_energy { 93.04217248331267   } 
   kinetic_energyvar { 279.0557930646358   } 
   potential_energy { -400.9827936838653   } 
   potential_energyvar { 530.7987141312096   } 
   nonlocal_energy { 35.94487574064219   } 
   nonlocal_energyvar { 562.048504890976   } 
   autocorr_energy { } 
} 

block { 
   label spin_0.005
   totweight 1740800
   nautocorr 0
   total_energy { -271.9968000608568   } 
   total_energyvar { 4.503091185044292   } 
   weight { 0.9989414331723772   } 
   weightvar { 0.1083388836718235   } 
   kinetic_energy { 93.07058461566433   } 
   kinetic_energyvar { 278.8177490048213   } 
   potential_energy { -401.1426311591295   } 
   potential_energyvar { 526.4649745282551   } 
   nonlocal_energy { 36.07524648260839   } 
   nonlocal_energyvar { 564.0665262126747   } 
   autocorr_energy { } 
} 

block { 
   label spin_0.005
   totweight 1740800
   nautocorr 0
   total_energy { -272.0041437587637   } 
   total_energyvar { 4.594715934409993   } 
   weight { 1.005156189233031   } 
   weightvar { 0.1070436467001084   } 
   kinetic_energy { 93.16594354427563   } 
   kinetic_energyvar { 278.7306326716865   } 
   potential_energy { -401.2778523179946   } 
   potential_energyvar { 527.1155476285253   } 
   nonlocal_energy { 36.10776501495524   } 
   nonlocal_energyvar { 564.3381709042341   } 
   autocorr_energy { } 
} 

