#-------------------------------------------------
#DMC run: timestep 0.005
#-------------------------------------------------


init { 
   label spin_0.005
}
block { 
   label spin_0.005
   totweight 870400
   nautocorr 0
   total_energy { -67.0740312529698   } 
   total_energyvar { 0.4984094487877099   } 
   weight { 1.025372059045543   } 
   weightvar { 0.01334615521449021   } 
   kinetic_energy { 22.99699753436998   } 
   kinetic_energyvar { 75.17684517565854   } 
   potential_energy { -96.54632205725618   } 
   potential_energyvar { 83.93658708030469   } 
   nonlocal_energy { 6.475293269916401   } 
   nonlocal_energyvar { 110.6477824944867   } 
   autocorr_energy { } 
} 

block { 
   label spin_0.005
   totweight 870400
   nautocorr 0
   total_energy { -67.03663749441051   } 
   total_energyvar { 0.5309801294036525   } 
   weight { 1.009467922596364   } 
   weightvar { 0.04797830949614965   } 
   kinetic_energy { 23.18212092687704   } 
   kinetic_energyvar { 76.25121031290317   } 
   potential_energy { -96.80704192588927   } 
   potential_energyvar { 84.43157163919537   } 
   nonlocal_energy { 6.588283504601712   } 
   nonlocal_energyvar { 113.2044203004557   } 
   autocorr_energy { } 
} 

block { 
   label spin_0.005
   totweight 870400
   nautocorr 0
   total_energy { -67.01864665014541   } 
   total_energyvar { 0.5412263815584613   } 
   weight { 0.981065051488563   } 
   weightvar { 0.07110355596731138   } 
   kinetic_energy { 23.27355095823687   } 
   kinetic_energyvar { 75.98479967707465   } 
   potential_energy { -96.93041453279847   } 
   potential_energyvar { 84.28266975752132   } 
   nonlocal_energy { 6.638216924416193   } 
   nonlocal_energyvar { 115.4488890428891   } 
   autocorr_energy { } 
} 

block { 
   label spin_0.005
   totweight 870400
   nautocorr 0
   total_energy { -67.01770617674042   } 
   total_energyvar { 0.5423522187928416   } 
   weight { 0.9735145757704414   } 
   weightvar { 0.08478024774646095   } 
   kinetic_energy { 23.2621281604676   } 
   kinetic_energyvar { 76.70667225792722   } 
   potential_energy { -96.8868133943903   } 
   potential_energyvar { 83.1622025790785   } 
   nonlocal_energy { 6.606979057182307   } 
   nonlocal_energyvar { 114.0199629722425   } 
   autocorr_energy { } 
} 

block { 
   label spin_0.005
   totweight 870400
   nautocorr 0
   total_energy { -67.01823520411348   } 
   total_energyvar { 0.5409710737416337   } 
   weight { 0.9762290769231179   } 
   weightvar { 0.09034055850015309   } 
   kinetic_energy { 23.26997734346045   } 
   kinetic_energyvar { 76.72189990818954   } 
   potential_energy { -96.91900356824959   } 
   potential_energyvar { 84.15502401627877   } 
   nonlocal_energy { 6.630791020675646   } 
   nonlocal_energyvar { 114.6820652374548   } 
   autocorr_energy { } 
} 

block { 
   label spin_0.005
   totweight 870400
   nautocorr 0
   total_energy { -67.02163752004259   } 
   total_energyvar { 0.5565120018790884   } 
   weight { 0.9822434877592495   } 
   weightvar { 0.09316364085037754   } 
   kinetic_energy { 23.31242496203198   } 
   kinetic_energyvar { 77.25367766714722   } 
   potential_energy { -97.00932879743927   } 
   potential_energyvar { 85.13623353185878   } 
   nonlocal_energy { 6.675266315364694   } 
   nonlocal_energyvar { 116.5681548301742   } 
   autocorr_energy { } 
} 

block { 
   label spin_0.005
   totweight 870400
   nautocorr 0
   total_energy { -67.01472394096989   } 
   total_energyvar { 0.5425992616574274   } 
   weight { 0.9869895399634437   } 
   weightvar { 0.0944003711190215   } 
   kinetic_energy { 23.27986682534236   } 
   kinetic_energyvar { 75.60580097493727   } 
   potential_energy { -96.84784253334733   } 
   potential_energyvar { 84.39086555076511   } 
   nonlocal_energy { 6.553251767035055   } 
   nonlocal_energyvar { 112.5706673122839   } 
   autocorr_energy { } 
} 

block { 
   label spin_0.005
   totweight 870400
   nautocorr 0
   total_energy { -67.02144357528149   } 
   total_energyvar { 0.5479120741054752   } 
   weight { 0.9948776837568218   } 
   weightvar { 0.09519647913129176   } 
   kinetic_energy { 23.22516636120097   } 
   kinetic_energyvar { 75.0825816481527   } 
   potential_energy { -96.79845363869237   } 
   potential_energyvar { 84.79649548165757   } 
   nonlocal_energy { 6.551843702209906   } 
   nonlocal_energyvar { 112.3019120742523   } 
   autocorr_energy { } 
} 

block { 
   label spin_0.005
   totweight 870400
   nautocorr 0
   total_energy { -67.01713685589216   } 
   total_energyvar { 0.5416875996958114   } 
   weight { 0.9988756911943902   } 
   weightvar { 0.09711817893391002   } 
   kinetic_energy { 23.31246006295032   } 
   kinetic_energyvar { 74.66119975884172   } 
   potential_energy { -96.82296986144976   } 
   potential_energyvar { 82.71478490479662   } 
   nonlocal_energy { 6.493372942607264   } 
   nonlocal_energyvar { 110.1929766860821   } 
   autocorr_energy { } 
} 

block { 
   label spin_0.005
   totweight 870400
   nautocorr 0
   total_energy { -67.01560777005795   } 
   total_energyvar { 0.5562428265125178   } 
   weight { 0.9973391449142379   } 
   weightvar { 0.09789397740644504   } 
   kinetic_energy { 23.25772589893304   } 
   kinetic_energyvar { 77.50918984718541   } 
   potential_energy { -96.91060343241404   } 
   potential_energyvar { 85.27472397432261   } 
   nonlocal_energy { 6.637269763423046   } 
   nonlocal_energyvar { 115.8956208669017   } 
   autocorr_energy { } 
} 

block { 
   label spin_0.005
   totweight 870400
   nautocorr 0
   total_energy { -67.01617009037747   } 
   total_energyvar { 0.5511277174861006   } 
   weight { 0.9964395490075795   } 
   weightvar { 0.09890218243764232   } 
   kinetic_energy { 23.24714153254583   } 
   kinetic_energyvar { 75.98457211556904   } 
   potential_energy { -96.91018987032405   } 
   potential_energyvar { 83.01548532548746   } 
   nonlocal_energy { 6.646878247400754   } 
   nonlocal_energyvar { 114.5035639142075   } 
   autocorr_energy { } 
} 

block { 
   label spin_0.005
   totweight 870400
   nautocorr 0
   total_energy { -67.01165405173826   } 
   total_energyvar { 0.5526842465768073   } 
   weight { 0.9970256545161619   } 
   weightvar { 0.09805654942385861   } 
   kinetic_energy { 23.32741166524453   } 
   kinetic_energyvar { 75.59957099086895   } 
   potential_energy { -96.90127280816039   } 
   potential_energyvar { 83.24459351775863   } 
   nonlocal_energy { 6.562207091177591   } 
   nonlocal_energyvar { 112.8373372197361   } 
   autocorr_energy { } 
} 

block { 
   label spin_0.005
   totweight 870400
   nautocorr 0
   total_energy { -67.01561226946477   } 
   total_energyvar { 0.551512862879965   } 
   weight { 0.994943109635538   } 
   weightvar { 0.09317690946835466   } 
   kinetic_energy { 23.33361061196408   } 
   kinetic_energyvar { 77.03545199313832   } 
   potential_energy { -97.07570970523656   } 
   potential_energyvar { 84.34000922023057   } 
   nonlocal_energy { 6.726486823807692   } 
   nonlocal_energyvar { 116.8876725816646   } 
   autocorr_energy { } 
} 

block { 
   label spin_0.005
   totweight 870400
   nautocorr 0
   total_energy { -67.01782229238403   } 
   total_energyvar { 0.5463564670319079   } 
   weight { 0.9986539034552363   } 
   weightvar { 0.09471033707219305   } 
   kinetic_energy { 23.43883797326579   } 
   kinetic_energyvar { 75.95792562748734   } 
   potential_energy { -97.11802553666531   } 
   potential_energyvar { 83.31047740962953   } 
   nonlocal_energy { 6.661365271015474   } 
   nonlocal_energyvar { 114.225169735246   } 
   autocorr_energy { } 
} 

block { 
   label spin_0.005
   totweight 870400
   nautocorr 0
   total_energy { -67.01855209310368   } 
   total_energyvar { 0.5476115619667183   } 
   weight { 0.9999611323741061   } 
   weightvar { 0.0966910224607419   } 
   kinetic_energy { 23.42434286264338   } 
   kinetic_energyvar { 75.93957612231074   } 
   potential_energy { -97.09158872104443   } 
   potential_energyvar { 83.36565908929366   } 
   nonlocal_energy { 6.648693765297375   } 
   nonlocal_energyvar { 115.0400529797493   } 
   autocorr_energy { } 
} 

block { 
   label spin_0.005
   totweight 870400
   nautocorr 0
   total_energy { -67.01827948307954   } 
   total_energyvar { 0.5444801029737372   } 
   weight { 1.000346034441959   } 
   weightvar { 0.09708269446564391   } 
   kinetic_energy { 23.33291849781785   } 
   kinetic_energyvar { 76.4451601970499   } 
   potential_energy { -97.00782525319109   } 
   potential_energyvar { 83.78244310556644   } 
   nonlocal_energy { 6.656627272293696   } 
   nonlocal_energyvar { 115.7373582483973   } 
   autocorr_energy { } 
} 

block { 
   label spin_0.005
   totweight 870400
   nautocorr 0
   total_energy { -67.01457586589443   } 
   total_energyvar { 0.5359542829096867   } 
   weight { 0.9983390314857067   } 
   weightvar { 0.0943872821863861   } 
   kinetic_energy { 23.28705543217714   } 
   kinetic_energyvar { 74.57900256195268   } 
   potential_energy { -96.87143053306997   } 
   potential_energyvar { 82.65223264501591   } 
   nonlocal_energy { 6.569799234998402   } 
   nonlocal_energyvar { 112.0146110419446   } 
   autocorr_energy { } 
} 

block { 
   label spin_0.005
   totweight 870400
   nautocorr 0
   total_energy { -67.01616991944992   } 
   total_energyvar { 0.5437052930912183   } 
   weight { 0.998432240385942   } 
   weightvar { 0.09410219402323328   } 
   kinetic_energy { 23.24489639669053   } 
   kinetic_energyvar { 75.65794549366767   } 
   potential_energy { -96.84229914381396   } 
   potential_energyvar { 83.86943993329398   } 
   nonlocal_energy { 6.581232827673526   } 
   nonlocal_energyvar { 112.7813018748007   } 
   autocorr_energy { } 
} 

block { 
   label spin_0.005
   totweight 870400
   nautocorr 0
   total_energy { -67.02023035103296   } 
   total_energyvar { 0.5507550647749473   } 
   weight { 0.9997365151576149   } 
   weightvar { 0.09461554368094144   } 
   kinetic_energy { 23.2028124864233   } 
   kinetic_energyvar { 75.43619748885691   } 
   potential_energy { -96.8415891543237   } 
   potential_energyvar { 83.29008880470194   } 
   nonlocal_energy { 6.618546316867436   } 
   nonlocal_energyvar { 113.795890527819   } 
   autocorr_energy { } 
} 

block { 
   label spin_0.005
   totweight 870400
   nautocorr 0
   total_energy { -67.01616853646244   } 
   total_energyvar { 0.552537009034778   } 
   weight { 1.000757140973155   } 
   weightvar { 0.09660265976073507   } 
   kinetic_energy { 23.27050137691767   } 
   kinetic_energyvar { 75.08141876013455   } 
   potential_energy { -96.8632521173993   } 
   potential_energyvar { 83.42914219296155   } 
   nonlocal_energy { 6.576582204019185   } 
   nonlocal_energyvar { 112.0008762356224   } 
   autocorr_energy { } 
} 

block { 
   label spin_0.005
   totweight 870400
   nautocorr 0
   total_energy { -67.01454213605378   } 
   total_energyvar { 0.5470787321431698   } 
   weight { 0.9975675173936737   } 
   weightvar { 0.09650324426592852   } 
   kinetic_energy { 23.29316829963595   } 
   kinetic_energyvar { 76.05676376195464   } 
   potential_energy { -96.89000458846449   } 
   potential_energyvar { 83.25072342904372   } 
   nonlocal_energy { 6.582294152774759   } 
   nonlocal_energyvar { 113.4877109701142   } 
   autocorr_energy { } 
} 

block { 
   label spin_0.005
   totweight 870400
   nautocorr 0
   total_energy { -67.01531925016552   } 
   total_energyvar { 0.5447144095728711   } 
   weight { 0.9981050345313274   } 
   weightvar { 0.0952353964750933   } 
   kinetic_energy { 23.3361174749254   } 
   kinetic_energyvar { 75.84464518679628   } 
   potential_energy { -96.92044134899392   } 
   potential_energyvar { 82.95521248833012   } 
   nonlocal_energy { 6.569004623902982   } 
   nonlocal_energyvar { 113.6060302466051   } 
   autocorr_energy { } 
} 

block { 
   label spin_0.005
   totweight 870400
   nautocorr 0
   total_energy { -67.01662502732937   } 
   total_energyvar { 0.5512920869045415   } 
   weight { 0.99840384781106   } 
   weightvar { 0.09583797164947498   } 
   kinetic_energy { 23.20458015470714   } 
   kinetic_energyvar { 77.88946784474354   } 
   potential_energy { -96.83866566348513   } 
   potential_energyvar { 83.78895429093393   } 
   nonlocal_energy { 6.617460481448618   } 
   nonlocal_energyvar { 116.8667330222177   } 
   autocorr_energy { } 
} 

block { 
   label spin_0.005
   totweight 870400
   nautocorr 0
   total_energy { -67.00883663299869   } 
   total_energyvar { 0.5512618328916399   } 
   weight { 0.9966124973554324   } 
   weightvar { 0.09834773747859742   } 
   kinetic_energy { 23.34212459423135   } 
   kinetic_energyvar { 76.14848577681501   } 
   potential_energy { -96.95907504753281   } 
   potential_energyvar { 84.14970389562511   } 
   nonlocal_energy { 6.608113820302778   } 
   nonlocal_energyvar { 114.0725155159924   } 
   autocorr_energy { } 
} 

block { 
   label spin_0.005
   totweight 870400
   nautocorr 0
   total_energy { -67.01429665509755   } 
   total_energyvar { 0.5497313918691709   } 
   weight { 0.9951761134260657   } 
   weightvar { 0.09504417215046716   } 
   kinetic_energy { 23.23376196971502   } 
   kinetic_energyvar { 75.54773315830504   } 
   potential_energy { -96.8002119630159   } 
   potential_energyvar { 83.00864228205417   } 
   nonlocal_energy { 6.552153338203328   } 
   nonlocal_energyvar { 112.5531555733219   } 
   autocorr_energy { } 
} 

block { 
   label spin_0.005
   totweight 870400
   nautocorr 0
   total_energy { -67.01344096289506   } 
   total_energyvar { 0.5475824938634606   } 
   weight { 0.9954147946695533   } 
   weightvar { 0.09566715934311933   } 
   kinetic_energy { 23.21461013201768   } 
   kinetic_energyvar { 77.36187544404672   } 
   potential_energy { -96.86782870159738   } 
   potential_energyvar { 83.11744993329965   } 
   nonlocal_energy { 6.639777606684648   } 
   nonlocal_energyvar { 116.2203249476439   } 
   autocorr_energy { } 
} 

block { 
   label spin_0.005
   totweight 870400
   nautocorr 0
   total_energy { -67.01841203847007   } 
   total_energyvar { 0.5469628811683844   } 
   weight { 0.9980803063262682   } 
   weightvar { 0.09513439879513945   } 
   kinetic_energy { 23.30731377773736   } 
   kinetic_energyvar { 75.91667152711035   } 
   potential_energy { -96.94008803829395   } 
   potential_energyvar { 83.17837096612566   } 
   nonlocal_energy { 6.614362222086537   } 
   nonlocal_energyvar { 113.0437960167881   } 
   autocorr_energy { } 
} 

block { 
   label spin_0.005
   totweight 870400
   nautocorr 0
   total_energy { -67.01170130883975   } 
   total_energyvar { 0.5371911908990837   } 
   weight { 0.999587533531263   } 
   weightvar { 0.09638266150552971   } 
   kinetic_energy { 23.21121111906033   } 
   kinetic_energyvar { 76.14627681880151   } 
   potential_energy { -96.74945151514697   } 
   potential_energyvar { 84.56349285758347   } 
   nonlocal_energy { 6.526539087246904   } 
   nonlocal_energyvar { 113.3543398869376   } 
   autocorr_energy { } 
} 

block { 
   label spin_0.005
   totweight 870400
   nautocorr 0
   total_energy { -67.0104338768339   } 
   total_energyvar { 0.5444405844209909   } 
   weight { 0.9943468304780941   } 
   weightvar { 0.09565138053174804   } 
   kinetic_energy { 23.32180217588308   } 
   kinetic_energyvar { 75.98402817246301   } 
   potential_energy { -96.92745676496435   } 
   potential_energyvar { 83.2288925932003   } 
   nonlocal_energy { 6.59522071224738   } 
   nonlocal_energyvar { 114.2215538311688   } 
   autocorr_energy { } 
} 

block { 
   label spin_0.005
   totweight 870400
   nautocorr 0
   total_energy { -67.01692523890055   } 
   total_energyvar { 0.5435250078144421   } 
   weight { 0.9968324667175014   } 
   weightvar { 0.09429990136411311   } 
   kinetic_energy { 23.26563376173893   } 
   kinetic_energyvar { 75.55809667632532   } 
   potential_energy { -96.8654280208446   } 
   potential_energyvar { 83.2859473371021   } 
   nonlocal_energy { 6.582869020205124   } 
   nonlocal_energyvar { 113.1941808399734   } 
   autocorr_energy { } 
} 

block { 
   label spin_0.005
   totweight 870400
   nautocorr 0
   total_energy { -67.01851004811283   } 
   total_energyvar { 0.5500140967527505   } 
   weight { 1.000253051793531   } 
   weightvar { 0.09607846451971706   } 
   kinetic_energy { 23.20995986925907   } 
   kinetic_energyvar { 77.7237376903459   } 
   potential_energy { -96.87763217381365   } 
   potential_energyvar { 84.36392730497339   } 
   nonlocal_energy { 6.649162256441745   } 
   nonlocal_energyvar { 116.7114420193842   } 
   autocorr_energy { } 
} 

block { 
   label spin_0.005
   totweight 870400
   nautocorr 0
   total_energy { -67.01645723575561   } 
   total_energyvar { 0.543958910218197   } 
   weight { 1.000517084531347   } 
   weightvar { 0.09558558917880601   } 
   kinetic_energy { 23.26791763132174   } 
   kinetic_energyvar { 74.99624222313189   } 
   potential_energy { -96.80839475022093   } 
   potential_energyvar { 82.07471983701953   } 
   nonlocal_energy { 6.524019883143594   } 
   nonlocal_energyvar { 110.9405603169646   } 
   autocorr_energy { } 
} 

block { 
   label spin_0.005
   totweight 870400
   nautocorr 0
   total_energy { -67.01181119234519   } 
   total_energyvar { 0.5519848150599141   } 
   weight { 0.998523480862756   } 
   weightvar { 0.09472207910041484   } 
   kinetic_energy { 23.21238331517944   } 
   kinetic_energyvar { 75.69053598357121   } 
   potential_energy { -96.83204747789323   } 
   potential_energyvar { 82.60187530067626   } 
   nonlocal_energy { 6.607852970368605   } 
   nonlocal_energyvar { 113.4880436641644   } 
   autocorr_energy { } 
} 

block { 
   label spin_0.005
   totweight 870400
   nautocorr 0
   total_energy { -67.01205055192408   } 
   total_energyvar { 0.5438617465131949   } 
   weight { 0.9965066249817263   } 
   weightvar { 0.09605279483549092   } 
   kinetic_energy { 23.23923760460307   } 
   kinetic_energyvar { 74.41409526326692   } 
   potential_energy { -96.80177415993467   } 
   potential_energyvar { 82.86149711860904   } 
   nonlocal_energy { 6.550486003407502   } 
   nonlocal_energyvar { 110.9061830048467   } 
   autocorr_energy { } 
} 

block { 
   label spin_0.005
   totweight 870400
   nautocorr 0
   total_energy { -67.01988417235258   } 
   total_energyvar { 0.5374403237371154   } 
   weight { 0.9987790219602731   } 
   weightvar { 0.09716857472102719   } 
   kinetic_energy { 23.26480556811708   } 
   kinetic_energyvar { 75.96739945334693   } 
   potential_energy { -96.84558950382412   } 
   potential_energyvar { 83.09460017196176   } 
   nonlocal_energy { 6.560899763354469   } 
   nonlocal_energyvar { 113.1424501046997   } 
   autocorr_energy { } 
} 

block { 
   label spin_0.005
   totweight 870400
   nautocorr 0
   total_energy { -67.01371400938123   } 
   total_energyvar { 0.5480616722617484   } 
   weight { 0.9995886895980584   } 
   weightvar { 0.09724411223468858   } 
   kinetic_energy { 23.39334798321282   } 
   kinetic_energyvar { 76.60390113145799   } 
   potential_energy { -97.08334681311602   } 
   potential_energyvar { 82.93415766503244   } 
   nonlocal_energy { 6.67628482052199   } 
   nonlocal_energyvar { 115.6529159726402   } 
   autocorr_energy { } 
} 

block { 
   label spin_0.005
   totweight 870400
   nautocorr 0
   total_energy { -67.01309757929542   } 
   total_energyvar { 0.5445112259867794   } 
   weight { 0.9975160350588936   } 
   weightvar { 0.09697772199541525   } 
   kinetic_energy { 23.40504168714818   } 
   kinetic_energyvar { 75.47528126301718   } 
   potential_energy { -97.10972120537255   } 
   potential_energyvar { 82.76952614078067   } 
   nonlocal_energy { 6.691581938928947   } 
   nonlocal_energyvar { 114.5559940360871   } 
   autocorr_energy { } 
} 

