#-------------------------------------------------
#VMC run: timestep 0.35 nconfig 3072 steps 30
#-------------------------------------------------


init { 
   label vmc
}
block { 
   label vmc
   totweight 92160
   nautocorr 0
   total_energy { -135.7193426909757   } 
   total_energyvar { 7.106759529779241   } 
   weight { 1   } 
   weightvar { 0   } 
   kinetic_energy { 46.73701208281621   } 
   kinetic_energyvar { 143.0389376000192   } 
   potential_energy { -200.6279175881232   } 
   potential_energyvar { 262.5914708688401   } 
   nonlocal_energy { 18.17156281433131   } 
   nonlocal_energyvar { 280.991376175302   } 
   autocorr_energy { } 
} 

block { 
   label vmc
   totweight 92160
   nautocorr 0
   total_energy { -135.7126715772071   } 
   total_energyvar { 6.914028426763784   } 
   weight { 1   } 
   weightvar { 0   } 
   kinetic_energy { 46.65665570485061   } 
   kinetic_energyvar { 142.2609189979909   } 
   potential_energy { -200.5332712921018   } 
   potential_energyvar { 261.8777655087517   } 
   nonlocal_energy { 18.16394401004418   } 
   nonlocal_energyvar { 277.5988679523405   } 
   autocorr_energy { } 
} 

block { 
   label vmc
   totweight 92160
   nautocorr 0
   total_energy { -135.7007382187492   } 
   total_energyvar { 7.001080382226847   } 
   weight { 1   } 
   weightvar { 0   } 
   kinetic_energy { 46.71675417263121   } 
   kinetic_energyvar { 140.3994472584652   } 
   potential_energy { -200.4287007718717   } 
   potential_energyvar { 260.3441198876579   } 
   nonlocal_energy { 18.01120838049133   } 
   nonlocal_energyvar { 270.962838163477   } 
   autocorr_energy { } 
} 

block { 
   label vmc
   totweight 92160
   nautocorr 0
   total_energy { -135.6862411457581   } 
   total_energyvar { 6.76859197566511   } 
   weight { 1   } 
   weightvar { 0   } 
   kinetic_energy { 46.71217617366248   } 
   kinetic_energyvar { 146.1815438047346   } 
   potential_energy { -200.5908217523252   } 
   potential_energyvar { 263.6923374108083   } 
   nonlocal_energy { 18.19240443290466   } 
   nonlocal_energyvar { 280.6061422218672   } 
   autocorr_energy { } 
} 

block { 
   label vmc
   totweight 92160
   nautocorr 0
   total_energy { -135.7025618322796   } 
   total_energyvar { 6.997631357067044   } 
   weight { 1   } 
   weightvar { 0   } 
   kinetic_energy { 46.69516707322664   } 
   kinetic_energyvar { 142.0127615027585   } 
   potential_energy { -200.58463435228   } 
   potential_energyvar { 261.2433907241768   } 
   nonlocal_energy { 18.18690544677373   } 
   nonlocal_energyvar { 273.5247042332874   } 
   autocorr_energy { } 
} 

block { 
   label vmc
   totweight 92160
   nautocorr 0
   total_energy { -135.6800459093994   } 
   total_energyvar { 7.08653034830798   } 
   weight { 1   } 
   weightvar { 0   } 
   kinetic_energy { 46.77528753406006   } 
   kinetic_energyvar { 141.5602525168706   } 
   potential_energy { -200.4845733722202   } 
   potential_energyvar { 261.6221363385697   } 
   nonlocal_energy { 18.02923992876076   } 
   nonlocal_energyvar { 275.4914986895227   } 
   autocorr_energy { } 
} 

block { 
   label vmc
   totweight 92160
   nautocorr 0
   total_energy { -135.7060799511432   } 
   total_energyvar { 6.924884770387251   } 
   weight { 1   } 
   weightvar { 0   } 
   kinetic_energy { 46.72005100604567   } 
   kinetic_energyvar { 143.4411371143112   } 
   potential_energy { -200.6019871563283   } 
   potential_energyvar { 260.4972040319888   } 
   nonlocal_energy { 18.17585619913938   } 
   nonlocal_energyvar { 279.1285448817777   } 
   autocorr_energy { } 
} 

block { 
   label vmc
   totweight 92160
   nautocorr 0
   total_energy { -135.7024779162037   } 
   total_energyvar { 6.852931114095498   } 
   weight { 1   } 
   weightvar { 0   } 
   kinetic_energy { 46.70683508483097   } 
   kinetic_energyvar { 143.033624358339   } 
   potential_energy { -200.5206430387675   } 
   potential_energyvar { 262.1389453204979   } 
   nonlocal_energy { 18.11133003773278   } 
   nonlocal_energyvar { 279.3342894504668   } 
   autocorr_energy { } 
} 

block { 
   label vmc
   totweight 92160
   nautocorr 0
   total_energy { -135.699416281911   } 
   total_energyvar { 7.152927940212388   } 
   weight { 1   } 
   weightvar { 0   } 
   kinetic_energy { 46.74527404089906   } 
   kinetic_energyvar { 139.399063106705   } 
   potential_energy { -200.6349008928931   } 
   potential_energyvar { 264.9213142247647   } 
   nonlocal_energy { 18.19021057008303   } 
   nonlocal_energyvar { 275.5485324355571   } 
   autocorr_energy { } 
} 

block { 
   label vmc
   totweight 92160
   nautocorr 0
   total_energy { -135.715751713763   } 
   total_energyvar { 7.121481374653412   } 
   weight { 1   } 
   weightvar { 0   } 
   kinetic_energy { 46.73645354219116   } 
   kinetic_energyvar { 143.4565398727197   } 
   potential_energy { -200.6333058471243   } 
   potential_energyvar { 263.3102994645794   } 
   nonlocal_energy { 18.18110059117014   } 
   nonlocal_energyvar { 276.5460696979211   } 
   autocorr_energy { } 
} 

block { 
   label vmc
   totweight 92160
   nautocorr 0
   total_energy { -135.6851755272563   } 
   total_energyvar { 6.817835505943097   } 
   weight { 1   } 
   weightvar { 0   } 
   kinetic_energy { 46.71372019026973   } 
   kinetic_energyvar { 139.7363623701867   } 
   potential_energy { -200.5826018279793   } 
   potential_energyvar { 260.9988910095809   } 
   nonlocal_energy { 18.18370611045324   } 
   nonlocal_energyvar { 273.5746470074197   } 
   autocorr_energy { } 
} 

block { 
   label vmc
   totweight 92160
   nautocorr 0
   total_energy { -135.684884517275   } 
   total_energyvar { 9.047501517758233   } 
   weight { 1   } 
   weightvar { 0   } 
   kinetic_energy { 46.71574566664427   } 
   kinetic_energyvar { 146.8331380751584   } 
   potential_energy { -200.5944240280968   } 
   potential_energyvar { 261.0527352916196   } 
   nonlocal_energy { 18.19379384417763   } 
   nonlocal_energyvar { 279.0245257292718   } 
   autocorr_energy { } 
} 

block { 
   label vmc
   totweight 92160
   nautocorr 0
   total_energy { -135.7118126615505   } 
   total_energyvar { 6.962301951490885   } 
   weight { 1   } 
   weightvar { 0   } 
   kinetic_energy { 46.70252596623657   } 
   kinetic_energyvar { 145.6043138504867   } 
   potential_energy { -200.6121350895695   } 
   potential_energyvar { 263.0888621116968   } 
   nonlocal_energy { 18.1977964617824   } 
   nonlocal_energyvar { 285.4010257468494   } 
   autocorr_energy { } 
} 

block { 
   label vmc
   totweight 92160
   nautocorr 0
   total_energy { -135.709134845984   } 
   total_energyvar { 7.007660890825036   } 
   weight { 1   } 
   weightvar { 0   } 
   kinetic_energy { 46.72932604576583   } 
   kinetic_energyvar { 140.9604894426603   } 
   potential_energy { -200.5500163033663   } 
   potential_energyvar { 261.2604099892539   } 
   nonlocal_energy { 18.11155541161638   } 
   nonlocal_energyvar { 273.2313209740249   } 
   autocorr_energy { } 
} 

block { 
   label vmc
   totweight 92160
   nautocorr 0
   total_energy { -135.7081053676498   } 
   total_energyvar { 6.984961433838644   } 
   weight { 1   } 
   weightvar { 0   } 
   kinetic_energy { 46.70571500992175   } 
   kinetic_energyvar { 144.044854976435   } 
   potential_energy { -200.662988849375   } 
   potential_energyvar { 261.0875840527797   } 
   nonlocal_energy { 18.24916847180353   } 
   nonlocal_energyvar { 283.0040326855373   } 
   autocorr_energy { } 
} 

block { 
   label vmc
   totweight 92160
   nautocorr 0
   total_energy { -135.7078152266002   } 
   total_energyvar { 7.007396275698483   } 
   weight { 1   } 
   weightvar { 0   } 
   kinetic_energy { 46.72948822329988   } 
   kinetic_energyvar { 141.8087738954957   } 
   potential_energy { -200.6477482152147   } 
   potential_energyvar { 263.7774579524574   } 
   nonlocal_energy { 18.21044476531464   } 
   nonlocal_energyvar { 279.3128282330156   } 
   autocorr_energy { } 
} 

block { 
   label vmc
   totweight 92160
   nautocorr 0
   total_energy { -135.7048745782124   } 
   total_energyvar { 6.870369960520865   } 
   weight { 1   } 
   weightvar { 0   } 
   kinetic_energy { 46.72594043180751   } 
   kinetic_energyvar { 141.2961108079821   } 
   potential_energy { -200.5061808905059   } 
   potential_energyvar { 261.6196152638186   } 
   nonlocal_energy { 18.075365880486   } 
   nonlocal_energyvar { 268.9324721195055   } 
   autocorr_energy { } 
} 

block { 
   label vmc
   totweight 92160
   nautocorr 0
   total_energy { -135.6769784642205   } 
   total_energyvar { 7.097534689109734   } 
   weight { 1   } 
   weightvar { 0   } 
   kinetic_energy { 46.63889821665637   } 
   kinetic_energyvar { 143.1224523249977   } 
   potential_energy { -200.419835083724   } 
   potential_energyvar { 260.5653268597229   } 
   nonlocal_energy { 18.10395840284717   } 
   nonlocal_energyvar { 275.8826525813319   } 
   autocorr_energy { } 
} 

block { 
   label vmc
   totweight 92160
   nautocorr 0
   total_energy { -135.7027595060811   } 
   total_energyvar { 7.050654155945963   } 
   weight { 1   } 
   weightvar { 0   } 
   kinetic_energy { 46.71485519880075   } 
   kinetic_energyvar { 143.4259413215493   } 
   potential_energy { -200.4640681835968   } 
   potential_energyvar { 259.5879618689356   } 
   nonlocal_energy { 18.04645347871492   } 
   nonlocal_energyvar { 276.2380229076211   } 
   autocorr_energy { } 
} 

block { 
   label vmc
   totweight 92160
   nautocorr 0
   total_energy { -135.703446291095   } 
   total_energyvar { 7.089454144813738   } 
   weight { 1   } 
   weightvar { 0   } 
   kinetic_energy { 46.64642132725555   } 
   kinetic_energyvar { 140.7720360033337   } 
   potential_energy { -200.5170217088608   } 
   potential_energyvar { 259.6771358581535   } 
   nonlocal_energy { 18.16715409051028   } 
   nonlocal_energyvar { 271.3411163787152   } 
   autocorr_energy { } 
} 

block { 
   label vmc
   totweight 92160
   nautocorr 0
   total_energy { -135.6906687796651   } 
   total_energyvar { 6.804370951407299   } 
   weight { 1   } 
   weightvar { 0   } 
   kinetic_energy { 46.74630240639262   } 
   kinetic_energyvar { 142.6951585731445   } 
   potential_energy { -200.6353516347355   } 
   potential_energyvar { 262.7094627484594   } 
   nonlocal_energy { 18.1983804486778   } 
   nonlocal_energyvar { 277.6197836512659   } 
   autocorr_energy { } 
} 

block { 
   label vmc
   totweight 92160
   nautocorr 0
   total_energy { -135.7058999835862   } 
   total_energyvar { 7.074152263923096   } 
   weight { 1   } 
   weightvar { 0   } 
   kinetic_energy { 46.73277635604286   } 
   kinetic_energyvar { 144.8688055075539   } 
   potential_energy { -200.6470810346894   } 
   potential_energyvar { 263.7971643022387   } 
   nonlocal_energy { 18.20840469506041   } 
   nonlocal_energyvar { 281.8807149559609   } 
   autocorr_energy { } 
} 

block { 
   label vmc
   totweight 92160
   nautocorr 0
   total_energy { -135.7216960955603   } 
   total_energyvar { 7.019036041883504   } 
   weight { 1   } 
   weightvar { 0   } 
   kinetic_energy { 46.7581988376702   } 
   kinetic_energyvar { 142.6814499467021   } 
   potential_energy { -200.6590164884675   } 
   potential_energyvar { 261.2164586692288   } 
   nonlocal_energy { 18.179121555237   } 
   nonlocal_energyvar { 274.5525730067603   } 
   autocorr_energy { } 
} 

block { 
   label vmc
   totweight 92160
   nautocorr 0
   total_energy { -135.6989740029596   } 
   total_energyvar { 6.984595484714887   } 
   weight { 1   } 
   weightvar { 0   } 
   kinetic_energy { 46.74144827351952   } 
   kinetic_energyvar { 142.6199487744433   } 
   potential_energy { -200.5167049753742   } 
   potential_energyvar { 259.4819841403911   } 
   nonlocal_energy { 18.07628269889512   } 
   nonlocal_energyvar { 271.7391201357855   } 
   autocorr_energy { } 
} 

block { 
   label vmc
   totweight 92160
   nautocorr 0
   total_energy { -135.7006469197277   } 
   total_energyvar { 7.016113572882765   } 
   weight { 1   } 
   weightvar { 0   } 
   kinetic_energy { 46.61081198204456   } 
   kinetic_energyvar { 141.2122887294546   } 
   potential_energy { -200.4690320054482   } 
   potential_energyvar { 264.9480767358668   } 
   nonlocal_energy { 18.15757310367594   } 
   nonlocal_energyvar { 278.6321169765141   } 
   autocorr_energy { } 
} 

block { 
   label vmc
   totweight 92160
   nautocorr 0
   total_energy { -135.6903963393603   } 
   total_energyvar { 7.132353080683424   } 
   weight { 1   } 
   weightvar { 0   } 
   kinetic_energy { 46.76255070735186   } 
   kinetic_energyvar { 141.6436142521606   } 
   potential_energy { -200.5233775233214   } 
   potential_energyvar { 262.0757047120221   } 
   nonlocal_energy { 18.07043047660931   } 
   nonlocal_energyvar { 272.4088983964618   } 
   autocorr_energy { } 
} 

block { 
   label vmc
   totweight 92160
   nautocorr 0
   total_energy { -135.6984530102405   } 
   total_energyvar { 7.037012733486055   } 
   weight { 1   } 
   weightvar { 0   } 
   kinetic_energy { 46.72371638460083   } 
   kinetic_energyvar { 144.7863210684256   } 
   potential_energy { -200.5871186043596   } 
   potential_energyvar { 263.453963378636   } 
   nonlocal_energy { 18.16494920951824   } 
   nonlocal_energyvar { 280.2368497433314   } 
   autocorr_energy { } 
} 

block { 
   label vmc
   totweight 92160
   nautocorr 0
   total_energy { -135.700216509322   } 
   total_energyvar { 7.078484612510151   } 
   weight { 1   } 
   weightvar { 0   } 
   kinetic_energy { 46.71225354696222   } 
   kinetic_energyvar { 140.9817277526947   } 
   potential_energy { -200.5351437351865   } 
   potential_energyvar { 261.5391555289631   } 
   nonlocal_energy { 18.12267367890227   } 
   nonlocal_energyvar { 274.504351926579   } 
   autocorr_energy { } 
} 

block { 
   label vmc
   totweight 92160
   nautocorr 0
   total_energy { -135.687872702646   } 
   total_energyvar { 7.163353326045522   } 
   weight { 1   } 
   weightvar { 0   } 
   kinetic_energy { 46.75675620013747   } 
   kinetic_energyvar { 141.4924346569736   } 
   potential_energy { -200.54915894177   } 
   potential_energyvar { 261.8402192381766   } 
   nonlocal_energy { 18.10453003898651   } 
   nonlocal_energyvar { 274.2060152204227   } 
   autocorr_energy { } 
} 

block { 
   label vmc
   totweight 92160
   nautocorr 0
   total_energy { -135.7104863030981   } 
   total_energyvar { 7.028613358100417   } 
   weight { 1   } 
   weightvar { 0   } 
   kinetic_energy { 46.70170368378855   } 
   kinetic_energyvar { 142.2001649938745   } 
   potential_energy { -200.5300401299469   } 
   potential_energyvar { 261.1500939334457   } 
   nonlocal_energy { 18.11785014306032   } 
   nonlocal_energyvar { 271.7496044887972   } 
   autocorr_energy { } 
} 

block { 
   label vmc
   totweight 92160
   nautocorr 0
   total_energy { -135.6744797513041   } 
   total_energyvar { 7.202331527414089   } 
   weight { 1   } 
   weightvar { 0   } 
   kinetic_energy { 46.75303772923476   } 
   kinetic_energyvar { 139.4964787867611   } 
   potential_energy { -200.5327138818576   } 
   potential_energyvar { 261.4628441979367   } 
   nonlocal_energy { 18.10519640131872   } 
   nonlocal_energyvar { 270.4742542262261   } 
   autocorr_energy { } 
} 

block { 
   label vmc
   totweight 92160
   nautocorr 0
   total_energy { -135.704955322043   } 
   total_energyvar { 7.194758472840848   } 
   weight { 1   } 
   weightvar { 0   } 
   kinetic_energy { 46.71993889986289   } 
   kinetic_energyvar { 141.793802028306   } 
   potential_energy { -200.4996369858443   } 
   potential_energyvar { 261.8603345132254   } 
   nonlocal_energy { 18.07474276393843   } 
   nonlocal_energyvar { 276.9151561135357   } 
   autocorr_energy { } 
} 

block { 
   label vmc
   totweight 92160
   nautocorr 0
   total_energy { -135.6936940148513   } 
   total_energyvar { 7.158432975193201   } 
   weight { 1   } 
   weightvar { 0   } 
   kinetic_energy { 46.73422599607756   } 
   kinetic_energyvar { 143.0362242336909   } 
   potential_energy { -200.6813461651981   } 
   potential_energyvar { 262.2606591789864   } 
   nonlocal_energy { 18.25342615426926   } 
   nonlocal_energyvar { 277.0929690052692   } 
   autocorr_energy { } 
} 

block { 
   label vmc
   totweight 92160
   nautocorr 0
   total_energy { -135.6977259964862   } 
   total_energyvar { 6.8759706673058   } 
   weight { 1   } 
   weightvar { 0   } 
   kinetic_energy { 46.65327083971356   } 
   kinetic_energyvar { 140.6422370299786   } 
   potential_energy { -200.4254131284774   } 
   potential_energyvar { 262.8642320117803   } 
   nonlocal_energy { 18.07441629227758   } 
   nonlocal_energyvar { 272.0870071225924   } 
   autocorr_energy { } 
} 

block { 
   label vmc
   totweight 92160
   nautocorr 0
   total_energy { -135.7013265626318   } 
   total_energyvar { 7.480429929899849   } 
   weight { 1   } 
   weightvar { 0   } 
   kinetic_energy { 46.73524290482369   } 
   kinetic_energyvar { 141.9800192333405   } 
   potential_energy { -200.609872446123   } 
   potential_energyvar { 263.3701937382439   } 
   nonlocal_energy { 18.17330297866755   } 
   nonlocal_energyvar { 278.128968522606   } 
   autocorr_energy { } 
} 

block { 
   label vmc
   totweight 92160
   nautocorr 0
   total_energy { -135.6976073324799   } 
   total_energyvar { 6.825897009734977   } 
   weight { 1   } 
   weightvar { 0   } 
   kinetic_energy { 46.79482904018278   } 
   kinetic_energyvar { 138.4078576094731   } 
   potential_energy { -200.5199553436945   } 
   potential_energyvar { 260.7625974110042   } 
   nonlocal_energy { 18.02751897103182   } 
   nonlocal_energyvar { 269.9680381311338   } 
   autocorr_energy { } 
} 

block { 
   label vmc
   totweight 92160
   nautocorr 0
   total_energy { -135.7115110908796   } 
   total_energyvar { 7.060254025538847   } 
   weight { 1   } 
   weightvar { 0   } 
   kinetic_energy { 46.64026327953076   } 
   kinetic_energyvar { 143.7545832875657   } 
   potential_energy { -200.5475677901466   } 
   potential_energyvar { 262.6660711076571   } 
   nonlocal_energy { 18.19579341973617   } 
   nonlocal_energyvar { 278.0139865136569   } 
   autocorr_energy { } 
} 

block { 
   label vmc
   totweight 92160
   nautocorr 0
   total_energy { -135.6949568253571   } 
   total_energyvar { 6.891231962663592   } 
   weight { 1   } 
   weightvar { 0   } 
   kinetic_energy { 46.82312259832928   } 
   kinetic_energyvar { 140.5007478194511   } 
   potential_energy { -200.5813165406354   } 
   potential_energyvar { 259.5902873565177   } 
   nonlocal_energy { 18.0632371169491   } 
   nonlocal_energyvar { 270.878674695579   } 
   autocorr_energy { } 
} 

block { 
   label vmc
   totweight 92160
   nautocorr 0
   total_energy { -135.7138682430049   } 
   total_energyvar { 7.54185039588797   } 
   weight { 1   } 
   weightvar { 0   } 
   kinetic_energy { 46.65894367258809   } 
   kinetic_energyvar { 143.9637703767432   } 
   potential_energy { -200.620745749809   } 
   potential_energyvar { 264.1038792865631   } 
   nonlocal_energy { 18.24793383421609   } 
   nonlocal_energyvar { 280.4664339488933   } 
   autocorr_energy { } 
} 

block { 
   label vmc
   totweight 92160
   nautocorr 0
   total_energy { -135.7105170185587   } 
   total_energyvar { 6.984303956286984   } 
   weight { 1   } 
   weightvar { 0   } 
   kinetic_energy { 46.70942981748127   } 
   kinetic_energyvar { 139.116595422717   } 
   potential_energy { -200.4854045782579   } 
   potential_energyvar { 260.6073940985557   } 
   nonlocal_energy { 18.06545774221798   } 
   nonlocal_energyvar { 271.1423094965085   } 
   autocorr_energy { } 
} 

