#-------------------------------------------------
#DMC run: timestep 0.005
#-------------------------------------------------


init { 
   label spin_0.005
}
block { 
   label spin_0.005
   totweight 870400
   nautocorr 0
   total_energy { -136.0176907583888   } 
   total_energyvar { 1.936195903022804   } 
   weight { 1.030570090644693   } 
   weightvar { 0.04231074264440891   } 
   kinetic_energy { 45.6855539249009   } 
   kinetic_energyvar { 141.3009991227978   } 
   potential_energy { -199.6002042020571   } 
   potential_energyvar { 264.4619014345798   } 
   nonlocal_energy { 17.89695951876746   } 
   nonlocal_energyvar { 276.331824918538   } 
   autocorr_energy { } 
} 

block { 
   label spin_0.005
   totweight 870400
   nautocorr 0
   total_energy { -135.9690219918734   } 
   total_energyvar { 2.197217261662145   } 
   weight { 1.019325294504888   } 
   weightvar { 0.08792020676597814   } 
   kinetic_energy { 46.33724099474941   } 
   kinetic_energyvar { 138.7431055476921   } 
   potential_energy { -200.2630577097071   } 
   potential_energyvar { 260.8533571601675   } 
   nonlocal_energy { 17.95679472308438   } 
   nonlocal_energyvar { 269.5045392788873   } 
   autocorr_energy { } 
} 

block { 
   label spin_0.005
   totweight 870400
   nautocorr 0
   total_energy { -135.97641917055   } 
   total_energyvar { 2.249986071249584   } 
   weight { 0.9870159336653751   } 
   weightvar { 0.09676021366821586   } 
   kinetic_energy { 46.40258099459621   } 
   kinetic_energyvar { 139.6444148311195   } 
   potential_energy { -200.2572087424871   } 
   potential_energyvar { 263.0687689890403   } 
   nonlocal_energy { 17.87820857734094   } 
   nonlocal_energyvar { 270.9852712611082   } 
   autocorr_energy { } 
} 

block { 
   label spin_0.005
   totweight 870400
   nautocorr 0
   total_energy { -135.9681447662562   } 
   total_energyvar { 2.756758044220223   } 
   weight { 0.9802691089463483   } 
   weightvar { 0.1034610998679092   } 
   kinetic_energy { 46.48462598004801   } 
   kinetic_energyvar { 142.4846463127938   } 
   potential_energy { -200.2955627085927   } 
   potential_energyvar { 262.2034363299867   } 
   nonlocal_energy { 17.84279196228858   } 
   nonlocal_energyvar { 271.5948801220308   } 
   autocorr_energy { } 
} 

block { 
   label spin_0.005
   totweight 870400
   nautocorr 0
   total_energy { -135.9587126030416   } 
   total_energyvar { 2.206462437562009   } 
   weight { 0.9805628044646276   } 
   weightvar { 0.1041905306386272   } 
   kinetic_energy { 46.43270918323242   } 
   kinetic_energyvar { 139.221786544245   } 
   potential_energy { -200.2228095085827   } 
   potential_energyvar { 262.3188866396629   } 
   nonlocal_energy { 17.83138772230873   } 
   nonlocal_energyvar { 270.3423099215246   } 
   autocorr_energy { } 
} 

block { 
   label spin_0.005
   totweight 870400
   nautocorr 0
   total_energy { -135.9547679708697   } 
   total_energyvar { 2.268232733199319   } 
   weight { 0.97691143715379   } 
   weightvar { 0.10344858698799   } 
   kinetic_energy { 46.4025393451596   } 
   kinetic_energyvar { 139.8969650774923   } 
   potential_energy { -200.2148924650858   } 
   potential_energyvar { 261.2104938828483   } 
   nonlocal_energy { 17.85758514905645   } 
   nonlocal_energyvar { 270.9912955134848   } 
   autocorr_energy { } 
} 

block { 
   label spin_0.005
   totweight 870400
   nautocorr 0
   total_energy { -135.9722166622539   } 
   total_energyvar { 2.205516054649125   } 
   weight { 0.9868533042443028   } 
   weightvar { 0.1046915465584018   } 
   kinetic_energy { 46.37091202065275   } 
   kinetic_energyvar { 138.7248013153088   } 
   potential_energy { -200.1493055623425   } 
   potential_energyvar { 258.310875183383   } 
   nonlocal_energy { 17.80617687943577   } 
   nonlocal_energyvar { 267.0813225762334   } 
   autocorr_energy { } 
} 

block { 
   label spin_0.005
   totweight 870400
   nautocorr 0
   total_energy { -135.9674302860919   } 
   total_energyvar { 2.50831308022495   } 
   weight { 0.9969130288683971   } 
   weightvar { 0.1020258824002622   } 
   kinetic_energy { 46.57309914168361   } 
   kinetic_energyvar { 139.8255986228381   } 
   potential_energy { -200.3634802502161   } 
   potential_energyvar { 259.1620385776291   } 
   nonlocal_energy { 17.82295082244065   } 
   nonlocal_energyvar { 268.6136946194133   } 
   autocorr_energy { } 
} 

block { 
   label spin_0.005
   totweight 870400
   nautocorr 0
   total_energy { -135.9638548100266   } 
   total_energyvar { 2.31276361482213   } 
   weight { 0.9934121874338737   } 
   weightvar { 0.1016709794176874   } 
   kinetic_energy { 46.51395198391041   } 
   kinetic_energyvar { 139.8918665452866   } 
   potential_energy { -200.458573672737   } 
   potential_energyvar { 266.0044265050225   } 
   nonlocal_energy { 17.98076687880005   } 
   nonlocal_energyvar { 276.3609905788893   } 
   autocorr_energy { } 
} 

block { 
   label spin_0.005
   totweight 870400
   nautocorr 0
   total_energy { -135.9504202673608   } 
   total_energyvar { 2.721441670480729   } 
   weight { 0.9933791164663773   } 
   weightvar { 0.1007646999382117   } 
   kinetic_energy { 46.4220601281933   } 
   kinetic_energyvar { 142.5528652743392   } 
   potential_energy { -200.2674195013733   } 
   potential_energyvar { 267.0708242504307   } 
   nonlocal_energy { 17.89493910581923   } 
   nonlocal_energyvar { 271.9588787877732   } 
   autocorr_energy { } 
} 

block { 
   label spin_0.005
   totweight 870400
   nautocorr 0
   total_energy { -135.9559966639379   } 
   total_energyvar { 2.268187269631256   } 
   weight { 0.9880149948471778   } 
   weightvar { 0.1013489429609297   } 
   kinetic_energy { 46.57862237039446   } 
   kinetic_energyvar { 140.897323331395   } 
   potential_energy { -200.4767453707688   } 
   potential_energyvar { 265.0507872929856   } 
   nonlocal_energy { 17.94212633643635   } 
   nonlocal_energyvar { 270.6065353599302   } 
   autocorr_energy { } 
} 

block { 
   label spin_0.005
   totweight 870400
   nautocorr 0
   total_energy { -135.9621407011076   } 
   total_energyvar { 2.42618960906798   } 
   weight { 0.9932919201107316   } 
   weightvar { 0.1032763700082731   } 
   kinetic_energy { 46.46246057986519   } 
   kinetic_energyvar { 139.3192501973441   } 
   potential_energy { -200.218164453238   } 
   potential_energyvar { 259.9171355970582   } 
   nonlocal_energy { 17.79356317226517   } 
   nonlocal_energyvar { 269.5792925395465   } 
   autocorr_energy { } 
} 

block { 
   label spin_0.005
   totweight 870400
   nautocorr 0
   total_energy { -135.9670369343152   } 
   total_energyvar { 2.192923410262915   } 
   weight { 0.9968771185683981   } 
   weightvar { 0.1030146838070728   } 
   kinetic_energy { 46.54445623936325   } 
   kinetic_energyvar { 140.6299064095987   } 
   potential_energy { -200.307834618601   } 
   potential_energyvar { 264.4118833711992   } 
   nonlocal_energy { 17.79634144492253   } 
   nonlocal_energyvar { 268.5716152974119   } 
   autocorr_energy { } 
} 

block { 
   label spin_0.005
   totweight 870400
   nautocorr 0
   total_energy { -135.9642842573057   } 
   total_energyvar { 2.25888382470461   } 
   weight { 1.00066947882826   } 
   weightvar { 0.1004620848845982   } 
   kinetic_energy { 46.63011405501566   } 
   kinetic_energyvar { 138.8264092096928   } 
   potential_energy { -200.5236558219366   } 
   potential_energyvar { 259.8743487473891   } 
   nonlocal_energy { 17.92925750961517   } 
   nonlocal_energyvar { 268.2189336879121   } 
   autocorr_energy { } 
} 

block { 
   label spin_0.005
   totweight 870400
   nautocorr 0
   total_energy { -135.9679982183027   } 
   total_energyvar { 2.204813998362375   } 
   weight { 0.9998813250694503   } 
   weightvar { 0.1007798509484078   } 
   kinetic_energy { 46.61778076402103   } 
   kinetic_energyvar { 140.8279717456797   } 
   potential_energy { -200.5098916478041   } 
   potential_energyvar { 263.9487317824427   } 
   nonlocal_energy { 17.92411266548027   } 
   nonlocal_energyvar { 270.4609520396853   } 
   autocorr_energy { } 
} 

block { 
   label spin_0.005
   totweight 870400
   nautocorr 0
   total_energy { -135.9622825283902   } 
   total_energyvar { 2.240317977831813   } 
   weight { 1.001592383799073   } 
   weightvar { 0.1008298457733436   } 
   kinetic_energy { 46.43855255890837   } 
   kinetic_energyvar { 139.9378011175405   } 
   potential_energy { -200.2038467012993   } 
   potential_energyvar { 262.5107111521103   } 
   nonlocal_energy { 17.80301161400076   } 
   nonlocal_energyvar { 269.3655625334693   } 
   autocorr_energy { } 
} 

block { 
   label spin_0.005
   totweight 870400
   nautocorr 0
   total_energy { -135.9562788079154   } 
   total_energyvar { 2.240128600012027   } 
   weight { 0.996039352254498   } 
   weightvar { 0.1015828275826142   } 
   kinetic_energy { 46.5782346289726   } 
   kinetic_energyvar { 139.9471251069491   } 
   potential_energy { -200.4199904222629   } 
   potential_energyvar { 262.4451244944612   } 
   nonlocal_energy { 17.88547698537491   } 
   nonlocal_energyvar { 268.1568693272343   } 
   autocorr_energy { } 
} 

block { 
   label spin_0.005
   totweight 870400
   nautocorr 0
   total_energy { -135.9623817576394   } 
   total_energyvar { 2.209768852483939   } 
   weight { 0.994965430354568   } 
   weightvar { 0.1040967936090234   } 
   kinetic_energy { 46.49148943611424   } 
   kinetic_energyvar { 139.7151988090166   } 
   potential_energy { -200.3235529443614   } 
   potential_energyvar { 260.4560121409949   } 
   nonlocal_energy { 17.86968175060775   } 
   nonlocal_energyvar { 270.9601129660342   } 
   autocorr_energy { } 
} 

block { 
   label spin_0.005
   totweight 870400
   nautocorr 0
   total_energy { -135.9625366966467   } 
   total_energyvar { 2.193416412796535   } 
   weight { 1.000367624593057   } 
   weightvar { 0.1019876028385255   } 
   kinetic_energy { 46.42043847889367   } 
   kinetic_energyvar { 140.618052890991   } 
   potential_energy { -200.2314098343731   } 
   potential_energyvar { 263.1370046354163   } 
   nonlocal_energy { 17.84843465883269   } 
   nonlocal_energyvar { 271.3067635560135   } 
   autocorr_energy { } 
} 

block { 
   label spin_0.005
   totweight 870400
   nautocorr 0
   total_energy { -135.9666630056651   } 
   total_energyvar { 2.398973194379438   } 
   weight { 0.9999661179323666   } 
   weightvar { 0.1041489660075313   } 
   kinetic_energy { 46.51781942679892   } 
   kinetic_energyvar { 139.2926697633655   } 
   potential_energy { -200.2875754694329   } 
   potential_energyvar { 261.7356843274372   } 
   nonlocal_energy { 17.80309303696885   } 
   nonlocal_energyvar { 268.881881715335   } 
   autocorr_energy { } 
} 

block { 
   label spin_0.005
   totweight 870400
   nautocorr 0
   total_energy { -135.9480400980866   } 
   total_energyvar { 2.227116807485856   } 
   weight { 0.9968039149820711   } 
   weightvar { 0.1001881891897112   } 
   kinetic_energy { 46.69942089790257   } 
   kinetic_energyvar { 137.7378645003306   } 
   potential_energy { -200.5256337313205   } 
   potential_energyvar { 258.6601861452506   } 
   nonlocal_energy { 17.87817273533125   } 
   nonlocal_energyvar { 266.9510507798348   } 
   autocorr_energy { } 
} 

block { 
   label spin_0.005
   totweight 870400
   nautocorr 0
   total_energy { -135.956936978761   } 
   total_energyvar { 2.277289226779517   } 
   weight { 0.9923638987940608   } 
   weightvar { 0.1001043713785972   } 
   kinetic_energy { 46.59006327154651   } 
   kinetic_energyvar { 140.3085424557064   } 
   potential_energy { -200.5273710856509   } 
   potential_energyvar { 264.545744385415   } 
   nonlocal_energy { 17.98037083534347   } 
   nonlocal_energyvar { 273.969697434354   } 
   autocorr_energy { } 
} 

block { 
   label spin_0.005
   totweight 870400
   nautocorr 0
   total_energy { -135.9561857376931   } 
   total_energyvar { 2.213301782656207   } 
   weight { 0.9934460377971396   } 
   weightvar { 0.1012224930041525   } 
   kinetic_energy { 46.42914521625705   } 
   kinetic_energyvar { 140.6764755995638   } 
   potential_energy { -200.2764838173119   } 
   potential_energyvar { 261.5277766623021   } 
   nonlocal_energy { 17.89115286336178   } 
   nonlocal_energyvar { 271.1393148101135   } 
   autocorr_energy { } 
} 

block { 
   label spin_0.005
   totweight 870400
   nautocorr 0
   total_energy { -135.9659612138807   } 
   total_energyvar { 2.254725710999498   } 
   weight { 0.9979862319774798   } 
   weightvar { 0.1012570382549726   } 
   kinetic_energy { 46.41615409365284   } 
   kinetic_energyvar { 140.9351247184407   } 
   potential_energy { -200.1825736605485   } 
   potential_energyvar { 266.7409245944414   } 
   nonlocal_energy { 17.800458353015   } 
   nonlocal_energyvar { 272.0952973523435   } 
   autocorr_energy { } 
} 

block { 
   label spin_0.005
   totweight 870400
   nautocorr 0
   total_energy { -135.9612171344112   } 
   total_energyvar { 2.268342886646343   } 
   weight { 0.9998723156160256   } 
   weightvar { 0.1022572860989698   } 
   kinetic_energy { 46.57629600544268   } 
   kinetic_energyvar { 138.8507923711077   } 
   potential_energy { -200.4507700367921   } 
   potential_energyvar { 260.4426847906618   } 
   nonlocal_energy { 17.91325689693814   } 
   nonlocal_energyvar { 270.995280070647   } 
   autocorr_energy { } 
} 

block { 
   label spin_0.005
   totweight 870400
   nautocorr 0
   total_energy { -135.9556619588233   } 
   total_energyvar { 2.234027047648902   } 
   weight { 0.9964021177505898   } 
   weightvar { 0.1003779813841139   } 
   kinetic_energy { 46.5417236380517   } 
   kinetic_energyvar { 140.4148965960337   } 
   potential_energy { -200.3947558589522   } 
   potential_energyvar { 262.9932092471837   } 
   nonlocal_energy { 17.89737026207716   } 
   nonlocal_energyvar { 271.5827284975499   } 
   autocorr_energy { } 
} 

block { 
   label spin_0.005
   totweight 870400
   nautocorr 0
   total_energy { -135.9629149637653   } 
   total_energyvar { 2.269942927987997   } 
   weight { 0.9969942444800748   } 
   weightvar { 0.1018883485905466   } 
   kinetic_energy { 46.46861746808154   } 
   kinetic_energyvar { 138.268968747935   } 
   potential_energy { -200.3614288200503   } 
   potential_energyvar { 260.1341187251068   } 
   nonlocal_energy { 17.92989638820352   } 
   nonlocal_energyvar { 268.963321730858   } 
   autocorr_energy { } 
} 

block { 
   label spin_0.005
   totweight 870400
   nautocorr 0
   total_energy { -135.9591342391337   } 
   total_energyvar { 2.24574985763544   } 
   weight { 0.9975292959257793   } 
   weightvar { 0.09960167562757037   } 
   kinetic_energy { 46.43789446523543   } 
   kinetic_energyvar { 140.3213431316022   } 
   potential_energy { -200.32376557393   } 
   potential_energyvar { 261.926714850286   } 
   nonlocal_energy { 17.92673686956093   } 
   nonlocal_energyvar { 272.3388814189685   } 
   autocorr_energy { } 
} 

block { 
   label spin_0.005
   totweight 870400
   nautocorr 0
   total_energy { -135.9601550621223   } 
   total_energyvar { 2.282146955990878   } 
   weight { 0.999561177618416   } 
   weightvar { 0.100767480019897   } 
   kinetic_energy { 46.49491752422593   } 
   kinetic_energyvar { 139.5527537441953   } 
   potential_energy { -200.3323438375564   } 
   potential_energyvar { 263.4598400738714   } 
   nonlocal_energy { 17.87727125120815   } 
   nonlocal_energyvar { 268.7423061688004   } 
   autocorr_energy { } 
} 

block { 
   label spin_0.005
   totweight 870400
   nautocorr 0
   total_energy { -135.9570340118279   } 
   total_energyvar { 2.305092747809624   } 
   weight { 0.9972237494784678   } 
   weightvar { 0.1047936700157827   } 
   kinetic_energy { 46.56935284079459   } 
   kinetic_energyvar { 140.8450612038826   } 
   potential_energy { -200.5132798086441   } 
   potential_energyvar { 263.6279086119401   } 
   nonlocal_energy { 17.98689295602162   } 
   nonlocal_energyvar { 276.1063608572079   } 
   autocorr_energy { } 
} 

block { 
   label spin_0.005
   totweight 870400
   nautocorr 0
   total_energy { -135.9555977945964   } 
   total_energyvar { 2.279341999012999   } 
   weight { 0.9962310139315944   } 
   weightvar { 0.1028180463458358   } 
   kinetic_energy { 46.66329204619108   } 
   kinetic_energyvar { 139.295460455744   } 
   potential_energy { -200.4714144866095   } 
   potential_energyvar { 261.0580303707845   } 
   nonlocal_energy { 17.85252464582205   } 
   nonlocal_energyvar { 267.4011099783413   } 
   autocorr_energy { } 
} 

block { 
   label spin_0.005
   totweight 870400
   nautocorr 0
   total_energy { -135.9612952880239   } 
   total_energyvar { 2.237368727708524   } 
   weight { 0.9966654068423361   } 
   weightvar { 0.1029656510270289   } 
   kinetic_energy { 46.51541439480815   } 
   kinetic_energyvar { 141.7190939097074   } 
   potential_energy { -200.4706609957715   } 
   potential_energyvar { 266.4635024323243   } 
   nonlocal_energy { 17.99395131293949   } 
   nonlocal_energyvar { 275.779096295094   } 
   autocorr_energy { } 
} 

block { 
   label spin_0.005
   totweight 870400
   nautocorr 0
   total_energy { -135.9634802367276   } 
   total_energyvar { 2.508303593157503   } 
   weight { 0.9993467193548753   } 
   weightvar { 0.1012560866801804   } 
   kinetic_energy { 46.45284230280264   } 
   kinetic_energyvar { 140.2928727547481   } 
   potential_energy { -200.3319521538524   } 
   potential_energyvar { 262.4132442892152   } 
   nonlocal_energy { 17.91562961432208   } 
   nonlocal_energyvar { 273.8529332545157   } 
   autocorr_energy { } 
} 

block { 
   label spin_0.005
   totweight 870400
   nautocorr 0
   total_energy { -135.9575490658551   } 
   total_energyvar { 2.251655533495283   } 
   weight { 0.9982547441213795   } 
   weightvar { 0.1014732779580178   } 
   kinetic_energy { 46.47818115924744   } 
   kinetic_energyvar { 140.9324635990008   } 
   potential_energy { -200.4228110441854   } 
   potential_energyvar { 263.7554503031324   } 
   nonlocal_energy { 17.98708081908295   } 
   nonlocal_energyvar { 274.7357704328396   } 
   autocorr_energy { } 
} 

block { 
   label spin_0.005
   totweight 870400
   nautocorr 0
   total_energy { -135.9575603342303   } 
   total_energyvar { 2.200318031567152   } 
   weight { 0.9962745327408921   } 
   weightvar { 0.1026555106532268   } 
   kinetic_energy { 46.50645479495459   } 
   kinetic_energyvar { 138.8194077998069   } 
   potential_energy { -200.3742915535136   } 
   potential_energyvar { 261.9546616390915   } 
   nonlocal_energy { 17.91027642432869   } 
   nonlocal_energyvar { 266.2369057732988   } 
   autocorr_energy { } 
} 

block { 
   label spin_0.005
   totweight 870400
   nautocorr 0
   total_energy { -135.9523739706302   } 
   total_energyvar { 2.4004822345574   } 
   weight { 0.9944113267051436   } 
   weightvar { 0.1021468986320352   } 
   kinetic_energy { 46.48109197359224   } 
   kinetic_energyvar { 140.5538684129823   } 
   potential_energy { -200.3093713843036   } 
   potential_energyvar { 263.5726688267185   } 
   nonlocal_energy { 17.87590544008115   } 
   nonlocal_energyvar { 270.649476163892   } 
   autocorr_energy { } 
} 

block { 
   label spin_0.005
   totweight 870400
   nautocorr 0
   total_energy { -135.9677786631608   } 
   total_energyvar { 2.209837251879958   } 
   weight { 0.9983244409185636   } 
   weightvar { 0.1040323660164209   } 
   kinetic_energy { 46.60894435743351   } 
   kinetic_energyvar { 141.4595911065103   } 
   potential_energy { -200.5839161920524   } 
   potential_energyvar { 265.5730032444896   } 
   nonlocal_energy { 18.00719317145813   } 
   nonlocal_energyvar { 275.7243827051497   } 
   autocorr_energy { } 
} 

block { 
   label spin_0.005
   totweight 870400
   nautocorr 0
   total_energy { -135.9623754212634   } 
   total_energyvar { 2.643506860559639   } 
   weight { 1.001567721782392   } 
   weightvar { 0.09900572364517972   } 
   kinetic_energy { 46.49206260160297   } 
   kinetic_energyvar { 139.9530856957855   } 
   potential_energy { -200.2808593037335   } 
   potential_energyvar { 261.0531061222177   } 
   nonlocal_energy { 17.82642128086707   } 
   nonlocal_energyvar { 271.4390464714334   } 
   autocorr_energy { } 
} 

block { 
   label spin_0.005
   totweight 870400
   nautocorr 0
   total_energy { -135.9533455587617   } 
   total_energyvar { 2.932458318409765   } 
   weight { 0.996245083603057   } 
   weightvar { 0.09880228656077693   } 
   kinetic_energy { 46.49494280738228   } 
   kinetic_energyvar { 141.124717123379   } 
   potential_energy { -200.3882604735626   } 
   potential_energyvar { 261.2798174078836   } 
   nonlocal_energy { 17.9399721074186   } 
   nonlocal_energyvar { 270.0582789816834   } 
   autocorr_energy { } 
} 

block { 
   label spin_0.005
   totweight 870400
   nautocorr 0
   total_energy { -135.9520163820979   } 
   total_energyvar { 2.209130035698681   } 
   weight { 0.992768402279486   } 
   weightvar { 0.1030709477683484   } 
   kinetic_energy { 46.51829185471161   } 
   kinetic_energyvar { 139.5027599843674   } 
   potential_energy { -200.3056696306016   } 
   potential_energyvar { 262.3808834450832   } 
   nonlocal_energy { 17.83536139379208   } 
   nonlocal_energyvar { 270.0562864915933   } 
   autocorr_energy { } 
} 

block { 
   label spin_0.005
   totweight 870400
   nautocorr 0
   total_energy { -135.9537784402835   } 
   total_energyvar { 2.252277742496322   } 
   weight { 0.9919906258851594   } 
   weightvar { 0.1043338355138035   } 
   kinetic_energy { 46.52835239454824   } 
   kinetic_energyvar { 140.4910208260298   } 
   potential_energy { -200.4708853262381   } 
   potential_energyvar { 261.513008623209   } 
   nonlocal_energy { 17.98875449140649   } 
   nonlocal_energyvar { 272.8133950539645   } 
   autocorr_energy { } 
} 

block { 
   label spin_0.005
   totweight 870400
   nautocorr 0
   total_energy { -135.952716071445   } 
   total_energyvar { 2.297751457686374   } 
   weight { 0.993129375234045   } 
   weightvar { 0.1026812128304388   } 
   kinetic_energy { 46.53058396897228   } 
   kinetic_energyvar { 140.3114437304995   } 
   potential_energy { -200.44397003257   } 
   potential_energyvar { 261.1657980155043   } 
   nonlocal_energy { 17.96066999215267   } 
   nonlocal_energyvar { 271.2830019840455   } 
   autocorr_energy { } 
} 

block { 
   label spin_0.005
   totweight 870400
   nautocorr 0
   total_energy { -135.9607210368713   } 
   total_energyvar { 2.261350939180959   } 
   weight { 0.9944113445924078   } 
   weightvar { 0.1026323415396038   } 
   kinetic_energy { 46.5301719120986   } 
   kinetic_energyvar { 140.3859187216889   } 
   potential_energy { -200.283206835709   } 
   potential_energyvar { 261.2542946015325   } 
   nonlocal_energy { 17.79231388673912   } 
   nonlocal_energyvar { 266.9655966448793   } 
   autocorr_energy { } 
} 

block { 
   label spin_0.005
   totweight 870400
   nautocorr 0
   total_energy { -135.9674275857255   } 
   total_energyvar { 2.206362811130465   } 
   weight { 1.002214851615934   } 
   weightvar { 0.1023503566367107   } 
   kinetic_energy { 46.44313279872824   } 
   kinetic_energyvar { 138.3727195933398   } 
   potential_energy { -200.3228721968247   } 
   potential_energyvar { 261.3203210009202   } 
   nonlocal_energy { 17.91231181237091   } 
   nonlocal_energyvar { 270.6930589959974   } 
   autocorr_energy { } 
} 

block { 
   label spin_0.005
   totweight 870400
   nautocorr 0
   total_energy { -135.9703488985781   } 
   total_energyvar { 2.580799348871978   } 
   weight { 1.00534539403292   } 
   weightvar { 0.1018508305469511   } 
   kinetic_energy { 46.44413490854089   } 
   kinetic_energyvar { 140.7593334843625   } 
   potential_energy { -200.3422472332477   } 
   potential_energyvar { 263.0290350246013   } 
   nonlocal_energy { 17.92776342612865   } 
   nonlocal_energyvar { 275.0351435104476   } 
   autocorr_energy { } 
} 

block { 
   label spin_0.005
   totweight 870400
   nautocorr 0
   total_energy { -135.9687535791633   } 
   total_energyvar { 2.307821729707805   } 
   weight { 1.006949815764989   } 
   weightvar { 0.09983337078023261   } 
   kinetic_energy { 46.45177866930189   } 
   kinetic_energyvar { 141.6523093205147   } 
   potential_energy { -200.5029239239283   } 
   potential_energyvar { 266.5909318746894   } 
   nonlocal_energy { 18.08239167546304   } 
   nonlocal_energyvar { 278.9401540883032   } 
   autocorr_energy { } 
} 

block { 
   label spin_0.005
   totweight 870400
   nautocorr 0
   total_energy { -135.9669622930798   } 
   total_energyvar { 2.293209138029311   } 
   weight { 1.006167842610447   } 
   weightvar { 0.1002891558770409   } 
   kinetic_energy { 46.45168682830874   } 
   kinetic_energyvar { 143.3692703919118   } 
   potential_energy { -200.4088667440633   } 
   potential_energyvar { 263.4148255232388   } 
   nonlocal_energy { 17.99021762267478   } 
   nonlocal_energyvar { 277.6956746276825   } 
   autocorr_energy { } 
} 

block { 
   label spin_0.005
   totweight 870400
   nautocorr 0
   total_energy { -135.9615421977429   } 
   total_energyvar { 2.206178133497404   } 
   weight { 1.004236381881614   } 
   weightvar { 0.100224345989396   } 
   kinetic_energy { 46.57709576486322   } 
   kinetic_energyvar { 140.2425117757307   } 
   potential_energy { -200.4614902571267   } 
   potential_energyvar { 261.6426598991187   } 
   nonlocal_energy { 17.92285229452064   } 
   nonlocal_energyvar { 272.1058608788532   } 
   autocorr_energy { } 
} 

block { 
   label spin_0.005
   totweight 870400
   nautocorr 0
   total_energy { -135.9636495922561   } 
   total_energyvar { 2.23264772290487   } 
   weight { 1.002204228629477   } 
   weightvar { 0.1031527117566762   } 
   kinetic_energy { 46.53122213497417   } 
   kinetic_energyvar { 138.6741445821864   } 
   potential_energy { -200.3562768501817   } 
   potential_energyvar { 263.4699972524264   } 
   nonlocal_energy { 17.86140512295137   } 
   nonlocal_energyvar { 269.4294750238229   } 
   autocorr_energy { } 
} 

block { 
   label spin_0.005
   totweight 870400
   nautocorr 0
   total_energy { -135.9642373228138   } 
   total_energyvar { 2.182281999040385   } 
   weight { 1.004147012269349   } 
   weightvar { 0.1016425487560531   } 
   kinetic_energy { 46.45885343863418   } 
   kinetic_energyvar { 140.000966667291   } 
   potential_energy { -200.2386717275202   } 
   potential_energyvar { 258.2059917294551   } 
   nonlocal_energy { 17.81558096607221   } 
   nonlocal_energyvar { 267.0497773570521   } 
   autocorr_energy { } 
} 

