#-------------------------------------------------
#DMC run: timestep 0.005
#-------------------------------------------------


init { 
   label spin_0.005
}
block { 
   label spin_0.005
   totweight 3481600
   nautocorr 0
   total_energy { -127.3941237007914   } 
   total_energyvar { 1.472643827620706   } 
   weight { 1.018738113751267   } 
   weightvar { 0.02606496788684344   } 
   kinetic_energy { 48.62092015734807   } 
   kinetic_energyvar { 135.4262089912424   } 
   potential_energy { -195.3511450497382   } 
   potential_energyvar { 331.0122958242311   } 
   nonlocal_energy { 19.33610119159875   } 
   nonlocal_energyvar { 272.1312369178903   } 
   autocorr_energy { } 
} 

block { 
   label spin_0.005
   totweight 3481600
   nautocorr 0
   total_energy { -127.3799259532314   } 
   total_energyvar { 1.764935765579373   } 
   weight { 1.012930954437549   } 
   weightvar { 0.0680683711291496   } 
   kinetic_energy { 48.94879432845131   } 
   kinetic_energyvar { 137.3562620569468   } 
   potential_energy { -195.8430733155263   } 
   potential_energyvar { 337.3170469531134   } 
   nonlocal_energy { 19.51435303384359   } 
   nonlocal_energyvar { 277.1716198651363   } 
   autocorr_energy { } 
} 

block { 
   label spin_0.005
   totweight 3481600
   nautocorr 0
   total_energy { -127.3764899236517   } 
   total_energyvar { 1.572857912144623   } 
   weight { 0.9979915004434081   } 
   weightvar { 0.08323863224069457   } 
   kinetic_energy { 48.92032385679639   } 
   kinetic_energyvar { 135.3103868480717   } 
   potential_energy { -195.6890099287684   } 
   potential_energyvar { 332.3961553770733   } 
   nonlocal_energy { 19.39219614832029   } 
   nonlocal_energyvar { 272.1014002313632   } 
   autocorr_energy { } 
} 

block { 
   label spin_0.005
   totweight 3481600
   nautocorr 0
   total_energy { -127.3766642625407   } 
   total_energyvar { 1.807605244527445   } 
   weight { 0.9932374326627899   } 
   weightvar { 0.08854248121395251   } 
   kinetic_energy { 48.90816607870345   } 
   kinetic_energyvar { 137.0434293180303   } 
   potential_energy { -195.7713620057756   } 
   potential_energyvar { 335.5093907143003   } 
   nonlocal_energy { 19.48653166453146   } 
   nonlocal_energyvar { 275.4370839054153   } 
   autocorr_energy { } 
} 

block { 
   label spin_0.005
   totweight 3481600
   nautocorr 0
   total_energy { -127.3714433113712   } 
   total_energyvar { 1.55026841094051   } 
   weight { 0.9916321988308552   } 
   weightvar { 0.09042183700437943   } 
   kinetic_energy { 48.91735267515664   } 
   kinetic_energyvar { 137.4487456031097   } 
   potential_energy { -195.7278321875756   } 
   potential_energyvar { 333.7394718103152   } 
   nonlocal_energy { 19.43903620104782   } 
   nonlocal_energyvar { 275.7894629126297   } 
   autocorr_energy { } 
} 

block { 
   label spin_0.005
   totweight 3481600
   nautocorr 0
   total_energy { -127.3773830408733   } 
   total_energyvar { 1.52088118193539   } 
   weight { 0.9921286539864232   } 
   weightvar { 0.09115440756524348   } 
   kinetic_energy { 48.91190118270457   } 
   kinetic_energyvar { 135.91725493458   } 
   potential_energy { -195.7289466862367   } 
   potential_energyvar { 335.322357312039   } 
   nonlocal_energy { 19.43966246265884   } 
   nonlocal_energyvar { 274.7944805625756   } 
   autocorr_energy { } 
} 

block { 
   label spin_0.005
   totweight 3481600
   nautocorr 0
   total_energy { -127.3764112994221   } 
   total_energyvar { 1.538197059037895   } 
   weight { 0.9962233499554917   } 
   weightvar { 0.09244507907923433   } 
   kinetic_energy { 48.91686566274309   } 
   kinetic_energyvar { 134.6570355254459   } 
   potential_energy { -195.7131701585336   } 
   potential_energyvar { 330.2854024205878   } 
   nonlocal_energy { 19.41989319636832   } 
   nonlocal_energyvar { 272.4780176471865   } 
   autocorr_energy { } 
} 

block { 
   label spin_0.005
   totweight 3481600
   nautocorr 0
   total_energy { -127.3746754590253   } 
   total_energyvar { 1.540873997799711   } 
   weight { 0.9985464265620372   } 
   weightvar { 0.0904342572968883   } 
   kinetic_energy { 48.91309036809627   } 
   kinetic_energyvar { 135.7679014979884   } 
   potential_energy { -195.7400350500169   } 
   potential_energyvar { 331.9449442799951   } 
   nonlocal_energy { 19.45226922289539   } 
   nonlocal_energyvar { 272.7814048121659   } 
   autocorr_energy { } 
} 

block { 
   label spin_0.005
   totweight 3481600
   nautocorr 0
   total_energy { -127.3758096109049   } 
   total_energyvar { 2.090094185639501   } 
   weight { 0.9976709083291697   } 
   weightvar { 0.09102995080999975   } 
   kinetic_energy { 48.89282198253322   } 
   kinetic_energyvar { 135.1250544271346   } 
   potential_energy { -195.684629458494   } 
   potential_energyvar { 334.1830626853977   } 
   nonlocal_energy { 19.41599786505586   } 
   nonlocal_energyvar { 272.9337716455055   } 
   autocorr_energy { } 
} 

