#-------------------------------------------------
#VMC run: timestep 0.6 nconfig 2176 steps 100
#-------------------------------------------------


init { 
   label vmc
}
block { 
   label vmc
   totweight 217600
   nautocorr 0
   total_energy { -125.5681638615572   } 
   total_energyvar { 12.14624154260692   } 
   weight { 1   } 
   weightvar { 1.776356839400247e-15   } 
   kinetic_energy { 46.86759076926322   } 
   kinetic_energyvar { 130.6660445012539   } 
   potential_energy { -193.0084186735484   } 
   potential_energyvar { 415.6566590234146   } 
   nonlocal_energy { 20.57266404272801   } 
   nonlocal_energyvar { 292.0078731717533   } 
   autocorr_energy { } 
} 

block { 
   label vmc
   totweight 217600
   nautocorr 0
   total_energy { -125.5438863483375   } 
   total_energyvar { 12.61032541288633   } 
   weight { 1   } 
   weightvar { 1.776356839400247e-15   } 
   kinetic_energy { 46.78787934477708   } 
   kinetic_energyvar { 129.1760626111994   } 
   potential_energy { -192.9043651959896   } 
   potential_energyvar { 416.3380448535238   } 
   nonlocal_energy { 20.57259950287495   } 
   nonlocal_energyvar { 289.9533628801295   } 
   autocorr_energy { } 
} 

block { 
   label vmc
   totweight 217600
   nautocorr 0
   total_energy { -125.5528641072168   } 
   total_energyvar { 11.84741696163738   } 
   weight { 1   } 
   weightvar { 1.776356839400247e-15   } 
   kinetic_energy { 46.68412235456712   } 
   kinetic_energyvar { 130.8384013403222   } 
   potential_energy { -192.8181665039264   } 
   potential_energyvar { 418.6741017600547   } 
   nonlocal_energy { 20.58118004214251   } 
   nonlocal_energyvar { 292.3939171730793   } 
   autocorr_energy { } 
} 

block { 
   label vmc
   totweight 217600
   nautocorr 0
   total_energy { -125.5612830355285   } 
   total_energyvar { 12.87827823417063   } 
   weight { 1   } 
   weightvar { 1.776356839400247e-15   } 
   kinetic_energy { 46.78744673516857   } 
   kinetic_energyvar { 129.7749663649691   } 
   potential_energy { -192.904654224832   } 
   potential_energyvar { 416.0967244919491   } 
   nonlocal_energy { 20.55592445413491   } 
   nonlocal_energyvar { 288.6000282741672   } 
   autocorr_energy { } 
} 

block { 
   label vmc
   totweight 217600
   nautocorr 0
   total_energy { -125.5465887302314   } 
   total_energyvar { 14.23037343133675   } 
   weight { 1   } 
   weightvar { 1.776356839400247e-15   } 
   kinetic_energy { 46.86178156992835   } 
   kinetic_energyvar { 130.1403600714286   } 
   potential_energy { -192.8317642198785   } 
   potential_energyvar { 414.7212200051376   } 
   nonlocal_energy { 20.42339391971876   } 
   nonlocal_energyvar { 286.8658666200083   } 
   autocorr_energy { } 
} 

block { 
   label vmc
   totweight 217600
   nautocorr 0
   total_energy { -125.5365860017912   } 
   total_energyvar { 13.89088080388513   } 
   weight { 1   } 
   weightvar { 1.776356839400247e-15   } 
   kinetic_energy { 46.76902165373009   } 
   kinetic_energyvar { 132.4114403408286   } 
   potential_energy { -192.9297208823128   } 
   potential_energyvar { 420.5500162829944   } 
   nonlocal_energy { 20.62411322679147   } 
   nonlocal_energyvar { 296.5420802029606   } 
   autocorr_energy { } 
} 

block { 
   label vmc
   totweight 217600
   nautocorr 0
   total_energy { -125.5448854413471   } 
   total_energyvar { 12.03108758337506   } 
   weight { 1   } 
   weightvar { 1.776356839400247e-15   } 
   kinetic_energy { 46.77130336225933   } 
   kinetic_energyvar { 130.1232694683592   } 
   potential_energy { -192.7636379541811   } 
   potential_energyvar { 415.1165252388844   } 
   nonlocal_energy { 20.44744915057468   } 
   nonlocal_energyvar { 292.2416033266259   } 
   autocorr_energy { } 
} 

block { 
   label vmc
   totweight 217600
   nautocorr 0
   total_energy { -125.5418106908693   } 
   total_energyvar { 12.47514333795569   } 
   weight { 1   } 
   weightvar { 1.776356839400247e-15   } 
   kinetic_energy { 46.75307761738666   } 
   kinetic_energyvar { 132.1577775259268   } 
   potential_energy { -192.8366043292812   } 
   potential_energyvar { 414.8334871240415   } 
   nonlocal_energy { 20.54171602102521   } 
   nonlocal_energyvar { 293.3166736171343   } 
   autocorr_energy { } 
} 

block { 
   label vmc
   totweight 217600
   nautocorr 0
   total_energy { -125.5589225652929   } 
   total_energyvar { 12.0447995371206   } 
   weight { 1   } 
   weightvar { 1.776356839400247e-15   } 
   kinetic_energy { 46.74132011492186   } 
   kinetic_energyvar { 131.2513187319807   } 
   potential_energy { -192.8695577973182   } 
   potential_energyvar { 416.4743076621032   } 
   nonlocal_energy { 20.56931511710352   } 
   nonlocal_energyvar { 295.4463042262547   } 
   autocorr_energy { } 
} 

block { 
   label vmc
   totweight 217600
   nautocorr 0
   total_energy { -125.5723078891955   } 
   total_energyvar { 13.0343967116645   } 
   weight { 1   } 
   weightvar { 1.776356839400247e-15   } 
   kinetic_energy { 46.78008704223645   } 
   kinetic_energyvar { 129.9611434282638   } 
   potential_energy { -192.8940700577976   } 
   potential_energyvar { 414.4430955884756   } 
   nonlocal_energy { 20.54167512636564   } 
   nonlocal_energyvar { 287.6392508102436   } 
   autocorr_energy { } 
} 

block { 
   label vmc
   totweight 217600
   nautocorr 0
   total_energy { -125.5570415914603   } 
   total_energyvar { 12.57606539457742   } 
   weight { 1   } 
   weightvar { 1.776356839400247e-15   } 
   kinetic_energy { 46.8318238203676   } 
   kinetic_energyvar { 129.6271964616611   } 
   potential_energy { -192.9517168120806   } 
   potential_energyvar { 414.668770739919   } 
   nonlocal_energy { 20.56285140025265   } 
   nonlocal_energyvar { 291.7419245596724   } 
   autocorr_energy { } 
} 

block { 
   label vmc
   totweight 217600
   nautocorr 0
   total_energy { -125.5534784248135   } 
   total_energyvar { 13.42582460375668   } 
   weight { 1   } 
   weightvar { 1.776356839400247e-15   } 
   kinetic_energy { 46.82890753755753   } 
   kinetic_energyvar { 130.1016985454939   } 
   potential_energy { -192.8355859039414   } 
   potential_energyvar { 412.2425639058638   } 
   nonlocal_energy { 20.4531999415703   } 
   nonlocal_energyvar { 286.6669620914213   } 
   autocorr_energy { } 
} 

block { 
   label vmc
   totweight 217600
   nautocorr 0
   total_energy { -125.5475033149582   } 
   total_energyvar { 17.6142336509393   } 
   weight { 1   } 
   weightvar { 1.776356839400247e-15   } 
   kinetic_energy { 46.82707092041926   } 
   kinetic_energyvar { 131.1792318680696   } 
   potential_energy { -192.9467508522414   } 
   potential_energyvar { 423.9133155119147   } 
   nonlocal_energy { 20.57217661686387   } 
   nonlocal_energyvar { 294.9978694054902   } 
   autocorr_energy { } 
} 

block { 
   label vmc
   totweight 217600
   nautocorr 0
   total_energy { -125.530638995271   } 
   total_energyvar { 13.04943806741697   } 
   weight { 1   } 
   weightvar { 1.776356839400247e-15   } 
   kinetic_energy { 46.79042913403644   } 
   kinetic_energyvar { 132.7162611171751   } 
   potential_energy { -192.8923178634296   } 
   potential_energyvar { 413.6119084411512   } 
   nonlocal_energy { 20.57124973412202   } 
   nonlocal_energyvar { 292.8566669426121   } 
   autocorr_energy { } 
} 

block { 
   label vmc
   totweight 217600
   nautocorr 0
   total_energy { -125.5586287246808   } 
   total_energyvar { 12.38095866834093   } 
   weight { 1   } 
   weightvar { 1.776356839400247e-15   } 
   kinetic_energy { 46.77512921843545   } 
   kinetic_energyvar { 130.7324186057056   } 
   potential_energy { -192.8808421005452   } 
   potential_energyvar { 416.3382174113189   } 
   nonlocal_energy { 20.54708415742893   } 
   nonlocal_energyvar { 289.6901350636938   } 
   autocorr_energy { } 
} 

block { 
   label vmc
   totweight 217600
   nautocorr 0
   total_energy { -125.5520821664278   } 
   total_energyvar { 12.00600869404031   } 
   weight { 1   } 
   weightvar { 1.776356839400247e-15   } 
   kinetic_energy { 46.74198920547468   } 
   kinetic_energyvar { 130.2572196234479   } 
   potential_energy { -192.7859408750812   } 
   potential_energyvar { 411.6719996976581   } 
   nonlocal_energy { 20.49186950317866   } 
   nonlocal_energyvar { 288.7032195146485   } 
   autocorr_energy { } 
} 

block { 
   label vmc
   totweight 217600
   nautocorr 0
   total_energy { -125.5576178432336   } 
   total_energyvar { 12.5534363799621   } 
   weight { 1   } 
   weightvar { 1.776356839400247e-15   } 
   kinetic_energy { 46.83197221379965   } 
   kinetic_energyvar { 130.562080449553   } 
   potential_energy { -192.9670016704197   } 
   potential_energyvar { 418.0083565105217   } 
   nonlocal_energy { 20.5774116133865   } 
   nonlocal_energyvar { 290.7457685993944   } 
   autocorr_energy { } 
} 

block { 
   label vmc
   totweight 217600
   nautocorr 0
   total_energy { -125.5505976391682   } 
   total_energyvar { 11.93474498318297   } 
   weight { 1   } 
   weightvar { 1.776356839400247e-15   } 
   kinetic_energy { 46.77621979729737   } 
   kinetic_energyvar { 129.9737985371623   } 
   potential_energy { -192.8572464804365   } 
   potential_energyvar { 416.1716142208933   } 
   nonlocal_energy { 20.53042904397088   } 
   nonlocal_energyvar { 293.2258913762792   } 
   autocorr_energy { } 
} 

block { 
   label vmc
   totweight 217600
   nautocorr 0
   total_energy { -125.5609474629088   } 
   total_energyvar { 12.28081405062053   } 
   weight { 1   } 
   weightvar { 1.776356839400247e-15   } 
   kinetic_energy { 46.73232367353444   } 
   kinetic_energyvar { 130.4971956991753   } 
   potential_energy { -192.8379902482431   } 
   potential_energyvar { 415.2688529065422   } 
   nonlocal_energy { 20.54471911179989   } 
   nonlocal_energyvar { 291.8388514197292   } 
   autocorr_energy { } 
} 

block { 
   label vmc
   totweight 217600
   nautocorr 0
   total_energy { -125.559978171188   } 
   total_energyvar { 12.02033335590162   } 
   weight { 1   } 
   weightvar { 1.776356839400247e-15   } 
   kinetic_energy { 46.81387616542625   } 
   kinetic_energyvar { 130.3276252737412   } 
   potential_energy { -192.8334061263061   } 
   potential_energyvar { 414.60854257858   } 
   nonlocal_energy { 20.45955178969192   } 
   nonlocal_energyvar { 289.2853379118485   } 
   autocorr_energy { } 
} 

block { 
   label vmc
   totweight 217600
   nautocorr 0
   total_energy { -125.5536605648935   } 
   total_energyvar { 12.02885365829095   } 
   weight { 1   } 
   weightvar { 1.776356839400247e-15   } 
   kinetic_energy { 46.79945676972265   } 
   kinetic_energyvar { 129.2452861927097   } 
   potential_energy { -192.8277903766132   } 
   potential_energyvar { 413.3941131130067   } 
   nonlocal_energy { 20.47467304199698   } 
   nonlocal_energyvar { 286.8620749863648   } 
   autocorr_energy { } 
} 

block { 
   label vmc
   totweight 217600
   nautocorr 0
   total_energy { -125.5635758624824   } 
   total_energyvar { 12.00892128928907   } 
   weight { 1   } 
   weightvar { 1.776356839400247e-15   } 
   kinetic_energy { 46.90967363885943   } 
   kinetic_energyvar { 129.7144500058201   } 
   potential_energy { -193.0104040772498   } 
   potential_energyvar { 415.6993055192333   } 
   nonlocal_energy { 20.537154575908   } 
   nonlocal_energyvar { 291.2789913005228   } 
   autocorr_energy { } 
} 

block { 
   label vmc
   totweight 217600
   nautocorr 0
   total_energy { -125.5587895275788   } 
   total_energyvar { 12.24256755205846   } 
   weight { 1   } 
   weightvar { 1.776356839400247e-15   } 
   kinetic_energy { 46.82366593378297   } 
   kinetic_energyvar { 130.1314424501766   } 
   potential_energy { -192.910133920523   } 
   potential_energyvar { 417.9402191650606   } 
   nonlocal_energy { 20.52767845916125   } 
   nonlocal_energyvar { 295.0175797190867   } 
   autocorr_energy { } 
} 

block { 
   label vmc
   totweight 217600
   nautocorr 0
   total_energy { -125.5629866944833   } 
   total_energyvar { 12.52426570882779   } 
   weight { 1   } 
   weightvar { 1.776356839400247e-15   } 
   kinetic_energy { 46.83100235980363   } 
   kinetic_energyvar { 127.7341916920111   } 
   potential_energy { -192.940212380932   } 
   potential_energyvar { 414.2281535088213   } 
   nonlocal_energy { 20.54622332664506   } 
   nonlocal_energyvar { 289.2214934970439   } 
   autocorr_energy { } 
} 

block { 
   label vmc
   totweight 217600
   nautocorr 0
   total_energy { -125.5684727321639   } 
   total_energyvar { 11.92775458276851   } 
   weight { 1   } 
   weightvar { 1.776356839400247e-15   } 
   kinetic_energy { 46.81777618782483   } 
   kinetic_energyvar { 129.5906428984786   } 
   potential_energy { -192.9557689415133   } 
   potential_energyvar { 414.5063673167882   } 
   nonlocal_energy { 20.56952002152461   } 
   nonlocal_energyvar { 291.2460051249965   } 
   autocorr_energy { } 
} 

block { 
   label vmc
   totweight 217600
   nautocorr 0
   total_energy { -125.5643294309813   } 
   total_energyvar { 12.16024682470767   } 
   weight { 1   } 
   weightvar { 1.776356839400247e-15   } 
   kinetic_energy { 46.81078745767444   } 
   kinetic_energyvar { 130.0227124084401   } 
   potential_energy { -192.9013067416555   } 
   potential_energyvar { 414.6266769176179   } 
   nonlocal_energy { 20.52618985299977   } 
   nonlocal_energyvar { 291.6122883327352   } 
   autocorr_energy { } 
} 

block { 
   label vmc
   totweight 217600
   nautocorr 0
   total_energy { -125.5603244567316   } 
   total_energyvar { 12.04966340259918   } 
   weight { 1   } 
   weightvar { 1.776356839400247e-15   } 
   kinetic_energy { 46.78929537037322   } 
   kinetic_energyvar { 131.3161980976894   } 
   potential_energy { -192.8985537385975   } 
   potential_energyvar { 415.6265319391202   } 
   nonlocal_energy { 20.54893391149263   } 
   nonlocal_energyvar { 291.2676976541483   } 
   autocorr_energy { } 
} 

block { 
   label vmc
   totweight 217600
   nautocorr 0
   total_energy { -125.562227686532   } 
   total_energyvar { 14.14405014352982   } 
   weight { 1   } 
   weightvar { 1.776356839400247e-15   } 
   kinetic_energy { 46.82979436176166   } 
   kinetic_energyvar { 130.3577639592278   } 
   potential_energy { -193.0354519120834   } 
   potential_energyvar { 419.4510472752428   } 
   nonlocal_energy { 20.64342986378974   } 
   nonlocal_energyvar { 293.538127488375   } 
   autocorr_energy { } 
} 

block { 
   label vmc
   totweight 217600
   nautocorr 0
   total_energy { -125.5590089701937   } 
   total_energyvar { 12.18047363762207   } 
   weight { 1   } 
   weightvar { 1.776356839400247e-15   } 
   kinetic_energy { 46.71400018621161   } 
   kinetic_energyvar { 131.128511581268   } 
   potential_energy { -192.68204971001   } 
   potential_energyvar { 412.7658195115184   } 
   nonlocal_energy { 20.40904055360464   } 
   nonlocal_energyvar { 288.0529019065988   } 
   autocorr_energy { } 
} 

block { 
   label vmc
   totweight 217600
   nautocorr 0
   total_energy { -125.5619846643361   } 
   total_energyvar { 12.26866086959186   } 
   weight { 1   } 
   weightvar { 1.776356839400247e-15   } 
   kinetic_energy { 46.78317513702203   } 
   kinetic_energyvar { 131.2803453054569   } 
   potential_energy { -192.9536932906385   } 
   potential_energyvar { 415.5917060761594   } 
   nonlocal_energy { 20.60853348928038   } 
   nonlocal_energyvar { 296.5717088915184   } 
   autocorr_energy { } 
} 

block { 
   label vmc
   totweight 217600
   nautocorr 0
   total_energy { -125.5629721333176   } 
   total_energyvar { 12.23304010470333   } 
   weight { 1   } 
   weightvar { 1.776356839400247e-15   } 
   kinetic_energy { 46.81466840535185   } 
   kinetic_energyvar { 131.4081376779193   } 
   potential_energy { -193.0011867613627   } 
   potential_energyvar { 413.6196955766479   } 
   nonlocal_energy { 20.62354622269329   } 
   nonlocal_energyvar { 289.8904174626724   } 
   autocorr_energy { } 
} 

block { 
   label vmc
   totweight 217600
   nautocorr 0
   total_energy { -125.5740135598698   } 
   total_energyvar { 12.01424661198608   } 
   weight { 1   } 
   weightvar { 1.776356839400247e-15   } 
   kinetic_energy { 46.79869652076979   } 
   kinetic_energyvar { 130.479860128898   } 
   potential_energy { -192.9681301539827   } 
   potential_energyvar { 415.5611979053124   } 
   nonlocal_energy { 20.5954200733431   } 
   nonlocal_energyvar { 292.6020907405327   } 
   autocorr_energy { } 
} 

block { 
   label vmc
   totweight 217600
   nautocorr 0
   total_energy { -125.5637461126825   } 
   total_energyvar { 11.99755382502029   } 
   weight { 1   } 
   weightvar { 1.776356839400247e-15   } 
   kinetic_energy { 46.85778026377069   } 
   kinetic_energyvar { 130.3604119934738   } 
   potential_energy { -192.9775466903581   } 
   potential_energyvar { 411.0192751229068   } 
   nonlocal_energy { 20.55602031390494   } 
   nonlocal_energyvar { 287.6282035319245   } 
   autocorr_energy { } 
} 

block { 
   label vmc
   totweight 217600
   nautocorr 0
   total_energy { -125.553785229931   } 
   total_energyvar { 17.51406425362834   } 
   weight { 1   } 
   weightvar { 1.776356839400247e-15   } 
   kinetic_energy { 46.85996268298583   } 
   kinetic_energyvar { 130.3303586862896   } 
   potential_energy { -192.9898872136484   } 
   potential_energyvar { 418.9868400910947   } 
   nonlocal_energy { 20.57613930073155   } 
   nonlocal_energyvar { 288.6506988825564   } 
   autocorr_energy { } 
} 

block { 
   label vmc
   totweight 217600
   nautocorr 0
   total_energy { -125.5372370474359   } 
   total_energyvar { 12.58207915934028   } 
   weight { 1   } 
   weightvar { 1.776356839400247e-15   } 
   kinetic_energy { 46.83668110373004   } 
   kinetic_energyvar { 129.7965605283435   } 
   potential_energy { -192.9621267276552   } 
   potential_energyvar { 413.9992645625114   } 
   nonlocal_energy { 20.58820857648935   } 
   nonlocal_energyvar { 289.7411625821131   } 
   autocorr_energy { } 
} 

block { 
   label vmc
   totweight 217600
   nautocorr 0
   total_energy { -125.5412999230433   } 
   total_energyvar { 12.99088120802002   } 
   weight { 1   } 
   weightvar { 1.776356839400247e-15   } 
   kinetic_energy { 46.83071221647961   } 
   kinetic_energyvar { 131.0423310759773   } 
   potential_energy { -192.9132523677981   } 
   potential_energyvar { 415.3829654278355   } 
   nonlocal_energy { 20.54124022827517   } 
   nonlocal_energyvar { 289.7164878070346   } 
   autocorr_energy { } 
} 

block { 
   label vmc
   totweight 217600
   nautocorr 0
   total_energy { -125.5487450683206   } 
   total_energyvar { 12.08983356333229   } 
   weight { 1   } 
   weightvar { 1.776356839400247e-15   } 
   kinetic_energy { 46.72086892635896   } 
   kinetic_energyvar { 130.3748245757704   } 
   potential_energy { -192.8397966522165   } 
   potential_energyvar { 417.4392782866456   } 
   nonlocal_energy { 20.57018265753688   } 
   nonlocal_energyvar { 293.3545440242015   } 
   autocorr_energy { } 
} 

block { 
   label vmc
   totweight 217600
   nautocorr 0
   total_energy { -125.5554995726657   } 
   total_energyvar { 12.39174883700592   } 
   weight { 1   } 
   weightvar { 1.776356839400247e-15   } 
   kinetic_energy { 46.76644251941688   } 
   kinetic_energyvar { 129.9657732608917   } 
   potential_energy { -192.8610989192386   } 
   potential_energyvar { 417.6818286113429   } 
   nonlocal_energy { 20.53915682715591   } 
   nonlocal_energyvar { 293.597913157109   } 
   autocorr_energy { } 
} 

block { 
   label vmc
   totweight 217600
   nautocorr 0
   total_energy { -125.5498045735889   } 
   total_energyvar { 12.34981110491262   } 
   weight { 1   } 
   weightvar { 1.776356839400247e-15   } 
   kinetic_energy { 46.83398009989644   } 
   kinetic_energyvar { 129.084868714475   } 
   potential_energy { -192.841323684027   } 
   potential_energyvar { 412.0045934967044   } 
   nonlocal_energy { 20.45753901054167   } 
   nonlocal_energyvar { 287.2434678047279   } 
   autocorr_energy { } 
} 

block { 
   label vmc
   totweight 217600
   nautocorr 0
   total_energy { -125.5659140206939   } 
   total_energyvar { 11.69466390867955   } 
   weight { 1   } 
   weightvar { 1.776356839400247e-15   } 
   kinetic_energy { 46.83888861523904   } 
   kinetic_energyvar { 130.3776936008931   } 
   potential_energy { -192.7662035485729   } 
   potential_energyvar { 410.7794890423564   } 
   nonlocal_energy { 20.36140091264008   } 
   nonlocal_energyvar { 284.2125387608815   } 
   autocorr_energy { } 
} 

block { 
   label vmc
   totweight 217600
   nautocorr 0
   total_energy { -125.5465169107054   } 
   total_energyvar { 11.90027083765694   } 
   weight { 1   } 
   weightvar { 1.776356839400247e-15   } 
   kinetic_energy { 46.73431200996152   } 
   kinetic_energyvar { 129.0514798966379   } 
   potential_energy { -192.7350268712748   } 
   potential_energyvar { 412.6127285302414   } 
   nonlocal_energy { 20.45419795060786   } 
   nonlocal_energyvar { 285.2955381862604   } 
   autocorr_energy { } 
} 

block { 
   label vmc
   totweight 217600
   nautocorr 0
   total_energy { -125.5528441791194   } 
   total_energyvar { 12.24849420792771   } 
   weight { 1   } 
   weightvar { 1.776356839400247e-15   } 
   kinetic_energy { 46.78466784351792   } 
   kinetic_energyvar { 131.9693909265587   } 
   potential_energy { -192.8455507002154   } 
   potential_energyvar { 415.5436290868557   } 
   nonlocal_energy { 20.5080386775781   } 
   nonlocal_energyvar { 292.2702287619703   } 
   autocorr_energy { } 
} 

block { 
   label vmc
   totweight 217600
   nautocorr 0
   total_energy { -125.5572097717286   } 
   total_energyvar { 12.15598760206945   } 
   weight { 1   } 
   weightvar { 1.776356839400247e-15   } 
   kinetic_energy { 46.79555613395566   } 
   kinetic_energyvar { 129.8005560999222   } 
   potential_energy { -192.9371721722715   } 
   potential_energyvar { 415.0397533535043   } 
   nonlocal_energy { 20.58440626658726   } 
   nonlocal_energyvar { 292.3522822571651   } 
   autocorr_energy { } 
} 

block { 
   label vmc
   totweight 217600
   nautocorr 0
   total_energy { -125.5673508016919   } 
   total_energyvar { 11.98653455076405   } 
   weight { 1   } 
   weightvar { 1.776356839400247e-15   } 
   kinetic_energy { 46.75748157710284   } 
   kinetic_energyvar { 129.9916009662982   } 
   potential_energy { -192.9085394540441   } 
   potential_energyvar { 416.0839783387476   } 
   nonlocal_energy { 20.5837070752494   } 
   nonlocal_energyvar { 292.2818625265243   } 
   autocorr_energy { } 
} 

block { 
   label vmc
   totweight 217600
   nautocorr 0
   total_energy { -125.554945946929   } 
   total_energyvar { 12.23517282360742   } 
   weight { 1   } 
   weightvar { 1.776356839400247e-15   } 
   kinetic_energy { 46.77049862687048   } 
   kinetic_energyvar { 131.1993246051287   } 
   potential_energy { -192.8342373090372   } 
   potential_energyvar { 418.9553353117104   } 
   nonlocal_energy { 20.50879273523777   } 
   nonlocal_energyvar { 292.0489152470558   } 
   autocorr_energy { } 
} 

block { 
   label vmc
   totweight 217600
   nautocorr 0
   total_energy { -125.5606251702574   } 
   total_energyvar { 11.97186562535234   } 
   weight { 1   } 
   weightvar { 1.776356839400247e-15   } 
   kinetic_energy { 46.8810459479561   } 
   kinetic_energyvar { 130.4694851403746   } 
   potential_energy { -192.9325469729736   } 
   potential_energyvar { 413.1555975255015   } 
   nonlocal_energy { 20.49087585476006   } 
   nonlocal_energyvar { 288.5896235973564   } 
   autocorr_energy { } 
} 

block { 
   label vmc
   totweight 217600
   nautocorr 0
   total_energy { -125.5672708540892   } 
   total_energyvar { 11.90878804194887   } 
   weight { 1   } 
   weightvar { 1.776356839400247e-15   } 
   kinetic_energy { 46.83893949196114   } 
   kinetic_energyvar { 131.8952814356424   } 
   potential_energy { -192.9813799776967   } 
   potential_energyvar { 412.8908600022253   } 
   nonlocal_energy { 20.5751696316464   } 
   nonlocal_energyvar { 292.2131174067318   } 
   autocorr_energy { } 
} 

block { 
   label vmc
   totweight 217600
   nautocorr 0
   total_energy { -125.5454760730404   } 
   total_energyvar { 12.46524126336051   } 
   weight { 1   } 
   weightvar { 1.776356839400247e-15   } 
   kinetic_energy { 46.86967454992384   } 
   kinetic_energyvar { 132.2389430917213   } 
   potential_energy { -193.026649807079   } 
   potential_energyvar { 419.9169104998492   } 
   nonlocal_energy { 20.61149918411478   } 
   nonlocal_energyvar { 294.7666713151997   } 
   autocorr_energy { } 
} 

block { 
   label vmc
   totweight 217600
   nautocorr 0
   total_energy { -125.5428932420066   } 
   total_energyvar { 12.4859056994112   } 
   weight { 1   } 
   weightvar { 1.776356839400247e-15   } 
   kinetic_energy { 46.79488044386287   } 
   kinetic_energyvar { 130.7224660351579   } 
   potential_energy { -192.9276260168373   } 
   potential_energyvar { 416.7733707109396   } 
   nonlocal_energy { 20.58985233096789   } 
   nonlocal_energyvar { 295.0924347890477   } 
   autocorr_energy { } 
} 

block { 
   label vmc
   totweight 217600
   nautocorr 0
   total_energy { -125.5618502456063   } 
   total_energyvar { 12.17540643574821   } 
   weight { 1   } 
   weightvar { 1.776356839400247e-15   } 
   kinetic_energy { 46.75288962923641   } 
   kinetic_energyvar { 131.1226036886213   } 
   potential_energy { -192.9321564784306   } 
   potential_energyvar { 415.7845597011844   } 
   nonlocal_energy { 20.61741660358792   } 
   nonlocal_energyvar { 290.9889710161165   } 
   autocorr_energy { } 
} 

block { 
   label vmc
   totweight 217600
   nautocorr 0
   total_energy { -125.5504807108046   } 
   total_energyvar { 12.23136378508649   } 
   weight { 1   } 
   weightvar { 1.776356839400247e-15   } 
   kinetic_energy { 46.82733065282913   } 
   kinetic_energyvar { 130.2864127191596   } 
   potential_energy { -192.921255375961   } 
   potential_energyvar { 413.8337452566087   } 
   nonlocal_energy { 20.54344401232718   } 
   nonlocal_energyvar { 290.2194742720635   } 
   autocorr_energy { } 
} 

block { 
   label vmc
   totweight 217600
   nautocorr 0
   total_energy { -125.5476424484753   } 
   total_energyvar { 12.40554137339811   } 
   weight { 1   } 
   weightvar { 1.776356839400247e-15   } 
   kinetic_energy { 46.81987993882022   } 
   kinetic_energyvar { 129.227973615076   } 
   potential_energy { -192.8232298921946   } 
   potential_energyvar { 410.3159071808279   } 
   nonlocal_energy { 20.45570750489916   } 
   nonlocal_energyvar { 287.1661491260908   } 
   autocorr_energy { } 
} 

block { 
   label vmc
   totweight 217600
   nautocorr 0
   total_energy { -125.5565492445385   } 
   total_energyvar { 12.98639698032043   } 
   weight { 1   } 
   weightvar { 1.776356839400247e-15   } 
   kinetic_energy { 46.75574115111935   } 
   kinetic_energyvar { 129.9655888457084   } 
   potential_energy { -192.9164911850034   } 
   potential_energyvar { 416.1489946724151   } 
   nonlocal_energy { 20.60420078934553   } 
   nonlocal_energyvar { 293.1177538738797   } 
   autocorr_energy { } 
} 

block { 
   label vmc
   totweight 217600
   nautocorr 0
   total_energy { -125.5616669910638   } 
   total_energyvar { 11.88236334167211   } 
   weight { 1   } 
   weightvar { 1.776356839400247e-15   } 
   kinetic_energy { 46.76750013989115   } 
   kinetic_energyvar { 129.4393543916855   } 
   potential_energy { -192.805496416819   } 
   potential_energyvar { 411.4669623904064   } 
   nonlocal_energy { 20.47632928586413   } 
   nonlocal_energyvar { 287.7900150253631   } 
   autocorr_energy { } 
} 

block { 
   label vmc
   totweight 217600
   nautocorr 0
   total_energy { -125.549350542707   } 
   total_energyvar { 11.81241841872195   } 
   weight { 1   } 
   weightvar { 1.776356839400247e-15   } 
   kinetic_energy { 46.83116953857123   } 
   kinetic_energyvar { 131.6486769791316   } 
   potential_energy { -193.0328959163708   } 
   potential_energyvar { 416.4899861624347   } 
   nonlocal_energy { 20.6523758350926   } 
   nonlocal_energyvar { 294.2976407443642   } 
   autocorr_energy { } 
} 

block { 
   label vmc
   totweight 217600
   nautocorr 0
   total_energy { -125.5466416742038   } 
   total_energyvar { 12.48238147042444   } 
   weight { 1   } 
   weightvar { 1.776356839400247e-15   } 
   kinetic_energy { 46.77683140597006   } 
   kinetic_energyvar { 130.2514539098866   } 
   potential_energy { -192.9197698867717   } 
   potential_energyvar { 417.4669168863969   } 
   nonlocal_energy { 20.59629680659781   } 
   nonlocal_energyvar { 296.7793029059052   } 
   autocorr_energy { } 
} 

block { 
   label vmc
   totweight 217600
   nautocorr 0
   total_energy { -125.5471309783108   } 
   total_energyvar { 12.60602338092335   } 
   weight { 1   } 
   weightvar { 1.776356839400247e-15   } 
   kinetic_energy { 46.81765095767783   } 
   kinetic_energyvar { 129.6797308985965   } 
   potential_energy { -192.8963568311788   } 
   potential_energyvar { 413.780096658591   } 
   nonlocal_energy { 20.53157489519015   } 
   nonlocal_energyvar { 288.283870239296   } 
   autocorr_energy { } 
} 

block { 
   label vmc
   totweight 217600
   nautocorr 0
   total_energy { -125.5445854012734   } 
   total_energyvar { 12.56795839397171   } 
   weight { 1   } 
   weightvar { 1.776356839400247e-15   } 
   kinetic_energy { 46.85194378746273   } 
   kinetic_energyvar { 132.5449356401303   } 
   potential_energy { -193.0057753040825   } 
   potential_energyvar { 415.7103142131317   } 
   nonlocal_energy { 20.60924611534643   } 
   nonlocal_energyvar { 294.2459587647713   } 
   autocorr_energy { } 
} 

block { 
   label vmc
   totweight 217600
   nautocorr 0
   total_energy { -125.552916252793   } 
   total_energyvar { 12.34945394621909   } 
   weight { 1   } 
   weightvar { 1.776356839400247e-15   } 
   kinetic_energy { 46.75085102336205   } 
   kinetic_energyvar { 129.3721604606758   } 
   potential_energy { -192.7755109856368   } 
   potential_energyvar { 413.0263669518201   } 
   nonlocal_energy { 20.47174370948177   } 
   nonlocal_energyvar { 287.696411077487   } 
   autocorr_energy { } 
} 

block { 
   label vmc
   totweight 217600
   nautocorr 0
   total_energy { -125.5544258409499   } 
   total_energyvar { 12.29213604128804   } 
   weight { 1   } 
   weightvar { 1.776356839400247e-15   } 
   kinetic_energy { 46.79595569948869   } 
   kinetic_energyvar { 131.8315313724457   } 
   potential_energy { -192.9137967256551   } 
   potential_energyvar { 416.5870942729259   } 
   nonlocal_energy { 20.56341518521656   } 
   nonlocal_energyvar { 293.1387002114956   } 
   autocorr_energy { } 
} 

block { 
   label vmc
   totweight 217600
   nautocorr 0
   total_energy { -125.5590535251961   } 
   total_energyvar { 11.99707247864263   } 
   weight { 1   } 
   weightvar { 1.776356839400247e-15   } 
   kinetic_energy { 46.76839836747758   } 
   kinetic_energyvar { 131.0875194991229   } 
   potential_energy { -192.7911362462557   } 
   potential_energyvar { 415.6172878678167   } 
   nonlocal_energy { 20.46368435358199   } 
   nonlocal_energyvar { 290.7748818172236   } 
   autocorr_energy { } 
} 

block { 
   label vmc
   totweight 217600
   nautocorr 0
   total_energy { -125.5537162898392   } 
   total_energyvar { 13.48464654217159   } 
   weight { 1   } 
   weightvar { 1.776356839400247e-15   } 
   kinetic_energy { 46.82592149930467   } 
   kinetic_energyvar { 131.084191261569   } 
   potential_energy { -192.9646375403404   } 
   potential_energyvar { 417.8462278593138   } 
   nonlocal_energy { 20.58499975119656   } 
   nonlocal_energyvar { 291.6088765244147   } 
   autocorr_energy { } 
} 

block { 
   label vmc
   totweight 217600
   nautocorr 0
   total_energy { -125.5578570915595   } 
   total_energyvar { 11.9632064407753   } 
   weight { 1   } 
   weightvar { 1.776356839400247e-15   } 
   kinetic_energy { 46.8424494925928   } 
   kinetic_energyvar { 129.1821580286889   } 
   potential_energy { -192.9504262086414   } 
   potential_energyvar { 415.9941549523093   } 
   nonlocal_energy { 20.5501196244891   } 
   nonlocal_energyvar { 290.5467569428303   } 
   autocorr_energy { } 
} 

block { 
   label vmc
   totweight 217600
   nautocorr 0
   total_energy { -125.5708455664612   } 
   total_energyvar { 11.99427218072256   } 
   weight { 1   } 
   weightvar { 1.776356839400247e-15   } 
   kinetic_energy { 46.76552571375063   } 
   kinetic_energyvar { 131.1494127854455   } 
   potential_energy { -192.8761615099714   } 
   potential_energyvar { 416.0269518270962   } 
   nonlocal_energy { 20.53979022975954   } 
   nonlocal_energyvar { 293.0928255131111   } 
   autocorr_energy { } 
} 

block { 
   label vmc
   totweight 217600
   nautocorr 0
   total_energy { -125.5717210634021   } 
   total_energyvar { 11.98632888819835   } 
   weight { 1   } 
   weightvar { 1.776356839400247e-15   } 
   kinetic_energy { 46.8123517899886   } 
   kinetic_energyvar { 130.0190601475936   } 
   potential_energy { -192.8772283247594   } 
   potential_energyvar { 412.2462398886723   } 
   nonlocal_energy { 20.49315547136876   } 
   nonlocal_energyvar { 289.7621734894113   } 
   autocorr_energy { } 
} 

block { 
   label vmc
   totweight 217600
   nautocorr 0
   total_energy { -125.5508763948788   } 
   total_energyvar { 12.35678548074215   } 
   weight { 1   } 
   weightvar { 1.776356839400247e-15   } 
   kinetic_energy { 46.79563364188825   } 
   kinetic_energyvar { 130.2743755301496   } 
   potential_energy { -192.9374247530861   } 
   potential_energyvar { 416.5594537371716   } 
   nonlocal_energy { 20.59091471631908   } 
   nonlocal_energyvar { 293.1870910087956   } 
   autocorr_energy { } 
} 

block { 
   label vmc
   totweight 217600
   nautocorr 0
   total_energy { -125.5481890315723   } 
   total_energyvar { 12.49996816742189   } 
   weight { 1   } 
   weightvar { 1.776356839400247e-15   } 
   kinetic_energy { 46.83391002788579   } 
   kinetic_energyvar { 130.4482303372479   } 
   potential_energy { -193.0712917090271   } 
   potential_energyvar { 417.710808409363   } 
   nonlocal_energy { 20.68919264956899   } 
   nonlocal_energyvar { 291.7232540923028   } 
   autocorr_energy { } 
} 

block { 
   label vmc
   totweight 217600
   nautocorr 0
   total_energy { -125.5547373999825   } 
   total_energyvar { 12.1158945801808   } 
   weight { 1   } 
   weightvar { 1.776356839400247e-15   } 
   kinetic_energy { 46.82665853698575   } 
   kinetic_energyvar { 130.6298742898724   } 
   potential_energy { -192.8274961004016   } 
   potential_energyvar { 413.9503609992125   } 
   nonlocal_energy { 20.44610016343335   } 
   nonlocal_energyvar { 291.0632011182151   } 
   autocorr_energy { } 
} 

block { 
   label vmc
   totweight 217600
   nautocorr 0
   total_energy { -125.5528104757362   } 
   total_energyvar { 12.0431727962454   } 
   weight { 1   } 
   weightvar { 1.776356839400247e-15   } 
   kinetic_energy { 46.82490563759779   } 
   kinetic_energyvar { 130.9040727931352   } 
   potential_energy { -192.8982849739517   } 
   potential_energyvar { 413.3794849882323   } 
   nonlocal_energy { 20.52056886061763   } 
   nonlocal_energyvar { 291.569535114662   } 
   autocorr_energy { } 
} 

block { 
   label vmc
   totweight 217600
   nautocorr 0
   total_energy { -125.5395116285876   } 
   total_energyvar { 12.76422767884179   } 
   weight { 1   } 
   weightvar { 1.776356839400247e-15   } 
   kinetic_energy { 46.80285421004061   } 
   kinetic_energyvar { 129.279341784958   } 
   potential_energy { -192.9600818138754   } 
   potential_energyvar { 416.7730863084362   } 
   nonlocal_energy { 20.61771597524715   } 
   nonlocal_energyvar { 288.9231375320488   } 
   autocorr_energy { } 
} 

block { 
   label vmc
   totweight 217600
   nautocorr 0
   total_energy { -125.5410270062341   } 
   total_energyvar { 12.40144104169576   } 
   weight { 1   } 
   weightvar { 1.776356839400247e-15   } 
   kinetic_energy { 46.785450236254   } 
   kinetic_energyvar { 129.9227485288509   } 
   potential_energy { -192.90051240396   } 
   potential_energyvar { 410.816555275784   } 
   nonlocal_energy { 20.57403516147191   } 
   nonlocal_energyvar { 290.9429314817012   } 
   autocorr_energy { } 
} 

block { 
   label vmc
   totweight 217600
   nautocorr 0
   total_energy { -125.5577689682006   } 
   total_energyvar { 12.19903489150614   } 
   weight { 1   } 
   weightvar { 1.776356839400247e-15   } 
   kinetic_energy { 46.75944746384279   } 
   kinetic_energyvar { 128.879907236588   } 
   potential_energy { -192.855094713013   } 
   potential_energyvar { 414.0773867951945   } 
   nonlocal_energy { 20.53787828096969   } 
   nonlocal_energyvar { 289.5672926995183   } 
   autocorr_energy { } 
} 

block { 
   label vmc
   totweight 217600
   nautocorr 0
   total_energy { -125.5629989211916   } 
   total_energyvar { 12.55464608219514   } 
   weight { 1   } 
   weightvar { 1.776356839400247e-15   } 
   kinetic_energy { 46.84280859734679   } 
   kinetic_energyvar { 129.8665455978872   } 
   potential_energy { -192.8995274906219   } 
   potential_energyvar { 414.7571137100737   } 
   nonlocal_energy { 20.49371997208351   } 
   nonlocal_energyvar { 287.8671921565357   } 
   autocorr_energy { } 
} 

block { 
   label vmc
   totweight 217600
   nautocorr 0
   total_energy { -125.5353163012754   } 
   total_energyvar { 12.83560759630226   } 
   weight { 1   } 
   weightvar { 1.776356839400247e-15   } 
   kinetic_energy { 46.81557011857306   } 
   kinetic_energyvar { 129.8966800309692   } 
   potential_energy { -192.8270555661635   } 
   potential_energyvar { 416.079298368432   } 
   nonlocal_energy { 20.47616914631502   } 
   nonlocal_energyvar { 289.147518383036   } 
   autocorr_energy { } 
} 

block { 
   label vmc
   totweight 217600
   nautocorr 0
   total_energy { -125.5260078999804   } 
   total_energyvar { 12.79683834761   } 
   weight { 1   } 
   weightvar { 1.776356839400247e-15   } 
   kinetic_energy { 46.7711125947737   } 
   kinetic_energyvar { 130.6073058238235   } 
   potential_energy { -192.9012931253001   } 
   potential_energyvar { 414.4402978315821   } 
   nonlocal_energy { 20.604172630546   } 
   nonlocal_energyvar { 291.324701338145   } 
   autocorr_energy { } 
} 

block { 
   label vmc
   totweight 217600
   nautocorr 0
   total_energy { -125.5606068741546   } 
   total_energyvar { 12.28633017212972   } 
   weight { 1   } 
   weightvar { 1.776356839400247e-15   } 
   kinetic_energy { 46.89371326338161   } 
   kinetic_energyvar { 128.9399988994979   } 
   potential_energy { -192.9075682693274   } 
   potential_energyvar { 412.1286404105033   } 
   nonlocal_energy { 20.45324813179129   } 
   nonlocal_energyvar { 285.2776852224072   } 
   autocorr_energy { } 
} 

block { 
   label vmc
   totweight 217600
   nautocorr 0
   total_energy { -125.5549129442521   } 
   total_energyvar { 12.25555810837691   } 
   weight { 1   } 
   weightvar { 1.776356839400247e-15   } 
   kinetic_energy { 46.89087531069952   } 
   kinetic_energyvar { 129.3703920529342   } 
   potential_energy { -192.9406230894693   } 
   potential_energyvar { 416.4500563821375   } 
   nonlocal_energy { 20.49483483451766   } 
   nonlocal_energyvar { 289.4837087169026   } 
   autocorr_energy { } 
} 

block { 
   label vmc
   totweight 217600
   nautocorr 0
   total_energy { -125.5555768452408   } 
   total_energyvar { 12.22642249166203   } 
   weight { 1   } 
   weightvar { 1.776356839400247e-15   } 
   kinetic_energy { 46.82341482069613   } 
   kinetic_energyvar { 131.0051269367644   } 
   potential_energy { -193.0018020902672   } 
   potential_energyvar { 415.3250850936471   } 
   nonlocal_energy { 20.62281042433021   } 
   nonlocal_energyvar { 291.614140927915   } 
   autocorr_energy { } 
} 

block { 
   label vmc
   totweight 217600
   nautocorr 0
   total_energy { -125.5704543070079   } 
   total_energyvar { 12.34455498222422   } 
   weight { 1   } 
   weightvar { 1.776356839400247e-15   } 
   kinetic_energy { 46.86921457589156   } 
   kinetic_energyvar { 131.2903883239257   } 
   potential_energy { -193.0215782142709   } 
   potential_energyvar { 414.3230102888996   } 
   nonlocal_energy { 20.58190933137139   } 
   nonlocal_energyvar { 291.7311225762394   } 
   autocorr_energy { } 
} 

block { 
   label vmc
   totweight 217600
   nautocorr 0
   total_energy { -125.5635999092104   } 
   total_energyvar { 12.30080696797575   } 
   weight { 1   } 
   weightvar { 1.776356839400247e-15   } 
   kinetic_energy { 46.77800941782017   } 
   kinetic_energyvar { 130.7623611624507   } 
   potential_energy { -192.8986226295698   } 
   potential_energyvar { 414.3262901851217   } 
   nonlocal_energy { 20.55701330253921   } 
   nonlocal_energyvar { 290.5066051368053   } 
   autocorr_energy { } 
} 

block { 
   label vmc
   totweight 217600
   nautocorr 0
   total_energy { -125.5691887527174   } 
   total_energyvar { 12.48121079196629   } 
   weight { 1   } 
   weightvar { 1.776356839400247e-15   } 
   kinetic_energy { 46.85840755493446   } 
   kinetic_energyvar { 130.3947257162558   } 
   potential_energy { -192.985259659061   } 
   potential_energyvar { 412.4420541315993   } 
   nonlocal_energy { 20.55766335140916   } 
   nonlocal_energyvar { 288.5912775538893   } 
   autocorr_energy { } 
} 

block { 
   label vmc
   totweight 217600
   nautocorr 0
   total_energy { -125.5535025162771   } 
   total_energyvar { 11.99097448202123   } 
   weight { 1   } 
   weightvar { 1.776356839400247e-15   } 
   kinetic_energy { 46.80372673733419   } 
   kinetic_energyvar { 129.6699389954445   } 
   potential_energy { -192.9831802605875   } 
   potential_energyvar { 418.2711402328034   } 
   nonlocal_energy { 20.62595100697633   } 
   nonlocal_energyvar { 293.0391002691384   } 
   autocorr_energy { } 
} 

block { 
   label vmc
   totweight 217600
   nautocorr 0
   total_energy { -125.5346549867155   } 
   total_energyvar { 21.47534643435311   } 
   weight { 1   } 
   weightvar { 1.776356839400247e-15   } 
   kinetic_energy { 46.75889885409896   } 
   kinetic_energyvar { 133.7270621648281   } 
   potential_energy { -192.9277284523566   } 
   potential_energyvar { 429.2738119654044   } 
   nonlocal_energy { 20.63417461154214   } 
   nonlocal_energyvar { 300.2873747781163   } 
   autocorr_energy { } 
} 

block { 
   label vmc
   totweight 217600
   nautocorr 0
   total_energy { -125.5620881924201   } 
   total_energyvar { 11.98599394074463   } 
   weight { 1   } 
   weightvar { 1.776356839400247e-15   } 
   kinetic_energy { 46.71629580981404   } 
   kinetic_energyvar { 132.2760859693124   } 
   potential_energy { -192.7812939933088   } 
   potential_energyvar { 416.3096264754413   } 
   nonlocal_energy { 20.50290999107459   } 
   nonlocal_energyvar { 293.8410126112423   } 
   autocorr_energy { } 
} 

block { 
   label vmc
   totweight 217600
   nautocorr 0
   total_energy { -125.5444154621523   } 
   total_energyvar { 12.59903942746629   } 
   weight { 1   } 
   weightvar { 1.776356839400247e-15   } 
   kinetic_energy { 46.75211491446499   } 
   kinetic_energyvar { 130.3510910480467   } 
   potential_energy { -192.9375367210179   } 
   potential_energyvar { 420.8083954849528   } 
   nonlocal_energy { 20.64100634440068   } 
   nonlocal_energyvar { 295.7369009084933   } 
   autocorr_energy { } 
} 

block { 
   label vmc
   totweight 217600
   nautocorr 0
   total_energy { -125.5510867688327   } 
   total_energyvar { 13.53906019998683   } 
   weight { 1   } 
   weightvar { 1.776356839400247e-15   } 
   kinetic_energy { 46.84549239157254   } 
   kinetic_energyvar { 130.7550552458464   } 
   potential_energy { -193.0093154004385   } 
   potential_energyvar { 416.6900605563881   } 
   nonlocal_energy { 20.61273624003327   } 
   nonlocal_energyvar { 291.235447459873   } 
   autocorr_energy { } 
} 

block { 
   label vmc
   totweight 217600
   nautocorr 0
   total_energy { -125.5358283406111   } 
   total_energyvar { 12.56010053078544   } 
   weight { 1   } 
   weightvar { 1.776356839400247e-15   } 
   kinetic_energy { 46.75810357019505   } 
   kinetic_energyvar { 129.968505332483   } 
   potential_energy { -192.8703784609324   } 
   potential_energyvar { 418.8323227024571   } 
   nonlocal_energy { 20.57644655012625   } 
   nonlocal_energyvar { 293.637174828672   } 
   autocorr_energy { } 
} 

block { 
   label vmc
   totweight 217600
   nautocorr 0
   total_energy { -125.5524685952835   } 
   total_energyvar { 12.20361516453899   } 
   weight { 1   } 
   weightvar { 1.776356839400247e-15   } 
   kinetic_energy { 46.78077110364894   } 
   kinetic_energyvar { 130.8843824078101   } 
   potential_energy { -192.8190475520743   } 
   potential_energyvar { 413.3216298753132   } 
   nonlocal_energy { 20.4858078531419   } 
   nonlocal_energyvar { 289.929201922032   } 
   autocorr_energy { } 
} 

block { 
   label vmc
   totweight 217600
   nautocorr 0
   total_energy { -125.5502198055563   } 
   total_energyvar { 12.14623316963558   } 
   weight { 1   } 
   weightvar { 1.776356839400247e-15   } 
   kinetic_energy { 46.81480126491526   } 
   kinetic_energyvar { 131.9584061454118   } 
   potential_energy { -193.0116054137983   } 
   potential_energyvar { 418.2901941232991   } 
   nonlocal_energy { 20.64658434332678   } 
   nonlocal_energyvar { 299.7278407838284   } 
   autocorr_energy { } 
} 

block { 
   label vmc
   totweight 217600
   nautocorr 0
   total_energy { -125.5474841105763   } 
   total_energyvar { 12.39260038309125   } 
   weight { 1   } 
   weightvar { 1.776356839400247e-15   } 
   kinetic_energy { 46.76668354217212   } 
   kinetic_energyvar { 130.0028032116927   } 
   potential_energy { -192.7771683992923   } 
   potential_energyvar { 416.3367244891808   } 
   nonlocal_energy { 20.46300074654387   } 
   nonlocal_energyvar { 289.1561953180462   } 
   autocorr_energy { } 
} 

block { 
   label vmc
   totweight 217600
   nautocorr 0
   total_energy { -125.5650393211121   } 
   total_energyvar { 14.95652402230657   } 
   weight { 1   } 
   weightvar { 1.776356839400247e-15   } 
   kinetic_energy { 46.80221248673799   } 
   kinetic_energyvar { 130.0036403045303   } 
   potential_energy { -192.9481682980461   } 
   potential_energyvar { 419.0549657386579   } 
   nonlocal_energy { 20.58091649019599   } 
   nonlocal_energyvar { 295.0029354051246   } 
   autocorr_energy { } 
} 

block { 
   label vmc
   totweight 217600
   nautocorr 0
   total_energy { -125.5555412621439   } 
   total_energyvar { 12.55758425187245   } 
   weight { 1   } 
   weightvar { 1.776356839400247e-15   } 
   kinetic_energy { 46.75285071438078   } 
   kinetic_energyvar { 128.3188444356064   } 
   potential_energy { -192.7922756508028   } 
   potential_energyvar { 415.0473463919459   } 
   nonlocal_energy { 20.48388367427814   } 
   nonlocal_energyvar { 289.6635291202752   } 
   autocorr_energy { } 
} 

block { 
   label vmc
   totweight 217600
   nautocorr 0
   total_energy { -125.5753403084341   } 
   total_energyvar { 12.17412288463419   } 
   weight { 1   } 
   weightvar { 1.776356839400247e-15   } 
   kinetic_energy { 46.75010193149836   } 
   kinetic_energyvar { 129.9165347204942   } 
   potential_energy { -192.9477420923064   } 
   potential_energyvar { 416.8278744635379   } 
   nonlocal_energy { 20.62229985237398   } 
   nonlocal_energyvar { 293.6304020354189   } 
   autocorr_energy { } 
} 

block { 
   label vmc
   totweight 217600
   nautocorr 0
   total_energy { -125.547714819408   } 
   total_energyvar { 12.46449407033861   } 
   weight { 1   } 
   weightvar { 1.776356839400247e-15   } 
   kinetic_energy { 46.81790679573602   } 
   kinetic_energyvar { 129.7266137755571   } 
   potential_energy { -193.049703912381   } 
   potential_energyvar { 415.5221551136883   } 
   nonlocal_energy { 20.68408229723699   } 
   nonlocal_energyvar { 295.1390763581388   } 
   autocorr_energy { } 
} 

block { 
   label vmc
   totweight 217600
   nautocorr 0
   total_energy { -125.5641365881469   } 
   total_energyvar { 12.19668978638395   } 
   weight { 1   } 
   weightvar { 1.776356839400247e-15   } 
   kinetic_energy { 46.84544986825577   } 
   kinetic_energyvar { 130.854082344814   } 
   potential_energy { -192.9358553001142   } 
   potential_energyvar { 412.6159299921253   } 
   nonlocal_energy { 20.52626884371155   } 
   nonlocal_energyvar { 290.7174442555489   } 
   autocorr_energy { } 
} 

block { 
   label vmc
   totweight 217600
   nautocorr 0
   total_energy { -125.5477058042947   } 
   total_energyvar { 12.41171672564032   } 
   weight { 1   } 
   weightvar { 1.776356839400247e-15   } 
   kinetic_energy { 46.81778872720724   } 
   kinetic_energyvar { 130.512123431188   } 
   potential_energy { -192.9074699114198   } 
   potential_energyvar { 420.5423267996065   } 
   nonlocal_energy { 20.54197537991788   } 
   nonlocal_energyvar { 296.2400640932619   } 
   autocorr_energy { } 
} 

block { 
   label vmc
   totweight 217600
   nautocorr 0
   total_energy { -125.5615977877156   } 
   total_energyvar { 12.30943040295171   } 
   weight { 1   } 
   weightvar { 1.776356839400247e-15   } 
   kinetic_energy { 46.7775651228664   } 
   kinetic_energyvar { 130.9015089120353   } 
   potential_energy { -192.9149912811678   } 
   potential_energyvar { 418.2556332235259   } 
   nonlocal_energy { 20.57582837058583   } 
   nonlocal_energyvar { 295.3946083354682   } 
   autocorr_energy { } 
} 

block { 
   label vmc
   totweight 217600
   nautocorr 0
   total_energy { -125.5615822723918   } 
   total_energyvar { 12.44453583079042   } 
   weight { 1   } 
   weightvar { 1.776356839400247e-15   } 
   kinetic_energy { 46.79259159675048   } 
   kinetic_energyvar { 130.1950011735552   } 
   potential_energy { -192.9438174002987   } 
   potential_energyvar { 418.3672949936333   } 
   nonlocal_energy { 20.58964353115644   } 
   nonlocal_energyvar { 295.7471025850032   } 
   autocorr_energy { } 
} 

block { 
   label vmc
   totweight 217600
   nautocorr 0
   total_energy { -125.567302501365   } 
   total_energyvar { 12.92232605867605   } 
   weight { 1   } 
   weightvar { 1.776356839400247e-15   } 
   kinetic_energy { 46.8242971784353   } 
   kinetic_energyvar { 131.0957060129166   } 
   potential_energy { -193.0344329638176   } 
   potential_energyvar { 417.2692882936888   } 
   nonlocal_energy { 20.64283328401727   } 
   nonlocal_energyvar { 293.7512044909672   } 
   autocorr_energy { } 
} 

block { 
   label vmc
   totweight 217600
   nautocorr 0
   total_energy { -125.5667058499883   } 
   total_energyvar { 11.9893158389102   } 
   weight { 1   } 
   weightvar { 1.776356839400247e-15   } 
   kinetic_energy { 46.87944565703277   } 
   kinetic_energyvar { 129.6437679468979   } 
   potential_energy { -193.0276913766802   } 
   potential_energyvar { 414.0635204197091   } 
   nonlocal_energy { 20.58153986965906   } 
   nonlocal_energyvar { 291.1718466804443   } 
   autocorr_energy { } 
} 

block { 
   label vmc
   totweight 217600
   nautocorr 0
   total_energy { -125.5507957911976   } 
   total_energyvar { 12.22923576066529   } 
   weight { 1   } 
   weightvar { 1.776356839400247e-15   } 
   kinetic_energy { 46.73164556054076   } 
   kinetic_energyvar { 131.1392697288279   } 
   potential_energy { -192.8060796989906   } 
   potential_energyvar { 414.617441212656   } 
   nonlocal_energy { 20.52363834725224   } 
   nonlocal_energyvar { 291.3866918041427   } 
   autocorr_energy { } 
} 

block { 
   label vmc
   totweight 217600
   nautocorr 0
   total_energy { -125.5348652735463   } 
   total_energyvar { 12.71252445889922   } 
   weight { 1   } 
   weightvar { 1.776356839400247e-15   } 
   kinetic_energy { 46.83177370410308   } 
   kinetic_energyvar { 130.6024682111906   } 
   potential_energy { -192.9504182836327   } 
   potential_energyvar { 415.3692585532993   } 
   nonlocal_energy { 20.58377930598327   } 
   nonlocal_energyvar { 291.4452936431267   } 
   autocorr_energy { } 
} 

block { 
   label vmc
   totweight 217600
   nautocorr 0
   total_energy { -125.5453499404064   } 
   total_energyvar { 12.30293735525754   } 
   weight { 1   } 
   weightvar { 1.776356839400247e-15   } 
   kinetic_energy { 46.77793916524305   } 
   kinetic_energyvar { 130.7693549394282   } 
   potential_energy { -192.9125043218537   } 
   potential_energyvar { 414.7126054165481   } 
   nonlocal_energy { 20.58921521620423   } 
   nonlocal_energyvar { 291.3801020101507   } 
   autocorr_energy { } 
} 

block { 
   label vmc
   totweight 217600
   nautocorr 0
   total_energy { -125.5451073856526   } 
   total_energyvar { 12.60408870649297   } 
   weight { 1   } 
   weightvar { 1.776356839400247e-15   } 
   kinetic_energy { 46.79451052466099   } 
   kinetic_energyvar { 130.5504088331298   } 
   potential_energy { -192.9797032822508   } 
   potential_energyvar { 417.4161939143993   } 
   nonlocal_energy { 20.64008537193718   } 
   nonlocal_energyvar { 291.2953636353786   } 
   autocorr_energy { } 
} 

block { 
   label vmc
   totweight 217600
   nautocorr 0
   total_energy { -125.5558021250972   } 
   total_energyvar { 12.42400471413572   } 
   weight { 1   } 
   weightvar { 1.776356839400247e-15   } 
   kinetic_energy { 46.83101107809183   } 
   kinetic_energyvar { 132.429093295187   } 
   potential_energy { -193.0224481082253   } 
   potential_energyvar { 416.8723219855944   } 
   nonlocal_energy { 20.63563490503627   } 
   nonlocal_energyvar { 292.6468770182759   } 
   autocorr_energy { } 
} 

block { 
   label vmc
   totweight 217600
   nautocorr 0
   total_energy { -125.5406702509869   } 
   total_energyvar { 12.14794256880318   } 
   weight { 1   } 
   weightvar { 1.776356839400247e-15   } 
   kinetic_energy { 46.82651884962701   } 
   kinetic_energyvar { 130.5681940649468   } 
   potential_energy { -192.8905460496924   } 
   potential_energyvar { 413.4744709224375   } 
   nonlocal_energy { 20.5233569490784   } 
   nonlocal_energyvar { 290.1403553634524   } 
   autocorr_energy { } 
} 

block { 
   label vmc
   totweight 217600
   nautocorr 0
   total_energy { -125.5511688207965   } 
   total_energyvar { 11.94709262037977   } 
   weight { 1   } 
   weightvar { 1.776356839400247e-15   } 
   kinetic_energy { 46.838392457748   } 
   kinetic_energyvar { 131.4119530403527   } 
   potential_energy { -192.9351704977118   } 
   potential_energyvar { 417.1191987234998   } 
   nonlocal_energy { 20.54560921916737   } 
   nonlocal_energyvar { 292.7477701859666   } 
   autocorr_energy { } 
} 

block { 
   label vmc
   totweight 217600
   nautocorr 0
   total_energy { -125.5599085941385   } 
   total_energyvar { 12.43303098943928   } 
   weight { 1   } 
   weightvar { 1.776356839400247e-15   } 
   kinetic_energy { 46.86930026778203   } 
   kinetic_energyvar { 129.5745559864626   } 
   potential_energy { -193.0119123342482   } 
   potential_energyvar { 417.8712603365641   } 
   nonlocal_energy { 20.5827034723276   } 
   nonlocal_energyvar { 293.750472604548   } 
   autocorr_energy { } 
} 

block { 
   label vmc
   totweight 217600
   nautocorr 0
   total_energy { -125.5685350018362   } 
   total_energyvar { 12.06068436466861   } 
   weight { 1   } 
   weightvar { 1.776356839400247e-15   } 
   kinetic_energy { 46.84018374323082   } 
   kinetic_energyvar { 131.3449324512904   } 
   potential_energy { -193.0008755717458   } 
   potential_energyvar { 417.122068898304   } 
   nonlocal_energy { 20.59215682667878   } 
   nonlocal_energyvar { 292.4087243232636   } 
   autocorr_energy { } 
} 

block { 
   label vmc
   totweight 217600
   nautocorr 0
   total_energy { -125.5542968109432   } 
   total_energyvar { 12.54161197198192   } 
   weight { 1   } 
   weightvar { 1.776356839400247e-15   } 
   kinetic_energy { 46.84588381021072   } 
   kinetic_energyvar { 131.9296191554731   } 
   potential_energy { -193.0159136335508   } 
   potential_energyvar { 418.7591533657546   } 
   nonlocal_energy { 20.61573301239696   } 
   nonlocal_energyvar { 294.7352244867496   } 
   autocorr_energy { } 
} 

block { 
   label vmc
   totweight 217600
   nautocorr 0
   total_energy { -125.5544427787672   } 
   total_energyvar { 12.6112718004174   } 
   weight { 1   } 
   weightvar { 1.776356839400247e-15   } 
   kinetic_energy { 46.85530354293428   } 
   kinetic_energyvar { 132.4545196642402   } 
   potential_energy { -193.0011589147055   } 
   potential_energyvar { 414.9909010387816   } 
   nonlocal_energy { 20.59141259300396   } 
   nonlocal_energyvar { 290.2703190775874   } 
   autocorr_energy { } 
} 

block { 
   label vmc
   totweight 217600
   nautocorr 0
   total_energy { -125.5581456532106   } 
   total_energyvar { 12.35371753962001   } 
   weight { 1   } 
   weightvar { 1.776356839400247e-15   } 
   kinetic_energy { 46.80688964839597   } 
   kinetic_energyvar { 129.0970705932813   } 
   potential_energy { -192.8002204878464   } 
   potential_energyvar { 411.713669340462   } 
   nonlocal_energy { 20.43518518623988   } 
   nonlocal_energyvar { 285.6246622466406   } 
   autocorr_energy { } 
} 

block { 
   label vmc
   totweight 217600
   nautocorr 0
   total_energy { -125.5426307515024   } 
   total_energyvar { 13.10266030818474   } 
   weight { 1   } 
   weightvar { 1.776356839400247e-15   } 
   kinetic_energy { 46.82838282000274   } 
   kinetic_energyvar { 130.4823414539573   } 
   potential_energy { -192.9211819758455   } 
   potential_energyvar { 411.5150973525134   } 
   nonlocal_energy { 20.55016840434029   } 
   nonlocal_energyvar { 289.2522661982178   } 
   autocorr_energy { } 
} 

block { 
   label vmc
   totweight 217600
   nautocorr 0
   total_energy { -125.5438344452456   } 
   total_energyvar { 12.67355428785181   } 
   weight { 1   } 
   weightvar { 1.776356839400247e-15   } 
   kinetic_energy { 46.79094132518517   } 
   kinetic_energyvar { 130.0545445695326   } 
   potential_energy { -192.9159194541713   } 
   potential_energyvar { 420.5724622031825   } 
   nonlocal_energy { 20.5811436837405   } 
   nonlocal_energyvar { 297.4428554775383   } 
   autocorr_energy { } 
} 

block { 
   label vmc
   totweight 217600
   nautocorr 0
   total_energy { -125.5557395467323   } 
   total_energyvar { 12.26612919513608   } 
   weight { 1   } 
   weightvar { 1.776356839400247e-15   } 
   kinetic_energy { 46.81634471744081   } 
   kinetic_energyvar { 130.7619238472538   } 
   potential_energy { -192.9281456476618   } 
   potential_energyvar { 413.9352808735608   } 
   nonlocal_energy { 20.55606138348865   } 
   nonlocal_energyvar { 290.1441237834036   } 
   autocorr_energy { } 
} 

block { 
   label vmc
   totweight 217600
   nautocorr 0
   total_energy { -125.5548019955202   } 
   total_energyvar { 12.213560504121   } 
   weight { 1   } 
   weightvar { 1.776356839400247e-15   } 
   kinetic_energy { 46.73239408991662   } 
   kinetic_energyvar { 130.1506872218807   } 
   potential_energy { -192.9105404420078   } 
   potential_energyvar { 418.2173838923131   } 
   nonlocal_energy { 20.62334435657099   } 
   nonlocal_energyvar { 294.9669486225233   } 
   autocorr_energy { } 
} 

block { 
   label vmc
   totweight 217600
   nautocorr 0
   total_energy { -125.5602218358651   } 
   total_energyvar { 12.33257824493601   } 
   weight { 1   } 
   weightvar { 1.776356839400247e-15   } 
   kinetic_energy { 46.8280538660082   } 
   kinetic_energyvar { 130.4517206177933   } 
   potential_energy { -192.981805229037   } 
   potential_energyvar { 418.2142513552145   } 
   nonlocal_energy { 20.59352952716378   } 
   nonlocal_energyvar { 290.5208786325732   } 
   autocorr_energy { } 
} 

block { 
   label vmc
   totweight 217600
   nautocorr 0
   total_energy { -125.5396969648229   } 
   total_energyvar { 12.21718664413834   } 
   weight { 1   } 
   weightvar { 1.776356839400247e-15   } 
   kinetic_energy { 46.7708736123107   } 
   kinetic_energyvar { 131.3283374008413   } 
   potential_energy { -192.8466694400047   } 
   potential_energyvar { 415.9480413468513   } 
   nonlocal_energy { 20.53609886287112   } 
   nonlocal_energyvar { 291.705094119587   } 
   autocorr_energy { } 
} 

block { 
   label vmc
   totweight 217600
   nautocorr 0
   total_energy { -125.5581532463347   } 
   total_energyvar { 12.00105526906374   } 
   weight { 1   } 
   weightvar { 1.776356839400247e-15   } 
   kinetic_energy { 46.81789412903637   } 
   kinetic_energyvar { 131.7361910599561   } 
   potential_energy { -193.0104172854062   } 
   potential_energyvar { 417.8800643646093   } 
   nonlocal_energy { 20.63436991003512   } 
   nonlocal_energyvar { 296.8575541512658   } 
   autocorr_energy { } 
} 

block { 
   label vmc
   totweight 217600
   nautocorr 0
   total_energy { -125.5415815835137   } 
   total_energyvar { 12.46410587315244   } 
   weight { 1   } 
   weightvar { 1.776356839400247e-15   } 
   kinetic_energy { 46.75473992474097   } 
   kinetic_energyvar { 131.4368085301948   } 
   potential_energy { -192.7980267805894   } 
   potential_energyvar { 418.149866850756   } 
   nonlocal_energy { 20.50170527233475   } 
   nonlocal_energyvar { 294.0822879756803   } 
   autocorr_energy { } 
} 

block { 
   label vmc
   totweight 217600
   nautocorr 0
   total_energy { -125.5572043377261   } 
   total_energyvar { 11.99863853810837   } 
   weight { 1   } 
   weightvar { 1.776356839400247e-15   } 
   kinetic_energy { 46.8506554087101   } 
   kinetic_energyvar { 131.5086217568469   } 
   potential_energy { -193.0094748970462   } 
   potential_energyvar { 418.1457210610543   } 
   nonlocal_energy { 20.60161515060998   } 
   nonlocal_energyvar { 295.009021322966   } 
   autocorr_energy { } 
} 

block { 
   label vmc
   totweight 217600
   nautocorr 0
   total_energy { -125.5607803178838   } 
   total_energyvar { 12.67243136605004   } 
   weight { 1   } 
   weightvar { 1.776356839400247e-15   } 
   kinetic_energy { 46.79897852841905   } 
   kinetic_energyvar { 129.3442944724605   } 
   potential_energy { -192.8667262884955   } 
   potential_energyvar { 410.419254959108   } 
   nonlocal_energy { 20.50696744219259   } 
   nonlocal_energyvar { 289.0078129523026   } 
   autocorr_energy { } 
} 

block { 
   label vmc
   totweight 217600
   nautocorr 0
   total_energy { -125.5309768938876   } 
   total_energyvar { 12.6920672625756   } 
   weight { 1   } 
   weightvar { 1.776356839400247e-15   } 
   kinetic_energy { 46.73143629713029   } 
   kinetic_energyvar { 129.4450820272252   } 
   potential_energy { -192.758397526132   } 
   potential_energyvar { 415.1365390102997   } 
   nonlocal_energy { 20.49598433511414   } 
   nonlocal_energyvar { 289.4186491686446   } 
   autocorr_energy { } 
} 

block { 
   label vmc
   totweight 217600
   nautocorr 0
   total_energy { -125.5723425268272   } 
   total_energyvar { 12.21774633022013   } 
   weight { 1   } 
   weightvar { 1.776356839400247e-15   } 
   kinetic_energy { 46.86406808491514   } 
   kinetic_energyvar { 132.1975051927805   } 
   potential_energy { -193.1168134004102   } 
   potential_energyvar { 417.073254187794   } 
   nonlocal_energy { 20.68040278866791   } 
   nonlocal_energyvar { 292.3955527602221   } 
   autocorr_energy { } 
} 

block { 
   label vmc
   totweight 217600
   nautocorr 0
   total_energy { -125.5677167584721   } 
   total_energyvar { 12.02697345955034   } 
   weight { 1   } 
   weightvar { 1.776356839400247e-15   } 
   kinetic_energy { 46.84387707910011   } 
   kinetic_energyvar { 131.0018971033411   } 
   potential_energy { -192.9475582313304   } 
   potential_energyvar { 417.0086489537852   } 
   nonlocal_energy { 20.53596439375818   } 
   nonlocal_energyvar { 291.9773111818066   } 
   autocorr_energy { } 
} 

block { 
   label vmc
   totweight 217600
   nautocorr 0
   total_energy { -125.5457258594568   } 
   total_energyvar { 12.23217224123763   } 
   weight { 1   } 
   weightvar { 1.776356839400247e-15   } 
   kinetic_energy { 46.81237407641793   } 
   kinetic_energyvar { 130.8042833416618   } 
   potential_energy { -192.9360317535237   } 
   potential_energyvar { 415.1979300629587   } 
   nonlocal_energy { 20.57793181764892   } 
   nonlocal_energyvar { 289.8795295385145   } 
   autocorr_energy { } 
} 

block { 
   label vmc
   totweight 217600
   nautocorr 0
   total_energy { -125.550849310169   } 
   total_energyvar { 12.34622827673766   } 
   weight { 1   } 
   weightvar { 1.776356839400247e-15   } 
   kinetic_energy { 46.72126493792498   } 
   kinetic_energyvar { 129.959576932547   } 
   potential_energy { -192.7918161262924   } 
   potential_energyvar { 412.8220407544281   } 
   nonlocal_energy { 20.51970187819845   } 
   nonlocal_energyvar { 289.555021821248   } 
   autocorr_energy { } 
} 

block { 
   label vmc
   totweight 217600
   nautocorr 0
   total_energy { -125.5507520129285   } 
   total_energyvar { 12.13890355913719   } 
   weight { 1   } 
   weightvar { 1.776356839400247e-15   } 
   kinetic_energy { 46.78818075763397   } 
   kinetic_energyvar { 129.7694539602992   } 
   potential_energy { -192.9072514984898   } 
   potential_energyvar { 416.2394715460192   } 
   nonlocal_energy { 20.56831872792738   } 
   nonlocal_energyvar { 291.0190349366397   } 
   autocorr_energy { } 
} 

block { 
   label vmc
   totweight 217600
   nautocorr 0
   total_energy { -125.5506594190195   } 
   total_energyvar { 12.0523021187324   } 
   weight { 1   } 
   weightvar { 1.776356839400247e-15   } 
   kinetic_energy { 46.7760330962589   } 
   kinetic_energyvar { 130.4485051865303   } 
   potential_energy { -192.82753505931   } 
   potential_energyvar { 417.7731234587557   } 
   nonlocal_energy { 20.50084254403164   } 
   nonlocal_energyvar { 293.8870725664342   } 
   autocorr_energy { } 
} 

block { 
   label vmc
   totweight 217600
   nautocorr 0
   total_energy { -125.5621701663381   } 
   total_energyvar { 12.21576466957278   } 
   weight { 1   } 
   weightvar { 1.776356839400247e-15   } 
   kinetic_energy { 46.80085631832046   } 
   kinetic_energyvar { 129.7845176174746   } 
   potential_energy { -192.9320623146973   } 
   potential_energyvar { 414.5715279626353   } 
   nonlocal_energy { 20.56903583003874   } 
   nonlocal_energyvar { 289.7592379340076   } 
   autocorr_energy { } 
} 

block { 
   label vmc
   totweight 217600
   nautocorr 0
   total_energy { -125.5631248533797   } 
   total_energyvar { 12.0906979110961   } 
   weight { 1   } 
   weightvar { 1.776356839400247e-15   } 
   kinetic_energy { 46.76903194187948   } 
   kinetic_energyvar { 130.8149281805489   } 
   potential_energy { -192.9116031848309   } 
   potential_energyvar { 414.2330404279888   } 
   nonlocal_energy { 20.57944638957168   } 
   nonlocal_energyvar { 292.6590779316128   } 
   autocorr_energy { } 
} 

block { 
   label vmc
   totweight 217600
   nautocorr 0
   total_energy { -125.5457850211301   } 
   total_energyvar { 12.20833106584157   } 
   weight { 1   } 
   weightvar { 1.776356839400247e-15   } 
   kinetic_energy { 46.8593756931178   } 
   kinetic_energyvar { 131.4018674678639   } 
   potential_energy { -192.9302307401408   } 
   potential_energyvar { 414.7045717527392   } 
   nonlocal_energy { 20.52507002589292   } 
   nonlocal_energyvar { 291.6040957693681   } 
   autocorr_energy { } 
} 

block { 
   label vmc
   totweight 217600
   nautocorr 0
   total_energy { -125.5557681509679   } 
   total_energyvar { 12.23344245834911   } 
   weight { 1   } 
   weightvar { 1.776356839400247e-15   } 
   kinetic_energy { 46.77101262446656   } 
   kinetic_energyvar { 132.4092991951727   } 
   potential_energy { -192.8634415512826   } 
   potential_energyvar { 415.4627168811238   } 
   nonlocal_energy { 20.53666077584804   } 
   nonlocal_energyvar { 293.6865903895871   } 
   autocorr_energy { } 
} 

block { 
   label vmc
   totweight 217600
   nautocorr 0
   total_energy { -125.5530188242444   } 
   total_energyvar { 12.1435719711246   } 
   weight { 1   } 
   weightvar { 1.776356839400247e-15   } 
   kinetic_energy { 46.78551960651298   } 
   kinetic_energyvar { 128.954718910632   } 
   potential_energy { -192.7363866270302   } 
   potential_energyvar { 411.0031527194673   } 
   nonlocal_energy { 20.39784819627282   } 
   nonlocal_energyvar { 285.1641861009747   } 
   autocorr_energy { } 
} 

block { 
   label vmc
   totweight 217600
   nautocorr 0
   total_energy { -125.537341359049   } 
   total_energyvar { 13.74709932677996   } 
   weight { 1   } 
   weightvar { 1.776356839400247e-15   } 
   kinetic_energy { 46.87433118644653   } 
   kinetic_energyvar { 131.1115595870499   } 
   potential_energy { -192.8852668847369   } 
   potential_energyvar { 416.7335519036361   } 
   nonlocal_energy { 20.47359433924144   } 
   nonlocal_energyvar { 291.6781752611066   } 
   autocorr_energy { } 
} 

block { 
   label vmc
   totweight 217600
   nautocorr 0
   total_energy { -125.5629690065893   } 
   total_energyvar { 11.93335289443781   } 
   weight { 1   } 
   weightvar { 1.776356839400247e-15   } 
   kinetic_energy { 46.83723122695934   } 
   kinetic_energyvar { 131.828336738375   } 
   potential_energy { -192.9714334015415   } 
   potential_energyvar { 414.5589757174133   } 
   nonlocal_energy { 20.57123316799292   } 
   nonlocal_energyvar { 291.9340914155288   } 
   autocorr_energy { } 
} 

block { 
   label vmc
   totweight 217600
   nautocorr 0
   total_energy { -125.5472113057083   } 
   total_energyvar { 12.24218960298536   } 
   weight { 1   } 
   weightvar { 1.776356839400247e-15   } 
   kinetic_energy { 46.76334979510046   } 
   kinetic_energyvar { 134.8523693069424   } 
   potential_energy { -192.8688006837942   } 
   potential_energyvar { 417.4007053217732   } 
   nonlocal_energy { 20.55823958298546   } 
   nonlocal_energyvar { 296.2128135527888   } 
   autocorr_energy { } 
} 

block { 
   label vmc
   totweight 217600
   nautocorr 0
   total_energy { -125.5687280984594   } 
   total_energyvar { 12.1203288827939   } 
   weight { 1   } 
   weightvar { 1.776356839400247e-15   } 
   kinetic_energy { 46.86943751050747   } 
   kinetic_energyvar { 128.8449978288101   } 
   potential_energy { -192.9224469662527   } 
   potential_energyvar { 414.1324881041135   } 
   nonlocal_energy { 20.48428135728577   } 
   nonlocal_energyvar { 289.7764665072378   } 
   autocorr_energy { } 
} 

block { 
   label vmc
   totweight 217600
   nautocorr 0
   total_energy { -125.5709199493517   } 
   total_energyvar { 11.94439708837302   } 
   weight { 1   } 
   weightvar { 1.776356839400247e-15   } 
   kinetic_energy { 46.83948153332213   } 
   kinetic_energyvar { 130.2159291483358   } 
   potential_energy { -192.9376453696463   } 
   potential_energyvar { 412.5885149297973   } 
   nonlocal_energy { 20.52724388697243   } 
   nonlocal_energyvar { 288.458759554988   } 
   autocorr_energy { } 
} 

block { 
   label vmc
   totweight 217600
   nautocorr 0
   total_energy { -125.5658038502251   } 
   total_energyvar { 12.18138918722204   } 
   weight { 1   } 
   weightvar { 1.776356839400247e-15   } 
   kinetic_energy { 46.88499369907976   } 
   kinetic_energyvar { 128.8820951582762   } 
   potential_energy { -192.9607733264785   } 
   potential_energyvar { 414.0016591982408   } 
   nonlocal_energy { 20.50997577717361   } 
   nonlocal_energyvar { 290.9540477008896   } 
   autocorr_energy { } 
} 

block { 
   label vmc
   totweight 217600
   nautocorr 0
   total_energy { -125.5487244487642   } 
   total_energyvar { 13.8575532389175   } 
   weight { 1   } 
   weightvar { 1.776356839400247e-15   } 
   kinetic_energy { 46.82529048417776   } 
   kinetic_energyvar { 130.1956116359235   } 
   potential_energy { -192.897101006141   } 
   potential_energyvar { 418.7244686718751   } 
   nonlocal_energy { 20.52308607319908   } 
   nonlocal_energyvar { 291.951546010928   } 
   autocorr_energy { } 
} 

block { 
   label vmc
   totweight 217600
   nautocorr 0
   total_energy { -125.5439177469947   } 
   total_energyvar { 12.53351865062844   } 
   weight { 1   } 
   weightvar { 1.776356839400247e-15   } 
   kinetic_energy { 46.80067067096824   } 
   kinetic_energyvar { 131.4268957333746   } 
   potential_energy { -193.0396656290446   } 
   potential_energyvar { 424.4157953276981   } 
   nonlocal_energy { 20.69507721108174   } 
   nonlocal_energyvar { 303.4385311757041   } 
   autocorr_energy { } 
} 

block { 
   label vmc
   totweight 217600
   nautocorr 0
   total_energy { -125.5829188465494   } 
   total_energyvar { 12.00232804611765   } 
   weight { 1   } 
   weightvar { 1.776356839400247e-15   } 
   kinetic_energy { 46.67875728251666   } 
   kinetic_energyvar { 128.4637905051957   } 
   potential_energy { -192.832611044645   } 
   potential_energyvar { 413.02319049228   } 
   nonlocal_energy { 20.57093491557891   } 
   nonlocal_energyvar { 292.4884086612207   } 
   autocorr_energy { } 
} 

block { 
   label vmc
   totweight 217600
   nautocorr 0
   total_energy { -125.5508585499438   } 
   total_energyvar { 12.29419697170337   } 
   weight { 1   } 
   weightvar { 1.776356839400247e-15   } 
   kinetic_energy { 46.86309153659097   } 
   kinetic_energyvar { 131.1119674179811   } 
   potential_energy { -192.9475934299092   } 
   potential_energyvar { 413.2502312786446   } 
   nonlocal_energy { 20.53364334337443   } 
   nonlocal_energyvar { 288.1060854150211   } 
   autocorr_energy { } 
} 

block { 
   label vmc
   totweight 217600
   nautocorr 0
   total_energy { -125.5497082438571   } 
   total_energyvar { 12.52083512162744   } 
   weight { 1   } 
   weightvar { 1.776356839400247e-15   } 
   kinetic_energy { 46.80572377565041   } 
   kinetic_energyvar { 131.2050824524952   } 
   potential_energy { -192.8952890254319   } 
   potential_energyvar { 414.5662472966532   } 
   nonlocal_energy { 20.53985700592437   } 
   nonlocal_energyvar { 291.8150833003988   } 
   autocorr_energy { } 
} 

block { 
   label vmc
   totweight 217600
   nautocorr 0
   total_energy { -125.5547580238088   } 
   total_energyvar { 13.34473699462434   } 
   weight { 1   } 
   weightvar { 1.776356839400247e-15   } 
   kinetic_energy { 46.89182997932013   } 
   kinetic_energyvar { 128.9867164492622   } 
   potential_energy { -192.9516599421185   } 
   potential_energyvar { 417.5864490923248   } 
   nonlocal_energy { 20.50507193898954   } 
   nonlocal_energyvar { 293.8299892156047   } 
   autocorr_energy { } 
} 

block { 
   label vmc
   totweight 217600
   nautocorr 0
   total_energy { -125.5587572244158   } 
   total_energyvar { 12.9384890276319   } 
   weight { 1   } 
   weightvar { 1.776356839400247e-15   } 
   kinetic_energy { 46.79770741919329   } 
   kinetic_energyvar { 132.0428072834279   } 
   potential_energy { -192.9294362641013   } 
   potential_energyvar { 418.5280304847843   } 
   nonlocal_energy { 20.57297162049224   } 
   nonlocal_energyvar { 292.3991972049144   } 
   autocorr_energy { } 
} 

block { 
   label vmc
   totweight 217600
   nautocorr 0
   total_energy { -125.5473309218498   } 
   total_energyvar { 12.34822634020745   } 
   weight { 1   } 
   weightvar { 1.776356839400247e-15   } 
   kinetic_energy { 46.71408073854676   } 
   kinetic_energyvar { 130.7254818873634   } 
   potential_energy { -192.7835646474064   } 
   potential_energyvar { 417.6266086440698   } 
   nonlocal_energy { 20.52215298700984   } 
   nonlocal_energyvar { 293.0227042189571   } 
   autocorr_energy { } 
} 

block { 
   label vmc
   totweight 217600
   nautocorr 0
   total_energy { -125.5511710922313   } 
   total_energyvar { 11.99923880642615   } 
   weight { 1   } 
   weightvar { 1.776356839400247e-15   } 
   kinetic_energy { 46.77809174822224   } 
   kinetic_energyvar { 129.7954295247097   } 
   potential_energy { -192.835038119644   } 
   potential_energyvar { 413.0424470928099   } 
   nonlocal_energy { 20.50577527919051   } 
   nonlocal_energyvar { 286.8382962937083   } 
   autocorr_energy { } 
} 

block { 
   label vmc
   totweight 217600
   nautocorr 0
   total_energy { -125.5568827471277   } 
   total_energyvar { 12.29825792464281   } 
   weight { 1   } 
   weightvar { 1.776356839400247e-15   } 
   kinetic_energy { 46.74596570184907   } 
   kinetic_energyvar { 131.3326501757453   } 
   potential_energy { -192.8400178926789   } 
   potential_energyvar { 418.5780182067419   } 
   nonlocal_energy { 20.53716944370211   } 
   nonlocal_energyvar { 295.0626646524597   } 
   autocorr_energy { } 
} 

