#-------------------------------------------------
#VMC run: timestep 0.42 nconfig 3072 steps 20
#-------------------------------------------------


init { 
   label vmc
}
block { 
   label vmc
   totweight 61440
   nautocorr 0
   total_energy { -7.96593680067536   } 
   total_energyvar { 0.4932504205809016   } 
   weight { 1   } 
   weightvar { 0   } 
   kinetic_energy { 2.536983170656206   } 
   kinetic_energyvar { 2.7941033708389   } 
   potential_energy { -11.45020394945757   } 
   potential_energyvar { 3.64834956054333   } 
   nonlocal_energy { 0.9472839781260058   } 
   nonlocal_energyvar { 4.761160669521798   } 
   autocorr_energy { } 
} 

block { 
   label vmc
   totweight 61440
   nautocorr 0
   total_energy { -7.960561996198742   } 
   total_energyvar { 0.5219203742405057   } 
   weight { 1   } 
   weightvar { 0   } 
   kinetic_energy { 2.548298275426777   } 
   kinetic_energyvar { 2.965639056276749   } 
   potential_energy { -11.45373018849762   } 
   potential_energyvar { 3.688580639558482   } 
   nonlocal_energy { 0.9448699168721023   } 
   nonlocal_energyvar { 4.953584141234734   } 
   autocorr_energy { } 
} 

block { 
   label vmc
   totweight 61440
   nautocorr 0
   total_energy { -7.961273439572875   } 
   total_energyvar { 0.504162088397905   } 
   weight { 1   } 
   weightvar { 0   } 
   kinetic_energy { 2.546713647306368   } 
   kinetic_energyvar { 2.902822616975137   } 
   potential_energy { -11.47483261950041   } 
   potential_energyvar { 3.702179857964394   } 
   nonlocal_energy { 0.9668455326211716   } 
   nonlocal_energyvar { 5.008667022382231   } 
   autocorr_energy { } 
} 

block { 
   label vmc
   totweight 61440
   nautocorr 0
   total_energy { -7.965307100778748   } 
   total_energyvar { 0.5128720443614887   } 
   weight { 1   } 
   weightvar { 0   } 
   kinetic_energy { 2.542460010413009   } 
   kinetic_energyvar { 2.929311046271513   } 
   potential_energy { -11.4891911507496   } 
   potential_energyvar { 3.757027690578094   } 
   nonlocal_energy { 0.9814240395578452   } 
   nonlocal_energyvar { 5.130231212793307   } 
   autocorr_energy { } 
} 

block { 
   label vmc
   totweight 61440
   nautocorr 0
   total_energy { -7.970617808247952   } 
   total_energyvar { 0.4936901360863019   } 
   weight { 1   } 
   weightvar { 0   } 
   kinetic_energy { 2.556813626772809   } 
   kinetic_energyvar { 2.818280524675897   } 
   potential_energy { -11.46924965250151   } 
   potential_energyvar { 3.705464339825739   } 
   nonlocal_energy { 0.9418182174807496   } 
   nonlocal_energyvar { 4.790011430626673   } 
   autocorr_energy { } 
} 

block { 
   label vmc
   totweight 61440
   nautocorr 0
   total_energy { -7.961954634075937   } 
   total_energyvar { 0.5216368908596379   } 
   weight { 1   } 
   weightvar { 0   } 
   kinetic_energy { 2.552225815502548   } 
   kinetic_energyvar { 2.843113623931353   } 
   potential_energy { -11.46715631835923   } 
   potential_energyvar { 3.731002456581705   } 
   nonlocal_energy { 0.9529758687807482   } 
   nonlocal_energyvar { 4.897975283369528   } 
   autocorr_energy { } 
} 

block { 
   label vmc
   totweight 61440
   nautocorr 0
   total_energy { -7.956576785396349   } 
   total_energyvar { 0.495149586824301   } 
   weight { 1   } 
   weightvar { 0   } 
   kinetic_energy { 2.567588914197499   } 
   kinetic_energyvar { 2.873259352838332   } 
   potential_energy { -11.47761015050044   } 
   potential_energyvar { 3.706669724752251   } 
   nonlocal_energy { 0.9534444509065938   } 
   nonlocal_energyvar { 4.980442548415222   } 
   autocorr_energy { } 
} 

block { 
   label vmc
   totweight 61440
   nautocorr 0
   total_energy { -7.956567676312498   } 
   total_energyvar { 0.5610127459909738   } 
   weight { 1   } 
   weightvar { 0   } 
   kinetic_energy { 2.554694116318614   } 
   kinetic_energyvar { 2.879361538774381   } 
   potential_energy { -11.46829467890629   } 
   potential_energyvar { 3.740276269654632   } 
   nonlocal_energy { 0.9570328862751751   } 
   nonlocal_energyvar { 4.880414278964754   } 
   autocorr_energy { } 
} 

block { 
   label vmc
   totweight 61440
   nautocorr 0
   total_energy { -7.959560156922842   } 
   total_energyvar { 0.5248936423764478   } 
   weight { 1   } 
   weightvar { 0   } 
   kinetic_energy { 2.554921981029066   } 
   kinetic_energyvar { 2.976514625932904   } 
   potential_energy { -11.4857989333052   } 
   potential_energyvar { 3.784961645956672   } 
   nonlocal_energy { 0.9713167953532872   } 
   nonlocal_energyvar { 5.124105057030533   } 
   autocorr_energy { } 
} 

block { 
   label vmc
   totweight 61440
   nautocorr 0
   total_energy { -7.961181904551437   } 
   total_energyvar { 0.4913174603522646   } 
   weight { 1   } 
   weightvar { 0   } 
   kinetic_energy { 2.561647822165252   } 
   kinetic_energyvar { 2.802074111827497   } 
   potential_energy { -11.47310938419747   } 
   potential_energyvar { 3.67187481250994   } 
   nonlocal_energy { 0.9502796574807791   } 
   nonlocal_energyvar { 4.824644771255146   } 
   autocorr_energy { } 
} 

block { 
   label vmc
   totweight 61440
   nautocorr 0
   total_energy { -7.954223159543845   } 
   total_energyvar { 0.5257218471465299   } 
   weight { 1   } 
   weightvar { 0   } 
   kinetic_energy { 2.571525836047893   } 
   kinetic_energyvar { 2.763969036326646   } 
   potential_energy { -11.46817643196052   } 
   potential_energyvar { 3.711657377823002   } 
   nonlocal_energy { 0.9424274363687828   } 
   nonlocal_energyvar { 4.700064568498072   } 
   autocorr_energy { } 
} 

block { 
   label vmc
   totweight 61440
   nautocorr 0
   total_energy { -7.960540711399337   } 
   total_energyvar { 0.5524751502685765   } 
   weight { 1   } 
   weightvar { 0   } 
   kinetic_energy { 2.557586305627039   } 
   kinetic_energyvar { 2.797158647304407   } 
   potential_energy { -11.47076346641292   } 
   potential_energyvar { 3.715320375407952   } 
   nonlocal_energy { 0.9526364493865451   } 
   nonlocal_energyvar { 4.696859848135353   } 
   autocorr_energy { } 
} 

block { 
   label vmc
   totweight 61440
   nautocorr 0
   total_energy { -7.956229678045537   } 
   total_energyvar { 0.5619893455556683   } 
   weight { 1   } 
   weightvar { 0   } 
   kinetic_energy { 2.551451322354274   } 
   kinetic_energyvar { 2.863221485531019   } 
   potential_energy { -11.45714236016962   } 
   potential_energyvar { 3.756660973254305   } 
   nonlocal_energy { 0.9494613597698098   } 
   nonlocal_energyvar { 4.914966388463886   } 
   autocorr_energy { } 
} 

block { 
   label vmc
   totweight 61440
   nautocorr 0
   total_energy { -7.962730971391596   } 
   total_energyvar { 0.5161642669560634   } 
   weight { 1   } 
   weightvar { 0   } 
   kinetic_energy { 2.545492602911934   } 
   kinetic_energyvar { 2.733706371677084   } 
   potential_energy { -11.4593340263623   } 
   potential_energyvar { 3.688327099583254   } 
   nonlocal_energy { 0.9511104520587643   } 
   nonlocal_energyvar { 4.722757665841838   } 
   autocorr_energy { } 
} 

block { 
   label vmc
   totweight 61440
   nautocorr 0
   total_energy { -7.963000353435566   } 
   total_energyvar { 0.5150007177249086   } 
   weight { 1   } 
   weightvar { 0   } 
   kinetic_energy { 2.568741225207138   } 
   kinetic_energyvar { 2.76344337337368   } 
   potential_energy { -11.45942415469088   } 
   potential_energyvar { 3.635097709362978   } 
   nonlocal_energy { 0.9276825760481722   } 
   nonlocal_energyvar { 4.670048113332787   } 
   autocorr_energy { } 
} 

block { 
   label vmc
   totweight 61440
   nautocorr 0
   total_energy { -7.956843015581487   } 
   total_energyvar { 0.5449841141973676   } 
   weight { 1   } 
   weightvar { 0   } 
   kinetic_energy { 2.552315293252874   } 
   kinetic_energyvar { 2.858928202573136   } 
   potential_energy { -11.47124178896415   } 
   potential_energyvar { 3.737014895531587   } 
   nonlocal_energy { 0.9620834801297865   } 
   nonlocal_energyvar { 4.999037288915685   } 
   autocorr_energy { } 
} 

block { 
   label vmc
   totweight 61440
   nautocorr 0
   total_energy { -7.962575349879652   } 
   total_energyvar { 0.546352602581566   } 
   weight { 1   } 
   weightvar { 0   } 
   kinetic_energy { 2.554338915889056   } 
   kinetic_energyvar { 2.85078442087521   } 
   potential_energy { -11.47178522941202   } 
   potential_energyvar { 3.715093845156197   } 
   nonlocal_energy { 0.9548709636433071   } 
   nonlocal_energyvar { 4.866289633734572   } 
   autocorr_energy { } 
} 

block { 
   label vmc
   totweight 61440
   nautocorr 0
   total_energy { -7.965644659960145   } 
   total_energyvar { 0.5532050560700267   } 
   weight { 1   } 
   weightvar { 0   } 
   kinetic_energy { 2.541723971469537   } 
   kinetic_energyvar { 2.938886333016776   } 
   potential_energy { -11.46614439476573   } 
   potential_energyvar { 3.754177975299323   } 
   nonlocal_energy { 0.9587757633360415   } 
   nonlocal_energyvar { 5.084049357977283   } 
   autocorr_energy { } 
} 

block { 
   label vmc
   totweight 61440
   nautocorr 0
   total_energy { -7.969283552867126   } 
   total_energyvar { 0.7331015082109049   } 
   weight { 1   } 
   weightvar { 0   } 
   kinetic_energy { 2.570178235332035   } 
   kinetic_energyvar { 2.791019333013078   } 
   potential_energy { -11.48273507111183   } 
   potential_energyvar { 3.851887675427344   } 
   nonlocal_energy { 0.9432732829126649   } 
   nonlocal_energyvar { 4.676193561623559   } 
   autocorr_energy { } 
} 

block { 
   label vmc
   totweight 61440
   nautocorr 0
   total_energy { -7.961173361182742   } 
   total_energyvar { 0.5090071120638354   } 
   weight { 1   } 
   weightvar { 0   } 
   kinetic_energy { 2.548184638659177   } 
   kinetic_energyvar { 2.887499129287417   } 
   potential_energy { -11.46083460750784   } 
   potential_energyvar { 3.675503680110117   } 
   nonlocal_energy { 0.9514766076659226   } 
   nonlocal_energyvar { 4.841828571209698   } 
   autocorr_energy { } 
} 

