#-------------------------------------------------
#DMC run: timestep 0.001
#-------------------------------------------------


init { 
   label spin_0.001
}
block { 
   label spin_0.001
   totweight 5120000
   nautocorr 0
   total_energy { -11.51286849970463   } 
   total_energyvar { 0.3514389959528113   } 
   weight { 1.002754011945241   } 
   weightvar { 0.009742438714341082   } 
   kinetic_energy { 3.784378745213131   } 
   kinetic_energyvar { 5.354436285473067   } 
   potential_energy { -16.50954791798704   } 
   potential_energyvar { 4.676601845867074   } 
   nonlocal_energy { 1.212300673069274   } 
   nonlocal_energyvar { 6.944714379612035   } 
   autocorr_energy { } 
} 

block { 
   label spin_0.001
   totweight 5120000
   nautocorr 0
   total_energy { -11.51210256301776   } 
   total_energyvar { 0.2498161566920396   } 
   weight { 1.00194771347322   } 
   weightvar { 0.03482848594094416   } 
   kinetic_energy { 3.803462563038363   } 
   kinetic_energyvar { 4.888477501359302   } 
   potential_energy { -16.49538456815048   } 
   potential_energyvar { 4.606976864056882   } 
   nonlocal_energy { 1.179819442094365   } 
   nonlocal_energyvar { 6.362158599072606   } 
   autocorr_energy { } 
} 

block { 
   label spin_0.001
   totweight 5120000
   nautocorr 0
   total_energy { -11.51170770712922   } 
   total_energyvar { 0.266291767737206   } 
   weight { 0.9968119952170399   } 
   weightvar { 0.05525847103244712   } 
   kinetic_energy { 3.783283299649018   } 
   kinetic_energyvar { 5.080378165262383   } 
   potential_energy { -16.49357657063277   } 
   potential_energyvar { 4.679137540028478   } 
   nonlocal_energy { 1.198585563854537   } 
   nonlocal_energyvar { 6.668250265688192   } 
   autocorr_energy { } 
} 

block { 
   label spin_0.001
   totweight 5120000
   nautocorr 0
   total_energy { -11.51047150398506   } 
   total_energyvar { 0.2705793016524155   } 
   weight { 0.9958057989957017   } 
   weightvar { 0.07276794848781466   } 
   kinetic_energy { 3.793346186650313   } 
   kinetic_energyvar { 4.899421121554373   } 
   potential_energy { -16.4950548385345   } 
   potential_energyvar { 4.635758385255295   } 
   nonlocal_energy { 1.191237147899135   } 
   nonlocal_energyvar { 6.555944665251543   } 
   autocorr_energy { } 
} 

block { 
   label spin_0.001
   totweight 5120000
   nautocorr 0
   total_energy { -11.51467691975022   } 
   total_energyvar { 0.2672854516297383   } 
   weight { 0.995578938403212   } 
   weightvar { 0.08196670033588178   } 
   kinetic_energy { 3.776695524688011   } 
   kinetic_energyvar { 5.20173327410571   } 
   potential_energy { -16.50523788861855   } 
   potential_energyvar { 4.786271766747446   } 
   nonlocal_energy { 1.213865444180317   } 
   nonlocal_energyvar { 6.77428080226187   } 
   autocorr_energy { } 
} 

block { 
   label spin_0.001
   totweight 5120000
   nautocorr 0
   total_energy { -11.5173610879657   } 
   total_energyvar { 0.254435473572697   } 
   weight { 0.9985136418235934   } 
   weightvar { 0.08762335628207682   } 
   kinetic_energy { 3.806194095956376   } 
   kinetic_energyvar { 5.051073385904502   } 
   potential_energy { -16.49789496199884   } 
   potential_energyvar { 4.624081657294446   } 
   nonlocal_energy { 1.174339778076765   } 
   nonlocal_energyvar { 6.506494503076657   } 
   autocorr_energy { } 
} 

block { 
   label spin_0.001
   totweight 5120000
   nautocorr 0
   total_energy { -11.51822436722067   } 
   total_energyvar { 0.266865544297568   } 
   weight { 1.000765785091533   } 
   weightvar { 0.08856264790432691   } 
   kinetic_energy { 3.79320717060788   } 
   kinetic_energyvar { 4.956209903820505   } 
   potential_energy { -16.49565474746232   } 
   potential_energyvar { 4.62470564029912   } 
   nonlocal_energy { 1.184223209633772   } 
   nonlocal_energyvar { 6.450049073218302   } 
   autocorr_energy { } 
} 

block { 
   label spin_0.001
   totweight 5120000
   nautocorr 0
   total_energy { -11.51469659698691   } 
   total_energyvar { 0.2551589886450286   } 
   weight { 0.9977616397553564   } 
   weightvar { 0.09001546348092131   } 
   kinetic_energy { 3.783059780337076   } 
   kinetic_energyvar { 5.176863737221413   } 
   potential_energy { -16.50901617191633   } 
   potential_energyvar { 4.595959677926476   } 
   nonlocal_energy { 1.21125979459234   } 
   nonlocal_energyvar { 6.836645868826501   } 
   autocorr_energy { } 
} 

block { 
   label spin_0.001
   totweight 5120000
   nautocorr 0
   total_energy { -11.51160950443411   } 
   total_energyvar { 0.220880805055987   } 
   weight { 0.9961052296978377   } 
   weightvar { 0.09183494013565935   } 
   kinetic_energy { 3.810705644448808   } 
   kinetic_energyvar { 4.883557551162537   } 
   potential_energy { -16.4875449115515   } 
   potential_energyvar { 4.67196371393009   } 
   nonlocal_energy { 1.165229762668585   } 
   nonlocal_energyvar { 6.204884528733608   } 
   autocorr_energy { } 
} 

block { 
   label spin_0.001
   totweight 5120000
   nautocorr 0
   total_energy { -11.51560753780018   } 
   total_energyvar { 0.2202608911386509   } 
   weight { 0.9957367966938545   } 
   weightvar { 0.0913319133993282   } 
   kinetic_energy { 3.793009880770457   } 
   kinetic_energyvar { 4.822636776688582   } 
   potential_energy { -16.48741625187612   } 
   potential_energyvar { 4.619317381564087   } 
   nonlocal_energy { 1.178798833305484   } 
   nonlocal_energyvar { 6.377642891502363   } 
   autocorr_energy { } 
} 

block { 
   label spin_0.001
   totweight 5120000
   nautocorr 0
   total_energy { -11.51411715823753   } 
   total_energyvar { 0.2109049813430389   } 
   weight { 0.996817813336718   } 
   weightvar { 0.09498556635532661   } 
   kinetic_energy { 3.783182242425185   } 
   kinetic_energyvar { 4.853126067093088   } 
   potential_energy { -16.49058846781188   } 
   potential_energyvar { 4.599143368536119   } 
   nonlocal_energy { 1.193289067149162   } 
   nonlocal_energyvar { 6.464749913486384   } 
   autocorr_energy { } 
} 

block { 
   label spin_0.001
   totweight 5120000
   nautocorr 0
   total_energy { -11.50859602935173   } 
   total_energyvar { 0.224338086204578   } 
   weight { 0.994727992320705   } 
   weightvar { 0.09729320198135606   } 
   kinetic_energy { 3.788004836294572   } 
   kinetic_energyvar { 5.007909549366614   } 
   potential_energy { -16.48541533459187   } 
   potential_energyvar { 4.588247272671266   } 
   nonlocal_energy { 1.188814468945565   } 
   nonlocal_energyvar { 6.586883403327579   } 
   autocorr_energy { } 
} 

block { 
   label spin_0.001
   totweight 5120000
   nautocorr 0
   total_energy { -11.51170192920713   } 
   total_energyvar { 0.2586191509948119   } 
   weight { 0.9929925329580932   } 
   weightvar { 0.09546602742812979   } 
   kinetic_energy { 3.779668379098234   } 
   kinetic_energyvar { 5.080609857181497   } 
   potential_energy { -16.48569478107929   } 
   potential_energyvar { 4.5958358373114   } 
   nonlocal_energy { 1.194324472773918   } 
   nonlocal_energyvar { 6.570876205214144   } 
   autocorr_energy { } 
} 

block { 
   label spin_0.001
   totweight 5120000
   nautocorr 0
   total_energy { -11.51284460448077   } 
   total_energyvar { 0.2684796602828166   } 
   weight { 0.9933796564700879   } 
   weightvar { 0.09597421850100403   } 
   kinetic_energy { 3.784141628267215   } 
   kinetic_energyvar { 5.003801662398868   } 
   potential_energy { -16.50642477607291   } 
   potential_energyvar { 4.606770720704048   } 
   nonlocal_energy { 1.209438543324928   } 
   nonlocal_energyvar { 6.748311219812819   } 
   autocorr_energy { } 
} 

block { 
   label spin_0.001
   totweight 5120000
   nautocorr 0
   total_energy { -11.51647317343115   } 
   total_energyvar { 0.2714666696288115   } 
   weight { 0.9961358028023777   } 
   weightvar { 0.09609796475373582   } 
   kinetic_energy { 3.802931786995927   } 
   kinetic_energyvar { 5.066524017425601   } 
   potential_energy { -16.52357276278794   } 
   potential_energyvar { 4.507661756973532   } 
   nonlocal_energy { 1.204167802360865   } 
   nonlocal_energyvar { 6.716607554347571   } 
   autocorr_energy { } 
} 

block { 
   label spin_0.001
   totweight 5120000
   nautocorr 0
   total_energy { -11.51466334160452   } 
   total_energyvar { 0.2593106430186195   } 
   weight { 0.996825231846778   } 
   weightvar { 0.09510506623497225   } 
   kinetic_energy { 3.787297628799018   } 
   kinetic_energyvar { 5.043767409151493   } 
   potential_energy { -16.50114153971498   } 
   potential_energyvar { 4.620741905082392   } 
   nonlocal_energy { 1.199180569311445   } 
   nonlocal_energyvar { 6.678635536357046   } 
   autocorr_energy { } 
} 

block { 
   label spin_0.001
   totweight 5120000
   nautocorr 0
   total_energy { -11.51683552241366   } 
   total_energyvar { 0.206567844406667   } 
   weight { 0.9973699353668973   } 
   weightvar { 0.09610235511823058   } 
   kinetic_energy { 3.796780740779131   } 
   kinetic_energyvar { 4.685476153725236   } 
   potential_energy { -16.49176022085187   } 
   potential_energyvar { 4.591800800972514   } 
   nonlocal_energy { 1.178143957659086   } 
   nonlocal_energyvar { 6.309948447017957   } 
   autocorr_energy { } 
} 

block { 
   label spin_0.001
   totweight 5120000
   nautocorr 0
   total_energy { -11.51570485665111   } 
   total_energyvar { 0.2504708826871868   } 
   weight { 0.998494378448733   } 
   weightvar { 0.09577778438848324   } 
   kinetic_energy { 3.813576076446399   } 
   kinetic_energyvar { 4.877589064030668   } 
   potential_energy { -16.51391130369708   } 
   potential_energyvar { 4.548004737392529   } 
   nonlocal_energy { 1.184630370599566   } 
   nonlocal_energyvar { 6.442800178781465   } 
   autocorr_energy { } 
} 

block { 
   label spin_0.001
   totweight 5120000
   nautocorr 0
   total_energy { -11.51446753874124   } 
   total_energyvar { 0.242795708055108   } 
   weight { 0.9981389127724749   } 
   weightvar { 0.09746950225935018   } 
   kinetic_energy { 3.809199931965819   } 
   kinetic_energyvar { 5.006800941377921   } 
   potential_energy { -16.53488534554394   } 
   potential_energyvar { 4.620230445708044   } 
   nonlocal_energy { 1.211217874836879   } 
   nonlocal_energyvar { 6.719925615435765   } 
   autocorr_energy { } 
} 

block { 
   label spin_0.001
   totweight 5120000
   nautocorr 0
   total_energy { -11.51641029185035   } 
   total_energyvar { 0.2587456968315903   } 
   weight { 0.9971861282531812   } 
   weightvar { 0.09805932698081528   } 
   kinetic_energy { 3.806904301807351   } 
   kinetic_energyvar { 5.199283263717259   } 
   potential_energy { -16.52326744640718   } 
   potential_energyvar { 4.565171316903084   } 
   nonlocal_energy { 1.199952852749486   } 
   nonlocal_energyvar { 6.669138291127461   } 
   autocorr_energy { } 
} 

block { 
   label spin_0.001
   totweight 5120000
   nautocorr 0
   total_energy { -11.51198792083037   } 
   total_energyvar { 0.2703957923433797   } 
   weight { 0.9953771396375091   } 
   weightvar { 0.09765878265702009   } 
   kinetic_energy { 3.82971053033636   } 
   kinetic_energyvar { 5.117031140693315   } 
   potential_energy { -16.51529636921596   } 
   potential_energyvar { 4.560313314640132   } 
   nonlocal_energy { 1.17359791804923   } 
   nonlocal_energyvar { 6.577721159630176   } 
   autocorr_energy { } 
} 

block { 
   label spin_0.001
   totweight 5120000
   nautocorr 0
   total_energy { -11.51299609791894   } 
   total_energyvar { 0.2499508009573541   } 
   weight { 0.9950957410335912   } 
   weightvar { 0.09603072907872202   } 
   kinetic_energy { 3.818835374349878   } 
   kinetic_energyvar { 5.05021072133728   } 
   potential_energy { -16.52424015413573   } 
   potential_energyvar { 4.610684624376195   } 
   nonlocal_energy { 1.192408681866912   } 
   nonlocal_energyvar { 6.55507449007248   } 
   autocorr_energy { } 
} 

block { 
   label spin_0.001
   totweight 5120000
   nautocorr 0
   total_energy { -11.51610325638606   } 
   total_energyvar { 0.2521807770042919   } 
   weight { 0.9954229186628131   } 
   weightvar { 0.095436947456393   } 
   kinetic_energy { 3.813494559602546   } 
   kinetic_energyvar { 4.908243665915466   } 
   potential_energy { -16.49505124681872   } 
   potential_energyvar { 4.593084962733546   } 
   nonlocal_energy { 1.165453430830111   } 
   nonlocal_energyvar { 6.253620867605727   } 
   autocorr_energy { } 
} 

block { 
   label spin_0.001
   totweight 5120000
   nautocorr 0
   total_energy { -11.51542912992155   } 
   total_energyvar { 0.242139274641682   } 
   weight { 0.9967404930211371   } 
   weightvar { 0.09484061015286396   } 
   kinetic_energy { 3.805279422649731   } 
   kinetic_energyvar { 5.086922090695318   } 
   potential_energy { -16.51889101015066   } 
   potential_energyvar { 4.6521412069385   } 
   nonlocal_energy { 1.198182457579381   } 
   nonlocal_energyvar { 6.654218588899349   } 
   autocorr_energy { } 
} 

block { 
   label spin_0.001
   totweight 5120000
   nautocorr 0
   total_energy { -11.51481394428289   } 
   total_energyvar { 0.2411102189362088   } 
   weight { 0.9960689223230719   } 
   weightvar { 0.09499085532115138   } 
   kinetic_energy { 3.796843537766021   } 
   kinetic_energyvar { 5.118928986512358   } 
   potential_energy { -16.51011497456901   } 
   potential_energyvar { 4.62216792704127   } 
   nonlocal_energy { 1.198457492520101   } 
   nonlocal_energyvar { 6.726508753425875   } 
   autocorr_energy { } 
} 

block { 
   label spin_0.001
   totweight 5120000
   nautocorr 0
   total_energy { -11.51307474406134   } 
   total_energyvar { 0.23776391388171   } 
   weight { 0.9954737055373153   } 
   weightvar { 0.09472103809887664   } 
   kinetic_energy { 3.788916468694777   } 
   kinetic_energyvar { 4.989148176276378   } 
   potential_energy { -16.49307728007741   } 
   potential_energyvar { 4.553392642727888   } 
   nonlocal_energy { 1.191086067321286   } 
   nonlocal_energyvar { 6.559269704311069   } 
   autocorr_energy { } 
} 

block { 
   label spin_0.001
   totweight 5120000
   nautocorr 0
   total_energy { -11.51375366078742   } 
   total_energyvar { 0.25435480200785   } 
   weight { 0.9960186885817899   } 
   weightvar { 0.09610119519205247   } 
   kinetic_energy { 3.809321449036061   } 
   kinetic_energyvar { 4.93248697325441   } 
   potential_energy { -16.49759572442266   } 
   potential_energyvar { 4.527121174043464   } 
   nonlocal_energy { 1.174520614599186   } 
   nonlocal_energyvar { 6.393188140642788   } 
   autocorr_energy { } 
} 

block { 
   label spin_0.001
   totweight 5120000
   nautocorr 0
   total_energy { -11.50951827603488   } 
   total_energyvar { 0.2192094148126958   } 
   weight { 0.9945515864996894   } 
   weightvar { 0.09485688588271837   } 
   kinetic_energy { 3.819517581376523   } 
   kinetic_energyvar { 4.915788719275625   } 
   potential_energy { -16.513871318879   } 
   potential_energyvar { 4.598097056351278   } 
   nonlocal_energy { 1.184835461467592   } 
   nonlocal_energyvar { 6.463368567204878   } 
   autocorr_energy { } 
} 

block { 
   label spin_0.001
   totweight 5120000
   nautocorr 0
   total_energy { -11.51075934318709   } 
   total_energyvar { 0.217951118965024   } 
   weight { 0.9925934688260828   } 
   weightvar { 0.095396956076988   } 
   kinetic_energy { 3.822907519465269   } 
   kinetic_energyvar { 4.985148721049002   } 
   potential_energy { -16.52194247853833   } 
   potential_energyvar { 4.61856831752417   } 
   nonlocal_energy { 1.188275615885972   } 
   nonlocal_energyvar { 6.457479013422753   } 
   autocorr_energy { } 
} 

block { 
   label spin_0.001
   totweight 5120000
   nautocorr 0
   total_energy { -11.51142324852539   } 
   total_energyvar { 0.2523413373474865   } 
   weight { 0.9922299720757519   } 
   weightvar { 0.09636922643136792   } 
   kinetic_energy { 3.784327455402682   } 
   kinetic_energyvar { 5.031953713646629   } 
   potential_energy { -16.45653980481777   } 
   potential_energyvar { 4.620794278791526   } 
   nonlocal_energy { 1.160789100889699   } 
   nonlocal_energyvar { 6.410759109094268   } 
   autocorr_energy { } 
} 

block { 
   label spin_0.001
   totweight 5120000
   nautocorr 0
   total_energy { -11.51497816319543   } 
   total_energyvar { 0.2185349266470479   } 
   weight { 0.9940959222296475   } 
   weightvar { 0.09645618492825858   } 
   kinetic_energy { 3.790158066640902   } 
   kinetic_energyvar { 4.764074390919982   } 
   potential_energy { -16.47919850706948   } 
   potential_energyvar { 4.610769509128712   } 
   nonlocal_energy { 1.174062277233143   } 
   nonlocal_energyvar { 6.300474847983536   } 
   autocorr_energy { } 
} 

block { 
   label spin_0.001
   totweight 5120000
   nautocorr 0
   total_energy { -11.51292744127577   } 
   total_energyvar { 0.2326353202033477   } 
   weight { 0.9960917921475754   } 
   weightvar { 0.09688190420441105   } 
   kinetic_energy { 3.81811414628599   } 
   kinetic_energyvar { 5.004037677476192   } 
   potential_energy { -16.51443416179006   } 
   potential_energyvar { 4.561069599847698   } 
   nonlocal_energy { 1.183392574228293   } 
   nonlocal_energyvar { 6.456670568077415   } 
   autocorr_energy { } 
} 

block { 
   label spin_0.001
   totweight 5120000
   nautocorr 0
   total_energy { -11.51312402238679   } 
   total_energyvar { 0.2543894310871053   } 
   weight { 0.994612618854368   } 
   weightvar { 0.09834165143113606   } 
   kinetic_energy { 3.79334148712199   } 
   kinetic_energyvar { 5.130977133951132   } 
   potential_energy { -16.49746610431616   } 
   potential_energyvar { 4.596661320270101   } 
   nonlocal_energy { 1.191000594807387   } 
   nonlocal_energyvar { 6.680287105219985   } 
   autocorr_energy { } 
} 

block { 
   label spin_0.001
   totweight 5120000
   nautocorr 0
   total_energy { -11.51814116708376   } 
   total_energyvar { 0.233218523566833   } 
   weight { 0.997346946394095   } 
   weightvar { 0.09633741903130984   } 
   kinetic_energy { 3.780771191561272   } 
   kinetic_energyvar { 5.080414487479365   } 
   potential_energy { -16.4912931970513   } 
   potential_energyvar { 4.548331625648574   } 
   nonlocal_energy { 1.192380838406266   } 
   nonlocal_energyvar { 6.618865937129237   } 
   autocorr_energy { } 
} 

block { 
   label spin_0.001
   totweight 5120000
   nautocorr 0
   total_energy { -11.50946768217131   } 
   total_energyvar { 0.2694931923278535   } 
   weight { 0.9965498514559851   } 
   weightvar { 0.09593022688722924   } 
   kinetic_energy { 3.804522150381976   } 
   kinetic_energyvar { 4.760474491346022   } 
   potential_energy { -16.48434212469078   } 
   potential_energyvar { 4.492212582552715   } 
   nonlocal_energy { 1.170352292137489   } 
   nonlocal_energyvar { 6.264022674212192   } 
   autocorr_energy { } 
} 

block { 
   label spin_0.001
   totweight 5120000
   nautocorr 0
   total_energy { -11.51398220293431   } 
   total_energyvar { 0.2490686415479927   } 
   weight { 0.9944135108059415   } 
   weightvar { 0.09652025433363341   } 
   kinetic_energy { 3.786803496052841   } 
   kinetic_energyvar { 5.106062068917282   } 
   potential_energy { -16.48637074885503   } 
   potential_energyvar { 4.574919472687931   } 
   nonlocal_energy { 1.185585049867876   } 
   nonlocal_energyvar { 6.684992451299113   } 
   autocorr_energy { } 
} 

block { 
   label spin_0.001
   totweight 5120000
   nautocorr 0
   total_energy { -11.51251764626616   } 
   total_energyvar { 0.2329072142153567   } 
   weight { 0.9954092341818177   } 
   weightvar { 0.09751895935064538   } 
   kinetic_energy { 3.771949865706182   } 
   kinetic_energyvar { 4.673590855521955   } 
   potential_energy { -16.44161405074369   } 
   potential_energyvar { 4.518750977173984   } 
   nonlocal_energy { 1.157146538771346   } 
   nonlocal_energyvar { 6.291310622160776   } 
   autocorr_energy { } 
} 

block { 
   label spin_0.001
   totweight 5120000
   nautocorr 0
   total_energy { -11.51261715654268   } 
   total_energyvar { 0.2233472058128034   } 
   weight { 0.9952977753987318   } 
   weightvar { 0.09685092015303484   } 
   kinetic_energy { 3.772671941615427   } 
   kinetic_energyvar { 4.961576419753625   } 
   potential_energy { -16.47026525226476   } 
   potential_energyvar { 4.682116310033995   } 
   nonlocal_energy { 1.184976154106642   } 
   nonlocal_energyvar { 6.552073024613547   } 
   autocorr_energy { } 
} 

block { 
   label spin_0.001
   totweight 5120000
   nautocorr 0
   total_energy { -11.51732578288464   } 
   total_energyvar { 0.271369572272161   } 
   weight { 0.9968208634734503   } 
   weightvar { 0.09727343537408796   } 
   kinetic_energy { 3.770962979762407   } 
   kinetic_energyvar { 4.998155318392006   } 
   potential_energy { -16.45855456974405   } 
   potential_energyvar { 4.636911783500188   } 
   nonlocal_energy { 1.170265807097003   } 
   nonlocal_energyvar { 6.451329006986712   } 
   autocorr_energy { } 
} 

block { 
   label spin_0.001
   totweight 5120000
   nautocorr 0
   total_energy { -11.50959713410792   } 
   total_energyvar { 0.2145626908663273   } 
   weight { 0.9956188855301378   } 
   weightvar { 0.09801904270042788   } 
   kinetic_energy { 3.784609162459445   } 
   kinetic_energyvar { 4.781609782386432   } 
   potential_energy { -16.46028782139827   } 
   potential_energyvar { 4.453427093956128   } 
   nonlocal_energy { 1.166081524830916   } 
   nonlocal_energyvar { 6.284435069552833   } 
   autocorr_energy { } 
} 

block { 
   label spin_0.001
   totweight 5120000
   nautocorr 0
   total_energy { -11.51449748663529   } 
   total_energyvar { 0.2347545189125955   } 
   weight { 0.9948460251743628   } 
   weightvar { 0.09624111312050455   } 
   kinetic_energy { 3.788502675899908   } 
   kinetic_energyvar { 5.052215480210526   } 
   potential_energy { -16.49496308089325   } 
   potential_energyvar { 4.673617903287642   } 
   nonlocal_energy { 1.191962918358054   } 
   nonlocal_energyvar { 6.48840098052221   } 
   autocorr_energy { } 
} 

block { 
   label spin_0.001
   totweight 5120000
   nautocorr 0
   total_energy { -11.51334502442253   } 
   total_energyvar { 0.2106626797466862   } 
   weight { 0.9964630869311418   } 
   weightvar { 0.09484344818364508   } 
   kinetic_energy { 3.805796667174987   } 
   kinetic_energyvar { 4.933192646519275   } 
   potential_energy { -16.51239020554977   } 
   potential_energyvar { 4.649842521345502   } 
   nonlocal_energy { 1.19324851395225   } 
   nonlocal_energyvar { 6.551588151734319   } 
   autocorr_energy { } 
} 

block { 
   label spin_0.001
   totweight 5120000
   nautocorr 0
   total_energy { -11.5118472109708   } 
   total_energyvar { 0.2278762927864104   } 
   weight { 0.9957665334299074   } 
   weightvar { 0.09435471582806416   } 
   kinetic_energy { 3.820572080336715   } 
   kinetic_energyvar { 4.897733329046386   } 
   potential_energy { -16.50229460380051   } 
   potential_energyvar { 4.643474363694262   } 
   nonlocal_energy { 1.169875312492987   } 
   nonlocal_energyvar { 6.39649002032206   } 
   autocorr_energy { } 
} 

block { 
   label spin_0.001
   totweight 5120000
   nautocorr 0
   total_energy { -11.51230752973595   } 
   total_energyvar { 0.3396116488518291   } 
   weight { 0.9945219545193057   } 
   weightvar { 0.09577511442248199   } 
   kinetic_energy { 3.817491982926145   } 
   kinetic_energyvar { 5.020921120199958   } 
   potential_energy { -16.54518716713959   } 
   potential_energyvar { 4.691649401117571   } 
   nonlocal_energy { 1.215387654477492   } 
   nonlocal_energyvar { 6.711531399310762   } 
   autocorr_energy { } 
} 

block { 
   label spin_0.001
   totweight 5120000
   nautocorr 0
   total_energy { -11.51265218397464   } 
   total_energyvar { 0.2346632918183664   } 
   weight { 0.9949917250365603   } 
   weightvar { 0.09226700386887732   } 
   kinetic_energy { 3.82835958300282   } 
   kinetic_energyvar { 4.888714812619771   } 
   potential_energy { -16.54121566071611   } 
   potential_energyvar { 4.619166954758119   } 
   nonlocal_energy { 1.200203893738647   } 
   nonlocal_energyvar { 6.45964620494186   } 
   autocorr_energy { } 
} 

block { 
   label spin_0.001
   totweight 5120000
   nautocorr 0
   total_energy { -11.51087426845076   } 
   total_energyvar { 0.2334194357321738   } 
   weight { 0.9938190718755472   } 
   weightvar { 0.09069798084325344   } 
   kinetic_energy { 3.80730562478197   } 
   kinetic_energyvar { 5.017537950493316   } 
   potential_energy { -16.51674245385244   } 
   potential_energyvar { 4.654182160873019   } 
   nonlocal_energy { 1.198562560619714   } 
   nonlocal_energyvar { 6.538540782299156   } 
   autocorr_energy { } 
} 

block { 
   label spin_0.001
   totweight 5120000
   nautocorr 0
   total_energy { -11.51123666819223   } 
   total_energyvar { 0.2361084952797589   } 
   weight { 0.9937833485391979   } 
   weightvar { 0.08965017328116823   } 
   kinetic_energy { 3.809603748265091   } 
   kinetic_energyvar { 5.063347108628191   } 
   potential_energy { -16.50621701322852   } 
   potential_energyvar { 4.56268799040091   } 
   nonlocal_energy { 1.1853765967712   } 
   nonlocal_energyvar { 6.55175169255635   } 
   autocorr_energy { } 
} 

block { 
   label spin_0.001
   totweight 5120000
   nautocorr 0
   total_energy { -11.51213809728044   } 
   total_energyvar { 0.2479894062901803   } 
   weight { 0.993624918107454   } 
   weightvar { 0.09212921436920349   } 
   kinetic_energy { 3.821176488953817   } 
   kinetic_energyvar { 4.999165139786625   } 
   potential_energy { -16.52226395343416   } 
   potential_energyvar { 4.579637636989993   } 
   nonlocal_energy { 1.188949367199905   } 
   nonlocal_energyvar { 6.625108106513407   } 
   autocorr_energy { } 
} 

block { 
   label spin_0.001
   totweight 5120000
   nautocorr 0
   total_energy { -11.51518825520766   } 
   total_energyvar { 0.2640737094420414   } 
   weight { 0.9957574218664326   } 
   weightvar { 0.09300361034997175   } 
   kinetic_energy { 3.782040218895522   } 
   kinetic_energyvar { 5.200634193551727   } 
   potential_energy { -16.48905799718574   } 
   potential_energyvar { 4.625044339165709   } 
   nonlocal_energy { 1.191829523082556   } 
   nonlocal_energyvar { 6.817040992061569   } 
   autocorr_energy { } 
} 

block { 
   label spin_0.001
   totweight 5120000
   nautocorr 0
   total_energy { -11.51520503845635   } 
   total_energyvar { 0.3281678054675068   } 
   weight { 0.9964023836731963   } 
   weightvar { 0.09482992557521369   } 
   kinetic_energy { 3.776888531463875   } 
   kinetic_energyvar { 5.143876730113922   } 
   potential_energy { -16.47631904010001   } 
   potential_energyvar { 4.692917737366997   } 
   nonlocal_energy { 1.184225470179784   } 
   nonlocal_energyvar { 6.693038265119919   } 
   autocorr_energy { } 
} 

