#-------------------------------------------------
#VMC run: timestep 1.8 nconfig 4352 steps 30
#-------------------------------------------------


init { 
   label vmc
}
block { 
   label vmc
   totweight 130560
   nautocorr 0
   total_energy { -4.422176824828646   } 
   total_energyvar { 0.01963338989101534   } 
   weight { 1   } 
   weightvar { 1.776356839400247e-15   } 
   kinetic_energy { 1.141568716597196   } 
   kinetic_energyvar { 0.9985793690493319   } 
   potential_energy { -6.085179199296642   } 
   potential_energyvar { 1.588746554339954   } 
   nonlocal_energy { 0.5214336578708013   } 
   nonlocal_energyvar { 2.318450367452663   } 
   autocorr_energy { } 
} 

block { 
   label vmc
   totweight 130560
   nautocorr 0
   total_energy { -4.422453087031994   } 
   total_energyvar { 0.0196973747612409   } 
   weight { 1   } 
   weightvar { 1.776356839400247e-15   } 
   kinetic_energy { 1.139235758068331   } 
   kinetic_energyvar { 1.029384304887583   } 
   potential_energy { -6.081977817738072   } 
   potential_energyvar { 1.571031348477146   } 
   nonlocal_energy { 0.520288972637746   } 
   nonlocal_energyvar { 2.369419799628417   } 
   autocorr_energy { } 
} 

block { 
   label vmc
   totweight 130560
   nautocorr 0
   total_energy { -4.421208680915433   } 
   total_energyvar { 0.01747249252287213   } 
   weight { 1   } 
   weightvar { 1.776356839400247e-15   } 
   kinetic_energy { 1.152250790697428   } 
   kinetic_energyvar { 0.9393340483656006   } 
   potential_energy { -6.081509661163026   } 
   potential_energyvar { 1.551917042909112   } 
   nonlocal_energy { 0.5080501895501655   } 
   nonlocal_energyvar { 2.19183365879038   } 
   autocorr_energy { } 
} 

block { 
   label vmc
   totweight 130560
   nautocorr 0
   total_energy { -4.422320725319889   } 
   total_energyvar { 0.01927550680027771   } 
   weight { 1   } 
   weightvar { 1.776356839400247e-15   } 
   kinetic_energy { 1.142514911135031   } 
   kinetic_energyvar { 1.00024773189586   } 
   potential_energy { -6.083508336912703   } 
   potential_energyvar { 1.55758242867871   } 
   nonlocal_energy { 0.5186727004577842   } 
   nonlocal_energyvar { 2.300800993788657   } 
   autocorr_energy { } 
} 

block { 
   label vmc
   totweight 130560
   nautocorr 0
   total_energy { -4.42130208903308   } 
   total_energyvar { 0.01769330852502984   } 
   weight { 1   } 
   weightvar { 1.776356839400247e-15   } 
   kinetic_energy { 1.151120950452003   } 
   kinetic_energyvar { 0.9617865490371045   } 
   potential_energy { -6.080455103625702   } 
   potential_energyvar { 1.556930878476242   } 
   nonlocal_energy { 0.5080320641406191   } 
   nonlocal_energyvar { 2.207668329203213   } 
   autocorr_energy { } 
} 

block { 
   label vmc
   totweight 130560
   nautocorr 0
   total_energy { -4.421883348266213   } 
   total_energyvar { 0.02029355900994981   } 
   weight { 1   } 
   weightvar { 1.776356839400247e-15   } 
   kinetic_energy { 1.157411054239976   } 
   kinetic_energyvar { 0.9978214197941406   } 
   potential_energy { -6.098705395718014   } 
   potential_energyvar { 1.580478073578353   } 
   nonlocal_energy { 0.5194109932118244   } 
   nonlocal_energyvar { 2.235764532542075   } 
   autocorr_energy { } 
} 

block { 
   label vmc
   totweight 130560
   nautocorr 0
   total_energy { -4.422486480079493   } 
   total_energyvar { 0.01858573102412751   } 
   weight { 1   } 
   weightvar { 1.776356839400247e-15   } 
   kinetic_energy { 1.138627827345226   } 
   kinetic_energyvar { 0.9811424620628468   } 
   potential_energy { -6.084707972441906   } 
   potential_energyvar { 1.590177279441726   } 
   nonlocal_energy { 0.5235936650171867   } 
   nonlocal_energyvar { 2.306959666713675   } 
   autocorr_energy { } 
} 

block { 
   label vmc
   totweight 130560
   nautocorr 0
   total_energy { -4.422125693716031   } 
   total_energyvar { 0.019394451809879   } 
   weight { 1   } 
   weightvar { 1.776356839400247e-15   } 
   kinetic_energy { 1.144673790343386   } 
   kinetic_energyvar { 1.001517856262614   } 
   potential_energy { -6.089360681176823   } 
   potential_energyvar { 1.590338770909085   } 
   nonlocal_energy { 0.5225611971174048   } 
   nonlocal_energyvar { 2.299621603902901   } 
   autocorr_energy { } 
} 

block { 
   label vmc
   totweight 130560
   nautocorr 0
   total_energy { -4.421148638597462   } 
   total_energyvar { 0.03975381087961426   } 
   weight { 1   } 
   weightvar { 1.776356839400247e-15   } 
   kinetic_energy { 1.145441754063981   } 
   kinetic_energyvar { 1.010034233793908   } 
   potential_energy { -6.088051882161486   } 
   potential_energyvar { 1.618062447441913   } 
   nonlocal_energy { 0.5214614895000429   } 
   nonlocal_energyvar { 2.291097841001339   } 
   autocorr_energy { } 
} 

block { 
   label vmc
   totweight 130560
   nautocorr 0
   total_energy { -4.422322918411803   } 
   total_energyvar { 0.01813762310542964   } 
   weight { 1   } 
   weightvar { 1.776356839400247e-15   } 
   kinetic_energy { 1.14528253137356   } 
   kinetic_energyvar { 1.00983810074214   } 
   potential_energy { -6.092411848786759   } 
   potential_energyvar { 1.561860526360114   } 
   nonlocal_energy { 0.5248063990013965   } 
   nonlocal_energyvar { 2.348176845277065   } 
   autocorr_energy { } 
} 

block { 
   label vmc
   totweight 130560
   nautocorr 0
   total_energy { -4.422129128753611   } 
   total_energyvar { 0.02066431687263664   } 
   weight { 1   } 
   weightvar { 1.776356839400247e-15   } 
   kinetic_energy { 1.143577761809435   } 
   kinetic_energyvar { 0.9683615291630371   } 
   potential_energy { -6.088334700438929   } 
   potential_energyvar { 1.599962375311632   } 
   nonlocal_energy { 0.5226278098758819   } 
   nonlocal_energyvar { 2.287058914035092   } 
   autocorr_energy { } 
} 

block { 
   label vmc
   totweight 130560
   nautocorr 0
   total_energy { -4.421839247307263   } 
   total_energyvar { 0.02359304735063263   } 
   weight { 1   } 
   weightvar { 1.776356839400247e-15   } 
   kinetic_energy { 1.1303969425113   } 
   kinetic_energyvar { 1.046346699639042   } 
   potential_energy { -6.089732576420247   } 
   potential_energyvar { 1.647592305458975   } 
   nonlocal_energy { 0.5374963866016831   } 
   nonlocal_energyvar { 2.436869715676075   } 
   autocorr_energy { } 
} 

block { 
   label vmc
   totweight 130560
   nautocorr 0
   total_energy { -4.421320231629869   } 
   total_energyvar { 0.01702459504151731   } 
   weight { 1   } 
   weightvar { 1.776356839400247e-15   } 
   kinetic_energy { 1.155896187873488   } 
   kinetic_energyvar { 0.9826617959716397   } 
   potential_energy { -6.097619467395544   } 
   potential_energyvar { 1.581508043845689   } 
   nonlocal_energy { 0.5204030478921872   } 
   nonlocal_energyvar { 2.278358496489691   } 
   autocorr_energy { } 
} 

block { 
   label vmc
   totweight 130560
   nautocorr 0
   total_energy { -4.421713701726832   } 
   total_energyvar { 0.0184303548002726   } 
   weight { 1   } 
   weightvar { 1.776356839400247e-15   } 
   kinetic_energy { 1.147084222078097   } 
   kinetic_energyvar { 0.9671626886654414   } 
   potential_energy { -6.081652202479034   } 
   potential_energyvar { 1.561707407375075   } 
   nonlocal_energy { 0.5128542786741045   } 
   nonlocal_energyvar { 2.258468621848078   } 
   autocorr_energy { } 
} 

block { 
   label vmc
   totweight 130560
   nautocorr 0
   total_energy { -4.420665411514213   } 
   total_energyvar { 0.01949999699961334   } 
   weight { 1   } 
   weightvar { 1.776356839400247e-15   } 
   kinetic_energy { 1.143722694272475   } 
   kinetic_energyvar { 1.02531401761997   } 
   potential_energy { -6.089347339022267   } 
   potential_energyvar { 1.591150503154598   } 
   nonlocal_energy { 0.524959233235577   } 
   nonlocal_energyvar { 2.356386367381853   } 
   autocorr_energy { } 
} 

block { 
   label vmc
   totweight 130560
   nautocorr 0
   total_energy { -4.422440573656134   } 
   total_energyvar { 0.01900721244634076   } 
   weight { 1   } 
   weightvar { 1.776356839400247e-15   } 
   kinetic_energy { 1.14785231678356   } 
   kinetic_energyvar { 0.9863083465838366   } 
   potential_energy { -6.08229012965878   } 
   potential_energyvar { 1.577903296213589   } 
   nonlocal_energy { 0.5119972392190878   } 
   nonlocal_energyvar { 2.25768578287073   } 
   autocorr_energy { } 
} 

block { 
   label vmc
   totweight 130560
   nautocorr 0
   total_energy { -4.422888313857979   } 
   total_energyvar { 0.01881173280994369   } 
   weight { 1   } 
   weightvar { 1.776356839400247e-15   } 
   kinetic_energy { 1.140919103867783   } 
   kinetic_energyvar { 1.032818071721467   } 
   potential_energy { -6.094483327991874   } 
   potential_energyvar { 1.576706497610117   } 
   nonlocal_energy { 0.5306759102661126   } 
   nonlocal_energyvar { 2.387653738338227   } 
   autocorr_energy { } 
} 

block { 
   label vmc
   totweight 130560
   nautocorr 0
   total_energy { -4.422385340645073   } 
   total_energyvar { 0.02021862968018006   } 
   weight { 1   } 
   weightvar { 1.776356839400247e-15   } 
   kinetic_energy { 1.147699361177319   } 
   kinetic_energyvar { 1.003013139690749   } 
   potential_energy { -6.092366609257934   } 
   potential_energyvar { 1.604085869107304   } 
   nonlocal_energy { 0.522281907435543   } 
   nonlocal_energyvar { 2.334903323991331   } 
   autocorr_energy { } 
} 

block { 
   label vmc
   totweight 130560
   nautocorr 0
   total_energy { -4.421733321150061   } 
   total_energyvar { 0.02264794925093199   } 
   weight { 1   } 
   weightvar { 1.776356839400247e-15   } 
   kinetic_energy { 1.141663020764906   } 
   kinetic_energyvar { 1.043511457273669   } 
   potential_energy { -6.090214888528485   } 
   potential_energyvar { 1.65406912422813   } 
   nonlocal_energy { 0.5268185466135177   } 
   nonlocal_energyvar { 2.372293595143804   } 
   autocorr_energy { } 
} 

block { 
   label vmc
   totweight 130560
   nautocorr 0
   total_energy { -4.421740280983679   } 
   total_energyvar { 0.02225250481069446   } 
   weight { 1   } 
   weightvar { 1.776356839400247e-15   } 
   kinetic_energy { 1.144061893206451   } 
   kinetic_energyvar { 1.009497989480632   } 
   potential_energy { -6.083865906894975   } 
   potential_energyvar { 1.590016365107986   } 
   nonlocal_energy { 0.5180637327048434   } 
   nonlocal_energyvar { 2.329886731658267   } 
   autocorr_energy { } 
} 

