#-------------------------------------------------
#DMC run: timestep 0.001
#-------------------------------------------------


init { 
   label spin_0.005
}
block { 
   label spin_0.005
   totweight 819200
   nautocorr 0
   total_energy { -66.97270582488719   } 
   total_energyvar { 0.4418518196084475   } 
   weight { 0.9992849059226268   } 
   weightvar { 0.001915856467320172   } 
   kinetic_energy { 23.06303809178597   } 
   kinetic_energyvar { 53.64454419565412   } 
   potential_energy { -100.601551845514   } 
   potential_energyvar { 118.4117803186845   } 
   nonlocal_energy { 10.56580792884086   } 
   nonlocal_energyvar { 115.5925322691195   } 
   autocorr_energy { } 
} 

block { 
   label spin_0.005
   totweight 819200
   nautocorr 0
   total_energy { -66.99239479211866   } 
   total_energyvar { 0.4461131664230177   } 
   weight { 0.9998134922474097   } 
   weightvar { 0.007587843862703826   } 
   kinetic_energy { 23.30538863701631   } 
   kinetic_energyvar { 53.36495905043915   } 
   potential_energy { -100.7852976327232   } 
   potential_energyvar { 116.1558711261268   } 
   nonlocal_energy { 10.48751420358821   } 
   nonlocal_energyvar { 113.3015355563141   } 
   autocorr_energy { } 
} 

block { 
   label spin_0.005
   totweight 819200
   nautocorr 0
   total_energy { -66.98973858203922   } 
   total_energyvar { 0.4371770096276697   } 
   weight { 1.002497844640386   } 
   weightvar { 0.01387824395247493   } 
   kinetic_energy { 23.3964535776216   } 
   kinetic_energyvar { 52.65560414084668   } 
   potential_energy { -100.789802978211   } 
   potential_energyvar { 116.7842666210531   } 
   nonlocal_energy { 10.40361081855019   } 
   nonlocal_energyvar { 111.1536742883225   } 
   autocorr_energy { } 
} 

block { 
   label spin_0.005
   totweight 819200
   nautocorr 0
   total_energy { -66.99527885847719   } 
   total_energyvar { 0.5073339029007508   } 
   weight { 1.003436993175741   } 
   weightvar { 0.02002283012836446   } 
   kinetic_energy { 23.37628982667814   } 
   kinetic_energyvar { 53.1183988127946   } 
   potential_energy { -100.8395586981305   } 
   potential_energyvar { 116.2747680996779   } 
   nonlocal_energy { 10.46799001297518   } 
   nonlocal_energyvar { 111.3851747953343   } 
   autocorr_energy { } 
} 

block { 
   label spin_0.005
   totweight 819200
   nautocorr 0
   total_energy { -66.9946465357377   } 
   total_energyvar { 0.4417964677835026   } 
   weight { 1.004358336478525   } 
   weightvar { 0.02586601455739751   } 
   kinetic_energy { 23.34970569473938   } 
   kinetic_energyvar { 52.97173012551061   } 
   potential_energy { -100.8541307816956   } 
   potential_energyvar { 116.0543957014348   } 
   nonlocal_energy { 10.50977855121845   } 
   nonlocal_energyvar { 111.6356975978048   } 
   autocorr_energy { } 
} 

block { 
   label spin_0.005
   totweight 819200
   nautocorr 0
   total_energy { -66.99009321611524   } 
   total_energyvar { 0.4337863265973357   } 
   weight { 1.004255619378155   } 
   weightvar { 0.03266391381228906   } 
   kinetic_energy { 23.47916267003907   } 
   kinetic_energyvar { 53.78634023592544   } 
   potential_energy { -101.1181112869676   } 
   potential_energyvar { 114.371578009435   } 
   nonlocal_energy { 10.64885540081328   } 
   nonlocal_energyvar { 110.8522960988802   } 
   autocorr_energy { } 
} 

block { 
   label spin_0.005
   totweight 819200
   nautocorr 0
   total_energy { -66.99166628290956   } 
   total_energyvar { 0.465780797394056   } 
   weight { 1.003092315126949   } 
   weightvar { 0.03867760102611393   } 
   kinetic_energy { 23.6111217445273   } 
   kinetic_energyvar { 53.25186241847471   } 
   potential_energy { -101.2803127750616   } 
   potential_energyvar { 117.8018831336438   } 
   nonlocal_energy { 10.67752474762478   } 
   nonlocal_energyvar { 115.4518677135649   } 
   autocorr_energy { } 
} 

block { 
   label spin_0.005
   totweight 819200
   nautocorr 0
   total_energy { -66.99185496173527   } 
   total_energyvar { 0.4530259555859263   } 
   weight { 1.002315847361785   } 
   weightvar { 0.04356858136257061   } 
   kinetic_energy { 23.54957967734951   } 
   kinetic_energyvar { 52.11626742639248   } 
   potential_energy { -101.2701387651236   } 
   potential_energyvar { 120.0684702429098   } 
   nonlocal_energy { 10.72870412603885   } 
   nonlocal_energyvar { 115.0250497709402   } 
   autocorr_energy { } 
} 

block { 
   label spin_0.005
   totweight 819200
   nautocorr 0
   total_energy { -66.98854000202991   } 
   total_energyvar { 0.4733210446528447   } 
   weight { 1.001469116509981   } 
   weightvar { 0.04774468850124886   } 
   kinetic_energy { 23.4525594575267   } 
   kinetic_energyvar { 52.78432169758476   } 
   potential_energy { -101.0138639117556   } 
   potential_energyvar { 116.9795587744672   } 
   nonlocal_energy { 10.57276445219895   } 
   nonlocal_energyvar { 113.3069284720489   } 
   autocorr_energy { } 
} 

block { 
   label spin_0.005
   totweight 819200
   nautocorr 0
   total_energy { -66.97934633238927   } 
   total_energyvar { 0.5927906189683882   } 
   weight { 0.9997384114360967   } 
   weightvar { 0.05251870366807902   } 
   kinetic_energy { 23.55170993171039   } 
   kinetic_energyvar { 53.26709157124851   } 
   potential_energy { -101.2404339772404   } 
   potential_energyvar { 118.1304272812235   } 
   nonlocal_energy { 10.70937771314075   } 
   nonlocal_energyvar { 116.1814340103899   } 
   autocorr_energy { } 
} 

block { 
   label spin_0.005
   totweight 819200
   nautocorr 0
   total_energy { -66.98372066569767   } 
   total_energyvar { 0.4699133023460064   } 
   weight { 0.9981436436063352   } 
   weightvar { 0.0574096208767432   } 
   kinetic_energy { 23.48284847617698   } 
   kinetic_energyvar { 53.42979190697868   } 
   potential_energy { -101.1031483586366   } 
   potential_energyvar { 117.1554318965148   } 
   nonlocal_energy { 10.63657921676197   } 
   nonlocal_energyvar { 113.888087969004   } 
   autocorr_energy { } 
} 

block { 
   label spin_0.005
   totweight 819200
   nautocorr 0
   total_energy { -66.98698649408976   } 
   total_energyvar { 0.4787489741005882   } 
   weight { 0.997184342290241   } 
   weightvar { 0.06059238574822108   } 
   kinetic_energy { 23.55186884667411   } 
   kinetic_energyvar { 53.21193589500412   } 
   potential_energy { -101.1567210048791   } 
   potential_energyvar { 117.7254825096572   } 
   nonlocal_energy { 10.61786566411518   } 
   nonlocal_energyvar { 112.6113703434898   } 
   autocorr_energy { } 
} 

block { 
   label spin_0.005
   totweight 819200
   nautocorr 0
   total_energy { -66.98536541110806   } 
   total_energyvar { 0.4408222036938325   } 
   weight { 0.99745023037094   } 
   weightvar { 0.06257369036216459   } 
   kinetic_energy { 23.48768795868653   } 
   kinetic_energyvar { 54.36037679158515   } 
   potential_energy { -101.1556773034736   } 
   potential_energyvar { 120.1518511950396   } 
   nonlocal_energy { 10.68262393367898   } 
   nonlocal_energyvar { 117.2022805538921   } 
   autocorr_energy { } 
} 

block { 
   label spin_0.005
   totweight 819200
   nautocorr 0
   total_energy { -66.98382050725183   } 
   total_energyvar { 0.4754486979367604   } 
   weight { 0.9968693925231052   } 
   weightvar { 0.0659767813109455   } 
   kinetic_energy { 23.51676705245348   } 
   kinetic_energyvar { 53.235181990473   } 
   potential_energy { -101.2802014531714   } 
   potential_energyvar { 116.6999657594614   } 
   nonlocal_energy { 10.77961389346605   } 
   nonlocal_energyvar { 117.3688211305201   } 
   autocorr_energy { } 
} 

block { 
   label spin_0.005
   totweight 819200
   nautocorr 0
   total_energy { -66.98478855901857   } 
   total_energyvar { 0.4530476610798286   } 
   weight { 0.996182777311089   } 
   weightvar { 0.06836788104963282   } 
   kinetic_energy { 23.62422858695604   } 
   kinetic_energyvar { 53.17353784622706   } 
   potential_energy { -101.3024390711742   } 
   potential_energyvar { 116.5399596071292   } 
   nonlocal_energy { 10.69342192519956   } 
   nonlocal_energyvar { 113.6095205975587   } 
   autocorr_energy { } 
} 

