#-------------------------------------------------
#DMC run: timestep 0.005
#-------------------------------------------------


init { 
   label spin_0.005
}
block { 
   label spin_0.005
   totweight 3276800
   nautocorr 0
   total_energy { -293.9722958143581   } 
   total_energyvar { 3.712966724397235   } 
   weight { 1.08319372903136   } 
   weightvar { 0.05890657927266268   } 
   kinetic_energy { 111.3049610680515   } 
   kinetic_energyvar { 386.7891426021242   } 
   potential_energy { -443.9220961463017   } 
   potential_energyvar { 776.6941167942567   } 
   nonlocal_energy { 38.64483926389211   } 
   nonlocal_energyvar { 665.8532777846276   } 
   autocorr_energy { } 
} 

block { 
   label spin_0.005
   totweight 3276800
   nautocorr 0
   total_energy { -293.8998636691596   } 
   total_energyvar { 3.823810873749264   } 
   weight { 1.052151997134302   } 
   weightvar { 0.08950466929131501   } 
   kinetic_energy { 113.8541184215327   } 
   kinetic_energyvar { 374.3679684024573   } 
   potential_energy { -446.7377428763219   } 
   potential_energyvar { 766.9612950131196   } 
   nonlocal_energy { 38.98376078562955   } 
   nonlocal_energyvar { 660.6516570407701   } 
   autocorr_energy { } 
} 

block { 
   label spin_0.005
   totweight 3276800
   nautocorr 0
   total_energy { -293.897327494392   } 
   total_energyvar { 3.827227284365131   } 
   weight { 0.9887131721288775   } 
   weightvar { 0.101423460985396   } 
   kinetic_energy { 114.1835445400076   } 
   kinetic_energyvar { 373.9314837767536   } 
   potential_energy { -447.0359536964477   } 
   potential_energyvar { 763.052711822887   } 
   nonlocal_energy { 38.95508166204814   } 
   nonlocal_energyvar { 660.1777740469183   } 
   autocorr_energy { } 
} 

block { 
   label spin_0.005
   totweight 3276800
   nautocorr 0
   total_energy { -293.8987179824405   } 
   total_energyvar { 3.83582231207903   } 
   weight { 0.9770387166487938   } 
   weightvar { 0.1063293498124491   } 
   kinetic_energy { 114.4444098363638   } 
   kinetic_energyvar { 372.4032093188665   } 
   potential_energy { -447.4678558504642   } 
   potential_energyvar { 759.8897754002161   } 
   nonlocal_energy { 39.12472803165982   } 
   nonlocal_energyvar { 664.5342282052278   } 
   autocorr_energy { } 
} 

block { 
   label spin_0.005
   totweight 3276800
   nautocorr 0
   total_energy { -293.8920579038756   } 
   total_energyvar { 3.845567235861364   } 
   weight { 0.9754575845469973   } 
   weightvar { 0.1060722191183544   } 
   kinetic_energy { 114.5335960011794   } 
   kinetic_energyvar { 372.828806707755   } 
   potential_energy { -447.5140652913338   } 
   potential_energyvar { 761.4232286378021   } 
   nonlocal_energy { 39.08841138627884   } 
   nonlocal_energyvar { 659.5394099276369   } 
   autocorr_energy { } 
} 

block { 
   label spin_0.005
   totweight 3276800
   nautocorr 0
   total_energy { -293.902262960074   } 
   total_energyvar { 3.857022444882375   } 
   weight { 0.9787080612443134   } 
   weightvar { 0.1063389984237693   } 
   kinetic_energy { 114.6932772344149   } 
   kinetic_energyvar { 375.663294851641   } 
   potential_energy { -447.804372455787   } 
   potential_energyvar { 768.9950861289166   } 
   nonlocal_energy { 39.20883226129812   } 
   nonlocal_energyvar { 667.3265699074235   } 
   autocorr_energy { } 
} 

block { 
   label spin_0.005
   totweight 3276800
   nautocorr 0
   total_energy { -293.905650976907   } 
   total_energyvar { 3.83835170473454   } 
   weight { 0.9924759605449384   } 
   weightvar { 0.1041775519641572   } 
   kinetic_energy { 114.6219534709668   } 
   kinetic_energyvar { 370.2145563019538   } 
   potential_energy { -447.5387124916541   } 
   potential_energyvar { 756.4895358425196   } 
   nonlocal_energy { 39.0111080437804   } 
   nonlocal_energyvar { 657.2570131442161   } 
   autocorr_energy { } 
} 

block { 
   label spin_0.005
   totweight 3276800
   nautocorr 0
   total_energy { -293.9030687416634   } 
   total_energyvar { 3.892786447424539   } 
   weight { 0.9993569200742569   } 
   weightvar { 0.1029328323059665   } 
   kinetic_energy { 114.4216425968032   } 
   kinetic_energyvar { 373.7983720799905   } 
   potential_energy { -447.3130832633743   } 
   potential_energyvar { 760.0701697274278   } 
   nonlocal_energy { 38.98837192490778   } 
   nonlocal_energyvar { 658.4031987152565   } 
   autocorr_energy { } 
} 

block { 
   label spin_0.005
   totweight 3276800
   nautocorr 0
   total_energy { -293.8929179118968   } 
   total_energyvar { 3.828368116429119   } 
   weight { 0.996320636899241   } 
   weightvar { 0.1026591631443254   } 
   kinetic_energy { 114.5466889632832   } 
   kinetic_energyvar { 370.6965144728366   } 
   potential_energy { -447.4112536922809   } 
   potential_energyvar { 757.9766243925854   } 
   nonlocal_energy { 38.97164681710094   } 
   nonlocal_energyvar { 655.2313510005137   } 
   autocorr_energy { } 
} 

block { 
   label spin_0.005
   totweight 3276800
   nautocorr 0
   total_energy { -293.8967483298793   } 
   total_energyvar { 3.829938834745974   } 
   weight { 0.9975752656634572   } 
   weightvar { 0.1034609849805959   } 
   kinetic_energy { 114.5662607026627   } 
   kinetic_energyvar { 370.6612950873671   } 
   potential_energy { -447.5552971190413   } 
   potential_energyvar { 754.9949653818639   } 
   nonlocal_energy { 39.09228808649934   } 
   nonlocal_energyvar { 661.0112316939066   } 
   autocorr_energy { } 
} 

block { 
   label spin_0.005
   totweight 3276800
   nautocorr 0
   total_energy { -293.9000722725314   } 
   total_energyvar { 3.843958294011955   } 
   weight { 0.9971106459366905   } 
   weightvar { 0.1031521614594454   } 
   kinetic_energy { 114.5283272129846   } 
   kinetic_energyvar { 372.4231917024574   } 
   potential_energy { -447.4806824057631   } 
   potential_energyvar { 764.4227592206046   } 
   nonlocal_energy { 39.05228292024711   } 
   nonlocal_energyvar { 661.0114494120445   } 
   autocorr_energy { } 
} 

block { 
   label spin_0.005
   totweight 3276800
   nautocorr 0
   total_energy { -293.8953025177511   } 
   total_energyvar { 3.82755303011895   } 
   weight { 0.9969410037408102   } 
   weightvar { 0.1033048044175692   } 
   kinetic_energy { 114.6779388273891   } 
   kinetic_energyvar { 371.5796572111728   } 
   potential_energy { -447.6406732859929   } 
   potential_energyvar { 761.2575022799247   } 
   nonlocal_energy { 39.06743194085262   } 
   nonlocal_energyvar { 659.8277218337468   } 
   autocorr_energy { } 
} 

block { 
   label spin_0.005
   totweight 3276800
   nautocorr 0
   total_energy { -293.9003242109437   } 
   total_energyvar { 3.99993927618574   } 
   weight { 0.9968083350111405   } 
   weightvar { 0.1028247658480436   } 
   kinetic_energy { 114.5549782870752   } 
   kinetic_energyvar { 371.696170094179   } 
   potential_energy { -447.4205210714539   } 
   potential_energyvar { 759.8725038534977   } 
   nonlocal_energy { 38.96521857343496   } 
   nonlocal_energyvar { 659.9071859286157   } 
   autocorr_energy { } 
} 

block { 
   label spin_0.005
   totweight 3276800
   nautocorr 0
   total_energy { -293.9001169081219   } 
   total_energyvar { 3.879087118450102   } 
   weight { 1.001135079379236   } 
   weightvar { 0.1025732795422161   } 
   kinetic_energy { 114.5510979957128   } 
   kinetic_energyvar { 373.1254296844886   } 
   potential_energy { -447.5210982311863   } 
   potential_energyvar { 761.1908115040623   } 
   nonlocal_energy { 39.06988332735156   } 
   nonlocal_energyvar { 663.9643894495823   } 
   autocorr_energy { } 
} 

block { 
   label spin_0.005
   totweight 3276800
   nautocorr 0
   total_energy { -293.9017222850825   } 
   total_energyvar { 3.906955439641997   } 
   weight { 1.000672053906947   } 
   weightvar { 0.1021246806702478   } 
   kinetic_energy { 114.5157019785139   } 
   kinetic_energyvar { 372.058088476878   } 
   potential_energy { -447.5724571360914   } 
   potential_energyvar { 758.3889559195965   } 
   nonlocal_energy { 39.15503287249503   } 
   nonlocal_energyvar { 664.4426414734573   } 
   autocorr_energy { } 
} 

block { 
   label spin_0.005
   totweight 3276800
   nautocorr 0
   total_energy { -293.8984056402001   } 
   total_energyvar { 3.83561916051889   } 
   weight { 0.9993169217379756   } 
   weightvar { 0.1015579033932904   } 
   kinetic_energy { 114.5480996893001   } 
   kinetic_energyvar { 373.5169421718546   } 
   potential_energy { -447.485902152468   } 
   potential_energyvar { 760.9082912984974   } 
   nonlocal_energy { 39.03939682296794   } 
   nonlocal_energyvar { 663.2767862376103   } 
   autocorr_energy { } 
} 

block { 
   label spin_0.005
   totweight 3276800
   nautocorr 0
   total_energy { -293.9009513371174   } 
   total_energyvar { 3.867808428856725   } 
   weight { 0.9999479150983993   } 
   weightvar { 0.102877125708465   } 
   kinetic_energy { 114.5191618545032   } 
   kinetic_energyvar { 374.4927747029033   } 
   potential_energy { -447.3990895501958   } 
   potential_energyvar { 761.4119718778962   } 
   nonlocal_energy { 38.97897635857515   } 
   nonlocal_energyvar { 659.3738367379659   } 
   autocorr_energy { } 
} 

block { 
   label spin_0.005
   totweight 3276800
   nautocorr 0
   total_energy { -293.8928460895884   } 
   total_energyvar { 3.886539442935495   } 
   weight { 0.9979920540571833   } 
   weightvar { 0.1019407018866433   } 
   kinetic_energy { 114.6201515116773   } 
   kinetic_energyvar { 375.5810305178679   } 
   potential_energy { -447.6582267355304   } 
   potential_energyvar { 762.2980993596358   } 
   nonlocal_energy { 39.14522913426469   } 
   nonlocal_energyvar { 661.8692800138263   } 
   autocorr_energy { } 
} 

block { 
   label spin_0.005
   totweight 3276800
   nautocorr 0
   total_energy { -293.8978859269575   } 
   total_energyvar { 3.85201235362241   } 
   weight { 0.9964915652544158   } 
   weightvar { 0.1031775026599084   } 
   kinetic_energy { 114.8270084584502   } 
   kinetic_energyvar { 373.8498906081918   } 
   potential_energy { -447.8956351060478   } 
   potential_energyvar { 764.454591837018   } 
   nonlocal_energy { 39.17074072064018   } 
   nonlocal_energyvar { 661.3253440323374   } 
   autocorr_energy { } 
} 

block { 
   label spin_0.005
   totweight 3276800
   nautocorr 0
   total_energy { -293.8929240692509   } 
   total_energyvar { 3.847153839157066   } 
   weight { 0.9964197828163028   } 
   weightvar { 0.1030583878452292   } 
   kinetic_energy { 114.4784024127239   } 
   kinetic_energyvar { 373.0866917147812   } 
   potential_energy { -447.4070856518835   } 
   potential_energyvar { 758.362406876401   } 
   nonlocal_energy { 39.03575916990876   } 
   nonlocal_energyvar { 659.3223519449314   } 
   autocorr_energy { } 
} 

