#-------------------------------------------------
#DMC run: timestep 0.005
#-------------------------------------------------


init { 
   label spin_0.005
}
block { 
   label spin_0.005
   totweight 2176000
   nautocorr 0
   total_energy { -10.98464744926939   } 
   total_energyvar { 0.2069110568984691   } 
   weight { 0.9978248484110283   } 
   weightvar { 0.004775247748962103   } 
   kinetic_energy { 3.381141894296353   } 
   kinetic_energyvar { 4.229574177661571   } 
   potential_energy { -15.73594431871764   } 
   potential_energyvar { 4.710214272741359   } 
   nonlocal_energy { 1.370154975151894   } 
   nonlocal_energyvar { 6.50965649272459   } 
   autocorr_energy { } 
} 

block { 
   label spin_0.005
   totweight 2176000
   nautocorr 0
   total_energy { -10.98561093572609   } 
   total_energyvar { 0.1739715405843727   } 
   weight { 0.9969816917833209   } 
   weightvar { 0.01731489554407353   } 
   kinetic_energy { 3.360006377038727   } 
   kinetic_energyvar { 4.179624860474864   } 
   potential_energy { -15.73273503700931   } 
   potential_energyvar { 4.778947279777334   } 
   nonlocal_energy { 1.387117724244492   } 
   nonlocal_energyvar { 6.567638672784878   } 
   autocorr_energy { } 
} 

block { 
   label spin_0.005
   totweight 2176000
   nautocorr 0
   total_energy { -10.98367080719755   } 
   total_energyvar { 0.1442613752833839   } 
   weight { 0.9961270515823956   } 
   weightvar { 0.03028753275681305   } 
   kinetic_energy { 3.36628021243871   } 
   kinetic_energyvar { 4.055491709826559   } 
   potential_energy { -15.71574821078233   } 
   potential_energyvar { 4.677708499107013   } 
   nonlocal_energy { 1.365797191146072   } 
   nonlocal_energyvar { 6.377002489035974   } 
   autocorr_energy { } 
} 

block { 
   label spin_0.005
   totweight 2176000
   nautocorr 0
   total_energy { -10.98375724582398   } 
   total_energyvar { 0.1934541052484693   } 
   weight { 0.9944302179965543   } 
   weightvar { 0.04202262239828217   } 
   kinetic_energy { 3.363272852831559   } 
   kinetic_energyvar { 4.215805292584543   } 
   potential_energy { -15.72643999607241   } 
   potential_energyvar { 4.717729261353918   } 
   nonlocal_energy { 1.379409897416875   } 
   nonlocal_energyvar { 6.576086081393466   } 
   autocorr_energy { } 
} 

block { 
   label spin_0.005
   totweight 2176000
   nautocorr 0
   total_energy { -10.9852827487778   } 
   total_energyvar { 0.1644692166896201   } 
   weight { 0.9952643319801753   } 
   weightvar { 0.05145520639046988   } 
   kinetic_energy { 3.35471118600873   } 
   kinetic_energyvar { 4.155561807178286   } 
   potential_energy { -15.70537668400155   } 
   potential_energyvar { 4.774342789379292   } 
   nonlocal_energy { 1.365382749215021   } 
   nonlocal_energyvar { 6.428824036048273   } 
   autocorr_energy { } 
} 

block { 
   label spin_0.005
   totweight 2176000
   nautocorr 0
   total_energy { -10.98364088146196   } 
   total_energyvar { 0.1790755400134377   } 
   weight { 0.9948618534405576   } 
   weightvar { 0.05939799533449541   } 
   kinetic_energy { 3.35441769308188   } 
   kinetic_energyvar { 4.242692943848803   } 
   potential_energy { -15.70105990926226   } 
   potential_energyvar { 4.807821575550601   } 
   nonlocal_energy { 1.363001334718419   } 
   nonlocal_energyvar { 6.570262608615053   } 
   autocorr_energy { } 
} 

block { 
   label spin_0.005
   totweight 2176000
   nautocorr 0
   total_energy { -10.98552303054968   } 
   total_energyvar { 0.1652841235998591   } 
   weight { 0.9947841084230238   } 
   weightvar { 0.06632627766792572   } 
   kinetic_energy { 3.362386964324724   } 
   kinetic_energyvar { 4.320367009805806   } 
   potential_energy { -15.73453886404107   } 
   potential_energyvar { 4.835015364965798   } 
   nonlocal_energy { 1.386628869166659   } 
   nonlocal_energyvar { 6.739645758588677   } 
   autocorr_energy { } 
} 

block { 
   label spin_0.005
   totweight 2176000
   nautocorr 0
   total_energy { -10.98765933134264   } 
   total_energyvar { 0.172180659627366   } 
   weight { 0.9962531537512479   } 
   weightvar { 0.0716397040646361   } 
   kinetic_energy { 3.359946180868651   } 
   kinetic_energyvar { 4.158609326996176   } 
   potential_energy { -15.72743290848   } 
   potential_energyvar { 4.809372200549027   } 
   nonlocal_energy { 1.379827396268718   } 
   nonlocal_energyvar { 6.56062258641331   } 
   autocorr_energy { } 
} 

block { 
   label spin_0.005
   totweight 2176000
   nautocorr 0
   total_energy { -10.98413821612267   } 
   total_energyvar { 0.1804859586206067   } 
   weight { 0.9959857741190039   } 
   weightvar { 0.07649415965881916   } 
   kinetic_energy { 3.353057079974715   } 
   kinetic_energyvar { 4.256683298909517   } 
   potential_energy { -15.71933043384954   } 
   potential_energyvar { 4.760346878033947   } 
   nonlocal_energy { 1.382135137752149   } 
   nonlocal_energyvar { 6.608804165032028   } 
   autocorr_energy { } 
} 

block { 
   label spin_0.005
   totweight 2176000
   nautocorr 0
   total_energy { -10.98751707829311   } 
   total_energyvar { 0.1835094598723592   } 
   weight { 0.9957834725352128   } 
   weightvar { 0.07918707905617089   } 
   kinetic_energy { 3.344237138647284   } 
   kinetic_energyvar { 4.343454403585625   } 
   potential_energy { -15.7166813398949   } 
   potential_energyvar { 4.791136388805755   } 
   nonlocal_energy { 1.384927122954505   } 
   nonlocal_energyvar { 6.765712159472855   } 
   autocorr_energy { } 
} 

block { 
   label spin_0.005
   totweight 2176000
   nautocorr 0
   total_energy { -10.98509070042701   } 
   total_energyvar { 0.1691673068615939   } 
   weight { 0.9961135316706288   } 
   weightvar { 0.08145733068268426   } 
   kinetic_energy { 3.352170767405982   } 
   kinetic_energyvar { 4.132202353172209   } 
   potential_energy { -15.71045547671964   } 
   potential_energyvar { 4.777088678166026   } 
   nonlocal_energy { 1.373194008886652   } 
   nonlocal_energyvar { 6.470474764662236   } 
   autocorr_energy { } 
} 

block { 
   label spin_0.005
   totweight 2176000
   nautocorr 0
   total_energy { -10.98626881757094   } 
   total_energyvar { 0.1665719814493107   } 
   weight { 0.9957589077686361   } 
   weightvar { 0.08316814881556341   } 
   kinetic_energy { 3.362785569500061   } 
   kinetic_energyvar { 4.064084312925367   } 
   potential_energy { -15.70359162459594   } 
   potential_energyvar { 4.694051472747627   } 
   nonlocal_energy { 1.354537237524934   } 
   nonlocal_energyvar { 6.278885810363436   } 
   autocorr_energy { } 
} 

block { 
   label spin_0.005
   totweight 2176000
   nautocorr 0
   total_energy { -10.98614716926044   } 
   total_energyvar { 0.1811627756677465   } 
   weight { 0.9962436375081324   } 
   weightvar { 0.08318538252913898   } 
   kinetic_energy { 3.364029787483481   } 
   kinetic_energyvar { 4.211149040096022   } 
   potential_energy { -15.724330642552   } 
   potential_energyvar { 4.699044263940042   } 
   nonlocal_energy { 1.374153685808075   } 
   nonlocal_energyvar { 6.555087288509677   } 
   autocorr_energy { } 
} 

block { 
   label spin_0.005
   totweight 2176000
   nautocorr 0
   total_energy { -10.98704730005792   } 
   total_energyvar { 0.1756133028445723   } 
   weight { 0.9964017896833235   } 
   weightvar { 0.08407831579832889   } 
   kinetic_energy { 3.36688386818529   } 
   kinetic_energyvar { 4.095581690766198   } 
   potential_energy { -15.72429679058392   } 
   potential_energyvar { 4.711981150871749   } 
   nonlocal_energy { 1.370365622340703   } 
   nonlocal_energyvar { 6.431699157801242   } 
   autocorr_energy { } 
} 

block { 
   label spin_0.005
   totweight 2176000
   nautocorr 0
   total_energy { -10.98644801133853   } 
   total_energyvar { 0.1712258903578688   } 
   weight { 0.9961338090625855   } 
   weightvar { 0.08442188415748816   } 
   kinetic_energy { 3.373546596873649   } 
   kinetic_energyvar { 4.152851351084273   } 
   potential_energy { -15.7259894497368   } 
   potential_energyvar { 4.692347144807431   } 
   nonlocal_energy { 1.36599484152461   } 
   nonlocal_energyvar { 6.505632559768288   } 
   autocorr_energy { } 
} 

block { 
   label spin_0.005
   totweight 2176000
   nautocorr 0
   total_energy { -10.98476186097454   } 
   total_energyvar { 0.1839741597210328   } 
   weight { 0.9959043926335449   } 
   weightvar { 0.08486260779597329   } 
   kinetic_energy { 3.359608979966678   } 
   kinetic_energyvar { 4.189296192564728   } 
   potential_energy { -15.7148156722554   } 
   potential_energyvar { 4.75432288798863   } 
   nonlocal_energy { 1.370444831314187   } 
   nonlocal_energyvar { 6.4948843839779   } 
   autocorr_energy { } 
} 

block { 
   label spin_0.005
   totweight 2176000
   nautocorr 0
   total_energy { -10.98636228594818   } 
   total_energyvar { 0.1993191103808729   } 
   weight { 0.9951136619959928   } 
   weightvar { 0.08501606874517509   } 
   kinetic_energy { 3.356923431618758   } 
   kinetic_energyvar { 4.313739353097552   } 
   potential_energy { -15.71469692159544   } 
   potential_energyvar { 4.771295040119607   } 
   nonlocal_energy { 1.371411204028502   } 
   nonlocal_energyvar { 6.645967826869197   } 
   autocorr_energy { } 
} 

block { 
   label spin_0.005
   totweight 2176000
   nautocorr 0
   total_energy { -10.9850151009305   } 
   total_energyvar { 0.161859856050527   } 
   weight { 0.9949358926013605   } 
   weightvar { 0.08512345094000437   } 
   kinetic_energy { 3.361597497515745   } 
   kinetic_energyvar { 4.163294891846039   } 
   potential_energy { -15.71711829535086   } 
   potential_energyvar { 4.777069305756024   } 
   nonlocal_energy { 1.370505696904616   } 
   nonlocal_energyvar { 6.410283401045453   } 
   autocorr_energy { } 
} 

block { 
   label spin_0.005
   totweight 2176000
   nautocorr 0
   total_energy { -10.98518648155686   } 
   total_energyvar { 0.2269414881480084   } 
   weight { 0.9951344257910494   } 
   weightvar { 0.08637466489464649   } 
   kinetic_energy { 3.369570822258801   } 
   kinetic_energyvar { 4.162737935384227   } 
   potential_energy { -15.7094512283554   } 
   potential_energyvar { 4.732273858627327   } 
   nonlocal_energy { 1.35469392453974   } 
   nonlocal_energyvar { 6.255617507520308   } 
   autocorr_energy { } 
} 

block { 
   label spin_0.005
   totweight 2176000
   nautocorr 0
   total_energy { -10.98319186668561   } 
   total_energyvar { 0.1657734502461888   } 
   weight { 0.9943859026794584   } 
   weightvar { 0.08711116000452465   } 
   kinetic_energy { 3.360739215116308   } 
   kinetic_energyvar { 3.992131166116991   } 
   potential_energy { -15.69889063615361   } 
   potential_energyvar { 4.746781217736418   } 
   nonlocal_energy { 1.35495955435169   } 
   nonlocal_energyvar { 6.297144570869917   } 
   autocorr_energy { } 
} 

block { 
   label spin_0.005
   totweight 2176000
   nautocorr 0
   total_energy { -10.98440394916678   } 
   total_energyvar { 0.1914322133318874   } 
   weight { 0.9943105035472947   } 
   weightvar { 0.08850082237468249   } 
   kinetic_energy { 3.344098094609846   } 
   kinetic_energyvar { 4.155024569190826   } 
   potential_energy { -15.70108495182846   } 
   potential_energyvar { 4.784372324043034   } 
   nonlocal_energy { 1.372582908051819   } 
   nonlocal_energyvar { 6.512108120923283   } 
   autocorr_energy { } 
} 

block { 
   label spin_0.005
   totweight 2176000
   nautocorr 0
   total_energy { -10.9838407424153   } 
   total_energyvar { 0.174005904962938   } 
   weight { 0.9938319826030597   } 
   weightvar { 0.09026186054667011   } 
   kinetic_energy { 3.349139607384815   } 
   kinetic_energyvar { 4.198685611055552   } 
   potential_energy { -15.69580240499649   } 
   potential_energyvar { 4.751161318118845   } 
   nonlocal_energy { 1.36282205519638   } 
   nonlocal_energyvar { 6.437664139603064   } 
   autocorr_energy { } 
} 

block { 
   label spin_0.005
   totweight 2176000
   nautocorr 0
   total_energy { -10.98677471255833   } 
   total_energyvar { 0.1842533419515107   } 
   weight { 0.9951632547938731   } 
   weightvar { 0.08938032944645742   } 
   kinetic_energy { 3.347196383823023   } 
   kinetic_energyvar { 4.175866322637585   } 
   potential_energy { -15.69743328449371   } 
   potential_energyvar { 4.735381186998348   } 
   nonlocal_energy { 1.363462188112362   } 
   nonlocal_energyvar { 6.450451428375727   } 
   autocorr_energy { } 
} 

block { 
   label spin_0.005
   totweight 2176000
   nautocorr 0
   total_energy { -10.98703009423004   } 
   total_energyvar { 0.1640864015101395   } 
   weight { 0.9959049600704123   } 
   weightvar { 0.08962271706123855   } 
   kinetic_energy { 3.348473575439125   } 
   kinetic_energyvar { 4.133474854162332   } 
   potential_energy { -15.69461559071893   } 
   potential_energyvar { 4.731465911308474   } 
   nonlocal_energy { 1.359111921049766   } 
   nonlocal_energyvar { 6.450086770193009   } 
   autocorr_energy { } 
} 

block { 
   label spin_0.005
   totweight 2176000
   nautocorr 0
   total_energy { -10.98741187377801   } 
   total_energyvar { 0.1509758968138588   } 
   weight { 0.9967573744645934   } 
   weightvar { 0.08956405934412266   } 
   kinetic_energy { 3.356529080135709   } 
   kinetic_energyvar { 4.153133252438038   } 
   potential_energy { -15.70060467386675   } 
   potential_energyvar { 4.703355651616752   } 
   nonlocal_energy { 1.356663719953036   } 
   nonlocal_energyvar { 6.382675789492233   } 
   autocorr_energy { } 
} 

block { 
   label spin_0.005
   totweight 2176000
   nautocorr 0
   total_energy { -10.98506853794307   } 
   total_energyvar { 0.1916005628816828   } 
   weight { 0.9950955759886381   } 
   weightvar { 0.08856515839518785   } 
   kinetic_energy { 3.347863446561573   } 
   kinetic_energyvar { 4.332289291057577   } 
   potential_energy { -15.73108853146265   } 
   potential_energyvar { 4.73482747689989   } 
   nonlocal_energy { 1.398156546958007   } 
   nonlocal_energyvar { 6.784513275159706   } 
   autocorr_energy { } 
} 

block { 
   label spin_0.005
   totweight 2176000
   nautocorr 0
   total_energy { -10.98621761411932   } 
   total_energyvar { 0.1850293292517097   } 
   weight { 0.9954957540998852   } 
   weightvar { 0.0889274792925509   } 
   kinetic_energy { 3.366173782139653   } 
   kinetic_energyvar { 4.193044835138101   } 
   potential_energy { -15.71305735408178   } 
   potential_energyvar { 4.754522672923143   } 
   nonlocal_energy { 1.360665957822808   } 
   nonlocal_energyvar { 6.452673121107995   } 
   autocorr_energy { } 
} 

block { 
   label spin_0.005
   totweight 2176000
   nautocorr 0
   total_energy { -10.98607472166086   } 
   total_energyvar { 0.1724354642475572   } 
   weight { 0.9950654305334895   } 
   weightvar { 0.08985547471984309   } 
   kinetic_energy { 3.359402690046423   } 
   kinetic_energyvar { 4.144819406090424   } 
   potential_energy { -15.69698081699806   } 
   potential_energyvar { 4.734728029383455   } 
   nonlocal_energy { 1.351503405290777   } 
   nonlocal_energyvar { 6.335315558331477   } 
   autocorr_energy { } 
} 

block { 
   label spin_0.005
   totweight 2176000
   nautocorr 0
   total_energy { -10.98665749039641   } 
   total_energyvar { 0.3819479740399998   } 
   weight { 0.9960565546398767   } 
   weightvar { 0.09019424067859576   } 
   kinetic_energy { 3.364052009132844   } 
   kinetic_energyvar { 4.434430886327527   } 
   potential_energy { -15.71843559107242   } 
   potential_energyvar { 4.936666320696988   } 
   nonlocal_energy { 1.367726091543164   } 
   nonlocal_energyvar { 6.742242980446488   } 
   autocorr_energy { } 
} 

block { 
   label spin_0.005
   totweight 2176000
   nautocorr 0
   total_energy { -10.98503638191093   } 
   total_energyvar { 0.1921280692680947   } 
   weight { 0.9947625704393879   } 
   weightvar { 0.08968557037465631   } 
   kinetic_energy { 3.352959734424205   } 
   kinetic_energyvar { 4.261758737501093   } 
   potential_energy { -15.6928058435013   } 
   potential_energyvar { 4.73673223636597   } 
   nonlocal_energy { 1.354809727166164   } 
   nonlocal_energyvar { 6.489455241366876   } 
   autocorr_energy { } 
} 

block { 
   label spin_0.005
   totweight 2176000
   nautocorr 0
   total_energy { -10.9864591981214   } 
   total_energyvar { 0.1568492215059583   } 
   weight { 0.995720705664065   } 
   weightvar { 0.0898100431660859   } 
   kinetic_energy { 3.358082330054768   } 
   kinetic_energyvar { 4.126599981510284   } 
   potential_energy { -15.70993139804455   } 
   potential_energyvar { 4.725442681557678   } 
   nonlocal_energy { 1.365389869868392   } 
   nonlocal_energyvar { 6.412658213231287   } 
   autocorr_energy { } 
} 

block { 
   label spin_0.005
   totweight 2176000
   nautocorr 0
   total_energy { -10.98589429015351   } 
   total_energyvar { 0.1911547660432511   } 
   weight { 0.9952868157964765   } 
   weightvar { 0.08858851931751685   } 
   kinetic_energy { 3.361558573080766   } 
   kinetic_energyvar { 4.266241395220889   } 
   potential_energy { -15.72671061967328   } 
   potential_energyvar { 4.714443698589615   } 
   nonlocal_energy { 1.37925775643901   } 
   nonlocal_energyvar { 6.626468046542867   } 
   autocorr_energy { } 
} 

block { 
   label spin_0.005
   totweight 2176000
   nautocorr 0
   total_energy { -10.98471315509179   } 
   total_energyvar { 0.1638846199001241   } 
   weight { 0.9946969518184406   } 
   weightvar { 0.08892130214474556   } 
   kinetic_energy { 3.36391622380045   } 
   kinetic_energyvar { 4.014771484421933   } 
   potential_energy { -15.70978338698131   } 
   potential_energyvar { 4.715550408411884   } 
   nonlocal_energy { 1.361154008089071   } 
   nonlocal_energyvar { 6.313985646761254   } 
   autocorr_energy { } 
} 

block { 
   label spin_0.005
   totweight 2176000
   nautocorr 0
   total_energy { -10.98453763114472   } 
   total_energyvar { 0.1899884796004772   } 
   weight { 0.9945292242528411   } 
   weightvar { 0.08877007232342053   } 
   kinetic_energy { 3.362803352489613   } 
   kinetic_energyvar { 3.986542511987418   } 
   potential_energy { -15.70383116907569   } 
   potential_energyvar { 4.628372052727362   } 
   nonlocal_energy { 1.356490185441362   } 
   nonlocal_energyvar { 6.209592479505279   } 
   autocorr_energy { } 
} 

block { 
   label spin_0.005
   totweight 2176000
   nautocorr 0
   total_energy { -10.98577807135024   } 
   total_energyvar { 0.1613703619626051   } 
   weight { 0.9948979107897268   } 
   weightvar { 0.08920603479673059   } 
   kinetic_energy { 3.351627172743332   } 
   kinetic_energyvar { 4.213209478976872   } 
   potential_energy { -15.72843088695927   } 
   potential_energyvar { 4.764883988546728   } 
   nonlocal_energy { 1.391025642865697   } 
   nonlocal_energyvar { 6.62953564613178   } 
   autocorr_energy { } 
} 

block { 
   label spin_0.005
   totweight 2176000
   nautocorr 0
   total_energy { -10.98542315139737   } 
   total_energyvar { 0.1675911280069845   } 
   weight { 0.9950669954706861   } 
   weightvar { 0.09005932253062131   } 
   kinetic_energy { 3.365885611239047   } 
   kinetic_energyvar { 4.183537767536565   } 
   potential_energy { -15.72421607179454   } 
   potential_energyvar { 4.746190629694483   } 
   nonlocal_energy { 1.372907309158124   } 
   nonlocal_energyvar { 6.53676946943451   } 
   autocorr_energy { } 
} 

block { 
   label spin_0.005
   totweight 2176000
   nautocorr 0
   total_energy { -10.98630798264751   } 
   total_energyvar { 0.204715355574414   } 
   weight { 0.9950615947500641   } 
   weightvar { 0.08955496201315569   } 
   kinetic_energy { 3.37466282931019   } 
   kinetic_energyvar { 4.190969898911395   } 
   potential_energy { -15.73800771480345   } 
   potential_energyvar { 4.698422711087403   } 
   nonlocal_energy { 1.377036902845754   } 
   nonlocal_energyvar { 6.576181925940957   } 
   autocorr_energy { } 
} 

block { 
   label spin_0.005
   totweight 2176000
   nautocorr 0
   total_energy { -10.98672953662118   } 
   total_energyvar { 0.1845877421874536   } 
   weight { 0.9957194725849913   } 
   weightvar { 0.08940374379990511   } 
   kinetic_energy { 3.377232653029017   } 
   kinetic_energyvar { 4.171041282836375   } 
   potential_energy { -15.7435913624818   } 
   potential_energyvar { 4.6780510935969   } 
   nonlocal_energy { 1.379629172831605   } 
   nonlocal_energyvar { 6.573154157200041   } 
   autocorr_energy { } 
} 

block { 
   label spin_0.005
   totweight 2176000
   nautocorr 0
   total_energy { -10.98522794558735   } 
   total_energyvar { 0.1559608651787433   } 
   weight { 0.9951699451667951   } 
   weightvar { 0.08982940553821392   } 
   kinetic_energy { 3.357004862537814   } 
   kinetic_energyvar { 4.141806109033351   } 
   potential_energy { -15.71522089531341   } 
   potential_energyvar { 4.668741930700267   } 
   nonlocal_energy { 1.372988087188241   } 
   nonlocal_energyvar { 6.502637990475347   } 
   autocorr_energy { } 
} 

block { 
   label spin_0.005
   totweight 2176000
   nautocorr 0
   total_energy { -10.98568338371838   } 
   total_energyvar { 0.1625307829993621   } 
   weight { 0.9955233314204261   } 
   weightvar { 0.09016458293532414   } 
   kinetic_energy { 3.354978459178096   } 
   kinetic_energyvar { 4.128469483468039   } 
   potential_energy { -15.70774543196772   } 
   potential_energyvar { 4.630032235691292   } 
   nonlocal_energy { 1.367083589071243   } 
   nonlocal_energyvar { 6.431553202665766   } 
   autocorr_energy { } 
} 

#-------------------------------------------------
#DMC run: timestep 0.001
#-------------------------------------------------


init { 
   label spin_0.001
}
block { 
   label spin_0.001
   totweight 10880000
   nautocorr 0
   total_energy { -10.98421387678964   } 
   total_energyvar { 0.1748773439955194   } 
   weight { 0.9958368257998828   } 
   weightvar { 0.0901837126455021   } 
   kinetic_energy { 3.352521236401123   } 
   kinetic_energyvar { 4.180806372617955   } 
   potential_energy { -15.70514585973788   } 
   potential_energyvar { 4.716067233390884   } 
   nonlocal_energy { 1.368410746547129   } 
   nonlocal_energyvar { 6.464332618367846   } 
   autocorr_energy { } 
} 

block { 
   label spin_0.001
   totweight 10880000
   nautocorr 0
   total_energy { -10.98548376456638   } 
   total_energyvar { 0.1747462787210346   } 
   weight { 0.9962406797060558   } 
   weightvar { 0.08951009439452405   } 
   kinetic_energy { 3.364850407918652   } 
   kinetic_energyvar { 4.082901713782337   } 
   potential_energy { -15.72519329075037   } 
   potential_energyvar { 4.709312428985291   } 
   nonlocal_energy { 1.37485911826534   } 
   nonlocal_energyvar { 6.395056091021231   } 
   autocorr_energy { } 
} 

block { 
   label spin_0.001
   totweight 10880000
   nautocorr 0
   total_energy { -10.98451701784952   } 
   total_energyvar { 0.169081220053358   } 
   weight { 0.9955729549741148   } 
   weightvar { 0.08908306556478562   } 
   kinetic_energy { 3.351463859659999   } 
   kinetic_energyvar { 4.287088755248327   } 
   potential_energy { -15.72671130111565   } 
   potential_energyvar { 4.781136180908304   } 
   nonlocal_energy { 1.390730423606128   } 
   nonlocal_energyvar { 6.68845901711159   } 
   autocorr_energy { } 
} 

block { 
   label spin_0.001
   totweight 10880000
   nautocorr 0
   total_energy { -10.98569410591492   } 
   total_energyvar { 0.1630144804811073   } 
   weight { 0.9952131351517144   } 
   weightvar { 0.08834403206706105   } 
   kinetic_energy { 3.355136023143159   } 
   kinetic_energyvar { 4.178248195156118   } 
   potential_energy { -15.70870321110283   } 
   potential_energyvar { 4.810295549963325   } 
   nonlocal_energy { 1.367873082044757   } 
   nonlocal_energyvar { 6.489516262607403   } 
   autocorr_energy { } 
} 

block { 
   label spin_0.001
   totweight 10880000
   nautocorr 0
   total_energy { -10.98506828428165   } 
   total_energyvar { 0.1714562984700956   } 
   weight { 0.9955114144286856   } 
   weightvar { 0.08830317788608398   } 
   kinetic_energy { 3.368190993371607   } 
   kinetic_energyvar { 4.215819849270066   } 
   potential_energy { -15.72684872750593   } 
   potential_energyvar { 4.769186934268311   } 
   nonlocal_energy { 1.373589449852684   } 
   nonlocal_energyvar { 6.498759736670558   } 
   autocorr_energy { } 
} 

block { 
   label spin_0.001
   totweight 10880000
   nautocorr 0
   total_energy { -10.98574091749651   } 
   total_energyvar { 0.1858404490771114   } 
   weight { 0.9952882479280697   } 
   weightvar { 0.08764694279745916   } 
   kinetic_energy { 3.380805074499369   } 
   kinetic_energyvar { 4.08614387370654   } 
   potential_energy { -15.72343779589453   } 
   potential_energyvar { 4.746176718710856   } 
   nonlocal_energy { 1.356891803898645   } 
   nonlocal_energyvar { 6.332927479347305   } 
   autocorr_energy { } 
} 

block { 
   label spin_0.001
   totweight 10880000
   nautocorr 0
   total_energy { -10.98594298048825   } 
   total_energyvar { 0.1771817062935629   } 
   weight { 0.9956722470130984   } 
   weightvar { 0.08770741574347396   } 
   kinetic_energy { 3.371983912033952   } 
   kinetic_energyvar { 4.186740091141092   } 
   potential_energy { -15.73620500960698   } 
   potential_energyvar { 4.757932439802659   } 
   nonlocal_energy { 1.378278117084775   } 
   nonlocal_energyvar { 6.482462713450566   } 
   autocorr_energy { } 
} 

block { 
   label spin_0.001
   totweight 10880000
   nautocorr 0
   total_energy { -10.98548473932586   } 
   total_energyvar { 0.2011202987332653   } 
   weight { 0.9947061616454451   } 
   weightvar { 0.08845885327048239   } 
   kinetic_energy { 3.366486290592084   } 
   kinetic_energyvar { 4.158400069319792   } 
   potential_energy { -15.71067692868217   } 
   potential_energyvar { 4.71703517152253   } 
   nonlocal_energy { 1.358705898764232   } 
   nonlocal_energyvar { 6.394609371751458   } 
   autocorr_energy { } 
} 

block { 
   label spin_0.001
   totweight 10880000
   nautocorr 0
   total_energy { -10.98552677681555   } 
   total_energyvar { 0.2037630999138522   } 
   weight { 0.995112527402802   } 
   weightvar { 0.08816943183466359   } 
   kinetic_energy { 3.372289633094787   } 
   kinetic_energyvar { 4.243319571879512   } 
   potential_energy { -15.74171787932869   } 
   potential_energyvar { 4.792358182506407   } 
   nonlocal_energy { 1.383901469418355   } 
   nonlocal_energyvar { 6.663310056501104   } 
   autocorr_energy { } 
} 

block { 
   label spin_0.001
   totweight 10880000
   nautocorr 0
   total_energy { -10.98629105616696   } 
   total_energyvar { 0.1519202636190197   } 
   weight { 0.9954925751611587   } 
   weightvar { 0.08713981225323393   } 
   kinetic_energy { 3.369234894274018   } 
   kinetic_energyvar { 4.098036363694686   } 
   potential_energy { -15.71499715183764   } 
   potential_energyvar { 4.722225247466831   } 
   nonlocal_energy { 1.359471201396659   } 
   nonlocal_energyvar { 6.360629072836773   } 
   autocorr_energy { } 
} 

block { 
   label spin_0.001
   totweight 10880000
   nautocorr 0
   total_energy { -10.98353220976016   } 
   total_energyvar { 0.1519862072418398   } 
   weight { 0.9951140027392583   } 
   weightvar { 0.08670350312585666   } 
   kinetic_energy { 3.374370667649196   } 
   kinetic_energyvar { 4.113621526348996   } 
   potential_energy { -15.72956198460122   } 
   potential_energyvar { 4.722888318535667   } 
   nonlocal_energy { 1.371659107191861   } 
   nonlocal_energyvar { 6.474408553374893   } 
   autocorr_energy { } 
} 

block { 
   label spin_0.001
   totweight 10880000
   nautocorr 0
   total_energy { -10.9838533981807   } 
   total_energyvar { 0.2378669305474866   } 
   weight { 0.9939000338681466   } 
   weightvar { 0.08691788615324002   } 
   kinetic_energy { 3.374627503792612   } 
   kinetic_energyvar { 4.160765721021081   } 
   potential_energy { -15.73174027062429   } 
   potential_energyvar { 4.752937519510572   } 
   nonlocal_energy { 1.373259368650986   } 
   nonlocal_energyvar { 6.466129827927177   } 
   autocorr_energy { } 
} 

block { 
   label spin_0.001
   totweight 10880000
   nautocorr 0
   total_energy { -10.98416531514322   } 
   total_energyvar { 0.1624297871248498   } 
   weight { 0.9936817844373794   } 
   weightvar { 0.08694316641346413   } 
   kinetic_energy { 3.357888337709368   } 
   kinetic_energyvar { 4.173050651580867   } 
   potential_energy { -15.70732537400451   } 
   potential_energyvar { 4.667897560752454   } 
   nonlocal_energy { 1.365271721151924   } 
   nonlocal_energyvar { 6.417788687107733   } 
   autocorr_energy { } 
} 

block { 
   label spin_0.001
   totweight 10880000
   nautocorr 0
   total_energy { -10.98684920134729   } 
   total_energyvar { 0.1668689956978392   } 
   weight { 0.9948032949443238   } 
   weightvar { 0.08677158249269472   } 
   kinetic_energy { 3.364188914401879   } 
   kinetic_energyvar { 4.11615830275817   } 
   potential_energy { -15.70184990043139   } 
   potential_energyvar { 4.69535854215177   } 
   nonlocal_energy { 1.35081178468222   } 
   nonlocal_energyvar { 6.329684571912057   } 
   autocorr_energy { } 
} 

block { 
   label spin_0.001
   totweight 10880000
   nautocorr 0
   total_energy { -10.98471577358669   } 
   total_energyvar { 0.1921854210181047   } 
   weight { 0.9954344858439353   } 
   weightvar { 0.08715732204965561   } 
   kinetic_energy { 3.355755929242633   } 
   kinetic_energyvar { 4.1474547362819   } 
   potential_energy { -15.70078777644615   } 
   potential_energyvar { 4.757551142653785   } 
   nonlocal_energy { 1.360316073616829   } 
   nonlocal_energyvar { 6.377686649868881   } 
   autocorr_energy { } 
} 

block { 
   label spin_0.001
   totweight 10880000
   nautocorr 0
   total_energy { -10.98564047920531   } 
   total_energyvar { 0.1962992028058444   } 
   weight { 0.9949641257066713   } 
   weightvar { 0.08832775133668165   } 
   kinetic_energy { 3.369890522253306   } 
   kinetic_energyvar { 4.07978243401937   } 
   potential_energy { -15.70291106739737   } 
   potential_energyvar { 4.685670527736911   } 
   nonlocal_energy { 1.347380065938756   } 
   nonlocal_energyvar { 6.20435830059831   } 
   autocorr_energy { } 
} 

block { 
   label spin_0.001
   totweight 10880000
   nautocorr 0
   total_energy { -10.98658273425326   } 
   total_energyvar { 0.1815570149088285   } 
   weight { 0.9957064856464336   } 
   weightvar { 0.08841140413330374   } 
   kinetic_energy { 3.344033018117444   } 
   kinetic_energyvar { 4.275111162250974   } 
   potential_energy { -15.71999171007004   } 
   potential_energyvar { 4.789954418888594   } 
   nonlocal_energy { 1.389375957699337   } 
   nonlocal_energyvar { 6.713702383903938   } 
   autocorr_energy { } 
} 

