#-------------------------------------------------
#VMC run: timestep 0.42 nconfig 3072 steps 30
#-------------------------------------------------


init { 
   label vmc
}
block { 
   label vmc
   totweight 92160
   nautocorr 0
   total_energy { -104.3319254841989   } 
   total_energyvar { 4.172070893970888   } 
   weight { 1   } 
   weightvar { 0   } 
   kinetic_energy { 36.08772442892123   } 
   kinetic_energyvar { 108.6849575275517   } 
   potential_energy { -153.6234686407636   } 
   potential_energyvar { 177.7686790465741   } 
   nonlocal_energy { 13.20381872764342   } 
   nonlocal_energyvar { 197.5715204848296   } 
   autocorr_energy { } 
} 

block { 
   label vmc
   totweight 92160
   nautocorr 0
   total_energy { -104.3128241284081   } 
   total_energyvar { 4.357045828009344   } 
   weight { 1   } 
   weightvar { 0   } 
   kinetic_energy { 36.19466938009052   } 
   kinetic_energyvar { 106.0309204550227   } 
   potential_energy { -153.7159460851132   } 
   potential_energyvar { 175.5119489901408   } 
   nonlocal_energy { 13.2084525766146   } 
   nonlocal_energyvar { 195.3990990006526   } 
   autocorr_energy { } 
} 

block { 
   label vmc
   totweight 92160
   nautocorr 0
   total_energy { -104.327098367411   } 
   total_energyvar { 4.463374249962175   } 
   weight { 1   } 
   weightvar { 0   } 
   kinetic_energy { 36.20469522473898   } 
   kinetic_energyvar { 108.223408780454   } 
   potential_energy { -153.6304643011262   } 
   potential_energyvar { 176.2260721068201   } 
   nonlocal_energy { 13.0986707089762   } 
   nonlocal_energyvar { 195.9324261638007   } 
   autocorr_energy { } 
} 

block { 
   label vmc
   totweight 92160
   nautocorr 0
   total_energy { -104.3201859001283   } 
   total_energyvar { 4.212184744429484   } 
   weight { 1   } 
   weightvar { 0   } 
   kinetic_energy { 36.20496529222654   } 
   kinetic_energyvar { 106.9687842378457   } 
   potential_energy { -153.6669540415011   } 
   potential_energyvar { 174.0180679090458   } 
   nonlocal_energy { 13.14180284914626   } 
   nonlocal_energyvar { 193.8175666588062   } 
   autocorr_energy { } 
} 

block { 
   label vmc
   totweight 92160
   nautocorr 0
   total_energy { -104.3209107653248   } 
   total_energyvar { 4.027434701989022   } 
   weight { 1   } 
   weightvar { 0   } 
   kinetic_energy { 36.23692015884449   } 
   kinetic_energyvar { 103.7595565861943   } 
   potential_energy { -153.5462746164282   } 
   potential_energyvar { 174.7550940983627   } 
   nonlocal_energy { 12.98844369225885   } 
   nonlocal_energyvar { 185.204442850169   } 
   autocorr_energy { } 
} 

block { 
   label vmc
   totweight 92160
   nautocorr 0
   total_energy { -104.3158265549612   } 
   total_energyvar { 4.233040713275764   } 
   weight { 1   } 
   weightvar { 0   } 
   kinetic_energy { 36.25966991471965   } 
   kinetic_energyvar { 106.0532765410926   } 
   potential_energy { -153.5322923116461   } 
   potential_energyvar { 174.3728477415451   } 
   nonlocal_energy { 12.95679584196519   } 
   nonlocal_energyvar { 186.8881767043607   } 
   autocorr_energy { } 
} 

block { 
   label vmc
   totweight 92160
   nautocorr 0
   total_energy { -104.3306848844917   } 
   total_energyvar { 4.286088683847459   } 
   weight { 1   } 
   weightvar { 0   } 
   kinetic_energy { 36.18317620234965   } 
   kinetic_energyvar { 107.3337107702257   } 
   potential_energy { -153.62957460533   } 
   potential_energyvar { 176.0766380970065   } 
   nonlocal_energy { 13.11571351848858   } 
   nonlocal_energyvar { 194.908648839461   } 
   autocorr_energy { } 
} 

block { 
   label vmc
   totweight 92160
   nautocorr 0
   total_energy { -104.3192623525121   } 
   total_energyvar { 4.32420518587487   } 
   weight { 1   } 
   weightvar { 0   } 
   kinetic_energy { 36.2143748728371   } 
   kinetic_energyvar { 107.308553665212   } 
   potential_energy { -153.6038986386567   } 
   potential_energyvar { 174.2527698820863   } 
   nonlocal_energy { 13.07026141330747   } 
   nonlocal_energyvar { 192.9674342498177   } 
   autocorr_energy { } 
} 

block { 
   label vmc
   totweight 92160
   nautocorr 0
   total_energy { -104.3374364859626   } 
   total_energyvar { 4.535395062833889   } 
   weight { 1   } 
   weightvar { 0   } 
   kinetic_energy { 36.11397153171937   } 
   kinetic_energyvar { 109.0702462833254   } 
   potential_energy { -153.5710045114507   } 
   potential_energyvar { 176.4601168638568   } 
   nonlocal_energy { 13.11959649376879   } 
   nonlocal_energyvar { 200.64022527715   } 
   autocorr_energy { } 
} 

block { 
   label vmc
   totweight 92160
   nautocorr 0
   total_energy { -104.3219638961236   } 
   total_energyvar { 4.231840440041121   } 
   weight { 1   } 
   weightvar { 0   } 
   kinetic_energy { 36.12469330410542   } 
   kinetic_energyvar { 107.6537086826535   } 
   potential_energy { -153.6086625262498   } 
   potential_energyvar { 178.4944975038792   } 
   nonlocal_energy { 13.16200532602073   } 
   nonlocal_energyvar { 195.6463852617239   } 
   autocorr_energy { } 
} 

block { 
   label vmc
   totweight 92160
   nautocorr 0
   total_energy { -104.314125591282   } 
   total_energyvar { 4.157938015811831   } 
   weight { 1   } 
   weightvar { 0   } 
   kinetic_energy { 36.14690635903854   } 
   kinetic_energyvar { 108.0006703158819   } 
   potential_energy { -153.6906540329516   } 
   potential_energyvar { 176.0581776702139   } 
   nonlocal_energy { 13.22962208263113   } 
   nonlocal_energyvar { 195.9795942591565   } 
   autocorr_energy { } 
} 

block { 
   label vmc
   totweight 92160
   nautocorr 0
   total_energy { -104.3236813227428   } 
   total_energyvar { 4.218607079532029   } 
   weight { 1   } 
   weightvar { 0   } 
   kinetic_energy { 36.11495685413391   } 
   kinetic_energyvar { 105.6325881263762   } 
   potential_energy { -153.5026509151822   } 
   potential_energyvar { 174.7395901120316   } 
   nonlocal_energy { 13.06401273830544   } 
   nonlocal_energyvar { 192.6866762286227   } 
   autocorr_energy { } 
} 

block { 
   label vmc
   totweight 92160
   nautocorr 0
   total_energy { -104.3165445217383   } 
   total_energyvar { 4.404069804555701   } 
   weight { 1   } 
   weightvar { 0   } 
   kinetic_energy { 36.23431489073629   } 
   kinetic_energyvar { 108.179974744111   } 
   potential_energy { -153.680904410694   } 
   potential_energyvar { 175.2957121125875   } 
   nonlocal_energy { 13.13004499821944   } 
   nonlocal_energyvar { 196.343873635577   } 
   autocorr_energy { } 
} 

block { 
   label vmc
   totweight 92160
   nautocorr 0
   total_energy { -104.3224515109652   } 
   total_energyvar { 4.334994079004064   } 
   weight { 1   } 
   weightvar { 0   } 
   kinetic_energy { 36.18632039669794   } 
   kinetic_energyvar { 106.9793127034977   } 
   potential_energy { -153.5555137493804   } 
   potential_energyvar { 174.5132076055384   } 
   nonlocal_energy { 13.04674184171726   } 
   nonlocal_energyvar { 193.5532223574882   } 
   autocorr_energy { } 
} 

block { 
   label vmc
   totweight 92160
   nautocorr 0
   total_energy { -104.3133551707984   } 
   total_energyvar { 4.333336733139749   } 
   weight { 1   } 
   weightvar { 0   } 
   kinetic_energy { 36.09537733436402   } 
   kinetic_energyvar { 109.0224401216074   } 
   potential_energy { -153.606714414623   } 
   potential_energyvar { 174.048563614879   } 
   nonlocal_energy { 13.19798190946062   } 
   nonlocal_energyvar { 197.0799794518663   } 
   autocorr_energy { } 
} 

block { 
   label vmc
   totweight 92160
   nautocorr 0
   total_energy { -104.3234401068422   } 
   total_energyvar { 4.361251380564634   } 
   weight { 1   } 
   weightvar { 0   } 
   kinetic_energy { 36.15629085506773   } 
   kinetic_energyvar { 109.6670950077606   } 
   potential_energy { -153.6463631669151   } 
   potential_energyvar { 177.2279207913052   } 
   nonlocal_energy { 13.16663220500512   } 
   nonlocal_energyvar { 199.077327806897   } 
   autocorr_energy { } 
} 

block { 
   label vmc
   totweight 92160
   nautocorr 0
   total_energy { -104.327173484604   } 
   total_energyvar { 4.190965715430803   } 
   weight { 1   } 
   weightvar { 0   } 
   kinetic_energy { 36.22048241780922   } 
   kinetic_energyvar { 106.5509378117768   } 
   potential_energy { -153.6045255534458   } 
   potential_energyvar { 174.7866210634872   } 
   nonlocal_energy { 13.05686965103258   } 
   nonlocal_energyvar { 190.3234905829041   } 
   autocorr_energy { } 
} 

block { 
   label vmc
   totweight 92160
   nautocorr 0
   total_energy { -104.3162368970692   } 
   total_energyvar { 4.285038395674546   } 
   weight { 1   } 
   weightvar { 0   } 
   kinetic_energy { 36.15694053398224   } 
   kinetic_energyvar { 106.7660499437103   } 
   potential_energy { -153.693218131307   } 
   potential_energyvar { 176.9410143683435   } 
   nonlocal_energy { 13.22004070025556   } 
   nonlocal_energyvar { 195.7113628137091   } 
   autocorr_energy { } 
} 

block { 
   label vmc
   totweight 92160
   nautocorr 0
   total_energy { -104.3096575814914   } 
   total_energyvar { 4.288220443314433   } 
   weight { 1   } 
   weightvar { 0   } 
   kinetic_energy { 36.07575513394067   } 
   kinetic_energyvar { 107.3152386029819   } 
   potential_energy { -153.4299484124754   } 
   potential_energyvar { 174.1989516624903   } 
   nonlocal_energy { 13.04453569704337   } 
   nonlocal_energyvar { 193.6694616980797   } 
   autocorr_energy { } 
} 

block { 
   label vmc
   totweight 92160
   nautocorr 0
   total_energy { -104.3175075195051   } 
   total_energyvar { 4.369941718252827   } 
   weight { 1   } 
   weightvar { 0   } 
   kinetic_energy { 36.15763034579538   } 
   kinetic_energyvar { 112.256055632522   } 
   potential_energy { -153.750804439144   } 
   potential_energyvar { 177.8822565106781   } 
   nonlocal_energy { 13.27566657384346   } 
   nonlocal_energyvar { 206.0356920143366   } 
   autocorr_energy { } 
} 

block { 
   label vmc
   totweight 92160
   nautocorr 0
   total_energy { -104.3177950835835   } 
   total_energyvar { 4.354962253320514   } 
   weight { 1   } 
   weightvar { 0   } 
   kinetic_energy { 36.16592827097913   } 
   kinetic_energyvar { 108.2672888614403   } 
   potential_energy { -153.6000267617559   } 
   potential_energyvar { 176.6244510663287   } 
   nonlocal_energy { 13.11630340719325   } 
   nonlocal_energyvar { 194.4207586087057   } 
   autocorr_energy { } 
} 

block { 
   label vmc
   totweight 92160
   nautocorr 0
   total_energy { -104.3209281179335   } 
   total_energyvar { 4.210899318139999   } 
   weight { 1   } 
   weightvar { 0   } 
   kinetic_energy { 36.21239056526618   } 
   kinetic_energyvar { 123.3954834176059   } 
   potential_energy { -153.6173458075959   } 
   potential_energyvar { 192.0139896854559   } 
   nonlocal_energy { 13.08402712439622   } 
   nonlocal_energyvar { 191.700983247317   } 
   autocorr_energy { } 
} 

block { 
   label vmc
   totweight 92160
   nautocorr 0
   total_energy { -104.3102083276261   } 
   total_energyvar { 4.354755906677516   } 
   weight { 1   } 
   weightvar { 0   } 
   kinetic_energy { 36.19058786810002   } 
   kinetic_energyvar { 107.7974063225496   } 
   potential_energy { -153.5925957697044   } 
   potential_energyvar { 174.7846128859655   } 
   nonlocal_energy { 13.09179957397828   } 
   nonlocal_energyvar { 194.3683319770046   } 
   autocorr_energy { } 
} 

block { 
   label vmc
   totweight 92160
   nautocorr 0
   total_energy { -104.3135493590123   } 
   total_energyvar { 4.274046436289736   } 
   weight { 1   } 
   weightvar { 0   } 
   kinetic_energy { 36.19512826225574   } 
   kinetic_energyvar { 108.4558542058424   } 
   potential_energy { -153.606695142811   } 
   potential_energyvar { 174.1289041368477   } 
   nonlocal_energy { 13.09801752154287   } 
   nonlocal_energyvar { 193.4252554286713   } 
   autocorr_energy { } 
} 

block { 
   label vmc
   totweight 92160
   nautocorr 0
   total_energy { -104.312938829105   } 
   total_energyvar { 4.404044888761053   } 
   weight { 1   } 
   weightvar { 0   } 
   kinetic_energy { 36.0824043410716   } 
   kinetic_energyvar { 110.3192265610523   } 
   potential_energy { -153.716190316503   } 
   potential_energyvar { 178.3162855183297   } 
   nonlocal_energy { 13.32084714632638   } 
   nonlocal_energyvar { 203.4237789861571   } 
   autocorr_energy { } 
} 

block { 
   label vmc
   totweight 92160
   nautocorr 0
   total_energy { -104.3280887888486   } 
   total_energyvar { 4.436907660606908   } 
   weight { 1   } 
   weightvar { 0   } 
   kinetic_energy { 36.09567357099993   } 
   kinetic_energyvar { 109.9508525337934   } 
   potential_energy { -153.6478531779148   } 
   potential_energyvar { 178.4368842055029   } 
   nonlocal_energy { 13.22409081806625   } 
   nonlocal_energyvar { 201.3460190016762   } 
   autocorr_energy { } 
} 

block { 
   label vmc
   totweight 92160
   nautocorr 0
   total_energy { -104.3010535690338   } 
   total_energyvar { 4.416903311147275   } 
   weight { 1   } 
   weightvar { 0   } 
   kinetic_energy { 36.16502555340925   } 
   kinetic_energyvar { 109.2077889059773   } 
   potential_energy { -153.6995996342597   } 
   potential_energyvar { 176.2944143148125   } 
   nonlocal_energy { 13.23352051181656   } 
   nonlocal_energyvar { 202.5982918574665   } 
   autocorr_energy { } 
} 

block { 
   label vmc
   totweight 92160
   nautocorr 0
   total_energy { -104.3131708841031   } 
   total_energyvar { 4.31849266647087   } 
   weight { 1   } 
   weightvar { 0   } 
   kinetic_energy { 36.08006682998342   } 
   kinetic_energyvar { 106.7677644646275   } 
   potential_energy { -153.5740474500804   } 
   potential_energyvar { 176.4187058199501   } 
   nonlocal_energy { 13.18080973599388   } 
   nonlocal_energyvar { 196.4906782807526   } 
   autocorr_energy { } 
} 

block { 
   label vmc
   totweight 92160
   nautocorr 0
   total_energy { -104.3283377534971   } 
   total_energyvar { 4.305614291356044   } 
   weight { 1   } 
   weightvar { 0   } 
   kinetic_energy { 36.18060713493582   } 
   kinetic_energyvar { 105.920335611205   } 
   potential_energy { -153.5653255741161   } 
   potential_energyvar { 176.5904360060798   } 
   nonlocal_energy { 13.05638068568319   } 
   nonlocal_energyvar { 191.8141633254212   } 
   autocorr_energy { } 
} 

block { 
   label vmc
   totweight 92160
   nautocorr 0
   total_energy { -104.3219539610543   } 
   total_energyvar { 4.46167493119813   } 
   weight { 1   } 
   weightvar { 0   } 
   kinetic_energy { 36.16109355440825   } 
   kinetic_energyvar { 108.3366122782665   } 
   potential_energy { -153.6599442349745   } 
   potential_energyvar { 176.6728708688987   } 
   nonlocal_energy { 13.17689671951193   } 
   nonlocal_energyvar { 198.702669469361   } 
   autocorr_energy { } 
} 

