#-------------------------------------------------
#VMC run: timestep 1.6 nconfig 2176 steps 40
#-------------------------------------------------


init { 
   label vmc
}
block { 
   label vmc
   totweight 87040
   nautocorr 0
   total_energy { -5.357573575784119   } 
   total_energyvar { 0.4050309793722716   } 
   weight { 1   } 
   weightvar { 1.776356839400247e-15   } 
   kinetic_energy { 1.977137841707916   } 
   kinetic_energyvar { 2.231846309370308   } 
   potential_energy { -7.50224832043127   } 
   potential_energyvar { 1.706706397216991   } 
   nonlocal_energy { 0.1675369029392324   } 
   nonlocal_energyvar { 2.725292312221538   } 
   autocorr_energy { } 
} 

block { 
   label vmc
   totweight 87040
   nautocorr 0
   total_energy { -5.35702757743016   } 
   total_energyvar { 0.4152300385539326   } 
   weight { 1   } 
   weightvar { 1.776356839400247e-15   } 
   kinetic_energy { 1.980999310000837   } 
   kinetic_energyvar { 2.280704179811832   } 
   potential_energy { -7.493710067455241   } 
   potential_energyvar { 1.665803468260326   } 
   nonlocal_energy { 0.1556831800242426   } 
   nonlocal_energyvar { 2.745791492996157   } 
   autocorr_energy { } 
} 

block { 
   label vmc
   totweight 87040
   nautocorr 0
   total_energy { -5.356763560938237   } 
   total_energyvar { 0.4018316497775659   } 
   weight { 1   } 
   weightvar { 1.776356839400247e-15   } 
   kinetic_energy { 1.977056612951965   } 
   kinetic_energyvar { 2.244361395983882   } 
   potential_energy { -7.496689554373167   } 
   potential_energyvar { 1.688023220115041   } 
   nonlocal_energy { 0.1628693804829633   } 
   nonlocal_energyvar { 2.727923849953503   } 
   autocorr_energy { } 
} 

block { 
   label vmc
   totweight 87040
   nautocorr 0
   total_energy { -5.363682667458216   } 
   total_energyvar { 0.4117716274999612   } 
   weight { 1   } 
   weightvar { 1.776356839400247e-15   } 
   kinetic_energy { 1.962826549800592   } 
   kinetic_energyvar { 2.49193679415187   } 
   potential_energy { -7.505829261241932   } 
   potential_energyvar { 1.672896901844915   } 
   nonlocal_energy { 0.1793200439831241   } 
   nonlocal_energyvar { 2.945726676864501   } 
   autocorr_energy { } 
} 

block { 
   label vmc
   totweight 87040
   nautocorr 0
   total_energy { -5.355542916474507   } 
   total_energyvar { 0.4777942285270653   } 
   weight { 1   } 
   weightvar { 1.776356839400247e-15   } 
   kinetic_energy { 1.965651762671744   } 
   kinetic_energyvar { 2.490531559951149   } 
   potential_energy { -7.504292275976756   } 
   potential_energyvar { 1.766662410830079   } 
   nonlocal_energy { 0.1830975968305023   } 
   nonlocal_energyvar { 3.075327586155554   } 
   autocorr_energy { } 
} 

block { 
   label vmc
   totweight 87040
   nautocorr 0
   total_energy { -5.361056667044959   } 
   total_energyvar { 0.4213948247827853   } 
   weight { 1   } 
   weightvar { 1.776356839400247e-15   } 
   kinetic_energy { 1.965643516732229   } 
   kinetic_energyvar { 2.283709380424036   } 
   potential_energy { -7.50081874223802   } 
   potential_energyvar { 1.685434040543355   } 
   nonlocal_energy { 0.1741185584608325   } 
   nonlocal_energyvar { 2.912500478759191   } 
   autocorr_energy { } 
} 

block { 
   label vmc
   totweight 87040
   nautocorr 0
   total_energy { -5.358360668293565   } 
   total_energyvar { 0.3961462381285032   } 
   weight { 1   } 
   weightvar { 1.776356839400247e-15   } 
   kinetic_energy { 1.991638706557288   } 
   kinetic_energyvar { 2.252927900697934   } 
   potential_energy { -7.518675092707987   } 
   potential_energyvar { 1.674099968765759   } 
   nonlocal_energy { 0.1686757178571361   } 
   nonlocal_energyvar { 2.752235316546177   } 
   autocorr_energy { } 
} 

block { 
   label vmc
   totweight 87040
   nautocorr 0
   total_energy { -5.360712758396796   } 
   total_energyvar { 0.4075778662613949   } 
   weight { 1   } 
   weightvar { 1.776356839400247e-15   } 
   kinetic_energy { 1.967595551044642   } 
   kinetic_energyvar { 2.376363163021867   } 
   potential_energy { -7.505941532670712   } 
   potential_energyvar { 1.683377293219671   } 
   nonlocal_energy { 0.1776332232292731   } 
   nonlocal_energyvar { 2.9654664275748   } 
   autocorr_energy { } 
} 

block { 
   label vmc
   totweight 87040
   nautocorr 0
   total_energy { -5.362070518276097   } 
   total_energyvar { 0.3639066738901835   } 
   weight { 1   } 
   weightvar { 1.776356839400247e-15   } 
   kinetic_energy { 1.981866596566274   } 
   kinetic_energyvar { 2.308772319966169   } 
   potential_energy { -7.507972694222652   } 
   potential_energyvar { 1.650785208855865   } 
   nonlocal_energy { 0.1640355793802809   } 
   nonlocal_energyvar { 2.79820588588033   } 
   autocorr_energy { } 
} 

block { 
   label vmc
   totweight 87040
   nautocorr 0
   total_energy { -5.36009492175747   } 
   total_energyvar { 0.4031741122797199   } 
   weight { 1   } 
   weightvar { 1.776356839400247e-15   } 
   kinetic_energy { 1.964696338178383   } 
   kinetic_energyvar { 2.405632001776   } 
   potential_energy { -7.507073749886613   } 
   potential_energyvar { 1.695291210816445   } 
   nonlocal_energy { 0.1822824899507625   } 
   nonlocal_energyvar { 2.929687300971229   } 
   autocorr_energy { } 
} 

block { 
   label vmc
   totweight 87040
   nautocorr 0
   total_energy { -5.357850699988693   } 
   total_energyvar { 0.3902579807847936   } 
   weight { 1   } 
   weightvar { 1.776356839400247e-15   } 
   kinetic_energy { 1.966408622272706   } 
   kinetic_energyvar { 2.370348599928357   } 
   potential_energy { -7.502544729352026   } 
   potential_energyvar { 1.671116830513157   } 
   nonlocal_energy { 0.1782854070906273   } 
   nonlocal_energyvar { 2.901554920315421   } 
   autocorr_energy { } 
} 

block { 
   label vmc
   totweight 87040
   nautocorr 0
   total_energy { -5.366281705259668   } 
   total_energyvar { 0.3880711430269252   } 
   weight { 1   } 
   weightvar { 1.776356839400247e-15   } 
   kinetic_energy { 1.970292811111537   } 
   kinetic_energyvar { 2.469542189760551   } 
   potential_energy { -7.517100320007191   } 
   potential_energyvar { 1.658116622573348   } 
   nonlocal_energy { 0.1805258036359867   } 
   nonlocal_energyvar { 2.977151001688337   } 
   autocorr_energy { } 
} 

block { 
   label vmc
   totweight 87040
   nautocorr 0
   total_energy { -5.356141607045108   } 
   total_energyvar { 0.5068678915991829   } 
   weight { 1   } 
   weightvar { 1.776356839400247e-15   } 
   kinetic_energy { 1.979403033129395   } 
   kinetic_energyvar { 2.224104410612889   } 
   potential_energy { -7.49780744010258   } 
   potential_energyvar { 1.698907458968847   } 
   nonlocal_energy { 0.1622627999280745   } 
   nonlocal_energyvar { 2.732153655379109   } 
   autocorr_energy { } 
} 

block { 
   label vmc
   totweight 87040
   nautocorr 0
   total_energy { -5.356957033342791   } 
   total_energyvar { 0.3946241699428439   } 
   weight { 1   } 
   weightvar { 1.776356839400247e-15   } 
   kinetic_energy { 1.960847950761306   } 
   kinetic_energyvar { 2.190963414425235   } 
   potential_energy { -7.489389454168571   } 
   potential_energyvar { 1.675281939805677   } 
   nonlocal_energy { 0.1715844700644733   } 
   nonlocal_energyvar { 2.789560663670589   } 
   autocorr_energy { } 
} 

block { 
   label vmc
   totweight 87040
   nautocorr 0
   total_energy { -5.362937787280058   } 
   total_energyvar { 0.4082666481192131   } 
   weight { 1   } 
   weightvar { 1.776356839400247e-15   } 
   kinetic_energy { 1.974498376939831   } 
   kinetic_energyvar { 2.284232658202524   } 
   potential_energy { -7.505886045724989   } 
   potential_energyvar { 1.669888923316598   } 
   nonlocal_energy { 0.1684498815051012   } 
   nonlocal_energyvar { 2.831419657716133   } 
   autocorr_energy { } 
} 

block { 
   label vmc
   totweight 87040
   nautocorr 0
   total_energy { -5.344161622556467   } 
   total_energyvar { 5.785315923157195   } 
   weight { 1   } 
   weightvar { 1.776356839400247e-15   } 
   kinetic_energy { 1.971123353027312   } 
   kinetic_energyvar { 5.106505436561247   } 
   potential_energy { -7.490090848856032   } 
   potential_energyvar { 1.71237985236216   } 
   nonlocal_energy { 0.1748058732722533   } 
   nonlocal_energyvar { 3.376791526762435   } 
   autocorr_energy { } 
} 

block { 
   label vmc
   totweight 87040
   nautocorr 0
   total_energy { -5.356187909273245   } 
   total_energyvar { 0.4019320768461064   } 
   weight { 1   } 
   weightvar { 1.776356839400247e-15   } 
   kinetic_energy { 1.972373420746752   } 
   kinetic_energyvar { 2.287897624429743   } 
   potential_energy { -7.49477864758813   } 
   potential_energyvar { 1.687429383109703   } 
   nonlocal_energy { 0.1662173175681311   } 
   nonlocal_energyvar { 2.807571344493215   } 
   autocorr_energy { } 
} 

block { 
   label vmc
   totweight 87040
   nautocorr 0
   total_energy { -5.353764544995314   } 
   total_energyvar { 6.819817104344115   } 
   weight { 1   } 
   weightvar { 1.776356839400247e-15   } 
   kinetic_energy { 1.99725104798268   } 
   kinetic_energyvar { 6.376289629205397   } 
   potential_energy { -7.515140717896259   } 
   potential_energyvar { 1.784893775530003   } 
   nonlocal_energy { 0.1641251249182636   } 
   nonlocal_energyvar { 3.409600513800509   } 
   autocorr_energy { } 
} 

block { 
   label vmc
   totweight 87040
   nautocorr 0
   total_energy { -5.359895013674575   } 
   total_energyvar { 0.3861234576117853   } 
   weight { 1   } 
   weightvar { 1.776356839400247e-15   } 
   kinetic_energy { 1.978011347066289   } 
   kinetic_energyvar { 2.242309238775644   } 
   potential_energy { -7.507794284306367   } 
   potential_energyvar { 1.658959218344059   } 
   nonlocal_energy { 0.1698879235655038   } 
   nonlocal_energyvar { 2.76606710714672   } 
   autocorr_energy { } 
} 

block { 
   label vmc
   totweight 87040
   nautocorr 0
   total_energy { -5.360116971247338   } 
   total_energyvar { 0.3896490472159598   } 
   weight { 1   } 
   weightvar { 1.776356839400247e-15   } 
   kinetic_energy { 1.975411145619709   } 
   kinetic_energyvar { 2.231803100472481   } 
   potential_energy { -7.49765193827042   } 
   potential_energyvar { 1.665163962658146   } 
   nonlocal_energy { 0.162123821403372   } 
   nonlocal_energyvar { 2.683631973074843   } 
   autocorr_energy { } 
} 

block { 
   label vmc
   totweight 87040
   nautocorr 0
   total_energy { -5.35880187921784   } 
   total_energyvar { 0.4013925560504068   } 
   weight { 1   } 
   weightvar { 1.776356839400247e-15   } 
   kinetic_energy { 1.994462526272156   } 
   kinetic_energyvar { 2.123208514903432   } 
   potential_energy { -7.507096316486122   } 
   potential_energyvar { 1.683655249333883   } 
   nonlocal_energy { 0.1538319109961263   } 
   nonlocal_energyvar { 2.550705753007919   } 
   autocorr_energy { } 
} 

block { 
   label vmc
   totweight 87040
   nautocorr 0
   total_energy { -5.357423775342764   } 
   total_energyvar { 0.4126199755255498   } 
   weight { 1   } 
   weightvar { 1.776356839400247e-15   } 
   kinetic_energy { 1.981100319996676   } 
   kinetic_energyvar { 2.246710086137408   } 
   potential_energy { -7.501933897471771   } 
   potential_energyvar { 1.702804190826769   } 
   nonlocal_energy { 0.1634098021323322   } 
   nonlocal_energyvar { 2.698983033131972   } 
   autocorr_energy { } 
} 

block { 
   label vmc
   totweight 87040
   nautocorr 0
   total_energy { -5.358956618476592   } 
   total_energyvar { 0.3976241912132224   } 
   weight { 1   } 
   weightvar { 1.776356839400247e-15   } 
   kinetic_energy { 1.98077322167993   } 
   kinetic_energyvar { 2.293435796711914   } 
   potential_energy { -7.501334521927648   } 
   potential_energyvar { 1.670252556021472   } 
   nonlocal_energy { 0.1616046817711239   } 
   nonlocal_energyvar { 2.751155368935393   } 
   autocorr_energy { } 
} 

block { 
   label vmc
   totweight 87040
   nautocorr 0
   total_energy { -5.357054006334688   } 
   total_energyvar { 0.4216917894732788   } 
   weight { 1   } 
   weightvar { 1.776356839400247e-15   } 
   kinetic_energy { 1.972109313059467   } 
   kinetic_energyvar { 2.246449811975694   } 
   potential_energy { -7.49699793330027   } 
   potential_energyvar { 1.690079887931252   } 
   nonlocal_energy { 0.1678346139061163   } 
   nonlocal_energyvar { 2.757018174160912   } 
   autocorr_energy { } 
} 

block { 
   label vmc
   totweight 87040
   nautocorr 0
   total_energy { -5.358956200620894   } 
   total_energyvar { 0.4328531581790098   } 
   weight { 1   } 
   weightvar { 1.776356839400247e-15   } 
   kinetic_energy { 1.966637893584371   } 
   kinetic_energyvar { 2.316016878526256   } 
   potential_energy { -7.500820657511761   } 
   potential_energyvar { 1.693700666518348   } 
   nonlocal_energy { 0.1752265633064955   } 
   nonlocal_energyvar { 2.809918810310272   } 
   autocorr_energy { } 
} 

block { 
   label vmc
   totweight 87040
   nautocorr 0
   total_energy { -5.3606562777934   } 
   total_energyvar { 0.3940138595934901   } 
   weight { 1   } 
   weightvar { 1.776356839400247e-15   } 
   kinetic_energy { 1.975591990755758   } 
   kinetic_energyvar { 2.276697434103383   } 
   potential_energy { -7.504542134309947   } 
   potential_energyvar { 1.678605668413604   } 
   nonlocal_energy { 0.1682938657607881   } 
   nonlocal_energyvar { 2.771320904498805   } 
   autocorr_energy { } 
} 

block { 
   label vmc
   totweight 87040
   nautocorr 0
   total_energy { -5.355599735421314   } 
   total_energyvar { 0.4264587648994597   } 
   weight { 1   } 
   weightvar { 1.776356839400247e-15   } 
   kinetic_energy { 1.988564355095838   } 
   kinetic_energyvar { 2.070578840389448   } 
   potential_energy { -7.50729728181438   } 
   potential_energyvar { 1.696806457557029   } 
   nonlocal_energy { 0.1631331912972296   } 
   nonlocal_energyvar { 2.56682663074358   } 
   autocorr_energy { } 
} 

block { 
   label vmc
   totweight 87040
   nautocorr 0
   total_energy { -5.358381219503934   } 
   total_energyvar { 0.3914140574072169   } 
   weight { 1   } 
   weightvar { 1.776356839400247e-15   } 
   kinetic_energy { 1.973675997419003   } 
   kinetic_energyvar { 2.255232334541146   } 
   potential_energy { -7.49350879152735   } 
   potential_energyvar { 1.657480587762672   } 
   nonlocal_energy { 0.1614515746044142   } 
   nonlocal_energyvar { 2.728424675396704   } 
   autocorr_energy { } 
} 

block { 
   label vmc
   totweight 87040
   nautocorr 0
   total_energy { -5.360906672040901   } 
   total_energyvar { 1.337208015971473   } 
   weight { 1   } 
   weightvar { 1.776356839400247e-15   } 
   kinetic_energy { 1.97242085773186   } 
   kinetic_energyvar { 2.785528511450641   } 
   potential_energy { -7.510498393659233   } 
   potential_energyvar { 1.659222429081195   } 
   nonlocal_energy { 0.1771708638864741   } 
   nonlocal_energyvar { 2.978816269294425   } 
   autocorr_energy { } 
} 

block { 
   label vmc
   totweight 87040
   nautocorr 0
   total_energy { -5.360680076484488   } 
   total_energyvar { 0.3961546813758371   } 
   weight { 1   } 
   weightvar { 1.776356839400247e-15   } 
   kinetic_energy { 1.972936308904548   } 
   kinetic_energyvar { 2.315113443368006   } 
   potential_energy { -7.502344630772827   } 
   potential_energyvar { 1.674707197380114   } 
   nonlocal_energy { 0.1687282453837928   } 
   nonlocal_energyvar { 2.803972938179023   } 
   autocorr_energy { } 
} 

