#-------------------------------------------------
#VMC run: timestep 1.6 nconfig 4352 steps 30
#-------------------------------------------------


init { 
   label vmc
}
block { 
   label vmc
   totweight 130560
   nautocorr 0
   total_energy { -5.456611844420555   } 
   total_energyvar { 0.1005893042958539   } 
   weight { 1   } 
   weightvar { 1.776356839400247e-15   } 
   kinetic_energy { 2.015627009819186   } 
   kinetic_energyvar { 2.174967847660321   } 
   potential_energy { -7.654368251491478   } 
   potential_energyvar { 1.368618889206861   } 
   nonlocal_energy { 0.1821293972517379   } 
   nonlocal_energyvar { 2.620549226383847   } 
   autocorr_energy { } 
} 

block { 
   label vmc
   totweight 130560
   nautocorr 0
   total_energy { -5.456505714039069   } 
   total_energyvar { 0.1237807641665015   } 
   weight { 1   } 
   weightvar { 1.776356839400247e-15   } 
   kinetic_energy { 2.012203054650134   } 
   kinetic_energyvar { 2.303860492014282   } 
   potential_energy { -7.659309869650056   } 
   potential_energyvar { 1.388440291540624   } 
   nonlocal_energy { 0.1906011009608541   } 
   nonlocal_energyvar { 2.811185291502344   } 
   autocorr_energy { } 
} 

block { 
   label vmc
   totweight 130560
   nautocorr 0
   total_energy { -5.457213140172505   } 
   total_energyvar { 0.1153317850819696   } 
   weight { 1   } 
   weightvar { 1.776356839400247e-15   } 
   kinetic_energy { 2.01752875485239   } 
   kinetic_energyvar { 2.225692046447562   } 
   potential_energy { -7.652392634657775   } 
   potential_energyvar { 1.3787367889848   } 
   nonlocal_energy { 0.1776507396328794   } 
   nonlocal_energyvar { 2.687674337845808   } 
   autocorr_energy { } 
} 

block { 
   label vmc
   totweight 130560
   nautocorr 0
   total_energy { -5.456460534044401   } 
   total_energyvar { 0.09270010462200923   } 
   weight { 1   } 
   weightvar { 1.776356839400247e-15   } 
   kinetic_energy { 2.019839908756246   } 
   kinetic_energyvar { 2.158243205149273   } 
   potential_energy { -7.658163813109923   } 
   potential_energyvar { 1.381373207374203   } 
   nonlocal_energy { 0.1818633703092772   } 
   nonlocal_energyvar { 2.623492643597605   } 
   autocorr_energy { } 
} 

block { 
   label vmc
   totweight 130560
   nautocorr 0
   total_energy { -5.455740646568296   } 
   total_energyvar { 0.1349072339309627   } 
   weight { 1   } 
   weightvar { 1.776356839400247e-15   } 
   kinetic_energy { 2.017206857074114   } 
   kinetic_energyvar { 2.189148252639896   } 
   potential_energy { -7.655754274220776   } 
   potential_energyvar { 1.384612902231755   } 
   nonlocal_energy { 0.1828067705783648   } 
   nonlocal_energyvar { 2.739702480529776   } 
   autocorr_energy { } 
} 

block { 
   label vmc
   totweight 130560
   nautocorr 0
   total_energy { -5.456634621699013   } 
   total_energyvar { 0.1013808555727972   } 
   weight { 1   } 
   weightvar { 1.776356839400247e-15   } 
   kinetic_energy { 2.011436827439005   } 
   kinetic_energyvar { 2.241887834383098   } 
   potential_energy { -7.650796628886981   } 
   potential_energyvar { 1.389217392485016   } 
   nonlocal_energy { 0.1827251797489622   } 
   nonlocal_energyvar { 2.738805025653318   } 
   autocorr_energy { } 
} 

block { 
   label vmc
   totweight 130560
   nautocorr 0
   total_energy { -5.455948224806932   } 
   total_energyvar { 0.1004153502476391   } 
   weight { 1   } 
   weightvar { 1.776356839400247e-15   } 
   kinetic_energy { 2.002925715954248   } 
   kinetic_energyvar { 2.30204525271217   } 
   potential_energy { -7.640360804986047   } 
   potential_energyvar { 1.379150644910431   } 
   nonlocal_energy { 0.1814868642248657   } 
   nonlocal_energyvar { 2.768910656014095   } 
   autocorr_energy { } 
} 

block { 
   label vmc
   totweight 130560
   nautocorr 0
   total_energy { -5.455707266397701   } 
   total_energyvar { 0.1541299594687603   } 
   weight { 1   } 
   weightvar { 1.776356839400247e-15   } 
   kinetic_energy { 2.019682491533669   } 
   kinetic_energyvar { 2.244166994970267   } 
   potential_energy { -7.653403060458388   } 
   potential_energyvar { 1.379643900811976   } 
   nonlocal_energy { 0.1780133025270195   } 
   nonlocal_energyvar { 2.654370515933103   } 
   autocorr_energy { } 
} 

block { 
   label vmc
   totweight 130560
   nautocorr 0
   total_energy { -5.455666654706996   } 
   total_energyvar { 0.1188529003868872   } 
   weight { 1   } 
   weightvar { 1.776356839400247e-15   } 
   kinetic_energy { 2.009289002373534   } 
   kinetic_energyvar { 2.366312596908318   } 
   potential_energy { -7.648963929370564   } 
   potential_energyvar { 1.370169153628781   } 
   nonlocal_energy { 0.184008272290034   } 
   nonlocal_energyvar { 2.876523636137731   } 
   autocorr_energy { } 
} 

block { 
   label vmc
   totweight 130560
   nautocorr 0
   total_energy { -5.455796348479115   } 
   total_energyvar { 0.1140389035839167   } 
   weight { 1   } 
   weightvar { 1.776356839400247e-15   } 
   kinetic_energy { 2.006474290990436   } 
   kinetic_energyvar { 2.296411734873493   } 
   potential_energy { -7.658117704175289   } 
   potential_energyvar { 1.399611342606727   } 
   nonlocal_energy { 0.1958470647057379   } 
   nonlocal_energyvar { 2.904885497247745   } 
   autocorr_energy { } 
} 

block { 
   label vmc
   totweight 130560
   nautocorr 0
   total_energy { -5.456467126848932   } 
   total_energyvar { 0.0955965316546009   } 
   weight { 1   } 
   weightvar { 1.776356839400247e-15   } 
   kinetic_energy { 2.024185730573782   } 
   kinetic_energyvar { 2.18467313980416   } 
   potential_energy { -7.651278475799921   } 
   potential_energyvar { 1.366228240877492   } 
   nonlocal_energy { 0.1706256183772077   } 
   nonlocal_energyvar { 2.576859236005922   } 
   autocorr_energy { } 
} 

block { 
   label vmc
   totweight 130560
   nautocorr 0
   total_energy { -5.455799712330385   } 
   total_energyvar { 0.1073781814050409   } 
   weight { 1   } 
   weightvar { 1.776356839400247e-15   } 
   kinetic_energy { 2.020428171806096   } 
   kinetic_energyvar { 2.173300411520738   } 
   potential_energy { -7.660794333552534   } 
   potential_energyvar { 1.383046932644754   } 
   nonlocal_energy { 0.184566449416053   } 
   nonlocal_energyvar { 2.722691851016039   } 
   autocorr_energy { } 
} 

block { 
   label vmc
   totweight 130560
   nautocorr 0
   total_energy { -5.457455674495006   } 
   total_energyvar { 0.1124816957167037   } 
   weight { 1   } 
   weightvar { 1.776356839400247e-15   } 
   kinetic_energy { 2.013544893192222   } 
   kinetic_energyvar { 2.312154102620493   } 
   potential_energy { -7.663060401922365   } 
   potential_energyvar { 1.380571842472442   } 
   nonlocal_energy { 0.1920598342351366   } 
   nonlocal_energyvar { 2.854854095557437   } 
   autocorr_energy { } 
} 

block { 
   label vmc
   totweight 130560
   nautocorr 0
   total_energy { -5.456690786318399   } 
   total_energyvar { 0.106502292134735   } 
   weight { 1   } 
   weightvar { 1.776356839400247e-15   } 
   kinetic_energy { 2.009816174919867   } 
   kinetic_energyvar { 2.270187957882348   } 
   potential_energy { -7.653680363757427   } 
   potential_energyvar { 1.379634664729844   } 
   nonlocal_energy { 0.1871734025191601   } 
   nonlocal_energyvar { 2.73855993710951   } 
   autocorr_energy { } 
} 

block { 
   label vmc
   totweight 130560
   nautocorr 0
   total_energy { -5.456236209423763   } 
   total_energyvar { 0.1326871349672769   } 
   weight { 1   } 
   weightvar { 1.776356839400247e-15   } 
   kinetic_energy { 2.019620778756727   } 
   kinetic_energyvar { 2.340229856010324   } 
   potential_energy { -7.663295273082336   } 
   potential_energyvar { 1.394738249438441   } 
   nonlocal_energy { 0.1874382849018454   } 
   nonlocal_energyvar { 2.854784732188005   } 
   autocorr_energy { } 
} 

block { 
   label vmc
   totweight 130560
   nautocorr 0
   total_energy { -5.455715805963305   } 
   total_energyvar { 0.1519986186087614   } 
   weight { 1   } 
   weightvar { 1.776356839400247e-15   } 
   kinetic_energy { 2.00872201715414   } 
   kinetic_energyvar { 2.28025617759852   } 
   potential_energy { -7.646978078254536   } 
   potential_energyvar { 1.386637125082796   } 
   nonlocal_energy { 0.1825402551370906   } 
   nonlocal_energyvar { 2.812306332132073   } 
   autocorr_energy { } 
} 

block { 
   label vmc
   totweight 130560
   nautocorr 0
   total_energy { -5.454363699376445   } 
   total_energyvar { 0.1119103916577472   } 
   weight { 1   } 
   weightvar { 1.776356839400247e-15   } 
   kinetic_energy { 2.006225292445576   } 
   kinetic_energyvar { 2.251392915196362   } 
   potential_energy { -7.648317358658306   } 
   potential_energyvar { 1.401716698482631   } 
   nonlocal_energy { 0.1877283668362855   } 
   nonlocal_energyvar { 2.736131232624952   } 
   autocorr_energy { } 
} 

block { 
   label vmc
   totweight 130560
   nautocorr 0
   total_energy { -5.45436056085313   } 
   total_energyvar { 0.1787003198079464   } 
   weight { 1   } 
   weightvar { 1.776356839400247e-15   } 
   kinetic_energy { 2.019746781558648   } 
   kinetic_energyvar { 2.220462398167808   } 
   potential_energy { -7.657351796555234   } 
   potential_energyvar { 1.401455856199121   } 
   nonlocal_energy { 0.1832444541434544   } 
   nonlocal_energyvar { 2.828173202763398   } 
   autocorr_energy { } 
} 

block { 
   label vmc
   totweight 130560
   nautocorr 0
   total_energy { -5.455337852682035   } 
   total_energyvar { 0.08531021353105034   } 
   weight { 1   } 
   weightvar { 1.776356839400247e-15   } 
   kinetic_energy { 2.019791985546215   } 
   kinetic_energyvar { 2.152708578650858   } 
   potential_energy { -7.654259756317805   } 
   potential_energyvar { 1.38162272485743   } 
   nonlocal_energy { 0.1791299180895556   } 
   nonlocal_energyvar { 2.568875203533988   } 
   autocorr_energy { } 
} 

block { 
   label vmc
   totweight 130560
   nautocorr 0
   total_energy { -5.45581389766804   } 
   total_energyvar { 0.1381462500773785   } 
   weight { 1   } 
   weightvar { 1.776356839400247e-15   } 
   kinetic_energy { 2.030527441667325   } 
   kinetic_energyvar { 2.042945562859503   } 
   potential_energy { -7.657222844621113   } 
   potential_energyvar { 1.35901685890826   } 
   nonlocal_energy { 0.1708815052857492   } 
   nonlocal_energyvar { 2.541614868800168   } 
   autocorr_energy { } 
} 

