#-------------------------------------------------
#DMC run: timestep 0.005
#-------------------------------------------------


init { 
   label spin_0.005
}
block { 
   label spin_0.005
   totweight 1740800
   nautocorr 0
   total_energy { -272.0727579583005   } 
   total_energyvar { 4.000157389954316   } 
   weight { 1.100823348542353   } 
   weightvar { 0.06277751586321177   } 
   kinetic_energy { 90.01836099107371   } 
   kinetic_energyvar { 284.8801448980053   } 
   potential_energy { -397.4974629944915   } 
   potential_energyvar { 537.3528528917027   } 
   nonlocal_energy { 35.40634404511732   } 
   nonlocal_energyvar { 560.5275193268292   } 
   autocorr_energy { } 
} 

block { 
   label spin_0.005
   totweight 1740800
   nautocorr 0
   total_energy { -272.0349616299277   } 
   total_energyvar { 4.37196928553108   } 
   weight { 1.112913518485504   } 
   weightvar { 0.0845137731221518   } 
   kinetic_energy { 92.07321197923264   } 
   kinetic_energyvar { 277.6057674991799   } 
   potential_energy { -399.7861154430663   } 
   potential_energyvar { 529.6600288012901   } 
   nonlocal_energy { 35.6779418339059   } 
   nonlocal_energyvar { 553.4288253070829   } 
   autocorr_energy { } 
} 

block { 
   label spin_0.005
   totweight 1740800
   nautocorr 0
   total_energy { -272.0117743315807   } 
   total_energyvar { 4.912528284977362   } 
   weight { 1.011051852228037   } 
   weightvar { 0.1032199797877627   } 
   kinetic_energy { 92.29093514844918   } 
   kinetic_energyvar { 278.1361768165921   } 
   potential_energy { -400.0393396596851   } 
   potential_energyvar { 531.1093918949455   } 
   nonlocal_energy { 35.73663017965519   } 
   nonlocal_energyvar { 559.9854429251552   } 
   autocorr_energy { } 
} 

block { 
   label spin_0.005
   totweight 1740800
   nautocorr 0
   total_energy { -272.0056128649733   } 
   total_energyvar { 4.704634160531382   } 
   weight { 0.9791223725611341   } 
   weightvar { 0.1110900076105847   } 
   kinetic_energy { 92.39441277170135   } 
   kinetic_energyvar { 275.4817565884144   } 
   potential_energy { -400.0223496143408   } 
   potential_energyvar { 528.5125385955605   } 
   nonlocal_energy { 35.62232397766616   } 
   nonlocal_energyvar { 555.2156039146065   } 
   autocorr_energy { } 
} 

block { 
   label spin_0.005
   totweight 1740800
   nautocorr 0
   total_energy { -272.0054657148159   } 
   total_energyvar { 4.488191557930506   } 
   weight { 0.9709583591668377   } 
   weightvar { 0.1133557840594237   } 
   kinetic_energy { 92.57239503400677   } 
   kinetic_energyvar { 276.4034474698339   } 
   potential_energy { -400.3064345457915   } 
   potential_energyvar { 526.5814557249157   } 
   nonlocal_energy { 35.7285737969688   } 
   nonlocal_energyvar { 556.5167635743981   } 
   autocorr_energy { } 
} 

block { 
   label spin_0.005
   totweight 1740800
   nautocorr 0
   total_energy { -271.997921227794   } 
   total_energyvar { 4.755042053566537   } 
   weight { 0.973302598737584   } 
   weightvar { 0.1135374930037347   } 
   kinetic_energy { 92.55312193127391   } 
   kinetic_energyvar { 274.4018914135074   } 
   potential_energy { -400.2099727580011   } 
   potential_energyvar { 527.2293101167913   } 
   nonlocal_energy { 35.65892959893326   } 
   nonlocal_energyvar { 553.6506533135004   } 
   autocorr_energy { } 
} 

block { 
   label spin_0.005
   totweight 1740800
   nautocorr 0
   total_energy { -272.0053814464192   } 
   total_energyvar { 4.896513134920166   } 
   weight { 0.9820432929266197   } 
   weightvar { 0.1115969991511504   } 
   kinetic_energy { 92.62015294689758   } 
   kinetic_energyvar { 276.2707579844949   } 
   potential_energy { -400.4378556833126   } 
   potential_energyvar { 529.8271806020643   } 
   nonlocal_energy { 35.81232128999582   } 
   nonlocal_energyvar { 558.1150897928775   } 
   autocorr_energy { } 
} 

block { 
   label spin_0.005
   totweight 1740800
   nautocorr 0
   total_energy { -272.0001381673565   } 
   total_energyvar { 4.600218466961768   } 
   weight { 0.9911960817190156   } 
   weightvar { 0.1101485856437786   } 
   kinetic_energy { 92.76529756898421   } 
   kinetic_energyvar { 276.1894921253714   } 
   potential_energy { -400.5168213045129   } 
   potential_energyvar { 530.9359796726798   } 
   nonlocal_energy { 35.7513855681721   } 
   nonlocal_energyvar { 552.9277968205871   } 
   autocorr_energy { } 
} 

block { 
   label spin_0.005
   totweight 1740800
   nautocorr 0
   total_energy { -272.0078107885871   } 
   total_energyvar { 4.435972648061767   } 
   weight { 0.9962809945355008   } 
   weightvar { 0.1090872705249958   } 
   kinetic_energy { 92.69855621973373   } 
   kinetic_energyvar { 275.3996033857293   } 
   potential_energy { -400.4008942132665   } 
   potential_energyvar { 527.7998728438171   } 
   nonlocal_energy { 35.69452720494564   } 
   nonlocal_energyvar { 553.8332836327304   } 
   autocorr_energy { } 
} 

block { 
   label spin_0.005
   totweight 1740800
   nautocorr 0
   total_energy { -271.9907107359866   } 
   total_energyvar { 4.564021937820752   } 
   weight { 0.9930728252776263   } 
   weightvar { 0.108089283764746   } 
   kinetic_energy { 92.73889295993368   } 
   kinetic_energyvar { 276.8450340001351   } 
   potential_energy { -400.5011881411273   } 
   potential_energyvar { 527.8664106717074   } 
   nonlocal_energy { 35.77158444520718   } 
   nonlocal_energyvar { 556.3961005217976   } 
   autocorr_energy { } 
} 

block { 
   label spin_0.005
   totweight 1740800
   nautocorr 0
   total_energy { -272.0000803235422   } 
   total_energyvar { 4.659338275597947   } 
   weight { 0.9912739125143607   } 
   weightvar { 0.1079923041515256   } 
   kinetic_energy { 92.74046600699661   } 
   kinetic_energyvar { 277.9971102038873   } 
   potential_energy { -400.6535562318017   } 
   potential_energyvar { 527.1344087362792   } 
   nonlocal_energy { 35.9130099012629   } 
   nonlocal_energyvar { 558.8838334666481   } 
   autocorr_energy { } 
} 

block { 
   label spin_0.005
   totweight 1740800
   nautocorr 0
   total_energy { -271.9920280556532   } 
   total_energyvar { 4.852799031461225   } 
   weight { 0.9923446002012007   } 
   weightvar { 0.1080972022636558   } 
   kinetic_energy { 92.7978873691448   } 
   kinetic_energyvar { 274.6903081376879   } 
   potential_energy { -400.4985437109783   } 
   potential_energyvar { 529.7408828876023   } 
   nonlocal_energy { 35.70862828618037   } 
   nonlocal_energyvar { 557.9378220904026   } 
   autocorr_energy { } 
} 

block { 
   label spin_0.005
   totweight 1740800
   nautocorr 0
   total_energy { -271.9919019199052   } 
   total_energyvar { 4.786268563334805   } 
   weight { 0.9904815547553997   } 
   weightvar { 0.11084019192653   } 
   kinetic_energy { 92.78121118075758   } 
   kinetic_energyvar { 276.5776813460575   } 
   potential_energy { -400.5122510720614   } 
   potential_energyvar { 530.8853145701509   } 
   nonlocal_energy { 35.73913797139857   } 
   nonlocal_energyvar { 553.4186553088955   } 
   autocorr_energy { } 
} 

block { 
   label spin_0.005
   totweight 1740800
   nautocorr 0
   total_energy { -272.0012806588691   } 
   total_energyvar { 4.626216742560231   } 
   weight { 0.993299551671798   } 
   weightvar { 0.1106893832411085   } 
   kinetic_energy { 92.58348763034286   } 
   kinetic_energyvar { 276.9674534479975   } 
   potential_energy { -400.2975669303882   } 
   potential_energyvar { 528.1337742958218   } 
   nonlocal_energy { 35.71279864117628   } 
   nonlocal_energyvar { 556.0359427388884   } 
   autocorr_energy { } 
} 

block { 
   label spin_0.005
   totweight 1740800
   nautocorr 0
   total_energy { -271.9985749130175   } 
   total_energyvar { 4.513385503938284   } 
   weight { 0.9966268343235364   } 
   weightvar { 0.1093803961475097   } 
   kinetic_energy { 92.60707680717323   } 
   kinetic_energyvar { 275.9177232790008   } 
   potential_energy { -400.3579713058686   } 
   potential_energyvar { 531.2225205102193   } 
   nonlocal_energy { 35.75231958567786   } 
   nonlocal_energyvar { 556.2209611684863   } 
   autocorr_energy { } 
} 

block { 
   label spin_0.005
   totweight 1740800
   nautocorr 0
   total_energy { -271.9977463425378   } 
   total_energyvar { 4.48588711685907   } 
   weight { 0.9964644269937908   } 
   weightvar { 0.1110644111668645   } 
   kinetic_energy { 92.7161108773813   } 
   kinetic_energyvar { 277.464480708825   } 
   potential_energy { -400.4907510327631   } 
   potential_energyvar { 533.1497121824518   } 
   nonlocal_energy { 35.77689381284403   } 
   nonlocal_energyvar { 555.1663462067974   } 
   autocorr_energy { } 
} 

block { 
   label spin_0.005
   totweight 1740800
   nautocorr 0
   total_energy { -271.9965936768378   } 
   total_energyvar { 4.857835430305484   } 
   weight { 0.9984847142326798   } 
   weightvar { 0.1088411994746473   } 
   kinetic_energy { 92.57883023675116   } 
   kinetic_energyvar { 280.6647135230285   } 
   potential_energy { -400.2705332537673   } 
   potential_energyvar { 535.866106922577   } 
   nonlocal_energy { 35.69510934017832   } 
   nonlocal_energyvar { 559.7914052007312   } 
   autocorr_energy { } 
} 

