#-------------------------------------------------
#VMC run: timestep 0.5 nconfig 2560 steps 20
#-------------------------------------------------


init { 
   label vmc
}
block { 
   label vmc
   totweight 51200
   nautocorr 0
   total_energy { -134.4517957804437   } 
   total_energyvar { 1.533696264106051   } 
   weight { 1   } 
   weightvar { 0   } 
   kinetic_energy { 47.23949444127853   } 
   kinetic_energyvar { 151.4396752970199   } 
   potential_energy { -194.6728309801509   } 
   potential_energyvar { 164.73183091826   } 
   nonlocal_energy { 12.98154075842863   } 
   nonlocal_energyvar { 218.4537225318534   } 
   autocorr_energy { } 
} 

block { 
   label vmc
   totweight 51200
   nautocorr 0
   total_energy { -134.4237065309856   } 
   total_energyvar { 1.521802483114017   } 
   weight { 1   } 
   weightvar { 0   } 
   kinetic_energy { 47.20705600575844   } 
   kinetic_energyvar { 149.0024543536934   } 
   potential_energy { -194.7223565127146   } 
   potential_energyvar { 163.4224441479456   } 
   nonlocal_energy { 13.09159397597048   } 
   nonlocal_energyvar { 218.8337024153128   } 
   autocorr_energy { } 
} 

block { 
   label vmc
   totweight 51200
   nautocorr 0
   total_energy { -134.420369167378   } 
   total_energyvar { 9.20983327271607   } 
   weight { 1   } 
   weightvar { 0   } 
   kinetic_energy { 47.22450284110897   } 
   kinetic_energyvar { 156.1652500165876   } 
   potential_energy { -194.7092516639897   } 
   potential_energyvar { 165.9308778502136   } 
   nonlocal_energy { 13.06437965550273   } 
   nonlocal_energyvar { 232.8459057837642   } 
   autocorr_energy { } 
} 

block { 
   label vmc
   totweight 51200
   nautocorr 0
   total_energy { -134.424969439932   } 
   total_energyvar { 1.615517348912409   } 
   weight { 1   } 
   weightvar { 0   } 
   kinetic_energy { 47.19868233074126   } 
   kinetic_energyvar { 151.3965649090843   } 
   potential_energy { -194.9103616472793   } 
   potential_energyvar { 165.7562379752707   } 
   nonlocal_energy { 13.28670987660596   } 
   nonlocal_energyvar { 222.1801689678329   } 
   autocorr_energy { } 
} 

block { 
   label vmc
   totweight 51200
   nautocorr 0
   total_energy { -134.4394589655208   } 
   total_energyvar { 1.584540684432255   } 
   weight { 1   } 
   weightvar { 0   } 
   kinetic_energy { 46.97818824722114   } 
   kinetic_energyvar { 155.8970943260575   } 
   potential_energy { -194.7028936071379   } 
   potential_energyvar { 164.383974791139   } 
   nonlocal_energy { 13.28524639439594   } 
   nonlocal_energyvar { 230.1513710612666   } 
   autocorr_energy { } 
} 

block { 
   label vmc
   totweight 51200
   nautocorr 0
   total_energy { -134.4240298977867   } 
   total_energyvar { 10.55847939926339   } 
   weight { 1   } 
   weightvar { 0   } 
   kinetic_energy { 47.07871547948742   } 
   kinetic_energyvar { 162.8245598211601   } 
   potential_energy { -194.7663346049259   } 
   potential_energyvar { 167.2709462696256   } 
   nonlocal_energy { 13.26358922765185   } 
   nonlocal_energyvar { 251.6563805087212   } 
   autocorr_energy { } 
} 

block { 
   label vmc
   totweight 51200
   nautocorr 0
   total_energy { -134.4315829407811   } 
   total_energyvar { 1.57298967734343   } 
   weight { 1   } 
   weightvar { 0   } 
   kinetic_energy { 47.16441939956069   } 
   kinetic_energyvar { 147.4918511911341   } 
   potential_energy { -194.672100236607   } 
   potential_energyvar { 164.8057733651462   } 
   nonlocal_energy { 13.07609789626523   } 
   nonlocal_energyvar { 217.5940745772812   } 
   autocorr_energy { } 
} 

block { 
   label vmc
   totweight 51200
   nautocorr 0
   total_energy { -134.4333086865406   } 
   total_energyvar { 1.598634241919388   } 
   weight { 1   } 
   weightvar { 0   } 
   kinetic_energy { 46.99004654125041   } 
   kinetic_energyvar { 157.8282445448285   } 
   potential_energy { -194.6654269098297   } 
   potential_energyvar { 163.4347526570955   } 
   nonlocal_energy { 13.24207168203869   } 
   nonlocal_energyvar { 234.8183799640517   } 
   autocorr_energy { } 
} 

block { 
   label vmc
   totweight 51200
   nautocorr 0
   total_energy { -134.422110503961   } 
   total_energyvar { 10.75841088155874   } 
   weight { 1   } 
   weightvar { 0   } 
   kinetic_energy { 47.11747653185977   } 
   kinetic_energyvar { 157.7429043169471   } 
   potential_energy { -194.675363853826   } 
   potential_energyvar { 166.5668196513031   } 
   nonlocal_energy { 13.13577681800518   } 
   nonlocal_energyvar { 237.9713716170005   } 
   autocorr_energy { } 
} 

block { 
   label vmc
   totweight 51200
   nautocorr 0
   total_energy { -134.4435249930609   } 
   total_energyvar { 1.579845568038281   } 
   weight { 1   } 
   weightvar { 0   } 
   kinetic_energy { 46.98765322962075   } 
   kinetic_energyvar { 153.9169266836968   } 
   potential_energy { -194.7864773379492   } 
   potential_energyvar { 166.8487443409941   } 
   nonlocal_energy { 13.35529911526749   } 
   nonlocal_energyvar { 231.2989547482466   } 
   autocorr_energy { } 
} 

block { 
   label vmc
   totweight 51200
   nautocorr 0
   total_energy { -134.4359078776862   } 
   total_energyvar { 1.560004555807527   } 
   weight { 1   } 
   weightvar { 0   } 
   kinetic_energy { 47.13358247892474   } 
   kinetic_energyvar { 158.9935883679813   } 
   potential_energy { -194.7699972709827   } 
   potential_energyvar { 163.6477131525871   } 
   nonlocal_energy { 13.20050691437181   } 
   nonlocal_energyvar { 231.2767409492854   } 
   autocorr_energy { } 
} 

block { 
   label vmc
   totweight 51200
   nautocorr 0
   total_energy { -134.442694562314   } 
   total_energyvar { 1.527068936765564   } 
   weight { 1   } 
   weightvar { 0   } 
   kinetic_energy { 47.38413303887609   } 
   kinetic_energyvar { 150.8026434899298   } 
   potential_energy { -194.7249892516924   } 
   potential_energyvar { 161.6628320934221   } 
   nonlocal_energy { 12.89816165050226   } 
   nonlocal_energyvar { 217.5814931607348   } 
   autocorr_energy { } 
} 

block { 
   label vmc
   totweight 51200
   nautocorr 0
   total_energy { -134.4388466822055   } 
   total_energyvar { 1.601907951429929   } 
   weight { 1   } 
   weightvar { 0   } 
   kinetic_energy { 47.08821225867963   } 
   kinetic_energyvar { 159.520279265826   } 
   potential_energy { -194.8112858760643   } 
   potential_energyvar { 166.7800428685012   } 
   nonlocal_energy { 13.2842269351792   } 
   nonlocal_energyvar { 238.3712979770896   } 
   autocorr_energy { } 
} 

block { 
   label vmc
   totweight 51200
   nautocorr 0
   total_energy { -134.4428737647901   } 
   total_energyvar { 1.617945958308975   } 
   weight { 1   } 
   weightvar { 0   } 
   kinetic_energy { 47.21099277680418   } 
   kinetic_energyvar { 152.4243844949371   } 
   potential_energy { -194.7755391088682   } 
   potential_energyvar { 165.5714567073711   } 
   nonlocal_energy { 13.12167256727394   } 
   nonlocal_energyvar { 221.8702944995612   } 
   autocorr_energy { } 
} 

block { 
   label vmc
   totweight 51200
   nautocorr 0
   total_energy { -134.4328767589094   } 
   total_energyvar { 1.559885049458283   } 
   weight { 1   } 
   weightvar { 0   } 
   kinetic_energy { 47.12328410897444   } 
   kinetic_energyvar { 158.4470138764711   } 
   potential_energy { -194.7356243848448   } 
   potential_energyvar { 163.2168707533164   } 
   nonlocal_energy { 13.17946351696085   } 
   nonlocal_energyvar { 233.5326783299697   } 
   autocorr_energy { } 
} 

block { 
   label vmc
   totweight 51200
   nautocorr 0
   total_energy { -134.4253949281499   } 
   total_energyvar { 1.627041619227069   } 
   weight { 1   } 
   weightvar { 0   } 
   kinetic_energy { 47.21145303886014   } 
   kinetic_energyvar { 157.0274327272305   } 
   potential_energy { -194.8930067750013   } 
   potential_energyvar { 164.4305440412699   } 
   nonlocal_energy { 13.2561588079913   } 
   nonlocal_energyvar { 229.8012583292368   } 
   autocorr_energy { } 
} 

block { 
   label vmc
   totweight 51200
   nautocorr 0
   total_energy { -134.4134470596213   } 
   total_energyvar { 1.576437097954827   } 
   weight { 1   } 
   weightvar { 0   } 
   kinetic_energy { 47.17744244291128   } 
   kinetic_energyvar { 151.8656583534383   } 
   potential_energy { -194.8062522020069   } 
   potential_energyvar { 164.8404943596519   } 
   nonlocal_energy { 13.21536269947427   } 
   nonlocal_energyvar { 224.3400446015314   } 
   autocorr_energy { } 
} 

block { 
   label vmc
   totweight 51200
   nautocorr 0
   total_energy { -134.4187500788891   } 
   total_energyvar { 10.0528882079794   } 
   weight { 1   } 
   weightvar { 0   } 
   kinetic_energy { 46.92552467366399   } 
   kinetic_energyvar { 161.6034741813205   } 
   potential_energy { -194.7213846386363   } 
   potential_energyvar { 166.4934695452718   } 
   nonlocal_energy { 13.37710988608318   } 
   nonlocal_energyvar { 247.9568337930478   } 
   autocorr_energy { } 
} 

block { 
   label vmc
   totweight 51200
   nautocorr 0
   total_energy { -134.4369192279366   } 
   total_energyvar { 1.57945879372426   } 
   weight { 1   } 
   weightvar { 0   } 
   kinetic_energy { 47.00935115394577   } 
   kinetic_energyvar { 155.8303209646828   } 
   potential_energy { -194.8533148960319   } 
   potential_energyvar { 167.3874942155406   } 
   nonlocal_energy { 13.40704451414947   } 
   nonlocal_energyvar { 228.7437846474145   } 
   autocorr_energy { } 
} 

block { 
   label vmc
   totweight 51200
   nautocorr 0
   total_energy { -134.4387991596036   } 
   total_energyvar { 1.597611934240241   } 
   weight { 1   } 
   weightvar { 0   } 
   kinetic_energy { 47.01030457362393   } 
   kinetic_energyvar { 159.3224655809169   } 
   potential_energy { -194.8198169344192   } 
   potential_energyvar { 165.2492075778666   } 
   nonlocal_energy { 13.37071320119162   } 
   nonlocal_energyvar { 237.3353793025873   } 
   autocorr_energy { } 
} 

