
 Primary working directories    : /global/cscratch1/sd/gwang18
 Secondary working directories  : /global/cscratch1/sd/gwang18
 Wavefunction directory         : /global/homes/g/gwang18/wfu/
 Main file repository           : /global/cscratch1/sd/gwang18/

 SHA1      : 19cd028119e0e09f93f0674bd8af7968d9b3eff6
 NAME      : 2015.1.36
 ARCHNAME  : linux/x86_64
 FC        : /opt/cray/pe/craype/2.5.14/bin/ftn
 BLASLIB   : -L/opt/intel/compilers_and_libraries_2018.1.163/linux/mkl/lib/intel64 -Wl,-_start-group -lmkl_intel_ilp64 -lmkl_intel_thread -lmkl_core -Wl,-_end-group -liomp5
 id        : lbl

 Nodes     nprocs
 nid12735    15
 Number of processes for MPI-2 version of Molpro:   nprocs(total)=   16   nprocs(compute)=   15   nprocs(helper)=    1

 Using customized tuning parameters: mindgm=7; mindgv=16; mindgc=1; mindgr=1; noblas=0; minvec=7
 default implementation of scratch files=sf  

 ***,Bi
 memory,512,m
 
 gthresh,twoint=1.e-12
 gprint,basis,orbitals
 
 angstrom
 geometry={
 1                                                                               ! Number of atoms
 Bi 0.0 0.0 0.0
 }
 
                                                                                 !!! Initial guesses
 s_par=[0.096043, 2.334190]
 p_par=[0.056349, 2.213830]
 d_par=[0.096960, 1.975920]
 f_par=[0.146296, 1.657604]
 g_par=[0.239965, 1.711419]
 h_par=[0.380477, 1.862043]
 i_par=[0.614724, 3.0]
 
 proc opt_basis
 
                                                                                 !Calculate the exponents
 N=5                                                                             ! Adjust to get enough exponents
 do i=1,N
 s_exp(i)=s_par(1)*s_par(2)^(i-1)
 p_exp(i)=p_par(1)*p_par(2)^(i-1)
 d_exp(i)=d_par(1)*d_par(2)^(i-1)
 f_exp(i)=f_par(1)*f_par(2)^(i-1)
 g_exp(i)=g_par(1)*g_par(2)^(i-1)
 h_exp(i)=h_par(1)*h_par(2)^(i-1)
 i_exp(i)=i_par(1)*i_par(2)^(i-1)
 enddo
 
 basis={
 Including file /global/u2/g/gwang18/projects/cc-so-ecp/bi/basis/cc_6z/ecp.molpro
 Including file /global/u2/g/gwang18/projects/cc-so-ecp/bi/basis/cc_6z/basis.molpro
 
 s,Bi,s_exp(1),s_exp(2),s_exp(3),s_exp(4),s_exp(5)
 p,Bi,p_exp(1),p_exp(2),p_exp(3),p_exp(4),p_exp(5)
 d,Bi,d_exp(1),d_exp(2),d_exp(3),d_exp(4),d_exp(5)
 f,Bi,f_exp(1),f_exp(2),f_exp(3),f_exp(4)
 g,Bi,g_exp(1),g_exp(2),g_exp(3)
 h,Bi,h_exp(1),h_exp(2)
 i,Bi,i_exp(1)
 
 }
 
 {rhf
  start,atden
  wf,5,8,3
  occ,1,1,1,0,1,0,0,0
  closed,1,0,0,0,0,0,0,0
  orbital,4202.2
 }
 pop
 {multi
  start,4202.2
  occ,1,1,1,0,1,0,0,0
  closed,1,0,0,0,0,0,0,0
  wf,5,8,3;state,1
  natorb,ci,print
  orbital,5202.2
 }
 {rhf,nitord=1,maxit=0
  start,5202.2
  wf,5,8,3
  occ,1,1,1,0,1,0,0,0
  closed,1,0,0,0,0,0,0,0
  print,orbitals=2
 }
 data,rename,4202.2,4302.2
 data,rename,5202.2,5302.2
 
 {uccsd(t);maxit,100;core}
 eval=energy
 
 endproc
 
 {minimize,eval,s_par(1),s_par(2),p_par(1),p_par(2),d_par(1),d_par(2),f_par(1),f_par(2),g_par(1),g_par(2),h_par(1),h_par(2),i_par(1)
 method,bfgs,proc=opt_basis,thresh=5e-5,vstep=1e-3
 maxit,100}
 

 Variables initialized (889), CPU time= 0.00 sec
 Commands  initialized (702), CPU time= 0.01 sec, 572 directives.
 Default parameters read. Elapsed time= 0.22 sec

 Checking input...
 Passed
1


                                         ***  PROGRAM SYSTEM MOLPRO  ***
                                       Copyright, TTI GmbH Stuttgart, 2015
                                    Version 2015.1 linked Dec 29 2018 15:55:43


 **********************************************************************************************************************************
 LABEL *   Bi                                                                            
  64 bit mpp version                                                                     DATE: 16-Dec-21          TIME: 22:13:30  
 **********************************************************************************************************************************

 SHA1:             19cd028119e0e09f93f0674bd8af7968d9b3eff6
 **********************************************************************************************************************************

 THRESHOLDS:

 ZERO    =  1.00D-12  ONEINT  =  1.00D-12  TWOINT  =  1.00D-12  PREFAC  =  1.00D-14  LOCALI  =  1.00D-09  EORDER  =  1.00D-04
 ENERGY  =  0.00D+00  ETEST   =  0.00D+00  EDENS   =  0.00D+00  THRDEDEF=  1.00D-06  GRADIENT=  1.00D-02  STEP    =  1.00D-03
 ORBITAL =  1.00D-05  CIVEC   =  1.00D-05  COEFF   =  1.00D-04  PRINTCI =  5.00D-02  PUNCHCI =  9.90D+01  OPTGRAD =  3.00D-04
 OPTENERG=  1.00D-06  OPTSTEP =  3.00D-04  THRGRAD =  1.00D-10  COMPRESS=  1.00D-11  VARMIN  =  1.00D-07  VARMAX  =  1.00D-03
 THRDOUB =  0.00D+00  THRDIV  =  1.00D-05  THRRED  =  1.00D-07  THRPSP  =  1.00D+00  THRDC   =  1.00D-10  THRCS   =  1.00D-10
 THRNRM  =  1.00D-08  THREQ   =  0.00D+00  THRDE   =  1.00D+00  THRREF  =  1.00D-05  SPARFAC =  1.00D+00  THRDLP  =  1.00D-07
 THRDIA  =  1.00D-10  THRDLS  =  1.00D-07  THRGPS  =  0.00D+00  THRKEX  =  0.00D+00  THRDIS  =  2.00D-01  THRVAR  =  1.00D-10
 THRLOC  =  1.00D-06  THRGAP  =  1.00D-06  THRLOCT = -1.00D+00  THRGAPT = -1.00D+00  THRORB  =  1.00D-06  THRMLTP =  0.00D+00
 THRCPQCI=  1.00D-10  KEXTA   =  0.00D+00  THRCOARS=  0.00D+00  SYMTOL  =  1.00D-06  GRADTOL =  1.00D-06  THROVL  =  1.00D-08
 THRORTH =  1.00D-08  GRID    =  1.00D-06  GRIDMAX =  1.00D-03  DTMAX   =  0.00D+00  THROCCDE=  1.00D-01  THROCCDE=  1.00D-01



 ZUNIT=ANG
 

Geometry recognized as XYZ

 SETTING S_PAR(1)       =         0.09604300                                  
 SETTING S_PAR(2)       =         2.33419000                                  
 SETTING P_PAR(1)       =         0.05634900                                  
 SETTING P_PAR(2)       =         2.21383000                                  
 SETTING D_PAR(1)       =         0.09696000                                  
 SETTING D_PAR(2)       =         1.97592000                                  
 SETTING F_PAR(1)       =         0.14629600                                  
 SETTING F_PAR(2)       =         1.65760400                                  
 SETTING G_PAR(1)       =         0.23996500                                  
 SETTING G_PAR(2)       =         1.71141900                                  
 SETTING H_PAR(1)       =         0.38047700                                  
 SETTING H_PAR(2)       =         1.86204300                                  
 SETTING I_PAR(1)       =         0.61472400                                  
 SETTING I_PAR(2)       =         3.00000000                                  

 Variable memory set to  512000000 words,  buffer space   230000 words



 PROGRAM * MINIMIZE (General minimization)     Authors: H.-J. Werner, P.J. Knowles, K.A. Peterson

 Minimize EVAL with respect to:        S_PAR(1)  S_PAR(2)  P_PAR(1)  P_PAR(2)  D_PAR(1)  
                                       D_PAR(2)  F_PAR(1)  F_PAR(2)  G_PAR(1)  G_PAR(2)  
                                       H_PAR(1)  H_PAR(2)  I_PAR(1)  
 Method BFGS will be used
 Variables are optimized in the space of (x/x0)


 Minimization using procedure=OPT_BASIS

 *** Long output written to logfile /global/u2/g/gwang18/projects/cc-so-ecp/bi/basis/cc_6z/atom.log ***


 BFGS update of inverse hessian 

 PROGRAM * MINIMIZE (General minimization)     Authors: H.-J. Werner, P.J. Knowles, K.A. Peterson


 Results for BFGS iteration    1       Current function value  =         -5.404427404
                                     Previous function value =          0.000000000
 Current variables and gradients:
 BFGS       S_PAR(1)                  0.096043        0.0000041
 BFGS       S_PAR(2)                  2.334190        0.0000032
 BFGS       P_PAR(1)                  0.056349        0.0000051
 BFGS       P_PAR(2)                  2.213830        0.0000040
 BFGS       D_PAR(1)                  0.096960        0.0000027
 BFGS       D_PAR(2)                  1.975920        0.0000708
 BFGS       F_PAR(1)                  0.146296        0.0000044
 BFGS       F_PAR(2)                  1.657604       -0.0000103
 BFGS       G_PAR(1)                  0.239965        0.0000068
 BFGS       G_PAR(2)                  1.711419        0.0000005
 BFGS       H_PAR(1)                  0.380477        0.0000039
 BFGS       H_PAR(2)                  1.862043        0.0000125
 BFGS       I_PAR(1)                  0.614724       -0.0000102

 BFGS update of inverse hessian 

 Results for BFGS iteration    2       Current function value  =         -5.404427455
                                     Previous function value =         -5.404427404
 Current variables and gradients:
 BFGS       S_PAR(1)                  0.096039        0.0000040
 BFGS       S_PAR(2)                  2.334116        0.0000028
 BFGS       P_PAR(1)                  0.056346        0.0000049
 BFGS       P_PAR(2)                  2.213742        0.0000035
 BFGS       D_PAR(1)                  0.096957       -0.0000010
 BFGS       D_PAR(2)                  1.974521        0.0000592
 BFGS       F_PAR(1)                  0.146290        0.0000045
 BFGS       F_PAR(2)                  1.657774       -0.0000099
 BFGS       G_PAR(1)                  0.239949        0.0000068
 BFGS       G_PAR(2)                  1.711410        0.0000005
 BFGS       H_PAR(1)                  0.380462        0.0000038
 BFGS       H_PAR(2)                  1.861810        0.0000124
 BFGS       I_PAR(1)                  0.614787       -0.0000102

 BFGS update of inverse hessian 

 Results for BFGS iteration    3       Current function value  =         -5.404427597
                                     Previous function value =         -5.404427455
 Current variables and gradients:
 BFGS       S_PAR(1)                  0.096013        0.0000029
 BFGS       S_PAR(2)                  2.333668        0.0000008
 BFGS       P_PAR(1)                  0.056328        0.0000037
 BFGS       P_PAR(2)                  2.213211        0.0000009
 BFGS       D_PAR(1)                  0.096963       -0.0000215
 BFGS       D_PAR(2)                  1.966547       -0.0000043
 BFGS       F_PAR(1)                  0.146245        0.0000052
 BFGS       F_PAR(2)                  1.658892       -0.0000080
 BFGS       G_PAR(1)                  0.239838        0.0000066
 BFGS       G_PAR(2)                  1.711348        0.0000004
 BFGS       H_PAR(1)                  0.380364        0.0000034
 BFGS       H_PAR(2)                  1.860242        0.0000118
 BFGS       I_PAR(1)                  0.615211       -0.0000098

 PROGRAM * MINIMIZE (General minimization)     Authors: H.-J. Werner, P.J. Knowles, K.A. Peterson


 Minimization of EVAL using the BFGS method has converged after    3 iterations


 Running procedure=OPT_BASIS
 SETTING N              =         5.00000000                                  

 DO I                   =         1.00000000   
 SETTING S_EXP(1)       =         0.09601316                                  
 SETTING P_EXP(1)       =         0.05632750                                  
 SETTING D_EXP(1)       =         0.09696336                                  
 SETTING F_EXP(1)       =         0.14624520                                  
 SETTING G_EXP(1)       =         0.23983786                                  
 SETTING H_EXP(1)       =         0.38036382                                  
 SETTING I_EXP(1)       =         0.61521082                                  

 DO I                   =         2.00000000   
 SETTING S_EXP(2)       =         0.22406288                                  
 SETTING P_EXP(2)       =         0.12466462                                  
 SETTING D_EXP(2)       =         0.19068300                                  
 SETTING F_EXP(2)       =         0.24260495                                  
 SETTING G_EXP(2)       =         0.41044609                                  
 SETTING H_EXP(2)       =         0.70756862                                  
 SETTING I_EXP(2)       =         1.84563245                                  

 DO I                   =         3.00000000   
 SETTING S_EXP(3)       =         0.52288846                                  
 SETTING P_EXP(3)       =         0.27590907                                  
 SETTING D_EXP(3)       =         0.37498705                                  
 SETTING F_EXP(3)       =         0.40245534                                  
 SETTING G_EXP(3)       =         0.70241616                                  
 SETTING H_EXP(3)       =         1.31624863                                  
 SETTING I_EXP(3)       =         5.53689735                                  

 DO I                   =         4.00000000   
 SETTING S_EXP(4)       =         1.22024826                                  
 SETTING P_EXP(4)       =         0.61064487                                  
 SETTING D_EXP(4)       =         0.73742961                                  
 SETTING F_EXP(4)       =         0.66762983                                  
 SETTING G_EXP(4)       =         1.20207861                                  
 SETTING H_EXP(4)       =         2.44854052                                  
 SETTING I_EXP(4)       =        16.61069206                                  

 DO I                   =         5.00000000   
 SETTING S_EXP(5)       =         2.84765479                                  
 SETTING P_EXP(5)       =         1.35148570                                  
 SETTING D_EXP(5)       =         1.45018988                                  
 SETTING F_EXP(5)       =         1.10752560                                  
 SETTING G_EXP(5)       =         2.05717504                                  
 SETTING H_EXP(5)       =         4.55487706                                  
 SETTING I_EXP(5)       =        49.83207618                                  
 SETTING BASIS          =    USERDEF


 Current variables in basis input:

 Set= 1  S_EXP(1)            =       0.09601316
 Set= 1  S_EXP(2)            =       0.22406288
 Set= 1  S_EXP(3)            =       0.52288846
 Set= 1  S_EXP(4)            =       1.22024826
 Set= 1  S_EXP(5)            =       2.84765479
 Set= 1  P_EXP(1)            =       0.05632750
 Set= 1  P_EXP(2)            =       0.12466462
 Set= 1  P_EXP(3)            =       0.27590907
 Set= 1  P_EXP(4)            =       0.61064487
 Set= 1  P_EXP(5)            =       1.35148570
 Set= 1  D_EXP(1)            =       0.09696336
 Set= 1  D_EXP(2)            =       0.19068300
 Set= 1  D_EXP(3)            =       0.37498705
 Set= 1  D_EXP(4)            =       0.73742961
 Set= 1  D_EXP(5)            =       1.45018988
 Set= 1  F_EXP(1)            =       0.14624520
 Set= 1  F_EXP(2)            =       0.24260495
 Set= 1  F_EXP(3)            =       0.40245534
 Set= 1  F_EXP(4)            =       0.66762983
 Set= 1  G_EXP(1)            =       0.23983786
 Set= 1  G_EXP(2)            =       0.41044609
 Set= 1  G_EXP(3)            =       0.70241616
 Set= 1  H_EXP(1)            =       0.38036382
 Set= 1  H_EXP(2)            =       0.70756862
 Set= 1  I_EXP(1)            =       0.61521082

 Recomputing integrals since basis changed


 Using spherical harmonics



 PROGRAM * SEWARD (Integral evaluation for generally contracted gaussian basis sets)     Author: Roland Lindh, 1990

 Geometry written to block  1 of record 700

 Orientation using atomic masses  
 Molecule type: Atom
 Symmetry elements: X,Y,Z
 Rotational constants:       0.0000000      0.0000000      0.0000000 GHz  (calculated with average atomic masses)

 Point group  D2h 



 ATOMIC COORDINATES

 NR  ATOM    CHARGE       X              Y              Z

   1  BI      5.00    0.000000000    0.000000000    0.000000000


          BI  CORE POTENTIAL

          g POTENTIAL

 POWERS             1              3              2              2
 EXPONENTIALS   8.029160       7.481551       1.775683      0.6980853    
 COEFFICIENTS   5.000000       40.14580      -6.251215     -0.2864101    

          s - g POTENTIAL

 POWERS             2              2              4
 EXPONENTIALS   3.398563       2.236391       1.063682    
 COEFFICIENTS   137.0729       34.39164      -1.801931    

          p - g POTENTIAL

 POWERS             2              2              4
 EXPONENTIALS   1.245620      0.3667618      0.8237604    
 COEFFICIENTS   39.82697      0.8447335      -4.391855    

          d - g POTENTIAL

 POWERS             2              2              4
 EXPONENTIALS  0.9246278      0.8350341       1.239855    
 COEFFICIENTS  -3.787918       24.09631      0.4563745    

          f - g POTENTIAL

 POWERS             2              2              4
 EXPONENTIALS   1.847446       1.069842      0.8621929    
 COEFFICIENTS -0.3829618     -0.5464445     -0.2367081    


 BASIS DATA

   Nr Sym  Nuc  Type         Exponents   Contraction coefficients

    1.1 Ag    1  1s          56.603962     0.000632
                             26.956099    -0.003869
                             12.837109     0.018802
                              6.113324    -0.100419
                              2.911305     0.424086
                              1.386430    -0.768783
                              0.660249    -0.091887
                              0.314426     0.557048
                              0.149737     0.587790
                              0.071308     0.186273
    2.1 Ag    1  1s           0.096013     1.000000
    3.1 Ag    1  1s           0.224063     1.000000
    4.1 Ag    1  1s           0.522888     1.000000
    5.1 Ag    1  1s           1.220248     1.000000
    6.1 Ag    1  1s           2.847655     1.000000
    7.1 Ag    1  3d0          0.096963     1.000000
    8.1 Ag    1  3d2+         0.096963     1.000000
    9.1 Ag    1  3d0          0.190683     1.000000
   10.1 Ag    1  3d2+         0.190683     1.000000
   11.1 Ag    1  3d0          0.374987     1.000000
   12.1 Ag    1  3d2+         0.374987     1.000000
   13.1 Ag    1  3d0          0.737430     1.000000
   14.1 Ag    1  3d2+         0.737430     1.000000
   15.1 Ag    1  3d0          1.450190     1.000000
   16.1 Ag    1  3d2+         1.450190     1.000000
   17.1 Ag    1  5g0          0.239838     1.000000
   18.1 Ag    1  5g4+         0.239838     1.000000
   19.1 Ag    1  5g2+         0.239838     1.000000
   20.1 Ag    1  5g0          0.410446     1.000000
   21.1 Ag    1  5g4+         0.410446     1.000000
   22.1 Ag    1  5g2+         0.410446     1.000000
   23.1 Ag    1  5g0          0.702416     1.000000
   24.1 Ag    1  5g4+         0.702416     1.000000
   25.1 Ag    1  5g2+         0.702416     1.000000
   26.1 Ag    1  7i6+         0.615211     1.000000
   27.1 Ag    1  7i4+         0.615211     1.000000
   28.1 Ag    1  7i2+         0.615211     1.000000
   29.1 Ag    1  7i0          0.615211     1.000000
    1.2 B3u   1  2px         39.006216     0.000278
                             18.568688    -0.001390
                              8.839519     0.005142
                              4.208003    -0.021748
                              2.003196     0.112668
                              0.953610    -0.369755
                              0.453961     0.196294
                              0.216105     0.424720
                              0.102876     0.454079
                              0.048973     0.178148
    2.2 B3u   1  2px          0.056328     1.000000
    3.2 B3u   1  2px          0.124665     1.000000
    4.2 B3u   1  2px          0.275909     1.000000
    5.2 B3u   1  2px          0.610645     1.000000
    6.2 B3u   1  2px          1.351486     1.000000
    7.2 B3u   1  4f1+         0.146245     1.000000
    8.2 B3u   1  4f3+         0.146245     1.000000
    9.2 B3u   1  4f1+         0.242605     1.000000
   10.2 B3u   1  4f3+         0.242605     1.000000
   11.2 B3u   1  4f1+         0.402455     1.000000
   12.2 B3u   1  4f3+         0.402455     1.000000
   13.2 B3u   1  4f1+         0.667630     1.000000
   14.2 B3u   1  4f3+         0.667630     1.000000
   15.2 B3u   1  6h1+         0.380364     1.000000
   16.2 B3u   1  6h3+         0.380364     1.000000
   17.2 B3u   1  6h5+         0.380364     1.000000
   18.2 B3u   1  6h1+         0.707569     1.000000
   19.2 B3u   1  6h3+         0.707569     1.000000
   20.2 B3u   1  6h5+         0.707569     1.000000
    1.3 B2u   1  2py         39.006216     0.000278
                             18.568688    -0.001390
                              8.839519     0.005142
                              4.208003    -0.021748
                              2.003196     0.112668
                              0.953610    -0.369755
                              0.453961     0.196294
                              0.216105     0.424720
                              0.102876     0.454079
                              0.048973     0.178148
    2.3 B2u   1  2py          0.056328     1.000000
    3.3 B2u   1  2py          0.124665     1.000000
    4.3 B2u   1  2py          0.275909     1.000000
    5.3 B2u   1  2py          0.610645     1.000000
    6.3 B2u   1  2py          1.351486     1.000000
    7.3 B2u   1  4f1-         0.146245     1.000000
    8.3 B2u   1  4f3-         0.146245     1.000000
    9.3 B2u   1  4f1-         0.242605     1.000000
   10.3 B2u   1  4f3-         0.242605     1.000000
   11.3 B2u   1  4f1-         0.402455     1.000000
   12.3 B2u   1  4f3-         0.402455     1.000000
   13.3 B2u   1  4f1-         0.667630     1.000000
   14.3 B2u   1  4f3-         0.667630     1.000000
   15.3 B2u   1  6h1-         0.380364     1.000000
   16.3 B2u   1  6h3-         0.380364     1.000000
   17.3 B2u   1  6h5-         0.380364     1.000000
   18.3 B2u   1  6h1-         0.707569     1.000000
   19.3 B2u   1  6h3-         0.707569     1.000000
   20.3 B2u   1  6h5-         0.707569     1.000000
    1.4 B1g   1  3d2-         0.096963     1.000000
    2.4 B1g   1  3d2-         0.190683     1.000000
    3.4 B1g   1  3d2-         0.374987     1.000000
    4.4 B1g   1  3d2-         0.737430     1.000000
    5.4 B1g   1  3d2-         1.450190     1.000000
    6.4 B1g   1  5g2-         0.239838     1.000000
    7.4 B1g   1  5g4-         0.239838     1.000000
    8.4 B1g   1  5g2-         0.410446     1.000000
    9.4 B1g   1  5g4-         0.410446     1.000000
   10.4 B1g   1  5g2-         0.702416     1.000000
   11.4 B1g   1  5g4-         0.702416     1.000000
   12.4 B1g   1  7i2-         0.615211     1.000000
   13.4 B1g   1  7i6-         0.615211     1.000000
   14.4 B1g   1  7i4-         0.615211     1.000000
    1.5 B1u   1  2pz         39.006216     0.000278
                             18.568688    -0.001390
                              8.839519     0.005142
                              4.208003    -0.021748
                              2.003196     0.112668
                              0.953610    -0.369755
                              0.453961     0.196294
                              0.216105     0.424720
                              0.102876     0.454079
                              0.048973     0.178148
    2.5 B1u   1  2pz          0.056328     1.000000
    3.5 B1u   1  2pz          0.124665     1.000000
    4.5 B1u   1  2pz          0.275909     1.000000
    5.5 B1u   1  2pz          0.610645     1.000000
    6.5 B1u   1  2pz          1.351486     1.000000
    7.5 B1u   1  4f0          0.146245     1.000000
    8.5 B1u   1  4f2+         0.146245     1.000000
    9.5 B1u   1  4f0          0.242605     1.000000
   10.5 B1u   1  4f2+         0.242605     1.000000
   11.5 B1u   1  4f0          0.402455     1.000000
   12.5 B1u   1  4f2+         0.402455     1.000000
   13.5 B1u   1  4f0          0.667630     1.000000
   14.5 B1u   1  4f2+         0.667630     1.000000
   15.5 B1u   1  6h2+         0.380364     1.000000
   16.5 B1u   1  6h4+         0.380364     1.000000
   17.5 B1u   1  6h0          0.380364     1.000000
   18.5 B1u   1  6h2+         0.707569     1.000000
   19.5 B1u   1  6h4+         0.707569     1.000000
   20.5 B1u   1  6h0          0.707569     1.000000
    1.6 B2g   1  3d1+         0.096963     1.000000
    2.6 B2g   1  3d1+         0.190683     1.000000
    3.6 B2g   1  3d1+         0.374987     1.000000
    4.6 B2g   1  3d1+         0.737430     1.000000
    5.6 B2g   1  3d1+         1.450190     1.000000
    6.6 B2g   1  5g1+         0.239838     1.000000
    7.6 B2g   1  5g3+         0.239838     1.000000
    8.6 B2g   1  5g1+         0.410446     1.000000
    9.6 B2g   1  5g3+         0.410446     1.000000
   10.6 B2g   1  5g1+         0.702416     1.000000
   11.6 B2g   1  5g3+         0.702416     1.000000
   12.6 B2g   1  7i5+         0.615211     1.000000
   13.6 B2g   1  7i3+         0.615211     1.000000
   14.6 B2g   1  7i1+         0.615211     1.000000
    1.7 B3g   1  3d1-         0.096963     1.000000
    2.7 B3g   1  3d1-         0.190683     1.000000
    3.7 B3g   1  3d1-         0.374987     1.000000
    4.7 B3g   1  3d1-         0.737430     1.000000
    5.7 B3g   1  3d1-         1.450190     1.000000
    6.7 B3g   1  5g1-         0.239838     1.000000
    7.7 B3g   1  5g3-         0.239838     1.000000
    8.7 B3g   1  5g1-         0.410446     1.000000
    9.7 B3g   1  5g3-         0.410446     1.000000
   10.7 B3g   1  5g1-         0.702416     1.000000
   11.7 B3g   1  5g3-         0.702416     1.000000
   12.7 B3g   1  7i5-         0.615211     1.000000
   13.7 B3g   1  7i3-         0.615211     1.000000
   14.7 B3g   1  7i1-         0.615211     1.000000
    1.8 Au    1  4f2-         0.146245     1.000000
    2.8 Au    1  4f2-         0.242605     1.000000
    3.8 Au    1  4f2-         0.402455     1.000000
    4.8 Au    1  4f2-         0.667630     1.000000
    5.8 Au    1  6h4-         0.380364     1.000000
    6.8 Au    1  6h2-         0.380364     1.000000
    7.8 Au    1  6h4-         0.707569     1.000000
    8.8 Au    1  6h2-         0.707569     1.000000

 NUCLEAR CHARGE:                    5
 NUMBER OF PRIMITIVE AOS:         245
 NUMBER OF SYMMETRY AOS:          175
 NUMBER OF CONTRACTIONS:          139   (  29Ag  +  20B3u +  20B2u +  14B1g +  20B1u +  14B2g +  14B3g +   8Au  )
 NUMBER OF CORE ORBITALS:           0   (   0Ag  +   0B3u +   0B2u +   0B1g +   0B1u +   0B2g +   0B3g +   0Au  )
 NUMBER OF VALENCE ORBITALS:        4   (   1Ag  +   1B3u +   1B2u +   0B1g +   1B1u +   0B2g +   0B3g +   0Au  )


 NUCLEAR REPULSION ENERGY    0.00000000


 Maximum number of basis and dump records reached. Truncating dump files before previous basis set!

 EXTRA SYMMETRY OF AOS IN SYMMETRY 1:   1 1 1 1 1 1 2 3 2 3   2 3 2 3 2 3 4 5 6 4   5 6 4 5 6 7 8 910
 EXTRA SYMMETRY OF AOS IN SYMMETRY 2:   1 1 1 1 1 1 2 3 2 3   2 3 2 3 4 5 6 4 5 6
 EXTRA SYMMETRY OF AOS IN SYMMETRY 3:   1 1 1 1 1 1 2 3 2 3   2 3 2 3 4 5 6 4 5 6
 EXTRA SYMMETRY OF AOS IN SYMMETRY 4:   1 1 1 1 1 2 3 2 3 2   3 4 5 6
 EXTRA SYMMETRY OF AOS IN SYMMETRY 5:   1 1 1 1 1 1 2 3 2 3   2 3 2 3 4 5 6 4 5 6
 EXTRA SYMMETRY OF AOS IN SYMMETRY 6:   1 1 1 1 1 2 3 2 3 2   3 4 5 6
 EXTRA SYMMETRY OF AOS IN SYMMETRY 7:   1 1 1 1 1 2 3 2 3 2   3 4 5 6
 EXTRA SYMMETRY OF AOS IN SYMMETRY 8:   1 1 1 1 2 3 2 3

 Eigenvalues of metric

         1 0.838E-04 0.602E-02 0.113E-01 0.113E-01 0.485E-01 0.485E-01 0.485E-01 0.607E-01
         2 0.391E-03 0.865E-02 0.865E-02 0.136E-01 0.857E-01 0.117E+00 0.117E+00 0.265E+00
         3 0.391E-03 0.865E-02 0.865E-02 0.136E-01 0.857E-01 0.117E+00 0.117E+00 0.265E+00
         4 0.113E-01 0.485E-01 0.485E-01 0.812E-01 0.393E+00 0.532E+00 0.532E+00 0.100E+01
         5 0.391E-03 0.865E-02 0.865E-02 0.136E-01 0.857E-01 0.117E+00 0.117E+00 0.265E+00
         6 0.113E-01 0.485E-01 0.485E-01 0.812E-01 0.393E+00 0.532E+00 0.532E+00 0.100E+01
         7 0.113E-01 0.485E-01 0.485E-01 0.812E-01 0.393E+00 0.532E+00 0.532E+00 0.100E+01
         8 0.865E-02 0.117E+00 0.265E+00 0.265E+00 0.820E+00 0.173E+01 0.173E+01 0.306E+01


 Contracted 2-electron integrals neglected if value below      1.0D-12
 AO integral compression algorithm  1   Integral accuracy      1.0D-12

     44.564 MB (compressed) written to integral file ( 59.3%)

     Node minimum: 1.573 MB, node maximum: 4.719 MB


 NUMBER OF SORTED TWO-ELECTRON INTEGRALS:     415365.     BUFFER LENGTH:  32768
 NUMBER OF SEGMENTS:   1  SEGMENT LENGTH:     415365      RECORD LENGTH: 524288

 Memory used in sort:       0.97 MW

 SORT1 READ     9405658. AND WROTE      268948. INTEGRALS IN      1 RECORDS. CPU TIME:     0.28 SEC, REAL TIME:     0.33 SEC
 SORT2 READ     4069250. AND WROTE     6117204. INTEGRALS IN    195 RECORDS. CPU TIME:     0.02 SEC, REAL TIME:     0.09 SEC

 Node minimum:      397159.  Node maximum:      416277. integrals

 OPERATOR DM      FOR CENTER  0  COORDINATES:    0.000000    0.000000    0.000000


 **********************************************************************************************************************************
 DATASETS  * FILE   NREC   LENGTH (MB)   RECORD NAMES
              1      19       20.04       500      610      700      900      950      970     1029      129      960     1100   
                                          VAR    BASINP    GEOM    SYMINP    ZMAT    AOBASIS   BASIS     P2S    ABASIS      S 
                                         1400     1410     1420     1200     1210     1080     1600     1650     1700   
                                           T        V       ECP      H0       H01     AOSYM     SMH    MOLCAS    OPER   

              2     120      227.51       200      700     1000      520     4302     5302     2101     1001     4302     5302   
                                        OPTIONS   GEOM     BASIS   MCVARS     RHF     MCSCF     RHF     BASIS     RHF     MCSCF   
                                         2102     1002     4302     5302     2103     1003     4302     5302     2104     1004   
                                          RHF     BASIS     RHF     MCSCF     RHF     BASIS     RHF     MCSCF     RHF     BASIS   
                                         4302     5302     2105     1005     4302     5302     2106     1006     4302     5302   
                                          RHF     MCSCF     RHF     BASIS     RHF     MCSCF     RHF     BASIS     RHF     MCSCF   
                                         2107     1007     4302     5302     2108     1008     4302     5302     2109     1009   
                                          RHF     BASIS     RHF     MCSCF     RHF     BASIS     RHF     MCSCF     RHF     BASIS   
                                         4302     5302     2110     1010     4302     5302     2111     1011     4302     5302   
                                          RHF     MCSCF     RHF     BASIS     RHF     MCSCF     RHF     BASIS     RHF     MCSCF   
                                         2112     1012     4302     5302     2113     1013     4302     5302     2114     1014   
                                          RHF     BASIS     RHF     MCSCF     RHF     BASIS     RHF     MCSCF     RHF     BASIS   
                                         4302     5302     2115     1015     4302     5302     2116     1016     4302     5302   
                                          RHF     MCSCF     RHF     BASIS     RHF     MCSCF     RHF     BASIS     RHF     MCSCF   
                                         2117     1017     4302     5302     2118     1018     4302     5302     2119     1019   
                                          RHF     BASIS     RHF     MCSCF     RHF     BASIS     RHF     MCSCF     RHF     BASIS   
                                         4302     5302     2120     1020     4302     5302     2121     1021     4302     5302   
                                          RHF     MCSCF     RHF     BASIS     RHF     MCSCF     RHF     BASIS     RHF     MCSCF   
                                         2122     1022     4302     5302     2123     1023     4302     5302     2124     1024   
                                          RHF     BASIS     RHF     MCSCF     RHF     BASIS     RHF     MCSCF     RHF     BASIS   
                                         4302     5302     2125     1025     4302     5302     2126     1026     4302     5302   
                                          RHF     MCSCF     RHF     BASIS     RHF     MCSCF     RHF     BASIS     RHF     MCSCF   
                                         2127     1027     4302     5302     2128     1028     4302     5302     2129     1029   
                                          RHF     BASIS     RHF     MCSCF     RHF     BASIS     RHF     MCSCF     RHF     BASIS   

 PROGRAMS   *        TOTAL       INT  UCCSD(T)      DATA      DATA       RHF     MULTI       POP       RHF       INT  UCCSD(T)
 CPU TIMES  *      1029.89      1.24      0.52      0.00      0.00      0.07      0.15      0.00      0.73      1.13      0.39
 REAL TIME  *      1282.20 SEC
 DISK USED  *         3.97 GB      
 SF USED    *        35.69 MB      
 GA USED    *         0.00 MB       (max)       0.00 MB       (current)
 **********************************************************************************************************************************


 PROGRAM * RHF-SCF (OPEN SHELL)       Authors: W. Meyer, H.-J. Werner


 NUMBER OF ELECTRONS:       4+    1-    SPACE SYMMETRY=8    SPIN SYMMETRY: Quartet 
 CONVERGENCE THRESHOLDS:    1.00E-05 (Density)    1.00E-07 (Energy)
 MAX. NUMBER OF ITERATIONS:       60
 INTERPOLATION TYPE:            DIIS
 INTERPOLATION STEPS:              2 (START)      1 (STEP)
 LEVEL SHIFTS:                 -0.60 (CLOSED) -0.30 (OPEN) 

 Number of closed-shell orbitals:    1 (   1   0   0   0   0   0   0   0 )
 Number of open-shell orbitals:      3 (   0   1   1   0   1   0   0   0 )



   Atom=BI basis=ECP78MDF_GUESS    lmin=0  lmax=1

 Orbital guess generated from atomic densities. Full valence occupancy:    1   1   1   0   1   0   0   0


 Molecular orbital dump at record        4202.2

 ITERATION    DDIFF          GRAD             ENERGY        2-EL.EN.            DIPOLE MOMENTS         DIIS   ORB.
    1      0.000D+00      0.000D+00        -5.31853668      5.777191    0.00000    0.00000    0.00000    0    start
    2      0.000D+00      0.492D-02        -5.32554729      5.894965    0.00000    0.00000    0.00000    1    diag,B
    3      0.857D-02      0.171D-02        -5.32748851      5.962511    0.00000    0.00000    0.00000    2    diag,B
    4      0.343D-02      0.679D-03        -5.32786975      5.994774    0.00000    0.00000    0.00000    3    diag,B
    5      0.240D-02      0.203D-03        -5.32789065      5.999216    0.00000    0.00000    0.00000    4    diag,B
    6      0.789D-03      0.496D-04        -5.32789136      5.999361    0.00000    0.00000    0.00000    5    diag,B
    7      0.160D-03      0.717D-05        -5.32789138      5.999449    0.00000    0.00000    0.00000    6    fixocc
    8      0.208D-04      0.105D-05        -5.32789138      5.999436    0.00000    0.00000    0.00000    7    diag,B
    9      0.453D-05      0.311D-07        -5.32789138      5.999436    0.00000    0.00000    0.00000    0    orth

 Final alpha occupancy:   1   1   1   0   1   0   0   0
 Final beta  occupancy:   1   0   0   0   0   0   0   0

 !RHF STATE 1.8 Energy                 -5.327891377710
 Nuclear energy                         0.00000000
 One-electron energy                   -8.32760959
 Two-electron energy                    2.99971821
 Virial quotient                       -2.85168836
 !RHF STATE 1.8 Dipole moment           0.00000000     0.00000000     0.00000000
 Dipole moment /Debye                   0.00000000     0.00000000     0.00000000

 ELECTRON ORBITALS
 =================


   Orb  Occ    Energy  Couls-En    Coefficients

                                   1 1s      1 1s      1 1s      1 1s      1 1s      1 1s      1 3d0     1 3d2+    1 3d0     1 3d2+ 
                                   1 3d0     1 3d2+    1 3d0     1 3d2+    1 3d0     1 3d2+    1 5g0     1 5g4+    1 5g2+    1 5g0  
                                   1 5g4+    1 5g2+    1 5g0     1 5g4+    1 5g2+    1 7i6+    1 7i4+    1 7i2+    1 7i0  

   1.1   2    -0.6867   -2.6761  1.000285 -0.000503  0.000523 -0.000651  0.000461 -0.000106  0.000000  0.000000 -0.000000 -0.000000
                                 0.000000 -0.000000 -0.000000  0.000000  0.000000 -0.000000  0.000000 -0.000000  0.000000 -0.000000
                                 0.000000 -0.000000  0.000000 -0.000000  0.000000 -0.000000  0.000000  0.000000 -0.000000

                                   1 2px     1 2px     1 2px     1 2px     1 2px     1 2px     1 4f1+    1 4f3+    1 4f1+    1 4f3+ 
                                   1 4f1+    1 4f3+    1 4f1+    1 4f3+    1 6h1+    1 6h3+    1 6h5+    1 6h1+    1 6h3+    1 6h5+ 


   1.2   +    -0.3182   -1.7679  1.011150 -0.005549 -0.000516 -0.010069  0.005275 -0.000366  0.000000 -0.000000 -0.000000  0.000000
                                 0.000000 -0.000000 -0.000000  0.000000 -0.000000  0.000000 -0.000000  0.000000 -0.000000  0.000000

                                   1 2py     1 2py     1 2py     1 2py     1 2py     1 2py     1 4f1-    1 4f3-    1 4f1-    1 4f3- 
                                   1 4f1-    1 4f3-    1 4f1-    1 4f3-    1 6h1-    1 6h3-    1 6h5-    1 6h1-    1 6h3-    1 6h5- 


   1.3   +    -0.3182   -1.7679  1.011150 -0.005549 -0.000516 -0.010069  0.005275 -0.000366  0.000000  0.000000 -0.000000 -0.000000
                                 0.000000  0.000000 -0.000000 -0.000000 -0.000000 -0.000000 -0.000000  0.000000  0.000000  0.000000

                                   1 2pz     1 2pz     1 2pz     1 2pz     1 2pz     1 2pz     1 4f0     1 4f2+    1 4f0     1 4f2+ 
                                   1 4f0     1 4f2+    1 4f0     1 4f2+    1 6h2+    1 6h4+    1 6h0     1 6h2+    1 6h4+    1 6h0  


   1.5   +    -0.3182   -1.7679  1.011150 -0.005549 -0.000516 -0.010069  0.005275 -0.000366 -0.000000 -0.000000  0.000000  0.000000
                                -0.000000 -0.000000  0.000000  0.000000  0.000000 -0.000000 -0.000000 -0.000000  0.000000  0.000000

 HOMO      1.2    -0.318238 =      -8.6597eV
 LUMO      2.2     0.182595 =       4.9687eV
 LUMO-HOMO         0.500833 =      13.6284eV


 **********************************************************************************************************************************
 DATASETS  * FILE   NREC   LENGTH (MB)   RECORD NAMES
              1      19       20.04       500      610      700      900      950      970     1029      129      960     1100   
                                          VAR    BASINP    GEOM    SYMINP    ZMAT    AOBASIS   BASIS     P2S    ABASIS      S 
                                         1400     1410     1420     1200     1210     1080     1600     1650     1700   
                                           T        V       ECP      H0       H01     AOSYM     SMH    MOLCAS    OPER   

              2     121      230.08       200      700     1000      520     4302     5302     2101     1001     4302     5302   
                                        OPTIONS   GEOM     BASIS   MCVARS     RHF     MCSCF     RHF     BASIS     RHF     MCSCF   
                                         2102     1002     4302     5302     2103     1003     4302     5302     2104     1004   
                                          RHF     BASIS     RHF     MCSCF     RHF     BASIS     RHF     MCSCF     RHF     BASIS   
                                         4302     5302     2105     1005     4302     5302     2106     1006     4302     5302   
                                          RHF     MCSCF     RHF     BASIS     RHF     MCSCF     RHF     BASIS     RHF     MCSCF   
                                         2107     1007     4302     5302     2108     1008     4302     5302     2109     1009   
                                          RHF     BASIS     RHF     MCSCF     RHF     BASIS     RHF     MCSCF     RHF     BASIS   
                                         4302     5302     2110     1010     4302     5302     2111     1011     4302     5302   
                                          RHF     MCSCF     RHF     BASIS     RHF     MCSCF     RHF     BASIS     RHF     MCSCF   
                                         2112     1012     4302     5302     2113     1013     4302     5302     2114     1014   
                                          RHF     BASIS     RHF     MCSCF     RHF     BASIS     RHF     MCSCF     RHF     BASIS   
                                         4302     5302     2115     1015     4302     5302     2116     1016     4302     5302   
                                          RHF     MCSCF     RHF     BASIS     RHF     MCSCF     RHF     BASIS     RHF     MCSCF   
                                         2117     1017     4302     5302     2118     1018     4302     5302     2119     1019   
                                          RHF     BASIS     RHF     MCSCF     RHF     BASIS     RHF     MCSCF     RHF     BASIS   
                                         4302     5302     2120     1020     4302     5302     2121     1021     4302     5302   
                                          RHF     MCSCF     RHF     BASIS     RHF     MCSCF     RHF     BASIS     RHF     MCSCF   
                                         2122     1022     4302     5302     2123     1023     4302     5302     2124     1024   
                                          RHF     BASIS     RHF     MCSCF     RHF     BASIS     RHF     MCSCF     RHF     BASIS   
                                         4302     5302     2125     1025     4302     5302     2126     1026     4302     5302   
                                          RHF     MCSCF     RHF     BASIS     RHF     MCSCF     RHF     BASIS     RHF     MCSCF   
                                         2127     1027     4302     5302     2128     1028     4302     5302     2129     1029   
                                          RHF     BASIS     RHF     MCSCF     RHF     BASIS     RHF     MCSCF     RHF     BASIS   
                                         4202   
                                          RHF  

 PROGRAMS   *        TOTAL       RHF       INT  UCCSD(T)      DATA      DATA       RHF     MULTI       POP       RHF       INT
 CPU TIMES  *      1030.00      0.11      1.24      0.52      0.00      0.00      0.07      0.15      0.00      0.73      1.13
 REAL TIME  *      1282.61 SEC
 DISK USED  *         3.97 GB      
 SF USED    *        35.69 MB      
 GA USED    *         0.00 MB       (max)       0.00 MB       (current)
 **********************************************************************************************************************************


 PROGRAM * POP (Mulliken population analysis)

 
 Density matrix read from record         4202.2  Type=RHF/CHARGE (state 1.8)
 
 Population analysis by basis function type

 Unique atom        s        p        d        f        g    Total    Charge
   1  BI      2.00000  3.00000  0.00000  0.00000  0.00000  5.00000  - 0.00000


 **********************************************************************************************************************************
 DATASETS  * FILE   NREC   LENGTH (MB)   RECORD NAMES
              1      19       20.04       500      610      700      900      950      970     1029      129      960     1100   
                                          VAR    BASINP    GEOM    SYMINP    ZMAT    AOBASIS   BASIS     P2S    ABASIS      S 
                                         1400     1410     1420     1200     1210     1080     1600     1650     1700   
                                           T        V       ECP      H0       H01     AOSYM     SMH    MOLCAS    OPER   

              2     121      230.08       200      700     1000      520     4302     5302     2101     1001     4302     5302   
                                        OPTIONS   GEOM     BASIS   MCVARS     RHF     MCSCF     RHF     BASIS     RHF     MCSCF   
                                         2102     1002     4302     5302     2103     1003     4302     5302     2104     1004   
                                          RHF     BASIS     RHF     MCSCF     RHF     BASIS     RHF     MCSCF     RHF     BASIS   
                                         4302     5302     2105     1005     4302     5302     2106     1006     4302     5302   
                                          RHF     MCSCF     RHF     BASIS     RHF     MCSCF     RHF     BASIS     RHF     MCSCF   
                                         2107     1007     4302     5302     2108     1008     4302     5302     2109     1009   
                                          RHF     BASIS     RHF     MCSCF     RHF     BASIS     RHF     MCSCF     RHF     BASIS   
                                         4302     5302     2110     1010     4302     5302     2111     1011     4302     5302   
                                          RHF     MCSCF     RHF     BASIS     RHF     MCSCF     RHF     BASIS     RHF     MCSCF   
                                         2112     1012     4302     5302     2113     1013     4302     5302     2114     1014   
                                          RHF     BASIS     RHF     MCSCF     RHF     BASIS     RHF     MCSCF     RHF     BASIS   
                                         4302     5302     2115     1015     4302     5302     2116     1016     4302     5302   
                                          RHF     MCSCF     RHF     BASIS     RHF     MCSCF     RHF     BASIS     RHF     MCSCF   
                                         2117     1017     4302     5302     2118     1018     4302     5302     2119     1019   
                                          RHF     BASIS     RHF     MCSCF     RHF     BASIS     RHF     MCSCF     RHF     BASIS   
                                         4302     5302     2120     1020     4302     5302     2121     1021     4302     5302   
                                          RHF     MCSCF     RHF     BASIS     RHF     MCSCF     RHF     BASIS     RHF     MCSCF   
                                         2122     1022     4302     5302     2123     1023     4302     5302     2124     1024   
                                          RHF     BASIS     RHF     MCSCF     RHF     BASIS     RHF     MCSCF     RHF     BASIS   
                                         4302     5302     2125     1025     4302     5302     2126     1026     4302     5302   
                                          RHF     MCSCF     RHF     BASIS     RHF     MCSCF     RHF     BASIS     RHF     MCSCF   
                                         2127     1027     4302     5302     2128     1028     4302     5302     2129     1029   
                                          RHF     BASIS     RHF     MCSCF     RHF     BASIS     RHF     MCSCF     RHF     BASIS   
                                         4202   
                                          RHF  

 PROGRAMS   *        TOTAL       POP       RHF       INT  UCCSD(T)      DATA      DATA       RHF     MULTI       POP       RHF
 CPU TIMES  *      1030.01      0.00      0.11      1.24      0.52      0.00      0.00      0.07      0.15      0.00      0.73
 REAL TIME  *      1282.65 SEC
 DISK USED  *         3.97 GB      
 SF USED    *        35.69 MB      
 GA USED    *         0.00 MB       (max)       0.00 MB       (current)
 **********************************************************************************************************************************


 Current variables in basis input:

 Set= 1  S_EXP(1)            =       0.09601316
 Set= 1  S_EXP(2)            =       0.22406288
 Set= 1  S_EXP(3)            =       0.52288846
 Set= 1  S_EXP(4)            =       1.22024826
 Set= 1  S_EXP(5)            =       2.84765479
 Set= 1  P_EXP(1)            =       0.05632750
 Set= 1  P_EXP(2)            =       0.12466462
 Set= 1  P_EXP(3)            =       0.27590907
 Set= 1  P_EXP(4)            =       0.61064487
 Set= 1  P_EXP(5)            =       1.35148570
 Set= 1  D_EXP(1)            =       0.09696336
 Set= 1  D_EXP(2)            =       0.19068300
 Set= 1  D_EXP(3)            =       0.37498705
 Set= 1  D_EXP(4)            =       0.73742961
 Set= 1  D_EXP(5)            =       1.45018988
 Set= 1  F_EXP(1)            =       0.14624520
 Set= 1  F_EXP(2)            =       0.24260495
 Set= 1  F_EXP(3)            =       0.40245534
 Set= 1  F_EXP(4)            =       0.66762983
 Set= 1  G_EXP(1)            =       0.23983786
 Set= 1  G_EXP(2)            =       0.41044609
 Set= 1  G_EXP(3)            =       0.70241616
 Set= 1  H_EXP(1)            =       0.38036382
 Set= 1  H_EXP(2)            =       0.70756862
 Set= 1  I_EXP(1)            =       0.61521082

 PROGRAM * MULTI (Direct Multiconfiguration SCF)       Authors: P.J. Knowles, H.-J. Werner (1984)     S.T. Elbert (1988)


 Number of closed-shell orbitals:   1 (   1   0   0   0   0   0   0   0 )
 Number of active  orbitals:        3 (   0   1   1   0   1   0   0   0 )
 Number of external orbitals:     135 (  28  19  19  14  19  14  14   8 )

 State symmetry 1

 Number of electrons:     3    Spin symmetry=Quartet   Space symmetry=8
 Number of states:        1
 Number of CSFs:          1   (1 determinants, 1 intermediate states)

 Molecular orbitals read from record     4202.2  Type=RHF/CANONICAL (state 1.8)

 EXTRA SYMMETRY OF MOS IN SYMMETRY 1:   1 2 3 1 2 3 6 4 5 1   2 3 6 4 5 810 9 7 4   6 5 2 3 1 2 3 1 1
 EXTRA SYMMETRY OF MOS IN SYMMETRY 2:   1 1 2 3 1 2 3 2 3 5   6 4 1 2 3 6 5 4 1 1
 EXTRA SYMMETRY OF MOS IN SYMMETRY 3:   1 1 2 3 1 2 3 2 3 5   6 4 1 2 3 6 5 4 1 1
 EXTRA SYMMETRY OF MOS IN SYMMETRY 4:   1 1 2 3 1 2 3 6 4 5   2 3 1 1
 EXTRA SYMMETRY OF MOS IN SYMMETRY 5:   1 1 2 3 1 2 3 2 3 4   6 5 1 3 2 6 4 5 1 1
 EXTRA SYMMETRY OF MOS IN SYMMETRY 6:   1 1 3 2 1 3 2 5 4 6   3 2 1 1
 EXTRA SYMMETRY OF MOS IN SYMMETRY 7:   1 1 3 2 1 3 2 5 4 6   3 2 1 1
 EXTRA SYMMETRY OF MOS IN SYMMETRY 8:   1 1 1 3 2 1 3 2

 Wavefunction dump at record             5202.2

 Convergence thresholds  0.10E-01 (gradient)  0.10E-05 (energy)  0.10E-02 (step length)

 Number of orbital rotations:       85   (     0 Core/Active     28 Core/Virtual   0 Active/Active     57 Active/Virtual)
 Total number of variables:         86


 ITER. MIC  NCI  NEG     ENERGY(VAR)     ENERGY(PROJ)   ENERGY CHANGE     GRAD(0)  GRAD(ORB)   GRAD(CI)     STEP       TIME

   1   18    4    0      -5.32789138      -5.32789138   -0.00000000    0.00000024 0.00000000 0.00000000  0.40D-06      0.24

 ** WVFN ****  CONVERGENCE REACHED, FINAL GRADIENT:  0.96D-13


 First order charge density matrix for state 1.8 saved on record  5202.2 (density set 1)

 Results for state 1.8
 =====================

 !MCSCF STATE 1.8 Energy               -5.327891377710
 Nuclear energy                         0.00000000
 Kinetic energy                         1.86832916
 One electron energy                   -8.32760990
 Two electron energy                    2.99971852
 Virial ratio                           3.85168775

 !MCSCF STATE 1.8 Dipole moment         0.00000000     0.00000000     0.00000000
 Dipole moment /Debye                   0.00000000     0.00000000     0.00000000


 NATURAL ORBITALS
 ================

   Orb     Occ        Energy       Coefficients

                                   1 1s      1 1s      1 1s      1 1s      1 1s      1 1s      1 3d0     1 3d2+    1 3d0     1 3d2+ 
                                   1 3d0     1 3d2+    1 3d0     1 3d2+    1 3d0     1 3d2+    1 5g0     1 5g4+    1 5g2+    1 5g0  
                                   1 5g4+    1 5g2+    1 5g0     1 5g4+    1 5g2+    1 7i6+    1 7i4+    1 7i2+    1 7i0  

   1.1  2.00000    -0.686730     1.000285 -0.000503  0.000524 -0.000652  0.000461 -0.000106  0.000000  0.000000  0.000000  0.000000
                                 0.000000  0.000000  0.000000  0.000000  0.000000  0.000000  0.000000  0.000000  0.000000  0.000000
                                 0.000000  0.000000  0.000000  0.000000  0.000000  0.000000  0.000000  0.000000  0.000000

                                   1 2px     1 2px     1 2px     1 2px     1 2px     1 2px     1 4f1+    1 4f3+    1 4f1+    1 4f3+ 
                                   1 4f1+    1 4f3+    1 4f1+    1 4f3+    1 6h1+    1 6h3+    1 6h5+    1 6h1+    1 6h3+    1 6h5+ 


   1.2  1.00000    -0.134598     1.011150 -0.005549 -0.000516 -0.010068  0.005275 -0.000366  0.000000  0.000000  0.000000  0.000000
                                 0.000000  0.000000  0.000000  0.000000  0.000000  0.000000  0.000000  0.000000  0.000000  0.000000

                                   1 2py     1 2py     1 2py     1 2py     1 2py     1 2py     1 4f1-    1 4f3-    1 4f1-    1 4f3- 
                                   1 4f1-    1 4f3-    1 4f1-    1 4f3-    1 6h1-    1 6h3-    1 6h5-    1 6h1-    1 6h3-    1 6h5- 


   1.3  1.00000    -0.134598     1.011150 -0.005549 -0.000516 -0.010068  0.005275 -0.000366  0.000000  0.000000  0.000000  0.000000
                                 0.000000  0.000000  0.000000  0.000000  0.000000  0.000000  0.000000  0.000000  0.000000  0.000000

                                   1 2pz     1 2pz     1 2pz     1 2pz     1 2pz     1 2pz     1 4f0     1 4f2+    1 4f0     1 4f2+ 
                                   1 4f0     1 4f2+    1 4f0     1 4f2+    1 6h2+    1 6h4+    1 6h0     1 6h2+    1 6h4+    1 6h0  


   1.5  1.00000    -0.134598     1.011150 -0.005549 -0.000516 -0.010068  0.005275 -0.000366  0.000000  0.000000  0.000000  0.000000
                                 0.000000  0.000000  0.000000  0.000000  0.000000  0.000000  0.000000  0.000000  0.000000  0.000000
 

 EXTRA SYMMETRY OF MOS IN SYMMETRY 1:   1 2 3 1 2 3 6 4 5 1   2 3 6 4 5 8 910 7 4   6 5 2 3 1 2 3 1 1
 EXTRA SYMMETRY OF MOS IN SYMMETRY 5:   1 1 2 3 1 2 3 3 2 6   4 5 1 3 2 6 4 5 1 1
 EXTRA SYMMETRY OF MOS IN SYMMETRY 8:   1 1 1 3 2 1 2 3

 Natural orbital dump at molpro section  5202.2    (Orbital set 2)


 CI vector
 =========

 a a a           1.0000000

 TOTAL ENERGIES                        -5.32789138



 **********************************************************************************************************************************
 DATASETS  * FILE   NREC   LENGTH (MB)   RECORD NAMES
              1      20       20.39       500      610      700      900      950      970     1029      129      960     1100   
                                          VAR    BASINP    GEOM    SYMINP    ZMAT    AOBASIS   BASIS     P2S    ABASIS      S 
                                         1400     1410     1420     1200     1210     1080     1600     1650     1700     1380   
                                           T        V       ECP      H0       H01     AOSYM     SMH    MOLCAS    OPER     JKOP   

              2     122      232.68       200      700     1000      520     4302     5302     2101     1001     4302     5302   
                                        OPTIONS   GEOM     BASIS   MCVARS     RHF     MCSCF     RHF     BASIS     RHF     MCSCF   
                                         2102     1002     4302     5302     2103     1003     4302     5302     2104     1004   
                                          RHF     BASIS     RHF     MCSCF     RHF     BASIS     RHF     MCSCF     RHF     BASIS   
                                         4302     5302     2105     1005     4302     5302     2106     1006     4302     5302   
                                          RHF     MCSCF     RHF     BASIS     RHF     MCSCF     RHF     BASIS     RHF     MCSCF   
                                         2107     1007     4302     5302     2108     1008     4302     5302     2109     1009   
                                          RHF     BASIS     RHF     MCSCF     RHF     BASIS     RHF     MCSCF     RHF     BASIS   
                                         4302     5302     2110     1010     4302     5302     2111     1011     4302     5302   
                                          RHF     MCSCF     RHF     BASIS     RHF     MCSCF     RHF     BASIS     RHF     MCSCF   
                                         2112     1012     4302     5302     2113     1013     4302     5302     2114     1014   
                                          RHF     BASIS     RHF     MCSCF     RHF     BASIS     RHF     MCSCF     RHF     BASIS   
                                         4302     5302     2115     1015     4302     5302     2116     1016     4302     5302   
                                          RHF     MCSCF     RHF     BASIS     RHF     MCSCF     RHF     BASIS     RHF     MCSCF   
                                         2117     1017     4302     5302     2118     1018     4302     5302     2119     1019   
                                          RHF     BASIS     RHF     MCSCF     RHF     BASIS     RHF     MCSCF     RHF     BASIS   
                                         4302     5302     2120     1020     4302     5302     2121     1021     4302     5302   
                                          RHF     MCSCF     RHF     BASIS     RHF     MCSCF     RHF     BASIS     RHF     MCSCF   
                                         2122     1022     4302     5302     2123     1023     4302     5302     2124     1024   
                                          RHF     BASIS     RHF     MCSCF     RHF     BASIS     RHF     MCSCF     RHF     BASIS   
                                         4302     5302     2125     1025     4302     5302     2126     1026     4302     5302   
                                          RHF     MCSCF     RHF     BASIS     RHF     MCSCF     RHF     BASIS     RHF     MCSCF   
                                         2127     1027     4302     5302     2128     1028     4302     5302     2129     1029   
                                          RHF     BASIS     RHF     MCSCF     RHF     BASIS     RHF     MCSCF     RHF     BASIS   
                                         4202     5202   
                                          RHF     MCSCF   

 PROGRAMS   *        TOTAL     MULTI       POP       RHF       INT  UCCSD(T)      DATA      DATA       RHF     MULTI       POP
 CPU TIMES  *      1030.29      0.28      0.00      0.11      1.24      0.52      0.00      0.00      0.07      0.15      0.00
 REAL TIME  *      1283.10 SEC
 DISK USED  *         3.97 GB      
 SF USED    *        35.69 MB      
 GA USED    *         0.00 MB       (max)       0.00 MB       (current)
 **********************************************************************************************************************************


 Current variables in basis input:

 Set= 1  S_EXP(1)            =       0.09601316
 Set= 1  S_EXP(2)            =       0.22406288
 Set= 1  S_EXP(3)            =       0.52288846
 Set= 1  S_EXP(4)            =       1.22024826
 Set= 1  S_EXP(5)            =       2.84765479
 Set= 1  P_EXP(1)            =       0.05632750
 Set= 1  P_EXP(2)            =       0.12466462
 Set= 1  P_EXP(3)            =       0.27590907
 Set= 1  P_EXP(4)            =       0.61064487
 Set= 1  P_EXP(5)            =       1.35148570
 Set= 1  D_EXP(1)            =       0.09696336
 Set= 1  D_EXP(2)            =       0.19068300
 Set= 1  D_EXP(3)            =       0.37498705
 Set= 1  D_EXP(4)            =       0.73742961
 Set= 1  D_EXP(5)            =       1.45018988
 Set= 1  F_EXP(1)            =       0.14624520
 Set= 1  F_EXP(2)            =       0.24260495
 Set= 1  F_EXP(3)            =       0.40245534
 Set= 1  F_EXP(4)            =       0.66762983
 Set= 1  G_EXP(1)            =       0.23983786
 Set= 1  G_EXP(2)            =       0.41044609
 Set= 1  G_EXP(3)            =       0.70241616
 Set= 1  H_EXP(1)            =       0.38036382
 Set= 1  H_EXP(2)            =       0.70756862
 Set= 1  I_EXP(1)            =       0.61521082

 PROGRAM * RHF-SCF (OPEN SHELL)       Authors: W. Meyer, H.-J. Werner


 NUMBER OF ELECTRONS:       4+    1-    SPACE SYMMETRY=8    SPIN SYMMETRY: Quartet 
 CONVERGENCE THRESHOLDS:    1.00E-05 (Density)    1.00E-07 (Energy)
 MAX. NUMBER OF ITERATIONS:        0
 INTERPOLATION TYPE:            DIIS
 INTERPOLATION STEPS:              2 (START)      1 (STEP)
 LEVEL SHIFTS:                 -0.60 (CLOSED) -0.30 (OPEN) 

 Number of closed-shell orbitals:    1 (   1   0   0   0   0   0   0   0 )
 Number of open-shell orbitals:      3 (   0   1   1   0   1   0   0   0 )


 Molecular orbitals read from record     5202.2  Type=MCSCF/NATURAL (state 1.8)

 Molecular orbital dump at record        2130.2

 ITERATION    DDIFF          GRAD             ENERGY        2-EL.EN.            DIPOLE MOMENTS         DIIS   ORB.
    1      0.000D+00      0.000D+00        -5.32789138      5.999437    0.00000    0.00000    0.00000    0    start

 Final alpha occupancy:   1   1   1   0   1   0   0   0
 Final beta  occupancy:   1   0   0   0   0   0   0   0

 !RHF STATE 1.8 Energy                 -5.327891377710
 Nuclear energy                         0.00000000
 One-electron energy                   -8.32760990
 Two-electron energy                    2.99971852
 Virial quotient                       -2.85168775
 !RHF STATE 1.8 Dipole moment           0.00000000     0.00000000     0.00000000
 Dipole moment /Debye                   0.00000000     0.00000000     0.00000000

 ELECTRON ORBITALS
 =================


   Orb  Occ    Energy  Couls-En    Coefficients

                                   1 1s      1 1s      1 1s      1 1s      1 1s      1 1s      1 3d0     1 3d2+    1 3d0     1 3d2+ 
                                   1 3d0     1 3d2+    1 3d0     1 3d2+    1 3d0     1 3d2+    1 5g0     1 5g4+    1 5g2+    1 5g0  
                                   1 5g4+    1 5g2+    1 5g0     1 5g4+    1 5g2+    1 7i6+    1 7i4+    1 7i2+    1 7i0  

   1.1   2    -0.6867   -2.6761  1.000285 -0.000503  0.000524 -0.000652  0.000461 -0.000106  0.000000  0.000000  0.000000  0.000000
                                 0.000000  0.000000  0.000000  0.000000  0.000000  0.000000  0.000000  0.000000  0.000000  0.000000
                                 0.000000  0.000000  0.000000  0.000000  0.000000  0.000000  0.000000  0.000000  0.000000

   2.1   0     0.2304   -0.6147  0.000000  0.000000  0.000000  0.000000  0.000000  0.000000  1.482820  0.000000 -0.821246  0.000000
                                 0.406240  0.000000 -0.184034  0.000000  0.041076  0.000000  0.000000  0.000000  0.000000  0.000000
                                 0.000000  0.000000  0.000000  0.000000  0.000000  0.000000  0.000000  0.000000  0.000000

   3.1   0     0.2304   -0.6147  0.000000  0.000000  0.000000  0.000000  0.000000  0.000000  0.000000  1.482820  0.000000 -0.821246
                                 0.000000  0.406240  0.000000 -0.184034  0.000000  0.041076  0.000000  0.000000  0.000000  0.000000
                                 0.000000  0.000000  0.000000  0.000000  0.000000  0.000000  0.000000  0.000000  0.000000

                                   1 2px     1 2px     1 2px     1 2px     1 2px     1 2px     1 4f1+    1 4f3+    1 4f1+    1 4f3+ 
                                   1 4f1+    1 4f3+    1 4f1+    1 4f3+    1 6h1+    1 6h3+    1 6h5+    1 6h1+    1 6h3+    1 6h5+ 


   1.2   +    -0.1346   -1.5842  1.011150 -0.005549 -0.000516 -0.010068  0.005275 -0.000366  0.000000  0.000000  0.000000  0.000000
                                 0.000000  0.000000  0.000000  0.000000  0.000000  0.000000  0.000000  0.000000  0.000000  0.000000

   2.2   0     0.1954   -0.5394 -1.381801  2.387368 -1.479491  1.286194 -0.538836  0.051503  0.000000  0.000000  0.000000  0.000000
                                 0.000000  0.000000  0.000000  0.000000  0.000000  0.000000  0.000000  0.000000  0.000000  0.000000

   3.2   0     0.4641   -0.2034  0.000000  0.000000  0.000000  0.000000  0.000000  0.000000  1.900102  0.000000 -1.597975  0.000000
                                 0.840136  0.000000 -0.190551  0.000000  0.000000  0.000000  0.000000  0.000000  0.000000  0.000000

                                   1 2py     1 2py     1 2py     1 2py     1 2py     1 2py     1 4f1-    1 4f3-    1 4f1-    1 4f3- 
                                   1 4f1-    1 4f3-    1 4f1-    1 4f3-    1 6h1-    1 6h3-    1 6h5-    1 6h1-    1 6h3-    1 6h5- 


   1.3   +    -0.1346   -1.5842  1.011150 -0.005549 -0.000516 -0.010068  0.005275 -0.000366  0.000000  0.000000  0.000000  0.000000
                                 0.000000  0.000000  0.000000  0.000000  0.000000  0.000000  0.000000  0.000000  0.000000  0.000000

   2.3   0     0.1954   -0.5394 -1.381801  2.387368 -1.479491  1.286194 -0.538836  0.051503  0.000000  0.000000  0.000000  0.000000
                                 0.000000  0.000000  0.000000  0.000000  0.000000  0.000000  0.000000  0.000000  0.000000  0.000000

   3.3   0     0.4641   -0.2034  0.000000  0.000000  0.000000  0.000000  0.000000  0.000000  1.900102  0.000000 -1.597975  0.000000
                                 0.840136  0.000000 -0.190551  0.000000  0.000000  0.000000  0.000000  0.000000  0.000000  0.000000

                                   1 3d2-    1 3d2-    1 3d2-    1 3d2-    1 3d2-    1 5g2-    1 5g4-    1 5g2-    1 5g4-    1 5g2- 
                                   1 5g4-    1 7i2-    1 7i6-    1 7i4- 

   1.4   0     0.2304   -0.6147  1.482820 -0.821246  0.406240 -0.184034  0.041076  0.000000  0.000000  0.000000  0.000000  0.000000
                                 0.000000  0.000000  0.000000  0.000000

   2.4   0     0.7263    0.1484 -1.672880  3.051954 -1.356791  0.344732 -0.073088  0.000000  0.000000  0.000000  0.000000  0.000000
                                 0.000000  0.000000  0.000000  0.000000

                                   1 2pz     1 2pz     1 2pz     1 2pz     1 2pz     1 2pz     1 4f0     1 4f2+    1 4f0     1 4f2+ 
                                   1 4f0     1 4f2+    1 4f0     1 4f2+    1 6h2+    1 6h4+    1 6h0     1 6h2+    1 6h4+    1 6h0  


   1.5   +    -0.1346   -1.5842  1.011150 -0.005549 -0.000516 -0.010068  0.005275 -0.000366  0.000000  0.000000  0.000000  0.000000
                                 0.000000  0.000000  0.000000  0.000000  0.000000  0.000000  0.000000  0.000000  0.000000  0.000000

   2.5   0     0.1954   -0.5394 -1.381801  2.387368 -1.479491  1.286194 -0.538836  0.051503  0.000000  0.000000  0.000000  0.000000
                                 0.000000  0.000000  0.000000  0.000000  0.000000  0.000000  0.000000  0.000000  0.000000  0.000000

   3.5   0     0.4641   -0.2034  0.000000  0.000000  0.000000  0.000000  0.000000  0.000000  1.900102  0.000000 -1.597975  0.000000
                                 0.840136  0.000000 -0.190551  0.000000  0.000000  0.000000  0.000000  0.000000  0.000000  0.000000

                                   1 3d1+    1 3d1+    1 3d1+    1 3d1+    1 3d1+    1 5g1+    1 5g3+    1 5g1+    1 5g3+    1 5g1+ 
                                   1 5g3+    1 7i5+    1 7i3+    1 7i1+ 

   1.6   0     0.2304   -0.6147  1.482820 -0.821246  0.406240 -0.184034  0.041076  0.000000  0.000000  0.000000  0.000000  0.000000
                                 0.000000  0.000000  0.000000  0.000000

   2.6   0     0.7263    0.1484 -1.672880  3.051954 -1.356791  0.344732 -0.073088  0.000000  0.000000  0.000000  0.000000  0.000000
                                 0.000000  0.000000  0.000000  0.000000

                                   1 3d1-    1 3d1-    1 3d1-    1 3d1-    1 3d1-    1 5g1-    1 5g3-    1 5g1-    1 5g3-    1 5g1- 
                                   1 5g3-    1 7i5-    1 7i3-    1 7i1- 

   1.7   0     0.2304   -0.6147  1.482820 -0.821246  0.406240 -0.184034  0.041076  0.000000  0.000000  0.000000  0.000000  0.000000
                                 0.000000  0.000000  0.000000  0.000000

   2.7   0     0.7263    0.1484 -1.672880  3.051954 -1.356791  0.344732 -0.073088  0.000000  0.000000  0.000000  0.000000  0.000000
                                 0.000000  0.000000  0.000000  0.000000

                                   1 4f2-    1 4f2-    1 4f2-    1 4f2-    1 6h4-    1 6h2-    1 6h4-    1 6h2- 

   1.8   0     0.4641   -0.2034  1.900102 -1.597975  0.840136 -0.190551  0.000000  0.000000  0.000000  0.000000

   2.8   0     1.0269    0.5933 -1.933783  3.459194 -1.628818  0.637865  0.000000  0.000000  0.000000  0.000000

 HOMO      1.2    -0.134598 =      -3.6626eV
 LUMO      2.2     0.195379 =       5.3165eV
 LUMO-HOMO         0.329977 =       8.9791eV


 **********************************************************************************************************************************
 DATASETS  * FILE   NREC   LENGTH (MB)   RECORD NAMES
              1      20       20.39       500      610      700      900      950      970     1029      129      960     1100   
                                          VAR    BASINP    GEOM    SYMINP    ZMAT    AOBASIS   BASIS     P2S    ABASIS      S 
                                         1400     1410     1420     1200     1210     1080     1600     1650     1700     1380   
                                           T        V       ECP      H0       H01     AOSYM     SMH    MOLCAS    OPER     JKOP   

              2     123      235.27       200      700     1000      520     4302     5302     2101     1001     4302     5302   
                                        OPTIONS   GEOM     BASIS   MCVARS     RHF     MCSCF     RHF     BASIS     RHF     MCSCF   
                                         2102     1002     4302     5302     2103     1003     4302     5302     2104     1004   
                                          RHF     BASIS     RHF     MCSCF     RHF     BASIS     RHF     MCSCF     RHF     BASIS   
                                         4302     5302     2105     1005     4302     5302     2106     1006     4302     5302   
                                          RHF     MCSCF     RHF     BASIS     RHF     MCSCF     RHF     BASIS     RHF     MCSCF   
                                         2107     1007     4302     5302     2108     1008     4302     5302     2109     1009   
                                          RHF     BASIS     RHF     MCSCF     RHF     BASIS     RHF     MCSCF     RHF     BASIS   
                                         4302     5302     2110     1010     4302     5302     2111     1011     4302     5302   
                                          RHF     MCSCF     RHF     BASIS     RHF     MCSCF     RHF     BASIS     RHF     MCSCF   
                                         2112     1012     4302     5302     2113     1013     4302     5302     2114     1014   
                                          RHF     BASIS     RHF     MCSCF     RHF     BASIS     RHF     MCSCF     RHF     BASIS   
                                         4302     5302     2115     1015     4302     5302     2116     1016     4302     5302   
                                          RHF     MCSCF     RHF     BASIS     RHF     MCSCF     RHF     BASIS     RHF     MCSCF   
                                         2117     1017     4302     5302     2118     1018     4302     5302     2119     1019   
                                          RHF     BASIS     RHF     MCSCF     RHF     BASIS     RHF     MCSCF     RHF     BASIS   
                                         4302     5302     2120     1020     4302     5302     2121     1021     4302     5302   
                                          RHF     MCSCF     RHF     BASIS     RHF     MCSCF     RHF     BASIS     RHF     MCSCF   
                                         2122     1022     4302     5302     2123     1023     4302     5302     2124     1024   
                                          RHF     BASIS     RHF     MCSCF     RHF     BASIS     RHF     MCSCF     RHF     BASIS   
                                         4302     5302     2125     1025     4302     5302     2126     1026     4302     5302   
                                          RHF     MCSCF     RHF     BASIS     RHF     MCSCF     RHF     BASIS     RHF     MCSCF   
                                         2127     1027     4302     5302     2128     1028     4302     5302     2129     1029   
                                          RHF     BASIS     RHF     MCSCF     RHF     BASIS     RHF     MCSCF     RHF     BASIS   
                                         4202     5202     2130   
                                          RHF     MCSCF     RHF  

 PROGRAMS   *        TOTAL       RHF     MULTI       POP       RHF       INT  UCCSD(T)      DATA      DATA       RHF     MULTI
 CPU TIMES  *      1030.39      0.10      0.28      0.00      0.11      1.24      0.52      0.00      0.00      0.07      0.15
 REAL TIME  *      1283.46 SEC
 DISK USED  *         3.97 GB      
 SF USED    *        35.69 MB      
 GA USED    *         0.00 MB       (max)       0.00 MB       (current)
 **********************************************************************************************************************************

 
 RECORD   4202.2 RENAMED TO   4302.2


 **********************************************************************************************************************************
 DATASETS  * FILE   NREC   LENGTH (MB)   RECORD NAMES
              1      20       20.39       500      610      700      900      950      970     1029      129      960     1100   
                                          VAR    BASINP    GEOM    SYMINP    ZMAT    AOBASIS   BASIS     P2S    ABASIS      S 
                                         1400     1410     1420     1200     1210     1080     1600     1650     1700     1380   
                                           T        V       ECP      H0       H01     AOSYM     SMH    MOLCAS    OPER     JKOP   

              2     123      235.27       200      700     1000      520     4302     5302     2101     1001     4302     5302   
                                        OPTIONS   GEOM     BASIS   MCVARS     RHF     MCSCF     RHF     BASIS     RHF     MCSCF   
                                         2102     1002     4302     5302     2103     1003     4302     5302     2104     1004   
                                          RHF     BASIS     RHF     MCSCF     RHF     BASIS     RHF     MCSCF     RHF     BASIS   
                                         4302     5302     2105     1005     4302     5302     2106     1006     4302     5302   
                                          RHF     MCSCF     RHF     BASIS     RHF     MCSCF     RHF     BASIS     RHF     MCSCF   
                                         2107     1007     4302     5302     2108     1008     4302     5302     2109     1009   
                                          RHF     BASIS     RHF     MCSCF     RHF     BASIS     RHF     MCSCF     RHF     BASIS   
                                         4302     5302     2110     1010     4302     5302     2111     1011     4302     5302   
                                          RHF     MCSCF     RHF     BASIS     RHF     MCSCF     RHF     BASIS     RHF     MCSCF   
                                         2112     1012     4302     5302     2113     1013     4302     5302     2114     1014   
                                          RHF     BASIS     RHF     MCSCF     RHF     BASIS     RHF     MCSCF     RHF     BASIS   
                                         4302     5302     2115     1015     4302     5302     2116     1016     4302     5302   
                                          RHF     MCSCF     RHF     BASIS     RHF     MCSCF     RHF     BASIS     RHF     MCSCF   
                                         2117     1017     4302     5302     2118     1018     4302     5302     2119     1019   
                                          RHF     BASIS     RHF     MCSCF     RHF     BASIS     RHF     MCSCF     RHF     BASIS   
                                         4302     5302     2120     1020     4302     5302     2121     1021     4302     5302   
                                          RHF     MCSCF     RHF     BASIS     RHF     MCSCF     RHF     BASIS     RHF     MCSCF   
                                         2122     1022     4302     5302     2123     1023     4302     5302     2124     1024   
                                          RHF     BASIS     RHF     MCSCF     RHF     BASIS     RHF     MCSCF     RHF     BASIS   
                                         4302     5302     2125     1025     4302     5302     2126     1026     4302     5302   
                                          RHF     MCSCF     RHF     BASIS     RHF     MCSCF     RHF     BASIS     RHF     MCSCF   
                                         2127     1027     4302     5302     2128     1028     4302     5302     2129     1029   
                                          RHF     BASIS     RHF     MCSCF     RHF     BASIS     RHF     MCSCF     RHF     BASIS   
                                         4302     5202     2130   
                                          RHF     MCSCF     RHF  

 PROGRAMS   *        TOTAL      DATA       RHF     MULTI       POP       RHF       INT  UCCSD(T)      DATA      DATA       RHF
 CPU TIMES  *      1030.39      0.00      0.10      0.28      0.00      0.11      1.24      0.52      0.00      0.00      0.07
 REAL TIME  *      1283.53 SEC
 DISK USED  *         3.97 GB      
 SF USED    *        35.69 MB      
 GA USED    *         0.00 MB       (max)       0.00 MB       (current)
 **********************************************************************************************************************************

 
 RECORD   5202.2 RENAMED TO   5302.2


 **********************************************************************************************************************************
 DATASETS  * FILE   NREC   LENGTH (MB)   RECORD NAMES
              1      20       20.39       500      610      700      900      950      970     1029      129      960     1100   
                                          VAR    BASINP    GEOM    SYMINP    ZMAT    AOBASIS   BASIS     P2S    ABASIS      S 
                                         1400     1410     1420     1200     1210     1080     1600     1650     1700     1380   
                                           T        V       ECP      H0       H01     AOSYM     SMH    MOLCAS    OPER     JKOP   

              2     123      235.27       200      700     1000      520     4302     5302     2101     1001     4302     5302   
                                        OPTIONS   GEOM     BASIS   MCVARS     RHF     MCSCF     RHF     BASIS     RHF     MCSCF   
                                         2102     1002     4302     5302     2103     1003     4302     5302     2104     1004   
                                          RHF     BASIS     RHF     MCSCF     RHF     BASIS     RHF     MCSCF     RHF     BASIS   
                                         4302     5302     2105     1005     4302     5302     2106     1006     4302     5302   
                                          RHF     MCSCF     RHF     BASIS     RHF     MCSCF     RHF     BASIS     RHF     MCSCF   
                                         2107     1007     4302     5302     2108     1008     4302     5302     2109     1009   
                                          RHF     BASIS     RHF     MCSCF     RHF     BASIS     RHF     MCSCF     RHF     BASIS   
                                         4302     5302     2110     1010     4302     5302     2111     1011     4302     5302   
                                          RHF     MCSCF     RHF     BASIS     RHF     MCSCF     RHF     BASIS     RHF     MCSCF   
                                         2112     1012     4302     5302     2113     1013     4302     5302     2114     1014   
                                          RHF     BASIS     RHF     MCSCF     RHF     BASIS     RHF     MCSCF     RHF     BASIS   
                                         4302     5302     2115     1015     4302     5302     2116     1016     4302     5302   
                                          RHF     MCSCF     RHF     BASIS     RHF     MCSCF     RHF     BASIS     RHF     MCSCF   
                                         2117     1017     4302     5302     2118     1018     4302     5302     2119     1019   
                                          RHF     BASIS     RHF     MCSCF     RHF     BASIS     RHF     MCSCF     RHF     BASIS   
                                         4302     5302     2120     1020     4302     5302     2121     1021     4302     5302   
                                          RHF     MCSCF     RHF     BASIS     RHF     MCSCF     RHF     BASIS     RHF     MCSCF   
                                         2122     1022     4302     5302     2123     1023     4302     5302     2124     1024   
                                          RHF     BASIS     RHF     MCSCF     RHF     BASIS     RHF     MCSCF     RHF     BASIS   
                                         4302     5302     2125     1025     4302     5302     2126     1026     4302     5302   
                                          RHF     MCSCF     RHF     BASIS     RHF     MCSCF     RHF     BASIS     RHF     MCSCF   
                                         2127     1027     4302     5302     2128     1028     4302     5302     2129     1029   
                                          RHF     BASIS     RHF     MCSCF     RHF     BASIS     RHF     MCSCF     RHF     BASIS   
                                         4302     5302     2130   
                                          RHF     MCSCF     RHF  

 PROGRAMS   *        TOTAL      DATA      DATA       RHF     MULTI       POP       RHF       INT  UCCSD(T)      DATA      DATA
 CPU TIMES  *      1030.40      0.00      0.00      0.10      0.28      0.00      0.11      1.24      0.52      0.00      0.00
 REAL TIME  *      1283.56 SEC
 DISK USED  *         3.97 GB      
 SF USED    *        35.69 MB      
 GA USED    *         0.00 MB       (max)       0.00 MB       (current)
 **********************************************************************************************************************************


 Current variables in basis input:

 Set= 1  S_EXP(1)            =       0.09601316
 Set= 1  S_EXP(2)            =       0.22406288
 Set= 1  S_EXP(3)            =       0.52288846
 Set= 1  S_EXP(4)            =       1.22024826
 Set= 1  S_EXP(5)            =       2.84765479
 Set= 1  P_EXP(1)            =       0.05632750
 Set= 1  P_EXP(2)            =       0.12466462
 Set= 1  P_EXP(3)            =       0.27590907
 Set= 1  P_EXP(4)            =       0.61064487
 Set= 1  P_EXP(5)            =       1.35148570
 Set= 1  D_EXP(1)            =       0.09696336
 Set= 1  D_EXP(2)            =       0.19068300
 Set= 1  D_EXP(3)            =       0.37498705
 Set= 1  D_EXP(4)            =       0.73742961
 Set= 1  D_EXP(5)            =       1.45018988
 Set= 1  F_EXP(1)            =       0.14624520
 Set= 1  F_EXP(2)            =       0.24260495
 Set= 1  F_EXP(3)            =       0.40245534
 Set= 1  F_EXP(4)            =       0.66762983
 Set= 1  G_EXP(1)            =       0.23983786
 Set= 1  G_EXP(2)            =       0.41044609
 Set= 1  G_EXP(3)            =       0.70241616
 Set= 1  H_EXP(1)            =       0.38036382
 Set= 1  H_EXP(2)            =       0.70756862
 Set= 1  I_EXP(1)            =       0.61521082

 PROGRAM * CCSD (Unrestricted open-shell coupled cluster)     Authors: C. Hampel, H.-J. Werner, 1991, M. Deegan, P.J. Knowles, 1992


 Convergence thresholds:  THRVAR = 1.00D-08  THRDEN = 1.00D-06

 CCSD(T)     terms to be evaluated (factor= 1.000)


 Number of closed-shell orbitals:   1 (   1   0   0   0   0   0   0   0 )
 Number of active  orbitals:        3 (   0   1   1   0   1   0   0   0 )
 Number of external orbitals:     135 (  28  19  19  14  19  14  14   8 )

 Memory could be reduced to 3.75 Mwords without degradation in triples

 Number of N-1 electron functions:               5
 Number of N-2 electron functions:              10
 Number of singly external CSFs:               116
 Number of doubly external CSFs:             17168
 Total number of CSFs:                       17284

 Molecular orbitals read from record     2130.2  Type=RHF/CANONICAL (state 1.8)

 Integral transformation finished. Total CPU:   0.25 sec, npass=  1  Memory used:   0.59 MW

 Starting RMP2 calculation

 ITER.      SQ.NORM     CORR.ENERGY   TOTAL ENERGY   ENERGY CHANGE        DEN1      VAR(S)    VAR(P)  DIIS     TIME
   1      1.03376698    -0.06784562    -5.39573700    -0.06784562    -0.00064318  0.67D-05  0.38D-03  1  1     0.27
   2      1.03478603    -0.06858014    -5.39647152    -0.00073452    -0.00000194  0.47D-08  0.11D-05  2  2     0.27
   3      1.03481765    -0.06859286    -5.39648424    -0.00001272    -0.00000000  0.46D-10  0.22D-08  3  3     0.27
   4      1.03481802    -0.06859298    -5.39648435    -0.00000012    -0.00000000  0.11D-12  0.51D-11  4  4     0.27

 Norm of t1 vector:      0.02559286      S-energy:    -0.00094584      T1 diagnostic:  0.00052761
 Norm of t2 vector:      0.18483243      P-energy:    -0.06764714
                                         Alpha-Beta:  -0.05008136
                                         Alpha-Alpha: -0.01756578
                                         Beta-Beta:    0.00000000

 Spin contamination <S**2-Sz**2-Sz>     0.00099353
  Reference energy                     -5.327891377710
  RHF-RMP2 correlation energy          -0.068592976589
 !RHF-RMP2 energy                      -5.396484354298

 Starting UCCSD calculation

 ITER.      SQ.NORM     CORR.ENERGY   TOTAL ENERGY   ENERGY CHANGE        DEN1      VAR(S)    VAR(P)  DIIS     TIME
   1      1.03861887    -0.07079700    -5.39868837    -0.07079700    -0.00235384  0.72D-04  0.12D-02  1  1     0.29
   2      1.04337471    -0.07365608    -5.40154746    -0.00285908    -0.00004735  0.14D-05  0.21D-04  2  2     0.30
   3      1.04388694    -0.07384219    -5.40173357    -0.00018611    -0.00000150  0.10D-06  0.66D-06  3  3     0.31
   4      1.04395182    -0.07386115    -5.40175253    -0.00001896    -0.00000008  0.13D-07  0.39D-07  4  4     0.33
   5      1.04396150    -0.07386286    -5.40175424    -0.00000171    -0.00000000  0.38D-09  0.23D-08  5  5     0.34
   6      1.04396274    -0.07386308    -5.40175446    -0.00000022    -0.00000000  0.13D-10  0.66D-10  6  6     0.36

 Norm of t1 vector:      0.02646217      S-energy:    -0.00088033      T1 diagnostic:  0.00362142
                                                                       D1 diagnostic:  0.00684079
 Norm of t2 vector:      0.20799638      P-energy:    -0.07298275
                                         Alpha-Beta:  -0.05423917
                                         Alpha-Alpha: -0.01874358
                                         Beta-Beta:    0.00000000

 Spin contamination <S**2-Sz**2-Sz>     0.00642990

 Memory could be reduced to 3.83 Mwords without degradation in triples
 

 RESULTS
 =======

  Reference energy                     -5.327891377710
  UCCSD singles energy                 -0.000880326561
  UCCSD pair energy                    -0.072982751107
  UCCSD correlation energy             -0.073863077668
  Triples (T) contribution             -0.002673141994
  Total correlation energy             -0.076536219662
 
  RHF-UCCSD energy                     -5.401754455378
  RHF-UCCSD[T] energy                  -5.404413203312
  RHF-UCCSD-T energy                   -5.404429516050
 !RHF-UCCSD(T) energy                  -5.404427597372

 Program statistics:

 Available memory in ccsd:               511999705
 Min. memory needed in ccsd:                129605
 Max. memory used in ccsd:                  143757
 Max. memory used in cckext:                147477 ( 6 integral passes)
 Max. memory used in cckint:                592955 ( 1 integral passes)



 **********************************************************************************************************************************
 DATASETS  * FILE   NREC   LENGTH (MB)   RECORD NAMES
              1      20       20.39       500      610      700      900      950      970     1029      129      960     1100   
                                          VAR    BASINP    GEOM    SYMINP    ZMAT    AOBASIS   BASIS     P2S    ABASIS      S 
                                         1400     1410     1420     1200     1210     1080     1600     1650     1700     1380   
                                           T        V       ECP      H0       H01     AOSYM     SMH    MOLCAS    OPER     JKOP   

              2     123      235.27       200      700     1000      520     4302     5302     2101     1001     4302     5302   
                                        OPTIONS   GEOM     BASIS   MCVARS     RHF     MCSCF     RHF     BASIS     RHF     MCSCF   
                                         2102     1002     4302     5302     2103     1003     4302     5302     2104     1004   
                                          RHF     BASIS     RHF     MCSCF     RHF     BASIS     RHF     MCSCF     RHF     BASIS   
                                         4302     5302     2105     1005     4302     5302     2106     1006     4302     5302   
                                          RHF     MCSCF     RHF     BASIS     RHF     MCSCF     RHF     BASIS     RHF     MCSCF   
                                         2107     1007     4302     5302     2108     1008     4302     5302     2109     1009   
                                          RHF     BASIS     RHF     MCSCF     RHF     BASIS     RHF     MCSCF     RHF     BASIS   
                                         4302     5302     2110     1010     4302     5302     2111     1011     4302     5302   
                                          RHF     MCSCF     RHF     BASIS     RHF     MCSCF     RHF     BASIS     RHF     MCSCF   
                                         2112     1012     4302     5302     2113     1013     4302     5302     2114     1014   
                                          RHF     BASIS     RHF     MCSCF     RHF     BASIS     RHF     MCSCF     RHF     BASIS   
                                         4302     5302     2115     1015     4302     5302     2116     1016     4302     5302   
                                          RHF     MCSCF     RHF     BASIS     RHF     MCSCF     RHF     BASIS     RHF     MCSCF   
                                         2117     1017     4302     5302     2118     1018     4302     5302     2119     1019   
                                          RHF     BASIS     RHF     MCSCF     RHF     BASIS     RHF     MCSCF     RHF     BASIS   
                                         4302     5302     2120     1020     4302     5302     2121     1021     4302     5302   
                                          RHF     MCSCF     RHF     BASIS     RHF     MCSCF     RHF     BASIS     RHF     MCSCF   
                                         2122     1022     4302     5302     2123     1023     4302     5302     2124     1024   
                                          RHF     BASIS     RHF     MCSCF     RHF     BASIS     RHF     MCSCF     RHF     BASIS   
                                         4302     5302     2125     1025     4302     5302     2126     1026     4302     5302   
                                          RHF     MCSCF     RHF     BASIS     RHF     MCSCF     RHF     BASIS     RHF     MCSCF   
                                         2127     1027     4302     5302     2128     1028     4302     5302     2129     1029   
                                          RHF     BASIS     RHF     MCSCF     RHF     BASIS     RHF     MCSCF     RHF     BASIS   
                                         4302     5302     2130   
                                          RHF     MCSCF     RHF  

 PROGRAMS   *        TOTAL  UCCSD(T)      DATA      DATA       RHF     MULTI       POP       RHF       INT  UCCSD(T)      DATA
 CPU TIMES  *      1030.89      0.49      0.00      0.00      0.10      0.28      0.00      0.11      1.24      0.52      0.00
 REAL TIME  *      1284.57 SEC
 DISK USED  *         3.97 GB      
 SF USED    *        35.69 MB      
 GA USED    *         0.00 MB       (max)       0.00 MB       (current)
 **********************************************************************************************************************************
 SETTING EVAL           =        -5.40442760  AU                              

 BFGS final minimum    =        -5.404427597       maximum gradient =           -0.22E-04

           variable                 value           gradient
 BFGS       S_PAR(1)                0.096013        0.0000029
 BFGS       S_PAR(2)                2.333668        0.0000008
 BFGS       P_PAR(1)                0.056328        0.0000037
 BFGS       P_PAR(2)                2.213211        0.0000009
 BFGS       D_PAR(1)                0.096963       -0.0000215
 BFGS       D_PAR(2)                1.966547       -0.0000043
 BFGS       F_PAR(1)                0.146245        0.0000052
 BFGS       F_PAR(2)                1.658892       -0.0000080
 BFGS       G_PAR(1)                0.239838        0.0000066
 BFGS       G_PAR(2)                1.711348        0.0000004
 BFGS       H_PAR(1)                0.380364        0.0000034
 BFGS       H_PAR(2)                1.860242        0.0000118
 BFGS       I_PAR(1)                0.615211       -0.0000098


 **********************************************************************************************************************************
 DATASETS  * FILE   NREC   LENGTH (MB)   RECORD NAMES
              1      20       20.39       500      610      700      900      950      970     1029      129      960     1100   
                                          VAR    BASINP    GEOM    SYMINP    ZMAT    AOBASIS   BASIS     P2S    ABASIS      S 
                                         1400     1410     1420     1200     1210     1080     1600     1650     1700     1380   
                                           T        V       ECP      H0       H01     AOSYM     SMH    MOLCAS    OPER     JKOP   

              2     123      235.27       200      700     1000      520     4302     5302     2101     1001     4302     5302   
                                        OPTIONS   GEOM     BASIS   MCVARS     RHF     MCSCF     RHF     BASIS     RHF     MCSCF   
                                         2102     1002     4302     5302     2103     1003     4302     5302     2104     1004   
                                          RHF     BASIS     RHF     MCSCF     RHF     BASIS     RHF     MCSCF     RHF     BASIS   
                                         4302     5302     2105     1005     4302     5302     2106     1006     4302     5302   
                                          RHF     MCSCF     RHF     BASIS     RHF     MCSCF     RHF     BASIS     RHF     MCSCF   
                                         2107     1007     4302     5302     2108     1008     4302     5302     2109     1009   
                                          RHF     BASIS     RHF     MCSCF     RHF     BASIS     RHF     MCSCF     RHF     BASIS   
                                         4302     5302     2110     1010     4302     5302     2111     1011     4302     5302   
                                          RHF     MCSCF     RHF     BASIS     RHF     MCSCF     RHF     BASIS     RHF     MCSCF   
                                         2112     1012     4302     5302     2113     1013     4302     5302     2114     1014   
                                          RHF     BASIS     RHF     MCSCF     RHF     BASIS     RHF     MCSCF     RHF     BASIS   
                                         4302     5302     2115     1015     4302     5302     2116     1016     4302     5302   
                                          RHF     MCSCF     RHF     BASIS     RHF     MCSCF     RHF     BASIS     RHF     MCSCF   
                                         2117     1017     4302     5302     2118     1018     4302     5302     2119     1019   
                                          RHF     BASIS     RHF     MCSCF     RHF     BASIS     RHF     MCSCF     RHF     BASIS   
                                         4302     5302     2120     1020     4302     5302     2121     1021     4302     5302   
                                          RHF     MCSCF     RHF     BASIS     RHF     MCSCF     RHF     BASIS     RHF     MCSCF   
                                         2122     1022     4302     5302     2123     1023     4302     5302     2124     1024   
                                          RHF     BASIS     RHF     MCSCF     RHF     BASIS     RHF     MCSCF     RHF     BASIS   
                                         4302     5302     2125     1025     4302     5302     2126     1026     4302     5302   
                                          RHF     MCSCF     RHF     BASIS     RHF     MCSCF     RHF     BASIS     RHF     MCSCF   
                                         2127     1027     4302     5302     2128     1028     4302     5302     2129     1029   
                                          RHF     BASIS     RHF     MCSCF     RHF     BASIS     RHF     MCSCF     RHF     BASIS   
                                         4302     5302     2130   
                                          RHF     MCSCF     RHF  

 PROGRAMS   *        TOTAL  MINIMIZE      DATA      DATA       RHF     MULTI       POP       RHF       INT  UCCSD(T)      DATA
 CPU TIMES  *      1030.90      0.50      0.00      0.00      0.10      0.28      0.00      0.11      1.24      0.52      0.00
 REAL TIME  *      1284.59 SEC
 DISK USED  *         3.97 GB      
 SF USED    *        35.69 MB      
 GA USED    *         0.00 MB       (max)       0.00 MB       (current)
 **********************************************************************************************************************************

 MINIMIZE/USERDEF energy=     -5.404427597372

        UCCSD(T)        RHF-SCF         MULTI           RHF-SCF         UCCSD(T)        RHF-SCF         MULTI           RHF-SCF 
     -5.40442760     -5.32789138     -5.32789138     -5.32789138     -5.40442759     -5.32789138     -5.32789138     -5.32789138
 **********************************************************************************************************************************
 Molpro calculation terminated
 Variable memory released
