0: output to I.df.o
456: System
456: Wave function
112: System
112: Wave function
272: System
272: Wave function
127: System
127: Wave function
288: System
288: Wave function
407: System
407: Wave function
439: System
439: Wave function
507: System
507: Wave function
81: System
81: Wave function
188: System
188: Wave function
227: System
227: Wave function
469: System
469: Wave function
94: System
94: Wave function
483: System
483: Wave function
459: System
316: System
459: Wave function
316: Wave function
281: System
281: Wave function
132: System
132: Wave function
122: System
122: Wave function
72: System
72: Wave function
82: System
82: Wave function
98: System
98: Wave function
310: System
462: System
462: Wave function
111: System
111: Wave function
310: Wave function
92: System
92: Wave function
307: System
307: Wave function
68: System
31: System
31: Wave function
261: System
68: Wave function
39: System
39: Wave function
261: Wave function
273: System
273: Wave function
472: System
472: Wave function
308: System
308: Wave function
492: System
492: Wave function
74: System
74: Wave function
73: System
73: Wave function
118: System
118: Wave function
106: System
106: Wave function
84: System
84: Wave function
258: System
258: Wave function
294: System
99: System
99: Wave function
294: Wave function
282: System
63: System
63: Wave function
282: Wave function
494: System
494: Wave function
256: System
377: System
377: Wave function
256: Wave function
67: System
67: Wave function
342: System
318: System
342: Wave function
318: Wave function
142: System
142: Wave function
300: System
482: System
482: Wave function
300: Wave function
493: System
493: Wave function
32: System
32: Wave function
306: System
473: System
87: System
87: Wave function
46: System
46: Wave function
306: Wave function
473: Wave function
17: System
17: Wave function
287: System
287: Wave function
485: System
485: Wave function
119: System
119: Wave function
18: System
18: Wave function
302: System
481: System
481: Wave function
121: System
302: Wave function
121: Wave function
276: System
467: System
467: Wave function
276: Wave function
80: System
277: System
277: Wave function
489: System
489: Wave function
80: Wave function
301: System
463: System
301: Wave function
463: Wave function
303: System
303: Wave function
451: System
451: Wave function
102: System
102: Wave function
266: System
266: Wave function
458: System
458: Wave function
267: System
267: Wave function
484: System
484: Wave function
86: System
468: System
468: Wave function
498: System
498: Wave function
86: Wave function
448: System
448: Wave function
85: System
85: Wave function
263: System
263: Wave function
506: System
105: System
105: Wave function
506: Wave function
285: System
285: Wave function
501: System
501: Wave function
71: System
71: Wave function
76: System
76: Wave function
268: System
268: Wave function
486: System
486: Wave function
108: System
108: Wave function
279: System
279: Wave function
488: System
488: Wave function
65: System
65: Wave function
503: System
503: Wave function
101: System
262: System
262: Wave function
101: Wave function
64: System
480: System
64: Wave function
269: System
269: Wave function
91: System
91: Wave function
480: Wave function
349: System
191: System
191: Wave function
259: System
259: Wave function
103: System
103: Wave function
349: Wave function
487: System
487: Wave function
113: System
113: Wave function
296: System
296: Wave function
495: System
495: Wave function
117: System
265: System
265: Wave function
250: System
250: Wave function
457: System
117: Wave function
1: System
1: Wave function
209: System
209: Wave function
457: Wave function
126: System
126: Wave function
260: System
260: Wave function
238: System
238: Wave function
470: System
470: Wave function
96: System
96: Wave function
315: System
315: Wave function
490: System
100: System
100: Wave function
34: System
34: Wave function
304: System
304: Wave function
20: System
305: System
305: Wave function
465: System
70: System
20: Wave function
312: System
312: Wave function
490: Wave function
70: Wave function
465: Wave function
93: System
93: Wave function
311: System
311: Wave function
475: System
475: Wave function
90: System
90: Wave function
26: System
26: Wave function
257: System
257: Wave function
476: System
476: Wave function
115: System
115: Wave function
460: System
460: Wave function
78: System
48: System
295: System
474: System
474: Wave function
78: Wave function
48: Wave function
295: Wave function
491: System
491: Wave function
109: System
270: System
270: Wave function
453: System
453: Wave function
89: System
89: Wave function
345: System
345: Wave function
455: System
455: Wave function
109: Wave function
361: System
264: System
264: Wave function
479: System
479: Wave function
88: System
56: System
361: Wave function
275: System
275: Wave function
450: System
450: Wave function
88: Wave function
56: Wave function
370: System
370: Wave function
278: System
278: Wave function
461: System
461: Wave function
438: System
438: Wave function
123: System
123: Wave function
329: System
314: System
314: Wave function
110: System
110: Wave function
329: Wave function
271: System
271: Wave function
478: System
478: Wave function
69: System
69: Wave function
186: System
186: Wave function
309: System
309: Wave function
505: System
505: Wave function
114: System
114: Wave function
136: System
136: Wave function
511: System
511: Wave function
176: System
477: System
477: Wave function
77: System
77: Wave function
176: Wave function
502: System
502: Wave function
116: System
116: Wave function
500: System
500: Wave function
125: System
125: Wave function
167: System
167: Wave function
508: System
508: Wave function
449: System
449: Wave function
431: System
431: Wave function
124: System
124: Wave function
454: System
454: Wave function
422: System
347: System
347: Wave function
496: System
422: Wave function
75: System
379: System
496: Wave function
433: System
433: Wave function
75: Wave function
379: Wave function
283: System
283: Wave function
471: System
471: Wave function
95: System
95: Wave function
357: System
504: System
504: Wave function
120: System
120: Wave function
357: Wave function
284: System
284: Wave function
510: System
510: Wave function
66: System
66: Wave function
382: System
382: Wave function
286: System
286: Wave function
452: System
452: Wave function
410: System
410: Wave function
292: System
292: Wave function
83: System
83: Wave function
297: System
297: Wave function
464: System
107: System
107: Wave function
299: System
299: Wave function
464: Wave function
104: System
104: Wave function
29: System
29: Wave function
375: System
375: Wave function
171: System
171: Wave function
313: System
313: Wave function
509: System
509: Wave function
79: System
79: Wave function
180: System
180: Wave function
274: System
274: Wave function
499: System
499: Wave function
158: System
158: Wave function
290: System
290: Wave function
245: System
245: Wave function
466: System
466: Wave function
145: System
145: Wave function
291: System
291: Wave function
166: System
166: Wave function
293: System
293: Wave function
25: System
25: Wave function
298: System
298: Wave function
497: System
497: Wave function
13: System
335: System
335: Wave function
317: System
317: Wave function
425: System
425: Wave function
13: Wave function
319: System
319: Wave function
415: System
8: System
8: Wave function
344: System
344: Wave function
289: System
289: Wave function
397: System
397: Wave function
177: System
177: Wave function
280: System
415: Wave function
338: System
338: Wave function
384: System
384: Wave function
128: System
128: Wave function
280: Wave function
395: System
395: Wave function
446: System
446: Wave function
390: System
390: Wave function
199: System
199: Wave function
413: System
413: Wave function
57: System
57: Wave function
162: System
162: Wave function
428: System
428: Wave function
441: System
441: Wave function
141: System
141: Wave function
193: System
193: Wave function
45: System
45: Wave function
411: System
411: Wave function
418: System
418: Wave function
408: System
408: Wave function
386: System
386: Wave function
40: System
40: Wave function
15: System
15: Wave function
424: System
11: System
11: Wave function
161: System
161: Wave function
424: Wave function
416: System
416: Wave function
134: System
134: Wave function
213: System
213: Wave function
400: System
400: Wave function
143: System
143: Wave function
232: System
232: Wave function
388: System
28: System
28: Wave function
21: System
21: Wave function
146: System
146: Wave function
388: Wave function
16: System
16: Wave function
352: System
352: Wave function
151: System
151: Wave function
434: System
53: System
53: Wave function
139: System
434: Wave function
12: System
369: System
369: Wave function
139: Wave function
210: System
210: Wave function
404: System
404: Wave function
38: System
38: Wave function
320: System
163: System
44: System
44: Wave function
353: System
353: Wave function
138: System
138: Wave function
218: System
218: Wave function
385: System
385: Wave function
7: System
7: Wave function
320: Wave function
163: Wave function
445: System
445: Wave function
12: Wave function
327: System
327: Wave function
168: System
168: Wave function
443: System
443: Wave function
14: System
14: Wave function
436: System
436: Wave function
23: System
23: Wave function
363: System
363: Wave function
153: System
153: Wave function
231: System
231: Wave function
398: System
2: System
343: System
343: Wave function
174: System
174: Wave function
251: System
251: Wave function
398: Wave function
19: System
19: Wave function
336: System
336: Wave function
185: System
185: Wave function
387: System
22: System
22: Wave function
325: System
325: Wave function
140: System
140: Wave function
387: Wave function
24: System
24: Wave function
331: System
190: System
190: Wave function
430: System
2: Wave function
331: Wave function
156: System
156: Wave function
430: Wave function
37: System
376: System
165: System
165: Wave function
211: System
402: System
402: Wave function
61: System
376: Wave function
131: System
205: System
394: System
5: System
5: Wave function
348: System
348: Wave function
152: System
152: Wave function
211: Wave function
394: Wave function
37: Wave function
366: System
366: Wave function
181: System
181: Wave function
205: Wave function
401: System
401: Wave function
61: Wave function
351: System
351: Wave function
131: Wave function
417: System
417: Wave function
49: System
49: Wave function
332: System
332: Wave function
135: System
135: Wave function
192: System
192: Wave function
419: System
419: Wave function
58: System
58: Wave function
354: System
354: Wave function
187: System
187: Wave function
248: System
248: Wave function
421: System
421: Wave function
59: System
59: Wave function
372: System
372: Wave function
175: System
175: Wave function
426: System
426: Wave function
42: System
42: Wave function
383: System
383: Wave function
160: System
160: Wave function
206: System
206: Wave function
389: System
389: Wave function
50: System
50: Wave function
322: System
322: Wave function
149: System
149: Wave function
214: System
214: Wave function
405: System
405: Wave function
6: System
6: Wave function
324: System
170: System
170: Wave function
217: System
217: Wave function
409: System
409: Wave function
41: System
41: Wave function
328: System
328: Wave function
178: System
178: Wave function
429: System
429: Wave function
47: System
47: Wave function
330: System
330: Wave function
137: System
224: System
224: Wave function
391: System
10: System
10: Wave function
324: Wave function
144: System
144: Wave function
254: System
254: Wave function
414: System
414: Wave function
33: System
33: Wave function
326: System
326: Wave function
164: System
164: Wave function
194: System
194: Wave function
427: System
427: Wave function
36: System
36: Wave function
137: Wave function
196: System
196: Wave function
435: System
435: Wave function
3: System
3: Wave function
189: System
189: Wave function
215: System
215: Wave function
391: Wave function
35: System
35: Wave function
159: System
159: Wave function
239: System
239: Wave function
403: System
403: Wave function
9: System
9: Wave function
129: System
129: Wave function
228: System
228: Wave function
412: System
412: Wave function
51: System
51: Wave function
240: System
240: Wave function
440: System
440: Wave function
52: System
52: Wave function
230: System
230: Wave function
447: System
447: Wave function
54: System
54: Wave function
244: System
244: Wave function
399: System
399: Wave function
0: System
0: Wave function
246: System
246: Wave function
392: System
392: Wave function
4: System
4: Wave function
237: System
406: System
27: System
27: Wave function
226: System
226: Wave function
437: System
437: Wave function
43: System
43: Wave function
393: System
393: Wave function
55: System
55: Wave function
229: System
229: Wave function
396: System
396: Wave function
62: System
62: Wave function
237: Wave function
406: Wave function
30: System
30: Wave function
219: System
219: Wave function
420: System
420: Wave function
60: System
60: Wave function
200: System
200: Wave function
423: System
423: Wave function
195: System
444: System
444: Wave function
195: Wave function
221: System
221: Wave function
442: System
442: Wave function
321: System
321: Wave function
323: System
323: Wave function
339: System
339: Wave function
340: System
340: Wave function
341: System
341: Wave function
350: System
350: Wave function
356: System
356: Wave function
360: System
360: Wave function
362: System
362: Wave function
364: System
364: Wave function
367: System
367: Wave function
371: System
371: Wave function
378: System
378: Wave function
133: System
133: Wave function
381: System
381: Wave function
148: System
148: Wave function
150: System
150: Wave function
155: System
155: Wave function
184: System
184: Wave function
147: System
147: Wave function
130: System
169: System
182: System
182: Wave function
130: Wave function
154: System
169: Wave function
183: System
183: Wave function
154: Wave function
172: System
172: Wave function
173: System
179: System
179: Wave function
173: Wave function
197: System
197: Wave function
198: System
198: Wave function
201: System
201: Wave function
202: System
202: Wave function
203: System
203: Wave function
204: System
204: Wave function
207: System
207: Wave function
212: System
212: Wave function
216: System
216: Wave function
220: System
220: Wave function
222: System
222: Wave function
223: System
223: Wave function
225: System
225: Wave function
233: System
233: Wave function
234: System
234: Wave function
235: System
235: Wave function
236: System
236: Wave function
241: System
241: Wave function
242: System
242: Wave function
243: System
243: Wave function
247: System
247: Wave function
249: System
249: Wave function
252: System
252: Wave function
253: System
253: Wave function
255: System
255: Wave function
333: System
333: Wave function
355: System
355: Wave function
359: System
334: System
334: Wave function
368: System
368: Wave function
374: System
374: Wave function
337: System
337: Wave function
346: System
346: Wave function
358: System
358: Wave function
373: System
373: Wave function
380: System
380: Wave function
359: Wave function
208: System
208: Wave function
432: System
432: Wave function
97: System
97: Wave function
365: System
365: Wave function
157: System
157: Wave function
d 1 i 0 : 3 -> 6 sign 1
d 1 i 1 : 4 -> 7 sign 1
321: Pseudopotential
d 1 i 0 : 3 -> 6 sign 1
d 1 i 1 : 4 -> 7 sign 1
d 1 i 0 : 3 -> 6 sign 1
d 1 i 1 : 4 -> 7 sign 1
d 1 i 0 : 3 -> 6 sign 1
d 1 i 1 : 4 -> 7 sign 1
449: Pseudopotential
d 1 i 0 : 3 -> 6 sign 1
d 1 i 1 : 4 -> 7 sign 1
d 1 i 0 : 3 -> 6 sign 1
d 1 i 1 : 4 -> 7 sign 1
d 1 i 0 : 3 -> 6 sign 1
d 1 i 1 : 4 -> 7 sign 1
d 1 i 0 : 3 -> 6 sign 1
d 1 i 1 : 4 -> 7 sign 1
d 1 i 0 : 3 -> 6 sign 1
d 1 i 1 : 4 -> 7 sign 1
d 1 i 0 : 3 -> 6 sign 1
d 1 i 1 : 4 -> 7 sign 1
d 1 i 0 : 3 -> 6 sign 1
d 1 i 1 : 4 -> 7 sign 1
d 1 i 0 : 3 -> 6 sign 1
d 1 i 1 : 4 -> 7 sign 1
d 1 i 0 : 3 -> 6 sign 1
d 1 i 1 : 4 -> 7 sign 1
490: Pseudopotential
402: Pseudopotential
d 1 i 0 : 3 -> 6 sign 1
d 1 i 1 : 4 -> 7 sign 1
d 1 i 0 : 3 -> 6 sign 1
d 1 i 1 : 4 -> 7 sign 1
d 1 i 0 : 3 -> 6 sign 1
d 1 i 1 : 4 -> 7 sign 1
d 1 i 0 : 3 -> 6 sign 1
d 1 i 1 : 4 -> 7 sign 1
d 1 i 0 : 3 -> 6 sign 1
d 1 i 1 : 4 -> 7 sign 1
465: Pseudopotential
410: Pseudopotential
d 1 i 0 : 3 -> 6 sign 1
d 1 i 1 : 4 -> 7 sign 1
334: Pseudopotential
129: Pseudopotential
d 1 i 0 : 3 -> 6 sign 1
d 1 i 1 : 4 -> 7 sign 1
306: Pseudopotential
d 1 i 0 : 3 -> 6 sign 1
d 1 i 1 : 4 -> 7 sign 1
466: Pseudopotential
d 1 i 0 : 3 -> 6 sign 1
d 1 i 1 : 4 -> 7 sign 1
d 1 i 0 : 3 -> 6 sign 1
d 1 i 1 : 4 -> 7 sign 1
370: Pseudopotential
d 1 i 0 : 3 -> 6 sign 1
d 1 i 1 : 4 -> 7 sign 1
274: Pseudopotential
202: Pseudopotential
473: Pseudopotential
d 1 i 0 : 3 -> 6 sign 1
d 1 i 1 : 4 -> 7 sign 1
d 1 i 0 : 3 -> 6 sign 1
d 1 i 1 : 4 -> 7 sign 1
d 1 i 0 : 3 -> 6 sign 1
d 1 i 1 : 4 -> 7 sign 1
d 1 i 0 : 3 -> 6 sign 1
d 1 i 1 : 4 -> 7 sign 1
167: Pseudopotential
d 1 i 0 : 3 -> 6 sign 1
d 1 i 1 : 4 -> 7 sign 1
292: Pseudopotential
d 1 i 0 : 3 -> 6 sign 1
d 1 i 1 : 4 -> 7 sign 1
d 1 i 0 : 3 -> 6 sign 1
d 1 i 1 : 4 -> 7 sign 1
426: Pseudopotential
125: Pseudopotential
d 1 i 0 : 3 -> 6 sign 1
d 1 i 1 : 4 -> 7 sign 1
d 1 i 0 : 3 -> 6 sign 1
d 1 i 1 : 4 -> 7 sign 1
d 1 i 0 : 3 -> 6 sign 1
d 1 i 1 : 4 -> 7 sign 1
d 1 i 0 : 3 -> 6 sign 1
d 1 i 1 : 4 -> 7 sign 1
d 1 i 0 : 3 -> 6 sign 1
d 1 i 1 : 4 -> 7 sign 1
d 1 i 0 : 3 -> 6 sign 1
d 1 i 1 : 4 -> 7 sign 1
503: Pseudopotential
385: Pseudopotential
d 1 i 0 : 3 -> 6 sign 1
d 1 i 1 : 4 -> 7 sign 1
1: Pseudopotential
348: Pseudopotential
d 1 i 0 : 3 -> 6 sign 1
d 1 i 1 : 4 -> 7 sign 1
296: Pseudopotential
d 1 i 0 : 3 -> 6 sign 1
d 1 i 1 : 4 -> 7 sign 1
228: Pseudopotential
d 1 i 0 : 3 -> 6 sign 1
d 1 i 1 : 4 -> 7 sign 1
d 1 i 0 : 3 -> 6 sign 1
d 1 i 1 : 4 -> 7 sign 1
397: Pseudopotential
d 1 i 0 : 3 -> 6 sign 1
d 1 i 1 : 4 -> 7 sign 1
15: Pseudopotential
d 1 i 0 : 3 -> 6 sign 1
d 1 i 1 : 4 -> 7 sign 1
173: Pseudopotential
d 1 i 0 : 3 -> 6 sign 1
d 1 i 1 : 4 -> 7 sign 1
d 1 i 0 : 3 -> 6 sign 1
d 1 i 1 : 4 -> 7 sign 1
230: Pseudopotential
491: Pseudopotential
d 1 i 0 : 3 -> 6 sign 1
d 1 i 1 : 4 -> 7 sign 1
d 1 i 0 : 3 -> 6 sign 1
d 1 i 1 : 4 -> 7 sign 1
d 1 i 0 : 3 -> 6 sign 1
d 1 i 1 : 4 -> 7 sign 1
48: Pseudopotential
350: Pseudopotential
164: Pseudopotential
d 1 i 0 : 3 -> 6 sign 1
d 1 i 1 : 4 -> 7 sign 1
d 1 i 0 : 3 -> 6 sign 1
d 1 i 1 : 4 -> 7 sign 1
d 1 i 0 : 3 -> 6 sign 1
d 1 i 1 : 4 -> 7 sign 1
499: Pseudopotential
d 1 i 0 : 3 -> 6 sign 1
d 1 i 1 : 4 -> 7 sign 1
d 1 i 0 : 3 -> 6 sign 1
d 1 i 1 : 4 -> 7 sign 1
d 1 i 0 : 3 -> 6 sign 1
d 1 i 1 : 4 -> 7 sign 1
d 1 i 0 : 3 -> 6 sign 1
d 1 i 1 : 4 -> 7 sign 1
d 1 i 0 : 3 -> 6 sign 1
d 1 i 1 : 4 -> 7 sign 1
d 1 i 0 : 3 -> 6 sign 1
d 1 i 1 : 4 -> 7 sign 1
193: Pseudopotential
506: Pseudopotential
418: Pseudopotential
75: Pseudopotential
d 1 i 0 : 3 -> 6 sign 1
d 1 i 1 : 4 -> 7 sign 1
10: Pseudopotential
354: Pseudopotential
158: Pseudopotential
d 1 i 0 : 3 -> 6 sign 1
d 1 i 1 : 4 -> 7 sign 1
225: Pseudopotential
d 1 i 0 : 3 -> 6 sign 1
d 1 i 1 : 4 -> 7 sign 1
509: Pseudopotential
d 1 i 0 : 3 -> 6 sign 1
d 1 i 1 : 4 -> 7 sign 1
396: Pseudopotential
d 1 i 0 : 3 -> 6 sign 1
d 1 i 1 : 4 -> 7 sign 1
d 1 i 0 : 3 -> 6 sign 1
d 1 i 1 : 4 -> 7 sign 1
33: Pseudopotential
d 1 i 0 : 3 -> 6 sign 1
d 1 i 1 : 4 -> 7 sign 1
d 1 i 0 : 3 -> 6 sign 1
d 1 i 1 : 4 -> 7 sign 1
d 1 i 0 : 3 -> 6 sign 1
d 1 i 1 : 4 -> 7 sign 1
227: Pseudopotential
d 1 i 0 : 3 -> 6 sign 1
d 1 i 1 : 4 -> 7 sign 1
d 1 i 0 : 3 -> 6 sign 1
d 1 i 1 : 4 -> 7 sign 1
412: Pseudopotential
d 1 i 0 : 3 -> 6 sign 1
d 1 i 1 : 4 -> 7 sign 1
90: Pseudopotential
7: Pseudopotential
d 1 i 0 : 3 -> 6 sign 1
d 1 i 1 : 4 -> 7 sign 1
d 1 i 0 : 3 -> 6 sign 1
d 1 i 1 : 4 -> 7 sign 1
d 1 i 0 : 3 -> 6 sign 1
d 1 i 1 : 4 -> 7 sign 1
249: Pseudopotential
d 1 i 0 : 3 -> 6 sign 1
d 1 i 1 : 4 -> 7 sign 1
d 1 i 0 : 3 -> 6 sign 1
d 1 i 1 : 4 -> 7 sign 1
d 1 i 0 : 3 -> 6 sign 1
d 1 i 1 : 4 -> 7 sign 1
98: Pseudopotential
d 1 i 0 : 3 -> 6 sign 1
d 1 i 1 : 4 -> 7 sign 1
49: Pseudopotential
345: Pseudopotential
d 1 i 0 : 3 -> 6 sign 1
d 1 i 1 : 4 -> 7 sign 1
d 1 i 0 : 3 -> 6 sign 1
d 1 i 1 : 4 -> 7 sign 1
d 1 i 0 : 3 -> 6 sign 1
d 1 i 1 : 4 -> 7 sign 1
106: Pseudopotential
d 1 i 0 : 3 -> 6 sign 1
d 1 i 1 : 4 -> 7 sign 1
d 1 i 0 : 3 -> 6 sign 1
d 1 i 1 : 4 -> 7 sign 1
d 1 i 0 : 3 -> 6 sign 1
d 1 i 1 : 4 -> 7 sign 1
282: Pseudopotential
d 1 i 0 : 3 -> 6 sign 1
d 1 i 1 : 4 -> 7 sign 1
255: Pseudopotential
474: Pseudopotential
422: Pseudopotential
114: Pseudopotential
d 1 i 0 : 3 -> 6 sign 1
d 1 i 1 : 4 -> 7 sign 1
347: Pseudopotential
181: Pseudopotential
294: Pseudopotential
d 1 i 0 : 3 -> 6 sign 1
d 1 i 1 : 4 -> 7 sign 1
229: Pseudopotential
d 1 i 0 : 3 -> 6 sign 1
d 1 i 1 : 4 -> 7 sign 1
475: Pseudopotential
401: Pseudopotential
115: Pseudopotential
8: Pseudopotential
378: Pseudopotential
137: Pseudopotential
d 1 i 0 : 3 -> 6 sign 1
d 1 i 1 : 4 -> 7 sign 1
252: Pseudopotential
d 1 i 0 : 3 -> 6 sign 1
d 1 i 1 : 4 -> 7 sign 1
403: Pseudopotential
120: Pseudopotential
d 1 i 0 : 3 -> 6 sign 1
d 1 i 1 : 4 -> 7 sign 1
d 1 i 0 : 3 -> 6 sign 1
d 1 i 1 : 4 -> 7 sign 1
d 1 i 0 : 3 -> 6 sign 1
d 1 i 1 : 4 -> 7 sign 1
305: Pseudopotential
d 1 i 0 : 3 -> 6 sign 1
d 1 i 1 : 4 -> 7 sign 1
482: Pseudopotential
d 1 i 0 : 3 -> 6 sign 1
d 1 i 1 : 4 -> 7 sign 1
122: Pseudopotential
d 1 i 0 : 3 -> 6 sign 1
d 1 i 1 : 4 -> 7 sign 1
d 1 i 0 : 3 -> 6 sign 1
d 1 i 1 : 4 -> 7 sign 1
307: Pseudopotential
d 1 i 0 : 3 -> 6 sign 1
d 1 i 1 : 4 -> 7 sign 1
d 1 i 0 : 3 -> 6 sign 1
d 1 i 1 : 4 -> 7 sign 1
0: Pseudopotential
d 1 i 0 : 3 -> 6 sign 1
d 1 i 1 : 4 -> 7 sign 1
d 1 i 0 : 3 -> 6 sign 1
d 1 i 1 : 4 -> 7 sign 1
313: Pseudopotential
d 1 i 0 : 3 -> 6 sign 1
d 1 i 1 : 4 -> 7 sign 1
480: Pseudopotential
d 1 i 0 : 3 -> 6 sign 1
d 1 i 1 : 4 -> 7 sign 1
d 1 i 0 : 3 -> 6 sign 1
d 1 i 1 : 4 -> 7 sign 1
123: Pseudopotential
9: Pseudopotential
349: Pseudopotential
146: Pseudopotential
d 1 i 0 : 3 -> 6 sign 1
d 1 i 1 : 4 -> 7 sign 1
d 1 i 0 : 3 -> 6 sign 1
d 1 i 1 : 4 -> 7 sign 1
d 1 i 0 : 3 -> 6 sign 1
d 1 i 1 : 4 -> 7 sign 1
d 1 i 0 : 3 -> 6 sign 1
d 1 i 1 : 4 -> 7 sign 1
d 1 i 0 : 3 -> 6 sign 1
d 1 i 1 : 4 -> 7 sign 1
11: Pseudopotential
351: Pseudopotential
154: Pseudopotential
317: Pseudopotential
231: Pseudopotential
d 1 i 0 : 3 -> 6 sign 1
d 1 i 1 : 4 -> 7 sign 1
508: Pseudopotential
415: Pseudopotential
d 1 i 0 : 3 -> 6 sign 1
d 1 i 1 : 4 -> 7 sign 1
74: Pseudopotential
d 1 i 0 : 3 -> 6 sign 1
d 1 i 1 : 4 -> 7 sign 1
322: Pseudopotential
160: Pseudopotential
319: Pseudopotential
250: Pseudopotential
458: Pseudopotential
d 1 i 0 : 3 -> 6 sign 1
d 1 i 1 : 4 -> 7 sign 1
81: Pseudopotential
13: Pseudopotential
d 1 i 0 : 3 -> 6 sign 1
d 1 i 1 : 4 -> 7 sign 1
d 1 i 0 : 3 -> 6 sign 1
d 1 i 1 : 4 -> 7 sign 1
d 1 i 0 : 3 -> 6 sign 1
d 1 i 1 : 4 -> 7 sign 1
d 1 i 0 : 3 -> 6 sign 1
d 1 i 1 : 4 -> 7 sign 1
d 1 i 0 : 3 -> 6 sign 1
d 1 i 1 : 4 -> 7 sign 1
d 1 i 0 : 3 -> 6 sign 1
d 1 i 1 : 4 -> 7 sign 1
394: Pseudopotential
d 1 i 0 : 3 -> 6 sign 1
d 1 i 1 : 4 -> 7 sign 1
113: Pseudopotential
d 1 i 0 : 3 -> 6 sign 1
d 1 i 1 : 4 -> 7 sign 1
330: Pseudopotential
186: Pseudopotential
d 1 i 0 : 3 -> 6 sign 1
d 1 i 1 : 4 -> 7 sign 1
226: Pseudopotential
d 1 i 0 : 3 -> 6 sign 1
d 1 i 1 : 4 -> 7 sign 1
404: Pseudopotential
d 1 i 0 : 3 -> 6 sign 1
d 1 i 1 : 4 -> 7 sign 1
d 1 i 0 : 3 -> 6 sign 1
d 1 i 1 : 4 -> 7 sign 1
346: Pseudopotential
d 1 i 0 : 3 -> 6 sign 1
d 1 i 1 : 4 -> 7 sign 1
d 1 i 0 : 3 -> 6 sign 1
d 1 i 1 : 4 -> 7 sign 1
d 1 i 0 : 3 -> 6 sign 1
d 1 i 1 : 4 -> 7 sign 1
507: Pseudopotential
406: Pseudopotential
d 1 i 0 : 3 -> 6 sign 1
d 1 i 1 : 4 -> 7 sign 1
d 1 i 0 : 3 -> 6 sign 1
d 1 i 1 : 4 -> 7 sign 1
d 1 i 0 : 3 -> 6 sign 1
d 1 i 1 : 4 -> 7 sign 1
d 1 i 0 : 3 -> 6 sign 1
d 1 i 1 : 4 -> 7 sign 1
298: Pseudopotential
d 1 i 0 : 3 -> 6 sign 1
d 1 i 1 : 4 -> 7 sign 1
d 1 i 0 : 3 -> 6 sign 1
d 1 i 1 : 4 -> 7 sign 1
409: Pseudopotential
d 1 i 0 : 3 -> 6 sign 1
d 1 i 1 : 4 -> 7 sign 1
16: Pseudopotential
d 1 i 0 : 3 -> 6 sign 1
d 1 i 1 : 4 -> 7 sign 1
170: Pseudopotential
d 1 i 0 : 3 -> 6 sign 1
d 1 i 1 : 4 -> 7 sign 1
234: Pseudopotential
470: Pseudopotential
411: Pseudopotential
65: Pseudopotential
20: Pseudopotential
326: Pseudopotential
d 1 i 0 : 3 -> 6 sign 1
d 1 i 1 : 4 -> 7 sign 1
314: Pseudopotential
242: Pseudopotential
d 1 i 0 : 3 -> 6 sign 1
d 1 i 1 : 4 -> 7 sign 1
d 1 i 0 : 3 -> 6 sign 1
d 1 i 1 : 4 -> 7 sign 1
413: Pseudopotential
d 1 i 0 : 3 -> 6 sign 1
d 1 i 1 : 4 -> 7 sign 1
68: Pseudopotential
22: Pseudopotential
338: Pseudopotential
162: Pseudopotential
d 1 i 0 : 3 -> 6 sign 1
d 1 i 1 : 4 -> 7 sign 1
316: Pseudopotential
d 1 i 0 : 3 -> 6 sign 1
d 1 i 1 : 4 -> 7 sign 1
253: Pseudopotential
d 1 i 0 : 3 -> 6 sign 1
d 1 i 1 : 4 -> 7 sign 1
484: Pseudopotential
419: Pseudopotential
d 1 i 0 : 3 -> 6 sign 1
d 1 i 1 : 4 -> 7 sign 1
71: Pseudopotential
d 1 i 0 : 3 -> 6 sign 1
d 1 i 1 : 4 -> 7 sign 1
344: Pseudopotential
165: Pseudopotential
257: Pseudopotential
232: Pseudopotential
d 1 i 0 : 3 -> 6 sign 1
d 1 i 1 : 4 -> 7 sign 1
d 1 i 0 : 3 -> 6 sign 1
d 1 i 1 : 4 -> 7 sign 1
420: Pseudopotential
84: Pseudopotential
d 1 i 0 : 3 -> 6 sign 1
d 1 i 1 : 4 -> 7 sign 1
29: Pseudopotential
d 1 i 0 : 3 -> 6 sign 1
d 1 i 1 : 4 -> 7 sign 1
166: Pseudopotential
259: Pseudopotential
d 1 i 0 : 3 -> 6 sign 1
d 1 i 1 : 4 -> 7 sign 1
504: Pseudopotential
d 1 i 0 : 3 -> 6 sign 1
d 1 i 1 : 4 -> 7 sign 1
421: Pseudopotential
d 1 i 0 : 3 -> 6 sign 1
d 1 i 1 : 4 -> 7 sign 1
d 1 i 0 : 3 -> 6 sign 1
d 1 i 1 : 4 -> 7 sign 1
19: Pseudopotential
362: Pseudopotential
d 1 i 0 : 3 -> 6 sign 1
d 1 i 1 : 4 -> 7 sign 1
279: Pseudopotential
248: Pseudopotential
462: Pseudopotential
d 1 i 0 : 3 -> 6 sign 1
d 1 i 1 : 4 -> 7 sign 1
423: Pseudopotential
86: Pseudopotential
25: Pseudopotential
d 1 i 0 : 3 -> 6 sign 1
d 1 i 1 : 4 -> 7 sign 1
161: Pseudopotential
300: Pseudopotential
d 1 i 0 : 3 -> 6 sign 1
d 1 i 1 : 4 -> 7 sign 1
d 1 i 0 : 3 -> 6 sign 1
d 1 i 1 : 4 -> 7 sign 1
d 1 i 0 : 3 -> 6 sign 1
d 1 i 1 : 4 -> 7 sign 1
417: Pseudopotential
d 1 i 0 : 3 -> 6 sign 1
d 1 i 1 : 4 -> 7 sign 1
d 1 i 0 : 3 -> 6 sign 1
d 1 i 1 : 4 -> 7 sign 1
d 1 i 0 : 3 -> 6 sign 1
d 1 i 1 : 4 -> 7 sign 1
d 1 i 0 : 3 -> 6 sign 1
d 1 i 1 : 4 -> 7 sign 1
d 1 i 0 : 3 -> 6 sign 1
d 1 i 1 : 4 -> 7 sign 1
d 1 i 0 : 3 -> 6 sign 1
d 1 i 1 : 4 -> 7 sign 1
d 1 i 0 : 3 -> 6 sign 1
d 1 i 1 : 4 -> 7 sign 1
476: Pseudopotential
85: Pseudopotential
d 1 i 0 : 3 -> 6 sign 1
d 1 i 1 : 4 -> 7 sign 1
28: Pseudopotential
d 1 i 0 : 3 -> 6 sign 1
d 1 i 1 : 4 -> 7 sign 1
175: Pseudopotential
d 1 i 0 : 3 -> 6 sign 1
d 1 i 1 : 4 -> 7 sign 1
224: Pseudopotential
478: Pseudopotential
d 1 i 0 : 3 -> 6 sign 1
d 1 i 1 : 4 -> 7 sign 1
87: Pseudopotential
d 1 i 0 : 3 -> 6 sign 1
d 1 i 1 : 4 -> 7 sign 1
324: Pseudopotential
d 1 i 0 : 3 -> 6 sign 1
d 1 i 1 : 4 -> 7 sign 1
309: Pseudopotential
238: Pseudopotential
d 1 i 0 : 3 -> 6 sign 1
d 1 i 1 : 4 -> 7 sign 1
486: Pseudopotential
425: Pseudopotential
102: Pseudopotential
50: Pseudopotential
356: Pseudopotential
169: Pseudopotential
d 1 i 0 : 3 -> 6 sign 1
d 1 i 1 : 4 -> 7 sign 1
d 1 i 0 : 3 -> 6 sign 1
d 1 i 1 : 4 -> 7 sign 1
d 1 i 0 : 3 -> 6 sign 1
d 1 i 1 : 4 -> 7 sign 1
d 1 i 0 : 3 -> 6 sign 1
d 1 i 1 : 4 -> 7 sign 1
d 1 i 0 : 3 -> 6 sign 1
d 1 i 1 : 4 -> 7 sign 1
d 1 i 0 : 3 -> 6 sign 1
d 1 i 1 : 4 -> 7 sign 1
d 1 i 0 : 3 -> 6 sign 1
d 1 i 1 : 4 -> 7 sign 1
364: Pseudopotential
d 1 i 0 : 3 -> 6 sign 1
d 1 i 1 : 4 -> 7 sign 1
295: Pseudopotential
246: Pseudopotential
498: Pseudopotential
d 1 i 0 : 3 -> 6 sign 1
d 1 i 1 : 4 -> 7 sign 1
398: Pseudopotential
124: Pseudopotential
d 1 i 0 : 3 -> 6 sign 1
d 1 i 1 : 4 -> 7 sign 1
372: Pseudopotential
d 1 i 0 : 3 -> 6 sign 1
d 1 i 1 : 4 -> 7 sign 1
d 1 i 0 : 3 -> 6 sign 1
d 1 i 1 : 4 -> 7 sign 1
d 1 i 0 : 3 -> 6 sign 1
d 1 i 1 : 4 -> 7 sign 1
d 1 i 0 : 3 -> 6 sign 1
d 1 i 1 : 4 -> 7 sign 1
d 1 i 0 : 3 -> 6 sign 1
d 1 i 1 : 4 -> 7 sign 1
d 1 i 0 : 3 -> 6 sign 1
d 1 i 1 : 4 -> 7 sign 1
30: Pseudopotential
d 1 i 0 : 3 -> 6 sign 1
d 1 i 1 : 4 -> 7 sign 1
374: Pseudopotential
172: Pseudopotential
263: Pseudopotential
d 1 i 0 : 3 -> 6 sign 1
d 1 i 1 : 4 -> 7 sign 1
467: Pseudopotential
d 1 i 0 : 3 -> 6 sign 1
d 1 i 1 : 4 -> 7 sign 1
77: Pseudopotential
d 1 i 0 : 3 -> 6 sign 1
d 1 i 1 : 4 -> 7 sign 1
17: Pseudopotential
382: Pseudopotential
153: Pseudopotential
302: Pseudopotential
d 1 i 0 : 3 -> 6 sign 1
d 1 i 1 : 4 -> 7 sign 1
d 1 i 0 : 3 -> 6 sign 1
d 1 i 1 : 4 -> 7 sign 1
393: Pseudopotential
d 1 i 0 : 3 -> 6 sign 1
d 1 i 1 : 4 -> 7 sign 1
21: Pseudopotential
323: Pseudopotential
d 1 i 0 : 3 -> 6 sign 1
d 1 i 1 : 4 -> 7 sign 1
d 1 i 0 : 3 -> 6 sign 1
d 1 i 1 : 4 -> 7 sign 1
236: Pseudopotential
487: Pseudopotential
d 1 i 0 : 3 -> 6 sign 1
d 1 i 1 : 4 -> 7 sign 1
399: Pseudopotential
d 1 i 0 : 3 -> 6 sign 1
d 1 i 1 : 4 -> 7 sign 1
23: Pseudopotential
d 1 i 0 : 3 -> 6 sign 1
d 1 i 1 : 4 -> 7 sign 1
d 1 i 0 : 3 -> 6 sign 1
d 1 i 1 : 4 -> 7 sign 1
d 1 i 0 : 3 -> 6 sign 1
d 1 i 1 : 4 -> 7 sign 1
d 1 i 0 : 3 -> 6 sign 1
d 1 i 1 : 4 -> 7 sign 1
d 1 i 0 : 3 -> 6 sign 1
d 1 i 1 : 4 -> 7 sign 1
489: Pseudopotential
d 1 i 0 : 3 -> 6 sign 1
d 1 i 1 : 4 -> 7 sign 1
121: Pseudopotential
d 1 i 0 : 3 -> 6 sign 1
d 1 i 1 : 4 -> 7 sign 1
42: Pseudopotential
d 1 i 0 : 3 -> 6 sign 1
d 1 i 1 : 4 -> 7 sign 1
d 1 i 0 : 3 -> 6 sign 1
d 1 i 1 : 4 -> 7 sign 1
297: Pseudopotential
245: Pseudopotential
d 1 i 0 : 3 -> 6 sign 1
d 1 i 1 : 4 -> 7 sign 1
500: Pseudopotential
d 1 i 0 : 3 -> 6 sign 1
d 1 i 1 : 4 -> 7 sign 1
78: Pseudopotential
d 1 i 0 : 3 -> 6 sign 1
d 1 i 1 : 4 -> 7 sign 1
d 1 i 0 : 3 -> 6 sign 1
d 1 i 1 : 4 -> 7 sign 1
155: Pseudopotential
310: Pseudopotential
247: Pseudopotential
460: Pseudopotential
408: Pseudopotential
d 1 i 0 : 3 -> 6 sign 1
d 1 i 1 : 4 -> 7 sign 1
34: Pseudopotential
355: Pseudopotential
149: Pseudopotential
d 1 i 0 : 3 -> 6 sign 1
d 1 i 1 : 4 -> 7 sign 1
207: Pseudopotential
d 1 i 0 : 3 -> 6 sign 1
d 1 i 1 : 4 -> 7 sign 1
479: Pseudopotential
d 1 i 0 : 3 -> 6 sign 1
d 1 i 1 : 4 -> 7 sign 1
414: Pseudopotential
d 1 i 0 : 3 -> 6 sign 1
d 1 i 1 : 4 -> 7 sign 1
d 1 i 0 : 3 -> 6 sign 1
d 1 i 1 : 4 -> 7 sign 1
18: Pseudopotential
d 1 i 0 : 3 -> 6 sign 1
d 1 i 1 : 4 -> 7 sign 1
151: Pseudopotential
d 1 i 0 : 3 -> 6 sign 1
d 1 i 1 : 4 -> 7 sign 1
d 1 i 0 : 3 -> 6 sign 1
d 1 i 1 : 4 -> 7 sign 1
485: Pseudopotential
416: Pseudopotential
d 1 i 0 : 3 -> 6 sign 1
d 1 i 1 : 4 -> 7 sign 1
26: Pseudopotential
366: Pseudopotential
d 1 i 0 : 3 -> 6 sign 1
d 1 i 1 : 4 -> 7 sign 1
d 1 i 0 : 3 -> 6 sign 1
d 1 i 1 : 4 -> 7 sign 1
d 1 i 0 : 3 -> 6 sign 1
d 1 i 1 : 4 -> 7 sign 1
d 1 i 0 : 3 -> 6 sign 1
d 1 i 1 : 4 -> 7 sign 1
d 1 i 0 : 3 -> 6 sign 1
d 1 i 1 : 4 -> 7 sign 1
427: Pseudopotential
d 1 i 0 : 3 -> 6 sign 1
d 1 i 1 : 4 -> 7 sign 1
d 1 i 0 : 3 -> 6 sign 1
d 1 i 1 : 4 -> 7 sign 1
380: Pseudopotential
d 1 i 0 : 3 -> 6 sign 1
d 1 i 1 : 4 -> 7 sign 1
258: Pseudopotential
d 1 i 0 : 3 -> 6 sign 1
d 1 i 1 : 4 -> 7 sign 1
d 1 i 0 : 3 -> 6 sign 1
d 1 i 1 : 4 -> 7 sign 1
510: Pseudopotential
d 1 i 0 : 3 -> 6 sign 1
d 1 i 1 : 4 -> 7 sign 1
431: Pseudopotential
89: Pseudopotential
d 1 i 0 : 3 -> 6 sign 1
d 1 i 1 : 4 -> 7 sign 1
41: Pseudopotential
d 1 i 0 : 3 -> 6 sign 1
d 1 i 1 : 4 -> 7 sign 1
d 1 i 0 : 3 -> 6 sign 1
d 1 i 1 : 4 -> 7 sign 1
270: Pseudopotential
d 1 i 0 : 3 -> 6 sign 1
d 1 i 1 : 4 -> 7 sign 1
497: Pseudopotential
405: Pseudopotential
91: Pseudopotential
27: Pseudopotential
d 1 i 0 : 3 -> 6 sign 1
d 1 i 1 : 4 -> 7 sign 1
d 1 i 0 : 3 -> 6 sign 1
d 1 i 1 : 4 -> 7 sign 1
d 1 i 0 : 3 -> 6 sign 1
d 1 i 1 : 4 -> 7 sign 1
d 1 i 0 : 3 -> 6 sign 1
d 1 i 1 : 4 -> 7 sign 1
407: Pseudopotential
111: Pseudopotential
d 1 i 0 : 3 -> 6 sign 1
d 1 i 1 : 4 -> 7 sign 1
35: Pseudopotential
d 1 i 0 : 3 -> 6 sign 1
d 1 i 1 : 4 -> 7 sign 1
332: Pseudopotential
145: Pseudopotential
290: Pseudopotential
d 1 i 0 : 3 -> 6 sign 1
d 1 i 1 : 4 -> 7 sign 1
d 1 i 0 : 3 -> 6 sign 1
d 1 i 1 : 4 -> 7 sign 1
424: Pseudopotential
d 1 i 0 : 3 -> 6 sign 1
d 1 i 1 : 4 -> 7 sign 1
88: Pseudopotential
d 1 i 0 : 3 -> 6 sign 1
d 1 i 1 : 4 -> 7 sign 1
45: Pseudopotential
d 1 i 0 : 3 -> 6 sign 1
d 1 i 1 : 4 -> 7 sign 1
333: Pseudopotential
d 1 i 0 : 3 -> 6 sign 1
d 1 i 1 : 4 -> 7 sign 1
d 1 i 0 : 3 -> 6 sign 1
d 1 i 1 : 4 -> 7 sign 1
251: Pseudopotential
d 1 i 0 : 3 -> 6 sign 1
d 1 i 1 : 4 -> 7 sign 1
457: Pseudopotential
d 1 i 0 : 3 -> 6 sign 1
d 1 i 1 : 4 -> 7 sign 1
442: Pseudopotential
d 1 i 0 : 3 -> 6 sign 1
d 1 i 1 : 4 -> 7 sign 1
d 1 i 0 : 3 -> 6 sign 1
d 1 i 1 : 4 -> 7 sign 1
361: Pseudopotential
178: Pseudopotential
d 1 i 0 : 3 -> 6 sign 1
d 1 i 1 : 4 -> 7 sign 1
d 1 i 0 : 3 -> 6 sign 1
d 1 i 1 : 4 -> 7 sign 1
d 1 i 0 : 3 -> 6 sign 1
d 1 i 1 : 4 -> 7 sign 1
464: Pseudopotential
d 1 i 0 : 3 -> 6 sign 1
d 1 i 1 : 4 -> 7 sign 1
395: Pseudopotential
d 1 i 0 : 3 -> 6 sign 1
d 1 i 1 : 4 -> 7 sign 1
d 1 i 0 : 3 -> 6 sign 1
d 1 i 1 : 4 -> 7 sign 1
d 1 i 0 : 3 -> 6 sign 1
d 1 i 1 : 4 -> 7 sign 1
132: Pseudopotential
d 1 i 0 : 3 -> 6 sign 1
d 1 i 1 : 4 -> 7 sign 1
235: Pseudopotential
d 1 i 0 : 3 -> 6 sign 1
d 1 i 1 : 4 -> 7 sign 1
471: Pseudopotential
d 1 i 0 : 3 -> 6 sign 1
d 1 i 1 : 4 -> 7 sign 1
d 1 i 0 : 3 -> 6 sign 1
d 1 i 1 : 4 -> 7 sign 1
d 1 i 0 : 3 -> 6 sign 1
d 1 i 1 : 4 -> 7 sign 1
47: Pseudopotential
329: Pseudopotential
138: Pseudopotential
308: Pseudopotential
241: Pseudopotential
511: Pseudopotential
434: Pseudopotential
76: Pseudopotential
d 1 i 0 : 3 -> 6 sign 1
d 1 i 1 : 4 -> 7 sign 1
31: Pseudopotential
331: Pseudopotential
d 1 i 0 : 3 -> 6 sign 1
d 1 i 1 : 4 -> 7 sign 1
140: Pseudopotential
d 1 i 0 : 3 -> 6 sign 1
d 1 i 1 : 4 -> 7 sign 1
200: Pseudopotential
d 1 i 0 : 3 -> 6 sign 1
d 1 i 1 : 4 -> 7 sign 1
468: Pseudopotential
d 1 i 0 : 3 -> 6 sign 1
d 1 i 1 : 4 -> 7 sign 1
392: Pseudopotential
79: Pseudopotential
37: Pseudopotential
d 1 i 0 : 3 -> 6 sign 1
d 1 i 1 : 4 -> 7 sign 1
342: Pseudopotential
d 1 i 0 : 3 -> 6 sign 1
d 1 i 1 : 4 -> 7 sign 1
144: Pseudopotential
d 1 i 0 : 3 -> 6 sign 1
d 1 i 1 : 4 -> 7 sign 1
240: Pseudopotential
d 1 i 0 : 3 -> 6 sign 1
d 1 i 1 : 4 -> 7 sign 1
d 1 i 0 : 3 -> 6 sign 1
d 1 i 1 : 4 -> 7 sign 1
d 1 i 0 : 3 -> 6 sign 1
d 1 i 1 : 4 -> 7 sign 1
82: Pseudopotential
d 1 i 0 : 3 -> 6 sign 1
d 1 i 1 : 4 -> 7 sign 1
39: Pseudopotential
328: Pseudopotential
d 1 i 0 : 3 -> 6 sign 1
d 1 i 1 : 4 -> 7 sign 1
152: Pseudopotential
280: Pseudopotential
243: Pseudopotential
d 1 i 0 : 3 -> 6 sign 1
d 1 i 1 : 4 -> 7 sign 1
d 1 i 0 : 3 -> 6 sign 1
d 1 i 1 : 4 -> 7 sign 1
435: Pseudopotential
119: Pseudopotential
d 1 i 0 : 3 -> 6 sign 1
d 1 i 1 : 4 -> 7 sign 1
43: Pseudopotential
d 1 i 0 : 3 -> 6 sign 1
d 1 i 1 : 4 -> 7 sign 1
157: Pseudopotential
286: Pseudopotential
d 1 i 0 : 3 -> 6 sign 1
d 1 i 1 : 4 -> 7 sign 1
496: Pseudopotential
d 1 i 0 : 3 -> 6 sign 1
d 1 i 1 : 4 -> 7 sign 1
436: Pseudopotential
d 1 i 0 : 3 -> 6 sign 1
d 1 i 1 : 4 -> 7 sign 1
83: Pseudopotential
44: Pseudopotential
d 1 i 0 : 3 -> 6 sign 1
d 1 i 1 : 4 -> 7 sign 1
d 1 i 0 : 3 -> 6 sign 1
d 1 i 1 : 4 -> 7 sign 1
312: Pseudopotential
481: Pseudopotential
433: Pseudopotential
d 1 i 0 : 3 -> 6 sign 1
d 1 i 1 : 4 -> 7 sign 1
d 1 i 0 : 3 -> 6 sign 1
d 1 i 1 : 4 -> 7 sign 1
36: Pseudopotential
357: Pseudopotential
d 1 i 0 : 3 -> 6 sign 1
d 1 i 1 : 4 -> 7 sign 1
188: Pseudopotential
d 1 i 0 : 3 -> 6 sign 1
d 1 i 1 : 4 -> 7 sign 1
260: Pseudopotential
203: Pseudopotential
d 1 i 0 : 3 -> 6 sign 1
d 1 i 1 : 4 -> 7 sign 1
d 1 i 0 : 3 -> 6 sign 1
d 1 i 1 : 4 -> 7 sign 1
d 1 i 0 : 3 -> 6 sign 1
d 1 i 1 : 4 -> 7 sign 1
92: Pseudopotential
d 1 i 0 : 3 -> 6 sign 1
d 1 i 1 : 4 -> 7 sign 1
38: Pseudopotential
359: Pseudopotential
d 1 i 0 : 3 -> 6 sign 1
d 1 i 1 : 4 -> 7 sign 1
273: Pseudopotential
d 1 i 0 : 3 -> 6 sign 1
d 1 i 1 : 4 -> 7 sign 1
d 1 i 0 : 3 -> 6 sign 1
d 1 i 1 : 4 -> 7 sign 1
d 1 i 0 : 3 -> 6 sign 1
d 1 i 1 : 4 -> 7 sign 1
100: Pseudopotential
d 1 i 0 : 3 -> 6 sign 1
d 1 i 1 : 4 -> 7 sign 1
46: Pseudopotential
d 1 i 0 : 3 -> 6 sign 1
d 1 i 1 : 4 -> 7 sign 1
d 1 i 0 : 3 -> 6 sign 1
d 1 i 1 : 4 -> 7 sign 1
190: Pseudopotential
d 1 i 0 : 3 -> 6 sign 1
d 1 i 1 : 4 -> 7 sign 1
244: Pseudopotential
461: Pseudopotential
d 1 i 0 : 3 -> 6 sign 1
d 1 i 1 : 4 -> 7 sign 1
387: Pseudopotential
d 1 i 0 : 3 -> 6 sign 1
d 1 i 1 : 4 -> 7 sign 1
d 1 i 0 : 3 -> 6 sign 1
d 1 i 1 : 4 -> 7 sign 1
52: Pseudopotential
d 1 i 0 : 3 -> 6 sign 1
d 1 i 1 : 4 -> 7 sign 1
375: Pseudopotential
150: Pseudopotential
d 1 i 0 : 3 -> 6 sign 1
d 1 i 1 : 4 -> 7 sign 1
d 1 i 0 : 3 -> 6 sign 1
d 1 i 1 : 4 -> 7 sign 1
d 1 i 0 : 3 -> 6 sign 1
d 1 i 1 : 4 -> 7 sign 1
477: Pseudopotential
437: Pseudopotential
d 1 i 0 : 3 -> 6 sign 1
d 1 i 1 : 4 -> 7 sign 1
d 1 i 0 : 3 -> 6 sign 1
d 1 i 1 : 4 -> 7 sign 1
54: Pseudopotential
d 1 i 0 : 3 -> 6 sign 1
d 1 i 1 : 4 -> 7 sign 1
d 1 i 0 : 3 -> 6 sign 1
d 1 i 1 : 4 -> 7 sign 1
156: Pseudopotential
d 1 i 0 : 3 -> 6 sign 1
d 1 i 1 : 4 -> 7 sign 1
204: Pseudopotential
d 1 i 0 : 3 -> 6 sign 1
d 1 i 1 : 4 -> 7 sign 1
483: Pseudopotential
d 1 i 0 : 3 -> 6 sign 1
d 1 i 1 : 4 -> 7 sign 1
439: Pseudopotential
101: Pseudopotential
d 1 i 0 : 3 -> 6 sign 1
d 1 i 1 : 4 -> 7 sign 1
55: Pseudopotential
341: Pseudopotential
d 1 i 0 : 3 -> 6 sign 1
d 1 i 1 : 4 -> 7 sign 1
179: Pseudopotential
d 1 i 0 : 3 -> 6 sign 1
d 1 i 1 : 4 -> 7 sign 1
d 1 i 0 : 3 -> 6 sign 1
d 1 i 1 : 4 -> 7 sign 1
206: Pseudopotential
502: Pseudopotential
386: Pseudopotential
d 1 i 0 : 3 -> 6 sign 1
d 1 i 1 : 4 -> 7 sign 1
126: Pseudopotential
d 1 i 0 : 3 -> 6 sign 1
d 1 i 1 : 4 -> 7 sign 1
24: Pseudopotential
d 1 i 0 : 3 -> 6 sign 1
d 1 i 1 : 4 -> 7 sign 1
d 1 i 0 : 3 -> 6 sign 1
d 1 i 1 : 4 -> 7 sign 1
268: Pseudopotential
201: Pseudopotential
d 1 i 0 : 3 -> 6 sign 1
d 1 i 1 : 4 -> 7 sign 1
493: Pseudopotential
d 1 i 0 : 3 -> 6 sign 1
d 1 i 1 : 4 -> 7 sign 1
d 1 i 0 : 3 -> 6 sign 1
d 1 i 1 : 4 -> 7 sign 1
127: Pseudopotential
d 1 i 0 : 3 -> 6 sign 1
d 1 i 1 : 4 -> 7 sign 1
32: Pseudopotential
379: Pseudopotential
189: Pseudopotential
d 1 i 0 : 3 -> 6 sign 1
d 1 i 1 : 4 -> 7 sign 1
278: Pseudopotential
d 1 i 0 : 3 -> 6 sign 1
d 1 i 1 : 4 -> 7 sign 1
d 1 i 0 : 3 -> 6 sign 1
d 1 i 1 : 4 -> 7 sign 1
440: Pseudopotential
73: Pseudopotential
d 1 i 0 : 3 -> 6 sign 1
d 1 i 1 : 4 -> 7 sign 1
40: Pseudopotential
d 1 i 0 : 3 -> 6 sign 1
d 1 i 1 : 4 -> 7 sign 1
335: Pseudopotential
d 1 i 0 : 3 -> 6 sign 1
d 1 i 1 : 4 -> 7 sign 1
281: Pseudopotential
d 1 i 0 : 3 -> 6 sign 1
d 1 i 1 : 4 -> 7 sign 1
495: Pseudopotential
d 1 i 0 : 3 -> 6 sign 1
d 1 i 1 : 4 -> 7 sign 1
446: Pseudopotential
d 1 i 0 : 3 -> 6 sign 1
d 1 i 1 : 4 -> 7 sign 1
103: Pseudopotential
d 1 i 0 : 3 -> 6 sign 1
d 1 i 1 : 4 -> 7 sign 1
51: Pseudopotential
d 1 i 0 : 3 -> 6 sign 1
d 1 i 1 : 4 -> 7 sign 1
353: Pseudopotential
185: Pseudopotential
284: Pseudopotential
d 1 i 0 : 3 -> 6 sign 1
d 1 i 1 : 4 -> 7 sign 1
205: Pseudopotential
d 1 i 0 : 3 -> 6 sign 1
d 1 i 1 : 4 -> 7 sign 1
d 1 i 0 : 3 -> 6 sign 1
d 1 i 1 : 4 -> 7 sign 1
d 1 i 0 : 3 -> 6 sign 1
d 1 i 1 : 4 -> 7 sign 1
108: Pseudopotential
d 1 i 0 : 3 -> 6 sign 1
d 1 i 1 : 4 -> 7 sign 1
53: Pseudopotential
d 1 i 0 : 3 -> 6 sign 1
d 1 i 1 : 4 -> 7 sign 1
368: Pseudopotential
d 1 i 0 : 3 -> 6 sign 1
d 1 i 1 : 4 -> 7 sign 1
187: Pseudopotential
262: Pseudopotential
237: Pseudopotential
d 1 i 0 : 3 -> 6 sign 1
d 1 i 1 : 4 -> 7 sign 1
432: Pseudopotential
d 1 i 0 : 3 -> 6 sign 1
d 1 i 1 : 4 -> 7 sign 1
117: Pseudopotential
d 1 i 0 : 3 -> 6 sign 1
d 1 i 1 : 4 -> 7 sign 1
56: Pseudopotential
d 1 i 0 : 3 -> 6 sign 1
d 1 i 1 : 4 -> 7 sign 1
373: Pseudopotential
d 1 i 0 : 3 -> 6 sign 1
d 1 i 1 : 4 -> 7 sign 1
191: Pseudopotential
d 1 i 0 : 3 -> 6 sign 1
d 1 i 1 : 4 -> 7 sign 1
276: Pseudopotential
239: Pseudopotential
d 1 i 0 : 3 -> 6 sign 1
d 1 i 1 : 4 -> 7 sign 1
455: Pseudopotential
d 1 i 0 : 3 -> 6 sign 1
d 1 i 1 : 4 -> 7 sign 1
d 1 i 0 : 3 -> 6 sign 1
d 1 i 1 : 4 -> 7 sign 1
d 1 i 0 : 3 -> 6 sign 1
d 1 i 1 : 4 -> 7 sign 1
58: Pseudopotential
376: Pseudopotential
130: Pseudopotential
d 1 i 0 : 3 -> 6 sign 1
d 1 i 1 : 4 -> 7 sign 1
d 1 i 0 : 3 -> 6 sign 1
d 1 i 1 : 4 -> 7 sign 1
451: Pseudopotential
441: Pseudopotential
95: Pseudopotential
d 1 i 0 : 3 -> 6 sign 1
d 1 i 1 : 4 -> 7 sign 1
62: Pseudopotential
d 1 i 0 : 3 -> 6 sign 1
d 1 i 1 : 4 -> 7 sign 1
377: Pseudopotential
d 1 i 0 : 3 -> 6 sign 1
d 1 i 1 : 4 -> 7 sign 1
171: Pseudopotential
318: Pseudopotential
233: Pseudopotential
453: Pseudopotential
d 1 i 0 : 3 -> 6 sign 1
d 1 i 1 : 4 -> 7 sign 1
443: Pseudopotential
d 1 i 0 : 3 -> 6 sign 1
d 1 i 1 : 4 -> 7 sign 1
d 1 i 0 : 3 -> 6 sign 1
d 1 i 1 : 4 -> 7 sign 1
2: Pseudopotential
d 1 i 0 : 3 -> 6 sign 1
d 1 i 1 : 4 -> 7 sign 1
d 1 i 0 : 3 -> 6 sign 1
d 1 i 1 : 4 -> 7 sign 1
174: Pseudopotential
d 1 i 0 : 3 -> 6 sign 1
d 1 i 1 : 4 -> 7 sign 1
d 1 i 0 : 3 -> 6 sign 1
d 1 i 1 : 4 -> 7 sign 1
d 1 i 0 : 3 -> 6 sign 1
d 1 i 1 : 4 -> 7 sign 1
d 1 i 0 : 3 -> 6 sign 1
d 1 i 1 : 4 -> 7 sign 1
d 1 i 0 : 3 -> 6 sign 1
d 1 i 1 : 4 -> 7 sign 1
d 1 i 0 : 3 -> 6 sign 1
d 1 i 1 : 4 -> 7 sign 1
3: Pseudopotential
d 1 i 0 : 3 -> 6 sign 1
d 1 i 1 : 4 -> 7 sign 1
327: Pseudopotential
d 1 i 0 : 3 -> 6 sign 1
d 1 i 1 : 4 -> 7 sign 1
182: Pseudopotential
d 1 i 0 : 3 -> 6 sign 1
d 1 i 1 : 4 -> 7 sign 1
254: Pseudopotential
d 1 i 0 : 3 -> 6 sign 1
d 1 i 1 : 4 -> 7 sign 1
447: Pseudopotential
d 1 i 0 : 3 -> 6 sign 1
d 1 i 1 : 4 -> 7 sign 1
70: Pseudopotential
d 1 i 0 : 3 -> 6 sign 1
d 1 i 1 : 4 -> 7 sign 1
4: Pseudopotential
d 1 i 0 : 3 -> 6 sign 1
d 1 i 1 : 4 -> 7 sign 1
363: Pseudopotential
d 1 i 0 : 3 -> 6 sign 1
d 1 i 1 : 4 -> 7 sign 1
131: Pseudopotential
d 1 i 0 : 3 -> 6 sign 1
d 1 i 1 : 4 -> 7 sign 1
d 1 i 0 : 3 -> 6 sign 1
d 1 i 1 : 4 -> 7 sign 1
d 1 i 0 : 3 -> 6 sign 1
d 1 i 1 : 4 -> 7 sign 1
d 1 i 0 : 3 -> 6 sign 1
d 1 i 1 : 4 -> 7 sign 1
445: Pseudopotential
69: Pseudopotential
d 1 i 0 : 3 -> 6 sign 1
d 1 i 1 : 4 -> 7 sign 1
5: Pseudopotential
d 1 i 0 : 3 -> 6 sign 1
d 1 i 1 : 4 -> 7 sign 1
369: Pseudopotential
d 1 i 0 : 3 -> 6 sign 1
d 1 i 1 : 4 -> 7 sign 1
301: Pseudopotential
d 1 i 0 : 3 -> 6 sign 1
d 1 i 1 : 4 -> 7 sign 1
d 1 i 0 : 3 -> 6 sign 1
d 1 i 1 : 4 -> 7 sign 1
d 1 i 0 : 3 -> 6 sign 1
d 1 i 1 : 4 -> 7 sign 1
105: Pseudopotential
d 1 i 0 : 3 -> 6 sign 1
d 1 i 1 : 4 -> 7 sign 1
6: Pseudopotential
d 1 i 0 : 3 -> 6 sign 1
d 1 i 1 : 4 -> 7 sign 1
383: Pseudopotential
d 1 i 0 : 3 -> 6 sign 1
d 1 i 1 : 4 -> 7 sign 1
180: Pseudopotential
303: Pseudopotential
d 1 i 0 : 3 -> 6 sign 1
d 1 i 1 : 4 -> 7 sign 1
488: Pseudopotential
d 1 i 0 : 3 -> 6 sign 1
d 1 i 1 : 4 -> 7 sign 1
d 1 i 0 : 3 -> 6 sign 1
d 1 i 1 : 4 -> 7 sign 1
d 1 i 0 : 3 -> 6 sign 1
d 1 i 1 : 4 -> 7 sign 1
57: Pseudopotential
325: Pseudopotential
d 1 i 0 : 3 -> 6 sign 1
d 1 i 1 : 4 -> 7 sign 1
184: Pseudopotential
304: Pseudopotential
d 1 i 0 : 3 -> 6 sign 1
d 1 i 1 : 4 -> 7 sign 1
221: Pseudopotential
448: Pseudopotential
444: Pseudopotential
80: Pseudopotential
d 1 i 0 : 3 -> 6 sign 1
d 1 i 1 : 4 -> 7 sign 1
59: Pseudopotential
d 1 i 0 : 3 -> 6 sign 1
d 1 i 1 : 4 -> 7 sign 1
367: Pseudopotential
d 1 i 0 : 3 -> 6 sign 1
d 1 i 1 : 4 -> 7 sign 1
134: Pseudopotential
d 1 i 0 : 3 -> 6 sign 1
d 1 i 1 : 4 -> 7 sign 1
315: Pseudopotential
d 1 i 0 : 3 -> 6 sign 1
d 1 i 1 : 4 -> 7 sign 1
452: Pseudopotential
d 1 i 0 : 3 -> 6 sign 1
d 1 i 1 : 4 -> 7 sign 1
384: Pseudopotential
d 1 i 0 : 3 -> 6 sign 1
d 1 i 1 : 4 -> 7 sign 1
d 1 i 0 : 3 -> 6 sign 1
d 1 i 1 : 4 -> 7 sign 1
60: Pseudopotential
d 1 i 0 : 3 -> 6 sign 1
d 1 i 1 : 4 -> 7 sign 1
d 1 i 0 : 3 -> 6 sign 1
d 1 i 1 : 4 -> 7 sign 1
d 1 i 0 : 3 -> 6 sign 1
d 1 i 1 : 4 -> 7 sign 1
d 1 i 0 : 3 -> 6 sign 1
d 1 i 1 : 4 -> 7 sign 1
195: Pseudopotential
d 1 i 0 : 3 -> 6 sign 1
d 1 i 1 : 4 -> 7 sign 1
d 1 i 0 : 3 -> 6 sign 1
d 1 i 1 : 4 -> 7 sign 1
d 1 i 0 : 3 -> 6 sign 1
d 1 i 1 : 4 -> 7 sign 1
d 1 i 0 : 3 -> 6 sign 1
d 1 i 1 : 4 -> 7 sign 1
61: Pseudopotential
d 1 i 0 : 3 -> 6 sign 1
d 1 i 1 : 4 -> 7 sign 1
d 1 i 0 : 3 -> 6 sign 1
d 1 i 1 : 4 -> 7 sign 1
159: Pseudopotential
d 1 i 0 : 3 -> 6 sign 1
d 1 i 1 : 4 -> 7 sign 1
d 1 i 0 : 3 -> 6 sign 1
d 1 i 1 : 4 -> 7 sign 1
501: Pseudopotential
438: Pseudopotential
d 1 i 0 : 3 -> 6 sign 1
d 1 i 1 : 4 -> 7 sign 1
d 1 i 0 : 3 -> 6 sign 1
d 1 i 1 : 4 -> 7 sign 1
63: Pseudopotential
339: Pseudopotential
d 1 i 0 : 3 -> 6 sign 1
d 1 i 1 : 4 -> 7 sign 1
168: Pseudopotential
d 1 i 0 : 3 -> 6 sign 1
d 1 i 1 : 4 -> 7 sign 1
212: Pseudopotential
d 1 i 0 : 3 -> 6 sign 1
d 1 i 1 : 4 -> 7 sign 1
d 1 i 0 : 3 -> 6 sign 1
d 1 i 1 : 4 -> 7 sign 1
389: Pseudopotential
118: Pseudopotential
d 1 i 0 : 3 -> 6 sign 1
d 1 i 1 : 4 -> 7 sign 1
343: Pseudopotential
176: Pseudopotential
287: Pseudopotential
d 1 i 0 : 3 -> 6 sign 1
d 1 i 1 : 4 -> 7 sign 1
216: Pseudopotential
494: Pseudopotential
d 1 i 0 : 3 -> 6 sign 1
d 1 i 1 : 4 -> 7 sign 1
66: Pseudopotential
14: Pseudopotential
d 1 i 0 : 3 -> 6 sign 1
d 1 i 1 : 4 -> 7 sign 1
320: Pseudopotential
d 1 i 0 : 3 -> 6 sign 1
d 1 i 1 : 4 -> 7 sign 1
133: Pseudopotential
269: Pseudopotential
218: Pseudopotential
d 1 i 0 : 3 -> 6 sign 1
d 1 i 1 : 4 -> 7 sign 1
391: Pseudopotential
d 1 i 0 : 3 -> 6 sign 1
d 1 i 1 : 4 -> 7 sign 1
d 1 i 0 : 3 -> 6 sign 1
d 1 i 1 : 4 -> 7 sign 1
d 1 i 0 : 3 -> 6 sign 1
d 1 i 1 : 4 -> 7 sign 1
d 1 i 0 : 3 -> 6 sign 1
d 1 i 1 : 4 -> 7 sign 1
135: Pseudopotential
271: Pseudopotential
220: Pseudopotential
454: Pseudopotential
d 1 i 0 : 3 -> 6 sign 1
d 1 i 1 : 4 -> 7 sign 1
388: Pseudopotential
d 1 i 0 : 3 -> 6 sign 1
d 1 i 1 : 4 -> 7 sign 1
110: Pseudopotential
12: Pseudopotential
371: Pseudopotential
d 1 i 0 : 3 -> 6 sign 1
d 1 i 1 : 4 -> 7 sign 1
142: Pseudopotential
d 1 i 0 : 3 -> 6 sign 1
d 1 i 1 : 4 -> 7 sign 1
222: Pseudopotential
d 1 i 0 : 3 -> 6 sign 1
d 1 i 1 : 4 -> 7 sign 1
459: Pseudopotential
d 1 i 0 : 3 -> 6 sign 1
d 1 i 1 : 4 -> 7 sign 1
d 1 i 0 : 3 -> 6 sign 1
d 1 i 1 : 4 -> 7 sign 1
148: Pseudopotential
d 1 i 0 : 3 -> 6 sign 1
d 1 i 1 : 4 -> 7 sign 1
d 1 i 0 : 3 -> 6 sign 1
d 1 i 1 : 4 -> 7 sign 1
192: Pseudopotential
d 1 i 0 : 3 -> 6 sign 1
d 1 i 1 : 4 -> 7 sign 1
390: Pseudopotential
d 1 i 0 : 3 -> 6 sign 1
d 1 i 1 : 4 -> 7 sign 1
107: Pseudopotential
352: Pseudopotential
d 1 i 0 : 3 -> 6 sign 1
d 1 i 1 : 4 -> 7 sign 1
163: Pseudopotential
265: Pseudopotential
d 1 i 0 : 3 -> 6 sign 1
d 1 i 1 : 4 -> 7 sign 1
194: Pseudopotential
d 1 i 0 : 3 -> 6 sign 1
d 1 i 1 : 4 -> 7 sign 1
d 1 i 0 : 3 -> 6 sign 1
d 1 i 1 : 4 -> 7 sign 1
109: Pseudopotential
d 1 i 0 : 3 -> 6 sign 1
d 1 i 1 : 4 -> 7 sign 1
d 1 i 0 : 3 -> 6 sign 1
d 1 i 1 : 4 -> 7 sign 1
183: Pseudopotential
d 1 i 0 : 3 -> 6 sign 1
d 1 i 1 : 4 -> 7 sign 1
196: Pseudopotential
450: Pseudopotential
429: Pseudopotential
d 1 i 0 : 3 -> 6 sign 1
d 1 i 1 : 4 -> 7 sign 1
358: Pseudopotential
d 1 i 0 : 3 -> 6 sign 1
d 1 i 1 : 4 -> 7 sign 1
128: Pseudopotential
d 1 i 0 : 3 -> 6 sign 1
d 1 i 1 : 4 -> 7 sign 1
d 1 i 0 : 3 -> 6 sign 1
d 1 i 1 : 4 -> 7 sign 1
456: Pseudopotential
d 1 i 0 : 3 -> 6 sign 1
d 1 i 1 : 4 -> 7 sign 1
116: Pseudopotential
d 1 i 0 : 3 -> 6 sign 1
d 1 i 1 : 4 -> 7 sign 1
d 1 i 0 : 3 -> 6 sign 1
d 1 i 1 : 4 -> 7 sign 1
136: Pseudopotential
d 1 i 0 : 3 -> 6 sign 1
d 1 i 1 : 4 -> 7 sign 1
d 1 i 0 : 3 -> 6 sign 1
d 1 i 1 : 4 -> 7 sign 1
198: Pseudopotential
492: Pseudopotential
430: Pseudopotential
72: Pseudopotential
d 1 i 0 : 3 -> 6 sign 1
d 1 i 1 : 4 -> 7 sign 1
360: Pseudopotential
d 1 i 0 : 3 -> 6 sign 1
d 1 i 1 : 4 -> 7 sign 1
139: Pseudopotential
293: Pseudopotential
d 1 i 0 : 3 -> 6 sign 1
d 1 i 1 : 4 -> 7 sign 1
199: Pseudopotential
d 1 i 0 : 3 -> 6 sign 1
d 1 i 1 : 4 -> 7 sign 1
d 1 i 0 : 3 -> 6 sign 1
d 1 i 1 : 4 -> 7 sign 1
d 1 i 0 : 3 -> 6 sign 1
d 1 i 1 : 4 -> 7 sign 1
99: Pseudopotential
365: Pseudopotential
d 1 i 0 : 3 -> 6 sign 1
d 1 i 1 : 4 -> 7 sign 1
141: Pseudopotential
311: Pseudopotential
d 1 i 0 : 3 -> 6 sign 1
d 1 i 1 : 4 -> 7 sign 1
209: Pseudopotential
472: Pseudopotential
400: Pseudopotential
d 1 i 0 : 3 -> 6 sign 1
d 1 i 1 : 4 -> 7 sign 1
104: Pseudopotential
d 1 i 0 : 3 -> 6 sign 1
d 1 i 1 : 4 -> 7 sign 1
d 1 i 0 : 3 -> 6 sign 1
d 1 i 1 : 4 -> 7 sign 1
143: Pseudopotential
d 1 i 0 : 3 -> 6 sign 1
d 1 i 1 : 4 -> 7 sign 1
d 1 i 0 : 3 -> 6 sign 1
d 1 i 1 : 4 -> 7 sign 1
211: Pseudopotential
d 1 i 0 : 3 -> 6 sign 1
d 1 i 1 : 4 -> 7 sign 1
d 1 i 0 : 3 -> 6 sign 1
d 1 i 1 : 4 -> 7 sign 1
112: Pseudopotential
381: Pseudopotential
d 1 i 0 : 3 -> 6 sign 1
d 1 i 1 : 4 -> 7 sign 1
275: Pseudopotential
d 1 i 0 : 3 -> 6 sign 1
d 1 i 1 : 4 -> 7 sign 1
213: Pseudopotential
469: Pseudopotential
428: Pseudopotential
d 1 i 0 : 3 -> 6 sign 1
d 1 i 1 : 4 -> 7 sign 1
d 1 i 0 : 3 -> 6 sign 1
d 1 i 1 : 4 -> 7 sign 1
147: Pseudopotential
289: Pseudopotential
d 1 i 0 : 3 -> 6 sign 1
d 1 i 1 : 4 -> 7 sign 1
215: Pseudopotential
d 1 i 0 : 3 -> 6 sign 1
d 1 i 1 : 4 -> 7 sign 1
64: Pseudopotential
336: Pseudopotential
d 1 i 0 : 3 -> 6 sign 1
d 1 i 1 : 4 -> 7 sign 1
d 1 i 0 : 3 -> 6 sign 1
d 1 i 1 : 4 -> 7 sign 1
261: Pseudopotential
d 1 i 0 : 3 -> 6 sign 1
d 1 i 1 : 4 -> 7 sign 1
217: Pseudopotential
505: Pseudopotential
d 1 i 0 : 3 -> 6 sign 1
d 1 i 1 : 4 -> 7 sign 1
d 1 i 0 : 3 -> 6 sign 1
d 1 i 1 : 4 -> 7 sign 1
340: Pseudopotential
267: Pseudopotential
d 1 i 0 : 3 -> 6 sign 1
d 1 i 1 : 4 -> 7 sign 1
219: Pseudopotential
d 1 i 0 : 3 -> 6 sign 1
d 1 i 1 : 4 -> 7 sign 1
d 1 i 0 : 3 -> 6 sign 1
d 1 i 1 : 4 -> 7 sign 1
177: Pseudopotential
d 1 i 0 : 3 -> 6 sign 1
d 1 i 1 : 4 -> 7 sign 1
285: Pseudopotential
d 1 i 0 : 3 -> 6 sign 1
d 1 i 1 : 4 -> 7 sign 1
223: Pseudopotential
463: Pseudopotential
97: Pseudopotential
d 1 i 0 : 3 -> 6 sign 1
d 1 i 1 : 4 -> 7 sign 1
d 1 i 0 : 3 -> 6 sign 1
d 1 i 1 : 4 -> 7 sign 1
299: Pseudopotential
197: Pseudopotential
96: Pseudopotential
337: Pseudopotential
d 1 i 0 : 3 -> 6 sign 1
d 1 i 1 : 4 -> 7 sign 1
283: Pseudopotential
d 1 i 0 : 3 -> 6 sign 1
d 1 i 1 : 4 -> 7 sign 1
208: Pseudopotential
d 1 i 0 : 3 -> 6 sign 1
d 1 i 1 : 4 -> 7 sign 1
d 1 i 0 : 3 -> 6 sign 1
d 1 i 1 : 4 -> 7 sign 1
288: Pseudopotential
d 1 i 0 : 3 -> 6 sign 1
d 1 i 1 : 4 -> 7 sign 1
210: Pseudopotential
94: Pseudopotential
d 1 i 0 : 3 -> 6 sign 1
d 1 i 1 : 4 -> 7 sign 1
291: Pseudopotential
d 1 i 0 : 3 -> 6 sign 1
d 1 i 1 : 4 -> 7 sign 1
d 1 i 0 : 3 -> 6 sign 1
d 1 i 1 : 4 -> 7 sign 1
d 1 i 0 : 3 -> 6 sign 1
d 1 i 1 : 4 -> 7 sign 1
256: Pseudopotential
214: Pseudopotential
93: Pseudopotential
d 1 i 0 : 3 -> 6 sign 1
d 1 i 1 : 4 -> 7 sign 1
264: Pseudopotential
d 1 i 0 : 3 -> 6 sign 1
d 1 i 1 : 4 -> 7 sign 1
d 1 i 0 : 3 -> 6 sign 1
d 1 i 1 : 4 -> 7 sign 1
67: Pseudopotential
d 1 i 0 : 3 -> 6 sign 1
d 1 i 1 : 4 -> 7 sign 1
272: Pseudopotential
d 1 i 0 : 3 -> 6 sign 1
d 1 i 1 : 4 -> 7 sign 1
266: Pseudopotential
277: Pseudopotential
Could not open I.df.config. Generating configurations from scratch
192: Timestep is 1.59531
64: Timestep is 1.59531
320: Timestep is 1.59531
128: Timestep is 1.59531
256: Timestep is 1.59531
193: Timestep is 1.59531
448: Timestep is 1.59531
384: Timestep is 1.59531
65: Timestep is 1.59531
321: Timestep is 1.59531
129: Timestep is 1.59531
257: Timestep is 1.59531
195: Timestep is 1.59531
449: Timestep is 1.59531
385: Timestep is 1.59531
66: Timestep is 1.59531
322: Timestep is 1.59531
130: Timestep is 1.59531
258: Timestep is 1.59531
196: Timestep is 1.59531
450: Timestep is 1.59531
386: Timestep is 1.59531
67: Timestep is 1.59531
323: Timestep is 1.59531
131: Timestep is 1.59531
259: Timestep is 1.59531
197: Timestep is 1.59531
451: Timestep is 1.59531
387: Timestep is 1.59531
68: Timestep is 1.59531
324: Timestep is 1.59531
132: Timestep is 1.59531
260: Timestep is 1.59531
198: Timestep is 1.59531
452: Timestep is 1.59531
388: Timestep is 1.59531
69: Timestep is 1.59531
0: Timestep is 1.59531
325: Timestep is 1.59531
133: Timestep is 1.59531
261: Timestep is 1.59531
199: Timestep is 1.59531
453: Timestep is 1.59531
389: Timestep is 1.59531
70: Timestep is 1.59531
2: Timestep is 1.59531
326: Timestep is 1.59531
134: Timestep is 1.59531
262: Timestep is 1.59531
200: Timestep is 1.59531
454: Timestep is 1.59531
390: Timestep is 1.59531
71: Timestep is 1.59531
8: Timestep is 1.59531
327: Timestep is 1.59531
135: Timestep is 1.59531
263: Timestep is 1.59531
201: Timestep is 1.59531
455: Timestep is 1.59531
391: Timestep is 1.59531
72: Timestep is 1.59531
10: Timestep is 1.59531
328: Timestep is 1.59531
136: Timestep is 1.59531
264: Timestep is 1.59531
202: Timestep is 1.59531
456: Timestep is 1.59531
392: Timestep is 1.59531
73: Timestep is 1.59531
16: Timestep is 1.59531
329: Timestep is 1.59531
137: Timestep is 1.59531
265: Timestep is 1.59531
203: Timestep is 1.59531
457: Timestep is 1.59531
393: Timestep is 1.59531
18: Timestep is 1.59531
330: Timestep is 1.59531
138: Timestep is 1.59531
266: Timestep is 1.59531
204: Timestep is 1.59531
458: Timestep is 1.59531
394: Timestep is 1.59531
74: Timestep is 1.59531
20: Timestep is 1.59531
331: Timestep is 1.59531
139: Timestep is 1.59531
267: Timestep is 1.59531
205: Timestep is 1.59531
459: Timestep is 1.59531
75: Timestep is 1.59531
332: Timestep is 1.59531
140: Timestep is 1.59531
268: Timestep is 1.59531
460: Timestep is 1.59531
395: Timestep is 1.59531
76: Timestep is 1.59531
22: Timestep is 1.59531
333: Timestep is 1.59531
141: Timestep is 1.59531
269: Timestep is 1.59531
206: Timestep is 1.59531
396: Timestep is 1.59531
77: Timestep is 1.59531
23: Timestep is 1.59531
334: Timestep is 1.59531
142: Timestep is 1.59531
270: Timestep is 1.59531
207: Timestep is 1.59531
461: Timestep is 1.59531
397: Timestep is 1.59531
78: Timestep is 1.59531
24: Timestep is 1.59531
335: Timestep is 1.59531
143: Timestep is 1.59531
271: Timestep is 1.59531
208: Timestep is 1.59531
462: Timestep is 1.59531
398: Timestep is 1.59531
79: Timestep is 1.59531
26: Timestep is 1.59531
336: Timestep is 1.59531
144: Timestep is 1.59531
272: Timestep is 1.59531
209: Timestep is 1.59531
463: Timestep is 1.59531
399: Timestep is 1.59531
80: Timestep is 1.59531
27: Timestep is 1.59531
337: Timestep is 1.59531
145: Timestep is 1.59531
273: Timestep is 1.59531
210: Timestep is 1.59531
464: Timestep is 1.59531
400: Timestep is 1.59531
81: Timestep is 1.59531
28: Timestep is 1.59531
338: Timestep is 1.59531
146: Timestep is 1.59531
274: Timestep is 1.59531
211: Timestep is 1.59531
465: Timestep is 1.59531
401: Timestep is 1.59531
82: Timestep is 1.59531
29: Timestep is 1.59531
340: Timestep is 1.59531
147: Timestep is 1.59531
275: Timestep is 1.59531
212: Timestep is 1.59531
466: Timestep is 1.59531
402: Timestep is 1.59531
83: Timestep is 1.59531
30: Timestep is 1.59531
341: Timestep is 1.59531
148: Timestep is 1.59531
276: Timestep is 1.59531
213: Timestep is 1.59531
467: Timestep is 1.59531
403: Timestep is 1.59531
84: Timestep is 1.59531
31: Timestep is 1.59531
342: Timestep is 1.59531
149: Timestep is 1.59531
278: Timestep is 1.59531
214: Timestep is 1.59531
468: Timestep is 1.59531
404: Timestep is 1.59531
85: Timestep is 1.59531
32: Timestep is 1.59531
343: Timestep is 1.59531
150: Timestep is 1.59531
279: Timestep is 1.59531
215: Timestep is 1.59531
469: Timestep is 1.59531
405: Timestep is 1.59531
86: Timestep is 1.59531
33: Timestep is 1.59531
344: Timestep is 1.59531
151: Timestep is 1.59531
280: Timestep is 1.59531
216: Timestep is 1.59531
470: Timestep is 1.59531
406: Timestep is 1.59531
34: Timestep is 1.59531
345: Timestep is 1.59531
152: Timestep is 1.59531
281: Timestep is 1.59531
217: Timestep is 1.59531
471: Timestep is 1.59531
407: Timestep is 1.59531
87: Timestep is 1.59531
35: Timestep is 1.59531
346: Timestep is 1.59531
153: Timestep is 1.59531
282: Timestep is 1.59531
218: Timestep is 1.59531
472: Timestep is 1.59531
408: Timestep is 1.59531
88: Timestep is 1.59531
36: Timestep is 1.59531
347: Timestep is 1.59531
154: Timestep is 1.59531
283: Timestep is 1.59531
219: Timestep is 1.59531
473: Timestep is 1.59531
409: Timestep is 1.59531
89: Timestep is 1.59531
38: Timestep is 1.59531
348: Timestep is 1.59531
155: Timestep is 1.59531
284: Timestep is 1.59531
220: Timestep is 1.59531
474: Timestep is 1.59531
410: Timestep is 1.59531
90: Timestep is 1.59531
39: Timestep is 1.59531
349: Timestep is 1.59531
156: Timestep is 1.59531
285: Timestep is 1.59531
221: Timestep is 1.59531
475: Timestep is 1.59531
91: Timestep is 1.59531
40: Timestep is 1.59531
350: Timestep is 1.59531
157: Timestep is 1.59531
286: Timestep is 1.59531
222: Timestep is 1.59531
476: Timestep is 1.59531
411: Timestep is 1.59531
92: Timestep is 1.59531
41: Timestep is 1.59531
351: Timestep is 1.59531
158: Timestep is 1.59531
287: Timestep is 1.59531
223: Timestep is 1.59531
477: Timestep is 1.59531
412: Timestep is 1.59531
93: Timestep is 1.59531
42: Timestep is 1.59531
352: Timestep is 1.59531
159: Timestep is 1.59531
288: Timestep is 1.59531
224: Timestep is 1.59531
478: Timestep is 1.59531
413: Timestep is 1.59531
94: Timestep is 1.59531
43: Timestep is 1.59531
353: Timestep is 1.59531
160: Timestep is 1.59531
289: Timestep is 1.59531
225: Timestep is 1.59531
414: Timestep is 1.59531
95: Timestep is 1.59531
44: Timestep is 1.59531
354: Timestep is 1.59531
161: Timestep is 1.59531
290: Timestep is 1.59531
226: Timestep is 1.59531
479: Timestep is 1.59531
415: Timestep is 1.59531
96: Timestep is 1.59531
45: Timestep is 1.59531
355: Timestep is 1.59531
162: Timestep is 1.59531
291: Timestep is 1.59531
227: Timestep is 1.59531
480: Timestep is 1.59531
416: Timestep is 1.59531
97: Timestep is 1.59531
46: Timestep is 1.59531
356: Timestep is 1.59531
163: Timestep is 1.59531
292: Timestep is 1.59531
228: Timestep is 1.59531
481: Timestep is 1.59531
417: Timestep is 1.59531
98: Timestep is 1.59531
47: Timestep is 1.59531
357: Timestep is 1.59531
164: Timestep is 1.59531
293: Timestep is 1.59531
229: Timestep is 1.59531
482: Timestep is 1.59531
418: Timestep is 1.59531
99: Timestep is 1.59531
48: Timestep is 1.59531
358: Timestep is 1.59531
165: Timestep is 1.59531
294: Timestep is 1.59531
230: Timestep is 1.59531
483: Timestep is 1.59531
419: Timestep is 1.59531
100: Timestep is 1.59531
49: Timestep is 1.59531
359: Timestep is 1.59531
166: Timestep is 1.59531
295: Timestep is 1.59531
231: Timestep is 1.59531
484: Timestep is 1.59531
420: Timestep is 1.59531
101: Timestep is 1.59531
50: Timestep is 1.59531
360: Timestep is 1.59531
167: Timestep is 1.59531
296: Timestep is 1.59531
232: Timestep is 1.59531
485: Timestep is 1.59531
421: Timestep is 1.59531
102: Timestep is 1.59531
51: Timestep is 1.59531
361: Timestep is 1.59531
168: Timestep is 1.59531
297: Timestep is 1.59531
233: Timestep is 1.59531
486: Timestep is 1.59531
422: Timestep is 1.59531
103: Timestep is 1.59531
52: Timestep is 1.59531
362: Timestep is 1.59531
169: Timestep is 1.59531
298: Timestep is 1.59531
235: Timestep is 1.59531
487: Timestep is 1.59531
423: Timestep is 1.59531
104: Timestep is 1.59531
53: Timestep is 1.59531
363: Timestep is 1.59531
170: Timestep is 1.59531
299: Timestep is 1.59531
236: Timestep is 1.59531
488: Timestep is 1.59531
424: Timestep is 1.59531
105: Timestep is 1.59531
54: Timestep is 1.59531
364: Timestep is 1.59531
171: Timestep is 1.59531
300: Timestep is 1.59531
237: Timestep is 1.59531
489: Timestep is 1.59531
425: Timestep is 1.59531
106: Timestep is 1.59531
55: Timestep is 1.59531
365: Timestep is 1.59531
172: Timestep is 1.59531
301: Timestep is 1.59531
238: Timestep is 1.59531
490: Timestep is 1.59531
426: Timestep is 1.59531
107: Timestep is 1.59531
56: Timestep is 1.59531
366: Timestep is 1.59531
173: Timestep is 1.59531
302: Timestep is 1.59531
239: Timestep is 1.59531
491: Timestep is 1.59531
427: Timestep is 1.59531
108: Timestep is 1.59531
57: Timestep is 1.59531
367: Timestep is 1.59531
174: Timestep is 1.59531
303: Timestep is 1.59531
240: Timestep is 1.59531
492: Timestep is 1.59531
428: Timestep is 1.59531
109: Timestep is 1.59531
58: Timestep is 1.59531
368: Timestep is 1.59531
175: Timestep is 1.59531
304: Timestep is 1.59531
241: Timestep is 1.59531
493: Timestep is 1.59531
429: Timestep is 1.59531
110: Timestep is 1.59531
59: Timestep is 1.59531
369: Timestep is 1.59531
176: Timestep is 1.59531
305: Timestep is 1.59531
242: Timestep is 1.59531
494: Timestep is 1.59531
431: Timestep is 1.59531
111: Timestep is 1.59531
60: Timestep is 1.59531
370: Timestep is 1.59531
177: Timestep is 1.59531
306: Timestep is 1.59531
243: Timestep is 1.59531
495: Timestep is 1.59531
432: Timestep is 1.59531
112: Timestep is 1.59531
61: Timestep is 1.59531
371: Timestep is 1.59531
178: Timestep is 1.59531
307: Timestep is 1.59531
244: Timestep is 1.59531
496: Timestep is 1.59531
433: Timestep is 1.59531
113: Timestep is 1.59531
62: Timestep is 1.59531
372: Timestep is 1.59531
180: Timestep is 1.59531
308: Timestep is 1.59531
245: Timestep is 1.59531
497: Timestep is 1.59531
434: Timestep is 1.59531
114: Timestep is 1.59531
63: Timestep is 1.59531
373: Timestep is 1.59531
181: Timestep is 1.59531
309: Timestep is 1.59531
246: Timestep is 1.59531
498: Timestep is 1.59531
435: Timestep is 1.59531
116: Timestep is 1.59531
1: Timestep is 1.59531
374: Timestep is 1.59531
182: Timestep is 1.59531
310: Timestep is 1.59531
247: Timestep is 1.59531
499: Timestep is 1.59531
436: Timestep is 1.59531
117: Timestep is 1.59531
3: Timestep is 1.59531
375: Timestep is 1.59531
183: Timestep is 1.59531
311: Timestep is 1.59531
248: Timestep is 1.59531
500: Timestep is 1.59531
437: Timestep is 1.59531
118: Timestep is 1.59531
4: Timestep is 1.59531
376: Timestep is 1.59531
184: Timestep is 1.59531
312: Timestep is 1.59531
249: Timestep is 1.59531
501: Timestep is 1.59531
438: Timestep is 1.59531
119: Timestep is 1.59531
5: Timestep is 1.59531
377: Timestep is 1.59531
185: Timestep is 1.59531
313: Timestep is 1.59531
250: Timestep is 1.59531
502: Timestep is 1.59531
439: Timestep is 1.59531
6: Timestep is 1.59531
378: Timestep is 1.59531
186: Timestep is 1.59531
314: Timestep is 1.59531
251: Timestep is 1.59531
503: Timestep is 1.59531
440: Timestep is 1.59531
120: Timestep is 1.59531
7: Timestep is 1.59531
379: Timestep is 1.59531
187: Timestep is 1.59531
315: Timestep is 1.59531
252: Timestep is 1.59531
504: Timestep is 1.59531
441: Timestep is 1.59531
121: Timestep is 1.59531
9: Timestep is 1.59531
380: Timestep is 1.59531
188: Timestep is 1.59531
316: Timestep is 1.59531
253: Timestep is 1.59531
505: Timestep is 1.59531
442: Timestep is 1.59531
122: Timestep is 1.59531
11: Timestep is 1.59531
381: Timestep is 1.59531
189: Timestep is 1.59531
317: Timestep is 1.59531
254: Timestep is 1.59531
506: Timestep is 1.59531
443: Timestep is 1.59531
123: Timestep is 1.59531
12: Timestep is 1.59531
382: Timestep is 1.59531
190: Timestep is 1.59531
318: Timestep is 1.59531
255: Timestep is 1.59531
507: Timestep is 1.59531
444: Timestep is 1.59531
124: Timestep is 1.59531
13: Timestep is 1.59531
383: Timestep is 1.59531
191: Timestep is 1.59531
319: Timestep is 1.59531
194: Timestep is 1.59531
508: Timestep is 1.59531
445: Timestep is 1.59531
125: Timestep is 1.59531
15: Timestep is 1.59531
509: Timestep is 1.59531
446: Timestep is 1.59531
126: Timestep is 1.59531
17: Timestep is 1.59531
510: Timestep is 1.59531
447: Timestep is 1.59531
127: Timestep is 1.59531
19: Timestep is 1.59531
21: Timestep is 1.59531
25: Timestep is 1.59531
37: Timestep is 1.59531
14: Timestep is 1.59531
511: Timestep is 1.59531
430: Timestep is 1.59531
339: Timestep is 1.59531
115: Timestep is 1.59531
179: Timestep is 1.59531
277: Timestep is 1.59531
234: Timestep is 1.59531
1: Write took 0 seconds
1: Write took 0 seconds
1: Write took 1 seconds
1: Write took 0 seconds
