#-------------------------------------------------
#DMC run: timestep 0.001
#-------------------------------------------------


init { 
   label spin_0.001
}
block { 
   label spin_0.001
   totweight 5120000
   nautocorr 0
   total_energy { -11.01154128159813   } 
   total_energyvar { 0.2245683745744027   } 
   weight { 0.9977892757240925   } 
   weightvar { 0.006228251967465724   } 
   kinetic_energy { 3.481550346088424   } 
   kinetic_energyvar { 4.778626504338375   } 
   potential_energy { -15.61334191207334   } 
   potential_energyvar { 4.423976404287298   } 
   nonlocal_energy { 1.120250284386783   } 
   nonlocal_energyvar { 6.433552679399145   } 
   autocorr_energy { } 
} 

block { 
   label spin_0.001
   totweight 5120000
   nautocorr 0
   total_energy { -11.01546929667524   } 
   total_energyvar { 0.2154339818988661   } 
   weight { 0.9981056006196067   } 
   weightvar { 0.02197508675528523   } 
   kinetic_energy { 3.459827785004239   } 
   kinetic_energyvar { 4.935113623405095   } 
   potential_energy { -15.63068919713028   } 
   potential_energyvar { 4.563978849674618   } 
   nonlocal_energy { 1.155392115450806   } 
   nonlocal_energyvar { 6.750272568554767   } 
   autocorr_energy { } 
} 

block { 
   label spin_0.001
   totweight 5120000
   nautocorr 0
   total_energy { -11.01678267950798   } 
   total_energyvar { 0.3296236441593751   } 
   weight { 0.9986631363980724   } 
   weightvar { 0.0372736340511954   } 
   kinetic_energy { 3.466178868450836   } 
   kinetic_energyvar { 4.783989584825019   } 
   potential_energy { -15.60433660054771   } 
   potential_energyvar { 4.441381894271009   } 
   nonlocal_energy { 1.121375052588893   } 
   nonlocal_energyvar { 6.499237229943859   } 
   autocorr_energy { } 
} 

block { 
   label spin_0.001
   totweight 5120000
   nautocorr 0
   total_energy { -11.01607718293223   } 
   total_energyvar { 0.2927939407198227   } 
   weight { 0.9976582281693278   } 
   weightvar { 0.04980833920835352   } 
   kinetic_energy { 3.501784470724416   } 
   kinetic_energyvar { 4.767715120655843   } 
   potential_energy { -15.64826394147321   } 
   potential_energyvar { 4.386826493073402   } 
   nonlocal_energy { 1.130402287816566   } 
   nonlocal_energyvar { 6.626310927617256   } 
   autocorr_energy { } 
} 

block { 
   label spin_0.001
   totweight 5120000
   nautocorr 0
   total_energy { -11.01650822336873   } 
   total_energyvar { 0.3241518763561632   } 
   weight { 0.9981610288161433   } 
   weightvar { 0.05957937781429309   } 
   kinetic_energy { 3.497292517146358   } 
   kinetic_energyvar { 4.856376711408084   } 
   potential_energy { -15.66866560301074   } 
   potential_energyvar { 4.460434355130299   } 
   nonlocal_energy { 1.154864862495652   } 
   nonlocal_energyvar { 6.638206935706791   } 
   autocorr_energy { } 
} 

block { 
   label spin_0.001
   totweight 5120000
   nautocorr 0
   total_energy { -11.01606627984697   } 
   total_energyvar { 0.204587545064294   } 
   weight { 0.9964214916782261   } 
   weightvar { 0.06683727124402633   } 
   kinetic_energy { 3.466095712976228   } 
   kinetic_energyvar { 4.915191495095788   } 
   potential_energy { -15.62311022072598   } 
   potential_energyvar { 4.452300101538937   } 
   nonlocal_energy { 1.140948227902778   } 
   nonlocal_energyvar { 6.637724300003931   } 
   autocorr_energy { } 
} 

block { 
   label spin_0.001
   totweight 5120000
   nautocorr 0
   total_energy { -11.01526897716599   } 
   total_energyvar { 0.1990540545036311   } 
   weight { 0.9961018896292346   } 
   weightvar { 0.07271579603045011   } 
   kinetic_energy { 3.480194228807811   } 
   kinetic_energyvar { 4.679907604168663   } 
   potential_energy { -15.606824310804   } 
   potential_energyvar { 4.365394281999164   } 
   nonlocal_energy { 1.111361104830193   } 
   nonlocal_energyvar { 6.481771378580234   } 
   autocorr_energy { } 
} 

block { 
   label spin_0.001
   totweight 5120000
   nautocorr 0
   total_energy { -11.013844164947   } 
   total_energyvar { 0.2177625988782323   } 
   weight { 0.9944549616571038   } 
   weightvar { 0.07450166047846624   } 
   kinetic_energy { 3.466673434795684   } 
   kinetic_energyvar { 4.818726814290703   } 
   potential_energy { -15.59928689930583   } 
   potential_energyvar { 4.439625603558183   } 
   nonlocal_energy { 1.118769299563142   } 
   nonlocal_energyvar { 6.623268821030507   } 
   autocorr_energy { } 
} 

block { 
   label spin_0.001
   totweight 5120000
   nautocorr 0
   total_energy { -11.01401656305571   } 
   total_energyvar { 0.1871856178021182   } 
   weight { 0.9951420898905401   } 
   weightvar { 0.07872949325933261   } 
   kinetic_energy { 3.489391399126151   } 
   kinetic_energyvar { 4.644780843096519   } 
   potential_energy { -15.60913928183507   } 
   potential_energyvar { 4.348115048272749   } 
   nonlocal_energy { 1.105731319653209   } 
   nonlocal_energyvar { 6.28913650139551   } 
   autocorr_energy { } 
} 

block { 
   label spin_0.001
   totweight 5120000
   nautocorr 0
   total_energy { -11.01523473752447   } 
   total_energyvar { 0.2094294134092809   } 
   weight { 0.9940740446083052   } 
   weightvar { 0.08156464762036879   } 
   kinetic_energy { 3.475810946746714   } 
   kinetic_energyvar { 4.896347336337477   } 
   potential_energy { -15.62325849967762   } 
   potential_energyvar { 4.388458471445114   } 
   nonlocal_energy { 1.132212815406441   } 
   nonlocal_energyvar { 6.613374016354798   } 
   autocorr_energy { } 
} 

block { 
   label spin_0.001
   totweight 5120000
   nautocorr 0
   total_energy { -11.01707867292001   } 
   total_energyvar { 0.1974481166975534   } 
   weight { 0.9958487328582168   } 
   weightvar { 0.08338521541098944   } 
   kinetic_energy { 3.496501571932038   } 
   kinetic_energyvar { 4.683873127428179   } 
   potential_energy { -15.64884198992057   } 
   potential_energyvar { 4.3287936628077   } 
   nonlocal_energy { 1.135261745068522   } 
   nonlocal_energyvar { 6.306132273945652   } 
   autocorr_energy { } 
} 

block { 
   label spin_0.001
   totweight 5120000
   nautocorr 0
   total_energy { -11.01958151480913   } 
   total_energyvar { 0.2512171495074055   } 
   weight { 0.9971252252391256   } 
   weightvar { 0.08546423119169064   } 
   kinetic_energy { 3.475836089301122   } 
   kinetic_energyvar { 4.925723599883099   } 
   potential_energy { -15.6351111379551   } 
   potential_energyvar { 4.421438347380408   } 
   nonlocal_energy { 1.139693533844847   } 
   nonlocal_energyvar { 6.674509857547781   } 
   autocorr_energy { } 
} 

block { 
   label spin_0.001
   totweight 5120000
   nautocorr 0
   total_energy { -11.01856979210154   } 
   total_energyvar { 0.2282697471790655   } 
   weight { 0.9987122742118437   } 
   weightvar { 0.08774559114453961   } 
   kinetic_energy { 3.477908103672712   } 
   kinetic_energyvar { 4.793241954092998   } 
   potential_energy { -15.63278478167679   } 
   potential_energyvar { 4.357204098325355   } 
   nonlocal_energy { 1.13630688590253   } 
   nonlocal_energyvar { 6.575960031179569   } 
   autocorr_energy { } 
} 

block { 
   label spin_0.001
   totweight 5120000
   nautocorr 0
   total_energy { -11.01704905676219   } 
   total_energyvar { 0.1751592389362567   } 
   weight { 0.9978450995490568   } 
   weightvar { 0.08950049160303336   } 
   kinetic_energy { 3.490165575083295   } 
   kinetic_energyvar { 4.524661778841138   } 
   potential_energy { -15.62995948271627   } 
   potential_energyvar { 4.349456393459973   } 
   nonlocal_energy { 1.12274485087078   } 
   nonlocal_energyvar { 6.273991543249322   } 
   autocorr_energy { } 
} 

block { 
   label spin_0.001
   totweight 5120000
   nautocorr 0
   total_energy { -11.01488901462636   } 
   total_energyvar { 0.2040978972086482   } 
   weight { 0.9960758674509689   } 
   weightvar { 0.0885974443167423   } 
   kinetic_energy { 3.471056203563684   } 
   kinetic_energyvar { 4.792396881343258   } 
   potential_energy { -15.61521606196013   } 
   potential_energyvar { 4.551273746705043   } 
   nonlocal_energy { 1.129270843770091   } 
   nonlocal_energyvar { 6.548431916364555   } 
   autocorr_energy { } 
} 

