#-------------------------------------------------
#VMC run: timestep 1.2 nconfig 10240 steps 20
#-------------------------------------------------


init { 
   label vmc
}
block { 
   label vmc
   totweight 204800
   nautocorr 0
   total_energy { -11.00445920264921   } 
   total_energyvar { 0.1961199602890681   } 
   weight { 1   } 
   weightvar { 0   } 
   kinetic_energy { 3.479253371366064   } 
   kinetic_energyvar { 4.713866031401335   } 
   potential_energy { -15.62714387129424   } 
   potential_energyvar { 4.408685322777615   } 
   nonlocal_energy { 1.143431297278975   } 
   nonlocal_energyvar { 6.553270241819481   } 
   autocorr_energy { } 
} 

block { 
   label vmc
   totweight 204800
   nautocorr 0
   total_energy { -11.00377695803303   } 
   total_energyvar { 0.7624637848429403   } 
   weight { 1   } 
   weightvar { 0   } 
   kinetic_energy { 3.475780630754639   } 
   kinetic_energyvar { 5.034736630968064   } 
   potential_energy { -15.63567583051602   } 
   potential_energyvar { 4.520026106429797   } 
   nonlocal_energy { 1.156118241728354   } 
   nonlocal_energyvar { 6.889636636808755   } 
   autocorr_energy { } 
} 

block { 
   label vmc
   totweight 204800
   nautocorr 0
   total_energy { -11.00674121906494   } 
   total_energyvar { 0.2982257550046394   } 
   weight { 1   } 
   weightvar { 0   } 
   kinetic_energy { 3.476507579656907   } 
   kinetic_energyvar { 4.813234555578698   } 
   potential_energy { -15.6204040566907   } 
   potential_energyvar { 4.454392726131564   } 
   nonlocal_energy { 1.137155257968845   } 
   nonlocal_energyvar { 6.544080632876286   } 
   autocorr_energy { } 
} 

block { 
   label vmc
   totweight 204800
   nautocorr 0
   total_energy { -11.00655274882205   } 
   total_energyvar { 0.3334897057006156   } 
   weight { 1   } 
   weightvar { 0   } 
   kinetic_energy { 3.471564926295354   } 
   kinetic_energyvar { 5.156532484722725   } 
   potential_energy { -15.63449239496767   } 
   potential_energyvar { 4.509829509198621   } 
   nonlocal_energy { 1.156374719850267   } 
   nonlocal_energyvar { 6.843738558282388   } 
   autocorr_energy { } 
} 

block { 
   label vmc
   totweight 204800
   nautocorr 0
   total_energy { -11.00744742248367   } 
   total_energyvar { 0.203063964542756   } 
   weight { 1   } 
   weightvar { 0   } 
   kinetic_energy { 3.481107285284478   } 
   kinetic_energyvar { 4.948453943991178   } 
   potential_energy { -15.64421202046738   } 
   potential_energyvar { 4.454017964384163   } 
   nonlocal_energy { 1.15565731269923   } 
   nonlocal_energyvar { 6.766963550528662   } 
   autocorr_energy { } 
} 

block { 
   label vmc
   totweight 204800
   nautocorr 0
   total_energy { -11.00699320211053   } 
   total_energyvar { 0.2197641337668328   } 
   weight { 1   } 
   weightvar { 0   } 
   kinetic_energy { 3.474182485237591   } 
   kinetic_energyvar { 5.07997849859654   } 
   potential_energy { -15.63856080424939   } 
   potential_energyvar { 4.446678761679019   } 
   nonlocal_energy { 1.157385116901262   } 
   nonlocal_energyvar { 6.812625955712855   } 
   autocorr_energy { } 
} 

block { 
   label vmc
   totweight 204800
   nautocorr 0
   total_energy { -11.00704829889121   } 
   total_energyvar { 0.2386797121073707   } 
   weight { 1   } 
   weightvar { 0   } 
   kinetic_energy { 3.470609100015511   } 
   kinetic_energyvar { 5.076851406465505   } 
   potential_energy { -15.62398328342783   } 
   potential_energyvar { 4.426397452651703   } 
   nonlocal_energy { 1.146325884521108   } 
   nonlocal_energyvar { 6.785014545047488   } 
   autocorr_energy { } 
} 

block { 
   label vmc
   totweight 204800
   nautocorr 0
   total_energy { -11.00110979004266   } 
   total_energyvar { 1.040653342209278   } 
   weight { 1   } 
   weightvar { 0   } 
   kinetic_energy { 3.488610290954261   } 
   kinetic_energyvar { 5.194064187321692   } 
   potential_energy { -15.63438537588097   } 
   potential_energyvar { 5.647904934884713   } 
   nonlocal_energy { 1.144665294884051   } 
   nonlocal_energyvar { 6.658161904373734   } 
   autocorr_energy { } 
} 

block { 
   label vmc
   totweight 204800
   nautocorr 0
   total_energy { -11.00544026550505   } 
   total_energyvar { 0.7027777154404548   } 
   weight { 1   } 
   weightvar { 0   } 
   kinetic_energy { 3.486335459207926   } 
   kinetic_energyvar { 4.900221192002393   } 
   potential_energy { -15.63389319403861   } 
   potential_energyvar { 4.486796780811898   } 
   nonlocal_energy { 1.142117469325631   } 
   nonlocal_energyvar { 6.712741610444707   } 
   autocorr_energy { } 
} 

block { 
   label vmc
   totweight 204800
   nautocorr 0
   total_energy { -11.00764599470319   } 
   total_energyvar { 1.157968154383204   } 
   weight { 1   } 
   weightvar { 0   } 
   kinetic_energy { 3.479282944555524   } 
   kinetic_energyvar { 5.806570897104027   } 
   potential_energy { -15.63842951696621   } 
   potential_energyvar { 4.454633633716208   } 
   nonlocal_energy { 1.15150057770749   } 
   nonlocal_energyvar { 6.571791450075303   } 
   autocorr_energy { } 
} 

block { 
   label vmc
   totweight 204800
   nautocorr 0
   total_energy { -11.00834542887802   } 
   total_energyvar { 0.2625779962771148   } 
   weight { 1   } 
   weightvar { 0   } 
   kinetic_energy { 3.47887922803973   } 
   kinetic_energyvar { 4.977071494507283   } 
   potential_energy { -15.62653092238132   } 
   potential_energyvar { 4.447025094213288   } 
   nonlocal_energy { 1.139306265463568   } 
   nonlocal_energyvar { 6.723940761654157   } 
   autocorr_energy { } 
} 

block { 
   label vmc
   totweight 204800
   nautocorr 0
   total_energy { -11.00521710930268   } 
   total_energyvar { 0.3386108389822876   } 
   weight { 1   } 
   weightvar { 0   } 
   kinetic_energy { 3.480880910297588   } 
   kinetic_energyvar { 4.842923057657975   } 
   potential_energy { -15.62860242958634   } 
   potential_energyvar { 4.414727215746416   } 
   nonlocal_energy { 1.142504409986067   } 
   nonlocal_energyvar { 6.654503796050203   } 
   autocorr_energy { } 
} 

block { 
   label vmc
   totweight 204800
   nautocorr 0
   total_energy { -11.00598827515761   } 
   total_energyvar { 0.66130072031345   } 
   weight { 1   } 
   weightvar { 0   } 
   kinetic_energy { 3.478804012670492   } 
   kinetic_energyvar { 5.101860971856964   } 
   potential_energy { -15.6409467156325   } 
   potential_energyvar { 4.494481116994302   } 
   nonlocal_energy { 1.15615442780439   } 
   nonlocal_energyvar { 6.83260839716986   } 
   autocorr_energy { } 
} 

block { 
   label vmc
   totweight 204800
   nautocorr 0
   total_energy { -11.00754634121142   } 
   total_energyvar { 0.1922020075225362   } 
   weight { 1   } 
   weightvar { 0   } 
   kinetic_energy { 3.48251039518754   } 
   kinetic_energyvar { 4.877430583515475   } 
   potential_energy { -15.63402517672136   } 
   potential_energyvar { 4.420023232695543   } 
   nonlocal_energy { 1.143968440322397   } 
   nonlocal_energyvar { 6.571128872613076   } 
   autocorr_energy { } 
} 

block { 
   label vmc
   totweight 204800
   nautocorr 0
   total_energy { -11.00848433131582   } 
   total_energyvar { 0.267791113136259   } 
   weight { 1   } 
   weightvar { 0   } 
   kinetic_energy { 3.468501786974107   } 
   kinetic_energyvar { 5.058903863776584   } 
   potential_energy { -15.62879871891705   } 
   potential_energyvar { 4.44738433010551   } 
   nonlocal_energy { 1.151812600627125   } 
   nonlocal_energyvar { 6.784072371831144   } 
   autocorr_energy { } 
} 

block { 
   label vmc
   totweight 204800
   nautocorr 0
   total_energy { -11.0055708095346   } 
   total_energyvar { 0.1762069040326203   } 
   weight { 1   } 
   weightvar { 0   } 
   kinetic_energy { 3.480992653963404   } 
   kinetic_energyvar { 4.694530502001149   } 
   potential_energy { -15.63165611580452   } 
   potential_energyvar { 4.422762895045873   } 
   nonlocal_energy { 1.145092652306513   } 
   nonlocal_energyvar { 6.546769095091241   } 
   autocorr_energy { } 
} 

block { 
   label vmc
   totweight 204800
   nautocorr 0
   total_energy { -11.0050691128719   } 
   total_energyvar { 0.277640903406215   } 
   weight { 1   } 
   weightvar { 0   } 
   kinetic_energy { 3.481006817342428   } 
   kinetic_energyvar { 4.746245288060681   } 
   potential_energy { -15.6270024721638   } 
   potential_energyvar { 4.42750546921627   } 
   nonlocal_energy { 1.140926541949474   } 
   nonlocal_energyvar { 6.626239123995795   } 
   autocorr_energy { } 
} 

block { 
   label vmc
   totweight 204800
   nautocorr 0
   total_energy { -11.00472708803374   } 
   total_energyvar { 0.2015330233293308   } 
   weight { 1   } 
   weightvar { 0   } 
   kinetic_energy { 3.48457738905198   } 
   kinetic_energyvar { 4.655593999875804   } 
   potential_energy { -15.63059549619823   } 
   potential_energyvar { 4.439311468341554   } 
   nonlocal_energy { 1.141291019112515   } 
   nonlocal_energyvar { 6.519906896034763   } 
   autocorr_energy { } 
} 

block { 
   label vmc
   totweight 204800
   nautocorr 0
   total_energy { -11.0060597342397   } 
   total_energyvar { 0.1902658808709478   } 
   weight { 1   } 
   weightvar { 0   } 
   kinetic_energy { 3.483976275929616   } 
   kinetic_energyvar { 4.766188060366335   } 
   potential_energy { -15.63294543214417   } 
   potential_energyvar { 4.447391769297658   } 
   nonlocal_energy { 1.142909421974855   } 
   nonlocal_energyvar { 6.522746532134589   } 
   autocorr_energy { } 
} 

block { 
   label vmc
   totweight 204800
   nautocorr 0
   total_energy { -11.0018397113292   } 
   total_energyvar { 1.260234416379236   } 
   weight { 1   } 
   weightvar { 0   } 
   kinetic_energy { 3.486331059360117   } 
   kinetic_energyvar { 5.357827281365961   } 
   potential_energy { -15.64279774815593   } 
   potential_energyvar { 4.519695940453349   } 
   nonlocal_energy { 1.154626977466608   } 
   nonlocal_energyvar { 7.079556450860001   } 
   autocorr_energy { } 
} 

