#-------------------------------------------------
#DMC run: timestep 0.001
#-------------------------------------------------


init { 
   label spin_0.001
}
block { 
   label spin_0.001
   totweight 4352000
   nautocorr 0
   total_energy { -10.17792121836491   } 
   total_energyvar { 0.2447167579369347   } 
   weight { 0.9716096496921587   } 
   weightvar { 0.008257441314305598   } 
   kinetic_energy { 2.782892461551005   } 
   kinetic_energyvar { 4.222383713205009   } 
   potential_energy { -14.29913753422273   } 
   potential_energyvar { 4.483215738323667   } 
   nonlocal_energy { 1.33832385430681   } 
   nonlocal_energyvar { 6.701263455659623   } 
   autocorr_energy { } 
} 

block { 
   label spin_0.001
   totweight 4352000
   nautocorr 0
   total_energy { -10.17902185903351   } 
   total_energyvar { 0.1607991148746069   } 
   weight { 0.9668139185256591   } 
   weightvar { 0.03513945399468313   } 
   kinetic_energy { 2.851051543656125   } 
   kinetic_energyvar { 3.941333661943144   } 
   potential_energy { -14.29076535910151   } 
   potential_energyvar { 4.516143596643031   } 
   nonlocal_energy { 1.260691956411877   } 
   nonlocal_energyvar { 5.947331726858123   } 
   autocorr_energy { } 
} 

block { 
   label spin_0.001
   totweight 4352000
   nautocorr 0
   total_energy { -10.17638425493737   } 
   total_energyvar { 0.1985315712799352   } 
   weight { 0.9847541510389729   } 
   weightvar { 0.06517743295549849   } 
   kinetic_energy { 2.915121879312648   } 
   kinetic_energyvar { 4.211003641760786   } 
   potential_energy { -14.38054135277364   } 
   potential_energyvar { 4.540613027739363   } 
   nonlocal_energy { 1.289035218523617   } 
   nonlocal_energyvar { 6.255943534495788   } 
   autocorr_energy { } 
} 

block { 
   label spin_0.001
   totweight 4352000
   nautocorr 0
   total_energy { -10.16935456829222   } 
   total_energyvar { 0.1936781419226059   } 
   weight { 0.9877636538124155   } 
   weightvar { 0.08327268250296446   } 
   kinetic_energy { 2.962632729726083   } 
   kinetic_energyvar { 4.099552152764295   } 
   potential_energy { -14.46397573977055   } 
   potential_energyvar { 4.656370075840472   } 
   nonlocal_energy { 1.331988441752242   } 
   nonlocal_energyvar { 6.421025422964178   } 
   autocorr_energy { } 
} 

block { 
   label spin_0.001
   totweight 4352000
   nautocorr 0
   total_energy { -10.17287830468447   } 
   total_energyvar { 0.1879326159246651   } 
   weight { 0.9890415296365692   } 
   weightvar { 0.09403600012186802   } 
   kinetic_energy { 2.997224602393206   } 
   kinetic_energyvar { 4.046507895462867   } 
   potential_energy { -14.48371252623775   } 
   potential_energyvar { 4.637942570796629   } 
   nonlocal_energy { 1.313609619160078   } 
   nonlocal_energyvar { 6.319365932169815   } 
   autocorr_energy { } 
} 

block { 
   label spin_0.001
   totweight 4352000
   nautocorr 0
   total_energy { -10.16763434917104   } 
   total_energyvar { 0.1651444818731156   } 
   weight { 0.9897285239997137   } 
   weightvar { 0.09765432860061736   } 
   kinetic_energy { 3.022326263936538   } 
   kinetic_energyvar { 3.98126011094936   } 
   potential_energy { -14.48738981466723   } 
   potential_energyvar { 4.542752539248047   } 
   nonlocal_energy { 1.297429201559648   } 
   nonlocal_energyvar { 5.929130459996041   } 
   autocorr_energy { } 
} 

block { 
   label spin_0.001
   totweight 4352000
   nautocorr 0
   total_energy { -10.16814675387993   } 
   total_energyvar { 0.1559973744768609   } 
   weight { 0.9902053276502971   } 
   weightvar { 0.09874922219063256   } 
   kinetic_energy { 2.988756847668958   } 
   kinetic_energyvar { 4.041448897221593   } 
   potential_energy { -14.46060734484747   } 
   potential_energyvar { 4.644775408748457   } 
   nonlocal_energy { 1.303703743298583   } 
   nonlocal_energyvar { 6.243917856637584   } 
   autocorr_energy { } 
} 

block { 
   label spin_0.001
   totweight 4352000
   nautocorr 0
   total_energy { -10.17294424208738   } 
   total_energyvar { 0.2402985173525447   } 
   weight { 0.9936169025412973   } 
   weightvar { 0.09971934343858438   } 
   kinetic_energy { 3.004210981557174   } 
   kinetic_energyvar { 4.05952355268441   } 
   potential_energy { -14.48633291970982   } 
   potential_energyvar { 4.656015224306762   } 
   nonlocal_energy { 1.309177696065269   } 
   nonlocal_energyvar { 6.148665101502003   } 
   autocorr_energy { } 
} 

block { 
   label spin_0.001
   totweight 4352000
   nautocorr 0
   total_energy { -10.17321855508714   } 
   total_energyvar { 0.2109757123955435   } 
   weight { 0.9960437175493609   } 
   weightvar { 0.0993301745214583   } 
   kinetic_energy { 2.973585861020902   } 
   kinetic_energyvar { 4.180646558526677   } 
   potential_energy { -14.46683509040647   } 
   potential_energyvar { 4.633456556923504   } 
   nonlocal_energy { 1.320030674298427   } 
   nonlocal_energyvar { 6.443675813507851   } 
   autocorr_energy { } 
} 

block { 
   label spin_0.001
   totweight 4352000
   nautocorr 0
   total_energy { -10.17427272481823   } 
   total_energyvar { 0.2687443211446609   } 
   weight { 0.9977727998173297   } 
   weightvar { 0.09906566802332649   } 
   kinetic_energy { 2.977133974408069   } 
   kinetic_energyvar { 4.36030827125262   } 
   potential_energy { -14.4834020435809   } 
   potential_energyvar { 4.557852158887339   } 
   nonlocal_energy { 1.331995344354603   } 
   nonlocal_energyvar { 6.795726839110226   } 
   autocorr_energy { } 
} 

block { 
   label spin_0.001
   totweight 4352000
   nautocorr 0
   total_energy { -10.1720117588261   } 
   total_energyvar { 0.1646876546593621   } 
   weight { 0.9970498522634635   } 
   weightvar { 0.1008414133605857   } 
   kinetic_energy { 2.980140183072447   } 
   kinetic_energyvar { 3.840354910916754   } 
   potential_energy { -14.46294042510418   } 
   potential_energyvar { 4.502566010971597   } 
   nonlocal_energy { 1.310788483205622   } 
   nonlocal_energyvar { 6.044333308426554   } 
   autocorr_energy { } 
} 

block { 
   label spin_0.001
   totweight 4352000
   nautocorr 0
   total_energy { -10.17410200056482   } 
   total_energyvar { 0.1559923270297536   } 
   weight { 0.9985281117804496   } 
   weightvar { 0.1018922222364286   } 
   kinetic_energy { 2.991212370209824   } 
   kinetic_energyvar { 3.935385447233475   } 
   potential_energy { -14.47656072980381   } 
   potential_energyvar { 4.527399361374342   } 
   nonlocal_energy { 1.311246359029167   } 
   nonlocal_energyvar { 6.125898695703926   } 
   autocorr_energy { } 
} 

block { 
   label spin_0.001
   totweight 4352000
   nautocorr 0
   total_energy { -10.17155467708051   } 
   total_energyvar { 0.2891767218269818   } 
   weight { 0.9963210182853791   } 
   weightvar { 0.101459041590138   } 
   kinetic_energy { 2.989656612764067   } 
   kinetic_energyvar { 4.198652105511706   } 
   potential_energy { -14.48800223890212   } 
   potential_energyvar { 4.651038342864974   } 
   nonlocal_energy { 1.326790949057541   } 
   nonlocal_energyvar { 6.268235197165017   } 
   autocorr_energy { } 
} 

block { 
   label spin_0.001
   totweight 4352000
   nautocorr 0
   total_energy { -10.17433341980722   } 
   total_energyvar { 0.1740850813624038   } 
   weight { 0.9973424778989003   } 
   weightvar { 0.09950481396721679   } 
   kinetic_energy { 2.998093900667288   } 
   kinetic_energyvar { 3.985355570038031   } 
   potential_energy { -14.48974115028377   } 
   potential_energyvar { 4.581944293598106   } 
   nonlocal_energy { 1.317313829809263   } 
   nonlocal_energyvar { 6.150372807197567   } 
   autocorr_energy { } 
} 

block { 
   label spin_0.001
   totweight 4352000
   nautocorr 0
   total_energy { -10.17618785395671   } 
   total_energyvar { 0.2003154146201137   } 
   weight { 0.998580192213337   } 
   weightvar { 0.1002881003918529   } 
   kinetic_energy { 2.995720550765042   } 
   kinetic_energyvar { 4.066276039061202   } 
   potential_energy { -14.49124507724977   } 
   potential_energyvar { 4.501036915485591   } 
   nonlocal_energy { 1.319336672528012   } 
   nonlocal_energyvar { 6.246280098929649   } 
   autocorr_energy { } 
} 

block { 
   label spin_0.001
   totweight 4352000
   nautocorr 0
   total_energy { -10.1726233499842   } 
   total_energyvar { 0.2388425849602149   } 
   weight { 0.9976738363753613   } 
   weightvar { 0.1028221601099041   } 
   kinetic_energy { 2.995698465289998   } 
   kinetic_energyvar { 3.981495640312688   } 
   potential_energy { -14.45470634004584   } 
   potential_energyvar { 4.50781750291201   } 
   nonlocal_energy { 1.286384524771643   } 
   nonlocal_energyvar { 6.104604478764847   } 
   autocorr_energy { } 
} 

block { 
   label spin_0.001
   totweight 4352000
   nautocorr 0
   total_energy { -10.17431863407409   } 
   total_energyvar { 0.2316277467488137   } 
   weight { 0.9965312129655112   } 
   weightvar { 0.1005972764469226   } 
   kinetic_energy { 2.99090275975761   } 
   kinetic_energyvar { 4.240207865036692   } 
   potential_energy { -14.49833761769506   } 
   potential_energyvar { 4.613939912811827   } 
   nonlocal_energy { 1.333116223863367   } 
   nonlocal_energyvar { 6.307973310903605   } 
   autocorr_energy { } 
} 

block { 
   label spin_0.001
   totweight 4352000
   nautocorr 0
   total_energy { -10.17490030535804   } 
   total_energyvar { 0.2031343171903819   } 
   weight { 0.9976637091560183   } 
   weightvar { 0.1019968340470291   } 
   kinetic_energy { 2.995164826102287   } 
   kinetic_energyvar { 4.076042042310068   } 
   potential_energy { -14.49406729273979   } 
   potential_energyvar { 4.603164165378651   } 
   nonlocal_energy { 1.324002161279469   } 
   nonlocal_energyvar { 6.396598438221922   } 
   autocorr_energy { } 
} 

block { 
   label spin_0.001
   totweight 4352000
   nautocorr 0
   total_energy { -10.17583431010849   } 
   total_energyvar { 0.2136280706123371   } 
   weight { 0.9974600098613583   } 
   weightvar { 0.1029783439233251   } 
   kinetic_energy { 2.997543498482115   } 
   kinetic_energyvar { 4.056619912400643   } 
   potential_energy { -14.47145619923532   } 
   potential_energyvar { 4.463907360005992   } 
   nonlocal_energy { 1.298078390644717   } 
   nonlocal_energyvar { 6.16600482532295   } 
   autocorr_energy { } 
} 

block { 
   label spin_0.001
   totweight 4352000
   nautocorr 0
   total_energy { -10.17455474560377   } 
   total_energyvar { 0.1688830360923863   } 
   weight { 0.9981531448781101   } 
   weightvar { 0.1016768195985857   } 
   kinetic_energy { 2.975159689062448   } 
   kinetic_energyvar { 4.014094251299646   } 
   potential_energy { -14.45538174930359   } 
   potential_energyvar { 4.571895112053194   } 
   nonlocal_energy { 1.305667314637367   } 
   nonlocal_energyvar { 6.181138534383679   } 
   autocorr_energy { } 
} 

block { 
   label spin_0.001
   totweight 4352000
   nautocorr 0
   total_energy { -10.17460143823212   } 
   total_energyvar { 0.2234314016842919   } 
   weight { 0.9970872156111464   } 
   weightvar { 0.1016142968321672   } 
   kinetic_energy { 2.981584388568586   } 
   kinetic_energyvar { 4.096370936687636   } 
   potential_energy { -14.47652881371953   } 
   potential_energyvar { 4.6257241040946   } 
   nonlocal_energy { 1.320342986918819   } 
   nonlocal_energyvar { 6.231163069678172   } 
   autocorr_energy { } 
} 

block { 
   label spin_0.001
   totweight 4352000
   nautocorr 0
   total_energy { -10.17406025507484   } 
   total_energyvar { 0.2184798788747014   } 
   weight { 0.9969044288539397   } 
   weightvar { 0.101179798184632   } 
   kinetic_energy { 3.023586949185625   } 
   kinetic_energyvar { 4.036014339453373   } 
   potential_energy { -14.53440302883557   } 
   potential_energyvar { 4.65163502349515   } 
   nonlocal_energy { 1.336755824575108   } 
   nonlocal_energyvar { 6.272094689143001   } 
   autocorr_energy { } 
} 

block { 
   label spin_0.001
   totweight 4352000
   nautocorr 0
   total_energy { -10.17362385064029   } 
   total_energyvar { 0.3793119091006432   } 
   weight { 0.9958565082807692   } 
   weightvar { 0.1002773351803564   } 
   kinetic_energy { 3.00822195260771   } 
   kinetic_energyvar { 4.50678762456915   } 
   potential_energy { -14.49824865584317   } 
   potential_energyvar { 4.659608837223806   } 
   nonlocal_energy { 1.316402852595165   } 
   nonlocal_energyvar { 6.472102045062335   } 
   autocorr_energy { } 
} 

block { 
   label spin_0.001
   totweight 4352000
   nautocorr 0
   total_energy { -10.17200154792927   } 
   total_energyvar { 0.3845021212376511   } 
   weight { 0.9956429849307815   } 
   weightvar { 0.1030548334833993   } 
   kinetic_energy { 3.015056219328088   } 
   kinetic_energyvar { 4.397854275859062   } 
   potential_energy { -14.541216797447   } 
   potential_energyvar { 4.70505125232684   } 
   nonlocal_energy { 1.35415903018965   } 
   nonlocal_energyvar { 6.792797724582109   } 
   autocorr_energy { } 
} 

block { 
   label spin_0.001
   totweight 4352000
   nautocorr 0
   total_energy { -10.17208616094483   } 
   total_energyvar { 0.1986090750282245   } 
   weight { 0.9935467591349941   } 
   weightvar { 0.1020962321758812   } 
   kinetic_energy { 3.02019410724635   } 
   kinetic_energyvar { 4.09125918279963   } 
   potential_energy { -14.53047168681711   } 
   potential_energyvar { 4.640067769198827   } 
   nonlocal_energy { 1.338191418625927   } 
   nonlocal_energyvar { 6.375555713410298   } 
   autocorr_energy { } 
} 

block { 
   label spin_0.001
   totweight 4352000
   nautocorr 0
   total_energy { -10.17764205293559   } 
   total_energyvar { 0.2336522170779421   } 
   weight { 0.9970965854441511   } 
   weightvar { 0.1005513906150062   } 
   kinetic_energy { 3.018303889490679   } 
   kinetic_energyvar { 4.153710718920498   } 
   potential_energy { -14.51853347458414   } 
   potential_energyvar { 4.55082418552971   } 
   nonlocal_energy { 1.322587532157868   } 
   nonlocal_energyvar { 6.388008439468079   } 
   autocorr_energy { } 
} 

block { 
   label spin_0.001
   totweight 4352000
   nautocorr 0
   total_energy { -10.17570959958861   } 
   total_energyvar { 0.2014051907051807   } 
   weight { 0.9976052778965029   } 
   weightvar { 0.09989689129395536   } 
   kinetic_energy { 2.978762957701284   } 
   kinetic_energyvar { 4.166647555155001   } 
   potential_energy { -14.50413738465799   } 
   potential_energyvar { 4.579202278346888   } 
   nonlocal_energy { 1.34966482736809   } 
   nonlocal_energyvar { 6.632082528254657   } 
   autocorr_energy { } 
} 

block { 
   label spin_0.001
   totweight 4352000
   nautocorr 0
   total_energy { -10.17351055362047   } 
   total_energyvar { 0.2795824925648461   } 
   weight { 0.9959745646269289   } 
   weightvar { 0.1004471220213583   } 
   kinetic_energy { 2.967936197486499   } 
   kinetic_energyvar { 4.368732445740275   } 
   potential_energy { -14.45878059528669   } 
   potential_energyvar { 4.574546090009361   } 
   nonlocal_energy { 1.317333844179715   } 
   nonlocal_energyvar { 6.501193225379794   } 
   autocorr_energy { } 
} 

block { 
   label spin_0.001
   totweight 4352000
   nautocorr 0
   total_energy { -10.17447463463375   } 
   total_energyvar { 0.2084124448434684   } 
   weight { 0.9965720379787971   } 
   weightvar { 0.1015925826993367   } 
   kinetic_energy { 2.98955285182066   } 
   kinetic_energyvar { 4.186390887765879   } 
   potential_energy { -14.48386124487232   } 
   potential_energyvar { 4.570365522381111   } 
   nonlocal_energy { 1.319833758417914   } 
   nonlocal_energyvar { 6.495306288647089   } 
   autocorr_energy { } 
} 

block { 
   label spin_0.001
   totweight 4352000
   nautocorr 0
   total_energy { -10.17389532267463   } 
   total_energyvar { 0.1685186197415779   } 
   weight { 0.995564960302538   } 
   weightvar { 0.1040801761809384   } 
   kinetic_energy { 3.001925409329325   } 
   kinetic_energyvar { 4.056984277866879   } 
   potential_energy { -14.49570252958042   } 
   potential_energyvar { 4.56252214677939   } 
   nonlocal_energy { 1.319881797576459   } 
   nonlocal_energyvar { 6.242648127288998   } 
   autocorr_energy { } 
} 

block { 
   label spin_0.001
   totweight 4352000
   nautocorr 0
   total_energy { -10.17197710877331   } 
   total_energyvar { 0.2017051371633986   } 
   weight { 0.9947102327989288   } 
   weightvar { 0.09992494287306698   } 
   kinetic_energy { 2.979876995606037   } 
   kinetic_energyvar { 4.012674515771235   } 
   potential_energy { -14.47950321445813   } 
   potential_energyvar { 4.577303599185086   } 
   nonlocal_energy { 1.327649110078781   } 
   nonlocal_energyvar { 6.236181188402618   } 
   autocorr_energy { } 
} 

block { 
   label spin_0.001
   totweight 4352000
   nautocorr 0
   total_energy { -10.17530713550667   } 
   total_energyvar { 0.2057406098987072   } 
   weight { 0.9952966729835359   } 
   weightvar { 0.1007719168342462   } 
   kinetic_energy { 3.000252631781966   } 
   kinetic_energyvar { 3.899257019864877   } 
   potential_energy { -14.49421722220935   } 
   potential_energyvar { 4.524068435087136   } 
   nonlocal_energy { 1.318657454920719   } 
   nonlocal_energyvar { 6.133161722294413   } 
   autocorr_energy { } 
} 

block { 
   label spin_0.001
   totweight 4352000
   nautocorr 0
   total_energy { -10.17681520024425   } 
   total_energyvar { 0.1744581215037589   } 
   weight { 0.9982011817548296   } 
   weightvar { 0.1010646591325317   } 
   kinetic_energy { 2.978140306149626   } 
   kinetic_energyvar { 4.181505201544701   } 
   potential_energy { -14.51042731349509   } 
   potential_energyvar { 4.546156982837344   } 
   nonlocal_energy { 1.355471807101206   } 
   nonlocal_energyvar { 6.337272693853916   } 
   autocorr_energy { } 
} 

block { 
   label spin_0.001
   totweight 4352000
   nautocorr 0
   total_energy { -10.17155669585932   } 
   total_energyvar { 0.1616734355597707   } 
   weight { 0.9963548268632906   } 
   weightvar { 0.1016579176096439   } 
   kinetic_energy { 2.985052201183247   } 
   kinetic_energyvar { 4.078080087334648   } 
   potential_energy { -14.48044638325401   } 
   potential_energyvar { 4.597929435148047   } 
   nonlocal_energy { 1.323837486211438   } 
   nonlocal_energyvar { 6.324762941991069   } 
   autocorr_energy { } 
} 

block { 
   label spin_0.001
   totweight 4352000
   nautocorr 0
   total_energy { -10.17123428367379   } 
   total_energyvar { 0.1820992169092207   } 
   weight { 0.9942874638959162   } 
   weightvar { 0.101339502411332   } 
   kinetic_energy { 3.004079047646478   } 
   kinetic_energyvar { 4.09973012088762   } 
   potential_energy { -14.50517279772328   } 
   potential_energyvar { 4.536462335025958   } 
   nonlocal_energy { 1.329859466403008   } 
   nonlocal_energyvar { 6.326195705262753   } 
   autocorr_energy { } 
} 

block { 
   label spin_0.001
   totweight 4352000
   nautocorr 0
   total_energy { -10.1807822492251   } 
   total_energyvar { 0.2005604871936443   } 
   weight { 0.9967821353665366   } 
   weightvar { 0.1018818882538549   } 
   kinetic_energy { 3.026229947501327   } 
   kinetic_energyvar { 4.119113088243754   } 
   potential_energy { -14.53867713667614   } 
   potential_energyvar { 4.50743766592629   } 
   nonlocal_energy { 1.331664939949719   } 
   nonlocal_energyvar { 6.233777567886461   } 
   autocorr_energy { } 
} 

block { 
   label spin_0.001
   totweight 4352000
   nautocorr 0
   total_energy { -10.17158277218274   } 
   total_energyvar { 0.2276268359385641   } 
   weight { 0.9966969253030455   } 
   weightvar { 0.1030512314869219   } 
   kinetic_energy { 2.995282182157677   } 
   kinetic_energyvar { 4.275299917145604   } 
   potential_energy { -14.50732438915063   } 
   potential_energyvar { 4.600333679259413   } 
   nonlocal_energy { 1.340459434810212   } 
   nonlocal_energyvar { 6.709963680690359   } 
   autocorr_energy { } 
} 

block { 
   label spin_0.001
   totweight 4352000
   nautocorr 0
   total_energy { -10.17060993779524   } 
   total_energyvar { 0.1987079328475464   } 
   weight { 0.9942009075869899   } 
   weightvar { 0.103589292374136   } 
   kinetic_energy { 3.012626722881175   } 
   kinetic_energyvar { 4.062188984136659   } 
   potential_energy { -14.49651611567299   } 
   potential_energyvar { 4.586499352343108   } 
   nonlocal_energy { 1.313279454996581   } 
   nonlocal_energyvar { 6.284748238604707   } 
   autocorr_energy { } 
} 

block { 
   label spin_0.001
   totweight 4352000
   nautocorr 0
   total_energy { -10.17076999231747   } 
   total_energyvar { 0.1984329664544218   } 
   weight { 0.9929133043668583   } 
   weightvar { 0.1023253136027201   } 
   kinetic_energy { 3.010729142200906   } 
   kinetic_energyvar { 4.054777771489817   } 
   potential_energy { -14.50197603073338   } 
   potential_energyvar { 4.623012044520805   } 
   nonlocal_energy { 1.320476896215008   } 
   nonlocal_energyvar { 6.212363670933866   } 
   autocorr_energy { } 
} 

block { 
   label spin_0.001
   totweight 4352000
   nautocorr 0
   total_energy { -10.17036537068962   } 
   total_energyvar { 0.190851304094649   } 
   weight { 0.9928485835149712   } 
   weightvar { 0.1018184287845731   } 
   kinetic_energy { 2.99822938133253   } 
   kinetic_energyvar { 4.129659807152195   } 
   potential_energy { -14.52012704699164   } 
   potential_energyvar { 4.549673600222366   } 
   nonlocal_energy { 1.351532294969493   } 
   nonlocal_energyvar { 6.502653055698069   } 
   autocorr_energy { } 
} 

block { 
   label spin_0.001
   totweight 4352000
   nautocorr 0
   total_energy { -10.17383298819299   } 
   total_energyvar { 0.2157421047547486   } 
   weight { 0.9937520649191737   } 
   weightvar { 0.1034955955877651   } 
   kinetic_energy { 2.975536083827376   } 
   kinetic_energyvar { 4.131501861192275   } 
   potential_energy { -14.48850748154585   } 
   potential_energyvar { 4.571210469074013   } 
   nonlocal_energy { 1.339138409525481   } 
   nonlocal_energyvar { 6.430541876526889   } 
   autocorr_energy { } 
} 

block { 
   label spin_0.001
   totweight 4352000
   nautocorr 0
   total_energy { -10.17649245377198   } 
   total_energyvar { 0.1582463749005079   } 
   weight { 0.9964912893064649   } 
   weightvar { 0.1015819629339717   } 
   kinetic_energy { 3.010657347935661   } 
   kinetic_energyvar { 3.915442848477379   } 
   potential_energy { -14.48240884482031   } 
   potential_energyvar { 4.543491940361264   } 
   nonlocal_energy { 1.295259043112673   } 
   nonlocal_energyvar { 5.994082683929001   } 
   autocorr_energy { } 
} 

block { 
   label spin_0.001
   totweight 4352000
   nautocorr 0
   total_energy { -10.180078926219   } 
   total_energyvar { 0.1594206064066804   } 
   weight { 0.9988688833955581   } 
   weightvar { 0.1020719803053549   } 
   kinetic_energy { 2.998522018610244   } 
   kinetic_energyvar { 4.056125792125897   } 
   potential_energy { -14.51099207873967   } 
   potential_energyvar { 4.568900455803556   } 
   nonlocal_energy { 1.332391133910427   } 
   nonlocal_energyvar { 6.311330407424546   } 
   autocorr_energy { } 
} 

block { 
   label spin_0.001
   totweight 4352000
   nautocorr 0
   total_energy { -10.17343314230056   } 
   total_energyvar { 0.2064511181219484   } 
   weight { 0.9987362343305688   } 
   weightvar { 0.09893975130852625   } 
   kinetic_energy { 2.982272684160386   } 
   kinetic_energyvar { 4.236826356252878   } 
   potential_energy { -14.48734033821561   } 
   potential_energyvar { 4.550046131861662   } 
   nonlocal_energy { 1.331634511754663   } 
   nonlocal_energyvar { 6.507906198804002   } 
   autocorr_energy { } 
} 

block { 
   label spin_0.001
   totweight 4352000
   nautocorr 0
   total_energy { -10.17211495980732   } 
   total_energyvar { 0.239308040108951   } 
   weight { 0.9958800437114769   } 
   weightvar { 0.09892889939614272   } 
   kinetic_energy { 2.976162124375417   } 
   kinetic_energyvar { 4.28303919838254   } 
   potential_energy { -14.51315717255593   } 
   potential_energyvar { 4.628046787868424   } 
   nonlocal_energy { 1.364880088373196   } 
   nonlocal_energyvar { 6.682433180480745   } 
   autocorr_energy { } 
} 

block { 
   label spin_0.001
   totweight 4352000
   nautocorr 0
   total_energy { -10.17580665065829   } 
   total_energyvar { 0.1909177952787914   } 
   weight { 0.9953357718527648   } 
   weightvar { 0.09938344353905189   } 
   kinetic_energy { 2.964068222710956   } 
   kinetic_energyvar { 4.263367140354034   } 
   potential_energy { -14.49046797121134   } 
   potential_energyvar { 4.711433877052015   } 
   nonlocal_energy { 1.350593097842096   } 
   nonlocal_energyvar { 6.66472679086268   } 
   autocorr_energy { } 
} 

block { 
   label spin_0.001
   totweight 4352000
   nautocorr 0
   total_energy { -10.17237853493319   } 
   total_energyvar { 0.2537874781184282   } 
   weight { 0.9951651226236244   } 
   weightvar { 0.1011340448170085   } 
   kinetic_energy { 2.968140747585765   } 
   kinetic_energyvar { 4.252364947551992   } 
   potential_energy { -14.47578979182663   } 
   potential_energyvar { 4.572428922097551   } 
   nonlocal_energy { 1.335270509307669   } 
   nonlocal_energyvar { 6.651873265275166   } 
   autocorr_energy { } 
} 

block { 
   label spin_0.001
   totweight 4352000
   nautocorr 0
   total_energy { -10.17437959440628   } 
   total_energyvar { 0.1887526033259896   } 
   weight { 0.9952786640719949   } 
   weightvar { 0.1007078044561764   } 
   kinetic_energy { 3.000464113750513   } 
   kinetic_energyvar { 4.110101765217446   } 
   potential_energy { -14.51426921142272   } 
   potential_energyvar { 4.644120568871754   } 
   nonlocal_energy { 1.33942550326593   } 
   nonlocal_energyvar { 6.402816389102592   } 
   autocorr_energy { } 
} 

block { 
   label spin_0.001
   totweight 4352000
   nautocorr 0
   total_energy { -10.17155178612061   } 
   total_energyvar { 0.2899167825635177   } 
   weight { 0.9946193598165739   } 
   weightvar { 0.09946683884395208   } 
   kinetic_energy { 2.996533494574662   } 
   kinetic_energyvar { 4.355329166971632   } 
   potential_energy { -14.51567649770814   } 
   potential_energyvar { 4.639851102930426   } 
   nonlocal_energy { 1.347591217012871   } 
   nonlocal_energyvar { 6.642134851238648   } 
   autocorr_energy { } 
} 

block { 
   label spin_0.001
   totweight 4352000
   nautocorr 0
   total_energy { -10.17190830579683   } 
   total_energyvar { 0.1850454643514668   } 
   weight { 0.9933845829031958   } 
   weightvar { 0.103121074481549   } 
   kinetic_energy { 2.998380188305941   } 
   kinetic_energyvar { 4.197268628713278   } 
   potential_energy { -14.5243584666899   } 
   potential_energyvar { 4.63613347964879   } 
   nonlocal_energy { 1.354069972587125   } 
   nonlocal_energyvar { 6.508266319857638   } 
   autocorr_energy { } 
} 

