#-------------------------------------------------
#VMC run: timestep 0.27 nconfig 4352 steps 30
#-------------------------------------------------


init { 
   label vmc
}
block { 
   label vmc
   totweight 130560
   nautocorr 0
   total_energy { -293.8268241870883   } 
   total_energyvar { 3.584947773506692   } 
   weight { 1   } 
   weightvar { 1.776356839400247e-15   } 
   kinetic_energy { 114.8351543557153   } 
   kinetic_energyvar { 362.7953391806529   } 
   potential_energy { -450.4398063218102   } 
   potential_energyvar { 806.4906488751354   } 
   nonlocal_energy { 41.77782777900656   } 
   nonlocal_energyvar { 668.1790256859979   } 
   autocorr_energy { } 
} 

block { 
   label vmc
   totweight 130560
   nautocorr 0
   total_energy { -293.8032245906871   } 
   total_energyvar { 3.651454190341672   } 
   weight { 1   } 
   weightvar { 1.776356839400247e-15   } 
   kinetic_energy { 114.5449049699932   } 
   kinetic_energyvar { 360.2241288126559   } 
   potential_energy { -450.2818404107692   } 
   potential_energyvar { 811.7476478661181   } 
   nonlocal_energy { 41.93371085008889   } 
   nonlocal_energyvar { 663.4353834860611   } 
   autocorr_energy { } 
} 

block { 
   label vmc
   totweight 130560
   nautocorr 0
   total_energy { -293.7976953886254   } 
   total_energyvar { 3.69070929850732   } 
   weight { 1   } 
   weightvar { 1.776356839400247e-15   } 
   kinetic_energy { 114.7688966172111   } 
   kinetic_energyvar { 354.9125358341003   } 
   potential_energy { -450.4377289364376   } 
   potential_energyvar { 819.0998905002973   } 
   nonlocal_energy { 41.871136930601   } 
   nonlocal_energyvar { 666.2155759865074   } 
   autocorr_energy { } 
} 

block { 
   label vmc
   totweight 130560
   nautocorr 0
   total_energy { -293.797773001798   } 
   total_energyvar { 3.670101698661885   } 
   weight { 1   } 
   weightvar { 1.776356839400247e-15   } 
   kinetic_energy { 114.7778158427027   } 
   kinetic_energyvar { 357.8964212304346   } 
   potential_energy { -450.3437521979956   } 
   potential_energyvar { 816.0053094445791   } 
   nonlocal_energy { 41.76816335349498   } 
   nonlocal_energyvar { 656.1985808204423   } 
   autocorr_energy { } 
} 

block { 
   label vmc
   totweight 130560
   nautocorr 0
   total_energy { -293.8133099022712   } 
   total_energyvar { 3.668714410275649   } 
   weight { 1   } 
   weightvar { 1.776356839400247e-15   } 
   kinetic_energy { 114.761517253708   } 
   kinetic_energyvar { 356.1687880766651   } 
   potential_energy { -450.5635437493586   } 
   potential_energyvar { 823.4959848441   } 
   nonlocal_energy { 41.98871659337953   } 
   nonlocal_energyvar { 670.4186115735125   } 
   autocorr_energy { } 
} 

block { 
   label vmc
   totweight 130560
   nautocorr 0
   total_energy { -293.7994151759881   } 
   total_energyvar { 3.632600913010865   } 
   weight { 1   } 
   weightvar { 1.776356839400247e-15   } 
   kinetic_energy { 114.7110640922932   } 
   kinetic_energyvar { 358.8300718781263   } 
   potential_energy { -450.4379864133141   } 
   potential_energyvar { 821.9977885957929   } 
   nonlocal_energy { 41.92750714503286   } 
   nonlocal_energyvar { 667.3562889916972   } 
   autocorr_energy { } 
} 

block { 
   label vmc
   totweight 130560
   nautocorr 0
   total_energy { -293.801791716964   } 
   total_energyvar { 3.662249074259162   } 
   weight { 1   } 
   weightvar { 1.776356839400247e-15   } 
   kinetic_energy { 114.6941998488712   } 
   kinetic_energyvar { 361.1704089369896   } 
   potential_energy { -450.2676232515826   } 
   potential_energyvar { 816.7465696733234   } 
   nonlocal_energy { 41.77163168574741   } 
   nonlocal_energyvar { 665.0032211603714   } 
   autocorr_energy { } 
} 

block { 
   label vmc
   totweight 130560
   nautocorr 0
   total_energy { -293.8046779051206   } 
   total_energyvar { 3.658462207418271   } 
   weight { 1   } 
   weightvar { 1.776356839400247e-15   } 
   kinetic_energy { 114.8541066867556   } 
   kinetic_energyvar { 354.4693301879684   } 
   potential_energy { -450.3820774755092   } 
   potential_energyvar { 819.5224587397161   } 
   nonlocal_energy { 41.72329288363304   } 
   nonlocal_energyvar { 658.2002322662009   } 
   autocorr_energy { } 
} 

block { 
   label vmc
   totweight 130560
   nautocorr 0
   total_energy { -293.7988955609978   } 
   total_energyvar { 3.923125699695073   } 
   weight { 1   } 
   weightvar { 1.776356839400247e-15   } 
   kinetic_energy { 114.7916770019202   } 
   kinetic_energyvar { 368.6948318558755   } 
   potential_energy { -450.4311690785997   } 
   potential_energyvar { 820.7859532738024   } 
   nonlocal_energy { 41.84059651568172   } 
   nonlocal_energyvar { 677.7457775225873   } 
   autocorr_energy { } 
} 

block { 
   label vmc
   totweight 130560
   nautocorr 0
   total_energy { -293.7969435911956   } 
   total_energyvar { 3.828927413785575   } 
   weight { 1   } 
   weightvar { 1.776356839400247e-15   } 
   kinetic_energy { 114.5502085310372   } 
   kinetic_energyvar { 360.1790276818475   } 
   potential_energy { -450.4469544560973   } 
   potential_energyvar { 817.9141676853739   } 
   nonlocal_energy { 42.0998023338644   } 
   nonlocal_energyvar { 677.049374235069   } 
   autocorr_energy { } 
} 

block { 
   label vmc
   totweight 130560
   nautocorr 0
   total_energy { -293.8017860321293   } 
   total_energyvar { 3.698104626630502   } 
   weight { 1   } 
   weightvar { 1.776356839400247e-15   } 
   kinetic_energy { 114.8156436008737   } 
   kinetic_energyvar { 362.4586210163292   } 
   potential_energy { -450.601541296619   } 
   potential_energyvar { 821.593265124085   } 
   nonlocal_energy { 41.9841116636159   } 
   nonlocal_energyvar { 671.7619007034292   } 
   autocorr_energy { } 
} 

block { 
   label vmc
   totweight 130560
   nautocorr 0
   total_energy { -293.8067739413539   } 
   total_energyvar { 3.698028775978183   } 
   weight { 1   } 
   weightvar { 1.776356839400247e-15   } 
   kinetic_energy { 114.8193185746159   } 
   kinetic_energyvar { 358.3319939520398   } 
   potential_energy { -450.5649981624488   } 
   potential_energyvar { 816.9099596324368   } 
   nonlocal_energy { 41.93890564647898   } 
   nonlocal_energyvar { 670.3692743479165   } 
   autocorr_energy { } 
} 

block { 
   label vmc
   totweight 130560
   nautocorr 0
   total_energy { -293.8104891200272   } 
   total_energyvar { 3.698894487367545   } 
   weight { 1   } 
   weightvar { 1.776356839400247e-15   } 
   kinetic_energy { 114.8888062537573   } 
   kinetic_energyvar { 361.5268573359536   } 
   potential_energy { -450.6115427255708   } 
   potential_energyvar { 813.8590725544436   } 
   nonlocal_energy { 41.91224735178626   } 
   nonlocal_energyvar { 667.0129206707486   } 
   autocorr_energy { } 
} 

block { 
   label vmc
   totweight 130560
   nautocorr 0
   total_energy { -293.8134546681165   } 
   total_energyvar { 3.669536276390835   } 
   weight { 1   } 
   weightvar { 1.776356839400247e-15   } 
   kinetic_energy { 114.697588596786   } 
   kinetic_energyvar { 361.5000543072101   } 
   potential_energy { -450.5069291615387   } 
   potential_energyvar { 819.9345467235364   } 
   nonlocal_energy { 41.99588589663619   } 
   nonlocal_energyvar { 673.1870665164981   } 
   autocorr_energy { } 
} 

block { 
   label vmc
   totweight 130560
   nautocorr 0
   total_energy { -293.8039426353263   } 
   total_energyvar { 4.362583592950302   } 
   weight { 1   } 
   weightvar { 1.776356839400247e-15   } 
   kinetic_energy { 114.8266189906535   } 
   kinetic_energyvar { 368.9026914996135   } 
   potential_energy { -450.5391945908734   } 
   potential_energyvar { 818.8903914014522   } 
   nonlocal_energy { 41.9086329648935   } 
   nonlocal_energyvar { 673.0092059617334   } 
   autocorr_energy { } 
} 

block { 
   label vmc
   totweight 130560
   nautocorr 0
   total_energy { -293.8110652372258   } 
   total_energyvar { 4.002936476743962   } 
   weight { 1   } 
   weightvar { 1.776356839400247e-15   } 
   kinetic_energy { 114.7714557061977   } 
   kinetic_energyvar { 358.6733807081999   } 
   potential_energy { -450.6342282803938   } 
   potential_energyvar { 823.1876911302909   } 
   nonlocal_energy { 42.05170733697034   } 
   nonlocal_energyvar { 670.0481615753332   } 
   autocorr_energy { } 
} 

block { 
   label vmc
   totweight 130560
   nautocorr 0
   total_energy { -293.8015698366451   } 
   total_energyvar { 4.377845919050448   } 
   weight { 1   } 
   weightvar { 1.776356839400247e-15   } 
   kinetic_energy { 114.7429476198899   } 
   kinetic_energyvar { 360.7693900293198   } 
   potential_energy { -450.523754129207   } 
   potential_energyvar { 822.942351288801   } 
   nonlocal_energy { 41.97923667267212   } 
   nonlocal_energyvar { 670.9737052667807   } 
   autocorr_energy { } 
} 

block { 
   label vmc
   totweight 130560
   nautocorr 0
   total_energy { -293.8017839156718   } 
   total_energyvar { 3.895296954091784   } 
   weight { 1   } 
   weightvar { 1.776356839400247e-15   } 
   kinetic_energy { 114.6919849851564   } 
   kinetic_energyvar { 357.6189139452389   } 
   potential_energy { -450.4030386831122   } 
   potential_energyvar { 813.1719706928609   } 
   nonlocal_energy { 41.90926978228409   } 
   nonlocal_energyvar { 665.6793509246763   } 
   autocorr_energy { } 
} 

block { 
   label vmc
   totweight 130560
   nautocorr 0
   total_energy { -293.8021265417341   } 
   total_energyvar { 3.716560328224114   } 
   weight { 1   } 
   weightvar { 1.776356839400247e-15   } 
   kinetic_energy { 114.901819197397   } 
   kinetic_energyvar { 358.2625881469346   } 
   potential_energy { -450.6755652608645   } 
   potential_energyvar { 816.0295650882008   } 
   nonlocal_energy { 41.97161952173344   } 
   nonlocal_energyvar { 662.9903009669308   } 
   autocorr_energy { } 
} 

block { 
   label vmc
   totweight 130560
   nautocorr 0
   total_energy { -293.7990040900963   } 
   total_energyvar { 3.842982063645545   } 
   weight { 1   } 
   weightvar { 1.776356839400247e-15   } 
   kinetic_energy { 114.8287543393518   } 
   kinetic_energyvar { 360.6967320122361   } 
   potential_energy { -450.5090429686659   } 
   potential_energyvar { 819.9669672135144   } 
   nonlocal_energy { 41.88128453921782   } 
   nonlocal_energyvar { 662.5463843283956   } 
   autocorr_energy { } 
} 

