#-------------------------------------------------
#DMC run: timestep 0.005
#-------------------------------------------------


init { 
   label spin_0.005
}
block { 
   label spin_0.005
   totweight 870400
   nautocorr 0
   total_energy { -135.6622676253598   } 
   total_energyvar { 1.729765742584616   } 
   weight { 1.011722830542757   } 
   weightvar { 0.03148290984985642   } 
   kinetic_energy { 45.58157374320409   } 
   kinetic_energyvar { 138.633145950497   } 
   potential_energy { -198.9737254906591   } 
   potential_energyvar { 266.3518007941024   } 
   nonlocal_energy { 17.72988412209519   } 
   nonlocal_energyvar { 272.2544864676181   } 
   autocorr_energy { } 
} 

block { 
   label spin_0.005
   totweight 870400
   nautocorr 0
   total_energy { -135.6356617623343   } 
   total_energyvar { 2.570558495371934   } 
   weight { 1.005322663763513   } 
   weightvar { 0.07917745779668932   } 
   kinetic_energy { 46.41971313648221   } 
   kinetic_energyvar { 137.7824991185719   } 
   potential_energy { -199.9834536493187   } 
   potential_energyvar { 263.0336055954709   } 
   nonlocal_energy { 17.92807875050215   } 
   nonlocal_energyvar { 275.2490930737317   } 
   autocorr_energy { } 
} 

block { 
   label spin_0.005
   totweight 870400
   nautocorr 0
   total_energy { -135.6289583092157   } 
   total_energyvar { 2.260593726466672   } 
   weight { 0.9853579365439795   } 
   weightvar { 0.09188275285197575   } 
   kinetic_energy { 46.44555625251647   } 
   kinetic_energyvar { 135.6482723199141   } 
   potential_energy { -199.8718333277892   } 
   potential_energyvar { 262.9843461821513   } 
   nonlocal_energy { 17.79731876605707   } 
   nonlocal_energyvar { 270.5213431877286   } 
   autocorr_energy { } 
} 

block { 
   label spin_0.005
   totweight 870400
   nautocorr 0
   total_energy { -135.6201954430401   } 
   total_energyvar { 2.193389528786597   } 
   weight { 0.9817536333877102   } 
   weightvar { 0.09571467384236237   } 
   kinetic_energy { 46.40178901900593   } 
   kinetic_energyvar { 139.1667510041559   } 
   potential_energy { -199.8815699479228   } 
   potential_energyvar { 266.3750950890999   } 
   nonlocal_energy { 17.85958548587671   } 
   nonlocal_energyvar { 279.8930368841197   } 
   autocorr_energy { } 
} 

block { 
   label spin_0.005
   totweight 870400
   nautocorr 0
   total_energy { -135.6186381714758   } 
   total_energyvar { 1.960568496048316   } 
   weight { 0.9778315227511891   } 
   weightvar { 0.09892000856601139   } 
   kinetic_energy { 46.55441269909793   } 
   kinetic_energyvar { 136.7455918481702   } 
   potential_energy { -200.0039828629052   } 
   potential_energyvar { 269.5452089913206   } 
   nonlocal_energy { 17.83093199233149   } 
   nonlocal_energyvar { 270.8722501490504   } 
   autocorr_energy { } 
} 

block { 
   label spin_0.005
   totweight 870400
   nautocorr 0
   total_energy { -135.6274217807354   } 
   total_energyvar { 2.173419541903518   } 
   weight { 0.9862600779209224   } 
   weightvar { 0.09823972663326208   } 
   kinetic_energy { 46.57379903582795   } 
   kinetic_energyvar { 135.6932413295674   } 
   potential_energy { -200.1122142925983   } 
   potential_energyvar { 267.3520171613039   } 
   nonlocal_energy { 17.91099347603498   } 
   nonlocal_energyvar { 273.7741878871784   } 
   autocorr_energy { } 
} 

block { 
   label spin_0.005
   totweight 870400
   nautocorr 0
   total_energy { -135.6166373189588   } 
   total_energyvar { 2.209944518582773   } 
   weight { 0.9878199783766877   } 
   weightvar { 0.09797826574671538   } 
   kinetic_energy { 46.54118449141864   } 
   kinetic_energyvar { 137.8837368253352   } 
   potential_energy { -199.9055683633659   } 
   potential_energyvar { 264.4477702775013   } 
   nonlocal_energy { 17.74774655298845   } 
   nonlocal_energyvar { 268.7061307639577   } 
   autocorr_energy { } 
} 

block { 
   label spin_0.005
   totweight 870400
   nautocorr 0
   total_energy { -135.622038114792   } 
   total_energyvar { 2.355875388352097   } 
   weight { 0.9923040417823361   } 
   weightvar { 0.09920345269542785   } 
   kinetic_energy { 46.47254529860474   } 
   kinetic_energyvar { 136.8048393894298   } 
   potential_energy { -199.9093479626138   } 
   potential_energyvar { 262.9721780564471   } 
   nonlocal_energy { 17.81476454921706   } 
   nonlocal_energyvar { 275.0290712511765   } 
   autocorr_energy { } 
} 

block { 
   label spin_0.005
   totweight 870400
   nautocorr 0
   total_energy { -135.6267716948476   } 
   total_energyvar { 2.030245637137613   } 
   weight { 0.998207467268836   } 
   weightvar { 0.09606980911176334   } 
   kinetic_energy { 46.64400093377606   } 
   kinetic_energyvar { 136.9944963344202   } 
   potential_energy { -200.1099115978486   } 
   potential_energyvar { 264.9724252148454   } 
   nonlocal_energy { 17.83913896922491   } 
   nonlocal_energyvar { 272.4439882588866   } 
   autocorr_energy { } 
} 

block { 
   label spin_0.005
   totweight 870400
   nautocorr 0
   total_energy { -135.6252278185738   } 
   total_energyvar { 2.401627762940271   } 
   weight { 1.000971811139737   } 
   weightvar { 0.09655589277338499   } 
   kinetic_energy { 46.72983299094802   } 
   kinetic_energyvar { 136.2500694287056   } 
   potential_energy { -200.2713867807288   } 
   potential_energyvar { 264.5796629832009   } 
   nonlocal_energy { 17.91632597120699   } 
   nonlocal_energyvar { 273.5914677796958   } 
   autocorr_energy { } 
} 

block { 
   label spin_0.005
   totweight 870400
   nautocorr 0
   total_energy { -135.6235215903743   } 
   total_energyvar { 2.065742924490189   } 
   weight { 1.00030412528542   } 
   weightvar { 0.09770946822981987   } 
   kinetic_energy { 46.69182185258479   } 
   kinetic_energyvar { 136.205865279199   } 
   potential_energy { -200.166582540275   } 
   potential_energyvar { 268.2375395520668   } 
   nonlocal_energy { 17.85123909731591   } 
   nonlocal_energyvar { 272.1355617209224   } 
   autocorr_energy { } 
} 

block { 
   label spin_0.005
   totweight 870400
   nautocorr 0
   total_energy { -135.6248754651841   } 
   total_energyvar { 2.03770947374877   } 
   weight { 0.9984031142749559   } 
   weightvar { 0.09625587627829234   } 
   kinetic_energy { 46.49816926551401   } 
   kinetic_energyvar { 136.7421793539773   } 
   potential_energy { -200.1000092834181   } 
   potential_energyvar { 267.4938343467654   } 
   nonlocal_energy { 17.97696455271999   } 
   nonlocal_energyvar { 275.3541507813479   } 
   autocorr_energy { } 
} 

block { 
   label spin_0.005
   totweight 870400
   nautocorr 0
   total_energy { -135.6293266414961   } 
   total_energyvar { 2.43362875115974   } 
   weight { 1.003117124607929   } 
   weightvar { 0.09697875203465446   } 
   kinetic_energy { 46.69563394921797   } 
   kinetic_energyvar { 136.3732055429039   } 
   potential_energy { -200.2209729040022   } 
   potential_energyvar { 264.816722219816   } 
   nonlocal_energy { 17.89601231328806   } 
   nonlocal_energyvar { 274.9930542631969   } 
   autocorr_energy { } 
} 

block { 
   label spin_0.005
   totweight 870400
   nautocorr 0
   total_energy { -135.6156914894566   } 
   total_energyvar { 1.929273753515412   } 
   weight { 0.998073929789102   } 
   weightvar { 0.09262882541024925   } 
   kinetic_energy { 46.51422191443699   } 
   kinetic_energyvar { 135.9298734665046   } 
   potential_energy { -200.0132630559215   } 
   potential_energyvar { 267.436167419825   } 
   nonlocal_energy { 17.88334965202781   } 
   nonlocal_energyvar { 274.4416368974864   } 
   autocorr_energy { } 
} 

block { 
   label spin_0.005
   totweight 870400
   nautocorr 0
   total_energy { -135.6159343577988   } 
   total_energyvar { 2.014148538672316   } 
   weight { 0.9929062323030032   } 
   weightvar { 0.09390477138693176   } 
   kinetic_energy { 46.46052334196152   } 
   kinetic_energyvar { 137.1566288858808   } 
   potential_energy { -199.8712449082073   } 
   potential_energyvar { 267.1177119264574   } 
   nonlocal_energy { 17.79478720844693   } 
   nonlocal_energyvar { 273.9150146115541   } 
   autocorr_energy { } 
} 

block { 
   label spin_0.005
   totweight 870400
   nautocorr 0
   total_energy { -135.6239556542384   } 
   total_energyvar { 1.94998116747254   } 
   weight { 0.9958376729274341   } 
   weightvar { 0.09671649279606648   } 
   kinetic_energy { 46.51152765532137   } 
   kinetic_energyvar { 136.0796892880768   } 
   potential_energy { -199.9104635448195   } 
   potential_energyvar { 264.8735459506643   } 
   nonlocal_energy { 17.77498023525973   } 
   nonlocal_energyvar { 270.1217716058805   } 
   autocorr_energy { } 
} 

block { 
   label spin_0.005
   totweight 870400
   nautocorr 0
   total_energy { -135.6174842312296   } 
   total_energyvar { 2.652557259997307   } 
   weight { 0.9956888433447786   } 
   weightvar { 0.09742400007764389   } 
   kinetic_energy { 46.48639550515677   } 
   kinetic_energyvar { 138.4011204465286   } 
   potential_energy { -200.0040676641273   } 
   potential_energyvar { 267.5372369634844   } 
   nonlocal_energy { 17.90018792774095   } 
   nonlocal_energyvar { 280.6079708418313   } 
   autocorr_energy { } 
} 

block { 
   label spin_0.005
   totweight 870400
   nautocorr 0
   total_energy { -135.6115298463588   } 
   total_energyvar { 1.952089759789472   } 
   weight { 0.9923826492552406   } 
   weightvar { 0.096061653394599   } 
   kinetic_energy { 46.52739488805997   } 
   kinetic_energyvar { 135.3855899835841   } 
   potential_energy { -199.8339377184447   } 
   potential_energyvar { 262.9406830670637   } 
   nonlocal_energy { 17.69501298402593   } 
   nonlocal_energyvar { 268.0558723427051   } 
   autocorr_energy { } 
} 

block { 
   label spin_0.005
   totweight 870400
   nautocorr 0
   total_energy { -135.6178474487747   } 
   total_energyvar { 2.526640854816941   } 
   weight { 0.9927406268291658   } 
   weightvar { 0.09590464909755898   } 
   kinetic_energy { 46.44565258440994   } 
   kinetic_energyvar { 136.1853610283841   } 
   potential_energy { -199.8618871924661   } 
   potential_energyvar { 266.1445420026355   } 
   nonlocal_energy { 17.7983871592815   } 
   nonlocal_energyvar { 273.9009785110002   } 
   autocorr_energy { } 
} 

block { 
   label spin_0.005
   totweight 870400
   nautocorr 0
   total_energy { -135.6160669740867   } 
   total_energyvar { 2.064257037776083   } 
   weight { 0.9922159400400298   } 
   weightvar { 0.09536994407964634   } 
   kinetic_energy { 46.5100667734271   } 
   kinetic_energyvar { 135.8848747928899   } 
   potential_energy { -199.8956968148565   } 
   potential_energyvar { 265.6840508977095   } 
   nonlocal_energy { 17.76956306734278   } 
   nonlocal_energyvar { 271.3451855100521   } 
   autocorr_energy { } 
} 

block { 
   label spin_0.005
   totweight 870400
   nautocorr 0
   total_energy { -135.6239496061496   } 
   total_energyvar { 1.946751246945575   } 
   weight { 0.9957535085094018   } 
   weightvar { 0.09590559091935132   } 
   kinetic_energy { 46.59029961542519   } 
   kinetic_energyvar { 135.5889943421946   } 
   potential_energy { -199.8963010315911   } 
   potential_energyvar { 268.8485569311024   } 
   nonlocal_energy { 17.68205181001623   } 
   nonlocal_energyvar { 268.6813892926091   } 
   autocorr_energy { } 
} 

block { 
   label spin_0.005
   totweight 870400
   nautocorr 0
   total_energy { -135.6201716364467   } 
   total_energyvar { 2.002439335020262   } 
   weight { 0.9988996280149628   } 
   weightvar { 0.0967268181917651   } 
   kinetic_energy { 46.64542138207627   } 
   kinetic_energyvar { 135.6692465195549   } 
   potential_energy { -200.1609841719097   } 
   potential_energyvar { 265.1293113966969   } 
   nonlocal_energy { 17.89539115338676   } 
   nonlocal_energyvar { 272.5652075523413   } 
   autocorr_energy { } 
} 

block { 
   label spin_0.005
   totweight 870400
   nautocorr 0
   total_energy { -135.6167264002973   } 
   total_energyvar { 2.87109493094815   } 
   weight { 0.9965990349289879   } 
   weightvar { 0.0976138763510658   } 
   kinetic_energy { 46.56936905043141   } 
   kinetic_energyvar { 137.1043941956494   } 
   potential_energy { -199.9141114769171   } 
   potential_energyvar { 267.3259117301502   } 
   nonlocal_energy { 17.72801602618836   } 
   nonlocal_energyvar { 270.8483666461535   } 
   autocorr_energy { } 
} 

block { 
   label spin_0.005
   totweight 870400
   nautocorr 0
   total_energy { -135.6236203883415   } 
   total_energyvar { 1.929811465172009   } 
   weight { 0.9974419182168667   } 
   weightvar { 0.09764589550503995   } 
   kinetic_energy { 46.55283758715991   } 
   kinetic_energyvar { 135.6733162336584   } 
   potential_energy { -200.0084573594264   } 
   potential_energyvar { 265.2817066940274   } 
   nonlocal_energy { 17.83199938392499   } 
   nonlocal_energyvar { 271.9261734284015   } 
   autocorr_energy { } 
} 

block { 
   label spin_0.005
   totweight 870400
   nautocorr 0
   total_energy { -135.6158122090561   } 
   total_energyvar { 1.933553355506568   } 
   weight { 0.9970914846148047   } 
   weightvar { 0.09644969869556459   } 
   kinetic_energy { 46.49454561283184   } 
   kinetic_energyvar { 136.711632790634   } 
   potential_energy { -199.9040577810979   } 
   potential_energyvar { 262.9884355088409   } 
   nonlocal_energy { 17.79369995921   } 
   nonlocal_energyvar { 270.6564469147505   } 
   autocorr_energy { } 
} 

block { 
   label spin_0.005
   totweight 870400
   nautocorr 0
   total_energy { -135.6224259626598   } 
   total_energyvar { 1.979658551184411   } 
   weight { 0.9977612389321024   } 
   weightvar { 0.09662861177846283   } 
   kinetic_energy { 46.5930756526668   } 
   kinetic_energyvar { 136.4491349716626   } 
   potential_energy { -200.0886966910604   } 
   potential_energyvar { 266.9280084402142   } 
   nonlocal_energy { 17.87319507573379   } 
   nonlocal_energyvar { 272.1332941330971   } 
   autocorr_energy { } 
} 

block { 
   label spin_0.005
   totweight 870400
   nautocorr 0
   total_energy { -135.6232977922526   } 
   total_energyvar { 1.958484888370182   } 
   weight { 0.997801193893509   } 
   weightvar { 0.09566952386445982   } 
   kinetic_energy { 46.48702350840996   } 
   kinetic_energyvar { 135.5291098322556   } 
   potential_energy { -199.8987781299375   } 
   potential_energyvar { 264.7396626910283   } 
   nonlocal_energy { 17.78845682927496   } 
   nonlocal_energyvar { 272.5527461656305   } 
   autocorr_energy { } 
} 

block { 
   label spin_0.005
   totweight 870400
   nautocorr 0
   total_energy { -135.6145516753403   } 
   total_energyvar { 2.012491799861582   } 
   weight { 0.9950823354161219   } 
   weightvar { 0.09754321236950564   } 
   kinetic_energy { 46.46120897858815   } 
   kinetic_energyvar { 135.9742174727037   } 
   potential_energy { -199.841312204311   } 
   potential_energyvar { 265.4354631729436   } 
   nonlocal_energy { 17.76555155038256   } 
   nonlocal_energyvar { 269.4578372031422   } 
   autocorr_energy { } 
} 

block { 
   label spin_0.005
   totweight 870400
   nautocorr 0
   total_energy { -135.6202791072542   } 
   total_energyvar { 2.317956026655501   } 
   weight { 0.9970666231513394   } 
   weightvar { 0.0994804900090647   } 
   kinetic_energy { 46.45846205962867   } 
   kinetic_energyvar { 136.4619296753444   } 
   potential_energy { -199.7938819012875   } 
   potential_energyvar { 268.0795108322137   } 
   nonlocal_energy { 17.71514073440457   } 
   nonlocal_energyvar { 270.6452242864004   } 
   autocorr_energy { } 
} 

block { 
   label spin_0.005
   totweight 870400
   nautocorr 0
   total_energy { -135.6128861258096   } 
   total_energyvar { 1.931629276791559   } 
   weight { 0.9942228584792979   } 
   weightvar { 0.09812706963333845   } 
   kinetic_energy { 46.4717594859595   } 
   kinetic_energyvar { 137.319712615312   } 
   potential_energy { -199.9652774351077   } 
   potential_energyvar { 263.8466240166532   } 
   nonlocal_energy { 17.88063182333869   } 
   nonlocal_energyvar { 275.3712557537166   } 
   autocorr_energy { } 
} 

block { 
   label spin_0.005
   totweight 870400
   nautocorr 0
   total_energy { -135.6278044561166   } 
   total_energyvar { 2.175093816628852   } 
   weight { 0.9978219460373817   } 
   weightvar { 0.0978715469600257   } 
   kinetic_energy { 46.48286204957925   } 
   kinetic_energyvar { 137.4701486979999   } 
   potential_energy { -199.852656044475   } 
   potential_energyvar { 266.7616068130239   } 
   nonlocal_energy { 17.74198953877914   } 
   nonlocal_energyvar { 272.2875981162093   } 
   autocorr_energy { } 
} 

block { 
   label spin_0.005
   totweight 870400
   nautocorr 0
   total_energy { -135.6183123564821   } 
   total_energyvar { 2.007616595011852   } 
   weight { 1.000894506921306   } 
   weightvar { 0.09808336654014849   } 
   kinetic_energy { 46.5087821437199   } 
   kinetic_energyvar { 137.704321959176   } 
   potential_energy { -199.8808264630609   } 
   potential_energyvar { 266.9142414538711   } 
   nonlocal_energy { 17.75373196285894   } 
   nonlocal_energyvar { 271.4793354163704   } 
   autocorr_energy { } 
} 

block { 
   label spin_0.005
   totweight 870400
   nautocorr 0
   total_energy { -135.6226973382883   } 
   total_energyvar { 2.041033636890728   } 
   weight { 0.9979930397055119   } 
   weightvar { 0.09534215099731509   } 
   kinetic_energy { 46.50865603450708   } 
   kinetic_energyvar { 138.0281438783171   } 
   potential_energy { -199.9215958399672   } 
   potential_energyvar { 270.0118079898817   } 
   nonlocal_energy { 17.79024246717178   } 
   nonlocal_energyvar { 277.0839036152292   } 
   autocorr_energy { } 
} 

block { 
   label spin_0.005
   totweight 870400
   nautocorr 0
   total_energy { -135.6216192274088   } 
   total_energyvar { 1.903245718066505   } 
   weight { 0.9977403102130294   } 
   weightvar { 0.09447693317979147   } 
   kinetic_energy { 46.49869572042439   } 
   kinetic_energyvar { 134.6571384920686   } 
   potential_energy { -199.8495956597076   } 
   potential_energyvar { 265.1356050974033   } 
   nonlocal_energy { 17.72928071187437   } 
   nonlocal_energyvar { 268.2458792552561   } 
   autocorr_energy { } 
} 

block { 
   label spin_0.005
   totweight 870400
   nautocorr 0
   total_energy { -135.6191920790005   } 
   total_energyvar { 1.97946419975019   } 
   weight { 1.000501421432319   } 
   weightvar { 0.09738007345694936   } 
   kinetic_energy { 46.58221180424518   } 
   kinetic_energyvar { 136.5670407997219   } 
   potential_energy { -200.0767021992517   } 
   potential_energyvar { 268.1162514555522   } 
   nonlocal_energy { 17.87529831600609   } 
   nonlocal_energyvar { 275.8729162796681   } 
   autocorr_energy { } 
} 

block { 
   label spin_0.005
   totweight 870400
   nautocorr 0
   total_energy { -135.616312536169   } 
   total_energyvar { 2.440709708097712   } 
   weight { 0.9963656848743144   } 
   weightvar { 0.09588389548870137   } 
   kinetic_energy { 46.4954740048833   } 
   kinetic_energyvar { 139.7314367036062   } 
   potential_energy { -200.0035224388427   } 
   potential_energyvar { 269.0777065356235   } 
   nonlocal_energy { 17.89173589779046   } 
   nonlocal_energyvar { 277.6621912381162   } 
   autocorr_energy { } 
} 

block { 
   label spin_0.005
   totweight 870400
   nautocorr 0
   total_energy { -135.6207429344596   } 
   total_energyvar { 1.931711027656009   } 
   weight { 0.9952724588328796   } 
   weightvar { 0.09856695969085154   } 
   kinetic_energy { 46.442045027947   } 
   kinetic_energyvar { 136.6593398561167   } 
   potential_energy { -199.8448744615898   } 
   potential_energyvar { 266.3390743476226   } 
   nonlocal_energy { 17.78208649918328   } 
   nonlocal_energyvar { 270.9291997525856   } 
   autocorr_energy { } 
} 

block { 
   label spin_0.005
   totweight 870400
   nautocorr 0
   total_energy { -135.6215113394845   } 
   total_energyvar { 2.099124854223783   } 
   weight { 0.9978841993510591   } 
   weightvar { 0.09557638783620731   } 
   kinetic_energy { 46.59468524925673   } 
   kinetic_energyvar { 137.0614535124029   } 
   potential_energy { -199.9493825529174   } 
   potential_energyvar { 265.9041175287122   } 
   nonlocal_energy { 17.73318596417617   } 
   nonlocal_energyvar { 272.9137518385361   } 
   autocorr_energy { } 
} 

block { 
   label spin_0.005
   totweight 870400
   nautocorr 0
   total_energy { -135.6170749024191   } 
   total_energyvar { 1.954194904609838   } 
   weight { 0.9979075586988828   } 
   weightvar { 0.0927000817490037   } 
   kinetic_energy { 46.64196687101376   } 
   kinetic_energyvar { 135.7690304029607   } 
   potential_energy { -199.9549274437632   } 
   potential_energyvar { 262.9501109401752   } 
   nonlocal_energy { 17.69588567033036   } 
   nonlocal_energyvar { 269.2992659834645   } 
   autocorr_energy { } 
} 

block { 
   label spin_0.005
   totweight 870400
   nautocorr 0
   total_energy { -135.6129242776277   } 
   total_energyvar { 2.211735389950601   } 
   weight { 0.9942562588201805   } 
   weightvar { 0.09490063679501581   } 
   kinetic_energy { 46.60920234946595   } 
   kinetic_energyvar { 136.6220244761899   } 
   potential_energy { -200.077399775295   } 
   potential_energyvar { 264.5633676689848   } 
   nonlocal_energy { 17.85527314820134   } 
   nonlocal_energyvar { 270.3803909837894   } 
   autocorr_energy { } 
} 

block { 
   label spin_0.005
   totweight 870400
   nautocorr 0
   total_energy { -135.620739204347   } 
   total_energyvar { 2.042928701078422   } 
   weight { 0.9946922999541421   } 
   weightvar { 0.09783008460968574   } 
   kinetic_energy { 46.52707055080134   } 
   kinetic_energyvar { 138.2646566753339   } 
   potential_energy { -200.0761544879657   } 
   potential_energyvar { 267.8287275866279   } 
   nonlocal_energy { 17.92834473281734   } 
   nonlocal_energyvar { 272.7027953317344   } 
   autocorr_energy { } 
} 

block { 
   label spin_0.005
   totweight 870400
   nautocorr 0
   total_energy { -135.6266821444556   } 
   total_energyvar { 1.927571499044286   } 
   weight { 0.9998452638626467   } 
   weightvar { 0.09783039342799676   } 
   kinetic_energy { 46.6743205471068   } 
   kinetic_energyvar { 133.892925461404   } 
   potential_energy { -200.090070476212   } 
   potential_energyvar { 262.9959880909873   } 
   nonlocal_energy { 17.78906778464958   } 
   nonlocal_energyvar { 268.327741030496   } 
   autocorr_energy { } 
} 

block { 
   label spin_0.005
   totweight 870400
   nautocorr 0
   total_energy { -135.6222550150499   } 
   total_energyvar { 1.971653025399589   } 
   weight { 1.001646188680821   } 
   weightvar { 0.09589207749415564   } 
   kinetic_energy { 46.55946590782894   } 
   kinetic_energyvar { 135.4653118475802   } 
   potential_energy { -199.9999340594649   } 
   potential_energyvar { 264.9573098836589   } 
   nonlocal_energy { 17.81821313658606   } 
   nonlocal_energyvar { 274.1398940729621   } 
   autocorr_energy { } 
} 

block { 
   label spin_0.005
   totweight 870400
   nautocorr 0
   total_energy { -135.6308547730405   } 
   total_energyvar { 1.951539377969388   } 
   weight { 1.002467009855375   } 
   weightvar { 0.09485686769235181   } 
   kinetic_energy { 46.49693171186925   } 
   kinetic_energyvar { 137.2706655495272   } 
   potential_energy { -200.0087670519468   } 
   potential_energyvar { 265.9953510133631   } 
   nonlocal_energy { 17.88098056703699   } 
   nonlocal_energyvar { 274.8132611998758   } 
   autocorr_energy { } 
} 

block { 
   label spin_0.005
   totweight 870400
   nautocorr 0
   total_energy { -135.6311603379331   } 
   total_energyvar { 1.990661784145026   } 
   weight { 1.008770636111085   } 
   weightvar { 0.09666365998431366   } 
   kinetic_energy { 46.74221450163125   } 
   kinetic_energyvar { 136.7008341107442   } 
   potential_energy { -200.2930460477789   } 
   potential_energyvar { 265.448889401791   } 
   nonlocal_energy { 17.9196712082146   } 
   nonlocal_energyvar { 274.5969844806887   } 
   autocorr_energy { } 
} 

block { 
   label spin_0.005
   totweight 870400
   nautocorr 0
   total_energy { -135.6201058394414   } 
   total_energyvar { 1.936234646690016   } 
   weight { 1.003522333242   } 
   weightvar { 0.09687365972937273   } 
   kinetic_energy { 46.58955651150379   } 
   kinetic_energyvar { 136.1155906212429   } 
   potential_energy { -200.0882629364289   } 
   potential_energyvar { 263.8325635387612   } 
   nonlocal_energy { 17.87860058548366   } 
   nonlocal_energyvar { 276.3446606910632   } 
   autocorr_energy { } 
} 

block { 
   label spin_0.005
   totweight 870400
   nautocorr 0
   total_energy { -135.6203779290998   } 
   total_energyvar { 2.08379030680372   } 
   weight { 1.000610634517756   } 
   weightvar { 0.09531564335600727   } 
   kinetic_energy { 46.56192539545081   } 
   kinetic_energyvar { 138.0980366513939   } 
   potential_energy { -200.0766090350389   } 
   potential_energyvar { 267.7459619960017   } 
   nonlocal_energy { 17.89430571048825   } 
   nonlocal_energyvar { 276.1949402112323   } 
   autocorr_energy { } 
} 

block { 
   label spin_0.005
   totweight 870400
   nautocorr 0
   total_energy { -135.6181032947838   } 
   total_energyvar { 2.098820706157455   } 
   weight { 0.9979967590202283   } 
   weightvar { 0.09617962746929182   } 
   kinetic_energy { 46.5735893892429   } 
   kinetic_energyvar { 135.4880250336879   } 
   potential_energy { -200.0775058421362   } 
   potential_energyvar { 262.6952986266325   } 
   nonlocal_energy { 17.88581315810942   } 
   nonlocal_energyvar { 274.620963189159   } 
   autocorr_energy { } 
} 

block { 
   label spin_0.005
   totweight 870400
   nautocorr 0
   total_energy { -135.627071111499   } 
   total_energyvar { 2.399118490812806   } 
   weight { 0.9975420439315895   } 
   weightvar { 0.09478518679790621   } 
   kinetic_energy { 46.54491367519039   } 
   kinetic_energyvar { 136.0039069048027   } 
   potential_energy { -199.9589680776171   } 
   potential_energyvar { 263.5030681803051   } 
   nonlocal_energy { 17.78698329092763   } 
   nonlocal_energyvar { 272.9920740098111   } 
   autocorr_energy { } 
} 

block { 
   label spin_0.005
   totweight 870400
   nautocorr 0
   total_energy { -135.6232247372959   } 
   total_energyvar { 1.937595254487795   } 
   weight { 1.003361343916566   } 
   weightvar { 0.09452945715984988   } 
   kinetic_energy { 46.50665874943528   } 
   kinetic_energyvar { 136.5585229806055   } 
   potential_energy { -199.9720090656301   } 
   potential_energyvar { 267.5314396745645   } 
   nonlocal_energy { 17.84212557889888   } 
   nonlocal_energyvar { 270.7823544930404   } 
   autocorr_energy { } 
} 

