#-------------------------------------------------
#VMC run: timestep 0.33 nconfig 3072 steps 30
#-------------------------------------------------


init { 
   label vmc
}
block { 
   label vmc
   totweight 92160
   nautocorr 0
   total_energy { -135.5698135755677   } 
   total_energyvar { 1.860928516883172   } 
   weight { 1   } 
   weightvar { 0   } 
   kinetic_energy { 46.60633381638363   } 
   kinetic_energyvar { 139.1484116152772   } 
   potential_energy { -199.9981487725333   } 
   potential_energyvar { 270.1390339595403   } 
   nonlocal_energy { 17.8220013805821   } 
   nonlocal_energyvar { 277.2328162282126   } 
   autocorr_energy { } 
} 

block { 
   label vmc
   totweight 92160
   nautocorr 0
   total_energy { -135.5638549325419   } 
   total_energyvar { 1.985443552666096   } 
   weight { 1   } 
   weightvar { 0   } 
   kinetic_energy { 46.5547160160697   } 
   kinetic_energyvar { 140.2095448796616   } 
   potential_energy { -200.0700255292034   } 
   potential_energyvar { 267.1150529157152   } 
   nonlocal_energy { 17.95145458059176   } 
   nonlocal_energyvar { 279.1351631057507   } 
   autocorr_energy { } 
} 

block { 
   label vmc
   totweight 92160
   nautocorr 0
   total_energy { -135.5596534273986   } 
   total_energyvar { 2.335314934666665   } 
   weight { 1   } 
   weightvar { 0   } 
   kinetic_energy { 46.59388389793919   } 
   kinetic_energyvar { 136.0581319114181   } 
   potential_energy { -199.9662396557324   } 
   potential_energyvar { 267.9031251156575   } 
   nonlocal_energy { 17.81270233039454   } 
   nonlocal_energyvar { 274.4367261059798   } 
   autocorr_energy { } 
} 

block { 
   label vmc
   totweight 92160
   nautocorr 0
   total_energy { -135.5572139919623   } 
   total_energyvar { 2.302293791747408   } 
   weight { 1   } 
   weightvar { 0   } 
   kinetic_energy { 46.56279677660061   } 
   kinetic_energyvar { 137.6197040546834   } 
   potential_energy { -200.014193505482   } 
   potential_energyvar { 269.5839954794198   } 
   nonlocal_energy { 17.89418273691903   } 
   nonlocal_energyvar { 278.4824768217516   } 
   autocorr_energy { } 
} 

block { 
   label vmc
   totweight 92160
   nautocorr 0
   total_energy { -135.5540032443465   } 
   total_energyvar { 2.210027944590557   } 
   weight { 1   } 
   weightvar { 0   } 
   kinetic_energy { 46.60837162358403   } 
   kinetic_energyvar { 134.6343549740429   } 
   potential_energy { -199.8258899045368   } 
   potential_energyvar { 264.9179120703821   } 
   nonlocal_energy { 17.66351503660633   } 
   nonlocal_energyvar { 270.6208847395052   } 
   autocorr_energy { } 
} 

block { 
   label vmc
   totweight 92160
   nautocorr 0
   total_energy { -135.5608328229183   } 
   total_energyvar { 1.898247437100041   } 
   weight { 1   } 
   weightvar { 0   } 
   kinetic_energy { 46.56775552407644   } 
   kinetic_energyvar { 138.0175985239414   } 
   potential_energy { -199.951586549926   } 
   potential_energyvar { 266.2735410431454   } 
   nonlocal_energy { 17.82299820293132   } 
   nonlocal_energyvar { 273.538582837419   } 
   autocorr_energy { } 
} 

block { 
   label vmc
   totweight 92160
   nautocorr 0
   total_energy { -135.5638975105876   } 
   total_energyvar { 2.143780607427497   } 
   weight { 1   } 
   weightvar { 0   } 
   kinetic_energy { 46.47348914547672   } 
   kinetic_energyvar { 142.2920149504443   } 
   potential_energy { -199.9274145434832   } 
   potential_energyvar { 268.4032537245267   } 
   nonlocal_energy { 17.89002788741893   } 
   nonlocal_energyvar { 280.1294264030066   } 
   autocorr_energy { } 
} 

block { 
   label vmc
   totweight 92160
   nautocorr 0
   total_energy { -135.5563083985849   } 
   total_energyvar { 1.966250976999325   } 
   weight { 1   } 
   weightvar { 0   } 
   kinetic_energy { 46.60204916362409   } 
   kinetic_energyvar { 136.332512196709   } 
   potential_energy { -199.9627401242915   } 
   potential_energyvar { 265.8061647390634   } 
   nonlocal_energy { 17.80438256208245   } 
   nonlocal_energyvar { 271.7473715525301   } 
   autocorr_energy { } 
} 

block { 
   label vmc
   totweight 92160
   nautocorr 0
   total_energy { -135.553820536103   } 
   total_energyvar { 2.462078315630831   } 
   weight { 1   } 
   weightvar { 0   } 
   kinetic_energy { 46.57300349949731   } 
   kinetic_energyvar { 135.9199798783775   } 
   potential_energy { -199.953289723955   } 
   potential_energyvar { 264.79140877218   } 
   nonlocal_energy { 17.8264656883547   } 
   nonlocal_energyvar { 272.8327152805442   } 
   autocorr_energy { } 
} 

block { 
   label vmc
   totweight 92160
   nautocorr 0
   total_energy { -135.5642215002649   } 
   total_energyvar { 2.022019601871285   } 
   weight { 1   } 
   weightvar { 0   } 
   kinetic_energy { 46.50885557241179   } 
   kinetic_energyvar { 136.9103861820548   } 
   potential_energy { -199.9044218515737   } 
   potential_energyvar { 265.8937088877238   } 
   nonlocal_energy { 17.83134477889706   } 
   nonlocal_energyvar { 273.0245550356618   } 
   autocorr_energy { } 
} 

block { 
   label vmc
   totweight 92160
   nautocorr 0
   total_energy { -135.5680323061407   } 
   total_energyvar { 1.902653010283546   } 
   weight { 1   } 
   weightvar { 0   } 
   kinetic_energy { 46.62912142115357   } 
   kinetic_energyvar { 135.3041878515993   } 
   potential_energy { -199.9138928223809   } 
   potential_energyvar { 265.9011204877741   } 
   nonlocal_energy { 17.7167390950867   } 
   nonlocal_energyvar { 268.226129696764   } 
   autocorr_energy { } 
} 

block { 
   label vmc
   totweight 92160
   nautocorr 0
   total_energy { -135.5641008260365   } 
   total_energyvar { 1.902718442127579   } 
   weight { 1   } 
   weightvar { 0   } 
   kinetic_energy { 46.63845877984481   } 
   kinetic_energyvar { 133.6702663228965   } 
   potential_energy { -199.8778565058093   } 
   potential_energyvar { 263.383540390173   } 
   nonlocal_energy { 17.67529689992802   } 
   nonlocal_energyvar { 263.4172828846505   } 
   autocorr_energy { } 
} 

block { 
   label vmc
   totweight 92160
   nautocorr 0
   total_energy { -135.5649027368878   } 
   total_energyvar { 1.914969234543362   } 
   weight { 1   } 
   weightvar { 0   } 
   kinetic_energy { 46.5454733457813   } 
   kinetic_energyvar { 137.8046983715275   } 
   potential_energy { -200.0041762624389   } 
   potential_energyvar { 269.2678182476607   } 
   nonlocal_energy { 17.89380017976982   } 
   nonlocal_energyvar { 276.8903689715623   } 
   autocorr_energy { } 
} 

block { 
   label vmc
   totweight 92160
   nautocorr 0
   total_energy { -135.5570992576132   } 
   total_energyvar { 1.923627920521874   } 
   weight { 1   } 
   weightvar { 0   } 
   kinetic_energy { 46.56455122721163   } 
   kinetic_energyvar { 135.2180736002873   } 
   potential_energy { -199.983819718576   } 
   potential_energyvar { 269.4070465035915   } 
   nonlocal_energy { 17.86216923375123   } 
   nonlocal_energyvar { 274.6475169828775   } 
   autocorr_energy { } 
} 

block { 
   label vmc
   totweight 92160
   nautocorr 0
   total_energy { -135.5597375354367   } 
   total_energyvar { 1.917162373372052   } 
   weight { 1   } 
   weightvar { 0   } 
   kinetic_energy { 46.6479231592972   } 
   kinetic_energyvar { 135.2972369842245   } 
   potential_energy { -199.8121585237555   } 
   potential_energyvar { 263.8768591407427   } 
   nonlocal_energy { 17.60449782902164   } 
   nonlocal_energyvar { 266.527783571453   } 
   autocorr_energy { } 
} 

block { 
   label vmc
   totweight 92160
   nautocorr 0
   total_energy { -135.5688024511124   } 
   total_energyvar { 1.971442645491079   } 
   weight { 1   } 
   weightvar { 0   } 
   kinetic_energy { 46.62977807888443   } 
   kinetic_energyvar { 138.0739163008575   } 
   potential_energy { -199.9218835523173   } 
   potential_energyvar { 265.2326967341564   } 
   nonlocal_energy { 17.72330302232056   } 
   nonlocal_energyvar { 268.5880274277147   } 
   autocorr_energy { } 
} 

block { 
   label vmc
   totweight 92160
   nautocorr 0
   total_energy { -135.5705693722524   } 
   total_energyvar { 1.966218830308768   } 
   weight { 1   } 
   weightvar { 0   } 
   kinetic_energy { 46.4316400623121   } 
   kinetic_energyvar { 139.4176618616615   } 
   potential_energy { -199.8617215568911   } 
   potential_energyvar { 268.3711028152057   } 
   nonlocal_energy { 17.8595121223266   } 
   nonlocal_energyvar { 276.5425007196868   } 
   autocorr_energy { } 
} 

block { 
   label vmc
   totweight 92160
   nautocorr 0
   total_energy { -135.5570870435374   } 
   total_energyvar { 2.332456088038291   } 
   weight { 1   } 
   weightvar { 0   } 
   kinetic_energy { 46.51812326022123   } 
   kinetic_energyvar { 138.8948300946209   } 
   potential_energy { -199.8683014978395   } 
   potential_energyvar { 268.0037824567606   } 
   nonlocal_energy { 17.79309119408088   } 
   nonlocal_energyvar { 279.1388168526307   } 
   autocorr_energy { } 
} 

block { 
   label vmc
   totweight 92160
   nautocorr 0
   total_energy { -135.5712984895081   } 
   total_energyvar { 1.912284972700131   } 
   weight { 1   } 
   weightvar { 0   } 
   kinetic_energy { 46.54613252380635   } 
   kinetic_energyvar { 137.0007976015506   } 
   potential_energy { -199.7758143925938   } 
   potential_energyvar { 263.5189374164991   } 
   nonlocal_energy { 17.65838337927929   } 
   nonlocal_energyvar { 270.6175488685368   } 
   autocorr_energy { } 
} 

block { 
   label vmc
   totweight 92160
   nautocorr 0
   total_energy { -135.5641018867204   } 
   total_energyvar { 1.977367528432314   } 
   weight { 1   } 
   weightvar { 0   } 
   kinetic_energy { 46.57622244178779   } 
   kinetic_energyvar { 136.4305398196213   } 
   potential_energy { -199.8820383395675   } 
   potential_energyvar { 264.223055231847   } 
   nonlocal_energy { 17.74171401105933   } 
   nonlocal_energyvar { 273.8825091570041   } 
   autocorr_energy { } 
} 

block { 
   label vmc
   totweight 92160
   nautocorr 0
   total_energy { -135.5613825282989   } 
   total_energyvar { 1.976641815496408   } 
   weight { 1   } 
   weightvar { 0   } 
   kinetic_energy { 46.61642109234674   } 
   kinetic_energyvar { 136.4873030396678   } 
   potential_energy { -200.0033203192782   } 
   potential_energyvar { 262.3789711454428   } 
   nonlocal_energy { 17.82551669863265   } 
   nonlocal_energyvar { 272.8173106133396   } 
   autocorr_energy { } 
} 

block { 
   label vmc
   totweight 92160
   nautocorr 0
   total_energy { -135.5611079122106   } 
   total_energyvar { 1.939870640996398   } 
   weight { 1   } 
   weightvar { 0   } 
   kinetic_energy { 46.56937198515136   } 
   kinetic_energyvar { 137.3019808691334   } 
   potential_energy { -199.9511676924236   } 
   potential_energyvar { 266.9273802807703   } 
   nonlocal_energy { 17.82068779506163   } 
   nonlocal_energyvar { 274.3718863873306   } 
   autocorr_energy { } 
} 

block { 
   label vmc
   totweight 92160
   nautocorr 0
   total_energy { -135.5632908996918   } 
   total_energyvar { 1.968735451806875   } 
   weight { 1   } 
   weightvar { 0   } 
   kinetic_energy { 46.59700422229646   } 
   kinetic_energyvar { 135.6212781391552   } 
   potential_energy { -199.9987746135024   } 
   potential_energyvar { 265.6139314166995   } 
   nonlocal_energy { 17.83847949151417   } 
   nonlocal_energyvar { 271.3176772984057   } 
   autocorr_energy { } 
} 

block { 
   label vmc
   totweight 92160
   nautocorr 0
   total_energy { -135.5617832194404   } 
   total_energyvar { 3.78958630502736   } 
   weight { 1   } 
   weightvar { 0   } 
   kinetic_energy { 46.65443843693875   } 
   kinetic_energyvar { 136.775147433792   } 
   potential_energy { -200.0994530031197   } 
   potential_energyvar { 263.4776263795923   } 
   nonlocal_energy { 17.88323134674052   } 
   nonlocal_energyvar { 272.6189992320386   } 
   autocorr_energy { } 
} 

block { 
   label vmc
   totweight 92160
   nautocorr 0
   total_energy { -135.5670715039629   } 
   total_energyvar { 2.022521395055459   } 
   weight { 1   } 
   weightvar { 0   } 
   kinetic_energy { 46.63491441475402   } 
   kinetic_energyvar { 132.8567853413694   } 
   potential_energy { -199.955545135761   } 
   potential_energyvar { 264.3392373616237   } 
   nonlocal_energy { 17.75355921704398   } 
   nonlocal_energyvar { 265.0254514842854   } 
   autocorr_energy { } 
} 

block { 
   label vmc
   totweight 92160
   nautocorr 0
   total_energy { -135.5732926015404   } 
   total_energyvar { 2.027922944534638   } 
   weight { 1   } 
   weightvar { 0   } 
   kinetic_energy { 46.52633268164738   } 
   kinetic_energyvar { 138.1841164858403   } 
   potential_energy { -200.0309246536035   } 
   potential_energyvar { 269.7851744274317   } 
   nonlocal_energy { 17.93129937041576   } 
   nonlocal_energyvar { 277.9038304901473   } 
   autocorr_energy { } 
} 

block { 
   label vmc
   totweight 92160
   nautocorr 0
   total_energy { -135.5593438649559   } 
   total_energyvar { 2.629513302636629   } 
   weight { 1   } 
   weightvar { 0   } 
   kinetic_energy { 46.6527030653708   } 
   kinetic_energyvar { 136.5198437495503   } 
   potential_energy { -200.0183825262964   } 
   potential_energyvar { 263.9970335741601   } 
   nonlocal_energy { 17.80633559596974   } 
   nonlocal_energyvar { 272.2661097868825   } 
   autocorr_energy { } 
} 

block { 
   label vmc
   totweight 92160
   nautocorr 0
   total_energy { -135.5555661179555   } 
   total_energyvar { 2.082336957100066   } 
   weight { 1   } 
   weightvar { 0   } 
   kinetic_energy { 46.58497174041653   } 
   kinetic_energyvar { 135.4550096337517   } 
   potential_energy { -199.9271517782753   } 
   potential_energyvar { 264.8202950504732   } 
   nonlocal_energy { 17.78661391990324   } 
   nonlocal_energyvar { 269.0775217319957   } 
   autocorr_energy { } 
} 

block { 
   label vmc
   totweight 92160
   nautocorr 0
   total_energy { -135.5711779086311   } 
   total_energyvar { 1.963462761041232   } 
   weight { 1   } 
   weightvar { 0   } 
   kinetic_energy { 46.66265591252529   } 
   kinetic_energyvar { 134.4774978471403   } 
   potential_energy { -199.9982744975542   } 
   potential_energyvar { 264.7025769193847   } 
   nonlocal_energy { 17.76444067639772   } 
   nonlocal_energyvar { 268.5138755838441   } 
   autocorr_energy { } 
} 

block { 
   label vmc
   totweight 92160
   nautocorr 0
   total_energy { -135.5698105270712   } 
   total_energyvar { 1.932486520425123   } 
   weight { 1   } 
   weightvar { 0   } 
   kinetic_energy { 46.55269476354952   } 
   kinetic_energyvar { 139.8849756246686   } 
   potential_energy { -199.9849425512812   } 
   potential_energyvar { 266.0698507323613   } 
   nonlocal_energy { 17.86243726066047   } 
   nonlocal_energyvar { 276.0873176304679   } 
   autocorr_energy { } 
} 

block { 
   label vmc
   totweight 92160
   nautocorr 0
   total_energy { -135.5620402786815   } 
   total_energyvar { 1.891743433740713   } 
   weight { 1   } 
   weightvar { 0   } 
   kinetic_energy { 46.63371531568019   } 
   kinetic_energyvar { 136.2609587827722   } 
   potential_energy { -199.8816547209108   } 
   potential_energyvar { 265.1199975040332   } 
   nonlocal_energy { 17.68589912654919   } 
   nonlocal_energyvar { 267.3782856300892   } 
   autocorr_energy { } 
} 

block { 
   label vmc
   totweight 92160
   nautocorr 0
   total_energy { -135.5653359741386   } 
   total_energyvar { 1.903300684338653   } 
   weight { 1   } 
   weightvar { 0   } 
   kinetic_energy { 46.59755252387446   } 
   kinetic_energyvar { 136.5206464774126   } 
   potential_energy { -199.808890637574   } 
   potential_energyvar { 264.7140826021026   } 
   nonlocal_energy { 17.64600213956092   } 
   nonlocal_energyvar { 272.6964393486649   } 
   autocorr_energy { } 
} 

block { 
   label vmc
   totweight 92160
   nautocorr 0
   total_energy { -135.5696940497549   } 
   total_energyvar { 1.981399325743991   } 
   weight { 1   } 
   weightvar { 0   } 
   kinetic_energy { 46.53193710631967   } 
   kinetic_energyvar { 139.1020767492011   } 
   potential_energy { -199.9084996678053   } 
   potential_energyvar { 267.3464682508176   } 
   nonlocal_energy { 17.80686851173075   } 
   nonlocal_energyvar { 277.9727971370523   } 
   autocorr_energy { } 
} 

block { 
   label vmc
   totweight 92160
   nautocorr 0
   total_energy { -135.5668100194933   } 
   total_energyvar { 1.935133320600024   } 
   weight { 1   } 
   weightvar { 0   } 
   kinetic_energy { 46.52620838118079   } 
   kinetic_energyvar { 138.4921497985139   } 
   potential_energy { -199.8972104523795   } 
   potential_energyvar { 266.4846973107324   } 
   nonlocal_energy { 17.80419205170537   } 
   nonlocal_energyvar { 276.9378192674375   } 
   autocorr_energy { } 
} 

block { 
   label vmc
   totweight 92160
   nautocorr 0
   total_energy { -135.5545734965571   } 
   total_energyvar { 1.905251118141194   } 
   weight { 1   } 
   weightvar { 0   } 
   kinetic_energy { 46.63196011750523   } 
   kinetic_energyvar { 135.3334118206387   } 
   potential_energy { -199.9613787056806   } 
   potential_energyvar { 266.8788143182176   } 
   nonlocal_energy { 17.77484509161829   } 
   nonlocal_energyvar { 272.0356431897945   } 
   autocorr_energy { } 
} 

block { 
   label vmc
   totweight 92160
   nautocorr 0
   total_energy { -135.5733324295686   } 
   total_energyvar { 1.933444617049855   } 
   weight { 1   } 
   weightvar { 0   } 
   kinetic_energy { 46.59547979005545   } 
   kinetic_energyvar { 134.7940563085482   } 
   potential_energy { -199.8506316524075   } 
   potential_energyvar { 264.5493049299045   } 
   nonlocal_energy { 17.68181943278338   } 
   nonlocal_energyvar { 266.8799440025344   } 
   autocorr_energy { } 
} 

block { 
   label vmc
   totweight 92160
   nautocorr 0
   total_energy { -135.5548074438056   } 
   total_energyvar { 1.949533912021769   } 
   weight { 1   } 
   weightvar { 0   } 
   kinetic_energy { 46.64023812730286   } 
   kinetic_energyvar { 135.1394436900939   } 
   potential_energy { -199.9012441565949   } 
   potential_energyvar { 263.9955685834325   } 
   nonlocal_energy { 17.70619858548641   } 
   nonlocal_energyvar { 265.4233033931436   } 
   autocorr_energy { } 
} 

block { 
   label vmc
   totweight 92160
   nautocorr 0
   total_energy { -135.5527097218657   } 
   total_energyvar { 1.916816342062541   } 
   weight { 1   } 
   weightvar { 0   } 
   kinetic_energy { 46.62624388246839   } 
   kinetic_energyvar { 140.5929412900455   } 
   potential_energy { -199.8434388283609   } 
   potential_energyvar { 272.2165104693028   } 
   nonlocal_energy { 17.66448522402687   } 
   nonlocal_energyvar { 263.8808998090739   } 
   autocorr_energy { } 
} 

block { 
   label vmc
   totweight 92160
   nautocorr 0
   total_energy { -135.5649115001429   } 
   total_energyvar { 2.113221310251335   } 
   weight { 1   } 
   weightvar { 0   } 
   kinetic_energy { 46.60768280929089   } 
   kinetic_energyvar { 136.9901629125362   } 
   potential_energy { -200.0221259389885   } 
   potential_energyvar { 267.5249762421976   } 
   nonlocal_energy { 17.84953162955473   } 
   nonlocal_energyvar { 273.4811368629112   } 
   autocorr_energy { } 
} 

block { 
   label vmc
   totweight 92160
   nautocorr 0
   total_energy { -135.5598081967383   } 
   total_energyvar { 1.916948634583309   } 
   weight { 1   } 
   weightvar { 0   } 
   kinetic_energy { 46.62587777753132   } 
   kinetic_energyvar { 136.1505167347839   } 
   potential_energy { -200.0008355628459   } 
   potential_energyvar { 264.9784496992963   } 
   nonlocal_energy { 17.81514958857628   } 
   nonlocal_energyvar { 273.980189753565   } 
   autocorr_energy { } 
} 

