0: output to I.df.o
176: System
176: Wave function
147: System
147: Wave function
444: System
444: Wave function
364: System
364: Wave function
96: System
96: Wave function
102: System
102: Wave function
345: System
345: Wave function
181: System
181: Wave function
150: System
150: Wave function
373: System
373: Wave function
374: System
374: Wave function
287: System
287: Wave function
100: System
100: Wave function
342: System
342: Wave function
297: System
349: System
349: Wave function
272: System
272: Wave function
297: Wave function
361: System
361: Wave function
178: System
178: Wave function
278: System
278: Wave function
59: System
59: Wave function
479: System
479: Wave function
365: System
365: Wave function
306: System
20: System
20: Wave function
481: System
481: Wave function
379: System
379: Wave function
306: Wave function
77: System
77: Wave function
51: System
51: Wave function
494: System
494: Wave function
327: System
327: Wave function
310: System
310: Wave function
89: System
89: Wave function
58: System
58: Wave function
462: System
330: System
330: Wave function
268: System
268: Wave function
126: System
126: Wave function
18: System
18: Wave function
490: System
490: Wave function
298: System
298: Wave function
113: System
113: Wave function
62: System
62: Wave function
391: System
391: Wave function
462: Wave function
256: System
121: System
121: Wave function
439: System
484: System
484: Wave function
328: System
328: Wave function
256: Wave function
64: System
1: System
1: Wave function
433: System
488: System
488: Wave function
333: System
333: Wave function
259: System
259: Wave function
66: System
66: Wave function
16: System
16: Wave function
439: Wave function
448: System
448: Wave function
331: System
331: Wave function
301: System
301: Wave function
64: Wave function
38: System
38: Wave function
433: Wave function
467: System
467: Wave function
350: System
350: Wave function
95: System
14: System
14: Wave function
441: System
486: System
486: Wave function
363: System
363: Wave function
95: Wave function
441: Wave function
449: System
449: Wave function
371: System
371: Wave function
101: System
101: Wave function
32: System
32: Wave function
442: System
442: Wave function
502: System
502: Wave function
279: System
279: Wave function
92: System
92: Wave function
430: System
430: Wave function
463: System
320: System
320: Wave function
125: System
125: Wave function
24: System
463: Wave function
319: System
319: Wave function
24: Wave function
507: System
47: System
47: Wave function
507: Wave function
372: System
372: Wave function
118: System
118: Wave function
34: System
34: Wave function
473: System
473: Wave function
5: System
5: Wave function
336: System
52: System
429: System
429: Wave function
336: Wave function
286: System
286: Wave function
52: Wave function
489: System
489: Wave function
93: System
93: Wave function
6: System
6: Wave function
393: System
339: System
339: Wave function
266: System
393: Wave function
506: System
506: Wave function
266: Wave function
119: System
119: Wave function
37: System
37: Wave function
408: System
408: Wave function
477: System
477: Wave function
377: System
377: Wave function
67: System
67: Wave function
36: System
36: Wave function
414: System
414: Wave function
464: System
464: Wave function
354: System
354: Wave function
303: System
303: Wave function
428: System
428: Wave function
380: System
380: Wave function
68: System
68: Wave function
49: System
49: Wave function
394: System
394: Wave function
458: System
458: Wave function
321: System
321: Wave function
305: System
305: Wave function
48: System
416: System
416: Wave function
470: System
470: Wave function
283: System
283: Wave function
75: System
75: Wave function
39: System
39: Wave function
437: System
437: Wave function
497: System
497: Wave function
307: System
120: System
120: Wave function
48: Wave function
307: Wave function
86: System
86: Wave function
10: System
10: Wave function
424: System
424: Wave function
492: System
340: System
340: Wave function
94: System
94: Wave function
3: System
3: Wave function
459: System
459: Wave function
291: System
114: System
114: Wave function
4: System
4: Wave function
387: System
387: Wave function
492: Wave function
355: System
355: Wave function
274: System
274: Wave function
111: System
493: System
493: Wave function
325: System
325: Wave function
290: System
290: Wave function
399: System
399: Wave function
483: System
483: Wave function
337: System
337: Wave function
291: Wave function
111: Wave function
425: System
425: Wave function
499: System
499: Wave function
262: System
262: Wave function
88: System
88: Wave function
447: System
447: Wave function
491: System
491: Wave function
347: System
347: Wave function
273: System
273: Wave function
384: System
370: System
370: Wave function
84: System
84: Wave function
57: System
57: Wave function
384: Wave function
450: System
450: Wave function
332: System
332: Wave function
257: System
257: Wave function
395: System
395: Wave function
509: System
509: Wave function
264: System
264: Wave function
105: System
105: Wave function
478: System
478: Wave function
324: System
311: System
311: Wave function
445: System
445: Wave function
480: System
480: Wave function
324: Wave function
275: System
275: Wave function
123: System
397: System
397: Wave function
292: System
123: Wave function
23: System
23: Wave function
443: System
443: Wave function
292: Wave function
40: System
40: Wave function
403: System
403: Wave function
317: System
97: System
30: System
400: System
400: Wave function
317: Wave function
97: Wave function
35: System
35: Wave function
426: System
426: Wave function
261: System
261: Wave function
30: Wave function
386: System
386: Wave function
329: System
329: Wave function
81: System
81: Wave function
19: System
19: Wave function
409: System
409: Wave function
294: System
294: Wave function
423: System
375: System
289: System
289: Wave function
8: System
8: Wave function
423: Wave function
375: Wave function
304: System
304: Wave function
260: System
260: Wave function
61: System
61: Wave function
382: System
382: Wave function
293: System
293: Wave function
412: System
412: Wave function
465: System
465: Wave function
383: System
383: Wave function
288: System
288: Wave function
406: System
406: Wave function
485: System
284: System
91: System
91: Wave function
284: Wave function
419: System
419: Wave function
485: Wave function
367: System
367: Wave function
141: System
141: Wave function
407: System
407: Wave function
25: System
25: Wave function
460: System
460: Wave function
41: System
41: Wave function
451: System
451: Wave function
376: System
376: Wave function
7: System
7: Wave function
440: System
440: Wave function
351: System
351: Wave function
50: System
50: Wave function
282: System
282: Wave function
82: System
82: Wave function
432: System
267: System
267: Wave function
87: System
87: Wave function
318: System
318: Wave function
432: Wave function
446: System
446: Wave function
277: System
277: Wave function
422: System
422: Wave function
31: System
31: Wave function
368: System
368: Wave function
285: System
285: Wave function
46: System
46: Wave function
392: System
392: Wave function
366: System
271: System
29: System
398: System
398: Wave function
29: Wave function
411: System
411: Wave function
366: Wave function
271: Wave function
390: System
390: Wave function
263: System
413: System
413: Wave function
338: System
338: Wave function
263: Wave function
378: System
308: System
308: Wave function
11: System
11: Wave function
269: System
269: Wave function
54: System
54: Wave function
415: System
415: Wave function
334: System
334: Wave function
70: System
70: Wave function
476: System
476: Wave function
378: Wave function
302: System
302: Wave function
45: System
45: Wave function
27: System
404: System
404: Wave function
27: Wave function
108: System
108: Wave function
43: System
43: Wave function
434: System
434: Wave function
438: System
438: Wave function
381: System
381: Wave function
71: System
71: Wave function
435: System
435: Wave function
468: System
468: Wave function
356: System
356: Wave function
420: System
420: Wave function
83: System
83: Wave function
348: System
117: System
117: Wave function
63: System
63: Wave function
389: System
389: Wave function
17: System
348: Wave function
110: System
110: Wave function
17: Wave function
353: System
21: System
353: Wave function
248: System
248: Wave function
21: Wave function
436: System
436: Wave function
249: System
249: Wave function
28: System
369: System
369: Wave function
28: Wave function
388: System
388: Wave function
15: System
15: Wave function
352: System
352: Wave function
9: System
9: Wave function
417: System
417: Wave function
455: System
455: Wave function
358: System
358: Wave function
231: System
231: Wave function
12: System
12: Wave function
418: System
418: Wave function
223: System
223: Wave function
26: System
26: Wave function
421: System
421: Wave function
496: System
496: Wave function
359: System
359: Wave function
0: System
385: System
385: Wave function
487: System
487: Wave function
335: System
2: System
2: Wave function
410: System
410: Wave function
343: System
343: Wave function
0: Wave function
471: System
335: Wave function
13: System
431: System
431: Wave function
471: Wave function
357: System
357: Wave function
13: Wave function
396: System
396: Wave function
360: System
360: Wave function
295: System
295: Wave function
60: System
60: Wave function
427: System
427: Wave function
508: System
508: Wave function
323: System
323: Wave function
44: System
405: System
405: Wave function
258: System
258: Wave function
44: Wave function
401: System
401: Wave function
503: System
503: Wave function
346: System
346: Wave function
281: System
281: Wave function
251: System
251: Wave function
33: System
33: Wave function
452: System
452: Wave function
362: System
362: Wave function
76: System
76: Wave function
53: System
53: Wave function
461: System
461: Wave function
341: System
341: Wave function
182: System
182: Wave function
314: System
55: System
55: Wave function
453: System
453: Wave function
326: System
326: Wave function
280: System
107: System
107: Wave function
42: System
510: System
344: System
344: Wave function
312: System
312: Wave function
78: System
22: System
322: System
322: Wave function
314: Wave function
42: Wave function
510: Wave function
280: Wave function
116: System
116: Wave function
22: Wave function
505: System
505: Wave function
179: System
179: Wave function
270: System
270: Wave function
228: System
228: Wave function
78: Wave function
56: System
56: Wave function
511: System
511: Wave function
276: System
276: Wave function
115: System
457: System
296: System
296: Wave function
115: Wave function
457: Wave function
300: System
300: Wave function
79: System
79: Wave function
472: System
316: System
316: Wave function
73: System
73: Wave function
469: System
469: Wave function
265: System
265: Wave function
80: System
80: Wave function
472: Wave function
188: System
188: Wave function
299: System
299: Wave function
124: System
124: Wave function
475: System
475: Wave function
174: System
174: Wave function
315: System
315: Wave function
98: System
98: Wave function
504: System
504: Wave function
138: System
138: Wave function
313: System
466: System
466: Wave function
313: Wave function
106: System
106: Wave function
482: System
482: Wave function
500: System
500: Wave function
201: System
201: Wave function
103: System
103: Wave function
498: System
498: Wave function
155: System
155: Wave function
501: System
501: Wave function
69: System
495: System
495: Wave function
145: System
456: System
456: Wave function
145: Wave function
69: Wave function
474: System
474: Wave function
72: System
72: Wave function
85: System
85: Wave function
454: System
454: Wave function
99: System
99: Wave function
219: System
219: Wave function
109: System
109: Wave function
122: System
74: System
112: System
218: System
218: Wave function
122: Wave function
74: Wave function
90: System
90: Wave function
112: Wave function
104: System
104: Wave function
65: System
65: Wave function
230: System
127: System
127: Wave function
230: Wave function
229: System
229: Wave function
202: System
202: Wave function
239: System
239: Wave function
205: System
205: Wave function
204: System
204: Wave function
232: System
232: Wave function
221: System
221: Wave function
224: System
224: Wave function
226: System
226: Wave function
198: System
233: System
233: Wave function
250: System
250: Wave function
198: Wave function
309: System
309: Wave function
220: System
244: System
244: Wave function
220: Wave function
210: System
210: Wave function
252: System
252: Wave function
199: System
199: Wave function
197: System
236: System
247: System
247: Wave function
197: Wave function
236: Wave function
246: System
246: Wave function
203: System
203: Wave function
209: System
211: System
211: Wave function
216: System
216: Wave function
222: System
222: Wave function
234: System
234: Wave function
253: System
253: Wave function
193: System
193: Wave function
207: System
207: Wave function
209: Wave function
225: System
225: Wave function
227: System
227: Wave function
254: System
254: Wave function
194: System
194: Wave function
245: System
245: Wave function
196: System
196: Wave function
206: System
208: System
208: Wave function
200: System
200: Wave function
206: Wave function
212: System
212: Wave function
241: System
241: Wave function
255: System
255: Wave function
213: System
238: System
238: Wave function
240: System
240: Wave function
213: Wave function
215: System
215: Wave function
217: System
217: Wave function
243: System
243: Wave function
192: System
192: Wave function
242: System
242: Wave function
214: System
235: System
214: Wave function
235: Wave function
237: System
237: Wave function
195: System
195: Wave function
139: System
139: Wave function
134: System
134: Wave function
135: System
135: Wave function
168: System
168: Wave function
132: System
132: Wave function
161: System
161: Wave function
191: System
191: Wave function
152: System
152: Wave function
148: System
148: Wave function
189: System
189: Wave function
164: System
164: Wave function
173: System
173: Wave function
162: System
162: Wave function
187: System
187: Wave function
136: System
136: Wave function
183: System
183: Wave function
185: System
185: Wave function
171: System
131: System
131: Wave function
146: System
146: Wave function
149: System
149: Wave function
165: System
165: Wave function
167: System
167: Wave function
170: System
170: Wave function
171: Wave function
137: System
137: Wave function
154: System
177: System
177: Wave function
142: System
142: Wave function
153: System
153: Wave function
154: Wave function
159: System
159: Wave function
175: System
175: Wave function
156: System
156: Wave function
158: System
158: Wave function
144: System
144: Wave function
190: System
190: Wave function
166: System
166: Wave function
130: System
130: Wave function
133: System
133: Wave function
151: System
151: Wave function
157: System
157: Wave function
160: System
160: Wave function
163: System
163: Wave function
169: System
169: Wave function
172: System
172: Wave function
143: System
143: Wave function
140: System
140: Wave function
184: System
184: Wave function
186: System
186: Wave function
128: System
128: Wave function
180: System
180: Wave function
402: System
402: Wave function
129: System
129: Wave function
d 1 i 0 : 2 -> 5 sign 1
d 1 i 1 : 3 -> 6 sign 1
d 2 i 0 : 2 -> 5 sign 1
d 2 i 1 : 4 -> 7 sign 1
449: Pseudopotential
d 1 i 0 : 2 -> 5 sign 1
d 1 i 1 : 3 -> 6 sign 1
d 2 i 0 : 2 -> 5 sign 1
d 2 i 1 : 4 -> 7 sign 1
d 1 i 0 : 2 -> 5 sign 1
d 1 i 1 : 3 -> 6 sign 1
d 2 i 0 : 2 -> 5 sign 1
d 2 i 1 : 4 -> 7 sign 1
d 1 i 0 : 2 -> 5 sign 1
d 1 i 1 : 3 -> 6 sign 1
d 2 i 0 : 2 -> 5 sign 1
d 2 i 1 : 4 -> 7 sign 1
d 1 i 0 : 2 -> 5 sign 1
d 1 i 1 : 3 -> 6 sign 1
d 2 i 0 : 2 -> 5 sign 1
d 2 i 1 : 4 -> 7 sign 1
497: Pseudopotential
d 1 i 0 : 2 -> 5 sign 1
d 1 i 1 : 3 -> 6 sign 1
d 2 i 0 : 2 -> 5 sign 1
d 2 i 1 : 4 -> 7 sign 1
d 1 i 0 : 2 -> 5 sign 1
d 1 i 1 : 3 -> 6 sign 1
d 2 i 0 : 2 -> 5 sign 1
d 2 i 1 : 4 -> 7 sign 1
d 1 i 0 : 2 -> 5 sign 1
d 1 i 1 : 3 -> 6 sign 1
d 2 i 0 : 2 -> 5 sign 1
d 2 i 1 : 4 -> 7 sign 1
d 1 i 0 : 2 -> 5 sign 1
d 1 i 1 : 3 -> 6 sign 1
d 2 i 0 : 2 -> 5 sign 1
d 2 i 1 : 4 -> 7 sign 1
d 1 i 0 : 2 -> 5 sign 1
d 1 i 1 : 3 -> 6 sign 1
d 2 i 0 : 2 -> 5 sign 1
d 2 i 1 : 4 -> 7 sign 1
10: Pseudopotential
450: Pseudopotential
d 1 i 0 : 2 -> 5 sign 1
d 1 i 1 : 3 -> 6 sign 1
d 2 i 0 : 2 -> 5 sign 1
d 2 i 1 : 4 -> 7 sign 1
257: Pseudopotential
193: Pseudopotential
d 1 i 0 : 2 -> 5 sign 1
d 1 i 1 : 3 -> 6 sign 1
d 2 i 0 : 2 -> 5 sign 1
d 2 i 1 : 4 -> 7 sign 1
106: Pseudopotential
12: Pseudopotential
d 1 i 0 : 2 -> 5 sign 1
d 1 i 1 : 3 -> 6 sign 1
d 2 i 0 : 2 -> 5 sign 1
d 2 i 1 : 4 -> 7 sign 1
129: Pseudopotential
d 1 i 0 : 2 -> 5 sign 1
d 1 i 1 : 3 -> 6 sign 1
d 2 i 0 : 2 -> 5 sign 1
d 2 i 1 : 4 -> 7 sign 1
276: Pseudopotential
d 1 i 0 : 2 -> 5 sign 1
d 1 i 1 : 3 -> 6 sign 1
d 2 i 0 : 2 -> 5 sign 1
d 2 i 1 : 4 -> 7 sign 1
82: Pseudopotential
d 1 i 0 : 2 -> 5 sign 1
d 1 i 1 : 3 -> 6 sign 1
d 2 i 0 : 2 -> 5 sign 1
d 2 i 1 : 4 -> 7 sign 1
d 1 i 0 : 2 -> 5 sign 1
d 1 i 1 : 3 -> 6 sign 1
d 2 i 0 : 2 -> 5 sign 1
d 2 i 1 : 4 -> 7 sign 1
d 1 i 0 : 2 -> 5 sign 1
d 1 i 1 : 3 -> 6 sign 1
d 2 i 0 : 2 -> 5 sign 1
d 2 i 1 : 4 -> 7 sign 1
138: Pseudopotential
d 1 i 0 : 2 -> 5 sign 1
d 1 i 1 : 3 -> 6 sign 1
d 2 i 0 : 2 -> 5 sign 1
d 2 i 1 : 4 -> 7 sign 1
286: Pseudopotential
250: Pseudopotential
d 1 i 0 : 2 -> 5 sign 1
d 1 i 1 : 3 -> 6 sign 1
d 2 i 0 : 2 -> 5 sign 1
d 2 i 1 : 4 -> 7 sign 1
d 1 i 0 : 2 -> 5 sign 1
d 1 i 1 : 3 -> 6 sign 1
d 2 i 0 : 2 -> 5 sign 1
d 2 i 1 : 4 -> 7 sign 1
470: Pseudopotential
178: Pseudopotential
d 1 i 0 : 2 -> 5 sign 1
d 1 i 1 : 3 -> 6 sign 1
d 2 i 0 : 2 -> 5 sign 1
d 2 i 1 : 4 -> 7 sign 1
d 1 i 0 : 2 -> 5 sign 1
d 1 i 1 : 3 -> 6 sign 1
d 2 i 0 : 2 -> 5 sign 1
d 2 i 1 : 4 -> 7 sign 1
d 1 i 0 : 2 -> 5 sign 1
d 1 i 1 : 3 -> 6 sign 1
d 2 i 0 : 2 -> 5 sign 1
d 2 i 1 : 4 -> 7 sign 1
d 1 i 0 : 2 -> 5 sign 1
d 1 i 1 : 3 -> 6 sign 1
d 2 i 0 : 2 -> 5 sign 1
d 2 i 1 : 4 -> 7 sign 1
d 1 i 0 : 2 -> 5 sign 1
d 1 i 1 : 3 -> 6 sign 1
d 2 i 0 : 2 -> 5 sign 1
d 2 i 1 : 4 -> 7 sign 1
d 1 i 0 : 2 -> 5 sign 1
d 1 i 1 : 3 -> 6 sign 1
d 2 i 0 : 2 -> 5 sign 1
d 2 i 1 : 4 -> 7 sign 1
d 1 i 0 : 2 -> 5 sign 1
d 1 i 1 : 3 -> 6 sign 1
d 2 i 0 : 2 -> 5 sign 1
d 2 i 1 : 4 -> 7 sign 1
218: Pseudopotential
94: Pseudopotential
11: Pseudopotential
451: Pseudopotential
140: Pseudopotential
266: Pseudopotential
d 1 i 0 : 2 -> 5 sign 1
d 1 i 1 : 3 -> 6 sign 1
d 2 i 0 : 2 -> 5 sign 1
d 2 i 1 : 4 -> 7 sign 1
101: Pseudopotential
8: Pseudopotential
468: Pseudopotential
d 1 i 0 : 2 -> 5 sign 1
d 1 i 1 : 3 -> 6 sign 1
d 2 i 0 : 2 -> 5 sign 1
d 2 i 1 : 4 -> 7 sign 1
142: Pseudopotential
292: Pseudopotential
d 1 i 0 : 2 -> 5 sign 1
d 1 i 1 : 3 -> 6 sign 1
d 2 i 0 : 2 -> 5 sign 1
d 2 i 1 : 4 -> 7 sign 1
d 1 i 0 : 2 -> 5 sign 1
d 1 i 1 : 3 -> 6 sign 1
d 2 i 0 : 2 -> 5 sign 1
d 2 i 1 : 4 -> 7 sign 1
d 1 i 0 : 2 -> 5 sign 1
d 1 i 1 : 3 -> 6 sign 1
d 2 i 0 : 2 -> 5 sign 1
d 2 i 1 : 4 -> 7 sign 1
d 1 i 0 : 2 -> 5 sign 1
d 1 i 1 : 3 -> 6 sign 1
d 2 i 0 : 2 -> 5 sign 1
d 2 i 1 : 4 -> 7 sign 1
d 1 i 0 : 2 -> 5 sign 1
d 1 i 1 : 3 -> 6 sign 1
d 2 i 0 : 2 -> 5 sign 1
d 2 i 1 : 4 -> 7 sign 1
d 1 i 0 : 2 -> 5 sign 1
d 1 i 1 : 3 -> 6 sign 1
d 2 i 0 : 2 -> 5 sign 1
d 2 i 1 : 4 -> 7 sign 1
d 1 i 0 : 2 -> 5 sign 1
d 1 i 1 : 3 -> 6 sign 1
d 2 i 0 : 2 -> 5 sign 1
d 2 i 1 : 4 -> 7 sign 1
89: Pseudopotential
1: Pseudopotential
d 1 i 0 : 2 -> 5 sign 1
d 1 i 1 : 3 -> 6 sign 1
d 2 i 0 : 2 -> 5 sign 1
d 2 i 1 : 4 -> 7 sign 1
164: Pseudopotential
d 1 i 0 : 2 -> 5 sign 1
d 1 i 1 : 3 -> 6 sign 1
d 2 i 0 : 2 -> 5 sign 1
d 2 i 1 : 4 -> 7 sign 1
246: Pseudopotential
d 1 i 0 : 2 -> 5 sign 1
d 1 i 1 : 3 -> 6 sign 1
d 2 i 0 : 2 -> 5 sign 1
d 2 i 1 : 4 -> 7 sign 1
d 1 i 0 : 2 -> 5 sign 1
d 1 i 1 : 3 -> 6 sign 1
d 2 i 0 : 2 -> 5 sign 1
d 2 i 1 : 4 -> 7 sign 1
d 1 i 0 : 2 -> 5 sign 1
d 1 i 1 : 3 -> 6 sign 1
d 2 i 0 : 2 -> 5 sign 1
d 2 i 1 : 4 -> 7 sign 1
d 1 i 0 : 2 -> 5 sign 1
d 1 i 1 : 3 -> 6 sign 1
d 2 i 0 : 2 -> 5 sign 1
d 2 i 1 : 4 -> 7 sign 1
d 1 i 0 : 2 -> 5 sign 1
d 1 i 1 : 3 -> 6 sign 1
d 2 i 0 : 2 -> 5 sign 1
d 2 i 1 : 4 -> 7 sign 1
204: Pseudopotential
d 1 i 0 : 2 -> 5 sign 1
d 1 i 1 : 3 -> 6 sign 1
d 2 i 0 : 2 -> 5 sign 1
d 2 i 1 : 4 -> 7 sign 1
d 1 i 0 : 2 -> 5 sign 1
d 1 i 1 : 3 -> 6 sign 1
d 2 i 0 : 2 -> 5 sign 1
d 2 i 1 : 4 -> 7 sign 1
506: Pseudopotential
d 1 i 0 : 2 -> 5 sign 1
d 1 i 1 : 3 -> 6 sign 1
d 2 i 0 : 2 -> 5 sign 1
d 2 i 1 : 4 -> 7 sign 1
d 1 i 0 : 2 -> 5 sign 1
d 1 i 1 : 3 -> 6 sign 1
d 2 i 0 : 2 -> 5 sign 1
d 2 i 1 : 4 -> 7 sign 1
280: Pseudopotential
d 1 i 0 : 2 -> 5 sign 1
d 1 i 1 : 3 -> 6 sign 1
d 2 i 0 : 2 -> 5 sign 1
d 2 i 1 : 4 -> 7 sign 1
206: Pseudopotential
d 1 i 0 : 2 -> 5 sign 1
d 1 i 1 : 3 -> 6 sign 1
d 2 i 0 : 2 -> 5 sign 1
d 2 i 1 : 4 -> 7 sign 1
9: Pseudopotential
d 1 i 0 : 2 -> 5 sign 1
d 1 i 1 : 3 -> 6 sign 1
d 2 i 0 : 2 -> 5 sign 1
d 2 i 1 : 4 -> 7 sign 1
d 1 i 0 : 2 -> 5 sign 1
d 1 i 1 : 3 -> 6 sign 1
d 2 i 0 : 2 -> 5 sign 1
d 2 i 1 : 4 -> 7 sign 1
151: Pseudopotential
d 1 i 0 : 2 -> 5 sign 1
d 1 i 1 : 3 -> 6 sign 1
d 2 i 0 : 2 -> 5 sign 1
d 2 i 1 : 4 -> 7 sign 1
282: Pseudopotential
d 1 i 0 : 2 -> 5 sign 1
d 1 i 1 : 3 -> 6 sign 1
d 2 i 0 : 2 -> 5 sign 1
d 2 i 1 : 4 -> 7 sign 1
d 1 i 0 : 2 -> 5 sign 1
d 1 i 1 : 3 -> 6 sign 1
d 2 i 0 : 2 -> 5 sign 1
d 2 i 1 : 4 -> 7 sign 1
13: Pseudopotential
d 1 i 0 : 2 -> 5 sign 1
d 1 i 1 : 3 -> 6 sign 1
d 2 i 0 : 2 -> 5 sign 1
d 2 i 1 : 4 -> 7 sign 1
d 1 i 0 : 2 -> 5 sign 1
d 1 i 1 : 3 -> 6 sign 1
d 2 i 0 : 2 -> 5 sign 1
d 2 i 1 : 4 -> 7 sign 1
231: Pseudopotential
105: Pseudopotential
14: Pseudopotential
482: Pseudopotential
d 1 i 0 : 2 -> 5 sign 1
d 1 i 1 : 3 -> 6 sign 1
d 2 i 0 : 2 -> 5 sign 1
d 2 i 1 : 4 -> 7 sign 1
d 1 i 0 : 2 -> 5 sign 1
d 1 i 1 : 3 -> 6 sign 1
d 2 i 0 : 2 -> 5 sign 1
d 2 i 1 : 4 -> 7 sign 1
294: Pseudopotential
d 1 i 0 : 2 -> 5 sign 1
d 1 i 1 : 3 -> 6 sign 1
d 2 i 0 : 2 -> 5 sign 1
d 2 i 1 : 4 -> 7 sign 1
210: Pseudopotential
111: Pseudopotential
d 1 i 0 : 2 -> 5 sign 1
d 1 i 1 : 3 -> 6 sign 1
d 2 i 0 : 2 -> 5 sign 1
d 1 i 0 : 2 -> 5 sign 1
d 1 i 1 : 3 -> 6 sign 1
d 2 i 0 : 2 -> 5 sign 1
d 2 i 1 : 4 -> 7 sign 1
d 1 i 0 : 2 -> 5 sign 1
d 1 i 1 : 3 -> 6 sign 1
d 2 i 0 : 2 -> 5 sign 1
d 2 i 1 : 4 -> 7 sign 1
186: Pseudopotential
d 1 i 0 : 2 -> 5 sign 1
d 1 i 1 : 3 -> 6 sign 1
d 2 i 0 : 2 -> 5 sign 1
d 2 i 1 : 4 -> 7 sign 1
302: Pseudopotential
d 1 i 0 : 2 -> 5 sign 1
d 1 i 1 : 3 -> 6 sign 1
d 2 i 0 : 2 -> 5 sign 1
d 2 i 1 : 4 -> 7 sign 1
77: Pseudopotential
d 1 i 0 : 2 -> 5 sign 1
d 1 i 1 : 3 -> 6 sign 1
d 2 i 0 : 2 -> 5 sign 1
d 2 i 1 : 4 -> 7 sign 1
492: Pseudopotential
d 1 i 0 : 2 -> 5 sign 1
d 1 i 1 : 3 -> 6 sign 1
d 2 i 0 : 2 -> 5 sign 1
d 2 i 1 : 4 -> 7 sign 1
306: Pseudopotential
228: Pseudopotential
d 1 i 0 : 2 -> 5 sign 1
d 1 i 1 : 3 -> 6 sign 1
d 2 i 0 : 2 -> 5 sign 1
d 2 i 1 : 4 -> 7 sign 1
d 1 i 0 : 2 -> 5 sign 1
d 1 i 1 : 3 -> 6 sign 1
d 2 i 0 : 2 -> 5 sign 1
d 2 i 1 : 4 -> 7 sign 1
458: Pseudopotential
d 2 i 1 : 4 -> 7 sign 1
d 1 i 0 : 2 -> 5 sign 1
d 1 i 1 : 3 -> 6 sign 1
d 2 i 0 : 2 -> 5 sign 1
d 2 i 1 : 4 -> 7 sign 1
147: Pseudopotential
d 1 i 0 : 2 -> 5 sign 1
d 1 i 1 : 3 -> 6 sign 1
d 2 i 0 : 2 -> 5 sign 1
d 2 i 1 : 4 -> 7 sign 1
314: Pseudopotential
d 1 i 0 : 2 -> 5 sign 1
d 1 i 1 : 3 -> 6 sign 1
d 2 i 0 : 2 -> 5 sign 1
d 2 i 1 : 4 -> 7 sign 1
234: Pseudopotential
d 1 i 0 : 2 -> 5 sign 1
d 1 i 1 : 3 -> 6 sign 1
d 2 i 0 : 2 -> 5 sign 1
d 2 i 1 : 4 -> 7 sign 1
23: Pseudopotential
489: Pseudopotential
170: Pseudopotential
274: Pseudopotential
d 1 i 0 : 2 -> 5 sign 1
d 1 i 1 : 3 -> 6 sign 1
d 2 i 0 : 2 -> 5 sign 1
d 2 i 1 : 4 -> 7 sign 1
d 1 i 0 : 2 -> 5 sign 1
d 1 i 1 : 3 -> 6 sign 1
d 2 i 0 : 2 -> 5 sign 1
d 2 i 1 : 4 -> 7 sign 1
60: Pseudopotential
494: Pseudopotential
180: Pseudopotential
278: Pseudopotential
d 1 i 0 : 2 -> 5 sign 1
d 1 i 1 : 3 -> 6 sign 1
d 2 i 0 : 2 -> 5 sign 1
d 2 i 1 : 4 -> 7 sign 1
74: Pseudopotential
62: Pseudopotential
d 1 i 0 : 2 -> 5 sign 1
d 1 i 1 : 3 -> 6 sign 1
d 2 i 0 : 2 -> 5 sign 1
d 2 i 1 : 4 -> 7 sign 1
182: Pseudopotential
d 1 i 0 : 2 -> 5 sign 1
d 1 i 1 : 3 -> 6 sign 1
d 2 i 0 : 2 -> 5 sign 1
d 2 i 1 : 4 -> 7 sign 1
d 1 i 0 : 2 -> 5 sign 1
d 1 i 1 : 3 -> 6 sign 1
d 2 i 0 : 2 -> 5 sign 1
d 2 i 1 : 4 -> 7 sign 1
242: Pseudopotential
90: Pseudopotential
d 1 i 0 : 2 -> 5 sign 1
d 1 i 1 : 3 -> 6 sign 1
d 2 i 0 : 2 -> 5 sign 1
d 2 i 1 : 4 -> 7 sign 1
d 1 i 0 : 2 -> 5 sign 1
d 1 i 1 : 3 -> 6 sign 1
d 2 i 0 : 2 -> 5 sign 1
d 2 i 1 : 4 -> 7 sign 1
145: Pseudopotential
284: Pseudopotential
d 1 i 0 : 2 -> 5 sign 1
d 1 i 1 : 3 -> 6 sign 1
d 2 i 0 : 2 -> 5 sign 1
d 2 i 1 : 4 -> 7 sign 1
202: Pseudopotential
d 1 i 0 : 2 -> 5 sign 1
d 1 i 1 : 3 -> 6 sign 1
d 2 i 0 : 2 -> 5 sign 1
d 2 i 1 : 4 -> 7 sign 1
28: Pseudopotential
474: Pseudopotential
d 1 i 0 : 2 -> 5 sign 1
d 1 i 1 : 3 -> 6 sign 1
d 2 i 0 : 2 -> 5 sign 1
d 2 i 1 : 4 -> 7 sign 1
d 1 i 0 : 2 -> 5 sign 1
d 1 i 1 : 3 -> 6 sign 1
d 2 i 0 : 2 -> 5 sign 1
d 2 i 1 : 4 -> 7 sign 1
297: Pseudopotential
d 1 i 0 : 2 -> 5 sign 1
d 1 i 1 : 3 -> 6 sign 1
d 2 i 0 : 2 -> 5 sign 1
d 2 i 1 : 4 -> 7 sign 1
223: Pseudopotential
d 1 i 0 : 2 -> 5 sign 1
d 1 i 1 : 3 -> 6 sign 1
d 2 i 0 : 2 -> 5 sign 1
d 2 i 1 : 4 -> 7 sign 1
d 1 i 0 : 2 -> 5 sign 1
d 1 i 1 : 3 -> 6 sign 1
d 2 i 0 : 2 -> 5 sign 1
d 2 i 1 : 4 -> 7 sign 1
d 1 i 0 : 2 -> 5 sign 1
d 1 i 1 : 3 -> 6 sign 1
d 2 i 0 : 2 -> 5 sign 1
d 2 i 1 : 4 -> 7 sign 1
167: Pseudopotential
279: Pseudopotential
226: Pseudopotential
d 1 i 0 : 2 -> 5 sign 1
d 1 i 1 : 3 -> 6 sign 1
d 2 i 0 : 2 -> 5 sign 1
d 2 i 1 : 4 -> 7 sign 1
58: Pseudopotential
466: Pseudopotential
d 1 i 0 : 2 -> 5 sign 1
d 1 i 1 : 3 -> 6 sign 1
d 2 i 0 : 2 -> 5 sign 1
d 2 i 1 : 4 -> 7 sign 1
d 1 i 0 : 2 -> 5 sign 1
d 1 i 1 : 3 -> 6 sign 1
d 2 i 0 : 2 -> 5 sign 1
d 2 i 1 : 4 -> 7 sign 1
236: Pseudopotential
122: Pseudopotential
d 1 i 0 : 2 -> 5 sign 1
d 1 i 1 : 3 -> 6 sign 1
d 2 i 0 : 2 -> 5 sign 1
d 2 i 1 : 4 -> 7 sign 1
490: Pseudopotential
d 1 i 0 : 2 -> 5 sign 1
d 1 i 1 : 3 -> 6 sign 1
d 2 i 0 : 2 -> 5 sign 1
d 2 i 1 : 4 -> 7 sign 1
d 1 i 0 : 2 -> 5 sign 1
d 1 i 1 : 3 -> 6 sign 1
d 2 i 0 : 2 -> 5 sign 1
d 2 i 1 : 4 -> 7 sign 1
238: Pseudopotential
d 1 i 0 : 2 -> 5 sign 1
d 1 i 1 : 3 -> 6 sign 1
d 2 i 0 : 2 -> 5 sign 1
d 2 i 1 : 4 -> 7 sign 1
d 1 i 0 : 2 -> 5 sign 1
d 1 i 1 : 3 -> 6 sign 1
d 2 i 0 : 2 -> 5 sign 1
d 2 i 1 : 4 -> 7 sign 1
498: Pseudopotential
154: Pseudopotential
298: Pseudopotential
d 1 i 0 : 2 -> 5 sign 1
d 1 i 1 : 3 -> 6 sign 1
d 2 i 0 : 2 -> 5 sign 1
d 2 i 1 : 4 -> 7 sign 1
254: Pseudopotential
98: Pseudopotential
d 1 i 0 : 2 -> 5 sign 1
d 1 i 1 : 3 -> 6 sign 1
d 2 i 0 : 2 -> 5 sign 1
d 2 i 1 : 4 -> 7 sign 1
d 1 i 0 : 2 -> 5 sign 1
d 1 i 1 : 3 -> 6 sign 1
d 2 i 0 : 2 -> 5 sign 1
d 2 i 1 : 4 -> 7 sign 1
d 1 i 0 : 2 -> 5 sign 1
d 1 i 1 : 3 -> 6 sign 1
d 2 i 0 : 2 -> 5 sign 1
d 2 i 1 : 4 -> 7 sign 1
d 1 i 0 : 2 -> 5 sign 1
d 1 i 1 : 3 -> 6 sign 1
d 2 i 0 : 2 -> 5 sign 1
d 2 i 1 : 4 -> 7 sign 1
d 1 i 0 : 2 -> 5 sign 1
d 1 i 1 : 3 -> 6 sign 1
d 2 i 0 : 2 -> 5 sign 1
d 2 i 1 : 4 -> 7 sign 1
100: Pseudopotential
d 1 i 0 : 2 -> 5 sign 1
d 1 i 1 : 3 -> 6 sign 1
d 2 i 0 : 2 -> 5 sign 1
d 2 i 1 : 4 -> 7 sign 1
d 1 i 0 : 2 -> 5 sign 1
d 1 i 1 : 3 -> 6 sign 1
d 2 i 0 : 2 -> 5 sign 1
d 2 i 1 : 4 -> 7 sign 1
146: Pseudopotential
290: Pseudopotential
230: Pseudopotential
102: Pseudopotential
30: Pseudopotential
d 1 i 0 : 2 -> 5 sign 1
d 1 i 1 : 3 -> 6 sign 1
d 2 i 0 : 2 -> 5 sign 1
d 2 i 1 : 4 -> 7 sign 1
162: Pseudopotential
d 1 i 0 : 2 -> 5 sign 1
d 1 i 1 : 3 -> 6 sign 1
d 2 i 0 : 2 -> 5 sign 1
d 2 i 1 : 4 -> 7 sign 1
d 1 i 0 : 2 -> 5 sign 1
d 1 i 1 : 3 -> 6 sign 1
d 2 i 0 : 2 -> 5 sign 1
d 2 i 1 : 4 -> 7 sign 1
d 1 i 0 : 2 -> 5 sign 1
d 1 i 1 : 3 -> 6 sign 1
d 2 i 0 : 2 -> 5 sign 1
d 2 i 1 : 4 -> 7 sign 1
108: Pseudopotential
36: Pseudopotential
d 1 i 0 : 2 -> 5 sign 1
d 1 i 1 : 3 -> 6 sign 1
d 2 i 0 : 2 -> 5 sign 1
d 2 i 1 : 4 -> 7 sign 1
d 1 i 0 : 2 -> 5 sign 1
d 1 i 1 : 3 -> 6 sign 1
d 2 i 0 : 2 -> 5 sign 1
d 2 i 1 : 4 -> 7 sign 1
d 1 i 0 : 2 -> 5 sign 1
d 1 i 1 : 3 -> 6 sign 1
d 2 i 0 : 2 -> 5 sign 1
d 2 i 1 : 4 -> 7 sign 1
d 1 i 0 : 2 -> 5 sign 1
d 1 i 1 : 3 -> 6 sign 1
d 2 i 0 : 2 -> 5 sign 1
d 2 i 1 : 4 -> 7 sign 1
118: Pseudopotential
38: Pseudopotential
d 1 i 0 : 2 -> 5 sign 1
d 1 i 1 : 3 -> 6 sign 1
d 2 i 0 : 2 -> 5 sign 1
d 2 i 1 : 4 -> 7 sign 1
d 1 i 0 : 2 -> 5 sign 1
d 1 i 1 : 3 -> 6 sign 1
d 2 i 0 : 2 -> 5 sign 1
d 2 i 1 : 4 -> 7 sign 1
316: Pseudopotential
d 1 i 0 : 2 -> 5 sign 1
d 1 i 1 : 3 -> 6 sign 1
d 2 i 0 : 2 -> 5 sign 1
d 2 i 1 : 4 -> 7 sign 1
84: Pseudopotential
17: Pseudopotential
d 1 i 0 : 2 -> 5 sign 1
d 1 i 1 : 3 -> 6 sign 1
d 2 i 0 : 2 -> 5 sign 1
d 2 i 1 : 4 -> 7 sign 1
491: Pseudopotential
d 1 i 0 : 2 -> 5 sign 1
d 1 i 1 : 3 -> 6 sign 1
d 2 i 0 : 2 -> 5 sign 1
d 2 i 1 : 4 -> 7 sign 1
295: Pseudopotential
221: Pseudopotential
d 1 i 0 : 2 -> 5 sign 1
d 1 i 1 : 3 -> 6 sign 1
d 2 i 0 : 2 -> 5 sign 1
d 2 i 1 : 4 -> 7 sign 1
d 1 i 0 : 2 -> 5 sign 1
d 1 i 1 : 3 -> 6 sign 1
d 2 i 0 : 2 -> 5 sign 1
d 2 i 1 : 4 -> 7 sign 1
d 1 i 0 : 2 -> 5 sign 1
d 1 i 1 : 3 -> 6 sign 1
d 2 i 0 : 2 -> 5 sign 1
d 2 i 1 : 4 -> 7 sign 1
d 1 i 0 : 2 -> 5 sign 1
d 1 i 1 : 3 -> 6 sign 1
d 2 i 0 : 2 -> 5 sign 1
d 2 i 1 : 4 -> 7 sign 1
299: Pseudopotential
d 1 i 0 : 2 -> 5 sign 1
d 1 i 1 : 3 -> 6 sign 1
d 2 i 0 : 2 -> 5 sign 1
d 2 i 1 : 4 -> 7 sign 1
93: Pseudopotential
d 1 i 0 : 2 -> 5 sign 1
d 1 i 1 : 3 -> 6 sign 1
d 2 i 0 : 2 -> 5 sign 1
d 2 i 1 : 4 -> 7 sign 1
d 1 i 0 : 2 -> 5 sign 1
d 1 i 1 : 3 -> 6 sign 1
d 2 i 0 : 2 -> 5 sign 1
d 2 i 1 : 4 -> 7 sign 1
185: Pseudopotential
d 1 i 0 : 2 -> 5 sign 1
d 1 i 1 : 3 -> 6 sign 1
d 2 i 0 : 2 -> 5 sign 1
d 2 i 1 : 4 -> 7 sign 1
253: Pseudopotential
d 1 i 0 : 2 -> 5 sign 1
d 1 i 1 : 3 -> 6 sign 1
d 2 i 0 : 2 -> 5 sign 1
d 2 i 1 : 4 -> 7 sign 1
124: Pseudopotential
d 1 i 0 : 2 -> 5 sign 1
d 1 i 1 : 3 -> 6 sign 1
d 2 i 0 : 2 -> 5 sign 1
d 2 i 1 : 4 -> 7 sign 1
d 1 i 0 : 2 -> 5 sign 1
d 1 i 1 : 3 -> 6 sign 1
d 2 i 0 : 2 -> 5 sign 1
d 2 i 1 : 4 -> 7 sign 1
504: Pseudopotential
159: Pseudopotential
313: Pseudopotential
d 1 i 0 : 2 -> 5 sign 1
d 1 i 1 : 3 -> 6 sign 1
d 2 i 0 : 2 -> 5 sign 1
d 2 i 1 : 4 -> 7 sign 1
d 1 i 0 : 2 -> 5 sign 1
d 1 i 1 : 3 -> 6 sign 1
d 2 i 0 : 2 -> 5 sign 1
d 2 i 1 : 4 -> 7 sign 1
31: Pseudopotential
d 1 i 0 : 2 -> 5 sign 1
d 1 i 1 : 3 -> 6 sign 1
d 2 i 0 : 2 -> 5 sign 1
d 2 i 1 : 4 -> 7 sign 1
d 1 i 0 : 2 -> 5 sign 1
d 1 i 1 : 3 -> 6 sign 1
d 2 i 0 : 2 -> 5 sign 1
d 2 i 1 : 4 -> 7 sign 1
d 1 i 0 : 2 -> 5 sign 1
d 1 i 1 : 3 -> 6 sign 1
d 2 i 0 : 2 -> 5 sign 1
d 2 i 1 : 4 -> 7 sign 1
222: Pseudopotential
116: Pseudopotential
20: Pseudopotential
461: Pseudopotential
163: Pseudopotential
d 1 i 0 : 2 -> 5 sign 1
d 1 i 1 : 3 -> 6 sign 1
d 2 i 0 : 2 -> 5 sign 1
d 2 i 1 : 4 -> 7 sign 1
d 1 i 0 : 2 -> 5 sign 1
d 1 i 1 : 3 -> 6 sign 1
d 2 i 0 : 2 -> 5 sign 1
d 2 i 1 : 4 -> 7 sign 1
d 1 i 0 : 2 -> 5 sign 1
d 1 i 1 : 3 -> 6 sign 1
d 2 i 0 : 2 -> 5 sign 1
d 2 i 1 : 4 -> 7 sign 1
22: Pseudopotential
d 1 i 0 : 2 -> 5 sign 1
d 1 i 1 : 3 -> 6 sign 1
d 2 i 0 : 2 -> 5 sign 1
d 2 i 1 : 4 -> 7 sign 1
471: Pseudopotential
175: Pseudopotential
d 1 i 0 : 2 -> 5 sign 1
d 1 i 1 : 3 -> 6 sign 1
d 2 i 0 : 2 -> 5 sign 1
d 2 i 1 : 4 -> 7 sign 1
214: Pseudopotential
86: Pseudopotential
d 1 i 0 : 2 -> 5 sign 1
d 1 i 1 : 3 -> 6 sign 1
d 2 i 0 : 2 -> 5 sign 1
d 2 i 1 : 4 -> 7 sign 1
d 1 i 0 : 2 -> 5 sign 1
d 1 i 1 : 3 -> 6 sign 1
d 2 i 0 : 2 -> 5 sign 1
d 2 i 1 : 4 -> 7 sign 1
473: Pseudopotential
d 1 i 0 : 2 -> 5 sign 1
d 1 i 1 : 3 -> 6 sign 1
d 2 i 0 : 2 -> 5 sign 1
d 2 i 1 : 4 -> 7 sign 1
d 1 i 0 : 2 -> 5 sign 1
d 1 i 1 : 3 -> 6 sign 1
d 2 i 0 : 2 -> 5 sign 1
d 2 i 1 : 4 -> 7 sign 1
215: Pseudopotential
d 1 i 0 : 2 -> 5 sign 1
d 1 i 1 : 3 -> 6 sign 1
d 2 i 0 : 2 -> 5 sign 1
d 2 i 1 : 4 -> 7 sign 1
d 1 i 0 : 2 -> 5 sign 1
d 1 i 1 : 3 -> 6 sign 1
d 2 i 0 : 2 -> 5 sign 1
d 2 i 1 : 4 -> 7 sign 1
d 1 i 0 : 2 -> 5 sign 1
d 1 i 1 : 3 -> 6 sign 1
d 2 i 0 : 2 -> 5 sign 1
d 2 i 1 : 4 -> 7 sign 1
475: Pseudopotential
161: Pseudopotential
d 1 i 0 : 2 -> 5 sign 1
d 1 i 1 : 3 -> 6 sign 1
d 2 i 0 : 2 -> 5 sign 1
d 2 i 1 : 4 -> 7 sign 1
d 1 i 0 : 2 -> 5 sign 1
d 1 i 1 : 3 -> 6 sign 1
d 2 i 0 : 2 -> 5 sign 1
d 2 i 1 : 4 -> 7 sign 1
d 1 i 0 : 2 -> 5 sign 1
d 1 i 1 : 3 -> 6 sign 1
d 2 i 0 : 2 -> 5 sign 1
d 2 i 1 : 4 -> 7 sign 1
d 1 i 0 : 2 -> 5 sign 1
d 1 i 1 : 3 -> 6 sign 1
d 2 i 0 : 2 -> 5 sign 1
d 2 i 1 : 4 -> 7 sign 1
477: Pseudopotential
d 1 i 0 : 2 -> 5 sign 1
d 1 i 1 : 3 -> 6 sign 1
d 2 i 0 : 2 -> 5 sign 1
d 2 i 1 : 4 -> 7 sign 1
169: Pseudopotential
d 1 i 0 : 2 -> 5 sign 1
d 1 i 1 : 3 -> 6 sign 1
d 2 i 0 : 2 -> 5 sign 1
d 2 i 1 : 4 -> 7 sign 1
212: Pseudopotential
d 1 i 0 : 2 -> 5 sign 1
d 1 i 1 : 3 -> 6 sign 1
d 2 i 0 : 2 -> 5 sign 1
d 2 i 1 : 4 -> 7 sign 1
26: Pseudopotential
479: Pseudopotential
d 1 i 0 : 2 -> 5 sign 1
d 1 i 1 : 3 -> 6 sign 1
d 2 i 0 : 2 -> 5 sign 1
d 2 i 1 : 4 -> 7 sign 1
291: Pseudopotential
d 1 i 0 : 2 -> 5 sign 1
d 1 i 1 : 3 -> 6 sign 1
d 2 i 0 : 2 -> 5 sign 1
d 2 i 1 : 4 -> 7 sign 1
217: Pseudopotential
95: Pseudopotential
d 1 i 0 : 2 -> 5 sign 1
d 1 i 1 : 3 -> 6 sign 1
d 2 i 0 : 2 -> 5 sign 1
d 2 i 1 : 4 -> 7 sign 1
481: Pseudopotential
157: Pseudopotential
d 1 i 0 : 2 -> 5 sign 1
d 1 i 1 : 3 -> 6 sign 1
d 2 i 0 : 2 -> 5 sign 1
d 2 i 1 : 4 -> 7 sign 1
d 1 i 0 : 2 -> 5 sign 1
d 1 i 1 : 3 -> 6 sign 1
d 2 i 0 : 2 -> 5 sign 1
d 2 i 1 : 4 -> 7 sign 1
103: Pseudopotential
19: Pseudopotential
d 1 i 0 : 2 -> 5 sign 1
d 1 i 1 : 3 -> 6 sign 1
d 2 i 0 : 2 -> 5 sign 1
d 2 i 1 : 4 -> 7 sign 1
484: Pseudopotential
d 1 i 0 : 2 -> 5 sign 1
d 1 i 1 : 3 -> 6 sign 1
d 2 i 0 : 2 -> 5 sign 1
d 2 i 1 : 4 -> 7 sign 1
277: Pseudopotential
233: Pseudopotential
117: Pseudopotential
d 1 i 0 : 2 -> 5 sign 1
d 1 i 1 : 3 -> 6 sign 1
d 2 i 0 : 2 -> 5 sign 1
d 2 i 1 : 4 -> 7 sign 1
d 1 i 0 : 2 -> 5 sign 1
d 1 i 1 : 3 -> 6 sign 1
d 2 i 0 : 2 -> 5 sign 1
d 2 i 1 : 4 -> 7 sign 1
486: Pseudopotential
130: Pseudopotential
d 1 i 0 : 2 -> 5 sign 1
d 1 i 1 : 3 -> 6 sign 1
d 2 i 0 : 2 -> 5 sign 1
d 2 i 1 : 4 -> 7 sign 1
d 1 i 0 : 2 -> 5 sign 1
d 1 i 1 : 3 -> 6 sign 1
d 2 i 0 : 2 -> 5 sign 1
d 2 i 1 : 4 -> 7 sign 1
d 1 i 0 : 2 -> 5 sign 1
d 1 i 1 : 3 -> 6 sign 1
d 2 i 0 : 2 -> 5 sign 1
d 2 i 1 : 4 -> 7 sign 1
50: Pseudopotential
488: Pseudopotential
d 1 i 0 : 2 -> 5 sign 1
d 1 i 1 : 3 -> 6 sign 1
d 2 i 0 : 2 -> 5 sign 1
d 2 i 1 : 4 -> 7 sign 1
285: Pseudopotential
d 1 i 0 : 2 -> 5 sign 1
d 1 i 1 : 3 -> 6 sign 1
d 2 i 0 : 2 -> 5 sign 1
d 2 i 1 : 4 -> 7 sign 1
d 1 i 0 : 2 -> 5 sign 1
d 1 i 1 : 3 -> 6 sign 1
d 2 i 0 : 2 -> 5 sign 1
d 2 i 1 : 4 -> 7 sign 1
5: Pseudopotential
d 1 i 0 : 2 -> 5 sign 1
d 1 i 1 : 3 -> 6 sign 1
d 2 i 0 : 2 -> 5 sign 1
d 2 i 1 : 4 -> 7 sign 1
493: Pseudopotential
d 1 i 0 : 2 -> 5 sign 1
d 1 i 1 : 3 -> 6 sign 1
d 2 i 0 : 2 -> 5 sign 1
d 2 i 1 : 4 -> 7 sign 1
287: Pseudopotential
225: Pseudopotential
d 1 i 0 : 2 -> 5 sign 1
d 1 i 1 : 3 -> 6 sign 1
d 2 i 0 : 2 -> 5 sign 1
d 2 i 1 : 4 -> 7 sign 1
d 1 i 0 : 2 -> 5 sign 1
d 1 i 1 : 3 -> 6 sign 1
d 2 i 0 : 2 -> 5 sign 1
d 2 i 1 : 4 -> 7 sign 1
d 1 i 0 : 2 -> 5 sign 1
d 1 i 1 : 3 -> 6 sign 1
d 2 i 0 : 2 -> 5 sign 1
d 2 i 1 : 4 -> 7 sign 1
495: Pseudopotential
d 1 i 0 : 2 -> 5 sign 1
d 1 i 1 : 3 -> 6 sign 1
d 2 i 0 : 2 -> 5 sign 1
d 2 i 1 : 4 -> 7 sign 1
288: Pseudopotential
203: Pseudopotential
92: Pseudopotential
d 1 i 0 : 2 -> 5 sign 1
d 1 i 1 : 3 -> 6 sign 1
d 2 i 0 : 2 -> 5 sign 1
d 2 i 1 : 4 -> 7 sign 1
34: Pseudopotential
499: Pseudopotential
156: Pseudopotential
268: Pseudopotential
199: Pseudopotential
d 1 i 0 : 2 -> 5 sign 1
d 1 i 1 : 3 -> 6 sign 1
d 2 i 0 : 2 -> 5 sign 1
d 2 i 1 : 4 -> 7 sign 1
42: Pseudopotential
500: Pseudopotential
174: Pseudopotential
d 1 i 0 : 2 -> 5 sign 1
d 1 i 1 : 3 -> 6 sign 1
d 2 i 0 : 2 -> 5 sign 1
d 2 i 1 : 4 -> 7 sign 1
d 1 i 0 : 2 -> 5 sign 1
d 1 i 1 : 3 -> 6 sign 1
d 2 i 0 : 2 -> 5 sign 1
d 2 i 1 : 4 -> 7 sign 1
76: Pseudopotential
18: Pseudopotential
d 1 i 0 : 2 -> 5 sign 1
d 1 i 1 : 3 -> 6 sign 1
d 2 i 0 : 2 -> 5 sign 1
d 2 i 1 : 4 -> 7 sign 1
459: Pseudopotential
d 1 i 0 : 2 -> 5 sign 1
d 1 i 1 : 3 -> 6 sign 1
d 2 i 0 : 2 -> 5 sign 1
d 2 i 1 : 4 -> 7 sign 1
181: Pseudopotential
d 1 i 0 : 2 -> 5 sign 1
d 1 i 1 : 3 -> 6 sign 1
d 2 i 0 : 2 -> 5 sign 1
d 2 i 1 : 4 -> 7 sign 1
281: Pseudopotential
d 1 i 0 : 2 -> 5 sign 1
d 1 i 1 : 3 -> 6 sign 1
d 2 i 0 : 2 -> 5 sign 1
d 2 i 1 : 4 -> 7 sign 1
78: Pseudopotential
d 1 i 0 : 2 -> 5 sign 1
d 1 i 1 : 3 -> 6 sign 1
d 2 i 0 : 2 -> 5 sign 1
d 2 i 1 : 4 -> 7 sign 1
418: Pseudopotential
d 1 i 0 : 2 -> 5 sign 1
d 1 i 1 : 3 -> 6 sign 1
d 2 i 0 : 2 -> 5 sign 1
d 2 i 1 : 4 -> 7 sign 1
502: Pseudopotential
d 1 i 0 : 2 -> 5 sign 1
d 1 i 1 : 3 -> 6 sign 1
d 2 i 0 : 2 -> 5 sign 1
d 2 i 1 : 4 -> 7 sign 1
273: Pseudopotential
207: Pseudopotential
d 1 i 0 : 2 -> 5 sign 1
d 1 i 1 : 3 -> 6 sign 1
d 2 i 0 : 2 -> 5 sign 1
d 2 i 1 : 4 -> 7 sign 1
d 1 i 0 : 2 -> 5 sign 1
d 1 i 1 : 3 -> 6 sign 1
d 2 i 0 : 2 -> 5 sign 1
d 2 i 1 : 4 -> 7 sign 1
d 1 i 0 : 2 -> 5 sign 1
d 1 i 1 : 3 -> 6 sign 1
d 2 i 0 : 2 -> 5 sign 1
d 2 i 1 : 4 -> 7 sign 1
420: Pseudopotential
d 1 i 0 : 2 -> 5 sign 1
d 1 i 1 : 3 -> 6 sign 1
d 2 i 0 : 2 -> 5 sign 1
d 2 i 1 : 4 -> 7 sign 1
505: Pseudopotential
144: Pseudopotential
275: Pseudopotential
d 1 i 0 : 2 -> 5 sign 1
d 1 i 1 : 3 -> 6 sign 1
d 2 i 0 : 2 -> 5 sign 1
d 2 i 1 : 4 -> 7 sign 1
114: Pseudopotential
d 1 i 0 : 2 -> 5 sign 1
d 1 i 1 : 3 -> 6 sign 1
d 2 i 0 : 2 -> 5 sign 1
d 2 i 1 : 4 -> 7 sign 1
d 1 i 0 : 2 -> 5 sign 1
d 1 i 1 : 3 -> 6 sign 1
d 2 i 0 : 2 -> 5 sign 1
d 2 i 1 : 4 -> 7 sign 1
d 1 i 0 : 2 -> 5 sign 1
d 1 i 1 : 3 -> 6 sign 1
d 2 i 0 : 2 -> 5 sign 1
d 2 i 1 : 4 -> 7 sign 1
149: Pseudopotential
283: Pseudopotential
d 1 i 0 : 2 -> 5 sign 1
d 1 i 1 : 3 -> 6 sign 1
d 2 i 0 : 2 -> 5 sign 1
d 2 i 1 : 4 -> 7 sign 1
227: Pseudopotential
d 1 i 0 : 2 -> 5 sign 1
d 1 i 1 : 3 -> 6 sign 1
d 2 i 0 : 2 -> 5 sign 1
d 2 i 1 : 4 -> 7 sign 1
67: Pseudopotential
d 1 i 0 : 2 -> 5 sign 1
d 1 i 1 : 3 -> 6 sign 1
d 2 i 0 : 2 -> 5 sign 1
d 2 i 1 : 4 -> 7 sign 1
d 1 i 0 : 2 -> 5 sign 1
d 1 i 1 : 3 -> 6 sign 1
d 2 i 0 : 2 -> 5 sign 1
d 2 i 1 : 4 -> 7 sign 1
d 1 i 0 : 2 -> 5 sign 1
d 1 i 1 : 3 -> 6 sign 1
d 2 i 0 : 2 -> 5 sign 1
d 2 i 1 : 4 -> 7 sign 1
d 1 i 0 : 2 -> 5 sign 1
d 1 i 1 : 3 -> 6 sign 1
d 2 i 0 : 2 -> 5 sign 1
d 2 i 1 : 4 -> 7 sign 1
d 1 i 0 : 2 -> 5 sign 1
d 1 i 1 : 3 -> 6 sign 1
d 2 i 0 : 2 -> 5 sign 1
d 2 i 1 : 4 -> 7 sign 1
300: Pseudopotential
d 1 i 0 : 2 -> 5 sign 1
d 1 i 1 : 3 -> 6 sign 1
d 2 i 0 : 2 -> 5 sign 1
d 2 i 1 : 4 -> 7 sign 1
201: Pseudopotential
d 1 i 0 : 2 -> 5 sign 1
d 1 i 1 : 3 -> 6 sign 1
d 2 i 0 : 2 -> 5 sign 1
d 2 i 1 : 4 -> 7 sign 1
81: Pseudopotential
d 1 i 0 : 2 -> 5 sign 1
d 1 i 1 : 3 -> 6 sign 1
d 2 i 0 : 2 -> 5 sign 1
d 2 i 1 : 4 -> 7 sign 1
d 1 i 0 : 2 -> 5 sign 1
d 1 i 1 : 3 -> 6 sign 1
d 2 i 0 : 2 -> 5 sign 1
d 2 i 1 : 4 -> 7 sign 1
d 1 i 0 : 2 -> 5 sign 1
d 1 i 1 : 3 -> 6 sign 1
d 2 i 0 : 2 -> 5 sign 1
d 2 i 1 : 4 -> 7 sign 1
d 1 i 0 : 2 -> 5 sign 1
d 1 i 1 : 3 -> 6 sign 1
d 2 i 0 : 2 -> 5 sign 1
d 2 i 1 : 4 -> 7 sign 1
d 1 i 0 : 2 -> 5 sign 1
d 1 i 1 : 3 -> 6 sign 1
d 2 i 0 : 2 -> 5 sign 1
d 2 i 1 : 4 -> 7 sign 1
205: Pseudopotential
91: Pseudopotential
52: Pseudopotential
d 1 i 0 : 2 -> 5 sign 1
d 1 i 1 : 3 -> 6 sign 1
d 2 i 0 : 2 -> 5 sign 1
d 2 i 1 : 4 -> 7 sign 1
d 1 i 0 : 2 -> 5 sign 1
d 1 i 1 : 3 -> 6 sign 1
d 2 i 0 : 2 -> 5 sign 1
d 2 i 1 : 4 -> 7 sign 1
483: Pseudopotential
132: Pseudopotential
303: Pseudopotential
211: Pseudopotential
d 1 i 0 : 2 -> 5 sign 1
d 1 i 1 : 3 -> 6 sign 1
d 2 i 0 : 2 -> 5 sign 1
d 2 i 1 : 4 -> 7 sign 1
97: Pseudopotential
61: Pseudopotential
434: Pseudopotential
496: Pseudopotential
d 1 i 0 : 2 -> 5 sign 1
d 1 i 1 : 3 -> 6 sign 1
d 2 i 0 : 2 -> 5 sign 1
d 2 i 1 : 4 -> 7 sign 1
d 1 i 0 : 2 -> 5 sign 1
d 1 i 1 : 3 -> 6 sign 1
d 2 i 0 : 2 -> 5 sign 1
d 2 i 1 : 4 -> 7 sign 1
d 1 i 0 : 2 -> 5 sign 1
d 1 i 1 : 3 -> 6 sign 1
d 2 i 0 : 2 -> 5 sign 1
d 2 i 1 : 4 -> 7 sign 1
229: Pseudopotential
d 1 i 0 : 2 -> 5 sign 1
d 1 i 1 : 3 -> 6 sign 1
d 2 i 0 : 2 -> 5 sign 1
d 2 i 1 : 4 -> 7 sign 1
64: Pseudopotential
63: Pseudopotential
d 1 i 0 : 2 -> 5 sign 1
d 1 i 1 : 3 -> 6 sign 1
d 2 i 0 : 2 -> 5 sign 1
d 2 i 1 : 4 -> 7 sign 1
511: Pseudopotential
179: Pseudopotential
d 1 i 0 : 2 -> 5 sign 1
d 1 i 1 : 3 -> 6 sign 1
d 2 i 0 : 2 -> 5 sign 1
d 2 i 1 : 4 -> 7 sign 1
d 1 i 0 : 2 -> 5 sign 1
d 1 i 1 : 3 -> 6 sign 1
d 2 i 0 : 2 -> 5 sign 1
d 2 i 1 : 4 -> 7 sign 1
d 1 i 0 : 2 -> 5 sign 1
d 1 i 1 : 3 -> 6 sign 1
d 2 i 0 : 2 -> 5 sign 1
d 2 i 1 : 4 -> 7 sign 1
107: Pseudopotential
27: Pseudopotential
d 1 i 0 : 2 -> 5 sign 1
d 1 i 1 : 3 -> 6 sign 1
d 2 i 0 : 2 -> 5 sign 1
d 2 i 1 : 4 -> 7 sign 1
509: Pseudopotential
d 1 i 0 : 2 -> 5 sign 1
d 1 i 1 : 3 -> 6 sign 1
d 2 i 0 : 2 -> 5 sign 1
d 2 i 1 : 4 -> 7 sign 1
259: Pseudopotential
d 1 i 0 : 2 -> 5 sign 1
d 1 i 1 : 3 -> 6 sign 1
d 2 i 0 : 2 -> 5 sign 1
d 2 i 1 : 4 -> 7 sign 1
213: Pseudopotential
d 1 i 0 : 2 -> 5 sign 1
d 1 i 1 : 3 -> 6 sign 1
d 2 i 0 : 2 -> 5 sign 1
d 2 i 1 : 4 -> 7 sign 1
43: Pseudopotential
d 1 i 0 : 2 -> 5 sign 1
d 1 i 1 : 3 -> 6 sign 1
d 2 i 0 : 2 -> 5 sign 1
d 2 i 1 : 4 -> 7 sign 1
d 1 i 0 : 2 -> 5 sign 1
d 1 i 1 : 3 -> 6 sign 1
d 2 i 0 : 2 -> 5 sign 1
d 2 i 1 : 4 -> 7 sign 1
150: Pseudopotential
d 1 i 0 : 2 -> 5 sign 1
d 1 i 1 : 3 -> 6 sign 1
d 2 i 0 : 2 -> 5 sign 1
d 2 i 1 : 4 -> 7 sign 1
d 1 i 0 : 2 -> 5 sign 1
d 1 i 1 : 3 -> 6 sign 1
d 2 i 0 : 2 -> 5 sign 1
d 2 i 1 : 4 -> 7 sign 1
216: Pseudopotential
109: Pseudopotential
d 1 i 0 : 2 -> 5 sign 1
d 1 i 1 : 3 -> 6 sign 1
d 2 i 0 : 2 -> 5 sign 1
d 2 i 1 : 4 -> 7 sign 1
57: Pseudopotential
d 1 i 0 : 2 -> 5 sign 1
d 1 i 1 : 3 -> 6 sign 1
d 2 i 0 : 2 -> 5 sign 1
d 2 i 1 : 4 -> 7 sign 1
463: Pseudopotential
172: Pseudopotential
262: Pseudopotential
209: Pseudopotential
d 1 i 0 : 2 -> 5 sign 1
d 1 i 1 : 3 -> 6 sign 1
d 2 i 0 : 2 -> 5 sign 1
d 2 i 1 : 4 -> 7 sign 1
d 1 i 0 : 2 -> 5 sign 1
d 1 i 1 : 3 -> 6 sign 1
d 2 i 0 : 2 -> 5 sign 1
d 2 i 1 : 4 -> 7 sign 1
d 1 i 0 : 2 -> 5 sign 1
d 1 i 1 : 3 -> 6 sign 1
d 2 i 0 : 2 -> 5 sign 1
d 2 i 1 : 4 -> 7 sign 1
d 1 i 0 : 2 -> 5 sign 1
d 1 i 1 : 3 -> 6 sign 1
d 2 i 0 : 2 -> 5 sign 1
d 2 i 1 : 4 -> 7 sign 1
148: Pseudopotential
269: Pseudopotential
d 1 i 0 : 2 -> 5 sign 1
d 1 i 1 : 3 -> 6 sign 1
d 2 i 0 : 2 -> 5 sign 1
d 2 i 1 : 4 -> 7 sign 1
237: Pseudopotential
d 1 i 0 : 2 -> 5 sign 1
d 1 i 1 : 3 -> 6 sign 1
d 2 i 0 : 2 -> 5 sign 1
d 2 i 1 : 4 -> 7 sign 1
d 1 i 0 : 2 -> 5 sign 1
d 1 i 1 : 3 -> 6 sign 1
d 2 i 0 : 2 -> 5 sign 1
d 2 i 1 : 4 -> 7 sign 1
29: Pseudopotential
438: Pseudopotential
465: Pseudopotential
d 1 i 0 : 2 -> 5 sign 1
d 1 i 1 : 3 -> 6 sign 1
d 2 i 0 : 2 -> 5 sign 1
d 2 i 1 : 4 -> 7 sign 1
165: Pseudopotential
d 1 i 0 : 2 -> 5 sign 1
d 1 i 1 : 3 -> 6 sign 1
d 2 i 0 : 2 -> 5 sign 1
d 2 i 1 : 4 -> 7 sign 1
d 1 i 0 : 2 -> 5 sign 1
d 1 i 1 : 3 -> 6 sign 1
d 2 i 0 : 2 -> 5 sign 1
d 2 i 1 : 4 -> 7 sign 1
239: Pseudopotential
d 1 i 0 : 2 -> 5 sign 1
d 1 i 1 : 3 -> 6 sign 1
d 2 i 0 : 2 -> 5 sign 1
d 2 i 1 : 4 -> 7 sign 1
79: Pseudopotential
25: Pseudopotential
442: Pseudopotential
d 1 i 0 : 2 -> 5 sign 1
d 1 i 1 : 3 -> 6 sign 1
d 2 i 0 : 2 -> 5 sign 1
d 2 i 1 : 4 -> 7 sign 1
d 1 i 0 : 2 -> 5 sign 1
d 1 i 1 : 3 -> 6 sign 1
d 2 i 0 : 2 -> 5 sign 1
d 2 i 1 : 4 -> 7 sign 1
d 1 i 0 : 2 -> 5 sign 1
d 1 i 1 : 3 -> 6 sign 1
d 2 i 0 : 2 -> 5 sign 1
d 2 i 1 : 4 -> 7 sign 1
d 1 i 0 : 2 -> 5 sign 1
d 1 i 1 : 3 -> 6 sign 1
d 2 i 0 : 2 -> 5 sign 1
d 2 i 1 : 4 -> 7 sign 1
d 1 i 0 : 2 -> 5 sign 1
d 1 i 1 : 3 -> 6 sign 1
d 2 i 0 : 2 -> 5 sign 1
d 2 i 1 : 4 -> 7 sign 1
d 1 i 0 : 2 -> 5 sign 1
d 1 i 1 : 3 -> 6 sign 1
d 2 i 0 : 2 -> 5 sign 1
d 2 i 1 : 4 -> 7 sign 1
39: Pseudopotential
428: Pseudopotential
467: Pseudopotential
d 1 i 0 : 2 -> 5 sign 1
d 1 i 1 : 3 -> 6 sign 1
d 2 i 0 : 2 -> 5 sign 1
d 2 i 1 : 4 -> 7 sign 1
173: Pseudopotential
318: Pseudopotential
d 1 i 0 : 2 -> 5 sign 1
d 1 i 1 : 3 -> 6 sign 1
d 2 i 0 : 2 -> 5 sign 1
d 2 i 1 : 4 -> 7 sign 1
241: Pseudopotential
d 1 i 0 : 2 -> 5 sign 1
d 1 i 1 : 3 -> 6 sign 1
d 2 i 0 : 2 -> 5 sign 1
d 2 i 1 : 4 -> 7 sign 1
d 1 i 0 : 2 -> 5 sign 1
d 1 i 1 : 3 -> 6 sign 1
d 2 i 0 : 2 -> 5 sign 1
d 2 i 1 : 4 -> 7 sign 1
430: Pseudopotential
d 1 i 0 : 2 -> 5 sign 1
d 1 i 1 : 3 -> 6 sign 1
d 2 i 0 : 2 -> 5 sign 1
d 2 i 1 : 4 -> 7 sign 1
177: Pseudopotential
293: Pseudopotential
255: Pseudopotential
99: Pseudopotential
d 1 i 0 : 2 -> 5 sign 1
d 1 i 1 : 3 -> 6 sign 1
d 2 i 0 : 2 -> 5 sign 1
d 2 i 1 : 4 -> 7 sign 1
460: Pseudopotential
d 1 i 0 : 2 -> 5 sign 1
d 1 i 1 : 3 -> 6 sign 1
d 2 i 0 : 2 -> 5 sign 1
d 2 i 1 : 4 -> 7 sign 1
d 1 i 0 : 2 -> 5 sign 1
d 1 i 1 : 3 -> 6 sign 1
d 2 i 0 : 2 -> 5 sign 1
d 2 i 1 : 4 -> 7 sign 1
d 1 i 0 : 2 -> 5 sign 1
d 1 i 1 : 3 -> 6 sign 1
d 2 i 0 : 2 -> 5 sign 1
d 2 i 1 : 4 -> 7 sign 1
219: Pseudopotential
d 1 i 0 : 2 -> 5 sign 1
d 1 i 1 : 3 -> 6 sign 1
d 2 i 0 : 2 -> 5 sign 1
d 2 i 1 : 4 -> 7 sign 1
d 1 i 0 : 2 -> 5 sign 1
d 1 i 1 : 3 -> 6 sign 1
d 2 i 0 : 2 -> 5 sign 1
d 2 i 1 : 4 -> 7 sign 1
436: Pseudopotential
d 1 i 0 : 2 -> 5 sign 1
d 1 i 1 : 3 -> 6 sign 1
d 2 i 0 : 2 -> 5 sign 1
d 2 i 1 : 4 -> 7 sign 1
d 1 i 0 : 2 -> 5 sign 1
d 1 i 1 : 3 -> 6 sign 1
d 2 i 0 : 2 -> 5 sign 1
d 2 i 1 : 4 -> 7 sign 1
d 1 i 0 : 2 -> 5 sign 1
d 1 i 1 : 3 -> 6 sign 1
d 2 i 0 : 2 -> 5 sign 1
d 2 i 1 : 4 -> 7 sign 1
d 1 i 0 : 2 -> 5 sign 1
d 1 i 1 : 3 -> 6 sign 1
d 2 i 0 : 2 -> 5 sign 1
d 2 i 1 : 4 -> 7 sign 1
113: Pseudopotential
37: Pseudopotential
385: Pseudopotential
d 1 i 0 : 2 -> 5 sign 1
d 1 i 1 : 3 -> 6 sign 1
d 2 i 0 : 2 -> 5 sign 1
d 2 i 1 : 4 -> 7 sign 1
188: Pseudopotential
296: Pseudopotential
d 1 i 0 : 2 -> 5 sign 1
d 1 i 1 : 3 -> 6 sign 1
d 2 i 0 : 2 -> 5 sign 1
d 2 i 1 : 4 -> 7 sign 1
115: Pseudopotential
21: Pseudopotential
444: Pseudopotential
d 1 i 0 : 2 -> 5 sign 1
d 1 i 1 : 3 -> 6 sign 1
d 2 i 0 : 2 -> 5 sign 1
d 2 i 1 : 4 -> 7 sign 1
d 1 i 0 : 2 -> 5 sign 1
d 1 i 1 : 3 -> 6 sign 1
d 2 i 0 : 2 -> 5 sign 1
d 2 i 1 : 4 -> 7 sign 1
d 1 i 0 : 2 -> 5 sign 1
d 1 i 1 : 3 -> 6 sign 1
d 2 i 0 : 2 -> 5 sign 1
d 2 i 1 : 4 -> 7 sign 1
301: Pseudopotential
194: Pseudopotential
d 1 i 0 : 2 -> 5 sign 1
d 1 i 1 : 3 -> 6 sign 1
d 2 i 0 : 2 -> 5 sign 1
d 2 i 1 : 4 -> 7 sign 1
119: Pseudopotential
d 1 i 0 : 2 -> 5 sign 1
d 1 i 1 : 3 -> 6 sign 1
d 2 i 0 : 2 -> 5 sign 1
d 2 i 1 : 4 -> 7 sign 1
446: Pseudopotential
476: Pseudopotential
153: Pseudopotential
d 1 i 0 : 2 -> 5 sign 1
d 1 i 1 : 3 -> 6 sign 1
d 2 i 0 : 2 -> 5 sign 1
d 2 i 1 : 4 -> 7 sign 1
315: Pseudopotential
d 1 i 0 : 2 -> 5 sign 1
d 1 i 1 : 3 -> 6 sign 1
d 2 i 0 : 2 -> 5 sign 1
d 2 i 1 : 4 -> 7 sign 1
120: Pseudopotential
d 1 i 0 : 2 -> 5 sign 1
d 1 i 1 : 3 -> 6 sign 1
d 2 i 0 : 2 -> 5 sign 1
d 2 i 1 : 4 -> 7 sign 1
32: Pseudopotential
d 1 i 0 : 2 -> 5 sign 1
d 1 i 1 : 3 -> 6 sign 1
d 2 i 0 : 2 -> 5 sign 1
d 2 i 1 : 4 -> 7 sign 1
478: Pseudopotential
d 1 i 0 : 2 -> 5 sign 1
d 1 i 1 : 3 -> 6 sign 1
d 2 i 0 : 2 -> 5 sign 1
d 2 i 1 : 4 -> 7 sign 1
d 1 i 0 : 2 -> 5 sign 1
d 1 i 1 : 3 -> 6 sign 1
d 2 i 0 : 2 -> 5 sign 1
d 2 i 1 : 4 -> 7 sign 1
d 1 i 0 : 2 -> 5 sign 1
d 1 i 1 : 3 -> 6 sign 1
d 2 i 0 : 2 -> 5 sign 1
d 2 i 1 : 4 -> 7 sign 1
d 1 i 0 : 2 -> 5 sign 1
d 1 i 1 : 3 -> 6 sign 1
d 2 i 0 : 2 -> 5 sign 1
d 2 i 1 : 4 -> 7 sign 1
33: Pseudopotential
d 1 i 0 : 2 -> 5 sign 1
d 1 i 1 : 3 -> 6 sign 1
d 2 i 0 : 2 -> 5 sign 1
d 2 i 1 : 4 -> 7 sign 1
d 1 i 0 : 2 -> 5 sign 1
d 1 i 1 : 3 -> 6 sign 1
d 2 i 0 : 2 -> 5 sign 1
d 2 i 1 : 4 -> 7 sign 1
139: Pseudopotential
272: Pseudopotential
245: Pseudopotential
d 1 i 0 : 2 -> 5 sign 1
d 1 i 1 : 3 -> 6 sign 1
d 2 i 0 : 2 -> 5 sign 1
d 2 i 1 : 4 -> 7 sign 1
d 1 i 0 : 2 -> 5 sign 1
d 1 i 1 : 3 -> 6 sign 1
d 2 i 0 : 2 -> 5 sign 1
d 2 i 1 : 4 -> 7 sign 1
41: Pseudopotential
d 1 i 0 : 2 -> 5 sign 1
d 1 i 1 : 3 -> 6 sign 1
d 2 i 0 : 2 -> 5 sign 1
d 2 i 1 : 4 -> 7 sign 1
422: Pseudopotential
462: Pseudopotential
d 1 i 0 : 2 -> 5 sign 1
d 1 i 1 : 3 -> 6 sign 1
d 2 i 0 : 2 -> 5 sign 1
d 2 i 1 : 4 -> 7 sign 1
d 1 i 0 : 2 -> 5 sign 1
d 1 i 1 : 3 -> 6 sign 1
d 2 i 0 : 2 -> 5 sign 1
d 2 i 1 : 4 -> 7 sign 1
247: Pseudopotential
d 1 i 0 : 2 -> 5 sign 1
d 1 i 1 : 3 -> 6 sign 1
d 2 i 0 : 2 -> 5 sign 1
d 2 i 1 : 4 -> 7 sign 1
85: Pseudopotential
d 1 i 0 : 2 -> 5 sign 1
d 1 i 1 : 3 -> 6 sign 1
d 2 i 0 : 2 -> 5 sign 1
d 2 i 1 : 4 -> 7 sign 1
48: Pseudopotential
d 1 i 0 : 2 -> 5 sign 1
d 1 i 1 : 3 -> 6 sign 1
d 2 i 0 : 2 -> 5 sign 1
d 2 i 1 : 4 -> 7 sign 1
d 1 i 0 : 2 -> 5 sign 1
d 1 i 1 : 3 -> 6 sign 1
d 2 i 0 : 2 -> 5 sign 1
d 2 i 1 : 4 -> 7 sign 1
469: Pseudopotential
d 1 i 0 : 2 -> 5 sign 1
d 1 i 1 : 3 -> 6 sign 1
d 2 i 0 : 2 -> 5 sign 1
d 2 i 1 : 4 -> 7 sign 1
258: Pseudopotential
d 1 i 0 : 2 -> 5 sign 1
d 1 i 1 : 3 -> 6 sign 1
d 2 i 0 : 2 -> 5 sign 1
d 2 i 1 : 4 -> 7 sign 1
d 1 i 0 : 2 -> 5 sign 1
d 1 i 1 : 3 -> 6 sign 1
d 2 i 0 : 2 -> 5 sign 1
d 2 i 1 : 4 -> 7 sign 1
87: Pseudopotential
d 1 i 0 : 2 -> 5 sign 1
d 1 i 1 : 3 -> 6 sign 1
d 2 i 0 : 2 -> 5 sign 1
d 2 i 1 : 4 -> 7 sign 1
56: Pseudopotential
416: Pseudopotential
d 1 i 0 : 2 -> 5 sign 1
d 1 i 1 : 3 -> 6 sign 1
d 2 i 0 : 2 -> 5 sign 1
d 2 i 1 : 4 -> 7 sign 1
176: Pseudopotential
305: Pseudopotential
195: Pseudopotential
110: Pseudopotential
d 1 i 0 : 2 -> 5 sign 1
d 1 i 1 : 3 -> 6 sign 1
d 2 i 0 : 2 -> 5 sign 1
d 2 i 1 : 4 -> 7 sign 1
59: Pseudopotential
d 1 i 0 : 2 -> 5 sign 1
d 1 i 1 : 3 -> 6 sign 1
d 2 i 0 : 2 -> 5 sign 1
d 2 i 1 : 4 -> 7 sign 1
508: Pseudopotential
187: Pseudopotential
d 1 i 0 : 2 -> 5 sign 1
d 1 i 1 : 3 -> 6 sign 1
d 2 i 0 : 2 -> 5 sign 1
d 2 i 1 : 4 -> 7 sign 1
d 1 i 0 : 2 -> 5 sign 1
d 1 i 1 : 3 -> 6 sign 1
d 2 i 0 : 2 -> 5 sign 1
d 2 i 1 : 4 -> 7 sign 1
d 1 i 0 : 2 -> 5 sign 1
d 1 i 1 : 3 -> 6 sign 1
d 2 i 0 : 2 -> 5 sign 1
d 2 i 1 : 4 -> 7 sign 1
121: Pseudopotential
d 1 i 0 : 2 -> 5 sign 1
d 1 i 1 : 3 -> 6 sign 1
d 2 i 0 : 2 -> 5 sign 1
d 2 i 1 : 4 -> 7 sign 1
d 1 i 0 : 2 -> 5 sign 1
d 1 i 1 : 3 -> 6 sign 1
d 2 i 0 : 2 -> 5 sign 1
d 2 i 1 : 4 -> 7 sign 1
485: Pseudopotential
d 1 i 0 : 2 -> 5 sign 1
d 1 i 1 : 3 -> 6 sign 1
d 2 i 0 : 2 -> 5 sign 1
d 2 i 1 : 4 -> 7 sign 1
270: Pseudopotential
d 1 i 0 : 2 -> 5 sign 1
d 1 i 1 : 3 -> 6 sign 1
d 2 i 0 : 2 -> 5 sign 1
d 2 i 1 : 4 -> 7 sign 1
75: Pseudopotential
d 1 i 0 : 2 -> 5 sign 1
d 1 i 1 : 3 -> 6 sign 1
d 2 i 0 : 2 -> 5 sign 1
d 2 i 1 : 4 -> 7 sign 1
3: Pseudopotential
d 1 i 0 : 2 -> 5 sign 1
d 1 i 1 : 3 -> 6 sign 1
d 2 i 0 : 2 -> 5 sign 1
d 2 i 1 : 4 -> 7 sign 1
d 1 i 0 : 2 -> 5 sign 1
d 1 i 1 : 3 -> 6 sign 1
d 2 i 0 : 2 -> 5 sign 1
d 2 i 1 : 4 -> 7 sign 1
d 1 i 0 : 2 -> 5 sign 1
d 1 i 1 : 3 -> 6 sign 1
d 2 i 0 : 2 -> 5 sign 1
d 2 i 1 : 4 -> 7 sign 1
d 1 i 0 : 2 -> 5 sign 1
d 1 i 1 : 3 -> 6 sign 1
d 2 i 0 : 2 -> 5 sign 1
d 2 i 1 : 4 -> 7 sign 1
235: Pseudopotential
83: Pseudopotential
d 1 i 0 : 2 -> 5 sign 1
d 1 i 1 : 3 -> 6 sign 1
d 2 i 0 : 2 -> 5 sign 1
d 2 i 1 : 4 -> 7 sign 1
4: Pseudopotential
d 1 i 0 : 2 -> 5 sign 1
d 1 i 1 : 3 -> 6 sign 1
d 2 i 0 : 2 -> 5 sign 1
d 2 i 1 : 4 -> 7 sign 1
510: Pseudopotential
135: Pseudopotential
d 1 i 0 : 2 -> 5 sign 1
d 1 i 1 : 3 -> 6 sign 1
d 2 i 0 : 2 -> 5 sign 1
d 2 i 1 : 4 -> 7 sign 1
192: Pseudopotential
d 1 i 0 : 2 -> 5 sign 1
d 1 i 1 : 3 -> 6 sign 1
d 2 i 0 : 2 -> 5 sign 1
d 2 i 1 : 4 -> 7 sign 1
96: Pseudopotential
d 1 i 0 : 2 -> 5 sign 1
d 1 i 1 : 3 -> 6 sign 1
d 2 i 0 : 2 -> 5 sign 1
d 2 i 1 : 4 -> 7 sign 1
6: Pseudopotential
421: Pseudopotential
d 1 i 0 : 2 -> 5 sign 1
d 1 i 1 : 3 -> 6 sign 1
d 2 i 0 : 2 -> 5 sign 1
d 2 i 1 : 4 -> 7 sign 1
137: Pseudopotential
d 1 i 0 : 2 -> 5 sign 1
d 1 i 1 : 3 -> 6 sign 1
d 2 i 0 : 2 -> 5 sign 1
d 2 i 1 : 4 -> 7 sign 1
232: Pseudopotential
d 1 i 0 : 2 -> 5 sign 1
d 1 i 1 : 3 -> 6 sign 1
d 2 i 0 : 2 -> 5 sign 1
d 2 i 1 : 4 -> 7 sign 1
d 1 i 0 : 2 -> 5 sign 1
d 1 i 1 : 3 -> 6 sign 1
d 2 i 0 : 2 -> 5 sign 1
d 2 i 1 : 4 -> 7 sign 1
7: Pseudopotential
423: Pseudopotential
d 1 i 0 : 2 -> 5 sign 1
d 1 i 1 : 3 -> 6 sign 1
d 2 i 0 : 2 -> 5 sign 1
d 2 i 1 : 4 -> 7 sign 1
464: Pseudopotential
d 1 i 0 : 2 -> 5 sign 1
d 1 i 1 : 3 -> 6 sign 1
d 2 i 0 : 2 -> 5 sign 1
d 2 i 1 : 4 -> 7 sign 1
307: Pseudopotential
d 1 i 0 : 2 -> 5 sign 1
d 1 i 1 : 3 -> 6 sign 1
d 2 i 0 : 2 -> 5 sign 1
d 2 i 1 : 4 -> 7 sign 1
d 1 i 0 : 2 -> 5 sign 1
d 1 i 1 : 3 -> 6 sign 1
d 2 i 0 : 2 -> 5 sign 1
d 2 i 1 : 4 -> 7 sign 1
127: Pseudopotential
d 1 i 0 : 2 -> 5 sign 1
d 1 i 1 : 3 -> 6 sign 1
d 2 i 0 : 2 -> 5 sign 1
d 2 i 1 : 4 -> 7 sign 1
15: Pseudopotential
d 1 i 0 : 2 -> 5 sign 1
d 1 i 1 : 3 -> 6 sign 1
d 2 i 0 : 2 -> 5 sign 1
d 2 i 1 : 4 -> 7 sign 1
456: Pseudopotential
160: Pseudopotential
260: Pseudopotential
d 1 i 0 : 2 -> 5 sign 1
d 1 i 1 : 3 -> 6 sign 1
d 2 i 0 : 2 -> 5 sign 1
d 2 i 1 : 4 -> 7 sign 1
249: Pseudopotential
d 1 i 0 : 2 -> 5 sign 1
d 1 i 1 : 3 -> 6 sign 1
d 2 i 0 : 2 -> 5 sign 1
d 2 i 1 : 4 -> 7 sign 1
24: Pseudopotential
432: Pseudopotential
d 1 i 0 : 2 -> 5 sign 1
d 1 i 1 : 3 -> 6 sign 1
d 2 i 0 : 2 -> 5 sign 1
d 2 i 1 : 4 -> 7 sign 1
d 1 i 0 : 2 -> 5 sign 1
d 1 i 1 : 3 -> 6 sign 1
d 2 i 0 : 2 -> 5 sign 1
d 2 i 1 : 4 -> 7 sign 1
d 1 i 0 : 2 -> 5 sign 1
d 1 i 1 : 3 -> 6 sign 1
d 2 i 0 : 2 -> 5 sign 1
d 2 i 1 : 4 -> 7 sign 1
d 1 i 0 : 2 -> 5 sign 1
d 1 i 1 : 3 -> 6 sign 1
d 2 i 0 : 2 -> 5 sign 1
d 2 i 1 : 4 -> 7 sign 1
d 1 i 0 : 2 -> 5 sign 1
d 1 i 1 : 3 -> 6 sign 1
d 2 i 0 : 2 -> 5 sign 1
d 2 i 1 : 4 -> 7 sign 1
d 1 i 0 : 2 -> 5 sign 1
d 1 i 1 : 3 -> 6 sign 1
d 2 i 0 : 2 -> 5 sign 1
d 2 i 1 : 4 -> 7 sign 1
35: Pseudopotential
440: Pseudopotential
d 1 i 0 : 2 -> 5 sign 1
d 1 i 1 : 3 -> 6 sign 1
d 2 i 0 : 2 -> 5 sign 1
d 2 i 1 : 4 -> 7 sign 1
501: Pseudopotential
143: Pseudopotential
319: Pseudopotential
243: Pseudopotential
d 1 i 0 : 2 -> 5 sign 1
d 1 i 1 : 3 -> 6 sign 1
d 2 i 0 : 2 -> 5 sign 1
d 2 i 1 : 4 -> 7 sign 1
49: Pseudopotential
d 1 i 0 : 2 -> 5 sign 1
d 1 i 1 : 3 -> 6 sign 1
d 2 i 0 : 2 -> 5 sign 1
d 2 i 1 : 4 -> 7 sign 1
441: Pseudopotential
472: Pseudopotential
d 1 i 0 : 2 -> 5 sign 1
d 1 i 1 : 3 -> 6 sign 1
d 2 i 0 : 2 -> 5 sign 1
d 2 i 1 : 4 -> 7 sign 1
155: Pseudopotential
d 1 i 0 : 2 -> 5 sign 1
d 1 i 1 : 3 -> 6 sign 1
d 2 i 0 : 2 -> 5 sign 1
d 2 i 1 : 4 -> 7 sign 1
263: Pseudopotential
d 1 i 0 : 2 -> 5 sign 1
d 1 i 1 : 3 -> 6 sign 1
d 2 i 0 : 2 -> 5 sign 1
d 2 i 1 : 4 -> 7 sign 1
125: Pseudopotential
d 1 i 0 : 2 -> 5 sign 1
d 1 i 1 : 3 -> 6 sign 1
d 2 i 0 : 2 -> 5 sign 1
d 2 i 1 : 4 -> 7 sign 1
51: Pseudopotential
417: Pseudopotential
d 1 i 0 : 2 -> 5 sign 1
d 1 i 1 : 3 -> 6 sign 1
d 2 i 0 : 2 -> 5 sign 1
d 2 i 1 : 4 -> 7 sign 1
480: Pseudopotential
d 1 i 0 : 2 -> 5 sign 1
d 1 i 1 : 3 -> 6 sign 1
d 2 i 0 : 2 -> 5 sign 1
d 2 i 1 : 4 -> 7 sign 1
309: Pseudopotential
d 1 i 0 : 2 -> 5 sign 1
d 1 i 1 : 3 -> 6 sign 1
d 2 i 0 : 2 -> 5 sign 1
d 2 i 1 : 4 -> 7 sign 1
126: Pseudopotential
d 1 i 0 : 2 -> 5 sign 1
d 1 i 1 : 3 -> 6 sign 1
d 2 i 0 : 2 -> 5 sign 1
d 2 i 1 : 4 -> 7 sign 1
53: Pseudopotential
419: Pseudopotential
d 1 i 0 : 2 -> 5 sign 1
d 1 i 1 : 3 -> 6 sign 1
d 2 i 0 : 2 -> 5 sign 1
d 2 i 1 : 4 -> 7 sign 1
503: Pseudopotential
141: Pseudopotential
d 1 i 0 : 2 -> 5 sign 1
d 1 i 1 : 3 -> 6 sign 1
d 2 i 0 : 2 -> 5 sign 1
d 2 i 1 : 4 -> 7 sign 1
311: Pseudopotential
d 1 i 0 : 2 -> 5 sign 1
d 1 i 1 : 3 -> 6 sign 1
d 2 i 0 : 2 -> 5 sign 1
d 2 i 1 : 4 -> 7 sign 1
d 1 i 0 : 2 -> 5 sign 1
d 1 i 1 : 3 -> 6 sign 1
d 2 i 0 : 2 -> 5 sign 1
d 2 i 1 : 4 -> 7 sign 1
d 1 i 0 : 2 -> 5 sign 1
d 1 i 1 : 3 -> 6 sign 1
d 2 i 0 : 2 -> 5 sign 1
d 2 i 1 : 4 -> 7 sign 1
54: Pseudopotential
424: Pseudopotential
d 1 i 0 : 2 -> 5 sign 1
d 1 i 1 : 3 -> 6 sign 1
d 2 i 0 : 2 -> 5 sign 1
d 2 i 1 : 4 -> 7 sign 1
168: Pseudopotential
d 1 i 0 : 2 -> 5 sign 1
d 1 i 1 : 3 -> 6 sign 1
d 2 i 0 : 2 -> 5 sign 1
d 2 i 1 : 4 -> 7 sign 1
304: Pseudopotential
198: Pseudopotential
88: Pseudopotential
d 1 i 0 : 2 -> 5 sign 1
d 1 i 1 : 3 -> 6 sign 1
d 2 i 0 : 2 -> 5 sign 1
d 2 i 1 : 4 -> 7 sign 1
55: Pseudopotential
d 1 i 0 : 2 -> 5 sign 1
d 1 i 1 : 3 -> 6 sign 1
d 2 i 0 : 2 -> 5 sign 1
d 2 i 1 : 4 -> 7 sign 1
425: Pseudopotential
d 1 i 0 : 2 -> 5 sign 1
d 1 i 1 : 3 -> 6 sign 1
d 2 i 0 : 2 -> 5 sign 1
d 2 i 1 : 4 -> 7 sign 1
d 1 i 0 : 2 -> 5 sign 1
d 1 i 1 : 3 -> 6 sign 1
d 2 i 0 : 2 -> 5 sign 1
d 2 i 1 : 4 -> 7 sign 1
d 1 i 0 : 2 -> 5 sign 1
d 1 i 1 : 3 -> 6 sign 1
d 2 i 0 : 2 -> 5 sign 1
d 2 i 1 : 4 -> 7 sign 1
308: Pseudopotential
200: Pseudopotential
112: Pseudopotential
d 1 i 0 : 2 -> 5 sign 1
d 1 i 1 : 3 -> 6 sign 1
d 2 i 0 : 2 -> 5 sign 1
d 2 i 1 : 4 -> 7 sign 1
0: Pseudopotential
d 1 i 0 : 2 -> 5 sign 1
d 1 i 1 : 3 -> 6 sign 1
d 2 i 0 : 2 -> 5 sign 1
d 2 i 1 : 4 -> 7 sign 1
507: Pseudopotential
d 1 i 0 : 2 -> 5 sign 1
d 1 i 1 : 3 -> 6 sign 1
d 2 i 0 : 2 -> 5 sign 1
d 2 i 1 : 4 -> 7 sign 1
d 1 i 0 : 2 -> 5 sign 1
d 1 i 1 : 3 -> 6 sign 1
d 2 i 0 : 2 -> 5 sign 1
d 2 i 1 : 4 -> 7 sign 1
d 1 i 0 : 2 -> 5 sign 1
d 1 i 1 : 3 -> 6 sign 1
d 2 i 0 : 2 -> 5 sign 1
d 2 i 1 : 4 -> 7 sign 1
123: Pseudopotential
2: Pseudopotential
d 1 i 0 : 2 -> 5 sign 1
d 1 i 1 : 3 -> 6 sign 1
d 2 i 0 : 2 -> 5 sign 1
d 2 i 1 : 4 -> 7 sign 1
487: Pseudopotential
183: Pseudopotential
d 1 i 0 : 2 -> 5 sign 1
d 1 i 1 : 3 -> 6 sign 1
d 2 i 0 : 2 -> 5 sign 1
d 2 i 1 : 4 -> 7 sign 1
265: Pseudopotential
197: Pseudopotential
d 1 i 0 : 2 -> 5 sign 1
d 1 i 1 : 3 -> 6 sign 1
d 2 i 0 : 2 -> 5 sign 1
d 2 i 1 : 4 -> 7 sign 1
65: Pseudopotential
d 1 i 0 : 2 -> 5 sign 1
d 1 i 1 : 3 -> 6 sign 1
d 2 i 0 : 2 -> 5 sign 1
d 2 i 1 : 4 -> 7 sign 1
d 1 i 0 : 2 -> 5 sign 1
d 1 i 1 : 3 -> 6 sign 1
d 2 i 0 : 2 -> 5 sign 1
d 2 i 1 : 4 -> 7 sign 1
d 1 i 0 : 2 -> 5 sign 1
d 1 i 1 : 3 -> 6 sign 1
d 2 i 0 : 2 -> 5 sign 1
d 2 i 1 : 4 -> 7 sign 1
158: Pseudopotential
d 1 i 0 : 2 -> 5 sign 1
d 1 i 1 : 3 -> 6 sign 1
d 2 i 0 : 2 -> 5 sign 1
d 2 i 1 : 4 -> 7 sign 1
d 1 i 0 : 2 -> 5 sign 1
d 1 i 1 : 3 -> 6 sign 1
d 2 i 0 : 2 -> 5 sign 1
d 2 i 1 : 4 -> 7 sign 1
208: Pseudopotential
80: Pseudopotential
16: Pseudopotential
d 1 i 0 : 2 -> 5 sign 1
d 1 i 1 : 3 -> 6 sign 1
d 2 i 0 : 2 -> 5 sign 1
d 2 i 1 : 4 -> 7 sign 1
433: Pseudopotential
457: Pseudopotential
d 1 i 0 : 2 -> 5 sign 1
d 1 i 1 : 3 -> 6 sign 1
d 2 i 0 : 2 -> 5 sign 1
d 2 i 1 : 4 -> 7 sign 1
d 1 i 0 : 2 -> 5 sign 1
d 1 i 1 : 3 -> 6 sign 1
d 2 i 0 : 2 -> 5 sign 1
d 2 i 1 : 4 -> 7 sign 1
289: Pseudopotential
196: Pseudopotential
d 1 i 0 : 2 -> 5 sign 1
d 1 i 1 : 3 -> 6 sign 1
d 2 i 0 : 2 -> 5 sign 1
d 2 i 1 : 4 -> 7 sign 1
d 1 i 0 : 2 -> 5 sign 1
d 1 i 0 : 2 -> 5 sign 1
d 1 i 1 : 3 -> 6 sign 1
d 2 i 0 : 2 -> 5 sign 1
d 2 i 1 : 4 -> 7 sign 1
435: Pseudopotential
d 1 i 0 : 2 -> 5 sign 1
d 1 i 1 : 3 -> 6 sign 1
d 2 i 0 : 2 -> 5 sign 1
d 2 i 1 : 4 -> 7 sign 1
261: Pseudopotential
d 1 i 0 : 2 -> 5 sign 1
d 1 i 1 : 3 -> 6 sign 1
d 2 i 0 : 2 -> 5 sign 1
d 2 i 1 : 4 -> 7 sign 1
d 1 i 0 : 2 -> 5 sign 1
d 1 i 1 : 3 -> 6 sign 1
d 2 i 0 : 2 -> 5 sign 1
d 2 i 1 : 4 -> 7 sign 1
d 1 i 0 : 2 -> 5 sign 1
d 1 i 1 : 3 -> 6 sign 1
d 2 i 0 : 2 -> 5 sign 1
d 2 i 1 : 4 -> 7 sign 1
d 1 i 0 : 2 -> 5 sign 1
d 1 i 1 : 3 -> 6 sign 1
d 2 i 0 : 2 -> 5 sign 1
d 2 i 1 : 4 -> 7 sign 1
437: Pseudopotential
d 1 i 0 : 2 -> 5 sign 1
d 1 i 1 : 3 -> 6 sign 1
d 2 i 0 : 2 -> 5 sign 1
d 2 i 1 : 4 -> 7 sign 1
264: Pseudopotential
d 1 i 0 : 2 -> 5 sign 1
d 1 i 1 : 3 -> 6 sign 1
d 2 i 0 : 2 -> 5 sign 1
d 2 i 1 : 4 -> 7 sign 1
248: Pseudopotential
d 1 i 0 : 2 -> 5 sign 1
d 1 i 1 : 3 -> 6 sign 1
d 2 i 0 : 2 -> 5 sign 1
d 2 i 1 : 4 -> 7 sign 1
d 1 i 0 : 2 -> 5 sign 1
d 1 i 1 : 3 -> 6 sign 1
d 2 i 0 : 2 -> 5 sign 1
d 2 i 1 : 4 -> 7 sign 1
d 1 i 0 : 2 -> 5 sign 1
d 1 i 1 : 3 -> 6 sign 1
d 2 i 0 : 2 -> 5 sign 1
d 2 i 1 : 4 -> 7 sign 1
439: Pseudopotential
d 1 i 0 : 2 -> 5 sign 1
d 1 i 1 : 3 -> 6 sign 1
d 2 i 0 : 2 -> 5 sign 1
d 2 i 1 : 4 -> 7 sign 1
d 1 i 0 : 2 -> 5 sign 1
d 1 i 1 : 3 -> 6 sign 1
d 2 i 0 : 2 -> 5 sign 1
d 2 i 1 : 4 -> 7 sign 1
267: Pseudopotential
d 1 i 0 : 2 -> 5 sign 1
d 1 i 1 : 3 -> 6 sign 1
d 2 i 0 : 2 -> 5 sign 1
d 2 i 1 : 4 -> 7 sign 1
d 1 i 0 : 2 -> 5 sign 1
d 1 i 1 : 3 -> 6 sign 1
d 2 i 0 : 2 -> 5 sign 1
d 2 i 1 : 4 -> 7 sign 1
46: Pseudopotential
d 1 i 0 : 2 -> 5 sign 1
d 1 i 1 : 3 -> 6 sign 1
d 2 i 0 : 2 -> 5 sign 1
d 2 i 1 : 4 -> 7 sign 1
443: Pseudopotential
d 1 i 0 : 2 -> 5 sign 1
d 1 i 1 : 3 -> 6 sign 1
d 2 i 0 : 2 -> 5 sign 1
d 2 i 1 : 4 -> 7 sign 1
d 1 i 0 : 2 -> 5 sign 1
d 1 i 1 : 3 -> 6 sign 1
d 2 i 0 : 2 -> 5 sign 1
d 2 i 1 : 4 -> 7 sign 1
271: Pseudopotential
224: Pseudopotential
71: Pseudopotential
d 1 i 0 : 2 -> 5 sign 1
d 1 i 1 : 3 -> 6 sign 1
d 2 i 0 : 2 -> 5 sign 1
d 2 i 1 : 4 -> 7 sign 1
47: Pseudopotential
d 1 i 0 : 2 -> 5 sign 1
d 1 i 1 : 3 -> 6 sign 1
d 2 i 0 : 2 -> 5 sign 1
d 2 i 1 : 4 -> 7 sign 1
445: Pseudopotential
189: Pseudopotential
d 1 i 0 : 2 -> 5 sign 1
d 1 i 1 : 3 -> 6 sign 1
d 2 i 0 : 2 -> 5 sign 1
d 2 i 1 : 4 -> 7 sign 1
d 1 i 0 : 2 -> 5 sign 1
d 1 i 1 : 3 -> 6 sign 1
d 2 i 0 : 2 -> 5 sign 1
d 2 i 1 : 4 -> 7 sign 1
240: Pseudopotential
d 1 i 0 : 2 -> 5 sign 1
d 1 i 1 : 3 -> 6 sign 1
d 2 i 0 : 2 -> 5 sign 1
d 2 i 1 : 4 -> 7 sign 1
45: Pseudopotential
d 1 i 0 : 2 -> 5 sign 1
d 1 i 1 : 3 -> 6 sign 1
d 2 i 0 : 2 -> 5 sign 1
d 2 i 1 : 4 -> 7 sign 1
447: Pseudopotential
191: Pseudopotential
256: Pseudopotential
d 1 i 0 : 2 -> 5 sign 1
d 1 i 1 : 3 -> 6 sign 1
d 2 i 0 : 2 -> 5 sign 1
d 2 i 1 : 4 -> 7 sign 1
244: Pseudopotential
68: Pseudopotential
d 1 i 1 : 3 -> 6 sign 1
d 1 i 0 : 2 -> 5 sign 1
d 1 i 1 : 3 -> 6 sign 1
d 2 i 0 : 2 -> 5 sign 1
d 2 i 1 : 4 -> 7 sign 1
392: Pseudopotential
d 1 i 0 : 2 -> 5 sign 1
d 1 i 1 : 3 -> 6 sign 1
d 2 i 0 : 2 -> 5 sign 1
d 2 i 1 : 4 -> 7 sign 1
d 1 i 0 : 2 -> 5 sign 1
d 1 i 1 : 3 -> 6 sign 1
d 2 i 0 : 2 -> 5 sign 1
d 2 i 1 : 4 -> 7 sign 1
251: Pseudopotential
69: Pseudopotential
d 2 i 0 : 2 -> 5 sign 1
d 1 i 0 : 2 -> 5 sign 1
d 1 i 1 : 3 -> 6 sign 1
d 2 i 0 : 2 -> 5 sign 1
d 2 i 1 : 4 -> 7 sign 1
393: Pseudopotential
171: Pseudopotential
310: Pseudopotential
d 1 i 0 : 2 -> 5 sign 1
d 1 i 1 : 3 -> 6 sign 1
d 2 i 0 : 2 -> 5 sign 1
d 2 i 1 : 4 -> 7 sign 1
70: Pseudopotential
d 2 i 1 : 4 -> 7 sign 1
d 1 i 0 : 2 -> 5 sign 1
d 1 i 1 : 3 -> 6 sign 1
d 2 i 0 : 2 -> 5 sign 1
d 2 i 1 : 4 -> 7 sign 1
394: Pseudopotential
184: Pseudopotential
252: Pseudopotential
66: Pseudopotential
40: Pseudopotential
d 1 i 0 : 2 -> 5 sign 1
d 1 i 1 : 3 -> 6 sign 1
d 2 i 0 : 2 -> 5 sign 1
d 2 i 1 : 4 -> 7 sign 1
395: Pseudopotential
134: Pseudopotential
d 1 i 0 : 2 -> 5 sign 1
d 1 i 1 : 3 -> 6 sign 1
d 2 i 0 : 2 -> 5 sign 1
d 2 i 1 : 4 -> 7 sign 1
d 1 i 0 : 2 -> 5 sign 1
d 1 i 1 : 3 -> 6 sign 1
d 2 i 0 : 2 -> 5 sign 1
d 2 i 1 : 4 -> 7 sign 1
Could not open I.df.config. Generating configurations from scratch
d 1 i 0 : 2 -> 5 sign 1
d 1 i 1 : 3 -> 6 sign 1
d 2 i 0 : 2 -> 5 sign 1
d 2 i 1 : 4 -> 7 sign 1
396: Pseudopotential
d 1 i 0 : 2 -> 5 sign 1
d 1 i 1 : 3 -> 6 sign 1
d 2 i 0 : 2 -> 5 sign 1
d 2 i 1 : 4 -> 7 sign 1
220: Pseudopotential
d 1 i 0 : 2 -> 5 sign 1
d 1 i 1 : 3 -> 6 sign 1
d 2 i 0 : 2 -> 5 sign 1
d 2 i 1 : 4 -> 7 sign 1
d 1 i 0 : 2 -> 5 sign 1
d 1 i 1 : 3 -> 6 sign 1
d 2 i 0 : 2 -> 5 sign 1
d 2 i 1 : 4 -> 7 sign 1
397: Pseudopotential
d 1 i 0 : 2 -> 5 sign 1
d 1 i 1 : 3 -> 6 sign 1
d 2 i 0 : 2 -> 5 sign 1
d 2 i 1 : 4 -> 7 sign 1
72: Pseudopotential
d 1 i 0 : 2 -> 5 sign 1
d 1 i 1 : 3 -> 6 sign 1
d 2 i 0 : 2 -> 5 sign 1
d 2 i 1 : 4 -> 7 sign 1
398: Pseudopotential
d 1 i 0 : 2 -> 5 sign 1
d 1 i 1 : 3 -> 6 sign 1
d 2 i 0 : 2 -> 5 sign 1
d 2 i 1 : 4 -> 7 sign 1
73: Pseudopotential
d 1 i 0 : 2 -> 5 sign 1
d 1 i 1 : 3 -> 6 sign 1
d 2 i 0 : 2 -> 5 sign 1
d 2 i 1 : 4 -> 7 sign 1
399: Pseudopotential
136: Pseudopotential
d 1 i 0 : 2 -> 5 sign 1
d 1 i 1 : 3 -> 6 sign 1
d 2 i 0 : 2 -> 5 sign 1
d 2 i 1 : 4 -> 7 sign 1
427: Pseudopotential
152: Pseudopotential
104: Pseudopotential
429: Pseudopotential
190: Pseudopotential
431: Pseudopotential
d 1 i 0 : 2 -> 5 sign 1
d 1 i 1 : 3 -> 6 sign 1
d 2 i 0 : 2 -> 5 sign 1
d 2 i 1 : 4 -> 7 sign 1
d 1 i 0 : 2 -> 5 sign 1
d 1 i 1 : 3 -> 6 sign 1
d 2 i 0 : 2 -> 5 sign 1
d 2 i 1 : 4 -> 7 sign 1
133: Pseudopotential
426: Pseudopotential
d 1 i 0 : 2 -> 5 sign 1
d 1 i 1 : 3 -> 6 sign 1
d 2 i 0 : 2 -> 5 sign 1
d 2 i 1 : 4 -> 7 sign 1
d 1 i 0 : 2 -> 5 sign 1
d 1 i 1 : 3 -> 6 sign 1
d 2 i 0 : 2 -> 5 sign 1
d 2 i 1 : 4 -> 7 sign 1
166: Pseudopotential
402: Pseudopotential
d 1 i 0 : 2 -> 5 sign 1
d 1 i 1 : 3 -> 6 sign 1
d 2 i 0 : 2 -> 5 sign 1
d 2 i 1 : 4 -> 7 sign 1
d 1 i 0 : 2 -> 5 sign 1
d 1 i 1 : 3 -> 6 sign 1
d 2 i 0 : 2 -> 5 sign 1
d 2 i 1 : 4 -> 7 sign 1
d 1 i 0 : 2 -> 5 sign 1
d 1 i 1 : 3 -> 6 sign 1
d 2 i 0 : 2 -> 5 sign 1
d 2 i 1 : 4 -> 7 sign 1
321: Pseudopotential
d 1 i 0 : 2 -> 5 sign 1
d 1 i 1 : 3 -> 6 sign 1
d 2 i 0 : 2 -> 5 sign 1
d 2 i 1 : 4 -> 7 sign 1
d 1 i 0 : 2 -> 5 sign 1
d 1 i 1 : 3 -> 6 sign 1
d 2 i 0 : 2 -> 5 sign 1
d 2 i 1 : 4 -> 7 sign 1
d 1 i 0 : 2 -> 5 sign 1
d 1 i 1 : 3 -> 6 sign 1
d 2 i 0 : 2 -> 5 sign 1
d 2 i 1 : 4 -> 7 sign 1
338: Pseudopotential
d 1 i 0 : 2 -> 5 sign 1
d 1 i 1 : 3 -> 6 sign 1
d 2 i 0 : 2 -> 5 sign 1
d 2 i 1 : 4 -> 7 sign 1
d 1 i 0 : 2 -> 5 sign 1
d 1 i 1 : 3 -> 6 sign 1
d 2 i 0 : 2 -> 5 sign 1
d 2 i 1 : 4 -> 7 sign 1
386: Pseudopotential
d 1 i 0 : 2 -> 5 sign 1
d 1 i 1 : 3 -> 6 sign 1
d 2 i 0 : 2 -> 5 sign 1
d 2 i 1 : 4 -> 7 sign 1
340: Pseudopotential
d 1 i 0 : 2 -> 5 sign 1
d 1 i 1 : 3 -> 6 sign 1
d 2 i 0 : 2 -> 5 sign 1
d 2 i 1 : 4 -> 7 sign 1
d 1 i 0 : 2 -> 5 sign 1
d 1 i 1 : 3 -> 6 sign 1
d 2 i 0 : 2 -> 5 sign 1
d 2 i 1 : 4 -> 7 sign 1
342: Pseudopotential
405: Pseudopotential
353: Pseudopotential
d 1 i 0 : 2 -> 5 sign 1
d 1 i 1 : 3 -> 6 sign 1
d 2 i 0 : 2 -> 5 sign 1
d 2 i 1 : 4 -> 7 sign 1
407: Pseudopotential
d 1 i 0 : 2 -> 5 sign 1
d 1 i 1 : 3 -> 6 sign 1
d 2 i 0 : 2 -> 5 sign 1
d 2 i 1 : 4 -> 7 sign 1
354: Pseudopotential
d 1 i 0 : 2 -> 5 sign 1
d 1 i 1 : 3 -> 6 sign 1
d 2 i 0 : 2 -> 5 sign 1
d 2 i 1 : 4 -> 7 sign 1
408: Pseudopotential
d 1 i 0 : 2 -> 5 sign 1
d 1 i 1 : 3 -> 6 sign 1
d 2 i 0 : 2 -> 5 sign 1
d 2 i 1 : 4 -> 7 sign 1
370: Pseudopotential
d 1 i 0 : 2 -> 5 sign 1
d 1 i 1 : 3 -> 6 sign 1
d 2 i 0 : 2 -> 5 sign 1
d 2 i 1 : 4 -> 7 sign 1
d 1 i 0 : 2 -> 5 sign 1
d 1 i 1 : 3 -> 6 sign 1
d 2 i 0 : 2 -> 5 sign 1
d 2 i 1 : 4 -> 7 sign 1
329: Pseudopotential
d 1 i 0 : 2 -> 5 sign 1
d 1 i 1 : 3 -> 6 sign 1
d 2 i 0 : 2 -> 5 sign 1
d 2 i 1 : 4 -> 7 sign 1
d 1 i 0 : 2 -> 5 sign 1
d 1 i 1 : 3 -> 6 sign 1
d 2 i 0 : 2 -> 5 sign 1
d 2 i 1 : 4 -> 7 sign 1
388: Pseudopotential
d 1 i 0 : 2 -> 5 sign 1
d 1 i 1 : 3 -> 6 sign 1
d 2 i 0 : 2 -> 5 sign 1
d 2 i 1 : 4 -> 7 sign 1
390: Pseudopotential
337: Pseudopotential
d 1 i 0 : 2 -> 5 sign 1
d 1 i 1 : 3 -> 6 sign 1
d 2 i 0 : 2 -> 5 sign 1
d 2 i 1 : 4 -> 7 sign 1
400: Pseudopotential
339: Pseudopotential
d 1 i 0 : 2 -> 5 sign 1
d 1 i 1 : 3 -> 6 sign 1
d 2 i 0 : 2 -> 5 sign 1
d 2 i 1 : 4 -> 7 sign 1
d 1 i 0 : 2 -> 5 sign 1
d 1 i 1 : 3 -> 6 sign 1
d 2 i 0 : 2 -> 5 sign 1
d 2 i 1 : 4 -> 7 sign 1
d 1 i 0 : 2 -> 5 sign 1
d 1 i 1 : 3 -> 6 sign 1
d 2 i 0 : 2 -> 5 sign 1
d 2 i 1 : 4 -> 7 sign 1
d 1 i 0 : 2 -> 5 sign 1
d 1 i 1 : 3 -> 6 sign 1
d 2 i 0 : 2 -> 5 sign 1
d 2 i 1 : 4 -> 7 sign 1
d 1 i 0 : 2 -> 5 sign 1
d 1 i 1 : 3 -> 6 sign 1
d 2 i 0 : 2 -> 5 sign 1
d 2 i 1 : 4 -> 7 sign 1
412: Pseudopotential
d 1 i 0 : 2 -> 5 sign 1
d 1 i 1 : 3 -> 6 sign 1
d 2 i 0 : 2 -> 5 sign 1
d 2 i 1 : 4 -> 7 sign 1
414: Pseudopotential
d 1 i 0 : 2 -> 5 sign 1
d 1 i 1 : 3 -> 6 sign 1
d 2 i 0 : 2 -> 5 sign 1
d 2 i 1 : 4 -> 7 sign 1
369: Pseudopotential
384: Pseudopotential
330: Pseudopotential
387: Pseudopotential
334: Pseudopotential
d 1 i 0 : 2 -> 5 sign 1
d 1 i 1 : 3 -> 6 sign 1
d 2 i 0 : 2 -> 5 sign 1
d 2 i 1 : 4 -> 7 sign 1
346: Pseudopotential
d 1 i 0 : 2 -> 5 sign 1
d 1 i 1 : 3 -> 6 sign 1
d 2 i 0 : 2 -> 5 sign 1
d 2 i 1 : 4 -> 7 sign 1
d 1 i 0 : 2 -> 5 sign 1
d 1 i 1 : 3 -> 6 sign 1
d 2 i 0 : 2 -> 5 sign 1
d 2 i 1 : 4 -> 7 sign 1
d 1 i 0 : 2 -> 5 sign 1
d 1 i 1 : 3 -> 6 sign 1
d 2 i 0 : 2 -> 5 sign 1
d 2 i 1 : 4 -> 7 sign 1
401: Pseudopotential
d 1 i 0 : 2 -> 5 sign 1
d 1 i 1 : 3 -> 6 sign 1
d 2 i 0 : 2 -> 5 sign 1
d 2 i 1 : 4 -> 7 sign 1
361: Pseudopotential
d 1 i 0 : 2 -> 5 sign 1
d 1 i 1 : 3 -> 6 sign 1
d 2 i 0 : 2 -> 5 sign 1
d 2 i 1 : 4 -> 7 sign 1
403: Pseudopotential
d 1 i 0 : 2 -> 5 sign 1
d 1 i 1 : 3 -> 6 sign 1
d 2 i 0 : 2 -> 5 sign 1
d 2 i 1 : 4 -> 7 sign 1
404: Pseudopotential
d 1 i 0 : 2 -> 5 sign 1
d 1 i 1 : 3 -> 6 sign 1
d 2 i 0 : 2 -> 5 sign 1
d 2 i 1 : 4 -> 7 sign 1
406: Pseudopotential
d 1 i 0 : 2 -> 5 sign 1
d 1 i 1 : 3 -> 6 sign 1
d 2 i 0 : 2 -> 5 sign 1
d 2 i 1 : 4 -> 7 sign 1
d 1 i 0 : 2 -> 5 sign 1
d 1 i 1 : 3 -> 6 sign 1
d 2 i 0 : 2 -> 5 sign 1
d 2 i 1 : 4 -> 7 sign 1
410: Pseudopotential
d 1 i 0 : 2 -> 5 sign 1
d 1 i 1 : 3 -> 6 sign 1
d 2 i 0 : 2 -> 5 sign 1
d 2 i 1 : 4 -> 7 sign 1
389: Pseudopotential
d 1 i 0 : 2 -> 5 sign 1
d 1 i 1 : 3 -> 6 sign 1
d 2 i 0 : 2 -> 5 sign 1
d 2 i 1 : 4 -> 7 sign 1
332: Pseudopotential
391: Pseudopotential
356: Pseudopotential
d 1 i 0 : 2 -> 5 sign 1
d 1 i 1 : 3 -> 6 sign 1
d 2 i 0 : 2 -> 5 sign 1
d 2 i 1 : 4 -> 7 sign 1
409: Pseudopotential
358: Pseudopotential
d 1 i 0 : 2 -> 5 sign 1
d 1 i 1 : 3 -> 6 sign 1
d 2 i 0 : 2 -> 5 sign 1
d 2 i 1 : 4 -> 7 sign 1
411: Pseudopotential
362: Pseudopotential
d 1 i 0 : 2 -> 5 sign 1
d 1 i 1 : 3 -> 6 sign 1
d 2 i 0 : 2 -> 5 sign 1
d 2 i 1 : 4 -> 7 sign 1
413: Pseudopotential
d 1 i 0 : 2 -> 5 sign 1
d 1 i 1 : 3 -> 6 sign 1
d 2 i 0 : 2 -> 5 sign 1
d 2 i 1 : 4 -> 7 sign 1
d 1 i 0 : 2 -> 5 sign 1
d 1 i 1 : 3 -> 6 sign 1
d 2 i 0 : 2 -> 5 sign 1
d 2 i 1 : 4 -> 7 sign 1
415: Pseudopotential
365: Pseudopotential
d 1 i 0 : 2 -> 5 sign 1
d 1 i 1 : 3 -> 6 sign 1
d 2 i 0 : 2 -> 5 sign 1
d 2 i 1 : 4 -> 7 sign 1
367: Pseudopotential
372: Pseudopotential
d 1 i 0 : 2 -> 5 sign 1
d 1 i 1 : 3 -> 6 sign 1
d 2 i 0 : 2 -> 5 sign 1
d 2 i 1 : 4 -> 7 sign 1
364: Pseudopotential
366: Pseudopotential
341: Pseudopotential
d 1 i 0 : 2 -> 5 sign 1
d 1 i 1 : 3 -> 6 sign 1
d 2 i 0 : 2 -> 5 sign 1
d 2 i 1 : 4 -> 7 sign 1
d 1 i 0 : 2 -> 5 sign 1
d 1 i 1 : 3 -> 6 sign 1
d 2 i 0 : 2 -> 5 sign 1
d 2 i 1 : 4 -> 7 sign 1
d 1 i 0 : 2 -> 5 sign 1
d 1 i 1 : 3 -> 6 sign 1
d 2 i 0 : 2 -> 5 sign 1
d 2 i 1 : 4 -> 7 sign 1
d 1 i 0 : 2 -> 5 sign 1
d 1 i 1 : 3 -> 6 sign 1
d 2 i 0 : 2 -> 5 sign 1
d 2 i 1 : 4 -> 7 sign 1
d 1 i 0 : 2 -> 5 sign 1
d 1 i 1 : 3 -> 6 sign 1
d 2 i 0 : 2 -> 5 sign 1
d 2 i 1 : 4 -> 7 sign 1
d 1 i 0 : 2 -> 5 sign 1
d 1 i 1 : 3 -> 6 sign 1
d 2 i 0 : 2 -> 5 sign 1
d 2 i 1 : 4 -> 7 sign 1
d 1 i 0 : 2 -> 5 sign 1
d 1 i 1 : 3 -> 6 sign 1
d 2 i 0 : 2 -> 5 sign 1
d 2 i 1 : 4 -> 7 sign 1
d 1 i 0 : 2 -> 5 sign 1
d 1 i 1 : 3 -> 6 sign 1
d 2 i 0 : 2 -> 5 sign 1
d 2 i 1 : 4 -> 7 sign 1
d 1 i 0 : 2 -> 5 sign 1
d 1 i 1 : 3 -> 6 sign 1
d 2 i 0 : 2 -> 5 sign 1
d 2 i 1 : 4 -> 7 sign 1
343: Pseudopotential
373: Pseudopotential
d 1 i 0 : 2 -> 5 sign 1
d 1 i 1 : 3 -> 6 sign 1
d 2 i 0 : 2 -> 5 sign 1
d 2 i 1 : 4 -> 7 sign 1
382: Pseudopotential
322: Pseudopotential
324: Pseudopotential
326: Pseudopotential
336: Pseudopotential
d 1 i 0 : 2 -> 5 sign 1
d 1 i 1 : 3 -> 6 sign 1
d 2 i 0 : 2 -> 5 sign 1
d 2 i 1 : 4 -> 7 sign 1
d 1 i 0 : 2 -> 5 sign 1
d 1 i 1 : 3 -> 6 sign 1
d 2 i 0 : 2 -> 5 sign 1
d 2 i 1 : 4 -> 7 sign 1
350: Pseudopotential
355: Pseudopotential
374: Pseudopotential
378: Pseudopotential
d 1 i 0 : 2 -> 5 sign 1
d 1 i 1 : 3 -> 6 sign 1
d 2 i 0 : 2 -> 5 sign 1
d 2 i 1 : 4 -> 7 sign 1
323: Pseudopotential
348: Pseudopotential
d 1 i 0 : 2 -> 5 sign 1
d 1 i 1 : 3 -> 6 sign 1
d 2 i 0 : 2 -> 5 sign 1
d 2 i 1 : 4 -> 7 sign 1
360: Pseudopotential
d 1 i 0 : 2 -> 5 sign 1
d 1 i 1 : 3 -> 6 sign 1
d 2 i 0 : 2 -> 5 sign 1
d 2 i 1 : 4 -> 7 sign 1
375: Pseudopotential
d 1 i 0 : 2 -> 5 sign 1
d 1 i 1 : 3 -> 6 sign 1
d 2 i 0 : 2 -> 5 sign 1
d 2 i 1 : 4 -> 7 sign 1
d 1 i 0 : 2 -> 5 sign 1
d 1 i 1 : 3 -> 6 sign 1
d 2 i 0 : 2 -> 5 sign 1
d 2 i 1 : 4 -> 7 sign 1
380: Pseudopotential
44: Pseudopotential
d 1 i 0 : 2 -> 5 sign 1
d 1 i 1 : 3 -> 6 sign 1
d 2 i 0 : 2 -> 5 sign 1
d 2 i 1 : 4 -> 7 sign 1
328: Pseudopotential
d 1 i 0 : 2 -> 5 sign 1
d 1 i 1 : 3 -> 6 sign 1
d 2 i 0 : 2 -> 5 sign 1
d 2 i 1 : 4 -> 7 sign 1
352: Pseudopotential
d 1 i 0 : 2 -> 5 sign 1
d 1 i 1 : 3 -> 6 sign 1
d 2 i 0 : 2 -> 5 sign 1
d 2 i 1 : 4 -> 7 sign 1
359: Pseudopotential
d 1 i 0 : 2 -> 5 sign 1
d 1 i 1 : 3 -> 6 sign 1
d 2 i 0 : 2 -> 5 sign 1
d 2 i 1 : 4 -> 7 sign 1
368: Pseudopotential
d 1 i 0 : 2 -> 5 sign 1
d 1 i 1 : 3 -> 6 sign 1
d 2 i 0 : 2 -> 5 sign 1
d 2 i 1 : 4 -> 7 sign 1
371: Pseudopotential
d 1 i 0 : 2 -> 5 sign 1
d 1 i 1 : 3 -> 6 sign 1
d 2 i 0 : 2 -> 5 sign 1
d 2 i 1 : 4 -> 7 sign 1
377: Pseudopotential
d 1 i 0 : 2 -> 5 sign 1
d 1 i 1 : 3 -> 6 sign 1
d 2 i 0 : 2 -> 5 sign 1
d 2 i 1 : 4 -> 7 sign 1
379: Pseudopotential
d 1 i 0 : 2 -> 5 sign 1
d 1 i 1 : 3 -> 6 sign 1
d 2 i 0 : 2 -> 5 sign 1
d 2 i 1 : 4 -> 7 sign 1
325: Pseudopotential
d 1 i 0 : 2 -> 5 sign 1
d 1 i 1 : 3 -> 6 sign 1
d 2 i 0 : 2 -> 5 sign 1
d 2 i 1 : 4 -> 7 sign 1
327: Pseudopotential
d 1 i 0 : 2 -> 5 sign 1
d 1 i 1 : 3 -> 6 sign 1
d 2 i 0 : 2 -> 5 sign 1
d 2 i 1 : 4 -> 7 sign 1
331: Pseudopotential
d 1 i 0 : 2 -> 5 sign 1
d 1 i 1 : 3 -> 6 sign 1
d 2 i 0 : 2 -> 5 sign 1
d 2 i 1 : 4 -> 7 sign 1
363: Pseudopotential
d 1 i 0 : 2 -> 5 sign 1
d 1 i 1 : 3 -> 6 sign 1
d 2 i 0 : 2 -> 5 sign 1
d 2 i 1 : 4 -> 7 sign 1
d 1 i 0 : 2 -> 5 sign 1
d 1 i 1 : 3 -> 6 sign 1
d 2 i 0 : 2 -> 5 sign 1
d 2 i 1 : 4 -> 7 sign 1
d 1 i 0 : 2 -> 5 sign 1
d 1 i 1 : 3 -> 6 sign 1
d 2 i 0 : 2 -> 5 sign 1
d 2 i 1 : 4 -> 7 sign 1
345: Pseudopotential
d 1 i 0 : 2 -> 5 sign 1
d 1 i 1 : 3 -> 6 sign 1
d 2 i 0 : 2 -> 5 sign 1
d 2 i 1 : 4 -> 7 sign 1
347: Pseudopotential
333: Pseudopotential
335: Pseudopotential
d 1 i 0 : 2 -> 5 sign 1
d 1 i 1 : 3 -> 6 sign 1
d 2 i 0 : 2 -> 5 sign 1
d 2 i 1 : 4 -> 7 sign 1
d 1 i 0 : 2 -> 5 sign 1
d 1 i 1 : 3 -> 6 sign 1
d 2 i 0 : 2 -> 5 sign 1
d 2 i 1 : 4 -> 7 sign 1
d 1 i 0 : 2 -> 5 sign 1
d 1 i 1 : 3 -> 6 sign 1
d 2 i 0 : 2 -> 5 sign 1
d 2 i 1 : 4 -> 7 sign 1
d 1 i 0 : 2 -> 5 sign 1
d 1 i 1 : 3 -> 6 sign 1
d 2 i 0 : 2 -> 5 sign 1
d 2 i 1 : 4 -> 7 sign 1
d 1 i 0 : 2 -> 5 sign 1
d 1 i 1 : 3 -> 6 sign 1
d 2 i 0 : 2 -> 5 sign 1
d 2 i 1 : 4 -> 7 sign 1
376: Pseudopotential
320: Pseudopotential
351: Pseudopotential
381: Pseudopotential
383: Pseudopotential
d 1 i 0 : 2 -> 5 sign 1
d 1 i 1 : 3 -> 6 sign 1
d 2 i 0 : 2 -> 5 sign 1
d 2 i 1 : 4 -> 7 sign 1
357: Pseudopotential
d 1 i 0 : 2 -> 5 sign 1
d 1 i 1 : 3 -> 6 sign 1
d 2 i 0 : 2 -> 5 sign 1
d 2 i 1 : 4 -> 7 sign 1
d 1 i 0 : 2 -> 5 sign 1
128: Pseudopotential
d 1 i 1 : 3 -> 6 sign 1
d 2 i 0 : 2 -> 5 sign 1
d 2 i 1 : 4 -> 7 sign 1
131: Pseudopotential
d 1 i 0 : 2 -> 5 sign 1
d 1 i 1 : 3 -> 6 sign 1
d 2 i 0 : 2 -> 5 sign 1
d 2 i 1 : 4 -> 7 sign 1
344: Pseudopotential
d 1 i 0 : 2 -> 5 sign 1
d 1 i 1 : 3 -> 6 sign 1
d 2 i 0 : 2 -> 5 sign 1
d 2 i 1 : 4 -> 7 sign 1
d 1 i 0 : 2 -> 5 sign 1
312: Pseudopotential
d 1 i 1 : 3 -> 6 sign 1
d 2 i 0 : 2 -> 5 sign 1
d 2 i 1 : 4 -> 7 sign 1
317: Pseudopotential
d 1 i 0 : 2 -> 5 sign 1
d 1 i 1 : 3 -> 6 sign 1
d 2 i 0 : 2 -> 5 sign 1
d 2 i 1 : 4 -> 7 sign 1
349: Pseudopotential
d 1 i 0 : 2 -> 5 sign 1
d 1 i 0 : 2 -> 5 sign 1
d 1 i 1 : 3 -> 6 sign 1
d 2 i 0 : 2 -> 5 sign 1
d 2 i 1 : 4 -> 7 sign 1
452: Pseudopotential
d 1 i 1 : 3 -> 6 sign 1
d 2 i 0 : 2 -> 5 sign 1
d 2 i 1 : 4 -> 7 sign 1
453: Pseudopotential
d 1 i 0 : 2 -> 5 sign 1
d 1 i 0 : 2 -> 5 sign 1
d 1 i 1 : 3 -> 6 sign 1
d 2 i 0 : 2 -> 5 sign 1
d 2 i 1 : 4 -> 7 sign 1
448: Pseudopotential
d 1 i 1 : 3 -> 6 sign 1
d 2 i 0 : 2 -> 5 sign 1
d 2 i 1 : 4 -> 7 sign 1
455: Pseudopotential
d 1 i 0 : 2 -> 5 sign 1
d 1 i 1 : 3 -> 6 sign 1
d 2 i 0 : 2 -> 5 sign 1
d 2 i 1 : 4 -> 7 sign 1
454: Pseudopotential
0: Timestep is 1.38715
384: Timestep is 1.38715
448: Timestep is 1.38715
320: Timestep is 1.38715
128: Timestep is 1.38715
256: Timestep is 1.38715
192: Timestep is 1.38715
64: Timestep is 1.38715
385: Timestep is 1.38715
449: Timestep is 1.38715
321: Timestep is 1.38715
129: Timestep is 1.38715
257: Timestep is 1.38715
193: Timestep is 1.38715
65: Timestep is 1.38715
386: Timestep is 1.38715
450: Timestep is 1.38715
322: Timestep is 1.38715
130: Timestep is 1.38715
258: Timestep is 1.38715
194: Timestep is 1.38715
66: Timestep is 1.38715
2: Timestep is 1.38715
387: Timestep is 1.38715
451: Timestep is 1.38715
323: Timestep is 1.38715
132: Timestep is 1.38715
259: Timestep is 1.38715
195: Timestep is 1.38715
67: Timestep is 1.38715
388: Timestep is 1.38715
452: Timestep is 1.38715
324: Timestep is 1.38715
133: Timestep is 1.38715
260: Timestep is 1.38715
196: Timestep is 1.38715
68: Timestep is 1.38715
389: Timestep is 1.38715
453: Timestep is 1.38715
325: Timestep is 1.38715
134: Timestep is 1.38715
261: Timestep is 1.38715
197: Timestep is 1.38715
69: Timestep is 1.38715
390: Timestep is 1.38715
454: Timestep is 1.38715
326: Timestep is 1.38715
135: Timestep is 1.38715
262: Timestep is 1.38715
198: Timestep is 1.38715
70: Timestep is 1.38715
10: Timestep is 1.38715
391: Timestep is 1.38715
455: Timestep is 1.38715
327: Timestep is 1.38715
136: Timestep is 1.38715
263: Timestep is 1.38715
199: Timestep is 1.38715
71: Timestep is 1.38715
392: Timestep is 1.38715
456: Timestep is 1.38715
328: Timestep is 1.38715
137: Timestep is 1.38715
264: Timestep is 1.38715
200: Timestep is 1.38715
72: Timestep is 1.38715
393: Timestep is 1.38715
457: Timestep is 1.38715
329: Timestep is 1.38715
138: Timestep is 1.38715
265: Timestep is 1.38715
201: Timestep is 1.38715
73: Timestep is 1.38715
394: Timestep is 1.38715
458: Timestep is 1.38715
330: Timestep is 1.38715
139: Timestep is 1.38715
266: Timestep is 1.38715
202: Timestep is 1.38715
74: Timestep is 1.38715
395: Timestep is 1.38715
459: Timestep is 1.38715
331: Timestep is 1.38715
140: Timestep is 1.38715
267: Timestep is 1.38715
204: Timestep is 1.38715
75: Timestep is 1.38715
396: Timestep is 1.38715
460: Timestep is 1.38715
332: Timestep is 1.38715
141: Timestep is 1.38715
268: Timestep is 1.38715
205: Timestep is 1.38715
76: Timestep is 1.38715
12: Timestep is 1.38715
397: Timestep is 1.38715
461: Timestep is 1.38715
333: Timestep is 1.38715
142: Timestep is 1.38715
269: Timestep is 1.38715
206: Timestep is 1.38715
77: Timestep is 1.38715
398: Timestep is 1.38715
462: Timestep is 1.38715
334: Timestep is 1.38715
143: Timestep is 1.38715
270: Timestep is 1.38715
207: Timestep is 1.38715
78: Timestep is 1.38715
399: Timestep is 1.38715
463: Timestep is 1.38715
335: Timestep is 1.38715
144: Timestep is 1.38715
271: Timestep is 1.38715
208: Timestep is 1.38715
79: Timestep is 1.38715
400: Timestep is 1.38715
464: Timestep is 1.38715
336: Timestep is 1.38715
145: Timestep is 1.38715
272: Timestep is 1.38715
209: Timestep is 1.38715
80: Timestep is 1.38715
401: Timestep is 1.38715
465: Timestep is 1.38715
337: Timestep is 1.38715
146: Timestep is 1.38715
273: Timestep is 1.38715
210: Timestep is 1.38715
81: Timestep is 1.38715
14: Timestep is 1.38715
402: Timestep is 1.38715
466: Timestep is 1.38715
338: Timestep is 1.38715
147: Timestep is 1.38715
274: Timestep is 1.38715
211: Timestep is 1.38715
82: Timestep is 1.38715
403: Timestep is 1.38715
467: Timestep is 1.38715
339: Timestep is 1.38715
148: Timestep is 1.38715
275: Timestep is 1.38715
212: Timestep is 1.38715
83: Timestep is 1.38715
404: Timestep is 1.38715
468: Timestep is 1.38715
340: Timestep is 1.38715
149: Timestep is 1.38715
276: Timestep is 1.38715
213: Timestep is 1.38715
84: Timestep is 1.38715
405: Timestep is 1.38715
469: Timestep is 1.38715
341: Timestep is 1.38715
150: Timestep is 1.38715
277: Timestep is 1.38715
214: Timestep is 1.38715
85: Timestep is 1.38715
406: Timestep is 1.38715
470: Timestep is 1.38715
342: Timestep is 1.38715
151: Timestep is 1.38715
278: Timestep is 1.38715
215: Timestep is 1.38715
86: Timestep is 1.38715
16: Timestep is 1.38715
407: Timestep is 1.38715
471: Timestep is 1.38715
343: Timestep is 1.38715
152: Timestep is 1.38715
279: Timestep is 1.38715
216: Timestep is 1.38715
87: Timestep is 1.38715
408: Timestep is 1.38715
472: Timestep is 1.38715
344: Timestep is 1.38715
153: Timestep is 1.38715
280: Timestep is 1.38715
217: Timestep is 1.38715
88: Timestep is 1.38715
409: Timestep is 1.38715
473: Timestep is 1.38715
345: Timestep is 1.38715
154: Timestep is 1.38715
281: Timestep is 1.38715
218: Timestep is 1.38715
89: Timestep is 1.38715
410: Timestep is 1.38715
474: Timestep is 1.38715
346: Timestep is 1.38715
155: Timestep is 1.38715
282: Timestep is 1.38715
219: Timestep is 1.38715
90: Timestep is 1.38715
411: Timestep is 1.38715
475: Timestep is 1.38715
347: Timestep is 1.38715
156: Timestep is 1.38715
283: Timestep is 1.38715
220: Timestep is 1.38715
91: Timestep is 1.38715
412: Timestep is 1.38715
476: Timestep is 1.38715
348: Timestep is 1.38715
157: Timestep is 1.38715
284: Timestep is 1.38715
221: Timestep is 1.38715
92: Timestep is 1.38715
18: Timestep is 1.38715
413: Timestep is 1.38715
477: Timestep is 1.38715
349: Timestep is 1.38715
158: Timestep is 1.38715
285: Timestep is 1.38715
222: Timestep is 1.38715
93: Timestep is 1.38715
414: Timestep is 1.38715
478: Timestep is 1.38715
350: Timestep is 1.38715
159: Timestep is 1.38715
286: Timestep is 1.38715
223: Timestep is 1.38715
94: Timestep is 1.38715
415: Timestep is 1.38715
479: Timestep is 1.38715
352: Timestep is 1.38715
160: Timestep is 1.38715
287: Timestep is 1.38715
224: Timestep is 1.38715
95: Timestep is 1.38715
416: Timestep is 1.38715
480: Timestep is 1.38715
353: Timestep is 1.38715
161: Timestep is 1.38715
288: Timestep is 1.38715
225: Timestep is 1.38715
96: Timestep is 1.38715
417: Timestep is 1.38715
481: Timestep is 1.38715
354: Timestep is 1.38715
162: Timestep is 1.38715
289: Timestep is 1.38715
226: Timestep is 1.38715
97: Timestep is 1.38715
22: Timestep is 1.38715
419: Timestep is 1.38715
482: Timestep is 1.38715
355: Timestep is 1.38715
163: Timestep is 1.38715
290: Timestep is 1.38715
227: Timestep is 1.38715
98: Timestep is 1.38715
24: Timestep is 1.38715
420: Timestep is 1.38715
483: Timestep is 1.38715
356: Timestep is 1.38715
164: Timestep is 1.38715
291: Timestep is 1.38715
228: Timestep is 1.38715
99: Timestep is 1.38715
26: Timestep is 1.38715
421: Timestep is 1.38715
484: Timestep is 1.38715
357: Timestep is 1.38715
165: Timestep is 1.38715
292: Timestep is 1.38715
229: Timestep is 1.38715
100: Timestep is 1.38715
27: Timestep is 1.38715
422: Timestep is 1.38715
485: Timestep is 1.38715
358: Timestep is 1.38715
166: Timestep is 1.38715
293: Timestep is 1.38715
230: Timestep is 1.38715
101: Timestep is 1.38715
28: Timestep is 1.38715
423: Timestep is 1.38715
486: Timestep is 1.38715
359: Timestep is 1.38715
167: Timestep is 1.38715
294: Timestep is 1.38715
231: Timestep is 1.38715
102: Timestep is 1.38715
29: Timestep is 1.38715
424: Timestep is 1.38715
487: Timestep is 1.38715
360: Timestep is 1.38715
168: Timestep is 1.38715
295: Timestep is 1.38715
232: Timestep is 1.38715
103: Timestep is 1.38715
30: Timestep is 1.38715
425: Timestep is 1.38715
488: Timestep is 1.38715
361: Timestep is 1.38715
169: Timestep is 1.38715
296: Timestep is 1.38715
233: Timestep is 1.38715
104: Timestep is 1.38715
31: Timestep is 1.38715
426: Timestep is 1.38715
489: Timestep is 1.38715
362: Timestep is 1.38715
170: Timestep is 1.38715
297: Timestep is 1.38715
234: Timestep is 1.38715
105: Timestep is 1.38715
32: Timestep is 1.38715
427: Timestep is 1.38715
490: Timestep is 1.38715
363: Timestep is 1.38715
171: Timestep is 1.38715
298: Timestep is 1.38715
235: Timestep is 1.38715
106: Timestep is 1.38715
33: Timestep is 1.38715
428: Timestep is 1.38715
491: Timestep is 1.38715
364: Timestep is 1.38715
172: Timestep is 1.38715
299: Timestep is 1.38715
236: Timestep is 1.38715
108: Timestep is 1.38715
34: Timestep is 1.38715
429: Timestep is 1.38715
492: Timestep is 1.38715
365: Timestep is 1.38715
173: Timestep is 1.38715
300: Timestep is 1.38715
237: Timestep is 1.38715
109: Timestep is 1.38715
35: Timestep is 1.38715
430: Timestep is 1.38715
493: Timestep is 1.38715
366: Timestep is 1.38715
174: Timestep is 1.38715
301: Timestep is 1.38715
238: Timestep is 1.38715
110: Timestep is 1.38715
36: Timestep is 1.38715
431: Timestep is 1.38715
494: Timestep is 1.38715
367: Timestep is 1.38715
175: Timestep is 1.38715
302: Timestep is 1.38715
239: Timestep is 1.38715
111: Timestep is 1.38715
37: Timestep is 1.38715
432: Timestep is 1.38715
495: Timestep is 1.38715
368: Timestep is 1.38715
176: Timestep is 1.38715
303: Timestep is 1.38715
240: Timestep is 1.38715
112: Timestep is 1.38715
38: Timestep is 1.38715
433: Timestep is 1.38715
496: Timestep is 1.38715
369: Timestep is 1.38715
177: Timestep is 1.38715
304: Timestep is 1.38715
241: Timestep is 1.38715
113: Timestep is 1.38715
39: Timestep is 1.38715
434: Timestep is 1.38715
497: Timestep is 1.38715
370: Timestep is 1.38715
178: Timestep is 1.38715
305: Timestep is 1.38715
242: Timestep is 1.38715
114: Timestep is 1.38715
40: Timestep is 1.38715
435: Timestep is 1.38715
498: Timestep is 1.38715
371: Timestep is 1.38715
179: Timestep is 1.38715
306: Timestep is 1.38715
243: Timestep is 1.38715
115: Timestep is 1.38715
41: Timestep is 1.38715
436: Timestep is 1.38715
499: Timestep is 1.38715
372: Timestep is 1.38715
180: Timestep is 1.38715
307: Timestep is 1.38715
244: Timestep is 1.38715
116: Timestep is 1.38715
42: Timestep is 1.38715
437: Timestep is 1.38715
500: Timestep is 1.38715
373: Timestep is 1.38715
181: Timestep is 1.38715
308: Timestep is 1.38715
245: Timestep is 1.38715
117: Timestep is 1.38715
43: Timestep is 1.38715
438: Timestep is 1.38715
501: Timestep is 1.38715
374: Timestep is 1.38715
182: Timestep is 1.38715
309: Timestep is 1.38715
246: Timestep is 1.38715
118: Timestep is 1.38715
44: Timestep is 1.38715
439: Timestep is 1.38715
502: Timestep is 1.38715
375: Timestep is 1.38715
183: Timestep is 1.38715
310: Timestep is 1.38715
247: Timestep is 1.38715
119: Timestep is 1.38715
45: Timestep is 1.38715
440: Timestep is 1.38715
503: Timestep is 1.38715
376: Timestep is 1.38715
184: Timestep is 1.38715
311: Timestep is 1.38715
248: Timestep is 1.38715
120: Timestep is 1.38715
47: Timestep is 1.38715
441: Timestep is 1.38715
504: Timestep is 1.38715
377: Timestep is 1.38715
185: Timestep is 1.38715
312: Timestep is 1.38715
249: Timestep is 1.38715
121: Timestep is 1.38715
48: Timestep is 1.38715
442: Timestep is 1.38715
505: Timestep is 1.38715
378: Timestep is 1.38715
186: Timestep is 1.38715
313: Timestep is 1.38715
250: Timestep is 1.38715
49: Timestep is 1.38715
443: Timestep is 1.38715
506: Timestep is 1.38715
379: Timestep is 1.38715
187: Timestep is 1.38715
314: Timestep is 1.38715
122: Timestep is 1.38715
50: Timestep is 1.38715
444: Timestep is 1.38715
507: Timestep is 1.38715
380: Timestep is 1.38715
188: Timestep is 1.38715
315: Timestep is 1.38715
251: Timestep is 1.38715
123: Timestep is 1.38715
51: Timestep is 1.38715
445: Timestep is 1.38715
508: Timestep is 1.38715
381: Timestep is 1.38715
189: Timestep is 1.38715
316: Timestep is 1.38715
252: Timestep is 1.38715
124: Timestep is 1.38715
52: Timestep is 1.38715
446: Timestep is 1.38715
509: Timestep is 1.38715
382: Timestep is 1.38715
190: Timestep is 1.38715
318: Timestep is 1.38715
253: Timestep is 1.38715
125: Timestep is 1.38715
53: Timestep is 1.38715
447: Timestep is 1.38715
510: Timestep is 1.38715
383: Timestep is 1.38715
191: Timestep is 1.38715
319: Timestep is 1.38715
254: Timestep is 1.38715
126: Timestep is 1.38715
54: Timestep is 1.38715
511: Timestep is 1.38715
255: Timestep is 1.38715
127: Timestep is 1.38715
55: Timestep is 1.38715
56: Timestep is 1.38715
57: Timestep is 1.38715
58: Timestep is 1.38715
59: Timestep is 1.38715
60: Timestep is 1.38715
61: Timestep is 1.38715
62: Timestep is 1.38715
63: Timestep is 1.38715
1: Timestep is 1.38715
3: Timestep is 1.38715
4: Timestep is 1.38715
5: Timestep is 1.38715
6: Timestep is 1.38715
7: Timestep is 1.38715
8: Timestep is 1.38715
9: Timestep is 1.38715
11: Timestep is 1.38715
13: Timestep is 1.38715
15: Timestep is 1.38715
17: Timestep is 1.38715
19: Timestep is 1.38715
20: Timestep is 1.38715
21: Timestep is 1.38715
23: Timestep is 1.38715
25: Timestep is 1.38715
46: Timestep is 1.38715
107: Timestep is 1.38715
203: Timestep is 1.38715
351: Timestep is 1.38715
131: Timestep is 1.38715
317: Timestep is 1.38715
418: Timestep is 1.38715
1: Write took 0 seconds
1: Write took 0 seconds
1: Write took 0 seconds
1: Write took 0 seconds
1: Write took 0 seconds
1: Write took 0 seconds
