#-------------------------------------------------
#DMC run: timestep 0.005
#-------------------------------------------------


init { 
   label spin_0.005
}
block { 
   label spin_0.005
   totweight 870400
   nautocorr 0
   total_energy { -135.5828937474897   } 
   total_energyvar { 6.20737508909945   } 
   weight { 1.038771828931938   } 
   weightvar { 0.04157816594679176   } 
   kinetic_energy { 45.94972381036848   } 
   kinetic_energyvar { 142.3296816423172   } 
   potential_energy { -199.440249253485   } 
   potential_energyvar { 270.1803480472336   } 
   nonlocal_energy { 17.90763169562689   } 
   nonlocal_energyvar { 276.3446187013295   } 
   autocorr_energy { } 
} 

block { 
   label spin_0.005
   totweight 870400
   nautocorr 0
   total_energy { -135.5656053584067   } 
   total_energyvar { 6.850725009202458   } 
   weight { 1.040092987274842   } 
   weightvar { 0.0839876859440795   } 
   kinetic_energy { 46.60125382494312   } 
   kinetic_energyvar { 141.6436943004243   } 
   potential_energy { -200.308583597142   } 
   potential_energyvar { 267.8943138986159   } 
   nonlocal_energy { 18.14172441379224   } 
   nonlocal_energyvar { 278.4466393287535   } 
   autocorr_energy { } 
} 

block { 
   label spin_0.005
   totweight 870400
   nautocorr 0
   total_energy { -135.5514936191606   } 
   total_energyvar { 6.575641996312994   } 
   weight { 0.9983598092109777   } 
   weightvar { 0.094335020291808   } 
   kinetic_energy { 46.74887351066215   } 
   kinetic_energyvar { 140.1362231646918   } 
   potential_energy { -200.3371393092166   } 
   potential_energyvar { 266.7923001553423   } 
   nonlocal_energy { 18.03677217939384   } 
   nonlocal_energyvar { 272.2596652362369   } 
   autocorr_energy { } 
} 

block { 
   label spin_0.005
   totweight 870400
   nautocorr 0
   total_energy { -135.545688298046   } 
   total_energyvar { 6.676650397195764   } 
   weight { 0.9860629387226083   } 
   weightvar { 0.09636806576283026   } 
   kinetic_energy { 46.73125208165934   } 
   kinetic_energyvar { 142.2851286768083   } 
   potential_energy { -200.4659439538989   } 
   potential_energyvar { 267.1464863922665   } 
   nonlocal_energy { 18.18900357419357   } 
   nonlocal_energyvar { 277.6906654352557   } 
   autocorr_energy { } 
} 

block { 
   label spin_0.005
   totweight 870400
   nautocorr 0
   total_energy { -135.5415493926967   } 
   total_energyvar { 6.484909840733472   } 
   weight { 0.9787860818376786   } 
   weightvar { 0.09947073845324746   } 
   kinetic_energy { 46.76411911106069   } 
   kinetic_energyvar { 138.1396780315008   } 
   potential_energy { -200.3176548304739   } 
   potential_energyvar { 265.4967178343784   } 
   nonlocal_energy { 18.01198632671646   } 
   nonlocal_energyvar { 271.4785342884184   } 
   autocorr_energy { } 
} 

block { 
   label spin_0.005
   totweight 870400
   nautocorr 0
   total_energy { -135.5393318971921   } 
   total_energyvar { 6.926759220030042   } 
   weight { 0.9804380527179102   } 
   weightvar { 0.09873652315017981   } 
   kinetic_energy { 46.65386717413492   } 
   kinetic_energyvar { 138.6613794686278   } 
   potential_energy { -200.3176005667761   } 
   potential_energyvar { 265.8706653738142   } 
   nonlocal_energy { 18.12440149544907   } 
   nonlocal_energyvar { 272.569742176633   } 
   autocorr_energy { } 
} 

block { 
   label spin_0.005
   totweight 870400
   nautocorr 0
   total_energy { -135.5391118924915   } 
   total_energyvar { 6.596026526840872   } 
   weight { 0.9844153200843722   } 
   weightvar { 0.1011548927909903   } 
   kinetic_energy { 46.74059310786608   } 
   kinetic_energyvar { 140.1981764879864   } 
   potential_energy { -200.4225149947154   } 
   potential_energyvar { 267.8330864445298   } 
   nonlocal_energy { 18.14280999435783   } 
   nonlocal_energyvar { 275.4709322710966   } 
   autocorr_energy { } 
} 

block { 
   label spin_0.005
   totweight 870400
   nautocorr 0
   total_energy { -135.5370287700354   } 
   total_energyvar { 6.653513188036003   } 
   weight { 0.9886691381267591   } 
   weightvar { 0.0993518845589961   } 
   kinetic_energy { 46.73480974413053   } 
   kinetic_energyvar { 141.1692245559156   } 
   potential_energy { -200.4163861231569   } 
   potential_energyvar { 267.4039482227193   } 
   nonlocal_energy { 18.144547608991   } 
   nonlocal_energyvar { 275.5869434724372   } 
   autocorr_energy { } 
} 

block { 
   label spin_0.005
   totweight 870400
   nautocorr 0
   total_energy { -135.5353120223328   } 
   total_energyvar { 6.717589426494133   } 
   weight { 0.9900628161953176   } 
   weightvar { 0.09810073750664805   } 
   kinetic_energy { 46.81731330930068   } 
   kinetic_energyvar { 140.5454282243834   } 
   potential_energy { -200.579619867605   } 
   potential_energyvar { 266.5172761154976   } 
   nonlocal_energy { 18.22699453597153   } 
   nonlocal_energyvar { 276.8401244476717   } 
   autocorr_energy { } 
} 

block { 
   label spin_0.005
   totweight 870400
   nautocorr 0
   total_energy { -135.5361151569764   } 
   total_energyvar { 6.660048027649752   } 
   weight { 0.9913251763599082   } 
   weightvar { 0.09969678493039148   } 
   kinetic_energy { 46.71173544251918   } 
   kinetic_energyvar { 141.4155421132762   } 
   potential_energy { -200.2810945426421   } 
   potential_energyvar { 268.4331554815029   } 
   nonlocal_energy { 18.03324394314646   } 
   nonlocal_energyvar { 275.4805027678694   } 
   autocorr_energy { } 
} 

block { 
   label spin_0.005
   totweight 870400
   nautocorr 0
   total_energy { -135.5438259770153   } 
   total_energyvar { 6.810715865623568   } 
   weight { 0.9936810709849028   } 
   weightvar { 0.09959825732601732   } 
   kinetic_energy { 46.7718331895416   } 
   kinetic_energyvar { 140.9134846932689   } 
   potential_energy { -200.465773710208   } 
   potential_energyvar { 267.7462912467811   } 
   nonlocal_energy { 18.15011454365114   } 
   nonlocal_energyvar { 277.9626080252976   } 
   autocorr_energy { } 
} 

block { 
   label spin_0.005
   totweight 870400
   nautocorr 0
   total_energy { -135.5357031205666   } 
   total_energyvar { 6.932694193845239   } 
   weight { 0.9963733060102375   } 
   weightvar { 0.09682106067243212   } 
   kinetic_energy { 46.73109835835411   } 
   kinetic_energyvar { 141.7010162125307   } 
   potential_energy { -200.4562956771657   } 
   potential_energyvar { 265.6402818418599   } 
   nonlocal_energy { 18.18949419824487   } 
   nonlocal_energyvar { 280.9595766623729   } 
   autocorr_energy { } 
} 

block { 
   label spin_0.005
   totweight 870400
   nautocorr 0
   total_energy { -135.5447468410458   } 
   total_energyvar { 6.559603880574303   } 
   weight { 0.9987358274739734   } 
   weightvar { 0.09704708378284492   } 
   kinetic_energy { 46.77052543180127   } 
   kinetic_energyvar { 139.3968505037647   } 
   potential_energy { -200.2500726688837   } 
   potential_energyvar { 264.9083467218948   } 
   nonlocal_energy { 17.93480039603658   } 
   nonlocal_energyvar { 272.5303881889502   } 
   autocorr_energy { } 
} 

block { 
   label spin_0.005
   totweight 870400
   nautocorr 0
   total_energy { -135.5436335460896   } 
   total_energyvar { 6.620608411215291   } 
   weight { 1.001084370592043   } 
   weightvar { 0.09633192993700816   } 
   kinetic_energy { 46.83257025652131   } 
   kinetic_energyvar { 138.5783157487301   } 
   potential_energy { -200.4604059919234   } 
   potential_energyvar { 265.234395019106   } 
   nonlocal_energy { 18.08420218931253   } 
   nonlocal_energyvar { 275.6100934312677   } 
   autocorr_energy { } 
} 

block { 
   label spin_0.005
   totweight 870400
   nautocorr 0
   total_energy { -135.5388030791409   } 
   total_energyvar { 6.730184149623339   } 
   weight { 1.001316092400858   } 
   weightvar { 0.09798367244338027   } 
   kinetic_energy { 46.86691907216227   } 
   kinetic_energyvar { 143.0840925097881   } 
   potential_energy { -200.6125274733541   } 
   potential_energyvar { 265.6312294256338   } 
   nonlocal_energy { 18.20680532205095   } 
   nonlocal_energyvar { 280.3189910227978   } 
   autocorr_energy { } 
} 

block { 
   label spin_0.005
   totweight 870400
   nautocorr 0
   total_energy { -135.542702168314   } 
   total_energyvar { 6.693628393965697   } 
   weight { 0.9965197208002563   } 
   weightvar { 0.09721696529832363   } 
   kinetic_energy { 46.98280701005505   } 
   kinetic_energyvar { 137.3453588224955   } 
   potential_energy { -200.5096001383081   } 
   potential_energyvar { 263.9446706510196   } 
   nonlocal_energy { 17.98409095993904   } 
   nonlocal_energyvar { 269.4543820080838   } 
   autocorr_energy { } 
} 

block { 
   label spin_0.005
   totweight 870400
   nautocorr 0
   total_energy { -135.5424466229209   } 
   total_energyvar { 6.591964394029856   } 
   weight { 1.001543864682047   } 
   weightvar { 0.09736165551636693   } 
   kinetic_energy { 46.8599454530958   } 
   kinetic_energyvar { 138.5190230509645   } 
   potential_energy { -200.5124573835114   } 
   potential_energyvar { 264.2029401708127   } 
   nonlocal_energy { 18.11006530749464   } 
   nonlocal_energyvar { 272.6811178165169   } 
   autocorr_energy { } 
} 

block { 
   label spin_0.005
   totweight 870400
   nautocorr 0
   total_energy { -135.5401786371873   } 
   total_energyvar { 6.50751724702758   } 
   weight { 0.9985344686779339   } 
   weightvar { 0.09354746431650598   } 
   kinetic_energy { 46.8356124426213   } 
   kinetic_energyvar { 140.4982260374056   } 
   potential_energy { -200.5216085800575   } 
   potential_energyvar { 265.5134030715295   } 
   nonlocal_energy { 18.14581750024888   } 
   nonlocal_energyvar { 276.1092458294345   } 
   autocorr_energy { } 
} 

block { 
   label spin_0.005
   totweight 870400
   nautocorr 0
   total_energy { -135.5310294957749   } 
   total_energyvar { 6.659407781268657   } 
   weight { 0.9942135294281153   } 
   weightvar { 0.09297955476644004   } 
   kinetic_energy { 46.82761582831986   } 
   kinetic_energyvar { 139.5432439793071   } 
   potential_energy { -200.4647350523366   } 
   potential_energyvar { 265.9218389806964   } 
   nonlocal_energy { 18.10608972824181   } 
   nonlocal_energyvar { 273.7580867808168   } 
   autocorr_energy { } 
} 

block { 
   label spin_0.005
   totweight 870400
   nautocorr 0
   total_energy { -135.5415014033709   } 
   total_energyvar { 6.574571804201062   } 
   weight { 0.9952821440921175   } 
   weightvar { 0.09643645603640691   } 
   kinetic_energy { 46.64056231387859   } 
   kinetic_energyvar { 138.7043207459016   } 
   potential_energy { -200.2253102603765   } 
   potential_energyvar { 265.7416866446447   } 
   nonlocal_energy { 18.04324654312705   } 
   nonlocal_energyvar { 273.9621455360311   } 
   autocorr_energy { } 
} 

block { 
   label spin_0.005
   totweight 870400
   nautocorr 0
   total_energy { -135.5480240841574   } 
   total_energyvar { 6.645509599352294   } 
   weight { 0.9998812922705822   } 
   weightvar { 0.09651664923490902   } 
   kinetic_energy { 46.6056783848028   } 
   kinetic_energyvar { 139.7749951232263   } 
   potential_energy { -200.2459317093753   } 
   potential_energyvar { 265.2477744100278   } 
   nonlocal_energy { 18.09222924041508   } 
   nonlocal_energyvar { 275.0661459490373   } 
   autocorr_energy { } 
} 

block { 
   label spin_0.005
   totweight 870400
   nautocorr 0
   total_energy { -135.5317090106076   } 
   total_energyvar { 6.614993221749729   } 
   weight { 1.000129402582952   } 
   weightvar { 0.09617925160472018   } 
   kinetic_energy { 46.66189553542655   } 
   kinetic_energyvar { 140.1265268663093   } 
   potential_energy { -200.2305360385149   } 
   potential_energyvar { 268.5240985554225   } 
   nonlocal_energy { 18.0369314924807   } 
   nonlocal_energyvar { 277.4987322318353   } 
   autocorr_energy { } 
} 

block { 
   label spin_0.005
   totweight 870400
   nautocorr 0
   total_energy { -135.5353191902678   } 
   total_energyvar { 6.661925119698119   } 
   weight { 0.9926314200328227   } 
   weightvar { 0.09722042080717198   } 
   kinetic_energy { 46.78543636076958   } 
   kinetic_energyvar { 139.750921222283   } 
   potential_energy { -200.3408193672882   } 
   potential_energyvar { 263.8472190895291   } 
   nonlocal_energy { 18.0200638162508   } 
   nonlocal_energyvar { 273.7645892211864   } 
   autocorr_energy { } 
} 

block { 
   label spin_0.005
   totweight 870400
   nautocorr 0
   total_energy { -135.5409965998144   } 
   total_energyvar { 6.637664710124004   } 
   weight { 0.9947209161162301   } 
   weightvar { 0.09630855382536947   } 
   kinetic_energy { 46.63198326701649   } 
   kinetic_energyvar { 139.7512944875832   } 
   potential_energy { -200.2569133199699   } 
   potential_energyvar { 266.0147276638144   } 
   nonlocal_energy { 18.08393345313898   } 
   nonlocal_energyvar { 276.1550764104461   } 
   autocorr_energy { } 
} 

block { 
   label spin_0.005
   totweight 870400
   nautocorr 0
   total_energy { -135.5406864170041   } 
   total_energyvar { 6.657287160979082   } 
   weight { 0.9980120304955618   } 
   weightvar { 0.09578151023723283   } 
   kinetic_energy { 46.6992055125955   } 
   kinetic_energyvar { 140.7828648675433   } 
   potential_energy { -200.2645507110852   } 
   potential_energyvar { 272.2429676661512   } 
   nonlocal_energy { 18.02465878148558   } 
   nonlocal_energyvar { 274.5744228048968   } 
   autocorr_energy { } 
} 

block { 
   label spin_0.005
   totweight 870400
   nautocorr 0
   total_energy { -135.5315632810454   } 
   total_energyvar { 6.717070052661038   } 
   weight { 0.9952295691166891   } 
   weightvar { 0.09560145259906583   } 
   kinetic_energy { 46.79008364372227   } 
   kinetic_energyvar { 139.8349137688893   } 
   potential_energy { -200.3939854029667   } 
   potential_energyvar { 267.5865396825184   } 
   nonlocal_energy { 18.07233847819913   } 
   nonlocal_energyvar { 275.0709901155884   } 
   autocorr_energy { } 
} 

block { 
   label spin_0.005
   totweight 870400
   nautocorr 0
   total_energy { -135.5448068332653   } 
   total_energyvar { 6.465825282868128   } 
   weight { 0.9953385447332123   } 
   weightvar { 0.09593673814318637   } 
   kinetic_energy { 46.77130994923938   } 
   kinetic_energyvar { 141.7722546599326   } 
   potential_energy { -200.3835880044246   } 
   potential_energyvar { 269.1758294053213   } 
   nonlocal_energy { 18.06747122191994   } 
   nonlocal_energyvar { 275.7033801891552   } 
   autocorr_energy { } 
} 

block { 
   label spin_0.005
   totweight 870400
   nautocorr 0
   total_energy { -135.5360456177729   } 
   total_energyvar { 6.920155506762453   } 
   weight { 0.9973410512346902   } 
   weightvar { 0.09895922108037676   } 
   kinetic_energy { 46.6874987390126   } 
   kinetic_energyvar { 142.4177960316892   } 
   potential_energy { -200.271024932004   } 
   potential_energyvar { 268.3954389121943   } 
   nonlocal_energy { 18.04748057521854   } 
   nonlocal_energyvar { 278.4489398296062   } 
   autocorr_energy { } 
} 

block { 
   label spin_0.005
   totweight 870400
   nautocorr 0
   total_energy { -135.5355821429341   } 
   total_energyvar { 6.578259927502754   } 
   weight { 0.9949959708147897   } 
   weightvar { 0.09861175634490553   } 
   kinetic_energy { 46.81215287582172   } 
   kinetic_energyvar { 139.3588186784504   } 
   potential_energy { -200.4161976937394   } 
   potential_energyvar { 262.7181586925931   } 
   nonlocal_energy { 18.06846267498354   } 
   nonlocal_energyvar { 273.0314460782303   } 
   autocorr_energy { } 
} 

block { 
   label spin_0.005
   totweight 870400
   nautocorr 0
   total_energy { -135.5433313631422   } 
   total_energyvar { 6.501185670950402   } 
   weight { 0.9986150563643412   } 
   weightvar { 0.0965031109739094   } 
   kinetic_energy { 46.82121482887199   } 
   kinetic_energyvar { 139.3273304928663   } 
   potential_energy { -200.3278923352234   } 
   potential_energyvar { 264.4822341707137   } 
   nonlocal_energy { 17.96334614320925   } 
   nonlocal_energyvar { 272.367127372486   } 
   autocorr_energy { } 
} 

block { 
   label spin_0.005
   totweight 870400
   nautocorr 0
   total_energy { -135.5477190460286   } 
   total_energyvar { 6.637407134143399   } 
   weight { 1.001733796790834   } 
   weightvar { 0.09687534148545437   } 
   kinetic_energy { 46.90748669801542   } 
   kinetic_energyvar { 140.7800657692592   } 
   potential_energy { -200.6549818184143   } 
   potential_energyvar { 267.2384649594323   } 
   nonlocal_energy { 18.19977607437032   } 
   nonlocal_energyvar { 279.0587876540815   } 
   autocorr_energy { } 
} 

block { 
   label spin_0.005
   totweight 870400
   nautocorr 0
   total_energy { -135.5449335817476   } 
   total_energyvar { 6.595671922986146   } 
   weight { 1.001623348883294   } 
   weightvar { 0.09820902051574225   } 
   kinetic_energy { 46.75359275793255   } 
   kinetic_energyvar { 138.9060580608923   } 
   potential_energy { -200.2600229651064   } 
   potential_energyvar { 266.1367133719018   } 
   nonlocal_energy { 17.96149662542629   } 
   nonlocal_energyvar { 271.0751535800858   } 
   autocorr_energy { } 
} 

block { 
   label spin_0.005
   totweight 870400
   nautocorr 0
   total_energy { -135.5291188049945   } 
   total_energyvar { 6.786310413788478   } 
   weight { 0.997358735503576   } 
   weightvar { 0.09537856197094706   } 
   kinetic_energy { 46.725919381736   } 
   kinetic_energyvar { 140.4586593156465   } 
   potential_energy { -200.3151744054885   } 
   potential_energyvar { 263.3751381166308   } 
   nonlocal_energy { 18.06013621875802   } 
   nonlocal_energyvar { 276.9142976984247   } 
   autocorr_energy { } 
} 

block { 
   label spin_0.005
   totweight 870400
   nautocorr 0
   total_energy { -135.5332839736491   } 
   total_energyvar { 6.65187055795396   } 
   weight { 0.9942828112035498   } 
   weightvar { 0.09925709737748664   } 
   kinetic_energy { 46.6799741737796   } 
   kinetic_energyvar { 138.3939169803547   } 
   potential_energy { -200.1903582564299   } 
   potential_energyvar { 265.9986954789282   } 
   nonlocal_energy { 17.97710010900121   } 
   nonlocal_energyvar { 272.4328012809038   } 
   autocorr_energy { } 
} 

block { 
   label spin_0.005
   totweight 870400
   nautocorr 0
   total_energy { -135.53985889113   } 
   total_energyvar { 6.773637666307637   } 
   weight { 0.9933565878696461   } 
   weightvar { 0.09799487880854099   } 
   kinetic_energy { 46.78836139625879   } 
   kinetic_energyvar { 141.0479246814509   } 
   potential_energy { -200.4701413870328   } 
   potential_energyvar { 267.5655549537341   } 
   nonlocal_energy { 18.14192109964399   } 
   nonlocal_energyvar { 275.670711570463   } 
   autocorr_energy { } 
} 

block { 
   label spin_0.005
   totweight 870400
   nautocorr 0
   total_energy { -135.5296508418025   } 
   total_energyvar { 6.576937957839226   } 
   weight { 0.9923517422056252   } 
   weightvar { 0.09863113938518299   } 
   kinetic_energy { 46.88523163043855   } 
   kinetic_energyvar { 137.5911596349245   } 
   potential_energy { -200.3445001071849   } 
   potential_energyvar { 267.074753814371   } 
   nonlocal_energy { 17.92961763494381   } 
   nonlocal_energyvar { 267.0145643958044   } 
   autocorr_energy { } 
} 

block { 
   label spin_0.005
   totweight 870400
   nautocorr 0
   total_energy { -135.5369365493893   } 
   total_energyvar { 6.702634114648887   } 
   weight { 0.9928389167986614   } 
   weightvar { 0.09833648257005506   } 
   kinetic_energy { 46.78347432752483   } 
   kinetic_energyvar { 139.0588371762263   } 
   potential_energy { -200.3696914888227   } 
   potential_energyvar { 263.9982663207383   } 
   nonlocal_energy { 18.04928061190854   } 
   nonlocal_energyvar { 273.9315305424217   } 
   autocorr_energy { } 
} 

block { 
   label spin_0.005
   totweight 870400
   nautocorr 0
   total_energy { -135.538511647969   } 
   total_energyvar { 6.589194951105805   } 
   weight { 0.9962861702133159   } 
   weightvar { 0.09838566822140135   } 
   kinetic_energy { 46.87735527980936   } 
   kinetic_energyvar { 140.587453127563   } 
   potential_energy { -200.4709516878551   } 
   potential_energyvar { 268.2290777190206   } 
   nonlocal_energy { 18.05508476007678   } 
   nonlocal_energyvar { 273.4384888552725   } 
   autocorr_energy { } 
} 

block { 
   label spin_0.005
   totweight 870400
   nautocorr 0
   total_energy { -135.5451271738878   } 
   total_energyvar { 6.893122177210596   } 
   weight { 0.9973585688827988   } 
   weightvar { 0.09737480343956821   } 
   kinetic_energy { 46.80820929249133   } 
   kinetic_energyvar { 138.8360941577778   } 
   potential_energy { -200.4326248818583   } 
   potential_energyvar { 267.2860137324174   } 
   nonlocal_energy { 18.07928841547925   } 
   nonlocal_energyvar { 273.9752169572142   } 
   autocorr_energy { } 
} 

block { 
   label spin_0.005
   totweight 870400
   nautocorr 0
   total_energy { -135.5395204641406   } 
   total_energyvar { 7.142099539353917   } 
   weight { 0.9981040282488789   } 
   weightvar { 0.09691995518506676   } 
   kinetic_energy { 46.79053031399138   } 
   kinetic_energyvar { 139.6353507322223   } 
   potential_energy { -200.3165411280135   } 
   potential_energyvar { 265.3535704453076   } 
   nonlocal_energy { 17.98649034988155   } 
   nonlocal_energyvar { 272.6572337056477   } 
   autocorr_energy { } 
} 

block { 
   label spin_0.005
   totweight 870400
   nautocorr 0
   total_energy { -135.5383723928428   } 
   total_energyvar { 6.45747825343662   } 
   weight { 1.000766429761809   } 
   weightvar { 0.09510739684777722   } 
   kinetic_energy { 46.64756214956648   } 
   kinetic_energyvar { 140.8160246580095   } 
   potential_energy { -200.2671470915372   } 
   potential_energyvar { 268.5455561258445   } 
   nonlocal_energy { 18.08121254912788   } 
   nonlocal_energyvar { 278.5694903382454   } 
   autocorr_energy { } 
} 

block { 
   label spin_0.005
   totweight 870400
   nautocorr 0
   total_energy { -135.5334138717027   } 
   total_energyvar { 6.703719021542984   } 
   weight { 0.9952181507448377   } 
   weightvar { 0.09673365412677168   } 
   kinetic_energy { 46.61701340496727   } 
   kinetic_energyvar { 141.75746240851   } 
   potential_energy { -200.1751075753846   } 
   potential_energyvar { 267.6491873670099   } 
   nonlocal_energy { 18.02468029871466   } 
   nonlocal_energyvar { 274.8334707345845   } 
   autocorr_energy { } 
} 

block { 
   label spin_0.005
   totweight 870400
   nautocorr 0
   total_energy { -135.5376609022959   } 
   total_energyvar { 6.572135521891179   } 
   weight { 0.9953083773265284   } 
   weightvar { 0.09902367883707688   } 
   kinetic_energy { 46.61480604482168   } 
   kinetic_energyvar { 143.0027809929931   } 
   potential_energy { -200.2748169309716   } 
   potential_energyvar { 269.3399385858754   } 
   nonlocal_energy { 18.12234998385399   } 
   nonlocal_energyvar { 279.8189397654376   } 
   autocorr_energy { } 
} 

block { 
   label spin_0.005
   totweight 870400
   nautocorr 0
   total_energy { -135.530557949162   } 
   total_energyvar { 7.112158128074485   } 
   weight { 0.994677692405838   } 
   weightvar { 0.09933125705469786   } 
   kinetic_energy { 46.79980388342208   } 
   kinetic_energyvar { 138.3175082898135   } 
   potential_energy { -200.2932059374002   } 
   potential_energyvar { 265.4621556636767   } 
   nonlocal_energy { 17.96284410481607   } 
   nonlocal_energyvar { 273.4728535676837   } 
   autocorr_energy { } 
} 

block { 
   label spin_0.005
   totweight 870400
   nautocorr 0
   total_energy { -135.5370380065503   } 
   total_energyvar { 6.426373066798741   } 
   weight { 0.9936781579818844   } 
   weightvar { 0.09844483573390182   } 
   kinetic_energy { 46.82323692580038   } 
   kinetic_energyvar { 143.2935364427218   } 
   potential_energy { -200.4801929124967   } 
   potential_energyvar { 274.9989349398334   } 
   nonlocal_energy { 18.11991798014592   } 
   nonlocal_energyvar { 274.1336533017914   } 
   autocorr_energy { } 
} 

block { 
   label spin_0.005
   totweight 870400
   nautocorr 0
   total_energy { -135.5301591623294   } 
   total_energyvar { 7.30288983258182   } 
   weight { 0.990945676779582   } 
   weightvar { 0.09693732736653683   } 
   kinetic_energy { 46.68777703705429   } 
   kinetic_energyvar { 139.9370500572774   } 
   potential_energy { -200.2376868408585   } 
   potential_energyvar { 262.8979080497697   } 
   nonlocal_energy { 18.01975064147481   } 
   nonlocal_energyvar { 270.8830146375627   } 
   autocorr_energy { } 
} 

block { 
   label spin_0.005
   totweight 870400
   nautocorr 0
   total_energy { -135.5543110388346   } 
   total_energyvar { 6.635568630499558   } 
   weight { 0.9985933809219076   } 
   weightvar { 0.09785540493429998   } 
   kinetic_energy { 46.68727870746608   } 
   kinetic_energyvar { 140.6351819852798   } 
   potential_energy { -200.3471492727099   } 
   potential_energyvar { 264.5270061463189   } 
   nonlocal_energy { 18.10555952640922   } 
   nonlocal_energyvar { 275.1865967133875   } 
   autocorr_energy { } 
} 

block { 
   label spin_0.005
   totweight 870400
   nautocorr 0
   total_energy { -135.5429448201922   } 
   total_energyvar { 6.652523675527423   } 
   weight { 1.004179397559154   } 
   weightvar { 0.0942963376201691   } 
   kinetic_energy { 46.72260848657924   } 
   kinetic_energyvar { 139.3062195926353   } 
   potential_energy { -200.3204598023331   } 
   potential_energyvar { 262.457314017244   } 
   nonlocal_energy { 18.05490649556155   } 
   nonlocal_energyvar { 272.7549007087044   } 
   autocorr_energy { } 
} 

block { 
   label spin_0.005
   totweight 870400
   nautocorr 0
   total_energy { -135.5375416527201   } 
   total_energyvar { 6.648029365935749   } 
   weight { 0.999817380943138   } 
   weightvar { 0.09623459350806501   } 
   kinetic_energy { 46.75388018410484   } 
   kinetic_energyvar { 141.1636363606775   } 
   potential_energy { -200.3708464675798   } 
   potential_energyvar { 265.5765680352185   } 
   nonlocal_energy { 18.07942463075481   } 
   nonlocal_energyvar { 275.7591935705793   } 
   autocorr_energy { } 
} 

block { 
   label spin_0.005
   totweight 870400
   nautocorr 0
   total_energy { -135.5408790980289   } 
   total_energyvar { 6.704707890686526   } 
   weight { 0.9976541418601319   } 
   weightvar { 0.09591688222375291   } 
   kinetic_energy { 46.72420683280632   } 
   kinetic_energyvar { 140.7614065729997   } 
   potential_energy { -200.4645281448618   } 
   potential_energyvar { 266.694865003285   } 
   nonlocal_energy { 18.19944221402656   } 
   nonlocal_energyvar { 277.8585946413153   } 
   autocorr_energy { } 
} 

