
 Primary working directories    : /global/cscratch1/sd/aannabe
 Secondary working directories  : /global/cscratch1/sd/aannabe
 Wavefunction directory         : /global/homes/a/aannabe/wfu/
 Main file repository           : /global/cscratch1/sd/aannabe/

 SHA1      : 19cd028119e0e09f93f0674bd8af7968d9b3eff6
 NAME      : 2015.1.36
 ARCHNAME  : linux/x86_64
 FC        : /opt/cray/pe/craype/2.5.14/bin/ftn
 BLASLIB   : -L/opt/intel/compilers_and_libraries_2018.1.163/linux/mkl/lib/intel64 -Wl,-_start-group -lmkl_intel_ilp64 -lmkl_intel_thread -lmkl_core -Wl,-_end-group -liomp5
 id        : lbl

 Nodes     nprocs
 nid12948    23
 Number of processes for MPI-2 version of Molpro:   nprocs(total)=   24   nprocs(compute)=   23   nprocs(helper)=    1

 Using customized tuning parameters: mindgm=7; mindgv=16; mindgc=1; mindgr=1; noblas=0; minvec=7
 default implementation of scratch files=sf  

 ***,Calculation for Au atom, singlet and triplet
 memory,512,m
 gthresh,twoint=1.e-15
 gthresh,oneint=1.e-15
 
 geometry={
 1
 Au
 Au  0.0 0.0 0.0
 }
 
 basis={
 Including file /global/u1/a/aannabe/docs/various_ecps/Au/atom/AE/dkh/basis/10/aug-cc-pwCVTZ.basis
 }
 
 set,dkroll=1,dkho=10,dkhp=4
 
 Including file /global/u1/a/aannabe/docs/various_ecps/Au/atom/AE/dkh/basis/10/states.proc
 Including file /global/u1/a/aannabe/docs/various_ecps/Au/atom/AE/dkh/basis/10/contracted.basis
 Including file /global/u1/a/aannabe/docs/various_ecps/Au/atom/AE/dkh/basis/10/aug-cc-pwCVTZ.basis
 Including file /global/u1/a/aannabe/docs/various_ecps/Au/atom/AE/dkh/basis/10/contracted.basis
 Including file /global/u1/a/aannabe/docs/various_ecps/Au/atom/AE/dkh/basis/10/aug-cc-pwCVTZ.basis
 Including file /global/u1/a/aannabe/docs/various_ecps/Au/atom/AE/dkh/basis/10/contracted.basis
 Including file /global/u1/a/aannabe/docs/various_ecps/Au/atom/AE/dkh/basis/10/aug-cc-pwCVTZ.basis
 Including file /global/u1/a/aannabe/docs/various_ecps/Au/atom/AE/dkh/basis/10/contracted.basis
 Including file /global/u1/a/aannabe/docs/various_ecps/Au/atom/AE/dkh/basis/10/aug-cc-pwCVTZ.basis
 Including file /global/u1/a/aannabe/docs/various_ecps/Au/atom/AE/dkh/basis/10/contracted.basis
 Including file /global/u1/a/aannabe/docs/various_ecps/Au/atom/AE/dkh/basis/10/aug-cc-pwCVTZ.basis
 Including file /global/u1/a/aannabe/docs/various_ecps/Au/atom/AE/dkh/basis/10/contracted.basis
 Including file /global/u1/a/aannabe/docs/various_ecps/Au/atom/AE/dkh/basis/10/aug-cc-pwCVTZ.basis
 Including file /global/u1/a/aannabe/docs/various_ecps/Au/atom/AE/dkh/basis/10/aug-cc-pwCVTZ.basis
 Including file /global/u1/a/aannabe/docs/various_ecps/Au/atom/AE/dkh/basis/10/aug-cc-pwCVTZ.basis
 Including file /global/u1/a/aannabe/docs/various_ecps/Au/atom/AE/dkh/basis/10/contracted.basis
 Including file /global/u1/a/aannabe/docs/various_ecps/Au/atom/AE/dkh/basis/10/aug-cc-pwCVTZ.basis
 Including file /global/u1/a/aannabe/docs/various_ecps/Au/atom/AE/dkh/basis/10/contracted.basis
 Including file /global/u1/a/aannabe/docs/various_ecps/Au/atom/AE/dkh/basis/10/aug-cc-pwCVTZ.basis
 Including file /global/u1/a/aannabe/docs/various_ecps/Au/atom/AE/dkh/basis/10/contracted.basis
 Including file /global/u1/a/aannabe/docs/various_ecps/Au/atom/AE/dkh/basis/10/aug-cc-pwCVTZ.basis
 Including file /global/u1/a/aannabe/docs/various_ecps/Au/atom/AE/dkh/basis/10/contracted.basis
 Including file /global/u1/a/aannabe/docs/various_ecps/Au/atom/AE/dkh/basis/10/aug-cc-pwCVTZ.basis
 Including file /global/u1/a/aannabe/docs/various_ecps/Au/atom/AE/dkh/basis/10/contracted.basis
 Including file /global/u1/a/aannabe/docs/various_ecps/Au/atom/AE/dkh/basis/10/aug-cc-pwCVTZ.basis
 Including file /global/u1/a/aannabe/docs/various_ecps/Au/atom/AE/dkh/basis/10/contracted.basis
 Including file /global/u1/a/aannabe/docs/various_ecps/Au/atom/AE/dkh/basis/10/aug-cc-pwCVTZ.basis
 
 do i=10,10
     if (i.eq.1) then
         Is1dten
     else if (i.eq.2) then
         As2dten
     else if (i.eq.3) then
         Ip1dten
     else if (i.eq.4) then
         Is2d9
     else if (i.eq.5) then
         IIdten
     else if (i.eq.6) then
         IIs1d9
     else if (i.eq.7) then
         IIId9
     else if (i.eq.8) then
         IVd8
     else if (i.eq.9) then
         Vd7
     else if (i.eq.10) then
         VId6
     else if (i.eq.11) then
         VIId5
     else if (i.eq.12) then
         XIIXeandF
     else if (i.eq.13) then
         XVp3
     else if (i.eq.14) then
         XVIIIs2
     endif
     scf(i)=energy
     _CC_NORM_MAX=2.0
     {rccsd(t),maxit=100;core}
     ccsd(i)=energy
 enddo
 
 table,scf,ccsd
 save, 3.csv,new

 Variables initialized (889), CPU time= 0.00 sec
 Commands  initialized (702), CPU time= 0.01 sec, 572 directives.
 Default parameters read. Elapsed time= 0.33 sec

 Checking input...
 Passed
1


                                         ***  PROGRAM SYSTEM MOLPRO  ***
                                       Copyright, TTI GmbH Stuttgart, 2015
                                    Version 2015.1 linked Dec 29 2018 15:55:43


 **********************************************************************************************************************************
 LABEL *   Calculation for Au atom, singlet and triplet                                  
  64 bit mpp version                                                                     DATE: 01-Apr-20          TIME: 00:13:11  
 **********************************************************************************************************************************

 SHA1:             19cd028119e0e09f93f0674bd8af7968d9b3eff6
 **********************************************************************************************************************************

 THRESHOLDS:

 ZERO    =  1.00D-12  ONEINT  =  1.00D-12  TWOINT  =  1.00D-15  PREFAC  =  1.00D-14  LOCALI  =  1.00D-09  EORDER  =  1.00D-04
 ENERGY  =  0.00D+00  ETEST   =  0.00D+00  EDENS   =  0.00D+00  THRDEDEF=  1.00D-06  GRADIENT=  1.00D-02  STEP    =  1.00D-03
 ORBITAL =  1.00D-05  CIVEC   =  1.00D-05  COEFF   =  1.00D-04  PRINTCI =  5.00D-02  PUNCHCI =  9.90D+01  OPTGRAD =  3.00D-04
 OPTENERG=  1.00D-06  OPTSTEP =  3.00D-04  THRGRAD =  1.00D-10  COMPRESS=  1.00D-11  VARMIN  =  1.00D-07  VARMAX  =  1.00D-03
 THRDOUB =  0.00D+00  THRDIV  =  1.00D-05  THRRED  =  1.00D-07  THRPSP  =  1.00D+00  THRDC   =  1.00D-10  THRCS   =  1.00D-10
 THRNRM  =  1.00D-08  THREQ   =  0.00D+00  THRDE   =  1.00D+00  THRREF  =  1.00D-05  SPARFAC =  1.00D+00  THRDLP  =  1.00D-07
 THRDIA  =  1.00D-10  THRDLS  =  1.00D-07  THRGPS  =  0.00D+00  THRKEX  =  0.00D+00  THRDIS  =  2.00D-01  THRVAR  =  1.00D-10
 THRLOC  =  1.00D-06  THRGAP  =  1.00D-06  THRLOCT = -1.00D+00  THRGAPT = -1.00D+00  THRORB  =  1.00D-06  THRMLTP =  0.00D+00
 THRCPQCI=  1.00D-10  KEXTA   =  0.00D+00  THRCOARS=  0.00D+00  SYMTOL  =  1.00D-06  GRADTOL =  1.00D-06  THROVL  =  1.00D-08
 THRORTH =  1.00D-08  GRID    =  1.00D-06  GRIDMAX =  1.00D-03  DTMAX   =  0.00D+00  THROCCDE=  1.00D-01  THROCCDE=  1.00D-01



 THRESHOLDS:

 ZERO    =  1.00D-12  ONEINT  =  1.00D-15  TWOINT  =  1.00D-15  PREFAC  =  1.00D-14  LOCALI  =  1.00D-09  EORDER  =  1.00D-04
 ENERGY  =  0.00D+00  ETEST   =  0.00D+00  EDENS   =  0.00D+00  THRDEDEF=  1.00D-06  GRADIENT=  1.00D-02  STEP    =  1.00D-03
 ORBITAL =  1.00D-05  CIVEC   =  1.00D-05  COEFF   =  1.00D-04  PRINTCI =  5.00D-02  PUNCHCI =  9.90D+01  OPTGRAD =  3.00D-04
 OPTENERG=  1.00D-06  OPTSTEP =  3.00D-04  THRGRAD =  1.00D-10  COMPRESS=  1.00D-11  VARMIN  =  1.00D-07  VARMAX  =  1.00D-03
 THRDOUB =  0.00D+00  THRDIV  =  1.00D-05  THRRED  =  1.00D-07  THRPSP  =  1.00D+00  THRDC   =  1.00D-10  THRCS   =  1.00D-10
 THRNRM  =  1.00D-08  THREQ   =  0.00D+00  THRDE   =  1.00D+00  THRREF  =  1.00D-05  SPARFAC =  1.00D+00  THRDLP  =  1.00D-07
 THRDIA  =  1.00D-10  THRDLS  =  1.00D-07  THRGPS  =  0.00D+00  THRKEX  =  0.00D+00  THRDIS  =  2.00D-01  THRVAR  =  1.00D-10
 THRLOC  =  1.00D-06  THRGAP  =  1.00D-06  THRLOCT = -1.00D+00  THRGAPT = -1.00D+00  THRORB  =  1.00D-06  THRMLTP =  0.00D+00
 THRCPQCI=  1.00D-10  KEXTA   =  0.00D+00  THRCOARS=  0.00D+00  SYMTOL  =  1.00D-06  GRADTOL =  1.00D-06  THROVL  =  1.00D-08
 THRORTH =  1.00D-08  GRID    =  1.00D-06  GRIDMAX =  1.00D-03  DTMAX   =  0.00D+00  THROCCDE=  1.00D-01  THROCCDE=  1.00D-01



Geometry recognized as XYZ


 Variable memory set to  512000000 words,  buffer space   230000 words

 SETTING BASIS          =    USERDEF
 SETTING DKROLL         =         1.00000000                                  
 SETTING DKHO           =        10.00000000                                  
 SETTING DKHP           =         4.00000000                                  

 DO I                   =        10.00000000   

 Running procedure=VID6
 SETTING BASIS          =    USERDEF


 Recomputing integrals since basis changed


 Using spherical harmonics



 PROGRAM * SEWARD (Integral evaluation for generally contracted gaussian basis sets)     Author: Roland Lindh, 1990

 Geometry written to block  1 of record 700

 Orientation using atomic masses  
 Molecule type: Atom
 Symmetry elements: X,Y,Z
 Rotational constants:       0.0000000      0.0000000      0.0000000 GHz  (calculated with average atomic masses)

 Point group  D2h 



 ATOMIC COORDINATES

 NR  ATOM    CHARGE       X              Y              Z

   1  AU     79.00    0.000000000    0.000000000    0.000000000

 NUCLEAR CHARGE:                   79
 NUMBER OF PRIMITIVE AOS:         380
 NUMBER OF SYMMETRY AOS:          318
 NUMBER OF CONTRACTIONS:          100   (  24Ag  +  17B3u +  17B2u +   7B1g +  17B1u +   7B2g +   7B3g +   4Au  )
 NUMBER OF CORE ORBITALS:          34   (   9Ag  +   6B3u +   6B2u +   2B1g +   6B1u +   2B2g +   2B3g +   1Au  )
 NUMBER OF VALENCE ORBITALS:        6   (   3Ag  +   0B3u +   0B2u +   1B1g +   0B1u +   1B2g +   1B3g +   0Au  )


 NUCLEAR REPULSION ENERGY    0.00000000

 One-electron integrals computed with SEWARD

 10nd-order Douglas-Kroll-Hess method activated. McWeeny DKH parametrization is used.

 Computing Douglas-Kroll / X2C integrals

 AO integral compression algorithm  1   Integral accuracy      1.0D-15

     26.739 MB (compressed) written to integral file ( 87.4%)

     Node minimum: 0.262 MB, node maximum: 3.408 MB


 NUMBER OF SORTED TWO-ELECTRON INTEGRALS:      76781.     BUFFER LENGTH:  32768
 NUMBER OF SEGMENTS:   1  SEGMENT LENGTH:      76781      RECORD LENGTH: 524288

 Memory used in sort:       0.63 MW

 SORT1 READ     3787068. AND WROTE       62535. INTEGRALS IN      1 RECORDS. CPU TIME:     0.32 SEC, REAL TIME:     0.60 SEC
 SORT2 READ     1385238. AND WROTE     1710034. INTEGRALS IN    184 RECORDS. CPU TIME:     0.01 SEC, REAL TIME:     0.27 SEC

 Node minimum:       66100.  Node maximum:       90137. integrals

 OPERATOR DM      FOR CENTER  0  COORDINATES:    0.000000    0.000000    0.000000

 EXTRA SYMMETRY OF AOS IN SYMMETRY 1:   1 1 1 1 1 1 1 1 1 1   2 3 2 3 2 3 2 3 2 3   2 3 2 3
 EXTRA SYMMETRY OF AOS IN SYMMETRY 2:   1 1 1 1 1 1 1 1 1 2   3 2 3 2 3 2 3
 EXTRA SYMMETRY OF AOS IN SYMMETRY 3:   1 1 1 1 1 1 1 1 1 2   3 2 3 2 3 2 3
 EXTRA SYMMETRY OF AOS IN SYMMETRY 5:   1 1 1 1 1 1 1 1 1 2   3 2 3 2 3 2 3

 Eigenvalues of metric

         1 0.223E-02 0.473E-01 0.473E-01 0.130E+00 0.458E+00 0.458E+00 0.986E+00 0.100E+01
         2 0.352E-02 0.111E+00 0.226E+00 0.226E+00 0.607E+00 0.607E+00 0.728E+00 0.100E+01
         3 0.352E-02 0.111E+00 0.226E+00 0.226E+00 0.607E+00 0.607E+00 0.728E+00 0.100E+01
         4 0.473E-01 0.458E+00 0.100E+01 0.100E+01 0.100E+01 0.102E+01 0.247E+01
         5 0.352E-02 0.111E+00 0.226E+00 0.226E+00 0.607E+00 0.607E+00 0.728E+00 0.100E+01
         6 0.473E-01 0.458E+00 0.100E+01 0.100E+01 0.100E+01 0.102E+01 0.247E+01
         7 0.473E-01 0.458E+00 0.100E+01 0.100E+01 0.100E+01 0.102E+01 0.247E+01
         8 0.226E+00 0.607E+00 0.118E+01 0.199E+01


 **********************************************************************************************************************************
 DATASETS  * FILE   NREC   LENGTH (MB)   RECORD NAMES
              1      22       20.35       500      610      700      900      950      970     1000      129      960     1700   
                                          VAR    BASINP    GEOM    SYMINP    ZMAT    AOBASIS   BASIS     P2S    ABASIS    OPER   
                                         1101     1401     1411     1412     1650     1100     1400     1410     1200     1210   
                                          SR      EKINR    POTR     PVPR    MOLCAS      S      EKIN      POT      H0       H01  
                                         1080     1600   
                                         AOSYM     SMH  

 PROGRAMS   *        TOTAL       INT
 CPU TIMES  *        12.66     11.24
 REAL TIME  *        21.66 SEC
 DISK USED  *       111.54 MB      
 GA USED    *         0.00 MB       (max)       0.00 MB       (current)
 **********************************************************************************************************************************


 PROGRAM * RHF-SCF (OPEN SHELL)       Authors: W. Meyer, H.-J. Werner


 NUMBER OF ELECTRONS:      39+   35-    SPACE SYMMETRY=1    SPIN SYMMETRY: Quintet 
 CONVERGENCE THRESHOLDS:    1.00E-05 (Density)    1.58E-07 (Energy)
 MAX. NUMBER OF ITERATIONS:       60
 INTERPOLATION TYPE:            DIIS
 INTERPOLATION STEPS:              2 (START)      1 (STEP)
 LEVEL SHIFTS:                 -0.60 (CLOSED) -0.30 (OPEN) 


 Singly occupied orbitals:     11.1       3.4       3.6       3.7
 
 Extra symmetries of mos in symmetry 1:   1   1   1   1   3   2   3   2   1   3   2
 Orbital guess generated from atomic densities. Full valence occupancy:   12   6   6   3   6   3   3   1


 Molecular orbital dump at record        4202.2

 ITERATION    DDIFF          GRAD             ENERGY        2-EL.EN.            DIPOLE MOMENTS         DIIS   ORB.
    1      0.000D+00      0.000D+00    -18984.60540441  13025.918753    0.00000    0.00000    0.00000    0    start
    2      0.000D+00      0.134D+00    -19004.79094005  13958.638271    0.00000    0.00000    0.00000    1    diag,B
    3      0.272D+00      0.119D+00    -19006.28154859  13802.942885    0.00000    0.00000    0.00000    2    diag,B
    4      0.366D-01      0.346D-01    -19006.50016428  13742.615179    0.00000    0.00000    0.00000    3    diag,B
    5      0.128D-01      0.523D-02    -19006.50920217  13731.883462    0.00000    0.00000    0.00000    4    diag,B
    6      0.412D-02      0.735D-03    -19006.50938679  13731.631484    0.00000    0.00000    0.00000    5    diag,B
    7      0.836D-03      0.190D-03    -19006.50939667  13731.833323    0.00000    0.00000    0.00000    6    fixocc
    8      0.988D-04      0.318D-04    -19006.50939731  13731.889017    0.00000    0.00000    0.00000    7    diag,B
    9      0.258D-04      0.624D-05    -19006.50939736  13731.885972    0.00000    0.00000    0.00000    8    diag,B
   10      0.730D-05      0.192D-05    -19006.50939737  13731.883083    0.00000    0.00000    0.00000    0    orth

 Final alpha occupancy:  11   6   6   3   6   3   3   1
 Final beta  occupancy:  10   6   6   2   6   2   2   1

 !RHF STATE 1.1 Energy               -19006.5093973679    
 Nuclear energy                         0.00000000
 One-electron energy               -25872.45093906
 Two-electron energy                 6865.94154170
 Virial quotient                       -0.66319252
 !RHF STATE 1.1 Dipole moment           0.00000000     0.00000000     0.00000000
 Dipole moment /Debye                   0.00000000     0.00000000     0.00000000

 ELECTRON ORBITALS
 =================


   Orb  Occ    Energy  Couls-En    Coefficients

                                   1 1s      1 1s      1 1s      1 1s      1 1s      1 1s      1 1s      1 1s      1 1s      1 1s   
                                   1 3d0     1 3d2+    1 3d0     1 3d2+    1 3d0     1 3d2+    1 3d0     1 3d2+    1 3d0     1 3d2+ 
                                   1 3d0     1 3d2+    1 3d0     1 3d2+ 

   1.1   2 -2986.7546-6420.9255  0.952546 -0.303158 -0.027351  0.001154 -0.000087 -0.000589  0.000144 -0.000178  0.000675 -0.000040
                                 0.000000  0.000000 -0.000000 -0.000000  0.000000  0.000000  0.000000  0.000000  0.000000  0.000000
                                -0.000000 -0.000000  0.000000 -0.000000

   2.1   2  -534.6546-1410.4410  0.298273  0.947565 -0.114399  0.009193  0.000119  0.001134 -0.000277  0.000343 -0.001299  0.000078
                                 0.000007  0.000000 -0.000002 -0.000000  0.000001  0.000000  0.000000  0.000000  0.000001  0.000000
                                -0.000002 -0.000000  0.000000  0.000000

   3.1   2  -130.7001 -501.1347  0.060562  0.101053  0.984244 -0.131369  0.000399 -0.002232  0.000543 -0.000670  0.002562 -0.000163
                                 0.000184  0.000000  0.000019 -0.000000 -0.000004  0.000000 -0.000004 -0.000000 -0.000013  0.000000
                                 0.000014  0.000000 -0.000002 -0.000000

   4.1   2   -31.7529 -218.5153  0.004148  0.005093  0.131518  0.991673 -0.004362  0.004508 -0.001097  0.001339 -0.005196  0.000357
                                -0.000027 -0.000000  0.001151  0.000000  0.000032  0.000000  0.000051  0.000000  0.000110  0.000000
                                -0.000125 -0.000000  0.000022  0.000000

   5.1   2   -86.6456 -423.2068 -0.000000 -0.000000 -0.000000  0.000000  0.000000  0.000000 -0.000000  0.000000 -0.000000  0.000000
                                 0.000000  0.999966 -0.000000 -0.008243  0.000000  0.000072  0.000000  0.000014  0.000000  0.000061
                                -0.000000 -0.000067 -0.000000  0.000012

   6.1   2   -86.6503 -423.2031 -0.000013 -0.000025 -0.000174  0.000063  0.000005  0.000030 -0.000008  0.000009 -0.000035  0.000002
                                 0.999967 -0.000000 -0.008125  0.000000  0.000011  0.000000  0.000004  0.000000 -0.000003  0.000000
                                 0.000002 -0.000000  0.000000  0.000000

   7.1   2   -16.0544 -177.9396 -0.000000 -0.000000 -0.000000 -0.000000  0.000000 -0.000000  0.000000 -0.000000  0.000000 -0.000000
                                 0.000000  0.008243  0.000000  0.999954 -0.000000 -0.002629  0.000000  0.000242 -0.000000 -0.001014
                                 0.000000  0.000965 -0.000000 -0.000171

   8.1   2   -16.0672 -177.8444 -0.000015 -0.000023 -0.000234 -0.001266  0.000543 -0.001773  0.000229 -0.000584  0.001854 -0.000088
                                 0.008126 -0.000000  0.999971 -0.000000 -0.000794  0.000000  0.000127 -0.000000  0.000716 -0.000000
                                -0.000677  0.000000  0.000098 -0.000000

   9.1   2    -7.2209  -98.6774 -0.000016  0.000237 -0.000023  0.006446  1.001947 -0.013093 -0.018428 -0.002481 -0.009112  0.000841
                                -0.000005  0.000000 -0.001024 -0.000000 -0.000811  0.000000 -0.001168 -0.000000  0.001476  0.000000
                                -0.000472 -0.000000  0.000013 -0.000000

  10.1   2    -2.8197  -68.1544  0.000000 -0.000000  0.000000  0.000000 -0.000000  0.000000  0.000000  0.000000 -0.000000  0.000000
                                -0.000000 -0.000034  0.000000  0.002338  0.000000  0.976190 -0.000000 -0.203872 -0.000000 -0.036971
                                 0.000000  0.004723  0.000000  0.002959

  11.1   +    -2.9559  -68.7683 -0.000021 -0.000043 -0.000141 -0.000317  0.000182  0.015071  0.016575  0.002816  0.004701 -0.000854
                                -0.000012  0.000000  0.000769 -0.000000  0.967202 -0.000000 -0.228038  0.000000 -0.044024  0.000000
                                 0.020246 -0.000000  0.000643 -0.000000

  12.1   0    -1.8397  -43.8033 -0.001144 -0.002239 -0.007745 -0.017399 -0.036390  0.710884  0.505122 -0.105150  0.229168  0.000746
                                 0.000002 -0.000000  0.000294  0.000000 -0.018905 -0.000000  0.017686  0.000000 -0.001556 -0.000000
                                -0.002987 -0.000000  0.000383  0.000000

  13.1   0    -0.9635  -27.1211  0.000184  0.000348  0.001243  0.002761  0.010294  0.048212 -0.066651  0.012586 -0.033371 -0.005957
                                -0.000223  0.000000 -0.004333  0.000000  0.035151 -0.000000  0.581056 -0.000000  0.153654 -0.000000
                                 0.489403 -0.000000 -0.055990  0.000000

                                   1 2px     1 2px     1 2px     1 2px     1 2px     1 2px     1 2px     1 2px     1 2px     1 4f1+ 
                                   1 4f3+    1 4f1+    1 4f3+    1 4f1+    1 4f3+    1 4f1+    1 4f3+ 

   1.2   2  -464.2174-1281.4503  0.999612 -0.027842  0.000242  0.000005  0.000010 -0.000006  0.000003 -0.000004  0.000001  0.000001
                                -0.000001 -0.000001  0.000002  0.000000 -0.000000 -0.000000  0.000000

   2.2   2  -109.8555 -460.6883  0.027840  0.999330 -0.023760 -0.000174 -0.000109  0.000066 -0.000037  0.000045 -0.000005  0.000049
                                 0.000002 -0.000017 -0.000015  0.000007  0.000002 -0.000003 -0.000001

   3.2   2   -24.7685 -199.8940  0.000420  0.023758  0.999634  0.013118  0.000751 -0.000421  0.000271 -0.000297  0.000024  0.000741
                                -0.000039 -0.000021 -0.000037 -0.000051  0.000068  0.000018 -0.000024

   4.2   2    -6.4060 -151.2687 -0.000003 -0.000062 -0.000805  0.005656 -0.002378  0.000761 -0.001179  0.000929 -0.000092  0.999763
                                 0.060284 -0.002720 -0.000355 -0.004377 -0.000427  0.000884  0.000088

   5.2   2    -6.3819 -151.2411  0.000001  0.000010  0.000062  0.003324  0.003751 -0.001964  0.001505 -0.001513  0.000163 -0.060104
                                 0.999775 -0.000030 -0.002941  0.000038 -0.003520 -0.000004  0.000668

   6.2   2    -5.2077  -86.9482 -0.000004 -0.000127 -0.012995  0.999312  0.018840 -0.059154 -0.010959 -0.008956  0.001344 -0.006657
                                -0.005939  0.002721  0.005159 -0.000244  0.002903  0.000051 -0.000312

   7.2   0    -1.4184  -36.5708  0.000005  0.000051 -0.000377  0.049235 -0.044876  1.047420 -0.120045 -0.038340  0.013238 -0.001574
                                 0.000131  0.001009 -0.000049  0.013969 -0.006006  0.007164 -0.001949

   8.2   0    -0.8712  -33.7157 -0.000004 -0.000036 -0.000183 -0.003320 -0.110133  0.065741 -0.004706  0.025583  0.000456 -0.125140
                                -0.018069  0.165854  0.024267  0.367843  0.053641  0.655764  0.093600

                                   1 2py     1 2py     1 2py     1 2py     1 2py     1 2py     1 2py     1 2py     1 2py     1 4f1- 
                                   1 4f3-    1 4f1-    1 4f3-    1 4f1-    1 4f3-    1 4f1-    1 4f3- 

   1.3   2  -464.2174-1281.4503  0.999612 -0.027842  0.000242  0.000005  0.000010 -0.000006  0.000003 -0.000004  0.000001  0.000001
                                 0.000001 -0.000001 -0.000002  0.000000  0.000000 -0.000000 -0.000000

   2.3   2  -109.8555 -460.6883  0.027840  0.999330 -0.023760 -0.000174 -0.000109  0.000066 -0.000037  0.000045 -0.000005  0.000049
                                -0.000002 -0.000017  0.000015  0.000007 -0.000002 -0.000003  0.000001

   3.3   2   -24.7685 -199.8940  0.000420  0.023758  0.999634  0.013118  0.000751 -0.000421  0.000271 -0.000297  0.000024  0.000741
                                 0.000039 -0.000021  0.000037 -0.000051 -0.000068  0.000018  0.000024

   4.3   2    -6.4060 -151.2687 -0.000003 -0.000062 -0.000805  0.005656 -0.002378  0.000761 -0.001179  0.000929 -0.000092  0.999763
                                -0.060284 -0.002720  0.000355 -0.004377  0.000427  0.000884 -0.000088

   5.3   2    -6.3819 -151.2411 -0.000001 -0.000010 -0.000062 -0.003324 -0.003751  0.001964 -0.001505  0.001513 -0.000163  0.060104
                                 0.999775  0.000030 -0.002941 -0.000038 -0.003520  0.000004  0.000668

   6.3   2    -5.2077  -86.9482 -0.000004 -0.000127 -0.012995  0.999312  0.018840 -0.059154 -0.010959 -0.008956  0.001344 -0.006657
                                 0.005939  0.002721 -0.005159 -0.000244 -0.002903  0.000051  0.000312

   7.3   0    -1.4184  -36.5708  0.000005  0.000051 -0.000377  0.049235 -0.044876  1.047420 -0.120045 -0.038340  0.013238 -0.001574
                                -0.000131  0.001009  0.000049  0.013969  0.006006  0.007164  0.001949

   8.3   0    -0.8712  -33.7157 -0.000004 -0.000036 -0.000183 -0.003320 -0.110133  0.065741 -0.004706  0.025583  0.000456 -0.125140
                                 0.018069  0.165854 -0.024267  0.367843 -0.053641  0.655764 -0.093600

                                   1 3d2-    1 3d2-    1 3d2-    1 3d2-    1 3d2-    1 3d2-    1 3d2- 

   1.4   2   -86.6398 -423.1950  0.999967 -0.008159  0.000029  0.000005  0.000015 -0.000016  0.000003

   2.4   2   -16.0442 -177.8453  0.008159  0.999970 -0.001258  0.000248  0.000468 -0.000469  0.000065

   3.4   +    -2.9185  -68.6430 -0.000021  0.001221  0.969213 -0.223356 -0.042552  0.017222  0.001073

   4.4   0    -0.9544  -26.9215 -0.000229 -0.004614  0.023890  0.564957  0.150011  0.509424 -0.054251

   5.4   0    -0.5671  -16.0842 -0.000128 -0.002984 -0.224383 -0.630221 -0.169565  0.028228  1.105271

                                   1 2pz     1 2pz     1 2pz     1 2pz     1 2pz     1 2pz     1 2pz     1 2pz     1 2pz     1 4f0  
                                   1 4f2+    1 4f0     1 4f2+    1 4f0     1 4f2+    1 4f0     1 4f2+ 

   1.5   2  -464.2208-1281.4536  0.999612 -0.027839  0.000243  0.000004  0.000014 -0.000008  0.000005 -0.000006  0.000001  0.000001
                                 0.000000 -0.000001  0.000000  0.000000 -0.000000 -0.000000  0.000000

   2.5   2  -109.8678 -460.6998  0.027837  0.999330 -0.023739 -0.000163 -0.000090  0.000054 -0.000031  0.000036 -0.000004  0.000061
                                 0.000000 -0.000026 -0.000000  0.000009  0.000000 -0.000004 -0.000000

   3.5   2   -24.7924 -199.8971  0.000418  0.023736  0.999625  0.013362 -0.000864  0.000494 -0.000311  0.000369 -0.000052  0.000894
                                 0.000000 -0.000037 -0.000000 -0.000041 -0.000000  0.000015 -0.000000

   4.5   2    -6.4086 -151.2651 -0.000003 -0.000075 -0.000987  0.007869 -0.002042  0.000452 -0.001109  0.000785 -0.000074  1.001521
                                -0.000000 -0.002625  0.000000 -0.004427  0.000000  0.000899 -0.000000

   5.5   2    -6.3955 -151.2467 -0.000000 -0.000000 -0.000000  0.000000 -0.000000 -0.000000 -0.000000  0.000000 -0.000000  0.000000
                                 1.001493 -0.000000 -0.002625 -0.000000 -0.003841  0.000000  0.000755

   6.5   2    -5.2188  -87.0513 -0.000002 -0.000142 -0.013284  0.999277  0.020995 -0.062590 -0.011447 -0.010029  0.001510 -0.010076
                                -0.000000  0.004960  0.000000  0.000611  0.000000 -0.000036 -0.000000

   7.5   0    -1.4427  -36.9551  0.000001  0.000014 -0.000498  0.049597 -0.107929  1.090740 -0.118947 -0.012615  0.010573 -0.001811
                                -0.000000  0.001133  0.000000  0.015033  0.000000  0.007625  0.000000

   8.5   0    -0.8727  -33.7433 -0.000005 -0.000043 -0.000216 -0.004649 -0.133418  0.080144 -0.005816  0.031195  0.000506 -0.126714
                                 0.000000  0.167958 -0.000000  0.372964 -0.000000  0.660766 -0.000000

                                   1 3d1+    1 3d1+    1 3d1+    1 3d1+    1 3d1+    1 3d1+    1 3d1+ 

   1.6   2   -86.6477 -423.2011  0.999967 -0.008134  0.000016  0.000004  0.000001 -0.000002  0.000001

   2.6   2   -16.0615 -177.8446  0.008134  0.999972 -0.000909  0.000157  0.000652 -0.000623  0.000089

   3.6   +    -2.9463  -68.7518 -0.000014  0.000875  0.967892 -0.227066 -0.043553  0.019474  0.000750

   4.6   0    -0.9612  -27.0806 -0.000225 -0.004397  0.032255  0.578171  0.152767  0.494674 -0.055600

   5.6   0    -0.5698  -16.1796  0.000140  0.003320  0.234700  0.643942  0.172391 -0.061560 -1.091232

                                   1 3d1-    1 3d1-    1 3d1-    1 3d1-    1 3d1-    1 3d1-    1 3d1- 

   1.7   2   -86.6477 -423.2011  0.999967 -0.008134  0.000016  0.000004  0.000001 -0.000002  0.000001

   2.7   2   -16.0615 -177.8446  0.008134  0.999972 -0.000909  0.000157  0.000652 -0.000623  0.000089

   3.7   +    -2.9463  -68.7518 -0.000014  0.000875  0.967892 -0.227066 -0.043553  0.019474  0.000750

   4.7   0    -0.9612  -27.0806 -0.000225 -0.004397  0.032255  0.578171  0.152767  0.494674 -0.055600

   5.7   0    -0.5698  -16.1796  0.000140  0.003320  0.234700  0.643942  0.172391 -0.061560 -1.091232

                                   1 4f2-    1 4f2-    1 4f2-    1 4f2- 

   1.8   2    -6.3992 -151.2822  1.001765 -0.003141 -0.004425  0.000883

   2.8   0    -0.8679  -33.6663 -0.125876  0.167039  0.369411  0.665608

   3.8   0    -0.2063  -35.8333  0.182813 -0.235926 -1.034864  1.074404

 HOMO      3.4    -2.918543 =     -79.4176eV
 LUMO     12.1    -1.839678 =     -50.0602eV
 LUMO-HOMO         1.078865 =      29.3574eV


 **********************************************************************************************************************************
 DATASETS  * FILE   NREC   LENGTH (MB)   RECORD NAMES
              1      22       20.35       500      610      700      900      950      970     1000      129      960     1700   
                                          VAR    BASINP    GEOM    SYMINP    ZMAT    AOBASIS   BASIS     P2S    ABASIS    OPER   
                                         1101     1401     1411     1412     1650     1100     1400     1410     1200     1210   
                                          SR      EKINR    POTR     PVPR    MOLCAS      S      EKIN      POT      H0       H01  
                                         1080     1600   
                                         AOSYM     SMH  

              2       5        5.42       200      700     1000      520     4202   
                                        OPTIONS   GEOM     BASIS   MCVARS     RHF  

 PROGRAMS   *        TOTAL       RHF       INT
 CPU TIMES  *        12.87      0.21     11.24
 REAL TIME  *        22.83 SEC
 DISK USED  *       711.32 MB      
 SF USED    *         0.01 MB      
 GA USED    *         0.00 MB       (max)       0.00 MB       (current)
 **********************************************************************************************************************************


 PROGRAM * POP (Mulliken population analysis)

 
 Density matrix read from record         4202.2  Type=RHF/CHARGE (state 1.1)
 
 Population analysis by basis function type

 Unique atom        s        p        d        f        g    Total    Charge
   1  AU     10.00057 23.99977 25.99943 14.00023  0.00000 74.00000  + 5.00000


 **********************************************************************************************************************************
 DATASETS  * FILE   NREC   LENGTH (MB)   RECORD NAMES
              1      22       20.35       500      610      700      900      950      970     1000      129      960     1700   
                                          VAR    BASINP    GEOM    SYMINP    ZMAT    AOBASIS   BASIS     P2S    ABASIS    OPER   
                                         1101     1401     1411     1412     1650     1100     1400     1410     1200     1210   
                                          SR      EKINR    POTR     PVPR    MOLCAS      S      EKIN      POT      H0       H01  
                                         1080     1600   
                                         AOSYM     SMH  

              2       5        5.42       200      700     1000      520     4202   
                                        OPTIONS   GEOM     BASIS   MCVARS     RHF  

 PROGRAMS   *        TOTAL       POP       RHF       INT
 CPU TIMES  *        12.88      0.01      0.21     11.24
 REAL TIME  *        22.92 SEC
 DISK USED  *       711.32 MB      
 SF USED    *         0.01 MB      
 GA USED    *         0.00 MB       (max)       0.00 MB       (current)
 **********************************************************************************************************************************
 SETTING BASIS          =    USERDEF


 Recomputing integrals since basis changed


 Using spherical harmonics



 PROGRAM * SEWARD (Integral evaluation for generally contracted gaussian basis sets)     Author: Roland Lindh, 1990

 Geometry written to block  1 of record 700

 Orientation using atomic masses  
 Molecule type: Atom
 Symmetry elements: X,Y,Z
 Rotational constants:       0.0000000      0.0000000      0.0000000 GHz  (calculated with average atomic masses)

 Point group  D2h 



 ATOMIC COORDINATES

 NR  ATOM    CHARGE       X              Y              Z

   1  AU     79.00    0.000000000    0.000000000    0.000000000

 NUCLEAR CHARGE:                   79
 NUMBER OF PRIMITIVE AOS:         449
 NUMBER OF SYMMETRY AOS:          365
 NUMBER OF CONTRACTIONS:          365   (  86Ag  +  61B3u +  61B2u +  27B1g +  61B1u +  27B2g +  27B3g +  15Au  )
 NUMBER OF CORE ORBITALS:          34   (   9Ag  +   6B3u +   6B2u +   2B1g +   6B1u +   2B2g +   2B3g +   1Au  )
 NUMBER OF VALENCE ORBITALS:        6   (   3Ag  +   0B3u +   0B2u +   1B1g +   0B1u +   1B2g +   1B3g +   0Au  )


 NUCLEAR REPULSION ENERGY    0.00000000

 One-electron integrals computed with SEWARD

 10nd-order Douglas-Kroll-Hess method activated. McWeeny DKH parametrization is used.

 Computing Douglas-Kroll / X2C integrals

 AO integral compression algorithm  1   Integral accuracy      1.0D-15

     2308.702 MB (compressed) written to integral file ( 48.9%)

     Node minimum: 30.933 MB, node maximum: 226.492 MB


 NUMBER OF SORTED TWO-ELECTRON INTEGRALS:   12524691.     BUFFER LENGTH:  32768
 NUMBER OF SEGMENTS:   1  SEGMENT LENGTH:   12524691      RECORD LENGTH: 524288

 Memory used in sort:      13.08 MW

 SORT1 READ   590013769. AND WROTE     7814113. INTEGRALS IN     23 RECORDS. CPU TIME:    14.79 SEC, REAL TIME:    16.90 SEC
 SORT2 READ   182248074. AND WROTE   288141177. INTEGRALS IN   5382 RECORDS. CPU TIME:     1.33 SEC, REAL TIME:     1.67 SEC

 Node minimum:    12382733.  Node maximum:    12692957. integrals

 OPERATOR DM      FOR CENTER  0  COORDINATES:    0.000000    0.000000    0.000000

 EXTRA SYMMETRY OF AOS IN SYMMETRY 1:   1 1 1 1 1 1 1 1 1 1   1 1 1 1 1 1 1 1 1 1   1 1 1 1 1 1 1 1 1 1   1 1 1 1 1 1 1 1 1 1
                                        1 1 1 1 1 1 1 1 1 1   1 1 1 1 1 1 1 1 1 1   1 1 1 1 1 1 1 1 1 1   1 1 1 1 1 1 1 2 3 4
                                        2 3 4 2 3 4
 EXTRA SYMMETRY OF AOS IN SYMMETRY 2:   1 1 1 1 1 1 1 1 1 1   1 1 1 1 1 1 1 1 1 1   1 1 1 1 1 1 1 1 1 1   1 2 3 2 3 2 3 2 3 2
                                        3 2 3 2 3 2 3 2 3 2   3 2 3 2 3 2 3 2 3 2   3
 EXTRA SYMMETRY OF AOS IN SYMMETRY 3:   1 1 1 1 1 1 1 1 1 1   1 1 1 1 1 1 1 1 1 1   1 1 1 1 1 1 1 1 1 1   1 2 3 2 3 2 3 2 3 2
                                        3 2 3 2 3 2 3 2 3 2   3 2 3 2 3 2 3 2 3 2   3
 EXTRA SYMMETRY OF AOS IN SYMMETRY 4:   1 1 1 1 1 1 1 1 1 1   1 1 1 1 1 1 1 1 1 1   1 2 3 2 3 2 3
 EXTRA SYMMETRY OF AOS IN SYMMETRY 5:   1 1 1 1 1 1 1 1 1 1   1 1 1 1 1 1 1 1 1 1   1 1 1 1 1 1 1 1 1 1   1 2 3 2 3 2 3 2 3 2
                                        3 2 3 2 3 2 3 2 3 2   3 2 3 2 3 2 3 2 3 2   3
 EXTRA SYMMETRY OF AOS IN SYMMETRY 6:   1 1 1 1 1 1 1 1 1 1   1 1 1 1 1 1 1 1 1 1   1 2 3 2 3 2 3
 EXTRA SYMMETRY OF AOS IN SYMMETRY 7:   1 1 1 1 1 1 1 1 1 1   1 1 1 1 1 1 1 1 1 1   1 2 3 2 3 2 3

 Eigenvalues of metric

         1 0.109E-05 0.119E-04 0.119E-04 0.186E-04 0.547E-04 0.121E-03 0.121E-03 0.172E-03
         2 0.490E-06 0.215E-04 0.415E-04 0.415E-04 0.153E-03 0.505E-03 0.891E-03 0.891E-03
         3 0.490E-06 0.215E-04 0.415E-04 0.415E-04 0.153E-03 0.505E-03 0.891E-03 0.891E-03
         4 0.119E-04 0.121E-03 0.616E-03 0.199E-02 0.555E-02 0.132E-01 0.261E-01 0.504E-01
         5 0.490E-06 0.215E-04 0.415E-04 0.415E-04 0.153E-03 0.505E-03 0.891E-03 0.891E-03
         6 0.119E-04 0.121E-03 0.616E-03 0.199E-02 0.555E-02 0.132E-01 0.261E-01 0.504E-01
         7 0.119E-04 0.121E-03 0.616E-03 0.199E-02 0.555E-02 0.132E-01 0.261E-01 0.504E-01
         8 0.415E-04 0.891E-03 0.509E-02 0.124E-01 0.336E-01 0.825E-01 0.168E+00 0.319E+00


 **********************************************************************************************************************************
 DATASETS  * FILE   NREC   LENGTH (MB)   RECORD NAMES
              1      22       21.43       500      610      700      900      950      970     1001      129      960     1700   
                                          VAR    BASINP    GEOM    SYMINP    ZMAT    AOBASIS   BASIS     P2S    ABASIS    OPER   
                                         1101     1401     1411     1412     1650     1100     1400     1410     1200     1210   
                                          SR      EKINR    POTR     PVPR    MOLCAS      S      EKIN      POT      H0       H01  
                                         1080     1600   
                                         AOSYM     SMH  

              2       6        5.50       200      700     1000      520     4202     1001   
                                        OPTIONS   GEOM     BASIS   MCVARS     RHF     BASIS   

 PROGRAMS   *        TOTAL       INT       POP       RHF       INT
 CPU TIMES  *       185.88    173.00      0.01      0.21     11.24
 REAL TIME  *       204.14 SEC
 DISK USED  *         5.11 GB      
 SF USED    *         0.01 MB      
 GA USED    *         0.00 MB       (max)       0.00 MB       (current)
 **********************************************************************************************************************************


 PROGRAM * MULTI (Direct Multiconfiguration SCF)       Authors: P.J. Knowles, H.-J. Werner (1984)     S.T. Elbert (1988)


 Number of closed-shell orbitals:  34 (   9   6   6   2   6   2   2   1 )
 Number of active  orbitals:        5 (   2   0   0   1   0   1   1   0 )
 Number of external orbitals:     326 (  75  55  55  24  55  24  24  14 )

 State symmetry 1

 Number of electrons:     6    Spin symmetry=Quintet   Space symmetry=1
 Number of states:        2
 Number of CSFs:          2   (2 determinants, 5 intermediate states)

 State symmetry 2

 Number of electrons:     6    Spin symmetry=Quintet   Space symmetry=4
 Number of states:        1
 Number of CSFs:          1   (1 determinants, 5 intermediate states)

 State symmetry 3

 Number of electrons:     6    Spin symmetry=Quintet   Space symmetry=6
 Number of states:        1
 Number of CSFs:          1   (1 determinants, 5 intermediate states)

 State symmetry 4

 Number of electrons:     6    Spin symmetry=Quintet   Space symmetry=7
 Number of states:        1
 Number of CSFs:          1   (1 determinants, 5 intermediate states)

 Molecular orbitals read from record     4202.2  Type=RHF/CANONICAL (state 1.1)
 
 Present basis size:      86  61  61  27  61  27  27  15
 Previous basis size:     24  17  17   7  17   7   7   4
 Previous occupation:     11   6   6   3   6   3   3   1
 Previous closed-shells:  10   6   6   2   6   2   2   1
 Previous core-orbitals:   9   6   6   2   6   2   2   1
 Present occupation:      11   6   6   3   6   3   3   1
 Present closed-shells:   10   6   6   2   6   2   2   1
 Present core-orbitals:    9   6   6   2   6   2   2   1
 Wavefunction symmetry:    1   Quintet 

 Orbital overlap <old|new>:  < 1.1| 1.1> = 1.000000   < 2.1| 2.1> = 1.000000   < 3.1| 3.1> = 1.000000   < 4.1| 4.1> = 1.000000
                             < 5.1| 5.1> = 1.000000   < 6.1| 6.1> = 1.000000   < 7.1| 7.1> = 1.000000   < 8.1| 8.1> = 1.000000
                             < 9.1| 9.1> = 1.000000   < 1.2| 1.2> = 1.000000   < 2.2| 2.2> = 1.000000   < 3.2| 3.2> = 1.000000
                             < 4.2| 4.2> = 1.000000   < 5.2| 5.2> = 1.000000   < 6.2| 6.2> = 1.000000   < 1.3| 1.3> = 1.000000
                             < 2.3| 2.3> = 1.000000   < 3.3| 3.3> = 1.000000   < 4.3| 4.3> = 1.000000   < 5.3| 5.3> = 1.000000
                             < 6.3| 6.3> = 1.000000   < 1.4| 1.4> = 1.000000   < 2.4| 2.4> = 1.000000   < 1.5| 1.5> = 1.000000
                             < 2.5| 2.5> = 1.000000   < 3.5| 3.5> = 1.000000   < 4.5| 4.5> = 1.000000   < 5.5| 5.5> = 1.000000
                             < 6.5| 6.5> = 1.000000   < 1.6| 1.6> = 1.000000   < 2.6| 2.6> = 1.000000   < 1.7| 1.7> = 1.000000
                             < 2.7| 2.7> = 1.000000   < 1.8| 1.8> = 1.000000   <10.1|10.1> = 0.999999   <11.1|11.1> = 1.000000
                             < 3.4| 3.4> = 1.000000   < 3.6| 3.6> = 1.000000   < 3.7| 3.7> = 1.000000

 EXTRA SYMMETRY OF MOS IN SYMMETRY 1:   1 1 1 1 1 1 1 1 1 1   1 1 1 1 1 1 1 3 2 4   1 1 1 4 2 3 1 1 1 1   1 1 4 2 3 1 1 1 1 1
                                        1 1 1 1 1 1 1 1 1 1   1 1 1 1 1 1 1 1 1 1   1 1 1 1 1 1 1 1 1 1   1 1 1 1 1 1 1 1 1 1
                                        1 1 1 1 1 1
 *** IN SYMMETRY 2 ORBITAL  2 SYMMETRY CONTAMINATION OF 0.661D-04 HAS BEEN REMOVED
 *** IN SYMMETRY 2 ORBITAL  3 SYMMETRY CONTAMINATION OF 0.529D-03 HAS BEEN REMOVED
 *** IN SYMMETRY 2 ORBITAL  4 SYMMETRY CONTAMINATION OF 0.693D-01 HAS BEEN REMOVED
 *** IN SYMMETRY 2 ORBITAL  5 SYMMETRY CONTAMINATION OF 0.628D-01 HAS BEEN REMOVED
 *** IN SYMMETRY 2 ORBITAL  6 SYMMETRY CONTAMINATION OF 0.116D-01 HAS BEEN REMOVED
 EXTRA SYMMETRY OF MOS IN SYMMETRY 2:   1 1 1 2 3 1 2 3 1 2   3 1 3 2 1 3 2 1 3 2   1 3 2 1 3 2 3 2 1 2   3 1 1 1 3 2 1 1 3 2
                                        1 2 3 1 3 2 1 2 3 1   1 1 1 1 1 1 1 1 1 1   1
 *** IN SYMMETRY 3 ORBITAL  2 SYMMETRY CONTAMINATION OF 0.661D-04 HAS BEEN REMOVED
 *** IN SYMMETRY 3 ORBITAL  3 SYMMETRY CONTAMINATION OF 0.529D-03 HAS BEEN REMOVED
 *** IN SYMMETRY 3 ORBITAL  4 SYMMETRY CONTAMINATION OF 0.693D-01 HAS BEEN REMOVED
 *** IN SYMMETRY 3 ORBITAL  5 SYMMETRY CONTAMINATION OF 0.628D-01 HAS BEEN REMOVED
 *** IN SYMMETRY 3 ORBITAL  6 SYMMETRY CONTAMINATION OF 0.116D-01 HAS BEEN REMOVED
 EXTRA SYMMETRY OF MOS IN SYMMETRY 3:   1 1 1 2 3 1 2 3 1 2   3 1 3 2 1 3 2 1 3 2   1 3 2 1 3 2 3 2 1 2   3 1 1 1 3 2 1 1 3 2
                                        1 2 3 1 2 3 1 3 2 1   1 1 1 1 1 1 1 1 1 1   1
 EXTRA SYMMETRY OF MOS IN SYMMETRY 4:   1 1 1 1 1 3 2 1 2 3   1 1 3 2 1 1 1 1 1 1   1 1 1 1 1 1 1
 *** IN SYMMETRY 5 ORBITAL  2 SYMMETRY CONTAMINATION OF 0.672D-04 HAS BEEN REMOVED
 *** IN SYMMETRY 5 ORBITAL  3 SYMMETRY CONTAMINATION OF 0.529D-03 HAS BEEN REMOVED
 *** IN SYMMETRY 5 ORBITAL  4 SYMMETRY CONTAMINATION OF 0.172D-01 HAS BEEN REMOVED
 *** IN SYMMETRY 5 ORBITAL  6 SYMMETRY CONTAMINATION OF 0.774D-02 HAS BEEN REMOVED
 EXTRA SYMMETRY OF MOS IN SYMMETRY 5:   1 1 1 2 3 1 3 2 1 3   2 1 3 2 1 3 2 1 3 2   1 3 2 1 3 2 3 2 1 2   3 1 1 1 3 2 1 1 2 3
                                        1 2 3 1 3 2 1 2 3 1   1 1 1 1 1 1 1 1 1 1   1
 EXTRA SYMMETRY OF MOS IN SYMMETRY 6:   1 1 1 1 1 2 3 1 2 3   1 1 2 3 1 1 1 1 1 1   1 1 1 1 1 1 1
 EXTRA SYMMETRY OF MOS IN SYMMETRY 7:   1 1 1 1 1 3 2 1 3 2   1 1 3 2 1 1 1 1 1 1   1 1 1 1 1 1 1

 Wavefunction dump at record             5202.2

 Convergence thresholds  0.10E-01 (gradient)  0.15E-05 (energy)  0.10E-02 (step length)

 Weight factors for state symmetry  1:    0.20000   0.20000
 Weight factors for state symmetry  2:    0.20000
 Weight factors for state symmetry  3:    0.20000
 Weight factors for state symmetry  4:    0.20000

 Number of orbital rotations:     2069   (    24 Core/Active   1823 Core/Virtual   0 Active/Active    222 Active/Virtual)
 Total number of variables:       2076


 ITER. MIC  NCI  NEG     ENERGY(VAR)     ENERGY(PROJ)   ENERGY CHANGE     GRAD(0)  GRAD(ORB)   GRAD(CI)     STEP       TIME

   1   40   28    0  -19006.50585043  -19006.55672958   -0.05087915   52.58572395 0.00089006 0.00000000  0.29D-01      7.97
   2   40   20    0  -19006.55672916  -19006.55672924   -0.00000009    0.00160993 0.00009686 0.00000000  0.21D-03     13.74
   3   40   20    0  -19006.55672924  -19006.55672924   -0.00000000    0.00009685 0.00001333 0.00000000  0.13D-04     19.37

 ** WVFN ****  CONVERGENCE REACHED, FINAL GRADIENT:  0.13D-04



 Results for state 1.1
 =====================

 !MCSCF STATE 1.1 Energy             -19006.5567292937    
 Nuclear energy                         0.00000000
 Kinetic energy                     28781.85178338
 One electron energy               -25873.16967752
 Two electron energy                 6866.61294823
 Virial ratio                           1.66036601

 !MCSCF STATE 1.1 Dipole moment         0.00000000     0.00000000     0.00000000
 Dipole moment /Debye                   0.00000000     0.00000000     0.00000000

 Results for state 2.1
 =====================

 !MCSCF STATE 2.1 Energy             -19006.5567291900    
 Nuclear energy                         0.00000000
 Kinetic energy                     28781.85178198
 One electron energy               -25873.16967545
 Two electron energy                 6866.61294626
 Virial ratio                           1.66036601

 !MCSCF STATE 2.1 Dipole moment         0.00000000     0.00000000     0.00000000
 Dipole moment /Debye                   0.00000000     0.00000000     0.00000000



 Results for state 1.4
 =====================

 !MCSCF STATE 1.4 Energy             -19006.5567292947    
 Nuclear energy                         0.00000000
 Kinetic energy                     28781.85178360
 One electron energy               -25873.16967780
 Two electron energy                 6866.61294851
 Virial ratio                           1.66036601

 !MCSCF STATE 1.4 Dipole moment         0.00000000     0.00000000     0.00000000
 Dipole moment /Debye                   0.00000000     0.00000000     0.00000000



 Results for state 1.6
 =====================

 !MCSCF STATE 1.6 Energy             -19006.5567292164    
 Nuclear energy                         0.00000000
 Kinetic energy                     28781.85178364
 One electron energy               -25873.16967733
 Two electron energy                 6866.61294811
 Virial ratio                           1.66036601

 !MCSCF STATE 1.6 Dipole moment         0.00000000     0.00000000     0.00000000
 Dipole moment /Debye                   0.00000000     0.00000000     0.00000000



 Results for state 1.7
 =====================

 !MCSCF STATE 1.7 Energy             -19006.5567292166    
 Nuclear energy                         0.00000000
 Kinetic energy                     28781.85178370
 One electron energy               -25873.16967737
 Two electron energy                 6866.61294816
 Virial ratio                           1.66036601

 !MCSCF STATE 1.7 Dipole moment         0.00000000     0.00000000     0.00000000
 Dipole moment /Debye                   0.00000000     0.00000000     0.00000000

 State-averaged charge density matrix saved on record  5202.2 (density set 1)


 NATURAL ORBITALS (state averaged)
 =================================

   Orb     Occ        Energy       Coefficients

                                   1 1s      1 1s      1 1s      1 1s      1 1s      1 1s      1 1s      1 1s      1 1s      1 1s   
                                   1 1s      1 1s      1 1s      1 1s      1 1s      1 1s      1 1s      1 1s      1 1s      1 1s   
                                   1 1s      1 1s      1 1s      1 1s      1 1s      1 1s      1 1s      1 1s      1 1s      1 1s   
                                   1 1s      1 1s      1 1s      1 1s      1 1s      1 3d0     1 3d2+    1 3d0     1 3d2+    1 3d0  
                                   1 3d2+    1 3d0     1 3d2+    1 3d0     1 3d2+    1 3d0     1 3d2+    1 3d0     1 3d2+    1 3d0  
                                   1 3d2+    1 3d0     1 3d2+    1 3d0     1 3d2+    1 3d0     1 3d2+    1 3d0     1 3d2+    1 3d0  
                                   1 3d2+    1 3d0     1 3d2+    1 3d0     1 3d2+    1 3d0     1 3d2+    1 3d0     1 3d2+    1 3d0  
                                   1 3d2+    1 3d0     1 3d2+    1 3d0     1 3d2+    1 3d0     1 3d2+    1 5g0     1 5g4+    1 5g2+ 
                                   1 5g0     1 5g4+    1 5g2+    1 5g0     1 5g4+    1 5g2+ 

   1.1  2.00000 -2986.636262     0.000012  0.000034  0.000094  0.000219  0.000464  0.000907  0.001690  0.003040  0.005362  0.009355
                                 0.016268  0.028296  0.049269  0.085284  0.143710  0.223766  0.288540  0.250476  0.104236  0.011392
                                 0.000764 -0.000466  0.000321 -0.000303  0.000280 -0.000420 -0.000567  0.000254  0.000049 -0.000004
                                 0.000002 -0.000001  0.000000  0.000724 -0.000174 -0.000000  0.000000 -0.000000 -0.000000 -0.000000
                                 0.000000 -0.000000 -0.000000 -0.000000 -0.000000  0.000000 -0.000000 -0.000000 -0.000000 -0.000000
                                -0.000000  0.000000  0.000000  0.000000  0.000000 -0.000000 -0.000000 -0.000000 -0.000000  0.000000
                                 0.000000  0.000000  0.000000 -0.000000 -0.000000 -0.000000 -0.000000 -0.000000  0.000000  0.000000
                                -0.000000 -0.000000  0.000000 -0.000000 -0.000000  0.000000  0.000000  0.000000  0.000000  0.000000
                                 0.000000  0.000000  0.000000  0.000000  0.000000  0.000000

   2.1  2.00000  -534.633700    -0.000005 -0.000013 -0.000037 -0.000085 -0.000180 -0.000352 -0.000657 -0.001184 -0.002095 -0.003674
                                -0.006442 -0.011351 -0.020163 -0.036028 -0.063907 -0.108310 -0.159712 -0.157533  0.020979  0.384050
                                 0.505897  0.209041  0.019241  0.000568 -0.000104 -0.000394 -0.000597  0.000312  0.000065 -0.000006
                                 0.000003 -0.000001  0.000000  0.000697 -0.000218 -0.000000  0.000000 -0.000000 -0.000000 -0.000000
                                -0.000000 -0.000000 -0.000000 -0.000000 -0.000000 -0.000000 -0.000000 -0.000000 -0.000000 -0.000000
                                -0.000000  0.000000  0.000000  0.000000  0.000000 -0.000000 -0.000000 -0.000000 -0.000000  0.000000
                                 0.000000  0.000000  0.000000 -0.000000 -0.000000 -0.000000 -0.000000  0.000000  0.000000 -0.000000
                                -0.000000  0.000000  0.000000 -0.000000 -0.000000  0.000000  0.000000  0.000000  0.000000  0.000000
                                 0.000000  0.000000  0.000000  0.000000  0.000000  0.000000

   3.1  2.00000  -130.696228     0.000002  0.000006  0.000017  0.000041  0.000086  0.000169  0.000315  0.000567  0.001004  0.001763
                                 0.003096  0.005466  0.009743  0.017501  0.031325  0.053887  0.081545  0.082617 -0.024219 -0.317559
                                -0.550377 -0.142980  0.700740  0.590532  0.085075  0.021659  0.026669 -0.012561 -0.002510  0.000227
                                -0.000115  0.000047 -0.000012 -0.032866  0.008675 -0.000000  0.000000  0.000000 -0.000000 -0.000000
                                 0.000000  0.000000  0.000000 -0.000000  0.000000  0.000000  0.000000 -0.000000  0.000000 -0.000000
                                 0.000000 -0.000000  0.000000  0.000000  0.000000 -0.000000 -0.000000 -0.000000 -0.000000  0.000000
                                 0.000000  0.000000  0.000000 -0.000000 -0.000000 -0.000000 -0.000000  0.000000  0.000000 -0.000000
                                -0.000000  0.000000  0.000000 -0.000000 -0.000000  0.000000  0.000000  0.000000  0.000000  0.000000
                                 0.000000  0.000000  0.000000  0.000000  0.000000  0.000000

   4.1  2.00000   -86.639150     0.000000  0.000000  0.000000  0.000000  0.000000  0.000000  0.000000  0.000000  0.000000  0.000000
                                 0.000000  0.000000  0.000000  0.000000  0.000000  0.000000  0.000000  0.000000 -0.000000 -0.000000
                                 0.000000  0.000000  0.000000 -0.000000  0.000000 -0.000000 -0.000000  0.000000  0.000000 -0.000000
                                 0.000000  0.000000 -0.000000  0.000000 -0.000000  0.000019 -0.000000  0.000114 -0.000000  0.000620
                                -0.000001  0.002824 -0.000003  0.011003 -0.000013  0.035197 -0.000043  0.093166 -0.000114  0.195398
                                -0.000239  0.308310 -0.000376  0.328448 -0.000401  0.189613 -0.000232  0.049896 -0.000061  0.004289
                                -0.000005  0.000089 -0.000000  0.000135 -0.000000  0.000037 -0.000000 -0.000010  0.000000  0.000000
                                -0.000000 -0.000000  0.000000  0.000625 -0.000001 -0.000081  0.000000  0.000000  0.000000  0.000000
                                 0.000000  0.000000  0.000000  0.000000  0.000000  0.000000

   5.1  2.00000   -86.639150     0.000000 -0.000000 -0.000000 -0.000000 -0.000000 -0.000000 -0.000000 -0.000000 -0.000000 -0.000000
                                -0.000000 -0.000000 -0.000000 -0.000000 -0.000000 -0.000000 -0.000000 -0.000000  0.000000 -0.000000
                                 0.000000 -0.000000 -0.000000  0.000000 -0.000000  0.000000  0.000000 -0.000000 -0.000000  0.000000
                                -0.000000  0.000000 -0.000000 -0.000000  0.000000  0.000000  0.000019  0.000000  0.000114  0.000001
                                 0.000620  0.000003  0.002824  0.000013  0.011003  0.000043  0.035197  0.000114  0.093166  0.000239
                                 0.195398  0.000376  0.308310  0.000401  0.328448  0.000232  0.189613  0.000061  0.049896  0.000005
                                 0.004289  0.000000  0.000089  0.000000  0.000135  0.000000  0.000037 -0.000000 -0.000010  0.000000
                                 0.000000 -0.000000 -0.000000  0.000001  0.000625 -0.000000 -0.000081  0.000000  0.000000  0.000000
                                 0.000000  0.000000  0.000000  0.000000  0.000000  0.000000

   6.1  2.00000   -31.753505    -0.000001 -0.000003 -0.000009 -0.000020 -0.000043 -0.000084 -0.000157 -0.000283 -0.000502 -0.000881
                                -0.001548 -0.002734 -0.004878 -0.008770 -0.015743 -0.027151 -0.041428 -0.042083  0.013880  0.182753
                                 0.336714  0.093281 -0.738693 -0.810597  0.458225  0.970353  0.270714 -0.056797 -0.011463  0.001099
                                -0.000554  0.000225 -0.000060 -0.071007  0.043044 -0.000000 -0.000000 -0.000000 -0.000000 -0.000000
                                -0.000000 -0.000000 -0.000000 -0.000000 -0.000000 -0.000000 -0.000000 -0.000000 -0.000000 -0.000000
                                -0.000000 -0.000000  0.000000  0.000000 -0.000000 -0.000000  0.000000 -0.000000 -0.000000  0.000000
                                 0.000000 -0.000000  0.000000  0.000000 -0.000000  0.000000 -0.000000 -0.000000  0.000000  0.000000
                                -0.000000 -0.000000  0.000000  0.000000 -0.000000 -0.000000  0.000000  0.000000  0.000000  0.000000
                                 0.000000  0.000000  0.000000  0.000000  0.000000  0.000000

   7.1  2.00000   -16.057278     0.000000  0.000000  0.000000  0.000000  0.000000  0.000000  0.000000  0.000000  0.000000  0.000000
                                 0.000000  0.000000  0.000000  0.000000  0.000000  0.000000  0.000000  0.000000 -0.000000 -0.000000
                                -0.000000  0.000000  0.000000 -0.000000  0.000000 -0.000001 -0.000001  0.000000  0.000000 -0.000000
                                 0.000000 -0.000000  0.000000  0.000001 -0.000000 -0.000010  0.000000 -0.000059  0.000000 -0.000321
                                 0.000000 -0.001467  0.000001 -0.005763  0.000005 -0.018569  0.000016 -0.050053  0.000042 -0.105909
                                 0.000090 -0.164176  0.000139 -0.143249  0.000122  0.070569 -0.000060  0.348051 -0.000295  0.429777
                                -0.000365  0.240694 -0.000204  0.053344 -0.000045  0.004210 -0.000004  0.000125 -0.000000  0.000015
                                -0.000000  0.000000 -0.000000  0.000361 -0.000000 -0.002331  0.000002  0.000000  0.000000  0.000000
                                 0.000000  0.000000  0.000000  0.000000  0.000000  0.000000

   8.1  2.00000   -16.057278    -0.000000 -0.000000 -0.000000 -0.000000 -0.000000 -0.000000 -0.000000 -0.000000 -0.000000 -0.000000
                                -0.000000 -0.000000 -0.000000 -0.000000 -0.000000 -0.000000 -0.000000  0.000000  0.000000  0.000000
                                -0.000000 -0.000000 -0.000000  0.000000 -0.000000  0.000000  0.000000 -0.000000 -0.000000  0.000000
                                -0.000000  0.000000 -0.000000 -0.000000  0.000000 -0.000000 -0.000010 -0.000000 -0.000059 -0.000000
                                -0.000321 -0.000001 -0.001467 -0.000005 -0.005763 -0.000016 -0.018569 -0.000042 -0.050053 -0.000090
                                -0.105909 -0.000139 -0.164176 -0.000122 -0.143249  0.000060  0.070569  0.000295  0.348051  0.000365
                                 0.429777  0.000204  0.240694  0.000045  0.053344  0.000004  0.004211  0.000000  0.000125  0.000000
                                 0.000015  0.000000  0.000000  0.000000  0.000361 -0.000002 -0.002331  0.000000  0.000000  0.000000
                                 0.000000  0.000000  0.000000  0.000000  0.000000  0.000000

   9.1  2.00000    -7.221204     0.000000  0.000001  0.000004  0.000009  0.000019  0.000037  0.000069  0.000124  0.000220  0.000386
                                 0.000678  0.001198  0.002138  0.003844  0.006906  0.011918  0.018220  0.018522 -0.006282 -0.082850
                                -0.155029 -0.044699  0.392129  0.451815 -0.347079 -0.965709 -0.031834  0.817197  0.443250  0.015836
                                -0.004814  0.001673 -0.000421 -0.115404  0.171201 -0.000000  0.000000  0.000000  0.000000 -0.000000
                                 0.000000  0.000000  0.000000 -0.000000  0.000000  0.000000  0.000000 -0.000000  0.000000  0.000000
                                 0.000000 -0.000000  0.000000  0.000000 -0.000000 -0.000000 -0.000000  0.000000  0.000000 -0.000000
                                -0.000000 -0.000000 -0.000000  0.000000  0.000000 -0.000000  0.000000  0.000000 -0.000000 -0.000000
                                 0.000000  0.000000 -0.000000  0.000000  0.000000  0.000000 -0.000000  0.000000  0.000000  0.000000
                                 0.000000  0.000000  0.000000  0.000000  0.000000  0.000000

  10.1  1.20000    -2.589019    -0.000000 -0.000000 -0.000000 -0.000000 -0.000000 -0.000000 -0.000000 -0.000000 -0.000000 -0.000000
                                -0.000000 -0.000000 -0.000000 -0.000000 -0.000000 -0.000000 -0.000000 -0.000000  0.000000  0.000000
                                 0.000000  0.000000 -0.000000 -0.000001  0.000001 -0.000001 -0.000001 -0.000005 -0.000001  0.000002
                                -0.000001  0.000001 -0.000000  0.000003  0.000003  0.000003  0.000000  0.000020  0.000000  0.000112
                                 0.000000  0.000510  0.000000  0.002005  0.000000  0.006477  0.000000  0.017489  0.000000  0.037130
                                -0.000000  0.057250 -0.000000  0.047551 -0.000000 -0.040534  0.000000 -0.150438 -0.000000 -0.189577
                                 0.000000 -0.036586 -0.000000  0.305529  0.000000  0.530483  0.000000  0.321377 -0.000000  0.038005
                                 0.000000 -0.001238 -0.000000  0.011634 -0.000000 -0.040208 -0.000000  0.000000  0.000000  0.000000
                                 0.000000  0.000000  0.000000  0.000000  0.000000  0.000000

  11.1  1.20000    -2.589019     0.000000  0.000000  0.000000  0.000000  0.000000  0.000000  0.000000  0.000000  0.000000  0.000000
                                 0.000000  0.000000  0.000000  0.000000  0.000000  0.000000  0.000000  0.000000  0.000000 -0.000000
                                -0.000000  0.000000  0.000000 -0.000000  0.000000 -0.000000  0.000000 -0.000000 -0.000000 -0.000000
                                 0.000000 -0.000000  0.000000 -0.000000  0.000000  0.000000  0.000003  0.000000  0.000020  0.000000
                                 0.000112  0.000000  0.000510  0.000000  0.002005  0.000000  0.006477  0.000000  0.017489  0.000000
                                 0.037130  0.000000  0.057250 -0.000000  0.047551 -0.000000 -0.040533  0.000000 -0.150439 -0.000000
                                -0.189576 -0.000000 -0.036584  0.000000  0.305527  0.000000  0.530480 -0.000000  0.321377  0.000000
                                 0.038005 -0.000000 -0.001238  0.000000  0.011632 -0.000000 -0.040205  0.000000  0.000000  0.000000
                                 0.000000  0.000000  0.000000  0.000000  0.000000  0.000000

                                   1 2px     1 2px     1 2px     1 2px     1 2px     1 2px     1 2px     1 2px     1 2px     1 2px  
                                   1 2px     1 2px     1 2px     1 2px     1 2px     1 2px     1 2px     1 2px     1 2px     1 2px  
                                   1 2px     1 2px     1 2px     1 2px     1 2px     1 2px     1 2px     1 2px     1 2px     1 2px  
                                   1 2px     1 4f1+    1 4f3+    1 4f1+    1 4f3+    1 4f1+    1 4f3+    1 4f1+    1 4f3+    1 4f1+ 
                                   1 4f3+    1 4f1+    1 4f3+    1 4f1+    1 4f3+    1 4f1+    1 4f3+    1 4f1+    1 4f3+    1 4f1+ 
                                   1 4f3+    1 4f1+    1 4f3+    1 4f1+    1 4f3+    1 4f1+    1 4f3+    1 4f1+    1 4f3+    1 4f1+ 
                                   1 4f3+ 

   1.2  2.00000  -464.184840     0.000003  0.000008  0.000025  0.000065  0.000161  0.000385  0.000909  0.002156  0.005173  0.012548
                                 0.030281  0.070408  0.148010  0.258487  0.329282  0.249480  0.086502  0.008627  0.000455 -0.000326
                                 0.000241  0.001417 -0.000178 -0.000137  0.000012 -0.000003  0.000001 -0.000000  0.000000 -0.001498
                                 0.000210  0.000000 -0.000000  0.000000 -0.000000  0.000000 -0.000000  0.000000 -0.000000  0.000000
                                -0.000000  0.000000 -0.000000  0.000000 -0.000000  0.000000 -0.000000  0.000000 -0.000000  0.000000
                                -0.000000  0.000000 -0.000000  0.000000 -0.000000  0.000000 -0.000000 -0.000000  0.000000  0.000000
                                -0.000000

   2.2  2.00000  -109.851106    -0.000002 -0.000004 -0.000013 -0.000033 -0.000083 -0.000199 -0.000471 -0.001121 -0.002702 -0.006616
                                -0.016163 -0.038460 -0.083454 -0.152723 -0.198314 -0.088426  0.244397  0.510553  0.320811  0.063992
                                 0.005391  0.008915 -0.001307 -0.001041  0.000081 -0.000022  0.000009 -0.000004  0.000001 -0.008904
                                 0.001528 -0.000000  0.000000 -0.000000  0.000000 -0.000000  0.000000 -0.000000  0.000000 -0.000000
                                 0.000000 -0.000000  0.000000 -0.000000  0.000000 -0.000000  0.000000 -0.000000  0.000000 -0.000000
                                 0.000000 -0.000000  0.000000 -0.000000  0.000000 -0.000000  0.000000  0.000000 -0.000000 -0.000000
                                 0.000000

   3.2  2.00000   -24.775386     0.000001  0.000002  0.000006  0.000017  0.000041  0.000099  0.000234  0.000558  0.001346  0.003304
                                 0.008093  0.019369  0.042349  0.078476  0.102354  0.033734 -0.191809 -0.425582 -0.167834  0.422104
                                 0.586573  0.233136  0.011040 -0.007649  0.000881 -0.000221  0.000094 -0.000040  0.000012 -0.014175
                                 0.011973  0.000000 -0.000000  0.000000 -0.000000  0.000000 -0.000000  0.000000 -0.000000  0.000000
                                -0.000000  0.000000 -0.000000  0.000000 -0.000000  0.000000 -0.000000  0.000000 -0.000000  0.000000
                                -0.000000  0.000000 -0.000000  0.000000 -0.000000  0.000000 -0.000000 -0.000000  0.000000  0.000000
                                -0.000000

   4.2  2.00000    -6.397294     0.000000  0.000000  0.000000  0.000000  0.000000  0.000000  0.000000  0.000000  0.000000  0.000000
                                 0.000000  0.000000  0.000000  0.000000  0.000000  0.000000  0.000000  0.000000 -0.000000 -0.000000
                                -0.000000 -0.000000 -0.000000  0.000000 -0.000000  0.000000 -0.000000  0.000000 -0.000000  0.000000
                                -0.000000  0.000202  0.000000  0.001860  0.000000  0.010563  0.000000  0.039090  0.000000  0.106606
                                 0.000000  0.216880  0.000000  0.306372  0.000000  0.317986  0.000000  0.226497  0.000000  0.093872
                                 0.000000  0.015449  0.000000  0.004118  0.000000  0.000553  0.000000 -0.001942  0.000000  0.000289
                                 0.000000

   5.2  2.00000    -6.397293     0.000000  0.000000  0.000000  0.000000  0.000000  0.000000  0.000000  0.000000  0.000000  0.000000
                                 0.000000  0.000000  0.000000  0.000000  0.000000  0.000000 -0.000000 -0.000000 -0.000000  0.000000
                                 0.000000  0.000000  0.000000 -0.000000  0.000000 -0.000000  0.000000 -0.000000  0.000000 -0.000000
                                 0.000000 -0.000000  0.000202 -0.000000  0.001860 -0.000000  0.010563 -0.000000  0.039090 -0.000000
                                 0.106606 -0.000000  0.216880 -0.000000  0.306372 -0.000000  0.317986 -0.000000  0.226497 -0.000000
                                 0.093872 -0.000000  0.015449 -0.000000  0.004118 -0.000000  0.000553  0.000000 -0.001942 -0.000000
                                 0.000289

   6.2  2.00000    -5.211205    -0.000000 -0.000001 -0.000003 -0.000007 -0.000017 -0.000041 -0.000096 -0.000230 -0.000554 -0.001362
                                -0.003337 -0.007998 -0.017516 -0.032554 -0.042489 -0.012814  0.086961  0.196884  0.060301 -0.266977
                                -0.423450  0.019081  0.534361  0.525829  0.114246 -0.003577  0.001853 -0.000786  0.000229 -0.054074
                                 0.016643  0.000000 -0.000000  0.000000 -0.000000  0.000000 -0.000000  0.000000 -0.000000  0.000000
                                -0.000000  0.000000 -0.000000  0.000000 -0.000000  0.000000 -0.000000  0.000000 -0.000000  0.000000
                                -0.000000  0.000000 -0.000000  0.000000 -0.000000  0.000000 -0.000000 -0.000000  0.000000  0.000000
                                -0.000000

                                   1 2py     1 2py     1 2py     1 2py     1 2py     1 2py     1 2py     1 2py     1 2py     1 2py  
                                   1 2py     1 2py     1 2py     1 2py     1 2py     1 2py     1 2py     1 2py     1 2py     1 2py  
                                   1 2py     1 2py     1 2py     1 2py     1 2py     1 2py     1 2py     1 2py     1 2py     1 2py  
                                   1 2py     1 4f1-    1 4f3-    1 4f1-    1 4f3-    1 4f1-    1 4f3-    1 4f1-    1 4f3-    1 4f1- 
                                   1 4f3-    1 4f1-    1 4f3-    1 4f1-    1 4f3-    1 4f1-    1 4f3-    1 4f1-    1 4f3-    1 4f1- 
                                   1 4f3-    1 4f1-    1 4f3-    1 4f1-    1 4f3-    1 4f1-    1 4f3-    1 4f1-    1 4f3-    1 4f1- 
                                   1 4f3- 

   1.3  2.00000  -464.184840     0.000003  0.000008  0.000025  0.000065  0.000161  0.000385  0.000909  0.002156  0.005173  0.012548
                                 0.030281  0.070408  0.148010  0.258487  0.329282  0.249480  0.086502  0.008627  0.000455 -0.000326
                                 0.000241  0.001417 -0.000178 -0.000137  0.000012 -0.000003  0.000001 -0.000000  0.000000 -0.001498
                                 0.000210 -0.000000 -0.000000 -0.000000 -0.000000 -0.000000 -0.000000 -0.000000 -0.000000 -0.000000
                                -0.000000 -0.000000 -0.000000 -0.000000 -0.000000 -0.000000 -0.000000 -0.000000 -0.000000 -0.000000
                                -0.000000 -0.000000 -0.000000 -0.000000 -0.000000 -0.000000 -0.000000  0.000000  0.000000 -0.000000
                                -0.000000

   2.3  2.00000  -109.851106    -0.000002 -0.000004 -0.000013 -0.000033 -0.000083 -0.000199 -0.000471 -0.001121 -0.002702 -0.006616
                                -0.016163 -0.038460 -0.083454 -0.152723 -0.198314 -0.088426  0.244397  0.510553  0.320811  0.063992
                                 0.005391  0.008915 -0.001307 -0.001041  0.000081 -0.000022  0.000009 -0.000004  0.000001 -0.008904
                                 0.001528  0.000000  0.000000  0.000000  0.000000  0.000000  0.000000  0.000000  0.000000  0.000000
                                 0.000000  0.000000  0.000000  0.000000  0.000000  0.000000  0.000000  0.000000  0.000000  0.000000
                                 0.000000  0.000000  0.000000  0.000000  0.000000  0.000000  0.000000 -0.000000 -0.000000  0.000000
                                 0.000000

   3.3  2.00000   -24.775386     0.000001  0.000002  0.000006  0.000017  0.000041  0.000099  0.000234  0.000558  0.001346  0.003304
                                 0.008093  0.019369  0.042349  0.078476  0.102354  0.033734 -0.191809 -0.425582 -0.167834  0.422104
                                 0.586573  0.233136  0.011040 -0.007649  0.000881 -0.000221  0.000094 -0.000040  0.000012 -0.014175
                                 0.011973 -0.000000 -0.000000 -0.000000 -0.000000 -0.000000 -0.000000 -0.000000 -0.000000 -0.000000
                                -0.000000 -0.000000 -0.000000 -0.000000 -0.000000 -0.000000 -0.000000 -0.000000 -0.000000 -0.000000
                                -0.000000 -0.000000 -0.000000 -0.000000 -0.000000 -0.000000 -0.000000  0.000000  0.000000 -0.000000
                                -0.000000

   4.3  2.00000    -6.397294     0.000000  0.000000  0.000000  0.000000  0.000000  0.000000  0.000000  0.000000  0.000000  0.000000
                                 0.000000  0.000000  0.000000  0.000000  0.000000  0.000000 -0.000000 -0.000000 -0.000000 -0.000000
                                -0.000000 -0.000000 -0.000000  0.000000 -0.000000  0.000000 -0.000000  0.000000 -0.000000  0.000000
                                -0.000000  0.000202  0.000000  0.001860  0.000000  0.010563  0.000000  0.039090  0.000000  0.106606
                                 0.000000  0.216880  0.000000  0.306372  0.000000  0.317986  0.000000  0.226497  0.000000  0.093872
                                 0.000000  0.015449  0.000000  0.004118  0.000000  0.000553  0.000000 -0.001942  0.000000  0.000289
                                 0.000000

   5.3  2.00000    -6.397293     0.000000  0.000000  0.000000  0.000000  0.000000  0.000000  0.000000  0.000000  0.000000  0.000000
                                 0.000000  0.000000  0.000000  0.000000  0.000000  0.000000 -0.000000 -0.000000 -0.000000 -0.000000
                                -0.000000 -0.000000 -0.000000  0.000000 -0.000000  0.000000 -0.000000  0.000000 -0.000000  0.000000
                                -0.000000  0.000000  0.000202  0.000000  0.001860  0.000000  0.010563  0.000000  0.039090  0.000000
                                 0.106606  0.000000  0.216880  0.000000  0.306372  0.000000  0.317986  0.000000  0.226497  0.000000
                                 0.093872  0.000000  0.015449  0.000000  0.004118  0.000000  0.000553 -0.000000 -0.001942  0.000000
                                 0.000289

   6.3  2.00000    -5.211205    -0.000000 -0.000001 -0.000003 -0.000007 -0.000017 -0.000041 -0.000096 -0.000230 -0.000554 -0.001362
                                -0.003337 -0.007998 -0.017516 -0.032554 -0.042489 -0.012814  0.086961  0.196884  0.060301 -0.266977
                                -0.423450  0.019082  0.534361  0.525829  0.114246 -0.003577  0.001853 -0.000786  0.000229 -0.054074
                                 0.016643 -0.000000 -0.000000 -0.000000 -0.000000 -0.000000 -0.000000 -0.000000 -0.000000 -0.000000
                                -0.000000 -0.000000 -0.000000 -0.000000 -0.000000 -0.000000 -0.000000 -0.000000 -0.000000 -0.000000
                                -0.000000 -0.000000 -0.000000 -0.000000 -0.000000 -0.000000 -0.000000  0.000000  0.000000 -0.000000
                                -0.000000

                                   1 3d2-    1 3d2-    1 3d2-    1 3d2-    1 3d2-    1 3d2-    1 3d2-    1 3d2-    1 3d2-    1 3d2- 
                                   1 3d2-    1 3d2-    1 3d2-    1 3d2-    1 3d2-    1 3d2-    1 3d2-    1 3d2-    1 3d2-    1 3d2- 
                                   1 3d2-    1 5g2-    1 5g4-    1 5g2-    1 5g4-    1 5g2-    1 5g4- 

   1.4  2.00000   -86.639150     0.000019  0.000114  0.000620  0.002824  0.011003  0.035197  0.093166  0.195398  0.308310  0.328449
                                 0.189613  0.049896  0.004289  0.000089  0.000135  0.000037 -0.000010  0.000000 -0.000000  0.000625
                                -0.000081  0.000000  0.000000  0.000000  0.000000  0.000000  0.000000

   2.4  2.00000   -16.057278    -0.000010 -0.000059 -0.000321 -0.001467 -0.005763 -0.018569 -0.050053 -0.105909 -0.164176 -0.143249
                                 0.070569  0.348051  0.429777  0.240694  0.053344  0.004210  0.000125  0.000015  0.000000  0.000361
                                -0.002331  0.000000  0.000000  0.000000  0.000000  0.000000  0.000000

   3.4  1.20000    -2.589019     0.000003  0.000020  0.000112  0.000510  0.002005  0.006477  0.017489  0.037130  0.057250  0.047551
                                -0.040533 -0.150439 -0.189576 -0.036584  0.305528  0.530480  0.321377  0.038005 -0.001238  0.011632
                                -0.040205  0.000000  0.000000  0.000000  0.000000  0.000000  0.000000

                                   1 2pz     1 2pz     1 2pz     1 2pz     1 2pz     1 2pz     1 2pz     1 2pz     1 2pz     1 2pz  
                                   1 2pz     1 2pz     1 2pz     1 2pz     1 2pz     1 2pz     1 2pz     1 2pz     1 2pz     1 2pz  
                                   1 2pz     1 2pz     1 2pz     1 2pz     1 2pz     1 2pz     1 2pz     1 2pz     1 2pz     1 2pz  
                                   1 2pz     1 4f0     1 4f2+    1 4f0     1 4f2+    1 4f0     1 4f2+    1 4f0     1 4f2+    1 4f0  
                                   1 4f2+    1 4f0     1 4f2+    1 4f0     1 4f2+    1 4f0     1 4f2+    1 4f0     1 4f2+    1 4f0  
                                   1 4f2+    1 4f0     1 4f2+    1 4f0     1 4f2+    1 4f0     1 4f2+    1 4f0     1 4f2+    1 4f0  
                                   1 4f2+ 

   1.5  2.00000  -464.184840     0.000003  0.000008  0.000025  0.000065  0.000161  0.000385  0.000909  0.002156  0.005173  0.012548
                                 0.030281  0.070408  0.148010  0.258487  0.329282  0.249480  0.086502  0.008627  0.000455 -0.000326
                                 0.000241  0.001417 -0.000178 -0.000137  0.000012 -0.000003  0.000001 -0.000000  0.000000 -0.001498
                                 0.000210  0.000000  0.000000  0.000000  0.000000  0.000000  0.000000  0.000000  0.000000  0.000000
                                 0.000000  0.000000  0.000000  0.000000  0.000000  0.000000  0.000000  0.000000  0.000000  0.000000
                                 0.000000  0.000000  0.000000  0.000000  0.000000  0.000000  0.000000 -0.000000 -0.000000  0.000000
                                 0.000000

   2.5  2.00000  -109.851106    -0.000002 -0.000004 -0.000013 -0.000033 -0.000083 -0.000199 -0.000471 -0.001121 -0.002702 -0.006616
                                -0.016163 -0.038460 -0.083454 -0.152723 -0.198314 -0.088426  0.244397  0.510553  0.320811  0.063992
                                 0.005391  0.008915 -0.001307 -0.001041  0.000081 -0.000022  0.000009 -0.000004  0.000001 -0.008904
                                 0.001528 -0.000000 -0.000000 -0.000000 -0.000000 -0.000000 -0.000000 -0.000000 -0.000000 -0.000000
                                -0.000000 -0.000000 -0.000000 -0.000000 -0.000000 -0.000000 -0.000000 -0.000000 -0.000000 -0.000000
                                -0.000000 -0.000000 -0.000000 -0.000000 -0.000000 -0.000000 -0.000000  0.000000  0.000000 -0.000000
                                -0.000000

   3.5  2.00000   -24.775386     0.000001  0.000002  0.000006  0.000017  0.000041  0.000099  0.000234  0.000558  0.001346  0.003304
                                 0.008093  0.019369  0.042349  0.078476  0.102354  0.033734 -0.191809 -0.425582 -0.167834  0.422104
                                 0.586573  0.233136  0.011040 -0.007649  0.000881 -0.000221  0.000094 -0.000040  0.000012 -0.014175
                                 0.011973 -0.000000 -0.000000 -0.000000 -0.000000 -0.000000 -0.000000 -0.000000 -0.000000 -0.000000
                                -0.000000 -0.000000 -0.000000 -0.000000 -0.000000 -0.000000 -0.000000 -0.000000 -0.000000 -0.000000
                                -0.000000 -0.000000 -0.000000 -0.000000 -0.000000 -0.000000 -0.000000  0.000000  0.000000 -0.000000
                                -0.000000

   4.5  2.00000    -6.397294     0.000000  0.000000  0.000000  0.000000  0.000000  0.000000  0.000000  0.000000  0.000000  0.000000
                                 0.000000  0.000000  0.000000  0.000000  0.000000  0.000000 -0.000000 -0.000000 -0.000000  0.000000
                                 0.000000  0.000000  0.000000 -0.000000  0.000000 -0.000000  0.000000 -0.000000  0.000000 -0.000000
                                 0.000000  0.000202 -0.000000  0.001860 -0.000000  0.010563 -0.000000  0.039090 -0.000000  0.106606
                                -0.000000  0.216880 -0.000000  0.306372 -0.000000  0.317986 -0.000000  0.226497 -0.000000  0.093872
                                -0.000000  0.015449 -0.000000  0.004118 -0.000000  0.000553 -0.000000 -0.001942  0.000000  0.000289
                                -0.000000

   5.5  2.00000    -6.397294     0.000000  0.000000  0.000000  0.000000  0.000000  0.000000  0.000000  0.000000  0.000000  0.000000
                                 0.000000  0.000000  0.000000  0.000000  0.000000  0.000000 -0.000000 -0.000000 -0.000000  0.000000
                                 0.000000  0.000000  0.000000 -0.000000  0.000000 -0.000000  0.000000 -0.000000  0.000000  0.000000
                                 0.000000  0.000000  0.000202  0.000000  0.001860  0.000000  0.010563  0.000000  0.039090  0.000000
                                 0.106606  0.000000  0.216880  0.000000  0.306372  0.000000  0.317986  0.000000  0.226497  0.000000
                                 0.093872  0.000000  0.015449  0.000000  0.004118  0.000000  0.000553 -0.000000 -0.001942  0.000000
                                 0.000289

   6.5  2.00000    -5.211205    -0.000000 -0.000001 -0.000003 -0.000007 -0.000017 -0.000041 -0.000096 -0.000230 -0.000554 -0.001362
                                -0.003337 -0.007998 -0.017516 -0.032554 -0.042489 -0.012814  0.086961  0.196884  0.060301 -0.266977
                                -0.423451  0.019081  0.534361  0.525830  0.114246 -0.003577  0.001853 -0.000786  0.000229 -0.054073
                                 0.016643  0.000000  0.000000  0.000000  0.000000  0.000000  0.000000  0.000000  0.000000  0.000000
                                 0.000000  0.000000  0.000000  0.000000  0.000000  0.000000  0.000000  0.000000  0.000000  0.000000
                                 0.000000  0.000000  0.000000  0.000000  0.000000  0.000000  0.000000 -0.000000 -0.000000  0.000000
                                 0.000000

                                   1 3d1+    1 3d1+    1 3d1+    1 3d1+    1 3d1+    1 3d1+    1 3d1+    1 3d1+    1 3d1+    1 3d1+ 
                                   1 3d1+    1 3d1+    1 3d1+    1 3d1+    1 3d1+    1 3d1+    1 3d1+    1 3d1+    1 3d1+    1 3d1+ 
                                   1 3d1+    1 5g1+    1 5g3+    1 5g1+    1 5g3+    1 5g1+    1 5g3+ 

   1.6  2.00000   -86.639150     0.000019  0.000114  0.000620  0.002824  0.011003  0.035197  0.093166  0.195398  0.308310  0.328449
                                 0.189613  0.049896  0.004289  0.000089  0.000135  0.000037 -0.000010  0.000000 -0.000000  0.000625
                                -0.000081  0.000000  0.000000  0.000000  0.000000  0.000000  0.000000

   2.6  2.00000   -16.057278    -0.000010 -0.000059 -0.000321 -0.001467 -0.005763 -0.018569 -0.050053 -0.105909 -0.164176 -0.143249
                                 0.070569  0.348051  0.429777  0.240694  0.053344  0.004210  0.000125  0.000015  0.000000  0.000361
                                -0.002331  0.000000  0.000000  0.000000  0.000000  0.000000  0.000000

   3.6  1.20000    -2.589019     0.000003  0.000020  0.000112  0.000510  0.002005  0.006477  0.017489  0.037130  0.057250  0.047551
                                -0.040533 -0.150439 -0.189575 -0.036583  0.305527  0.530479  0.321377  0.038005 -0.001238  0.011631
                                -0.040203  0.000000  0.000000  0.000000  0.000000  0.000000  0.000000

                                   1 3d1-    1 3d1-    1 3d1-    1 3d1-    1 3d1-    1 3d1-    1 3d1-    1 3d1-    1 3d1-    1 3d1- 
                                   1 3d1-    1 3d1-    1 3d1-    1 3d1-    1 3d1-    1 3d1-    1 3d1-    1 3d1-    1 3d1-    1 3d1- 
                                   1 3d1-    1 5g1-    1 5g3-    1 5g1-    1 5g3-    1 5g1-    1 5g3- 

   1.7  2.00000   -86.639150     0.000019  0.000114  0.000620  0.002824  0.011003  0.035197  0.093166  0.195398  0.308310  0.328449
                                 0.189613  0.049896  0.004289  0.000089  0.000135  0.000037 -0.000010  0.000000 -0.000000  0.000625
                                -0.000081  0.000000  0.000000  0.000000  0.000000  0.000000  0.000000

   2.7  2.00000   -16.057278    -0.000010 -0.000059 -0.000321 -0.001467 -0.005763 -0.018569 -0.050053 -0.105909 -0.164176 -0.143249
                                 0.070569  0.348051  0.429777  0.240694  0.053344  0.004210  0.000125  0.000015  0.000000  0.000361
                                -0.002331  0.000000  0.000000  0.000000  0.000000  0.000000  0.000000

   3.7  1.20000    -2.589019     0.000003  0.000020  0.000112  0.000510  0.002005  0.006477  0.017489  0.037130  0.057250  0.047551
                                -0.040533 -0.150439 -0.189575 -0.036583  0.305527  0.530479  0.321377  0.038005 -0.001238  0.011631
                                -0.040203  0.000000  0.000000  0.000000  0.000000  0.000000  0.000000

                                   1 4f2-    1 4f2-    1 4f2-    1 4f2-    1 4f2-    1 4f2-    1 4f2-    1 4f2-    1 4f2-    1 4f2- 
                                   1 4f2-    1 4f2-    1 4f2-    1 4f2-    1 4f2- 

   1.8  2.00000    -6.397294     0.000202  0.001860  0.010563  0.039090  0.106606  0.216880  0.306372  0.317986  0.226497  0.093872
                                 0.015449  0.004118  0.000553 -0.001942  0.000289

 Total charge:   5.000000000000
 

 EXTRA SYMMETRY OF MOS IN SYMMETRY 1:   1 1 1 1 1 1 1 1 1 1   1 1 1 1 1 1 1 1 1 3   4 2 1 1 1 3 4 2 1 1   1 3 2 4 1 1 1 1 1 1
                                        1 1 1 1 1 1 1 1 1 1   1 1 1 1 1 1 1 1 1 1   1 1 1 1 1 1 1 1 1 1   1 1 1 1 1 1 1 1 1 1
                                        1 1 1 1 1 1
 EXTRA SYMMETRY OF MOS IN SYMMETRY 2:   1 1 1 2 3 1 1 3 2 1   1 1 3 2 1 3 2 1 3 2   1 3 2 3 2 1 3 2 1 3   2 1 2 3 1 2 3 1 2 3
                                        1 2 3 1 2 3 1 2 3 1   1 1 1 1 1 1 1 1 1 1   1
 EXTRA SYMMETRY OF MOS IN SYMMETRY 3:   1 1 1 2 3 1 1 3 2 1   1 1 3 2 1 3 2 1 3 2   1 3 2 3 2 1 3 2 1 3   2 1 2 3 1 2 3 1 2 3
                                        1 2 3 1 2 3 1 2 3 1   1 1 1 1 1 1 1 1 1 1   1
 EXTRA SYMMETRY OF MOS IN SYMMETRY 4:   1 1 1 1 1 3 2 1 3 2   1 3 2 1 1 1 1 1 1 1   1 1 1 1 1 1 1
 EXTRA SYMMETRY OF MOS IN SYMMETRY 5:   1 1 1 2 3 1 1 3 2 1   1 1 3 2 1 3 2 1 3 2   1 3 2 3 2 1 3 2 1 3   2 1 2 3 1 2 3 1 2 3
                                        1 2 3 1 2 3 1 2 3 1   1 1 1 1 1 1 1 1 1 1   1
 EXTRA SYMMETRY OF MOS IN SYMMETRY 6:   1 1 1 1 1 3 2 1 3 2   1 3 2 1 1 1 1 1 1 1   1 1 1 1 1 1 1
 EXTRA SYMMETRY OF MOS IN SYMMETRY 7:   1 1 1 1 1 3 2 1 3 2   1 3 2 1 1 1 1 1 1 1   1 1 1 1 1 1 1

 Natural orbital dump (state averaged) at molpro section  5202.2    (Orbital set 2)


 CI vector for state symmetry 1
 ==============================

 a2 a a a          1.0000000   0.0001424
 2a a a a         -0.0001424   1.0000000

 TOTAL ENERGIES                    -19006.55672929-19006.55672919

 CI vector for state symmetry 2
 ==============================

 aa 2 a a          1.0000000

 TOTAL ENERGIES                    -19006.55672929

 CI vector for state symmetry 3
 ==============================

 aa a 2 a          1.0000000

 TOTAL ENERGIES                    -19006.55672922

 CI vector for state symmetry 4
 ==============================

 aa a a 2          1.0000000

 TOTAL ENERGIES                    -19006.55672922



 **********************************************************************************************************************************
 DATASETS  * FILE   NREC   LENGTH (MB)   RECORD NAMES
              1      23      183.07       500      610      700      900      950      970     1001      129      960     1700   
                                          VAR    BASINP    GEOM    SYMINP    ZMAT    AOBASIS   BASIS     P2S    ABASIS    OPER   
                                         1101     1401     1411     1412     1650     1100     1400     1410     1200     1210   
                                          SR      EKINR    POTR     PVPR    MOLCAS      S      EKIN      POT      H0       H01  
                                         1080     1600     1380   
                                         AOSYM     SMH     JKOP   

              2       7        8.50       200      700     1000      520     4202     1001     5202   
                                        OPTIONS   GEOM     BASIS   MCVARS     RHF     BASIS    MCSCF   

 PROGRAMS   *        TOTAL     MULTI       INT       POP       RHF       INT
 CPU TIMES  *       218.41     32.45    173.00      0.01      0.21     11.24
 REAL TIME  *       247.02 SEC
 DISK USED  *         5.11 GB      
 SF USED    *       629.72 MB      
 GA USED    *         0.00 MB       (max)       0.00 MB       (current)
 **********************************************************************************************************************************


 PROGRAM * RHF-SCF (OPEN SHELL)       Authors: W. Meyer, H.-J. Werner


 NUMBER OF ELECTRONS:      39+   35-    SPACE SYMMETRY=4    SPIN SYMMETRY: Quintet 
 CONVERGENCE THRESHOLDS:    1.00E-05 (Density)    1.48E-07 (Energy)
 MAX. NUMBER OF ITERATIONS:        0
 INTERPOLATION TYPE:            DIIS
 INTERPOLATION STEPS:              2 (START)      1 (STEP)
 LEVEL SHIFTS:                 -0.60 (CLOSED) -0.30 (OPEN) 


 Singly occupied orbitals:     10.1      11.1       3.6       3.7
 Molecular orbitals read from record     5202.2  Type=MCSCF/NATURAL (state averaged)

 Molecular orbital dump at record        2125.2

 ITERATION    DDIFF          GRAD             ENERGY        2-EL.EN.            DIPOLE MOMENTS         DIIS   ORB.
    1      0.000D+00      0.000D+00    -19006.55672929  13733.225897    0.00000    0.00000    0.00000    0    start

 Final alpha occupancy:  11   6   6   3   6   3   3   1
 Final beta  occupancy:   9   6   6   3   6   2   2   1

 !RHF STATE 1.4 Energy               -19006.5567292948    
 Nuclear energy                         0.00000000
 One-electron energy               -25873.16967780
 Two-electron energy                 6866.61294851
 Virial quotient                       -0.66036601
 !RHF STATE 1.4 Dipole moment           0.00000000     0.00000000     0.00000000
 Dipole moment /Debye                   0.00000000     0.00000000     0.00000000

 Orbital energies:

         1.1          2.1          3.1          4.1          5.1          6.1          7.1          8.1          9.1         10.1
  -2986.636262  -534.633700  -130.696228   -86.639150   -86.639150   -31.753505   -16.057278   -16.057278    -7.221204    -2.589019

        11.1         12.1         13.1
     -2.589019    -1.801335    -0.951485

         1.2          2.2          3.2          4.2          5.2          6.2          7.2          8.2
   -464.184840  -109.851106   -24.775386    -6.397294    -6.397293    -5.211205    -1.404897    -0.837151

         1.3          2.3          3.3          4.3          5.3          6.3          7.3          8.3
   -464.184840  -109.851106   -24.775386    -6.397294    -6.397293    -5.211205    -1.404897    -0.837151

         1.4          2.4          3.4          4.4          5.4
    -86.639150   -16.057278    -2.589019    -0.951485    -0.487730

         1.5          2.5          3.5          4.5          5.5          6.5          7.5          8.5
   -464.184840  -109.851106   -24.775386    -6.397294    -6.397294    -5.211205    -1.404897    -0.837151

         1.6          2.6          3.6          4.6          5.6
    -86.639150   -16.057278    -2.589019    -0.951485    -0.487730

         1.7          2.7          3.7          4.7          5.7
    -86.639150   -16.057278    -2.589019    -0.951485    -0.487730

         1.8          2.8          3.8
     -6.397294    -0.837151    -0.236393

 HOMO      3.6    -2.589019 =     -70.4508eV
 LUMO     12.1    -1.801335 =     -49.0168eV
 LUMO-HOMO         0.787683 =      21.4340eV


 **********************************************************************************************************************************
 DATASETS  * FILE   NREC   LENGTH (MB)   RECORD NAMES
              1      23      183.07       500      610      700      900      950      970     1001      129      960     1700   
                                          VAR    BASINP    GEOM    SYMINP    ZMAT    AOBASIS   BASIS     P2S    ABASIS    OPER   
                                         1101     1401     1411     1412     1650     1100     1400     1410     1200     1210   
                                          SR      EKINR    POTR     PVPR    MOLCAS      S      EKIN      POT      H0       H01  
                                         1080     1600     1380   
                                         AOSYM     SMH     JKOP   

              2       8       12.11       200      700     1000      520     4202     1001     5202     2125   
                                        OPTIONS   GEOM     BASIS   MCVARS     RHF     BASIS    MCSCF     RHF  

 PROGRAMS   *        TOTAL       RHF     MULTI       INT       POP       RHF       INT
 CPU TIMES  *       218.81      0.40     32.45    173.00      0.01      0.21     11.24
 REAL TIME  *       248.52 SEC
 DISK USED  *         5.11 GB      
 SF USED    *       629.72 MB      
 GA USED    *         0.00 MB       (max)       0.00 MB       (current)
 **********************************************************************************************************************************
 SETTING SCF(10)        =    -19006.55672929  AU                              
 SETTING _CC_NORM_MAX   =         2.00000000                                  


 PROGRAM * CCSD (Restricted open-shell coupled cluster)     Authors: C. Hampel, H.-J. Werner, 1991, M. Deegan, P.J. Knowles, 1992


 Convergence thresholds:  THRVAR = 1.00D-08  THRDEN = 1.48D-06

 CCSD(T)     terms to be evaluated (factor= 1.000)


 Number of closed-shell orbitals:  35 (   9   6   6   3   6   2   2   1 )
 Number of active  orbitals:        4 (   2   0   0   0   0   1   1   0 )
 Number of external orbitals:     326 (  75  55  55  24  55  24  24  14 )

 Memory could be reduced to 320.47 Mwords without degradation in triples

 Number of N-1 electron functions:              74
 Number of N-2 electron functions:            2701
 Number of singly external CSFs:              3942
 Number of doubly external CSFs:          28323448
 Total number of CSFs:                    28327390

 Molecular orbitals read from record     2125.2  Type=RHF/CANONICAL (state 1.4)

 Integral transformation finished. Total CPU:  12.19 sec, npass=  1  Memory used:  72.80 MW

 Starting RMP2 calculation

 Wavefunction is spin-projected

 ITER.      SQ.NORM     CORR.ENERGY   TOTAL ENERGY   ENERGY CHANGE        DEN1      VAR(S)    VAR(P)  DIIS     TIME
   1      1.08758198    -3.07292518-19009.62965448    -3.07292518    -0.00043761  0.37D-05  0.65D-04  1  1    26.43
   2      1.08773479    -3.07337694-19009.63010624    -0.00045176    -0.00000033  0.16D-07  0.71D-07  2  2    34.38
   3      1.08773877    -3.07338347-19009.63011277    -0.00000653    -0.00000000  0.95D-10  0.22D-09  3  3    44.63
   4      1.08773885    -3.07338348-19009.63011278    -0.00000001    -0.00000000  0.15D-12  0.43D-12  4  4    56.10

 Norm of t1 vector:      0.04269738      S-energy:    -0.00965349      T1 diagnostic:  0.00242896
 Norm of t2 vector:      0.29311394      P-energy:    -3.06372999
                                         Alpha-Beta:  -1.95753105
                                         Alpha-Alpha: -0.58686582
                                         Beta-Beta:   -0.51933313

 Spin contamination <S**2-Sz**2-Sz>     0.00000000
  Reference energy                   -19006.5567292947    
  RHF-RMP2 correlation energy          -3.073383482116
 !RHF-RMP2 energy                    -19009.6301127769    
 (NB above energy spin projected)

 Starting RCCSD calculation

 ITER.      SQ.NORM     CORR.ENERGY   TOTAL ENERGY   ENERGY CHANGE        DEN1      VAR(S)    VAR(P)  DIIS     TIME
   1      1.07058280    -2.79850133-19009.35523063    -2.79850133    -0.07792362  0.87D-03  0.27D-02  0  0   136.58
   2      1.07546799    -2.86964266-19009.42637196    -0.07114133    -0.00583991  0.83D-04  0.23D-03  0  0   205.48
   3      1.07468244    -2.85135827-19009.40808757     0.01828439    -0.00058327  0.19D-04  0.25D-04  1  1   283.73
   4      1.07504490    -2.85569203-19009.41242132    -0.00433376    -0.00000900  0.16D-05  0.26D-05  2  2   355.37
   5      1.07513901    -2.85575465-19009.41248394    -0.00006262    -0.00000278  0.55D-06  0.90D-06  3  3   433.72
   6      1.07525480    -2.85580974-19009.41253903    -0.00005509    -0.00000010  0.14D-07  0.26D-07  4  4   506.43
   7      1.07526776    -2.85580752-19009.41253681     0.00000222    -0.00000000  0.18D-09  0.67D-09  5  5   583.15
   8      1.07526824    -2.85580652-19009.41253581     0.00000100    -0.00000000  0.77D-11  0.73D-10  6  6   663.42

 Norm of t1 vector:      0.05353557      S-energy:    -0.00974542      T1 diagnostic:  0.00360510
                                                                       D1 diagnostic:  0.01867495
 Norm of t2 vector:      0.26907653      P-energy:    -2.84606109
                                         Alpha-Beta:  -1.85619901
                                         Alpha-Alpha: -0.52533405
                                         Beta-Beta:   -0.46452803

 Spin contamination <S**2-Sz**2-Sz>     0.00000000

 Memory could be reduced to 363.93 Mwords without degradation in triples
 

  Correlated core orbitals:             1.1       2.1       3.1       4.1       5.1       6.1       7.1       8.1       9.1       1.2
                                        2.2       3.2       4.2       5.2       6.2       1.3       2.3       3.3       4.3       5.3
                                        6.3       1.4       2.4       1.5       2.5       3.5       4.5       5.5       6.5       1.6
                                        2.6       1.7       2.7       1.8
  Orbital energies:                 -2986.6367 -534.6470 -130.7025  -86.6593  -86.6490  -31.7736  -16.1008  -16.0764   -7.3491 -464.1964
                                     -109.8535  -24.7851   -6.4304   -6.3976   -5.3645 -464.1964 -109.8535  -24.7851   -6.4304   -6.3976
                                       -5.3645  -86.6436  -16.0626 -464.2038 -109.8680  -24.8169   -6.4337   -6.4245   -5.4305  -86.6567
                                      -16.0947  -86.6567  -16.0947   -6.4143
 
  RCCSD core-core energy               -2.454897113999
  RCCSD core-valence energy            -0.307701136060
  RCCSD valence correlation energy     -0.093208266300
 

 RESULTS
 =======

  Reference energy                   -19006.5567292947    
  RCCSD singles energy                 -0.009745422853
  RCCSD pair energy                    -2.846061093506
  RCCSD correlation energy             -2.855806516359
  Triples (T) contribution             -0.020347670791
  Total correlation energy             -2.876154187150
 
  RHF-RCCSD energy                   -19009.4125358111    
  RHF-RCCSD[T] energy                -19009.4337977643    
  RHF-RCCSD-T energy                 -19009.4325906648    
 !RHF-RCCSD(T) energy                -19009.4328834819    

 Program statistics:

 Available memory in ccsd:               511987342
 Min. memory needed in ccsd:              77875147
 Max. memory used in ccsd:               114809030
 Max. memory used in cckext:              94872010 ( 8 integral passes)
 Max. memory used in cckint:              72804869 ( 1 integral passes)



 **********************************************************************************************************************************
 DATASETS  * FILE   NREC   LENGTH (MB)   RECORD NAMES
              1      23      183.07       500      610      700      900      950      970     1001      129      960     1700   
                                          VAR    BASINP    GEOM    SYMINP    ZMAT    AOBASIS   BASIS     P2S    ABASIS    OPER   
                                         1101     1401     1411     1412     1650     1100     1400     1410     1200     1210   
                                          SR      EKINR    POTR     PVPR    MOLCAS      S      EKIN      POT      H0       H01  
                                         1080     1600     1380   
                                         AOSYM     SMH     JKOP   

              2       8       12.11       200      700     1000      520     4202     1001     5202     2125   
                                        OPTIONS   GEOM     BASIS   MCVARS     RHF     BASIS    MCSCF     RHF  

 PROGRAMS   *        TOTAL  RCCSD(T)       RHF     MULTI       INT       POP       RHF       INT
 CPU TIMES  *      1734.37   1515.49      0.40     32.45    173.00      0.01      0.21     11.24
 REAL TIME  *      2497.83 SEC
 DISK USED  *        92.11 GB      
 SF USED    *         7.43 GB      
 GA USED    *         0.00 MB       (max)       0.00 MB       (current)
 **********************************************************************************************************************************
 SETTING CCSD(10)       =    -19009.43288348  AU                              
                                                                                                                                                                                                                                                                

           SCF            CCSD
         0.00000        0.00000
         0.00000        0.00000
         0.00000        0.00000
         0.00000        0.00000
         0.00000        0.00000
         0.00000        0.00000
         0.00000        0.00000
         0.00000        0.00000
         0.00000        0.00000
    -19006.55673   -19009.43288
                                                  

 RCCSD(T)/USERDEF energy= -19009.432883481888

        RCCSD(T)        RHF-SCF         MULTI           RHF-SCF 
 -19009.43288348 -19006.55672929 -19006.55672922 -19006.50939737
 **********************************************************************************************************************************
 Molpro calculation terminated
 Variable memory released
