#-------------------------------------------------
#VMC run: timestep 0.47 nconfig 5120 steps 30
#-------------------------------------------------


init { 
   label vmc
}
block { 
   label vmc
   totweight 153600
   nautocorr 0
   total_energy { -67.68246262804145   } 
   total_energyvar { 0.6358021623841126   } 
   weight { 1   } 
   weightvar { 0   } 
   kinetic_energy { 24.40766433418987   } 
   kinetic_energyvar { 55.04935110053226   } 
   potential_energy { -102.8179715261964   } 
   potential_energyvar { 121.9250326690411   } 
   nonlocal_energy { 10.72784456396509   } 
   nonlocal_energyvar { 115.0989042834064   } 
   autocorr_energy { } 
} 

block { 
   label vmc
   totweight 153600
   nautocorr 0
   total_energy { -67.68801845916678   } 
   total_energyvar { 0.5799341005646328   } 
   weight { 1   } 
   weightvar { 0   } 
   kinetic_energy { 24.45087313056184   } 
   kinetic_energyvar { 54.92527337575311   } 
   potential_energy { -102.8607913759235   } 
   potential_energyvar { 121.1523394273476   } 
   nonlocal_energy { 10.72189978619483   } 
   nonlocal_energyvar { 115.8388500177891   } 
   autocorr_energy { } 
} 

block { 
   label vmc
   totweight 153600
   nautocorr 0
   total_energy { -67.67845227695626   } 
   total_energyvar { 0.8231921020151047   } 
   weight { 1   } 
   weightvar { 0   } 
   kinetic_energy { 24.4124549366401   } 
   kinetic_energyvar { 54.86061323106511   } 
   potential_energy { -102.8042065917464   } 
   potential_energyvar { 121.5746932114159   } 
   nonlocal_energy { 10.71329937814999   } 
   nonlocal_energyvar { 113.4073819785834   } 
   autocorr_energy { } 
} 

block { 
   label vmc
   totweight 153600
   nautocorr 0
   total_energy { -67.68135188153984   } 
   total_energyvar { 0.6428048943831308   } 
   weight { 1   } 
   weightvar { 0   } 
   kinetic_energy { 24.46334189022232   } 
   kinetic_energyvar { 54.42169290364032   } 
   potential_energy { -102.7853669377943   } 
   potential_energyvar { 120.3733645023133   } 
   nonlocal_energy { 10.64067316603217   } 
   nonlocal_energyvar { 112.5219316677615   } 
   autocorr_energy { } 
} 

block { 
   label vmc
   totweight 153600
   nautocorr 0
   total_energy { -67.68148854037447   } 
   total_energyvar { 0.5899592529008379   } 
   weight { 1   } 
   weightvar { 0   } 
   kinetic_energy { 24.42287500785169   } 
   kinetic_energyvar { 54.31383197754923   } 
   potential_energy { -102.8371229896168   } 
   potential_energyvar { 119.8988529097648   } 
   nonlocal_energy { 10.73275944139061   } 
   nonlocal_energyvar { 113.2719570457609   } 
   autocorr_energy { } 
} 

block { 
   label vmc
   totweight 153600
   nautocorr 0
   total_energy { -67.68135427237051   } 
   total_energyvar { 0.605094051068167   } 
   weight { 1   } 
   weightvar { 0   } 
   kinetic_energy { 24.44908533863397   } 
   kinetic_energyvar { 54.26335128443968   } 
   potential_energy { -102.80241116435   } 
   potential_energyvar { 119.9032191356383   } 
   nonlocal_energy { 10.67197155334556   } 
   nonlocal_energyvar { 113.0888826795755   } 
   autocorr_energy { } 
} 

block { 
   label vmc
   totweight 153600
   nautocorr 0
   total_energy { -67.68331199178527   } 
   total_energyvar { 0.6093378184926719   } 
   weight { 1   } 
   weightvar { 0   } 
   kinetic_energy { 24.43764872334041   } 
   kinetic_energyvar { 54.73433398006202   } 
   potential_energy { -102.8334032205161   } 
   potential_energyvar { 120.245246498802   } 
   nonlocal_energy { 10.71244250539045   } 
   nonlocal_energyvar { 114.5136484197205   } 
   autocorr_energy { } 
} 

block { 
   label vmc
   totweight 153600
   nautocorr 0
   total_energy { -67.68285537912213   } 
   total_energyvar { 0.6428184218820977   } 
   weight { 1   } 
   weightvar { 0   } 
   kinetic_energy { 24.40187884745767   } 
   kinetic_energyvar { 55.34890233511044   } 
   potential_energy { -102.784412703718   } 
   potential_energyvar { 120.1843999733764   } 
   nonlocal_energy { 10.69967847713819   } 
   nonlocal_energyvar { 114.1002464094369   } 
   autocorr_energy { } 
} 

block { 
   label vmc
   totweight 153600
   nautocorr 0
   total_energy { -67.68639782116756   } 
   total_energyvar { 0.5995603664726283   } 
   weight { 1   } 
   weightvar { 0   } 
   kinetic_energy { 24.41748829284908   } 
   kinetic_energyvar { 53.9613508788204   } 
   potential_energy { -102.82245787121   } 
   potential_energyvar { 120.4369799874947   } 
   nonlocal_energy { 10.71857175719335   } 
   nonlocal_energyvar { 113.2227350546122   } 
   autocorr_energy { } 
} 

block { 
   label vmc
   totweight 153600
   nautocorr 0
   total_energy { -67.68399102005552   } 
   total_energyvar { 0.5609878270762702   } 
   weight { 1   } 
   weightvar { 0   } 
   kinetic_energy { 24.48931073659358   } 
   kinetic_energyvar { 53.15847192855492   } 
   potential_energy { -102.8097303379144   } 
   potential_energyvar { 118.8215997732296   } 
   nonlocal_energy { 10.63642858126527   } 
   nonlocal_energyvar { 110.6967637830299   } 
   autocorr_energy { } 
} 

block { 
   label vmc
   totweight 153600
   nautocorr 0
   total_energy { -67.68375055055731   } 
   total_energyvar { 0.6816002829673219   } 
   weight { 1   } 
   weightvar { 0   } 
   kinetic_energy { 24.41032289928216   } 
   kinetic_energyvar { 55.85520831785691   } 
   potential_energy { -102.7848089345823   } 
   potential_energyvar { 121.3526672151136   } 
   nonlocal_energy { 10.69073548474286   } 
   nonlocal_energyvar { 116.0972227692724   } 
   autocorr_energy { } 
} 

block { 
   label vmc
   totweight 153600
   nautocorr 0
   total_energy { -67.68402839778703   } 
   total_energyvar { 0.5723222287778368   } 
   weight { 1   } 
   weightvar { 0   } 
   kinetic_energy { 24.47747828685167   } 
   kinetic_energyvar { 53.78746272232023   } 
   potential_energy { -102.7996397070093   } 
   potential_energyvar { 120.0210395506523   } 
   nonlocal_energy { 10.6381330223706   } 
   nonlocal_energyvar { 112.569014514648   } 
   autocorr_energy { } 
} 

block { 
   label vmc
   totweight 153600
   nautocorr 0
   total_energy { -67.6833078135587   } 
   total_energyvar { 0.6011925540076278   } 
   weight { 1   } 
   weightvar { 0   } 
   kinetic_energy { 24.43153973118331   } 
   kinetic_energyvar { 54.62468858243245   } 
   potential_energy { -102.7762707276854   } 
   potential_energyvar { 120.6065536301919   } 
   nonlocal_energy { 10.66142318294336   } 
   nonlocal_energyvar { 113.3197148676457   } 
   autocorr_energy { } 
} 

block { 
   label vmc
   totweight 153600
   nautocorr 0
   total_energy { -67.68435547333307   } 
   total_energyvar { 0.6980266058171446   } 
   weight { 1   } 
   weightvar { 0   } 
   kinetic_energy { 24.42279311750771   } 
   kinetic_energyvar { 54.72168299830316   } 
   potential_energy { -102.809909167545   } 
   potential_energyvar { 119.8675954695713   } 
   nonlocal_energy { 10.70276057670418   } 
   nonlocal_energyvar { 114.894339645225   } 
   autocorr_energy { } 
} 

block { 
   label vmc
   totweight 153600
   nautocorr 0
   total_energy { -67.68035217787478   } 
   total_energyvar { 0.6051500503503064   } 
   weight { 1   } 
   weightvar { 0   } 
   kinetic_energy { 24.43034400119219   } 
   kinetic_energyvar { 54.72382373451522   } 
   potential_energy { -102.8145129047886   } 
   potential_energyvar { 120.3306870021072   } 
   nonlocal_energy { 10.70381672572167   } 
   nonlocal_energyvar { 114.0881283495506   } 
   autocorr_energy { } 
} 

block { 
   label vmc
   totweight 153600
   nautocorr 0
   total_energy { -67.68544630730342   } 
   total_energyvar { 0.5998952967112112   } 
   weight { 1   } 
   weightvar { 0   } 
   kinetic_energy { 24.45569076454436   } 
   kinetic_energyvar { 54.63803450881905   } 
   potential_energy { -102.831774098532   } 
   potential_energyvar { 120.1390975967447   } 
   nonlocal_energy { 10.69063702668416   } 
   nonlocal_energyvar { 113.9222961687488   } 
   autocorr_energy { } 
} 

block { 
   label vmc
   totweight 153600
   nautocorr 0
   total_energy { -67.68129401371884   } 
   total_energyvar { 0.6099114222105597   } 
   weight { 1   } 
   weightvar { 0   } 
   kinetic_energy { 24.46057224260404   } 
   kinetic_energyvar { 55.41443181012094   } 
   potential_energy { -102.7953330759435   } 
   potential_energyvar { 120.3037314745521   } 
   nonlocal_energy { 10.65346681962059   } 
   nonlocal_energyvar { 114.7788629774335   } 
   autocorr_energy { } 
} 

block { 
   label vmc
   totweight 153600
   nautocorr 0
   total_energy { -67.68375917523859   } 
   total_energyvar { 0.5772006111352702   } 
   weight { 1   } 
   weightvar { 0   } 
   kinetic_energy { 24.43898599884926   } 
   kinetic_energyvar { 54.6669677179348   } 
   potential_energy { -102.7948352416995   } 
   potential_energyvar { 119.6482989029174   } 
   nonlocal_energy { 10.67209006761166   } 
   nonlocal_energyvar { 112.9733139978899   } 
   autocorr_energy { } 
} 

block { 
   label vmc
   totweight 153600
   nautocorr 0
   total_energy { -67.68412083063986   } 
   total_energyvar { 0.5902867129313492   } 
   weight { 1   } 
   weightvar { 0   } 
   kinetic_energy { 24.46921215082695   } 
   kinetic_energyvar { 54.19106805867733   } 
   potential_energy { -102.8355273594098   } 
   potential_energyvar { 120.6766486661656   } 
   nonlocal_energy { 10.68219437794298   } 
   nonlocal_energyvar { 112.599998643878   } 
   autocorr_energy { } 
} 

block { 
   label vmc
   totweight 153600
   nautocorr 0
   total_energy { -67.68076589202033   } 
   total_energyvar { 0.6227351243757461   } 
   weight { 1   } 
   weightvar { 0   } 
   kinetic_energy { 24.44303855244769   } 
   kinetic_energyvar { 54.73817757987939   } 
   potential_energy { -102.7956625242687   } 
   potential_energyvar { 120.8305738631925   } 
   nonlocal_energy { 10.67185807980064   } 
   nonlocal_energyvar { 114.3694974202102   } 
   autocorr_energy { } 
} 

