#-------------------------------------------------
#VMC run: timestep 0.47 nconfig 5120 steps 30
#-------------------------------------------------


init { 
   label vmc
}
block { 
   label vmc
   totweight 153600
   nautocorr 0
   total_energy { -67.64985601043179   } 
   total_energyvar { 0.7245866154644214   } 
   weight { 1   } 
   weightvar { 0   } 
   kinetic_energy { 24.58607098359119   } 
   kinetic_energyvar { 55.65182946051753   } 
   potential_energy { -102.9751182626237   } 
   potential_energyvar { 125.4465913539919   } 
   nonlocal_energy { 10.73919126860073   } 
   nonlocal_energyvar { 115.1934467609698   } 
   autocorr_energy { } 
} 

block { 
   label vmc
   totweight 153600
   nautocorr 0
   total_energy { -67.64556843779314   } 
   total_energyvar { 0.6551295728874386   } 
   weight { 1   } 
   weightvar { 0   } 
   kinetic_energy { 24.57297870202682   } 
   kinetic_energyvar { 55.19999996776091   } 
   potential_energy { -102.9675153875063   } 
   potential_energyvar { 125.9489790799567   } 
   nonlocal_energy { 10.74896824768638   } 
   nonlocal_energyvar { 112.5469677847686   } 
   autocorr_energy { } 
} 

block { 
   label vmc
   totweight 153600
   nautocorr 0
   total_energy { -67.64677816996834   } 
   total_energyvar { 0.7048659449151766   } 
   weight { 1   } 
   weightvar { 0   } 
   kinetic_energy { 24.5477199464956   } 
   kinetic_energyvar { 55.01613553243138   } 
   potential_energy { -102.9975049984649   } 
   potential_energyvar { 125.7458695029672   } 
   nonlocal_energy { 10.80300688200097   } 
   nonlocal_energyvar { 113.7909416817645   } 
   autocorr_energy { } 
} 

block { 
   label vmc
   totweight 153600
   nautocorr 0
   total_energy { -67.64717602736292   } 
   total_energyvar { 0.6999800549707063   } 
   weight { 1   } 
   weightvar { 0   } 
   kinetic_energy { 24.56083952481712   } 
   kinetic_energyvar { 55.81103899533402   } 
   potential_energy { -102.9972153112608   } 
   potential_energyvar { 125.9793270105284   } 
   nonlocal_energy { 10.78919975908077   } 
   nonlocal_energyvar { 115.5390690193088   } 
   autocorr_energy { } 
} 

block { 
   label vmc
   totweight 153600
   nautocorr 0
   total_energy { -67.64253713697683   } 
   total_energyvar { 0.6935630367017663   } 
   weight { 1   } 
   weightvar { 0   } 
   kinetic_energy { 24.54520551551932   } 
   kinetic_energyvar { 55.06857607952539   } 
   potential_energy { -102.9576267867784   } 
   potential_energyvar { 126.3212285536412   } 
   nonlocal_energy { 10.76988413428223   } 
   nonlocal_energyvar { 114.147661723232   } 
   autocorr_energy { } 
} 

block { 
   label vmc
   totweight 153600
   nautocorr 0
   total_energy { -67.64091420084416   } 
   total_energyvar { 0.7110705992122167   } 
   weight { 1   } 
   weightvar { 0   } 
   kinetic_energy { 24.59058066508788   } 
   kinetic_energyvar { 55.59337268682962   } 
   potential_energy { -103.0455791907458   } 
   potential_energyvar { 126.5223001532929   } 
   nonlocal_energy { 10.81408432481372   } 
   nonlocal_energyvar { 113.8938312459862   } 
   autocorr_energy { } 
} 

block { 
   label vmc
   totweight 153600
   nautocorr 0
   total_energy { -67.64959549214701   } 
   total_energyvar { 0.6761508156036536   } 
   weight { 1   } 
   weightvar { 0   } 
   kinetic_energy { 24.54408253849601   } 
   kinetic_energyvar { 58.46508665273965   } 
   potential_energy { -102.9584602207777   } 
   potential_energyvar { 126.4573924192559   } 
   nonlocal_energy { 10.76478219013471   } 
   nonlocal_energyvar { 117.8398002237559   } 
   autocorr_energy { } 
} 

block { 
   label vmc
   totweight 153600
   nautocorr 0
   total_energy { -67.64479689732342   } 
   total_energyvar { 0.6771165708182043   } 
   weight { 1   } 
   weightvar { 0   } 
   kinetic_energy { 24.5690625983982   } 
   kinetic_energyvar { 55.27687275853933   } 
   potential_energy { -102.9929535404882   } 
   potential_energyvar { 127.0339191533275   } 
   nonlocal_energy { 10.77909404476662   } 
   nonlocal_energyvar { 114.7774370905584   } 
   autocorr_energy { } 
} 

block { 
   label vmc
   totweight 153600
   nautocorr 0
   total_energy { -67.645621451027   } 
   total_energyvar { 0.6837080504079771   } 
   weight { 1   } 
   weightvar { 0   } 
   kinetic_energy { 24.54437283216197   } 
   kinetic_energyvar { 56.4611411036478   } 
   potential_energy { -102.9477862881335   } 
   potential_energyvar { 125.1091985909771   } 
   nonlocal_energy { 10.75779200494449   } 
   nonlocal_energyvar { 113.4775488204465   } 
   autocorr_energy { } 
} 

block { 
   label vmc
   totweight 153600
   nautocorr 0
   total_energy { -67.64592533902704   } 
   total_energyvar { 0.7223547468083982   } 
   weight { 1   } 
   weightvar { 0   } 
   kinetic_energy { 24.57209689610978   } 
   kinetic_energyvar { 55.11550528330285   } 
   potential_energy { -102.9705835133888   } 
   potential_energyvar { 125.3213531238205   } 
   nonlocal_energy { 10.75256127825196   } 
   nonlocal_energyvar { 112.5251436948867   } 
   autocorr_energy { } 
} 

block { 
   label vmc
   totweight 153600
   nautocorr 0
   total_energy { -67.64347608985616   } 
   total_energyvar { 0.6608278606712698   } 
   weight { 1   } 
   weightvar { 0   } 
   kinetic_energy { 24.60369925905939   } 
   kinetic_energyvar { 54.87420842638493   } 
   potential_energy { -102.9906306985495   } 
   potential_energyvar { 124.978059120058   } 
   nonlocal_energy { 10.74345534963392   } 
   nonlocal_energyvar { 112.2872734409086   } 
   autocorr_energy { } 
} 

block { 
   label vmc
   totweight 153600
   nautocorr 0
   total_energy { -67.64223802632667   } 
   total_energyvar { 0.6794978660160309   } 
   weight { 1   } 
   weightvar { 0   } 
   kinetic_energy { 24.5813746756248   } 
   kinetic_energyvar { 54.52374491656289   } 
   potential_energy { -102.9536692522927   } 
   potential_energyvar { 125.2752224043207   } 
   nonlocal_energy { 10.73005655034118   } 
   nonlocal_energyvar { 111.9951407875758   } 
   autocorr_energy { } 
} 

block { 
   label vmc
   totweight 153600
   nautocorr 0
   total_energy { -67.64777301826497   } 
   total_energyvar { 0.721058675689348   } 
   weight { 1   } 
   weightvar { 0   } 
   kinetic_energy { 24.5521348630498   } 
   kinetic_energyvar { 55.7069353123803   } 
   potential_energy { -103.028417103412   } 
   potential_energyvar { 127.3229516325578   } 
   nonlocal_energy { 10.82850922209721   } 
   nonlocal_energyvar { 115.6649015240331   } 
   autocorr_energy { } 
} 

block { 
   label vmc
   totweight 153600
   nautocorr 0
   total_energy { -67.64487238785378   } 
   total_energyvar { 0.6974665761403877   } 
   weight { 1   } 
   weightvar { 0   } 
   kinetic_energy { 24.53888785646718   } 
   kinetic_energyvar { 55.39140382661632   } 
   potential_energy { -102.9191151746291   } 
   potential_energyvar { 126.3979633000791   } 
   nonlocal_energy { 10.73535493030819   } 
   nonlocal_energyvar { 112.8954480214489   } 
   autocorr_energy { } 
} 

block { 
   label vmc
   totweight 153600
   nautocorr 0
   total_energy { -67.64466803446982   } 
   total_energyvar { 0.6829237219205418   } 
   weight { 1   } 
   weightvar { 0   } 
   kinetic_energy { 24.55436670981184   } 
   kinetic_energyvar { 55.84462254029546   } 
   potential_energy { -103.0142522562914   } 
   potential_energyvar { 126.3102313378562   } 
   nonlocal_energy { 10.81521751200978   } 
   nonlocal_energyvar { 114.3326267443522   } 
   autocorr_energy { } 
} 

block { 
   label vmc
   totweight 153600
   nautocorr 0
   total_energy { -67.64995654172294   } 
   total_energyvar { 0.6648703473780101   } 
   weight { 1   } 
   weightvar { 0   } 
   kinetic_energy { 24.56346804322005   } 
   kinetic_energyvar { 54.7813896542699   } 
   potential_energy { -102.9297181426477   } 
   potential_energyvar { 126.28407212483   } 
   nonlocal_energy { 10.71629355770471   } 
   nonlocal_energyvar { 111.0073065492453   } 
   autocorr_energy { } 
} 

block { 
   label vmc
   totweight 153600
   nautocorr 0
   total_energy { -67.64676792910792   } 
   total_energyvar { 0.6675342590297574   } 
   weight { 1   } 
   weightvar { 0   } 
   kinetic_energy { 24.55349012158146   } 
   kinetic_energyvar { 54.68537775595932   } 
   potential_energy { -102.9634409154146   } 
   potential_energyvar { 125.7624036743726   } 
   nonlocal_energy { 10.76318286472525   } 
   nonlocal_energyvar { 113.1553332061507   } 
   autocorr_energy { } 
} 

block { 
   label vmc
   totweight 153600
   nautocorr 0
   total_energy { -67.64780691903788   } 
   total_energyvar { 0.6959312520190036   } 
   weight { 1   } 
   weightvar { 0   } 
   kinetic_energy { 24.57820777903003   } 
   kinetic_energyvar { 54.8924994120519   } 
   potential_energy { -102.954000632432   } 
   potential_energyvar { 125.1159307690611   } 
   nonlocal_energy { 10.72798593436412   } 
   nonlocal_energyvar { 112.1229312151654   } 
   autocorr_energy { } 
} 

block { 
   label vmc
   totweight 153600
   nautocorr 0
   total_energy { -67.6428977293382   } 
   total_energyvar { 0.6785155901544547   } 
   weight { 1   } 
   weightvar { 0   } 
   kinetic_energy { 24.5566361284589   } 
   kinetic_energyvar { 55.22495073155685   } 
   potential_energy { -102.9402783017192   } 
   potential_energyvar { 126.1142593093219   } 
   nonlocal_energy { 10.74074444392215   } 
   nonlocal_energyvar { 112.911888234784   } 
   autocorr_energy { } 
} 

block { 
   label vmc
   totweight 153600
   nautocorr 0
   total_energy { -67.64861799475131   } 
   total_energyvar { 0.677026207366845   } 
   weight { 1   } 
   weightvar { 0   } 
   kinetic_energy { 24.53618565658039   } 
   kinetic_energyvar { 55.44741799896148   } 
   potential_energy { -102.9689461851214   } 
   potential_energyvar { 125.5381536236215   } 
   nonlocal_energy { 10.78414253378971   } 
   nonlocal_energyvar { 114.953487015755   } 
   autocorr_energy { } 
} 

