#-------------------------------------------------
#VMC run: timestep 0.32 nconfig 3072 steps 30
#-------------------------------------------------


init { 
   label vmc
}
block { 
   label vmc
   totweight 92160
   nautocorr 0
   total_energy { -134.8175663739657   } 
   total_energyvar { 2.116331400614565   } 
   weight { 1   } 
   weightvar { 0   } 
   kinetic_energy { 45.77079360583359   } 
   kinetic_energyvar { 137.842462117414   } 
   potential_energy { -198.2355025745366   } 
   potential_energyvar { 264.8022420723785   } 
   nonlocal_energy { 17.64714259473734   } 
   nonlocal_energyvar { 272.4595908812192   } 
   autocorr_energy { } 
} 

block { 
   label vmc
   totweight 92160
   nautocorr 0
   total_energy { -134.7938932613414   } 
   total_energyvar { 2.138712088616824   } 
   weight { 1   } 
   weightvar { 0   } 
   kinetic_energy { 45.82607447046151   } 
   kinetic_energyvar { 137.108299764672   } 
   potential_energy { -198.3582321348942   } 
   potential_energyvar { 265.4183160516549   } 
   nonlocal_energy { 17.73826440309129   } 
   nonlocal_energyvar { 272.8155970876378   } 
   autocorr_energy { } 
} 

block { 
   label vmc
   totweight 92160
   nautocorr 0
   total_energy { -134.8074483233702   } 
   total_energyvar { 2.054765539707059   } 
   weight { 1   } 
   weightvar { 0   } 
   kinetic_energy { 45.76622615506597   } 
   kinetic_energyvar { 136.4272151315337   } 
   potential_energy { -198.2986838921252   } 
   potential_energyvar { 264.9498894651101   } 
   nonlocal_energy { 17.72500941368903   } 
   nonlocal_energyvar { 274.7226387946914   } 
   autocorr_energy { } 
} 

block { 
   label vmc
   totweight 92160
   nautocorr 0
   total_energy { -134.8020572359042   } 
   total_energyvar { 2.099029491762068   } 
   weight { 1   } 
   weightvar { 0   } 
   kinetic_energy { 45.75546963505264   } 
   kinetic_energyvar { 134.2610565501741   } 
   potential_energy { -198.3925793233403   } 
   potential_energyvar { 266.1730439214374   } 
   nonlocal_energy { 17.83505245238341   } 
   nonlocal_energyvar { 269.8107242450677   } 
   autocorr_energy { } 
} 

block { 
   label vmc
   totweight 92160
   nautocorr 0
   total_energy { -134.7972624148178   } 
   total_energyvar { 2.030688910742916   } 
   weight { 1   } 
   weightvar { 0   } 
   kinetic_energy { 45.70680146171117   } 
   kinetic_energyvar { 137.4784205557931   } 
   potential_energy { -198.2912097456377   } 
   potential_energyvar { 269.3339145883659   } 
   nonlocal_energy { 17.78714586910871   } 
   nonlocal_energyvar { 274.2672695173033   } 
   autocorr_energy { } 
} 

block { 
   label vmc
   totweight 92160
   nautocorr 0
   total_energy { -134.8018679622598   } 
   total_energyvar { 2.081946193807771   } 
   weight { 1   } 
   weightvar { 0   } 
   kinetic_energy { 45.72538040892186   } 
   kinetic_energyvar { 138.3680979755587   } 
   potential_energy { -198.3312136731356   } 
   potential_energyvar { 265.191281335554   } 
   nonlocal_energy { 17.8039653019539   } 
   nonlocal_energyvar { 276.5046120446875   } 
   autocorr_energy { } 
} 

block { 
   label vmc
   totweight 92160
   nautocorr 0
   total_energy { -134.8081759317417   } 
   total_energyvar { 1.985012591441021   } 
   weight { 1   } 
   weightvar { 0   } 
   kinetic_energy { 45.75468376411759   } 
   kinetic_energyvar { 136.4797972155447   } 
   potential_energy { -198.2456808827272   } 
   potential_energyvar { 264.6735914698301   } 
   nonlocal_energy { 17.68282118686795   } 
   nonlocal_energyvar { 272.9306331826973   } 
   autocorr_energy { } 
} 

block { 
   label vmc
   totweight 92160
   nautocorr 0
   total_energy { -134.7984468226497   } 
   total_energyvar { 2.041159281396517   } 
   weight { 1   } 
   weightvar { 0   } 
   kinetic_energy { 45.77427072431256   } 
   kinetic_energyvar { 137.5506628327981   } 
   potential_energy { -198.4058342825396   } 
   potential_energyvar { 266.4318896243743   } 
   nonlocal_energy { 17.8331167355773   } 
   nonlocal_energyvar { 275.9569753469293   } 
   autocorr_energy { } 
} 

block { 
   label vmc
   totweight 92160
   nautocorr 0
   total_energy { -134.7978027722685   } 
   total_energyvar { 1.976462687984561   } 
   weight { 1   } 
   weightvar { 0   } 
   kinetic_energy { 45.72899694521402   } 
   kinetic_energyvar { 137.9594781604232   } 
   potential_energy { -198.3135966885237   } 
   potential_energyvar { 264.3058313923204   } 
   nonlocal_energy { 17.78679697104126   } 
   nonlocal_energyvar { 273.5947154438472   } 
   autocorr_energy { } 
} 

block { 
   label vmc
   totweight 92160
   nautocorr 0
   total_energy { -134.8010821722372   } 
   total_energyvar { 2.184623307266015   } 
   weight { 1   } 
   weightvar { 0   } 
   kinetic_energy { 45.8394075442442   } 
   kinetic_energyvar { 135.3510558376116   } 
   potential_energy { -198.2401493451029   } 
   potential_energyvar { 264.8174152646275   } 
   nonlocal_energy { 17.59965962862142   } 
   nonlocal_energyvar { 267.2128628541444   } 
   autocorr_energy { } 
} 

block { 
   label vmc
   totweight 92160
   nautocorr 0
   total_energy { -134.8012949410986   } 
   total_energyvar { 2.000471854606721   } 
   weight { 1   } 
   weightvar { 0   } 
   kinetic_energy { 45.87182538699965   } 
   kinetic_energyvar { 135.9775479440571   } 
   potential_energy { -198.353119457119   } 
   potential_energyvar { 265.7826662717323   } 
   nonlocal_energy { 17.6799991290208   } 
   nonlocal_energyvar { 266.7341417895274   } 
   autocorr_energy { } 
} 

block { 
   label vmc
   totweight 92160
   nautocorr 0
   total_energy { -134.801331889181   } 
   total_energyvar { 1.98045726922165   } 
   weight { 1   } 
   weightvar { 0   } 
   kinetic_energy { 45.75589933790408   } 
   kinetic_energyvar { 135.8114564657882   } 
   potential_energy { -198.2864180936888   } 
   potential_energyvar { 265.4951980753999   } 
   nonlocal_energy { 17.72918686660374   } 
   nonlocal_energyvar { 269.5046964694455   } 
   autocorr_energy { } 
} 

block { 
   label vmc
   totweight 92160
   nautocorr 0
   total_energy { -134.7860869243275   } 
   total_energyvar { 2.005674048134379   } 
   weight { 1   } 
   weightvar { 0   } 
   kinetic_energy { 45.78087699751458   } 
   kinetic_energyvar { 133.6515489231506   } 
   potential_energy { -198.1038229788392   } 
   potential_energyvar { 263.9985565826991   } 
   nonlocal_energy { 17.53685905699716   } 
   nonlocal_energyvar { 265.0937915310267   } 
   autocorr_energy { } 
} 

block { 
   label vmc
   totweight 92160
   nautocorr 0
   total_energy { -134.8013955860139   } 
   total_energyvar { 1.995145672059647   } 
   weight { 1   } 
   weightvar { 0   } 
   kinetic_energy { 45.76588284335256   } 
   kinetic_energyvar { 141.133129154745   } 
   potential_energy { -198.35011098909   } 
   potential_energyvar { 267.8890606808642   } 
   nonlocal_energy { 17.78283255972357   } 
   nonlocal_energyvar { 280.616264506382   } 
   autocorr_energy { } 
} 

block { 
   label vmc
   totweight 92160
   nautocorr 0
   total_energy { -134.7959906476969   } 
   total_energyvar { 2.039282785434782   } 
   weight { 1   } 
   weightvar { 0   } 
   kinetic_energy { 45.79888674447029   } 
   kinetic_energyvar { 135.0151987407649   } 
   potential_energy { -198.2894479898665   } 
   potential_energyvar { 266.2756354696711   } 
   nonlocal_energy { 17.69457059769939   } 
   nonlocal_energyvar { 270.2574147574709   } 
   autocorr_energy { } 
} 

block { 
   label vmc
   totweight 92160
   nautocorr 0
   total_energy { -134.796362305933   } 
   total_energyvar { 2.011033760314779   } 
   weight { 1   } 
   weightvar { 0   } 
   kinetic_energy { 45.70615402260091   } 
   kinetic_energyvar { 138.5496217059581   } 
   potential_energy { -198.3327771693482   } 
   potential_energyvar { 264.8392276829786   } 
   nonlocal_energy { 17.83026084081435   } 
   nonlocal_energyvar { 278.5913822690682   } 
   autocorr_energy { } 
} 

block { 
   label vmc
   totweight 92160
   nautocorr 0
   total_energy { -134.7992931962004   } 
   total_energyvar { 2.003300853704213   } 
   weight { 1   } 
   weightvar { 0   } 
   kinetic_energy { 45.84363683268212   } 
   kinetic_energyvar { 136.777754369064   } 
   potential_energy { -198.3409080204564   } 
   potential_energyvar { 268.0797249651368   } 
   nonlocal_energy { 17.69797799157383   } 
   nonlocal_energyvar { 274.3865827175839   } 
   autocorr_energy { } 
} 

block { 
   label vmc
   totweight 92160
   nautocorr 0
   total_energy { -134.8056793080857   } 
   total_energyvar { 1.991550234407506   } 
   weight { 1   } 
   weightvar { 0   } 
   kinetic_energy { 45.75117806234007   } 
   kinetic_energyvar { 137.6077998042352   } 
   potential_energy { -198.2059984656711   } 
   potential_energyvar { 265.2347277200629   } 
   nonlocal_energy { 17.64914109524522   } 
   nonlocal_energyvar { 269.8671576156264   } 
   autocorr_energy { } 
} 

block { 
   label vmc
   totweight 92160
   nautocorr 0
   total_energy { -134.8062094431304   } 
   total_energyvar { 1.993988337832669   } 
   weight { 1   } 
   weightvar { 0   } 
   kinetic_energy { 45.73255808227047   } 
   kinetic_energyvar { 138.0636557516112   } 
   potential_energy { -198.336073077325   } 
   potential_energyvar { 265.5408955038942   } 
   nonlocal_energy { 17.79730555192412   } 
   nonlocal_energyvar { 273.0272113131338   } 
   autocorr_energy { } 
} 

block { 
   label vmc
   totweight 92160
   nautocorr 0
   total_energy { -134.8004389273538   } 
   total_energyvar { 1.981424014618241   } 
   weight { 1   } 
   weightvar { 0   } 
   kinetic_energy { 45.71078850644088   } 
   kinetic_energyvar { 135.7783578763273   } 
   potential_energy { -198.2837892980754   } 
   potential_energyvar { 267.2577965017051   } 
   nonlocal_energy { 17.77256186428069   } 
   nonlocal_energyvar { 272.2228591362895   } 
   autocorr_energy { } 
} 

block { 
   label vmc
   totweight 92160
   nautocorr 0
   total_energy { -134.801350633156   } 
   total_energyvar { 2.126750192345998   } 
   weight { 1   } 
   weightvar { 0   } 
   kinetic_energy { 45.7474614364825   } 
   kinetic_energyvar { 137.4196055772566   } 
   potential_energy { -198.3432043952027   } 
   potential_energyvar { 266.4712610785133   } 
   nonlocal_energy { 17.79439232556424   } 
   nonlocal_energyvar { 272.6324922273268   } 
   autocorr_energy { } 
} 

block { 
   label vmc
   totweight 92160
   nautocorr 0
   total_energy { -134.8012802636951   } 
   total_energyvar { 2.071008800165079   } 
   weight { 1   } 
   weightvar { 0   } 
   kinetic_energy { 45.74451779962833   } 
   kinetic_energyvar { 141.5868628371247   } 
   potential_energy { -198.4380386606896   } 
   potential_energyvar { 265.9281468666642   } 
   nonlocal_energy { 17.89224059736618   } 
   nonlocal_energyvar { 281.457864319852   } 
   autocorr_energy { } 
} 

block { 
   label vmc
   totweight 92160
   nautocorr 0
   total_energy { -134.7989263774676   } 
   total_energyvar { 2.019991826263566   } 
   weight { 1   } 
   weightvar { 0   } 
   kinetic_energy { 45.82838341430739   } 
   kinetic_energyvar { 135.7268407946434   } 
   potential_energy { -198.2332374876086   } 
   potential_energyvar { 265.6859579663105   } 
   nonlocal_energy { 17.60592769583361   } 
   nonlocal_energyvar { 269.6580273675309   } 
   autocorr_energy { } 
} 

block { 
   label vmc
   totweight 92160
   nautocorr 0
   total_energy { -134.8030844322908   } 
   total_energyvar { 1.953311549132482   } 
   weight { 1   } 
   weightvar { 0   } 
   kinetic_energy { 45.67581153091759   } 
   kinetic_energyvar { 135.7233261289918   } 
   potential_energy { -198.2190771746585   } 
   potential_energyvar { 264.3039795450662   } 
   nonlocal_energy { 17.74018121144999   } 
   nonlocal_energyvar { 266.7830660375913   } 
   autocorr_energy { } 
} 

block { 
   label vmc
   totweight 92160
   nautocorr 0
   total_energy { -134.8018956556477   } 
   total_energyvar { 2.03255831074536   } 
   weight { 1   } 
   weightvar { 0   } 
   kinetic_energy { 45.75722469126726   } 
   kinetic_energyvar { 135.7902104597851   } 
   potential_energy { -198.3568835358325   } 
   potential_energyvar { 266.6573137585223   } 
   nonlocal_energy { 17.79776318891752   } 
   nonlocal_energyvar { 271.062277143596   } 
   autocorr_energy { } 
} 

block { 
   label vmc
   totweight 92160
   nautocorr 0
   total_energy { -134.798209582988   } 
   total_energyvar { 2.051301391482209   } 
   weight { 1   } 
   weightvar { 0   } 
   kinetic_energy { 45.82497956402808   } 
   kinetic_energyvar { 136.250964492909   } 
   potential_energy { -198.2630356807227   } 
   potential_energyvar { 263.3579822286471   } 
   nonlocal_energy { 17.63984653370668   } 
   nonlocal_energyvar { 266.3407542840741   } 
   autocorr_energy { } 
} 

block { 
   label vmc
   totweight 92160
   nautocorr 0
   total_energy { -134.7901535714693   } 
   total_energyvar { 2.083639759084043   } 
   weight { 1   } 
   weightvar { 0   } 
   kinetic_energy { 45.7770159658014   } 
   kinetic_energyvar { 137.2340584484172   } 
   potential_energy { -198.2830789712211   } 
   potential_energyvar { 265.8358307260347   } 
   nonlocal_energy { 17.7159094339503   } 
   nonlocal_energyvar { 274.5832559323829   } 
   autocorr_energy { } 
} 

block { 
   label vmc
   totweight 92160
   nautocorr 0
   total_energy { -134.8005001201041   } 
   total_energyvar { 2.018240301494199   } 
   weight { 1   } 
   weightvar { 0   } 
   kinetic_energy { 45.72568403999199   } 
   kinetic_energyvar { 138.220484255767   } 
   potential_energy { -198.2496078895176   } 
   potential_energyvar { 268.8814895775178   } 
   nonlocal_energy { 17.7234237294215   } 
   nonlocal_energyvar { 273.5712952283824   } 
   autocorr_energy { } 
} 

block { 
   label vmc
   totweight 92160
   nautocorr 0
   total_energy { -134.8022196933443   } 
   total_energyvar { 2.018432931025492   } 
   weight { 1   } 
   weightvar { 0   } 
   kinetic_energy { 45.84283649553169   } 
   kinetic_energyvar { 134.7904483249519   } 
   potential_energy { -198.4736286917556   } 
   potential_energyvar { 265.9965484669372   } 
   nonlocal_energy { 17.82857250287955   } 
   nonlocal_energyvar { 272.0148437229179   } 
   autocorr_energy { } 
} 

block { 
   label vmc
   totweight 92160
   nautocorr 0
   total_energy { -134.7997366892269   } 
   total_energyvar { 2.011443916542185   } 
   weight { 1   } 
   weightvar { 0   } 
   kinetic_energy { 45.88499131347863   } 
   kinetic_energyvar { 133.2791169484367   } 
   potential_energy { -198.3378841533614   } 
   potential_energyvar { 263.3944062236429   } 
   nonlocal_energy { 17.65315615065586   } 
   nonlocal_energyvar { 264.1742954693999   } 
   autocorr_energy { } 
} 

block { 
   label vmc
   totweight 92160
   nautocorr 0
   total_energy { -134.8071495325571   } 
   total_energyvar { 2.132939190574708   } 
   weight { 1   } 
   weightvar { 0   } 
   kinetic_energy { 45.84099285253206   } 
   kinetic_energyvar { 138.0709636981426   } 
   potential_energy { -198.3497637218828   } 
   potential_energyvar { 265.9068957564259   } 
   nonlocal_energy { 17.70162133679358   } 
   nonlocal_energyvar { 270.1542518701661   } 
   autocorr_energy { } 
} 

block { 
   label vmc
   totweight 92160
   nautocorr 0
   total_energy { -134.8029947663556   } 
   total_energyvar { 1.997743618103041   } 
   weight { 1   } 
   weightvar { 0   } 
   kinetic_energy { 45.8496577694133   } 
   kinetic_energyvar { 132.8165225644102   } 
   potential_energy { -198.2403623482867   } 
   potential_energyvar { 262.1931043396784   } 
   nonlocal_energy { 17.58770981251786   } 
   nonlocal_energyvar { 261.3144187547552   } 
   autocorr_energy { } 
} 

block { 
   label vmc
   totweight 92160
   nautocorr 0
   total_energy { -134.8055842317256   } 
   total_energyvar { 2.069681233556597   } 
   weight { 1   } 
   weightvar { 0   } 
   kinetic_energy { 45.82907226305643   } 
   kinetic_energyvar { 136.6763997988224   } 
   potential_energy { -198.3593546871372   } 
   potential_energyvar { 264.954972132026   } 
   nonlocal_energy { 17.72469819235508   } 
   nonlocal_energyvar { 271.468908181148   } 
   autocorr_energy { } 
} 

block { 
   label vmc
   totweight 92160
   nautocorr 0
   total_energy { -134.8056114355809   } 
   total_energyvar { 1.990484229249659   } 
   weight { 1   } 
   weightvar { 0   } 
   kinetic_energy { 45.84995913076873   } 
   kinetic_energyvar { 134.7412806420516   } 
   potential_energy { -198.3965032379306   } 
   potential_energyvar { 266.7660439453046   } 
   nonlocal_energy { 17.7409326715809   } 
   nonlocal_energyvar { 269.7540184928528   } 
   autocorr_energy { } 
} 

block { 
   label vmc
   totweight 92160
   nautocorr 0
   total_energy { -134.8022428264575   } 
   total_energyvar { 2.174943515762983   } 
   weight { 1   } 
   weightvar { 0   } 
   kinetic_energy { 45.78362200811701   } 
   kinetic_energyvar { 139.7241445882163   } 
   potential_energy { -198.3548729530672   } 
   potential_energyvar { 266.9165714029847   } 
   nonlocal_energy { 17.76900811849274   } 
   nonlocal_energyvar { 273.2351102205803   } 
   autocorr_energy { } 
} 

block { 
   label vmc
   totweight 92160
   nautocorr 0
   total_energy { -134.7980049858968   } 
   total_energyvar { 2.031705103976812   } 
   weight { 1   } 
   weightvar { 0   } 
   kinetic_energy { 45.79248272963547   } 
   kinetic_energyvar { 136.7071678667056   } 
   potential_energy { -198.2617340891414   } 
   potential_energyvar { 266.2281396246071   } 
   nonlocal_energy { 17.67124637360913   } 
   nonlocal_energyvar { 274.0378948980582   } 
   autocorr_energy { } 
} 

block { 
   label vmc
   totweight 92160
   nautocorr 0
   total_energy { -134.811621362369   } 
   total_energyvar { 2.009496748852828   } 
   weight { 1   } 
   weightvar { 0   } 
   kinetic_energy { 45.6849185041988   } 
   kinetic_energyvar { 136.8743303835472   } 
   potential_energy { -198.1564498513686   } 
   potential_energyvar { 263.055590498562   } 
   nonlocal_energy { 17.65990998480082   } 
   nonlocal_energyvar { 269.2521521905495   } 
   autocorr_energy { } 
} 

block { 
   label vmc
   totweight 92160
   nautocorr 0
   total_energy { -134.8053751876252   } 
   total_energyvar { 2.036454038520466   } 
   weight { 1   } 
   weightvar { 0   } 
   kinetic_energy { 45.6841034163638   } 
   kinetic_energyvar { 135.6187524289188   } 
   potential_energy { -198.3076741828703   } 
   potential_energyvar { 267.5396578414903   } 
   nonlocal_energy { 17.81819557888124   } 
   nonlocal_energyvar { 274.2220553193916   } 
   autocorr_energy { } 
} 

block { 
   label vmc
   totweight 92160
   nautocorr 0
   total_energy { -134.7994762439163   } 
   total_energyvar { 2.051321153969213   } 
   weight { 1   } 
   weightvar { 0   } 
   kinetic_energy { 45.67961697503662   } 
   kinetic_energyvar { 138.6394144382882   } 
   potential_energy { -198.1822430827386   } 
   potential_energyvar { 266.5166632513514   } 
   nonlocal_energy { 17.70314986378574   } 
   nonlocal_energyvar { 270.3834711867124   } 
   autocorr_energy { } 
} 

block { 
   label vmc
   totweight 92160
   nautocorr 0
   total_energy { -134.7956760431476   } 
   total_energyvar { 3.40426608969205   } 
   weight { 1   } 
   weightvar { 0   } 
   kinetic_energy { 45.75467820830967   } 
   kinetic_energyvar { 138.9340649954152   } 
   potential_energy { -198.3386480454357   } 
   potential_energyvar { 266.2932801719794   } 
   nonlocal_energy { 17.78829379397847   } 
   nonlocal_energyvar { 277.154324454277   } 
   autocorr_energy { } 
} 

