#-------------------------------------------------
#DMC run: timestep 0.005
#-------------------------------------------------


init { 
   label spin_0.005
}
block { 
   label spin_0.005
   totweight 1740800
   nautocorr 0
   total_energy { -134.6298136973674   } 
   total_energyvar { 3.422692573201855   } 
   weight { 1.045843568243151   } 
   weightvar { 0.05002696054464466   } 
   kinetic_energy { 46.6013856340716   } 
   kinetic_energyvar { 156.9918835228233   } 
   potential_energy { -194.9649901858128   } 
   potential_energyvar { 169.6459136369207   } 
   nonlocal_energy { 13.73379085437377   } 
   nonlocal_energyvar { 229.6030236498146   } 
   autocorr_energy { } 
} 

block { 
   label spin_0.005
   totweight 1740800
   nautocorr 0
   total_energy { -134.6259089895432   } 
   total_energyvar { 3.522970510824072   } 
   weight { 1.046572095242949   } 
   weightvar { 0.09361727397064247   } 
   kinetic_energy { 46.781011934822   } 
   kinetic_energyvar { 156.6347586416858   } 
   potential_energy { -195.1167171183716   } 
   potential_energyvar { 167.7950692418055   } 
   nonlocal_energy { 13.70979619400639   } 
   nonlocal_energyvar { 228.6474050709623   } 
   autocorr_energy { } 
} 

block { 
   label spin_0.005
   totweight 1740800
   nautocorr 0
   total_energy { -134.624434469859   } 
   total_energyvar { 3.441665735344025   } 
   weight { 1.017205451688215   } 
   weightvar { 0.1049369907551296   } 
   kinetic_energy { 46.88995781080532   } 
   kinetic_energyvar { 156.2661618400961   } 
   potential_energy { -195.216156460772   } 
   potential_energyvar { 167.5225741685622   } 
   nonlocal_energy { 13.70176418010756   } 
   nonlocal_energyvar { 228.9921186203698   } 
   autocorr_energy { } 
} 

block { 
   label spin_0.005
   totweight 1740800
   nautocorr 0
   total_energy { -134.6334543840723   } 
   total_energyvar { 3.429073628594454   } 
   weight { 1.006756287995574   } 
   weightvar { 0.1072872010221456   } 
   kinetic_energy { 46.92603925520525   } 
   kinetic_energyvar { 157.3444478490654   } 
   potential_energy { -195.344396027674   } 
   potential_energyvar { 167.5739323581037   } 
   nonlocal_energy { 13.78490238839643   } 
   nonlocal_energyvar { 231.6731708614446   } 
   autocorr_energy { } 
} 

block { 
   label spin_0.005
   totweight 1740800
   nautocorr 0
   total_energy { -134.6278330919616   } 
   total_energyvar { 3.454868281184209   } 
   weight { 1.003421170276744   } 
   weightvar { 0.1073922628429505   } 
   kinetic_energy { 46.96283951077954   } 
   kinetic_energyvar { 155.479507179566   } 
   potential_energy { -195.2556888101477   } 
   potential_energyvar { 167.6587007449064   } 
   nonlocal_energy { 13.66501620740656   } 
   nonlocal_energyvar { 228.5330010696889   } 
   autocorr_energy { } 
} 

block { 
   label spin_0.005
   totweight 1740800
   nautocorr 0
   total_energy { -134.6282977671632   } 
   total_energyvar { 3.42828018963087   } 
   weight { 1.000589438272699   } 
   weightvar { 0.1079442680672843   } 
   kinetic_energy { 46.899274672959   } 
   kinetic_energyvar { 158.0415530824723   } 
   potential_energy { -195.2972645936986   } 
   potential_energyvar { 169.4737756084244   } 
   nonlocal_energy { 13.76969215357638   } 
   nonlocal_energyvar { 230.8888269747799   } 
   autocorr_energy { } 
} 

block { 
   label spin_0.005
   totweight 1740800
   nautocorr 0
   total_energy { -134.6349838610003   } 
   total_energyvar { 3.464281658610848   } 
   weight { 1.002127727497821   } 
   weightvar { 0.1075730446268779   } 
   kinetic_energy { 47.04076725487641   } 
   kinetic_energyvar { 155.5706626055305   } 
   potential_energy { -195.3877780012963   } 
   potential_energyvar { 167.5545987709519   } 
   nonlocal_energy { 13.71202688541969   } 
   nonlocal_energyvar { 228.0456026270362   } 
   autocorr_energy { } 
} 

block { 
   label spin_0.005
   totweight 1740800
   nautocorr 0
   total_energy { -134.63549489854   } 
   total_energyvar { 3.707155860413086   } 
   weight { 1.004014674183219   } 
   weightvar { 0.1089757885022813   } 
   kinetic_energy { 47.05020091755075   } 
   kinetic_energyvar { 157.7805205447043   } 
   potential_energy { -195.3911232394413   } 
   potential_energyvar { 166.9176137622853   } 
   nonlocal_energy { 13.70542742335054   } 
   nonlocal_energyvar { 229.0016180117659   } 
   autocorr_energy { } 
} 

block { 
   label spin_0.005
   totweight 1740800
   nautocorr 0
   total_energy { -134.6372299745375   } 
   total_energyvar { 3.443380109265434   } 
   weight { 1.004870344941155   } 
   weightvar { 0.1070849978500552   } 
   kinetic_energy { 46.95736686071603   } 
   kinetic_energyvar { 155.3234545851263   } 
   potential_energy { -195.3147732743842   } 
   potential_energyvar { 166.2554588300471   } 
   nonlocal_energy { 13.72017643913067   } 
   nonlocal_energyvar { 227.3336760576634   } 
   autocorr_energy { } 
} 

block { 
   label spin_0.005
   totweight 1740800
   nautocorr 0
   total_energy { -134.6344714332575   } 
   total_energyvar { 3.565734242249376   } 
   weight { 1.004694177674201   } 
   weightvar { 0.1062164731478905   } 
   kinetic_energy { 46.91320898995764   } 
   kinetic_energyvar { 157.553760727437   } 
   potential_energy { -195.3109568270513   } 
   potential_energyvar { 167.5800169665916   } 
   nonlocal_energy { 13.76327640383622   } 
   nonlocal_energyvar { 229.8777160041268   } 
   autocorr_energy { } 
} 

block { 
   label spin_0.005
   totweight 1740800
   nautocorr 0
   total_energy { -134.6351787411913   } 
   total_energyvar { 3.45573841077856   } 
   weight { 1.003646363968403   } 
   weightvar { 0.1063361429890693   } 
   kinetic_energy { 46.96046644225127   } 
   kinetic_energyvar { 155.5411752805241   } 
   potential_energy { -195.2584000330042   } 
   potential_energyvar { 166.1619506134273   } 
   nonlocal_energy { 13.66275484956166   } 
   nonlocal_energyvar { 227.7841727477166   } 
   autocorr_energy { } 
} 

block { 
   label spin_0.005
   totweight 1740800
   nautocorr 0
   total_energy { -134.6444494866039   } 
   total_energyvar { 3.484274051720305   } 
   weight { 1.006240540144908   } 
   weightvar { 0.1062445934378402   } 
   kinetic_energy { 47.00694902700261   } 
   kinetic_energyvar { 157.0477393304621   } 
   potential_energy { -195.3898756076412   } 
   potential_energyvar { 167.3797506685541   } 
   nonlocal_energy { 13.73847709403459   } 
   nonlocal_energyvar { 229.8610594579072   } 
   autocorr_energy { } 
} 

block { 
   label spin_0.005
   totweight 1740800
   nautocorr 0
   total_energy { -134.6312925088367   } 
   total_energyvar { 3.579028998388525   } 
   weight { 1.002780378455383   } 
   weightvar { 0.1062512549631275   } 
   kinetic_energy { 47.05751226708097   } 
   kinetic_energyvar { 155.8316590560263   } 
   potential_energy { -195.4794337143863   } 
   potential_energyvar { 167.8865211757316   } 
   nonlocal_energy { 13.79062893846857   } 
   nonlocal_energyvar { 230.479049003712   } 
   autocorr_energy { } 
} 

block { 
   label spin_0.005
   totweight 1740800
   nautocorr 0
   total_energy { -134.6411209840783   } 
   total_energyvar { 3.443274933632806   } 
   weight { 1.004552922819733   } 
   weightvar { 0.107157686078869   } 
   kinetic_energy { 46.87086645124208   } 
   kinetic_energyvar { 155.7166992605592   } 
   potential_energy { -195.1078205005081   } 
   potential_energyvar { 165.5930012246657   } 
   nonlocal_energy { 13.59583306518772   } 
   nonlocal_energyvar { 227.406626306379   } 
   autocorr_energy { } 
} 

block { 
   label spin_0.005
   totweight 1740800
   nautocorr 0
   total_energy { -134.6411876261102   } 
   total_energyvar { 3.436156723936243   } 
   weight { 1.006739868283431   } 
   weightvar { 0.1036159270169536   } 
   kinetic_energy { 46.99782036143579   } 
   kinetic_energyvar { 157.0726511670384   } 
   potential_energy { -195.3871426469804   } 
   potential_energyvar { 168.0158406394686   } 
   nonlocal_energy { 13.74813465943433   } 
   nonlocal_energyvar { 228.4079988634361   } 
   autocorr_energy { } 
} 

block { 
   label spin_0.005
   totweight 1740800
   nautocorr 0
   total_energy { -134.6274176394473   } 
   total_energyvar { 3.425551765286084   } 
   weight { 1.00038607471615   } 
   weightvar { 0.1056575941985732   } 
   kinetic_energy { 46.91147502345065   } 
   kinetic_energyvar { 155.1115278909253   } 
   potential_energy { -195.2432702375055   } 
   potential_energyvar { 166.1182085826997   } 
   nonlocal_energy { 13.70437757460761   } 
   nonlocal_energyvar { 228.0230388095628   } 
   autocorr_energy { } 
} 

