#-------------------------------------------------
#DMC run: timestep 0.001
#-------------------------------------------------


init { 
   label spin_0.005
}
block { 
   label spin_0.005
   totweight 819200
   nautocorr 0
   total_energy { -67.59573131949246   } 
   total_energyvar { 0.6123840446721226   } 
   weight { 0.9839913694940006   } 
   weightvar { 0.002397251491434419   } 
   kinetic_energy { 23.37079614165062   } 
   kinetic_energyvar { 57.65271535117751   } 
   potential_energy { -102.2349124249481   } 
   potential_energyvar { 125.891880840498   } 
   nonlocal_energy { 11.268384963805   } 
   nonlocal_energyvar { 128.1112145920947   } 
   autocorr_energy { } 
} 

block { 
   label spin_0.005
   totweight 819200
   nautocorr 0
   total_energy { -67.6114411853675   } 
   total_energyvar { 0.576696384778034   } 
   weight { 0.9734981092673871   } 
   weightvar { 0.00950633112753088   } 
   kinetic_energy { 23.77511008574919   } 
   kinetic_energyvar { 54.00847336320852   } 
   potential_energy { -102.0819931868291   } 
   potential_energyvar { 120.5323954747831   } 
   nonlocal_energy { 10.69544191571238   } 
   nonlocal_energyvar { 109.5751887968638   } 
   autocorr_energy { } 
} 

block { 
   label spin_0.005
   totweight 819200
   nautocorr 0
   total_energy { -67.63646836541911   } 
   total_energyvar { 0.9424194953714209   } 
   weight { 0.9829975529000401   } 
   weightvar { 0.01841488125199334   } 
   kinetic_energy { 23.87732679499706   } 
   kinetic_energyvar { 56.76391592102229   } 
   potential_energy { -102.3329919828628   } 
   potential_energyvar { 121.1632384948382   } 
   nonlocal_energy { 10.81919682244661   } 
   nonlocal_energyvar { 118.3853840054527   } 
   autocorr_energy { } 
} 

block { 
   label spin_0.005
   totweight 819200
   nautocorr 0
   total_energy { -67.62566269565865   } 
   total_energyvar { 0.6023902571416565   } 
   weight { 0.9895029714528242   } 
   weightvar { 0.02794356581966854   } 
   kinetic_energy { 24.03936443291182   } 
   kinetic_energyvar { 54.64036525805174   } 
   potential_energy { -102.3550591185552   } 
   potential_energyvar { 121.8208307727751   } 
   nonlocal_energy { 10.69003198998474   } 
   nonlocal_energyvar { 114.6636987714083   } 
   autocorr_energy { } 
} 

block { 
   label spin_0.005
   totweight 819200
   nautocorr 0
   total_energy { -67.62197168488926   } 
   total_energyvar { 0.5871703560638236   } 
   weight { 0.9924783163266221   } 
   weightvar { 0.03698052990907711   } 
   kinetic_energy { 24.05514982919698   } 
   kinetic_energyvar { 54.42871517641802   } 
   potential_energy { -102.294013026488   } 
   potential_energyvar { 120.271536655177   } 
   nonlocal_energy { 10.61689151240181   } 
   nonlocal_energyvar { 113.8066342100839   } 
   autocorr_energy { } 
} 

block { 
   label spin_0.005
   totweight 819200
   nautocorr 0
   total_energy { -67.62720495396907   } 
   total_energyvar { 0.5490525844852082   } 
   weight { 0.9954097462742202   } 
   weightvar { 0.04501024652480044   } 
   kinetic_energy { 24.19257511469463   } 
   kinetic_energyvar { 52.64126157126849   } 
   potential_energy { -102.4217959860919   } 
   potential_energyvar { 120.2150824120604   } 
   nonlocal_energy { 10.60201591742822   } 
   nonlocal_energyvar { 109.6722525525767   } 
   autocorr_energy { } 
} 

block { 
   label spin_0.005
   totweight 819200
   nautocorr 0
   total_energy { -67.61532423688057   } 
   total_energyvar { 0.5763326730136425   } 
   weight { 0.995847845705932   } 
   weightvar { 0.05198165206089809   } 
   kinetic_energy { 24.29018784011436   } 
   kinetic_energyvar { 53.63046984618161   } 
   potential_energy { -102.6923651091634   } 
   potential_energyvar { 121.1855308826883   } 
   nonlocal_energy { 10.78685303216843   } 
   nonlocal_energyvar { 113.6337069991391   } 
   autocorr_energy { } 
} 

block { 
   label spin_0.005
   totweight 819200
   nautocorr 0
   total_energy { -67.62666980731329   } 
   total_energyvar { 0.5912144187562129   } 
   weight { 0.9961427764036485   } 
   weightvar { 0.05911761572506857   } 
   kinetic_energy { 24.21277329572383   } 
   kinetic_energyvar { 53.00293768761066   } 
   potential_energy { -102.3217152871647   } 
   potential_energyvar { 117.4214352940054   } 
   nonlocal_energy { 10.48227218412753   } 
   nonlocal_energyvar { 109.1615062197056   } 
   autocorr_energy { } 
} 

block { 
   label spin_0.005
   totweight 819200
   nautocorr 0
   total_energy { -67.63924593552164   } 
   total_energyvar { 0.5613464859325317   } 
   weight { 0.9986196230062038   } 
   weightvar { 0.06544420975935443   } 
   kinetic_energy { 24.20900445530361   } 
   kinetic_energyvar { 53.59223617832896   } 
   potential_energy { -102.4878563154227   } 
   potential_energyvar { 121.3632997297273   } 
   nonlocal_energy { 10.63960592459752   } 
   nonlocal_energyvar { 112.8943415883713   } 
   autocorr_energy { } 
} 

block { 
   label spin_0.005
   totweight 819200
   nautocorr 0
   total_energy { -67.63939180773976   } 
   total_energyvar { 0.5465308375499358   } 
   weight { 1.001650364656466   } 
   weightvar { 0.071380979973917   } 
   kinetic_energy { 24.2978216990861   } 
   kinetic_energyvar { 52.38424761122149   } 
   potential_energy { -102.6625538467043   } 
   potential_energyvar { 119.2590299415744   } 
   nonlocal_energy { 10.7253403398784   } 
   nonlocal_energyvar { 109.6094117784513   } 
   autocorr_energy { } 
} 

block { 
   label spin_0.005
   totweight 819200
   nautocorr 0
   total_energy { -67.63136175679018   } 
   total_energyvar { 0.5627512717028551   } 
   weight { 1.002925302471436   } 
   weightvar { 0.07367744318172534   } 
   kinetic_energy { 24.27935815518752   } 
   kinetic_energyvar { 52.14177244572046   } 
   potential_energy { -102.8184235675174   } 
   potential_energyvar { 119.7433294916973   } 
   nonlocal_energy { 10.90770365553969   } 
   nonlocal_energyvar { 116.990188911799   } 
   autocorr_energy { } 
} 

block { 
   label spin_0.005
   totweight 819200
   nautocorr 0
   total_energy { -67.64264001717099   } 
   total_energyvar { 1.443642062000024   } 
   weight { 1.003446605339728   } 
   weightvar { 0.07606315643453222   } 
   kinetic_energy { 24.32086454229241   } 
   kinetic_energyvar { 54.34159673544597   } 
   potential_energy { -102.7907789007586   } 
   potential_energyvar { 123.4714638374673   } 
   nonlocal_energy { 10.82727434129522   } 
   nonlocal_energyvar { 115.3620610947095   } 
   autocorr_energy { } 
} 

block { 
   label spin_0.005
   totweight 819200
   nautocorr 0
   total_energy { -67.63788718321993   } 
   total_energyvar { 0.5541042423820667   } 
   weight { 1.004578980465378   } 
   weightvar { 0.07968600308739693   } 
   kinetic_energy { 24.40699900547426   } 
   kinetic_energyvar { 53.24434131328908   } 
   potential_energy { -102.7632051292367   } 
   potential_energyvar { 122.7554385034754   } 
   nonlocal_energy { 10.71831894054253   } 
   nonlocal_energyvar { 111.1925701147421   } 
   autocorr_energy { } 
} 

block { 
   label spin_0.005
   totweight 819200
   nautocorr 0
   total_energy { -67.63163129956875   } 
   total_energyvar { 0.5804551381454605   } 
   weight { 1.004826896676343   } 
   weightvar { 0.08182625357502693   } 
   kinetic_energy { 24.32782706951361   } 
   kinetic_energyvar { 54.31178714987458   } 
   potential_energy { -102.8366611682161   } 
   potential_energyvar { 122.9543984038086   } 
   nonlocal_energy { 10.87720279913373   } 
   nonlocal_energyvar { 117.1997675942615   } 
   autocorr_energy { } 
} 

block { 
   label spin_0.005
   totweight 819200
   nautocorr 0
   total_energy { -67.62935427264475   } 
   total_energyvar { 0.6184946186733177   } 
   weight { 1.0033426898955   } 
   weightvar { 0.08185370293561751   } 
   kinetic_energy { 24.49994502645051   } 
   kinetic_energyvar { 54.07149524457756   } 
   potential_energy { -102.8948698784894   } 
   potential_energyvar { 122.6595207189704   } 
   nonlocal_energy { 10.76557057939409   } 
   nonlocal_energyvar { 113.4278474958795   } 
   autocorr_energy { } 
} 

