#-------------------------------------------------
#DMC run: timestep 0.001
#-------------------------------------------------


init { 
   label spin_0.005
}
block { 
   label spin_0.005
   totweight 819200
   nautocorr 0
   total_energy { -64.69880522652673   } 
   total_energyvar { 0.4307143322297813   } 
   weight { 1.001026221157316   } 
   weightvar { 0.001929583229891598   } 
   kinetic_energy { 18.56841768347857   } 
   kinetic_energyvar { 52.81520693063827   } 
   potential_energy { -94.41638310294334   } 
   potential_energyvar { 110.8869902545356   } 
   nonlocal_energy { 11.14916019293803   } 
   nonlocal_energyvar { 136.5225816666897   } 
   autocorr_energy { } 
} 

block { 
   label spin_0.005
   totweight 819200
   nautocorr 0
   total_energy { -64.71718155561591   } 
   total_energyvar { 0.444086594186472   } 
   weight { 1.003622737296953   } 
   weightvar { 0.008061173035435474   } 
   kinetic_energy { 18.75916711406573   } 
   kinetic_energyvar { 52.46462711731284   } 
   potential_energy { -94.57407203522578   } 
   potential_energyvar { 105.9048112673676   } 
   nonlocal_energy { 11.09772336554412   } 
   nonlocal_energyvar { 129.6649791961979   } 
   autocorr_energy { } 
} 

block { 
   label spin_0.005
   totweight 819200
   nautocorr 0
   total_energy { -64.72087110698502   } 
   total_energyvar { 0.4897959046422803   } 
   weight { 1.006024032323905   } 
   weightvar { 0.01561212057715959   } 
   kinetic_energy { 18.73616476677079   } 
   kinetic_energyvar { 53.57066061952209   } 
   potential_energy { -94.66692961792674   } 
   potential_energyvar { 108.517084023761   } 
   nonlocal_energy { 11.20989374417094   } 
   nonlocal_energyvar { 134.6984880876563   } 
   autocorr_energy { } 
} 

block { 
   label spin_0.005
   totweight 819200
   nautocorr 0
   total_energy { -64.71122961308156   } 
   total_energyvar { 0.4533662212859251   } 
   weight { 1.005494320689464   } 
   weightvar { 0.02384059211008467   } 
   kinetic_energy { 18.88923785566222   } 
   kinetic_energyvar { 51.78766434843521   } 
   potential_energy { -94.59380686473696   } 
   potential_energyvar { 106.2651296624275   } 
   nonlocal_energy { 10.99333939599318   } 
   nonlocal_energyvar { 125.9264874962779   } 
   autocorr_energy { } 
} 

block { 
   label spin_0.005
   totweight 819200
   nautocorr 0
   total_energy { -64.72050866969968   } 
   total_energyvar { 0.5833410859729944   } 
   weight { 1.005351170886455   } 
   weightvar { 0.03229161941365057   } 
   kinetic_energy { 18.89220543779185   } 
   kinetic_energyvar { 52.62336298410685   } 
   potential_energy { -94.65809431422022   } 
   potential_energyvar { 105.5499219252103   } 
   nonlocal_energy { 11.04538020672868   } 
   nonlocal_energyvar { 130.1696807549668   } 
   autocorr_energy { } 
} 

block { 
   label spin_0.005
   totweight 819200
   nautocorr 0
   total_energy { -64.72284530443484   } 
   total_energyvar { 0.4506748923636688   } 
   weight { 1.005900045253082   } 
   weightvar { 0.04015205477531429   } 
   kinetic_energy { 18.97943190963771   } 
   kinetic_energyvar { 53.11112950160232   } 
   potential_energy { -94.85389228999036   } 
   potential_energyvar { 110.6158821322167   } 
   nonlocal_energy { 11.15161507591779   } 
   nonlocal_energyvar { 132.7667975016529   } 
   autocorr_energy { } 
} 

block { 
   label spin_0.005
   totweight 819200
   nautocorr 0
   total_energy { -64.70752911001829   } 
   total_energyvar { 0.4667188713111228   } 
   weight { 1.004592799559791   } 
   weightvar { 0.04724451917639666   } 
   kinetic_energy { 18.8713884774705   } 
   kinetic_energyvar { 53.81055377472676   } 
   potential_energy { -94.68734326910175   } 
   potential_energyvar { 110.0147219501965   } 
   nonlocal_energy { 11.10842568161297   } 
   nonlocal_energyvar { 134.6513817668045   } 
   autocorr_energy { } 
} 

block { 
   label spin_0.005
   totweight 819200
   nautocorr 0
   total_energy { -64.7023650082114   } 
   total_energyvar { 0.7726976694234453   } 
   weight { 1.000760406302677   } 
   weightvar { 0.05296526850491477   } 
   kinetic_energy { 18.91196090468107   } 
   kinetic_energyvar { 53.12480380729569   } 
   potential_energy { -94.71970918897084   } 
   potential_energyvar { 107.9979972203243   } 
   nonlocal_energy { 11.10538327607835   } 
   nonlocal_energyvar { 132.7976477424452   } 
   autocorr_energy { } 
} 

block { 
   label spin_0.005
   totweight 819200
   nautocorr 0
   total_energy { -64.70910913805365   } 
   total_energyvar { 0.6033915883924066   } 
   weight { 0.9989153991283837   } 
   weightvar { 0.0574001701406527   } 
   kinetic_energy { 18.78829930567663   } 
   kinetic_energyvar { 53.34030521951578   } 
   potential_energy { -94.72598192900851   } 
   potential_energyvar { 110.1956885908488   } 
   nonlocal_energy { 11.22857348527823   } 
   nonlocal_energyvar { 137.2697532639396   } 
   autocorr_energy { } 
} 

block { 
   label spin_0.005
   totweight 819200
   nautocorr 0
   total_energy { -64.71128842347642   } 
   total_energyvar { 0.4847084973147709   } 
   weight { 0.9981168730838632   } 
   weightvar { 0.06260985428863242   } 
   kinetic_energy { 18.97071374566027   } 
   kinetic_energyvar { 52.52760671095589   } 
   potential_energy { -94.8217571080131   } 
   potential_energyvar { 107.7602160126566   } 
   nonlocal_energy { 11.1397549388764   } 
   nonlocal_energyvar { 133.0932304585797   } 
   autocorr_energy { } 
} 

block { 
   label spin_0.005
   totweight 819200
   nautocorr 0
   total_energy { -64.70284315747956   } 
   total_energyvar { 0.4954826527196813   } 
   weight { 0.9974256113039988   } 
   weightvar { 0.06686671319282031   } 
   kinetic_energy { 18.94639434189807   } 
   kinetic_energyvar { 54.37941839031932   } 
   potential_energy { -94.80282043303148   } 
   potential_energyvar { 107.5477595862961   } 
   nonlocal_energy { 11.15358293365386   } 
   nonlocal_energyvar { 133.430115180863   } 
   autocorr_energy { } 
} 

block { 
   label spin_0.005
   totweight 819200
   nautocorr 0
   total_energy { -64.70988824990772   } 
   total_energyvar { 0.4939080233359247   } 
   weight { 0.996390645064445   } 
   weightvar { 0.07026959642697411   } 
   kinetic_energy { 18.86912498159091   } 
   kinetic_energyvar { 52.32863870006177   } 
   potential_energy { -94.6224493917555   } 
   potential_energyvar { 107.0017581954384   } 
   nonlocal_energy { 11.04343616025685   } 
   nonlocal_energyvar { 130.2684216883097   } 
   autocorr_energy { } 
} 

block { 
   label spin_0.005
   totweight 819200
   nautocorr 0
   total_energy { -64.70896506993843   } 
   total_energyvar { 0.4749190860199995   } 
   weight { 0.9962743662009091   } 
   weightvar { 0.07331374148129768   } 
   kinetic_energy { 18.80284206332721   } 
   kinetic_energyvar { 52.86934004713672   } 
   potential_energy { -94.5886835422035   } 
   potential_energyvar { 108.3923409318385   } 
   nonlocal_energy { 11.07687640893785   } 
   nonlocal_energyvar { 133.4623418542749   } 
   autocorr_energy { } 
} 

block { 
   label spin_0.005
   totweight 819200
   nautocorr 0
   total_energy { -64.71300137398698   } 
   total_energyvar { 0.5503733117075545   } 
   weight { 0.9965459503767872   } 
   weightvar { 0.07558404508149701   } 
   kinetic_energy { 18.76393843369854   } 
   kinetic_energyvar { 54.36572317434396   } 
   potential_energy { -94.57572395700231   } 
   potential_energyvar { 110.0343784791989   } 
   nonlocal_energy { 11.09878414931676   } 
   nonlocal_energyvar { 134.8654267311097   } 
   autocorr_energy { } 
} 

block { 
   label spin_0.005
   totweight 819200
   nautocorr 0
   total_energy { -64.70569223050964   } 
   total_energyvar { 0.4891879672122711   } 
   weight { 0.9966239038513326   } 
   weightvar { 0.07731901015804472   } 
   kinetic_energy { 18.79300988428911   } 
   kinetic_energyvar { 52.51935004916109   } 
   potential_energy { -94.50080225894813   } 
   potential_energyvar { 106.3746831719473   } 
   nonlocal_energy { 11.00210014414939   } 
   nonlocal_energyvar { 131.4798495110353   } 
   autocorr_energy { } 
} 

