#-------------------------------------------------
#DMC run: timestep 0.005
#-------------------------------------------------


init { 
   label spin_0.005
}
block { 
   label spin_0.005
   totweight 3276800
   nautocorr 0
   total_energy { -293.9129483654273   } 
   total_energyvar { 3.260913483620197   } 
   weight { 1.036501096425419   } 
   weightvar { 0.05417510524622243   } 
   kinetic_energy { 111.8383321025619   } 
   kinetic_energyvar { 384.851697170351   } 
   potential_energy { -444.3161384993377   } 
   potential_energyvar { 777.0334758735684   } 
   nonlocal_energy { 38.56485803134855   } 
   nonlocal_energyvar { 659.5318910675041   } 
   autocorr_energy { } 
} 

block { 
   label spin_0.005
   totweight 3276800
   nautocorr 0
   total_energy { -293.8817480019902   } 
   total_energyvar { 3.330126803036885   } 
   weight { 1.021770238285226   } 
   weightvar { 0.09101763537560745   } 
   kinetic_energy { 114.1970966887415   } 
   kinetic_energyvar { 374.9910121574204   } 
   potential_energy { -446.9929705213123   } 
   potential_energyvar { 766.7092836493069   } 
   nonlocal_energy { 38.91412583058057   } 
   nonlocal_energyvar { 662.5069456509466   } 
   autocorr_energy { } 
} 

block { 
   label spin_0.005
   totweight 3276800
   nautocorr 0
   total_energy { -293.8797034461685   } 
   total_energyvar { 3.311135182129277   } 
   weight { 0.9935186183988037   } 
   weightvar { 0.09922746398672393   } 
   kinetic_energy { 114.6704007429718   } 
   kinetic_energyvar { 372.0799012096901   } 
   potential_energy { -447.612470805787   } 
   potential_energyvar { 765.032139528606   } 
   nonlocal_energy { 39.06236661664666   } 
   nonlocal_energyvar { 660.2135848052156   } 
   autocorr_energy { } 
} 

block { 
   label spin_0.005
   totweight 3276800
   nautocorr 0
   total_energy { -293.8739995357668   } 
   total_energyvar { 3.334874723916209   } 
   weight { 0.9879540905551047   } 
   weightvar { 0.1017527480889781   } 
   kinetic_energy { 114.7441789342607   } 
   kinetic_energyvar { 371.7535408131336   } 
   potential_energy { -447.6157552164573   } 
   potential_energyvar { 763.1671809020413   } 
   nonlocal_energy { 38.99757674642974   } 
   nonlocal_energyvar { 660.2395979454559   } 
   autocorr_energy { } 
} 

block { 
   label spin_0.005
   totweight 3276800
   nautocorr 0
   total_energy { -293.8808856683232   } 
   total_energyvar { 3.486080576117192   } 
   weight { 0.9875338165446976   } 
   weightvar { 0.101201578874409   } 
   kinetic_energy { 114.8895298739741   } 
   kinetic_energyvar { 372.2952097209352   } 
   potential_energy { -447.8779823065686   } 
   potential_energyvar { 767.3970697548137   } 
   nonlocal_energy { 39.10756676427131   } 
   nonlocal_energyvar { 661.6156957303723   } 
   autocorr_energy { } 
} 

block { 
   label spin_0.005
   totweight 3276800
   nautocorr 0
   total_energy { -293.8789647709484   } 
   total_energyvar { 3.326221250688203   } 
   weight { 0.9904153958007532   } 
   weightvar { 0.1003905555193389   } 
   kinetic_energy { 114.9262655531926   } 
   kinetic_energyvar { 374.0168505952668   } 
   potential_energy { -447.893345006371   } 
   potential_energyvar { 764.2150748835646   } 
   nonlocal_energy { 39.08811468222993   } 
   nonlocal_energyvar { 658.6687784473037   } 
   autocorr_energy { } 
} 

block { 
   label spin_0.005
   totweight 3276800
   nautocorr 0
   total_energy { -293.8846746980034   } 
   total_energyvar { 3.321092451204573   } 
   weight { 0.996339201933389   } 
   weightvar { 0.1000198354904906   } 
   kinetic_energy { 114.9422387209341   } 
   kinetic_energyvar { 371.51109586329   } 
   potential_energy { -447.805794346522   } 
   potential_energyvar { 761.2550976119534   } 
   nonlocal_energy { 38.97888092758446   } 
   nonlocal_energyvar { 654.1845351003017   } 
   autocorr_energy { } 
} 

block { 
   label spin_0.005
   totweight 3276800
   nautocorr 0
   total_energy { -293.8857160896246   } 
   total_energyvar { 3.292888261675909   } 
   weight { 1.000946987604046   } 
   weightvar { 0.09886592131169276   } 
   kinetic_energy { 114.7592858627423   } 
   kinetic_energyvar { 370.8857940512224   } 
   potential_energy { -447.5970479687328   } 
   potential_energyvar { 762.0387919358299   } 
   nonlocal_energy { 38.95204601636588   } 
   nonlocal_energyvar { 654.9973510342264   } 
   autocorr_energy { } 
} 

block { 
   label spin_0.005
   totweight 3276800
   nautocorr 0
   total_energy { -293.8829230212269   } 
   total_energyvar { 3.318035296191047   } 
   weight { 1.00158470690225   } 
   weightvar { 0.09967343713280388   } 
   kinetic_energy { 114.9045553207943   } 
   kinetic_energyvar { 371.422248081717   } 
   potential_energy { -447.8037021385562   } 
   potential_energyvar { 762.8921365269337   } 
   nonlocal_energy { 39.01622379653501   } 
   nonlocal_energyvar { 655.3006469776316   } 
   autocorr_energy { } 
} 

block { 
   label spin_0.005
   totweight 3276800
   nautocorr 0
   total_energy { -293.8857266805484   } 
   total_energyvar { 3.305451883538299   } 
   weight { 1.002324866282509   } 
   weightvar { 0.0988039354558875   } 
   kinetic_energy { 114.8554783027772   } 
   kinetic_energyvar { 373.860511459368   } 
   potential_energy { -447.752827090588   } 
   potential_energyvar { 764.2600184910685   } 
   nonlocal_energy { 39.01162210726223   } 
   nonlocal_energyvar { 657.0286468445221   } 
   autocorr_energy { } 
} 

block { 
   label spin_0.005
   totweight 3276800
   nautocorr 0
   total_energy { -293.8808654683117   } 
   total_energyvar { 3.342898080887893   } 
   weight { 1.000762929178099   } 
   weightvar { 0.09775524420980751   } 
   kinetic_energy { 114.9258130587857   } 
   kinetic_energyvar { 371.4827974649987   } 
   potential_energy { -447.8273448902476   } 
   potential_energyvar { 760.7463359841487   } 
   nonlocal_energy { 39.0206663631502   } 
   nonlocal_energyvar { 656.5638150492155   } 
   autocorr_energy { } 
} 

block { 
   label spin_0.005
   totweight 3276800
   nautocorr 0
   total_energy { -293.8848918901484   } 
   total_energyvar { 3.354580249080902   } 
   weight { 1.00083028924813   } 
   weightvar { 0.09987057090880258   } 
   kinetic_energy { 114.9369412083968   } 
   kinetic_energyvar { 373.3734560250626   } 
   potential_energy { -448.0211423083802   } 
   potential_energyvar { 762.9502752594663   } 
   nonlocal_energy { 39.19930920983505   } 
   nonlocal_energyvar { 661.9869642205776   } 
   autocorr_energy { } 
} 

block { 
   label spin_0.005
   totweight 3276800
   nautocorr 0
   total_energy { -293.8905236537377   } 
   total_energyvar { 3.370601454775313   } 
   weight { 1.002823046598434   } 
   weightvar { 0.09932061442919027   } 
   kinetic_energy { 114.7784824580116   } 
   kinetic_energyvar { 373.7800637494328   } 
   potential_energy { -447.6059086277087   } 
   potential_energyvar { 764.9027447827658   } 
   nonlocal_energy { 38.93690251595956   } 
   nonlocal_energyvar { 658.3972853556749   } 
   autocorr_energy { } 
} 

block { 
   label spin_0.005
   totweight 3276800
   nautocorr 0
   total_energy { -293.8870603760366   } 
   total_energyvar { 3.30596110025018   } 
   weight { 1.003795997673107   } 
   weightvar { 0.09824294110480811   } 
   kinetic_energy { 114.8823301958717   } 
   kinetic_energyvar { 374.2463917300486   } 
   potential_energy { -447.8084296717504   } 
   potential_energyvar { 767.132070349458   } 
   nonlocal_energy { 39.0390390998421   } 
   nonlocal_energyvar { 656.4374692246272   } 
   autocorr_energy { } 
} 

block { 
   label spin_0.005
   totweight 3276800
   nautocorr 0
   total_energy { -293.8849645563927   } 
   total_energyvar { 3.353025352104115   } 
   weight { 1.004492813233362   } 
   weightvar { 0.09688616585700473   } 
   kinetic_energy { 114.8731888224524   } 
   kinetic_energyvar { 374.176157876993   } 
   potential_energy { -447.8973232814951   } 
   potential_energyvar { 765.9605215519199   } 
   nonlocal_energy { 39.13916990265008   } 
   nonlocal_energyvar { 662.220380901348   } 
   autocorr_energy { } 
} 

block { 
   label spin_0.005
   totweight 3276800
   nautocorr 0
   total_energy { -293.8861700250437   } 
   total_energyvar { 3.32284318471662   } 
   weight { 1.001312087127274   } 
   weightvar { 0.09814181458024397   } 
   kinetic_energy { 114.9098118347185   } 
   kinetic_energyvar { 371.9015920212231   } 
   potential_energy { -447.7126442714316   } 
   potential_energyvar { 762.1821451405749   } 
   nonlocal_energy { 38.91666241166953   } 
   nonlocal_energyvar { 653.764969987933   } 
   autocorr_energy { } 
} 

block { 
   label spin_0.005
   totweight 3276800
   nautocorr 0
   total_energy { -293.8838462712692   } 
   total_energyvar { 3.320062543386517   } 
   weight { 1.001629104167226   } 
   weightvar { 0.0984073833211061   } 
   kinetic_energy { 114.9383653607762   } 
   kinetic_energyvar { 372.9066739348627   } 
   potential_energy { -447.9065256919401   } 
   potential_energyvar { 765.9444405324139   } 
   nonlocal_energy { 39.08431405989469   } 
   nonlocal_energyvar { 659.053235669671   } 
   autocorr_energy { } 
} 

block { 
   label spin_0.005
   totweight 3276800
   nautocorr 0
   total_energy { -293.8864851307868   } 
   total_energyvar { 3.300541522412503   } 
   weight { 1.00029765785833   } 
   weightvar { 0.09805173679196322   } 
   kinetic_energy { 114.8281073770007   } 
   kinetic_energyvar { 371.7678832627787   } 
   potential_energy { -447.685026400849   } 
   potential_energyvar { 767.6857814024323   } 
   nonlocal_energy { 38.97043389306153   } 
   nonlocal_energyvar { 653.7967223769776   } 
   autocorr_energy { } 
} 

block { 
   label spin_0.005
   totweight 3276800
   nautocorr 0
   total_energy { -293.8762802371534   } 
   total_energyvar { 3.325533160331286   } 
   weight { 0.9992881248077046   } 
   weightvar { 0.09808585318177851   } 
   kinetic_energy { 114.7642681954484   } 
   kinetic_energyvar { 370.3615042736608   } 
   potential_energy { -447.5908835580539   } 
   potential_energyvar { 763.0921019306738   } 
   nonlocal_energy { 38.95033512545209   } 
   nonlocal_energyvar { 654.9073090260507   } 
   autocorr_energy { } 
} 

block { 
   label spin_0.005
   totweight 3276800
   nautocorr 0
   total_energy { -293.8791946790283   } 
   total_energyvar { 3.325742192256835   } 
   weight { 0.9956391545813469   } 
   weightvar { 0.09919349475349627   } 
   kinetic_energy { 114.7948468310983   } 
   kinetic_energyvar { 372.9807610230097   } 
   potential_energy { -447.6589993421533   } 
   potential_energyvar { 762.2195944052813   } 
   nonlocal_energy { 38.98495783202673   } 
   nonlocal_energyvar { 656.1054395040845   } 
   autocorr_energy { } 
} 

block { 
   label spin_0.005
   totweight 3276800
   nautocorr 0
   total_energy { -293.8845083263791   } 
   total_energyvar { 3.308267331347897   } 
   weight { 0.9961429040241464   } 
   weightvar { 0.09918711215346658   } 
   kinetic_energy { 114.7799866048673   } 
   kinetic_energyvar { 373.686820550676   } 
   potential_energy { -447.6725760249751   } 
   potential_energyvar { 769.2554242725024   } 
   nonlocal_energy { 39.00808109372874   } 
   nonlocal_energyvar { 658.1507883944611   } 
   autocorr_energy { } 
} 

block { 
   label spin_0.005
   totweight 3276800
   nautocorr 0
   total_energy { -293.8903120196134   } 
   total_energyvar { 3.321814005751384   } 
   weight { 1.001240880925847   } 
   weightvar { 0.09880706459722777   } 
   kinetic_energy { 114.8576936617524   } 
   kinetic_energyvar { 371.9253044086706   } 
   potential_energy { -447.7836300818013   } 
   potential_energyvar { 763.0205432073541   } 
   nonlocal_energy { 39.03562440043554   } 
   nonlocal_energyvar { 658.8627460852009   } 
   autocorr_energy { } 
} 

