#-------------------------------------------------
#VMC run: timestep 0.47 nconfig 2176 steps 30
#-------------------------------------------------


init { 
   label vmc
}
block { 
   label vmc
   totweight 65280
   nautocorr 0
   total_energy { -66.62259849889337   } 
   total_energyvar { 4.881609794792197   } 
   weight { 1   } 
   weightvar { 1.776356839400247e-15   } 
   kinetic_energy { 22.81287174757903   } 
   kinetic_energyvar { 80.05337817793632   } 
   potential_energy { -96.00023282380157   } 
   potential_energyvar { 94.95035020059991   } 
   nonlocal_energy { 6.564762577329182   } 
   nonlocal_energyvar { 120.7553416621109   } 
   autocorr_energy { } 
} 

block { 
   label vmc
   totweight 65280
   nautocorr 0
   total_energy { -66.58742764282857   } 
   total_energyvar { 5.483087861429825   } 
   weight { 1   } 
   weightvar { 1.776356839400247e-15   } 
   kinetic_energy { 22.86328179638066   } 
   kinetic_energyvar { 74.76024267314857   } 
   potential_energy { -95.99194378502496   } 
   potential_energyvar { 95.40294391205765   } 
   nonlocal_energy { 6.541234345815726   } 
   nonlocal_energyvar { 110.8523610468235   } 
   autocorr_energy { } 
} 

block { 
   label vmc
   totweight 65280
   nautocorr 0
   total_energy { -66.59842338318485   } 
   total_energyvar { 4.94853903469067   } 
   weight { 1   } 
   weightvar { 1.776356839400247e-15   } 
   kinetic_energy { 22.84895746811127   } 
   kinetic_energyvar { 76.73867058978691   } 
   potential_energy { -95.99872014375028   } 
   potential_energyvar { 95.00685215048429   } 
   nonlocal_energy { 6.551339292454157   } 
   nonlocal_energyvar { 114.4337813265007   } 
   autocorr_energy { } 
} 

block { 
   label vmc
   totweight 65280
   nautocorr 0
   total_energy { -66.58195898733048   } 
   total_energyvar { 5.415582059541701   } 
   weight { 1   } 
   weightvar { 1.776356839400247e-15   } 
   kinetic_energy { 22.71460920219669   } 
   kinetic_energyvar { 79.72871155869969   } 
   potential_energy { -95.97495000715583   } 
   potential_energyvar { 96.38602760481351   } 
   nonlocal_energy { 6.678381817628678   } 
   nonlocal_energyvar { 119.9424340923569   } 
   autocorr_energy { } 
} 

block { 
   label vmc
   totweight 65280
   nautocorr 0
   total_energy { -66.59102427432565   } 
   total_energyvar { 4.997456489399533   } 
   weight { 1   } 
   weightvar { 1.776356839400247e-15   } 
   kinetic_energy { 22.82734358869985   } 
   kinetic_energyvar { 77.21139169962092   } 
   potential_energy { -95.90048379627268   } 
   potential_energyvar { 94.86049557581946   } 
   nonlocal_energy { 6.482115933247195   } 
   nonlocal_energyvar { 113.608650455571   } 
   autocorr_energy { } 
} 

block { 
   label vmc
   totweight 65280
   nautocorr 0
   total_energy { -66.58803414058551   } 
   total_energyvar { 5.073836077050006   } 
   weight { 1   } 
   weightvar { 1.776356839400247e-15   } 
   kinetic_energy { 22.8172381830092   } 
   kinetic_energyvar { 76.92817622773998   } 
   potential_energy { -95.89183102540952   } 
   potential_energyvar { 95.69193302532683   } 
   nonlocal_energy { 6.486558701814805   } 
   nonlocal_energyvar { 114.1003643746128   } 
   autocorr_energy { } 
} 

block { 
   label vmc
   totweight 65280
   nautocorr 0
   total_energy { -66.59597993529549   } 
   total_energyvar { 5.739178686381936   } 
   weight { 1   } 
   weightvar { 1.776356839400247e-15   } 
   kinetic_energy { 22.71739053154701   } 
   kinetic_energyvar { 79.25304207154913   } 
   potential_energy { -95.89520884707865   } 
   potential_energyvar { 95.91284600889999   } 
   nonlocal_energy { 6.581838380236153   } 
   nonlocal_energyvar { 117.7130745348995   } 
   autocorr_energy { } 
} 

block { 
   label vmc
   totweight 65280
   nautocorr 0
   total_energy { -66.59723101887609   } 
   total_energyvar { 5.11458120183974   } 
   weight { 1   } 
   weightvar { 1.776356839400247e-15   } 
   kinetic_energy { 22.89765686291398   } 
   kinetic_energyvar { 76.33101771555664   } 
   potential_energy { -95.9894824057197   } 
   potential_energyvar { 94.69142177571234   } 
   nonlocal_energy { 6.494594523929653   } 
   nonlocal_energyvar { 112.7319076524887   } 
   autocorr_energy { } 
} 

block { 
   label vmc
   totweight 65280
   nautocorr 0
   total_energy { -66.61004194658105   } 
   total_energyvar { 5.229475205049842   } 
   weight { 1   } 
   weightvar { 1.776356839400247e-15   } 
   kinetic_energy { 22.78774134159534   } 
   kinetic_energyvar { 74.21756815967242   } 
   potential_energy { -95.99972706949328   } 
   potential_energyvar { 95.52912123596818   } 
   nonlocal_energy { 6.601943781316876   } 
   nonlocal_energyvar { 111.9986359013085   } 
   autocorr_energy { } 
} 

block { 
   label vmc
   totweight 65280
   nautocorr 0
   total_energy { -66.58671084816416   } 
   total_energyvar { 5.009854327018422   } 
   weight { 1   } 
   weightvar { 1.776356839400247e-15   } 
   kinetic_energy { 22.80403060474577   } 
   kinetic_energyvar { 78.02843604593139   } 
   potential_energy { -95.94332210834966   } 
   potential_energyvar { 94.9689595382858   } 
   nonlocal_energy { 6.552580655439733   } 
   nonlocal_energyvar { 114.9569995392502   } 
   autocorr_energy { } 
} 

block { 
   label vmc
   totweight 65280
   nautocorr 0
   total_energy { -66.59124728997871   } 
   total_energyvar { 4.975583704964087   } 
   weight { 1   } 
   weightvar { 1.776356839400247e-15   } 
   kinetic_energy { 22.7813717076047   } 
   kinetic_energyvar { 78.58737501417302   } 
   potential_energy { -95.96696163653105   } 
   potential_energyvar { 95.62823565719177   } 
   nonlocal_energy { 6.594342638947644   } 
   nonlocal_energyvar { 115.9366762767536   } 
   autocorr_energy { } 
} 

block { 
   label vmc
   totweight 65280
   nautocorr 0
   total_energy { -66.62147398838715   } 
   total_energyvar { 5.010380598054444   } 
   weight { 1   } 
   weightvar { 1.776356839400247e-15   } 
   kinetic_energy { 22.84969631191417   } 
   kinetic_energyvar { 73.70721366517354   } 
   potential_energy { -95.98189734929497   } 
   potential_energyvar { 94.82437801213354   } 
   nonlocal_energy { 6.510727048993645   } 
   nonlocal_energyvar { 108.9920723302315   } 
   autocorr_energy { } 
} 

block { 
   label vmc
   totweight 65280
   nautocorr 0
   total_energy { -66.61639398996601   } 
   total_energyvar { 5.100211398368486   } 
   weight { 1   } 
   weightvar { 1.776356839400247e-15   } 
   kinetic_energy { 22.91197708296665   } 
   kinetic_energyvar { 76.15154096415786   } 
   potential_energy { -96.07914701721765   } 
   potential_energyvar { 94.4968626726986   } 
   nonlocal_energy { 6.550775944284985   } 
   nonlocal_energyvar { 113.1827958745319   } 
   autocorr_energy { } 
} 

block { 
   label vmc
   totweight 65280
   nautocorr 0
   total_energy { -66.59387209996676   } 
   total_energyvar { 5.206934256519734   } 
   weight { 1   } 
   weightvar { 1.776356839400247e-15   } 
   kinetic_energy { 22.79543250438049   } 
   kinetic_energyvar { 77.48886440863684   } 
   potential_energy { -95.87125571349019   } 
   potential_energyvar { 95.35809100571386   } 
   nonlocal_energy { 6.481951109142957   } 
   nonlocal_energyvar { 113.7414499171991   } 
   autocorr_energy { } 
} 

block { 
   label vmc
   totweight 65280
   nautocorr 0
   total_energy { -66.58773695016177   } 
   total_energyvar { 4.980678096146073   } 
   weight { 1   } 
   weightvar { 1.776356839400247e-15   } 
   kinetic_energy { 22.86675329455937   } 
   kinetic_energyvar { 78.82434592749117   } 
   potential_energy { -95.9500573251494   } 
   potential_energyvar { 95.90096989483227   } 
   nonlocal_energy { 6.495567080428251   } 
   nonlocal_energyvar { 114.3680801031105   } 
   autocorr_energy { } 
} 

block { 
   label vmc
   totweight 65280
   nautocorr 0
   total_energy { -66.62252986067197   } 
   total_energyvar { 4.952652388234069   } 
   weight { 1   } 
   weightvar { 1.776356839400247e-15   } 
   kinetic_energy { 22.8394242486349   } 
   kinetic_energyvar { 76.07420674119821   } 
   potential_energy { -95.9520084711158   } 
   potential_energyvar { 94.20940790640577   } 
   nonlocal_energy { 6.490054361808925   } 
   nonlocal_energyvar { 112.3346357401683   } 
   autocorr_energy { } 
} 

block { 
   label vmc
   totweight 65280
   nautocorr 0
   total_energy { -66.57855832893596   } 
   total_energyvar { 5.043708943311916   } 
   weight { 1   } 
   weightvar { 1.776356839400247e-15   } 
   kinetic_energy { 22.87377872567179   } 
   kinetic_energyvar { 75.51822341451185   } 
   potential_energy { -95.92005838296235   } 
   potential_energyvar { 95.82524822686158   } 
   nonlocal_energy { 6.467721328354607   } 
   nonlocal_energyvar { 110.4622271786934   } 
   autocorr_energy { } 
} 

block { 
   label vmc
   totweight 65280
   nautocorr 0
   total_energy { -66.60587751737211   } 
   total_energyvar { 4.981577944895981   } 
   weight { 1   } 
   weightvar { 1.776356839400247e-15   } 
   kinetic_energy { 22.85820156912575   } 
   kinetic_energyvar { 77.04712311673525   } 
   potential_energy { -95.94573218121187   } 
   potential_energyvar { 94.59932354290659   } 
   nonlocal_energy { 6.481653094714018   } 
   nonlocal_energyvar { 111.7497752512219   } 
   autocorr_energy { } 
} 

block { 
   label vmc
   totweight 65280
   nautocorr 0
   total_energy { -66.60911969693494   } 
   total_energyvar { 4.981693659338866   } 
   weight { 1   } 
   weightvar { 1.776356839400247e-15   } 
   kinetic_energy { 22.82667201450043   } 
   kinetic_energyvar { 77.98393146304805   } 
   potential_energy { -95.96152301824215   } 
   potential_energyvar { 95.61946378830515   } 
   nonlocal_energy { 6.525731306806783   } 
   nonlocal_energyvar { 115.3881335764098   } 
   autocorr_energy { } 
} 

block { 
   label vmc
   totweight 65280
   nautocorr 0
   total_energy { -66.58609855394234   } 
   total_energyvar { 5.464526349633801   } 
   weight { 1   } 
   weightvar { 1.776356839400247e-15   } 
   kinetic_energy { 22.74295656086149   } 
   kinetic_energyvar { 77.7931907523583   } 
   potential_energy { -95.99095217965997   } 
   potential_energyvar { 96.95619869601201   } 
   nonlocal_energy { 6.661897064856137   } 
   nonlocal_energyvar { 119.7592613624762   } 
   autocorr_energy { } 
} 

block { 
   label vmc
   totweight 65280
   nautocorr 0
   total_energy { -66.60406996499439   } 
   total_energyvar { 5.374508396504361   } 
   weight { 1   } 
   weightvar { 1.776356839400247e-15   } 
   kinetic_energy { 22.83631595861322   } 
   kinetic_energyvar { 78.58297164556038   } 
   potential_energy { -95.90778673488541   } 
   potential_energyvar { 95.07588856456225   } 
   nonlocal_energy { 6.467400811277785   } 
   nonlocal_energyvar { 114.1282694150721   } 
   autocorr_energy { } 
} 

block { 
   label vmc
   totweight 65280
   nautocorr 0
   total_energy { -66.60038685463356   } 
   total_energyvar { 4.946864140963347   } 
   weight { 1   } 
   weightvar { 1.776356839400247e-15   } 
   kinetic_energy { 22.80874475319321   } 
   kinetic_energyvar { 77.07873531242835   } 
   potential_energy { -95.93024558513731   } 
   potential_energyvar { 94.74573161231552   } 
   nonlocal_energy { 6.521113977310549   } 
   nonlocal_energyvar { 113.8419884802845   } 
   autocorr_energy { } 
} 

block { 
   label vmc
   totweight 65280
   nautocorr 0
   total_energy { -66.6126107159138   } 
   total_energyvar { 4.883979396502867   } 
   weight { 1   } 
   weightvar { 1.776356839400247e-15   } 
   kinetic_energy { 22.85914045879667   } 
   kinetic_energyvar { 77.97354134469242   } 
   potential_energy { -95.94943723281544   } 
   potential_energyvar { 95.52520696245513   } 
   nonlocal_energy { 6.477686058104967   } 
   nonlocal_energyvar { 114.8120688679607   } 
   autocorr_energy { } 
} 

block { 
   label vmc
   totweight 65280
   nautocorr 0
   total_energy { -66.5877712204984   } 
   total_energyvar { 5.386992044433825   } 
   weight { 1   } 
   weightvar { 1.776356839400247e-15   } 
   kinetic_energy { 22.8363358875492   } 
   kinetic_energyvar { 76.38487127876292   } 
   potential_energy { -95.88709363662709   } 
   potential_energyvar { 96.71097623527497   } 
   nonlocal_energy { 6.462986528579497   } 
   nonlocal_energyvar { 114.163345933979   } 
   autocorr_energy { } 
} 

block { 
   label vmc
   totweight 65280
   nautocorr 0
   total_energy { -66.58291636570908   } 
   total_energyvar { 5.238214354810752   } 
   weight { 1   } 
   weightvar { 1.776356839400247e-15   } 
   kinetic_energy { 22.75593386664348   } 
   kinetic_energyvar { 80.52090320487332   } 
   potential_energy { -95.95127248160618   } 
   potential_energyvar { 96.10477407041178   } 
   nonlocal_energy { 6.612422249253632   } 
   nonlocal_energyvar { 119.6532952817949   } 
   autocorr_energy { } 
} 

block { 
   label vmc
   totweight 65280
   nautocorr 0
   total_energy { -66.59734833781302   } 
   total_energyvar { 5.426221676439803   } 
   weight { 1   } 
   weightvar { 1.776356839400247e-15   } 
   kinetic_energy { 22.73698133313789   } 
   kinetic_energyvar { 80.69062736179744   } 
   potential_energy { -95.95790098248932   } 
   potential_energyvar { 96.48955348459505   } 
   nonlocal_energy { 6.623571311538423   } 
   nonlocal_energyvar { 120.962633023114   } 
   autocorr_energy { } 
} 

block { 
   label vmc
   totweight 65280
   nautocorr 0
   total_energy { -66.6096085904751   } 
   total_energyvar { 4.830661311458171   } 
   weight { 1   } 
   weightvar { 1.776356839400247e-15   } 
   kinetic_energy { 22.77409616164771   } 
   kinetic_energyvar { 78.53558461564018   } 
   potential_energy { -95.99009366685203   } 
   potential_energyvar { 96.91416102685574   } 
   nonlocal_energy { 6.606388914729224   } 
   nonlocal_energyvar { 118.8038265785258   } 
   autocorr_energy { } 
} 

block { 
   label vmc
   totweight 65280
   nautocorr 0
   total_energy { -66.58517871791683   } 
   total_energyvar { 5.122239727630572   } 
   weight { 1   } 
   weightvar { 1.776356839400247e-15   } 
   kinetic_energy { 22.83885124580718   } 
   kinetic_energyvar { 76.89499923399229   } 
   potential_energy { -95.96898976291214   } 
   potential_energyvar { 95.98128366027328   } 
   nonlocal_energy { 6.544959799188109   } 
   nonlocal_energyvar { 113.647207048688   } 
   autocorr_energy { } 
} 

block { 
   label vmc
   totweight 65280
   nautocorr 0
   total_energy { -66.60013850851115   } 
   total_energyvar { 5.258815081060718   } 
   weight { 1   } 
   weightvar { 1.776356839400247e-15   } 
   kinetic_energy { 22.87851138847342   } 
   kinetic_energyvar { 76.42568027142774   } 
   potential_energy { -95.98099456829057   } 
   potential_energyvar { 95.27214600989944   } 
   nonlocal_energy { 6.502344671306003   } 
   nonlocal_energyvar { 113.4406034880526   } 
   autocorr_energy { } 
} 

block { 
   label vmc
   totweight 65280
   nautocorr 0
   total_energy { -66.59633784768256   } 
   total_energyvar { 5.128701113808372   } 
   weight { 1   } 
   weightvar { 1.776356839400247e-15   } 
   kinetic_energy { 22.83899418454258   } 
   kinetic_energyvar { 77.72385742922501   } 
   potential_energy { -96.02351045975742   } 
   potential_energyvar { 95.9231217333835   } 
   nonlocal_energy { 6.588178427532284   } 
   nonlocal_energyvar { 117.1182918124085   } 
   autocorr_energy { } 
} 

