#-------------------------------------------------
#VMC run: timestep 0.45 nconfig 10240 steps 30
#-------------------------------------------------


init { 
   label vmc
}
block { 
   label vmc
   totweight 307200
   nautocorr 0
   total_energy { -66.88411113267546   } 
   total_energyvar { 2.172237444073373   } 
   weight { 1   } 
   weightvar { 0   } 
   kinetic_energy { 23.20088497231854   } 
   kinetic_energyvar { 75.63681655208563   } 
   potential_energy { -96.71210888071218   } 
   potential_energyvar { 83.09716005492612   } 
   nonlocal_energy { 6.627112775718186   } 
   nonlocal_energyvar { 114.9550529801772   } 
   autocorr_energy { } 
} 

block { 
   label vmc
   totweight 307200
   nautocorr 0
   total_energy { -66.878433937861   } 
   total_energyvar { 0.5132279921226715   } 
   weight { 1   } 
   weightvar { 0   } 
   kinetic_energy { 23.16363051699695   } 
   kinetic_energyvar { 75.97871706049277   } 
   potential_energy { -96.7462387911429   } 
   potential_energyvar { 83.35314768357773   } 
   nonlocal_energy { 6.704174336284953   } 
   nonlocal_energyvar { 115.4799191111088   } 
   autocorr_energy { } 
} 

block { 
   label vmc
   totweight 307200
   nautocorr 0
   total_energy { -66.88248271519902   } 
   total_energyvar { 0.5100322585997349   } 
   weight { 1   } 
   weightvar { 0   } 
   kinetic_energy { 23.14223697581434   } 
   kinetic_energyvar { 77.0077180159339   } 
   potential_energy { -96.74480468796732   } 
   potential_energyvar { 83.71204967428253   } 
   nonlocal_energy { 6.720084996953958   } 
   nonlocal_energyvar { 117.0135738178674   } 
   autocorr_energy { } 
} 

block { 
   label vmc
   totweight 307200
   nautocorr 0
   total_energy { -66.8815169679465   } 
   total_energyvar { 0.5197595234476529   } 
   weight { 1   } 
   weightvar { 0   } 
   kinetic_energy { 23.18784607853544   } 
   kinetic_energyvar { 76.03375446347488   } 
   potential_energy { -96.72987782868685   } 
   potential_energyvar { 82.92105968335723   } 
   nonlocal_energy { 6.660514782204934   } 
   nonlocal_energyvar { 114.3854306087802   } 
   autocorr_energy { } 
} 

block { 
   label vmc
   totweight 307200
   nautocorr 0
   total_energy { -66.87959546435508   } 
   total_energyvar { 0.5180173195026412   } 
   weight { 1   } 
   weightvar { 0   } 
   kinetic_energy { 23.19162597148383   } 
   kinetic_energyvar { 75.81032451729304   } 
   potential_energy { -96.70023784365713   } 
   potential_energyvar { 83.24250069112496   } 
   nonlocal_energy { 6.629016407818223   } 
   nonlocal_energyvar { 113.5552821106903   } 
   autocorr_energy { } 
} 

block { 
   label vmc
   totweight 307200
   nautocorr 0
   total_energy { -66.87626531007328   } 
   total_energyvar { 1.459060867610835   } 
   weight { 1   } 
   weightvar { 0   } 
   kinetic_energy { 23.1666317471341   } 
   kinetic_energyvar { 75.80101601447207   } 
   potential_energy { -96.71282209901177   } 
   potential_energyvar { 83.18696190738549   } 
   nonlocal_energy { 6.669925041804384   } 
   nonlocal_energyvar { 114.9503834032487   } 
   autocorr_energy { } 
} 

block { 
   label vmc
   totweight 307200
   nautocorr 0
   total_energy { -66.87698562066879   } 
   total_energyvar { 0.5130629495983271   } 
   weight { 1   } 
   weightvar { 0   } 
   kinetic_energy { 23.17458046866761   } 
   kinetic_energyvar { 75.99401343093193   } 
   potential_energy { -96.70733214818647   } 
   potential_energyvar { 83.44753089083447   } 
   nonlocal_energy { 6.655766058850074   } 
   nonlocal_energyvar { 114.4250678259173   } 
   autocorr_energy { } 
} 

block { 
   label vmc
   totweight 307200
   nautocorr 0
   total_energy { -66.87892982034535   } 
   total_energyvar { 0.5114482475964333   } 
   weight { 1   } 
   weightvar { 0   } 
   kinetic_energy { 23.20776630763098   } 
   kinetic_energyvar { 76.35800961359776   } 
   potential_energy { -96.74424403597885   } 
   potential_energyvar { 83.43906222085006   } 
   nonlocal_energy { 6.657547908002516   } 
   nonlocal_energyvar { 114.6028880261599   } 
   autocorr_energy { } 
} 

block { 
   label vmc
   totweight 307200
   nautocorr 0
   total_energy { -66.87942865166501   } 
   total_energyvar { 0.5239988812330614   } 
   weight { 1   } 
   weightvar { 0   } 
   kinetic_energy { 23.2261970340636   } 
   kinetic_energyvar { 74.98281237363872   } 
   potential_energy { -96.73182497001247   } 
   potential_energyvar { 83.33252750087193   } 
   nonlocal_energy { 6.626199284283874   } 
   nonlocal_energyvar { 111.6417789408327   } 
   autocorr_energy { } 
} 

block { 
   label vmc
   totweight 307200
   nautocorr 0
   total_energy { -66.88209105014641   } 
   total_energyvar { 1.236089755938293   } 
   weight { 1   } 
   weightvar { 0   } 
   kinetic_energy { 23.22736208655038   } 
   kinetic_energyvar { 75.88220612682221   } 
   potential_energy { -96.74505428243359   } 
   potential_energyvar { 83.1902084446948   } 
   nonlocal_energy { 6.6356011457368   } 
   nonlocal_energyvar { 114.5119819509799   } 
   autocorr_energy { } 
} 

block { 
   label vmc
   totweight 307200
   nautocorr 0
   total_energy { -66.88128793811217   } 
   total_energyvar { 0.5079976414289921   } 
   weight { 1   } 
   weightvar { 0   } 
   kinetic_energy { 23.23052446627961   } 
   kinetic_energyvar { 75.47645684097503   } 
   potential_energy { -96.72813107840901   } 
   potential_energyvar { 83.15536860639577   } 
   nonlocal_energy { 6.61631867401722   } 
   nonlocal_energyvar { 111.8066777928681   } 
   autocorr_energy { } 
} 

block { 
   label vmc
   totweight 307200
   nautocorr 0
   total_energy { -66.88039203048493   } 
   total_energyvar { 0.5137129345573885   } 
   weight { 1   } 
   weightvar { 0   } 
   kinetic_energy { 23.15363534662861   } 
   kinetic_energyvar { 76.33820105552427   } 
   potential_energy { -96.73819258978301   } 
   potential_energyvar { 83.78700008675784   } 
   nonlocal_energy { 6.704165212669484   } 
   nonlocal_energyvar { 115.4818397272535   } 
   autocorr_energy { } 
} 

block { 
   label vmc
   totweight 307200
   nautocorr 0
   total_energy { -66.88153365514624   } 
   total_energyvar { 0.5140261079611951   } 
   weight { 1   } 
   weightvar { 0   } 
   kinetic_energy { 23.18578203413885   } 
   kinetic_energyvar { 75.87533795768668   } 
   potential_energy { -96.72176210211117   } 
   potential_energyvar { 83.16716599913606   } 
   nonlocal_energy { 6.654446412826078   } 
   nonlocal_energyvar { 114.413367309754   } 
   autocorr_energy { } 
} 

block { 
   label vmc
   totweight 307200
   nautocorr 0
   total_energy { -66.87955362545443   } 
   total_energyvar { 0.5084993292469101   } 
   weight { 1   } 
   weightvar { 0   } 
   kinetic_energy { 23.23006639727488   } 
   kinetic_energyvar { 74.27446910084542   } 
   potential_energy { -96.69339457633212   } 
   potential_energyvar { 83.06587880359538   } 
   nonlocal_energy { 6.583774553602818   } 
   nonlocal_energyvar { 110.5113524653337   } 
   autocorr_energy { } 
} 

