#-------------------------------------------------
#DMC run: timestep 0.001
#-------------------------------------------------


init { 
   label spin_0.001
}
block { 
   label spin_0.001
   totweight 4352000
   nautocorr 0
   total_energy { -10.98237251755251   } 
   total_energyvar { 0.1545134281500953   } 
   weight { 0.9980936096295542   } 
   weightvar { 0.004680687359226798   } 
   kinetic_energy { 3.333966276825089   } 
   kinetic_energyvar { 4.2835951784286   } 
   potential_energy { -15.70006299471157   } 
   potential_energyvar { 4.778541057644811   } 
   nonlocal_energy { 1.383724200333969   } 
   nonlocal_energyvar { 6.635915420618137   } 
   autocorr_energy { } 
} 

block { 
   label spin_0.001
   totweight 4352000
   nautocorr 0
   total_energy { -10.98475589266951   } 
   total_energyvar { 0.1741086647044611   } 
   weight { 0.9975039437652379   } 
   weightvar { 0.0170697050481171   } 
   kinetic_energy { 3.358580628632502   } 
   kinetic_energyvar { 4.051416760368297   } 
   potential_energy { -15.69090133350404   } 
   potential_energyvar { 4.739114510425798   } 
   nonlocal_energy { 1.347564812202023   } 
   nonlocal_energyvar { 6.244638478216327   } 
   autocorr_energy { } 
} 

block { 
   label spin_0.001
   totweight 4352000
   nautocorr 0
   total_energy { -10.98850522756339   } 
   total_energyvar { 0.1668639359260917   } 
   weight { 0.9992609264265441   } 
   weightvar { 0.02921589118690893   } 
   kinetic_energy { 3.34607377045948   } 
   kinetic_energyvar { 4.127579531493534   } 
   potential_energy { -15.69977877146352   } 
   potential_energyvar { 4.784130486880098   } 
   nonlocal_energy { 1.365199773440654   } 
   nonlocal_energyvar { 6.371908190856004   } 
   autocorr_energy { } 
} 

block { 
   label spin_0.001
   totweight 4352000
   nautocorr 0
   total_energy { -10.98356627023021   } 
   total_energyvar { 0.1396854846890875   } 
   weight { 0.9970457063873416   } 
   weightvar { 0.040949819245916   } 
   kinetic_energy { 3.333448483581785   } 
   kinetic_energyvar { 4.039853329736479   } 
   potential_energy { -15.68170386393546   } 
   potential_energyvar { 4.691891577642802   } 
   nonlocal_energy { 1.364689110123453   } 
   nonlocal_energyvar { 6.324318925776299   } 
   autocorr_energy { } 
} 

block { 
   label spin_0.001
   totweight 4352000
   nautocorr 0
   total_energy { -10.98124006024198   } 
   total_energyvar { 0.1427238667112836   } 
   weight { 0.9946792450269442   } 
   weightvar { 0.05098592816633183   } 
   kinetic_energy { 3.339163262691526   } 
   kinetic_energyvar { 4.152496300316545   } 
   potential_energy { -15.68925046023646   } 
   potential_energyvar { 4.837983451937816   } 
   nonlocal_energy { 1.368847137302945   } 
   nonlocal_energyvar { 6.461333538073096   } 
   autocorr_energy { } 
} 

block { 
   label spin_0.001
   totweight 4352000
   nautocorr 0
   total_energy { -10.98664030077365   } 
   total_energyvar { 0.2234942857595614   } 
   weight { 0.9946742839307342   } 
   weightvar { 0.05888249227499377   } 
   kinetic_energy { 3.356368599156231   } 
   kinetic_energyvar { 4.26796639981661   } 
   potential_energy { -15.70573523632162   } 
   potential_energyvar { 4.733753910767155   } 
   nonlocal_energy { 1.362726336391737   } 
   nonlocal_energyvar { 6.516133501340565   } 
   autocorr_energy { } 
} 

block { 
   label spin_0.001
   totweight 4352000
   nautocorr 0
   total_energy { -10.98625520122127   } 
   total_energyvar { 0.1896033060948641   } 
   weight { 0.9958479323025766   } 
   weightvar { 0.06545696402840548   } 
   kinetic_energy { 3.368612825546538   } 
   kinetic_energyvar { 4.166720041784527   } 
   potential_energy { -15.70990151990383   } 
   potential_energyvar { 4.62933617085011   } 
   nonlocal_energy { 1.35503349313602   } 
   nonlocal_energyvar { 6.367221197345591   } 
   autocorr_energy { } 
} 

block { 
   label spin_0.001
   totweight 4352000
   nautocorr 0
   total_energy { -10.98643950187753   } 
   total_energyvar { 0.158222564684356   } 
   weight { 0.9964117407341976   } 
   weightvar { 0.07055738766959699   } 
   kinetic_energy { 3.360725161653979   } 
   kinetic_energyvar { 4.20940742392875   } 
   potential_energy { -15.72398781648985   } 
   potential_energyvar { 4.78252193312141   } 
   nonlocal_energy { 1.376823152958334   } 
   nonlocal_energyvar { 6.389235141879162   } 
   autocorr_energy { } 
} 

block { 
   label spin_0.001
   totweight 4352000
   nautocorr 0
   total_energy { -10.98336073772488   } 
   total_energyvar { 0.2418567093391007   } 
   weight { 0.9948884839435242   } 
   weightvar { 0.07493136800302894   } 
   kinetic_energy { 3.356048450840753   } 
   kinetic_energyvar { 4.447689019987056   } 
   potential_energy { -15.74084664574053   } 
   potential_energyvar { 4.831851765302507   } 
   nonlocal_energy { 1.401437457174899   } 
   nonlocal_energyvar { 6.90933888142928   } 
   autocorr_energy { } 
} 

block { 
   label spin_0.001
   totweight 4352000
   nautocorr 0
   total_energy { -10.98529529694976   } 
   total_energyvar { 0.1598289771962011   } 
   weight { 0.9938471825931612   } 
   weightvar { 0.08029791582004871   } 
   kinetic_energy { 3.360375268465775   } 
   kinetic_energyvar { 4.165825788640391   } 
   potential_energy { -15.73706690456465   } 
   potential_energyvar { 4.745190202526499   } 
   nonlocal_energy { 1.391396339149119   } 
   nonlocal_energyvar { 6.561952513862219   } 
   autocorr_energy { } 
} 

block { 
   label spin_0.001
   totweight 4352000
   nautocorr 0
   total_energy { -10.98579159125358   } 
   total_energyvar { 0.1593730035174135   } 
   weight { 0.9957378567509226   } 
   weightvar { 0.08239307806539929   } 
   kinetic_energy { 3.39035782451216   } 
   kinetic_energyvar { 4.05267591326279   } 
   potential_energy { -15.73889734842319   } 
   potential_energyvar { 4.659355239400048   } 
   nonlocal_energy { 1.362747932657451   } 
   nonlocal_energyvar { 6.225272058257211   } 
   autocorr_energy { } 
} 

block { 
   label spin_0.001
   totweight 4352000
   nautocorr 0
   total_energy { -10.9859549265807   } 
   total_energyvar { 0.1768306744819956   } 
   weight { 0.9951630423747122   } 
   weightvar { 0.08206370531972144   } 
   kinetic_energy { 3.347974819954669   } 
   kinetic_energyvar { 4.221431158653703   } 
   potential_energy { -15.68740795154062   } 
   potential_energyvar { 4.763439542830599   } 
   nonlocal_energy { 1.353478205005245   } 
   nonlocal_energyvar { 6.486567725008558   } 
   autocorr_energy { } 
} 

block { 
   label spin_0.001
   totweight 4352000
   nautocorr 0
   total_energy { -10.98502117753423   } 
   total_energyvar { 0.1947351878420327   } 
   weight { 0.9952978572746602   } 
   weightvar { 0.08389562448433739   } 
   kinetic_energy { 3.340146383217019   } 
   kinetic_energyvar { 4.284687522871906   } 
   potential_energy { -15.67121457280643   } 
   potential_energyvar { 4.734759504311756   } 
   nonlocal_energy { 1.346047012055186   } 
   nonlocal_energyvar { 6.542948257009065   } 
   autocorr_energy { } 
} 

block { 
   label spin_0.001
   totweight 4352000
   nautocorr 0
   total_energy { -10.98080354036922   } 
   total_energyvar { 0.1977910293840221   } 
   weight { 0.9933204209199116   } 
   weightvar { 0.08553659899918969   } 
   kinetic_energy { 3.360243568914058   } 
   kinetic_energyvar { 4.418305246742791   } 
   potential_energy { -15.72102597675355   } 
   potential_energyvar { 4.766364631345516   } 
   nonlocal_energy { 1.37997886747027   } 
   nonlocal_energyvar { 6.840553947103684   } 
   autocorr_energy { } 
} 

block { 
   label spin_0.001
   totweight 4352000
   nautocorr 0
   total_energy { -10.98495173583379   } 
   total_energyvar { 0.1582587504612313   } 
   weight { 0.993259579330889   } 
   weightvar { 0.08673795043108441   } 
   kinetic_energy { 3.373332401097935   } 
   kinetic_energyvar { 4.073981775945531   } 
   potential_energy { -15.71870156664707   } 
   potential_energyvar { 4.677410619195912   } 
   nonlocal_energy { 1.360417429715346   } 
   nonlocal_energyvar { 6.269872241957816   } 
   autocorr_energy { } 
} 

block { 
   label spin_0.001
   totweight 4352000
   nautocorr 0
   total_energy { -10.98289510218595   } 
   total_energyvar { 0.193287286259519   } 
   weight { 0.9934153305098176   } 
   weightvar { 0.08790558585974682   } 
   kinetic_energy { 3.367099906828752   } 
   kinetic_energyvar { 4.440152557284303   } 
   potential_energy { -15.7411627834528   } 
   potential_energyvar { 4.720954782625444   } 
   nonlocal_energy { 1.391167774438097   } 
   nonlocal_energyvar { 6.755480427663608   } 
   autocorr_energy { } 
} 

block { 
   label spin_0.001
   totweight 4352000
   nautocorr 0
   total_energy { -10.98373582132993   } 
   total_energyvar { 0.1554855821373943   } 
   weight { 0.9939676641981903   } 
   weightvar { 0.0892201468575195   } 
   kinetic_energy { 3.395756478314815   } 
   kinetic_energyvar { 4.211053729998816   } 
   potential_energy { -15.75385235855696   } 
   potential_energyvar { 4.91016302711096   } 
   nonlocal_energy { 1.374360058912216   } 
   nonlocal_energyvar { 6.4977927168555   } 
   autocorr_energy { } 
} 

block { 
   label spin_0.001
   totweight 4352000
   nautocorr 0
   total_energy { -10.98555226642905   } 
   total_energyvar { 0.1671159188179644   } 
   weight { 0.9941435082898521   } 
   weightvar { 0.08894639995557983   } 
   kinetic_energy { 3.369007247076869   } 
   kinetic_energyvar { 4.296352647369312   } 
   potential_energy { -15.74812029035385   } 
   potential_energyvar { 4.872790062923115   } 
   nonlocal_energy { 1.393560776847932   } 
   nonlocal_energyvar { 6.669714379044406   } 
   autocorr_energy { } 
} 

block { 
   label spin_0.001
   totweight 4352000
   nautocorr 0
   total_energy { -10.98651762766232   } 
   total_energyvar { 0.1627776201032339   } 
   weight { 0.9959226472943001   } 
   weightvar { 0.09001014766876438   } 
   kinetic_energy { 3.37033034471018   } 
   kinetic_energyvar { 4.25690374672547   } 
   potential_energy { -15.74013033844232   } 
   potential_energyvar { 4.751072814632897   } 
   nonlocal_energy { 1.383282366069821   } 
   nonlocal_energyvar { 6.556567619636274   } 
   autocorr_energy { } 
} 

block { 
   label spin_0.001
   totweight 4352000
   nautocorr 0
   total_energy { -10.98282624752174   } 
   total_energyvar { 0.1614601849078667   } 
   weight { 0.9958447270023415   } 
   weightvar { 0.08895594750753896   } 
   kinetic_energy { 3.357342627929896   } 
   kinetic_energyvar { 4.141594235451036   } 
   potential_energy { -15.69684203352895   } 
   potential_energyvar { 4.707987572009563   } 
   nonlocal_energy { 1.356673158077312   } 
   nonlocal_energyvar { 6.323029958295089   } 
   autocorr_energy { } 
} 

block { 
   label spin_0.001
   totweight 4352000
   nautocorr 0
   total_energy { -10.98438110940506   } 
   total_energyvar { 0.1585682449139116   } 
   weight { 0.9942900675114718   } 
   weightvar { 0.08821393017949697   } 
   kinetic_energy { 3.349446326425368   } 
   kinetic_energyvar { 4.093816526948048   } 
   potential_energy { -15.68952731884661   } 
   potential_energyvar { 4.605012394743452   } 
   nonlocal_energy { 1.355699883016177   } 
   nonlocal_energyvar { 6.307665196575813   } 
   autocorr_energy { } 
} 

block { 
   label spin_0.001
   totweight 4352000
   nautocorr 0
   total_energy { -10.98454163485873   } 
   total_energyvar { 0.1767792195416674   } 
   weight { 0.9949088517900285   } 
   weightvar { 0.08739445445677099   } 
   kinetic_energy { 3.37172562121046   } 
   kinetic_energyvar { 4.188570376593869   } 
   potential_energy { -15.73833273045528   } 
   potential_energyvar { 4.6796068639157   } 
   nonlocal_energy { 1.382065474386086   } 
   nonlocal_energyvar { 6.545142524469695   } 
   autocorr_energy { } 
} 

block { 
   label spin_0.001
   totweight 4352000
   nautocorr 0
   total_energy { -10.98196995195415   } 
   total_energyvar { 0.1614576482298393   } 
   weight { 0.9938888044140718   } 
   weightvar { 0.08755950127664269   } 
   kinetic_energy { 3.363320491828344   } 
   kinetic_energyvar { 4.258646127271301   } 
   potential_energy { -15.73126746149758   } 
   potential_energyvar { 4.813557922267365   } 
   nonlocal_energy { 1.385977017715084   } 
   nonlocal_energyvar { 6.684907722434257   } 
   autocorr_energy { } 
} 

block { 
   label spin_0.001
   totweight 4352000
   nautocorr 0
   total_energy { -10.98511486072028   } 
   total_energyvar { 0.176111837975365   } 
   weight { 0.9945408245705915   } 
   weightvar { 0.08795761043184239   } 
   kinetic_energy { 3.359374901159776   } 
   kinetic_energyvar { 4.361293045675882   } 
   potential_energy { -15.71214792521379   } 
   potential_energyvar { 4.766762665632174   } 
   nonlocal_energy { 1.367658163333722   } 
   nonlocal_energyvar { 6.625282486134852   } 
   autocorr_energy { } 
} 

block { 
   label spin_0.001
   totweight 4352000
   nautocorr 0
   total_energy { -10.98707669530554   } 
   total_energyvar { 0.1718245328438706   } 
   weight { 0.9956397544601147   } 
   weightvar { 0.0870703885212824   } 
   kinetic_energy { 3.351333667166414   } 
   kinetic_energyvar { 4.334545087723834   } 
   potential_energy { -15.7186085854988   } 
   potential_energyvar { 4.744637861895487   } 
   nonlocal_energy { 1.380198223026847   } 
   nonlocal_energyvar { 6.628170740922521   } 
   autocorr_energy { } 
} 

block { 
   label spin_0.001
   totweight 4352000
   nautocorr 0
   total_energy { -10.98104130113394   } 
   total_energyvar { 0.2204715716519353   } 
   weight { 0.9954481045414055   } 
   weightvar { 0.08595008221226003   } 
   kinetic_energy { 3.372981453982602   } 
   kinetic_energyvar { 4.169891499430143   } 
   potential_energy { -15.72935058727048   } 
   potential_energyvar { 5.098852078059076   } 
   nonlocal_energy { 1.375327832153934   } 
   nonlocal_energyvar { 6.399005037342733   } 
   autocorr_energy { } 
} 

block { 
   label spin_0.001
   totweight 4352000
   nautocorr 0
   total_energy { -10.98316702252661   } 
   total_energyvar { 0.156748578138774   } 
   weight { 0.9939768496401082   } 
   weightvar { 0.0846357049691442   } 
   kinetic_energy { 3.377455323889582   } 
   kinetic_energyvar { 4.031766222059679   } 
   potential_energy { -15.72802042883142   } 
   potential_energyvar { 4.780283202914354   } 
   nonlocal_energy { 1.367398082415236   } 
   nonlocal_energyvar { 6.331152060012181   } 
   autocorr_energy { } 
} 

block { 
   label spin_0.001
   totweight 4352000
   nautocorr 0
   total_energy { -10.98593107962213   } 
   total_energyvar { 0.3125064614368978   } 
   weight { 0.9948646665538917   } 
   weightvar { 0.08538259545689121   } 
   kinetic_energy { 3.356923370880389   } 
   kinetic_energyvar { 4.322706830412621   } 
   potential_energy { -15.71578840324547   } 
   potential_energyvar { 4.727798348628151   } 
   nonlocal_energy { 1.372933952742947   } 
   nonlocal_energyvar { 6.393303790399805   } 
   autocorr_energy { } 
} 

block { 
   label spin_0.001
   totweight 4352000
   nautocorr 0
   total_energy { -10.98544388108311   } 
   total_energyvar { 0.141091462953768   } 
   weight { 0.9961285512224675   } 
   weightvar { 0.08679964274023154   } 
   kinetic_energy { 3.353019429984063   } 
   kinetic_energyvar { 4.088217901169027   } 
   potential_energy { -15.71386544916624   } 
   potential_energyvar { 4.660928958637304   } 
   nonlocal_energy { 1.37540213809906   } 
   nonlocal_energyvar { 6.341468771246679   } 
   autocorr_energy { } 
} 

block { 
   label spin_0.001
   totweight 4352000
   nautocorr 0
   total_energy { -10.98732906702376   } 
   total_energyvar { 0.1549251092287077   } 
   weight { 0.9967556196841135   } 
   weightvar { 0.08694497480939305   } 
   kinetic_energy { 3.360944442062737   } 
   kinetic_energyvar { 4.21829032490036   } 
   potential_energy { -15.73844831497933   } 
   potential_energyvar { 4.733216129829551   } 
   nonlocal_energy { 1.39017480589283   } 
   nonlocal_energyvar { 6.481622885887395   } 
   autocorr_energy { } 
} 

block { 
   label spin_0.001
   totweight 4352000
   nautocorr 0
   total_energy { -10.98557398260488   } 
   total_energyvar { 0.1723388536554195   } 
   weight { 0.9966603615116574   } 
   weightvar { 0.08528561964694858   } 
   kinetic_energy { 3.341160138084423   } 
   kinetic_energyvar { 4.249717418761406   } 
   potential_energy { -15.71804555211675   } 
   potential_energyvar { 4.771042590996654   } 
   nonlocal_energy { 1.391311431427452   } 
   nonlocal_energyvar { 6.612380565261414   } 
   autocorr_energy { } 
} 

block { 
   label spin_0.001
   totweight 4352000
   nautocorr 0
   total_energy { -10.98403547377864   } 
   total_energyvar { 0.1934040257094718   } 
   weight { 0.9957484974216654   } 
   weightvar { 0.08682534756369113   } 
   kinetic_energy { 3.343314978011008   } 
   kinetic_energyvar { 4.257220118732947   } 
   potential_energy { -15.69864038438668   } 
   potential_energyvar { 4.76426234437219   } 
   nonlocal_energy { 1.371289932597037   } 
   nonlocal_energyvar { 6.709175802181547   } 
   autocorr_energy { } 
} 

block { 
   label spin_0.001
   totweight 4352000
   nautocorr 0
   total_energy { -10.98839719830805   } 
   total_energyvar { 0.2792103132627977   } 
   weight { 0.9959427455384275   } 
   weightvar { 0.08809224829542442   } 
   kinetic_energy { 3.390801605902183   } 
   kinetic_energyvar { 4.258577591940045   } 
   potential_energy { -15.74346880250741   } 
   potential_energyvar { 4.690857227602487   } 
   nonlocal_energy { 1.364269998297176   } 
   nonlocal_energyvar { 6.416995954571067   } 
   autocorr_energy { } 
} 

block { 
   label spin_0.001
   totweight 4352000
   nautocorr 0
   total_energy { -10.9906119299662   } 
   total_energyvar { 0.1500036015263647   } 
   weight { 0.9992308000052328   } 
   weightvar { 0.08864135252830954   } 
   kinetic_energy { 3.386603737483839   } 
   kinetic_energyvar { 4.077942714269736   } 
   potential_energy { -15.73949339587553   } 
   potential_energyvar { 4.685433631421475   } 
   nonlocal_energy { 1.362277728425484   } 
   nonlocal_energyvar { 6.295596897134303   } 
   autocorr_energy { } 
} 

block { 
   label spin_0.001
   totweight 4352000
   nautocorr 0
   total_energy { -10.98646843479335   } 
   total_energyvar { 0.1601994665564983   } 
   weight { 0.998470265922009   } 
   weightvar { 0.08767835942187685   } 
   kinetic_energy { 3.383990964054446   } 
   kinetic_energyvar { 4.088908760827468   } 
   potential_energy { -15.73476663457167   } 
   potential_energyvar { 4.674522511534878   } 
   nonlocal_energy { 1.364307235723877   } 
   nonlocal_energyvar { 6.229631209673267   } 
   autocorr_energy { } 
} 

block { 
   label spin_0.001
   totweight 4352000
   nautocorr 0
   total_energy { -10.98739979435463   } 
   total_energyvar { 0.1404096305771468   } 
   weight { 0.9976423885993068   } 
   weightvar { 0.08724115983785345   } 
   kinetic_energy { 3.377766582120584   } 
   kinetic_energyvar { 3.978004594091619   } 
   potential_energy { -15.70932505823879   } 
   potential_energyvar { 4.767360985856699   } 
   nonlocal_energy { 1.344158681763577   } 
   nonlocal_energyvar { 6.068065565817835   } 
   autocorr_energy { } 
} 

block { 
   label spin_0.001
   totweight 4352000
   nautocorr 0
   total_energy { -10.98675517624678   } 
   total_energyvar { 0.1998110386585131   } 
   weight { 0.9974735801834731   } 
   weightvar { 0.08819886233485594   } 
   kinetic_energy { 3.355391378786496   } 
   kinetic_energyvar { 4.397205186207376   } 
   potential_energy { -15.71248449853754   } 
   potential_energyvar { 4.794969838565708   } 
   nonlocal_energy { 1.370337943504262   } 
   nonlocal_energyvar { 6.622901471756687   } 
   autocorr_energy { } 
} 

block { 
   label spin_0.001
   totweight 4352000
   nautocorr 0
   total_energy { -10.98323495904915   } 
   total_energyvar { 0.1620826393419537   } 
   weight { 0.9952066779932256   } 
   weightvar { 0.08861184716940142   } 
   kinetic_energy { 3.358621412719055   } 
   kinetic_energyvar { 4.153042483218229   } 
   potential_energy { -15.70216829216214   } 
   potential_energyvar { 4.655604751806149   } 
   nonlocal_energy { 1.360311920393938   } 
   nonlocal_energyvar { 6.412434817231579   } 
   autocorr_energy { } 
} 

block { 
   label spin_0.001
   totweight 4352000
   nautocorr 0
   total_energy { -10.98755952861897   } 
   total_energyvar { 0.1536038240905093   } 
   weight { 0.9960324664295948   } 
   weightvar { 0.08821692820906188   } 
   kinetic_energy { 3.347703238862779   } 
   kinetic_energyvar { 4.215720591696573   } 
   potential_energy { -15.73314424564783   } 
   potential_energyvar { 4.821068687631599   } 
   nonlocal_energy { 1.397881478166087   } 
   nonlocal_energyvar { 6.587059450082387   } 
   autocorr_energy { } 
} 

block { 
   label spin_0.001
   totweight 4352000
   nautocorr 0
   total_energy { -10.99006902193706   } 
   total_energyvar { 0.1712013530613234   } 
   weight { 0.9978503731461655   } 
   weightvar { 0.08815137032680896   } 
   kinetic_energy { 3.341536746441375   } 
   kinetic_energyvar { 4.246388232400679   } 
   potential_energy { -15.70292909068715   } 
   potential_energyvar { 4.706377157925886   } 
   nonlocal_energy { 1.37132332230871   } 
   nonlocal_energyvar { 6.445800822874237   } 
   autocorr_energy { } 
} 

block { 
   label spin_0.001
   totweight 4352000
   nautocorr 0
   total_energy { -10.98558212765052   } 
   total_energyvar { 0.1657245348806603   } 
   weight { 0.9978424284072385   } 
   weightvar { 0.08635310475021918   } 
   kinetic_energy { 3.375923151376814   } 
   kinetic_energyvar { 4.159608388608696   } 
   potential_energy { -15.74209313605262   } 
   potential_energyvar { 4.677447296061845   } 
   nonlocal_energy { 1.38058785702529   } 
   nonlocal_energyvar { 6.452318506671295   } 
   autocorr_energy { } 
} 

block { 
   label spin_0.001
   totweight 4352000
   nautocorr 0
   total_energy { -10.98915936888918   } 
   total_energyvar { 0.1636284321054281   } 
   weight { 0.9975144934643626   } 
   weightvar { 0.08678564969406977   } 
   kinetic_energy { 3.385466062106145   } 
   kinetic_energyvar { 4.226334952857128   } 
   potential_energy { -15.74879490737672   } 
   potential_energyvar { 4.692512960539058   } 
   nonlocal_energy { 1.374169476381391   } 
   nonlocal_energyvar { 6.490206949553451   } 
   autocorr_energy { } 
} 

block { 
   label spin_0.001
   totweight 4352000
   nautocorr 0
   total_energy { -10.98807906293301   } 
   total_energyvar { 0.1990747522214369   } 
   weight { 0.997722099904889   } 
   weightvar { 0.08691315649587956   } 
   kinetic_energy { 3.343707539660273   } 
   kinetic_energyvar { 4.340939455949607   } 
   potential_energy { -15.70287871337972   } 
   potential_energyvar { 4.670260570733634   } 
   nonlocal_energy { 1.371092110786436   } 
   nonlocal_energyvar { 6.671936463530143   } 
   autocorr_energy { } 
} 

block { 
   label spin_0.001
   totweight 4352000
   nautocorr 0
   total_energy { -10.98560574404515   } 
   total_energyvar { 0.139510207231605   } 
   weight { 0.997188239503106   } 
   weightvar { 0.08712927787657841   } 
   kinetic_energy { 3.359204467986788   } 
   kinetic_energyvar { 4.074771587330996   } 
   potential_energy { -15.71671162925325   } 
   potential_energyvar { 4.640379144309136   } 
   nonlocal_energy { 1.371901417221312   } 
   nonlocal_energyvar { 6.384084484408901   } 
   autocorr_energy { } 
} 

block { 
   label spin_0.001
   totweight 4352000
   nautocorr 0
   total_energy { -10.98478060196341   } 
   total_energyvar { 0.1657264860786211   } 
   weight { 0.9957592604061702   } 
   weightvar { 0.08820062946974327   } 
   kinetic_energy { 3.379343079495263   } 
   kinetic_energyvar { 4.17479093645835   } 
   potential_energy { -15.74324760216952   } 
   potential_energyvar { 4.775665303963159   } 
   nonlocal_energy { 1.379123920710849   } 
   nonlocal_energyvar { 6.385166083626791   } 
   autocorr_energy { } 
} 

block { 
   label spin_0.001
   totweight 4352000
   nautocorr 0
   total_energy { -10.98794002916627   } 
   total_energyvar { 0.1441355227278882   } 
   weight { 0.9964164973658679   } 
   weightvar { 0.08799985912525406   } 
   kinetic_energy { 3.359020940348497   } 
   kinetic_energyvar { 4.118821259156647   } 
   potential_energy { -15.73565489879752   } 
   potential_energyvar { 4.74748846093386   } 
   nonlocal_energy { 1.388693929282744   } 
   nonlocal_energyvar { 6.452187636997835   } 
   autocorr_energy { } 
} 

block { 
   label spin_0.001
   totweight 4352000
   nautocorr 0
   total_energy { -10.98269511047233   } 
   total_energyvar { 0.1468339497057084   } 
   weight { 0.9953945755958737   } 
   weightvar { 0.08893220252818816   } 
   kinetic_energy { 3.366035080637901   } 
   kinetic_energyvar { 4.212491333022923   } 
   potential_energy { -15.73143485057715   } 
   potential_energyvar { 4.803790723841312   } 
   nonlocal_energy { 1.382704659466914   } 
   nonlocal_energyvar { 6.483108884591913   } 
   autocorr_energy { } 
} 

block { 
   label spin_0.001
   totweight 4352000
   nautocorr 0
   total_energy { -10.98607276702157   } 
   total_energyvar { 0.3401507087447304   } 
   weight { 0.994357908851774   } 
   weightvar { 0.08903091038830799   } 
   kinetic_energy { 3.358219936032655   } 
   kinetic_energyvar { 4.518970291284748   } 
   potential_energy { -15.73361533633832   } 
   potential_energyvar { 4.775940885439987   } 
   nonlocal_energy { 1.389322633284098   } 
   nonlocal_energyvar { 6.584682111027112   } 
   autocorr_energy { } 
} 

block { 
   label spin_0.001
   totweight 4352000
   nautocorr 0
   total_energy { -10.98546221387054   } 
   total_energyvar { 0.1259262651543132   } 
   weight { 0.9956126362805566   } 
   weightvar { 0.08942418042811422   } 
   kinetic_energy { 3.365425036714675   } 
   kinetic_energyvar { 3.893868536420764   } 
   potential_energy { -15.70558291595317   } 
   potential_energyvar { 4.681532809968863   } 
   nonlocal_energy { 1.354695665367967   } 
   nonlocal_energyvar { 6.094599079906665   } 
   autocorr_energy { } 
} 

block { 
   label spin_0.001
   totweight 4352000
   nautocorr 0
   total_energy { -10.98276078761938   } 
   total_energyvar { 0.1760658034832289   } 
   weight { 0.9951284077630778   } 
   weightvar { 0.0886149391696683   } 
   kinetic_energy { 3.380567675893742   } 
   kinetic_energyvar { 3.910573609035823   } 
   potential_energy { -15.71995691045434   } 
   potential_energyvar { 4.721037067683267   } 
   nonlocal_energy { 1.356628446941219   } 
   nonlocal_energyvar { 6.106329417688954   } 
   autocorr_energy { } 
} 

