#-------------------------------------------------
#VMC run: timestep 0.42 nconfig 3072 steps 20
#-------------------------------------------------


init { 
   label vmc
}
block { 
   label vmc
   totweight 61440
   nautocorr 0
   total_energy { -7.908227870033773   } 
   total_energyvar { 0.4926968377117946   } 
   weight { 1   } 
   weightvar { 0   } 
   kinetic_energy { 2.544453620634906   } 
   kinetic_energyvar { 2.714768725124628   } 
   potential_energy { -11.36195180959258   } 
   potential_energyvar { 3.513197926393214   } 
   nonlocal_energy { 0.9092703189239041   } 
   nonlocal_energyvar { 4.434981424353298   } 
   autocorr_energy { } 
} 

block { 
   label vmc
   totweight 61440
   nautocorr 0
   total_energy { -7.90475491540206   } 
   total_energyvar { 0.5971616944287217   } 
   weight { 1   } 
   weightvar { 0   } 
   kinetic_energy { 2.561828499337542   } 
   kinetic_energyvar { 2.655822085092993   } 
   potential_energy { -11.35870779506527   } 
   potential_energyvar { 3.628829468608421   } 
   nonlocal_energy { 0.8921243803256745   } 
   nonlocal_energyvar { 4.231629788436363   } 
   autocorr_energy { } 
} 

block { 
   label vmc
   totweight 61440
   nautocorr 0
   total_energy { -7.895461935227314   } 
   total_energyvar { 0.5209845935248534   } 
   weight { 1   } 
   weightvar { 0   } 
   kinetic_energy { 2.553000161701483   } 
   kinetic_energyvar { 2.773175847050311   } 
   potential_energy { -11.34723704799623   } 
   potential_energyvar { 3.551004441660693   } 
   nonlocal_energy { 0.898774951067431   } 
   nonlocal_energyvar { 4.454766169277336   } 
   autocorr_energy { } 
} 

block { 
   label vmc
   totweight 61440
   nautocorr 0
   total_energy { -7.896572252745107   } 
   total_energyvar { 0.5191768726505407   } 
   weight { 1   } 
   weightvar { 0   } 
   kinetic_energy { 2.542893295574663   } 
   kinetic_energyvar { 2.679185427785594   } 
   potential_energy { -11.32017062152626   } 
   potential_energyvar { 3.548196410156809   } 
   nonlocal_energy { 0.8807050732064881   } 
   nonlocal_energyvar { 4.231196154052537   } 
   autocorr_energy { } 
} 

block { 
   label vmc
   totweight 61440
   nautocorr 0
   total_energy { -7.897933513696638   } 
   total_energyvar { 0.5389618458384058   } 
   weight { 1   } 
   weightvar { 0   } 
   kinetic_energy { 2.572382477465506   } 
   kinetic_energyvar { 2.750029028740988   } 
   potential_energy { -11.36035073774551   } 
   potential_energyvar { 3.596777991288529   } 
   nonlocal_energy { 0.8900347465833639   } 
   nonlocal_energyvar { 4.404036672890567   } 
   autocorr_energy { } 
} 

block { 
   label vmc
   totweight 61440
   nautocorr 0
   total_energy { -7.904698908249554   } 
   total_energyvar { 0.5108493597043668   } 
   weight { 1   } 
   weightvar { 0   } 
   kinetic_energy { 2.565977665402538   } 
   kinetic_energyvar { 2.6032625967871   } 
   potential_energy { -11.36123862180534   } 
   potential_energyvar { 3.525858844465975   } 
   nonlocal_energy { 0.8905620481532425   } 
   nonlocal_energyvar { 4.245221311439904   } 
   autocorr_energy { } 
} 

block { 
   label vmc
   totweight 61440
   nautocorr 0
   total_energy { -7.89962036359833   } 
   total_energyvar { 0.6108586226443407   } 
   weight { 1   } 
   weightvar { 0   } 
   kinetic_energy { 2.561435274752887   } 
   kinetic_energyvar { 2.788676608030459   } 
   potential_energy { -11.34468998753548   } 
   potential_energyvar { 3.636748368238353   } 
   nonlocal_energy { 0.8836343491842636   } 
   nonlocal_energyvar { 4.381317781958592   } 
   autocorr_energy { } 
} 

block { 
   label vmc
   totweight 61440
   nautocorr 0
   total_energy { -7.90142752920006   } 
   total_energyvar { 0.6134039644263993   } 
   weight { 1   } 
   weightvar { 0   } 
   kinetic_energy { 2.571968496226968   } 
   kinetic_energyvar { 2.591773306092197   } 
   potential_energy { -11.35754013715617   } 
   potential_energyvar { 3.589800006109956   } 
   nonlocal_energy { 0.8841441117291374   } 
   nonlocal_energyvar { 4.143399246003326   } 
   autocorr_energy { } 
} 

block { 
   label vmc
   totweight 61440
   nautocorr 0
   total_energy { -7.907646273959244   } 
   total_energyvar { 0.5097252875760038   } 
   weight { 1   } 
   weightvar { 0   } 
   kinetic_energy { 2.557641198033342   } 
   kinetic_energyvar { 2.631124495330639   } 
   potential_energy { -11.35588773762337   } 
   potential_energyvar { 3.486073188778301   } 
   nonlocal_energy { 0.8906002656307873   } 
   nonlocal_energyvar { 4.243012922936098   } 
   autocorr_energy { } 
} 

block { 
   label vmc
   totweight 61440
   nautocorr 0
   total_energy { -7.891014756113975   } 
   total_energyvar { 0.5618289225555139   } 
   weight { 1   } 
   weightvar { 0   } 
   kinetic_energy { 2.560994333266047   } 
   kinetic_energyvar { 2.743238416197725   } 
   potential_energy { -11.34766198931406   } 
   potential_energyvar { 3.606218917399281   } 
   nonlocal_energy { 0.8956528999340339   } 
   nonlocal_energyvar { 4.411231386016887   } 
   autocorr_energy { } 
} 

block { 
   label vmc
   totweight 61440
   nautocorr 0
   total_energy { -7.901009428015438   } 
   total_energyvar { 0.5706335213145181   } 
   weight { 1   } 
   weightvar { 0   } 
   kinetic_energy { 2.549850566679217   } 
   kinetic_energyvar { 2.82564847038099   } 
   potential_energy { -11.36261975707874   } 
   potential_energyvar { 3.661872181705552   } 
   nonlocal_energy { 0.9117597623840841   } 
   nonlocal_energyvar { 4.634678334505265   } 
   autocorr_energy { } 
} 

block { 
   label vmc
   totweight 61440
   nautocorr 0
   total_energy { -7.902836571824332   } 
   total_energyvar { 0.5382251171119602   } 
   weight { 1   } 
   weightvar { 0   } 
   kinetic_energy { 2.566537183183812   } 
   kinetic_energyvar { 2.623400753622011   } 
   potential_energy { -11.34520210943667   } 
   potential_energyvar { 3.553208822133545   } 
   nonlocal_energy { 0.8758283544285256   } 
   nonlocal_energyvar { 4.12804521220268   } 
   autocorr_energy { } 
} 

block { 
   label vmc
   totweight 61440
   nautocorr 0
   total_energy { -7.897503287180896   } 
   total_energyvar { 0.5277354168679596   } 
   weight { 1   } 
   weightvar { 0   } 
   kinetic_energy { 2.552395702847682   } 
   kinetic_energyvar { 2.678045943075512   } 
   potential_energy { -11.32728534107069   } 
   potential_energyvar { 3.518885362642616   } 
   nonlocal_energy { 0.8773863510421103   } 
   nonlocal_energyvar { 4.241738211050823   } 
   autocorr_energy { } 
} 

block { 
   label vmc
   totweight 61440
   nautocorr 0
   total_energy { -7.904626429023758   } 
   total_energyvar { 0.5479215178381182   } 
   weight { 1   } 
   weightvar { 0   } 
   kinetic_energy { 2.558671242843894   } 
   kinetic_energyvar { 2.685349991093766   } 
   potential_energy { -11.36162968882775   } 
   potential_energyvar { 3.557275921053947   } 
   nonlocal_energy { 0.8983320169601007   } 
   nonlocal_energyvar { 4.308897161774746   } 
   autocorr_energy { } 
} 

block { 
   label vmc
   totweight 61440
   nautocorr 0
   total_energy { -7.897610080986587   } 
   total_energyvar { 0.5307989915354925   } 
   weight { 1   } 
   weightvar { 0   } 
   kinetic_energy { 2.540451137190563   } 
   kinetic_energyvar { 2.653890402099231   } 
   potential_energy { -11.32367598430713   } 
   potential_energyvar { 3.570877043291549   } 
   nonlocal_energy { 0.8856147661299751   } 
   nonlocal_energyvar { 4.30014567539242   } 
   autocorr_energy { } 
} 

block { 
   label vmc
   totweight 61440
   nautocorr 0
   total_energy { -7.892080593291911   } 
   total_energyvar { 0.5421489843666717   } 
   weight { 1   } 
   weightvar { 0   } 
   kinetic_energy { 2.559610547796298   } 
   kinetic_energyvar { 2.701455000562535   } 
   potential_energy { -11.33508386918268   } 
   potential_energyvar { 3.5712366495319   } 
   nonlocal_energy { 0.8833927280944683   } 
   nonlocal_energyvar { 4.298850565483258   } 
   autocorr_energy { } 
} 

block { 
   label vmc
   totweight 61440
   nautocorr 0
   total_energy { -7.89984423291188   } 
   total_energyvar { 0.5223953945261475   } 
   weight { 1   } 
   weightvar { 0   } 
   kinetic_energy { 2.556090956486816   } 
   kinetic_energyvar { 2.676409883974016   } 
   potential_energy { -11.34745240739134   } 
   potential_energyvar { 3.546609908097069   } 
   nonlocal_energy { 0.8915172179926443   } 
   nonlocal_energyvar { 4.362155340966889   } 
   autocorr_energy { } 
} 

block { 
   label vmc
   totweight 61440
   nautocorr 0
   total_energy { -7.90069957999201   } 
   total_energyvar { 0.6478999631889243   } 
   weight { 1   } 
   weightvar { 0   } 
   kinetic_energy { 2.558656242893295   } 
   kinetic_energyvar { 2.666986975629647   } 
   potential_energy { -11.36425726809309   } 
   potential_energyvar { 3.670856123206716   } 
   nonlocal_energy { 0.904901445207781   } 
   nonlocal_energyvar { 4.441233380170871   } 
   autocorr_energy { } 
} 

block { 
   label vmc
   totweight 61440
   nautocorr 0
   total_energy { -7.89711560634301   } 
   total_energyvar { 0.5433031129568985   } 
   weight { 1   } 
   weightvar { 0   } 
   kinetic_energy { 2.553309731190673   } 
   kinetic_energyvar { 2.66646246170091   } 
   potential_energy { -11.3310653644706   } 
   potential_energyvar { 3.562176613161839   } 
   nonlocal_energy { 0.880640026936918   } 
   nonlocal_energyvar { 4.259513289422562   } 
   autocorr_energy { } 
} 

block { 
   label vmc
   totweight 61440
   nautocorr 0
   total_energy { -7.903845843808814   } 
   total_energyvar { 0.6292213626972871   } 
   weight { 1   } 
   weightvar { 0   } 
   kinetic_energy { 2.547594722960663   } 
   kinetic_energyvar { 2.70411362596579   } 
   potential_energy { -11.33721723405546   } 
   potential_energyvar { 3.613245838793694   } 
   nonlocal_energy { 0.8857766672859848   } 
   nonlocal_energyvar { 4.329360027981497   } 
   autocorr_energy { } 
} 

