#-------------------------------------------------
#VMC run: timestep 0.42 nconfig 3072 steps 30
#-------------------------------------------------


init { 
   label vmc
}
block { 
   label vmc
   totweight 92160
   nautocorr 0
   total_energy { -104.3210708893763   } 
   total_energyvar { 4.243761233179819   } 
   weight { 1   } 
   weightvar { 0   } 
   kinetic_energy { 36.09200367797674   } 
   kinetic_energyvar { 109.7048697131433   } 
   potential_energy { -153.5095611333421   } 
   potential_energyvar { 175.5002113038977   } 
   nonlocal_energy { 13.09648656598915   } 
   nonlocal_energyvar { 200.0917510005391   } 
   autocorr_energy { } 
} 

block { 
   label vmc
   totweight 92160
   nautocorr 0
   total_energy { -104.3104613482929   } 
   total_energyvar { 4.135709814797274   } 
   weight { 1   } 
   weightvar { 0   } 
   kinetic_energy { 36.14104723632554   } 
   kinetic_energyvar { 110.1015246503551   } 
   potential_energy { -153.5743718233803   } 
   potential_energyvar { 175.7493857804884   } 
   nonlocal_energy { 13.12286323876185   } 
   nonlocal_energyvar { 197.3971979856539   } 
   autocorr_energy { } 
} 

block { 
   label vmc
   totweight 92160
   nautocorr 0
   total_energy { -104.3203194133027   } 
   total_energyvar { 4.112287399930324   } 
   weight { 1   } 
   weightvar { 0   } 
   kinetic_energy { 36.16080787189009   } 
   kinetic_energyvar { 108.5162811114621   } 
   potential_energy { -153.6082492079769   } 
   potential_energyvar { 175.474031179644   } 
   nonlocal_energy { 13.12712192278417   } 
   nonlocal_energyvar { 193.3238923186855   } 
   autocorr_energy { } 
} 

block { 
   label vmc
   totweight 92160
   nautocorr 0
   total_energy { -104.3181160611023   } 
   total_energyvar { 4.041995969594026   } 
   weight { 1   } 
   weightvar { 0   } 
   kinetic_energy { 36.12476505600397   } 
   kinetic_energyvar { 110.8543732868071   } 
   potential_energy { -153.5440869492149   } 
   potential_energyvar { 175.4537218371886   } 
   nonlocal_energy { 13.10120583210857   } 
   nonlocal_energyvar { 198.2367260597937   } 
   autocorr_energy { } 
} 

block { 
   label vmc
   totweight 92160
   nautocorr 0
   total_energy { -104.3237680636868   } 
   total_energyvar { 4.140071834525531   } 
   weight { 1   } 
   weightvar { 0   } 
   kinetic_energy { 36.0714657683427   } 
   kinetic_energyvar { 111.753706340685   } 
   potential_energy { -153.5045342999306   } 
   potential_energyvar { 177.1504216888179   } 
   nonlocal_energy { 13.10930046790109   } 
   nonlocal_energyvar { 203.0490622246139   } 
   autocorr_energy { } 
} 

block { 
   label vmc
   totweight 92160
   nautocorr 0
   total_energy { -104.3162223982107   } 
   total_energyvar { 4.194438095813732   } 
   weight { 1   } 
   weightvar { 0   } 
   kinetic_energy { 36.16575390646763   } 
   kinetic_energyvar { 108.0883169911565   } 
   potential_energy { -153.486568985805   } 
   potential_energyvar { 173.7827541844013   } 
   nonlocal_energy { 13.00459268112674   } 
   nonlocal_energyvar { 191.4399746735268   } 
   autocorr_energy { } 
} 

block { 
   label vmc
   totweight 92160
   nautocorr 0
   total_energy { -104.3212658878142   } 
   total_energyvar { 4.176254410387766   } 
   weight { 1   } 
   weightvar { 0   } 
   kinetic_energy { 36.09055914222964   } 
   kinetic_energyvar { 109.9579086239426   } 
   potential_energy { -153.5756396725419   } 
   potential_energyvar { 176.621652679545   } 
   nonlocal_energy { 13.16381464249809   } 
   nonlocal_energyvar { 196.3547344503235   } 
   autocorr_energy { } 
} 

block { 
   label vmc
   totweight 92160
   nautocorr 0
   total_energy { -104.3055764091589   } 
   total_energyvar { 4.239717913419427   } 
   weight { 1   } 
   weightvar { 0   } 
   kinetic_energy { 36.15062872505056   } 
   kinetic_energyvar { 109.3890145295557   } 
   potential_energy { -153.5770076614967   } 
   potential_energyvar { 179.0435681625467   } 
   nonlocal_energy { 13.12080252728731   } 
   nonlocal_energyvar { 198.0063159178069   } 
   autocorr_energy { } 
} 

block { 
   label vmc
   totweight 92160
   nautocorr 0
   total_energy { -104.3086526634688   } 
   total_energyvar { 4.258200616115284   } 
   weight { 1   } 
   weightvar { 0   } 
   kinetic_energy { 36.07155078957135   } 
   kinetic_energyvar { 108.7339373848418   } 
   potential_energy { -153.4820330223794   } 
   potential_energyvar { 175.1863265640201   } 
   nonlocal_energy { 13.10182956933929   } 
   nonlocal_energyvar { 194.1327362579024   } 
   autocorr_energy { } 
} 

block { 
   label vmc
   totweight 92160
   nautocorr 0
   total_energy { -104.3079455215049   } 
   total_energyvar { 4.210147178707778   } 
   weight { 1   } 
   weightvar { 0   } 
   kinetic_energy { 36.18603564895245   } 
   kinetic_energyvar { 108.9277838019578   } 
   potential_energy { -153.5995945667707   } 
   potential_energyvar { 175.7100304742543   } 
   nonlocal_energy { 13.10561339631327   } 
   nonlocal_energyvar { 195.0534705244064   } 
   autocorr_energy { } 
} 

block { 
   label vmc
   totweight 92160
   nautocorr 0
   total_energy { -104.3206160145978   } 
   total_energyvar { 4.24032896283163   } 
   weight { 1   } 
   weightvar { 0   } 
   kinetic_energy { 36.15910872997217   } 
   kinetic_energyvar { 108.3785159802762   } 
   potential_energy { -153.6066207362563   } 
   potential_energyvar { 175.7527417055434   } 
   nonlocal_energy { 13.12689599168633   } 
   nonlocal_energyvar { 195.939359163323   } 
   autocorr_energy { } 
} 

block { 
   label vmc
   totweight 92160
   nautocorr 0
   total_energy { -104.311372729536   } 
   total_energyvar { 4.169722083694762   } 
   weight { 1   } 
   weightvar { 0   } 
   kinetic_energy { 36.1153168620768   } 
   kinetic_energyvar { 108.6389201208718   } 
   potential_energy { -153.5958888269386   } 
   potential_energyvar { 177.7023359421853   } 
   nonlocal_energy { 13.1691992353258   } 
   nonlocal_energyvar { 196.9372473073273   } 
   autocorr_energy { } 
} 

block { 
   label vmc
   totweight 92160
   nautocorr 0
   total_energy { -104.3243010567601   } 
   total_energyvar { 4.236283090013626   } 
   weight { 1   } 
   weightvar { 0   } 
   kinetic_energy { 36.15715071562937   } 
   kinetic_energyvar { 108.6032588331232   } 
   potential_energy { -153.6082683731438   } 
   potential_energyvar { 175.9917883097805   } 
   nonlocal_energy { 13.12681660075439   } 
   nonlocal_energyvar { 195.0882060565021   } 
   autocorr_energy { } 
} 

block { 
   label vmc
   totweight 92160
   nautocorr 0
   total_energy { -104.3195246220207   } 
   total_energyvar { 4.210365909635876   } 
   weight { 1   } 
   weightvar { 0   } 
   kinetic_energy { 36.15081815893015   } 
   kinetic_energyvar { 107.5883577852707   } 
   potential_energy { -153.6355698508565   } 
   potential_energyvar { 177.1048206699749   } 
   nonlocal_energy { 13.16522706990557   } 
   nonlocal_energyvar { 196.4819384692241   } 
   autocorr_energy { } 
} 

block { 
   label vmc
   totweight 92160
   nautocorr 0
   total_energy { -104.3221026664027   } 
   total_energyvar { 4.244388714225366   } 
   weight { 1   } 
   weightvar { 0   } 
   kinetic_energy { 36.08345886053466   } 
   kinetic_energyvar { 107.7914886305918   } 
   potential_energy { -153.4389607248009   } 
   potential_energyvar { 174.6833453422351   } 
   nonlocal_energy { 13.03339919786358   } 
   nonlocal_energyvar { 195.4993193694915   } 
   autocorr_energy { } 
} 

block { 
   label vmc
   totweight 92160
   nautocorr 0
   total_energy { -104.3144168020505   } 
   total_energyvar { 4.15007408719209   } 
   weight { 1   } 
   weightvar { 0   } 
   kinetic_energy { 36.07038376143785   } 
   kinetic_energyvar { 106.3141971147589   } 
   potential_energy { -153.5092979618019   } 
   potential_energyvar { 177.0890915469784   } 
   nonlocal_energy { 13.12449739831356   } 
   nonlocal_energyvar { 193.2766863043861   } 
   autocorr_energy { } 
} 

block { 
   label vmc
   totweight 92160
   nautocorr 0
   total_energy { -104.3152097292252   } 
   total_energyvar { 4.356303959318634   } 
   weight { 1   } 
   weightvar { 0   } 
   kinetic_energy { 36.15568575172867   } 
   kinetic_energyvar { 107.7934940762864   } 
   potential_energy { -153.5930674686656   } 
   potential_energyvar { 177.681311135862   } 
   nonlocal_energy { 13.12217198771176   } 
   nonlocal_energyvar { 195.8576520080163   } 
   autocorr_energy { } 
} 

block { 
   label vmc
   totweight 92160
   nautocorr 0
   total_energy { -104.3154126675246   } 
   total_energyvar { 4.4353414415135   } 
   weight { 1   } 
   weightvar { 0   } 
   kinetic_energy { 36.10704067907962   } 
   kinetic_energyvar { 109.7444225914983   } 
   potential_energy { -153.559932700155   } 
   potential_energyvar { 174.9699952407016   } 
   nonlocal_energy { 13.13747935355072   } 
   nonlocal_energyvar { 198.1858491891493   } 
   autocorr_energy { } 
} 

block { 
   label vmc
   totweight 92160
   nautocorr 0
   total_energy { -104.296395331307   } 
   total_energyvar { 4.242073937134344   } 
   weight { 1   } 
   weightvar { 0   } 
   kinetic_energy { 36.11933623898224   } 
   kinetic_energyvar { 111.6411794035745   } 
   potential_energy { -153.6332984574395   } 
   potential_energyvar { 177.3774737795757   } 
   nonlocal_energy { 13.21756688715032   } 
   nonlocal_energyvar { 202.7762955643176   } 
   autocorr_energy { } 
} 

block { 
   label vmc
   totweight 92160
   nautocorr 0
   total_energy { -104.3224135708987   } 
   total_energyvar { 4.238224365739823   } 
   weight { 1   } 
   weightvar { 0   } 
   kinetic_energy { 36.16580382749927   } 
   kinetic_energyvar { 107.0988787555004   } 
   potential_energy { -153.5399728284915   } 
   potential_energyvar { 174.576319402062   } 
   nonlocal_energy { 13.05175543009352   } 
   nonlocal_energyvar { 189.0268025634235   } 
   autocorr_energy { } 
} 

block { 
   label vmc
   totweight 92160
   nautocorr 0
   total_energy { -104.3187163234637   } 
   total_energyvar { 4.325491424148731   } 
   weight { 1   } 
   weightvar { 0   } 
   kinetic_energy { 36.08826279947188   } 
   kinetic_energyvar { 112.0359466827518   } 
   potential_energy { -153.6213986848519   } 
   potential_energyvar { 178.9765211913434   } 
   nonlocal_energy { 13.21441956191631   } 
   nonlocal_energyvar { 201.3813661722319   } 
   autocorr_energy { } 
} 

block { 
   label vmc
   totweight 92160
   nautocorr 0
   total_energy { -104.3148454647202   } 
   total_energyvar { 4.166569714871141   } 
   weight { 1   } 
   weightvar { 0   } 
   kinetic_energy { 36.22029957880382   } 
   kinetic_energyvar { 107.0165881914166   } 
   potential_energy { -153.5172017349437   } 
   potential_energyvar { 176.5937951696816   } 
   nonlocal_energy { 12.98205669141966   } 
   nonlocal_energyvar { 189.8561170990227   } 
   autocorr_energy { } 
} 

block { 
   label vmc
   totweight 92160
   nautocorr 0
   total_energy { -104.3167300551487   } 
   total_energyvar { 4.297326122067769   } 
   weight { 1   } 
   weightvar { 0   } 
   kinetic_energy { 36.11818680476085   } 
   kinetic_energyvar { 107.1480665214182   } 
   potential_energy { -153.5510270337089   } 
   potential_energyvar { 176.0583890664572   } 
   nonlocal_energy { 13.11611017379929   } 
   nonlocal_energyvar { 194.3010197807289   } 
   autocorr_energy { } 
} 

block { 
   label vmc
   totweight 92160
   nautocorr 0
   total_energy { -104.3123505104744   } 
   total_energyvar { 4.212233302024352   } 
   weight { 1   } 
   weightvar { 0   } 
   kinetic_energy { 36.1346471868959   } 
   kinetic_energyvar { 109.0022415374503   } 
   potential_energy { -153.6440488372538   } 
   potential_energyvar { 176.078050992103   } 
   nonlocal_energy { 13.19705113988344   } 
   nonlocal_energyvar { 199.3196166206363   } 
   autocorr_energy { } 
} 

block { 
   label vmc
   totweight 92160
   nautocorr 0
   total_energy { -104.3044119880476   } 
   total_energyvar { 4.180793908491762   } 
   weight { 1   } 
   weightvar { 0   } 
   kinetic_energy { 36.09938751165253   } 
   kinetic_energyvar { 109.9014470418567   } 
   potential_energy { -153.6345136138935   } 
   potential_energyvar { 176.4999409197524   } 
   nonlocal_energy { 13.23071411419338   } 
   nonlocal_energyvar { 202.9109944853092   } 
   autocorr_energy { } 
} 

block { 
   label vmc
   totweight 92160
   nautocorr 0
   total_energy { -104.316770795295   } 
   total_energyvar { 4.35607166300619   } 
   weight { 1   } 
   weightvar { 0   } 
   kinetic_energy { 36.10785684835358   } 
   kinetic_energyvar { 109.1048621917285   } 
   potential_energy { -153.6284791786686   } 
   potential_energyvar { 179.5451095128484   } 
   nonlocal_energy { 13.20385153501995   } 
   nonlocal_energyvar { 200.7464296043534   } 
   autocorr_energy { } 
} 

block { 
   label vmc
   totweight 92160
   nautocorr 0
   total_energy { -104.3162509931407   } 
   total_energyvar { 4.32537688718951   } 
   weight { 1   } 
   weightvar { 0   } 
   kinetic_energy { 36.18015456283337   } 
   kinetic_energyvar { 109.8855832482312   } 
   potential_energy { -153.6336952269568   } 
   potential_energyvar { 176.7479577520081   } 
   nonlocal_energy { 13.13728967098274   } 
   nonlocal_energyvar { 197.8360743894242   } 
   autocorr_energy { } 
} 

block { 
   label vmc
   totweight 92160
   nautocorr 0
   total_energy { -104.3179096934035   } 
   total_energyvar { 4.054986870129754   } 
   weight { 1   } 
   weightvar { 0   } 
   kinetic_energy { 36.08910519381214   } 
   kinetic_energyvar { 108.4164452649043   } 
   potential_energy { -153.533780627447   } 
   potential_energyvar { 177.8024853487924   } 
   nonlocal_energy { 13.12676574023134   } 
   nonlocal_energyvar { 196.5389044318936   } 
   autocorr_energy { } 
} 

block { 
   label vmc
   totweight 92160
   nautocorr 0
   total_energy { -104.3190663423514   } 
   total_energyvar { 4.307019781526287   } 
   weight { 1   } 
   weightvar { 0   } 
   kinetic_energy { 36.0830176732894   } 
   kinetic_energyvar { 111.3888085729341   } 
   potential_energy { -153.5801609905357   } 
   potential_energyvar { 175.9551605880575   } 
   nonlocal_energy { 13.17807697489481   } 
   nonlocal_energyvar { 201.382775421382   } 
   autocorr_energy { } 
} 

block { 
   label vmc
   totweight 92160
   nautocorr 0
   total_energy { -104.3057564888052   } 
   total_energyvar { 4.603759905061053   } 
   weight { 1   } 
   weightvar { 0   } 
   kinetic_energy { 36.1376575343849   } 
   kinetic_energyvar { 111.6179268973943   } 
   potential_energy { -153.6916428368287   } 
   potential_energyvar { 177.562089068779   } 
   nonlocal_energy { 13.2482288136386   } 
   nonlocal_energyvar { 205.1089652414396   } 
   autocorr_energy { } 
} 

