
 Primary working directories    : /global/cscratch1/sd/haihan
 Secondary working directories  : /global/cscratch1/sd/haihan
 Wavefunction directory         : /global/homes/h/haihan/wfu/
 Main file repository           : /global/cscratch1/sd/haihan/

 SHA1      : 19cd028119e0e09f93f0674bd8af7968d9b3eff6
 NAME      : 2015.1.36
 ARCHNAME  : linux/x86_64
 FC        : /opt/cray/pe/craype/2.5.14/bin/ftn
 BLASLIB   : -L/opt/intel/compilers_and_libraries_2018.1.163/linux/mkl/lib/intel64 -Wl,-_start-group -lmkl_intel_ilp64 -lmkl_intel_thread -lmkl_core -Wl,-_end-group -liomp5
 id        : lbl

 Nodes     nprocs
 nid01240    15
 Number of processes for MPI-2 version of Molpro:   nprocs(total)=   16   nprocs(compute)=   15   nprocs(helper)=    1

 Using customized tuning parameters: mindgm=7; mindgv=16; mindgc=1; mindgr=1; noblas=0; minvec=7
 default implementation of scratch files=sf  

 ***,Ag
 memory,512,m
 
 gthresh,twoint=1.e-12
 gprint,basis,orbitals
 
 angstrom
 geometry={
 1                                                                               ! Number of atoms
 Ag 0.0 0.0 0.0
 }
 
                                                                                 !!! Initial guesses from STU
 s_par=[1.724098,1.695331]
 p_par=[2.506864,2.960469]
 d_par=[5.349248,1.997186]
 f_par=[2.645798]
 g_par=[3.796199]
 h_par=[1.941764]
 proc opt_basis
 
 basis={
 Including file /global/u2/h/haihan/Research/HZECP/Ag_basis/core_qz/ecp.molpro
 Including file /global/u2/h/haihan/Research/HZECP/Ag_basis/core_qz/basis.molpro
 
 s,Ag,s_par(1),s_par(2)
 p,Ag,p_par(1),p_par(2)
 d,Ag,d_par(1),d_par(2)
 f,Ag,f_par(1)
 g,Ag,g_par(1)
 h,Ag,h_par(1)
 }
 
 {rhf
  start,atden
  print,orbitals=2
  wf,19,1,1
  occ,4,1,1,1,1,1,1,0
  open,4.1
  sym,1,1,3,2,1
  orbital,4202.2
 }
 pop
 {multi
  start,4202.2
  occ,4,1,1,1,1,1,1,0
  closed,3,1,1,1,1,1,1,0
  wf,19,1,1;state,1
  restrict,1,1,4.1
  natorb,ci,print
  orbital,5202.2
 }
 {rhf,nitord=1,maxit=0
  start,5202.2
  wf,19,1,1
  occ,4,1,1,1,1,1,1,0
  open,4.1
  sym,1,1,3,2,1
 }
 
 data,rename,4202.2,4302.2
 data,rename,5202.2,5302.2
 
 {ci;maxit,100;core}
 eval=energy
 
 endproc
 
 {minimize,eval, s_par(1),s_par(2),p_par(1),p_par(2),d_par(1),d_par(2),f_par(1),g_par(1),h_par(1)
 method,bfgs,proc=opt_basis,thresh=5e-5,vstep=1e-3
 maxit,100}
 

 Variables initialized (889), CPU time= 0.01 sec
 Commands  initialized (702), CPU time= 0.01 sec, 572 directives.
 Default parameters read. Elapsed time= 0.15 sec

 Checking input...
 Passed
1


                                         ***  PROGRAM SYSTEM MOLPRO  ***
                                       Copyright, TTI GmbH Stuttgart, 2015
                                    Version 2015.1 linked Dec 29 2018 15:55:43


 **********************************************************************************************************************************
 LABEL *   Ag                                                                            
  64 bit mpp version                                                                     DATE: 25-Dec-21          TIME: 12:38:20  
 **********************************************************************************************************************************

 SHA1:             19cd028119e0e09f93f0674bd8af7968d9b3eff6
 **********************************************************************************************************************************

 THRESHOLDS:

 ZERO    =  1.00D-12  ONEINT  =  1.00D-12  TWOINT  =  1.00D-12  PREFAC  =  1.00D-14  LOCALI  =  1.00D-09  EORDER  =  1.00D-04
 ENERGY  =  0.00D+00  ETEST   =  0.00D+00  EDENS   =  0.00D+00  THRDEDEF=  1.00D-06  GRADIENT=  1.00D-02  STEP    =  1.00D-03
 ORBITAL =  1.00D-05  CIVEC   =  1.00D-05  COEFF   =  1.00D-04  PRINTCI =  5.00D-02  PUNCHCI =  9.90D+01  OPTGRAD =  3.00D-04
 OPTENERG=  1.00D-06  OPTSTEP =  3.00D-04  THRGRAD =  1.00D-10  COMPRESS=  1.00D-11  VARMIN  =  1.00D-07  VARMAX  =  1.00D-03
 THRDOUB =  0.00D+00  THRDIV  =  1.00D-05  THRRED  =  1.00D-07  THRPSP  =  1.00D+00  THRDC   =  1.00D-10  THRCS   =  1.00D-10
 THRNRM  =  1.00D-08  THREQ   =  0.00D+00  THRDE   =  1.00D+00  THRREF  =  1.00D-05  SPARFAC =  1.00D+00  THRDLP  =  1.00D-07
 THRDIA  =  1.00D-10  THRDLS  =  1.00D-07  THRGPS  =  0.00D+00  THRKEX  =  0.00D+00  THRDIS  =  2.00D-01  THRVAR  =  1.00D-10
 THRLOC  =  1.00D-06  THRGAP  =  1.00D-06  THRLOCT = -1.00D+00  THRGAPT = -1.00D+00  THRORB  =  1.00D-06  THRMLTP =  0.00D+00
 THRCPQCI=  1.00D-10  KEXTA   =  0.00D+00  THRCOARS=  0.00D+00  SYMTOL  =  1.00D-06  GRADTOL =  1.00D-06  THROVL  =  1.00D-08
 THRORTH =  1.00D-08  GRID    =  1.00D-06  GRIDMAX =  1.00D-03  DTMAX   =  0.00D+00  THROCCDE=  1.00D-01  THROCCDE=  1.00D-01



 ZUNIT=ANG
 

Geometry recognized as XYZ

 SETTING S_PAR(1)       =         1.72409800                                  
 SETTING S_PAR(2)       =         1.69533100                                  
 SETTING P_PAR(1)       =         2.50686400                                  
 SETTING P_PAR(2)       =         2.96046900                                  
 SETTING D_PAR(1)       =         5.34924800                                  
 SETTING D_PAR(2)       =         1.99718600                                  
 SETTING F_PAR          =         2.64579800                                  
 SETTING G_PAR          =         3.79619900                                  
 SETTING H_PAR          =         1.94176400                                  

 Variable memory set to  512000000 words,  buffer space   230000 words



 PROGRAM * MINIMIZE (General minimization)     Authors: H.-J. Werner, P.J. Knowles, K.A. Peterson

 Minimize EVAL with respect to:        S_PAR(1)  S_PAR(2)  P_PAR(1)  P_PAR(2)  D_PAR(1)  
                                       D_PAR(2)  F_PAR(1)  G_PAR(1)  H_PAR(1)  
 Method BFGS will be used
 Variables are optimized in the space of (x/x0)


 Minimization using procedure=OPT_BASIS

 *** Long output written to logfile /global/u2/h/haihan/Research/HZECP/Ag_basis/core_qz/atom.log ***


 BFGS update of inverse hessian 

 PROGRAM * MINIMIZE (General minimization)     Authors: H.-J. Werner, P.J. Knowles, K.A. Peterson


 Results for BFGS iteration    1       Current function value  =       -146.783373665
                                     Previous function value =          0.000000000
 Current variables and gradients:
 BFGS       S_PAR(1)                  1.724098       -0.0000192
 BFGS       S_PAR(2)                  1.695331       -0.0000216
 BFGS       P_PAR(1)                  2.506864        0.0000252
 BFGS       P_PAR(2)                  2.960469        0.0000804
 BFGS       D_PAR(1)                  5.349248        0.0000298
 BFGS       D_PAR(2)                  1.997186        0.0000280
 BFGS       F_PAR(1)                  2.645798        0.0000377
 BFGS       G_PAR(1)                  3.796199        0.0005097
 BFGS       H_PAR(1)                  1.941764        0.0008515

 BFGS update of inverse hessian 

 Results for BFGS iteration    2       Current function value  =       -146.783377030
                                     Previous function value =       -146.783373665
 Current variables and gradients:
 BFGS       S_PAR(1)                  1.724131       -0.0000189
 BFGS       S_PAR(2)                  1.695368       -0.0000216
 BFGS       P_PAR(1)                  2.506233        0.0000228
 BFGS       P_PAR(2)                  2.958088        0.0000778
 BFGS       D_PAR(1)                  5.347652        0.0000297
 BFGS       D_PAR(2)                  1.996628        0.0000269
 BFGS       F_PAR(1)                  2.644800        0.0000379
 BFGS       G_PAR(1)                  3.776849        0.0004864
 BFGS       H_PAR(1)                  1.940111        0.0008518

 BFGS update of inverse hessian 

 Results for BFGS iteration    3       Current function value  =       -146.783419502
                                     Previous function value =       -146.783377030
 Current variables and gradients:
 BFGS       S_PAR(1)                  1.725040       -0.0000152
 BFGS       S_PAR(2)                  1.696391       -0.0000173
 BFGS       P_PAR(1)                  2.490281       -0.0000387
 BFGS       P_PAR(2)                  2.893725        0.0000097
 BFGS       D_PAR(1)                  5.303295        0.0000256
 BFGS       D_PAR(2)                  1.981604        0.0000012
 BFGS       F_PAR(1)                  2.616768        0.0000406
 BFGS       G_PAR(1)                  3.260809       -0.0002107
 BFGS       H_PAR(1)                  1.893876        0.0008609

 BFGS update of inverse hessian 

 Results for BFGS iteration    4       Current function value  =       -146.783420777
                                     Previous function value =       -146.783419502
 Current variables and gradients:
 BFGS       S_PAR(1)                  1.725006       -0.0000153
 BFGS       S_PAR(2)                  1.696353       -0.0000180
 BFGS       P_PAR(1)                  2.492177       -0.0000342
 BFGS       P_PAR(2)                  2.897549        0.0000146
 BFGS       D_PAR(1)                  5.304864        0.0000256
 BFGS       D_PAR(2)                  1.982536        0.0000021
 BFGS       F_PAR(1)                  2.617570        0.0000390
 BFGS       G_PAR(1)                  3.300888       -0.0001515
 BFGS       H_PAR(1)                  1.895288        0.0008627

 BFGS update of inverse hessian 

 Results for BFGS iteration    5       Current function value  =       -146.783424307
                                     Previous function value =       -146.783420777
 Current variables and gradients:
 BFGS       S_PAR(1)                  1.725056       -0.0000158
 BFGS       S_PAR(2)                  1.696409       -0.0000183
 BFGS       P_PAR(1)                  2.496903       -0.0000278
 BFGS       P_PAR(2)                  2.900187        0.0000211
 BFGS       D_PAR(1)                  5.302143        0.0000242
 BFGS       D_PAR(2)                  1.983369        0.0000018
 BFGS       F_PAR(1)                  2.615106        0.0000307
 BFGS       G_PAR(1)                  3.361632       -0.0000640
 BFGS       H_PAR(1)                  1.891434        0.0008722

 BFGS update of inverse hessian 

 Results for BFGS iteration    6       Current function value  =       -146.783435666
                                     Previous function value =       -146.783424307
 Current variables and gradients:
 BFGS       S_PAR(1)                  1.725454       -0.0000169
 BFGS       S_PAR(2)                  1.696859       -0.0000198
 BFGS       P_PAR(1)                  2.512036       -0.0000141
 BFGS       P_PAR(2)                  2.896340        0.0000319
 BFGS       D_PAR(1)                  5.281755        0.0000183
 BFGS       D_PAR(2)                  1.983460       -0.0000051
 BFGS       F_PAR(1)                  2.599685       -0.0000008
 BFGS       G_PAR(1)                  3.485897        0.0001071
 BFGS       H_PAR(1)                  1.865848        0.0009112

 BFGS update of inverse hessian 
