#-------------------------------------------------
#VMC run: timestep 0.5 nconfig 2560 steps 20
#-------------------------------------------------


init { 
   label vmc
}
block { 
   label vmc
   totweight 51200
   nautocorr 0
   total_energy { -134.4432606182713   } 
   total_energyvar { 1.465961004497699   } 
   weight { 1   } 
   weightvar { 0   } 
   kinetic_energy { 47.35054940454793   } 
   kinetic_energyvar { 156.5466959044687   } 
   potential_energy { -194.9905324063266   } 
   potential_energyvar { 166.4394134496201   } 
   nonlocal_energy { 13.1967223835073   } 
   nonlocal_energyvar { 233.1466823977108   } 
   autocorr_energy { } 
} 

block { 
   label vmc
   totweight 51200
   nautocorr 0
   total_energy { -134.4499985922517   } 
   total_energyvar { 1.419265514011654   } 
   weight { 1   } 
   weightvar { 0   } 
   kinetic_energy { 47.55717401819813   } 
   kinetic_energyvar { 151.2297638872587   } 
   potential_energy { -195.0738847881687   } 
   potential_energyvar { 163.6086424315862   } 
   nonlocal_energy { 13.06671217771881   } 
   nonlocal_energyvar { 224.6254427010038   } 
   autocorr_energy { } 
} 

block { 
   label vmc
   totweight 51200
   nautocorr 0
   total_energy { -134.4399774210969   } 
   total_energyvar { 2.305510775169114   } 
   weight { 1   } 
   weightvar { 0   } 
   kinetic_energy { 47.52026352491161   } 
   kinetic_energyvar { 151.1476062033851   } 
   potential_energy { -194.9595482192127   } 
   potential_energyvar { 166.1115722303838   } 
   nonlocal_energy { 12.99930727320418   } 
   nonlocal_energyvar { 222.676030103513   } 
   autocorr_energy { } 
} 

block { 
   label vmc
   totweight 51200
   nautocorr 0
   total_energy { -134.423022057978   } 
   total_energyvar { 16.54846528070915   } 
   weight { 1   } 
   weightvar { 0   } 
   kinetic_energy { 47.45902023705168   } 
   kinetic_energyvar { 154.4934173386999   } 
   potential_energy { -194.9990824473544   } 
   potential_energyvar { 164.1196683783852   } 
   nonlocal_energy { 13.11704015232471   } 
   nonlocal_energyvar { 234.6349007545893   } 
   autocorr_energy { } 
} 

block { 
   label vmc
   totweight 51200
   nautocorr 0
   total_energy { -134.4426607456988   } 
   total_energyvar { 1.496769475833561   } 
   weight { 1   } 
   weightvar { 0   } 
   kinetic_energy { 47.34901819302416   } 
   kinetic_energyvar { 162.0165246602109   } 
   potential_energy { -195.0304871013297   } 
   potential_energyvar { 172.2327756959664   } 
   nonlocal_energy { 13.23880816260673   } 
   nonlocal_energyvar { 228.6939155831383   } 
   autocorr_energy { } 
} 

block { 
   label vmc
   totweight 51200
   nautocorr 0
   total_energy { -134.4346250070064   } 
   total_energyvar { 12.26152027759096   } 
   weight { 1   } 
   weightvar { 0   } 
   kinetic_energy { 47.37605574238823   } 
   kinetic_energyvar { 154.7464768547217   } 
   potential_energy { -195.0033762950373   } 
   potential_energyvar { 171.0848777636313   } 
   nonlocal_energy { 13.19269554564268   } 
   nonlocal_energyvar { 241.9374769734453   } 
   autocorr_energy { } 
} 

block { 
   label vmc
   totweight 51200
   nautocorr 0
   total_energy { -134.4471915192239   } 
   total_energyvar { 1.462526625475816   } 
   weight { 1   } 
   weightvar { 0   } 
   kinetic_energy { 47.36618920418397   } 
   kinetic_energyvar { 155.4237046627973   } 
   potential_energy { -195.0475680725498   } 
   potential_energyvar { 163.0023397418874   } 
   nonlocal_energy { 13.2341873491419   } 
   nonlocal_energyvar { 230.1158963470433   } 
   autocorr_energy { } 
} 

block { 
   label vmc
   totweight 51200
   nautocorr 0
   total_energy { -134.4377317560033   } 
   total_energyvar { 1.461178609403913   } 
   weight { 1   } 
   weightvar { 0   } 
   kinetic_energy { 47.45392568035583   } 
   kinetic_energyvar { 153.7298680070955   } 
   potential_energy { -195.1438628483957   } 
   potential_energyvar { 163.7380894855974   } 
   nonlocal_energy { 13.25220541203652   } 
   nonlocal_energyvar { 227.4413441619769   } 
   autocorr_energy { } 
} 

block { 
   label vmc
   totweight 51200
   nautocorr 0
   total_energy { -134.4415202876615   } 
   total_energyvar { 7.810613175392731   } 
   weight { 1   } 
   weightvar { 0   } 
   kinetic_energy { 47.35665224944759   } 
   kinetic_energyvar { 157.8218612503414   } 
   potential_energy { -195.1130073604998   } 
   potential_energyvar { 166.9093945774459   } 
   nonlocal_energy { 13.31483482339069   } 
   nonlocal_energyvar { 242.1592135814329   } 
   autocorr_energy { } 
} 

block { 
   label vmc
   totweight 51200
   nautocorr 0
   total_energy { -134.4495206015891   } 
   total_energyvar { 1.463142144698358   } 
   weight { 1   } 
   weightvar { 0   } 
   kinetic_energy { 47.47168881808336   } 
   kinetic_energyvar { 153.1481731698041   } 
   potential_energy { -194.9673097780872   } 
   potential_energyvar { 164.1273147061985   } 
   nonlocal_energy { 13.04610035841477   } 
   nonlocal_energyvar { 222.2818400865079   } 
   autocorr_energy { } 
} 

block { 
   label vmc
   totweight 51200
   nautocorr 0
   total_energy { -134.4357217459562   } 
   total_energyvar { 1.424338714849916   } 
   weight { 1   } 
   weightvar { 0   } 
   kinetic_energy { 47.4927016358245   } 
   kinetic_energyvar { 153.3722335939555   } 
   potential_energy { -195.0706336831558   } 
   potential_energyvar { 163.9400257452146   } 
   nonlocal_energy { 13.14221030137501   } 
   nonlocal_energyvar { 226.6025076589403   } 
   autocorr_energy { } 
} 

block { 
   label vmc
   totweight 51200
   nautocorr 0
   total_energy { -134.4457165110536   } 
   total_energyvar { 1.422224419905793   } 
   weight { 1   } 
   weightvar { 0   } 
   kinetic_energy { 47.52866148849287   } 
   kinetic_energyvar { 149.5597256098393   } 
   potential_energy { -194.9108137985296   } 
   potential_energyvar { 159.525123037992   } 
   nonlocal_energy { 12.93643579898309   } 
   nonlocal_energyvar { 216.8656659106829   } 
   autocorr_energy { } 
} 

block { 
   label vmc
   totweight 51200
   nautocorr 0
   total_energy { -134.4158692391988   } 
   total_energyvar { 14.81968100343571   } 
   weight { 1   } 
   weightvar { 0   } 
   kinetic_energy { 47.48072722807852   } 
   kinetic_energyvar { 155.6179735173991   } 
   potential_energy { -195.1067770104881   } 
   potential_energyvar { 165.985528286123   } 
   nonlocal_energy { 13.21018054321082   } 
   nonlocal_energyvar { 236.5083180427195   } 
   autocorr_energy { } 
} 

block { 
   label vmc
   totweight 51200
   nautocorr 0
   total_energy { -134.4144779855052   } 
   total_energyvar { 20.45907368698368   } 
   weight { 1   } 
   weightvar { 0   } 
   kinetic_energy { 47.45987862350375   } 
   kinetic_energyvar { 157.2373334453944   } 
   potential_energy { -195.1790935638445   } 
   potential_energyvar { 167.1741631774711   } 
   nonlocal_energy { 13.30473695483559   } 
   nonlocal_energyvar { 248.3209038703975   } 
   autocorr_energy { } 
} 

block { 
   label vmc
   totweight 51200
   nautocorr 0
   total_energy { -134.4469794178464   } 
   total_energyvar { 1.472933775916357   } 
   weight { 1   } 
   weightvar { 0   } 
   kinetic_energy { 47.33881330064334   } 
   kinetic_energyvar { 157.0027795942886   } 
   potential_energy { -195.1345561632602   } 
   potential_energyvar { 164.6649957304069   } 
   nonlocal_energy { 13.3487634447705   } 
   nonlocal_energyvar { 232.9223093740189   } 
   autocorr_energy { } 
} 

block { 
   label vmc
   totweight 51200
   nautocorr 0
   total_energy { -134.4521134313786   } 
   total_energyvar { 1.471819908271877   } 
   weight { 1   } 
   weightvar { 0   } 
   kinetic_energy { 47.39490992552686   } 
   kinetic_energyvar { 152.464036392646   } 
   potential_energy { -195.0609605996705   } 
   potential_energyvar { 163.311094883323   } 
   nonlocal_energy { 13.213937242765   } 
   nonlocal_energyvar { 224.2123028465822   } 
   autocorr_energy { } 
} 

block { 
   label vmc
   totweight 51200
   nautocorr 0
   total_energy { -134.4236752882631   } 
   total_energyvar { 11.78573842556546   } 
   weight { 1   } 
   weightvar { 0   } 
   kinetic_energy { 47.43363944547615   } 
   kinetic_energyvar { 157.1551811797265   } 
   potential_energy { -194.945288714615   } 
   potential_energyvar { 165.4208153835732   } 
   nonlocal_energy { 13.08797398087577   } 
   nonlocal_energyvar { 233.3296509313737   } 
   autocorr_energy { } 
} 

block { 
   label vmc
   totweight 51200
   nautocorr 0
   total_energy { -134.4506491438735   } 
   total_energyvar { 1.485187909808765   } 
   weight { 1   } 
   weightvar { 0   } 
   kinetic_energy { 47.4281545688647   } 
   kinetic_energyvar { 157.0593002927865   } 
   potential_energy { -195.116582172407   } 
   potential_energyvar { 164.3815205384699   } 
   nonlocal_energy { 13.23777845966874   } 
   nonlocal_energyvar { 231.5041900440397   } 
   autocorr_energy { } 
} 

block { 
   label vmc
   totweight 51200
   nautocorr 0
   total_energy { -134.4506715725049   } 
   total_energyvar { 1.411545740176537   } 
   weight { 1   } 
   weightvar { 0   } 
   kinetic_energy { 47.37771110544931   } 
   kinetic_energyvar { 152.4482286430303   } 
   potential_energy { -195.1096036506493   } 
   potential_energyvar { 163.9297412859192   } 
   nonlocal_energy { 13.28122097269506   } 
   nonlocal_energyvar { 226.0231131105453   } 
   autocorr_energy { } 
} 

block { 
   label vmc
   totweight 51200
   nautocorr 0
   total_energy { -134.4513140987724   } 
   total_energyvar { 1.469321174295416   } 
   weight { 1   } 
   weightvar { 0   } 
   kinetic_energy { 47.28815708081445   } 
   kinetic_energyvar { 159.463470555543   } 
   potential_energy { -195.233257657874   } 
   potential_energyvar { 165.4421512489645   } 
   nonlocal_energy { 13.49378647828716   } 
   nonlocal_energyvar { 236.2273119312145   } 
   autocorr_energy { } 
} 

