#-------------------------------------------------
#DMC run: timestep 0.005
#-------------------------------------------------


init { 
   label spin_0.005
}
block { 
   label spin_0.005
   totweight 1740800
   nautocorr 0
   total_energy { -134.2883400256202   } 
   total_energyvar { 1.830472468471614   } 
   weight { 1.04231667110855   } 
   weightvar { 0.04442626201207948   } 
   kinetic_energy { 48.58756517956003   } 
   kinetic_energyvar { 155.0926473236614   } 
   potential_energy { -196.3423199815935   } 
   potential_energyvar { 163.3071315026643   } 
   nonlocal_energy { 13.46641477641332   } 
   nonlocal_energyvar { 228.3679139256111   } 
   autocorr_energy { } 
} 

block { 
   label spin_0.005
   totweight 1740800
   nautocorr 0
   total_energy { -134.2674073057843   } 
   total_energyvar { 1.693609464567598   } 
   weight { 1.034278367177684   } 
   weightvar { 0.08901870844437068   } 
   kinetic_energy { 48.77173050763548   } 
   kinetic_energyvar { 154.4675756642204   } 
   potential_energy { -196.4290804648269   } 
   potential_energyvar { 163.5058731036276   } 
   nonlocal_energy { 13.38994265140714   } 
   nonlocal_energyvar { 225.733103525172   } 
   autocorr_energy { } 
} 

block { 
   label spin_0.005
   totweight 1740800
   nautocorr 0
   total_energy { -134.2535680858486   } 
   total_energyvar { 1.695926180343805   } 
   weight { 1.000206636490086   } 
   weightvar { 0.1005102068337871   } 
   kinetic_energy { 48.91457735670667   } 
   kinetic_energyvar { 154.1411712859554   } 
   potential_energy { -196.5957850670983   } 
   potential_energyvar { 161.3810302539014   } 
   nonlocal_energy { 13.427639624543   } 
   nonlocal_energyvar { 225.8574115239007   } 
   autocorr_energy { } 
} 

block { 
   label spin_0.005
   totweight 1740800
   nautocorr 0
   total_energy { -134.2622115577273   } 
   total_energyvar { 1.682287191505228   } 
   weight { 0.9908431065519028   } 
   weightvar { 0.1034705192436314   } 
   kinetic_energy { 48.89438657689467   } 
   kinetic_energyvar { 153.9058270119279   } 
   potential_energy { -196.5321235683111   } 
   potential_energyvar { 163.9693045817791   } 
   nonlocal_energy { 13.37552543368913   } 
   nonlocal_energyvar { 226.3138902545433   } 
   autocorr_energy { } 
} 

block { 
   label spin_0.005
   totweight 1740800
   nautocorr 0
   total_energy { -134.2658674279853   } 
   total_energyvar { 1.682665770041424   } 
   weight { 0.9941523457957542   } 
   weightvar { 0.1051114330328376   } 
   kinetic_energy { 48.91859241915389   } 
   kinetic_energyvar { 153.8641368866946   } 
   potential_energy { -196.5471761246086   } 
   potential_energyvar { 162.6284539133227   } 
   nonlocal_energy { 13.3627162774694   } 
   nonlocal_energyvar { 226.368609386733   } 
   autocorr_energy { } 
} 

block { 
   label spin_0.005
   totweight 1740800
   nautocorr 0
   total_energy { -134.257407237411   } 
   total_energyvar { 1.697366947183472   } 
   weight { 0.9922555114033517   } 
   weightvar { 0.1058282278799645   } 
   kinetic_energy { 48.78360110139965   } 
   kinetic_energyvar { 153.994415092791   } 
   potential_energy { -196.3920019454116   } 
   potential_energyvar { 161.0099425918456   } 
   nonlocal_energy { 13.35099360660092   } 
   nonlocal_energyvar { 225.1373968217762   } 
   autocorr_energy { } 
} 

block { 
   label spin_0.005
   totweight 1740800
   nautocorr 0
   total_energy { -134.2544297159016   } 
   total_energyvar { 1.686401911103755   } 
   weight { 0.9924190287510261   } 
   weightvar { 0.1050331511583929   } 
   kinetic_energy { 48.90839395735658   } 
   kinetic_energyvar { 154.2541722890246   } 
   potential_energy { -196.5036507235403   } 
   potential_energyvar { 163.2040088484895   } 
   nonlocal_energy { 13.34082705028214   } 
   nonlocal_energyvar { 227.9429408111369   } 
   autocorr_energy { } 
} 

block { 
   label spin_0.005
   totweight 1740800
   nautocorr 0
   total_energy { -134.2519574031494   } 
   total_energyvar { 3.131873428798735   } 
   weight { 0.9906898704753402   } 
   weightvar { 0.1036977685630864   } 
   kinetic_energy { 48.88561427605851   } 
   kinetic_energyvar { 153.5503262000348   } 
   potential_energy { -196.4761976511777   } 
   potential_energyvar { 162.0830600019405   } 
   nonlocal_energy { 13.33862597196978   } 
   nonlocal_energyvar { 227.3042060825775   } 
   autocorr_energy { } 
} 

block { 
   label spin_0.005
   totweight 1740800
   nautocorr 0
   total_energy { -134.2573651628576   } 
   total_energyvar { 1.689115568397696   } 
   weight { 0.9945596535866245   } 
   weightvar { 0.1053683100608585   } 
   kinetic_energy { 49.07917284409176   } 
   kinetic_energyvar { 151.6155847340823   } 
   potential_energy { -196.6849200848248   } 
   potential_energyvar { 162.1515777694929   } 
   nonlocal_energy { 13.34838207787553   } 
   nonlocal_energyvar { 223.3115503540105   } 
   autocorr_energy { } 
} 

block { 
   label spin_0.005
   totweight 1740800
   nautocorr 0
   total_energy { -134.2555986579041   } 
   total_energyvar { 1.713318140121493   } 
   weight { 0.9967318799195677   } 
   weightvar { 0.1033514686065334   } 
   kinetic_energy { 48.96765476600636   } 
   kinetic_energyvar { 154.4004246115558   } 
   potential_energy { -196.6440776084802   } 
   potential_energyvar { 162.7334807869447   } 
   nonlocal_energy { 13.42082418456974   } 
   nonlocal_energyvar { 227.7296425654089   } 
   autocorr_energy { } 
} 

block { 
   label spin_0.005
   totweight 1740800
   nautocorr 0
   total_energy { -134.2515029517539   } 
   total_energyvar { 3.120221016615304   } 
   weight { 0.9956670724964122   } 
   weightvar { 0.101201556995556   } 
   kinetic_energy { 48.7914976677145   } 
   kinetic_energyvar { 154.0479228921629   } 
   potential_energy { -196.427986288715   } 
   potential_energyvar { 162.7403952139267   } 
   nonlocal_energy { 13.3849856692465   } 
   nonlocal_energyvar { 228.7455704589178   } 
   autocorr_energy { } 
} 

block { 
   label spin_0.005
   totweight 1740800
   nautocorr 0
   total_energy { -134.2499402427897   } 
   total_energyvar { 1.679693955971502   } 
   weight { 0.9928230956362291   } 
   weightvar { 0.1037023207106835   } 
   kinetic_energy { 48.94645741383493   } 
   kinetic_energyvar { 154.50786173141   } 
   potential_energy { -196.6328563632161   } 
   potential_energyvar { 161.633174754401   } 
   nonlocal_energy { 13.4364587065915   } 
   nonlocal_energyvar { 228.8932487542662   } 
   autocorr_energy { } 
} 

block { 
   label spin_0.005
   totweight 1740800
   nautocorr 0
   total_energy { -134.2617598772567   } 
   total_energyvar { 2.57723907122486   } 
   weight { 0.9989269256920426   } 
   weightvar { 0.1024219306106717   } 
   kinetic_energy { 48.94900557571955   } 
   kinetic_energyvar { 154.0709855430382   } 
   potential_energy { -196.6933069040763   } 
   potential_energyvar { 162.0685698202336   } 
   nonlocal_energy { 13.48254145110005   } 
   nonlocal_energyvar { 227.8454244887235   } 
   autocorr_energy { } 
} 

