#-------------------------------------------------
#VMC run: timestep 0.42 nconfig 3072 steps 20
#-------------------------------------------------


init { 
   label vmc
}
block { 
   label vmc
   totweight 61440
   nautocorr 0
   total_energy { -7.827356780390356   } 
   total_energyvar { 0.480800910833066   } 
   weight { 1   } 
   weightvar { 0   } 
   kinetic_energy { 2.495353879245431   } 
   kinetic_energyvar { 2.728219385442689   } 
   potential_energy { -11.2402640835135   } 
   potential_energyvar { 3.468669137594001   } 
   nonlocal_energy { 0.9175534238777149   } 
   nonlocal_energyvar { 4.510794257882437   } 
   autocorr_energy { } 
} 

block { 
   label vmc
   totweight 61440
   nautocorr 0
   total_energy { -7.824448868794805   } 
   total_energyvar { 0.4919412872190407   } 
   weight { 1   } 
   weightvar { 0   } 
   kinetic_energy { 2.51484879402292   } 
   kinetic_energyvar { 2.777223134927863   } 
   potential_energy { -11.24653984052211   } 
   potential_energyvar { 3.426105810244708   } 
   nonlocal_energy { 0.9072421777043863   } 
   nonlocal_energyvar { 4.542878285764771   } 
   autocorr_energy { } 
} 

block { 
   label vmc
   totweight 61440
   nautocorr 0
   total_energy { -7.826545494849564   } 
   total_energyvar { 0.5878595556898649   } 
   weight { 1   } 
   weightvar { 0   } 
   kinetic_energy { 2.491282403037309   } 
   kinetic_energyvar { 2.879832176335112   } 
   potential_energy { -11.23644621516567   } 
   potential_energyvar { 3.595461414923677   } 
   nonlocal_energy { 0.9186183172788011   } 
   nonlocal_energyvar { 4.655528002356659   } 
   autocorr_energy { } 
} 

block { 
   label vmc
   totweight 61440
   nautocorr 0
   total_energy { -7.830512640938374   } 
   total_energyvar { 0.4842413029290524   } 
   weight { 1   } 
   weightvar { 0   } 
   kinetic_energy { 2.495052966880353   } 
   kinetic_energyvar { 2.714877334558972   } 
   potential_energy { -11.24924394362263   } 
   potential_energyvar { 3.458369473722313   } 
   nonlocal_energy { 0.9236783358038989   } 
   nonlocal_energyvar { 4.535477194335823   } 
   autocorr_energy { } 
} 

block { 
   label vmc
   totweight 61440
   nautocorr 0
   total_energy { -7.82088607306683   } 
   total_energyvar { 0.4780898834170503   } 
   weight { 1   } 
   weightvar { 0   } 
   kinetic_energy { 2.505475720488531   } 
   kinetic_energyvar { 2.675923815555652   } 
   potential_energy { -11.23079211416425   } 
   potential_energyvar { 3.436036671050237   } 
   nonlocal_energy { 0.9044303206088971   } 
   nonlocal_energyvar { 4.364498661951196   } 
   autocorr_energy { } 
} 

block { 
   label vmc
   totweight 61440
   nautocorr 0
   total_energy { -7.827457424544758   } 
   total_energyvar { 0.4880685116428702   } 
   weight { 1   } 
   weightvar { 0   } 
   kinetic_energy { 2.507988988390907   } 
   kinetic_energyvar { 2.756117174137322   } 
   potential_energy { -11.25010189455041   } 
   potential_energyvar { 3.476130541885275   } 
   nonlocal_energy { 0.9146554816147494   } 
   nonlocal_energyvar { 4.535781804865416   } 
   autocorr_energy { } 
} 

block { 
   label vmc
   totweight 61440
   nautocorr 0
   total_energy { -7.828703475731263   } 
   total_energyvar { 0.4979319572968863   } 
   weight { 1   } 
   weightvar { 0   } 
   kinetic_energy { 2.503314870274244   } 
   kinetic_energyvar { 2.697864676366669   } 
   potential_energy { -11.2436309971693   } 
   potential_energyvar { 3.438802449737064   } 
   nonlocal_energy { 0.9116126511637913   } 
   nonlocal_energyvar { 4.427552748998641   } 
   autocorr_energy { } 
} 

block { 
   label vmc
   totweight 61440
   nautocorr 0
   total_energy { -7.822215192733779   } 
   total_energyvar { 0.5197388675057385   } 
   weight { 1   } 
   weightvar { 0   } 
   kinetic_energy { 2.483535304418785   } 
   kinetic_energyvar { 2.776665029926316   } 
   potential_energy { -11.22370620976318   } 
   potential_energyvar { 3.488095527707306   } 
   nonlocal_energy { 0.9179557126106129   } 
   nonlocal_energyvar { 4.619640935182404   } 
   autocorr_energy { } 
} 

block { 
   label vmc
   totweight 61440
   nautocorr 0
   total_energy { -7.821713367931512   } 
   total_energyvar { 0.5334624139847967   } 
   weight { 1   } 
   weightvar { 0   } 
   kinetic_energy { 2.507206920745879   } 
   kinetic_energyvar { 2.666120572208092   } 
   potential_energy { -11.22299830433016   } 
   potential_energyvar { 3.443060123144799   } 
   nonlocal_energy { 0.8940780156527695   } 
   nonlocal_energyvar { 4.364965777039407   } 
   autocorr_energy { } 
} 

block { 
   label vmc
   totweight 61440
   nautocorr 0
   total_energy { -7.821624249030612   } 
   total_energyvar { 0.527379424636254   } 
   weight { 1   } 
   weightvar { 0   } 
   kinetic_energy { 2.481521547425276   } 
   kinetic_energyvar { 2.67920893365403   } 
   potential_energy { -11.20711572807619   } 
   potential_energyvar { 3.45885631055604   } 
   nonlocal_energy { 0.9039699316203067   } 
   nonlocal_energyvar { 4.398208789458562   } 
   autocorr_energy { } 
} 

block { 
   label vmc
   totweight 61440
   nautocorr 0
   total_energy { -7.835707817472517   } 
   total_energyvar { 0.4757852982775839   } 
   weight { 1   } 
   weightvar { 0   } 
   kinetic_energy { 2.494695116978467   } 
   kinetic_energyvar { 2.678528067884608   } 
   potential_energy { -11.24310344724941   } 
   potential_energyvar { 3.450536886463438   } 
   nonlocal_energy { 0.9127005127984248   } 
   nonlocal_energyvar { 4.406103689584962   } 
   autocorr_energy { } 
} 

block { 
   label vmc
   totweight 61440
   nautocorr 0
   total_energy { -7.824215799195273   } 
   total_energyvar { 0.5127128822368952   } 
   weight { 1   } 
   weightvar { 0   } 
   kinetic_energy { 2.493102593270916   } 
   kinetic_energyvar { 2.796035072206934   } 
   potential_energy { -11.23856033311351   } 
   potential_energyvar { 3.504048705162059   } 
   nonlocal_energy { 0.9212419406473226   } 
   nonlocal_energyvar { 4.648417550789638   } 
   autocorr_energy { } 
} 

block { 
   label vmc
   totweight 61440
   nautocorr 0
   total_energy { -7.823954727978774   } 
   total_energyvar { 0.4904912598137645   } 
   weight { 1   } 
   weightvar { 0   } 
   kinetic_energy { 2.493147259641399   } 
   kinetic_energyvar { 2.627384873051078   } 
   potential_energy { -11.23556102629565   } 
   potential_energyvar { 3.437460741005173   } 
   nonlocal_energy { 0.9184590386754761   } 
   nonlocal_energyvar { 4.36549564794909   } 
   autocorr_energy { } 
} 

block { 
   label vmc
   totweight 61440
   nautocorr 0
   total_energy { -7.82768660218169   } 
   total_energyvar { 0.4505513721342165   } 
   weight { 1   } 
   weightvar { 0   } 
   kinetic_energy { 2.500759198964027   } 
   kinetic_energyvar { 2.641983854315492   } 
   potential_energy { -11.22397757394532   } 
   potential_energyvar { 3.360032117683768   } 
   nonlocal_energy { 0.8955317727996023   } 
   nonlocal_energyvar { 4.264002640858652   } 
   autocorr_energy { } 
} 

block { 
   label vmc
   totweight 61440
   nautocorr 0
   total_energy { -7.824795846206906   } 
   total_energyvar { 0.4492180332508238   } 
   weight { 1   } 
   weightvar { 0   } 
   kinetic_energy { 2.48715458840211   } 
   kinetic_energyvar { 2.744885216378187   } 
   potential_energy { -11.23638224502383   } 
   potential_energyvar { 3.4479940673233   } 
   nonlocal_energy { 0.924431810414816   } 
   nonlocal_energyvar { 4.574719308264213   } 
   autocorr_energy { } 
} 

block { 
   label vmc
   totweight 61440
   nautocorr 0
   total_energy { -7.827616695839745   } 
   total_energyvar { 0.4746434019336948   } 
   weight { 1   } 
   weightvar { 0   } 
   kinetic_energy { 2.487758602709493   } 
   kinetic_energyvar { 2.765113586104789   } 
   potential_energy { -11.21603280139421   } 
   potential_energyvar { 3.449553537171752   } 
   nonlocal_energy { 0.9006575028449718   } 
   nonlocal_energyvar { 4.513407846555204   } 
   autocorr_energy { } 
} 

block { 
   label vmc
   totweight 61440
   nautocorr 0
   total_energy { -7.82321861241988   } 
   total_energyvar { 0.4986360055557051   } 
   weight { 1   } 
   weightvar { 0   } 
   kinetic_energy { 2.480352262321325   } 
   kinetic_energyvar { 2.857310842384668   } 
   potential_energy { -11.22305479805932   } 
   potential_energyvar { 3.5075039447379   } 
   nonlocal_energy { 0.919483923318111   } 
   nonlocal_energyvar { 4.716998108216306   } 
   autocorr_energy { } 
} 

block { 
   label vmc
   totweight 61440
   nautocorr 0
   total_energy { -7.822587092458   } 
   total_energyvar { 0.4967222537601495   } 
   weight { 1   } 
   weightvar { 0   } 
   kinetic_energy { 2.488285784803262   } 
   kinetic_energyvar { 2.787665406610662   } 
   potential_energy { -11.21335101899179   } 
   potential_energyvar { 3.463735321824353   } 
   nonlocal_energy { 0.9024781417305273   } 
   nonlocal_energyvar { 4.588153815222006   } 
   autocorr_energy { } 
} 

block { 
   label vmc
   totweight 61440
   nautocorr 0
   total_energy { -7.824480482818787   } 
   total_energyvar { 0.491875673186035   } 
   weight { 1   } 
   weightvar { 0   } 
   kinetic_energy { 2.491268664430726   } 
   kinetic_energyvar { 2.653610181214768   } 
   potential_energy { -11.22015300548438   } 
   potential_energyvar { 3.458132800817236   } 
   nonlocal_energy { 0.9044038582348677   } 
   nonlocal_energyvar { 4.426804043388677   } 
   autocorr_energy { } 
} 

block { 
   label vmc
   totweight 61440
   nautocorr 0
   total_energy { -7.817238338087803   } 
   total_energyvar { 0.4929927040031055   } 
   weight { 1   } 
   weightvar { 0   } 
   kinetic_energy { 2.479905759365278   } 
   kinetic_energyvar { 2.777672389206016   } 
   potential_energy { -11.21697722658419   } 
   potential_energyvar { 3.463515605693425   } 
   nonlocal_energy { 0.9198331291311076   } 
   nonlocal_energyvar { 4.674817066224622   } 
   autocorr_energy { } 
} 

