#-------------------------------------------------
#VMC run: timestep 0.35 nconfig 3072 steps 30
#-------------------------------------------------


init { 
   label vmc
}
block { 
   label vmc
   totweight 92160
   nautocorr 0
   total_energy { -135.4840984564018   } 
   total_energyvar { 6.436205060364884   } 
   weight { 1   } 
   weightvar { 0   } 
   kinetic_energy { 46.84943051946857   } 
   kinetic_energyvar { 143.2312289637755   } 
   potential_energy { -200.4217906596524   } 
   potential_energyvar { 265.4966588525652   } 
   nonlocal_energy { 18.08826168378197   } 
   nonlocal_energyvar { 276.7049539246458   } 
   autocorr_energy { } 
} 

block { 
   label vmc
   totweight 92160
   nautocorr 0
   total_energy { -135.4866312241449   } 
   total_energyvar { 6.512898898030035   } 
   weight { 1   } 
   weightvar { 0   } 
   kinetic_energy { 46.75530921244031   } 
   kinetic_energyvar { 141.7984962530066   } 
   potential_energy { -200.3214321790516   } 
   potential_energyvar { 266.3742343816925   } 
   nonlocal_energy { 18.07949174246635   } 
   nonlocal_energyvar { 275.0912606873837   } 
   autocorr_energy { } 
} 

block { 
   label vmc
   totweight 92160
   nautocorr 0
   total_energy { -135.4695759564612   } 
   total_energyvar { 6.423610080186001   } 
   weight { 1   } 
   weightvar { 0   } 
   kinetic_energy { 46.7619141329341   } 
   kinetic_energyvar { 139.3052378688141   } 
   potential_energy { -200.2346228538646   } 
   potential_energyvar { 267.4546689398809   } 
   nonlocal_energy { 18.00313276446931   } 
   nonlocal_energyvar { 275.6068931075804   } 
   autocorr_energy { } 
} 

block { 
   label vmc
   totweight 92160
   nautocorr 0
   total_energy { -135.4742231442415   } 
   total_energyvar { 6.392942081580778   } 
   weight { 1   } 
   weightvar { 0   } 
   kinetic_energy { 46.83454903905539   } 
   kinetic_energyvar { 143.6720748951208   } 
   potential_energy { -200.3603182433031   } 
   potential_energyvar { 267.3997588404424   } 
   nonlocal_energy { 18.05154606000621   } 
   nonlocal_energyvar { 273.4527022025845   } 
   autocorr_energy { } 
} 

block { 
   label vmc
   totweight 92160
   nautocorr 0
   total_energy { -135.4664015331834   } 
   total_energyvar { 6.594192481557373   } 
   weight { 1   } 
   weightvar { 0   } 
   kinetic_energy { 46.8393719662666   } 
   kinetic_energyvar { 141.2555254449568   } 
   potential_energy { -200.3519645186954   } 
   potential_energyvar { 267.4732469079528   } 
   nonlocal_energy { 18.04619101924548   } 
   nonlocal_energyvar { 273.56287927776   } 
   autocorr_energy { } 
} 

block { 
   label vmc
   totweight 92160
   nautocorr 0
   total_energy { -135.4816690239482   } 
   total_energyvar { 6.552582519484869   } 
   weight { 1   } 
   weightvar { 0   } 
   kinetic_energy { 46.78539210695358   } 
   kinetic_energyvar { 142.1168796205429   } 
   potential_energy { -200.2974665397052   } 
   potential_energyvar { 267.8235686629279   } 
   nonlocal_energy { 18.03040540880338   } 
   nonlocal_energyvar { 279.6941467617689   } 
   autocorr_energy { } 
} 

block { 
   label vmc
   totweight 92160
   nautocorr 0
   total_energy { -135.4751370429887   } 
   total_energyvar { 6.562947950674777   } 
   weight { 1   } 
   weightvar { 0   } 
   kinetic_energy { 46.79407439652431   } 
   kinetic_energyvar { 140.2877359775077   } 
   potential_energy { -200.3275882266134   } 
   potential_energyvar { 266.994383500609   } 
   nonlocal_energy { 18.05837678710035   } 
   nonlocal_energyvar { 275.9863585998947   } 
   autocorr_energy { } 
} 

block { 
   label vmc
   totweight 92160
   nautocorr 0
   total_energy { -135.4711980329043   } 
   total_energyvar { 6.779080367817906   } 
   weight { 1   } 
   weightvar { 0   } 
   kinetic_energy { 46.86373444029559   } 
   kinetic_energyvar { 138.4443294111446   } 
   potential_energy { -200.4233678425817   } 
   potential_energyvar { 266.978131550875   } 
   nonlocal_energy { 18.08843536938179   } 
   nonlocal_energyvar { 273.0900136213546   } 
   autocorr_energy { } 
} 

block { 
   label vmc
   totweight 92160
   nautocorr 0
   total_energy { -135.4656002004143   } 
   total_energyvar { 6.587428287414793   } 
   weight { 1   } 
   weightvar { 0   } 
   kinetic_energy { 46.8479489684518   } 
   kinetic_energyvar { 142.038449547958   } 
   potential_energy { -200.3815989108815   } 
   potential_energyvar { 265.3372261644186   } 
   nonlocal_energy { 18.0680497420154   } 
   nonlocal_energyvar { 275.0524356263204   } 
   autocorr_energy { } 
} 

block { 
   label vmc
   totweight 92160
   nautocorr 0
   total_energy { -135.4646761669354   } 
   total_energyvar { 6.464197875116915   } 
   weight { 1   } 
   weightvar { 0   } 
   kinetic_energy { 46.71917969457373   } 
   kinetic_energyvar { 138.9440392354471   } 
   potential_energy { -200.2636145045673   } 
   potential_energyvar { 266.3807428702129   } 
   nonlocal_energy { 18.07975864305822   } 
   nonlocal_energyvar { 274.1469832731385   } 
   autocorr_energy { } 
} 

block { 
   label vmc
   totweight 92160
   nautocorr 0
   total_energy { -135.4705851663202   } 
   total_energyvar { 6.493338191011852   } 
   weight { 1   } 
   weightvar { 0   } 
   kinetic_energy { 46.85175100195167   } 
   kinetic_energyvar { 139.251344661371   } 
   potential_energy { -200.3263677376671   } 
   potential_energyvar { 267.0228862031656   } 
   nonlocal_energy { 18.00403156939517   } 
   nonlocal_energyvar { 270.0836006016516   } 
   autocorr_energy { } 
} 

block { 
   label vmc
   totweight 92160
   nautocorr 0
   total_energy { -135.4745347917973   } 
   total_energyvar { 6.644310460442913   } 
   weight { 1   } 
   weightvar { 0   } 
   kinetic_energy { 46.78761345920276   } 
   kinetic_energyvar { 138.8522083699806   } 
   potential_energy { -200.2845053672682   } 
   potential_energyvar { 264.2681183378359   } 
   nonlocal_energy { 18.02235711626826   } 
   nonlocal_energyvar { 266.9891620615228   } 
   autocorr_energy { } 
} 

block { 
   label vmc
   totweight 92160
   nautocorr 0
   total_energy { -135.4709815752733   } 
   total_energyvar { 6.479275659313649   } 
   weight { 1   } 
   weightvar { 0   } 
   kinetic_energy { 46.91223669612593   } 
   kinetic_energyvar { 140.1236284653576   } 
   potential_energy { -200.3983237468198   } 
   potential_energyvar { 263.5484987504679   } 
   nonlocal_energy { 18.01510547542062   } 
   nonlocal_energyvar { 268.3924626066648   } 
   autocorr_energy { } 
} 

block { 
   label vmc
   totweight 92160
   nautocorr 0
   total_energy { -135.483013816577   } 
   total_energyvar { 6.580101560504391   } 
   weight { 1   } 
   weightvar { 0   } 
   kinetic_energy { 46.77384266732253   } 
   kinetic_energyvar { 143.4621392837242   } 
   potential_energy { -200.3286044760088   } 
   potential_energyvar { 268.1720945856762   } 
   nonlocal_energy { 18.0717479921093   } 
   nonlocal_energyvar { 277.8448229838053   } 
   autocorr_energy { } 
} 

block { 
   label vmc
   totweight 92160
   nautocorr 0
   total_energy { -135.4824063114915   } 
   total_energyvar { 6.457810545296829   } 
   weight { 1   } 
   weightvar { 0   } 
   kinetic_energy { 46.86918537117067   } 
   kinetic_energyvar { 141.8910749629242   } 
   potential_energy { -200.2948410159488   } 
   potential_energyvar { 266.6395835000897   } 
   nonlocal_energy { 17.94324933328656   } 
   nonlocal_energyvar { 275.1326926566454   } 
   autocorr_energy { } 
} 

block { 
   label vmc
   totweight 92160
   nautocorr 0
   total_energy { -135.4684152214726   } 
   total_energyvar { 6.369232015090851   } 
   weight { 1   } 
   weightvar { 0   } 
   kinetic_energy { 46.76307723020699   } 
   kinetic_energyvar { 141.7378385684916   } 
   potential_energy { -200.3007046332114   } 
   potential_energyvar { 268.7269217460865   } 
   nonlocal_energy { 18.06921218153181   } 
   nonlocal_energyvar { 279.6851748012198   } 
   autocorr_energy { } 
} 

block { 
   label vmc
   totweight 92160
   nautocorr 0
   total_energy { -135.4770573892868   } 
   total_energyvar { 6.547070672707439   } 
   weight { 1   } 
   weightvar { 0   } 
   kinetic_energy { 46.78494812157927   } 
   kinetic_energyvar { 141.3960382878654   } 
   potential_energy { -200.3612870366529   } 
   potential_energyvar { 265.5740718846887   } 
   nonlocal_energy { 18.09928152578686   } 
   nonlocal_energyvar { 275.4164903088066   } 
   autocorr_energy { } 
} 

block { 
   label vmc
   totweight 92160
   nautocorr 0
   total_energy { -135.4794101660472   } 
   total_energyvar { 6.38080991583021   } 
   weight { 1   } 
   weightvar { 0   } 
   kinetic_energy { 46.79880187669759   } 
   kinetic_energyvar { 140.7305645935259   } 
   potential_energy { -200.2876376511574   } 
   potential_energyvar { 265.9597017494089   } 
   nonlocal_energy { 18.0094256084126   } 
   nonlocal_energyvar { 277.0379296066611   } 
   autocorr_energy { } 
} 

block { 
   label vmc
   totweight 92160
   nautocorr 0
   total_energy { -135.4771917552127   } 
   total_energyvar { 6.723061380133919   } 
   weight { 1   } 
   weightvar { 0   } 
   kinetic_energy { 46.82921616291553   } 
   kinetic_energyvar { 144.6624782343052   } 
   potential_energy { -200.4181967249482   } 
   potential_energyvar { 267.3099316458187   } 
   nonlocal_energy { 18.11178880682001   } 
   nonlocal_energyvar { 281.4249352931476   } 
   autocorr_energy { } 
} 

block { 
   label vmc
   totweight 92160
   nautocorr 0
   total_energy { -135.4783556539244   } 
   total_energyvar { 6.520216826413111   } 
   weight { 1   } 
   weightvar { 0   } 
   kinetic_energy { 46.76100074253823   } 
   kinetic_energyvar { 142.0292254472641   } 
   potential_energy { -200.4510736060549   } 
   potential_energyvar { 267.7934150530913   } 
   nonlocal_energy { 18.21171720959235   } 
   nonlocal_energyvar { 281.7470679593526   } 
   autocorr_energy { } 
} 

block { 
   label vmc
   totweight 92160
   nautocorr 0
   total_energy { -135.4738963144034   } 
   total_energyvar { 6.538187659635567   } 
   weight { 1   } 
   weightvar { 0   } 
   kinetic_energy { 46.83054139879665   } 
   kinetic_energyvar { 141.3263803326655   } 
   potential_energy { -200.3414436290298   } 
   potential_energyvar { 267.2638638486388   } 
   nonlocal_energy { 18.0370059158297   } 
   nonlocal_energyvar { 276.021837473346   } 
   autocorr_energy { } 
} 

block { 
   label vmc
   totweight 92160
   nautocorr 0
   total_energy { -135.4785217334203   } 
   total_energyvar { 6.469386994955447   } 
   weight { 1   } 
   weightvar { 0   } 
   kinetic_energy { 46.82200874006041   } 
   kinetic_energyvar { 143.1388323180384   } 
   potential_energy { -200.3394655526057   } 
   potential_energyvar { 265.351754697347   } 
   nonlocal_energy { 18.03893507912492   } 
   nonlocal_energyvar { 276.4260510200898   } 
   autocorr_energy { } 
} 

block { 
   label vmc
   totweight 92160
   nautocorr 0
   total_energy { -135.4853235365643   } 
   total_energyvar { 6.350230703831238   } 
   weight { 1   } 
   weightvar { 0   } 
   kinetic_energy { 46.82928262138141   } 
   kinetic_energyvar { 139.311352941259   } 
   potential_energy { -200.2783276859462   } 
   potential_energyvar { 268.3909641077417   } 
   nonlocal_energy { 17.96372152800043   } 
   nonlocal_energyvar { 267.7569481518115   } 
   autocorr_energy { } 
} 

block { 
   label vmc
   totweight 92160
   nautocorr 0
   total_energy { -135.4764301014856   } 
   total_energyvar { 6.564388198754985   } 
   weight { 1   } 
   weightvar { 0   } 
   kinetic_energy { 46.93530164052036   } 
   kinetic_energyvar { 139.8105900999797   } 
   potential_energy { -200.4648737316506   } 
   potential_energyvar { 268.4342244791687   } 
   nonlocal_energy { 18.05314198964462   } 
   nonlocal_energyvar { 276.2875232938097   } 
   autocorr_energy { } 
} 

block { 
   label vmc
   totweight 92160
   nautocorr 0
   total_energy { -135.4664496603209   } 
   total_energyvar { 6.650489004552358   } 
   weight { 1   } 
   weightvar { 0   } 
   kinetic_energy { 46.82587081023136   } 
   kinetic_energyvar { 139.7904261685365   } 
   potential_energy { -200.4031891764847   } 
   potential_energyvar { 265.6372769461917   } 
   nonlocal_energy { 18.1108687059325   } 
   nonlocal_energyvar { 274.6662568959633   } 
   autocorr_energy { } 
} 

block { 
   label vmc
   totweight 92160
   nautocorr 0
   total_energy { -135.4756657649615   } 
   total_energyvar { 6.446995494724289   } 
   weight { 1   } 
   weightvar { 0   } 
   kinetic_energy { 46.81380495873346   } 
   kinetic_energyvar { 140.1628233930164   } 
   potential_energy { -200.3274230132309   } 
   potential_energyvar { 265.798804580183   } 
   nonlocal_energy { 18.0379522895359   } 
   nonlocal_energyvar { 271.2568324560986   } 
   autocorr_energy { } 
} 

block { 
   label vmc
   totweight 92160
   nautocorr 0
   total_energy { -135.4627257046475   } 
   total_energyvar { 6.448851279240033   } 
   weight { 1   } 
   weightvar { 0   } 
   kinetic_energy { 46.78817698731091   } 
   kinetic_energyvar { 140.0604883905341   } 
   potential_energy { -200.3443370556488   } 
   potential_energyvar { 266.6055007925083   } 
   nonlocal_energy { 18.09343436369042   } 
   nonlocal_energyvar { 273.2266445239397   } 
   autocorr_energy { } 
} 

block { 
   label vmc
   totweight 92160
   nautocorr 0
   total_energy { -135.4623394640553   } 
   total_energyvar { 6.604527648707289   } 
   weight { 1   } 
   weightvar { 0   } 
   kinetic_energy { 46.89208133222454   } 
   kinetic_energyvar { 140.1011467755977   } 
   potential_energy { -200.3576765410625   } 
   potential_energyvar { 265.1783714108818   } 
   nonlocal_energy { 18.00325574478266   } 
   nonlocal_energyvar { 272.1560473350369   } 
   autocorr_energy { } 
} 

block { 
   label vmc
   totweight 92160
   nautocorr 0
   total_energy { -135.4816307793265   } 
   total_energyvar { 6.483376145303682   } 
   weight { 1   } 
   weightvar { 0   } 
   kinetic_energy { 46.79926479033398   } 
   kinetic_energyvar { 144.0983194961709   } 
   potential_energy { -200.4324625605366   } 
   potential_energyvar { 269.7435227271308   } 
   nonlocal_energy { 18.15156699087616   } 
   nonlocal_energyvar { 281.535853836166   } 
   autocorr_energy { } 
} 

block { 
   label vmc
   totweight 92160
   nautocorr 0
   total_energy { -135.4756713241697   } 
   total_energyvar { 6.365488279928982   } 
   weight { 1   } 
   weightvar { 0   } 
   kinetic_energy { 46.84143188904162   } 
   kinetic_energyvar { 140.9430874017505   } 
   potential_energy { -200.2889076515028   } 
   potential_energyvar { 265.5535050024174   } 
   nonlocal_energy { 17.9718044382914   } 
   nonlocal_energyvar { 274.4094289703905   } 
   autocorr_energy { } 
} 

block { 
   label vmc
   totweight 92160
   nautocorr 0
   total_energy { -135.4618703419408   } 
   total_energyvar { 6.615364306854032   } 
   weight { 1   } 
   weightvar { 0   } 
   kinetic_energy { 46.87735271994401   } 
   kinetic_energyvar { 139.8406386132188   } 
   potential_energy { -200.2768350079131   } 
   potential_energyvar { 267.6240354498657   } 
   nonlocal_energy { 17.93761194602835   } 
   nonlocal_energyvar { 270.6727458854993   } 
   autocorr_energy { } 
} 

block { 
   label vmc
   totweight 92160
   nautocorr 0
   total_energy { -135.4840549176344   } 
   total_energyvar { 6.557782478353958   } 
   weight { 1   } 
   weightvar { 0   } 
   kinetic_energy { 46.8048599822323   } 
   kinetic_energyvar { 142.1230206296921   } 
   potential_energy { -200.3968221839186   } 
   potential_energyvar { 269.5126367541989   } 
   nonlocal_energy { 18.10790728405193   } 
   nonlocal_energyvar { 275.7376243491433   } 
   autocorr_energy { } 
} 

block { 
   label vmc
   totweight 92160
   nautocorr 0
   total_energy { -135.4843526243658   } 
   total_energyvar { 6.307861224547657   } 
   weight { 1   } 
   weightvar { 0   } 
   kinetic_energy { 46.74441403220752   } 
   kinetic_energyvar { 144.7634483736439   } 
   potential_energy { -200.291821844821   } 
   potential_energyvar { 268.8905620426845   } 
   nonlocal_energy { 18.06305518824772   } 
   nonlocal_energyvar { 281.637000030373   } 
   autocorr_energy { } 
} 

block { 
   label vmc
   totweight 92160
   nautocorr 0
   total_energy { -135.4699723017097   } 
   total_energyvar { 7.168051665629199   } 
   weight { 1   } 
   weightvar { 0   } 
   kinetic_energy { 46.84390310498028   } 
   kinetic_energyvar { 140.0607957199836   } 
   potential_energy { -200.2978671641752   } 
   potential_energyvar { 266.6128549919553   } 
   nonlocal_energy { 17.98399175748518   } 
   nonlocal_energyvar { 275.5296484092693   } 
   autocorr_energy { } 
} 

block { 
   label vmc
   totweight 92160
   nautocorr 0
   total_energy { -135.4420069718441   } 
   total_energyvar { 6.929050182128489   } 
   weight { 1   } 
   weightvar { 0   } 
   kinetic_energy { 46.84595672001957   } 
   kinetic_energyvar { 141.3876027798427   } 
   potential_energy { -200.3968768930606   } 
   potential_energyvar { 266.7514397833433   } 
   nonlocal_energy { 18.10891320119694   } 
   nonlocal_energyvar { 274.1006825368334   } 
   autocorr_energy { } 
} 

block { 
   label vmc
   totweight 92160
   nautocorr 0
   total_energy { -135.4734734542175   } 
   total_energyvar { 6.55987215368212   } 
   weight { 1   } 
   weightvar { 0   } 
   kinetic_energy { 46.86926044449464   } 
   kinetic_energyvar { 141.0147925978905   } 
   potential_energy { -200.3429432353586   } 
   potential_energyvar { 268.5101879640569   } 
   nonlocal_energy { 18.00020933664641   } 
   nonlocal_energyvar { 272.4236643610184   } 
   autocorr_energy { } 
} 

block { 
   label vmc
   totweight 92160
   nautocorr 0
   total_energy { -135.4665049046031   } 
   total_energyvar { 7.077394034722301   } 
   weight { 1   } 
   weightvar { 0   } 
   kinetic_energy { 46.82162015625343   } 
   kinetic_energyvar { 142.7276621974462   } 
   potential_energy { -200.3733069236609   } 
   potential_energyvar { 267.521838364777   } 
   nonlocal_energy { 18.08518186280436   } 
   nonlocal_energyvar { 278.4601776409494   } 
   autocorr_energy { } 
} 

block { 
   label vmc
   totweight 92160
   nautocorr 0
   total_energy { -135.4848264009118   } 
   total_energyvar { 6.758993031072284   } 
   weight { 1   } 
   weightvar { 0   } 
   kinetic_energy { 46.81674026353159   } 
   kinetic_energyvar { 137.3518651691078   } 
   potential_energy { -200.2926210177226   } 
   potential_energyvar { 266.0148176282214   } 
   nonlocal_energy { 17.99105435327921   } 
   nonlocal_energyvar { 267.6092822600157   } 
   autocorr_energy { } 
} 

block { 
   label vmc
   totweight 92160
   nautocorr 0
   total_energy { -135.4779861714108   } 
   total_energyvar { 6.624377374821639   } 
   weight { 1   } 
   weightvar { 0   } 
   kinetic_energy { 46.86541982098611   } 
   kinetic_energyvar { 139.8672789192277   } 
   potential_energy { -200.3157764341826   } 
   potential_energyvar { 266.0807299280266   } 
   nonlocal_energy { 17.97237044178571   } 
   nonlocal_energyvar { 268.987406453791   } 
   autocorr_energy { } 
} 

block { 
   label vmc
   totweight 92160
   nautocorr 0
   total_energy { -135.4732212545955   } 
   total_energyvar { 6.476558055925028   } 
   weight { 1   } 
   weightvar { 0   } 
   kinetic_energy { 46.85378397096208   } 
   kinetic_energyvar { 142.3057752840517   } 
   potential_energy { -200.3454273331284   } 
   potential_energyvar { 269.5120516728299   } 
   nonlocal_energy { 18.01842210757075   } 
   nonlocal_energyvar { 275.4925285766766   } 
   autocorr_energy { } 
} 

