#-------------------------------------------------
#VMC run: timestep 0.47 nconfig 5120 steps 30
#-------------------------------------------------


init { 
   label vmc
}
block { 
   label vmc
   totweight 153600
   nautocorr 0
   total_energy { -67.7342755285583   } 
   total_energyvar { 1.005211070463661   } 
   weight { 1   } 
   weightvar { 0   } 
   kinetic_energy { 22.63031915826523   } 
   kinetic_energyvar { 52.8994447716594   } 
   potential_energy { -100.9454597887889   } 
   potential_energyvar { 126.3918780359161   } 
   nonlocal_energy { 10.58086510196536   } 
   nonlocal_energyvar { 111.478791448052   } 
   autocorr_energy { } 
} 

block { 
   label vmc
   totweight 153600
   nautocorr 0
   total_energy { -67.72801885009949   } 
   total_energyvar { 0.8989154530058643   } 
   weight { 1   } 
   weightvar { 0   } 
   kinetic_energy { 22.56048598443548   } 
   kinetic_energyvar { 54.54157888730359   } 
   potential_energy { -100.9324070898221   } 
   potential_energyvar { 126.3271805151701   } 
   nonlocal_energy { 10.64390225528712   } 
   nonlocal_energyvar { 114.3105722125961   } 
   autocorr_energy { } 
} 

block { 
   label vmc
   totweight 153600
   nautocorr 0
   total_energy { -67.7292684676511   } 
   total_energyvar { 0.8949830185229174   } 
   weight { 1   } 
   weightvar { 0   } 
   kinetic_energy { 22.56216306411994   } 
   kinetic_energyvar { 54.14204860169674   } 
   potential_energy { -100.9323874826366   } 
   potential_energyvar { 127.3776861048983   } 
   nonlocal_energy { 10.64095595086559   } 
   nonlocal_energyvar { 114.9002604730449   } 
   autocorr_energy { } 
} 

block { 
   label vmc
   totweight 153600
   nautocorr 0
   total_energy { -67.73868173023624   } 
   total_energyvar { 0.9111201937805967   } 
   weight { 1   } 
   weightvar { 0   } 
   kinetic_energy { 22.61711751068777   } 
   kinetic_energyvar { 53.88192391224801   } 
   potential_energy { -100.9942426888366   } 
   potential_energyvar { 126.4744824091267   } 
   nonlocal_energy { 10.63844344791257   } 
   nonlocal_energyvar { 114.103947724414   } 
   autocorr_energy { } 
} 

block { 
   label vmc
   totweight 153600
   nautocorr 0
   total_energy { -67.7344571307657   } 
   total_energyvar { 0.9021362213130584   } 
   weight { 1   } 
   weightvar { 0   } 
   kinetic_energy { 22.58687798118772   } 
   kinetic_energyvar { 53.75947129257899   } 
   potential_energy { -100.9430450712693   } 
   potential_energyvar { 126.7204835853144   } 
   nonlocal_energy { 10.62170995931589   } 
   nonlocal_energyvar { 113.9546724889986   } 
   autocorr_energy { } 
} 

block { 
   label vmc
   totweight 153600
   nautocorr 0
   total_energy { -67.73540385331528   } 
   total_energyvar { 0.9002776746227514   } 
   weight { 1   } 
   weightvar { 0   } 
   kinetic_energy { 22.56834544948132   } 
   kinetic_energyvar { 54.39345872856991   } 
   potential_energy { -100.9566305631276   } 
   potential_energyvar { 126.9984805662885   } 
   nonlocal_energy { 10.65288126033095   } 
   nonlocal_energyvar { 113.9853556440878   } 
   autocorr_energy { } 
} 

block { 
   label vmc
   totweight 153600
   nautocorr 0
   total_energy { -67.72926275015229   } 
   total_energyvar { 0.9363830174238345   } 
   weight { 1   } 
   weightvar { 0   } 
   kinetic_energy { 22.58346763836056   } 
   kinetic_energyvar { 53.62068936677712   } 
   potential_energy { -100.9888363519175   } 
   potential_energyvar { 126.7267260528254   } 
   nonlocal_energy { 10.67610596340465   } 
   nonlocal_energyvar { 114.2294769987782   } 
   autocorr_energy { } 
} 

block { 
   label vmc
   totweight 153600
   nautocorr 0
   total_energy { -67.73228061579402   } 
   total_energyvar { 0.9172809548457609   } 
   weight { 1   } 
   weightvar { 0   } 
   kinetic_energy { 22.61437786639765   } 
   kinetic_energyvar { 53.94524008586622   } 
   potential_energy { -100.9906212761301   } 
   potential_energyvar { 126.9571370860677   } 
   nonlocal_energy { 10.64396279393836   } 
   nonlocal_energyvar { 114.9406974633809   } 
   autocorr_energy { } 
} 

block { 
   label vmc
   totweight 153600
   nautocorr 0
   total_energy { -67.72967813202845   } 
   total_energyvar { 0.8920367815570257   } 
   weight { 1   } 
   weightvar { 0   } 
   kinetic_energy { 22.59654731258576   } 
   kinetic_energyvar { 54.2245412575453   } 
   potential_energy { -100.9762934757323   } 
   potential_energyvar { 126.6646928267362   } 
   nonlocal_energy { 10.65006803111807   } 
   nonlocal_energyvar { 114.0154055675883   } 
   autocorr_energy { } 
} 

block { 
   label vmc
   totweight 153600
   nautocorr 0
   total_energy { -67.7356240939534   } 
   total_energyvar { 0.9058402930918314   } 
   weight { 1   } 
   weightvar { 0   } 
   kinetic_energy { 22.552582379434   } 
   kinetic_energyvar { 54.55122126270942   } 
   potential_energy { -100.975106690928   } 
   potential_energyvar { 127.9593686631722   } 
   nonlocal_energy { 10.68690021754058   } 
   nonlocal_energyvar { 117.1060541998211   } 
   autocorr_energy { } 
} 

block { 
   label vmc
   totweight 153600
   nautocorr 0
   total_energy { -67.72938349496214   } 
   total_energyvar { 0.9479229053934134   } 
   weight { 1   } 
   weightvar { 0   } 
   kinetic_energy { 22.57823153396936   } 
   kinetic_energyvar { 53.93655099993087   } 
   potential_energy { -100.9010597344374   } 
   potential_energyvar { 127.5538021264924   } 
   nonlocal_energy { 10.59344470550591   } 
   nonlocal_energyvar { 114.9440855023793   } 
   autocorr_energy { } 
} 

block { 
   label vmc
   totweight 153600
   nautocorr 0
   total_energy { -67.73267338619392   } 
   total_energyvar { 0.9121050864876049   } 
   weight { 1   } 
   weightvar { 0   } 
   kinetic_energy { 22.58956912146771   } 
   kinetic_energyvar { 53.6314557740065   } 
   potential_energy { -100.9607394800502   } 
   potential_energyvar { 127.4261115780814   } 
   nonlocal_energy { 10.63849697238856   } 
   nonlocal_energyvar { 114.8825569941284   } 
   autocorr_energy { } 
} 

block { 
   label vmc
   totweight 153600
   nautocorr 0
   total_energy { -67.73239971899515   } 
   total_energyvar { 0.9491591981819191   } 
   weight { 1   } 
   weightvar { 0   } 
   kinetic_energy { 22.58111035480288   } 
   kinetic_energyvar { 54.05947338005356   } 
   potential_energy { -100.9444594658061   } 
   potential_energyvar { 127.2492373617266   } 
   nonlocal_energy { 10.63094939200811   } 
   nonlocal_energyvar { 113.3794436086662   } 
   autocorr_energy { } 
} 

block { 
   label vmc
   totweight 153600
   nautocorr 0
   total_energy { -67.73464997168017   } 
   total_energyvar { 0.9440926296048251   } 
   weight { 1   } 
   weightvar { 0   } 
   kinetic_energy { 22.59772192945517   } 
   kinetic_energyvar { 53.56972299333059   } 
   potential_energy { -100.9648705232621   } 
   potential_energyvar { 126.9788666934667   } 
   nonlocal_energy { 10.63249862212674   } 
   nonlocal_energyvar { 114.0084183246775   } 
   autocorr_energy { } 
} 

block { 
   label vmc
   totweight 153600
   nautocorr 0
   total_energy { -67.73470155298206   } 
   total_energyvar { 0.9501038122498432   } 
   weight { 1   } 
   weightvar { 0   } 
   kinetic_energy { 22.61913905687263   } 
   kinetic_energyvar { 54.56987914870683   } 
   potential_energy { -100.9585669170932   } 
   potential_energyvar { 127.7149591671937   } 
   nonlocal_energy { 10.60472630723845   } 
   nonlocal_energyvar { 115.0909159361945   } 
   autocorr_energy { } 
} 

