#-------------------------------------------------
#DMC run: timestep 0.005
#-------------------------------------------------


init { 
   label spin_0.005
}
block { 
   label spin_0.005
   totweight 819200
   nautocorr 0
   total_energy { -146.963982526784   } 
   total_energyvar { 1.61177728015005   } 
   weight { 1.017011435914217   } 
   weightvar { 0.03107418300306282   } 
   kinetic_energy { 56.82469780390109   } 
   kinetic_energyvar { 187.0116075166998   } 
   potential_energy { -223.1022788705976   } 
   potential_energyvar { 380.3825159710753   } 
   nonlocal_energy { 19.31359853991247   } 
   nonlocal_energyvar { 323.0408088929795   } 
   autocorr_energy { } 
} 

block { 
   label spin_0.005
   totweight 819200
   nautocorr 0
   total_energy { -146.9565459459461   } 
   total_energyvar { 1.692629889728633   } 
   weight { 1.015467674424608   } 
   weightvar { 0.07525440002656207   } 
   kinetic_energy { 57.35325113968861   } 
   kinetic_energyvar { 190.5226297316622   } 
   potential_energy { -223.7272051970332   } 
   potential_energyvar { 383.3750049394117   } 
   nonlocal_energy { 19.41740811139847   } 
   nonlocal_energyvar { 330.8134798655362   } 
   autocorr_energy { } 
} 

block { 
   label spin_0.005
   totweight 819200
   nautocorr 0
   total_energy { -146.9498762457462   } 
   total_energyvar { 1.613843762294694   } 
   weight { 0.9982307646784566   } 
   weightvar { 0.08777923967140475   } 
   kinetic_energy { 57.26856548755382   } 
   kinetic_energyvar { 183.8774791133067   } 
   potential_energy { -223.7452816017466   } 
   potential_energyvar { 381.808561593002   } 
   nonlocal_energy { 19.52683986844657   } 
   nonlocal_energyvar { 327.951152696371   } 
   autocorr_energy { } 
} 

block { 
   label spin_0.005
   totweight 819200
   nautocorr 0
   total_energy { -146.9563391291036   } 
   total_energyvar { 1.640121832189163   } 
   weight { 0.9952496379971083   } 
   weightvar { 0.09503273935422239   } 
   kinetic_energy { 57.3653717642767   } 
   kinetic_energyvar { 187.1667204269368   } 
   potential_energy { -223.963386802486   } 
   potential_energyvar { 379.5751490445031   } 
   nonlocal_energy { 19.64167590910576   } 
   nonlocal_energyvar { 331.0070723420331   } 
   autocorr_energy { } 
} 

block { 
   label spin_0.005
   totweight 819200
   nautocorr 0
   total_energy { -146.9460239339908   } 
   total_energyvar { 1.633554897993544   } 
   weight { 0.9940837775666594   } 
   weightvar { 0.09772355224633353   } 
   kinetic_energy { 57.50313922321583   } 
   kinetic_energyvar { 186.3732984552805   } 
   potential_energy { -223.8762100612539   } 
   potential_energyvar { 379.006752779979   } 
   nonlocal_energy { 19.4270469040473   } 
   nonlocal_energyvar { 323.9472145175819   } 
   autocorr_energy { } 
} 

block { 
   label spin_0.005
   totweight 819200
   nautocorr 0
   total_energy { -146.9479823423959   } 
   total_energyvar { 1.631255885339688   } 
   weight { 0.9928299907258651   } 
   weightvar { 0.09854478976607571   } 
   kinetic_energy { 57.29684991168377   } 
   kinetic_energyvar { 188.5239316924487   } 
   potential_energy { -223.7905057331849   } 
   potential_energyvar { 384.7057447843866   } 
   nonlocal_energy { 19.54567347910527   } 
   nonlocal_energyvar { 331.1015160331835   } 
   autocorr_energy { } 
} 

block { 
   label spin_0.005
   totweight 819200
   nautocorr 0
   total_energy { -146.9536317311062   } 
   total_energyvar { 1.628354496231977   } 
   weight { 0.9965144218998315   } 
   weightvar { 0.09577283898758417   } 
   kinetic_energy { 57.5980587149056   } 
   kinetic_energyvar { 182.4221365192702   } 
   potential_energy { -223.9978260539395   } 
   potential_energyvar { 373.4196141928245   } 
   nonlocal_energy { 19.44613560792772   } 
   nonlocal_energyvar { 322.9515434771026   } 
   autocorr_energy { } 
} 

block { 
   label spin_0.005
   totweight 819200
   nautocorr 0
   total_energy { -146.9473318716331   } 
   total_energyvar { 1.635150434062292   } 
   weight { 0.9973162837067187   } 
   weightvar { 0.09178552460682637   } 
   kinetic_energy { 57.39871083048356   } 
   kinetic_energyvar { 188.7273339739859   } 
   potential_energy { -223.823955484939   } 
   potential_energyvar { 381.5656955702392   } 
   nonlocal_energy { 19.47791278282239   } 
   nonlocal_energyvar { 329.2829139361431   } 
   autocorr_energy { } 
} 

block { 
   label spin_0.005
   totweight 819200
   nautocorr 0
   total_energy { -146.9497654414712   } 
   total_energyvar { 1.617068695073319   } 
   weight { 0.9971273598481954   } 
   weightvar { 0.09218453787356726   } 
   kinetic_energy { 57.1582770403212   } 
   kinetic_energyvar { 187.0711478359063   } 
   potential_energy { -223.5993929435003   } 
   potential_energyvar { 379.4195775817707   } 
   nonlocal_energy { 19.49135046170784   } 
   nonlocal_energyvar { 329.7551473788683   } 
   autocorr_energy { } 
} 

block { 
   label spin_0.005
   totweight 819200
   nautocorr 0
   total_energy { -146.9610900686852   } 
   total_energyvar { 1.632351813597663   } 
   weight { 1.003059447053935   } 
   weightvar { 0.09344537107947982   } 
   kinetic_energy { 57.38789500066486   } 
   kinetic_energyvar { 186.6250549026428   } 
   potential_energy { -223.9874549110003   } 
   potential_energyvar { 384.4420062032201   } 
   nonlocal_energy { 19.63846984165027   } 
   nonlocal_energyvar { 331.048130471313   } 
   autocorr_energy { } 
} 

block { 
   label spin_0.005
   totweight 819200
   nautocorr 0
   total_energy { -146.9517827672495   } 
   total_energyvar { 1.642335823675311   } 
   weight { 1.002716790770527   } 
   weightvar { 0.09624720402892664   } 
   kinetic_energy { 57.38420849732729   } 
   kinetic_energyvar { 186.0930686770751   } 
   potential_energy { -223.8463452840146   } 
   potential_energyvar { 379.9501900337035   } 
   nonlocal_energy { 19.51035401943787   } 
   nonlocal_energyvar { 328.8307479988947   } 
   autocorr_energy { } 
} 

block { 
   label spin_0.005
   totweight 819200
   nautocorr 0
   total_energy { -146.9527089151465   } 
   total_energyvar { 1.62483087473582   } 
   weight { 1.000582676891667   } 
   weightvar { 0.09488593534011472   } 
   kinetic_energy { 57.44577258215277   } 
   kinetic_energyvar { 185.8667933489772   } 
   potential_energy { -223.8940866291276   } 
   potential_energyvar { 380.7438443454432   } 
   nonlocal_energy { 19.49560513182832   } 
   nonlocal_energyvar { 329.4678636807493   } 
   autocorr_energy { } 
} 

block { 
   label spin_0.005
   totweight 819200
   nautocorr 0
   total_energy { -146.9532821966929   } 
   total_energyvar { 1.634710538405829   } 
   weight { 1.000446256728956   } 
   weightvar { 0.09423760588280279   } 
   kinetic_energy { 57.65855121242667   } 
   kinetic_energyvar { 183.7924993532299   } 
   potential_energy { -224.1147031773551   } 
   potential_energyvar { 380.4849636203119   } 
   nonlocal_energy { 19.50286976823553   } 
   nonlocal_energyvar { 324.4077960401602   } 
   autocorr_energy { } 
} 

block { 
   label spin_0.005
   totweight 819200
   nautocorr 0
   total_energy { -146.9530033636108   } 
   total_energyvar { 1.650333185552235   } 
   weight { 1.000248662464689   } 
   weightvar { 0.0948720005878452   } 
   kinetic_energy { 57.66819682167333   } 
   kinetic_energyvar { 188.8696900931462   } 
   potential_energy { -224.1998767602043   } 
   potential_energyvar { 383.2006834306199   } 
   nonlocal_energy { 19.57867657492019   } 
   nonlocal_energyvar { 331.0788717311929   } 
   autocorr_energy { } 
} 

block { 
   label spin_0.005
   totweight 819200
   nautocorr 0
   total_energy { -146.9479618159978   } 
   total_energyvar { 1.648238245785886   } 
   weight { 0.998279902586977   } 
   weightvar { 0.09325548097820398   } 
   kinetic_energy { 57.5825984638009   } 
   kinetic_energyvar { 186.3140274911761   } 
   potential_energy { -224.1132882828233   } 
   potential_energyvar { 385.1874962320463   } 
   nonlocal_energy { 19.58272800302459   } 
   nonlocal_energyvar { 328.251305481246   } 
   autocorr_energy { } 
} 

block { 
   label spin_0.005
   totweight 819200
   nautocorr 0
   total_energy { -146.9467002142369   } 
   total_energyvar { 1.620824511137188   } 
   weight { 0.9966822731143075   } 
   weightvar { 0.09413117268014734   } 
   kinetic_energy { 57.59794892056859   } 
   kinetic_energyvar { 184.3534400423472   } 
   potential_energy { -224.0447616162345   } 
   potential_energyvar { 379.5560073717174   } 
   nonlocal_energy { 19.50011248142894   } 
   nonlocal_energyvar { 326.2983932277606   } 
   autocorr_energy { } 
} 

block { 
   label spin_0.005
   totweight 819200
   nautocorr 0
   total_energy { -146.9475195187113   } 
   total_energyvar { 1.64936771525286   } 
   weight { 0.994393841320068   } 
   weightvar { 0.09293504328359187   } 
   kinetic_energy { 57.25852776739425   } 
   kinetic_energyvar { 187.2727038474374   } 
   potential_energy { -223.5961097140678   } 
   potential_energyvar { 378.7454275764504   } 
   nonlocal_energy { 19.39006242796221   } 
   nonlocal_energyvar { 329.0655924813349   } 
   autocorr_energy { } 
} 

block { 
   label spin_0.005
   totweight 819200
   nautocorr 0
   total_energy { -146.9434251888394   } 
   total_energyvar { 1.64663247564889   } 
   weight { 0.9952786937470389   } 
   weightvar { 0.09201462478782668   } 
   kinetic_energy { 57.35177462193479   } 
   kinetic_energyvar { 188.4603580308458   } 
   potential_energy { -223.7463935035976   } 
   potential_energyvar { 381.7777383288145   } 
   nonlocal_energy { 19.4511936928234   } 
   nonlocal_energyvar { 327.4127352952199   } 
   autocorr_energy { } 
} 

block { 
   label spin_0.005
   totweight 819200
   nautocorr 0
   total_energy { -146.9538555826871   } 
   total_energyvar { 1.636792671540052   } 
   weight { 0.9966613012275134   } 
   weightvar { 0.09414330656299756   } 
   kinetic_energy { 57.37496887136525   } 
   kinetic_energyvar { 185.1810197753726   } 
   potential_energy { -223.7888299251193   } 
   potential_energyvar { 379.9124846888246   } 
   nonlocal_energy { 19.46000547106697   } 
   nonlocal_energyvar { 324.0835901974672   } 
   autocorr_energy { } 
} 

block { 
   label spin_0.005
   totweight 819200
   nautocorr 0
   total_energy { -146.9512757168273   } 
   total_energyvar { 1.627105019683504   } 
   weight { 0.9976045237969783   } 
   weightvar { 0.09153263153840067   } 
   kinetic_energy { 57.41650697805288   } 
   kinetic_energyvar { 183.120303140458   } 
   potential_energy { -223.9556760365844   } 
   potential_energyvar { 379.3586423602562   } 
   nonlocal_energy { 19.58789334170422   } 
   nonlocal_energyvar { 328.0224999942636   } 
   autocorr_energy { } 
} 

block { 
   label spin_0.005
   totweight 819200
   nautocorr 0
   total_energy { -146.9530669010585   } 
   total_energyvar { 1.644028126237495   } 
   weight { 1.000136643372523   } 
   weightvar { 0.09248842194364776   } 
   kinetic_energy { 57.40545238036638   } 
   kinetic_energyvar { 186.6819264455029   } 
   potential_energy { -223.89242158631   } 
   potential_energyvar { 385.0011864189673   } 
   nonlocal_energy { 19.53390230488515   } 
   nonlocal_energyvar { 331.2865651388913   } 
   autocorr_energy { } 
} 

block { 
   label spin_0.005
   totweight 819200
   nautocorr 0
   total_energy { -146.9610011785843   } 
   total_energyvar { 1.664994019068798   } 
   weight { 1.003678650791979   } 
   weightvar { 0.09644328500747583   } 
   kinetic_energy { 57.44158489292933   } 
   kinetic_energyvar { 186.7422481768796   } 
   potential_energy { -223.9173312433813   } 
   potential_energyvar { 384.8059442075373   } 
   nonlocal_energy { 19.51474517186767   } 
   nonlocal_energyvar { 326.0437529624788   } 
   autocorr_energy { } 
} 

block { 
   label spin_0.005
   totweight 819200
   nautocorr 0
   total_energy { -146.949769899448   } 
   total_energyvar { 1.617115926879895   } 
   weight { 1.002688815031946   } 
   weightvar { 0.09435320585590985   } 
   kinetic_energy { 57.32264940977683   } 
   kinetic_energyvar { 181.9302976852419   } 
   potential_energy { -223.6204995725619   } 
   potential_energyvar { 374.9708998172343   } 
   nonlocal_energy { 19.34808026333707   } 
   nonlocal_energyvar { 320.4142512464718   } 
   autocorr_energy { } 
} 

block { 
   label spin_0.005
   totweight 819200
   nautocorr 0
   total_energy { -146.9556015478067   } 
   total_energyvar { 1.630827282356457   } 
   weight { 1.002569889706967   } 
   weightvar { 0.09542399832474421   } 
   kinetic_energy { 57.42212213961626   } 
   kinetic_energyvar { 186.409438914489   } 
   potential_energy { -224.0811943539816   } 
   potential_energyvar { 382.2992778538925   } 
   nonlocal_energy { 19.70347066655866   } 
   nonlocal_energyvar { 333.8979873575468   } 
   autocorr_energy { } 
} 

block { 
   label spin_0.005
   totweight 819200
   nautocorr 0
   total_energy { -146.9615628561648   } 
   total_energyvar { 1.620262721288194   } 
   weight { 1.002260678998952   } 
   weightvar { 0.09403867905748335   } 
   kinetic_energy { 57.5333072681544   } 
   kinetic_energyvar { 185.5282774634421   } 
   potential_energy { -224.0444824593766   } 
   potential_energyvar { 382.8753690676583   } 
   nonlocal_energy { 19.5496123350575   } 
   nonlocal_energyvar { 325.9982212308955   } 
   autocorr_energy { } 
} 

block { 
   label spin_0.005
   totweight 819200
   nautocorr 0
   total_energy { -146.9480829039617   } 
   total_energyvar { 1.629926110779549   } 
   weight { 1.002448952664344   } 
   weightvar { 0.09408862158478402   } 
   kinetic_energy { 57.51884520106005   } 
   kinetic_energyvar { 186.3777555528581   } 
   potential_energy { -224.0550313575383   } 
   potential_energyvar { 383.3385100296964   } 
   nonlocal_energy { 19.58810325251654   } 
   nonlocal_energyvar { 330.6424455652031   } 
   autocorr_energy { } 
} 

block { 
   label spin_0.005
   totweight 819200
   nautocorr 0
   total_energy { -146.9458786866572   } 
   total_energyvar { 1.645188802222505   } 
   weight { 0.9981074901710412   } 
   weightvar { 0.09278466961898113   } 
   kinetic_energy { 57.51518827474817   } 
   kinetic_energyvar { 188.6137398309808   } 
   potential_energy { -224.0113043111037   } 
   potential_energyvar { 383.4670263296644   } 
   nonlocal_energy { 19.55023734969832   } 
   nonlocal_energyvar { 329.4599492765686   } 
   autocorr_energy { } 
} 

block { 
   label spin_0.005
   totweight 819200
   nautocorr 0
   total_energy { -146.9476841670831   } 
   total_energyvar { 1.619895975793225   } 
   weight { 0.9933554822766978   } 
   weightvar { 0.09422177693078779   } 
   kinetic_energy { 57.41279560421485   } 
   kinetic_energyvar { 183.7175484334894   } 
   potential_energy { -223.7387437733876   } 
   potential_energyvar { 378.1189327512657   } 
   nonlocal_energy { 19.37826400208961   } 
   nonlocal_energyvar { 323.3166423636233   } 
   autocorr_energy { } 
} 

block { 
   label spin_0.005
   totweight 819200
   nautocorr 0
   total_energy { -146.9529672209666   } 
   total_energyvar { 1.644984041722406   } 
   weight { 0.9981379450636771   } 
   weightvar { 0.09538897405920857   } 
   kinetic_energy { 57.67950468042127   } 
   kinetic_energyvar { 188.5152899771223   } 
   potential_energy { -224.2752004070744   } 
   potential_energyvar { 385.4727345826892   } 
   nonlocal_energy { 19.6427285056866   } 
   nonlocal_energyvar { 330.2904863880189   } 
   autocorr_energy { } 
} 

block { 
   label spin_0.005
   totweight 819200
   nautocorr 0
   total_energy { -146.95511213266   } 
   total_energyvar { 1.626061721465157   } 
   weight { 1.000529943014504   } 
   weightvar { 0.09539336763141433   } 
   kinetic_energy { 57.5127878319237   } 
   kinetic_energyvar { 185.8808849489946   } 
   potential_energy { -224.0114918614321   } 
   potential_energyvar { 380.4677172055374   } 
   nonlocal_energy { 19.54359189684849   } 
   nonlocal_energyvar { 326.3193383837132   } 
   autocorr_energy { } 
} 

