#-------------------------------------------------
#VMC run: timestep 0.3 nconfig 2048 steps 30
#-------------------------------------------------


init { 
   label vmc
}
block { 
   label vmc
   totweight 61440
   nautocorr 0
   total_energy { -146.8986871295166   } 
   total_energyvar { 1.677685490331906   } 
   weight { 1   } 
   weightvar { 0   } 
   kinetic_energy { 57.51514291112652   } 
   kinetic_energyvar { 186.0910212492885   } 
   potential_energy { -223.8082593706644   } 
   potential_energyvar { 378.606769681324   } 
   nonlocal_energy { 19.39442933002127   } 
   nonlocal_energyvar { 325.2334566482161   } 
   autocorr_energy { } 
} 

block { 
   label vmc
   totweight 61440
   nautocorr 0
   total_energy { -146.8948351713932   } 
   total_energyvar { 1.615273624212541   } 
   weight { 1   } 
   weightvar { 0   } 
   kinetic_energy { 57.38175907439729   } 
   kinetic_energyvar { 185.7323794503103   } 
   potential_energy { -223.7883436360572   } 
   potential_energyvar { 381.366813135538   } 
   nonlocal_energy { 19.51174939026673   } 
   nonlocal_energyvar { 330.1076490980483   } 
   autocorr_energy { } 
} 

block { 
   label vmc
   totweight 61440
   nautocorr 0
   total_energy { -146.9101540747436   } 
   total_energyvar { 1.610290279128813   } 
   weight { 1   } 
   weightvar { 0   } 
   kinetic_energy { 57.51324247812895   } 
   kinetic_energyvar { 185.4790231828456   } 
   potential_energy { -223.7286380431687   } 
   potential_energyvar { 379.3033420123691   } 
   nonlocal_energy { 19.30524149029612   } 
   nonlocal_energyvar { 321.6297730743408   } 
   autocorr_energy { } 
} 

block { 
   label vmc
   totweight 61440
   nautocorr 0
   total_energy { -146.9001074942094   } 
   total_energyvar { 1.647553717691566   } 
   weight { 1   } 
   weightvar { 0   } 
   kinetic_energy { 57.41270185343838   } 
   kinetic_energyvar { 183.3287032075255   } 
   potential_energy { -223.6254392827032   } 
   potential_energyvar { 382.8813081382469   } 
   nonlocal_energy { 19.31262993505538   } 
   nonlocal_energyvar { 318.913727413627   } 
   autocorr_energy { } 
} 

block { 
   label vmc
   totweight 61440
   nautocorr 0
   total_energy { -146.8930352750055   } 
   total_energyvar { 1.654486273613787   } 
   weight { 1   } 
   weightvar { 0   } 
   kinetic_energy { 57.35995510271565   } 
   kinetic_energyvar { 186.0289811529503   } 
   potential_energy { -223.8315482850595   } 
   potential_energyvar { 381.3724151527782   } 
   nonlocal_energy { 19.57855790733833   } 
   nonlocal_energyvar { 330.129150081665   } 
   autocorr_energy { } 
} 

block { 
   label vmc
   totweight 61440
   nautocorr 0
   total_energy { -146.8956860289974   } 
   total_energyvar { 1.667618695604375   } 
   weight { 1   } 
   weightvar { 0   } 
   kinetic_energy { 57.4609009676019   } 
   kinetic_energyvar { 183.1325455147778   } 
   potential_energy { -223.858824170983   } 
   potential_energyvar { 380.8714411753791   } 
   nonlocal_energy { 19.50223717438362   } 
   nonlocal_energyvar { 326.9283539586662   } 
   autocorr_energy { } 
} 

block { 
   label vmc
   totweight 61440
   nautocorr 0
   total_energy { -146.9009687838162   } 
   total_energyvar { 1.634436300703347   } 
   weight { 1   } 
   weightvar { 0   } 
   kinetic_energy { 57.48187608257174   } 
   kinetic_energyvar { 181.0259782893255   } 
   potential_energy { -223.7534209527679   } 
   potential_energyvar { 379.2421811419254   } 
   nonlocal_energy { 19.37057608637996   } 
   nonlocal_energyvar { 314.8560967336191   } 
   autocorr_energy { } 
} 

block { 
   label vmc
   totweight 61440
   nautocorr 0
   total_energy { -146.8975706400494   } 
   total_energyvar { 1.664008983812217   } 
   weight { 1   } 
   weightvar { 0   } 
   kinetic_energy { 57.56162079975879   } 
   kinetic_energyvar { 183.3691245911607   } 
   potential_energy { -223.9928588545887   } 
   potential_energyvar { 381.0220921278737   } 
   nonlocal_energy { 19.53366741478055   } 
   nonlocal_energyvar { 328.4517004933647   } 
   autocorr_energy { } 
} 

block { 
   label vmc
   totweight 61440
   nautocorr 0
   total_energy { -146.8931198548727   } 
   total_energyvar { 1.60328074996806   } 
   weight { 1   } 
   weightvar { 0   } 
   kinetic_energy { 57.33490841890375   } 
   kinetic_energyvar { 189.0725836280711   } 
   potential_energy { -223.7418608706328   } 
   potential_energyvar { 382.932455409756   } 
   nonlocal_energy { 19.51383259685644   } 
   nonlocal_energyvar { 331.828811285088   } 
   autocorr_energy { } 
} 

block { 
   label vmc
   totweight 61440
   nautocorr 0
   total_energy { -146.8947426633509   } 
   total_energyvar { 1.586965288331355   } 
   weight { 1   } 
   weightvar { 0   } 
   kinetic_energy { 57.42856754458264   } 
   kinetic_energyvar { 183.2591551185758   } 
   potential_energy { -223.8496197999764   } 
   potential_energyvar { 380.3921953422508   } 
   nonlocal_energy { 19.52630959204278   } 
   nonlocal_energyvar { 325.3024514239114   } 
   autocorr_energy { } 
} 

block { 
   label vmc
   totweight 61440
   nautocorr 0
   total_energy { -146.8951265474035   } 
   total_energyvar { 1.619432811825558   } 
   weight { 1   } 
   weightvar { 0   } 
   kinetic_energy { 57.38941753564364   } 
   kinetic_energyvar { 183.9156935013499   } 
   potential_energy { -223.6716717524931   } 
   potential_energyvar { 376.8329894700703   } 
   nonlocal_energy { 19.38712766944584   } 
   nonlocal_energyvar { 324.082245904768   } 
   autocorr_energy { } 
} 

block { 
   label vmc
   totweight 61440
   nautocorr 0
   total_energy { -146.902304052283   } 
   total_energyvar { 1.674313543113131   } 
   weight { 1   } 
   weightvar { 0   } 
   kinetic_energy { 57.53408711138313   } 
   kinetic_energyvar { 185.2544967032052   } 
   potential_energy { -223.8812019684661   } 
   potential_energyvar { 381.8467579743244   } 
   nonlocal_energy { 19.44481080479987   } 
   nonlocal_energyvar { 320.1068860899306   } 
   autocorr_energy { } 
} 

block { 
   label vmc
   totweight 61440
   nautocorr 0
   total_energy { -146.8921738859721   } 
   total_energyvar { 1.649028904654352   } 
   weight { 1   } 
   weightvar { 0   } 
   kinetic_energy { 57.62447733766734   } 
   kinetic_energyvar { 190.2871244478494   } 
   potential_energy { -223.9945484234043   } 
   potential_energyvar { 384.7610215250717   } 
   nonlocal_energy { 19.47789719976488   } 
   nonlocal_energyvar { 331.6772231152519   } 
   autocorr_energy { } 
} 

block { 
   label vmc
   totweight 61440
   nautocorr 0
   total_energy { -146.9023790726484   } 
   total_energyvar { 1.677314992654432   } 
   weight { 1   } 
   weightvar { 0   } 
   kinetic_energy { 57.34608580489683   } 
   kinetic_energyvar { 183.4957675736125   } 
   potential_energy { -223.8666177276963   } 
   potential_energyvar { 382.4752206802933   } 
   nonlocal_energy { 19.6181528501511   } 
   nonlocal_energyvar { 327.3477740940434   } 
   autocorr_energy { } 
} 

block { 
   label vmc
   totweight 61440
   nautocorr 0
   total_energy { -146.8969690268396   } 
   total_energyvar { 1.647092073253267   } 
   weight { 1   } 
   weightvar { 0   } 
   kinetic_energy { 57.45340704077929   } 
   kinetic_energyvar { 184.8134877622784   } 
   potential_energy { -223.8478651640225   } 
   potential_energyvar { 384.1652152308538   } 
   nonlocal_energy { 19.49748909640361   } 
   nonlocal_energyvar { 324.0635289427531   } 
   autocorr_energy { } 
} 

block { 
   label vmc
   totweight 61440
   nautocorr 0
   total_energy { -146.8971265192111   } 
   total_energyvar { 1.620203523301114   } 
   weight { 1   } 
   weightvar { 0   } 
   kinetic_energy { 57.48634543588624   } 
   kinetic_energyvar { 184.2967350679087   } 
   potential_energy { -223.7358219425655   } 
   potential_energyvar { 375.1092363343097   } 
   nonlocal_energy { 19.35234998746819   } 
   nonlocal_energyvar { 319.5414132505848   } 
   autocorr_energy { } 
} 

block { 
   label vmc
   totweight 61440
   nautocorr 0
   total_energy { -146.89975536772   } 
   total_energyvar { 1.595751031893759   } 
   weight { 1   } 
   weightvar { 0   } 
   kinetic_energy { 57.46001194272326   } 
   kinetic_energyvar { 184.8105809115077   } 
   potential_energy { -223.9036777337304   } 
   potential_energyvar { 380.3770986691998   } 
   nonlocal_energy { 19.54391042328716   } 
   nonlocal_energyvar { 323.5819609868468   } 
   autocorr_energy { } 
} 

block { 
   label vmc
   totweight 61440
   nautocorr 0
   total_energy { -146.8993415524614   } 
   total_energyvar { 1.635328514459507   } 
   weight { 1   } 
   weightvar { 0   } 
   kinetic_energy { 57.54596340089972   } 
   kinetic_energyvar { 228.3204460094663   } 
   potential_energy { -223.955424690861   } 
   potential_energyvar { 422.2210311998787   } 
   nonlocal_energy { 19.51011973749987   } 
   nonlocal_energyvar { 331.9094097387617   } 
   autocorr_energy { } 
} 

block { 
   label vmc
   totweight 61440
   nautocorr 0
   total_energy { -146.9001228658416   } 
   total_energyvar { 1.583516123796509   } 
   weight { 1   } 
   weightvar { 0   } 
   kinetic_energy { 57.48421378213917   } 
   kinetic_energyvar { 185.3958296220875   } 
   potential_energy { -223.9324110439346   } 
   potential_energyvar { 385.817969074064   } 
   nonlocal_energy { 19.54807439595384   } 
   nonlocal_energyvar { 326.8710172589622   } 
   autocorr_energy { } 
} 

block { 
   label vmc
   totweight 61440
   nautocorr 0
   total_energy { -146.9025146856158   } 
   total_energyvar { 1.697889019258804   } 
   weight { 1   } 
   weightvar { 0   } 
   kinetic_energy { 57.48972851093489   } 
   kinetic_energyvar { 191.3419851309076   } 
   potential_energy { -223.8867493713366   } 
   potential_energyvar { 378.6341251392242   } 
   nonlocal_energy { 19.49450617478593   } 
   nonlocal_energyvar { 327.6319940803974   } 
   autocorr_energy { } 
} 

block { 
   label vmc
   totweight 61440
   nautocorr 0
   total_energy { -146.8891442147008   } 
   total_energyvar { 1.639483581844185   } 
   weight { 1   } 
   weightvar { 0   } 
   kinetic_energy { 57.45638380783257   } 
   kinetic_energyvar { 183.3488777315757   } 
   potential_energy { -223.9362060675656   } 
   potential_energyvar { 381.9465973330668   } 
   nonlocal_energy { 19.59067804503225   } 
   nonlocal_energyvar { 320.8759538522852   } 
   autocorr_energy { } 
} 

block { 
   label vmc
   totweight 61440
   nautocorr 0
   total_energy { -146.9020248280367   } 
   total_energyvar { 1.660272603317551   } 
   weight { 1   } 
   weightvar { 0   } 
   kinetic_energy { 57.56160986877033   } 
   kinetic_energyvar { 186.8073242578649   } 
   potential_energy { -223.8750915667983   } 
   potential_energyvar { 378.2336064933925   } 
   nonlocal_energy { 19.41145686999128   } 
   nonlocal_energyvar { 324.9615421240703   } 
   autocorr_energy { } 
} 

block { 
   label vmc
   totweight 61440
   nautocorr 0
   total_energy { -146.8946868174568   } 
   total_energyvar { 1.658886885163362   } 
   weight { 1   } 
   weightvar { 0   } 
   kinetic_energy { 57.33763341455806   } 
   kinetic_energyvar { 188.2823706011496   } 
   potential_energy { -223.7491069296511   } 
   potential_energyvar { 381.4351008700841   } 
   nonlocal_energy { 19.51678669763631   } 
   nonlocal_energyvar { 331.9768171198859   } 
   autocorr_energy { } 
} 

block { 
   label vmc
   totweight 61440
   nautocorr 0
   total_energy { -146.9000976705838   } 
   total_energyvar { 1.63725102702509   } 
   weight { 1   } 
   weightvar { 0   } 
   kinetic_energy { 57.4447610870592   } 
   kinetic_energyvar { 184.8830709511692   } 
   potential_energy { -224.0267594122225   } 
   potential_energyvar { 381.0614194006594   } 
   nonlocal_energy { 19.68190065457951   } 
   nonlocal_energyvar { 331.4483848171355   } 
   autocorr_energy { } 
} 

block { 
   label vmc
   totweight 61440
   nautocorr 0
   total_energy { -146.9003302796139   } 
   total_energyvar { 1.661939024400378   } 
   weight { 1   } 
   weightvar { 0   } 
   kinetic_energy { 57.53000330738701   } 
   kinetic_energyvar { 184.1764896899737   } 
   potential_energy { -223.9211572595623   } 
   potential_energyvar { 381.2290278344124   } 
   nonlocal_energy { 19.4908236725614   } 
   nonlocal_energyvar { 327.1036313151603   } 
   autocorr_energy { } 
} 

block { 
   label vmc
   totweight 61440
   nautocorr 0
   total_energy { -146.8969081340913   } 
   total_energyvar { 1.599220749452336   } 
   weight { 1   } 
   weightvar { 0   } 
   kinetic_energy { 57.34600083201386   } 
   kinetic_energyvar { 183.2684524157744   } 
   potential_energy { -223.5429992868762   } 
   potential_energyvar { 381.0418570855961   } 
   nonlocal_energy { 19.30009032077102   } 
   nonlocal_energyvar { 323.6110042291656   } 
   autocorr_energy { } 
} 

block { 
   label vmc
   totweight 61440
   nautocorr 0
   total_energy { -146.8984876011116   } 
   total_energyvar { 1.595477743378332   } 
   weight { 1   } 
   weightvar { 0   } 
   kinetic_energy { 57.62039647856152   } 
   kinetic_energyvar { 184.4700157246212   } 
   potential_energy { -223.8759701146477   } 
   potential_energyvar { 378.8620443307889   } 
   nonlocal_energy { 19.35708603497459   } 
   nonlocal_energyvar { 324.7535843595796   } 
   autocorr_energy { } 
} 

block { 
   label vmc
   totweight 61440
   nautocorr 0
   total_energy { -146.8921902250848   } 
   total_energyvar { 1.626524849856873   } 
   weight { 1   } 
   weightvar { 0   } 
   kinetic_energy { 57.40718916324519   } 
   kinetic_energyvar { 188.8099536578258   } 
   potential_energy { -223.8458767099767   } 
   potential_energyvar { 380.2373120308492   } 
   nonlocal_energy { 19.54649732164678   } 
   nonlocal_energyvar { 333.1245181666987   } 
   autocorr_energy { } 
} 

block { 
   label vmc
   totweight 61440
   nautocorr 0
   total_energy { -146.9022956483264   } 
   total_energyvar { 1.623110506545795   } 
   weight { 1   } 
   weightvar { 0   } 
   kinetic_energy { 57.48730210168346   } 
   kinetic_energyvar { 183.6007268243063   } 
   potential_energy { -223.7053477055036   } 
   potential_energyvar { 382.4462154844613   } 
   nonlocal_energy { 19.31574995549365   } 
   nonlocal_energyvar { 320.33609745954   } 
   autocorr_energy { } 
} 

block { 
   label vmc
   totweight 61440
   nautocorr 0
   total_energy { -146.8947361974796   } 
   total_energyvar { 1.682996019662898   } 
   weight { 1   } 
   weightvar { 0   } 
   kinetic_energy { 57.61607828312045   } 
   kinetic_energyvar { 184.9513457627695   } 
   potential_energy { -223.8697629529966   } 
   potential_energyvar { 378.6416187607266   } 
   nonlocal_energy { 19.35894847239657   } 
   nonlocal_energyvar { 322.475854015953   } 
   autocorr_energy { } 
} 

