#-------------------------------------------------
#VMC run: timestep 1.6 nconfig 5120 steps 30
#-------------------------------------------------


init { 
   label vmc
}
block { 
   label vmc
   totweight 153600
   nautocorr 0
   total_energy { -5.427375179026874   } 
   total_energyvar { 0.1073989021025738   } 
   weight { 1   } 
   weightvar { 0   } 
   kinetic_energy { 1.968940302993699   } 
   kinetic_energyvar { 2.358398369980542   } 
   potential_energy { -7.581921785079212   } 
   potential_energyvar { 1.365152390952372   } 
   nonlocal_energy { 0.1856063030586396   } 
   nonlocal_energyvar { 2.792418219803998   } 
   autocorr_energy { } 
} 

block { 
   label vmc
   totweight 153600
   nautocorr 0
   total_energy { -5.426762243901003   } 
   total_energyvar { 0.1347485139067137   } 
   weight { 1   } 
   weightvar { 0   } 
   kinetic_energy { 1.96854685758128   } 
   kinetic_energyvar { 2.385952990201287   } 
   potential_energy { -7.571784772579137   } 
   potential_energyvar { 1.355914267657171   } 
   nonlocal_energy { 0.1764756710968534   } 
   nonlocal_energyvar { 2.721972481281682   } 
   autocorr_energy { } 
} 

block { 
   label vmc
   totweight 153600
   nautocorr 0
   total_energy { -5.4285342729308   } 
   total_energyvar { 0.1239001876621692   } 
   weight { 1   } 
   weightvar { 0   } 
   kinetic_energy { 1.968970985374028   } 
   kinetic_energyvar { 2.443950964731481   } 
   potential_energy { -7.580041673283019   } 
   potential_energyvar { 1.374285826737568   } 
   nonlocal_energy { 0.1825364149781904   } 
   nonlocal_energyvar { 2.839347741904564   } 
   autocorr_energy { } 
} 

block { 
   label vmc
   totweight 153600
   nautocorr 0
   total_energy { -5.426194492602552   } 
   total_energyvar { 0.105685090907796   } 
   weight { 1   } 
   weightvar { 0   } 
   kinetic_energy { 1.977722152667055   } 
   kinetic_energyvar { 2.239942990343892   } 
   potential_energy { -7.575584181381487   } 
   potential_energyvar { 1.363011189062746   } 
   nonlocal_energy { 0.1716675361118807   } 
   nonlocal_energyvar { 2.603017673998481   } 
   autocorr_energy { } 
} 

block { 
   label vmc
   totweight 153600
   nautocorr 0
   total_energy { -5.426932913717171   } 
   total_energyvar { 0.1023402310105744   } 
   weight { 1   } 
   weightvar { 0   } 
   kinetic_energy { 1.966950844689348   } 
   kinetic_energyvar { 2.281911430760001   } 
   potential_energy { -7.574963638406624   } 
   potential_energyvar { 1.381765793155174   } 
   nonlocal_energy { 0.1810798800001043   } 
   nonlocal_energyvar { 2.683126006468871   } 
   autocorr_energy { } 
} 

block { 
   label vmc
   totweight 153600
   nautocorr 0
   total_energy { -5.427985747748474   } 
   total_energyvar { 0.09279430444650118   } 
   weight { 1   } 
   weightvar { 0   } 
   kinetic_energy { 1.963280107523072   } 
   kinetic_energyvar { 2.379902297813987   } 
   potential_energy { -7.576237649330603   } 
   potential_energyvar { 1.366792230065041   } 
   nonlocal_energy { 0.1849717940590556   } 
   nonlocal_energyvar { 2.762218544878766   } 
   autocorr_energy { } 
} 

block { 
   label vmc
   totweight 153600
   nautocorr 0
   total_energy { -5.427356368282264   } 
   total_energyvar { 0.1132008138795527   } 
   weight { 1   } 
   weightvar { 0   } 
   kinetic_energy { 1.95612210995997   } 
   kinetic_energyvar { 2.411269401557941   } 
   potential_energy { -7.566517786620579   } 
   potential_energyvar { 1.360130066756459   } 
   nonlocal_energy { 0.183039308378345   } 
   nonlocal_energyvar { 2.834576110612832   } 
   autocorr_energy { } 
} 

block { 
   label vmc
   totweight 153600
   nautocorr 0
   total_energy { -5.428139442553282   } 
   total_energyvar { 0.0952061795185058   } 
   weight { 1   } 
   weightvar { 0   } 
   kinetic_energy { 1.968764872418802   } 
   kinetic_energyvar { 2.359366795194343   } 
   potential_energy { -7.576861471322544   } 
   potential_energyvar { 1.365631008593343   } 
   nonlocal_energy { 0.1799571563504596   } 
   nonlocal_energyvar { 2.674614079826272   } 
   autocorr_energy { } 
} 

block { 
   label vmc
   totweight 153600
   nautocorr 0
   total_energy { -5.42812620845638   } 
   total_energyvar { 0.1170928090685281   } 
   weight { 1   } 
   weightvar { 0   } 
   kinetic_energy { 1.966236230763751   } 
   kinetic_energyvar { 2.375052521677121   } 
   potential_energy { -7.575941880275788   } 
   potential_energyvar { 1.391248928729617   } 
   nonlocal_energy { 0.1815794410556566   } 
   nonlocal_energyvar { 2.743402272786192   } 
   autocorr_energy { } 
} 

block { 
   label vmc
   totweight 153600
   nautocorr 0
   total_energy { -5.427623299119318   } 
   total_energyvar { 0.1029176967980722   } 
   weight { 1   } 
   weightvar { 0   } 
   kinetic_energy { 1.961870265343325   } 
   kinetic_energyvar { 2.380457636504917   } 
   potential_energy { -7.58043399327678   } 
   potential_energyvar { 1.364789021580694   } 
   nonlocal_energy { 0.1909404288141372   } 
   nonlocal_energyvar { 2.778068963777554   } 
   autocorr_energy { } 
} 

block { 
   label vmc
   totweight 153600
   nautocorr 0
   total_energy { -5.426183607144215   } 
   total_energyvar { 0.108525109399735   } 
   weight { 1   } 
   weightvar { 0   } 
   kinetic_energy { 1.957477003446578   } 
   kinetic_energyvar { 2.417869434046785   } 
   potential_energy { -7.575458642912081   } 
   potential_energyvar { 1.390864344914836   } 
   nonlocal_energy { 0.1917980323212888   } 
   nonlocal_energyvar { 2.828486151834734   } 
   autocorr_energy { } 
} 

block { 
   label vmc
   totweight 153600
   nautocorr 0
   total_energy { -5.429230854644811   } 
   total_energyvar { 0.09961391633103296   } 
   weight { 1   } 
   weightvar { 0   } 
   kinetic_energy { 1.95933812449125   } 
   kinetic_energyvar { 2.475718444181074   } 
   potential_energy { -7.570281462939098   } 
   potential_energyvar { 1.362763369844953   } 
   nonlocal_energy { 0.1817124838030351   } 
   nonlocal_energyvar { 2.81527430390382   } 
   autocorr_energy { } 
} 

block { 
   label vmc
   totweight 153600
   nautocorr 0
   total_energy { -5.427453922071483   } 
   total_energyvar { 0.1106523466701572   } 
   weight { 1   } 
   weightvar { 0   } 
   kinetic_energy { 1.959884534925995   } 
   kinetic_energyvar { 2.406596210289986   } 
   potential_energy { -7.575557316331703   } 
   potential_energyvar { 1.361142169603821   } 
   nonlocal_energy { 0.1882188593342258   } 
   nonlocal_energyvar { 2.823850905759892   } 
   autocorr_energy { } 
} 

block { 
   label vmc
   totweight 153600
   nautocorr 0
   total_energy { -5.427168538005208   } 
   total_energyvar { 0.1172808512753953   } 
   weight { 1   } 
   weightvar { 0   } 
   kinetic_energy { 1.964826615286552   } 
   kinetic_energyvar { 2.357751432021807   } 
   potential_energy { -7.582030280541836   } 
   potential_energyvar { 1.357215796815608   } 
   nonlocal_energy { 0.1900351272500767   } 
   nonlocal_energyvar { 2.781268321683931   } 
   autocorr_energy { } 
} 

block { 
   label vmc
   totweight 153600
   nautocorr 0
   total_energy { -5.427208407312309   } 
   total_energyvar { 0.144649249682487   } 
   weight { 1   } 
   weightvar { 0   } 
   kinetic_energy { 1.973327054470992   } 
   kinetic_energyvar { 2.345031734535398   } 
   potential_energy { -7.579816976549691   } 
   potential_energyvar { 1.367791876514758   } 
   nonlocal_energy { 0.1792815147663898   } 
   nonlocal_energyvar { 2.668284613245459   } 
   autocorr_energy { } 
} 

block { 
   label vmc
   totweight 153600
   nautocorr 0
   total_energy { -5.426888925299235   } 
   total_energyvar { 0.1319180502395514   } 
   weight { 1   } 
   weightvar { 0   } 
   kinetic_energy { 1.957729025734086   } 
   kinetic_energyvar { 2.433780100753129   } 
   potential_energy { -7.577379130130466   } 
   potential_energyvar { 1.382497318087513   } 
   nonlocal_energy { 0.1927611790971464   } 
   nonlocal_energyvar { 2.843555311341689   } 
   autocorr_energy { } 
} 

block { 
   label vmc
   totweight 153600
   nautocorr 0
   total_energy { -5.426358550020224   } 
   total_energyvar { 0.1002287144723765   } 
   weight { 1   } 
   weightvar { 0   } 
   kinetic_energy { 1.971035186138436   } 
   kinetic_energyvar { 2.362251440253678   } 
   potential_energy { -7.578914634353303   } 
   potential_energyvar { 1.356326190140115   } 
   nonlocal_energy { 0.1815208981946423   } 
   nonlocal_energyvar { 2.703097211899566   } 
   autocorr_energy { } 
} 

block { 
   label vmc
   totweight 153600
   nautocorr 0
   total_energy { -5.427023591820534   } 
   total_energyvar { 0.1244676495541523   } 
   weight { 1   } 
   weightvar { 0   } 
   kinetic_energy { 1.956991192119012   } 
   kinetic_energyvar { 2.547099847133092   } 
   potential_energy { -7.577041678998859   } 
   potential_energyvar { 1.409491353230491   } 
   nonlocal_energy { 0.1930268950593146   } 
   nonlocal_energyvar { 2.916584381144117   } 
   autocorr_energy { } 
} 

block { 
   label vmc
   totweight 153600
   nautocorr 0
   total_energy { -5.428894011208666   } 
   total_energyvar { 0.1051858431174121   } 
   weight { 1   } 
   weightvar { 0   } 
   kinetic_energy { 1.966038683413907   } 
   kinetic_energyvar { 2.419698448860812   } 
   potential_energy { -7.58036741425828   } 
   potential_energyvar { 1.378765618520986   } 
   nonlocal_energy { 0.1854347196357075   } 
   nonlocal_energyvar { 2.768880156617713   } 
   autocorr_energy { } 
} 

block { 
   label vmc
   totweight 153600
   nautocorr 0
   total_energy { -5.426706696529123   } 
   total_energyvar { 0.121551138407707   } 
   weight { 1   } 
   weightvar { 0   } 
   kinetic_energy { 1.970232824269454   } 
   kinetic_energyvar { 2.262030746040871   } 
   potential_energy { -7.569781828610997   } 
   potential_energyvar { 1.373927981021651   } 
   nonlocal_energy { 0.1728423078124193   } 
   nonlocal_energyvar { 2.578169758141098   } 
   autocorr_energy { } 
} 

