#-------------------------------------------------
#DMC run: timestep 0.002
#-------------------------------------------------


init { 
   label spin_0.001
}
block { 
   label spin_0.001
   totweight 2176000
   nautocorr 0
   total_energy { -66.37154911588232   } 
   total_energyvar { 0.4817344293438502   } 
   weight { 1.013405204389805   } 
   weightvar { 0.01169506564272644   } 
   kinetic_energy { 22.68198550605805   } 
   kinetic_energyvar { 76.34270406651352   } 
   potential_energy { -95.58066006536988   } 
   potential_energyvar { 83.28401130432815   } 
   nonlocal_energy { 6.527125443429513   } 
   nonlocal_energyvar { 113.5574810187725   } 
   autocorr_energy { } 
} 

block { 
   label spin_0.001
   totweight 2176000
   nautocorr 0
   total_energy { -66.34503459359264   } 
   total_energyvar { 0.5056487117412721   } 
   weight { 1.001465076463649   } 
   weightvar { 0.0398743082983643   } 
   kinetic_energy { 22.9461789876714   } 
   kinetic_energyvar { 75.15872774018156   } 
   potential_energy { -95.88301276271825   } 
   potential_energyvar { 84.15315131792028   } 
   nonlocal_energy { 6.591799181454189   } 
   nonlocal_energyvar { 112.5766106280212   } 
   autocorr_energy { } 
} 

block { 
   label spin_0.001
   totweight 2176000
   nautocorr 0
   total_energy { -66.3378586284105   } 
   total_energyvar { 0.501269486768253   } 
   weight { 0.9855413589929958   } 
   weightvar { 0.06208080404299265   } 
   kinetic_energy { 22.88448359241811   } 
   kinetic_energyvar { 75.38114749759576   } 
   potential_energy { -95.79698615724099   } 
   potential_energyvar { 84.4964173127541   } 
   nonlocal_energy { 6.574643936412384   } 
   nonlocal_energyvar { 113.0152205512082   } 
   autocorr_energy { } 
} 

block { 
   label spin_0.001
   totweight 2176000
   nautocorr 0
   total_energy { -66.33242073895886   } 
   total_energyvar { 0.4912638712875071   } 
   weight { 0.9822007128936769   } 
   weightvar { 0.07530616660714866   } 
   kinetic_energy { 22.95199345565351   } 
   kinetic_energyvar { 74.61826292649238   } 
   potential_energy { -95.83183675487831   } 
   potential_energyvar { 83.40710394668095   } 
   nonlocal_energy { 6.547422560265932   } 
   nonlocal_energyvar { 111.3286259063012   } 
   autocorr_energy { } 
} 

block { 
   label spin_0.001
   totweight 2176000
   nautocorr 0
   total_energy { -66.33566492745641   } 
   total_energyvar { 0.5025357803105973   } 
   weight { 0.983092459936134   } 
   weightvar { 0.08384808418737688   } 
   kinetic_energy { 22.98502705571923   } 
   kinetic_energyvar { 75.07404289475785   } 
   potential_energy { -95.83247940430694   } 
   potential_energyvar { 82.98062721013865   } 
   nonlocal_energy { 6.511787421131303   } 
   nonlocal_energyvar { 111.5904741736759   } 
   autocorr_energy { } 
} 

block { 
   label spin_0.001
   totweight 2176000
   nautocorr 0
   total_energy { -66.33686943616959   } 
   total_energyvar { 0.4885988982061047   } 
   weight { 0.9883617177825023   } 
   weightvar { 0.08717578050478086   } 
   kinetic_energy { 22.97435320528034   } 
   kinetic_energyvar { 74.63288532815416   } 
   potential_energy { -95.87610919078465   } 
   potential_energyvar { 82.5445904552984   } 
   nonlocal_energy { 6.564886549334719   } 
   nonlocal_energyvar { 110.4852723530695   } 
   autocorr_energy { } 
} 

block { 
   label spin_0.001
   totweight 2176000
   nautocorr 0
   total_energy { -66.33462589970233   } 
   total_energyvar { 0.4932946720479156   } 
   weight { 0.9926864742937507   } 
   weightvar { 0.0872652672938744   } 
   kinetic_energy { 22.96914447242574   } 
   kinetic_energyvar { 73.70212823397347   } 
   potential_energy { -95.77771354670939   } 
   potential_energyvar { 82.74532594359988   } 
   nonlocal_energy { 6.473943174581312   } 
   nonlocal_energyvar { 109.1152444180538   } 
   autocorr_energy { } 
} 

block { 
   label spin_0.001
   totweight 2176000
   nautocorr 0
   total_energy { -66.33607087541428   } 
   total_energyvar { 0.4989747345567157   } 
   weight { 0.9969422443522802   } 
   weightvar { 0.0870561127563228   } 
   kinetic_energy { 23.01770094421398   } 
   kinetic_energyvar { 76.16108426669962   } 
   potential_energy { -95.99045595798302   } 
   potential_energyvar { 83.6981978616423   } 
   nonlocal_energy { 6.636684138354749   } 
   nonlocal_energyvar { 113.4384566315729   } 
   autocorr_energy { } 
} 

block { 
   label spin_0.001
   totweight 2176000
   nautocorr 0
   total_energy { -66.33391228803194   } 
   total_energyvar { 0.5028286768087146   } 
   weight { 0.9973675083716628   } 
   weightvar { 0.08759355054698244   } 
   kinetic_energy { 23.01078192891404   } 
   kinetic_energyvar { 74.58831035631817   } 
   potential_energy { -95.93683180571968   } 
   potential_energyvar { 81.78359380187455   } 
   nonlocal_energy { 6.59213758877371   } 
   nonlocal_energyvar { 112.8512784923878   } 
   autocorr_energy { } 
} 

block { 
   label spin_0.001
   totweight 2176000
   nautocorr 0
   total_energy { -66.33541584029929   } 
   total_energyvar { 0.4913429083419822   } 
   weight { 0.9976657268589748   } 
   weightvar { 0.09014019462404796   } 
   kinetic_energy { 23.10429500130107   } 
   kinetic_energyvar { 73.66325097662811   } 
   potential_energy { -95.94139327674208   } 
   potential_energyvar { 81.82582336710495   } 
   nonlocal_energy { 6.501682435141669   } 
   nonlocal_energyvar { 109.212900433926   } 
   autocorr_energy { } 
} 

block { 
   label spin_0.001
   totweight 2176000
   nautocorr 0
   total_energy { -66.34092790161252   } 
   total_energyvar { 0.4936008349032946   } 
   weight { 1.00203628583083   } 
   weightvar { 0.08941421713587724   } 
   kinetic_energy { 22.93696982081531   } 
   kinetic_energyvar { 75.30922714815151   } 
   potential_energy { -95.80183423201078   } 
   potential_energyvar { 82.84573175374901   } 
   nonlocal_energy { 6.52393650958293   } 
   nonlocal_energyvar { 113.1741039800878   } 
   autocorr_energy { } 
} 

block { 
   label spin_0.001
   totweight 2176000
   nautocorr 0
   total_energy { -66.33338475456564   } 
   total_energyvar { 0.4914846074202668   } 
   weight { 1.000127006691913   } 
   weightvar { 0.08908525570221092   } 
   kinetic_energy { 23.02325440180859   } 
   kinetic_energyvar { 75.4083384105723   } 
   potential_energy { -95.96628231537237   } 
   potential_energyvar { 82.67410863732206   } 
   nonlocal_energy { 6.609643158998141   } 
   nonlocal_energyvar { 113.0524594457844   } 
   autocorr_energy { } 
} 

block { 
   label spin_0.001
   totweight 2176000
   nautocorr 0
   total_energy { -66.33996314510919   } 
   total_energyvar { 0.4993378284582219   } 
   weight { 1.001776233857703   } 
   weightvar { 0.08968168395249361   } 
   kinetic_energy { 23.03882077920147   } 
   kinetic_energyvar { 74.7012961124947   } 
   potential_energy { -95.95631982125946   } 
   potential_energyvar { 83.41363645957149   } 
   nonlocal_energy { 6.577535896948776   } 
   nonlocal_energyvar { 112.0323915847611   } 
   autocorr_energy { } 
} 

block { 
   label spin_0.001
   totweight 2176000
   nautocorr 0
   total_energy { -66.33547473258054   } 
   total_energyvar { 0.5032044794375771   } 
   weight { 1.000947475070803   } 
   weightvar { 0.08996529017518462   } 
   kinetic_energy { 23.03556460463459   } 
   kinetic_energyvar { 75.89838978262814   } 
   potential_energy { -95.99802439298995   } 
   potential_energyvar { 82.8163635759923   } 
   nonlocal_energy { 6.626985055774818   } 
   nonlocal_energyvar { 113.856749181227   } 
   autocorr_energy { } 
} 

block { 
   label spin_0.001
   totweight 2176000
   nautocorr 0
   total_energy { -66.33094397848639   } 
   total_energyvar { 0.505590556917304   } 
   weight { 0.9977358939996841   } 
   weightvar { 0.09025778129788101   } 
   kinetic_energy { 22.97262793710138   } 
   kinetic_energyvar { 74.22054334437543   } 
   potential_energy { -95.80676390925471   } 
   potential_energyvar { 83.07746274088657   } 
   nonlocal_energy { 6.503191993666938   } 
   nonlocal_energyvar { 110.6643050309989   } 
   autocorr_energy { } 
} 

block { 
   label spin_0.001
   totweight 2176000
   nautocorr 0
   total_energy { -66.33588428749356   } 
   total_energyvar { 0.4978595321762728   } 
   weight { 0.9971985775254986   } 
   weightvar { 0.09048978906333741   } 
   kinetic_energy { 22.92632011681946   } 
   kinetic_energyvar { 75.31251244977418   } 
   potential_energy { -95.80411392873997   } 
   potential_energyvar { 82.57710202350741   } 
   nonlocal_energy { 6.541909524426963   } 
   nonlocal_energyvar { 112.5567087656363   } 
   autocorr_energy { } 
} 

block { 
   label spin_0.001
   totweight 2176000
   nautocorr 0
   total_energy { -66.33031375836057   } 
   total_energyvar { 0.4964142151730174   } 
   weight { 0.9976146894637087   } 
   weightvar { 0.09119720012034112   } 
   kinetic_energy { 23.04425183812553   } 
   kinetic_energyvar { 75.19468917065234   } 
   potential_energy { -95.90925499629606   } 
   potential_energyvar { 82.54408661021715   } 
   nonlocal_energy { 6.534689399809971   } 
   nonlocal_energyvar { 111.7339822997233   } 
   autocorr_energy { } 
} 

block { 
   label spin_0.001
   totweight 2176000
   nautocorr 0
   total_energy { -66.3327983088178   } 
   total_energyvar { 0.4985183574389595   } 
   weight { 0.9956298628686936   } 
   weightvar { 0.08976911562630183   } 
   kinetic_energy { 22.98322908475469   } 
   kinetic_energyvar { 74.89588628557348   } 
   potential_energy { -95.83797567328597   } 
   potential_energyvar { 83.0651199161984   } 
   nonlocal_energy { 6.521948279713479   } 
   nonlocal_energyvar { 110.5667959075429   } 
   autocorr_energy { } 
} 

block { 
   label spin_0.001
   totweight 2176000
   nautocorr 0
   total_energy { -66.33286999529695   } 
   total_energyvar { 0.4955642061250755   } 
   weight { 0.9964615293886037   } 
   weightvar { 0.09078782172089805   } 
   kinetic_energy { 23.0498804441386   } 
   kinetic_energyvar { 75.81278744663555   } 
   potential_energy { -95.99268898213747   } 
   potential_energyvar { 81.76405059632557   } 
   nonlocal_energy { 6.609938542701927   } 
   nonlocal_energyvar { 113.0272981902845   } 
   autocorr_energy { } 
} 

block { 
   label spin_0.001
   totweight 2176000
   nautocorr 0
   total_energy { -66.33646235494849   } 
   total_energyvar { 0.4912346225055833   } 
   weight { 0.9988738901096115   } 
   weightvar { 0.09253273909078517   } 
   kinetic_energy { 23.01532244138186   } 
   kinetic_energyvar { 73.45711878688836   } 
   potential_energy { -95.87761801577497   } 
   potential_energyvar { 82.34959943871725   } 
   nonlocal_energy { 6.525833219444625   } 
   nonlocal_energyvar { 109.3146844953154   } 
   autocorr_energy { } 
} 

block { 
   label spin_0.001
   totweight 2176000
   nautocorr 0
   total_energy { -66.33319165130463   } 
   total_energyvar { 0.4929848743109271   } 
   weight { 0.9988439311713313   } 
   weightvar { 0.09205963724450966   } 
   kinetic_energy { 22.91286339179111   } 
   kinetic_energyvar { 75.97492853502595   } 
   potential_energy { -95.78536941211786   } 
   potential_energyvar { 82.09868175677232   } 
   nonlocal_energy { 6.539314369022122   } 
   nonlocal_energyvar { 112.5512100988122   } 
   autocorr_energy { } 
} 

block { 
   label spin_0.001
   totweight 2176000
   nautocorr 0
   total_energy { -66.33672023435231   } 
   total_energyvar { 0.4950016272524674   } 
   weight { 0.9994000231116626   } 
   weightvar { 0.09071628774089437   } 
   kinetic_energy { 23.02645200377816   } 
   kinetic_energyvar { 75.62906604640237   } 
   potential_energy { -95.92728275318875   } 
   potential_energyvar { 82.03131903655876   } 
   nonlocal_energy { 6.564110515058259   } 
   nonlocal_energyvar { 111.5861655920702   } 
   autocorr_energy { } 
} 

block { 
   label spin_0.001
   totweight 2176000
   nautocorr 0
   total_energy { -66.33918813858088   } 
   total_energyvar { 0.4966601075342291   } 
   weight { 1.001142881395271   } 
   weightvar { 0.09052229223122363   } 
   kinetic_energy { 22.89824130987619   } 
   kinetic_energyvar { 75.14529768406381   } 
   potential_energy { -95.79339282446303   } 
   potential_energyvar { 83.85902908264504   } 
   nonlocal_energy { 6.555963376005932   } 
   nonlocal_energyvar { 111.7073550251333   } 
   autocorr_energy { } 
} 

block { 
   label spin_0.001
   totweight 2176000
   nautocorr 0
   total_energy { -66.33617927179098   } 
   total_energyvar { 0.5018446681624831   } 
   weight { 1.001402099236124   } 
   weightvar { 0.09077109181209778   } 
   kinetic_energy { 22.88623026089467   } 
   kinetic_energyvar { 75.43585295821165   } 
   potential_energy { -95.76318311480647   } 
   potential_energyvar { 82.24329982806483   } 
   nonlocal_energy { 6.540773582120827   } 
   nonlocal_energyvar { 112.1019329847513   } 
   autocorr_energy { } 
} 

block { 
   label spin_0.001
   totweight 2176000
   nautocorr 0
   total_energy { -66.33092526197959   } 
   total_energyvar { 0.4981496476168348   } 
   weight { 0.9999602834971498   } 
   weightvar { 0.09129558379008645   } 
   kinetic_energy { 22.91039011366539   } 
   kinetic_energyvar { 75.95028351807387   } 
   potential_energy { -95.81538179188209   } 
   potential_energyvar { 82.41798626041042   } 
   nonlocal_energy { 6.574066416237085   } 
   nonlocal_energyvar { 113.2159821823767   } 
   autocorr_energy { } 
} 

block { 
   label spin_0.001
   totweight 2176000
   nautocorr 0
   total_energy { -66.33350759468173   } 
   total_energyvar { 0.5182229626390815   } 
   weight { 0.9956725975385307   } 
   weightvar { 0.09110873124246803   } 
   kinetic_energy { 23.04180823014603   } 
   kinetic_energyvar { 74.23333025327848   } 
   potential_energy { -95.96878570903712   } 
   potential_energyvar { 83.0081262494943   } 
   nonlocal_energy { 6.593469884209354   } 
   nonlocal_energyvar { 111.0344027623995   } 
   autocorr_energy { } 
} 

block { 
   label spin_0.001
   totweight 2176000
   nautocorr 0
   total_energy { -66.33906734877344   } 
   total_energyvar { 0.4947468953449881   } 
   weight { 1.001030671013314   } 
   weightvar { 0.08747253330660451   } 
   kinetic_energy { 22.99158322049107   } 
   kinetic_energyvar { 75.42345392129137   } 
   potential_energy { -95.82891021155042   } 
   potential_energyvar { 82.56499927497286   } 
   nonlocal_energy { 6.498259642285916   } 
   nonlocal_energyvar { 111.7151957693971   } 
   autocorr_energy { } 
} 

block { 
   label spin_0.001
   totweight 2176000
   nautocorr 0
   total_energy { -66.33487481335801   } 
   total_energyvar { 0.4954691784590498   } 
   weight { 1.000371212630316   } 
   weightvar { 0.08763952389681628   } 
   kinetic_energy { 22.92414704786703   } 
   kinetic_energyvar { 75.86108886284737   } 
   potential_energy { -95.7720272717624   } 
   potential_energyvar { 83.34541788637397   } 
   nonlocal_energy { 6.513005410537328   } 
   nonlocal_energyvar { 112.5248182121296   } 
   autocorr_energy { } 
} 

block { 
   label spin_0.001
   totweight 2176000
   nautocorr 0
   total_energy { -66.33611474403878   } 
   total_energyvar { 0.496051486554251   } 
   weight { 0.999480206854219   } 
   weightvar { 0.08877491023240917   } 
   kinetic_energy { 23.06676198779205   } 
   kinetic_energyvar { 75.42591796484928   } 
   potential_energy { -95.9570605121032   } 
   potential_energyvar { 82.87642284716571   } 
   nonlocal_energy { 6.554183780272401   } 
   nonlocal_energyvar { 111.9501952561077   } 
   autocorr_energy { } 
} 

block { 
   label spin_0.001
   totweight 2176000
   nautocorr 0
   total_energy { -66.33388714042147   } 
   total_energyvar { 0.5037629215458432   } 
   weight { 0.9992140718620011   } 
   weightvar { 0.08768089870016733   } 
   kinetic_energy { 22.91001895983056   } 
   kinetic_energyvar { 74.39077682235514   } 
   potential_energy { -95.71433694189425   } 
   potential_energyvar { 82.85759685190493   } 
   nonlocal_energy { 6.470430841642237   } 
   nonlocal_energyvar { 110.1838593418507   } 
   autocorr_energy { } 
} 

block { 
   label spin_0.001
   totweight 2176000
   nautocorr 0
   total_energy { -66.33912273162784   } 
   total_energyvar { 0.489329857088964   } 
   weight { 1.001170133884073   } 
   weightvar { 0.08852393998913341   } 
   kinetic_energy { 22.91527848040962   } 
   kinetic_energyvar { 75.36419816220197   } 
   potential_energy { -95.75748758925836   } 
   potential_energyvar { 83.03711679759519   } 
   nonlocal_energy { 6.503086377220897   } 
   nonlocal_energyvar { 110.4428323068472   } 
   autocorr_energy { } 
} 

block { 
   label spin_0.001
   totweight 2176000
   nautocorr 0
   total_energy { -66.33758513828073   } 
   total_energyvar { 0.4960189860777761   } 
   weight { 1.001708043179597   } 
   weightvar { 0.08917458539994162   } 
   kinetic_energy { 22.96546072185692   } 
   kinetic_energyvar { 73.79948106383219   } 
   potential_energy { -95.83159196334091   } 
   potential_energyvar { 82.2900804436369   } 
   nonlocal_energy { 6.528546103203271   } 
   nonlocal_energyvar { 110.2899725770846   } 
   autocorr_energy { } 
} 

block { 
   label spin_0.001
   totweight 2176000
   nautocorr 0
   total_energy { -66.33718196331502   } 
   total_energyvar { 0.4930826071973746   } 
   weight { 1.001186828615299   } 
   weightvar { 0.09040873770332862   } 
   kinetic_energy { 23.08044034175012   } 
   kinetic_energyvar { 74.39671259702955   } 
   potential_energy { -95.9017369271556   } 
   potential_energyvar { 82.70052912660451   } 
   nonlocal_energy { 6.484114622090463   } 
   nonlocal_energyvar { 108.7618103770756   } 
   autocorr_energy { } 
} 

block { 
   label spin_0.001
   totweight 2176000
   nautocorr 0
   total_energy { -66.33744598095186   } 
   total_energyvar { 0.4984842548097705   } 
   weight { 1.001650011827492   } 
   weightvar { 0.08991229313146157   } 
   kinetic_energy { 22.91011839830517   } 
   kinetic_energyvar { 75.26488800408643   } 
   potential_energy { -95.72782636998843   } 
   potential_energyvar { 82.68206359768105   } 
   nonlocal_energy { 6.480261990731385   } 
   nonlocal_energyvar { 111.2858987352752   } 
   autocorr_energy { } 
} 

block { 
   label spin_0.001
   totweight 2176000
   nautocorr 0
   total_energy { -66.33080092685914   } 
   total_energyvar { 0.4978401061650131   } 
   weight { 0.998955980409622   } 
   weightvar { 0.08933469556254833   } 
   kinetic_energy { 22.87111481837757   } 
   kinetic_energyvar { 75.83299795906525   } 
   potential_energy { -95.71679971142264   } 
   potential_energyvar { 83.95824059533537   } 
   nonlocal_energy { 6.514883966185928   } 
   nonlocal_energyvar { 111.9905520137716   } 
   autocorr_energy { } 
} 

block { 
   label spin_0.001
   totweight 2176000
   nautocorr 0
   total_energy { -66.33922710764645   } 
   total_energyvar { 0.4979812149952531   } 
   weight { 0.9983894209857799   } 
   weightvar { 0.09015222826515984   } 
   kinetic_energy { 23.0049230029567   } 
   kinetic_energyvar { 75.02798319796257   } 
   potential_energy { -95.90139543804058   } 
   potential_energyvar { 83.25055137168304   } 
   nonlocal_energy { 6.557245327437429   } 
   nonlocal_energyvar { 111.8913730953181   } 
   autocorr_energy { } 
} 

block { 
   label spin_0.001
   totweight 2176000
   nautocorr 0
   total_energy { -66.33581951406188   } 
   total_energyvar { 0.4931407871876298   } 
   weight { 1.000959665115593   } 
   weightvar { 0.08989148069977529   } 
   kinetic_energy { 22.97901116790462   } 
   kinetic_energyvar { 74.81957976845155   } 
   potential_energy { -95.85594308969904   } 
   potential_energyvar { 84.22565174890443   } 
   nonlocal_energy { 6.54111240773255   } 
   nonlocal_energyvar { 109.8775134221587   } 
   autocorr_energy { } 
} 

block { 
   label spin_0.001
   totweight 2176000
   nautocorr 0
   total_energy { -66.33788426615756   } 
   total_energyvar { 0.5035541010055185   } 
   weight { 1.001185391655255   } 
   weightvar { 0.08900976367291899   } 
   kinetic_energy { 22.99134063329767   } 
   kinetic_energyvar { 75.60720928692156   } 
   potential_energy { -95.93086602979726   } 
   potential_energyvar { 82.63286378016487   } 
   nonlocal_energy { 6.601641130342016   } 
   nonlocal_energyvar { 113.4009757330606   } 
   autocorr_energy { } 
} 

block { 
   label spin_0.001
   totweight 2176000
   nautocorr 0
   total_energy { -66.33227149800403   } 
   total_energyvar { 0.499250959874755   } 
   weight { 0.9997690678483022   } 
   weightvar { 0.08793821630432963   } 
   kinetic_energy { 23.00912392071614   } 
   kinetic_energyvar { 76.05907749026348   } 
   potential_energy { -95.91291841291486   } 
   potential_energyvar { 84.80167656256026   } 
   nonlocal_energy { 6.571522994194694   } 
   nonlocal_energyvar { 112.5376837292003   } 
   autocorr_energy { } 
} 

