#-------------------------------------------------
#DMC run: timestep 0.005
#-------------------------------------------------


init { 
   label spin_0.005
}
block { 
   label spin_0.005
   totweight 3481600
   nautocorr 0
   total_energy { -127.1346566444165   } 
   total_energyvar { 1.419481015568203   } 
   weight { 1.017910835627705   } 
   weightvar { 0.02487015221735075   } 
   kinetic_energy { 48.6076409308907   } 
   kinetic_energyvar { 135.2800861062965   } 
   potential_energy { -195.0552358025776   } 
   potential_energyvar { 334.7938865927508   } 
   nonlocal_energy { 19.31293822727049   } 
   nonlocal_energyvar { 268.4742937148243   } 
   autocorr_energy { } 
} 

block { 
   label spin_0.005
   totweight 3481600
   nautocorr 0
   total_energy { -127.118737664332   } 
   total_energyvar { 1.458513064276177   } 
   weight { 1.011950848302218   } 
   weightvar { 0.06544367450706248   } 
   kinetic_energy { 48.85924739857415   } 
   kinetic_energyvar { 133.2000058268704   } 
   potential_energy { -195.3899799639793   } 
   potential_energyvar { 333.2498896437231   } 
   nonlocal_energy { 19.41199490107307   } 
   nonlocal_energyvar { 269.8102795241304   } 
   autocorr_energy { } 
} 

block { 
   label spin_0.005
   totweight 3481600
   nautocorr 0
   total_energy { -127.1152653221058   } 
   total_energyvar { 1.533168533867617   } 
   weight { 0.9966465510619653   } 
   weightvar { 0.08041151012781049   } 
   kinetic_energy { 48.89964719292478   } 
   kinetic_energyvar { 133.17162811361   } 
   potential_energy { -195.3113360403681   } 
   potential_energyvar { 333.9292129353727   } 
   nonlocal_energy { 19.29642352533753   } 
   nonlocal_energyvar { 268.3965006328445   } 
   autocorr_energy { } 
} 

block { 
   label spin_0.005
   totweight 3481600
   nautocorr 0
   total_energy { -127.1192590219984   } 
   total_energyvar { 1.47471890174151   } 
   weight { 0.993787420571639   } 
   weightvar { 0.08733703102540892   } 
   kinetic_energy { 48.94561604486998   } 
   kinetic_energyvar { 134.3488456009976   } 
   potential_energy { -195.4962321181274   } 
   potential_energyvar { 333.85375061591   } 
   nonlocal_energy { 19.43135705125902   } 
   nonlocal_energyvar { 270.4551865643148   } 
   autocorr_energy { } 
} 

block { 
   label spin_0.005
   totweight 3481600
   nautocorr 0
   total_energy { -127.1197494197473   } 
   total_energyvar { 1.408414685780285   } 
   weight { 0.9950029914908879   } 
   weightvar { 0.09029253594472784   } 
   kinetic_energy { 48.93566747635097   } 
   kinetic_energyvar { 133.0000825148537   } 
   potential_energy { -195.4662058226931   } 
   potential_energyvar { 332.080748887334   } 
   nonlocal_energy { 19.41078892659488   } 
   nonlocal_energyvar { 269.3558907511827   } 
   autocorr_energy { } 
} 

block { 
   label spin_0.005
   totweight 3481600
   nautocorr 0
   total_energy { -127.1169084465418   } 
   total_energyvar { 1.480378078014658   } 
   weight { 0.9953151871978889   } 
   weightvar { 0.09183027951755518   } 
   kinetic_energy { 48.94098382341967   } 
   kinetic_energyvar { 133.7513167976404   } 
   potential_energy { -195.466993456086   } 
   potential_energyvar { 334.8282891309768   } 
   nonlocal_energy { 19.40910118612462   } 
   nonlocal_energyvar { 270.8251529173459   } 
   autocorr_energy { } 
} 

block { 
   label spin_0.005
   totweight 3481600
   nautocorr 0
   total_energy { -127.1129998624897   } 
   total_energyvar { 1.409577536611774   } 
   weight { 0.9953372156250303   } 
   weightvar { 0.09059906820089651   } 
   kinetic_energy { 48.91224710151587   } 
   kinetic_energyvar { 133.3352673737964   } 
   potential_energy { -195.325802047696   } 
   potential_energyvar { 332.912519639313   } 
   nonlocal_energy { 19.30055508369033   } 
   nonlocal_energyvar { 268.1010707325637   } 
   autocorr_energy { } 
} 

block { 
   label spin_0.005
   totweight 3481600
   nautocorr 0
   total_energy { -127.1119816470204   } 
   total_energyvar { 1.815212935073034   } 
   weight { 0.9936107695641554   } 
   weightvar { 0.08930256828031416   } 
   kinetic_energy { 48.86826617147923   } 
   kinetic_energyvar { 133.1380801701395   } 
   potential_energy { -195.2616663045075   } 
   potential_energyvar { 333.620786478143   } 
   nonlocal_energy { 19.28141848600784   } 
   nonlocal_energyvar { 267.9307525088856   } 
   autocorr_energy { } 
} 

block { 
   label spin_0.005
   totweight 3481600
   nautocorr 0
   total_energy { -127.1148076181314   } 
   total_energyvar { 1.444692315816634   } 
   weight { 0.9950142170544085   } 
   weightvar { 0.09006175063102921   } 
   kinetic_energy { 48.94039570346625   } 
   kinetic_energyvar { 133.2950884539414   } 
   potential_energy { -195.3852911553532   } 
   potential_energyvar { 331.2958233067894   } 
   nonlocal_energy { 19.33008783375562   } 
   nonlocal_energyvar { 267.8409718817716   } 
   autocorr_energy { } 
} 

block { 
   label spin_0.005
   totweight 3481600
   nautocorr 0
   total_energy { -127.1174226860116   } 
   total_energyvar { 1.561001590010053   } 
   weight { 0.9973388236843785   } 
   weightvar { 0.0905610674132432   } 
   kinetic_energy { 48.92642855829295   } 
   kinetic_energyvar { 134.0282784373779   } 
   potential_energy { -195.4166594633406   } 
   potential_energyvar { 334.5993178725038   } 
   nonlocal_energy { 19.37280821903605   } 
   nonlocal_energyvar { 269.644291805147   } 
   autocorr_energy { } 
} 

