#-------------------------------------------------
#VMC run: timestep 0.42 nconfig 3072 steps 20
#-------------------------------------------------


init { 
   label vmc
}
block { 
   label vmc
   totweight 61440
   nautocorr 0
   total_energy { -103.5628967273664   } 
   total_energyvar { 9.126325695067253   } 
   weight { 1   } 
   weightvar { 0   } 
   kinetic_energy { 35.05153013482949   } 
   kinetic_energyvar { 107.8357856572741   } 
   potential_energy { -152.1275503548902   } 
   potential_energyvar { 206.2900484310692   } 
   nonlocal_energy { 13.51312349269431   } 
   nonlocal_energyvar { 202.6202597736018   } 
   autocorr_energy { } 
} 

block { 
   label vmc
   totweight 61440
   nautocorr 0
   total_energy { -103.5638794943016   } 
   total_energyvar { 8.589669075467873   } 
   weight { 1   } 
   weightvar { 0   } 
   kinetic_energy { 34.93912650617257   } 
   kinetic_energyvar { 108.9262027029777   } 
   potential_energy { -151.9785868574127   } 
   potential_energyvar { 208.6067708154876   } 
   nonlocal_energy { 13.47558085693853   } 
   nonlocal_energyvar { 205.2634046183493   } 
   autocorr_energy { } 
} 

block { 
   label vmc
   totweight 61440
   nautocorr 0
   total_energy { -103.5183721170411   } 
   total_energyvar { 13.92694200275885   } 
   weight { 1   } 
   weightvar { 0   } 
   kinetic_energy { 35.07695799425123   } 
   kinetic_energyvar { 111.3627279529625   } 
   potential_energy { -152.181705192662   } 
   potential_energyvar { 213.6357938797041   } 
   nonlocal_energy { 13.58637508136968   } 
   nonlocal_energyvar { 207.0330987602429   } 
   autocorr_energy { } 
} 

block { 
   label vmc
   totweight 61440
   nautocorr 0
   total_energy { -103.5341251142094   } 
   total_energyvar { 8.888546132230671   } 
   weight { 1   } 
   weightvar { 0   } 
   kinetic_energy { 35.03638135540849   } 
   kinetic_energyvar { 110.0398989300763   } 
   potential_energy { -152.1127817086295   } 
   potential_energyvar { 209.3315437454025   } 
   nonlocal_energy { 13.54227523901161   } 
   nonlocal_energyvar { 205.4806494270775   } 
   autocorr_energy { } 
} 

block { 
   label vmc
   totweight 61440
   nautocorr 0
   total_energy { -103.5417152204691   } 
   total_energyvar { 8.899425833334151   } 
   weight { 1   } 
   weightvar { 0   } 
   kinetic_energy { 35.08473026957931   } 
   kinetic_energyvar { 108.867289050463   } 
   potential_energy { -152.1620342104528   } 
   potential_energyvar { 210.5534366693925   } 
   nonlocal_energy { 13.53558872040431   } 
   nonlocal_energyvar { 203.3721773866431   } 
   autocorr_energy { } 
} 

block { 
   label vmc
   totweight 61440
   nautocorr 0
   total_energy { -103.5586563345471   } 
   total_energyvar { 9.1867251556622   } 
   weight { 1   } 
   weightvar { 0   } 
   kinetic_energy { 34.9934012908673   } 
   kinetic_energyvar { 109.0804296771057   } 
   potential_energy { -152.1223938370794   } 
   potential_energyvar { 206.9715391153337   } 
   nonlocal_energy { 13.57033621166503   } 
   nonlocal_energyvar { 205.5396912628605   } 
   autocorr_energy { } 
} 

block { 
   label vmc
   totweight 61440
   nautocorr 0
   total_energy { -103.530822702695   } 
   total_energyvar { 9.181388014614813   } 
   weight { 1   } 
   weightvar { 0   } 
   kinetic_energy { 34.8431243091842   } 
   kinetic_energyvar { 112.3914510782856   } 
   potential_energy { -151.9324799986927   } 
   potential_energyvar { 207.2481323038425   } 
   nonlocal_energy { 13.55853298681357   } 
   nonlocal_energyvar { 206.1090328596548   } 
   autocorr_energy { } 
} 

block { 
   label vmc
   totweight 61440
   nautocorr 0
   total_energy { -103.5470114692215   } 
   total_energyvar { 8.767532102654966   } 
   weight { 1   } 
   weightvar { 0   } 
   kinetic_energy { 35.06217337354823   } 
   kinetic_energyvar { 107.5774444114184   } 
   potential_energy { -152.3245859270079   } 
   potential_energyvar { 206.9636935063646   } 
   nonlocal_energy { 13.71540108423812   } 
   nonlocal_energyvar { 205.9769338721982   } 
   autocorr_energy { } 
} 

block { 
   label vmc
   totweight 61440
   nautocorr 0
   total_energy { -103.5519254148807   } 
   total_energyvar { 8.838473995533448   } 
   weight { 1   } 
   weightvar { 0   } 
   kinetic_energy { 35.07120232575117   } 
   kinetic_energyvar { 107.4571943739162   } 
   potential_energy { -151.9905308443662   } 
   potential_energyvar { 205.9584958927595   } 
   nonlocal_energy { 13.36740310373429   } 
   nonlocal_energyvar { 197.5413769465896   } 
   autocorr_energy { } 
} 

block { 
   label vmc
   totweight 61440
   nautocorr 0
   total_energy { -103.5521930034127   } 
   total_energyvar { 8.777810836214741   } 
   weight { 1   } 
   weightvar { 0   } 
   kinetic_energy { 34.91273277639405   } 
   kinetic_energyvar { 108.5003864914028   } 
   potential_energy { -152.0681068644015   } 
   potential_energyvar { 207.7436352491587   } 
   nonlocal_energy { 13.60318108459477   } 
   nonlocal_energyvar { 204.9173704990789   } 
   autocorr_energy { } 
} 

block { 
   label vmc
   totweight 61440
   nautocorr 0
   total_energy { -103.5567987924326   } 
   total_energyvar { 8.628335733476664   } 
   weight { 1   } 
   weightvar { 0   } 
   kinetic_energy { 35.02265315544033   } 
   kinetic_energyvar { 111.8258966720623   } 
   potential_energy { -152.0397024742932   } 
   potential_energyvar { 209.3488252870243   } 
   nonlocal_energy { 13.46025052642029   } 
   nonlocal_energyvar { 206.0570500362007   } 
   autocorr_energy { } 
} 

block { 
   label vmc
   totweight 61440
   nautocorr 0
   total_energy { -103.5685082599424   } 
   total_energyvar { 8.371681680366038   } 
   weight { 1   } 
   weightvar { 0   } 
   kinetic_energy { 35.06002835080267   } 
   kinetic_energyvar { 109.7423568560105   } 
   potential_energy { -152.1199349905928   } 
   potential_energyvar { 206.6781475741032   } 
   nonlocal_energy { 13.49139837984768   } 
   nonlocal_energyvar { 201.4176192531527   } 
   autocorr_energy { } 
} 

block { 
   label vmc
   totweight 61440
   nautocorr 0
   total_energy { -103.5414270433313   } 
   total_energyvar { 8.963349541922708   } 
   weight { 1   } 
   weightvar { 0   } 
   kinetic_energy { 35.01161508013415   } 
   kinetic_energyvar { 107.3938077683618   } 
   potential_energy { -151.9742671920711   } 
   potential_energyvar { 205.5598183861709   } 
   nonlocal_energy { 13.42122506860559   } 
   nonlocal_energyvar { 200.8730011186057   } 
   autocorr_energy { } 
} 

block { 
   label vmc
   totweight 61440
   nautocorr 0
   total_energy { -103.560093897672   } 
   total_energyvar { 8.685106652066402   } 
   weight { 1   } 
   weightvar { 0   } 
   kinetic_energy { 35.12722695480043   } 
   kinetic_energyvar { 110.1991533126611   } 
   potential_energy { -152.1326023079766   } 
   potential_energyvar { 206.9513920593729   } 
   nonlocal_energy { 13.4452814555042   } 
   nonlocal_energyvar { 204.0622336587068   } 
   autocorr_energy { } 
} 

block { 
   label vmc
   totweight 61440
   nautocorr 0
   total_energy { -103.5387708165476   } 
   total_energyvar { 9.289450638507404   } 
   weight { 1   } 
   weightvar { 0   } 
   kinetic_energy { 35.10046828463727   } 
   kinetic_energyvar { 107.8051279205574   } 
   potential_energy { -152.0839738462777   } 
   potential_energyvar { 206.9778050029171   } 
   nonlocal_energy { 13.44473474509287   } 
   nonlocal_energyvar { 199.7678539248044   } 
   autocorr_energy { } 
} 

block { 
   label vmc
   totweight 61440
   nautocorr 0
   total_energy { -103.5349333022066   } 
   total_energyvar { 8.711207427053941   } 
   weight { 1   } 
   weightvar { 0   } 
   kinetic_energy { 35.05683630773354   } 
   kinetic_energyvar { 109.5620361911739   } 
   potential_energy { -152.0305209636118   } 
   potential_energyvar { 209.63560293456   } 
   nonlocal_energy { 13.43875135367166   } 
   nonlocal_energyvar { 203.2638655525003   } 
   autocorr_energy { } 
} 

block { 
   label vmc
   totweight 61440
   nautocorr 0
   total_energy { -103.5525300455298   } 
   total_energyvar { 8.722353758338198   } 
   weight { 1   } 
   weightvar { 0   } 
   kinetic_energy { 34.89528777114796   } 
   kinetic_energyvar { 108.4430089664881   } 
   potential_energy { -151.8225644551532   } 
   potential_energyvar { 208.1419006300654   } 
   nonlocal_energy { 13.37474663847546   } 
   nonlocal_energyvar { 203.5480991890392   } 
   autocorr_energy { } 
} 

block { 
   label vmc
   totweight 61440
   nautocorr 0
   total_energy { -103.5399085915756   } 
   total_energyvar { 8.810518297912882   } 
   weight { 1   } 
   weightvar { 0   } 
   kinetic_energy { 35.15151291515682   } 
   kinetic_energyvar { 107.2482017415299   } 
   potential_energy { -152.1765221813361   } 
   potential_energyvar { 206.9423367895227   } 
   nonlocal_energy { 13.48510067460373   } 
   nonlocal_energyvar { 199.5524060540766   } 
   autocorr_energy { } 
} 

block { 
   label vmc
   totweight 61440
   nautocorr 0
   total_energy { -103.5419698192044   } 
   total_energyvar { 9.163569715737033   } 
   weight { 1   } 
   weightvar { 0   } 
   kinetic_energy { 35.04234523296995   } 
   kinetic_energyvar { 109.7915548954498   } 
   potential_energy { -152.1295604510165   } 
   potential_energyvar { 211.5967186047852   } 
   nonlocal_energy { 13.54524539884208   } 
   nonlocal_energyvar { 207.6197132128028   } 
   autocorr_energy { } 
} 

block { 
   label vmc
   totweight 61440
   nautocorr 0
   total_energy { -103.5518689879364   } 
   total_energyvar { 8.936028944363635   } 
   weight { 1   } 
   weightvar { 0   } 
   kinetic_energy { 34.97597090653556   } 
   kinetic_energyvar { 109.8303380183027   } 
   potential_energy { -152.0273519337267   } 
   potential_energyvar { 208.2347224376077   } 
   nonlocal_energy { 13.49951203925473   } 
   nonlocal_energyvar { 207.4166040371817   } 
   autocorr_energy { } 
} 

