#-------------------------------------------------
#DMC run: timestep 0.005
#-------------------------------------------------


init { 
   label spin_0.005
}
block { 
   label spin_0.005
   totweight 3276800
   nautocorr 0
   total_energy { -293.9451316863041   } 
   total_energyvar { 3.789359976288252   } 
   weight { 1.060784932551741   } 
   weightvar { 0.05628988955685284   } 
   kinetic_energy { 111.8405081862412   } 
   kinetic_energyvar { 373.8113567779525   } 
   potential_energy { -447.1442896031748   } 
   potential_energyvar { 836.2455122583659   } 
   nonlocal_energy { 41.35864973062949   } 
   nonlocal_energyvar { 665.8358853215201   } 
   autocorr_energy { } 
} 

block { 
   label spin_0.005
   totweight 3276800
   nautocorr 0
   total_energy { -293.9179886664484   } 
   total_energyvar { 3.655537402292675   } 
   weight { 1.052708884130324   } 
   weightvar { 0.0870282996725253   } 
   kinetic_energy { 114.3144531377979   } 
   kinetic_energyvar { 356.6914962589303   } 
   potential_energy { -449.9516421292423   } 
   potential_energyvar { 817.4089130634612   } 
   nonlocal_energy { 41.7192003249961   } 
   nonlocal_energyvar { 660.6987838613613   } 
   autocorr_energy { } 
} 

block { 
   label spin_0.005
   totweight 3276800
   nautocorr 0
   total_energy { -293.9079832686868   } 
   total_energyvar { 3.611784402283136   } 
   weight { 1.004969726009098   } 
   weightvar { 0.094539556261308   } 
   kinetic_energy { 114.790300528776   } 
   kinetic_energyvar { 359.760509687788   } 
   potential_energy { -450.5154060250589   } 
   potential_energyvar { 821.1397276827221   } 
   nonlocal_energy { 41.81712222759599   } 
   nonlocal_energyvar { 661.5910147117435   } 
   autocorr_energy { } 
} 

block { 
   label spin_0.005
   totweight 3276800
   nautocorr 0
   total_energy { -293.9132747609456   } 
   total_energyvar { 3.624497462103208   } 
   weight { 0.9911752615705925   } 
   weightvar { 0.1005088961053744   } 
   kinetic_energy { 114.7990438657199   } 
   kinetic_energyvar { 360.1552023917579   } 
   potential_energy { -450.5616679951805   } 
   potential_energyvar { 820.148058162118   } 
   nonlocal_energy { 41.84934936851505   } 
   nonlocal_energyvar { 664.5489924210633   } 
   autocorr_energy { } 
} 

block { 
   label spin_0.005
   totweight 3276800
   nautocorr 0
   total_energy { -293.9110153193277   } 
   total_energyvar { 3.840330273206963   } 
   weight { 0.9891777261933313   } 
   weightvar { 0.1004177891260075   } 
   kinetic_energy { 114.8523093548359   } 
   kinetic_energyvar { 357.8277055538711   } 
   potential_energy { -450.6062896978698   } 
   potential_energyvar { 818.5655006113375   } 
   nonlocal_energy { 41.84296502370626   } 
   nonlocal_energyvar { 663.9504110046053   } 
   autocorr_energy { } 
} 

block { 
   label spin_0.005
   totweight 3276800
   nautocorr 0
   total_energy { -293.9044713654888   } 
   total_energyvar { 3.814018068411075   } 
   weight { 0.9870059336680573   } 
   weightvar { 0.1007437642042509   } 
   kinetic_energy { 114.9020996765121   } 
   kinetic_energyvar { 358.8033161160398   } 
   potential_energy { -450.5610963168251   } 
   potential_energyvar { 821.050865112731   } 
   nonlocal_energy { 41.75452527482418   } 
   nonlocal_energyvar { 660.2770181715988   } 
   autocorr_energy { } 
} 

block { 
   label spin_0.005
   totweight 3276800
   nautocorr 0
   total_energy { -293.9110920596331   } 
   total_energyvar { 3.589417235623853   } 
   weight { 0.9916727836865386   } 
   weightvar { 0.1015380828961543   } 
   kinetic_energy { 114.849194682806   } 
   kinetic_energyvar { 358.8351922457219   } 
   potential_energy { -450.5021732971251   } 
   potential_energyvar { 820.8134214991798   } 
   nonlocal_energy { 41.74188655468606   } 
   nonlocal_energyvar { 661.0735386581489   } 
   autocorr_energy { } 
} 

block { 
   label spin_0.005
   totweight 3276800
   nautocorr 0
   total_energy { -293.9106209598937   } 
   total_energyvar { 3.616582901556425   } 
   weight { 0.9961805277565426   } 
   weightvar { 0.1007593142777628   } 
   kinetic_energy { 114.8007031488842   } 
   kinetic_energyvar { 360.0648778460063   } 
   potential_energy { -450.4966499069491   } 
   potential_energyvar { 820.9351829151815   } 
   nonlocal_energy { 41.78532579817121   } 
   nonlocal_energyvar { 662.2476535901757   } 
   autocorr_energy { } 
} 

block { 
   label spin_0.005
   totweight 3276800
   nautocorr 0
   total_energy { -293.9119712496328   } 
   total_energyvar { 3.599151477783419   } 
   weight { 0.9975789362254794   } 
   weightvar { 0.1000217449592643   } 
   kinetic_energy { 115.0414515918151   } 
   kinetic_energyvar { 357.2093527321927   } 
   potential_energy { -450.8492717952944   } 
   potential_energyvar { 814.7965693545435   } 
   nonlocal_energy { 41.89584895384645   } 
   nonlocal_energyvar { 659.6343626689938   } 
   autocorr_energy { } 
} 

block { 
   label spin_0.005
   totweight 3276800
   nautocorr 0
   total_energy { -293.914010617106   } 
   total_energyvar { 3.659730951697575   } 
   weight { 1.000307499856512   } 
   weightvar { 0.09948553289292675   } 
   kinetic_energy { 114.9338428150698   } 
   kinetic_energyvar { 358.7992283827429   } 
   potential_energy { -450.7183697176353   } 
   potential_energyvar { 818.8616289184388   } 
   nonlocal_energy { 41.87051628545942   } 
   nonlocal_energyvar { 661.9248865253028   } 
   autocorr_energy { } 
} 

block { 
   label spin_0.005
   totweight 3276800
   nautocorr 0
   total_energy { -293.9156540662364   } 
   total_energyvar { 3.704595578564687   } 
   weight { 1.001578403520375   } 
   weightvar { 0.09879809749036497   } 
   kinetic_energy { 114.7341878583082   } 
   kinetic_energyvar { 358.192204149432   } 
   potential_energy { -450.3748431542447   } 
   potential_energyvar { 818.8233121041969   } 
   nonlocal_energy { 41.72500122970014   } 
   nonlocal_energyvar { 663.0984753492105   } 
   autocorr_energy { } 
} 

block { 
   label spin_0.005
   totweight 3276800
   nautocorr 0
   total_energy { -293.9104240428358   } 
   total_energyvar { 3.65150262240796   } 
   weight { 1.000725164796143   } 
   weightvar { 0.09885258483175198   } 
   kinetic_energy { 114.7930729463359   } 
   kinetic_energyvar { 359.7698239621181   } 
   potential_energy { -450.594368789543   } 
   potential_energyvar { 819.0287562939018   } 
   nonlocal_energy { 41.89087180037133   } 
   nonlocal_energyvar { 666.6238155292277   } 
   autocorr_energy { } 
} 

block { 
   label spin_0.005
   totweight 3276800
   nautocorr 0
   total_energy { -293.91425341221   } 
   total_energyvar { 3.604350286687035   } 
   weight { 0.9995862664748059   } 
   weightvar { 0.09953781617893172   } 
   kinetic_energy { 114.9493886179911   } 
   kinetic_energyvar { 358.2385500077588   } 
   potential_energy { -450.6829210206535   } 
   potential_energyvar { 823.1231321600582   } 
   nonlocal_energy { 41.8192789904524   } 
   nonlocal_energyvar { 663.1457305872008   } 
   autocorr_energy { } 
} 

block { 
   label spin_0.005
   totweight 3276800
   nautocorr 0
   total_energy { -293.9113686572401   } 
   total_energyvar { 3.659502734851296   } 
   weight { 0.9996326309804803   } 
   weightvar { 0.09916197101427283   } 
   kinetic_energy { 114.8949263632228   } 
   kinetic_energyvar { 360.2281962242256   } 
   potential_energy { -450.5774278178424   } 
   potential_energyvar { 819.1897510085568   } 
   nonlocal_energy { 41.77113279737949   } 
   nonlocal_energyvar { 659.0843611607239   } 
   autocorr_energy { } 
} 

block { 
   label spin_0.005
   totweight 3276800
   nautocorr 0
   total_energy { -293.9130693968555   } 
   total_energyvar { 3.633844330620712   } 
   weight { 0.999062032969768   } 
   weightvar { 0.09959621206843616   } 
   kinetic_energy { 114.9599698600551   } 
   kinetic_energyvar { 359.5769851800944   } 
   potential_energy { -450.6980851123875   } 
   potential_energyvar { 816.581939775486   } 
   nonlocal_energy { 41.825045855477   } 
   nonlocal_energyvar { 664.375573354606   } 
   autocorr_energy { } 
} 

block { 
   label spin_0.005
   totweight 3276800
   nautocorr 0
   total_energy { -293.9119631532745   } 
   total_energyvar { 3.732300101542205   } 
   weight { 0.9991400513019194   } 
   weightvar { 0.09938476141147118   } 
   kinetic_energy { 114.9548872397861   } 
   kinetic_energyvar { 356.0184352775611   } 
   potential_energy { -450.6862846809681   } 
   potential_energyvar { 814.7384205521678   } 
   nonlocal_energy { 41.81943428790743   } 
   nonlocal_energyvar { 659.5193708660837   } 
   autocorr_energy { } 
} 

block { 
   label spin_0.005
   totweight 3276800
   nautocorr 0
   total_energy { -293.9049984958929   } 
   total_energyvar { 3.699197401225402   } 
   weight { 0.995710208966718   } 
   weightvar { 0.0991380005588374   } 
   kinetic_energy { 114.9539632097574   } 
   kinetic_energyvar { 359.7030674623229   } 
   potential_energy { -450.7663553508903   } 
   potential_energyvar { 825.5402252303604   } 
   nonlocal_energy { 41.90739364524003   } 
   nonlocal_energyvar { 667.7245590302706   } 
   autocorr_energy { } 
} 

block { 
   label spin_0.005
   totweight 3276800
   nautocorr 0
   total_energy { -293.9119986341191   } 
   total_energyvar { 3.693868556835722   } 
   weight { 0.9966387756812293   } 
   weightvar { 0.1006159566424789   } 
   kinetic_energy { 114.9139847766597   } 
   kinetic_energyvar { 358.4742817873012   } 
   potential_energy { -450.6368359447768   } 
   potential_energyvar { 819.5490814094806   } 
   nonlocal_energy { 41.810852533998   } 
   nonlocal_energyvar { 661.8526196603217   } 
   autocorr_energy { } 
} 

block { 
   label spin_0.005
   totweight 3276800
   nautocorr 0
   total_energy { -293.9156431329889   } 
   total_energyvar { 3.775395881373011   } 
   weight { 0.999944346559923   } 
   weightvar { 0.09942302540646754   } 
   kinetic_energy { 114.9171098927945   } 
   kinetic_energyvar { 356.9693965605487   } 
   potential_energy { -450.7369444270974   } 
   potential_energyvar { 817.3611344994273   } 
   nonlocal_energy { 41.90419140131392   } 
   nonlocal_energyvar { 662.1260902711867   } 
   autocorr_energy { } 
} 

block { 
   label spin_0.005
   totweight 3276800
   nautocorr 0
   total_energy { -293.9166855776858   } 
   total_energyvar { 3.690035243993608   } 
   weight { 1.000531987215072   } 
   weightvar { 0.09901884981943609   } 
   kinetic_energy { 114.927657781769   } 
   kinetic_energyvar { 359.5774930016166   } 
   potential_energy { -450.6406753732005   } 
   potential_energyvar { 818.8246385707996   } 
   nonlocal_energy { 41.79633201374573   } 
   nonlocal_energyvar { 661.1029553542567   } 
   autocorr_energy { } 
} 

block { 
   label spin_0.005
   totweight 3276800
   nautocorr 0
   total_energy { -293.9140051195347   } 
   total_energyvar { 3.631965654658465   } 
   weight { 1.001518873802578   } 
   weightvar { 0.1000621164840788   } 
   kinetic_energy { 114.8439916533165   } 
   kinetic_energyvar { 358.1790353447571   } 
   potential_energy { -450.5644752283026   } 
   potential_energyvar { 818.9821571789477   } 
   nonlocal_energy { 41.80647845545139   } 
   nonlocal_energyvar { 663.3377077327168   } 
   autocorr_energy { } 
} 

