#-------------------------------------------------
#VMC run: timestep 0.42 nconfig 3072 steps 30
#-------------------------------------------------


init { 
   label vmc
}
block { 
   label vmc
   totweight 92160
   nautocorr 0
   total_energy { -103.4201829612164   } 
   total_energyvar { 4.210099621596434   } 
   weight { 1   } 
   weightvar { 0   } 
   kinetic_energy { 35.53550455373107   } 
   kinetic_energyvar { 106.1281008656652   } 
   potential_energy { -152.05979899273   } 
   potential_energyvar { 174.7263056719986   } 
   nonlocal_energy { 13.10411147778254   } 
   nonlocal_energyvar { 193.2145321355254   } 
   autocorr_energy { } 
} 

block { 
   label vmc
   totweight 92160
   nautocorr 0
   total_energy { -103.4047491815817   } 
   total_energyvar { 4.438978726842005   } 
   weight { 1   } 
   weightvar { 0   } 
   kinetic_energy { 35.44138476863944   } 
   kinetic_energyvar { 109.0906024403051   } 
   potential_energy { -152.0645281690775   } 
   potential_energyvar { 177.6535334643828   } 
   nonlocal_energy { 13.21839421885631   } 
   nonlocal_energyvar { 199.8747063787492   } 
   autocorr_energy { } 
} 

block { 
   label vmc
   totweight 92160
   nautocorr 0
   total_energy { -103.4152484191175   } 
   total_energyvar { 4.346791017619921   } 
   weight { 1   } 
   weightvar { 0   } 
   kinetic_energy { 35.43732561590366   } 
   kinetic_energyvar { 107.5972226728975   } 
   potential_energy { -151.9986645944682   } 
   potential_energyvar { 177.1028161514307   } 
   nonlocal_energy { 13.14609055944711   } 
   nonlocal_energyvar { 196.5550004176233   } 
   autocorr_energy { } 
} 

block { 
   label vmc
   totweight 92160
   nautocorr 0
   total_energy { -103.4111641395542   } 
   total_energyvar { 4.350431779166655   } 
   weight { 1   } 
   weightvar { 0   } 
   kinetic_energy { 35.46255101743616   } 
   kinetic_energyvar { 105.9641323807457   } 
   potential_energy { -151.9392900038893   } 
   potential_energyvar { 175.8675820527353   } 
   nonlocal_energy { 13.06557484689896   } 
   nonlocal_energyvar { 191.2613273743358   } 
   autocorr_energy { } 
} 

block { 
   label vmc
   totweight 92160
   nautocorr 0
   total_energy { -103.3981091041399   } 
   total_energyvar { 4.35880377760104   } 
   weight { 1   } 
   weightvar { 0   } 
   kinetic_energy { 35.45808464853987   } 
   kinetic_energyvar { 107.4717421915651   } 
   potential_energy { -151.9361067022111   } 
   potential_energyvar { 174.6892199003655   } 
   nonlocal_energy { 13.0799129495314   } 
   nonlocal_energyvar { 196.0300541875835   } 
   autocorr_energy { } 
} 

block { 
   label vmc
   totweight 92160
   nautocorr 0
   total_energy { -103.4035935254238   } 
   total_energyvar { 4.117319933773393   } 
   weight { 1   } 
   weightvar { 0   } 
   kinetic_energy { 35.43642165529948   } 
   kinetic_energyvar { 109.2476535015504   } 
   potential_energy { -152.0459270490445   } 
   potential_energyvar { 176.733103532493   } 
   nonlocal_energy { 13.20591186832131   } 
   nonlocal_energyvar { 199.0265211256716   } 
   autocorr_energy { } 
} 

block { 
   label vmc
   totweight 92160
   nautocorr 0
   total_energy { -103.4010323712794   } 
   total_energyvar { 4.197921387792788   } 
   weight { 1   } 
   weightvar { 0   } 
   kinetic_energy { 35.46939282052555   } 
   kinetic_energyvar { 106.1406057108852   } 
   potential_energy { -151.9800961113635   } 
   potential_energyvar { 177.5923804149913   } 
   nonlocal_energy { 13.10967091955854   } 
   nonlocal_energyvar { 193.382953009442   } 
   autocorr_energy { } 
} 

block { 
   label vmc
   totweight 92160
   nautocorr 0
   total_energy { -103.4029128652972   } 
   total_energyvar { 4.256608385591163   } 
   weight { 1   } 
   weightvar { 0   } 
   kinetic_energy { 35.53000781072868   } 
   kinetic_energyvar { 106.1156106663457   } 
   potential_energy { -152.0259861287551   } 
   potential_energyvar { 176.1897290868483   } 
   nonlocal_energy { 13.09306545272918   } 
   nonlocal_energyvar { 192.1563168505812   } 
   autocorr_energy { } 
} 

block { 
   label vmc
   totweight 92160
   nautocorr 0
   total_energy { -103.3971919590938   } 
   total_energyvar { 4.046433355813568   } 
   weight { 1   } 
   weightvar { 0   } 
   kinetic_energy { 35.5121419997409   } 
   kinetic_energyvar { 106.3755376140974   } 
   potential_energy { -151.9386963087493   } 
   potential_energyvar { 174.7481409627693   } 
   nonlocal_energy { 13.02936234991469   } 
   nonlocal_energyvar { 192.8536852714753   } 
   autocorr_energy { } 
} 

block { 
   label vmc
   totweight 92160
   nautocorr 0
   total_energy { -103.4110428883429   } 
   total_energyvar { 4.126518255291375   } 
   weight { 1   } 
   weightvar { 0   } 
   kinetic_energy { 35.43123233695144   } 
   kinetic_energyvar { 104.3359647482911   } 
   potential_energy { -151.9472606925603   } 
   potential_energyvar { 176.2086882488604   } 
   nonlocal_energy { 13.104985467266   } 
   nonlocal_energyvar { 190.5569923583597   } 
   autocorr_energy { } 
} 

block { 
   label vmc
   totweight 92160
   nautocorr 0
   total_energy { -103.4136786859081   } 
   total_energyvar { 4.365608781206084   } 
   weight { 1   } 
   weightvar { 0   } 
   kinetic_energy { 35.5225160440731   } 
   kinetic_energyvar { 105.1856359580249   } 
   potential_energy { -151.9862634397021   } 
   potential_energyvar { 176.6256682927694   } 
   nonlocal_energy { 13.05006870972088   } 
   nonlocal_energyvar { 189.9136863252982   } 
   autocorr_energy { } 
} 

block { 
   label vmc
   totweight 92160
   nautocorr 0
   total_energy { -103.412245019481   } 
   total_energyvar { 4.49890927955504   } 
   weight { 1   } 
   weightvar { 0   } 
   kinetic_energy { 35.54527263715085   } 
   kinetic_energyvar { 107.9792896431875   } 
   potential_energy { -151.9973032376841   } 
   potential_energyvar { 176.3820628014164   } 
   nonlocal_energy { 13.03978558105233   } 
   nonlocal_energyvar { 192.6756215935385   } 
   autocorr_energy { } 
} 

block { 
   label vmc
   totweight 92160
   nautocorr 0
   total_energy { -103.4174396511567   } 
   total_energyvar { 4.20500823152222   } 
   weight { 1   } 
   weightvar { 0   } 
   kinetic_energy { 35.40246558785956   } 
   kinetic_energyvar { 107.5634377026324   } 
   potential_energy { -151.9308406481274   } 
   potential_energyvar { 177.0394417067642   } 
   nonlocal_energy { 13.11093540911115   } 
   nonlocal_energyvar { 196.8988188932706   } 
   autocorr_energy { } 
} 

block { 
   label vmc
   totweight 92160
   nautocorr 0
   total_energy { -103.4154110898211   } 
   total_energyvar { 4.196802893629757   } 
   weight { 1   } 
   weightvar { 0   } 
   kinetic_energy { 35.46700834457179   } 
   kinetic_energyvar { 107.2874390011093   } 
   potential_energy { -151.8863839441636   } 
   potential_energyvar { 174.2798542772411   } 
   nonlocal_energy { 13.0039645097708   } 
   nonlocal_energyvar { 193.6027010659584   } 
   autocorr_energy { } 
} 

block { 
   label vmc
   totweight 92160
   nautocorr 0
   total_energy { -103.4179904119813   } 
   total_energyvar { 4.240508708649354   } 
   weight { 1   } 
   weightvar { 0   } 
   kinetic_energy { 35.43518407378298   } 
   kinetic_energyvar { 108.3491938642422   } 
   potential_energy { -151.9662631903967   } 
   potential_energyvar { 175.6526603573932   } 
   nonlocal_energy { 13.11308870463242   } 
   nonlocal_energyvar { 195.5471044092353   } 
   autocorr_energy { } 
} 

block { 
   label vmc
   totweight 92160
   nautocorr 0
   total_energy { -103.4089792926259   } 
   total_energyvar { 4.190576045576069   } 
   weight { 1   } 
   weightvar { 0   } 
   kinetic_energy { 35.41621358915505   } 
   kinetic_energyvar { 107.2443138524235   } 
   potential_energy { -151.9538559881495   } 
   potential_energyvar { 176.13996404797   } 
   nonlocal_energy { 13.12866310636855   } 
   nonlocal_energyvar { 196.2666966010184   } 
   autocorr_energy { } 
} 

block { 
   label vmc
   totweight 92160
   nautocorr 0
   total_energy { -103.4135926844304   } 
   total_energyvar { 4.205184756138268   } 
   weight { 1   } 
   weightvar { 0   } 
   kinetic_energy { 35.42079608004263   } 
   kinetic_energyvar { 106.5985486141347   } 
   potential_energy { -151.8308816445885   } 
   potential_energyvar { 175.8389152456903   } 
   nonlocal_energy { 12.99649288011553   } 
   nonlocal_energyvar { 192.9666662633169   } 
   autocorr_energy { } 
} 

block { 
   label vmc
   totweight 92160
   nautocorr 0
   total_energy { -103.4094329877981   } 
   total_energyvar { 4.343108923075186   } 
   weight { 1   } 
   weightvar { 0   } 
   kinetic_energy { 35.52864654196728   } 
   kinetic_energyvar { 105.1341747345933   } 
   potential_energy { -151.9950806194497   } 
   potential_energyvar { 175.2576071952265   } 
   nonlocal_energy { 13.05700108968423   } 
   nonlocal_energyvar { 189.9421188592747   } 
   autocorr_energy { } 
} 

block { 
   label vmc
   totweight 92160
   nautocorr 0
   total_energy { -103.4110472899908   } 
   total_energyvar { 4.16609280118469   } 
   weight { 1   } 
   weightvar { 0   } 
   kinetic_energy { 35.47641966738696   } 
   kinetic_energyvar { 106.8389721613784   } 
   potential_energy { -151.9219542619871   } 
   potential_energyvar { 174.4928850494321   } 
   nonlocal_energy { 13.03448730460936   } 
   nonlocal_energyvar { 193.3780791822298   } 
   autocorr_energy { } 
} 

block { 
   label vmc
   totweight 92160
   nautocorr 0
   total_energy { -103.4053948494219   } 
   total_energyvar { 4.094208559960319   } 
   weight { 1   } 
   weightvar { 0   } 
   kinetic_energy { 35.48219022000702   } 
   kinetic_energyvar { 106.6108481971684   } 
   potential_energy { -152.0007857236781   } 
   potential_energyvar { 175.119399235805   } 
   nonlocal_energy { 13.11320065424928   } 
   nonlocal_energyvar { 193.3732776551906   } 
   autocorr_energy { } 
} 

block { 
   label vmc
   totweight 92160
   nautocorr 0
   total_energy { -103.3948076599644   } 
   total_energyvar { 4.324098766133255   } 
   weight { 1   } 
   weightvar { 0   } 
   kinetic_energy { 35.42292441725623   } 
   kinetic_energyvar { 107.9087430424784   } 
   potential_energy { -151.9792187124025   } 
   potential_energyvar { 178.0337045559806   } 
   nonlocal_energy { 13.16148663518188   } 
   nonlocal_energyvar { 196.0171706983414   } 
   autocorr_energy { } 
} 

block { 
   label vmc
   totweight 92160
   nautocorr 0
   total_energy { -103.3972202368223   } 
   total_energyvar { 4.165367929888881   } 
   weight { 1   } 
   weightvar { 0   } 
   kinetic_energy { 35.4652474087042   } 
   kinetic_energyvar { 105.0424622483447   } 
   potential_energy { -151.9840434296517   } 
   potential_energyvar { 176.8322457010681   } 
   nonlocal_energy { 13.1215757841252   } 
   nonlocal_energyvar { 191.6553746369659   } 
   autocorr_energy { } 
} 

block { 
   label vmc
   totweight 92160
   nautocorr 0
   total_energy { -103.4010969026064   } 
   total_energyvar { 5.432536023664574   } 
   weight { 1   } 
   weightvar { 0   } 
   kinetic_energy { 35.41853545988921   } 
   kinetic_energyvar { 106.8270850471916   } 
   potential_energy { -151.9549833022229   } 
   potential_energyvar { 175.1889256283936   } 
   nonlocal_energy { 13.13535093972731   } 
   nonlocal_energyvar { 194.1878551523928   } 
   autocorr_energy { } 
} 

block { 
   label vmc
   totweight 92160
   nautocorr 0
   total_energy { -103.4133977582715   } 
   total_energyvar { 4.20005253457006   } 
   weight { 1   } 
   weightvar { 0   } 
   kinetic_energy { 35.4951790727611   } 
   kinetic_energyvar { 106.3329407840183   } 
   potential_energy { -151.9733090708275   } 
   potential_energyvar { 174.4040964334936   } 
   nonlocal_energy { 13.06473223979492   } 
   nonlocal_energyvar { 192.3483519567165   } 
   autocorr_energy { } 
} 

block { 
   label vmc
   totweight 92160
   nautocorr 0
   total_energy { -103.4108948077042   } 
   total_energyvar { 4.31303016225645   } 
   weight { 1   } 
   weightvar { 0   } 
   kinetic_energy { 35.48496619760752   } 
   kinetic_energyvar { 106.8521920467888   } 
   potential_energy { -152.0924548035365   } 
   potential_energyvar { 176.1676544412196   } 
   nonlocal_energy { 13.19659379822471   } 
   nonlocal_energyvar { 196.0599550637825   } 
   autocorr_energy { } 
} 

block { 
   label vmc
   totweight 92160
   nautocorr 0
   total_energy { -103.409082549804   } 
   total_energyvar { 4.214077217356531   } 
   weight { 1   } 
   weightvar { 0   } 
   kinetic_energy { 35.51202122266513   } 
   kinetic_energyvar { 106.2428757141247   } 
   potential_energy { -152.0327880414773   } 
   potential_energyvar { 176.6667521638356   } 
   nonlocal_energy { 13.11168426900825   } 
   nonlocal_energyvar { 192.8032627449169   } 
   autocorr_energy { } 
} 

block { 
   label vmc
   totweight 92160
   nautocorr 0
   total_energy { -103.4119998741946   } 
   total_energyvar { 4.221505307563921   } 
   weight { 1   } 
   weightvar { 0   } 
   kinetic_energy { 35.48181313723074   } 
   kinetic_energyvar { 105.9475443353824   } 
   potential_energy { -151.9584653836025   } 
   potential_energyvar { 176.7572510485207   } 
   nonlocal_energy { 13.06465237217716   } 
   nonlocal_energyvar { 193.7739790921904   } 
   autocorr_energy { } 
} 

block { 
   label vmc
   totweight 92160
   nautocorr 0
   total_energy { -103.4018651847586   } 
   total_energyvar { 4.145376028585407   } 
   weight { 1   } 
   weightvar { 0   } 
   kinetic_energy { 35.40484647616563   } 
   kinetic_energyvar { 108.1258060761075   } 
   potential_energy { -152.0695085772939   } 
   potential_energyvar { 176.9730590826267   } 
   nonlocal_energy { 13.26279691636964   } 
   nonlocal_energyvar { 201.4853739970988   } 
   autocorr_energy { } 
} 

block { 
   label vmc
   totweight 92160
   nautocorr 0
   total_energy { -103.4059931010102   } 
   total_energyvar { 4.276092972022524   } 
   weight { 1   } 
   weightvar { 0   } 
   kinetic_energy { 35.41993907929414   } 
   kinetic_energyvar { 105.872621143486   } 
   potential_energy { -151.895433165802   } 
   potential_energyvar { 174.9157836223854   } 
   nonlocal_energy { 13.06950098549773   } 
   nonlocal_energyvar { 192.6604709915805   } 
   autocorr_energy { } 
} 

block { 
   label vmc
   totweight 92160
   nautocorr 0
   total_energy { -103.4054938955966   } 
   total_energyvar { 4.030458809981813   } 
   weight { 1   } 
   weightvar { 0   } 
   kinetic_energy { 35.51402357357806   } 
   kinetic_energyvar { 106.0526054148704   } 
   potential_energy { -151.9525300826449   } 
   potential_energyvar { 176.4856230581859   } 
   nonlocal_energy { 13.03301261347025   } 
   nonlocal_energyvar { 193.6246401479633   } 
   autocorr_energy { } 
} 

