#-------------------------------------------------
#VMC run: timestep 0.42 nconfig 3072 steps 30
#-------------------------------------------------


init { 
   label vmc
}
block { 
   label vmc
   totweight 92160
   nautocorr 0
   total_energy { -8.006168252680936   } 
   total_energyvar { 0.08064140076923776   } 
   weight { 1   } 
   weightvar { 0   } 
   kinetic_energy { 2.644622107082191   } 
   kinetic_energyvar { 2.767349681172476   } 
   potential_energy { -11.55876764349584   } 
   potential_energyvar { 2.914504899898817   } 
   nonlocal_energy { 0.9079772837327112   } 
   nonlocal_energyvar { 4.320299679439537   } 
   autocorr_energy { } 
} 

block { 
   label vmc
   totweight 92160
   nautocorr 0
   total_energy { -8.002415803242291   } 
   total_energyvar { 0.08362359146751097   } 
   weight { 1   } 
   weightvar { 0   } 
   kinetic_energy { 2.631491979282111   } 
   kinetic_energyvar { 2.803614184363723   } 
   potential_energy { -11.5520148121523   } 
   potential_energyvar { 2.954963974000322   } 
   nonlocal_energy { 0.9181070296278919   } 
   nonlocal_energyvar { 4.418818631006775   } 
   autocorr_energy { } 
} 

block { 
   label vmc
   totweight 92160
   nautocorr 0
   total_energy { -8.002846376179777   } 
   total_energyvar { 0.07736371649076965   } 
   weight { 1   } 
   weightvar { 0   } 
   kinetic_energy { 2.635637923289369   } 
   kinetic_energyvar { 2.842653557413307   } 
   potential_energy { -11.54817168651217   } 
   potential_energyvar { 2.925093485728601   } 
   nonlocal_energy { 0.9096873870430223   } 
   nonlocal_energyvar { 4.392027305381338   } 
   autocorr_energy { } 
} 

block { 
   label vmc
   totweight 92160
   nautocorr 0
   total_energy { -8.00744106187055   } 
   total_energyvar { 0.07856071190258529   } 
   weight { 1   } 
   weightvar { 0   } 
   kinetic_energy { 2.650563099312222   } 
   kinetic_energyvar { 2.664933821665644   } 
   potential_energy { -11.56373807348695   } 
   potential_energyvar { 2.884775609654068   } 
   nonlocal_energy { 0.9057339123041762   } 
   nonlocal_energyvar { 4.155645514750673   } 
   autocorr_energy { } 
} 

block { 
   label vmc
   totweight 92160
   nautocorr 0
   total_energy { -8.005095172670837   } 
   total_energyvar { 0.07815486966331742   } 
   weight { 1   } 
   weightvar { 0   } 
   kinetic_energy { 2.634858607656356   } 
   kinetic_energyvar { 2.836152287554934   } 
   potential_energy { -11.56991743018953   } 
   potential_energyvar { 2.927373838220155   } 
   nonlocal_energy { 0.9299636498623323   } 
   nonlocal_energyvar { 4.489408334856583   } 
   autocorr_energy { } 
} 

block { 
   label vmc
   totweight 92160
   nautocorr 0
   total_energy { -8.00481846970953   } 
   total_energyvar { 0.07964629773821773   } 
   weight { 1   } 
   weightvar { 0   } 
   kinetic_energy { 2.649684886961366   } 
   kinetic_energyvar { 2.803362667638295   } 
   potential_energy { -11.55754454258361   } 
   potential_energyvar { 2.910173016013086   } 
   nonlocal_energy { 0.9030411859127156   } 
   nonlocal_energyvar { 4.313696738638494   } 
   autocorr_energy { } 
} 

block { 
   label vmc
   totweight 92160
   nautocorr 0
   total_energy { -8.002812656866562   } 
   total_energyvar { 0.07735595393545407   } 
   weight { 1   } 
   weightvar { 0   } 
   kinetic_energy { 2.631868752298604   } 
   kinetic_energyvar { 2.725455003750319   } 
   potential_energy { -11.54763995341902   } 
   potential_energyvar { 2.924376630034577   } 
   nonlocal_energy { 0.9129585442538592   } 
   nonlocal_energyvar { 4.23781850339852   } 
   autocorr_energy { } 
} 

block { 
   label vmc
   totweight 92160
   nautocorr 0
   total_energy { -8.003822478470306   } 
   total_energyvar { 0.09155975702866101   } 
   weight { 1   } 
   weightvar { 0   } 
   kinetic_energy { 2.636847201200253   } 
   kinetic_energyvar { 2.8454388891221   } 
   potential_energy { -11.55699911127519   } 
   potential_energyvar { 2.933959259663152   } 
   nonlocal_energy { 0.9163294316046355   } 
   nonlocal_energyvar { 4.437973862401978   } 
   autocorr_energy { } 
} 

block { 
   label vmc
   totweight 92160
   nautocorr 0
   total_energy { -8.005177256328   } 
   total_energyvar { 0.08575477560198824   } 
   weight { 1   } 
   weightvar { 0   } 
   kinetic_energy { 2.635529312416846   } 
   kinetic_energyvar { 2.795679833609997   } 
   potential_energy { -11.55270730112002   } 
   potential_energyvar { 2.918751031483389   } 
   nonlocal_energy { 0.9120007323751782   } 
   nonlocal_energyvar { 4.346252298577474   } 
   autocorr_energy { } 
} 

block { 
   label vmc
   totweight 92160
   nautocorr 0
   total_energy { -8.004944968655527   } 
   total_energyvar { 0.08027826867722501   } 
   weight { 1   } 
   weightvar { 0   } 
   kinetic_energy { 2.622723271401338   } 
   kinetic_energyvar { 2.833258318918605   } 
   potential_energy { -11.55292287027195   } 
   potential_energyvar { 2.920689468679039   } 
   nonlocal_energy { 0.9252546302150814   } 
   nonlocal_energyvar { 4.443965356086021   } 
   autocorr_energy { } 
} 

block { 
   label vmc
   totweight 92160
   nautocorr 0
   total_energy { -8.005322923556077   } 
   total_energyvar { 0.08058781922358624   } 
   weight { 1   } 
   weightvar { 0   } 
   kinetic_energy { 2.628980633010582   } 
   kinetic_energyvar { 2.870438654888675   } 
   potential_energy { -11.55723513192301   } 
   potential_energyvar { 2.948466162062377   } 
   nonlocal_energy { 0.9229315753563543   } 
   nonlocal_energyvar { 4.507034098113571   } 
   autocorr_energy { } 
} 

block { 
   label vmc
   totweight 92160
   nautocorr 0
   total_energy { -8.002839221610373   } 
   total_energyvar { 0.0777140423331041   } 
   weight { 1   } 
   weightvar { 0   } 
   kinetic_energy { 2.631670507837705   } 
   kinetic_energyvar { 2.834052575367673   } 
   potential_energy { -11.55884297923941   } 
   potential_energyvar { 2.9193354760147   } 
   nonlocal_energy { 0.924333249791328   } 
   nonlocal_energyvar { 4.430098042720851   } 
   autocorr_energy { } 
} 

block { 
   label vmc
   totweight 92160
   nautocorr 0
   total_energy { -8.002342474577111   } 
   total_energyvar { 0.07733469081079507   } 
   weight { 1   } 
   weightvar { 0   } 
   kinetic_energy { 2.636647714996337   } 
   kinetic_energyvar { 2.888885986554469   } 
   potential_energy { -11.56562050841377   } 
   potential_energyvar { 2.927499045303568   } 
   nonlocal_energy { 0.9266303188403268   } 
   nonlocal_energyvar { 4.548968662356132   } 
   autocorr_energy { } 
} 

block { 
   label vmc
   totweight 92160
   nautocorr 0
   total_energy { -8.001971929261636   } 
   total_energyvar { 0.08725574815843393   } 
   weight { 1   } 
   weightvar { 0   } 
   kinetic_energy { 2.625626661272618   } 
   kinetic_energyvar { 2.890969292963368   } 
   potential_energy { -11.55836301791524   } 
   potential_energyvar { 3.0385226498312   } 
   nonlocal_energy { 0.9307644273809931   } 
   nonlocal_energyvar { 4.510055646236415   } 
   autocorr_energy { } 
} 

block { 
   label vmc
   totweight 92160
   nautocorr 0
   total_energy { -8.003595390485843   } 
   total_energyvar { 0.08309928763866722   } 
   weight { 1   } 
   weightvar { 0   } 
   kinetic_energy { 2.632454883946953   } 
   kinetic_energyvar { 2.782876842227823   } 
   potential_energy { -11.55217276475122   } 
   potential_energyvar { 2.903514300084262   } 
   nonlocal_energy { 0.9161224903184177   } 
   nonlocal_energyvar { 4.344971978292148   } 
   autocorr_energy { } 
} 

block { 
   label vmc
   totweight 92160
   nautocorr 0
   total_energy { -8.005211707225373   } 
   total_energyvar { 0.08648390087013791   } 
   weight { 1   } 
   weightvar { 0   } 
   kinetic_energy { 2.63057459279351   } 
   kinetic_energyvar { 2.886213921323736   } 
   potential_energy { -11.55178800940705   } 
   potential_energyvar { 2.976499771161346   } 
   nonlocal_energy { 0.9160017093881679   } 
   nonlocal_energyvar { 4.480847297180826   } 
   autocorr_energy { } 
} 

block { 
   label vmc
   totweight 92160
   nautocorr 0
   total_energy { -8.003152952299953   } 
   total_energyvar { 0.08293938359159123   } 
   weight { 1   } 
   weightvar { 0   } 
   kinetic_energy { 2.640328384389006   } 
   kinetic_energyvar { 2.817358941272357   } 
   potential_energy { -11.55866954608552   } 
   potential_energyvar { 2.945206603399409   } 
   nonlocal_energy { 0.9151882093965626   } 
   nonlocal_energyvar { 4.36993045480065   } 
   autocorr_energy { } 
} 

block { 
   label vmc
   totweight 92160
   nautocorr 0
   total_energy { -8.00201191327784   } 
   total_energyvar { 0.09355024228448654   } 
   weight { 1   } 
   weightvar { 0   } 
   kinetic_energy { 2.635020604227473   } 
   kinetic_energyvar { 2.814593030489875   } 
   potential_energy { -11.55997509190258   } 
   potential_energyvar { 2.929928796420078   } 
   nonlocal_energy { 0.9229425743972665   } 
   nonlocal_energyvar { 4.468751198451875   } 
   autocorr_energy { } 
} 

block { 
   label vmc
   totweight 92160
   nautocorr 0
   total_energy { -8.004509505480286   } 
   total_energyvar { 0.0771589673370542   } 
   weight { 1   } 
   weightvar { 0   } 
   kinetic_energy { 2.641077952903083   } 
   kinetic_energyvar { 2.826540124981951   } 
   potential_energy { -11.55853709808967   } 
   potential_energyvar { 2.914056738469283   } 
   nonlocal_energy { 0.9129496397063043   } 
   nonlocal_energyvar { 4.383495664203441   } 
   autocorr_energy { } 
} 

block { 
   label vmc
   totweight 92160
   nautocorr 0
   total_energy { -8.003325201843063   } 
   total_energyvar { 0.08138541095816107   } 
   weight { 1   } 
   weightvar { 0   } 
   kinetic_energy { 2.639491034572181   } 
   kinetic_energyvar { 2.916965027211827   } 
   potential_energy { -11.57239277027816   } 
   potential_energyvar { 2.958371439740729   } 
   nonlocal_energy { 0.9295765338629169   } 
   nonlocal_energyvar { 4.589712159155899   } 
   autocorr_energy { } 
} 

block { 
   label vmc
   totweight 92160
   nautocorr 0
   total_energy { -8.003756413124842   } 
   total_energyvar { 0.08673628220440296   } 
   weight { 1   } 
   weightvar { 0   } 
   kinetic_energy { 2.632921100485034   } 
   kinetic_energyvar { 2.85222453531112   } 
   potential_energy { -11.54992305387189   } 
   potential_energyvar { 2.934381197731434   } 
   nonlocal_energy { 0.9132455402620158   } 
   nonlocal_energyvar { 4.453694805771597   } 
   autocorr_energy { } 
} 

block { 
   label vmc
   totweight 92160
   nautocorr 0
   total_energy { -8.002443708130206   } 
   total_energyvar { 0.09664109004508423   } 
   weight { 1   } 
   weightvar { 0   } 
   kinetic_energy { 2.622352358494933   } 
   kinetic_energyvar { 2.791517468269454   } 
   potential_energy { -11.54212921902198   } 
   potential_energyvar { 2.933918908989591   } 
   nonlocal_energy { 0.9173331523968358   } 
   nonlocal_energyvar { 4.369219930652957   } 
   autocorr_energy { } 
} 

block { 
   label vmc
   totweight 92160
   nautocorr 0
   total_energy { -8.001976018769893   } 
   total_energyvar { 0.09212622698401352   } 
   weight { 1   } 
   weightvar { 0   } 
   kinetic_energy { 2.628250907288284   } 
   kinetic_energyvar { 2.798672141878837   } 
   potential_energy { -11.5503350958329   } 
   potential_energyvar { 2.959635699577893   } 
   nonlocal_energy { 0.9201081697747261   } 
   nonlocal_energyvar { 4.447364956993929   } 
   autocorr_energy { } 
} 

block { 
   label vmc
   totweight 92160
   nautocorr 0
   total_energy { -8.002802925158914   } 
   total_energyvar { 0.155304637816256   } 
   weight { 1   } 
   weightvar { 0   } 
   kinetic_energy { 2.643731336456429   } 
   kinetic_energyvar { 2.957642069876465   } 
   potential_energy { -11.57070571008171   } 
   potential_energyvar { 2.942858851894997   } 
   nonlocal_energy { 0.9241714484663663   } 
   nonlocal_energyvar { 4.43926029328351   } 
   autocorr_energy { } 
} 

block { 
   label vmc
   totweight 92160
   nautocorr 0
   total_energy { -8.004061640042167   } 
   total_energyvar { 0.07660654057304744   } 
   weight { 1   } 
   weightvar { 0   } 
   kinetic_energy { 2.645701508912616   } 
   kinetic_energyvar { 2.75588697728696   } 
   potential_energy { -11.5644851511403   } 
   potential_energyvar { 2.924820997178524   } 
   nonlocal_energy { 0.9147220021855144   } 
   nonlocal_energyvar { 4.320772461298595   } 
   autocorr_energy { } 
} 

block { 
   label vmc
   totweight 92160
   nautocorr 0
   total_energy { -8.003833797497608   } 
   total_energyvar { 0.07988732195008466   } 
   weight { 1   } 
   weightvar { 0   } 
   kinetic_energy { 2.632159588730479   } 
   kinetic_energyvar { 2.80209554439938   } 
   potential_energy { -11.54665476857299   } 
   potential_energyvar { 2.90733508015976   } 
   nonlocal_energy { 0.9106613823449063   } 
   nonlocal_energyvar { 4.426064801908366   } 
   autocorr_energy { } 
} 

block { 
   label vmc
   totweight 92160
   nautocorr 0
   total_energy { -8.002367120107667   } 
   total_energyvar { 0.08245530009188107   } 
   weight { 1   } 
   weightvar { 0   } 
   kinetic_energy { 2.646952900082125   } 
   kinetic_energyvar { 2.782376062890295   } 
   potential_energy { -11.56948749377409   } 
   potential_energyvar { 2.912251271757908   } 
   nonlocal_energy { 0.9201674735842984   } 
   nonlocal_energyvar { 4.388915258099724   } 
   autocorr_energy { } 
} 

block { 
   label vmc
   totweight 92160
   nautocorr 0
   total_energy { -8.002376065933699   } 
   total_energyvar { 0.08269948379933742   } 
   weight { 1   } 
   weightvar { 0   } 
   kinetic_energy { 2.636335567614322   } 
   kinetic_energyvar { 2.809114377653755   } 
   potential_energy { -11.55030310376397   } 
   potential_energyvar { 2.896473494988169   } 
   nonlocal_energy { 0.9115914702159509   } 
   nonlocal_energyvar { 4.415545900936693   } 
   autocorr_energy { } 
} 

block { 
   label vmc
   totweight 92160
   nautocorr 0
   total_energy { -8.003238169719969   } 
   total_energyvar { 0.08335977913946804   } 
   weight { 1   } 
   weightvar { 0   } 
   kinetic_energy { 2.625728123494263   } 
   kinetic_energyvar { 2.853342829939339   } 
   potential_energy { -11.55665106184313   } 
   potential_energyvar { 2.951725202444679   } 
   nonlocal_energy { 0.9276847686289039   } 
   nonlocal_energyvar { 4.516701618690662   } 
   autocorr_energy { } 
} 

block { 
   label vmc
   totweight 92160
   nautocorr 0
   total_energy { -8.003048582961888   } 
   total_energyvar { 0.07662012306985361   } 
   weight { 1   } 
   weightvar { 0   } 
   kinetic_energy { 2.634266391466228   } 
   kinetic_energyvar { 2.846255686813056   } 
   potential_energy { -11.56591974397803   } 
   potential_energyvar { 2.924929751938478   } 
   nonlocal_energy { 0.9286047695499093   } 
   nonlocal_energyvar { 4.488367988240495   } 
   autocorr_energy { } 
} 

